[0.032s] Invoking command in '/home/williamfbx/Lunar-ROADSTER/lr_ws/build/planning': CMAKE_PREFIX_PATH=/home/williamfbx/Lunar-ROADSTER/lr_ws/install/mapping:/home/williamfbx/Lunar-ROADSTER/lr_ws/install/cg_msgs:/home/williamfbx/Lunar-ROADSTER/lr_ws/install/vectornav:/home/williamfbx/Lunar-ROADSTER/lr_ws/install/vectornav_msgs:/home/williamfbx/Lunar-ROADSTER/lr_ws/install/teleop:/home/williamfbx/Lunar-ROADSTER/lr_ws/install/sensing:/home/williamfbx/Lunar-ROADSTER/lr_ws/install/realsense2_description:/home/williamfbx/Lunar-ROADSTER/lr_ws/install/realsense2_camera:/home/williamfbx/Lunar-ROADSTER/lr_ws/install/realsense2_camera_msgs:/home/williamfbx/Lunar-ROADSTER/lr_ws/install/realsense:/home/williamfbx/Lunar-ROADSTER/lr_ws/install/planning:/home/williamfbx/Lunar-ROADSTER/lr_ws/install/motion_control:/home/williamfbx/Lunar-ROADSTER/lr_ws/install/localization:/home/williamfbx/Lunar-ROADSTER/lr_ws/install/imu:/home/williamfbx/Lunar-ROADSTER/lr_ws/install/arduino:/opt/ros/humble LD_LIBRARY_PATH=/home/williamfbx/Lunar-ROADSTER/lr_ws/install/cg_msgs/lib:/home/williamfbx/Lunar-ROADSTER/lr_ws/install/vectornav/lib:/home/williamfbx/Lunar-ROADSTER/lr_ws/install/vectornav_msgs/lib:/home/williamfbx/Lunar-ROADSTER/lr_ws/install/realsense2_camera/lib:/home/williamfbx/Lunar-ROADSTER/lr_ws/install/realsense2_camera_msgs/lib:/usr/lib/x86_64-linux-gnu/gazebo-11/plugins:/opt/ros/humble/opt/rviz_ogre_vendor/lib:/opt/ros/humble/lib/x86_64-linux-gnu:/opt/ros/humble/lib /usr/bin/cmake --build /home/williamfbx/Lunar-ROADSTER/lr_ws/build/planning -- -j12 -l12
[0.111s] [35m[1mConsolidate compiler generated dependencies of target behavior_executive_node[0m
[0.159s] [  6%] [32mBuilding CXX object CMakeFiles/behavior_executive_node.dir/src/behavior_executive_main.cpp.o[0m
[0.161s] [ 12%] [32mBuilding CXX object CMakeFiles/behavior_executive_node.dir/src/planning_util.cpp.o[0m
[0.163s] [ 18%] [32mBuilding CXX object CMakeFiles/behavior_executive_node.dir/src/behavior_executive_node.cpp.o[0m
[3.737s] In file included from [01m[K/home/williamfbx/Lunar-ROADSTER/lr_ws/src/planning/include/planning/behavior_executive_node.hpp:5[m[K,
[3.738s]                  from [01m[K/home/williamfbx/Lunar-ROADSTER/lr_ws/src/planning/src/behavior_executive_main.cpp:2[m[K:
[3.738s] [01m[K/home/williamfbx/Lunar-ROADSTER/lr_ws/src/planning/include/planning/planning_util.hpp:34:6:[m[K [01;31m[Kerror: [m[K‘[01m[KWorldModel[m[K’ has not been declared
[3.738s]    34 | void [01;31m[KWorldModel[m[K::fuseMap(const sensor_msgs::msg::PointCloud2::SharedPtr msg, size_t height, size_t width, float resolution);
[3.738s]       |      [01;31m[K^~~~~~~~~~[m[K
[3.777s] In file included from [01m[K/home/williamfbx/Lunar-ROADSTER/lr_ws/src/planning/src/planning_util.cpp:1[m[K:
[3.777s] [01m[K/home/williamfbx/Lunar-ROADSTER/lr_ws/src/planning/include/planning/planning_util.hpp:34:6:[m[K [01;31m[Kerror: [m[K‘[01m[KWorldModel[m[K’ has not been declared
[3.777s]    34 | void [01;31m[KWorldModel[m[K::fuseMap(const sensor_msgs::msg::PointCloud2::SharedPtr msg, size_t height, size_t width, float resolution);
[3.777s]       |      [01;31m[K^~~~~~~~~~[m[K
[3.777s] In file included from [01m[K/home/williamfbx/Lunar-ROADSTER/lr_ws/src/planning/include/planning/behavior_executive_node.hpp:5[m[K,
[3.777s]                  from [01m[K/home/williamfbx/Lunar-ROADSTER/lr_ws/src/planning/src/behavior_executive_node.cpp:1[m[K:
[3.777s] [01m[K/home/williamfbx/Lunar-ROADSTER/lr_ws/src/planning/include/planning/planning_util.hpp:34:6:[m[K [01;31m[Kerror: [m[K‘[01m[KWorldModel[m[K’ has not been declared
[3.777s]    34 | void [01;31m[KWorldModel[m[K::fuseMap(const sensor_msgs::msg::PointCloud2::SharedPtr msg, size_t height, size_t width, float resolution);
[3.777s]       |      [01;31m[K^~~~~~~~~~[m[K
[3.782s] In file included from [01m[K/opt/ros/humble/include/rclcpp/rclcpp/client.hpp:40[m[K,
[3.782s]                  from [01m[K/opt/ros/humble/include/rclcpp/rclcpp/callback_group.hpp:24[m[K,
[3.782s]                  from [01m[K/opt/ros/humble/include/rclcpp/rclcpp/any_executable.hpp:20[m[K,
[3.782s]                  from [01m[K/opt/ros/humble/include/rclcpp/rclcpp/memory_strategy.hpp:25[m[K,
[3.782s]                  from [01m[K/opt/ros/humble/include/rclcpp/rclcpp/memory_strategies.hpp:18[m[K,
[3.782s]                  from [01m[K/opt/ros/humble/include/rclcpp/rclcpp/executor_options.hpp:20[m[K,
[3.782s]                  from [01m[K/opt/ros/humble/include/rclcpp/rclcpp/executor.hpp:37[m[K,
[3.782s]                  from [01m[K/opt/ros/humble/include/rclcpp/rclcpp/executors/multi_threaded_executor.hpp:25[m[K,
[3.783s]                  from [01m[K/opt/ros/humble/include/rclcpp/rclcpp/executors.hpp:21[m[K,
[3.783s]                  from [01m[K/opt/ros/humble/include/rclcpp/rclcpp/rclcpp.hpp:155[m[K,
[3.783s]                  from [01m[K/opt/ros/humble/include/pcl_conversions/pcl_conversions/pcl_conversions.h:43[m[K,
[3.783s]                  from [01m[K/home/williamfbx/Lunar-ROADSTER/lr_ws/src/planning/include/planning/planning_util.hpp:21[m[K,
[3.783s]                  from [01m[K/home/williamfbx/Lunar-ROADSTER/lr_ws/src/planning/src/planning_util.cpp:1[m[K:
[3.783s] [01m[K/home/williamfbx/Lunar-ROADSTER/lr_ws/src/planning/src/planning_util.cpp:[m[K In function ‘[01m[Kvoid cg::planning::generateElevationMapCsv(size_t, size_t, float)[m[K’:
[3.783s] [01m[K/home/williamfbx/Lunar-ROADSTER/lr_ws/src/planning/src/planning_util.cpp:58:19:[m[K [01;31m[Kerror: [m[Kinvalid use of ‘[01m[Kthis[m[K’ in non-member function
[3.783s]    58 |       RCLCPP_INFO([01;31m[Kthis[m[K->get_logger(), "Map preload successful");
[3.783s]       |                   [01;31m[K^~~~[m[K
[3.783s] [01m[K/home/williamfbx/Lunar-ROADSTER/lr_ws/src/planning/src/planning_util.cpp:58:19:[m[K [01;31m[Kerror: [m[Kinvalid use of ‘[01m[Kthis[m[K’ in non-member function
[3.783s] [01m[K/home/williamfbx/Lunar-ROADSTER/lr_ws/src/planning/src/planning_util.cpp:58:7:[m[K [01;31m[Kerror: [m[Ktemplate argument 1 is invalid
[3.783s]    58 |       [01;31m[KRCLCPP_INFO[m[K(this->get_logger(), "Map preload successful");
[3.783s]       |       [01;31m[K^~~~~~~~~~~[m[K
[3.783s] [01m[K/home/williamfbx/Lunar-ROADSTER/lr_ws/src/planning/src/planning_util.cpp:58:7:[m[K [01;31m[Kerror: [m[Ktemplate argument 1 is invalid
[3.784s]    58 |       [01;31m[KRCLCPP_INFO[m[K(this->get_logger(), "Map preload successful");
[3.784s]       |       [01;31m[K^~~~~~~~~~~[m[K
[3.784s] [01m[K/home/williamfbx/Lunar-ROADSTER/lr_ws/src/planning/src/planning_util.cpp:58:7:[m[K [01;31m[Kerror: [m[Ktemplate argument 1 is invalid
[3.784s]    58 |       [01;31m[KRCLCPP_INFO[m[K(this->get_logger(), "Map preload successful");
[3.784s]       |       [01;31m[K^~~~~~~~~~~[m[K
[3.784s] In file included from [01m[K/opt/ros/humble/include/rclcpp/rclcpp/logging.hpp:24[m[K,
[3.784s]                  from [01m[K/opt/ros/humble/include/rclcpp/rclcpp/client.hpp:40[m[K,
[3.784s]                  from [01m[K/opt/ros/humble/include/rclcpp/rclcpp/callback_group.hpp:24[m[K,
[3.784s]                  from [01m[K/opt/ros/humble/include/rclcpp/rclcpp/any_executable.hpp:20[m[K,
[3.784s]                  from [01m[K/opt/ros/humble/include/rclcpp/rclcpp/memory_strategy.hpp:25[m[K,
[3.784s]                  from [01m[K/opt/ros/humble/include/rclcpp/rclcpp/memory_strategies.hpp:18[m[K,
[3.784s]                  from [01m[K/opt/ros/humble/include/rclcpp/rclcpp/executor_options.hpp:20[m[K,
[3.784s]                  from [01m[K/opt/ros/humble/include/rclcpp/rclcpp/executor.hpp:37[m[K,
[3.784s]                  from [01m[K/opt/ros/humble/include/rclcpp/rclcpp/executors/multi_threaded_executor.hpp:25[m[K,
[3.784s]                  from [01m[K/opt/ros/humble/include/rclcpp/rclcpp/executors.hpp:21[m[K,
[3.784s]                  from [01m[K/opt/ros/humble/include/rclcpp/rclcpp/rclcpp.hpp:155[m[K,
[3.784s]                  from [01m[K/opt/ros/humble/include/pcl_conversions/pcl_conversions/pcl_conversions.h:43[m[K,
[3.784s]                  from [01m[K/home/williamfbx/Lunar-ROADSTER/lr_ws/src/planning/include/planning/planning_util.hpp:21[m[K,
[3.784s]                  from [01m[K/home/williamfbx/Lunar-ROADSTER/lr_ws/src/planning/src/planning_util.cpp:1[m[K:
[3.784s] [01m[K/home/williamfbx/Lunar-ROADSTER/lr_ws/src/planning/src/planning_util.cpp:58:19:[m[K [01;31m[Kerror: [m[Kinvalid use of ‘[01m[Kthis[m[K’ in non-member function
[3.784s]    58 |       RCLCPP_INFO([01;31m[Kthis[m[K->get_logger(), "Map preload successful");
[3.785s]       |                   [01;31m[K^~~~[m[K
[3.785s] [01m[K/home/williamfbx/Lunar-ROADSTER/lr_ws/src/planning/src/planning_util.cpp:58:19:[m[K [01;31m[Kerror: [m[Kinvalid use of ‘[01m[Kthis[m[K’ in non-member function
[3.785s]    58 |       RCLCPP_INFO([01;31m[Kthis[m[K->get_logger(), "Map preload successful");
[3.785s]       |                   [01;31m[K^~~~[m[K
[3.785s] In file included from [01m[K/opt/ros/humble/include/rclcpp/rclcpp/client.hpp:40[m[K,
[3.785s]                  from [01m[K/opt/ros/humble/include/rclcpp/rclcpp/callback_group.hpp:24[m[K,
[3.785s]                  from [01m[K/opt/ros/humble/include/rclcpp/rclcpp/any_executable.hpp:20[m[K,
[3.785s]                  from [01m[K/opt/ros/humble/include/rclcpp/rclcpp/memory_strategy.hpp:25[m[K,
[3.785s]                  from [01m[K/opt/ros/humble/include/rclcpp/rclcpp/memory_strategies.hpp:18[m[K,
[3.785s]                  from [01m[K/opt/ros/humble/include/rclcpp/rclcpp/executor_options.hpp:20[m[K,
[3.785s]                  from [01m[K/opt/ros/humble/include/rclcpp/rclcpp/executor.hpp:37[m[K,
[3.785s]                  from [01m[K/opt/ros/humble/include/rclcpp/rclcpp/executors/multi_threaded_executor.hpp:25[m[K,
[3.785s]                  from [01m[K/opt/ros/humble/include/rclcpp/rclcpp/executors.hpp:21[m[K,
[3.785s]                  from [01m[K/opt/ros/humble/include/rclcpp/rclcpp/rclcpp.hpp:155[m[K,
[3.785s]                  from [01m[K/opt/ros/humble/include/pcl_conversions/pcl_conversions/pcl_conversions.h:43[m[K,
[3.785s]                  from [01m[K/home/williamfbx/Lunar-ROADSTER/lr_ws/src/planning/include/planning/planning_util.hpp:21[m[K,
[3.785s]                  from [01m[K/home/williamfbx/Lunar-ROADSTER/lr_ws/src/planning/src/planning_util.cpp:1[m[K:
[3.785s] [01m[K/home/williamfbx/Lunar-ROADSTER/lr_ws/src/planning/src/planning_util.cpp:60:20:[m[K [01;31m[Kerror: [m[Kinvalid use of ‘[01m[Kthis[m[K’ in non-member function
[3.785s]    60 |       RCLCPP_ERROR([01;31m[Kthis[m[K->get_logger(), "Map preload failed");
[3.785s]       |                    [01;31m[K^~~~[m[K
[3.785s] [01m[K/home/williamfbx/Lunar-ROADSTER/lr_ws/src/planning/src/planning_util.cpp:60:20:[m[K [01;31m[Kerror: [m[Kinvalid use of ‘[01m[Kthis[m[K’ in non-member function
[3.785s] [01m[K/home/williamfbx/Lunar-ROADSTER/lr_ws/src/planning/src/planning_util.cpp:60:7:[m[K [01;31m[Kerror: [m[Ktemplate argument 1 is invalid
[3.785s]    60 |       [01;31m[KRCLCPP_ERROR[m[K(this->get_logger(), "Map preload failed");
[3.785s]       |       [01;31m[K^~~~~~~~~~~~[m[K
[3.786s] [01m[K/home/williamfbx/Lunar-ROADSTER/lr_ws/src/planning/src/planning_util.cpp:60:7:[m[K [01;31m[Kerror: [m[Ktemplate argument 1 is invalid
[3.786s]    60 |       [01;31m[KRCLCPP_ERROR[m[K(this->get_logger(), "Map preload failed");
[3.786s]       |       [01;31m[K^~~~~~~~~~~~[m[K
[3.786s] [01m[K/home/williamfbx/Lunar-ROADSTER/lr_ws/src/planning/src/planning_util.cpp:60:7:[m[K [01;31m[Kerror: [m[Ktemplate argument 1 is invalid
[3.786s]    60 |       [01;31m[KRCLCPP_ERROR[m[K(this->get_logger(), "Map preload failed");
[3.786s]       |       [01;31m[K^~~~~~~~~~~~[m[K
[3.786s] In file included from [01m[K/opt/ros/humble/include/rclcpp/rclcpp/logging.hpp:24[m[K,
[3.786s]                  from [01m[K/opt/ros/humble/include/rclcpp/rclcpp/client.hpp:40[m[K,
[3.786s]                  from [01m[K/opt/ros/humble/include/rclcpp/rclcpp/callback_group.hpp:24[m[K,
[3.786s]                  from [01m[K/opt/ros/humble/include/rclcpp/rclcpp/any_executable.hpp:20[m[K,
[3.786s]                  from [01m[K/opt/ros/humble/include/rclcpp/rclcpp/memory_strategy.hpp:25[m[K,
[3.786s]                  from [01m[K/opt/ros/humble/include/rclcpp/rclcpp/memory_strategies.hpp:18[m[K,
[3.786s]                  from [01m[K/opt/ros/humble/include/rclcpp/rclcpp/executor_options.hpp:20[m[K,
[3.786s]                  from [01m[K/opt/ros/humble/include/rclcpp/rclcpp/executor.hpp:37[m[K,
[3.786s]                  from [01m[K/opt/ros/humble/include/rclcpp/rclcpp/executors/multi_threaded_executor.hpp:25[m[K,
[3.786s]                  from [01m[K/opt/ros/humble/include/rclcpp/rclcpp/executors.hpp:21[m[K,
[3.786s]                  from [01m[K/opt/ros/humble/include/rclcpp/rclcpp/rclcpp.hpp:155[m[K,
[3.786s]                  from [01m[K/opt/ros/humble/include/pcl_conversions/pcl_conversions/pcl_conversions.h:43[m[K,
[3.786s]                  from [01m[K/home/williamfbx/Lunar-ROADSTER/lr_ws/src/planning/include/planning/planning_util.hpp:21[m[K,
[3.786s]                  from [01m[K/home/williamfbx/Lunar-ROADSTER/lr_ws/src/planning/src/planning_util.cpp:1[m[K:
[3.786s] [01m[K/home/williamfbx/Lunar-ROADSTER/lr_ws/src/planning/src/planning_util.cpp:60:20:[m[K [01;31m[Kerror: [m[Kinvalid use of ‘[01m[Kthis[m[K’ in non-member function
[3.786s]    60 |       RCLCPP_ERROR([01;31m[Kthis[m[K->get_logger(), "Map preload failed");
[3.787s]       |                    [01;31m[K^~~~[m[K
[3.787s] [01m[K/home/williamfbx/Lunar-ROADSTER/lr_ws/src/planning/src/planning_util.cpp:60:20:[m[K [01;31m[Kerror: [m[Kinvalid use of ‘[01m[Kthis[m[K’ in non-member function
[3.787s]    60 |       RCLCPP_ERROR([01;31m[Kthis[m[K->get_logger(), "Map preload failed");
[3.787s]       |                    [01;31m[K^~~~[m[K
[3.791s] [01m[K/home/williamfbx/Lunar-ROADSTER/lr_ws/src/planning/src/planning_util.cpp:[m[K At global scope:
[3.791s] [01m[K/home/williamfbx/Lunar-ROADSTER/lr_ws/src/planning/src/planning_util.cpp:87:6:[m[K [01;31m[Kerror: [m[K‘[01m[KWorldModel[m[K’ has not been declared
[3.791s]    87 | void [01;31m[KWorldModel[m[K::fuseMap(const sensor_msgs::msg::PointCloud2::SharedPtr msg, size_t height, size_t width, float resolution) {
[3.791s]       |      [01;31m[K^~~~~~~~~~[m[K
[4.375s] gmake[2]: *** [CMakeFiles/behavior_executive_node.dir/build.make:104: CMakeFiles/behavior_executive_node.dir/src/planning_util.cpp.o] Error 1
[4.375s] gmake[2]: *** Waiting for unfinished jobs....
[4.477s] gmake[2]: *** [CMakeFiles/behavior_executive_node.dir/build.make:76: CMakeFiles/behavior_executive_node.dir/src/behavior_executive_main.cpp.o] Error 1
[6.764s] gmake[2]: *** [CMakeFiles/behavior_executive_node.dir/build.make:90: CMakeFiles/behavior_executive_node.dir/src/behavior_executive_node.cpp.o] Error 1
[6.764s] gmake[1]: *** [CMakeFiles/Makefile2:137: CMakeFiles/behavior_executive_node.dir/all] Error 2
[6.765s] gmake: *** [Makefile:146: all] Error 2
[6.767s] Invoked command in '/home/williamfbx/Lunar-ROADSTER/lr_ws/build/planning' returned '2': CMAKE_PREFIX_PATH=/home/williamfbx/Lunar-ROADSTER/lr_ws/install/mapping:/home/williamfbx/Lunar-ROADSTER/lr_ws/install/cg_msgs:/home/williamfbx/Lunar-ROADSTER/lr_ws/install/vectornav:/home/williamfbx/Lunar-ROADSTER/lr_ws/install/vectornav_msgs:/home/williamfbx/Lunar-ROADSTER/lr_ws/install/teleop:/home/williamfbx/Lunar-ROADSTER/lr_ws/install/sensing:/home/williamfbx/Lunar-ROADSTER/lr_ws/install/realsense2_description:/home/williamfbx/Lunar-ROADSTER/lr_ws/install/realsense2_camera:/home/williamfbx/Lunar-ROADSTER/lr_ws/install/realsense2_camera_msgs:/home/williamfbx/Lunar-ROADSTER/lr_ws/install/realsense:/home/williamfbx/Lunar-ROADSTER/lr_ws/install/planning:/home/williamfbx/Lunar-ROADSTER/lr_ws/install/motion_control:/home/williamfbx/Lunar-ROADSTER/lr_ws/install/localization:/home/williamfbx/Lunar-ROADSTER/lr_ws/install/imu:/home/williamfbx/Lunar-ROADSTER/lr_ws/install/arduino:/opt/ros/humble LD_LIBRARY_PATH=/home/williamfbx/Lunar-ROADSTER/lr_ws/install/cg_msgs/lib:/home/williamfbx/Lunar-ROADSTER/lr_ws/install/vectornav/lib:/home/williamfbx/Lunar-ROADSTER/lr_ws/install/vectornav_msgs/lib:/home/williamfbx/Lunar-ROADSTER/lr_ws/install/realsense2_camera/lib:/home/williamfbx/Lunar-ROADSTER/lr_ws/install/realsense2_camera_msgs/lib:/usr/lib/x86_64-linux-gnu/gazebo-11/plugins:/opt/ros/humble/opt/rviz_ogre_vendor/lib:/opt/ros/humble/lib/x86_64-linux-gnu:/opt/ros/humble/lib /usr/bin/cmake --build /home/williamfbx/Lunar-ROADSTER/lr_ws/build/planning -- -j12 -l12
