-- Found ament_cmake: 1.3.11 (/opt/ros/humble/share/ament_cmake/cmake)
-- Found rclcpp: 16.0.11 (/opt/ros/humble/share/rclcpp/cmake)
-- Found rosidl_generator_c: 3.1.6 (/opt/ros/humble/share/rosidl_generator_c/cmake)
-- Found rosidl_adapter: 3.1.6 (/opt/ros/humble/share/rosidl_adapter/cmake)
-- Found rosidl_generator_cpp: 3.1.6 (/opt/ros/humble/share/rosidl_generator_cpp/cmake)
-- Using all available rosidl_typesupport_c: rosidl_typesupport_fastrtps_c;rosidl_typesupport_introspection_c
-- Using all available rosidl_typesupport_cpp: rosidl_typesupport_fastrtps_cpp;rosidl_typesupport_introspection_cpp
-- Found rmw_implementation_cmake: 6.1.2 (/opt/ros/humble/share/rmw_implementation_cmake/cmake)
-- Found rmw_fastrtps_cpp: 6.2.7 (/opt/ros/humble/share/rmw_fastrtps_cpp/cmake)
-- Using RMW implementation 'rmw_fastrtps_cpp' as default
-- Found cg_msgs: 0.0.0 (/home/williamfbx/Lunar-ROADSTER/lr_ws/install/cg_msgs/share/cg_msgs/cmake)
-- Found mapping: 0.0.0 (/home/williamfbx/Lunar-ROADSTER/lr_ws/install/mapping/share/mapping/cmake)
[31mCMake Error at CMakeLists.txt:18 (find_package):
  Could not find a package configuration file provided by "ortools" with any
  of the following names:

    ortoolsConfig.cmake
    ortools-config.cmake

  Add the installation prefix of "ortools" to CMAKE_PREFIX_PATH or set
  "ortools_DIR" to a directory containing one of the above files.  If
  "ortools" provides a separate development package or SDK, be sure it has
  been installed.

[0m
-- Configuring incomplete, errors occurred!
See also "/home/williamfbx/Lunar-ROADSTER/lr_ws/build/planning/CMakeFiles/CMakeOutput.log".
