[0.511s] Invoking command in '/root/Lunar_ROADSTER/lr_ws/build/dwb_msgs': CMAKE_PREFIX_PATH=/root/Lunar_ROADSTER/lr_ws/install/nav_2d_msgs:/root/Lunar_ROADSTER/lr_ws/install/vectornav:/root/Lunar_ROADSTER/lr_ws/install/vectornav_msgs:/root/Lunar_ROADSTER/lr_ws/install/teleop:/root/Lunar_ROADSTER/lr_ws/install/sensing:/root/Lunar_ROADSTER/lr_ws/install/realsense2_description:/root/Lunar_ROADSTER/lr_ws/install/realsense2_camera:/root/Lunar_ROADSTER/lr_ws/install/realsense2_camera_msgs:/root/Lunar_ROADSTER/lr_ws/install/realsense:/root/Lunar_ROADSTER/lr_ws/install/nav2_system_tests:/root/Lunar_ROADSTER/lr_ws/install/nav2_bringup:/root/Lunar_ROADSTER/lr_ws/install/navigation2:/root/Lunar_ROADSTER/lr_ws/install/nav2_smoother:/root/Lunar_ROADSTER/lr_ws/install/nav2_graceful_controller:/root/Lunar_ROADSTER/lr_ws/install/nav2_dwb_controller:/root/Lunar_ROADSTER/lr_ws/install/nav2_controller:/root/Lunar_ROADSTER/lr_ws/install/dwb_plugins:/root/Lunar_ROADSTER/lr_ws/install/dwb_critics:/root/Lunar_ROADSTER/lr_ws/install/dwb_core:/root/Lunar_ROADSTER/lr_ws/install/nav_2d_utils:/root/Lunar_ROADSTER/lr_ws/install/dwb_msgs:/root/Lunar_ROADSTER/lr_ws/install/nav2_waypoint_follower:/root/Lunar_ROADSTER/lr_ws/install/nav2_theta_star_planner:/root/Lunar_ROADSTER/lr_ws/install/nav2_smac_planner:/root/Lunar_ROADSTER/lr_ws/install/nav2_rotation_shim_controller:/root/Lunar_ROADSTER/lr_ws/install/nav2_regulated_pure_pursuit_controller:/root/Lunar_ROADSTER/lr_ws/install/nav2_planner:/root/Lunar_ROADSTER/lr_ws/install/nav2_navfn_planner:/root/Lunar_ROADSTER/lr_ws/install/nav2_mppi_controller:/root/Lunar_ROADSTER/lr_ws/install/nav2_constrained_smoother:/root/Lunar_ROADSTER/lr_ws/install/nav2_bt_navigator:/root/Lunar_ROADSTER/lr_ws/install/nav2_behaviors:/root/Lunar_ROADSTER/lr_ws/install/nav2_core:/root/Lunar_ROADSTER/lr_ws/install/nav2_collision_monitor:/root/Lunar_ROADSTER/lr_ws/install/costmap_queue:/root/Lunar_ROADSTER/lr_ws/install/nav2_costmap_2d:/root/Lunar_ROADSTER/lr_ws/install/nav2_voxel_grid:/root/Lunar_ROADSTER/lr_ws/install/nav2_velocity_smoother:/root/Lunar_ROADSTER/lr_ws/install/nav2_rviz_plugins:/root/Lunar_ROADSTER/lr_ws/install/nav2_map_server:/root/Lunar_ROADSTER/lr_ws/install/nav2_lifecycle_manager:/root/Lunar_ROADSTER/lr_ws/install/nav2_behavior_tree:/root/Lunar_ROADSTER/lr_ws/install/nav2_amcl:/root/Lunar_ROADSTER/lr_ws/install/nav2_util:/root/Lunar_ROADSTER/lr_ws/install/nav2_msgs:/root/Lunar_ROADSTER/lr_ws/install/nav2_common:/root/Lunar_ROADSTER/lr_ws/install/motion_control:/root/Lunar_ROADSTER/lr_ws/install/mapping:/root/Lunar_ROADSTER/lr_ws/install/lx_mapping:/root/Lunar_ROADSTER/lr_ws/install/lx_library:/root/Lunar_ROADSTER/lr_ws/install/lx_msgs:/root/Lunar_ROADSTER/lr_ws/install/localization:/root/Lunar_ROADSTER/lr_ws/install/imu:/root/Lunar_ROADSTER/lr_ws/install/gazebo_msgs:/root/Lunar_ROADSTER/lr_ws/install/gazebo_dev:/root/Lunar_ROADSTER/lr_ws/install/arduino:/root/Lunar_ROADSTER/lr_ws/install/cg_msgs:/root/Lunar_ROADSTER/lr_ws/install/nav2_simple_commander:/opt/ros/humble LD_LIBRARY_PATH=/root/Lunar_ROADSTER/lr_ws/install/nav_2d_msgs/lib:/root/Lunar_ROADSTER/lr_ws/install/vectornav/lib:/root/Lunar_ROADSTER/lr_ws/install/vectornav_msgs/lib:/root/Lunar_ROADSTER/lr_ws/install/realsense2_camera/lib:/root/Lunar_ROADSTER/lr_ws/install/realsense2_camera_msgs/lib:/root/Lunar_ROADSTER/lr_ws/install/nav2_smoother/lib:/root/Lunar_ROADSTER/lr_ws/install/nav2_graceful_controller/lib:/root/Lunar_ROADSTER/lr_ws/install/nav2_controller/lib:/root/Lunar_ROADSTER/lr_ws/install/dwb_plugins/lib:/root/Lunar_ROADSTER/lr_ws/install/dwb_critics/lib:/root/Lunar_ROADSTER/lr_ws/install/dwb_core/lib:/root/Lunar_ROADSTER/lr_ws/install/nav_2d_utils/lib:/root/Lunar_ROADSTER/lr_ws/install/dwb_msgs/lib:/root/Lunar_ROADSTER/lr_ws/install/nav2_waypoint_follower/lib:/root/Lunar_ROADSTER/lr_ws/install/nav2_theta_star_planner/lib:/root/Lunar_ROADSTER/lr_ws/install/nav2_smac_planner/lib:/root/Lunar_ROADSTER/lr_ws/install/nav2_rotation_shim_controller/lib:/root/Lunar_ROADSTER/lr_ws/install/nav2_regulated_pure_pursuit_controller/lib:/root/Lunar_ROADSTER/lr_ws/install/nav2_planner/lib:/root/Lunar_ROADSTER/lr_ws/install/nav2_navfn_planner/lib:/root/Lunar_ROADSTER/lr_ws/install/nav2_mppi_controller/lib:/root/Lunar_ROADSTER/lr_ws/install/nav2_constrained_smoother/lib:/root/Lunar_ROADSTER/lr_ws/install/nav2_bt_navigator/lib:/root/Lunar_ROADSTER/lr_ws/install/nav2_behaviors/lib:/root/Lunar_ROADSTER/lr_ws/install/nav2_collision_monitor/lib:/root/Lunar_ROADSTER/lr_ws/install/costmap_queue/lib:/root/Lunar_ROADSTER/lr_ws/install/nav2_costmap_2d/lib:/root/Lunar_ROADSTER/lr_ws/install/nav2_voxel_grid/lib:/root/Lunar_ROADSTER/lr_ws/install/nav2_velocity_smoother/lib:/root/Lunar_ROADSTER/lr_ws/install/nav2_rviz_plugins/lib:/root/Lunar_ROADSTER/lr_ws/install/nav2_map_server/lib:/root/Lunar_ROADSTER/lr_ws/install/nav2_lifecycle_manager/lib:/root/Lunar_ROADSTER/lr_ws/install/nav2_behavior_tree/lib:/root/Lunar_ROADSTER/lr_ws/install/nav2_amcl/lib:/root/Lunar_ROADSTER/lr_ws/install/nav2_util/lib:/root/Lunar_ROADSTER/lr_ws/install/nav2_msgs/lib:/root/Lunar_ROADSTER/lr_ws/install/lx_library/lib:/root/Lunar_ROADSTER/lr_ws/install/lx_msgs/lib:/root/Lunar_ROADSTER/lr_ws/install/gazebo_msgs/lib:/root/Lunar_ROADSTER/lr_ws/install/cg_msgs/lib:/opt/ros/humble/opt/rviz_ogre_vendor/lib:/opt/ros/humble/lib/aarch64-linux-gnu:/opt/ros/humble/lib:/usr/local/cuda/lib64 /usr/local/bin/cmake --build /root/Lunar_ROADSTER/lr_ws/build/dwb_msgs -- -j4 -l4
[1.102s] [  1%] Built target dwb_msgs__cpp
[1.529s] [  1%] Built target ament_cmake_python_copy_dwb_msgs
[1.876s] [ 12%] Built target dwb_msgs__rosidl_typesupport_fastrtps_cpp
[2.165s] [ 24%] Built target dwb_msgs__rosidl_typesupport_introspection_cpp
[4.319s] running egg_info
[4.328s] writing dwb_msgs.egg-info/PKG-INFO
[4.332s] writing dependency_links to dwb_msgs.egg-info/dependency_links.txt
[4.338s] writing top-level names to dwb_msgs.egg-info/top_level.txt
[4.362s] reading manifest file 'dwb_msgs.egg-info/SOURCES.txt'
[4.372s] writing manifest file 'dwb_msgs.egg-info/SOURCES.txt'
[4.610s] [ 24%] Built target ament_cmake_python_build_dwb_msgs_egg
[4.789s] [ 35%] Built target dwb_msgs__rosidl_typesupport_cpp
[5.053s] [ 47%] Built target dwb_msgs__rosidl_generator_c
[5.377s] [ 58%] Built target dwb_msgs__rosidl_typesupport_fastrtps_c
[5.722s] [ 70%] Built target dwb_msgs__rosidl_typesupport_c
[6.082s] [ 82%] Built target dwb_msgs__rosidl_typesupport_introspection_c
[6.409s] [ 82%] Built target dwb_msgs
[6.647s] [ 83%] Built target dwb_msgs__py
[6.967s] [ 93%] Built target dwb_msgs__rosidl_generator_py
[7.427s] [ 95%] Built target dwb_msgs__rosidl_typesupport_fastrtps_c__pyext
[8.121s] [ 97%] Built target dwb_msgs__rosidl_typesupport_c__pyext
[8.306s] [100%] Built target dwb_msgs__rosidl_typesupport_introspection_c__pyext
[8.793s] Invoked command in '/root/Lunar_ROADSTER/lr_ws/build/dwb_msgs' returned '0': CMAKE_PREFIX_PATH=/root/Lunar_ROADSTER/lr_ws/install/nav_2d_msgs:/root/Lunar_ROADSTER/lr_ws/install/vectornav:/root/Lunar_ROADSTER/lr_ws/install/vectornav_msgs:/root/Lunar_ROADSTER/lr_ws/install/teleop:/root/Lunar_ROADSTER/lr_ws/install/sensing:/root/Lunar_ROADSTER/lr_ws/install/realsense2_description:/root/Lunar_ROADSTER/lr_ws/install/realsense2_camera:/root/Lunar_ROADSTER/lr_ws/install/realsense2_camera_msgs:/root/Lunar_ROADSTER/lr_ws/install/realsense:/root/Lunar_ROADSTER/lr_ws/install/nav2_system_tests:/root/Lunar_ROADSTER/lr_ws/install/nav2_bringup:/root/Lunar_ROADSTER/lr_ws/install/navigation2:/root/Lunar_ROADSTER/lr_ws/install/nav2_smoother:/root/Lunar_ROADSTER/lr_ws/install/nav2_graceful_controller:/root/Lunar_ROADSTER/lr_ws/install/nav2_dwb_controller:/root/Lunar_ROADSTER/lr_ws/install/nav2_controller:/root/Lunar_ROADSTER/lr_ws/install/dwb_plugins:/root/Lunar_ROADSTER/lr_ws/install/dwb_critics:/root/Lunar_ROADSTER/lr_ws/install/dwb_core:/root/Lunar_ROADSTER/lr_ws/install/nav_2d_utils:/root/Lunar_ROADSTER/lr_ws/install/dwb_msgs:/root/Lunar_ROADSTER/lr_ws/install/nav2_waypoint_follower:/root/Lunar_ROADSTER/lr_ws/install/nav2_theta_star_planner:/root/Lunar_ROADSTER/lr_ws/install/nav2_smac_planner:/root/Lunar_ROADSTER/lr_ws/install/nav2_rotation_shim_controller:/root/Lunar_ROADSTER/lr_ws/install/nav2_regulated_pure_pursuit_controller:/root/Lunar_ROADSTER/lr_ws/install/nav2_planner:/root/Lunar_ROADSTER/lr_ws/install/nav2_navfn_planner:/root/Lunar_ROADSTER/lr_ws/install/nav2_mppi_controller:/root/Lunar_ROADSTER/lr_ws/install/nav2_constrained_smoother:/root/Lunar_ROADSTER/lr_ws/install/nav2_bt_navigator:/root/Lunar_ROADSTER/lr_ws/install/nav2_behaviors:/root/Lunar_ROADSTER/lr_ws/install/nav2_core:/root/Lunar_ROADSTER/lr_ws/install/nav2_collision_monitor:/root/Lunar_ROADSTER/lr_ws/install/costmap_queue:/root/Lunar_ROADSTER/lr_ws/install/nav2_costmap_2d:/root/Lunar_ROADSTER/lr_ws/install/nav2_voxel_grid:/root/Lunar_ROADSTER/lr_ws/install/nav2_velocity_smoother:/root/Lunar_ROADSTER/lr_ws/install/nav2_rviz_plugins:/root/Lunar_ROADSTER/lr_ws/install/nav2_map_server:/root/Lunar_ROADSTER/lr_ws/install/nav2_lifecycle_manager:/root/Lunar_ROADSTER/lr_ws/install/nav2_behavior_tree:/root/Lunar_ROADSTER/lr_ws/install/nav2_amcl:/root/Lunar_ROADSTER/lr_ws/install/nav2_util:/root/Lunar_ROADSTER/lr_ws/install/nav2_msgs:/root/Lunar_ROADSTER/lr_ws/install/nav2_common:/root/Lunar_ROADSTER/lr_ws/install/motion_control:/root/Lunar_ROADSTER/lr_ws/install/mapping:/root/Lunar_ROADSTER/lr_ws/install/lx_mapping:/root/Lunar_ROADSTER/lr_ws/install/lx_library:/root/Lunar_ROADSTER/lr_ws/install/lx_msgs:/root/Lunar_ROADSTER/lr_ws/install/localization:/root/Lunar_ROADSTER/lr_ws/install/imu:/root/Lunar_ROADSTER/lr_ws/install/gazebo_msgs:/root/Lunar_ROADSTER/lr_ws/install/gazebo_dev:/root/Lunar_ROADSTER/lr_ws/install/arduino:/root/Lunar_ROADSTER/lr_ws/install/cg_msgs:/root/Lunar_ROADSTER/lr_ws/install/nav2_simple_commander:/opt/ros/humble LD_LIBRARY_PATH=/root/Lunar_ROADSTER/lr_ws/install/nav_2d_msgs/lib:/root/Lunar_ROADSTER/lr_ws/install/vectornav/lib:/root/Lunar_ROADSTER/lr_ws/install/vectornav_msgs/lib:/root/Lunar_ROADSTER/lr_ws/install/realsense2_camera/lib:/root/Lunar_ROADSTER/lr_ws/install/realsense2_camera_msgs/lib:/root/Lunar_ROADSTER/lr_ws/install/nav2_smoother/lib:/root/Lunar_ROADSTER/lr_ws/install/nav2_graceful_controller/lib:/root/Lunar_ROADSTER/lr_ws/install/nav2_controller/lib:/root/Lunar_ROADSTER/lr_ws/install/dwb_plugins/lib:/root/Lunar_ROADSTER/lr_ws/install/dwb_critics/lib:/root/Lunar_ROADSTER/lr_ws/install/dwb_core/lib:/root/Lunar_ROADSTER/lr_ws/install/nav_2d_utils/lib:/root/Lunar_ROADSTER/lr_ws/install/dwb_msgs/lib:/root/Lunar_ROADSTER/lr_ws/install/nav2_waypoint_follower/lib:/root/Lunar_ROADSTER/lr_ws/install/nav2_theta_star_planner/lib:/root/Lunar_ROADSTER/lr_ws/install/nav2_smac_planner/lib:/root/Lunar_ROADSTER/lr_ws/install/nav2_rotation_shim_controller/lib:/root/Lunar_ROADSTER/lr_ws/install/nav2_regulated_pure_pursuit_controller/lib:/root/Lunar_ROADSTER/lr_ws/install/nav2_planner/lib:/root/Lunar_ROADSTER/lr_ws/install/nav2_navfn_planner/lib:/root/Lunar_ROADSTER/lr_ws/install/nav2_mppi_controller/lib:/root/Lunar_ROADSTER/lr_ws/install/nav2_constrained_smoother/lib:/root/Lunar_ROADSTER/lr_ws/install/nav2_bt_navigator/lib:/root/Lunar_ROADSTER/lr_ws/install/nav2_behaviors/lib:/root/Lunar_ROADSTER/lr_ws/install/nav2_collision_monitor/lib:/root/Lunar_ROADSTER/lr_ws/install/costmap_queue/lib:/root/Lunar_ROADSTER/lr_ws/install/nav2_costmap_2d/lib:/root/Lunar_ROADSTER/lr_ws/install/nav2_voxel_grid/lib:/root/Lunar_ROADSTER/lr_ws/install/nav2_velocity_smoother/lib:/root/Lunar_ROADSTER/lr_ws/install/nav2_rviz_plugins/lib:/root/Lunar_ROADSTER/lr_ws/install/nav2_map_server/lib:/root/Lunar_ROADSTER/lr_ws/install/nav2_lifecycle_manager/lib:/root/Lunar_ROADSTER/lr_ws/install/nav2_behavior_tree/lib:/root/Lunar_ROADSTER/lr_ws/install/nav2_amcl/lib:/root/Lunar_ROADSTER/lr_ws/install/nav2_util/lib:/root/Lunar_ROADSTER/lr_ws/install/nav2_msgs/lib:/root/Lunar_ROADSTER/lr_ws/install/lx_library/lib:/root/Lunar_ROADSTER/lr_ws/install/lx_msgs/lib:/root/Lunar_ROADSTER/lr_ws/install/gazebo_msgs/lib:/root/Lunar_ROADSTER/lr_ws/install/cg_msgs/lib:/opt/ros/humble/opt/rviz_ogre_vendor/lib:/opt/ros/humble/lib/aarch64-linux-gnu:/opt/ros/humble/lib:/usr/local/cuda/lib64 /usr/local/bin/cmake --build /root/Lunar_ROADSTER/lr_ws/build/dwb_msgs -- -j4 -l4
[8.813s] Invoking command in '/root/Lunar_ROADSTER/lr_ws/build/dwb_msgs': CMAKE_PREFIX_PATH=/root/Lunar_ROADSTER/lr_ws/install/nav_2d_msgs:/root/Lunar_ROADSTER/lr_ws/install/vectornav:/root/Lunar_ROADSTER/lr_ws/install/vectornav_msgs:/root/Lunar_ROADSTER/lr_ws/install/teleop:/root/Lunar_ROADSTER/lr_ws/install/sensing:/root/Lunar_ROADSTER/lr_ws/install/realsense2_description:/root/Lunar_ROADSTER/lr_ws/install/realsense2_camera:/root/Lunar_ROADSTER/lr_ws/install/realsense2_camera_msgs:/root/Lunar_ROADSTER/lr_ws/install/realsense:/root/Lunar_ROADSTER/lr_ws/install/nav2_system_tests:/root/Lunar_ROADSTER/lr_ws/install/nav2_bringup:/root/Lunar_ROADSTER/lr_ws/install/navigation2:/root/Lunar_ROADSTER/lr_ws/install/nav2_smoother:/root/Lunar_ROADSTER/lr_ws/install/nav2_graceful_controller:/root/Lunar_ROADSTER/lr_ws/install/nav2_dwb_controller:/root/Lunar_ROADSTER/lr_ws/install/nav2_controller:/root/Lunar_ROADSTER/lr_ws/install/dwb_plugins:/root/Lunar_ROADSTER/lr_ws/install/dwb_critics:/root/Lunar_ROADSTER/lr_ws/install/dwb_core:/root/Lunar_ROADSTER/lr_ws/install/nav_2d_utils:/root/Lunar_ROADSTER/lr_ws/install/dwb_msgs:/root/Lunar_ROADSTER/lr_ws/install/nav2_waypoint_follower:/root/Lunar_ROADSTER/lr_ws/install/nav2_theta_star_planner:/root/Lunar_ROADSTER/lr_ws/install/nav2_smac_planner:/root/Lunar_ROADSTER/lr_ws/install/nav2_rotation_shim_controller:/root/Lunar_ROADSTER/lr_ws/install/nav2_regulated_pure_pursuit_controller:/root/Lunar_ROADSTER/lr_ws/install/nav2_planner:/root/Lunar_ROADSTER/lr_ws/install/nav2_navfn_planner:/root/Lunar_ROADSTER/lr_ws/install/nav2_mppi_controller:/root/Lunar_ROADSTER/lr_ws/install/nav2_constrained_smoother:/root/Lunar_ROADSTER/lr_ws/install/nav2_bt_navigator:/root/Lunar_ROADSTER/lr_ws/install/nav2_behaviors:/root/Lunar_ROADSTER/lr_ws/install/nav2_core:/root/Lunar_ROADSTER/lr_ws/install/nav2_collision_monitor:/root/Lunar_ROADSTER/lr_ws/install/costmap_queue:/root/Lunar_ROADSTER/lr_ws/install/nav2_costmap_2d:/root/Lunar_ROADSTER/lr_ws/install/nav2_voxel_grid:/root/Lunar_ROADSTER/lr_ws/install/nav2_velocity_smoother:/root/Lunar_ROADSTER/lr_ws/install/nav2_rviz_plugins:/root/Lunar_ROADSTER/lr_ws/install/nav2_map_server:/root/Lunar_ROADSTER/lr_ws/install/nav2_lifecycle_manager:/root/Lunar_ROADSTER/lr_ws/install/nav2_behavior_tree:/root/Lunar_ROADSTER/lr_ws/install/nav2_amcl:/root/Lunar_ROADSTER/lr_ws/install/nav2_util:/root/Lunar_ROADSTER/lr_ws/install/nav2_msgs:/root/Lunar_ROADSTER/lr_ws/install/nav2_common:/root/Lunar_ROADSTER/lr_ws/install/motion_control:/root/Lunar_ROADSTER/lr_ws/install/mapping:/root/Lunar_ROADSTER/lr_ws/install/lx_mapping:/root/Lunar_ROADSTER/lr_ws/install/lx_library:/root/Lunar_ROADSTER/lr_ws/install/lx_msgs:/root/Lunar_ROADSTER/lr_ws/install/localization:/root/Lunar_ROADSTER/lr_ws/install/imu:/root/Lunar_ROADSTER/lr_ws/install/gazebo_msgs:/root/Lunar_ROADSTER/lr_ws/install/gazebo_dev:/root/Lunar_ROADSTER/lr_ws/install/arduino:/root/Lunar_ROADSTER/lr_ws/install/cg_msgs:/root/Lunar_ROADSTER/lr_ws/install/nav2_simple_commander:/opt/ros/humble LD_LIBRARY_PATH=/root/Lunar_ROADSTER/lr_ws/install/nav_2d_msgs/lib:/root/Lunar_ROADSTER/lr_ws/install/vectornav/lib:/root/Lunar_ROADSTER/lr_ws/install/vectornav_msgs/lib:/root/Lunar_ROADSTER/lr_ws/install/realsense2_camera/lib:/root/Lunar_ROADSTER/lr_ws/install/realsense2_camera_msgs/lib:/root/Lunar_ROADSTER/lr_ws/install/nav2_smoother/lib:/root/Lunar_ROADSTER/lr_ws/install/nav2_graceful_controller/lib:/root/Lunar_ROADSTER/lr_ws/install/nav2_controller/lib:/root/Lunar_ROADSTER/lr_ws/install/dwb_plugins/lib:/root/Lunar_ROADSTER/lr_ws/install/dwb_critics/lib:/root/Lunar_ROADSTER/lr_ws/install/dwb_core/lib:/root/Lunar_ROADSTER/lr_ws/install/nav_2d_utils/lib:/root/Lunar_ROADSTER/lr_ws/install/dwb_msgs/lib:/root/Lunar_ROADSTER/lr_ws/install/nav2_waypoint_follower/lib:/root/Lunar_ROADSTER/lr_ws/install/nav2_theta_star_planner/lib:/root/Lunar_ROADSTER/lr_ws/install/nav2_smac_planner/lib:/root/Lunar_ROADSTER/lr_ws/install/nav2_rotation_shim_controller/lib:/root/Lunar_ROADSTER/lr_ws/install/nav2_regulated_pure_pursuit_controller/lib:/root/Lunar_ROADSTER/lr_ws/install/nav2_planner/lib:/root/Lunar_ROADSTER/lr_ws/install/nav2_navfn_planner/lib:/root/Lunar_ROADSTER/lr_ws/install/nav2_mppi_controller/lib:/root/Lunar_ROADSTER/lr_ws/install/nav2_constrained_smoother/lib:/root/Lunar_ROADSTER/lr_ws/install/nav2_bt_navigator/lib:/root/Lunar_ROADSTER/lr_ws/install/nav2_behaviors/lib:/root/Lunar_ROADSTER/lr_ws/install/nav2_collision_monitor/lib:/root/Lunar_ROADSTER/lr_ws/install/costmap_queue/lib:/root/Lunar_ROADSTER/lr_ws/install/nav2_costmap_2d/lib:/root/Lunar_ROADSTER/lr_ws/install/nav2_voxel_grid/lib:/root/Lunar_ROADSTER/lr_ws/install/nav2_velocity_smoother/lib:/root/Lunar_ROADSTER/lr_ws/install/nav2_rviz_plugins/lib:/root/Lunar_ROADSTER/lr_ws/install/nav2_map_server/lib:/root/Lunar_ROADSTER/lr_ws/install/nav2_lifecycle_manager/lib:/root/Lunar_ROADSTER/lr_ws/install/nav2_behavior_tree/lib:/root/Lunar_ROADSTER/lr_ws/install/nav2_amcl/lib:/root/Lunar_ROADSTER/lr_ws/install/nav2_util/lib:/root/Lunar_ROADSTER/lr_ws/install/nav2_msgs/lib:/root/Lunar_ROADSTER/lr_ws/install/lx_library/lib:/root/Lunar_ROADSTER/lr_ws/install/lx_msgs/lib:/root/Lunar_ROADSTER/lr_ws/install/gazebo_msgs/lib:/root/Lunar_ROADSTER/lr_ws/install/cg_msgs/lib:/opt/ros/humble/opt/rviz_ogre_vendor/lib:/opt/ros/humble/lib/aarch64-linux-gnu:/opt/ros/humble/lib:/usr/local/cuda/lib64 /usr/local/bin/cmake --install /root/Lunar_ROADSTER/lr_ws/build/dwb_msgs
[8.889s] -- Install configuration: ""
[8.900s] -- Up-to-date: /root/Lunar_ROADSTER/lr_ws/install/dwb_msgs/share/ament_index/resource_index/rosidl_interfaces/dwb_msgs
[8.902s] -- Up-to-date: /root/Lunar_ROADSTER/lr_ws/install/dwb_msgs/include/dwb_msgs/dwb_msgs
[8.907s] -- Up-to-date: /root/Lunar_ROADSTER/lr_ws/install/dwb_msgs/include/dwb_msgs/dwb_msgs/msg
[8.914s] -- Up-to-date: /root/Lunar_ROADSTER/lr_ws/install/dwb_msgs/include/dwb_msgs/dwb_msgs/msg/critic_score.h
[8.917s] -- Up-to-date: /root/Lunar_ROADSTER/lr_ws/install/dwb_msgs/include/dwb_msgs/dwb_msgs/msg/rosidl_generator_c__visibility_control.h
[8.920s] -- Up-to-date: /root/Lunar_ROADSTER/lr_ws/install/dwb_msgs/include/dwb_msgs/dwb_msgs/msg/detail
[8.920s] -- Up-to-date: /root/Lunar_ROADSTER/lr_ws/install/dwb_msgs/include/dwb_msgs/dwb_msgs/msg/detail/critic_score__functions.c
[8.920s] -- Up-to-date: /root/Lunar_ROADSTER/lr_ws/install/dwb_msgs/include/dwb_msgs/dwb_msgs/msg/detail/critic_score__functions.h
[8.921s] -- Up-to-date: /root/Lunar_ROADSTER/lr_ws/install/dwb_msgs/include/dwb_msgs/dwb_msgs/msg/detail/critic_score__struct.h
[8.921s] -- Up-to-date: /root/Lunar_ROADSTER/lr_ws/install/dwb_msgs/include/dwb_msgs/dwb_msgs/msg/detail/critic_score__type_support.h
[8.922s] -- Up-to-date: /root/Lunar_ROADSTER/lr_ws/install/dwb_msgs/include/dwb_msgs/dwb_msgs/msg/detail/local_plan_evaluation__functions.c
[8.922s] -- Up-to-date: /root/Lunar_ROADSTER/lr_ws/install/dwb_msgs/include/dwb_msgs/dwb_msgs/msg/detail/local_plan_evaluation__functions.h
[8.927s] -- Up-to-date: /root/Lunar_ROADSTER/lr_ws/install/dwb_msgs/include/dwb_msgs/dwb_msgs/msg/detail/local_plan_evaluation__struct.h
[8.927s] -- Up-to-date: /root/Lunar_ROADSTER/lr_ws/install/dwb_msgs/include/dwb_msgs/dwb_msgs/msg/detail/local_plan_evaluation__type_support.h
[8.928s] -- Up-to-date: /root/Lunar_ROADSTER/lr_ws/install/dwb_msgs/include/dwb_msgs/dwb_msgs/msg/detail/trajectory2_d__functions.c
[8.928s] -- Up-to-date: /root/Lunar_ROADSTER/lr_ws/install/dwb_msgs/include/dwb_msgs/dwb_msgs/msg/detail/trajectory2_d__functions.h
[8.928s] -- Up-to-date: /root/Lunar_ROADSTER/lr_ws/install/dwb_msgs/include/dwb_msgs/dwb_msgs/msg/detail/trajectory2_d__struct.h
[8.928s] -- Up-to-date: /root/Lunar_ROADSTER/lr_ws/install/dwb_msgs/include/dwb_msgs/dwb_msgs/msg/detail/trajectory2_d__type_support.h
[8.929s] -- Up-to-date: /root/Lunar_ROADSTER/lr_ws/install/dwb_msgs/include/dwb_msgs/dwb_msgs/msg/detail/trajectory_score__functions.c
[8.929s] -- Up-to-date: /root/Lunar_ROADSTER/lr_ws/install/dwb_msgs/include/dwb_msgs/dwb_msgs/msg/detail/trajectory_score__functions.h
[8.929s] -- Up-to-date: /root/Lunar_ROADSTER/lr_ws/install/dwb_msgs/include/dwb_msgs/dwb_msgs/msg/detail/trajectory_score__struct.h
[8.930s] -- Up-to-date: /root/Lunar_ROADSTER/lr_ws/install/dwb_msgs/include/dwb_msgs/dwb_msgs/msg/detail/trajectory_score__type_support.h
[8.930s] -- Up-to-date: /root/Lunar_ROADSTER/lr_ws/install/dwb_msgs/include/dwb_msgs/dwb_msgs/msg/local_plan_evaluation.h
[8.930s] -- Up-to-date: /root/Lunar_ROADSTER/lr_ws/install/dwb_msgs/include/dwb_msgs/dwb_msgs/msg/trajectory2_d.h
[8.930s] -- Up-to-date: /root/Lunar_ROADSTER/lr_ws/install/dwb_msgs/include/dwb_msgs/dwb_msgs/msg/trajectory_score.h
[8.931s] -- Up-to-date: /root/Lunar_ROADSTER/lr_ws/install/dwb_msgs/include/dwb_msgs/dwb_msgs/srv
[8.931s] -- Up-to-date: /root/Lunar_ROADSTER/lr_ws/install/dwb_msgs/include/dwb_msgs/dwb_msgs/srv/debug_local_plan.h
[8.932s] -- Up-to-date: /root/Lunar_ROADSTER/lr_ws/install/dwb_msgs/include/dwb_msgs/dwb_msgs/srv/detail
[8.933s] -- Up-to-date: /root/Lunar_ROADSTER/lr_ws/install/dwb_msgs/include/dwb_msgs/dwb_msgs/srv/detail/debug_local_plan__functions.c
[8.940s] -- Up-to-date: /root/Lunar_ROADSTER/lr_ws/install/dwb_msgs/include/dwb_msgs/dwb_msgs/srv/detail/debug_local_plan__functions.h
[8.979s] -- Up-to-date: /root/Lunar_ROADSTER/lr_ws/install/dwb_msgs/include/dwb_msgs/dwb_msgs/srv/detail/debug_local_plan__struct.h
[8.980s] -- Up-to-date: /root/Lunar_ROADSTER/lr_ws/install/dwb_msgs/include/dwb_msgs/dwb_msgs/srv/detail/debug_local_plan__type_support.h
[8.981s] -- Up-to-date: /root/Lunar_ROADSTER/lr_ws/install/dwb_msgs/include/dwb_msgs/dwb_msgs/srv/detail/generate_trajectory__functions.c
[8.981s] -- Up-to-date: /root/Lunar_ROADSTER/lr_ws/install/dwb_msgs/include/dwb_msgs/dwb_msgs/srv/detail/generate_trajectory__functions.h
[8.981s] -- Up-to-date: /root/Lunar_ROADSTER/lr_ws/install/dwb_msgs/include/dwb_msgs/dwb_msgs/srv/detail/generate_trajectory__struct.h
[8.981s] -- Up-to-date: /root/Lunar_ROADSTER/lr_ws/install/dwb_msgs/include/dwb_msgs/dwb_msgs/srv/detail/generate_trajectory__type_support.h
[8.982s] -- Up-to-date: /root/Lunar_ROADSTER/lr_ws/install/dwb_msgs/include/dwb_msgs/dwb_msgs/srv/detail/generate_twists__functions.c
[8.982s] -- Up-to-date: /root/Lunar_ROADSTER/lr_ws/install/dwb_msgs/include/dwb_msgs/dwb_msgs/srv/detail/generate_twists__functions.h
[8.982s] -- Up-to-date: /root/Lunar_ROADSTER/lr_ws/install/dwb_msgs/include/dwb_msgs/dwb_msgs/srv/detail/generate_twists__struct.h
[8.982s] -- Up-to-date: /root/Lunar_ROADSTER/lr_ws/install/dwb_msgs/include/dwb_msgs/dwb_msgs/srv/detail/generate_twists__type_support.h
[8.983s] -- Up-to-date: /root/Lunar_ROADSTER/lr_ws/install/dwb_msgs/include/dwb_msgs/dwb_msgs/srv/detail/get_critic_score__functions.c
[8.983s] -- Up-to-date: /root/Lunar_ROADSTER/lr_ws/install/dwb_msgs/include/dwb_msgs/dwb_msgs/srv/detail/get_critic_score__functions.h
[8.983s] -- Up-to-date: /root/Lunar_ROADSTER/lr_ws/install/dwb_msgs/include/dwb_msgs/dwb_msgs/srv/detail/get_critic_score__struct.h
[8.983s] -- Up-to-date: /root/Lunar_ROADSTER/lr_ws/install/dwb_msgs/include/dwb_msgs/dwb_msgs/srv/detail/get_critic_score__type_support.h
[8.984s] -- Up-to-date: /root/Lunar_ROADSTER/lr_ws/install/dwb_msgs/include/dwb_msgs/dwb_msgs/srv/detail/score_trajectory__functions.c
[8.984s] -- Up-to-date: /root/Lunar_ROADSTER/lr_ws/install/dwb_msgs/include/dwb_msgs/dwb_msgs/srv/detail/score_trajectory__functions.h
[8.984s] -- Up-to-date: /root/Lunar_ROADSTER/lr_ws/install/dwb_msgs/include/dwb_msgs/dwb_msgs/srv/detail/score_trajectory__struct.h
[8.984s] -- Up-to-date: /root/Lunar_ROADSTER/lr_ws/install/dwb_msgs/include/dwb_msgs/dwb_msgs/srv/detail/score_trajectory__type_support.h
[8.985s] -- Up-to-date: /root/Lunar_ROADSTER/lr_ws/install/dwb_msgs/include/dwb_msgs/dwb_msgs/srv/generate_trajectory.h
[8.985s] -- Up-to-date: /root/Lunar_ROADSTER/lr_ws/install/dwb_msgs/include/dwb_msgs/dwb_msgs/srv/generate_twists.h
[8.985s] -- Up-to-date: /root/Lunar_ROADSTER/lr_ws/install/dwb_msgs/include/dwb_msgs/dwb_msgs/srv/get_critic_score.h
[8.985s] -- Up-to-date: /root/Lunar_ROADSTER/lr_ws/install/dwb_msgs/include/dwb_msgs/dwb_msgs/srv/score_trajectory.h
[8.985s] -- Up-to-date: /root/Lunar_ROADSTER/lr_ws/install/dwb_msgs/share/dwb_msgs/environment/library_path.sh
[8.986s] -- Up-to-date: /root/Lunar_ROADSTER/lr_ws/install/dwb_msgs/share/dwb_msgs/environment/library_path.dsv
[8.986s] -- Up-to-date: /root/Lunar_ROADSTER/lr_ws/install/dwb_msgs/lib/libdwb_msgs__rosidl_generator_c.so
[8.986s] -- Up-to-date: /root/Lunar_ROADSTER/lr_ws/install/dwb_msgs/include/dwb_msgs/dwb_msgs
[8.987s] -- Up-to-date: /root/Lunar_ROADSTER/lr_ws/install/dwb_msgs/include/dwb_msgs/dwb_msgs/msg
[8.996s] -- Up-to-date: /root/Lunar_ROADSTER/lr_ws/install/dwb_msgs/include/dwb_msgs/dwb_msgs/msg/detail
[9.011s] -- Up-to-date: /root/Lunar_ROADSTER/lr_ws/install/dwb_msgs/include/dwb_msgs/dwb_msgs/msg/detail/critic_score__rosidl_typesupport_fastrtps_c.h
[9.012s] -- Up-to-date: /root/Lunar_ROADSTER/lr_ws/install/dwb_msgs/include/dwb_msgs/dwb_msgs/msg/detail/local_plan_evaluation__rosidl_typesupport_fastrtps_c.h
[9.012s] -- Up-to-date: /root/Lunar_ROADSTER/lr_ws/install/dwb_msgs/include/dwb_msgs/dwb_msgs/msg/detail/trajectory2_d__rosidl_typesupport_fastrtps_c.h
[9.013s] -- Up-to-date: /root/Lunar_ROADSTER/lr_ws/install/dwb_msgs/include/dwb_msgs/dwb_msgs/msg/detail/trajectory_score__rosidl_typesupport_fastrtps_c.h
[9.013s] -- Up-to-date: /root/Lunar_ROADSTER/lr_ws/install/dwb_msgs/include/dwb_msgs/dwb_msgs/msg/rosidl_typesupport_fastrtps_c__visibility_control.h
[9.015s] -- Up-to-date: /root/Lunar_ROADSTER/lr_ws/install/dwb_msgs/include/dwb_msgs/dwb_msgs/srv
[9.025s] -- Up-to-date: /root/Lunar_ROADSTER/lr_ws/install/dwb_msgs/include/dwb_msgs/dwb_msgs/srv/detail
[9.034s] -- Up-to-date: /root/Lunar_ROADSTER/lr_ws/install/dwb_msgs/include/dwb_msgs/dwb_msgs/srv/detail/debug_local_plan__rosidl_typesupport_fastrtps_c.h
[9.038s] -- Up-to-date: /root/Lunar_ROADSTER/lr_ws/install/dwb_msgs/include/dwb_msgs/dwb_msgs/srv/detail/generate_trajectory__rosidl_typesupport_fastrtps_c.h
[9.039s] -- Up-to-date: /root/Lunar_ROADSTER/lr_ws/install/dwb_msgs/include/dwb_msgs/dwb_msgs/srv/detail/generate_twists__rosidl_typesupport_fastrtps_c.h
[9.041s] -- Up-to-date: /root/Lunar_ROADSTER/lr_ws/install/dwb_msgs/include/dwb_msgs/dwb_msgs/srv/detail/get_critic_score__rosidl_typesupport_fastrtps_c.h
[9.043s] -- Up-to-date: /root/Lunar_ROADSTER/lr_ws/install/dwb_msgs/include/dwb_msgs/dwb_msgs/srv/detail/score_trajectory__rosidl_typesupport_fastrtps_c.h
[9.044s] -- Up-to-date: /root/Lunar_ROADSTER/lr_ws/install/dwb_msgs/lib/libdwb_msgs__rosidl_typesupport_fastrtps_c.so
[9.044s] -- Up-to-date: /root/Lunar_ROADSTER/lr_ws/install/dwb_msgs/include/dwb_msgs/dwb_msgs
[9.044s] -- Up-to-date: /root/Lunar_ROADSTER/lr_ws/install/dwb_msgs/include/dwb_msgs/dwb_msgs/msg
[9.051s] -- Up-to-date: /root/Lunar_ROADSTER/lr_ws/install/dwb_msgs/include/dwb_msgs/dwb_msgs/msg/critic_score.hpp
[9.051s] -- Up-to-date: /root/Lunar_ROADSTER/lr_ws/install/dwb_msgs/include/dwb_msgs/dwb_msgs/msg/rosidl_generator_cpp__visibility_control.hpp
[9.053s] -- Up-to-date: /root/Lunar_ROADSTER/lr_ws/install/dwb_msgs/include/dwb_msgs/dwb_msgs/msg/detail
[9.055s] -- Up-to-date: /root/Lunar_ROADSTER/lr_ws/install/dwb_msgs/include/dwb_msgs/dwb_msgs/msg/detail/critic_score__builder.hpp
[9.066s] -- Up-to-date: /root/Lunar_ROADSTER/lr_ws/install/dwb_msgs/include/dwb_msgs/dwb_msgs/msg/detail/critic_score__struct.hpp
[9.081s] -- Up-to-date: /root/Lunar_ROADSTER/lr_ws/install/dwb_msgs/include/dwb_msgs/dwb_msgs/msg/detail/critic_score__traits.hpp
[9.081s] -- Up-to-date: /root/Lunar_ROADSTER/lr_ws/install/dwb_msgs/include/dwb_msgs/dwb_msgs/msg/detail/critic_score__type_support.hpp
[9.087s] -- Up-to-date: /root/Lunar_ROADSTER/lr_ws/install/dwb_msgs/include/dwb_msgs/dwb_msgs/msg/detail/local_plan_evaluation__builder.hpp
[9.088s] -- Up-to-date: /root/Lunar_ROADSTER/lr_ws/install/dwb_msgs/include/dwb_msgs/dwb_msgs/msg/detail/local_plan_evaluation__struct.hpp
[9.089s] -- Up-to-date: /root/Lunar_ROADSTER/lr_ws/install/dwb_msgs/include/dwb_msgs/dwb_msgs/msg/detail/local_plan_evaluation__traits.hpp
[9.089s] -- Up-to-date: /root/Lunar_ROADSTER/lr_ws/install/dwb_msgs/include/dwb_msgs/dwb_msgs/msg/detail/local_plan_evaluation__type_support.hpp
[9.099s] -- Up-to-date: /root/Lunar_ROADSTER/lr_ws/install/dwb_msgs/include/dwb_msgs/dwb_msgs/msg/detail/trajectory2_d__builder.hpp
[9.100s] -- Up-to-date: /root/Lunar_ROADSTER/lr_ws/install/dwb_msgs/include/dwb_msgs/dwb_msgs/msg/detail/trajectory2_d__struct.hpp
[9.100s] -- Up-to-date: /root/Lunar_ROADSTER/lr_ws/install/dwb_msgs/include/dwb_msgs/dwb_msgs/msg/detail/trajectory2_d__traits.hpp
[9.100s] -- Up-to-date: /root/Lunar_ROADSTER/lr_ws/install/dwb_msgs/include/dwb_msgs/dwb_msgs/msg/detail/trajectory2_d__type_support.hpp
[9.100s] -- Up-to-date: /root/Lunar_ROADSTER/lr_ws/install/dwb_msgs/include/dwb_msgs/dwb_msgs/msg/detail/trajectory_score__builder.hpp
[9.101s] -- Up-to-date: /root/Lunar_ROADSTER/lr_ws/install/dwb_msgs/include/dwb_msgs/dwb_msgs/msg/detail/trajectory_score__struct.hpp
[9.101s] -- Up-to-date: /root/Lunar_ROADSTER/lr_ws/install/dwb_msgs/include/dwb_msgs/dwb_msgs/msg/detail/trajectory_score__traits.hpp
[9.101s] -- Up-to-date: /root/Lunar_ROADSTER/lr_ws/install/dwb_msgs/include/dwb_msgs/dwb_msgs/msg/detail/trajectory_score__type_support.hpp
[9.102s] -- Up-to-date: /root/Lunar_ROADSTER/lr_ws/install/dwb_msgs/include/dwb_msgs/dwb_msgs/msg/local_plan_evaluation.hpp
[9.102s] -- Up-to-date: /root/Lunar_ROADSTER/lr_ws/install/dwb_msgs/include/dwb_msgs/dwb_msgs/msg/trajectory2_d.hpp
[9.102s] -- Up-to-date: /root/Lunar_ROADSTER/lr_ws/install/dwb_msgs/include/dwb_msgs/dwb_msgs/msg/trajectory_score.hpp
[9.102s] -- Up-to-date: /root/Lunar_ROADSTER/lr_ws/install/dwb_msgs/include/dwb_msgs/dwb_msgs/srv
[9.103s] -- Up-to-date: /root/Lunar_ROADSTER/lr_ws/install/dwb_msgs/include/dwb_msgs/dwb_msgs/srv/debug_local_plan.hpp
[9.103s] -- Up-to-date: /root/Lunar_ROADSTER/lr_ws/install/dwb_msgs/include/dwb_msgs/dwb_msgs/srv/detail
[9.103s] -- Up-to-date: /root/Lunar_ROADSTER/lr_ws/install/dwb_msgs/include/dwb_msgs/dwb_msgs/srv/detail/debug_local_plan__builder.hpp
[9.104s] -- Up-to-date: /root/Lunar_ROADSTER/lr_ws/install/dwb_msgs/include/dwb_msgs/dwb_msgs/srv/detail/debug_local_plan__struct.hpp
[9.107s] -- Up-to-date: /root/Lunar_ROADSTER/lr_ws/install/dwb_msgs/include/dwb_msgs/dwb_msgs/srv/detail/debug_local_plan__traits.hpp
[9.108s] -- Up-to-date: /root/Lunar_ROADSTER/lr_ws/install/dwb_msgs/include/dwb_msgs/dwb_msgs/srv/detail/debug_local_plan__type_support.hpp
[9.108s] -- Up-to-date: /root/Lunar_ROADSTER/lr_ws/install/dwb_msgs/include/dwb_msgs/dwb_msgs/srv/detail/generate_trajectory__builder.hpp
[9.108s] -- Up-to-date: /root/Lunar_ROADSTER/lr_ws/install/dwb_msgs/include/dwb_msgs/dwb_msgs/srv/detail/generate_trajectory__struct.hpp
[9.109s] -- Up-to-date: /root/Lunar_ROADSTER/lr_ws/install/dwb_msgs/include/dwb_msgs/dwb_msgs/srv/detail/generate_trajectory__traits.hpp
[9.109s] -- Up-to-date: /root/Lunar_ROADSTER/lr_ws/install/dwb_msgs/include/dwb_msgs/dwb_msgs/srv/detail/generate_trajectory__type_support.hpp
[9.109s] -- Up-to-date: /root/Lunar_ROADSTER/lr_ws/install/dwb_msgs/include/dwb_msgs/dwb_msgs/srv/detail/generate_twists__builder.hpp
[9.118s] -- Up-to-date: /root/Lunar_ROADSTER/lr_ws/install/dwb_msgs/include/dwb_msgs/dwb_msgs/srv/detail/generate_twists__struct.hpp
[9.119s] -- Up-to-date: /root/Lunar_ROADSTER/lr_ws/install/dwb_msgs/include/dwb_msgs/dwb_msgs/srv/detail/generate_twists__traits.hpp
[9.127s] -- Up-to-date: /root/Lunar_ROADSTER/lr_ws/install/dwb_msgs/include/dwb_msgs/dwb_msgs/srv/detail/generate_twists__type_support.hpp
[9.128s] -- Up-to-date: /root/Lunar_ROADSTER/lr_ws/install/dwb_msgs/include/dwb_msgs/dwb_msgs/srv/detail/get_critic_score__builder.hpp
[9.129s] -- Up-to-date: /root/Lunar_ROADSTER/lr_ws/install/dwb_msgs/include/dwb_msgs/dwb_msgs/srv/detail/get_critic_score__struct.hpp
[9.129s] -- Up-to-date: /root/Lunar_ROADSTER/lr_ws/install/dwb_msgs/include/dwb_msgs/dwb_msgs/srv/detail/get_critic_score__traits.hpp
[9.129s] -- Up-to-date: /root/Lunar_ROADSTER/lr_ws/install/dwb_msgs/include/dwb_msgs/dwb_msgs/srv/detail/get_critic_score__type_support.hpp
[9.130s] -- Up-to-date: /root/Lunar_ROADSTER/lr_ws/install/dwb_msgs/include/dwb_msgs/dwb_msgs/srv/detail/score_trajectory__builder.hpp
[9.130s] -- Up-to-date: /root/Lunar_ROADSTER/lr_ws/install/dwb_msgs/include/dwb_msgs/dwb_msgs/srv/detail/score_trajectory__struct.hpp
[9.130s] -- Up-to-date: /root/Lunar_ROADSTER/lr_ws/install/dwb_msgs/include/dwb_msgs/dwb_msgs/srv/detail/score_trajectory__traits.hpp
[9.131s] -- Up-to-date: /root/Lunar_ROADSTER/lr_ws/install/dwb_msgs/include/dwb_msgs/dwb_msgs/srv/detail/score_trajectory__type_support.hpp
[9.131s] -- Up-to-date: /root/Lunar_ROADSTER/lr_ws/install/dwb_msgs/include/dwb_msgs/dwb_msgs/srv/generate_trajectory.hpp
[9.131s] -- Up-to-date: /root/Lunar_ROADSTER/lr_ws/install/dwb_msgs/include/dwb_msgs/dwb_msgs/srv/generate_twists.hpp
[9.145s] -- Up-to-date: /root/Lunar_ROADSTER/lr_ws/install/dwb_msgs/include/dwb_msgs/dwb_msgs/srv/get_critic_score.hpp
[9.146s] -- Up-to-date: /root/Lunar_ROADSTER/lr_ws/install/dwb_msgs/include/dwb_msgs/dwb_msgs/srv/score_trajectory.hpp
[9.146s] -- Up-to-date: /root/Lunar_ROADSTER/lr_ws/install/dwb_msgs/include/dwb_msgs/dwb_msgs
[9.147s] -- Up-to-date: /root/Lunar_ROADSTER/lr_ws/install/dwb_msgs/include/dwb_msgs/dwb_msgs/msg
[9.147s] -- Up-to-date: /root/Lunar_ROADSTER/lr_ws/install/dwb_msgs/include/dwb_msgs/dwb_msgs/msg/detail
[9.147s] -- Up-to-date: /root/Lunar_ROADSTER/lr_ws/install/dwb_msgs/include/dwb_msgs/dwb_msgs/msg/detail/critic_score__rosidl_typesupport_fastrtps_cpp.hpp
[9.147s] -- Up-to-date: /root/Lunar_ROADSTER/lr_ws/install/dwb_msgs/include/dwb_msgs/dwb_msgs/msg/detail/dds_fastrtps
[9.148s] -- Up-to-date: /root/Lunar_ROADSTER/lr_ws/install/dwb_msgs/include/dwb_msgs/dwb_msgs/msg/detail/local_plan_evaluation__rosidl_typesupport_fastrtps_cpp.hpp
[9.148s] -- Up-to-date: /root/Lunar_ROADSTER/lr_ws/install/dwb_msgs/include/dwb_msgs/dwb_msgs/msg/detail/trajectory2_d__rosidl_typesupport_fastrtps_cpp.hpp
[9.148s] -- Up-to-date: /root/Lunar_ROADSTER/lr_ws/install/dwb_msgs/include/dwb_msgs/dwb_msgs/msg/detail/trajectory_score__rosidl_typesupport_fastrtps_cpp.hpp
[9.149s] -- Up-to-date: /root/Lunar_ROADSTER/lr_ws/install/dwb_msgs/include/dwb_msgs/dwb_msgs/msg/rosidl_typesupport_fastrtps_cpp__visibility_control.h
[9.149s] -- Up-to-date: /root/Lunar_ROADSTER/lr_ws/install/dwb_msgs/include/dwb_msgs/dwb_msgs/srv
[9.149s] -- Up-to-date: /root/Lunar_ROADSTER/lr_ws/install/dwb_msgs/include/dwb_msgs/dwb_msgs/srv/detail
[9.149s] -- Up-to-date: /root/Lunar_ROADSTER/lr_ws/install/dwb_msgs/include/dwb_msgs/dwb_msgs/srv/detail/debug_local_plan__rosidl_typesupport_fastrtps_cpp.hpp
[9.150s] -- Up-to-date: /root/Lunar_ROADSTER/lr_ws/install/dwb_msgs/include/dwb_msgs/dwb_msgs/srv/detail/dds_fastrtps
[9.150s] -- Up-to-date: /root/Lunar_ROADSTER/lr_ws/install/dwb_msgs/include/dwb_msgs/dwb_msgs/srv/detail/generate_trajectory__rosidl_typesupport_fastrtps_cpp.hpp
[9.150s] -- Up-to-date: /root/Lunar_ROADSTER/lr_ws/install/dwb_msgs/include/dwb_msgs/dwb_msgs/srv/detail/generate_twists__rosidl_typesupport_fastrtps_cpp.hpp
[9.150s] -- Up-to-date: /root/Lunar_ROADSTER/lr_ws/install/dwb_msgs/include/dwb_msgs/dwb_msgs/srv/detail/get_critic_score__rosidl_typesupport_fastrtps_cpp.hpp
[9.151s] -- Up-to-date: /root/Lunar_ROADSTER/lr_ws/install/dwb_msgs/include/dwb_msgs/dwb_msgs/srv/detail/score_trajectory__rosidl_typesupport_fastrtps_cpp.hpp
[9.152s] -- Up-to-date: /root/Lunar_ROADSTER/lr_ws/install/dwb_msgs/lib/libdwb_msgs__rosidl_typesupport_fastrtps_cpp.so
[9.152s] -- Up-to-date: /root/Lunar_ROADSTER/lr_ws/install/dwb_msgs/include/dwb_msgs/dwb_msgs
[9.153s] -- Up-to-date: /root/Lunar_ROADSTER/lr_ws/install/dwb_msgs/include/dwb_msgs/dwb_msgs/msg
[9.153s] -- Up-to-date: /root/Lunar_ROADSTER/lr_ws/install/dwb_msgs/include/dwb_msgs/dwb_msgs/msg/detail
[9.153s] -- Up-to-date: /root/Lunar_ROADSTER/lr_ws/install/dwb_msgs/include/dwb_msgs/dwb_msgs/msg/detail/critic_score__rosidl_typesupport_introspection_c.h
[9.153s] -- Up-to-date: /root/Lunar_ROADSTER/lr_ws/install/dwb_msgs/include/dwb_msgs/dwb_msgs/msg/detail/critic_score__type_support.c
[9.154s] -- Up-to-date: /root/Lunar_ROADSTER/lr_ws/install/dwb_msgs/include/dwb_msgs/dwb_msgs/msg/detail/local_plan_evaluation__rosidl_typesupport_introspection_c.h
[9.154s] -- Up-to-date: /root/Lunar_ROADSTER/lr_ws/install/dwb_msgs/include/dwb_msgs/dwb_msgs/msg/detail/local_plan_evaluation__type_support.c
[9.154s] -- Up-to-date: /root/Lunar_ROADSTER/lr_ws/install/dwb_msgs/include/dwb_msgs/dwb_msgs/msg/detail/trajectory2_d__rosidl_typesupport_introspection_c.h
[9.154s] -- Up-to-date: /root/Lunar_ROADSTER/lr_ws/install/dwb_msgs/include/dwb_msgs/dwb_msgs/msg/detail/trajectory2_d__type_support.c
[9.155s] -- Up-to-date: /root/Lunar_ROADSTER/lr_ws/install/dwb_msgs/include/dwb_msgs/dwb_msgs/msg/detail/trajectory_score__rosidl_typesupport_introspection_c.h
[9.155s] -- Up-to-date: /root/Lunar_ROADSTER/lr_ws/install/dwb_msgs/include/dwb_msgs/dwb_msgs/msg/detail/trajectory_score__type_support.c
[9.155s] -- Up-to-date: /root/Lunar_ROADSTER/lr_ws/install/dwb_msgs/include/dwb_msgs/dwb_msgs/msg/rosidl_typesupport_introspection_c__visibility_control.h
[9.156s] -- Up-to-date: /root/Lunar_ROADSTER/lr_ws/install/dwb_msgs/include/dwb_msgs/dwb_msgs/srv
[9.156s] -- Up-to-date: /root/Lunar_ROADSTER/lr_ws/install/dwb_msgs/include/dwb_msgs/dwb_msgs/srv/detail
[9.156s] -- Up-to-date: /root/Lunar_ROADSTER/lr_ws/install/dwb_msgs/include/dwb_msgs/dwb_msgs/srv/detail/debug_local_plan__rosidl_typesupport_introspection_c.h
[9.156s] -- Up-to-date: /root/Lunar_ROADSTER/lr_ws/install/dwb_msgs/include/dwb_msgs/dwb_msgs/srv/detail/debug_local_plan__type_support.c
[9.157s] -- Up-to-date: /root/Lunar_ROADSTER/lr_ws/install/dwb_msgs/include/dwb_msgs/dwb_msgs/srv/detail/generate_trajectory__rosidl_typesupport_introspection_c.h
[9.157s] -- Up-to-date: /root/Lunar_ROADSTER/lr_ws/install/dwb_msgs/include/dwb_msgs/dwb_msgs/srv/detail/generate_trajectory__type_support.c
[9.157s] -- Up-to-date: /root/Lunar_ROADSTER/lr_ws/install/dwb_msgs/include/dwb_msgs/dwb_msgs/srv/detail/generate_twists__rosidl_typesupport_introspection_c.h
[9.157s] -- Up-to-date: /root/Lunar_ROADSTER/lr_ws/install/dwb_msgs/include/dwb_msgs/dwb_msgs/srv/detail/generate_twists__type_support.c
[9.158s] -- Up-to-date: /root/Lunar_ROADSTER/lr_ws/install/dwb_msgs/include/dwb_msgs/dwb_msgs/srv/detail/get_critic_score__rosidl_typesupport_introspection_c.h
[9.158s] -- Up-to-date: /root/Lunar_ROADSTER/lr_ws/install/dwb_msgs/include/dwb_msgs/dwb_msgs/srv/detail/get_critic_score__type_support.c
[9.158s] -- Up-to-date: /root/Lunar_ROADSTER/lr_ws/install/dwb_msgs/include/dwb_msgs/dwb_msgs/srv/detail/score_trajectory__rosidl_typesupport_introspection_c.h
[9.158s] -- Up-to-date: /root/Lunar_ROADSTER/lr_ws/install/dwb_msgs/include/dwb_msgs/dwb_msgs/srv/detail/score_trajectory__type_support.c
[9.159s] -- Up-to-date: /root/Lunar_ROADSTER/lr_ws/install/dwb_msgs/lib/libdwb_msgs__rosidl_typesupport_introspection_c.so
[9.159s] -- Up-to-date: /root/Lunar_ROADSTER/lr_ws/install/dwb_msgs/lib/libdwb_msgs__rosidl_typesupport_c.so
[9.159s] -- Up-to-date: /root/Lunar_ROADSTER/lr_ws/install/dwb_msgs/include/dwb_msgs/dwb_msgs
[9.159s] -- Up-to-date: /root/Lunar_ROADSTER/lr_ws/install/dwb_msgs/include/dwb_msgs/dwb_msgs/msg
[9.160s] -- Up-to-date: /root/Lunar_ROADSTER/lr_ws/install/dwb_msgs/include/dwb_msgs/dwb_msgs/msg/detail
[9.160s] -- Up-to-date: /root/Lunar_ROADSTER/lr_ws/install/dwb_msgs/include/dwb_msgs/dwb_msgs/msg/detail/critic_score__rosidl_typesupport_introspection_cpp.hpp
[9.177s] -- Up-to-date: /root/Lunar_ROADSTER/lr_ws/install/dwb_msgs/include/dwb_msgs/dwb_msgs/msg/detail/critic_score__type_support.cpp
[9.178s] -- Up-to-date: /root/Lunar_ROADSTER/lr_ws/install/dwb_msgs/include/dwb_msgs/dwb_msgs/msg/detail/local_plan_evaluation__rosidl_typesupport_introspection_cpp.hpp
[9.178s] -- Up-to-date: /root/Lunar_ROADSTER/lr_ws/install/dwb_msgs/include/dwb_msgs/dwb_msgs/msg/detail/local_plan_evaluation__type_support.cpp
[9.178s] -- Up-to-date: /root/Lunar_ROADSTER/lr_ws/install/dwb_msgs/include/dwb_msgs/dwb_msgs/msg/detail/trajectory2_d__rosidl_typesupport_introspection_cpp.hpp
[9.179s] -- Up-to-date: /root/Lunar_ROADSTER/lr_ws/install/dwb_msgs/include/dwb_msgs/dwb_msgs/msg/detail/trajectory2_d__type_support.cpp
[9.179s] -- Up-to-date: /root/Lunar_ROADSTER/lr_ws/install/dwb_msgs/include/dwb_msgs/dwb_msgs/msg/detail/trajectory_score__rosidl_typesupport_introspection_cpp.hpp
[9.186s] -- Up-to-date: /root/Lunar_ROADSTER/lr_ws/install/dwb_msgs/include/dwb_msgs/dwb_msgs/msg/detail/trajectory_score__type_support.cpp
[9.187s] -- Up-to-date: /root/Lunar_ROADSTER/lr_ws/install/dwb_msgs/include/dwb_msgs/dwb_msgs/srv
[9.188s] -- Up-to-date: /root/Lunar_ROADSTER/lr_ws/install/dwb_msgs/include/dwb_msgs/dwb_msgs/srv/detail
[9.188s] -- Up-to-date: /root/Lunar_ROADSTER/lr_ws/install/dwb_msgs/include/dwb_msgs/dwb_msgs/srv/detail/debug_local_plan__rosidl_typesupport_introspection_cpp.hpp
[9.189s] -- Up-to-date: /root/Lunar_ROADSTER/lr_ws/install/dwb_msgs/include/dwb_msgs/dwb_msgs/srv/detail/debug_local_plan__type_support.cpp
[9.189s] -- Up-to-date: /root/Lunar_ROADSTER/lr_ws/install/dwb_msgs/include/dwb_msgs/dwb_msgs/srv/detail/generate_trajectory__rosidl_typesupport_introspection_cpp.hpp
[9.189s] -- Up-to-date: /root/Lunar_ROADSTER/lr_ws/install/dwb_msgs/include/dwb_msgs/dwb_msgs/srv/detail/generate_trajectory__type_support.cpp
[9.221s] -- Up-to-date: /root/Lunar_ROADSTER/lr_ws/install/dwb_msgs/include/dwb_msgs/dwb_msgs/srv/detail/generate_twists__rosidl_typesupport_introspection_cpp.hpp
[9.223s] -- Up-to-date: /root/Lunar_ROADSTER/lr_ws/install/dwb_msgs/include/dwb_msgs/dwb_msgs/srv/detail/generate_twists__type_support.cpp
[9.224s] -- Up-to-date: /root/Lunar_ROADSTER/lr_ws/install/dwb_msgs/include/dwb_msgs/dwb_msgs/srv/detail/get_critic_score__rosidl_typesupport_introspection_cpp.hpp
[9.225s] -- Up-to-date: /root/Lunar_ROADSTER/lr_ws/install/dwb_msgs/include/dwb_msgs/dwb_msgs/srv/detail/get_critic_score__type_support.cpp
[9.229s] -- Up-to-date: /root/Lunar_ROADSTER/lr_ws/install/dwb_msgs/include/dwb_msgs/dwb_msgs/srv/detail/score_trajectory__rosidl_typesupport_introspection_cpp.hpp
[9.232s] -- Up-to-date: /root/Lunar_ROADSTER/lr_ws/install/dwb_msgs/include/dwb_msgs/dwb_msgs/srv/detail/score_trajectory__type_support.cpp
[9.233s] -- Up-to-date: /root/Lunar_ROADSTER/lr_ws/install/dwb_msgs/lib/libdwb_msgs__rosidl_typesupport_introspection_cpp.so
[9.233s] -- Up-to-date: /root/Lunar_ROADSTER/lr_ws/install/dwb_msgs/lib/libdwb_msgs__rosidl_typesupport_cpp.so
[9.240s] -- Up-to-date: /root/Lunar_ROADSTER/lr_ws/install/dwb_msgs/share/dwb_msgs/environment/pythonpath.sh
[9.241s] -- Up-to-date: /root/Lunar_ROADSTER/lr_ws/install/dwb_msgs/share/dwb_msgs/environment/pythonpath.dsv
[9.241s] -- Up-to-date: /root/Lunar_ROADSTER/lr_ws/install/dwb_msgs/local/lib/python3.10/dist-packages/dwb_msgs-1.1.18-py3.10.egg-info
[9.242s] -- Installing: /root/Lunar_ROADSTER/lr_ws/install/dwb_msgs/local/lib/python3.10/dist-packages/dwb_msgs-1.1.18-py3.10.egg-info/PKG-INFO
[9.251s] -- Installing: /root/Lunar_ROADSTER/lr_ws/install/dwb_msgs/local/lib/python3.10/dist-packages/dwb_msgs-1.1.18-py3.10.egg-info/dependency_links.txt
[9.251s] -- Installing: /root/Lunar_ROADSTER/lr_ws/install/dwb_msgs/local/lib/python3.10/dist-packages/dwb_msgs-1.1.18-py3.10.egg-info/top_level.txt
[9.252s] -- Installing: /root/Lunar_ROADSTER/lr_ws/install/dwb_msgs/local/lib/python3.10/dist-packages/dwb_msgs-1.1.18-py3.10.egg-info/SOURCES.txt
[9.258s] -- Up-to-date: /root/Lunar_ROADSTER/lr_ws/install/dwb_msgs/local/lib/python3.10/dist-packages/dwb_msgs
[9.258s] -- Up-to-date: /root/Lunar_ROADSTER/lr_ws/install/dwb_msgs/local/lib/python3.10/dist-packages/dwb_msgs/__init__.py
[9.259s] -- Up-to-date: /root/Lunar_ROADSTER/lr_ws/install/dwb_msgs/local/lib/python3.10/dist-packages/dwb_msgs/msg
[9.259s] -- Up-to-date: /root/Lunar_ROADSTER/lr_ws/install/dwb_msgs/local/lib/python3.10/dist-packages/dwb_msgs/msg/_critic_score.py
[9.259s] -- Up-to-date: /root/Lunar_ROADSTER/lr_ws/install/dwb_msgs/local/lib/python3.10/dist-packages/dwb_msgs/msg/_critic_score_s.c
[9.260s] -- Up-to-date: /root/Lunar_ROADSTER/lr_ws/install/dwb_msgs/local/lib/python3.10/dist-packages/dwb_msgs/msg/_local_plan_evaluation.py
[9.265s] -- Up-to-date: /root/Lunar_ROADSTER/lr_ws/install/dwb_msgs/local/lib/python3.10/dist-packages/dwb_msgs/msg/_local_plan_evaluation_s.c
[9.265s] -- Up-to-date: /root/Lunar_ROADSTER/lr_ws/install/dwb_msgs/local/lib/python3.10/dist-packages/dwb_msgs/msg/_trajectory2_d.py
[9.269s] -- Up-to-date: /root/Lunar_ROADSTER/lr_ws/install/dwb_msgs/local/lib/python3.10/dist-packages/dwb_msgs/msg/_trajectory2_d_s.c
[9.269s] -- Up-to-date: /root/Lunar_ROADSTER/lr_ws/install/dwb_msgs/local/lib/python3.10/dist-packages/dwb_msgs/msg/_trajectory_score.py
[9.269s] -- Up-to-date: /root/Lunar_ROADSTER/lr_ws/install/dwb_msgs/local/lib/python3.10/dist-packages/dwb_msgs/msg/_trajectory_score_s.c
[9.270s] -- Up-to-date: /root/Lunar_ROADSTER/lr_ws/install/dwb_msgs/local/lib/python3.10/dist-packages/dwb_msgs/msg/__init__.py
[9.270s] -- Up-to-date: /root/Lunar_ROADSTER/lr_ws/install/dwb_msgs/local/lib/python3.10/dist-packages/dwb_msgs/srv
[9.270s] -- Up-to-date: /root/Lunar_ROADSTER/lr_ws/install/dwb_msgs/local/lib/python3.10/dist-packages/dwb_msgs/srv/_debug_local_plan.py
[9.271s] -- Up-to-date: /root/Lunar_ROADSTER/lr_ws/install/dwb_msgs/local/lib/python3.10/dist-packages/dwb_msgs/srv/_debug_local_plan_s.c
[9.271s] -- Up-to-date: /root/Lunar_ROADSTER/lr_ws/install/dwb_msgs/local/lib/python3.10/dist-packages/dwb_msgs/srv/_generate_trajectory.py
[9.272s] -- Up-to-date: /root/Lunar_ROADSTER/lr_ws/install/dwb_msgs/local/lib/python3.10/dist-packages/dwb_msgs/srv/_generate_trajectory_s.c
[9.272s] -- Up-to-date: /root/Lunar_ROADSTER/lr_ws/install/dwb_msgs/local/lib/python3.10/dist-packages/dwb_msgs/srv/_generate_twists.py
[9.272s] -- Up-to-date: /root/Lunar_ROADSTER/lr_ws/install/dwb_msgs/local/lib/python3.10/dist-packages/dwb_msgs/srv/_generate_twists_s.c
[9.281s] -- Up-to-date: /root/Lunar_ROADSTER/lr_ws/install/dwb_msgs/local/lib/python3.10/dist-packages/dwb_msgs/srv/_get_critic_score.py
[9.281s] -- Up-to-date: /root/Lunar_ROADSTER/lr_ws/install/dwb_msgs/local/lib/python3.10/dist-packages/dwb_msgs/srv/_get_critic_score_s.c
[9.282s] -- Up-to-date: /root/Lunar_ROADSTER/lr_ws/install/dwb_msgs/local/lib/python3.10/dist-packages/dwb_msgs/srv/_score_trajectory.py
[9.282s] -- Up-to-date: /root/Lunar_ROADSTER/lr_ws/install/dwb_msgs/local/lib/python3.10/dist-packages/dwb_msgs/srv/_score_trajectory_s.c
[9.282s] -- Up-to-date: /root/Lunar_ROADSTER/lr_ws/install/dwb_msgs/local/lib/python3.10/dist-packages/dwb_msgs/srv/__init__.py
[9.282s] -- Up-to-date: /root/Lunar_ROADSTER/lr_ws/install/dwb_msgs/local/lib/python3.10/dist-packages/dwb_msgs/_dwb_msgs_s.ep.rosidl_typesupport_fastrtps_c.c
[9.283s] -- Up-to-date: /root/Lunar_ROADSTER/lr_ws/install/dwb_msgs/local/lib/python3.10/dist-packages/dwb_msgs/_dwb_msgs_s.ep.rosidl_typesupport_introspection_c.c
[9.283s] -- Up-to-date: /root/Lunar_ROADSTER/lr_ws/install/dwb_msgs/local/lib/python3.10/dist-packages/dwb_msgs/_dwb_msgs_s.ep.rosidl_typesupport_c.c
[9.283s] -- Up-to-date: /root/Lunar_ROADSTER/lr_ws/install/dwb_msgs/local/lib/python3.10/dist-packages/dwb_msgs/libdwb_msgs__rosidl_generator_py.so
[9.284s] -- Up-to-date: /root/Lunar_ROADSTER/lr_ws/install/dwb_msgs/local/lib/python3.10/dist-packages/dwb_msgs/dwb_msgs_s__rosidl_typesupport_fastrtps_c.cpython-310-aarch64-linux-gnu.so
[9.284s] -- Up-to-date: /root/Lunar_ROADSTER/lr_ws/install/dwb_msgs/local/lib/python3.10/dist-packages/dwb_msgs/dwb_msgs_s__rosidl_typesupport_c.cpython-310-aarch64-linux-gnu.so
[9.289s] -- Up-to-date: /root/Lunar_ROADSTER/lr_ws/install/dwb_msgs/local/lib/python3.10/dist-packages/dwb_msgs/dwb_msgs_s__rosidl_typesupport_introspection_c.cpython-310-aarch64-linux-gnu.so
[9.427s] Listing '/root/Lunar_ROADSTER/lr_ws/install/dwb_msgs/local/lib/python3.10/dist-packages/dwb_msgs'...
[9.428s] Listing '/root/Lunar_ROADSTER/lr_ws/install/dwb_msgs/local/lib/python3.10/dist-packages/dwb_msgs/msg'...
[9.429s] Listing '/root/Lunar_ROADSTER/lr_ws/install/dwb_msgs/local/lib/python3.10/dist-packages/dwb_msgs/srv'...
[9.460s] -- Up-to-date: /root/Lunar_ROADSTER/lr_ws/install/dwb_msgs/local/lib/python3.10/dist-packages/dwb_msgs/dwb_msgs_s__rosidl_typesupport_fastrtps_c.cpython-310-aarch64-linux-gnu.so
[9.461s] -- Up-to-date: /root/Lunar_ROADSTER/lr_ws/install/dwb_msgs/local/lib/python3.10/dist-packages/dwb_msgs/dwb_msgs_s__rosidl_typesupport_introspection_c.cpython-310-aarch64-linux-gnu.so
[9.473s] -- Up-to-date: /root/Lunar_ROADSTER/lr_ws/install/dwb_msgs/local/lib/python3.10/dist-packages/dwb_msgs/dwb_msgs_s__rosidl_typesupport_c.cpython-310-aarch64-linux-gnu.so
[9.474s] -- Up-to-date: /root/Lunar_ROADSTER/lr_ws/install/dwb_msgs/lib/libdwb_msgs__rosidl_generator_py.so
[9.475s] -- Up-to-date: /root/Lunar_ROADSTER/lr_ws/install/dwb_msgs/share/dwb_msgs/msg/CriticScore.idl
[9.475s] -- Up-to-date: /root/Lunar_ROADSTER/lr_ws/install/dwb_msgs/share/dwb_msgs/msg/LocalPlanEvaluation.idl
[9.475s] -- Up-to-date: /root/Lunar_ROADSTER/lr_ws/install/dwb_msgs/share/dwb_msgs/msg/Trajectory2D.idl
[9.476s] -- Up-to-date: /root/Lunar_ROADSTER/lr_ws/install/dwb_msgs/share/dwb_msgs/msg/TrajectoryScore.idl
[9.476s] -- Up-to-date: /root/Lunar_ROADSTER/lr_ws/install/dwb_msgs/share/dwb_msgs/srv/DebugLocalPlan.idl
[9.476s] -- Up-to-date: /root/Lunar_ROADSTER/lr_ws/install/dwb_msgs/share/dwb_msgs/srv/GenerateTrajectory.idl
[9.476s] -- Up-to-date: /root/Lunar_ROADSTER/lr_ws/install/dwb_msgs/share/dwb_msgs/srv/GenerateTwists.idl
[9.477s] -- Up-to-date: /root/Lunar_ROADSTER/lr_ws/install/dwb_msgs/share/dwb_msgs/srv/GetCriticScore.idl
[9.477s] -- Up-to-date: /root/Lunar_ROADSTER/lr_ws/install/dwb_msgs/share/dwb_msgs/srv/ScoreTrajectory.idl
[9.479s] -- Up-to-date: /root/Lunar_ROADSTER/lr_ws/install/dwb_msgs/share/dwb_msgs/msg/CriticScore.msg
[9.484s] -- Up-to-date: /root/Lunar_ROADSTER/lr_ws/install/dwb_msgs/share/dwb_msgs/msg/LocalPlanEvaluation.msg
[9.485s] -- Up-to-date: /root/Lunar_ROADSTER/lr_ws/install/dwb_msgs/share/dwb_msgs/msg/Trajectory2D.msg
[9.486s] -- Up-to-date: /root/Lunar_ROADSTER/lr_ws/install/dwb_msgs/share/dwb_msgs/msg/TrajectoryScore.msg
[9.486s] -- Up-to-date: /root/Lunar_ROADSTER/lr_ws/install/dwb_msgs/share/dwb_msgs/srv/DebugLocalPlan.srv
[9.486s] -- Up-to-date: /root/Lunar_ROADSTER/lr_ws/install/dwb_msgs/share/dwb_msgs/srv/DebugLocalPlan_Request.msg
[9.486s] -- Up-to-date: /root/Lunar_ROADSTER/lr_ws/install/dwb_msgs/share/dwb_msgs/srv/DebugLocalPlan_Response.msg
[9.487s] -- Up-to-date: /root/Lunar_ROADSTER/lr_ws/install/dwb_msgs/share/dwb_msgs/srv/GenerateTrajectory.srv
[9.491s] -- Up-to-date: /root/Lunar_ROADSTER/lr_ws/install/dwb_msgs/share/dwb_msgs/srv/GenerateTrajectory_Request.msg
[9.492s] -- Up-to-date: /root/Lunar_ROADSTER/lr_ws/install/dwb_msgs/share/dwb_msgs/srv/GenerateTrajectory_Response.msg
[9.493s] -- Up-to-date: /root/Lunar_ROADSTER/lr_ws/install/dwb_msgs/share/dwb_msgs/srv/GenerateTwists.srv
[9.506s] -- Up-to-date: /root/Lunar_ROADSTER/lr_ws/install/dwb_msgs/share/dwb_msgs/srv/GenerateTwists_Request.msg
[9.520s] -- Up-to-date: /root/Lunar_ROADSTER/lr_ws/install/dwb_msgs/share/dwb_msgs/srv/GenerateTwists_Response.msg
[9.520s] -- Up-to-date: /root/Lunar_ROADSTER/lr_ws/install/dwb_msgs/share/dwb_msgs/srv/GetCriticScore.srv
[9.521s] -- Up-to-date: /root/Lunar_ROADSTER/lr_ws/install/dwb_msgs/share/dwb_msgs/srv/GetCriticScore_Request.msg
[9.521s] -- Up-to-date: /root/Lunar_ROADSTER/lr_ws/install/dwb_msgs/share/dwb_msgs/srv/GetCriticScore_Response.msg
[9.521s] -- Up-to-date: /root/Lunar_ROADSTER/lr_ws/install/dwb_msgs/share/dwb_msgs/srv/ScoreTrajectory.srv
[9.522s] -- Up-to-date: /root/Lunar_ROADSTER/lr_ws/install/dwb_msgs/share/dwb_msgs/srv/ScoreTrajectory_Request.msg
[9.522s] -- Up-to-date: /root/Lunar_ROADSTER/lr_ws/install/dwb_msgs/share/dwb_msgs/srv/ScoreTrajectory_Response.msg
[9.522s] -- Up-to-date: /root/Lunar_ROADSTER/lr_ws/install/dwb_msgs/share/ament_index/resource_index/package_run_dependencies/dwb_msgs
[9.522s] -- Up-to-date: /root/Lunar_ROADSTER/lr_ws/install/dwb_msgs/share/ament_index/resource_index/parent_prefix_path/dwb_msgs
[9.524s] -- Up-to-date: /root/Lunar_ROADSTER/lr_ws/install/dwb_msgs/share/dwb_msgs/environment/ament_prefix_path.sh
[9.526s] -- Up-to-date: /root/Lunar_ROADSTER/lr_ws/install/dwb_msgs/share/dwb_msgs/environment/ament_prefix_path.dsv
[9.527s] -- Up-to-date: /root/Lunar_ROADSTER/lr_ws/install/dwb_msgs/share/dwb_msgs/environment/path.sh
[9.527s] -- Up-to-date: /root/Lunar_ROADSTER/lr_ws/install/dwb_msgs/share/dwb_msgs/environment/path.dsv
[9.545s] -- Up-to-date: /root/Lunar_ROADSTER/lr_ws/install/dwb_msgs/share/dwb_msgs/local_setup.bash
[9.546s] -- Up-to-date: /root/Lunar_ROADSTER/lr_ws/install/dwb_msgs/share/dwb_msgs/local_setup.sh
[9.546s] -- Up-to-date: /root/Lunar_ROADSTER/lr_ws/install/dwb_msgs/share/dwb_msgs/local_setup.zsh
[9.546s] -- Up-to-date: /root/Lunar_ROADSTER/lr_ws/install/dwb_msgs/share/dwb_msgs/local_setup.dsv
[9.546s] -- Installing: /root/Lunar_ROADSTER/lr_ws/install/dwb_msgs/share/dwb_msgs/package.dsv
[9.547s] -- Up-to-date: /root/Lunar_ROADSTER/lr_ws/install/dwb_msgs/share/ament_index/resource_index/packages/dwb_msgs
[9.547s] -- Up-to-date: /root/Lunar_ROADSTER/lr_ws/install/dwb_msgs/share/dwb_msgs/cmake/export_dwb_msgs__rosidl_generator_cExport.cmake
[9.547s] -- Up-to-date: /root/Lunar_ROADSTER/lr_ws/install/dwb_msgs/share/dwb_msgs/cmake/export_dwb_msgs__rosidl_generator_cExport-noconfig.cmake
[9.548s] -- Up-to-date: /root/Lunar_ROADSTER/lr_ws/install/dwb_msgs/share/dwb_msgs/cmake/export_dwb_msgs__rosidl_typesupport_fastrtps_cExport.cmake
[9.548s] -- Up-to-date: /root/Lunar_ROADSTER/lr_ws/install/dwb_msgs/share/dwb_msgs/cmake/export_dwb_msgs__rosidl_typesupport_fastrtps_cExport-noconfig.cmake
[9.549s] -- Up-to-date: /root/Lunar_ROADSTER/lr_ws/install/dwb_msgs/share/dwb_msgs/cmake/export_dwb_msgs__rosidl_generator_cppExport.cmake
[9.550s] -- Up-to-date: /root/Lunar_ROADSTER/lr_ws/install/dwb_msgs/share/dwb_msgs/cmake/export_dwb_msgs__rosidl_typesupport_fastrtps_cppExport.cmake
[9.550s] -- Up-to-date: /root/Lunar_ROADSTER/lr_ws/install/dwb_msgs/share/dwb_msgs/cmake/export_dwb_msgs__rosidl_typesupport_fastrtps_cppExport-noconfig.cmake
[9.563s] -- Up-to-date: /root/Lunar_ROADSTER/lr_ws/install/dwb_msgs/share/dwb_msgs/cmake/dwb_msgs__rosidl_typesupport_introspection_cExport.cmake
[9.574s] -- Up-to-date: /root/Lunar_ROADSTER/lr_ws/install/dwb_msgs/share/dwb_msgs/cmake/dwb_msgs__rosidl_typesupport_introspection_cExport-noconfig.cmake
[9.576s] -- Up-to-date: /root/Lunar_ROADSTER/lr_ws/install/dwb_msgs/share/dwb_msgs/cmake/dwb_msgs__rosidl_typesupport_cExport.cmake
[9.576s] -- Up-to-date: /root/Lunar_ROADSTER/lr_ws/install/dwb_msgs/share/dwb_msgs/cmake/dwb_msgs__rosidl_typesupport_cExport-noconfig.cmake
[9.576s] -- Up-to-date: /root/Lunar_ROADSTER/lr_ws/install/dwb_msgs/share/dwb_msgs/cmake/dwb_msgs__rosidl_typesupport_introspection_cppExport.cmake
[9.577s] -- Up-to-date: /root/Lunar_ROADSTER/lr_ws/install/dwb_msgs/share/dwb_msgs/cmake/dwb_msgs__rosidl_typesupport_introspection_cppExport-noconfig.cmake
[9.577s] -- Up-to-date: /root/Lunar_ROADSTER/lr_ws/install/dwb_msgs/share/dwb_msgs/cmake/dwb_msgs__rosidl_typesupport_cppExport.cmake
[9.578s] -- Up-to-date: /root/Lunar_ROADSTER/lr_ws/install/dwb_msgs/share/dwb_msgs/cmake/dwb_msgs__rosidl_typesupport_cppExport-noconfig.cmake
[9.578s] -- Up-to-date: /root/Lunar_ROADSTER/lr_ws/install/dwb_msgs/share/dwb_msgs/cmake/export_dwb_msgs__rosidl_generator_pyExport.cmake
[9.578s] -- Up-to-date: /root/Lunar_ROADSTER/lr_ws/install/dwb_msgs/share/dwb_msgs/cmake/export_dwb_msgs__rosidl_generator_pyExport-noconfig.cmake
[9.579s] -- Up-to-date: /root/Lunar_ROADSTER/lr_ws/install/dwb_msgs/share/dwb_msgs/cmake/rosidl_cmake-extras.cmake
[9.579s] -- Up-to-date: /root/Lunar_ROADSTER/lr_ws/install/dwb_msgs/share/dwb_msgs/cmake/ament_cmake_export_dependencies-extras.cmake
[9.579s] -- Up-to-date: /root/Lunar_ROADSTER/lr_ws/install/dwb_msgs/share/dwb_msgs/cmake/ament_cmake_export_include_directories-extras.cmake
[9.592s] -- Up-to-date: /root/Lunar_ROADSTER/lr_ws/install/dwb_msgs/share/dwb_msgs/cmake/ament_cmake_export_libraries-extras.cmake
[9.593s] -- Up-to-date: /root/Lunar_ROADSTER/lr_ws/install/dwb_msgs/share/dwb_msgs/cmake/ament_cmake_export_targets-extras.cmake
[9.594s] -- Up-to-date: /root/Lunar_ROADSTER/lr_ws/install/dwb_msgs/share/dwb_msgs/cmake/rosidl_cmake_export_typesupport_targets-extras.cmake
[9.595s] -- Up-to-date: /root/Lunar_ROADSTER/lr_ws/install/dwb_msgs/share/dwb_msgs/cmake/rosidl_cmake_export_typesupport_libraries-extras.cmake
[9.610s] -- Up-to-date: /root/Lunar_ROADSTER/lr_ws/install/dwb_msgs/share/dwb_msgs/cmake/dwb_msgsConfig.cmake
[9.611s] -- Up-to-date: /root/Lunar_ROADSTER/lr_ws/install/dwb_msgs/share/dwb_msgs/cmake/dwb_msgsConfig-version.cmake
[9.613s] -- Up-to-date: /root/Lunar_ROADSTER/lr_ws/install/dwb_msgs/share/dwb_msgs/package.xml
[9.613s] Invoked command in '/root/Lunar_ROADSTER/lr_ws/build/dwb_msgs' returned '0': CMAKE_PREFIX_PATH=/root/Lunar_ROADSTER/lr_ws/install/nav_2d_msgs:/root/Lunar_ROADSTER/lr_ws/install/vectornav:/root/Lunar_ROADSTER/lr_ws/install/vectornav_msgs:/root/Lunar_ROADSTER/lr_ws/install/teleop:/root/Lunar_ROADSTER/lr_ws/install/sensing:/root/Lunar_ROADSTER/lr_ws/install/realsense2_description:/root/Lunar_ROADSTER/lr_ws/install/realsense2_camera:/root/Lunar_ROADSTER/lr_ws/install/realsense2_camera_msgs:/root/Lunar_ROADSTER/lr_ws/install/realsense:/root/Lunar_ROADSTER/lr_ws/install/nav2_system_tests:/root/Lunar_ROADSTER/lr_ws/install/nav2_bringup:/root/Lunar_ROADSTER/lr_ws/install/navigation2:/root/Lunar_ROADSTER/lr_ws/install/nav2_smoother:/root/Lunar_ROADSTER/lr_ws/install/nav2_graceful_controller:/root/Lunar_ROADSTER/lr_ws/install/nav2_dwb_controller:/root/Lunar_ROADSTER/lr_ws/install/nav2_controller:/root/Lunar_ROADSTER/lr_ws/install/dwb_plugins:/root/Lunar_ROADSTER/lr_ws/install/dwb_critics:/root/Lunar_ROADSTER/lr_ws/install/dwb_core:/root/Lunar_ROADSTER/lr_ws/install/nav_2d_utils:/root/Lunar_ROADSTER/lr_ws/install/dwb_msgs:/root/Lunar_ROADSTER/lr_ws/install/nav2_waypoint_follower:/root/Lunar_ROADSTER/lr_ws/install/nav2_theta_star_planner:/root/Lunar_ROADSTER/lr_ws/install/nav2_smac_planner:/root/Lunar_ROADSTER/lr_ws/install/nav2_rotation_shim_controller:/root/Lunar_ROADSTER/lr_ws/install/nav2_regulated_pure_pursuit_controller:/root/Lunar_ROADSTER/lr_ws/install/nav2_planner:/root/Lunar_ROADSTER/lr_ws/install/nav2_navfn_planner:/root/Lunar_ROADSTER/lr_ws/install/nav2_mppi_controller:/root/Lunar_ROADSTER/lr_ws/install/nav2_constrained_smoother:/root/Lunar_ROADSTER/lr_ws/install/nav2_bt_navigator:/root/Lunar_ROADSTER/lr_ws/install/nav2_behaviors:/root/Lunar_ROADSTER/lr_ws/install/nav2_core:/root/Lunar_ROADSTER/lr_ws/install/nav2_collision_monitor:/root/Lunar_ROADSTER/lr_ws/install/costmap_queue:/root/Lunar_ROADSTER/lr_ws/install/nav2_costmap_2d:/root/Lunar_ROADSTER/lr_ws/install/nav2_voxel_grid:/root/Lunar_ROADSTER/lr_ws/install/nav2_velocity_smoother:/root/Lunar_ROADSTER/lr_ws/install/nav2_rviz_plugins:/root/Lunar_ROADSTER/lr_ws/install/nav2_map_server:/root/Lunar_ROADSTER/lr_ws/install/nav2_lifecycle_manager:/root/Lunar_ROADSTER/lr_ws/install/nav2_behavior_tree:/root/Lunar_ROADSTER/lr_ws/install/nav2_amcl:/root/Lunar_ROADSTER/lr_ws/install/nav2_util:/root/Lunar_ROADSTER/lr_ws/install/nav2_msgs:/root/Lunar_ROADSTER/lr_ws/install/nav2_common:/root/Lunar_ROADSTER/lr_ws/install/motion_control:/root/Lunar_ROADSTER/lr_ws/install/mapping:/root/Lunar_ROADSTER/lr_ws/install/lx_mapping:/root/Lunar_ROADSTER/lr_ws/install/lx_library:/root/Lunar_ROADSTER/lr_ws/install/lx_msgs:/root/Lunar_ROADSTER/lr_ws/install/localization:/root/Lunar_ROADSTER/lr_ws/install/imu:/root/Lunar_ROADSTER/lr_ws/install/gazebo_msgs:/root/Lunar_ROADSTER/lr_ws/install/gazebo_dev:/root/Lunar_ROADSTER/lr_ws/install/arduino:/root/Lunar_ROADSTER/lr_ws/install/cg_msgs:/root/Lunar_ROADSTER/lr_ws/install/nav2_simple_commander:/opt/ros/humble LD_LIBRARY_PATH=/root/Lunar_ROADSTER/lr_ws/install/nav_2d_msgs/lib:/root/Lunar_ROADSTER/lr_ws/install/vectornav/lib:/root/Lunar_ROADSTER/lr_ws/install/vectornav_msgs/lib:/root/Lunar_ROADSTER/lr_ws/install/realsense2_camera/lib:/root/Lunar_ROADSTER/lr_ws/install/realsense2_camera_msgs/lib:/root/Lunar_ROADSTER/lr_ws/install/nav2_smoother/lib:/root/Lunar_ROADSTER/lr_ws/install/nav2_graceful_controller/lib:/root/Lunar_ROADSTER/lr_ws/install/nav2_controller/lib:/root/Lunar_ROADSTER/lr_ws/install/dwb_plugins/lib:/root/Lunar_ROADSTER/lr_ws/install/dwb_critics/lib:/root/Lunar_ROADSTER/lr_ws/install/dwb_core/lib:/root/Lunar_ROADSTER/lr_ws/install/nav_2d_utils/lib:/root/Lunar_ROADSTER/lr_ws/install/dwb_msgs/lib:/root/Lunar_ROADSTER/lr_ws/install/nav2_waypoint_follower/lib:/root/Lunar_ROADSTER/lr_ws/install/nav2_theta_star_planner/lib:/root/Lunar_ROADSTER/lr_ws/install/nav2_smac_planner/lib:/root/Lunar_ROADSTER/lr_ws/install/nav2_rotation_shim_controller/lib:/root/Lunar_ROADSTER/lr_ws/install/nav2_regulated_pure_pursuit_controller/lib:/root/Lunar_ROADSTER/lr_ws/install/nav2_planner/lib:/root/Lunar_ROADSTER/lr_ws/install/nav2_navfn_planner/lib:/root/Lunar_ROADSTER/lr_ws/install/nav2_mppi_controller/lib:/root/Lunar_ROADSTER/lr_ws/install/nav2_constrained_smoother/lib:/root/Lunar_ROADSTER/lr_ws/install/nav2_bt_navigator/lib:/root/Lunar_ROADSTER/lr_ws/install/nav2_behaviors/lib:/root/Lunar_ROADSTER/lr_ws/install/nav2_collision_monitor/lib:/root/Lunar_ROADSTER/lr_ws/install/costmap_queue/lib:/root/Lunar_ROADSTER/lr_ws/install/nav2_costmap_2d/lib:/root/Lunar_ROADSTER/lr_ws/install/nav2_voxel_grid/lib:/root/Lunar_ROADSTER/lr_ws/install/nav2_velocity_smoother/lib:/root/Lunar_ROADSTER/lr_ws/install/nav2_rviz_plugins/lib:/root/Lunar_ROADSTER/lr_ws/install/nav2_map_server/lib:/root/Lunar_ROADSTER/lr_ws/install/nav2_lifecycle_manager/lib:/root/Lunar_ROADSTER/lr_ws/install/nav2_behavior_tree/lib:/root/Lunar_ROADSTER/lr_ws/install/nav2_amcl/lib:/root/Lunar_ROADSTER/lr_ws/install/nav2_util/lib:/root/Lunar_ROADSTER/lr_ws/install/nav2_msgs/lib:/root/Lunar_ROADSTER/lr_ws/install/lx_library/lib:/root/Lunar_ROADSTER/lr_ws/install/lx_msgs/lib:/root/Lunar_ROADSTER/lr_ws/install/gazebo_msgs/lib:/root/Lunar_ROADSTER/lr_ws/install/cg_msgs/lib:/opt/ros/humble/opt/rviz_ogre_vendor/lib:/opt/ros/humble/lib/aarch64-linux-gnu:/opt/ros/humble/lib:/usr/local/cuda/lib64 /usr/local/bin/cmake --install /root/Lunar_ROADSTER/lr_ws/build/dwb_msgs
