[0.235s] Invoking command in '/root/Lunar_ROADSTER/lr_ws/build/imu': CMAKE_PREFIX_PATH=${CMAKE_PREFIX_PATH}:/root/Lunar_ROADSTER/lr_ws/install/nav2_simple_commander:/root/microros_ws/install/sensor_msgs_py:/opt/ros/humble /usr/local/bin/cmake --build /root/Lunar_ROADSTER/lr_ws/build/imu -- -j4 -l4
[0.711s] [100%] Built target imu_base_link_conversion_node
[0.771s] Invoked command in '/root/Lunar_ROADSTER/lr_ws/build/imu' returned '0': CMAKE_PREFIX_PATH=${CMAKE_PREFIX_PATH}:/root/Lunar_ROADSTER/lr_ws/install/nav2_simple_commander:/root/microros_ws/install/sensor_msgs_py:/opt/ros/humble /usr/local/bin/cmake --build /root/Lunar_ROADSTER/lr_ws/build/imu -- -j4 -l4
[0.824s] Invoking command in '/root/Lunar_ROADSTER/lr_ws/build/imu': CMAKE_PREFIX_PATH=${CMAKE_PREFIX_PATH}:/root/Lunar_ROADSTER/lr_ws/install/nav2_simple_commander:/root/microros_ws/install/sensor_msgs_py:/opt/ros/humble /usr/local/bin/cmake --install /root/Lunar_ROADSTER/lr_ws/build/imu
[0.860s] -- Install configuration: ""
[0.862s] -- Up-to-date: /root/Lunar_ROADSTER/lr_ws/install/imu/lib/imu/imu_base_link_conversion_node
[0.864s] -- Up-to-date: /root/Lunar_ROADSTER/lr_ws/install/imu/include/imu
[0.866s] -- Up-to-date: /root/Lunar_ROADSTER/lr_ws/install/imu/include/imu/imu_base_link_conversion_node.hpp
[0.866s] -- Up-to-date: /root/Lunar_ROADSTER/lr_ws/install/imu/share/imu/launch
[0.870s] -- Up-to-date: /root/Lunar_ROADSTER/lr_ws/install/imu/share/imu/launch/imu_launch.py
[0.872s] -- Up-to-date: /root/Lunar_ROADSTER/lr_ws/install/imu/share/imu/launch/__pycache__
[0.872s] -- Up-to-date: /root/Lunar_ROADSTER/lr_ws/install/imu/share/imu/launch/__pycache__/imu_launch.cpython-310.pyc
[0.872s] -- Up-to-date: /root/Lunar_ROADSTER/lr_ws/install/imu/share/imu//config
[0.876s] -- Up-to-date: /root/Lunar_ROADSTER/lr_ws/install/imu/share/imu//config/imu_node_params.yaml
[0.877s] -- Up-to-date: /root/Lunar_ROADSTER/lr_ws/install/imu/share/imu//config/imu_static_tf_params.yaml
[0.877s] -- Up-to-date: /root/Lunar_ROADSTER/lr_ws/install/imu/share/ament_index/resource_index/package_run_dependencies/imu
[0.878s] -- Up-to-date: /root/Lunar_ROADSTER/lr_ws/install/imu/share/ament_index/resource_index/parent_prefix_path/imu
[0.879s] -- Up-to-date: /root/Lunar_ROADSTER/lr_ws/install/imu/share/imu/environment/ament_prefix_path.sh
[0.879s] -- Up-to-date: /root/Lunar_ROADSTER/lr_ws/install/imu/share/imu/environment/ament_prefix_path.dsv
[0.881s] -- Up-to-date: /root/Lunar_ROADSTER/lr_ws/install/imu/share/imu/environment/path.sh
[0.881s] -- Up-to-date: /root/Lunar_ROADSTER/lr_ws/install/imu/share/imu/environment/path.dsv
[0.882s] -- Up-to-date: /root/Lunar_ROADSTER/lr_ws/install/imu/share/imu/local_setup.bash
[0.882s] -- Up-to-date: /root/Lunar_ROADSTER/lr_ws/install/imu/share/imu/local_setup.sh
[0.884s] -- Up-to-date: /root/Lunar_ROADSTER/lr_ws/install/imu/share/imu/local_setup.zsh
[0.884s] -- Up-to-date: /root/Lunar_ROADSTER/lr_ws/install/imu/share/imu/local_setup.dsv
[0.884s] -- Installing: /root/Lunar_ROADSTER/lr_ws/install/imu/share/imu/package.dsv
[0.885s] -- Up-to-date: /root/Lunar_ROADSTER/lr_ws/install/imu/share/ament_index/resource_index/packages/imu
[0.885s] -- Up-to-date: /root/Lunar_ROADSTER/lr_ws/install/imu/share/imu/cmake/imuConfig.cmake
[0.898s] -- Up-to-date: /root/Lunar_ROADSTER/lr_ws/install/imu/share/imu/cmake/imuConfig-version.cmake
[0.901s] -- Up-to-date: /root/Lunar_ROADSTER/lr_ws/install/imu/share/imu/package.xml
[0.903s] Invoked command in '/root/Lunar_ROADSTER/lr_ws/build/imu' returned '0': CMAKE_PREFIX_PATH=${CMAKE_PREFIX_PATH}:/root/Lunar_ROADSTER/lr_ws/install/nav2_simple_commander:/root/microros_ws/install/sensor_msgs_py:/opt/ros/humble /usr/local/bin/cmake --install /root/Lunar_ROADSTER/lr_ws/build/imu
