[0.258s] Invoking command in '/root/Lunar_ROADSTER/lr_ws/build/sensing': CMAKE_PREFIX_PATH=${CMAKE_PREFIX_PATH}:/root/Lunar_ROADSTER/lr_ws/install/nav2_simple_commander:/opt/ros/humble /usr/local/bin/cmake --build /root/Lunar_ROADSTER/lr_ws/build/sensing -- -j4 -l4
[0.631s] Invoked command in '/root/Lunar_ROADSTER/lr_ws/build/sensing' returned '0': CMAKE_PREFIX_PATH=${CMAKE_PREFIX_PATH}:/root/Lunar_ROADSTER/lr_ws/install/nav2_simple_commander:/opt/ros/humble /usr/local/bin/cmake --build /root/Lunar_ROADSTER/lr_ws/build/sensing -- -j4 -l4
[0.635s] Invoking command in '/root/Lunar_ROADSTER/lr_ws/build/sensing': CMAKE_PREFIX_PATH=${CMAKE_PREFIX_PATH}:/root/Lunar_ROADSTER/lr_ws/install/nav2_simple_commander:/opt/ros/humble /usr/local/bin/cmake --install /root/Lunar_ROADSTER/lr_ws/build/sensing
[0.704s] -- Install configuration: ""
[0.726s] -- Up-to-date: /root/Lunar_ROADSTER/lr_ws/install/sensing/share/sensing/launch
[0.727s] -- Up-to-date: /root/Lunar_ROADSTER/lr_ws/install/sensing/share/sensing/launch/sensing_launch.py
[0.727s] -- Up-to-date: /root/Lunar_ROADSTER/lr_ws/install/sensing/share/sensing/launch/__pycache__
[0.727s] -- Up-to-date: /root/Lunar_ROADSTER/lr_ws/install/sensing/share/sensing/launch/__pycache__/sensing_launch.cpython-310.pyc
[0.728s] -- Up-to-date: /root/Lunar_ROADSTER/lr_ws/install/sensing/share/ament_index/resource_index/package_run_dependencies/sensing
[0.728s] -- Up-to-date: /root/Lunar_ROADSTER/lr_ws/install/sensing/share/ament_index/resource_index/parent_prefix_path/sensing
[0.729s] -- Up-to-date: /root/Lunar_ROADSTER/lr_ws/install/sensing/share/sensing/environment/ament_prefix_path.sh
[0.730s] -- Up-to-date: /root/Lunar_ROADSTER/lr_ws/install/sensing/share/sensing/environment/ament_prefix_path.dsv
[0.742s] -- Up-to-date: /root/Lunar_ROADSTER/lr_ws/install/sensing/share/sensing/environment/path.sh
[0.743s] -- Up-to-date: /root/Lunar_ROADSTER/lr_ws/install/sensing/share/sensing/environment/path.dsv
[0.765s] -- Up-to-date: /root/Lunar_ROADSTER/lr_ws/install/sensing/share/sensing/local_setup.bash
[0.794s] -- Up-to-date: /root/Lunar_ROADSTER/lr_ws/install/sensing/share/sensing/local_setup.sh
[0.796s] -- Up-to-date: /root/Lunar_ROADSTER/lr_ws/install/sensing/share/sensing/local_setup.zsh
[0.796s] -- Up-to-date: /root/Lunar_ROADSTER/lr_ws/install/sensing/share/sensing/local_setup.dsv
[0.797s] -- Installing: /root/Lunar_ROADSTER/lr_ws/install/sensing/share/sensing/package.dsv
[0.806s] -- Up-to-date: /root/Lunar_ROADSTER/lr_ws/install/sensing/share/ament_index/resource_index/packages/sensing
[0.807s] -- Up-to-date: /root/Lunar_ROADSTER/lr_ws/install/sensing/share/sensing/cmake/sensingConfig.cmake
[0.807s] -- Up-to-date: /root/Lunar_ROADSTER/lr_ws/install/sensing/share/sensing/cmake/sensingConfig-version.cmake
[0.807s] -- Up-to-date: /root/Lunar_ROADSTER/lr_ws/install/sensing/share/sensing/package.xml
[0.808s] Invoked command in '/root/Lunar_ROADSTER/lr_ws/build/sensing' returned '0': CMAKE_PREFIX_PATH=${CMAKE_PREFIX_PATH}:/root/Lunar_ROADSTER/lr_ws/install/nav2_simple_commander:/opt/ros/humble /usr/local/bin/cmake --install /root/Lunar_ROADSTER/lr_ws/build/sensing
