[0.253s] Invoking command in '/root/Lunar_ROADSTER/lr_ws/build/arduino': AMENT_PREFIX_PATH=/root/Lunar_ROADSTER/lr_ws/install/cg_msgs:${AMENT_PREFIX_PATH} CMAKE_PREFIX_PATH=/root/Lunar_ROADSTER/lr_ws/install/cg_msgs:/opt/ros/humble LD_LIBRARY_PATH=/root/Lunar_ROADSTER/lr_ws/install/cg_msgs/lib:/opt/ros/humble/opt/rviz_ogre_vendor/lib:/opt/ros/humble/lib/aarch64-linux-gnu:/opt/ros/humble/lib:/usr/local/cuda/lib64 PYTHONPATH=/root/Lunar_ROADSTER/lr_ws/install/cg_msgs/local/lib/python3.10/dist-packages:${PYTHONPATH} /usr/local/bin/cmake --build /root/Lunar_ROADSTER/lr_ws/build/arduino -- -j4 -l4
[0.464s] [100%] Built target serial_interface_node
[0.490s] Invoked command in '/root/Lunar_ROADSTER/lr_ws/build/arduino' returned '0': AMENT_PREFIX_PATH=/root/Lunar_ROADSTER/lr_ws/install/cg_msgs:${AMENT_PREFIX_PATH} CMAKE_PREFIX_PATH=/root/Lunar_ROADSTER/lr_ws/install/cg_msgs:/opt/ros/humble LD_LIBRARY_PATH=/root/Lunar_ROADSTER/lr_ws/install/cg_msgs/lib:/opt/ros/humble/opt/rviz_ogre_vendor/lib:/opt/ros/humble/lib/aarch64-linux-gnu:/opt/ros/humble/lib:/usr/local/cuda/lib64 PYTHONPATH=/root/Lunar_ROADSTER/lr_ws/install/cg_msgs/local/lib/python3.10/dist-packages:${PYTHONPATH} /usr/local/bin/cmake --build /root/Lunar_ROADSTER/lr_ws/build/arduino -- -j4 -l4
[0.492s] Invoking command in '/root/Lunar_ROADSTER/lr_ws/build/arduino': AMENT_PREFIX_PATH=/root/Lunar_ROADSTER/lr_ws/install/cg_msgs:${AMENT_PREFIX_PATH} CMAKE_PREFIX_PATH=/root/Lunar_ROADSTER/lr_ws/install/cg_msgs:/opt/ros/humble LD_LIBRARY_PATH=/root/Lunar_ROADSTER/lr_ws/install/cg_msgs/lib:/opt/ros/humble/opt/rviz_ogre_vendor/lib:/opt/ros/humble/lib/aarch64-linux-gnu:/opt/ros/humble/lib:/usr/local/cuda/lib64 PYTHONPATH=/root/Lunar_ROADSTER/lr_ws/install/cg_msgs/local/lib/python3.10/dist-packages:${PYTHONPATH} /usr/local/bin/cmake --install /root/Lunar_ROADSTER/lr_ws/build/arduino
[0.504s] -- Install configuration: ""
[0.506s] -- Up-to-date: /root/Lunar_ROADSTER/lr_ws/install/arduino/lib/arduino/serial_interface_node
[0.507s] -- Up-to-date: /root/Lunar_ROADSTER/lr_ws/install/arduino/include/arduino
[0.509s] -- Up-to-date: /root/Lunar_ROADSTER/lr_ws/install/arduino/include/arduino/serial_interface_node.hpp
[0.510s] -- Up-to-date: /root/Lunar_ROADSTER/lr_ws/install/arduino/share/arduino//config
[0.510s] -- Up-to-date: /root/Lunar_ROADSTER/lr_ws/install/arduino/share/arduino//config/device_params.yaml
[0.510s] -- Up-to-date: /root/Lunar_ROADSTER/lr_ws/install/arduino/share/arduino//config/diagnostic_params.yaml
[0.510s] -- Up-to-date: /root/Lunar_ROADSTER/lr_ws/install/arduino/share/arduino//config/scale_offset_params.yaml
[0.511s] -- Up-to-date: /root/Lunar_ROADSTER/lr_ws/install/arduino/share/ament_index/resource_index/package_run_dependencies/arduino
[0.511s] -- Up-to-date: /root/Lunar_ROADSTER/lr_ws/install/arduino/share/ament_index/resource_index/parent_prefix_path/arduino
[0.511s] -- Up-to-date: /root/Lunar_ROADSTER/lr_ws/install/arduino/share/arduino/environment/ament_prefix_path.sh
[0.512s] -- Up-to-date: /root/Lunar_ROADSTER/lr_ws/install/arduino/share/arduino/environment/ament_prefix_path.dsv
[0.512s] -- Up-to-date: /root/Lunar_ROADSTER/lr_ws/install/arduino/share/arduino/environment/path.sh
[0.513s] -- Up-to-date: /root/Lunar_ROADSTER/lr_ws/install/arduino/share/arduino/environment/path.dsv
[0.513s] -- Up-to-date: /root/Lunar_ROADSTER/lr_ws/install/arduino/share/arduino/local_setup.bash
[0.513s] -- Up-to-date: /root/Lunar_ROADSTER/lr_ws/install/arduino/share/arduino/local_setup.sh
[0.514s] -- Up-to-date: /root/Lunar_ROADSTER/lr_ws/install/arduino/share/arduino/local_setup.zsh
[0.515s] -- Up-to-date: /root/Lunar_ROADSTER/lr_ws/install/arduino/share/arduino/local_setup.dsv
[0.515s] -- Installing: /root/Lunar_ROADSTER/lr_ws/install/arduino/share/arduino/package.dsv
[0.520s] -- Up-to-date: /root/Lunar_ROADSTER/lr_ws/install/arduino/share/ament_index/resource_index/packages/arduino
[0.520s] -- Up-to-date: /root/Lunar_ROADSTER/lr_ws/install/arduino/share/arduino/cmake/arduinoConfig.cmake
[0.520s] -- Up-to-date: /root/Lunar_ROADSTER/lr_ws/install/arduino/share/arduino/cmake/arduinoConfig-version.cmake
[0.521s] -- Up-to-date: /root/Lunar_ROADSTER/lr_ws/install/arduino/share/arduino/package.xml
[0.536s] Invoked command in '/root/Lunar_ROADSTER/lr_ws/build/arduino' returned '0': AMENT_PREFIX_PATH=/root/Lunar_ROADSTER/lr_ws/install/cg_msgs:${AMENT_PREFIX_PATH} CMAKE_PREFIX_PATH=/root/Lunar_ROADSTER/lr_ws/install/cg_msgs:/opt/ros/humble LD_LIBRARY_PATH=/root/Lunar_ROADSTER/lr_ws/install/cg_msgs/lib:/opt/ros/humble/opt/rviz_ogre_vendor/lib:/opt/ros/humble/lib/aarch64-linux-gnu:/opt/ros/humble/lib:/usr/local/cuda/lib64 PYTHONPATH=/root/Lunar_ROADSTER/lr_ws/install/cg_msgs/local/lib/python3.10/dist-packages:${PYTHONPATH} /usr/local/bin/cmake --install /root/Lunar_ROADSTER/lr_ws/build/arduino
