[0.007s] Invoking command in '/root/Lunar_ROADSTER/lr_ws/build/grid_map_msgs': AMENT_PREFIX_PATH=/root/Lunar_ROADSTER/lr_ws/install/grid_map_cmake_helpers:${AMENT_PREFIX_PATH} CMAKE_PREFIX_PATH=/root/Lunar_ROADSTER/lr_ws/install/grid_map_cmake_helpers:/opt/ros/humble /usr/local/bin/cmake /root/Lunar_ROADSTER/lr_ws/src/drivers/grid_map/grid_map_msgs -DCMAKE_INSTALL_PREFIX=/root/Lunar_ROADSTER/lr_ws/install/grid_map_msgs
[0.043s] -- The C compiler identification is GNU 11.4.0
[0.116s] -- The CXX compiler identification is GNU 11.4.0
[0.127s] -- Detecting C compiler ABI info
[0.185s] -- Detecting C compiler ABI info - done
[0.189s] -- Check for working C compiler: /usr/bin/cc - skipped
[0.190s] -- Detecting C compile features
[0.190s] -- Detecting C compile features - done
[0.194s] -- Detecting CXX compiler ABI info
[0.265s] -- Detecting CXX compiler ABI info - done
[0.272s] -- Check for working CXX compiler: /usr/bin/c++ - skipped
[0.272s] -- Detecting CXX compile features
[0.273s] -- Detecting CXX compile features - done
[0.279s] -- Found ament_cmake: 1.3.10 (/opt/ros/humble/share/ament_cmake/cmake)
[0.387s] -- Found Python3: /usr/bin/python3 (found version "3.10.12") found components: Interpreter 
[0.488s] -- Found grid_map_cmake_helpers: 2.0.1 (/root/Lunar_ROADSTER/lr_ws/install/grid_map_cmake_helpers/share/grid_map_cmake_helpers/cmake)
[0.491s] -- Found std_msgs: 4.2.4 (/opt/ros/humble/share/std_msgs/cmake)
[0.536s] -- Found rosidl_generator_c: 3.1.5 (/opt/ros/humble/share/rosidl_generator_c/cmake)
[0.540s] -- Found rosidl_adapter: 3.1.5 (/opt/ros/humble/share/rosidl_adapter/cmake)
[0.549s] -- Found rosidl_generator_cpp: 3.1.5 (/opt/ros/humble/share/rosidl_generator_cpp/cmake)
[0.571s] -- Using all available rosidl_typesupport_c: rosidl_typesupport_fastrtps_c;rosidl_typesupport_introspection_c
[0.587s] -- Using all available rosidl_typesupport_cpp: rosidl_typesupport_fastrtps_cpp;rosidl_typesupport_introspection_cpp
[0.627s] -- Found geometry_msgs: 4.2.4 (/opt/ros/humble/share/geometry_msgs/cmake)
[0.649s] -- Found rosidl_default_generators: 1.2.0 (/opt/ros/humble/share/rosidl_default_generators/cmake)
[0.659s] -- Setting build type to Release as none was specified.
[0.964s] -- Found ament_cmake_ros: 0.10.0 (/opt/ros/humble/share/ament_cmake_ros/cmake)
[1.398s] -- Using all available rosidl_typesupport_c: rosidl_typesupport_fastrtps_c;rosidl_typesupport_introspection_c
[1.593s] -- Using all available rosidl_typesupport_cpp: rosidl_typesupport_fastrtps_cpp;rosidl_typesupport_introspection_cpp
[1.649s] -- Found PythonInterp: /usr/bin/python3 (found suitable version "3.10.12", minimum required is "3.6") 
[1.650s] -- Found python_cmake_module: 0.10.0 (/opt/ros/humble/share/python_cmake_module/cmake)
[1.692s] -- Found PythonLibs: /usr/lib/x86_64-linux-gnu/libpython3.10.so (found suitable version "3.10.12", minimum required is "3.5") 
[1.692s] -- Using PYTHON_EXECUTABLE: /usr/bin/python3
[1.695s] -- Using PYTHON_INCLUDE_DIRS: /usr/include/python3.10
[1.695s] -- Using PYTHON_LIBRARIES: /usr/lib/x86_64-linux-gnu/libpython3.10.so
[1.754s] -- Found PythonExtra: .so  
[1.896s] -- Configuring done
[2.074s] -- Generating done
[2.078s] -- Build files have been written to: /root/Lunar_ROADSTER/lr_ws/build/grid_map_msgs
[2.102s] Invoked command in '/root/Lunar_ROADSTER/lr_ws/build/grid_map_msgs' returned '0': AMENT_PREFIX_PATH=/root/Lunar_ROADSTER/lr_ws/install/grid_map_cmake_helpers:${AMENT_PREFIX_PATH} CMAKE_PREFIX_PATH=/root/Lunar_ROADSTER/lr_ws/install/grid_map_cmake_helpers:/opt/ros/humble /usr/local/bin/cmake /root/Lunar_ROADSTER/lr_ws/src/drivers/grid_map/grid_map_msgs -DCMAKE_INSTALL_PREFIX=/root/Lunar_ROADSTER/lr_ws/install/grid_map_msgs
[2.102s] Invoking command in '/root/Lunar_ROADSTER/lr_ws/build/grid_map_msgs': AMENT_PREFIX_PATH=/root/Lunar_ROADSTER/lr_ws/install/grid_map_cmake_helpers:${AMENT_PREFIX_PATH} CMAKE_PREFIX_PATH=/root/Lunar_ROADSTER/lr_ws/install/grid_map_cmake_helpers:/opt/ros/humble /usr/local/bin/cmake --build /root/Lunar_ROADSTER/lr_ws/build/grid_map_msgs -- -j16 -l16
[2.160s] [  1%] [34m[1mGenerating C code for ROS interfaces[0m
[2.186s] [  2%] [34m[1mGenerating C++ code for ROS interfaces[0m
[2.190s] [  2%] Built target ament_cmake_python_copy_grid_map_msgs
[2.719s] running egg_info
[2.719s] creating grid_map_msgs.egg-info
[2.719s] writing grid_map_msgs.egg-info/PKG-INFO
[2.721s] writing dependency_links to grid_map_msgs.egg-info/dependency_links.txt
[2.724s] writing top-level names to grid_map_msgs.egg-info/top_level.txt
[2.724s] writing manifest file 'grid_map_msgs.egg-info/SOURCES.txt'
[2.729s] reading manifest file 'grid_map_msgs.egg-info/SOURCES.txt'
[2.735s] writing manifest file 'grid_map_msgs.egg-info/SOURCES.txt'
[2.851s] [  2%] Built target ament_cmake_python_build_grid_map_msgs_egg
[2.982s] Traceback (most recent call last):
[2.982s]   File "/opt/ros/humble/share/rosidl_generator_c/cmake/../../../lib/rosidl_generator_c/rosidl_generator_c", line 38, in <module>
[2.982s] gmake[2]: *** Deleting file 'rosidl_generator_cpp/grid_map_msgs/msg/grid_map_info.hpp'
[2.982s] gmake[2]: *** Deleting file 'rosidl_generator_c/grid_map_msgs/msg/grid_map_info.h'
[2.982s]     sys.exit(main())
[2.982s]   File "/opt/ros/humble/share/rosidl_generator_c/cmake/../../../lib/rosidl_generator_c/rosidl_generator_c", line 34, in main
[2.998s]     generate_c(args.generator_arguments_file)
[2.998s]   File "/opt/ros/humble/local/lib/python3.10/dist-packages/rosidl_generator_c/__init__.py", line 37, in generate_c
[2.998s]     return generate_files(
[2.998s]   File "/opt/ros/humble/local/lib/python3.10/dist-packages/rosidl_cmake/__init__.py", line 74, in generate_files
[2.999s]     idl_file = parse_idl_file(locator)
[2.999s]   File "/opt/ros/humble/local/lib/python3.10/dist-packages/rosidl_parser/parser.py", line 64, in parse_idl_file
[2.999s] Traceback (most recent call last):
[2.999s]   File "/opt/ros/humble/share/rosidl_generator_cpp/cmake/../../../lib/rosidl_generator_cpp/rosidl_generator_cpp", line 38, in <module>
[2.999s]     sys.exit(main())
[2.999s]   File "/opt/ros/humble/share/rosidl_generator_cpp/cmake/../../../lib/rosidl_generator_cpp/rosidl_generator_cpp", line 34, in main
[2.999s]     generate_cpp(args.generator_arguments_file)
[2.999s]   File "/opt/ros/humble/local/lib/python3.10/dist-packages/rosidl_generator_cpp/__init__.py", line 38, in generate_cpp
[2.999s]     return generate_files(
[2.999s]   File "/opt/ros/humble/local/lib/python3.10/dist-packages/rosidl_cmake/__init__.py", line 74, in generate_files
[2.999s]     idl_file = parse_idl_file(locator)
[2.999s]   File "/opt/ros/humble/local/lib/python3.10/dist-packages/rosidl_parser/parser.py", line 64, in parse_idl_file
[3.000s]     content = parse_idl_string(string, png_file=png_file)
[3.000s]   File "/opt/ros/humble/local/lib/python3.10/dist-packages/rosidl_parser/parser.py", line 72, in parse_idl_string
[3.000s]     tree = get_ast_from_idl_string(idl_string)
[3.000s]     content = parse_idl_string(string, png_file=png_file)
[3.000s]   File "/opt/ros/humble/local/lib/python3.10/dist-packages/rosidl_parser/parser.py", line 89, in get_ast_from_idl_string
[3.000s]   File "/opt/ros/humble/local/lib/python3.10/dist-packages/rosidl_parser/parser.py", line 72, in parse_idl_string
[3.000s]     tree = get_ast_from_idl_string(idl_string)
[3.000s]   File "/opt/ros/humble/local/lib/python3.10/dist-packages/rosidl_parser/parser.py", line 89, in get_ast_from_idl_string
[3.000s]     return _parser.parse(idl_string)
[3.000s]   File "/usr/lib/python3/dist-packages/lark/lark.py", line 619, in parse
[3.000s]     return _parser.parse(idl_string)
[3.000s]   File "/usr/lib/python3/dist-packages/lark/lark.py", line 619, in parse
[3.000s]     return self.parser.parse(text, start=start, on_error=on_error)
[3.000s]   File "/usr/lib/python3/dist-packages/lark/parser_frontends.py", line 99, in parse
[3.000s]     return self.parser.parse(stream, chosen_start, **kw)
[3.000s]   File "/usr/lib/python3/dist-packages/lark/parsers/earley.py", line 266, in parse
[3.001s]     return self.parser.parse(text, start=start, on_error=on_error)
[3.001s]   File "/usr/lib/python3/dist-packages/lark/parser_frontends.py", line 99, in parse
[3.001s]     return self.parser.parse(stream, chosen_start, **kw)
[3.001s]   File "/usr/lib/python3/dist-packages/lark/parsers/earley.py", line 266, in parse
[3.001s]     to_scan = self._parse(lexer, columns, to_scan, start_symbol)
[3.001s]   File "/usr/lib/python3/dist-packages/lark/parsers/xearley.py", line 146, in _parse
[3.001s]     to_scan = self._parse(lexer, columns, to_scan, start_symbol)
[3.001s]   File "/usr/lib/python3/dist-packages/lark/parsers/xearley.py", line 144, in _parse
[3.001s]     to_scan = scan(i, to_scan)
[3.001s]   File "/usr/lib/python3/dist-packages/lark/parsers/xearley.py", line 53, in scan
[3.001s]     m = match(item.expect, stream, i)
[3.001s]   File "/usr/lib/python3/dist-packages/lark/parser_frontends.py", line 179, in match
[3.001s]     return self.regexps[term.name].match(text, index)
[3.001s] KeyboardInterrupt
[3.001s]     self.predict_and_complete(i, to_scan, columns, transitives)
[3.002s]   File "/usr/lib/python3/dist-packages/lark/parsers/earley.py", line 127, in predict_and_complete
[3.002s]     new_item.node.add_family(new_item.s, new_item.rule, i, originator.node, item.node)
[3.002s]   File "/usr/lib/python3/dist-packages/lark/parsers/earley_forest.py", line 64, in add_family
[3.005s]     self._children.add(PackedNode(self, lr0, rule, start, left, right))
[3.005s]   File "/usr/lib/python3/dist-packages/lark/parsers/earley_forest.py", line 132, in __init__
[3.005s]     self.priority = float('-inf')
[3.005s] KeyboardInterrupt
[3.043s] gmake[2]: *** [CMakeFiles/grid_map_msgs__rosidl_generator_c.dir/build.make:154: rosidl_generator_c/grid_map_msgs/msg/grid_map_info.h] Interrupt
[3.044s] gmake[1]: *** [CMakeFiles/Makefile2:212: CMakeFiles/grid_map_msgs__rosidl_generator_c.dir/all] Interrupt
[3.060s] gmake[2]: *** [CMakeFiles/grid_map_msgs__cpp.dir/build.make:178: rosidl_generator_cpp/grid_map_msgs/msg/grid_map_info.hpp] Interrupt
[3.061s] gmake[1]: *** [CMakeFiles/Makefile2:265: CMakeFiles/grid_map_msgs__cpp.dir/all] Interrupt
[3.061s] gmake: *** [Makefile:146: all] Interrupt
