[  9%] [32mBuilding CXX object CMakeFiles/kalman_filter_linear.dir/src/kalman_filter_linear.cpp.o[0m
[ 18%] [32mBuilding CXX object CMakeFiles/ts_prism_transformer.dir/src/ts_prism_transformer.cpp.o[0m
[ 27%] [32mBuilding CXX object CMakeFiles/ts_prism_transformer.dir/src/ts_prism_transformer_main.cpp.o[0m
[ 36%] [32mBuilding CXX object CMakeFiles/imu_tf_publisher.dir/src/imu_tf_publisher.cpp.o[0m
[ 45%] [32mBuilding CXX object CMakeFiles/imu_tf_publisher.dir/src/imu_tf_publisher_main.cpp.o[0m
[ 54%] [32m[1mLinking CXX static library libkalman_filter_linear.a[0m
[ 54%] Built target kalman_filter_linear
[ 63%] [32mBuilding CXX object CMakeFiles/slip_estimate_node.dir/src/slip_estimate_main.cpp.o[0m
[ 72%] [32mBuilding CXX object CMakeFiles/slip_estimate_node.dir/src/slip_estimate_node.cpp.o[0m
[ 81%] [32m[1mLinking CXX executable imu_tf_publisher[0m
[ 81%] Built target imu_tf_publisher
[ 90%] [32m[1mLinking CXX executable ts_prism_transformer[0m
[ 90%] Built target ts_prism_transformer
[100%] [32m[1mLinking CXX executable slip_estimate_node[0m
[100%] Built target slip_estimate_node
-- Install configuration: ""
-- Installing: /home/williamfbx/Lunar-ROADSTER/lr_ws/install/localization/lib/localization/slip_estimate_node
-- Set runtime path of "/home/williamfbx/Lunar-ROADSTER/lr_ws/install/localization/lib/localization/slip_estimate_node" to ""
-- Installing: /home/williamfbx/Lunar-ROADSTER/lr_ws/install/localization/lib/localization/ts_prism_transformer
-- Set runtime path of "/home/williamfbx/Lunar-ROADSTER/lr_ws/install/localization/lib/localization/ts_prism_transformer" to ""
-- Installing: /home/williamfbx/Lunar-ROADSTER/lr_ws/install/localization/lib/localization/imu_tf_publisher
-- Set runtime path of "/home/williamfbx/Lunar-ROADSTER/lr_ws/install/localization/lib/localization/imu_tf_publisher" to ""
-- Installing: /home/williamfbx/Lunar-ROADSTER/lr_ws/install/localization/include/localization
-- Installing: /home/williamfbx/Lunar-ROADSTER/lr_ws/install/localization/include/localization/ts_prism_transformer.hpp
-- Installing: /home/williamfbx/Lunar-ROADSTER/lr_ws/install/localization/include/localization/slip_estimate_node.hpp
-- Installing: /home/williamfbx/Lunar-ROADSTER/lr_ws/install/localization/include/localization/imu_tf_publisher.hpp
-- Installing: /home/williamfbx/Lunar-ROADSTER/lr_ws/install/localization/include/localization/kalman_filter_linear.hpp
-- Installing: /home/williamfbx/Lunar-ROADSTER/lr_ws/install/localization/share/localization/launch
-- Installing: /home/williamfbx/Lunar-ROADSTER/lr_ws/install/localization/share/localization/launch/__pycache__
-- Installing: /home/williamfbx/Lunar-ROADSTER/lr_ws/install/localization/share/localization/launch/__pycache__/imu_tf_publisher.launch.cpython-310.pyc
-- Installing: /home/williamfbx/Lunar-ROADSTER/lr_ws/install/localization/share/localization/launch/__pycache__/ekf_localization.launch.cpython-38.pyc
-- Installing: /home/williamfbx/Lunar-ROADSTER/lr_ws/install/localization/share/localization/launch/slip_estimate_launch.py
-- Installing: /home/williamfbx/Lunar-ROADSTER/lr_ws/install/localization/share/localization/launch/imu_tf_publisher.launch.py
-- Installing: /home/williamfbx/Lunar-ROADSTER/lr_ws/install/localization/share/localization/launch/ekf_localization.launch.py
-- Installing: /home/williamfbx/Lunar-ROADSTER/lr_ws/install/localization/share/localization//config
-- Installing: /home/williamfbx/Lunar-ROADSTER/lr_ws/install/localization/share/localization//config/ekf_slip_node_params.yaml
-- Installing: /home/williamfbx/Lunar-ROADSTER/lr_ws/install/localization/share/localization//config/ekf_global_node_params.yaml
-- Installing: /home/williamfbx/Lunar-ROADSTER/lr_ws/install/localization/share/localization//config/slip_estimate_params.yaml
-- Installing: /home/williamfbx/Lunar-ROADSTER/lr_ws/install/localization/share/localization//config/ekf_odom_node_params.yaml
-- Installing: /home/williamfbx/Lunar-ROADSTER/lr_ws/install/localization/share/localization//config/total_station_beacon_static_tf_params.yaml
-- Installing: /home/williamfbx/Lunar-ROADSTER/lr_ws/install/localization/share/ament_index/resource_index/package_run_dependencies/localization
-- Installing: /home/williamfbx/Lunar-ROADSTER/lr_ws/install/localization/share/ament_index/resource_index/parent_prefix_path/localization
-- Installing: /home/williamfbx/Lunar-ROADSTER/lr_ws/install/localization/share/localization/environment/ament_prefix_path.sh
-- Installing: /home/williamfbx/Lunar-ROADSTER/lr_ws/install/localization/share/localization/environment/ament_prefix_path.dsv
-- Installing: /home/williamfbx/Lunar-ROADSTER/lr_ws/install/localization/share/localization/environment/path.sh
-- Installing: /home/williamfbx/Lunar-ROADSTER/lr_ws/install/localization/share/localization/environment/path.dsv
-- Installing: /home/williamfbx/Lunar-ROADSTER/lr_ws/install/localization/share/localization/local_setup.bash
-- Installing: /home/williamfbx/Lunar-ROADSTER/lr_ws/install/localization/share/localization/local_setup.sh
-- Installing: /home/williamfbx/Lunar-ROADSTER/lr_ws/install/localization/share/localization/local_setup.zsh
-- Installing: /home/williamfbx/Lunar-ROADSTER/lr_ws/install/localization/share/localization/local_setup.dsv
-- Installing: /home/williamfbx/Lunar-ROADSTER/lr_ws/install/localization/share/localization/package.dsv
-- Installing: /home/williamfbx/Lunar-ROADSTER/lr_ws/install/localization/share/ament_index/resource_index/packages/localization
-- Installing: /home/williamfbx/Lunar-ROADSTER/lr_ws/install/localization/share/localization/cmake/localizationConfig.cmake
-- Installing: /home/williamfbx/Lunar-ROADSTER/lr_ws/install/localization/share/localization/cmake/localizationConfig-version.cmake
-- Installing: /home/williamfbx/Lunar-ROADSTER/lr_ws/install/localization/share/localization/package.xml
