[0.473s] Invoking command in '/root/Lunar_ROADSTER/lr_ws/build/mapping': CMAKE_PREFIX_PATH=${CMAKE_PREFIX_PATH}:/root/Lunar_ROADSTER/lr_ws/install/nav2_simple_commander:/opt/ros/humble /usr/local/bin/cmake --build /root/Lunar_ROADSTER/lr_ws/build/mapping -- -j4 -l4
[1.018s] [ 41%] Built target global_mapping_node
[1.275s] [ 50%] [32mBuilding CXX object CMakeFiles/pc_handler_node.dir/src/pc_handler.cpp.o[0m
[25.356s] [01m[K/root/Lunar_ROADSTER/lr_ws/src/mapping/src/pc_handler.cpp:[m[K In member function ‘[01m[Kvoid PointCloudHandler::processPointCloud(sensor_msgs::msg::PointCloud2_<std::allocator<void> >::SharedPtr)[m[K’:
[25.358s] [01m[K/root/Lunar_ROADSTER/lr_ws/src/mapping/src/pc_handler.cpp:83:21:[m[K [01;31m[Kerror: [m[Kredeclaration of ‘[01m[Ktf2::Quaternion q[m[K’
[25.359s]    83 |     tf2::Quaternion [01;31m[Kq[m[K(cam2map_transform.transform.rotation.x, cam2map_transform.transform.rotation.y, cam2map_transform.transform.rotation.z, cam2map_transform.transform.rotation.w);
[25.360s]       |                     [01;31m[K^[m[K
[25.362s] [01m[K/root/Lunar_ROADSTER/lr_ws/src/mapping/src/pc_handler.cpp:67:21:[m[K [01;36m[Knote: [m[K‘[01m[Ktf2::Quaternion q[m[K’ previously declared here
[25.364s]    67 |     tf2::Quaternion [01;36m[Kq[m[K(
[25.365s]       |                     [01;36m[K^[m[K
[25.367s] [01m[K/root/Lunar_ROADSTER/lr_ws/src/mapping/src/pc_handler.cpp:84:20:[m[K [01;31m[Kerror: [m[Kredeclaration of ‘[01m[Ktf2::Matrix3x3 m[m[K’
[25.368s]    84 |     tf2::Matrix3x3 [01;31m[Km[m[K(q);
[25.370s]       |                    [01;31m[K^[m[K
[25.371s] [01m[K/root/Lunar_ROADSTER/lr_ws/src/mapping/src/pc_handler.cpp:73:20:[m[K [01;36m[Knote: [m[K‘[01m[Ktf2::Matrix3x3 m[m[K’ previously declared here
[25.373s]    73 |     tf2::Matrix3x3 [01;36m[Km[m[K(q);
[25.374s]       |                    [01;36m[K^[m[K
[25.376s] [01m[K/root/Lunar_ROADSTER/lr_ws/src/mapping/src/pc_handler.cpp:85:12:[m[K [01;31m[Kerror: [m[Kredeclaration of ‘[01m[Kdouble roll[m[K’
[25.378s]    85 |     double [01;31m[Kroll[m[K, pitch, yaw;
[25.379s]       |            [01;31m[K^~~~[m[K
[25.381s] [01m[K/root/Lunar_ROADSTER/lr_ws/src/mapping/src/pc_handler.cpp:74:12:[m[K [01;36m[Knote: [m[K‘[01m[Kdouble roll[m[K’ previously declared here
[25.382s]    74 |     double [01;36m[Kroll[m[K, pitch, yaw;
[25.384s]       |            [01;36m[K^~~~[m[K
[25.385s] [01m[K/root/Lunar_ROADSTER/lr_ws/src/mapping/src/pc_handler.cpp:85:18:[m[K [01;31m[Kerror: [m[Kredeclaration of ‘[01m[Kdouble pitch[m[K’
[25.387s]    85 |     double roll, [01;31m[Kpitch[m[K, yaw;
[25.388s]       |                  [01;31m[K^~~~~[m[K
[25.389s] [01m[K/root/Lunar_ROADSTER/lr_ws/src/mapping/src/pc_handler.cpp:74:18:[m[K [01;36m[Knote: [m[K‘[01m[Kdouble pitch[m[K’ previously declared here
[25.389s]    74 |     double roll, [01;36m[Kpitch[m[K, yaw;
[25.389s]       |                  [01;36m[K^~~~~[m[K
[25.389s] [01m[K/root/Lunar_ROADSTER/lr_ws/src/mapping/src/pc_handler.cpp:85:25:[m[K [01;31m[Kerror: [m[Kredeclaration of ‘[01m[Kdouble yaw[m[K’
[25.390s]    85 |     double roll, pitch, [01;31m[Kyaw[m[K;
[25.390s]       |                         [01;31m[K^~~[m[K
[25.390s] [01m[K/root/Lunar_ROADSTER/lr_ws/src/mapping/src/pc_handler.cpp:74:25:[m[K [01;36m[Knote: [m[K‘[01m[Kdouble yaw[m[K’ previously declared here
[25.390s]    74 |     double roll, pitch, [01;36m[Kyaw[m[K;
[25.391s]       |                         [01;36m[K^~~[m[K
[39.649s] gmake[2]: *** [CMakeFiles/pc_handler_node.dir/build.make:90: CMakeFiles/pc_handler_node.dir/src/pc_handler.cpp.o] Error 1
[39.650s] gmake[1]: *** [CMakeFiles/Makefile2:193: CMakeFiles/pc_handler_node.dir/all] Error 2
[39.651s] gmake: *** [Makefile:146: all] Error 2
[39.660s] Invoked command in '/root/Lunar_ROADSTER/lr_ws/build/mapping' returned '2': CMAKE_PREFIX_PATH=${CMAKE_PREFIX_PATH}:/root/Lunar_ROADSTER/lr_ws/install/nav2_simple_commander:/opt/ros/humble /usr/local/bin/cmake --build /root/Lunar_ROADSTER/lr_ws/build/mapping -- -j4 -l4
