[0.179s] Invoking command in '/root/Lunar_ROADSTER/lr_ws/build/nav2_mppi_controller': AMENT_PREFIX_PATH=/root/Lunar_ROADSTER/lr_ws/install/nav2_core:/root/Lunar_ROADSTER/lr_ws/install/nav2_costmap_2d:/root/Lunar_ROADSTER/lr_ws/install/nav2_map_server:/root/Lunar_ROADSTER/lr_ws/install/nav2_lifecycle_manager:/root/Lunar_ROADSTER/lr_ws/install/nav2_util:/root/Lunar_ROADSTER/lr_ws/install/nav2_voxel_grid:/root/Lunar_ROADSTER/lr_ws/install/nav2_msgs:/root/Lunar_ROADSTER/lr_ws/install/nav2_common:${AMENT_PREFIX_PATH} CMAKE_PREFIX_PATH=/root/Lunar_ROADSTER/lr_ws/install/nav2_core:/root/Lunar_ROADSTER/lr_ws/install/nav2_costmap_2d:/root/Lunar_ROADSTER/lr_ws/install/nav2_map_server:/root/Lunar_ROADSTER/lr_ws/install/nav2_lifecycle_manager:/root/Lunar_ROADSTER/lr_ws/install/nav2_util:/root/Lunar_ROADSTER/lr_ws/install/nav2_voxel_grid:/root/Lunar_ROADSTER/lr_ws/install/nav2_msgs:/root/Lunar_ROADSTER/lr_ws/install/nav2_common:/opt/ros/humble LD_LIBRARY_PATH=/root/Lunar_ROADSTER/lr_ws/install/nav2_costmap_2d/lib:/root/Lunar_ROADSTER/lr_ws/install/nav2_map_server/lib:/root/Lunar_ROADSTER/lr_ws/install/nav2_lifecycle_manager/lib:/root/Lunar_ROADSTER/lr_ws/install/nav2_util/lib:/root/Lunar_ROADSTER/lr_ws/install/nav2_voxel_grid/lib:/root/Lunar_ROADSTER/lr_ws/install/nav2_msgs/lib:/opt/ros/humble/opt/rviz_ogre_vendor/lib:/opt/ros/humble/lib/aarch64-linux-gnu:/opt/ros/humble/lib:/usr/local/cuda/lib64 PYTHONPATH=/root/Lunar_ROADSTER/lr_ws/install/nav2_msgs/local/lib/python3.10/dist-packages:/root/Lunar_ROADSTER/lr_ws/install/nav2_common/local/lib/python3.10/dist-packages:${PYTHONPATH} /usr/local/bin/cmake --build /root/Lunar_ROADSTER/lr_ws/build/nav2_mppi_controller -- -j4 -l4
[0.469s] [  4%] Built target gtest_main
[0.670s] [  8%] Built target gtest
[0.673s] [ 24%] Built target mppi_controller
[0.713s] [ 51%] Built target mppi_critics
[0.834s] [ 55%] Built target controller_state_transition_test
[0.835s] [ 59%] Built target optimizer_smoke_test
[0.866s] [ 63%] Built target models_test
[1.008s] [ 67%] Built target noise_generator_test
[1.057s] [ 71%] Built target parameter_handler_test
[1.114s] [ 75%] Built target motion_model_tests
[1.249s] [ 79%] Built target trajectory_visualizer_tests
[1.324s] [ 83%] Built target utils_test
[1.347s] [ 87%] Built target path_handler_test
[1.428s] [ 91%] Built target critic_manager_test
[1.499s] [ 95%] Built target optimizer_unit_tests
[1.532s] [100%] Built target critics_tests
[1.582s] Invoked command in '/root/Lunar_ROADSTER/lr_ws/build/nav2_mppi_controller' returned '0': AMENT_PREFIX_PATH=/root/Lunar_ROADSTER/lr_ws/install/nav2_core:/root/Lunar_ROADSTER/lr_ws/install/nav2_costmap_2d:/root/Lunar_ROADSTER/lr_ws/install/nav2_map_server:/root/Lunar_ROADSTER/lr_ws/install/nav2_lifecycle_manager:/root/Lunar_ROADSTER/lr_ws/install/nav2_util:/root/Lunar_ROADSTER/lr_ws/install/nav2_voxel_grid:/root/Lunar_ROADSTER/lr_ws/install/nav2_msgs:/root/Lunar_ROADSTER/lr_ws/install/nav2_common:${AMENT_PREFIX_PATH} CMAKE_PREFIX_PATH=/root/Lunar_ROADSTER/lr_ws/install/nav2_core:/root/Lunar_ROADSTER/lr_ws/install/nav2_costmap_2d:/root/Lunar_ROADSTER/lr_ws/install/nav2_map_server:/root/Lunar_ROADSTER/lr_ws/install/nav2_lifecycle_manager:/root/Lunar_ROADSTER/lr_ws/install/nav2_util:/root/Lunar_ROADSTER/lr_ws/install/nav2_voxel_grid:/root/Lunar_ROADSTER/lr_ws/install/nav2_msgs:/root/Lunar_ROADSTER/lr_ws/install/nav2_common:/opt/ros/humble LD_LIBRARY_PATH=/root/Lunar_ROADSTER/lr_ws/install/nav2_costmap_2d/lib:/root/Lunar_ROADSTER/lr_ws/install/nav2_map_server/lib:/root/Lunar_ROADSTER/lr_ws/install/nav2_lifecycle_manager/lib:/root/Lunar_ROADSTER/lr_ws/install/nav2_util/lib:/root/Lunar_ROADSTER/lr_ws/install/nav2_voxel_grid/lib:/root/Lunar_ROADSTER/lr_ws/install/nav2_msgs/lib:/opt/ros/humble/opt/rviz_ogre_vendor/lib:/opt/ros/humble/lib/aarch64-linux-gnu:/opt/ros/humble/lib:/usr/local/cuda/lib64 PYTHONPATH=/root/Lunar_ROADSTER/lr_ws/install/nav2_msgs/local/lib/python3.10/dist-packages:/root/Lunar_ROADSTER/lr_ws/install/nav2_common/local/lib/python3.10/dist-packages:${PYTHONPATH} /usr/local/bin/cmake --build /root/Lunar_ROADSTER/lr_ws/build/nav2_mppi_controller -- -j4 -l4
[1.588s] Invoking command in '/root/Lunar_ROADSTER/lr_ws/build/nav2_mppi_controller': AMENT_PREFIX_PATH=/root/Lunar_ROADSTER/lr_ws/install/nav2_core:/root/Lunar_ROADSTER/lr_ws/install/nav2_costmap_2d:/root/Lunar_ROADSTER/lr_ws/install/nav2_map_server:/root/Lunar_ROADSTER/lr_ws/install/nav2_lifecycle_manager:/root/Lunar_ROADSTER/lr_ws/install/nav2_util:/root/Lunar_ROADSTER/lr_ws/install/nav2_voxel_grid:/root/Lunar_ROADSTER/lr_ws/install/nav2_msgs:/root/Lunar_ROADSTER/lr_ws/install/nav2_common:${AMENT_PREFIX_PATH} CMAKE_PREFIX_PATH=/root/Lunar_ROADSTER/lr_ws/install/nav2_core:/root/Lunar_ROADSTER/lr_ws/install/nav2_costmap_2d:/root/Lunar_ROADSTER/lr_ws/install/nav2_map_server:/root/Lunar_ROADSTER/lr_ws/install/nav2_lifecycle_manager:/root/Lunar_ROADSTER/lr_ws/install/nav2_util:/root/Lunar_ROADSTER/lr_ws/install/nav2_voxel_grid:/root/Lunar_ROADSTER/lr_ws/install/nav2_msgs:/root/Lunar_ROADSTER/lr_ws/install/nav2_common:/opt/ros/humble LD_LIBRARY_PATH=/root/Lunar_ROADSTER/lr_ws/install/nav2_costmap_2d/lib:/root/Lunar_ROADSTER/lr_ws/install/nav2_map_server/lib:/root/Lunar_ROADSTER/lr_ws/install/nav2_lifecycle_manager/lib:/root/Lunar_ROADSTER/lr_ws/install/nav2_util/lib:/root/Lunar_ROADSTER/lr_ws/install/nav2_voxel_grid/lib:/root/Lunar_ROADSTER/lr_ws/install/nav2_msgs/lib:/opt/ros/humble/opt/rviz_ogre_vendor/lib:/opt/ros/humble/lib/aarch64-linux-gnu:/opt/ros/humble/lib:/usr/local/cuda/lib64 PYTHONPATH=/root/Lunar_ROADSTER/lr_ws/install/nav2_msgs/local/lib/python3.10/dist-packages:/root/Lunar_ROADSTER/lr_ws/install/nav2_common/local/lib/python3.10/dist-packages:${PYTHONPATH} /usr/local/bin/cmake --install /root/Lunar_ROADSTER/lr_ws/build/nav2_mppi_controller
[1.617s] -- Install configuration: "Release"
[1.619s] -- Up-to-date: /root/Lunar_ROADSTER/lr_ws/install/nav2_mppi_controller/lib/libmppi_controller.so
[1.626s] -- Up-to-date: /root/Lunar_ROADSTER/lr_ws/install/nav2_mppi_controller/lib/libmppi_critics.so
[1.626s] -- Up-to-date: /root/Lunar_ROADSTER/lr_ws/install/nav2_mppi_controller/include/
[1.627s] -- Up-to-date: /root/Lunar_ROADSTER/lr_ws/install/nav2_mppi_controller/include//nav2_mppi_controller
[1.627s] -- Up-to-date: /root/Lunar_ROADSTER/lr_ws/install/nav2_mppi_controller/include//nav2_mppi_controller/controller.hpp
[1.628s] -- Up-to-date: /root/Lunar_ROADSTER/lr_ws/install/nav2_mppi_controller/include//nav2_mppi_controller/critic_data.hpp
[1.628s] -- Up-to-date: /root/Lunar_ROADSTER/lr_ws/install/nav2_mppi_controller/include//nav2_mppi_controller/critic_function.hpp
[1.628s] -- Up-to-date: /root/Lunar_ROADSTER/lr_ws/install/nav2_mppi_controller/include//nav2_mppi_controller/critic_manager.hpp
[1.628s] -- Up-to-date: /root/Lunar_ROADSTER/lr_ws/install/nav2_mppi_controller/include//nav2_mppi_controller/critics
[1.629s] -- Up-to-date: /root/Lunar_ROADSTER/lr_ws/install/nav2_mppi_controller/include//nav2_mppi_controller/critics/constraint_critic.hpp
[1.629s] -- Up-to-date: /root/Lunar_ROADSTER/lr_ws/install/nav2_mppi_controller/include//nav2_mppi_controller/critics/cost_critic.hpp
[1.630s] -- Up-to-date: /root/Lunar_ROADSTER/lr_ws/install/nav2_mppi_controller/include//nav2_mppi_controller/critics/goal_angle_critic.hpp
[1.630s] -- Up-to-date: /root/Lunar_ROADSTER/lr_ws/install/nav2_mppi_controller/include//nav2_mppi_controller/critics/goal_critic.hpp
[1.630s] -- Up-to-date: /root/Lunar_ROADSTER/lr_ws/install/nav2_mppi_controller/include//nav2_mppi_controller/critics/obstacles_critic.hpp
[1.641s] -- Up-to-date: /root/Lunar_ROADSTER/lr_ws/install/nav2_mppi_controller/include//nav2_mppi_controller/critics/path_align_critic.hpp
[1.641s] -- Up-to-date: /root/Lunar_ROADSTER/lr_ws/install/nav2_mppi_controller/include//nav2_mppi_controller/critics/path_align_legacy_critic.hpp
[1.642s] -- Up-to-date: /root/Lunar_ROADSTER/lr_ws/install/nav2_mppi_controller/include//nav2_mppi_controller/critics/path_angle_critic.hpp
[1.642s] -- Up-to-date: /root/Lunar_ROADSTER/lr_ws/install/nav2_mppi_controller/include//nav2_mppi_controller/critics/path_follow_critic.hpp
[1.643s] -- Up-to-date: /root/Lunar_ROADSTER/lr_ws/install/nav2_mppi_controller/include//nav2_mppi_controller/critics/prefer_forward_critic.hpp
[1.643s] -- Up-to-date: /root/Lunar_ROADSTER/lr_ws/install/nav2_mppi_controller/include//nav2_mppi_controller/critics/twirling_critic.hpp
[1.644s] -- Up-to-date: /root/Lunar_ROADSTER/lr_ws/install/nav2_mppi_controller/include//nav2_mppi_controller/critics/velocity_deadband_critic.hpp
[1.644s] -- Up-to-date: /root/Lunar_ROADSTER/lr_ws/install/nav2_mppi_controller/include//nav2_mppi_controller/models
[1.645s] -- Up-to-date: /root/Lunar_ROADSTER/lr_ws/install/nav2_mppi_controller/include//nav2_mppi_controller/models/constraints.hpp
[1.645s] -- Up-to-date: /root/Lunar_ROADSTER/lr_ws/install/nav2_mppi_controller/include//nav2_mppi_controller/models/control_sequence.hpp
[1.646s] -- Up-to-date: /root/Lunar_ROADSTER/lr_ws/install/nav2_mppi_controller/include//nav2_mppi_controller/models/optimizer_settings.hpp
[1.647s] -- Up-to-date: /root/Lunar_ROADSTER/lr_ws/install/nav2_mppi_controller/include//nav2_mppi_controller/models/path.hpp
[1.647s] -- Up-to-date: /root/Lunar_ROADSTER/lr_ws/install/nav2_mppi_controller/include//nav2_mppi_controller/models/state.hpp
[1.647s] -- Up-to-date: /root/Lunar_ROADSTER/lr_ws/install/nav2_mppi_controller/include//nav2_mppi_controller/models/trajectories.hpp
[1.647s] -- Up-to-date: /root/Lunar_ROADSTER/lr_ws/install/nav2_mppi_controller/include//nav2_mppi_controller/motion_models.hpp
[1.648s] -- Up-to-date: /root/Lunar_ROADSTER/lr_ws/install/nav2_mppi_controller/include//nav2_mppi_controller/optimizer.hpp
[1.648s] -- Up-to-date: /root/Lunar_ROADSTER/lr_ws/install/nav2_mppi_controller/include//nav2_mppi_controller/tools
[1.648s] -- Up-to-date: /root/Lunar_ROADSTER/lr_ws/install/nav2_mppi_controller/include//nav2_mppi_controller/tools/noise_generator.hpp
[1.649s] -- Up-to-date: /root/Lunar_ROADSTER/lr_ws/install/nav2_mppi_controller/include//nav2_mppi_controller/tools/parameters_handler.hpp
[1.649s] -- Up-to-date: /root/Lunar_ROADSTER/lr_ws/install/nav2_mppi_controller/include//nav2_mppi_controller/tools/path_handler.hpp
[1.649s] -- Up-to-date: /root/Lunar_ROADSTER/lr_ws/install/nav2_mppi_controller/include//nav2_mppi_controller/tools/trajectory_visualizer.hpp
[1.649s] -- Up-to-date: /root/Lunar_ROADSTER/lr_ws/install/nav2_mppi_controller/include//nav2_mppi_controller/tools/utils.hpp
[1.650s] -- Up-to-date: /root/Lunar_ROADSTER/lr_ws/install/nav2_mppi_controller/share/nav2_mppi_controller/environment/library_path.sh
[1.650s] -- Up-to-date: /root/Lunar_ROADSTER/lr_ws/install/nav2_mppi_controller/share/nav2_mppi_controller/environment/library_path.dsv
[1.650s] -- Up-to-date: /root/Lunar_ROADSTER/lr_ws/install/nav2_mppi_controller/share/nav2_mppi_controller/mppic.xml
[1.650s] -- Up-to-date: /root/Lunar_ROADSTER/lr_ws/install/nav2_mppi_controller/share/nav2_mppi_controller/critics.xml
[1.651s] -- Up-to-date: /root/Lunar_ROADSTER/lr_ws/install/nav2_mppi_controller/share/ament_index/resource_index/package_run_dependencies/nav2_mppi_controller
[1.651s] -- Up-to-date: /root/Lunar_ROADSTER/lr_ws/install/nav2_mppi_controller/share/ament_index/resource_index/parent_prefix_path/nav2_mppi_controller
[1.651s] -- Up-to-date: /root/Lunar_ROADSTER/lr_ws/install/nav2_mppi_controller/share/nav2_mppi_controller/environment/ament_prefix_path.sh
[1.651s] -- Up-to-date: /root/Lunar_ROADSTER/lr_ws/install/nav2_mppi_controller/share/nav2_mppi_controller/environment/ament_prefix_path.dsv
[1.652s] -- Up-to-date: /root/Lunar_ROADSTER/lr_ws/install/nav2_mppi_controller/share/nav2_mppi_controller/environment/path.sh
[1.652s] -- Up-to-date: /root/Lunar_ROADSTER/lr_ws/install/nav2_mppi_controller/share/nav2_mppi_controller/environment/path.dsv
[1.654s] -- Up-to-date: /root/Lunar_ROADSTER/lr_ws/install/nav2_mppi_controller/share/nav2_mppi_controller/local_setup.bash
[1.666s] -- Up-to-date: /root/Lunar_ROADSTER/lr_ws/install/nav2_mppi_controller/share/nav2_mppi_controller/local_setup.sh
[1.667s] -- Up-to-date: /root/Lunar_ROADSTER/lr_ws/install/nav2_mppi_controller/share/nav2_mppi_controller/local_setup.zsh
[1.679s] -- Up-to-date: /root/Lunar_ROADSTER/lr_ws/install/nav2_mppi_controller/share/nav2_mppi_controller/local_setup.dsv
[1.680s] -- Installing: /root/Lunar_ROADSTER/lr_ws/install/nav2_mppi_controller/share/nav2_mppi_controller/package.dsv
[1.680s] -- Up-to-date: /root/Lunar_ROADSTER/lr_ws/install/nav2_mppi_controller/share/ament_index/resource_index/packages/nav2_mppi_controller
[1.680s] -- Up-to-date: /root/Lunar_ROADSTER/lr_ws/install/nav2_mppi_controller/share/ament_index/resource_index/nav2_core__pluginlib__plugin/nav2_mppi_controller
[1.680s] -- Up-to-date: /root/Lunar_ROADSTER/lr_ws/install/nav2_mppi_controller/share/ament_index/resource_index/nav2_mppi_controller__pluginlib__plugin/nav2_mppi_controller
[1.681s] -- Up-to-date: /root/Lunar_ROADSTER/lr_ws/install/nav2_mppi_controller/share/nav2_mppi_controller/cmake/ament_cmake_export_libraries-extras.cmake
[1.681s] -- Up-to-date: /root/Lunar_ROADSTER/lr_ws/install/nav2_mppi_controller/share/nav2_mppi_controller/cmake/ament_cmake_export_dependencies-extras.cmake
[1.681s] -- Up-to-date: /root/Lunar_ROADSTER/lr_ws/install/nav2_mppi_controller/share/nav2_mppi_controller/cmake/ament_cmake_export_include_directories-extras.cmake
[1.682s] -- Up-to-date: /root/Lunar_ROADSTER/lr_ws/install/nav2_mppi_controller/share/nav2_mppi_controller/cmake/nav2_mppi_controllerConfig.cmake
[1.682s] -- Up-to-date: /root/Lunar_ROADSTER/lr_ws/install/nav2_mppi_controller/share/nav2_mppi_controller/cmake/nav2_mppi_controllerConfig-version.cmake
[1.683s] -- Up-to-date: /root/Lunar_ROADSTER/lr_ws/install/nav2_mppi_controller/share/nav2_mppi_controller/package.xml
[1.683s] Invoked command in '/root/Lunar_ROADSTER/lr_ws/build/nav2_mppi_controller' returned '0': AMENT_PREFIX_PATH=/root/Lunar_ROADSTER/lr_ws/install/nav2_core:/root/Lunar_ROADSTER/lr_ws/install/nav2_costmap_2d:/root/Lunar_ROADSTER/lr_ws/install/nav2_map_server:/root/Lunar_ROADSTER/lr_ws/install/nav2_lifecycle_manager:/root/Lunar_ROADSTER/lr_ws/install/nav2_util:/root/Lunar_ROADSTER/lr_ws/install/nav2_voxel_grid:/root/Lunar_ROADSTER/lr_ws/install/nav2_msgs:/root/Lunar_ROADSTER/lr_ws/install/nav2_common:${AMENT_PREFIX_PATH} CMAKE_PREFIX_PATH=/root/Lunar_ROADSTER/lr_ws/install/nav2_core:/root/Lunar_ROADSTER/lr_ws/install/nav2_costmap_2d:/root/Lunar_ROADSTER/lr_ws/install/nav2_map_server:/root/Lunar_ROADSTER/lr_ws/install/nav2_lifecycle_manager:/root/Lunar_ROADSTER/lr_ws/install/nav2_util:/root/Lunar_ROADSTER/lr_ws/install/nav2_voxel_grid:/root/Lunar_ROADSTER/lr_ws/install/nav2_msgs:/root/Lunar_ROADSTER/lr_ws/install/nav2_common:/opt/ros/humble LD_LIBRARY_PATH=/root/Lunar_ROADSTER/lr_ws/install/nav2_costmap_2d/lib:/root/Lunar_ROADSTER/lr_ws/install/nav2_map_server/lib:/root/Lunar_ROADSTER/lr_ws/install/nav2_lifecycle_manager/lib:/root/Lunar_ROADSTER/lr_ws/install/nav2_util/lib:/root/Lunar_ROADSTER/lr_ws/install/nav2_voxel_grid/lib:/root/Lunar_ROADSTER/lr_ws/install/nav2_msgs/lib:/opt/ros/humble/opt/rviz_ogre_vendor/lib:/opt/ros/humble/lib/aarch64-linux-gnu:/opt/ros/humble/lib:/usr/local/cuda/lib64 PYTHONPATH=/root/Lunar_ROADSTER/lr_ws/install/nav2_msgs/local/lib/python3.10/dist-packages:/root/Lunar_ROADSTER/lr_ws/install/nav2_common/local/lib/python3.10/dist-packages:${PYTHONPATH} /usr/local/bin/cmake --install /root/Lunar_ROADSTER/lr_ws/build/nav2_mppi_controller
