[0.174s] Invoking command in '/root/Lunar_ROADSTER/lr_ws/build/nav2_waypoint_follower': AMENT_PREFIX_PATH=/root/Lunar_ROADSTER/lr_ws/install/nav2_core:/root/Lunar_ROADSTER/lr_ws/install/nav2_costmap_2d:/root/Lunar_ROADSTER/lr_ws/install/nav2_map_server:/root/Lunar_ROADSTER/lr_ws/install/nav2_lifecycle_manager:/root/Lunar_ROADSTER/lr_ws/install/nav2_util:/root/Lunar_ROADSTER/lr_ws/install/nav2_voxel_grid:/root/Lunar_ROADSTER/lr_ws/install/nav2_msgs:/root/Lunar_ROADSTER/lr_ws/install/nav2_common:${AMENT_PREFIX_PATH} CMAKE_PREFIX_PATH=/root/Lunar_ROADSTER/lr_ws/install/nav2_core:/root/Lunar_ROADSTER/lr_ws/install/nav2_costmap_2d:/root/Lunar_ROADSTER/lr_ws/install/nav2_map_server:/root/Lunar_ROADSTER/lr_ws/install/nav2_lifecycle_manager:/root/Lunar_ROADSTER/lr_ws/install/nav2_util:/root/Lunar_ROADSTER/lr_ws/install/nav2_voxel_grid:/root/Lunar_ROADSTER/lr_ws/install/nav2_msgs:/root/Lunar_ROADSTER/lr_ws/install/nav2_common:/opt/ros/humble LD_LIBRARY_PATH=/root/Lunar_ROADSTER/lr_ws/install/nav2_costmap_2d/lib:/root/Lunar_ROADSTER/lr_ws/install/nav2_map_server/lib:/root/Lunar_ROADSTER/lr_ws/install/nav2_lifecycle_manager/lib:/root/Lunar_ROADSTER/lr_ws/install/nav2_util/lib:/root/Lunar_ROADSTER/lr_ws/install/nav2_voxel_grid/lib:/root/Lunar_ROADSTER/lr_ws/install/nav2_msgs/lib:/opt/ros/humble/opt/rviz_ogre_vendor/lib:/opt/ros/humble/lib/aarch64-linux-gnu:/opt/ros/humble/lib:/usr/local/cuda/lib64 PYTHONPATH=/root/Lunar_ROADSTER/lr_ws/install/nav2_msgs/local/lib/python3.10/dist-packages:/root/Lunar_ROADSTER/lr_ws/install/nav2_common/local/lib/python3.10/dist-packages:${PYTHONPATH} /usr/local/bin/cmake --build /root/Lunar_ROADSTER/lr_ws/build/nav2_waypoint_follower -- -j4 -l4
[0.409s] [ 11%] Built target waypoint_follower_core
[0.521s] [ 22%] Built target input_at_waypoint
[0.596s] [ 33%] Built target gtest_main
[0.668s] [ 44%] Built target gtest
[0.783s] [ 55%] Built target waypoint_follower
[0.921s] [ 66%] Built target test_dynamic_parameters
[1.034s] [ 77%] Built target photo_at_waypoint
[1.168s] [ 88%] Built target wait_at_waypoint
[1.323s] [100%] Built target test_task_executors
[1.349s] Invoked command in '/root/Lunar_ROADSTER/lr_ws/build/nav2_waypoint_follower' returned '0': AMENT_PREFIX_PATH=/root/Lunar_ROADSTER/lr_ws/install/nav2_core:/root/Lunar_ROADSTER/lr_ws/install/nav2_costmap_2d:/root/Lunar_ROADSTER/lr_ws/install/nav2_map_server:/root/Lunar_ROADSTER/lr_ws/install/nav2_lifecycle_manager:/root/Lunar_ROADSTER/lr_ws/install/nav2_util:/root/Lunar_ROADSTER/lr_ws/install/nav2_voxel_grid:/root/Lunar_ROADSTER/lr_ws/install/nav2_msgs:/root/Lunar_ROADSTER/lr_ws/install/nav2_common:${AMENT_PREFIX_PATH} CMAKE_PREFIX_PATH=/root/Lunar_ROADSTER/lr_ws/install/nav2_core:/root/Lunar_ROADSTER/lr_ws/install/nav2_costmap_2d:/root/Lunar_ROADSTER/lr_ws/install/nav2_map_server:/root/Lunar_ROADSTER/lr_ws/install/nav2_lifecycle_manager:/root/Lunar_ROADSTER/lr_ws/install/nav2_util:/root/Lunar_ROADSTER/lr_ws/install/nav2_voxel_grid:/root/Lunar_ROADSTER/lr_ws/install/nav2_msgs:/root/Lunar_ROADSTER/lr_ws/install/nav2_common:/opt/ros/humble LD_LIBRARY_PATH=/root/Lunar_ROADSTER/lr_ws/install/nav2_costmap_2d/lib:/root/Lunar_ROADSTER/lr_ws/install/nav2_map_server/lib:/root/Lunar_ROADSTER/lr_ws/install/nav2_lifecycle_manager/lib:/root/Lunar_ROADSTER/lr_ws/install/nav2_util/lib:/root/Lunar_ROADSTER/lr_ws/install/nav2_voxel_grid/lib:/root/Lunar_ROADSTER/lr_ws/install/nav2_msgs/lib:/opt/ros/humble/opt/rviz_ogre_vendor/lib:/opt/ros/humble/lib/aarch64-linux-gnu:/opt/ros/humble/lib:/usr/local/cuda/lib64 PYTHONPATH=/root/Lunar_ROADSTER/lr_ws/install/nav2_msgs/local/lib/python3.10/dist-packages:/root/Lunar_ROADSTER/lr_ws/install/nav2_common/local/lib/python3.10/dist-packages:${PYTHONPATH} /usr/local/bin/cmake --build /root/Lunar_ROADSTER/lr_ws/build/nav2_waypoint_follower -- -j4 -l4
[1.357s] Invoking command in '/root/Lunar_ROADSTER/lr_ws/build/nav2_waypoint_follower': AMENT_PREFIX_PATH=/root/Lunar_ROADSTER/lr_ws/install/nav2_core:/root/Lunar_ROADSTER/lr_ws/install/nav2_costmap_2d:/root/Lunar_ROADSTER/lr_ws/install/nav2_map_server:/root/Lunar_ROADSTER/lr_ws/install/nav2_lifecycle_manager:/root/Lunar_ROADSTER/lr_ws/install/nav2_util:/root/Lunar_ROADSTER/lr_ws/install/nav2_voxel_grid:/root/Lunar_ROADSTER/lr_ws/install/nav2_msgs:/root/Lunar_ROADSTER/lr_ws/install/nav2_common:${AMENT_PREFIX_PATH} CMAKE_PREFIX_PATH=/root/Lunar_ROADSTER/lr_ws/install/nav2_core:/root/Lunar_ROADSTER/lr_ws/install/nav2_costmap_2d:/root/Lunar_ROADSTER/lr_ws/install/nav2_map_server:/root/Lunar_ROADSTER/lr_ws/install/nav2_lifecycle_manager:/root/Lunar_ROADSTER/lr_ws/install/nav2_util:/root/Lunar_ROADSTER/lr_ws/install/nav2_voxel_grid:/root/Lunar_ROADSTER/lr_ws/install/nav2_msgs:/root/Lunar_ROADSTER/lr_ws/install/nav2_common:/opt/ros/humble LD_LIBRARY_PATH=/root/Lunar_ROADSTER/lr_ws/install/nav2_costmap_2d/lib:/root/Lunar_ROADSTER/lr_ws/install/nav2_map_server/lib:/root/Lunar_ROADSTER/lr_ws/install/nav2_lifecycle_manager/lib:/root/Lunar_ROADSTER/lr_ws/install/nav2_util/lib:/root/Lunar_ROADSTER/lr_ws/install/nav2_voxel_grid/lib:/root/Lunar_ROADSTER/lr_ws/install/nav2_msgs/lib:/opt/ros/humble/opt/rviz_ogre_vendor/lib:/opt/ros/humble/lib/aarch64-linux-gnu:/opt/ros/humble/lib:/usr/local/cuda/lib64 PYTHONPATH=/root/Lunar_ROADSTER/lr_ws/install/nav2_msgs/local/lib/python3.10/dist-packages:/root/Lunar_ROADSTER/lr_ws/install/nav2_common/local/lib/python3.10/dist-packages:${PYTHONPATH} /usr/local/bin/cmake --install /root/Lunar_ROADSTER/lr_ws/build/nav2_waypoint_follower
[1.376s] -- Install configuration: "Release"
[1.378s] -- Up-to-date: /root/Lunar_ROADSTER/lr_ws/install/nav2_waypoint_follower/lib/libwaypoint_follower_core.so
[1.381s] -- Up-to-date: /root/Lunar_ROADSTER/lr_ws/install/nav2_waypoint_follower/lib/libwait_at_waypoint.so
[1.383s] -- Up-to-date: /root/Lunar_ROADSTER/lr_ws/install/nav2_waypoint_follower/lib/libphoto_at_waypoint.so
[1.386s] -- Up-to-date: /root/Lunar_ROADSTER/lr_ws/install/nav2_waypoint_follower/lib/libinput_at_waypoint.so
[1.389s] -- Up-to-date: /root/Lunar_ROADSTER/lr_ws/install/nav2_waypoint_follower/lib/nav2_waypoint_follower/waypoint_follower
[1.393s] -- Up-to-date: /root/Lunar_ROADSTER/lr_ws/install/nav2_waypoint_follower/include/
[1.394s] -- Up-to-date: /root/Lunar_ROADSTER/lr_ws/install/nav2_waypoint_follower/include//nav2_waypoint_follower
[1.394s] -- Up-to-date: /root/Lunar_ROADSTER/lr_ws/install/nav2_waypoint_follower/include//nav2_waypoint_follower/plugins
[1.395s] -- Up-to-date: /root/Lunar_ROADSTER/lr_ws/install/nav2_waypoint_follower/include//nav2_waypoint_follower/plugins/input_at_waypoint.hpp
[1.395s] -- Up-to-date: /root/Lunar_ROADSTER/lr_ws/install/nav2_waypoint_follower/include//nav2_waypoint_follower/plugins/photo_at_waypoint.hpp
[1.396s] -- Up-to-date: /root/Lunar_ROADSTER/lr_ws/install/nav2_waypoint_follower/include//nav2_waypoint_follower/plugins/wait_at_waypoint.hpp
[1.397s] -- Up-to-date: /root/Lunar_ROADSTER/lr_ws/install/nav2_waypoint_follower/include//nav2_waypoint_follower/waypoint_follower.hpp
[1.398s] -- Up-to-date: /root/Lunar_ROADSTER/lr_ws/install/nav2_waypoint_follower/share/nav2_waypoint_follower/environment/library_path.sh
[1.409s] -- Up-to-date: /root/Lunar_ROADSTER/lr_ws/install/nav2_waypoint_follower/share/nav2_waypoint_follower/environment/library_path.dsv
[1.409s] -- Up-to-date: /root/Lunar_ROADSTER/lr_ws/install/nav2_waypoint_follower/share/nav2_waypoint_follower/plugins.xml
[1.410s] -- Up-to-date: /root/Lunar_ROADSTER/lr_ws/install/nav2_waypoint_follower/share/ament_index/resource_index/package_run_dependencies/nav2_waypoint_follower
[1.410s] -- Up-to-date: /root/Lunar_ROADSTER/lr_ws/install/nav2_waypoint_follower/share/ament_index/resource_index/parent_prefix_path/nav2_waypoint_follower
[1.410s] -- Up-to-date: /root/Lunar_ROADSTER/lr_ws/install/nav2_waypoint_follower/share/nav2_waypoint_follower/environment/ament_prefix_path.sh
[1.410s] -- Up-to-date: /root/Lunar_ROADSTER/lr_ws/install/nav2_waypoint_follower/share/nav2_waypoint_follower/environment/ament_prefix_path.dsv
[1.410s] -- Up-to-date: /root/Lunar_ROADSTER/lr_ws/install/nav2_waypoint_follower/share/nav2_waypoint_follower/environment/path.sh
[1.411s] -- Up-to-date: /root/Lunar_ROADSTER/lr_ws/install/nav2_waypoint_follower/share/nav2_waypoint_follower/environment/path.dsv
[1.411s] -- Up-to-date: /root/Lunar_ROADSTER/lr_ws/install/nav2_waypoint_follower/share/nav2_waypoint_follower/local_setup.bash
[1.411s] -- Up-to-date: /root/Lunar_ROADSTER/lr_ws/install/nav2_waypoint_follower/share/nav2_waypoint_follower/local_setup.sh
[1.411s] -- Up-to-date: /root/Lunar_ROADSTER/lr_ws/install/nav2_waypoint_follower/share/nav2_waypoint_follower/local_setup.zsh
[1.412s] -- Up-to-date: /root/Lunar_ROADSTER/lr_ws/install/nav2_waypoint_follower/share/nav2_waypoint_follower/local_setup.dsv
[1.412s] -- Installing: /root/Lunar_ROADSTER/lr_ws/install/nav2_waypoint_follower/share/nav2_waypoint_follower/package.dsv
[1.417s] -- Up-to-date: /root/Lunar_ROADSTER/lr_ws/install/nav2_waypoint_follower/share/ament_index/resource_index/packages/nav2_waypoint_follower
[1.421s] -- Up-to-date: /root/Lunar_ROADSTER/lr_ws/install/nav2_waypoint_follower/share/ament_index/resource_index/nav2_waypoint_follower__pluginlib__plugin/nav2_waypoint_follower
[1.423s] -- Up-to-date: /root/Lunar_ROADSTER/lr_ws/install/nav2_waypoint_follower/share/ament_index/resource_index/rclcpp_components/nav2_waypoint_follower
[1.423s] -- Up-to-date: /root/Lunar_ROADSTER/lr_ws/install/nav2_waypoint_follower/share/nav2_waypoint_follower/cmake/ament_cmake_export_include_directories-extras.cmake
[1.423s] -- Up-to-date: /root/Lunar_ROADSTER/lr_ws/install/nav2_waypoint_follower/share/nav2_waypoint_follower/cmake/ament_cmake_export_libraries-extras.cmake
[1.423s] -- Up-to-date: /root/Lunar_ROADSTER/lr_ws/install/nav2_waypoint_follower/share/nav2_waypoint_follower/cmake/ament_cmake_export_dependencies-extras.cmake
[1.424s] -- Up-to-date: /root/Lunar_ROADSTER/lr_ws/install/nav2_waypoint_follower/share/nav2_waypoint_follower/cmake/nav2_waypoint_followerConfig.cmake
[1.424s] -- Up-to-date: /root/Lunar_ROADSTER/lr_ws/install/nav2_waypoint_follower/share/nav2_waypoint_follower/cmake/nav2_waypoint_followerConfig-version.cmake
[1.424s] -- Up-to-date: /root/Lunar_ROADSTER/lr_ws/install/nav2_waypoint_follower/share/nav2_waypoint_follower/package.xml
[1.431s] Invoked command in '/root/Lunar_ROADSTER/lr_ws/build/nav2_waypoint_follower' returned '0': AMENT_PREFIX_PATH=/root/Lunar_ROADSTER/lr_ws/install/nav2_core:/root/Lunar_ROADSTER/lr_ws/install/nav2_costmap_2d:/root/Lunar_ROADSTER/lr_ws/install/nav2_map_server:/root/Lunar_ROADSTER/lr_ws/install/nav2_lifecycle_manager:/root/Lunar_ROADSTER/lr_ws/install/nav2_util:/root/Lunar_ROADSTER/lr_ws/install/nav2_voxel_grid:/root/Lunar_ROADSTER/lr_ws/install/nav2_msgs:/root/Lunar_ROADSTER/lr_ws/install/nav2_common:${AMENT_PREFIX_PATH} CMAKE_PREFIX_PATH=/root/Lunar_ROADSTER/lr_ws/install/nav2_core:/root/Lunar_ROADSTER/lr_ws/install/nav2_costmap_2d:/root/Lunar_ROADSTER/lr_ws/install/nav2_map_server:/root/Lunar_ROADSTER/lr_ws/install/nav2_lifecycle_manager:/root/Lunar_ROADSTER/lr_ws/install/nav2_util:/root/Lunar_ROADSTER/lr_ws/install/nav2_voxel_grid:/root/Lunar_ROADSTER/lr_ws/install/nav2_msgs:/root/Lunar_ROADSTER/lr_ws/install/nav2_common:/opt/ros/humble LD_LIBRARY_PATH=/root/Lunar_ROADSTER/lr_ws/install/nav2_costmap_2d/lib:/root/Lunar_ROADSTER/lr_ws/install/nav2_map_server/lib:/root/Lunar_ROADSTER/lr_ws/install/nav2_lifecycle_manager/lib:/root/Lunar_ROADSTER/lr_ws/install/nav2_util/lib:/root/Lunar_ROADSTER/lr_ws/install/nav2_voxel_grid/lib:/root/Lunar_ROADSTER/lr_ws/install/nav2_msgs/lib:/opt/ros/humble/opt/rviz_ogre_vendor/lib:/opt/ros/humble/lib/aarch64-linux-gnu:/opt/ros/humble/lib:/usr/local/cuda/lib64 PYTHONPATH=/root/Lunar_ROADSTER/lr_ws/install/nav2_msgs/local/lib/python3.10/dist-packages:/root/Lunar_ROADSTER/lr_ws/install/nav2_common/local/lib/python3.10/dist-packages:${PYTHONPATH} /usr/local/bin/cmake --install /root/Lunar_ROADSTER/lr_ws/build/nav2_waypoint_follower
