[0.575s] Invoking command in '/root/Lunar_ROADSTER/lr_ws/build/realsense': CMAKE_PREFIX_PATH=${CMAKE_PREFIX_PATH}:/root/Lunar_ROADSTER/lr_ws/install/nav2_simple_commander:/opt/ros/humble /usr/local/bin/cmake --build /root/Lunar_ROADSTER/lr_ws/build/realsense -- -j4 -l4
[1.409s] Invoked command in '/root/Lunar_ROADSTER/lr_ws/build/realsense' returned '0': CMAKE_PREFIX_PATH=${CMAKE_PREFIX_PATH}:/root/Lunar_ROADSTER/lr_ws/install/nav2_simple_commander:/opt/ros/humble /usr/local/bin/cmake --build /root/Lunar_ROADSTER/lr_ws/build/realsense -- -j4 -l4
[1.570s] Invoking command in '/root/Lunar_ROADSTER/lr_ws/build/realsense': CMAKE_PREFIX_PATH=${CMAKE_PREFIX_PATH}:/root/Lunar_ROADSTER/lr_ws/install/nav2_simple_commander:/opt/ros/humble /usr/local/bin/cmake --install /root/Lunar_ROADSTER/lr_ws/build/realsense
[1.691s] -- Install configuration: ""
[1.693s] -- Up-to-date: /root/Lunar_ROADSTER/lr_ws/install/realsense/share/realsense/launch
[1.699s] -- Up-to-date: /root/Lunar_ROADSTER/lr_ws/install/realsense/share/realsense/launch/realsense_launch.py
[1.701s] -- Up-to-date: /root/Lunar_ROADSTER/lr_ws/install/realsense/share/realsense//config
[1.701s] -- Up-to-date: /root/Lunar_ROADSTER/lr_ws/install/realsense/share/realsense//config/d435i_params.yaml
[1.702s] -- Installing: /root/Lunar_ROADSTER/lr_ws/install/realsense/share/realsense//config/realsense_static_tf_params.yaml
[1.707s] -- Up-to-date: /root/Lunar_ROADSTER/lr_ws/install/realsense/share/ament_index/resource_index/package_run_dependencies/realsense
[1.707s] -- Up-to-date: /root/Lunar_ROADSTER/lr_ws/install/realsense/share/ament_index/resource_index/parent_prefix_path/realsense
[1.707s] -- Up-to-date: /root/Lunar_ROADSTER/lr_ws/install/realsense/share/realsense/environment/ament_prefix_path.sh
[1.708s] -- Up-to-date: /root/Lunar_ROADSTER/lr_ws/install/realsense/share/realsense/environment/ament_prefix_path.dsv
[1.708s] -- Up-to-date: /root/Lunar_ROADSTER/lr_ws/install/realsense/share/realsense/environment/path.sh
[1.708s] -- Up-to-date: /root/Lunar_ROADSTER/lr_ws/install/realsense/share/realsense/environment/path.dsv
[1.708s] -- Up-to-date: /root/Lunar_ROADSTER/lr_ws/install/realsense/share/realsense/local_setup.bash
[1.709s] -- Up-to-date: /root/Lunar_ROADSTER/lr_ws/install/realsense/share/realsense/local_setup.sh
[1.709s] -- Up-to-date: /root/Lunar_ROADSTER/lr_ws/install/realsense/share/realsense/local_setup.zsh
[1.729s] -- Up-to-date: /root/Lunar_ROADSTER/lr_ws/install/realsense/share/realsense/local_setup.dsv
[1.729s] -- Installing: /root/Lunar_ROADSTER/lr_ws/install/realsense/share/realsense/package.dsv
[1.730s] -- Up-to-date: /root/Lunar_ROADSTER/lr_ws/install/realsense/share/ament_index/resource_index/packages/realsense
[1.730s] -- Up-to-date: /root/Lunar_ROADSTER/lr_ws/install/realsense/share/realsense/cmake/realsenseConfig.cmake
[1.730s] -- Up-to-date: /root/Lunar_ROADSTER/lr_ws/install/realsense/share/realsense/cmake/realsenseConfig-version.cmake
[1.731s] -- Up-to-date: /root/Lunar_ROADSTER/lr_ws/install/realsense/share/realsense/package.xml
[1.740s] Invoked command in '/root/Lunar_ROADSTER/lr_ws/build/realsense' returned '0': CMAKE_PREFIX_PATH=${CMAKE_PREFIX_PATH}:/root/Lunar_ROADSTER/lr_ws/install/nav2_simple_commander:/opt/ros/humble /usr/local/bin/cmake --install /root/Lunar_ROADSTER/lr_ws/build/realsense
