[0.026s] Invoking command in '/home/williamfbx/Lunar-ROADSTER/lr_ws/build/planning': CMAKE_PREFIX_PATH=/home/williamfbx/Lunar-ROADSTER/lr_ws/install/mapping:/home/williamfbx/Lunar-ROADSTER/lr_ws/install/cg_msgs:/home/williamfbx/Lunar-ROADSTER/lr_ws/install/vectornav:/home/williamfbx/Lunar-ROADSTER/lr_ws/install/vectornav_msgs:/home/williamfbx/Lunar-ROADSTER/lr_ws/install/teleop:/home/williamfbx/Lunar-ROADSTER/lr_ws/install/sensing:/home/williamfbx/Lunar-ROADSTER/lr_ws/install/realsense2_description:/home/williamfbx/Lunar-ROADSTER/lr_ws/install/realsense2_camera:/home/williamfbx/Lunar-ROADSTER/lr_ws/install/realsense2_camera_msgs:/home/williamfbx/Lunar-ROADSTER/lr_ws/install/realsense:/home/williamfbx/Lunar-ROADSTER/lr_ws/install/planning:/home/williamfbx/Lunar-ROADSTER/lr_ws/install/motion_control:/home/williamfbx/Lunar-ROADSTER/lr_ws/install/localization:/home/williamfbx/Lunar-ROADSTER/lr_ws/install/imu:/home/williamfbx/Lunar-ROADSTER/lr_ws/install/arduino:/opt/ros/humble LD_LIBRARY_PATH=/home/williamfbx/Lunar-ROADSTER/lr_ws/install/cg_msgs/lib:/home/williamfbx/Lunar-ROADSTER/lr_ws/install/vectornav/lib:/home/williamfbx/Lunar-ROADSTER/lr_ws/install/vectornav_msgs/lib:/home/williamfbx/Lunar-ROADSTER/lr_ws/install/realsense2_camera/lib:/home/williamfbx/Lunar-ROADSTER/lr_ws/install/realsense2_camera_msgs/lib:/usr/lib/x86_64-linux-gnu/gazebo-11/plugins:/opt/ros/humble/opt/rviz_ogre_vendor/lib:/opt/ros/humble/lib/x86_64-linux-gnu:/opt/ros/humble/lib /usr/bin/cmake --build /home/williamfbx/Lunar-ROADSTER/lr_ws/build/planning -- -j12 -l12
[0.069s] [35m[1mConsolidate compiler generated dependencies of target behavior_executive_node[0m
[0.098s] [ 33%] [32mBuilding CXX object CMakeFiles/behavior_executive_node.dir/src/behavior_executive_node.cpp.o[0m
[0.099s] [ 66%] [32mBuilding CXX object CMakeFiles/behavior_executive_node.dir/src/behavior_executive_main.cpp.o[0m
[2.009s] [01m[K/home/williamfbx/Lunar-ROADSTER/lr_ws/src/planning/src/behavior_executive_node.cpp:[m[K In member function ‘[01m[Kvoid cg::planning::BehaviorExecutive::globalRobotStateCallback(nav_msgs::msg::Odometry_<std::allocator<void> >::SharedPtr)[m[K’:
[2.009s] [01m[K/home/williamfbx/Lunar-ROADSTER/lr_ws/src/planning/src/behavior_executive_node.cpp:53:93:[m[K [01;35m[Kwarning: [m[Kunused parameter ‘[01m[Kmsg[m[K’ [[01;35m[K]8;;https://gcc.gnu.org/onlinedocs/gcc/Warning-Options.html#index-Wunused-parameter-Wunused-parameter]8;;[m[K]
[2.009s]    53 |   void BehaviorExecutive::globalRobotStateCallback([01;35m[Kconst nav_msgs::msg::Odometry::SharedPtr msg[m[K)
[2.009s]       |                                                    [01;35m[K~~~~~~~~~~~~~~~~~~~~~~~~~~~~~~~~~~~~~~~~~^~~[m[K
[2.009s] [01m[K/home/williamfbx/Lunar-ROADSTER/lr_ws/src/planning/src/behavior_executive_node.cpp:[m[K In member function ‘[01m[Kvoid cg::planning::BehaviorExecutive::odomRobotStateCallback(nav_msgs::msg::Odometry_<std::allocator<void> >::SharedPtr)[m[K’:
[2.009s] [01m[K/home/williamfbx/Lunar-ROADSTER/lr_ws/src/planning/src/behavior_executive_node.cpp:58:91:[m[K [01;35m[Kwarning: [m[Kunused parameter ‘[01m[Kmsg[m[K’ [[01;35m[K]8;;https://gcc.gnu.org/onlinedocs/gcc/Warning-Options.html#index-Wunused-parameter-Wunused-parameter]8;;[m[K]
[2.009s]    58 |   void BehaviorExecutive::odomRobotStateCallback([01;35m[Kconst nav_msgs::msg::Odometry::SharedPtr msg[m[K) {
[2.009s]       |                                                  [01;35m[K~~~~~~~~~~~~~~~~~~~~~~~~~~~~~~~~~~~~~~~~~^~~[m[K
[6.961s] [100%] [32m[1mLinking CXX executable behavior_executive_node[0m
[7.319s] [100%] Built target behavior_executive_node
[7.329s] Invoked command in '/home/williamfbx/Lunar-ROADSTER/lr_ws/build/planning' returned '0': CMAKE_PREFIX_PATH=/home/williamfbx/Lunar-ROADSTER/lr_ws/install/mapping:/home/williamfbx/Lunar-ROADSTER/lr_ws/install/cg_msgs:/home/williamfbx/Lunar-ROADSTER/lr_ws/install/vectornav:/home/williamfbx/Lunar-ROADSTER/lr_ws/install/vectornav_msgs:/home/williamfbx/Lunar-ROADSTER/lr_ws/install/teleop:/home/williamfbx/Lunar-ROADSTER/lr_ws/install/sensing:/home/williamfbx/Lunar-ROADSTER/lr_ws/install/realsense2_description:/home/williamfbx/Lunar-ROADSTER/lr_ws/install/realsense2_camera:/home/williamfbx/Lunar-ROADSTER/lr_ws/install/realsense2_camera_msgs:/home/williamfbx/Lunar-ROADSTER/lr_ws/install/realsense:/home/williamfbx/Lunar-ROADSTER/lr_ws/install/planning:/home/williamfbx/Lunar-ROADSTER/lr_ws/install/motion_control:/home/williamfbx/Lunar-ROADSTER/lr_ws/install/localization:/home/williamfbx/Lunar-ROADSTER/lr_ws/install/imu:/home/williamfbx/Lunar-ROADSTER/lr_ws/install/arduino:/opt/ros/humble LD_LIBRARY_PATH=/home/williamfbx/Lunar-ROADSTER/lr_ws/install/cg_msgs/lib:/home/williamfbx/Lunar-ROADSTER/lr_ws/install/vectornav/lib:/home/williamfbx/Lunar-ROADSTER/lr_ws/install/vectornav_msgs/lib:/home/williamfbx/Lunar-ROADSTER/lr_ws/install/realsense2_camera/lib:/home/williamfbx/Lunar-ROADSTER/lr_ws/install/realsense2_camera_msgs/lib:/usr/lib/x86_64-linux-gnu/gazebo-11/plugins:/opt/ros/humble/opt/rviz_ogre_vendor/lib:/opt/ros/humble/lib/x86_64-linux-gnu:/opt/ros/humble/lib /usr/bin/cmake --build /home/williamfbx/Lunar-ROADSTER/lr_ws/build/planning -- -j12 -l12
[7.331s] Invoking command in '/home/williamfbx/Lunar-ROADSTER/lr_ws/build/planning': CMAKE_PREFIX_PATH=/home/williamfbx/Lunar-ROADSTER/lr_ws/install/mapping:/home/williamfbx/Lunar-ROADSTER/lr_ws/install/cg_msgs:/home/williamfbx/Lunar-ROADSTER/lr_ws/install/vectornav:/home/williamfbx/Lunar-ROADSTER/lr_ws/install/vectornav_msgs:/home/williamfbx/Lunar-ROADSTER/lr_ws/install/teleop:/home/williamfbx/Lunar-ROADSTER/lr_ws/install/sensing:/home/williamfbx/Lunar-ROADSTER/lr_ws/install/realsense2_description:/home/williamfbx/Lunar-ROADSTER/lr_ws/install/realsense2_camera:/home/williamfbx/Lunar-ROADSTER/lr_ws/install/realsense2_camera_msgs:/home/williamfbx/Lunar-ROADSTER/lr_ws/install/realsense:/home/williamfbx/Lunar-ROADSTER/lr_ws/install/planning:/home/williamfbx/Lunar-ROADSTER/lr_ws/install/motion_control:/home/williamfbx/Lunar-ROADSTER/lr_ws/install/localization:/home/williamfbx/Lunar-ROADSTER/lr_ws/install/imu:/home/williamfbx/Lunar-ROADSTER/lr_ws/install/arduino:/opt/ros/humble LD_LIBRARY_PATH=/home/williamfbx/Lunar-ROADSTER/lr_ws/install/cg_msgs/lib:/home/williamfbx/Lunar-ROADSTER/lr_ws/install/vectornav/lib:/home/williamfbx/Lunar-ROADSTER/lr_ws/install/vectornav_msgs/lib:/home/williamfbx/Lunar-ROADSTER/lr_ws/install/realsense2_camera/lib:/home/williamfbx/Lunar-ROADSTER/lr_ws/install/realsense2_camera_msgs/lib:/usr/lib/x86_64-linux-gnu/gazebo-11/plugins:/opt/ros/humble/opt/rviz_ogre_vendor/lib:/opt/ros/humble/lib/x86_64-linux-gnu:/opt/ros/humble/lib /usr/bin/cmake --install /home/williamfbx/Lunar-ROADSTER/lr_ws/build/planning
[7.341s] -- Install configuration: ""
[7.341s] -- Installing: /home/williamfbx/Lunar-ROADSTER/lr_ws/install/planning/lib/planning/behavior_executive_node
[7.345s] -- Set runtime path of "/home/williamfbx/Lunar-ROADSTER/lr_ws/install/planning/lib/planning/behavior_executive_node" to ""
[7.345s] -- Up-to-date: /home/williamfbx/Lunar-ROADSTER/lr_ws/install/planning/include/planning
[7.345s] -- Installing: /home/williamfbx/Lunar-ROADSTER/lr_ws/install/planning/include/planning/behavior_executive_node.hpp
[7.345s] -- Up-to-date: /home/williamfbx/Lunar-ROADSTER/lr_ws/install/planning/include/planning/fsm
[7.345s] -- Up-to-date: /home/williamfbx/Lunar-ROADSTER/lr_ws/install/planning/share/planning/launch
[7.345s] -- Up-to-date: /home/williamfbx/Lunar-ROADSTER/lr_ws/install/planning/share/planning/launch/planning_launch.py
[7.345s] -- Up-to-date: /home/williamfbx/Lunar-ROADSTER/lr_ws/install/planning/share/planning//config
[7.345s] -- Up-to-date: /home/williamfbx/Lunar-ROADSTER/lr_ws/install/planning/share/planning//config/autograder_node_params.yaml
[7.346s] -- Up-to-date: /home/williamfbx/Lunar-ROADSTER/lr_ws/install/planning/share/planning//config/50x50_zeros_height_map.csv
[7.346s] -- Up-to-date: /home/williamfbx/Lunar-ROADSTER/lr_ws/install/planning/share/planning//config/site_map_params.yaml
[7.346s] -- Up-to-date: /home/williamfbx/Lunar-ROADSTER/lr_ws/install/planning/share/planning//config/behavior_executive_params.yaml
[7.346s] -- Up-to-date: /home/williamfbx/Lunar-ROADSTER/lr_ws/install/planning/share/ament_index/resource_index/package_run_dependencies/planning
[7.346s] -- Up-to-date: /home/williamfbx/Lunar-ROADSTER/lr_ws/install/planning/share/ament_index/resource_index/parent_prefix_path/planning
[7.346s] -- Up-to-date: /home/williamfbx/Lunar-ROADSTER/lr_ws/install/planning/share/planning/environment/ament_prefix_path.sh
[7.346s] -- Up-to-date: /home/williamfbx/Lunar-ROADSTER/lr_ws/install/planning/share/planning/environment/ament_prefix_path.dsv
[7.346s] -- Up-to-date: /home/williamfbx/Lunar-ROADSTER/lr_ws/install/planning/share/planning/environment/path.sh
[7.346s] -- Up-to-date: /home/williamfbx/Lunar-ROADSTER/lr_ws/install/planning/share/planning/environment/path.dsv
[7.346s] -- Up-to-date: /home/williamfbx/Lunar-ROADSTER/lr_ws/install/planning/share/planning/local_setup.bash
[7.346s] -- Up-to-date: /home/williamfbx/Lunar-ROADSTER/lr_ws/install/planning/share/planning/local_setup.sh
[7.346s] -- Up-to-date: /home/williamfbx/Lunar-ROADSTER/lr_ws/install/planning/share/planning/local_setup.zsh
[7.346s] -- Up-to-date: /home/williamfbx/Lunar-ROADSTER/lr_ws/install/planning/share/planning/local_setup.dsv
[7.346s] -- Installing: /home/williamfbx/Lunar-ROADSTER/lr_ws/install/planning/share/planning/package.dsv
[7.346s] -- Up-to-date: /home/williamfbx/Lunar-ROADSTER/lr_ws/install/planning/share/ament_index/resource_index/packages/planning
[7.346s] -- Up-to-date: /home/williamfbx/Lunar-ROADSTER/lr_ws/install/planning/share/planning/cmake/ament_cmake_export_include_directories-extras.cmake
[7.346s] -- Up-to-date: /home/williamfbx/Lunar-ROADSTER/lr_ws/install/planning/share/planning/cmake/planningConfig.cmake
[7.346s] -- Up-to-date: /home/williamfbx/Lunar-ROADSTER/lr_ws/install/planning/share/planning/cmake/planningConfig-version.cmake
[7.346s] -- Up-to-date: /home/williamfbx/Lunar-ROADSTER/lr_ws/install/planning/share/planning/package.xml
[7.348s] Invoked command in '/home/williamfbx/Lunar-ROADSTER/lr_ws/build/planning' returned '0': CMAKE_PREFIX_PATH=/home/williamfbx/Lunar-ROADSTER/lr_ws/install/mapping:/home/williamfbx/Lunar-ROADSTER/lr_ws/install/cg_msgs:/home/williamfbx/Lunar-ROADSTER/lr_ws/install/vectornav:/home/williamfbx/Lunar-ROADSTER/lr_ws/install/vectornav_msgs:/home/williamfbx/Lunar-ROADSTER/lr_ws/install/teleop:/home/williamfbx/Lunar-ROADSTER/lr_ws/install/sensing:/home/williamfbx/Lunar-ROADSTER/lr_ws/install/realsense2_description:/home/williamfbx/Lunar-ROADSTER/lr_ws/install/realsense2_camera:/home/williamfbx/Lunar-ROADSTER/lr_ws/install/realsense2_camera_msgs:/home/williamfbx/Lunar-ROADSTER/lr_ws/install/realsense:/home/williamfbx/Lunar-ROADSTER/lr_ws/install/planning:/home/williamfbx/Lunar-ROADSTER/lr_ws/install/motion_control:/home/williamfbx/Lunar-ROADSTER/lr_ws/install/localization:/home/williamfbx/Lunar-ROADSTER/lr_ws/install/imu:/home/williamfbx/Lunar-ROADSTER/lr_ws/install/arduino:/opt/ros/humble LD_LIBRARY_PATH=/home/williamfbx/Lunar-ROADSTER/lr_ws/install/cg_msgs/lib:/home/williamfbx/Lunar-ROADSTER/lr_ws/install/vectornav/lib:/home/williamfbx/Lunar-ROADSTER/lr_ws/install/vectornav_msgs/lib:/home/williamfbx/Lunar-ROADSTER/lr_ws/install/realsense2_camera/lib:/home/williamfbx/Lunar-ROADSTER/lr_ws/install/realsense2_camera_msgs/lib:/usr/lib/x86_64-linux-gnu/gazebo-11/plugins:/opt/ros/humble/opt/rviz_ogre_vendor/lib:/opt/ros/humble/lib/x86_64-linux-gnu:/opt/ros/humble/lib /usr/bin/cmake --install /home/williamfbx/Lunar-ROADSTER/lr_ws/build/planning
