[0.490s] Invoking command in '/root/Lunar_ROADSTER/lr_ws/build/sensing': CMAKE_PREFIX_PATH=${CMAKE_PREFIX_PATH}:/root/Lunar_ROADSTER/lr_ws/install/nav2_simple_commander:/opt/ros/humble /usr/local/bin/cmake --build /root/Lunar_ROADSTER/lr_ws/build/sensing -- -j4 -l4
[0.718s] Invoked command in '/root/Lunar_ROADSTER/lr_ws/build/sensing' returned '0': CMAKE_PREFIX_PATH=${CMAKE_PREFIX_PATH}:/root/Lunar_ROADSTER/lr_ws/install/nav2_simple_commander:/opt/ros/humble /usr/local/bin/cmake --build /root/Lunar_ROADSTER/lr_ws/build/sensing -- -j4 -l4
[0.738s] Invoking command in '/root/Lunar_ROADSTER/lr_ws/build/sensing': CMAKE_PREFIX_PATH=${CMAKE_PREFIX_PATH}:/root/Lunar_ROADSTER/lr_ws/install/nav2_simple_commander:/opt/ros/humble /usr/local/bin/cmake --install /root/Lunar_ROADSTER/lr_ws/build/sensing
[0.793s] -- Install configuration: ""
[0.793s] -- Up-to-date: /root/Lunar_ROADSTER/lr_ws/install/sensing/share/sensing/launch
[0.797s] -- Up-to-date: /root/Lunar_ROADSTER/lr_ws/install/sensing/share/sensing/launch/sensing_launch.py
[0.800s] -- Up-to-date: /root/Lunar_ROADSTER/lr_ws/install/sensing/share/sensing/launch/__pycache__
[0.807s] -- Up-to-date: /root/Lunar_ROADSTER/lr_ws/install/sensing/share/sensing/launch/__pycache__/sensing_launch.cpython-310.pyc
[0.823s] -- Up-to-date: /root/Lunar_ROADSTER/lr_ws/install/sensing/share/ament_index/resource_index/package_run_dependencies/sensing
[0.826s] -- Up-to-date: /root/Lunar_ROADSTER/lr_ws/install/sensing/share/ament_index/resource_index/parent_prefix_path/sensing
[0.832s] -- Up-to-date: /root/Lunar_ROADSTER/lr_ws/install/sensing/share/sensing/environment/ament_prefix_path.sh
[0.842s] -- Up-to-date: /root/Lunar_ROADSTER/lr_ws/install/sensing/share/sensing/environment/ament_prefix_path.dsv
[0.844s] -- Up-to-date: /root/Lunar_ROADSTER/lr_ws/install/sensing/share/sensing/environment/path.sh
[0.846s] -- Up-to-date: /root/Lunar_ROADSTER/lr_ws/install/sensing/share/sensing/environment/path.dsv
[0.848s] -- Up-to-date: /root/Lunar_ROADSTER/lr_ws/install/sensing/share/sensing/local_setup.bash
[0.852s] -- Up-to-date: /root/Lunar_ROADSTER/lr_ws/install/sensing/share/sensing/local_setup.sh
[0.854s] -- Up-to-date: /root/Lunar_ROADSTER/lr_ws/install/sensing/share/sensing/local_setup.zsh
[0.858s] -- Up-to-date: /root/Lunar_ROADSTER/lr_ws/install/sensing/share/sensing/local_setup.dsv
[0.863s] -- Installing: /root/Lunar_ROADSTER/lr_ws/install/sensing/share/sensing/package.dsv
[0.882s] -- Up-to-date: /root/Lunar_ROADSTER/lr_ws/install/sensing/share/ament_index/resource_index/packages/sensing
[0.884s] -- Up-to-date: /root/Lunar_ROADSTER/lr_ws/install/sensing/share/sensing/cmake/sensingConfig.cmake
[0.885s] -- Up-to-date: /root/Lunar_ROADSTER/lr_ws/install/sensing/share/sensing/cmake/sensingConfig-version.cmake
[0.887s] -- Up-to-date: /root/Lunar_ROADSTER/lr_ws/install/sensing/share/sensing/package.xml
[0.905s] Invoked command in '/root/Lunar_ROADSTER/lr_ws/build/sensing' returned '0': CMAKE_PREFIX_PATH=${CMAKE_PREFIX_PATH}:/root/Lunar_ROADSTER/lr_ws/install/nav2_simple_commander:/opt/ros/humble /usr/local/bin/cmake --install /root/Lunar_ROADSTER/lr_ws/build/sensing
