[0.279s] Invoking command in '/root/Lunar_ROADSTER/lr_ws/build/realsense2_camera_msgs': CMAKE_PREFIX_PATH=${CMAKE_PREFIX_PATH}:/root/Lunar_ROADSTER/lr_ws/install/nav2_simple_commander:/opt/ros/humble /usr/local/bin/cmake --build /root/Lunar_ROADSTER/lr_ws/build/realsense2_camera_msgs -- -j4 -l4
[0.897s] [  1%] Built target realsense2_camera_msgs__cpp
[1.022s] [ 12%] Built target realsense2_camera_msgs__rosidl_generator_c
[1.384s] [ 23%] Built target realsense2_camera_msgs__rosidl_typesupport_fastrtps_cpp
[1.598s] [ 39%] Built target realsense2_camera_msgs__rosidl_typesupport_cpp
[1.599s] [ 46%] Built target realsense2_camera_msgs__rosidl_typesupport_introspection_cpp
[1.801s] [ 46%] Built target ament_cmake_python_copy_realsense2_camera_msgs
[1.835s] [ 57%] Built target realsense2_camera_msgs__rosidl_typesupport_introspection_c
[1.863s] [ 68%] Built target realsense2_camera_msgs__rosidl_typesupport_fastrtps_c
[1.971s] [ 79%] Built target realsense2_camera_msgs__rosidl_typesupport_c
[2.227s] [ 79%] Built target realsense2_camera_msgs
[2.730s] [ 80%] Built target realsense2_camera_msgs__py
[3.098s] [ 90%] Built target realsense2_camera_msgs__rosidl_generator_py
[3.429s] [ 93%] Built target realsense2_camera_msgs__rosidl_typesupport_fastrtps_c__pyext
[3.926s] [ 96%] Built target realsense2_camera_msgs__rosidl_typesupport_c__pyext
[4.226s] [100%] Built target realsense2_camera_msgs__rosidl_typesupport_introspection_c__pyext
[5.049s] running egg_info
[5.059s] writing realsense2_camera_msgs.egg-info/PKG-INFO
[5.061s] writing dependency_links to realsense2_camera_msgs.egg-info/dependency_links.txt
[5.082s] writing top-level names to realsense2_camera_msgs.egg-info/top_level.txt
[5.128s] reading manifest file 'realsense2_camera_msgs.egg-info/SOURCES.txt'
[5.132s] writing manifest file 'realsense2_camera_msgs.egg-info/SOURCES.txt'
[5.388s] [100%] Built target ament_cmake_python_build_realsense2_camera_msgs_egg
[5.553s] Invoked command in '/root/Lunar_ROADSTER/lr_ws/build/realsense2_camera_msgs' returned '0': CMAKE_PREFIX_PATH=${CMAKE_PREFIX_PATH}:/root/Lunar_ROADSTER/lr_ws/install/nav2_simple_commander:/opt/ros/humble /usr/local/bin/cmake --build /root/Lunar_ROADSTER/lr_ws/build/realsense2_camera_msgs -- -j4 -l4
[5.563s] Invoking command in '/root/Lunar_ROADSTER/lr_ws/build/realsense2_camera_msgs': CMAKE_PREFIX_PATH=${CMAKE_PREFIX_PATH}:/root/Lunar_ROADSTER/lr_ws/install/nav2_simple_commander:/opt/ros/humble /usr/local/bin/cmake --install /root/Lunar_ROADSTER/lr_ws/build/realsense2_camera_msgs
[5.656s] -- Install configuration: ""
[5.657s] -- Up-to-date: /root/Lunar_ROADSTER/lr_ws/install/realsense2_camera_msgs/share/ament_index/resource_index/rosidl_interfaces/realsense2_camera_msgs
[5.659s] -- Up-to-date: /root/Lunar_ROADSTER/lr_ws/install/realsense2_camera_msgs/include/realsense2_camera_msgs/realsense2_camera_msgs
[5.664s] -- Up-to-date: /root/Lunar_ROADSTER/lr_ws/install/realsense2_camera_msgs/include/realsense2_camera_msgs/realsense2_camera_msgs/msg
[5.677s] -- Up-to-date: /root/Lunar_ROADSTER/lr_ws/install/realsense2_camera_msgs/include/realsense2_camera_msgs/realsense2_camera_msgs/msg/imu_info.h
[5.680s] -- Up-to-date: /root/Lunar_ROADSTER/lr_ws/install/realsense2_camera_msgs/include/realsense2_camera_msgs/realsense2_camera_msgs/msg/rosidl_generator_c__visibility_control.h
[5.684s] -- Up-to-date: /root/Lunar_ROADSTER/lr_ws/install/realsense2_camera_msgs/include/realsense2_camera_msgs/realsense2_camera_msgs/msg/detail
[5.691s] -- Up-to-date: /root/Lunar_ROADSTER/lr_ws/install/realsense2_camera_msgs/include/realsense2_camera_msgs/realsense2_camera_msgs/msg/detail/imu_info__functions.c
[5.693s] -- Up-to-date: /root/Lunar_ROADSTER/lr_ws/install/realsense2_camera_msgs/include/realsense2_camera_msgs/realsense2_camera_msgs/msg/detail/imu_info__functions.h
[5.699s] -- Up-to-date: /root/Lunar_ROADSTER/lr_ws/install/realsense2_camera_msgs/include/realsense2_camera_msgs/realsense2_camera_msgs/msg/detail/imu_info__struct.h
[5.701s] -- Up-to-date: /root/Lunar_ROADSTER/lr_ws/install/realsense2_camera_msgs/include/realsense2_camera_msgs/realsense2_camera_msgs/msg/detail/imu_info__type_support.h
[5.703s] -- Up-to-date: /root/Lunar_ROADSTER/lr_ws/install/realsense2_camera_msgs/include/realsense2_camera_msgs/realsense2_camera_msgs/msg/detail/extrinsics__functions.c
[5.704s] -- Up-to-date: /root/Lunar_ROADSTER/lr_ws/install/realsense2_camera_msgs/include/realsense2_camera_msgs/realsense2_camera_msgs/msg/detail/extrinsics__functions.h
[5.705s] -- Up-to-date: /root/Lunar_ROADSTER/lr_ws/install/realsense2_camera_msgs/include/realsense2_camera_msgs/realsense2_camera_msgs/msg/detail/extrinsics__struct.h
[5.707s] -- Up-to-date: /root/Lunar_ROADSTER/lr_ws/install/realsense2_camera_msgs/include/realsense2_camera_msgs/realsense2_camera_msgs/msg/detail/extrinsics__type_support.h
[5.709s] -- Up-to-date: /root/Lunar_ROADSTER/lr_ws/install/realsense2_camera_msgs/include/realsense2_camera_msgs/realsense2_camera_msgs/msg/detail/metadata__functions.c
[5.729s] -- Up-to-date: /root/Lunar_ROADSTER/lr_ws/install/realsense2_camera_msgs/include/realsense2_camera_msgs/realsense2_camera_msgs/msg/detail/metadata__functions.h
[5.730s] -- Up-to-date: /root/Lunar_ROADSTER/lr_ws/install/realsense2_camera_msgs/include/realsense2_camera_msgs/realsense2_camera_msgs/msg/detail/metadata__struct.h
[5.732s] -- Up-to-date: /root/Lunar_ROADSTER/lr_ws/install/realsense2_camera_msgs/include/realsense2_camera_msgs/realsense2_camera_msgs/msg/detail/metadata__type_support.h
[5.733s] -- Up-to-date: /root/Lunar_ROADSTER/lr_ws/install/realsense2_camera_msgs/include/realsense2_camera_msgs/realsense2_camera_msgs/msg/detail/rgbd__functions.c
[5.735s] -- Up-to-date: /root/Lunar_ROADSTER/lr_ws/install/realsense2_camera_msgs/include/realsense2_camera_msgs/realsense2_camera_msgs/msg/detail/rgbd__functions.h
[5.737s] -- Up-to-date: /root/Lunar_ROADSTER/lr_ws/install/realsense2_camera_msgs/include/realsense2_camera_msgs/realsense2_camera_msgs/msg/detail/rgbd__struct.h
[5.740s] -- Up-to-date: /root/Lunar_ROADSTER/lr_ws/install/realsense2_camera_msgs/include/realsense2_camera_msgs/realsense2_camera_msgs/msg/detail/rgbd__type_support.h
[5.742s] -- Up-to-date: /root/Lunar_ROADSTER/lr_ws/install/realsense2_camera_msgs/include/realsense2_camera_msgs/realsense2_camera_msgs/msg/extrinsics.h
[5.745s] -- Up-to-date: /root/Lunar_ROADSTER/lr_ws/install/realsense2_camera_msgs/include/realsense2_camera_msgs/realsense2_camera_msgs/msg/metadata.h
[5.749s] -- Up-to-date: /root/Lunar_ROADSTER/lr_ws/install/realsense2_camera_msgs/include/realsense2_camera_msgs/realsense2_camera_msgs/msg/rgbd.h
[5.750s] -- Up-to-date: /root/Lunar_ROADSTER/lr_ws/install/realsense2_camera_msgs/include/realsense2_camera_msgs/realsense2_camera_msgs/srv
[5.754s] -- Up-to-date: /root/Lunar_ROADSTER/lr_ws/install/realsense2_camera_msgs/include/realsense2_camera_msgs/realsense2_camera_msgs/srv/device_info.h
[5.757s] -- Up-to-date: /root/Lunar_ROADSTER/lr_ws/install/realsense2_camera_msgs/include/realsense2_camera_msgs/realsense2_camera_msgs/srv/detail
[5.759s] -- Up-to-date: /root/Lunar_ROADSTER/lr_ws/install/realsense2_camera_msgs/include/realsense2_camera_msgs/realsense2_camera_msgs/srv/detail/device_info__functions.c
[5.763s] -- Up-to-date: /root/Lunar_ROADSTER/lr_ws/install/realsense2_camera_msgs/include/realsense2_camera_msgs/realsense2_camera_msgs/srv/detail/device_info__functions.h
[5.767s] -- Up-to-date: /root/Lunar_ROADSTER/lr_ws/install/realsense2_camera_msgs/include/realsense2_camera_msgs/realsense2_camera_msgs/srv/detail/device_info__struct.h
[5.770s] -- Up-to-date: /root/Lunar_ROADSTER/lr_ws/install/realsense2_camera_msgs/include/realsense2_camera_msgs/realsense2_camera_msgs/srv/detail/device_info__type_support.h
[5.773s] -- Up-to-date: /root/Lunar_ROADSTER/lr_ws/install/realsense2_camera_msgs/share/realsense2_camera_msgs/environment/library_path.sh
[5.785s] -- Up-to-date: /root/Lunar_ROADSTER/lr_ws/install/realsense2_camera_msgs/share/realsense2_camera_msgs/environment/library_path.dsv
[5.791s] -- Up-to-date: /root/Lunar_ROADSTER/lr_ws/install/realsense2_camera_msgs/lib/librealsense2_camera_msgs__rosidl_generator_c.so
[5.793s] -- Up-to-date: /root/Lunar_ROADSTER/lr_ws/install/realsense2_camera_msgs/include/realsense2_camera_msgs/realsense2_camera_msgs
[5.797s] -- Up-to-date: /root/Lunar_ROADSTER/lr_ws/install/realsense2_camera_msgs/include/realsense2_camera_msgs/realsense2_camera_msgs/msg
[5.801s] -- Up-to-date: /root/Lunar_ROADSTER/lr_ws/install/realsense2_camera_msgs/include/realsense2_camera_msgs/realsense2_camera_msgs/msg/detail
[5.806s] -- Up-to-date: /root/Lunar_ROADSTER/lr_ws/install/realsense2_camera_msgs/include/realsense2_camera_msgs/realsense2_camera_msgs/msg/detail/imu_info__rosidl_typesupport_fastrtps_c.h
[5.808s] -- Up-to-date: /root/Lunar_ROADSTER/lr_ws/install/realsense2_camera_msgs/include/realsense2_camera_msgs/realsense2_camera_msgs/msg/detail/extrinsics__rosidl_typesupport_fastrtps_c.h
[5.810s] -- Up-to-date: /root/Lunar_ROADSTER/lr_ws/install/realsense2_camera_msgs/include/realsense2_camera_msgs/realsense2_camera_msgs/msg/detail/metadata__rosidl_typesupport_fastrtps_c.h
[5.815s] -- Up-to-date: /root/Lunar_ROADSTER/lr_ws/install/realsense2_camera_msgs/include/realsense2_camera_msgs/realsense2_camera_msgs/msg/detail/rgbd__rosidl_typesupport_fastrtps_c.h
[5.819s] -- Up-to-date: /root/Lunar_ROADSTER/lr_ws/install/realsense2_camera_msgs/include/realsense2_camera_msgs/realsense2_camera_msgs/msg/rosidl_typesupport_fastrtps_c__visibility_control.h
[5.819s] -- Up-to-date: /root/Lunar_ROADSTER/lr_ws/install/realsense2_camera_msgs/include/realsense2_camera_msgs/realsense2_camera_msgs/srv
[5.820s] -- Up-to-date: /root/Lunar_ROADSTER/lr_ws/install/realsense2_camera_msgs/include/realsense2_camera_msgs/realsense2_camera_msgs/srv/detail
[5.823s] -- Up-to-date: /root/Lunar_ROADSTER/lr_ws/install/realsense2_camera_msgs/include/realsense2_camera_msgs/realsense2_camera_msgs/srv/detail/device_info__rosidl_typesupport_fastrtps_c.h
[5.827s] -- Up-to-date: /root/Lunar_ROADSTER/lr_ws/install/realsense2_camera_msgs/lib/librealsense2_camera_msgs__rosidl_typesupport_fastrtps_c.so
[5.829s] -- Up-to-date: /root/Lunar_ROADSTER/lr_ws/install/realsense2_camera_msgs/include/realsense2_camera_msgs/realsense2_camera_msgs
[5.836s] -- Up-to-date: /root/Lunar_ROADSTER/lr_ws/install/realsense2_camera_msgs/include/realsense2_camera_msgs/realsense2_camera_msgs/msg
[5.838s] -- Up-to-date: /root/Lunar_ROADSTER/lr_ws/install/realsense2_camera_msgs/include/realsense2_camera_msgs/realsense2_camera_msgs/msg/detail
[5.848s] -- Up-to-date: /root/Lunar_ROADSTER/lr_ws/install/realsense2_camera_msgs/include/realsense2_camera_msgs/realsense2_camera_msgs/msg/detail/imu_info__rosidl_typesupport_introspection_c.h
[5.851s] -- Up-to-date: /root/Lunar_ROADSTER/lr_ws/install/realsense2_camera_msgs/include/realsense2_camera_msgs/realsense2_camera_msgs/msg/detail/imu_info__type_support.c
[5.854s] -- Up-to-date: /root/Lunar_ROADSTER/lr_ws/install/realsense2_camera_msgs/include/realsense2_camera_msgs/realsense2_camera_msgs/msg/detail/extrinsics__rosidl_typesupport_introspection_c.h
[5.858s] -- Up-to-date: /root/Lunar_ROADSTER/lr_ws/install/realsense2_camera_msgs/include/realsense2_camera_msgs/realsense2_camera_msgs/msg/detail/extrinsics__type_support.c
[5.859s] -- Up-to-date: /root/Lunar_ROADSTER/lr_ws/install/realsense2_camera_msgs/include/realsense2_camera_msgs/realsense2_camera_msgs/msg/detail/metadata__rosidl_typesupport_introspection_c.h
[5.861s] -- Up-to-date: /root/Lunar_ROADSTER/lr_ws/install/realsense2_camera_msgs/include/realsense2_camera_msgs/realsense2_camera_msgs/msg/detail/metadata__type_support.c
[5.863s] -- Up-to-date: /root/Lunar_ROADSTER/lr_ws/install/realsense2_camera_msgs/include/realsense2_camera_msgs/realsense2_camera_msgs/msg/detail/rgbd__rosidl_typesupport_introspection_c.h
[5.865s] -- Up-to-date: /root/Lunar_ROADSTER/lr_ws/install/realsense2_camera_msgs/include/realsense2_camera_msgs/realsense2_camera_msgs/msg/detail/rgbd__type_support.c
[5.867s] -- Up-to-date: /root/Lunar_ROADSTER/lr_ws/install/realsense2_camera_msgs/include/realsense2_camera_msgs/realsense2_camera_msgs/msg/rosidl_typesupport_introspection_c__visibility_control.h
[5.868s] -- Up-to-date: /root/Lunar_ROADSTER/lr_ws/install/realsense2_camera_msgs/include/realsense2_camera_msgs/realsense2_camera_msgs/srv
[5.871s] -- Up-to-date: /root/Lunar_ROADSTER/lr_ws/install/realsense2_camera_msgs/include/realsense2_camera_msgs/realsense2_camera_msgs/srv/detail
[5.873s] -- Up-to-date: /root/Lunar_ROADSTER/lr_ws/install/realsense2_camera_msgs/include/realsense2_camera_msgs/realsense2_camera_msgs/srv/detail/device_info__rosidl_typesupport_introspection_c.h
[5.880s] -- Up-to-date: /root/Lunar_ROADSTER/lr_ws/install/realsense2_camera_msgs/include/realsense2_camera_msgs/realsense2_camera_msgs/srv/detail/device_info__type_support.c
[5.883s] -- Up-to-date: /root/Lunar_ROADSTER/lr_ws/install/realsense2_camera_msgs/lib/librealsense2_camera_msgs__rosidl_typesupport_introspection_c.so
[5.904s] -- Up-to-date: /root/Lunar_ROADSTER/lr_ws/install/realsense2_camera_msgs/lib/librealsense2_camera_msgs__rosidl_typesupport_c.so
[5.907s] -- Up-to-date: /root/Lunar_ROADSTER/lr_ws/install/realsense2_camera_msgs/include/realsense2_camera_msgs/realsense2_camera_msgs
[5.914s] -- Up-to-date: /root/Lunar_ROADSTER/lr_ws/install/realsense2_camera_msgs/include/realsense2_camera_msgs/realsense2_camera_msgs/msg
[5.920s] -- Up-to-date: /root/Lunar_ROADSTER/lr_ws/install/realsense2_camera_msgs/include/realsense2_camera_msgs/realsense2_camera_msgs/msg/imu_info.hpp
[5.920s] -- Up-to-date: /root/Lunar_ROADSTER/lr_ws/install/realsense2_camera_msgs/include/realsense2_camera_msgs/realsense2_camera_msgs/msg/detail
[5.920s] -- Up-to-date: /root/Lunar_ROADSTER/lr_ws/install/realsense2_camera_msgs/include/realsense2_camera_msgs/realsense2_camera_msgs/msg/detail/imu_info__builder.hpp
[5.921s] -- Up-to-date: /root/Lunar_ROADSTER/lr_ws/install/realsense2_camera_msgs/include/realsense2_camera_msgs/realsense2_camera_msgs/msg/detail/imu_info__struct.hpp
[5.923s] -- Up-to-date: /root/Lunar_ROADSTER/lr_ws/install/realsense2_camera_msgs/include/realsense2_camera_msgs/realsense2_camera_msgs/msg/detail/imu_info__traits.hpp
[5.927s] -- Up-to-date: /root/Lunar_ROADSTER/lr_ws/install/realsense2_camera_msgs/include/realsense2_camera_msgs/realsense2_camera_msgs/msg/detail/imu_info__type_support.hpp
[5.927s] -- Up-to-date: /root/Lunar_ROADSTER/lr_ws/install/realsense2_camera_msgs/include/realsense2_camera_msgs/realsense2_camera_msgs/msg/detail/extrinsics__builder.hpp
[5.927s] -- Up-to-date: /root/Lunar_ROADSTER/lr_ws/install/realsense2_camera_msgs/include/realsense2_camera_msgs/realsense2_camera_msgs/msg/detail/extrinsics__struct.hpp
[5.928s] -- Up-to-date: /root/Lunar_ROADSTER/lr_ws/install/realsense2_camera_msgs/include/realsense2_camera_msgs/realsense2_camera_msgs/msg/detail/extrinsics__traits.hpp
[5.928s] -- Up-to-date: /root/Lunar_ROADSTER/lr_ws/install/realsense2_camera_msgs/include/realsense2_camera_msgs/realsense2_camera_msgs/msg/detail/extrinsics__type_support.hpp
[5.930s] -- Up-to-date: /root/Lunar_ROADSTER/lr_ws/install/realsense2_camera_msgs/include/realsense2_camera_msgs/realsense2_camera_msgs/msg/detail/metadata__builder.hpp
[5.933s] -- Up-to-date: /root/Lunar_ROADSTER/lr_ws/install/realsense2_camera_msgs/include/realsense2_camera_msgs/realsense2_camera_msgs/msg/detail/metadata__struct.hpp
[5.935s] -- Up-to-date: /root/Lunar_ROADSTER/lr_ws/install/realsense2_camera_msgs/include/realsense2_camera_msgs/realsense2_camera_msgs/msg/detail/metadata__traits.hpp
[5.936s] -- Up-to-date: /root/Lunar_ROADSTER/lr_ws/install/realsense2_camera_msgs/include/realsense2_camera_msgs/realsense2_camera_msgs/msg/detail/metadata__type_support.hpp
[5.937s] -- Up-to-date: /root/Lunar_ROADSTER/lr_ws/install/realsense2_camera_msgs/include/realsense2_camera_msgs/realsense2_camera_msgs/msg/detail/rgbd__builder.hpp
[5.938s] -- Up-to-date: /root/Lunar_ROADSTER/lr_ws/install/realsense2_camera_msgs/include/realsense2_camera_msgs/realsense2_camera_msgs/msg/detail/rgbd__struct.hpp
[5.939s] -- Up-to-date: /root/Lunar_ROADSTER/lr_ws/install/realsense2_camera_msgs/include/realsense2_camera_msgs/realsense2_camera_msgs/msg/detail/rgbd__traits.hpp
[5.941s] -- Up-to-date: /root/Lunar_ROADSTER/lr_ws/install/realsense2_camera_msgs/include/realsense2_camera_msgs/realsense2_camera_msgs/msg/detail/rgbd__type_support.hpp
[5.941s] -- Up-to-date: /root/Lunar_ROADSTER/lr_ws/install/realsense2_camera_msgs/include/realsense2_camera_msgs/realsense2_camera_msgs/msg/rosidl_generator_cpp__visibility_control.hpp
[5.941s] -- Up-to-date: /root/Lunar_ROADSTER/lr_ws/install/realsense2_camera_msgs/include/realsense2_camera_msgs/realsense2_camera_msgs/msg/extrinsics.hpp
[5.946s] -- Up-to-date: /root/Lunar_ROADSTER/lr_ws/install/realsense2_camera_msgs/include/realsense2_camera_msgs/realsense2_camera_msgs/msg/metadata.hpp
[5.948s] -- Up-to-date: /root/Lunar_ROADSTER/lr_ws/install/realsense2_camera_msgs/include/realsense2_camera_msgs/realsense2_camera_msgs/msg/rgbd.hpp
[5.950s] -- Up-to-date: /root/Lunar_ROADSTER/lr_ws/install/realsense2_camera_msgs/include/realsense2_camera_msgs/realsense2_camera_msgs/srv
[5.950s] -- Up-to-date: /root/Lunar_ROADSTER/lr_ws/install/realsense2_camera_msgs/include/realsense2_camera_msgs/realsense2_camera_msgs/srv/device_info.hpp
[5.953s] -- Up-to-date: /root/Lunar_ROADSTER/lr_ws/install/realsense2_camera_msgs/include/realsense2_camera_msgs/realsense2_camera_msgs/srv/detail
[5.954s] -- Up-to-date: /root/Lunar_ROADSTER/lr_ws/install/realsense2_camera_msgs/include/realsense2_camera_msgs/realsense2_camera_msgs/srv/detail/device_info__builder.hpp
[5.957s] -- Up-to-date: /root/Lunar_ROADSTER/lr_ws/install/realsense2_camera_msgs/include/realsense2_camera_msgs/realsense2_camera_msgs/srv/detail/device_info__struct.hpp
[5.958s] -- Up-to-date: /root/Lunar_ROADSTER/lr_ws/install/realsense2_camera_msgs/include/realsense2_camera_msgs/realsense2_camera_msgs/srv/detail/device_info__traits.hpp
[5.962s] -- Up-to-date: /root/Lunar_ROADSTER/lr_ws/install/realsense2_camera_msgs/include/realsense2_camera_msgs/realsense2_camera_msgs/srv/detail/device_info__type_support.hpp
[5.963s] -- Up-to-date: /root/Lunar_ROADSTER/lr_ws/install/realsense2_camera_msgs/include/realsense2_camera_msgs/realsense2_camera_msgs
[5.964s] -- Up-to-date: /root/Lunar_ROADSTER/lr_ws/install/realsense2_camera_msgs/include/realsense2_camera_msgs/realsense2_camera_msgs/msg
[5.964s] -- Up-to-date: /root/Lunar_ROADSTER/lr_ws/install/realsense2_camera_msgs/include/realsense2_camera_msgs/realsense2_camera_msgs/msg/detail
[5.969s] -- Up-to-date: /root/Lunar_ROADSTER/lr_ws/install/realsense2_camera_msgs/include/realsense2_camera_msgs/realsense2_camera_msgs/msg/detail/imu_info__rosidl_typesupport_fastrtps_cpp.hpp
[5.969s] -- Up-to-date: /root/Lunar_ROADSTER/lr_ws/install/realsense2_camera_msgs/include/realsense2_camera_msgs/realsense2_camera_msgs/msg/detail/dds_fastrtps
[5.970s] -- Up-to-date: /root/Lunar_ROADSTER/lr_ws/install/realsense2_camera_msgs/include/realsense2_camera_msgs/realsense2_camera_msgs/msg/detail/extrinsics__rosidl_typesupport_fastrtps_cpp.hpp
[5.970s] -- Up-to-date: /root/Lunar_ROADSTER/lr_ws/install/realsense2_camera_msgs/include/realsense2_camera_msgs/realsense2_camera_msgs/msg/detail/metadata__rosidl_typesupport_fastrtps_cpp.hpp
[5.970s] -- Up-to-date: /root/Lunar_ROADSTER/lr_ws/install/realsense2_camera_msgs/include/realsense2_camera_msgs/realsense2_camera_msgs/msg/detail/rgbd__rosidl_typesupport_fastrtps_cpp.hpp
[5.973s] -- Up-to-date: /root/Lunar_ROADSTER/lr_ws/install/realsense2_camera_msgs/include/realsense2_camera_msgs/realsense2_camera_msgs/msg/rosidl_typesupport_fastrtps_cpp__visibility_control.h
[5.974s] -- Up-to-date: /root/Lunar_ROADSTER/lr_ws/install/realsense2_camera_msgs/include/realsense2_camera_msgs/realsense2_camera_msgs/srv
[5.974s] -- Up-to-date: /root/Lunar_ROADSTER/lr_ws/install/realsense2_camera_msgs/include/realsense2_camera_msgs/realsense2_camera_msgs/srv/detail
[5.977s] -- Up-to-date: /root/Lunar_ROADSTER/lr_ws/install/realsense2_camera_msgs/include/realsense2_camera_msgs/realsense2_camera_msgs/srv/detail/device_info__rosidl_typesupport_fastrtps_cpp.hpp
[5.977s] -- Up-to-date: /root/Lunar_ROADSTER/lr_ws/install/realsense2_camera_msgs/include/realsense2_camera_msgs/realsense2_camera_msgs/srv/detail/dds_fastrtps
[5.979s] -- Up-to-date: /root/Lunar_ROADSTER/lr_ws/install/realsense2_camera_msgs/lib/librealsense2_camera_msgs__rosidl_typesupport_fastrtps_cpp.so
[5.980s] -- Up-to-date: /root/Lunar_ROADSTER/lr_ws/install/realsense2_camera_msgs/include/realsense2_camera_msgs/realsense2_camera_msgs
[5.982s] -- Up-to-date: /root/Lunar_ROADSTER/lr_ws/install/realsense2_camera_msgs/include/realsense2_camera_msgs/realsense2_camera_msgs/msg
[5.984s] -- Up-to-date: /root/Lunar_ROADSTER/lr_ws/install/realsense2_camera_msgs/include/realsense2_camera_msgs/realsense2_camera_msgs/msg/detail
[5.984s] -- Up-to-date: /root/Lunar_ROADSTER/lr_ws/install/realsense2_camera_msgs/include/realsense2_camera_msgs/realsense2_camera_msgs/msg/detail/imu_info__rosidl_typesupport_introspection_cpp.hpp
[5.985s] -- Up-to-date: /root/Lunar_ROADSTER/lr_ws/install/realsense2_camera_msgs/include/realsense2_camera_msgs/realsense2_camera_msgs/msg/detail/imu_info__type_support.cpp
[5.987s] -- Up-to-date: /root/Lunar_ROADSTER/lr_ws/install/realsense2_camera_msgs/include/realsense2_camera_msgs/realsense2_camera_msgs/msg/detail/extrinsics__rosidl_typesupport_introspection_cpp.hpp
[5.989s] -- Up-to-date: /root/Lunar_ROADSTER/lr_ws/install/realsense2_camera_msgs/include/realsense2_camera_msgs/realsense2_camera_msgs/msg/detail/extrinsics__type_support.cpp
[5.991s] -- Up-to-date: /root/Lunar_ROADSTER/lr_ws/install/realsense2_camera_msgs/include/realsense2_camera_msgs/realsense2_camera_msgs/msg/detail/metadata__rosidl_typesupport_introspection_cpp.hpp
[5.993s] -- Up-to-date: /root/Lunar_ROADSTER/lr_ws/install/realsense2_camera_msgs/include/realsense2_camera_msgs/realsense2_camera_msgs/msg/detail/metadata__type_support.cpp
[5.994s] -- Up-to-date: /root/Lunar_ROADSTER/lr_ws/install/realsense2_camera_msgs/include/realsense2_camera_msgs/realsense2_camera_msgs/msg/detail/rgbd__rosidl_typesupport_introspection_cpp.hpp
[5.996s] -- Up-to-date: /root/Lunar_ROADSTER/lr_ws/install/realsense2_camera_msgs/include/realsense2_camera_msgs/realsense2_camera_msgs/msg/detail/rgbd__type_support.cpp
[5.999s] -- Up-to-date: /root/Lunar_ROADSTER/lr_ws/install/realsense2_camera_msgs/include/realsense2_camera_msgs/realsense2_camera_msgs/srv
[6.000s] -- Up-to-date: /root/Lunar_ROADSTER/lr_ws/install/realsense2_camera_msgs/include/realsense2_camera_msgs/realsense2_camera_msgs/srv/detail
[6.002s] -- Up-to-date: /root/Lunar_ROADSTER/lr_ws/install/realsense2_camera_msgs/include/realsense2_camera_msgs/realsense2_camera_msgs/srv/detail/device_info__rosidl_typesupport_introspection_cpp.hpp
[6.003s] -- Up-to-date: /root/Lunar_ROADSTER/lr_ws/install/realsense2_camera_msgs/include/realsense2_camera_msgs/realsense2_camera_msgs/srv/detail/device_info__type_support.cpp
[6.005s] -- Up-to-date: /root/Lunar_ROADSTER/lr_ws/install/realsense2_camera_msgs/lib/librealsense2_camera_msgs__rosidl_typesupport_introspection_cpp.so
[6.007s] -- Up-to-date: /root/Lunar_ROADSTER/lr_ws/install/realsense2_camera_msgs/lib/librealsense2_camera_msgs__rosidl_typesupport_cpp.so
[6.011s] -- Up-to-date: /root/Lunar_ROADSTER/lr_ws/install/realsense2_camera_msgs/share/realsense2_camera_msgs/environment/pythonpath.sh
[6.014s] -- Up-to-date: /root/Lunar_ROADSTER/lr_ws/install/realsense2_camera_msgs/share/realsense2_camera_msgs/environment/pythonpath.dsv
[6.021s] -- Up-to-date: /root/Lunar_ROADSTER/lr_ws/install/realsense2_camera_msgs/local/lib/python3.10/dist-packages/realsense2_camera_msgs-4.55.1-py3.10.egg-info
[6.039s] -- Installing: /root/Lunar_ROADSTER/lr_ws/install/realsense2_camera_msgs/local/lib/python3.10/dist-packages/realsense2_camera_msgs-4.55.1-py3.10.egg-info/PKG-INFO
[6.040s] -- Installing: /root/Lunar_ROADSTER/lr_ws/install/realsense2_camera_msgs/local/lib/python3.10/dist-packages/realsense2_camera_msgs-4.55.1-py3.10.egg-info/dependency_links.txt
[6.042s] -- Installing: /root/Lunar_ROADSTER/lr_ws/install/realsense2_camera_msgs/local/lib/python3.10/dist-packages/realsense2_camera_msgs-4.55.1-py3.10.egg-info/top_level.txt
[6.057s] -- Installing: /root/Lunar_ROADSTER/lr_ws/install/realsense2_camera_msgs/local/lib/python3.10/dist-packages/realsense2_camera_msgs-4.55.1-py3.10.egg-info/SOURCES.txt
[6.074s] -- Up-to-date: /root/Lunar_ROADSTER/lr_ws/install/realsense2_camera_msgs/local/lib/python3.10/dist-packages/realsense2_camera_msgs
[6.075s] -- Up-to-date: /root/Lunar_ROADSTER/lr_ws/install/realsense2_camera_msgs/local/lib/python3.10/dist-packages/realsense2_camera_msgs/__init__.py
[6.094s] -- Up-to-date: /root/Lunar_ROADSTER/lr_ws/install/realsense2_camera_msgs/local/lib/python3.10/dist-packages/realsense2_camera_msgs/msg
[6.094s] -- Up-to-date: /root/Lunar_ROADSTER/lr_ws/install/realsense2_camera_msgs/local/lib/python3.10/dist-packages/realsense2_camera_msgs/msg/_imu_info.py
[6.097s] -- Up-to-date: /root/Lunar_ROADSTER/lr_ws/install/realsense2_camera_msgs/local/lib/python3.10/dist-packages/realsense2_camera_msgs/msg/_imu_info_s.c
[6.099s] -- Up-to-date: /root/Lunar_ROADSTER/lr_ws/install/realsense2_camera_msgs/local/lib/python3.10/dist-packages/realsense2_camera_msgs/msg/_extrinsics.py
[6.099s] -- Up-to-date: /root/Lunar_ROADSTER/lr_ws/install/realsense2_camera_msgs/local/lib/python3.10/dist-packages/realsense2_camera_msgs/msg/_extrinsics_s.c
[6.101s] -- Up-to-date: /root/Lunar_ROADSTER/lr_ws/install/realsense2_camera_msgs/local/lib/python3.10/dist-packages/realsense2_camera_msgs/msg/_metadata.py
[6.103s] -- Up-to-date: /root/Lunar_ROADSTER/lr_ws/install/realsense2_camera_msgs/local/lib/python3.10/dist-packages/realsense2_camera_msgs/msg/_metadata_s.c
[6.104s] -- Up-to-date: /root/Lunar_ROADSTER/lr_ws/install/realsense2_camera_msgs/local/lib/python3.10/dist-packages/realsense2_camera_msgs/msg/_rgbd.py
[6.105s] -- Up-to-date: /root/Lunar_ROADSTER/lr_ws/install/realsense2_camera_msgs/local/lib/python3.10/dist-packages/realsense2_camera_msgs/msg/_rgbd_s.c
[6.105s] -- Up-to-date: /root/Lunar_ROADSTER/lr_ws/install/realsense2_camera_msgs/local/lib/python3.10/dist-packages/realsense2_camera_msgs/msg/__init__.py
[6.107s] -- Up-to-date: /root/Lunar_ROADSTER/lr_ws/install/realsense2_camera_msgs/local/lib/python3.10/dist-packages/realsense2_camera_msgs/srv
[6.107s] -- Up-to-date: /root/Lunar_ROADSTER/lr_ws/install/realsense2_camera_msgs/local/lib/python3.10/dist-packages/realsense2_camera_msgs/srv/_device_info.py
[6.120s] -- Up-to-date: /root/Lunar_ROADSTER/lr_ws/install/realsense2_camera_msgs/local/lib/python3.10/dist-packages/realsense2_camera_msgs/srv/_device_info_s.c
[6.120s] -- Up-to-date: /root/Lunar_ROADSTER/lr_ws/install/realsense2_camera_msgs/local/lib/python3.10/dist-packages/realsense2_camera_msgs/srv/__init__.py
[6.121s] -- Up-to-date: /root/Lunar_ROADSTER/lr_ws/install/realsense2_camera_msgs/local/lib/python3.10/dist-packages/realsense2_camera_msgs/_realsense2_camera_msgs_s.ep.rosidl_typesupport_fastrtps_c.c
[6.121s] -- Up-to-date: /root/Lunar_ROADSTER/lr_ws/install/realsense2_camera_msgs/local/lib/python3.10/dist-packages/realsense2_camera_msgs/_realsense2_camera_msgs_s.ep.rosidl_typesupport_introspection_c.c
[6.121s] -- Up-to-date: /root/Lunar_ROADSTER/lr_ws/install/realsense2_camera_msgs/local/lib/python3.10/dist-packages/realsense2_camera_msgs/_realsense2_camera_msgs_s.ep.rosidl_typesupport_c.c
[6.122s] -- Up-to-date: /root/Lunar_ROADSTER/lr_ws/install/realsense2_camera_msgs/local/lib/python3.10/dist-packages/realsense2_camera_msgs/librealsense2_camera_msgs__rosidl_generator_py.so
[6.132s] -- Up-to-date: /root/Lunar_ROADSTER/lr_ws/install/realsense2_camera_msgs/local/lib/python3.10/dist-packages/realsense2_camera_msgs/realsense2_camera_msgs_s__rosidl_typesupport_fastrtps_c.cpython-310-aarch64-linux-gnu.so
[6.133s] -- Up-to-date: /root/Lunar_ROADSTER/lr_ws/install/realsense2_camera_msgs/local/lib/python3.10/dist-packages/realsense2_camera_msgs/realsense2_camera_msgs_s__rosidl_typesupport_c.cpython-310-aarch64-linux-gnu.so
[6.133s] -- Up-to-date: /root/Lunar_ROADSTER/lr_ws/install/realsense2_camera_msgs/local/lib/python3.10/dist-packages/realsense2_camera_msgs/realsense2_camera_msgs_s__rosidl_typesupport_introspection_c.cpython-310-aarch64-linux-gnu.so
[6.766s] Listing '/root/Lunar_ROADSTER/lr_ws/install/realsense2_camera_msgs/local/lib/python3.10/dist-packages/realsense2_camera_msgs'...
[6.766s] Listing '/root/Lunar_ROADSTER/lr_ws/install/realsense2_camera_msgs/local/lib/python3.10/dist-packages/realsense2_camera_msgs/msg'...
[6.767s] Listing '/root/Lunar_ROADSTER/lr_ws/install/realsense2_camera_msgs/local/lib/python3.10/dist-packages/realsense2_camera_msgs/srv'...
[7.035s] -- Up-to-date: /root/Lunar_ROADSTER/lr_ws/install/realsense2_camera_msgs/local/lib/python3.10/dist-packages/realsense2_camera_msgs/realsense2_camera_msgs_s__rosidl_typesupport_fastrtps_c.cpython-310-aarch64-linux-gnu.so
[7.036s] -- Up-to-date: /root/Lunar_ROADSTER/lr_ws/install/realsense2_camera_msgs/local/lib/python3.10/dist-packages/realsense2_camera_msgs/realsense2_camera_msgs_s__rosidl_typesupport_introspection_c.cpython-310-aarch64-linux-gnu.so
[7.036s] -- Up-to-date: /root/Lunar_ROADSTER/lr_ws/install/realsense2_camera_msgs/local/lib/python3.10/dist-packages/realsense2_camera_msgs/realsense2_camera_msgs_s__rosidl_typesupport_c.cpython-310-aarch64-linux-gnu.so
[7.165s] -- Up-to-date: /root/Lunar_ROADSTER/lr_ws/install/realsense2_camera_msgs/lib/librealsense2_camera_msgs__rosidl_generator_py.so
[7.165s] -- Up-to-date: /root/Lunar_ROADSTER/lr_ws/install/realsense2_camera_msgs/share/realsense2_camera_msgs/msg/IMUInfo.idl
[7.165s] -- Up-to-date: /root/Lunar_ROADSTER/lr_ws/install/realsense2_camera_msgs/share/realsense2_camera_msgs/msg/Extrinsics.idl
[7.165s] -- Up-to-date: /root/Lunar_ROADSTER/lr_ws/install/realsense2_camera_msgs/share/realsense2_camera_msgs/msg/Metadata.idl
[7.166s] -- Up-to-date: /root/Lunar_ROADSTER/lr_ws/install/realsense2_camera_msgs/share/realsense2_camera_msgs/msg/RGBD.idl
[7.166s] -- Up-to-date: /root/Lunar_ROADSTER/lr_ws/install/realsense2_camera_msgs/share/realsense2_camera_msgs/srv/DeviceInfo.idl
[7.171s] -- Up-to-date: /root/Lunar_ROADSTER/lr_ws/install/realsense2_camera_msgs/share/realsense2_camera_msgs/msg/IMUInfo.msg
[7.184s] -- Up-to-date: /root/Lunar_ROADSTER/lr_ws/install/realsense2_camera_msgs/share/realsense2_camera_msgs/msg/Extrinsics.msg
[7.184s] -- Up-to-date: /root/Lunar_ROADSTER/lr_ws/install/realsense2_camera_msgs/share/realsense2_camera_msgs/msg/Metadata.msg
[7.184s] -- Up-to-date: /root/Lunar_ROADSTER/lr_ws/install/realsense2_camera_msgs/share/realsense2_camera_msgs/msg/RGBD.msg
[7.185s] -- Up-to-date: /root/Lunar_ROADSTER/lr_ws/install/realsense2_camera_msgs/share/realsense2_camera_msgs/srv/DeviceInfo.srv
[7.185s] -- Up-to-date: /root/Lunar_ROADSTER/lr_ws/install/realsense2_camera_msgs/share/realsense2_camera_msgs/srv/DeviceInfo_Request.msg
[7.185s] -- Up-to-date: /root/Lunar_ROADSTER/lr_ws/install/realsense2_camera_msgs/share/realsense2_camera_msgs/srv/DeviceInfo_Response.msg
[7.186s] -- Up-to-date: /root/Lunar_ROADSTER/lr_ws/install/realsense2_camera_msgs/share/ament_index/resource_index/package_run_dependencies/realsense2_camera_msgs
[7.186s] -- Up-to-date: /root/Lunar_ROADSTER/lr_ws/install/realsense2_camera_msgs/share/ament_index/resource_index/parent_prefix_path/realsense2_camera_msgs
[7.196s] -- Up-to-date: /root/Lunar_ROADSTER/lr_ws/install/realsense2_camera_msgs/share/realsense2_camera_msgs/environment/ament_prefix_path.sh
[7.197s] -- Up-to-date: /root/Lunar_ROADSTER/lr_ws/install/realsense2_camera_msgs/share/realsense2_camera_msgs/environment/ament_prefix_path.dsv
[7.197s] -- Up-to-date: /root/Lunar_ROADSTER/lr_ws/install/realsense2_camera_msgs/share/realsense2_camera_msgs/environment/path.sh
[7.198s] -- Up-to-date: /root/Lunar_ROADSTER/lr_ws/install/realsense2_camera_msgs/share/realsense2_camera_msgs/environment/path.dsv
[7.198s] -- Up-to-date: /root/Lunar_ROADSTER/lr_ws/install/realsense2_camera_msgs/share/realsense2_camera_msgs/local_setup.bash
[7.199s] -- Up-to-date: /root/Lunar_ROADSTER/lr_ws/install/realsense2_camera_msgs/share/realsense2_camera_msgs/local_setup.sh
[7.200s] -- Up-to-date: /root/Lunar_ROADSTER/lr_ws/install/realsense2_camera_msgs/share/realsense2_camera_msgs/local_setup.zsh
[7.200s] -- Up-to-date: /root/Lunar_ROADSTER/lr_ws/install/realsense2_camera_msgs/share/realsense2_camera_msgs/local_setup.dsv
[7.202s] -- Installing: /root/Lunar_ROADSTER/lr_ws/install/realsense2_camera_msgs/share/realsense2_camera_msgs/package.dsv
[7.203s] -- Up-to-date: /root/Lunar_ROADSTER/lr_ws/install/realsense2_camera_msgs/share/ament_index/resource_index/packages/realsense2_camera_msgs
[7.204s] -- Up-to-date: /root/Lunar_ROADSTER/lr_ws/install/realsense2_camera_msgs/share/realsense2_camera_msgs/cmake/export_realsense2_camera_msgs__rosidl_generator_cExport.cmake
[7.204s] -- Up-to-date: /root/Lunar_ROADSTER/lr_ws/install/realsense2_camera_msgs/share/realsense2_camera_msgs/cmake/export_realsense2_camera_msgs__rosidl_generator_cExport-noconfig.cmake
[7.218s] -- Up-to-date: /root/Lunar_ROADSTER/lr_ws/install/realsense2_camera_msgs/share/realsense2_camera_msgs/cmake/export_realsense2_camera_msgs__rosidl_typesupport_fastrtps_cExport.cmake
[7.218s] -- Up-to-date: /root/Lunar_ROADSTER/lr_ws/install/realsense2_camera_msgs/share/realsense2_camera_msgs/cmake/export_realsense2_camera_msgs__rosidl_typesupport_fastrtps_cExport-noconfig.cmake
[7.219s] -- Up-to-date: /root/Lunar_ROADSTER/lr_ws/install/realsense2_camera_msgs/share/realsense2_camera_msgs/cmake/realsense2_camera_msgs__rosidl_typesupport_introspection_cExport.cmake
[7.219s] -- Up-to-date: /root/Lunar_ROADSTER/lr_ws/install/realsense2_camera_msgs/share/realsense2_camera_msgs/cmake/realsense2_camera_msgs__rosidl_typesupport_introspection_cExport-noconfig.cmake
[7.219s] -- Up-to-date: /root/Lunar_ROADSTER/lr_ws/install/realsense2_camera_msgs/share/realsense2_camera_msgs/cmake/realsense2_camera_msgs__rosidl_typesupport_cExport.cmake
[7.220s] -- Up-to-date: /root/Lunar_ROADSTER/lr_ws/install/realsense2_camera_msgs/share/realsense2_camera_msgs/cmake/realsense2_camera_msgs__rosidl_typesupport_cExport-noconfig.cmake
[7.220s] -- Up-to-date: /root/Lunar_ROADSTER/lr_ws/install/realsense2_camera_msgs/share/realsense2_camera_msgs/cmake/export_realsense2_camera_msgs__rosidl_generator_cppExport.cmake
[7.220s] -- Up-to-date: /root/Lunar_ROADSTER/lr_ws/install/realsense2_camera_msgs/share/realsense2_camera_msgs/cmake/export_realsense2_camera_msgs__rosidl_typesupport_fastrtps_cppExport.cmake
[7.227s] -- Up-to-date: /root/Lunar_ROADSTER/lr_ws/install/realsense2_camera_msgs/share/realsense2_camera_msgs/cmake/export_realsense2_camera_msgs__rosidl_typesupport_fastrtps_cppExport-noconfig.cmake
[7.227s] -- Up-to-date: /root/Lunar_ROADSTER/lr_ws/install/realsense2_camera_msgs/share/realsense2_camera_msgs/cmake/realsense2_camera_msgs__rosidl_typesupport_introspection_cppExport.cmake
[7.229s] -- Up-to-date: /root/Lunar_ROADSTER/lr_ws/install/realsense2_camera_msgs/share/realsense2_camera_msgs/cmake/realsense2_camera_msgs__rosidl_typesupport_introspection_cppExport-noconfig.cmake
[7.249s] -- Up-to-date: /root/Lunar_ROADSTER/lr_ws/install/realsense2_camera_msgs/share/realsense2_camera_msgs/cmake/realsense2_camera_msgs__rosidl_typesupport_cppExport.cmake
[7.251s] -- Up-to-date: /root/Lunar_ROADSTER/lr_ws/install/realsense2_camera_msgs/share/realsense2_camera_msgs/cmake/realsense2_camera_msgs__rosidl_typesupport_cppExport-noconfig.cmake
[7.251s] -- Up-to-date: /root/Lunar_ROADSTER/lr_ws/install/realsense2_camera_msgs/share/realsense2_camera_msgs/cmake/export_realsense2_camera_msgs__rosidl_generator_pyExport.cmake
[7.253s] -- Up-to-date: /root/Lunar_ROADSTER/lr_ws/install/realsense2_camera_msgs/share/realsense2_camera_msgs/cmake/export_realsense2_camera_msgs__rosidl_generator_pyExport-noconfig.cmake
[7.259s] -- Up-to-date: /root/Lunar_ROADSTER/lr_ws/install/realsense2_camera_msgs/share/realsense2_camera_msgs/cmake/rosidl_cmake-extras.cmake
[7.270s] -- Up-to-date: /root/Lunar_ROADSTER/lr_ws/install/realsense2_camera_msgs/share/realsense2_camera_msgs/cmake/ament_cmake_export_dependencies-extras.cmake
[7.270s] -- Up-to-date: /root/Lunar_ROADSTER/lr_ws/install/realsense2_camera_msgs/share/realsense2_camera_msgs/cmake/ament_cmake_export_include_directories-extras.cmake
[7.279s] -- Up-to-date: /root/Lunar_ROADSTER/lr_ws/install/realsense2_camera_msgs/share/realsense2_camera_msgs/cmake/ament_cmake_export_libraries-extras.cmake
[7.296s] -- Up-to-date: /root/Lunar_ROADSTER/lr_ws/install/realsense2_camera_msgs/share/realsense2_camera_msgs/cmake/ament_cmake_export_targets-extras.cmake
[7.297s] -- Up-to-date: /root/Lunar_ROADSTER/lr_ws/install/realsense2_camera_msgs/share/realsense2_camera_msgs/cmake/rosidl_cmake_export_typesupport_targets-extras.cmake
[7.297s] -- Up-to-date: /root/Lunar_ROADSTER/lr_ws/install/realsense2_camera_msgs/share/realsense2_camera_msgs/cmake/rosidl_cmake_export_typesupport_libraries-extras.cmake
[7.297s] -- Up-to-date: /root/Lunar_ROADSTER/lr_ws/install/realsense2_camera_msgs/share/realsense2_camera_msgs/cmake/realsense2_camera_msgsConfig.cmake
[7.298s] -- Up-to-date: /root/Lunar_ROADSTER/lr_ws/install/realsense2_camera_msgs/share/realsense2_camera_msgs/cmake/realsense2_camera_msgsConfig-version.cmake
[7.298s] -- Up-to-date: /root/Lunar_ROADSTER/lr_ws/install/realsense2_camera_msgs/share/realsense2_camera_msgs/package.xml
[7.314s] Invoked command in '/root/Lunar_ROADSTER/lr_ws/build/realsense2_camera_msgs' returned '0': CMAKE_PREFIX_PATH=${CMAKE_PREFIX_PATH}:/root/Lunar_ROADSTER/lr_ws/install/nav2_simple_commander:/opt/ros/humble /usr/local/bin/cmake --install /root/Lunar_ROADSTER/lr_ws/build/realsense2_camera_msgs
