[0.182s] Invoking command in '/root/Lunar_ROADSTER/lr_ws/build/nav2_behaviors': AMENT_PREFIX_PATH=/root/Lunar_ROADSTER/lr_ws/install/nav2_core:/root/Lunar_ROADSTER/lr_ws/install/nav2_costmap_2d:/root/Lunar_ROADSTER/lr_ws/install/nav2_map_server:/root/Lunar_ROADSTER/lr_ws/install/nav2_lifecycle_manager:/root/Lunar_ROADSTER/lr_ws/install/nav2_behavior_tree:/root/Lunar_ROADSTER/lr_ws/install/nav2_util:/root/Lunar_ROADSTER/lr_ws/install/nav2_voxel_grid:/root/Lunar_ROADSTER/lr_ws/install/nav2_msgs:/root/Lunar_ROADSTER/lr_ws/install/nav2_common:${AMENT_PREFIX_PATH} CMAKE_PREFIX_PATH=/root/Lunar_ROADSTER/lr_ws/install/nav2_core:/root/Lunar_ROADSTER/lr_ws/install/nav2_costmap_2d:/root/Lunar_ROADSTER/lr_ws/install/nav2_map_server:/root/Lunar_ROADSTER/lr_ws/install/nav2_lifecycle_manager:/root/Lunar_ROADSTER/lr_ws/install/nav2_behavior_tree:/root/Lunar_ROADSTER/lr_ws/install/nav2_util:/root/Lunar_ROADSTER/lr_ws/install/nav2_voxel_grid:/root/Lunar_ROADSTER/lr_ws/install/nav2_msgs:/root/Lunar_ROADSTER/lr_ws/install/nav2_common:/opt/ros/humble LD_LIBRARY_PATH=/root/Lunar_ROADSTER/lr_ws/install/nav2_costmap_2d/lib:/root/Lunar_ROADSTER/lr_ws/install/nav2_map_server/lib:/root/Lunar_ROADSTER/lr_ws/install/nav2_lifecycle_manager/lib:/root/Lunar_ROADSTER/lr_ws/install/nav2_behavior_tree/lib:/root/Lunar_ROADSTER/lr_ws/install/nav2_util/lib:/root/Lunar_ROADSTER/lr_ws/install/nav2_voxel_grid/lib:/root/Lunar_ROADSTER/lr_ws/install/nav2_msgs/lib:/opt/ros/humble/opt/rviz_ogre_vendor/lib:/opt/ros/humble/lib/aarch64-linux-gnu:/opt/ros/humble/lib:/usr/local/cuda/lib64 PYTHONPATH=/root/Lunar_ROADSTER/lr_ws/install/nav2_msgs/local/lib/python3.10/dist-packages:/root/Lunar_ROADSTER/lr_ws/install/nav2_common/local/lib/python3.10/dist-packages:${PYTHONPATH} /usr/local/bin/cmake /root/Lunar_ROADSTER/lr_ws/src/navigation2/nav2_behaviors -DCMAKE_INSTALL_PREFIX=/root/Lunar_ROADSTER/lr_ws/install/nav2_behaviors
[0.486s] -- The C compiler identification is GNU 11.4.0
[0.782s] -- The CXX compiler identification is GNU 11.4.0
[0.817s] -- Detecting C compiler ABI info
[1.147s] -- Detecting C compiler ABI info - done
[1.183s] -- Check for working C compiler: /usr/bin/cc - skipped
[1.186s] -- Detecting C compile features
[1.189s] -- Detecting C compile features - done
[1.202s] -- Detecting CXX compiler ABI info
[1.559s] -- Detecting CXX compiler ABI info - done
[1.595s] -- Check for working CXX compiler: /usr/bin/c++ - skipped
[1.598s] -- Detecting CXX compile features
[1.601s] -- Detecting CXX compile features - done
[1.633s] -- Found ament_cmake: 1.3.11 (/opt/ros/humble/share/ament_cmake/cmake)
[2.280s] -- Found Python3: /usr/bin/python3 (found version "3.10.12") found components: Interpreter 
[3.058s] -- Found nav2_common: 1.1.18 (/root/Lunar_ROADSTER/lr_ws/install/nav2_common/share/nav2_common/cmake)
[3.084s] -- Found rclcpp: 16.0.11 (/opt/ros/humble/share/rclcpp/cmake)
[3.476s] -- Found rosidl_generator_c: 3.1.6 (/opt/ros/humble/share/rosidl_generator_c/cmake)
[3.538s] -- Found rosidl_adapter: 3.1.6 (/opt/ros/humble/share/rosidl_adapter/cmake)
[3.613s] -- Found rosidl_generator_cpp: 3.1.6 (/opt/ros/humble/share/rosidl_generator_cpp/cmake)
[3.714s] -- Using all available rosidl_typesupport_c: rosidl_typesupport_fastrtps_c;rosidl_typesupport_introspection_c
[3.844s] -- Using all available rosidl_typesupport_cpp: rosidl_typesupport_fastrtps_cpp;rosidl_typesupport_introspection_cpp
[4.215s] -- Found rmw_implementation_cmake: 6.1.2 (/opt/ros/humble/share/rmw_implementation_cmake/cmake)
[4.246s] -- Found rmw_fastrtps_cpp: 6.2.7 (/opt/ros/humble/share/rmw_fastrtps_cpp/cmake)
[4.807s] -- Found OpenSSL: /usr/lib/aarch64-linux-gnu/libcrypto.so (found version "3.0.2")  
[4.964s] -- Found FastRTPS: /opt/ros/humble/include  
[5.212s] -- Using RMW implementation 'rmw_fastrtps_cpp' as default
[5.303s] -- Looking for pthread.h
[5.614s] -- Looking for pthread.h - found
[5.617s] -- Performing Test CMAKE_HAVE_LIBC_PTHREAD
[5.935s] -- Performing Test CMAKE_HAVE_LIBC_PTHREAD - Success
[5.941s] -- Found Threads: TRUE  
[6.250s] -- Found rclcpp_action: 16.0.11 (/opt/ros/humble/share/rclcpp_action/cmake)
[6.472s] -- Found rclcpp_lifecycle: 16.0.11 (/opt/ros/humble/share/rclcpp_lifecycle/cmake)
[6.616s] -- Found rclcpp_components: 16.0.11 (/opt/ros/humble/share/rclcpp_components/cmake)
[6.798s] -- Found nav2_behavior_tree: 1.1.18 (/root/Lunar_ROADSTER/lr_ws/install/nav2_behavior_tree/share/nav2_behavior_tree/cmake)
[7.617s] -- Found eigen3_cmake_module: 0.1.1 (/opt/ros/humble/share/eigen3_cmake_module/cmake)
[7.625s] -- Found Eigen3: TRUE (found version "3.4.0") 
[7.627s] -- Ensuring Eigen3 include directory is part of orocos-kdl CMake target
[7.932s] -- Found nav2_costmap_2d: 1.1.18 (/root/Lunar_ROADSTER/lr_ws/install/nav2_costmap_2d/share/nav2_costmap_2d/cmake)
[8.507s] -- Found nav2_core: 1.1.18 (/root/Lunar_ROADSTER/lr_ws/install/nav2_core/share/nav2_core/cmake)
[8.560s] -- Setting build type to Release as none was specified.
[11.795s] -- Found ament_lint_auto: 0.12.11 (/opt/ros/humble/share/ament_lint_auto/cmake)
[12.333s] -- Found gtest sources under '/opt/ros/humble/src/gtest_vendor': C++ tests using 'Google Test' will be built
[12.774s] -- Added test 'copyright' to check source files copyright and LICENSE
[12.814s] -- Added test 'cppcheck' to perform static code analysis on C / C++ code
[12.824s] -- Configured cppcheck include dirs: /root/Lunar_ROADSTER/lr_ws/src/navigation2/nav2_behaviors/include
[12.824s] -- Configured cppcheck exclude dirs and/or files: 
[12.862s] -- Added test 'cpplint' to check C / C++ code against the Google style
[12.863s] -- Configured cpplint exclude dirs and/or files: 
[12.882s] -- Added test 'lint_cmake' to check CMake code style
[12.923s] -- Added test 'uncrustify' to check C / C++ code style
[12.923s] -- Configured uncrustify additional arguments: 
[12.934s] -- Added test 'xmllint' to check XML markup files
[12.963s] -- Configuring done
[16.377s] -- Generating done
[16.575s] -- Build files have been written to: /root/Lunar_ROADSTER/lr_ws/build/nav2_behaviors
[16.640s] Invoked command in '/root/Lunar_ROADSTER/lr_ws/build/nav2_behaviors' returned '0': AMENT_PREFIX_PATH=/root/Lunar_ROADSTER/lr_ws/install/nav2_core:/root/Lunar_ROADSTER/lr_ws/install/nav2_costmap_2d:/root/Lunar_ROADSTER/lr_ws/install/nav2_map_server:/root/Lunar_ROADSTER/lr_ws/install/nav2_lifecycle_manager:/root/Lunar_ROADSTER/lr_ws/install/nav2_behavior_tree:/root/Lunar_ROADSTER/lr_ws/install/nav2_util:/root/Lunar_ROADSTER/lr_ws/install/nav2_voxel_grid:/root/Lunar_ROADSTER/lr_ws/install/nav2_msgs:/root/Lunar_ROADSTER/lr_ws/install/nav2_common:${AMENT_PREFIX_PATH} CMAKE_PREFIX_PATH=/root/Lunar_ROADSTER/lr_ws/install/nav2_core:/root/Lunar_ROADSTER/lr_ws/install/nav2_costmap_2d:/root/Lunar_ROADSTER/lr_ws/install/nav2_map_server:/root/Lunar_ROADSTER/lr_ws/install/nav2_lifecycle_manager:/root/Lunar_ROADSTER/lr_ws/install/nav2_behavior_tree:/root/Lunar_ROADSTER/lr_ws/install/nav2_util:/root/Lunar_ROADSTER/lr_ws/install/nav2_voxel_grid:/root/Lunar_ROADSTER/lr_ws/install/nav2_msgs:/root/Lunar_ROADSTER/lr_ws/install/nav2_common:/opt/ros/humble LD_LIBRARY_PATH=/root/Lunar_ROADSTER/lr_ws/install/nav2_costmap_2d/lib:/root/Lunar_ROADSTER/lr_ws/install/nav2_map_server/lib:/root/Lunar_ROADSTER/lr_ws/install/nav2_lifecycle_manager/lib:/root/Lunar_ROADSTER/lr_ws/install/nav2_behavior_tree/lib:/root/Lunar_ROADSTER/lr_ws/install/nav2_util/lib:/root/Lunar_ROADSTER/lr_ws/install/nav2_voxel_grid/lib:/root/Lunar_ROADSTER/lr_ws/install/nav2_msgs/lib:/opt/ros/humble/opt/rviz_ogre_vendor/lib:/opt/ros/humble/lib/aarch64-linux-gnu:/opt/ros/humble/lib:/usr/local/cuda/lib64 PYTHONPATH=/root/Lunar_ROADSTER/lr_ws/install/nav2_msgs/local/lib/python3.10/dist-packages:/root/Lunar_ROADSTER/lr_ws/install/nav2_common/local/lib/python3.10/dist-packages:${PYTHONPATH} /usr/local/bin/cmake /root/Lunar_ROADSTER/lr_ws/src/navigation2/nav2_behaviors -DCMAKE_INSTALL_PREFIX=/root/Lunar_ROADSTER/lr_ws/install/nav2_behaviors
[16.650s] Invoking command in '/root/Lunar_ROADSTER/lr_ws/build/nav2_behaviors': AMENT_PREFIX_PATH=/root/Lunar_ROADSTER/lr_ws/install/nav2_core:/root/Lunar_ROADSTER/lr_ws/install/nav2_costmap_2d:/root/Lunar_ROADSTER/lr_ws/install/nav2_map_server:/root/Lunar_ROADSTER/lr_ws/install/nav2_lifecycle_manager:/root/Lunar_ROADSTER/lr_ws/install/nav2_behavior_tree:/root/Lunar_ROADSTER/lr_ws/install/nav2_util:/root/Lunar_ROADSTER/lr_ws/install/nav2_voxel_grid:/root/Lunar_ROADSTER/lr_ws/install/nav2_msgs:/root/Lunar_ROADSTER/lr_ws/install/nav2_common:${AMENT_PREFIX_PATH} CMAKE_PREFIX_PATH=/root/Lunar_ROADSTER/lr_ws/install/nav2_core:/root/Lunar_ROADSTER/lr_ws/install/nav2_costmap_2d:/root/Lunar_ROADSTER/lr_ws/install/nav2_map_server:/root/Lunar_ROADSTER/lr_ws/install/nav2_lifecycle_manager:/root/Lunar_ROADSTER/lr_ws/install/nav2_behavior_tree:/root/Lunar_ROADSTER/lr_ws/install/nav2_util:/root/Lunar_ROADSTER/lr_ws/install/nav2_voxel_grid:/root/Lunar_ROADSTER/lr_ws/install/nav2_msgs:/root/Lunar_ROADSTER/lr_ws/install/nav2_common:/opt/ros/humble LD_LIBRARY_PATH=/root/Lunar_ROADSTER/lr_ws/install/nav2_costmap_2d/lib:/root/Lunar_ROADSTER/lr_ws/install/nav2_map_server/lib:/root/Lunar_ROADSTER/lr_ws/install/nav2_lifecycle_manager/lib:/root/Lunar_ROADSTER/lr_ws/install/nav2_behavior_tree/lib:/root/Lunar_ROADSTER/lr_ws/install/nav2_util/lib:/root/Lunar_ROADSTER/lr_ws/install/nav2_voxel_grid/lib:/root/Lunar_ROADSTER/lr_ws/install/nav2_msgs/lib:/opt/ros/humble/opt/rviz_ogre_vendor/lib:/opt/ros/humble/lib/aarch64-linux-gnu:/opt/ros/humble/lib:/usr/local/cuda/lib64 PYTHONPATH=/root/Lunar_ROADSTER/lr_ws/install/nav2_msgs/local/lib/python3.10/dist-packages:/root/Lunar_ROADSTER/lr_ws/install/nav2_common/local/lib/python3.10/dist-packages:${PYTHONPATH} /usr/local/bin/cmake --build /root/Lunar_ROADSTER/lr_ws/build/nav2_behaviors -- -j4 -l4
[16.840s] [  5%] [32mBuilding CXX object CMakeFiles/nav2_spin_behavior.dir/plugins/spin.cpp.o[0m
[62.203s] [ 10%] [32m[1mLinking CXX shared library libnav2_spin_behavior.so[0m
[63.968s] [ 10%] Built target nav2_spin_behavior
[64.045s] [ 15%] [32mBuilding CXX object CMakeFiles/nav2_back_up_behavior.dir/plugins/back_up.cpp.o[0m
[109.473s] [ 20%] [32m[1mLinking CXX shared library libnav2_back_up_behavior.so[0m
[111.244s] [ 20%] Built target nav2_back_up_behavior
[111.321s] [ 25%] [32mBuilding CXX object CMakeFiles/nav2_assisted_teleop_behavior.dir/plugins/assisted_teleop.cpp.o[0m
[200.726s] [ 30%] [32m[1mLinking CXX shared library libnav2_assisted_teleop_behavior.so[0m
[202.751s] [ 30%] Built target nav2_assisted_teleop_behavior
[202.830s] [ 35%] [32mBuilding CXX object CMakeFiles/behavior_server_core.dir/src/behavior_server.cpp.o[0m
[249.600s] [ 40%] [32m[1mLinking CXX shared library libbehavior_server_core.so[0m
[251.301s] [ 40%] Built target behavior_server_core
[251.363s] [ 45%] [32mBuilding CXX object gtest/CMakeFiles/gtest_main.dir/src/gtest_main.cc.o[0m
[255.328s] [ 50%] [32m[1mLinking CXX static library libgtest_main.a[0m
[255.543s] [ 50%] Built target gtest_main
[255.606s] [ 55%] [32mBuilding CXX object gtest/CMakeFiles/gtest.dir/src/gtest-all.cc.o[0m
[293.199s] [ 60%] [32m[1mLinking CXX static library libgtest.a[0m
[293.470s] [ 60%] Built target gtest
[293.548s] [ 65%] [32mBuilding CXX object CMakeFiles/behavior_server.dir/src/main.cpp.o[0m
[315.248s] [ 70%] [32m[1mLinking CXX executable behavior_server[0m
[316.761s] [ 70%] Built target behavior_server
[316.841s] [ 75%] [32mBuilding CXX object test/CMakeFiles/test_behaviors.dir/test_behaviors.cpp.o[0m
[374.409s] [ 80%] [32m[1mLinking CXX executable test_behaviors[0m
[376.418s] [ 80%] Built target test_behaviors
[376.494s] [ 85%] [32mBuilding CXX object CMakeFiles/nav2_drive_on_heading_behavior.dir/plugins/drive_on_heading.cpp.o[0m
[423.035s] [ 90%] [32m[1mLinking CXX shared library libnav2_drive_on_heading_behavior.so[0m
[424.737s] [ 90%] Built target nav2_drive_on_heading_behavior
[424.820s] [ 95%] [32mBuilding CXX object CMakeFiles/nav2_wait_behavior.dir/plugins/wait.cpp.o[0m
[469.520s] [100%] [32m[1mLinking CXX shared library libnav2_wait_behavior.so[0m
[471.123s] [100%] Built target nav2_wait_behavior
[471.151s] Invoked command in '/root/Lunar_ROADSTER/lr_ws/build/nav2_behaviors' returned '0': AMENT_PREFIX_PATH=/root/Lunar_ROADSTER/lr_ws/install/nav2_core:/root/Lunar_ROADSTER/lr_ws/install/nav2_costmap_2d:/root/Lunar_ROADSTER/lr_ws/install/nav2_map_server:/root/Lunar_ROADSTER/lr_ws/install/nav2_lifecycle_manager:/root/Lunar_ROADSTER/lr_ws/install/nav2_behavior_tree:/root/Lunar_ROADSTER/lr_ws/install/nav2_util:/root/Lunar_ROADSTER/lr_ws/install/nav2_voxel_grid:/root/Lunar_ROADSTER/lr_ws/install/nav2_msgs:/root/Lunar_ROADSTER/lr_ws/install/nav2_common:${AMENT_PREFIX_PATH} CMAKE_PREFIX_PATH=/root/Lunar_ROADSTER/lr_ws/install/nav2_core:/root/Lunar_ROADSTER/lr_ws/install/nav2_costmap_2d:/root/Lunar_ROADSTER/lr_ws/install/nav2_map_server:/root/Lunar_ROADSTER/lr_ws/install/nav2_lifecycle_manager:/root/Lunar_ROADSTER/lr_ws/install/nav2_behavior_tree:/root/Lunar_ROADSTER/lr_ws/install/nav2_util:/root/Lunar_ROADSTER/lr_ws/install/nav2_voxel_grid:/root/Lunar_ROADSTER/lr_ws/install/nav2_msgs:/root/Lunar_ROADSTER/lr_ws/install/nav2_common:/opt/ros/humble LD_LIBRARY_PATH=/root/Lunar_ROADSTER/lr_ws/install/nav2_costmap_2d/lib:/root/Lunar_ROADSTER/lr_ws/install/nav2_map_server/lib:/root/Lunar_ROADSTER/lr_ws/install/nav2_lifecycle_manager/lib:/root/Lunar_ROADSTER/lr_ws/install/nav2_behavior_tree/lib:/root/Lunar_ROADSTER/lr_ws/install/nav2_util/lib:/root/Lunar_ROADSTER/lr_ws/install/nav2_voxel_grid/lib:/root/Lunar_ROADSTER/lr_ws/install/nav2_msgs/lib:/opt/ros/humble/opt/rviz_ogre_vendor/lib:/opt/ros/humble/lib/aarch64-linux-gnu:/opt/ros/humble/lib:/usr/local/cuda/lib64 PYTHONPATH=/root/Lunar_ROADSTER/lr_ws/install/nav2_msgs/local/lib/python3.10/dist-packages:/root/Lunar_ROADSTER/lr_ws/install/nav2_common/local/lib/python3.10/dist-packages:${PYTHONPATH} /usr/local/bin/cmake --build /root/Lunar_ROADSTER/lr_ws/build/nav2_behaviors -- -j4 -l4
[471.155s] Invoking command in '/root/Lunar_ROADSTER/lr_ws/build/nav2_behaviors': AMENT_PREFIX_PATH=/root/Lunar_ROADSTER/lr_ws/install/nav2_core:/root/Lunar_ROADSTER/lr_ws/install/nav2_costmap_2d:/root/Lunar_ROADSTER/lr_ws/install/nav2_map_server:/root/Lunar_ROADSTER/lr_ws/install/nav2_lifecycle_manager:/root/Lunar_ROADSTER/lr_ws/install/nav2_behavior_tree:/root/Lunar_ROADSTER/lr_ws/install/nav2_util:/root/Lunar_ROADSTER/lr_ws/install/nav2_voxel_grid:/root/Lunar_ROADSTER/lr_ws/install/nav2_msgs:/root/Lunar_ROADSTER/lr_ws/install/nav2_common:${AMENT_PREFIX_PATH} CMAKE_PREFIX_PATH=/root/Lunar_ROADSTER/lr_ws/install/nav2_core:/root/Lunar_ROADSTER/lr_ws/install/nav2_costmap_2d:/root/Lunar_ROADSTER/lr_ws/install/nav2_map_server:/root/Lunar_ROADSTER/lr_ws/install/nav2_lifecycle_manager:/root/Lunar_ROADSTER/lr_ws/install/nav2_behavior_tree:/root/Lunar_ROADSTER/lr_ws/install/nav2_util:/root/Lunar_ROADSTER/lr_ws/install/nav2_voxel_grid:/root/Lunar_ROADSTER/lr_ws/install/nav2_msgs:/root/Lunar_ROADSTER/lr_ws/install/nav2_common:/opt/ros/humble LD_LIBRARY_PATH=/root/Lunar_ROADSTER/lr_ws/install/nav2_costmap_2d/lib:/root/Lunar_ROADSTER/lr_ws/install/nav2_map_server/lib:/root/Lunar_ROADSTER/lr_ws/install/nav2_lifecycle_manager/lib:/root/Lunar_ROADSTER/lr_ws/install/nav2_behavior_tree/lib:/root/Lunar_ROADSTER/lr_ws/install/nav2_util/lib:/root/Lunar_ROADSTER/lr_ws/install/nav2_voxel_grid/lib:/root/Lunar_ROADSTER/lr_ws/install/nav2_msgs/lib:/opt/ros/humble/opt/rviz_ogre_vendor/lib:/opt/ros/humble/lib/aarch64-linux-gnu:/opt/ros/humble/lib:/usr/local/cuda/lib64 PYTHONPATH=/root/Lunar_ROADSTER/lr_ws/install/nav2_msgs/local/lib/python3.10/dist-packages:/root/Lunar_ROADSTER/lr_ws/install/nav2_common/local/lib/python3.10/dist-packages:${PYTHONPATH} /usr/local/bin/cmake --install /root/Lunar_ROADSTER/lr_ws/build/nav2_behaviors
[471.177s] -- Install configuration: "Release"
[471.186s] -- Installing: /root/Lunar_ROADSTER/lr_ws/install/nav2_behaviors/share/nav2_behaviors/behavior_plugin.xml
[471.191s] -- Installing: /root/Lunar_ROADSTER/lr_ws/install/nav2_behaviors/lib/libbehavior_server_core.so
[471.199s] -- Set runtime path of "/root/Lunar_ROADSTER/lr_ws/install/nav2_behaviors/lib/libbehavior_server_core.so" to ""
[471.200s] -- Installing: /root/Lunar_ROADSTER/lr_ws/install/nav2_behaviors/lib/libnav2_spin_behavior.so
[471.209s] -- Set runtime path of "/root/Lunar_ROADSTER/lr_ws/install/nav2_behaviors/lib/libnav2_spin_behavior.so" to ""
[471.211s] -- Installing: /root/Lunar_ROADSTER/lr_ws/install/nav2_behaviors/lib/libnav2_wait_behavior.so
[471.218s] -- Set runtime path of "/root/Lunar_ROADSTER/lr_ws/install/nav2_behaviors/lib/libnav2_wait_behavior.so" to ""
[471.219s] -- Installing: /root/Lunar_ROADSTER/lr_ws/install/nav2_behaviors/lib/libnav2_assisted_teleop_behavior.so
[471.384s] -- Set runtime path of "/root/Lunar_ROADSTER/lr_ws/install/nav2_behaviors/lib/libnav2_assisted_teleop_behavior.so" to ""
[471.385s] -- Installing: /root/Lunar_ROADSTER/lr_ws/install/nav2_behaviors/lib/libnav2_drive_on_heading_behavior.so
[471.393s] -- Set runtime path of "/root/Lunar_ROADSTER/lr_ws/install/nav2_behaviors/lib/libnav2_drive_on_heading_behavior.so" to ""
[471.394s] -- Installing: /root/Lunar_ROADSTER/lr_ws/install/nav2_behaviors/lib/libnav2_back_up_behavior.so
[471.401s] -- Set runtime path of "/root/Lunar_ROADSTER/lr_ws/install/nav2_behaviors/lib/libnav2_back_up_behavior.so" to ""
[471.404s] -- Installing: /root/Lunar_ROADSTER/lr_ws/install/nav2_behaviors/lib/nav2_behaviors/behavior_server
[471.409s] -- Set runtime path of "/root/Lunar_ROADSTER/lr_ws/install/nav2_behaviors/lib/nav2_behaviors/behavior_server" to ""
[471.410s] -- Installing: /root/Lunar_ROADSTER/lr_ws/install/nav2_behaviors/include/
[471.412s] -- Installing: /root/Lunar_ROADSTER/lr_ws/install/nav2_behaviors/include//nav2_behaviors
[471.416s] -- Installing: /root/Lunar_ROADSTER/lr_ws/install/nav2_behaviors/include//nav2_behaviors/behavior_server.hpp
[471.419s] -- Installing: /root/Lunar_ROADSTER/lr_ws/install/nav2_behaviors/include//nav2_behaviors/plugins
[471.422s] -- Installing: /root/Lunar_ROADSTER/lr_ws/install/nav2_behaviors/include//nav2_behaviors/plugins/assisted_teleop.hpp
[471.423s] -- Installing: /root/Lunar_ROADSTER/lr_ws/install/nav2_behaviors/include//nav2_behaviors/plugins/back_up.hpp
[471.425s] -- Installing: /root/Lunar_ROADSTER/lr_ws/install/nav2_behaviors/include//nav2_behaviors/plugins/drive_on_heading.hpp
[471.425s] -- Installing: /root/Lunar_ROADSTER/lr_ws/install/nav2_behaviors/include//nav2_behaviors/plugins/spin.hpp
[471.427s] -- Installing: /root/Lunar_ROADSTER/lr_ws/install/nav2_behaviors/include//nav2_behaviors/plugins/wait.hpp
[471.427s] -- Installing: /root/Lunar_ROADSTER/lr_ws/install/nav2_behaviors/include//nav2_behaviors/timed_behavior.hpp
[471.428s] -- Up-to-date: /root/Lunar_ROADSTER/lr_ws/install/nav2_behaviors/share/nav2_behaviors/behavior_plugin.xml
[471.428s] -- Installing: /root/Lunar_ROADSTER/lr_ws/install/nav2_behaviors/share/nav2_behaviors/plugins/
[471.433s] -- Installing: /root/Lunar_ROADSTER/lr_ws/install/nav2_behaviors/share/nav2_behaviors/plugins//assisted_teleop.cpp
[471.437s] -- Installing: /root/Lunar_ROADSTER/lr_ws/install/nav2_behaviors/share/nav2_behaviors/plugins//back_up.cpp
[471.438s] -- Installing: /root/Lunar_ROADSTER/lr_ws/install/nav2_behaviors/share/nav2_behaviors/plugins//drive_on_heading.cpp
[471.438s] -- Installing: /root/Lunar_ROADSTER/lr_ws/install/nav2_behaviors/share/nav2_behaviors/plugins//spin.cpp
[471.439s] -- Installing: /root/Lunar_ROADSTER/lr_ws/install/nav2_behaviors/share/nav2_behaviors/plugins//wait.cpp
[471.441s] -- Installing: /root/Lunar_ROADSTER/lr_ws/install/nav2_behaviors/share/nav2_behaviors/environment/library_path.sh
[471.446s] -- Installing: /root/Lunar_ROADSTER/lr_ws/install/nav2_behaviors/share/nav2_behaviors/environment/library_path.dsv
[471.452s] -- Installing: /root/Lunar_ROADSTER/lr_ws/install/nav2_behaviors/share/ament_index/resource_index/package_run_dependencies/nav2_behaviors
[471.458s] -- Installing: /root/Lunar_ROADSTER/lr_ws/install/nav2_behaviors/share/ament_index/resource_index/parent_prefix_path/nav2_behaviors
[471.462s] -- Installing: /root/Lunar_ROADSTER/lr_ws/install/nav2_behaviors/share/nav2_behaviors/environment/ament_prefix_path.sh
[471.463s] -- Installing: /root/Lunar_ROADSTER/lr_ws/install/nav2_behaviors/share/nav2_behaviors/environment/ament_prefix_path.dsv
[471.463s] -- Installing: /root/Lunar_ROADSTER/lr_ws/install/nav2_behaviors/share/nav2_behaviors/environment/path.sh
[471.464s] -- Installing: /root/Lunar_ROADSTER/lr_ws/install/nav2_behaviors/share/nav2_behaviors/environment/path.dsv
[471.464s] -- Installing: /root/Lunar_ROADSTER/lr_ws/install/nav2_behaviors/share/nav2_behaviors/local_setup.bash
[471.465s] -- Installing: /root/Lunar_ROADSTER/lr_ws/install/nav2_behaviors/share/nav2_behaviors/local_setup.sh
[471.466s] -- Installing: /root/Lunar_ROADSTER/lr_ws/install/nav2_behaviors/share/nav2_behaviors/local_setup.zsh
[471.467s] -- Installing: /root/Lunar_ROADSTER/lr_ws/install/nav2_behaviors/share/nav2_behaviors/local_setup.dsv
[471.468s] -- Installing: /root/Lunar_ROADSTER/lr_ws/install/nav2_behaviors/share/nav2_behaviors/package.dsv
[471.472s] -- Installing: /root/Lunar_ROADSTER/lr_ws/install/nav2_behaviors/share/ament_index/resource_index/packages/nav2_behaviors
[471.475s] -- Installing: /root/Lunar_ROADSTER/lr_ws/install/nav2_behaviors/share/ament_index/resource_index/nav2_core__pluginlib__plugin/nav2_behaviors
[471.479s] -- Installing: /root/Lunar_ROADSTER/lr_ws/install/nav2_behaviors/share/ament_index/resource_index/rclcpp_components/nav2_behaviors
[471.484s] -- Installing: /root/Lunar_ROADSTER/lr_ws/install/nav2_behaviors/share/nav2_behaviors/cmake/ament_cmake_export_include_directories-extras.cmake
[471.486s] -- Installing: /root/Lunar_ROADSTER/lr_ws/install/nav2_behaviors/share/nav2_behaviors/cmake/ament_cmake_export_libraries-extras.cmake
[471.487s] -- Installing: /root/Lunar_ROADSTER/lr_ws/install/nav2_behaviors/share/nav2_behaviors/cmake/ament_cmake_export_dependencies-extras.cmake
[471.489s] -- Installing: /root/Lunar_ROADSTER/lr_ws/install/nav2_behaviors/share/nav2_behaviors/cmake/nav2_behaviorsConfig.cmake
[471.489s] -- Installing: /root/Lunar_ROADSTER/lr_ws/install/nav2_behaviors/share/nav2_behaviors/cmake/nav2_behaviorsConfig-version.cmake
[471.490s] -- Installing: /root/Lunar_ROADSTER/lr_ws/install/nav2_behaviors/share/nav2_behaviors/package.xml
[471.497s] Invoked command in '/root/Lunar_ROADSTER/lr_ws/build/nav2_behaviors' returned '0': AMENT_PREFIX_PATH=/root/Lunar_ROADSTER/lr_ws/install/nav2_core:/root/Lunar_ROADSTER/lr_ws/install/nav2_costmap_2d:/root/Lunar_ROADSTER/lr_ws/install/nav2_map_server:/root/Lunar_ROADSTER/lr_ws/install/nav2_lifecycle_manager:/root/Lunar_ROADSTER/lr_ws/install/nav2_behavior_tree:/root/Lunar_ROADSTER/lr_ws/install/nav2_util:/root/Lunar_ROADSTER/lr_ws/install/nav2_voxel_grid:/root/Lunar_ROADSTER/lr_ws/install/nav2_msgs:/root/Lunar_ROADSTER/lr_ws/install/nav2_common:${AMENT_PREFIX_PATH} CMAKE_PREFIX_PATH=/root/Lunar_ROADSTER/lr_ws/install/nav2_core:/root/Lunar_ROADSTER/lr_ws/install/nav2_costmap_2d:/root/Lunar_ROADSTER/lr_ws/install/nav2_map_server:/root/Lunar_ROADSTER/lr_ws/install/nav2_lifecycle_manager:/root/Lunar_ROADSTER/lr_ws/install/nav2_behavior_tree:/root/Lunar_ROADSTER/lr_ws/install/nav2_util:/root/Lunar_ROADSTER/lr_ws/install/nav2_voxel_grid:/root/Lunar_ROADSTER/lr_ws/install/nav2_msgs:/root/Lunar_ROADSTER/lr_ws/install/nav2_common:/opt/ros/humble LD_LIBRARY_PATH=/root/Lunar_ROADSTER/lr_ws/install/nav2_costmap_2d/lib:/root/Lunar_ROADSTER/lr_ws/install/nav2_map_server/lib:/root/Lunar_ROADSTER/lr_ws/install/nav2_lifecycle_manager/lib:/root/Lunar_ROADSTER/lr_ws/install/nav2_behavior_tree/lib:/root/Lunar_ROADSTER/lr_ws/install/nav2_util/lib:/root/Lunar_ROADSTER/lr_ws/install/nav2_voxel_grid/lib:/root/Lunar_ROADSTER/lr_ws/install/nav2_msgs/lib:/opt/ros/humble/opt/rviz_ogre_vendor/lib:/opt/ros/humble/lib/aarch64-linux-gnu:/opt/ros/humble/lib:/usr/local/cuda/lib64 PYTHONPATH=/root/Lunar_ROADSTER/lr_ws/install/nav2_msgs/local/lib/python3.10/dist-packages:/root/Lunar_ROADSTER/lr_ws/install/nav2_common/local/lib/python3.10/dist-packages:${PYTHONPATH} /usr/local/bin/cmake --install /root/Lunar_ROADSTER/lr_ws/build/nav2_behaviors
