[0.022s] Invoking command in '/root/Lunar_ROADSTER/lr_ws/build/lr_msgs': CMAKE_PREFIX_PATH=/opt/ros/humble /usr/local/bin/cmake --build /root/Lunar_ROADSTER/lr_ws/build/lr_msgs -- -j16 -l16
[0.045s] [  0%] [34m[1mGenerating C code for ROS interfaces[0m
[0.052s] [  0%] [34m[1mGenerating C++ code for ROS interfaces[0m
[0.053s] [  0%] Built target ament_cmake_python_copy_lr_msgs
[0.369s] running egg_info
[0.369s] creating lr_msgs.egg-info
[0.369s] writing lr_msgs.egg-info/PKG-INFO
[0.369s] writing dependency_links to lr_msgs.egg-info/dependency_links.txt
[0.369s] writing top-level names to lr_msgs.egg-info/top_level.txt
[0.369s] writing manifest file 'lr_msgs.egg-info/SOURCES.txt'
[0.370s] reading manifest file 'lr_msgs.egg-info/SOURCES.txt'
[0.371s] writing manifest file 'lr_msgs.egg-info/SOURCES.txt'
[0.469s] [  0%] Built target ament_cmake_python_build_lr_msgs_egg
[3.353s] [  1%] [32mBuilding C object CMakeFiles/lr_msgs__rosidl_generator_c.dir/rosidl_generator_c/lr_msgs/msg/detail/beacon_multi_tag__functions.c.o[0m
[3.355s] [  3%] [32mBuilding C object CMakeFiles/lr_msgs__rosidl_generator_c.dir/rosidl_generator_c/lr_msgs/msg/detail/encoder_telemetry__functions.c.o[0m
[3.356s] [  3%] [32mBuilding C object CMakeFiles/lr_msgs__rosidl_generator_c.dir/rosidl_generator_c/lr_msgs/msg/detail/beacon_tag__functions.c.o[0m
[3.357s] [  3%] [32mBuilding C object CMakeFiles/lr_msgs__rosidl_generator_c.dir/rosidl_generator_c/lr_msgs/msg/detail/actuator_command__functions.c.o[0m
[3.359s] [  4%] [32mBuilding C object CMakeFiles/lr_msgs__rosidl_generator_c.dir/rosidl_generator_c/lr_msgs/msg/detail/point2_d__functions.c.o[0m
[3.368s] [  4%] [32mBuilding C object CMakeFiles/lr_msgs__rosidl_generator_c.dir/rosidl_generator_c/lr_msgs/msg/detail/pose2_d__functions.c.o[0m
[3.395s] [  5%] [32mBuilding C object CMakeFiles/lr_msgs__rosidl_generator_c.dir/rosidl_generator_c/lr_msgs/msg/detail/slip__functions.c.o[0m
[3.399s] [  7%] [32mBuilding C object CMakeFiles/lr_msgs__rosidl_generator_c.dir/rosidl_generator_c/lr_msgs/msg/detail/mux_mode__functions.c.o[0m
[3.399s] [  7%] [32mBuilding C object CMakeFiles/lr_msgs__rosidl_generator_c.dir/rosidl_generator_c/lr_msgs/srv/detail/site_map__functions.c.o[0m
[3.410s] [  7%] [32mBuilding C object CMakeFiles/lr_msgs__rosidl_generator_c.dir/rosidl_generator_c/lr_msgs/msg/detail/site_map__functions.c.o[0m
[3.411s] [  8%] [32mBuilding C object CMakeFiles/lr_msgs__rosidl_generator_c.dir/rosidl_generator_c/lr_msgs/msg/detail/trajectory__functions.c.o[0m
[3.439s] [  8%] [32mBuilding C object CMakeFiles/lr_msgs__rosidl_generator_c.dir/rosidl_generator_c/lr_msgs/msg/detail/actuator_state__functions.c.o[0m
[3.446s] [  9%] [32mBuilding C object CMakeFiles/lr_msgs__rosidl_generator_c.dir/rosidl_generator_c/lr_msgs/srv/detail/update_trajectory__functions.c.o[0m
[3.462s] [ 10%] [32mBuilding C object CMakeFiles/lr_msgs__rosidl_generator_c.dir/rosidl_generator_c/lr_msgs/srv/detail/enable_worksystem__functions.c.o[0m
[3.463s] [ 10%] [32mBuilding C object CMakeFiles/lr_msgs__rosidl_generator_c.dir/rosidl_generator_c/lr_msgs/srv/detail/save_map__functions.c.o[0m
[3.519s] [ 11%] [32mBuilding C object CMakeFiles/lr_msgs__rosidl_generator_c.dir/rosidl_generator_c/lr_msgs/action/detail/calibrate_imu__functions.c.o[0m
[3.738s] [ 11%] Built target lr_msgs__cpp
[3.758s] [ 12%] [34m[1mGenerating C++ type support dispatch for ROS interfaces[0m
[3.761s] [ 13%] [34m[1mGenerating C++ type support for eProsima Fast-RTPS[0m
[3.766s] [ 13%] [34m[1mGenerating C++ introspection for ROS interfaces[0m
[3.955s] [ 14%] [32m[1mLinking C shared library liblr_msgs__rosidl_generator_c.so[0m
[4.059s] [ 14%] Built target lr_msgs__rosidl_generator_c
[4.072s] [ 15%] [34m[1mGenerating C type support for eProsima Fast-RTPS[0m
[4.085s] [ 16%] [34m[1mGenerating C introspection for ROS interfaces[0m
[4.109s] [ 17%] [34m[1mGenerating C type support dispatch for ROS interfaces[0m
[5.585s] [ 18%] [32mBuilding CXX object CMakeFiles/lr_msgs__rosidl_typesupport_cpp.dir/rosidl_typesupport_cpp/lr_msgs/msg/actuator_command__type_support.cpp.o[0m
[5.593s] [ 18%] [32mBuilding CXX object CMakeFiles/lr_msgs__rosidl_typesupport_cpp.dir/rosidl_typesupport_cpp/lr_msgs/msg/beacon_tag__type_support.cpp.o[0m
[5.601s] [ 19%] [32mBuilding CXX object CMakeFiles/lr_msgs__rosidl_typesupport_cpp.dir/rosidl_typesupport_cpp/lr_msgs/msg/encoder_telemetry__type_support.cpp.o[0m
[5.608s] [ 20%] [32mBuilding CXX object CMakeFiles/lr_msgs__rosidl_typesupport_cpp.dir/rosidl_typesupport_cpp/lr_msgs/msg/beacon_multi_tag__type_support.cpp.o[0m
[5.611s] [ 20%] [32mBuilding CXX object CMakeFiles/lr_msgs__rosidl_typesupport_cpp.dir/rosidl_typesupport_cpp/lr_msgs/msg/point2_d__type_support.cpp.o[0m
[5.616s] [ 22%] [32mBuilding CXX object CMakeFiles/lr_msgs__rosidl_typesupport_cpp.dir/rosidl_typesupport_cpp/lr_msgs/msg/pose2_d__type_support.cpp.o[0m
[5.623s] [ 22%] [32mBuilding CXX object CMakeFiles/lr_msgs__rosidl_typesupport_cpp.dir/rosidl_typesupport_cpp/lr_msgs/msg/mux_mode__type_support.cpp.o[0m
[5.624s] [ 22%] [32mBuilding CXX object CMakeFiles/lr_msgs__rosidl_typesupport_cpp.dir/rosidl_typesupport_cpp/lr_msgs/msg/slip__type_support.cpp.o[0m
[5.631s] [ 22%] [32mBuilding CXX object CMakeFiles/lr_msgs__rosidl_typesupport_cpp.dir/rosidl_typesupport_cpp/lr_msgs/msg/trajectory__type_support.cpp.o[0m
[5.643s] [ 23%] [32mBuilding CXX object CMakeFiles/lr_msgs__rosidl_typesupport_cpp.dir/rosidl_typesupport_cpp/lr_msgs/msg/site_map__type_support.cpp.o[0m
[5.644s] [ 24%] [32mBuilding CXX object CMakeFiles/lr_msgs__rosidl_typesupport_cpp.dir/rosidl_typesupport_cpp/lr_msgs/msg/actuator_state__type_support.cpp.o[0m
[5.952s] [ 25%] [32mBuilding CXX object CMakeFiles/lr_msgs__rosidl_typesupport_cpp.dir/rosidl_typesupport_cpp/lr_msgs/srv/site_map__type_support.cpp.o[0m
[6.149s] [ 26%] [32mBuilding CXX object CMakeFiles/lr_msgs__rosidl_typesupport_cpp.dir/rosidl_typesupport_cpp/lr_msgs/srv/update_trajectory__type_support.cpp.o[0m
[6.223s] [ 26%] [32mBuilding CXX object CMakeFiles/lr_msgs__rosidl_typesupport_cpp.dir/rosidl_typesupport_cpp/lr_msgs/srv/enable_worksystem__type_support.cpp.o[0m
[6.241s] [ 27%] [32mBuilding CXX object CMakeFiles/lr_msgs__rosidl_typesupport_c.dir/rosidl_typesupport_c/lr_msgs/msg/actuator_command__type_support.cpp.o[0m
[6.241s] [ 27%] [32mBuilding CXX object CMakeFiles/lr_msgs__rosidl_typesupport_cpp.dir/rosidl_typesupport_cpp/lr_msgs/srv/save_map__type_support.cpp.o[0m
[6.250s] [ 28%] [32mBuilding CXX object CMakeFiles/lr_msgs__rosidl_typesupport_c.dir/rosidl_typesupport_c/lr_msgs/msg/beacon_tag__type_support.cpp.o[0m
[6.262s] [ 29%] [32mBuilding CXX object CMakeFiles/lr_msgs__rosidl_typesupport_cpp.dir/rosidl_typesupport_cpp/lr_msgs/action/calibrate_imu__type_support.cpp.o[0m
[6.319s] [ 29%] [32mBuilding CXX object CMakeFiles/lr_msgs__rosidl_typesupport_c.dir/rosidl_typesupport_c/lr_msgs/msg/encoder_telemetry__type_support.cpp.o[0m
[6.319s] [ 30%] [32mBuilding CXX object CMakeFiles/lr_msgs__rosidl_typesupport_c.dir/rosidl_typesupport_c/lr_msgs/msg/beacon_multi_tag__type_support.cpp.o[0m
[6.327s] [ 31%] [32mBuilding CXX object CMakeFiles/lr_msgs__rosidl_typesupport_c.dir/rosidl_typesupport_c/lr_msgs/msg/point2_d__type_support.cpp.o[0m
[6.348s] [ 32%] [32mBuilding CXX object CMakeFiles/lr_msgs__rosidl_typesupport_c.dir/rosidl_typesupport_c/lr_msgs/msg/pose2_d__type_support.cpp.o[0m
[6.360s] [ 32%] [32mBuilding CXX object CMakeFiles/lr_msgs__rosidl_typesupport_c.dir/rosidl_typesupport_c/lr_msgs/msg/slip__type_support.cpp.o[0m
[6.376s] [ 34%] [32mBuilding CXX object CMakeFiles/lr_msgs__rosidl_typesupport_c.dir/rosidl_typesupport_c/lr_msgs/msg/actuator_state__type_support.cpp.o[0m
[6.376s] [ 34%] [32mBuilding CXX object CMakeFiles/lr_msgs__rosidl_typesupport_c.dir/rosidl_typesupport_c/lr_msgs/msg/mux_mode__type_support.cpp.o[0m
[6.384s] [ 34%] [32mBuilding CXX object CMakeFiles/lr_msgs__rosidl_typesupport_c.dir/rosidl_typesupport_c/lr_msgs/msg/site_map__type_support.cpp.o[0m
[6.387s] [ 35%] [32mBuilding CXX object CMakeFiles/lr_msgs__rosidl_typesupport_fastrtps_cpp.dir/rosidl_typesupport_fastrtps_cpp/lr_msgs/msg/detail/dds_fastrtps/actuator_command__type_support.cpp.o[0m
[6.404s] [ 35%] [32mBuilding CXX object CMakeFiles/lr_msgs__rosidl_typesupport_fastrtps_cpp.dir/rosidl_typesupport_fastrtps_cpp/lr_msgs/msg/detail/dds_fastrtps/beacon_tag__type_support.cpp.o[0m
[6.405s] [ 36%] [32mBuilding CXX object CMakeFiles/lr_msgs__rosidl_typesupport_fastrtps_cpp.dir/rosidl_typesupport_fastrtps_cpp/lr_msgs/msg/detail/dds_fastrtps/beacon_multi_tag__type_support.cpp.o[0m
[6.407s] [ 37%] [32mBuilding CXX object CMakeFiles/lr_msgs__rosidl_typesupport_fastrtps_cpp.dir/rosidl_typesupport_fastrtps_cpp/lr_msgs/msg/detail/dds_fastrtps/encoder_telemetry__type_support.cpp.o[0m
[6.423s] [ 37%] [32mBuilding CXX object CMakeFiles/lr_msgs__rosidl_typesupport_fastrtps_cpp.dir/rosidl_typesupport_fastrtps_cpp/lr_msgs/msg/detail/dds_fastrtps/point2_d__type_support.cpp.o[0m
[6.441s] [ 38%] [32mBuilding CXX object CMakeFiles/lr_msgs__rosidl_typesupport_c.dir/rosidl_typesupport_c/lr_msgs/msg/trajectory__type_support.cpp.o[0m
[6.459s] [ 39%] [32mBuilding CXX object CMakeFiles/lr_msgs__rosidl_typesupport_fastrtps_cpp.dir/rosidl_typesupport_fastrtps_cpp/lr_msgs/msg/detail/dds_fastrtps/pose2_d__type_support.cpp.o[0m
[6.459s] [ 40%] [32mBuilding CXX object CMakeFiles/lr_msgs__rosidl_typesupport_c.dir/rosidl_typesupport_c/lr_msgs/srv/site_map__type_support.cpp.o[0m
[6.474s] [ 40%] [32mBuilding CXX object CMakeFiles/lr_msgs__rosidl_typesupport_c.dir/rosidl_typesupport_c/lr_msgs/srv/update_trajectory__type_support.cpp.o[0m
[6.551s] [ 41%] [32mBuilding CXX object CMakeFiles/lr_msgs__rosidl_typesupport_c.dir/rosidl_typesupport_c/lr_msgs/srv/enable_worksystem__type_support.cpp.o[0m
[6.552s] [ 42%] [32mBuilding CXX object CMakeFiles/lr_msgs__rosidl_typesupport_c.dir/rosidl_typesupport_c/lr_msgs/srv/save_map__type_support.cpp.o[0m
[6.562s] [ 43%] [32mBuilding CXX object CMakeFiles/lr_msgs__rosidl_typesupport_fastrtps_cpp.dir/rosidl_typesupport_fastrtps_cpp/lr_msgs/msg/detail/dds_fastrtps/slip__type_support.cpp.o[0m
[6.644s] [ 44%] [32mBuilding CXX object CMakeFiles/lr_msgs__rosidl_typesupport_introspection_cpp.dir/rosidl_typesupport_introspection_cpp/lr_msgs/msg/detail/actuator_command__type_support.cpp.o[0m
[6.652s] [ 44%] [32mBuilding CXX object CMakeFiles/lr_msgs__rosidl_typesupport_c.dir/rosidl_typesupport_c/lr_msgs/action/calibrate_imu__type_support.cpp.o[0m
[6.658s] [ 44%] [32mBuilding CXX object CMakeFiles/lr_msgs__rosidl_typesupport_fastrtps_cpp.dir/rosidl_typesupport_fastrtps_cpp/lr_msgs/msg/detail/dds_fastrtps/mux_mode__type_support.cpp.o[0m
[6.668s] [ 45%] [32mBuilding C object CMakeFiles/lr_msgs__rosidl_typesupport_introspection_c.dir/rosidl_typesupport_introspection_c/lr_msgs/msg/detail/actuator_command__type_support.c.o[0m
[6.724s] [ 45%] [32mBuilding C object CMakeFiles/lr_msgs__rosidl_typesupport_introspection_c.dir/rosidl_typesupport_introspection_c/lr_msgs/msg/detail/beacon_tag__type_support.c.o[0m
[6.774s] [ 46%] [32mBuilding C object CMakeFiles/lr_msgs__rosidl_typesupport_introspection_c.dir/rosidl_typesupport_introspection_c/lr_msgs/msg/detail/beacon_multi_tag__type_support.c.o[0m
[6.809s] [ 47%] [32mBuilding C object CMakeFiles/lr_msgs__rosidl_typesupport_introspection_c.dir/rosidl_typesupport_introspection_c/lr_msgs/msg/detail/encoder_telemetry__type_support.c.o[0m
[6.839s] [ 48%] [32m[1mLinking CXX shared library liblr_msgs__rosidl_typesupport_c.so[0m
[6.839s] [ 48%] [32mBuilding C object CMakeFiles/lr_msgs__rosidl_typesupport_introspection_c.dir/rosidl_typesupport_introspection_c/lr_msgs/msg/detail/point2_d__type_support.c.o[0m
[6.906s] [ 49%] [32mBuilding CXX object CMakeFiles/lr_msgs__rosidl_typesupport_fastrtps_cpp.dir/rosidl_typesupport_fastrtps_cpp/lr_msgs/msg/detail/dds_fastrtps/actuator_state__type_support.cpp.o[0m
[6.929s] [ 50%] [32mBuilding C object CMakeFiles/lr_msgs__rosidl_typesupport_introspection_c.dir/rosidl_typesupport_introspection_c/lr_msgs/msg/detail/pose2_d__type_support.c.o[0m
[6.975s] [ 50%] Built target lr_msgs__rosidl_typesupport_c
[6.984s] [ 51%] [32mBuilding CXX object CMakeFiles/lr_msgs__rosidl_typesupport_introspection_cpp.dir/rosidl_typesupport_introspection_cpp/lr_msgs/msg/detail/beacon_tag__type_support.cpp.o[0m
[7.001s] [ 51%] [32mBuilding CXX object CMakeFiles/lr_msgs__rosidl_typesupport_introspection_cpp.dir/rosidl_typesupport_introspection_cpp/lr_msgs/msg/detail/beacon_multi_tag__type_support.cpp.o[0m
[7.030s] [ 52%] [32mBuilding C object CMakeFiles/lr_msgs__rosidl_typesupport_introspection_c.dir/rosidl_typesupport_introspection_c/lr_msgs/msg/detail/slip__type_support.c.o[0m
[7.055s] [ 52%] [32mBuilding CXX object CMakeFiles/lr_msgs__rosidl_typesupport_fastrtps_c.dir/rosidl_typesupport_fastrtps_c/lr_msgs/msg/detail/actuator_command__type_support_c.cpp.o[0m
[7.091s] [ 52%] [32mBuilding C object CMakeFiles/lr_msgs__rosidl_typesupport_introspection_c.dir/rosidl_typesupport_introspection_c/lr_msgs/msg/detail/mux_mode__type_support.c.o[0m
[7.142s] [ 53%] [32mBuilding C object CMakeFiles/lr_msgs__rosidl_typesupport_introspection_c.dir/rosidl_typesupport_introspection_c/lr_msgs/msg/detail/actuator_state__type_support.c.o[0m
[7.173s] [ 54%] [32mBuilding CXX object CMakeFiles/lr_msgs__rosidl_typesupport_fastrtps_cpp.dir/rosidl_typesupport_fastrtps_cpp/lr_msgs/msg/detail/dds_fastrtps/site_map__type_support.cpp.o[0m
[7.221s] [ 55%] [32mBuilding C object CMakeFiles/lr_msgs__rosidl_typesupport_introspection_c.dir/rosidl_typesupport_introspection_c/lr_msgs/msg/detail/site_map__type_support.c.o[0m
[7.297s] [ 55%] [32mBuilding C object CMakeFiles/lr_msgs__rosidl_typesupport_introspection_c.dir/rosidl_typesupport_introspection_c/lr_msgs/msg/detail/trajectory__type_support.c.o[0m
[7.346s] [ 56%] [32mBuilding C object CMakeFiles/lr_msgs__rosidl_typesupport_introspection_c.dir/rosidl_typesupport_introspection_c/lr_msgs/srv/detail/site_map__type_support.c.o[0m
[7.369s] [ 57%] [32mBuilding CXX object CMakeFiles/lr_msgs__rosidl_typesupport_introspection_cpp.dir/rosidl_typesupport_introspection_cpp/lr_msgs/msg/detail/encoder_telemetry__type_support.cpp.o[0m
[7.414s] [ 58%] [32mBuilding CXX object CMakeFiles/lr_msgs__rosidl_typesupport_fastrtps_c.dir/rosidl_typesupport_fastrtps_c/lr_msgs/msg/detail/beacon_tag__type_support_c.cpp.o[0m
[7.457s] [ 59%] [32mBuilding C object CMakeFiles/lr_msgs__rosidl_typesupport_introspection_c.dir/rosidl_typesupport_introspection_c/lr_msgs/srv/detail/update_trajectory__type_support.c.o[0m
[7.534s] [ 59%] [32mBuilding C object CMakeFiles/lr_msgs__rosidl_typesupport_introspection_c.dir/rosidl_typesupport_introspection_c/lr_msgs/srv/detail/enable_worksystem__type_support.c.o[0m
[7.560s] [ 59%] [32m[1mLinking CXX shared library liblr_msgs__rosidl_typesupport_cpp.so[0m
[7.619s] [ 60%] [32mBuilding C object CMakeFiles/lr_msgs__rosidl_typesupport_introspection_c.dir/rosidl_typesupport_introspection_c/lr_msgs/srv/detail/save_map__type_support.c.o[0m
[7.644s] [ 61%] [32mBuilding CXX object CMakeFiles/lr_msgs__rosidl_typesupport_introspection_cpp.dir/rosidl_typesupport_introspection_cpp/lr_msgs/msg/detail/point2_d__type_support.cpp.o[0m
[7.644s] [ 61%] [32mBuilding CXX object CMakeFiles/lr_msgs__rosidl_typesupport_fastrtps_cpp.dir/rosidl_typesupport_fastrtps_cpp/lr_msgs/msg/detail/dds_fastrtps/trajectory__type_support.cpp.o[0m
[7.645s] [ 61%] Built target lr_msgs__rosidl_typesupport_cpp
[7.666s] [ 61%] [32mBuilding CXX object CMakeFiles/lr_msgs__rosidl_typesupport_introspection_cpp.dir/rosidl_typesupport_introspection_cpp/lr_msgs/msg/detail/pose2_d__type_support.cpp.o[0m
[7.695s] [ 62%] [32mBuilding C object CMakeFiles/lr_msgs__rosidl_typesupport_introspection_c.dir/rosidl_typesupport_introspection_c/lr_msgs/action/detail/calibrate_imu__type_support.c.o[0m
[7.718s] [ 63%] [32mBuilding CXX object CMakeFiles/lr_msgs__rosidl_typesupport_fastrtps_c.dir/rosidl_typesupport_fastrtps_c/lr_msgs/msg/detail/beacon_multi_tag__type_support_c.cpp.o[0m
[7.719s] [ 64%] [32mBuilding CXX object CMakeFiles/lr_msgs__rosidl_typesupport_fastrtps_cpp.dir/rosidl_typesupport_fastrtps_cpp/lr_msgs/srv/detail/dds_fastrtps/site_map__type_support.cpp.o[0m
[7.727s] [ 65%] [32mBuilding CXX object CMakeFiles/lr_msgs__rosidl_typesupport_fastrtps_cpp.dir/rosidl_typesupport_fastrtps_cpp/lr_msgs/srv/detail/dds_fastrtps/update_trajectory__type_support.cpp.o[0m
[7.813s] [ 65%] [32mBuilding CXX object CMakeFiles/lr_msgs__rosidl_typesupport_fastrtps_c.dir/rosidl_typesupport_fastrtps_c/lr_msgs/msg/detail/encoder_telemetry__type_support_c.cpp.o[0m
[7.845s] [ 65%] [32m[1mLinking C shared library liblr_msgs__rosidl_typesupport_introspection_c.so[0m
[7.919s] [ 65%] Built target lr_msgs__rosidl_typesupport_introspection_c
[7.934s] [ 66%] [32mBuilding CXX object CMakeFiles/lr_msgs__rosidl_typesupport_introspection_cpp.dir/rosidl_typesupport_introspection_cpp/lr_msgs/msg/detail/slip__type_support.cpp.o[0m
[7.993s] [ 67%] [32mBuilding CXX object CMakeFiles/lr_msgs__rosidl_typesupport_introspection_cpp.dir/rosidl_typesupport_introspection_cpp/lr_msgs/msg/detail/mux_mode__type_support.cpp.o[0m
[7.995s] [ 68%] [32mBuilding CXX object CMakeFiles/lr_msgs__rosidl_typesupport_fastrtps_c.dir/rosidl_typesupport_fastrtps_c/lr_msgs/msg/detail/point2_d__type_support_c.cpp.o[0m
[8.059s] [ 69%] [32mBuilding CXX object CMakeFiles/lr_msgs__rosidl_typesupport_fastrtps_c.dir/rosidl_typesupport_fastrtps_c/lr_msgs/msg/detail/pose2_d__type_support_c.cpp.o[0m
[8.114s] [ 69%] [32mBuilding CXX object CMakeFiles/lr_msgs__rosidl_typesupport_fastrtps_cpp.dir/rosidl_typesupport_fastrtps_cpp/lr_msgs/srv/detail/dds_fastrtps/enable_worksystem__type_support.cpp.o[0m
[8.194s] [ 69%] [32mBuilding CXX object CMakeFiles/lr_msgs__rosidl_typesupport_introspection_cpp.dir/rosidl_typesupport_introspection_cpp/lr_msgs/msg/detail/actuator_state__type_support.cpp.o[0m
[8.195s] [ 70%] [32mBuilding CXX object CMakeFiles/lr_msgs__rosidl_typesupport_fastrtps_cpp.dir/rosidl_typesupport_fastrtps_cpp/lr_msgs/srv/detail/dds_fastrtps/save_map__type_support.cpp.o[0m
[8.312s] [ 71%] [32mBuilding CXX object CMakeFiles/lr_msgs__rosidl_typesupport_introspection_cpp.dir/rosidl_typesupport_introspection_cpp/lr_msgs/msg/detail/site_map__type_support.cpp.o[0m
[8.474s] [ 72%] [32mBuilding CXX object CMakeFiles/lr_msgs__rosidl_typesupport_fastrtps_cpp.dir/rosidl_typesupport_fastrtps_cpp/lr_msgs/action/detail/dds_fastrtps/calibrate_imu__type_support.cpp.o[0m
[8.546s] [ 73%] [32mBuilding CXX object CMakeFiles/lr_msgs__rosidl_typesupport_introspection_cpp.dir/rosidl_typesupport_introspection_cpp/lr_msgs/msg/detail/trajectory__type_support.cpp.o[0m
[8.647s] [ 73%] [32mBuilding CXX object CMakeFiles/lr_msgs__rosidl_typesupport_introspection_cpp.dir/rosidl_typesupport_introspection_cpp/lr_msgs/srv/detail/site_map__type_support.cpp.o[0m
[8.678s] [ 73%] [32mBuilding CXX object CMakeFiles/lr_msgs__rosidl_typesupport_fastrtps_c.dir/rosidl_typesupport_fastrtps_c/lr_msgs/msg/detail/slip__type_support_c.cpp.o[0m
[8.711s] [ 74%] [32mBuilding CXX object CMakeFiles/lr_msgs__rosidl_typesupport_fastrtps_c.dir/rosidl_typesupport_fastrtps_c/lr_msgs/msg/detail/mux_mode__type_support_c.cpp.o[0m
[8.777s] [ 75%] [32mBuilding CXX object CMakeFiles/lr_msgs__rosidl_typesupport_fastrtps_c.dir/rosidl_typesupport_fastrtps_c/lr_msgs/msg/detail/actuator_state__type_support_c.cpp.o[0m
[8.800s] [ 76%] [32mBuilding CXX object CMakeFiles/lr_msgs__rosidl_typesupport_introspection_cpp.dir/rosidl_typesupport_introspection_cpp/lr_msgs/srv/detail/update_trajectory__type_support.cpp.o[0m
[8.823s] [ 76%] [32mBuilding CXX object CMakeFiles/lr_msgs__rosidl_typesupport_fastrtps_c.dir/rosidl_typesupport_fastrtps_c/lr_msgs/msg/detail/site_map__type_support_c.cpp.o[0m
[8.854s] [ 77%] [32mBuilding CXX object CMakeFiles/lr_msgs__rosidl_typesupport_fastrtps_c.dir/rosidl_typesupport_fastrtps_c/lr_msgs/msg/detail/trajectory__type_support_c.cpp.o[0m
[8.908s] [ 78%] [32mBuilding CXX object CMakeFiles/lr_msgs__rosidl_typesupport_introspection_cpp.dir/rosidl_typesupport_introspection_cpp/lr_msgs/srv/detail/enable_worksystem__type_support.cpp.o[0m
[8.970s] [ 78%] [32mBuilding CXX object CMakeFiles/lr_msgs__rosidl_typesupport_introspection_cpp.dir/rosidl_typesupport_introspection_cpp/lr_msgs/srv/detail/save_map__type_support.cpp.o[0m
[9.098s] [ 79%] [32mBuilding CXX object CMakeFiles/lr_msgs__rosidl_typesupport_introspection_cpp.dir/rosidl_typesupport_introspection_cpp/lr_msgs/action/detail/calibrate_imu__type_support.cpp.o[0m
[9.321s] [ 80%] [32mBuilding CXX object CMakeFiles/lr_msgs__rosidl_typesupport_fastrtps_c.dir/rosidl_typesupport_fastrtps_c/lr_msgs/srv/detail/site_map__type_support_c.cpp.o[0m
[9.421s] [ 81%] [32mBuilding CXX object CMakeFiles/lr_msgs__rosidl_typesupport_fastrtps_c.dir/rosidl_typesupport_fastrtps_c/lr_msgs/srv/detail/enable_worksystem__type_support_c.cpp.o[0m
[9.422s] [ 81%] [32mBuilding CXX object CMakeFiles/lr_msgs__rosidl_typesupport_fastrtps_c.dir/rosidl_typesupport_fastrtps_c/lr_msgs/srv/detail/update_trajectory__type_support_c.cpp.o[0m
[9.551s] [ 82%] [32mBuilding CXX object CMakeFiles/lr_msgs__rosidl_typesupport_fastrtps_c.dir/rosidl_typesupport_fastrtps_c/lr_msgs/srv/detail/save_map__type_support_c.cpp.o[0m
[9.570s] [ 82%] [32mBuilding CXX object CMakeFiles/lr_msgs__rosidl_typesupport_fastrtps_c.dir/rosidl_typesupport_fastrtps_c/lr_msgs/action/detail/calibrate_imu__type_support_c.cpp.o[0m
[10.052s] [ 82%] [32m[1mLinking CXX shared library liblr_msgs__rosidl_typesupport_fastrtps_cpp.so[0m
[10.291s] [ 82%] Built target lr_msgs__rosidl_typesupport_fastrtps_cpp
[10.333s] [ 83%] [32m[1mLinking CXX shared library liblr_msgs__rosidl_typesupport_introspection_cpp.so[0m
[10.634s] [ 84%] [32m[1mLinking CXX shared library liblr_msgs__rosidl_typesupport_fastrtps_c.so[0m
[10.639s] [ 84%] Built target lr_msgs__rosidl_typesupport_introspection_cpp
[10.938s] [ 84%] Built target lr_msgs__rosidl_typesupport_fastrtps_c
[10.962s] [ 84%] Built target lr_msgs
[10.993s] [ 85%] [34m[1mGenerating Python code for ROS interfaces[0m
[15.332s] [ 85%] Built target lr_msgs__py
[15.366s] [ 85%] [32mBuilding C object CMakeFiles/lr_msgs__rosidl_generator_py.dir/rosidl_generator_py/lr_msgs/msg/_actuator_command_s.c.o[0m
[15.371s] [ 86%] [32mBuilding C object CMakeFiles/lr_msgs__rosidl_generator_py.dir/rosidl_generator_py/lr_msgs/msg/_beacon_tag_s.c.o[0m
[15.375s] [ 87%] [32mBuilding C object CMakeFiles/lr_msgs__rosidl_generator_py.dir/rosidl_generator_py/lr_msgs/msg/_beacon_multi_tag_s.c.o[0m
[15.380s] [ 87%] [32mBuilding C object CMakeFiles/lr_msgs__rosidl_generator_py.dir/rosidl_generator_py/lr_msgs/msg/_encoder_telemetry_s.c.o[0m
[15.381s] [ 88%] [32mBuilding C object CMakeFiles/lr_msgs__rosidl_generator_py.dir/rosidl_generator_py/lr_msgs/msg/_pose2_d_s.c.o[0m
[15.382s] [ 89%] [32mBuilding C object CMakeFiles/lr_msgs__rosidl_generator_py.dir/rosidl_generator_py/lr_msgs/msg/_point2_d_s.c.o[0m
[15.385s] [ 90%] [32mBuilding C object CMakeFiles/lr_msgs__rosidl_generator_py.dir/rosidl_generator_py/lr_msgs/msg/_mux_mode_s.c.o[0m
[15.389s] [ 90%] [32mBuilding C object CMakeFiles/lr_msgs__rosidl_generator_py.dir/rosidl_generator_py/lr_msgs/msg/_slip_s.c.o[0m
[15.397s] [ 91%] [32mBuilding C object CMakeFiles/lr_msgs__rosidl_generator_py.dir/rosidl_generator_py/lr_msgs/msg/_actuator_state_s.c.o[0m
[15.420s] [ 91%] [32mBuilding C object CMakeFiles/lr_msgs__rosidl_generator_py.dir/rosidl_generator_py/lr_msgs/msg/_site_map_s.c.o[0m
[15.425s] [ 93%] [32mBuilding C object CMakeFiles/lr_msgs__rosidl_generator_py.dir/rosidl_generator_py/lr_msgs/srv/_enable_worksystem_s.c.o[0m
[15.425s] [ 92%] [32mBuilding C object CMakeFiles/lr_msgs__rosidl_generator_py.dir/rosidl_generator_py/lr_msgs/msg/_trajectory_s.c.o[0m
[15.425s] [ 92%] [32mBuilding C object CMakeFiles/lr_msgs__rosidl_generator_py.dir/rosidl_generator_py/lr_msgs/srv/_update_trajectory_s.c.o[0m
[15.425s] [ 94%] [32mBuilding C object CMakeFiles/lr_msgs__rosidl_generator_py.dir/rosidl_generator_py/lr_msgs/srv/_site_map_s.c.o[0m
[15.425s] [ 95%] [32mBuilding C object CMakeFiles/lr_msgs__rosidl_generator_py.dir/rosidl_generator_py/lr_msgs/srv/_save_map_s.c.o[0m
[15.465s] [ 95%] [32mBuilding C object CMakeFiles/lr_msgs__rosidl_generator_py.dir/rosidl_generator_py/lr_msgs/action/_calibrate_imu_s.c.o[0m
[15.868s] [ 96%] [32m[1mLinking C shared library rosidl_generator_py/lr_msgs/liblr_msgs__rosidl_generator_py.so[0m
[15.988s] [ 96%] Built target lr_msgs__rosidl_generator_py
[16.022s] [ 98%] [32mBuilding C object CMakeFiles/lr_msgs__rosidl_typesupport_fastrtps_c__pyext.dir/rosidl_generator_py/lr_msgs/_lr_msgs_s.ep.rosidl_typesupport_fastrtps_c.c.o[0m
[16.023s] [ 98%] [32mBuilding C object CMakeFiles/lr_msgs__rosidl_typesupport_introspection_c__pyext.dir/rosidl_generator_py/lr_msgs/_lr_msgs_s.ep.rosidl_typesupport_introspection_c.c.o[0m
[16.067s] [ 99%] [32mBuilding C object CMakeFiles/lr_msgs__rosidl_typesupport_c__pyext.dir/rosidl_generator_py/lr_msgs/_lr_msgs_s.ep.rosidl_typesupport_c.c.o[0m
[16.420s] [100%] [32m[1mLinking C shared library rosidl_generator_py/lr_msgs/lr_msgs_s__rosidl_typesupport_introspection_c.cpython-310-x86_64-linux-gnu.so[0m
[16.501s] [100%] [32m[1mLinking C shared library rosidl_generator_py/lr_msgs/lr_msgs_s__rosidl_typesupport_c.cpython-310-x86_64-linux-gnu.so[0m
[16.520s] [100%] [32m[1mLinking C shared library rosidl_generator_py/lr_msgs/lr_msgs_s__rosidl_typesupport_fastrtps_c.cpython-310-x86_64-linux-gnu.so[0m
[16.535s] [100%] Built target lr_msgs__rosidl_typesupport_introspection_c__pyext
[16.592s] [100%] Built target lr_msgs__rosidl_typesupport_fastrtps_c__pyext
[16.595s] [100%] Built target lr_msgs__rosidl_typesupport_c__pyext
