-- The C compiler identification is GNU 11.4.0
-- The CXX compiler identification is GNU 11.4.0
-- Detecting C compiler ABI info
-- Detecting C compiler ABI info - done
-- Check for working C compiler: /usr/bin/cc - skipped
-- Detecting C compile features
-- Detecting C compile features - done
-- Detecting CXX compiler ABI info
-- Detecting CXX compiler ABI info - done
-- Check for working CXX compiler: /usr/bin/c++ - skipped
-- Detecting CXX compile features
-- Detecting CXX compile features - done
-- Found ament_cmake: 1.3.11 (/opt/ros/humble/share/ament_cmake/cmake)
-- Found Python3: /usr/bin/python3 (found version "3.10.12") found components: Interpreter 
-- Found rclcpp: 16.0.11 (/opt/ros/humble/share/rclcpp/cmake)
-- Found rosidl_generator_c: 3.1.6 (/opt/ros/humble/share/rosidl_generator_c/cmake)
-- Found rosidl_adapter: 3.1.6 (/opt/ros/humble/share/rosidl_adapter/cmake)
-- Found rosidl_generator_cpp: 3.1.6 (/opt/ros/humble/share/rosidl_generator_cpp/cmake)
-- Using all available rosidl_typesupport_c: rosidl_typesupport_fastrtps_c;rosidl_typesupport_introspection_c
-- Using all available rosidl_typesupport_cpp: rosidl_typesupport_fastrtps_cpp;rosidl_typesupport_introspection_cpp
-- Found rmw_implementation_cmake: 6.1.2 (/opt/ros/humble/share/rmw_implementation_cmake/cmake)
-- Found rmw_fastrtps_cpp: 6.2.7 (/opt/ros/humble/share/rmw_fastrtps_cpp/cmake)
-- Found OpenSSL: /usr/lib/aarch64-linux-gnu/libcrypto.so (found version "3.0.2")  
-- Found FastRTPS: /opt/ros/humble/include  
-- Using RMW implementation 'rmw_fastrtps_cpp' as default
-- Looking for pthread.h
-- Looking for pthread.h - found
-- Performing Test CMAKE_HAVE_LIBC_PTHREAD
-- Performing Test CMAKE_HAVE_LIBC_PTHREAD - Success
-- Found Threads: TRUE  
-- Found geometry_msgs: 4.2.4 (/opt/ros/humble/share/geometry_msgs/cmake)
-- Found lx_msgs: 0.0.0 (/root/Lunar_ROADSTER/lr_ws/install/lx_msgs/share/lx_msgs/cmake)
-- Configuring done
-- Generating done
-- Build files have been written to: /root/Lunar_ROADSTER/lr_ws/build/lx_library
[ 33%] [32mBuilding CXX object CMakeFiles/lx_library.dir/src/lx_utils.cpp.o[0m
[ 66%] [32mBuilding CXX object CMakeFiles/lx_library.dir/src/task.cpp.o[0m
[100%] [32m[1mLinking CXX static library liblx_library.a[0m
[100%] Built target lx_library
-- Install configuration: ""
-- Installing: /root/Lunar_ROADSTER/lr_ws/install/lx_library/share/lx_library/environment/library_path.sh
-- Installing: /root/Lunar_ROADSTER/lr_ws/install/lx_library/share/lx_library/environment/library_path.dsv
-- Installing: /root/Lunar_ROADSTER/lr_ws/install/lx_library/include/lx_library
-- Installing: /root/Lunar_ROADSTER/lr_ws/install/lx_library/include/lx_library/lx_utils.hpp
-- Installing: /root/Lunar_ROADSTER/lr_ws/install/lx_library/include/lx_library/task.hpp
-- Installing: /root/Lunar_ROADSTER/lr_ws/install/lx_library/lib/liblx_library.a
-- Installing: /root/Lunar_ROADSTER/lr_ws/install/lx_library/share/ament_index/resource_index/package_run_dependencies/lx_library
-- Installing: /root/Lunar_ROADSTER/lr_ws/install/lx_library/share/ament_index/resource_index/parent_prefix_path/lx_library
-- Installing: /root/Lunar_ROADSTER/lr_ws/install/lx_library/share/lx_library/environment/ament_prefix_path.sh
-- Installing: /root/Lunar_ROADSTER/lr_ws/install/lx_library/share/lx_library/environment/ament_prefix_path.dsv
-- Installing: /root/Lunar_ROADSTER/lr_ws/install/lx_library/share/lx_library/environment/path.sh
-- Installing: /root/Lunar_ROADSTER/lr_ws/install/lx_library/share/lx_library/environment/path.dsv
-- Installing: /root/Lunar_ROADSTER/lr_ws/install/lx_library/share/lx_library/local_setup.bash
-- Installing: /root/Lunar_ROADSTER/lr_ws/install/lx_library/share/lx_library/local_setup.sh
-- Installing: /root/Lunar_ROADSTER/lr_ws/install/lx_library/share/lx_library/local_setup.zsh
-- Installing: /root/Lunar_ROADSTER/lr_ws/install/lx_library/share/lx_library/local_setup.dsv
-- Installing: /root/Lunar_ROADSTER/lr_ws/install/lx_library/share/lx_library/package.dsv
-- Installing: /root/Lunar_ROADSTER/lr_ws/install/lx_library/share/ament_index/resource_index/packages/lx_library
-- Installing: /root/Lunar_ROADSTER/lr_ws/install/lx_library/share/lx_library/cmake/lx_libraryExport.cmake
-- Installing: /root/Lunar_ROADSTER/lr_ws/install/lx_library/share/lx_library/cmake/lx_libraryExport-noconfig.cmake
-- Installing: /root/Lunar_ROADSTER/lr_ws/install/lx_library/share/lx_library/cmake/ament_cmake_export_targets-extras.cmake
-- Installing: /root/Lunar_ROADSTER/lr_ws/install/lx_library/share/lx_library/cmake/lx_libraryConfig.cmake
-- Installing: /root/Lunar_ROADSTER/lr_ws/install/lx_library/share/lx_library/cmake/lx_libraryConfig-version.cmake
-- Installing: /root/Lunar_ROADSTER/lr_ws/install/lx_library/share/lx_library/package.xml
