-- The C compiler identification is GNU 11.4.0
-- The CXX compiler identification is GNU 11.4.0
-- Detecting C compiler ABI info
-- Detecting C compiler ABI info - done
-- Check for working C compiler: /usr/bin/cc - skipped
-- Detecting C compile features
-- Detecting C compile features - done
-- Detecting CXX compiler ABI info
-- Detecting CXX compiler ABI info - done
-- Check for working CXX compiler: /usr/bin/c++ - skipped
-- Detecting CXX compile features
-- Detecting CXX compile features - done
-- Found ament_cmake: 1.3.11 (/opt/ros/humble/share/ament_cmake/cmake)
-- Found Python3: /usr/bin/python3 (found version "3.10.12") found components: Interpreter 
-- Found rclcpp: 16.0.11 (/opt/ros/humble/share/rclcpp/cmake)
-- Found rosidl_generator_c: 3.1.6 (/opt/ros/humble/share/rosidl_generator_c/cmake)
-- Found rosidl_adapter: 3.1.6 (/opt/ros/humble/share/rosidl_adapter/cmake)
-- Found rosidl_generator_cpp: 3.1.6 (/opt/ros/humble/share/rosidl_generator_cpp/cmake)
-- Using all available rosidl_typesupport_c: rosidl_typesupport_fastrtps_c;rosidl_typesupport_introspection_c
-- Using all available rosidl_typesupport_cpp: rosidl_typesupport_fastrtps_cpp;rosidl_typesupport_introspection_cpp
-- Found rmw_implementation_cmake: 6.1.2 (/opt/ros/humble/share/rmw_implementation_cmake/cmake)
-- Found rmw_fastrtps_cpp: 6.2.7 (/opt/ros/humble/share/rmw_fastrtps_cpp/cmake)
-- Found OpenSSL: /usr/lib/x86_64-linux-gnu/libcrypto.so (found version "3.0.2")  
-- Found FastRTPS: /opt/ros/humble/include  
-- Using RMW implementation 'rmw_fastrtps_cpp' as default
-- Looking for pthread.h
-- Looking for pthread.h - found
-- Performing Test CMAKE_HAVE_LIBC_PTHREAD
-- Performing Test CMAKE_HAVE_LIBC_PTHREAD - Success
-- Found Threads: TRUE  
-- Found nav_msgs: 4.2.4 (/opt/ros/humble/share/nav_msgs/cmake)
-- Found cg_msgs: 0.0.0 (/home/williamfbx/Lunar-ROADSTER/lr_ws/install/cg_msgs/share/cg_msgs/cmake)
-- Found sensor_msgs: 4.2.4 (/opt/ros/humble/share/sensor_msgs/cmake)
-- Found visualization_msgs: 4.2.4 (/opt/ros/humble/share/visualization_msgs/cmake)
-- Found tf2: 0.25.12 (/opt/ros/humble/share/tf2/cmake)
-- Found tf2_ros: 0.25.12 (/opt/ros/humble/share/tf2_ros/cmake)
-- Found tf2_geometry_msgs: 0.25.12 (/opt/ros/humble/share/tf2_geometry_msgs/cmake)
-- Found eigen3_cmake_module: 0.1.1 (/opt/ros/humble/share/eigen3_cmake_module/cmake)
-- Found Eigen3: TRUE (found version "3.4.0") 
-- Ensuring Eigen3 include directory is part of orocos-kdl CMake target
-- Found ament_lint_auto: 0.12.11 (/opt/ros/humble/share/ament_lint_auto/cmake)
-- Added test 'copyright' to check source files copyright and LICENSE
-- Added test 'cppcheck' to perform static code analysis on C / C++ code
-- Configured cppcheck include dirs: /home/williamfbx/Lunar-ROADSTER/lr_ws/src/localization/include
-- Configured cppcheck exclude dirs and/or files: 
-- Added test 'cpplint' to check C / C++ code against the Google style
-- Configured cpplint exclude dirs and/or files: 
-- Added test 'flake8' to check Python code syntax and style conventions
-- Added test 'lint_cmake' to check CMake code style
-- Added test 'pep257' to check Python code against some of the docstring style conventions in PEP 257
-- Added test 'uncrustify' to check C / C++ code style
-- Configured uncrustify additional arguments: 
-- Added test 'xmllint' to check XML markup files
-- Configuring done
-- Generating done
-- Build files have been written to: /home/williamfbx/Lunar-ROADSTER/lr_ws/build/localization
[  9%] [32mBuilding CXX object CMakeFiles/kalman_filter_linear.dir/src/kalman_filter_linear.cpp.o[0m
[ 18%] [32mBuilding CXX object CMakeFiles/ts_prism_transformer.dir/src/ts_prism_transformer_main.cpp.o[0m
[ 27%] [32mBuilding CXX object CMakeFiles/ts_prism_transformer.dir/src/ts_prism_transformer.cpp.o[0m
[ 36%] [32mBuilding CXX object CMakeFiles/imu_tf_publisher.dir/src/imu_tf_publisher_main.cpp.o[0m
[ 45%] [32mBuilding CXX object CMakeFiles/imu_tf_publisher.dir/src/imu_tf_publisher.cpp.o[0m
[ 54%] [32m[1mLinking CXX static library libkalman_filter_linear.a[0m
[ 54%] Built target kalman_filter_linear
[ 63%] [32m[1mLinking CXX executable imu_tf_publisher[0m
[ 63%] Built target imu_tf_publisher
[ 72%] [32m[1mLinking CXX executable ts_prism_transformer[0m
[ 72%] Built target ts_prism_transformer
[ 81%] [32mBuilding CXX object CMakeFiles/slip_estimate_node.dir/src/slip_estimate_main.cpp.o[0m
[ 90%] [32mBuilding CXX object CMakeFiles/slip_estimate_node.dir/src/slip_estimate_node.cpp.o[0m
[100%] [32m[1mLinking CXX executable slip_estimate_node[0m
[100%] Built target slip_estimate_node
-- Install configuration: ""
-- Installing: /home/williamfbx/Lunar-ROADSTER/lr_ws/install/localization/lib/localization/slip_estimate_node
-- Set runtime path of "/home/williamfbx/Lunar-ROADSTER/lr_ws/install/localization/lib/localization/slip_estimate_node" to ""
-- Installing: /home/williamfbx/Lunar-ROADSTER/lr_ws/install/localization/lib/localization/ts_prism_transformer
-- Set runtime path of "/home/williamfbx/Lunar-ROADSTER/lr_ws/install/localization/lib/localization/ts_prism_transformer" to ""
-- Installing: /home/williamfbx/Lunar-ROADSTER/lr_ws/install/localization/lib/localization/imu_tf_publisher
-- Set runtime path of "/home/williamfbx/Lunar-ROADSTER/lr_ws/install/localization/lib/localization/imu_tf_publisher" to ""
-- Installing: /home/williamfbx/Lunar-ROADSTER/lr_ws/install/localization/include/localization
-- Installing: /home/williamfbx/Lunar-ROADSTER/lr_ws/install/localization/include/localization/ts_prism_transformer.hpp
-- Installing: /home/williamfbx/Lunar-ROADSTER/lr_ws/install/localization/include/localization/slip_estimate_node.hpp
-- Installing: /home/williamfbx/Lunar-ROADSTER/lr_ws/install/localization/include/localization/imu_tf_publisher.hpp
-- Installing: /home/williamfbx/Lunar-ROADSTER/lr_ws/install/localization/include/localization/kalman_filter_linear.hpp
-- Installing: /home/williamfbx/Lunar-ROADSTER/lr_ws/install/localization/share/localization/launch
-- Installing: /home/williamfbx/Lunar-ROADSTER/lr_ws/install/localization/share/localization/launch/__pycache__
-- Installing: /home/williamfbx/Lunar-ROADSTER/lr_ws/install/localization/share/localization/launch/__pycache__/imu_tf_publisher.launch.cpython-310.pyc
-- Installing: /home/williamfbx/Lunar-ROADSTER/lr_ws/install/localization/share/localization/launch/__pycache__/ekf_localization.launch.cpython-310.pyc
-- Installing: /home/williamfbx/Lunar-ROADSTER/lr_ws/install/localization/share/localization/launch/__pycache__/ekf_localization.launch.cpython-38.pyc
-- Installing: /home/williamfbx/Lunar-ROADSTER/lr_ws/install/localization/share/localization/launch/slip_estimate_launch.py
-- Installing: /home/williamfbx/Lunar-ROADSTER/lr_ws/install/localization/share/localization/launch/imu_tf_publisher.launch.py
-- Installing: /home/williamfbx/Lunar-ROADSTER/lr_ws/install/localization/share/localization/launch/ekf_localization.launch.py
-- Installing: /home/williamfbx/Lunar-ROADSTER/lr_ws/install/localization/share/localization//config
-- Installing: /home/williamfbx/Lunar-ROADSTER/lr_ws/install/localization/share/localization//config/ekf_slip_node_params.yaml
-- Installing: /home/williamfbx/Lunar-ROADSTER/lr_ws/install/localization/share/localization//config/ekf_global_node_params.yaml
-- Installing: /home/williamfbx/Lunar-ROADSTER/lr_ws/install/localization/share/localization//config/slip_estimate_params.yaml
-- Installing: /home/williamfbx/Lunar-ROADSTER/lr_ws/install/localization/share/localization//config/ekf_odom_node_params.yaml
-- Installing: /home/williamfbx/Lunar-ROADSTER/lr_ws/install/localization/share/localization//config/total_station_beacon_static_tf_params.yaml
-- Installing: /home/williamfbx/Lunar-ROADSTER/lr_ws/install/localization/share/ament_index/resource_index/package_run_dependencies/localization
-- Installing: /home/williamfbx/Lunar-ROADSTER/lr_ws/install/localization/share/ament_index/resource_index/parent_prefix_path/localization
-- Installing: /home/williamfbx/Lunar-ROADSTER/lr_ws/install/localization/share/localization/environment/ament_prefix_path.sh
-- Installing: /home/williamfbx/Lunar-ROADSTER/lr_ws/install/localization/share/localization/environment/ament_prefix_path.dsv
-- Installing: /home/williamfbx/Lunar-ROADSTER/lr_ws/install/localization/share/localization/environment/path.sh
-- Installing: /home/williamfbx/Lunar-ROADSTER/lr_ws/install/localization/share/localization/environment/path.dsv
-- Installing: /home/williamfbx/Lunar-ROADSTER/lr_ws/install/localization/share/localization/local_setup.bash
-- Installing: /home/williamfbx/Lunar-ROADSTER/lr_ws/install/localization/share/localization/local_setup.sh
-- Installing: /home/williamfbx/Lunar-ROADSTER/lr_ws/install/localization/share/localization/local_setup.zsh
-- Installing: /home/williamfbx/Lunar-ROADSTER/lr_ws/install/localization/share/localization/local_setup.dsv
-- Installing: /home/williamfbx/Lunar-ROADSTER/lr_ws/install/localization/share/localization/package.dsv
-- Installing: /home/williamfbx/Lunar-ROADSTER/lr_ws/install/localization/share/ament_index/resource_index/packages/localization
-- Installing: /home/williamfbx/Lunar-ROADSTER/lr_ws/install/localization/share/localization/cmake/localizationConfig.cmake
-- Installing: /home/williamfbx/Lunar-ROADSTER/lr_ws/install/localization/share/localization/cmake/localizationConfig-version.cmake
-- Installing: /home/williamfbx/Lunar-ROADSTER/lr_ws/install/localization/share/localization/package.xml
