[0.027s] Invoking command in '/home/williamfbx/Lunar-ROADSTER/lr_ws/build/mapping': CMAKE_PREFIX_PATH=${CMAKE_PREFIX_PATH}:/opt/ros/humble /usr/bin/cmake --build /home/williamfbx/Lunar-ROADSTER/lr_ws/build/mapping -- -j12 -l12
[0.119s] [ 25%] Built target pc_handler_node
[0.139s] [ 58%] Built target local_mapping_node
[0.145s] [100%] Built target global_mapping_node
[0.177s] Invoked command in '/home/williamfbx/Lunar-ROADSTER/lr_ws/build/mapping' returned '0': CMAKE_PREFIX_PATH=${CMAKE_PREFIX_PATH}:/opt/ros/humble /usr/bin/cmake --build /home/williamfbx/Lunar-ROADSTER/lr_ws/build/mapping -- -j12 -l12
[0.178s] Invoking command in '/home/williamfbx/Lunar-ROADSTER/lr_ws/build/mapping': CMAKE_PREFIX_PATH=${CMAKE_PREFIX_PATH}:/opt/ros/humble /usr/bin/cmake --install /home/williamfbx/Lunar-ROADSTER/lr_ws/build/mapping
[0.182s] -- Install configuration: ""
[0.182s] -- Up-to-date: /home/williamfbx/Lunar-ROADSTER/lr_ws/install/mapping/lib/mapping/global_mapping_node
[0.183s] -- Up-to-date: /home/williamfbx/Lunar-ROADSTER/lr_ws/install/mapping/lib/mapping/local_mapping_node
[0.183s] -- Up-to-date: /home/williamfbx/Lunar-ROADSTER/lr_ws/install/mapping/lib/mapping/pc_handler_node
[0.183s] -- Up-to-date: /home/williamfbx/Lunar-ROADSTER/lr_ws/install/mapping/share/mapping/launch
[0.183s] -- Up-to-date: /home/williamfbx/Lunar-ROADSTER/lr_ws/install/mapping/share/mapping/launch/mapping.launch.py
[0.183s] -- Up-to-date: /home/williamfbx/Lunar-ROADSTER/lr_ws/install/mapping/share/mapping/launch/rviz_config.rviz
[0.183s] -- Up-to-date: /home/williamfbx/Lunar-ROADSTER/lr_ws/install/mapping/share/ament_index/resource_index/package_run_dependencies/mapping
[0.183s] -- Up-to-date: /home/williamfbx/Lunar-ROADSTER/lr_ws/install/mapping/share/ament_index/resource_index/parent_prefix_path/mapping
[0.183s] -- Up-to-date: /home/williamfbx/Lunar-ROADSTER/lr_ws/install/mapping/share/mapping/environment/ament_prefix_path.sh
[0.184s] -- Up-to-date: /home/williamfbx/Lunar-ROADSTER/lr_ws/install/mapping/share/mapping/environment/ament_prefix_path.dsv
[0.184s] -- Up-to-date: /home/williamfbx/Lunar-ROADSTER/lr_ws/install/mapping/share/mapping/environment/path.sh
[0.184s] -- Up-to-date: /home/williamfbx/Lunar-ROADSTER/lr_ws/install/mapping/share/mapping/environment/path.dsv
[0.184s] -- Up-to-date: /home/williamfbx/Lunar-ROADSTER/lr_ws/install/mapping/share/mapping/local_setup.bash
[0.184s] -- Up-to-date: /home/williamfbx/Lunar-ROADSTER/lr_ws/install/mapping/share/mapping/local_setup.sh
[0.184s] -- Up-to-date: /home/williamfbx/Lunar-ROADSTER/lr_ws/install/mapping/share/mapping/local_setup.zsh
[0.184s] -- Up-to-date: /home/williamfbx/Lunar-ROADSTER/lr_ws/install/mapping/share/mapping/local_setup.dsv
[0.184s] -- Installing: /home/williamfbx/Lunar-ROADSTER/lr_ws/install/mapping/share/mapping/package.dsv
[0.184s] -- Up-to-date: /home/williamfbx/Lunar-ROADSTER/lr_ws/install/mapping/share/ament_index/resource_index/packages/mapping
[0.184s] -- Up-to-date: /home/williamfbx/Lunar-ROADSTER/lr_ws/install/mapping/share/mapping/cmake/mappingConfig.cmake
[0.184s] -- Up-to-date: /home/williamfbx/Lunar-ROADSTER/lr_ws/install/mapping/share/mapping/cmake/mappingConfig-version.cmake
[0.184s] -- Up-to-date: /home/williamfbx/Lunar-ROADSTER/lr_ws/install/mapping/share/mapping/package.xml
[0.186s] Invoked command in '/home/williamfbx/Lunar-ROADSTER/lr_ws/build/mapping' returned '0': CMAKE_PREFIX_PATH=${CMAKE_PREFIX_PATH}:/opt/ros/humble /usr/bin/cmake --install /home/williamfbx/Lunar-ROADSTER/lr_ws/build/mapping
