[0.506s] Invoking command in '/root/Lunar_ROADSTER/lr_ws/build/realsense': CMAKE_PREFIX_PATH=${CMAKE_PREFIX_PATH}:/root/Lunar_ROADSTER/lr_ws/install/nav2_simple_commander:/opt/ros/humble /usr/local/bin/cmake --build /root/Lunar_ROADSTER/lr_ws/build/realsense -- -j4 -l4
[1.315s] Invoked command in '/root/Lunar_ROADSTER/lr_ws/build/realsense' returned '0': CMAKE_PREFIX_PATH=${CMAKE_PREFIX_PATH}:/root/Lunar_ROADSTER/lr_ws/install/nav2_simple_commander:/opt/ros/humble /usr/local/bin/cmake --build /root/Lunar_ROADSTER/lr_ws/build/realsense -- -j4 -l4
[1.466s] Invoking command in '/root/Lunar_ROADSTER/lr_ws/build/realsense': CMAKE_PREFIX_PATH=${CMAKE_PREFIX_PATH}:/root/Lunar_ROADSTER/lr_ws/install/nav2_simple_commander:/opt/ros/humble /usr/local/bin/cmake --install /root/Lunar_ROADSTER/lr_ws/build/realsense
[1.632s] -- Install configuration: ""
[1.632s] -- Up-to-date: /root/Lunar_ROADSTER/lr_ws/install/realsense/share/realsense/launch
[1.633s] -- Up-to-date: /root/Lunar_ROADSTER/lr_ws/install/realsense/share/realsense/launch/realsense_launch.py
[1.634s] -- Up-to-date: /root/Lunar_ROADSTER/lr_ws/install/realsense/share/realsense//config
[1.634s] -- Up-to-date: /root/Lunar_ROADSTER/lr_ws/install/realsense/share/realsense//config/d435i_params.yaml
[1.635s] -- Installing: /root/Lunar_ROADSTER/lr_ws/install/realsense/share/realsense//config/realsense_static_tf_params.yaml
[1.636s] -- Up-to-date: /root/Lunar_ROADSTER/lr_ws/install/realsense/share/ament_index/resource_index/package_run_dependencies/realsense
[1.637s] -- Up-to-date: /root/Lunar_ROADSTER/lr_ws/install/realsense/share/ament_index/resource_index/parent_prefix_path/realsense
[1.637s] -- Up-to-date: /root/Lunar_ROADSTER/lr_ws/install/realsense/share/realsense/environment/ament_prefix_path.sh
[1.638s] -- Up-to-date: /root/Lunar_ROADSTER/lr_ws/install/realsense/share/realsense/environment/ament_prefix_path.dsv
[1.638s] -- Up-to-date: /root/Lunar_ROADSTER/lr_ws/install/realsense/share/realsense/environment/path.sh
[1.639s] -- Up-to-date: /root/Lunar_ROADSTER/lr_ws/install/realsense/share/realsense/environment/path.dsv
[1.639s] -- Up-to-date: /root/Lunar_ROADSTER/lr_ws/install/realsense/share/realsense/local_setup.bash
[1.639s] -- Up-to-date: /root/Lunar_ROADSTER/lr_ws/install/realsense/share/realsense/local_setup.sh
[1.639s] -- Up-to-date: /root/Lunar_ROADSTER/lr_ws/install/realsense/share/realsense/local_setup.zsh
[1.640s] -- Up-to-date: /root/Lunar_ROADSTER/lr_ws/install/realsense/share/realsense/local_setup.dsv
[1.640s] -- Installing: /root/Lunar_ROADSTER/lr_ws/install/realsense/share/realsense/package.dsv
[1.642s] -- Up-to-date: /root/Lunar_ROADSTER/lr_ws/install/realsense/share/ament_index/resource_index/packages/realsense
[1.643s] -- Up-to-date: /root/Lunar_ROADSTER/lr_ws/install/realsense/share/realsense/cmake/realsenseConfig.cmake
[1.643s] -- Up-to-date: /root/Lunar_ROADSTER/lr_ws/install/realsense/share/realsense/cmake/realsenseConfig-version.cmake
[1.643s] -- Up-to-date: /root/Lunar_ROADSTER/lr_ws/install/realsense/share/realsense/package.xml
[1.650s] Invoked command in '/root/Lunar_ROADSTER/lr_ws/build/realsense' returned '0': CMAKE_PREFIX_PATH=${CMAKE_PREFIX_PATH}:/root/Lunar_ROADSTER/lr_ws/install/nav2_simple_commander:/opt/ros/humble /usr/local/bin/cmake --install /root/Lunar_ROADSTER/lr_ws/build/realsense
