[0.017s] Invoking command in '/home/williamfbx/Lunar-ROADSTER/lr_ws/build/localization': AMENT_PREFIX_PATH=/home/williamfbx/Lunar-ROADSTER/lr_ws/install/cg_msgs:${AMENT_PREFIX_PATH} CMAKE_PREFIX_PATH=/home/williamfbx/Lunar-ROADSTER/lr_ws/install/cg_msgs:/opt/ros/humble LD_LIBRARY_PATH=/home/williamfbx/Lunar-ROADSTER/lr_ws/install/cg_msgs/lib:${LD_LIBRARY_PATH} PYTHONPATH=/home/williamfbx/Lunar-ROADSTER/lr_ws/install/cg_msgs/local/lib/python3.10/dist-packages:${PYTHONPATH} /usr/bin/cmake --build /home/williamfbx/Lunar-ROADSTER/lr_ws/build/localization -- -j12 -l12
[0.054s] [35m[1mConsolidate compiler generated dependencies of target kalman_filter_linear[0m
[0.060s] [35m[1mConsolidate compiler generated dependencies of target imu_tf_publisher[0m
[0.062s] [35m[1mConsolidate compiler generated dependencies of target ts_prism_transformer[0m
[0.069s] [ 18%] Built target kalman_filter_linear
[0.081s] [35m[1mConsolidate compiler generated dependencies of target slip_estimate_node[0m
[0.083s] [ 45%] Built target imu_tf_publisher
[0.088s] [ 72%] Built target ts_prism_transformer
[0.098s] [100%] Built target slip_estimate_node
[0.130s] Invoked command in '/home/williamfbx/Lunar-ROADSTER/lr_ws/build/localization' returned '0': AMENT_PREFIX_PATH=/home/williamfbx/Lunar-ROADSTER/lr_ws/install/cg_msgs:${AMENT_PREFIX_PATH} CMAKE_PREFIX_PATH=/home/williamfbx/Lunar-ROADSTER/lr_ws/install/cg_msgs:/opt/ros/humble LD_LIBRARY_PATH=/home/williamfbx/Lunar-ROADSTER/lr_ws/install/cg_msgs/lib:${LD_LIBRARY_PATH} PYTHONPATH=/home/williamfbx/Lunar-ROADSTER/lr_ws/install/cg_msgs/local/lib/python3.10/dist-packages:${PYTHONPATH} /usr/bin/cmake --build /home/williamfbx/Lunar-ROADSTER/lr_ws/build/localization -- -j12 -l12
[0.131s] Invoking command in '/home/williamfbx/Lunar-ROADSTER/lr_ws/build/localization': AMENT_PREFIX_PATH=/home/williamfbx/Lunar-ROADSTER/lr_ws/install/cg_msgs:${AMENT_PREFIX_PATH} CMAKE_PREFIX_PATH=/home/williamfbx/Lunar-ROADSTER/lr_ws/install/cg_msgs:/opt/ros/humble LD_LIBRARY_PATH=/home/williamfbx/Lunar-ROADSTER/lr_ws/install/cg_msgs/lib:${LD_LIBRARY_PATH} PYTHONPATH=/home/williamfbx/Lunar-ROADSTER/lr_ws/install/cg_msgs/local/lib/python3.10/dist-packages:${PYTHONPATH} /usr/bin/cmake --install /home/williamfbx/Lunar-ROADSTER/lr_ws/build/localization
[0.138s] -- Install configuration: ""
[0.138s] -- Up-to-date: /home/williamfbx/Lunar-ROADSTER/lr_ws/install/localization/lib/localization/slip_estimate_node
[0.139s] -- Up-to-date: /home/williamfbx/Lunar-ROADSTER/lr_ws/install/localization/lib/localization/ts_prism_transformer
[0.139s] -- Up-to-date: /home/williamfbx/Lunar-ROADSTER/lr_ws/install/localization/lib/localization/imu_tf_publisher
[0.139s] -- Up-to-date: /home/williamfbx/Lunar-ROADSTER/lr_ws/install/localization/include/localization
[0.139s] -- Up-to-date: /home/williamfbx/Lunar-ROADSTER/lr_ws/install/localization/include/localization/ts_prism_transformer.hpp
[0.139s] -- Up-to-date: /home/williamfbx/Lunar-ROADSTER/lr_ws/install/localization/include/localization/slip_estimate_node.hpp
[0.139s] -- Up-to-date: /home/williamfbx/Lunar-ROADSTER/lr_ws/install/localization/include/localization/imu_tf_publisher.hpp
[0.139s] -- Up-to-date: /home/williamfbx/Lunar-ROADSTER/lr_ws/install/localization/include/localization/kalman_filter_linear.hpp
[0.139s] -- Up-to-date: /home/williamfbx/Lunar-ROADSTER/lr_ws/install/localization/share/localization/launch
[0.140s] -- Up-to-date: /home/williamfbx/Lunar-ROADSTER/lr_ws/install/localization/share/localization/launch/__pycache__
[0.140s] -- Up-to-date: /home/williamfbx/Lunar-ROADSTER/lr_ws/install/localization/share/localization/launch/__pycache__/imu_tf_publisher.launch.cpython-310.pyc
[0.140s] -- Up-to-date: /home/williamfbx/Lunar-ROADSTER/lr_ws/install/localization/share/localization/launch/__pycache__/ekf_localization.launch.cpython-38.pyc
[0.140s] -- Up-to-date: /home/williamfbx/Lunar-ROADSTER/lr_ws/install/localization/share/localization/launch/slip_estimate_launch.py
[0.140s] -- Up-to-date: /home/williamfbx/Lunar-ROADSTER/lr_ws/install/localization/share/localization/launch/imu_tf_publisher.launch.py
[0.140s] -- Up-to-date: /home/williamfbx/Lunar-ROADSTER/lr_ws/install/localization/share/localization/launch/ekf_localization.launch.py
[0.140s] -- Up-to-date: /home/williamfbx/Lunar-ROADSTER/lr_ws/install/localization/share/localization//config
[0.140s] -- Up-to-date: /home/williamfbx/Lunar-ROADSTER/lr_ws/install/localization/share/localization//config/ekf_slip_node_params.yaml
[0.140s] -- Up-to-date: /home/williamfbx/Lunar-ROADSTER/lr_ws/install/localization/share/localization//config/ekf_global_node_params.yaml
[0.140s] -- Up-to-date: /home/williamfbx/Lunar-ROADSTER/lr_ws/install/localization/share/localization//config/slip_estimate_params.yaml
[0.140s] -- Up-to-date: /home/williamfbx/Lunar-ROADSTER/lr_ws/install/localization/share/localization//config/ekf_odom_node_params.yaml
[0.140s] -- Up-to-date: /home/williamfbx/Lunar-ROADSTER/lr_ws/install/localization/share/localization//config/total_station_beacon_static_tf_params.yaml
[0.140s] -- Up-to-date: /home/williamfbx/Lunar-ROADSTER/lr_ws/install/localization/share/ament_index/resource_index/package_run_dependencies/localization
[0.140s] -- Up-to-date: /home/williamfbx/Lunar-ROADSTER/lr_ws/install/localization/share/ament_index/resource_index/parent_prefix_path/localization
[0.140s] -- Up-to-date: /home/williamfbx/Lunar-ROADSTER/lr_ws/install/localization/share/localization/environment/ament_prefix_path.sh
[0.140s] -- Up-to-date: /home/williamfbx/Lunar-ROADSTER/lr_ws/install/localization/share/localization/environment/ament_prefix_path.dsv
[0.140s] -- Up-to-date: /home/williamfbx/Lunar-ROADSTER/lr_ws/install/localization/share/localization/environment/path.sh
[0.140s] -- Up-to-date: /home/williamfbx/Lunar-ROADSTER/lr_ws/install/localization/share/localization/environment/path.dsv
[0.141s] -- Up-to-date: /home/williamfbx/Lunar-ROADSTER/lr_ws/install/localization/share/localization/local_setup.bash
[0.141s] -- Up-to-date: /home/williamfbx/Lunar-ROADSTER/lr_ws/install/localization/share/localization/local_setup.sh
[0.141s] -- Up-to-date: /home/williamfbx/Lunar-ROADSTER/lr_ws/install/localization/share/localization/local_setup.zsh
[0.141s] -- Up-to-date: /home/williamfbx/Lunar-ROADSTER/lr_ws/install/localization/share/localization/local_setup.dsv
[0.141s] -- Installing: /home/williamfbx/Lunar-ROADSTER/lr_ws/install/localization/share/localization/package.dsv
[0.141s] -- Up-to-date: /home/williamfbx/Lunar-ROADSTER/lr_ws/install/localization/share/ament_index/resource_index/packages/localization
[0.141s] -- Up-to-date: /home/williamfbx/Lunar-ROADSTER/lr_ws/install/localization/share/localization/cmake/localizationConfig.cmake
[0.141s] -- Up-to-date: /home/williamfbx/Lunar-ROADSTER/lr_ws/install/localization/share/localization/cmake/localizationConfig-version.cmake
[0.141s] -- Up-to-date: /home/williamfbx/Lunar-ROADSTER/lr_ws/install/localization/share/localization/package.xml
[0.142s] Invoked command in '/home/williamfbx/Lunar-ROADSTER/lr_ws/build/localization' returned '0': AMENT_PREFIX_PATH=/home/williamfbx/Lunar-ROADSTER/lr_ws/install/cg_msgs:${AMENT_PREFIX_PATH} CMAKE_PREFIX_PATH=/home/williamfbx/Lunar-ROADSTER/lr_ws/install/cg_msgs:/opt/ros/humble LD_LIBRARY_PATH=/home/williamfbx/Lunar-ROADSTER/lr_ws/install/cg_msgs/lib:${LD_LIBRARY_PATH} PYTHONPATH=/home/williamfbx/Lunar-ROADSTER/lr_ws/install/cg_msgs/local/lib/python3.10/dist-packages:${PYTHONPATH} /usr/bin/cmake --install /home/williamfbx/Lunar-ROADSTER/lr_ws/build/localization
