[0.017s] Invoking command in '/home/williamfbx/Lunar-ROADSTER/lr_ws/build/zed_ros2': AMENT_PREFIX_PATH=/home/williamfbx/Lunar-ROADSTER/lr_ws/install/zed_wrapper:/home/williamfbx/Lunar-ROADSTER/lr_ws/install/zed_components:${AMENT_PREFIX_PATH} CMAKE_PREFIX_PATH=/home/williamfbx/Lunar-ROADSTER/lr_ws/install/zed_wrapper:/home/williamfbx/Lunar-ROADSTER/lr_ws/install/zed_components:/opt/ros/humble LD_LIBRARY_PATH=/home/williamfbx/Lunar-ROADSTER/lr_ws/install/zed_components/lib:${LD_LIBRARY_PATH} /usr/bin/cmake /home/williamfbx/Lunar-ROADSTER/lr_ws/src/drivers/zed-ros2-wrapper/zed_ros2 -DCMAKE_INSTALL_PREFIX=/home/williamfbx/Lunar-ROADSTER/lr_ws/install/zed_ros2
[0.034s] -- Found ament_cmake_auto: 1.3.11 (/opt/ros/humble/share/ament_cmake_auto/cmake)
[0.245s] -- Found Python3: /usr/bin/python3 (found version "3.10.12") found components: Interpreter 
[0.494s] -- Found ament_lint_auto: 0.12.11 (/opt/ros/humble/share/ament_lint_auto/cmake)
[0.516s] -- Added test 'copyright' to check source files copyright and LICENSE
[0.518s] -- Added test 'lint_cmake' to check CMake code style
[0.519s] -- Added test 'xmllint' to check XML markup files
[0.521s] -- Configuring done
[0.526s] -- Generating done
[0.529s] -- Build files have been written to: /home/williamfbx/Lunar-ROADSTER/lr_ws/build/zed_ros2
[0.533s] Invoked command in '/home/williamfbx/Lunar-ROADSTER/lr_ws/build/zed_ros2' returned '0': AMENT_PREFIX_PATH=/home/williamfbx/Lunar-ROADSTER/lr_ws/install/zed_wrapper:/home/williamfbx/Lunar-ROADSTER/lr_ws/install/zed_components:${AMENT_PREFIX_PATH} CMAKE_PREFIX_PATH=/home/williamfbx/Lunar-ROADSTER/lr_ws/install/zed_wrapper:/home/williamfbx/Lunar-ROADSTER/lr_ws/install/zed_components:/opt/ros/humble LD_LIBRARY_PATH=/home/williamfbx/Lunar-ROADSTER/lr_ws/install/zed_components/lib:${LD_LIBRARY_PATH} /usr/bin/cmake /home/williamfbx/Lunar-ROADSTER/lr_ws/src/drivers/zed-ros2-wrapper/zed_ros2 -DCMAKE_INSTALL_PREFIX=/home/williamfbx/Lunar-ROADSTER/lr_ws/install/zed_ros2
[0.534s] Invoking command in '/home/williamfbx/Lunar-ROADSTER/lr_ws/build/zed_ros2': AMENT_PREFIX_PATH=/home/williamfbx/Lunar-ROADSTER/lr_ws/install/zed_wrapper:/home/williamfbx/Lunar-ROADSTER/lr_ws/install/zed_components:${AMENT_PREFIX_PATH} CMAKE_PREFIX_PATH=/home/williamfbx/Lunar-ROADSTER/lr_ws/install/zed_wrapper:/home/williamfbx/Lunar-ROADSTER/lr_ws/install/zed_components:/opt/ros/humble LD_LIBRARY_PATH=/home/williamfbx/Lunar-ROADSTER/lr_ws/install/zed_components/lib:${LD_LIBRARY_PATH} /usr/bin/cmake --build /home/williamfbx/Lunar-ROADSTER/lr_ws/build/zed_ros2 -- -j12 -l12
[0.590s] Invoked command in '/home/williamfbx/Lunar-ROADSTER/lr_ws/build/zed_ros2' returned '0': AMENT_PREFIX_PATH=/home/williamfbx/Lunar-ROADSTER/lr_ws/install/zed_wrapper:/home/williamfbx/Lunar-ROADSTER/lr_ws/install/zed_components:${AMENT_PREFIX_PATH} CMAKE_PREFIX_PATH=/home/williamfbx/Lunar-ROADSTER/lr_ws/install/zed_wrapper:/home/williamfbx/Lunar-ROADSTER/lr_ws/install/zed_components:/opt/ros/humble LD_LIBRARY_PATH=/home/williamfbx/Lunar-ROADSTER/lr_ws/install/zed_components/lib:${LD_LIBRARY_PATH} /usr/bin/cmake --build /home/williamfbx/Lunar-ROADSTER/lr_ws/build/zed_ros2 -- -j12 -l12
[0.593s] Invoking command in '/home/williamfbx/Lunar-ROADSTER/lr_ws/build/zed_ros2': AMENT_PREFIX_PATH=/home/williamfbx/Lunar-ROADSTER/lr_ws/install/zed_wrapper:/home/williamfbx/Lunar-ROADSTER/lr_ws/install/zed_components:${AMENT_PREFIX_PATH} CMAKE_PREFIX_PATH=/home/williamfbx/Lunar-ROADSTER/lr_ws/install/zed_wrapper:/home/williamfbx/Lunar-ROADSTER/lr_ws/install/zed_components:/opt/ros/humble LD_LIBRARY_PATH=/home/williamfbx/Lunar-ROADSTER/lr_ws/install/zed_components/lib:${LD_LIBRARY_PATH} /usr/bin/cmake --install /home/williamfbx/Lunar-ROADSTER/lr_ws/build/zed_ros2
[0.603s] -- Install configuration: ""
[0.603s] -- Installing: /home/williamfbx/Lunar-ROADSTER/lr_ws/install/zed_ros2/share/ament_index/resource_index/package_run_dependencies/zed_ros2
[0.603s] -- Installing: /home/williamfbx/Lunar-ROADSTER/lr_ws/install/zed_ros2/share/ament_index/resource_index/parent_prefix_path/zed_ros2
[0.603s] -- Installing: /home/williamfbx/Lunar-ROADSTER/lr_ws/install/zed_ros2/share/zed_ros2/environment/ament_prefix_path.sh
[0.603s] -- Installing: /home/williamfbx/Lunar-ROADSTER/lr_ws/install/zed_ros2/share/zed_ros2/environment/ament_prefix_path.dsv
[0.604s] -- Installing: /home/williamfbx/Lunar-ROADSTER/lr_ws/install/zed_ros2/share/zed_ros2/environment/path.sh
[0.604s] -- Installing: /home/williamfbx/Lunar-ROADSTER/lr_ws/install/zed_ros2/share/zed_ros2/environment/path.dsv
[0.604s] -- Installing: /home/williamfbx/Lunar-ROADSTER/lr_ws/install/zed_ros2/share/zed_ros2/local_setup.bash
[0.604s] -- Installing: /home/williamfbx/Lunar-ROADSTER/lr_ws/install/zed_ros2/share/zed_ros2/local_setup.sh
[0.604s] -- Installing: /home/williamfbx/Lunar-ROADSTER/lr_ws/install/zed_ros2/share/zed_ros2/local_setup.zsh
[0.604s] -- Installing: /home/williamfbx/Lunar-ROADSTER/lr_ws/install/zed_ros2/share/zed_ros2/local_setup.dsv
[0.605s] -- Installing: /home/williamfbx/Lunar-ROADSTER/lr_ws/install/zed_ros2/share/zed_ros2/package.dsv
[0.605s] -- Installing: /home/williamfbx/Lunar-ROADSTER/lr_ws/install/zed_ros2/share/ament_index/resource_index/packages/zed_ros2
[0.605s] -- Installing: /home/williamfbx/Lunar-ROADSTER/lr_ws/install/zed_ros2/share/zed_ros2/cmake/zed_ros2Config.cmake
[0.605s] -- Installing: /home/williamfbx/Lunar-ROADSTER/lr_ws/install/zed_ros2/share/zed_ros2/cmake/zed_ros2Config-version.cmake
[0.605s] -- Installing: /home/williamfbx/Lunar-ROADSTER/lr_ws/install/zed_ros2/share/zed_ros2/package.xml
[0.609s] Invoked command in '/home/williamfbx/Lunar-ROADSTER/lr_ws/build/zed_ros2' returned '0': AMENT_PREFIX_PATH=/home/williamfbx/Lunar-ROADSTER/lr_ws/install/zed_wrapper:/home/williamfbx/Lunar-ROADSTER/lr_ws/install/zed_components:${AMENT_PREFIX_PATH} CMAKE_PREFIX_PATH=/home/williamfbx/Lunar-ROADSTER/lr_ws/install/zed_wrapper:/home/williamfbx/Lunar-ROADSTER/lr_ws/install/zed_components:/opt/ros/humble LD_LIBRARY_PATH=/home/williamfbx/Lunar-ROADSTER/lr_ws/install/zed_components/lib:${LD_LIBRARY_PATH} /usr/bin/cmake --install /home/williamfbx/Lunar-ROADSTER/lr_ws/build/zed_ros2
