[0.336s] Invoking command in '/root/Lunar_ROADSTER/lr_ws/build/nav2_map_server': AMENT_PREFIX_PATH=/root/Lunar_ROADSTER/lr_ws/install/nav2_util:/root/Lunar_ROADSTER/lr_ws/install/nav2_msgs:/root/Lunar_ROADSTER/lr_ws/install/nav2_common:${AMENT_PREFIX_PATH} CMAKE_PREFIX_PATH=/root/Lunar_ROADSTER/lr_ws/install/nav2_util:/root/Lunar_ROADSTER/lr_ws/install/nav2_msgs:/root/Lunar_ROADSTER/lr_ws/install/nav2_common:/opt/ros/humble LD_LIBRARY_PATH=/root/Lunar_ROADSTER/lr_ws/install/nav2_util/lib:/root/Lunar_ROADSTER/lr_ws/install/nav2_msgs/lib:/opt/ros/humble/opt/rviz_ogre_vendor/lib:/opt/ros/humble/lib/aarch64-linux-gnu:/opt/ros/humble/lib:/usr/local/cuda/lib64 PYTHONPATH=/root/Lunar_ROADSTER/lr_ws/install/nav2_msgs/local/lib/python3.10/dist-packages:/root/Lunar_ROADSTER/lr_ws/install/nav2_common/local/lib/python3.10/dist-packages:${PYTHONPATH} /usr/local/bin/cmake --build /root/Lunar_ROADSTER/lr_ws/build/nav2_map_server -- -j4 -l4
[0.891s] [35m[1mConsolidate compiler generated dependencies of target map_io[0m
[1.135s] [  8%] Built target map_io
[1.273s] [35m[1mConsolidate compiler generated dependencies of target gtest[0m
[1.321s] [ 13%] Built target gtest
[1.493s] [35m[1mConsolidate compiler generated dependencies of target test_map_saver_publisher[0m
[1.701s] [ 22%] Built target test_map_saver_publisher
[1.892s] [35m[1mConsolidate compiler generated dependencies of target map_server_core[0m
[2.272s] [ 33%] Built target map_server_core
[2.447s] [35m[1mConsolidate compiler generated dependencies of target gtest_main[0m
[2.509s] [ 38%] Built target gtest_main
[2.705s] [35m[1mConsolidate compiler generated dependencies of target map_saver_server[0m
[2.870s] [ 44%] Built target map_saver_server
[3.009s] [35m[1mConsolidate compiler generated dependencies of target costmap_filter_info_server[0m
[3.212s] [ 50%] Built target costmap_filter_info_server
[3.393s] [35m[1mConsolidate compiler generated dependencies of target test_map_io[0m
[3.460s] [ 58%] Built target test_map_io
[3.552s] [35m[1mConsolidate compiler generated dependencies of target test_costmap_filter_info_server[0m
[3.768s] [ 63%] Built target test_costmap_filter_info_server
[3.918s] [35m[1mConsolidate compiler generated dependencies of target test_map_server_node[0m
[4.129s] [ 72%] Built target test_map_server_node
[4.298s] [35m[1mConsolidate compiler generated dependencies of target test_map_saver_node[0m
[4.455s] [ 80%] Built target test_map_saver_node
[4.622s] [35m[1mConsolidate compiler generated dependencies of target test_map_saver_cli[0m
[4.700s] [ 88%] Built target test_map_saver_cli
[4.835s] [35m[1mConsolidate compiler generated dependencies of target map_saver_cli[0m
[4.912s] [ 94%] Built target map_saver_cli
[5.039s] [35m[1mConsolidate compiler generated dependencies of target map_server[0m
[5.111s] [100%] Built target map_server
[5.220s] Invoked command in '/root/Lunar_ROADSTER/lr_ws/build/nav2_map_server' returned '0': AMENT_PREFIX_PATH=/root/Lunar_ROADSTER/lr_ws/install/nav2_util:/root/Lunar_ROADSTER/lr_ws/install/nav2_msgs:/root/Lunar_ROADSTER/lr_ws/install/nav2_common:${AMENT_PREFIX_PATH} CMAKE_PREFIX_PATH=/root/Lunar_ROADSTER/lr_ws/install/nav2_util:/root/Lunar_ROADSTER/lr_ws/install/nav2_msgs:/root/Lunar_ROADSTER/lr_ws/install/nav2_common:/opt/ros/humble LD_LIBRARY_PATH=/root/Lunar_ROADSTER/lr_ws/install/nav2_util/lib:/root/Lunar_ROADSTER/lr_ws/install/nav2_msgs/lib:/opt/ros/humble/opt/rviz_ogre_vendor/lib:/opt/ros/humble/lib/aarch64-linux-gnu:/opt/ros/humble/lib:/usr/local/cuda/lib64 PYTHONPATH=/root/Lunar_ROADSTER/lr_ws/install/nav2_msgs/local/lib/python3.10/dist-packages:/root/Lunar_ROADSTER/lr_ws/install/nav2_common/local/lib/python3.10/dist-packages:${PYTHONPATH} /usr/local/bin/cmake --build /root/Lunar_ROADSTER/lr_ws/build/nav2_map_server -- -j4 -l4
[5.267s] Invoking command in '/root/Lunar_ROADSTER/lr_ws/build/nav2_map_server': AMENT_PREFIX_PATH=/root/Lunar_ROADSTER/lr_ws/install/nav2_util:/root/Lunar_ROADSTER/lr_ws/install/nav2_msgs:/root/Lunar_ROADSTER/lr_ws/install/nav2_common:${AMENT_PREFIX_PATH} CMAKE_PREFIX_PATH=/root/Lunar_ROADSTER/lr_ws/install/nav2_util:/root/Lunar_ROADSTER/lr_ws/install/nav2_msgs:/root/Lunar_ROADSTER/lr_ws/install/nav2_common:/opt/ros/humble LD_LIBRARY_PATH=/root/Lunar_ROADSTER/lr_ws/install/nav2_util/lib:/root/Lunar_ROADSTER/lr_ws/install/nav2_msgs/lib:/opt/ros/humble/opt/rviz_ogre_vendor/lib:/opt/ros/humble/lib/aarch64-linux-gnu:/opt/ros/humble/lib:/usr/local/cuda/lib64 PYTHONPATH=/root/Lunar_ROADSTER/lr_ws/install/nav2_msgs/local/lib/python3.10/dist-packages:/root/Lunar_ROADSTER/lr_ws/install/nav2_common/local/lib/python3.10/dist-packages:${PYTHONPATH} /usr/local/bin/cmake --install /root/Lunar_ROADSTER/lr_ws/build/nav2_map_server
[5.285s] -- Install configuration: "Release"
[5.285s] -- Up-to-date: /root/Lunar_ROADSTER/lr_ws/install/nav2_map_server/lib/libmap_server_core.so
[5.303s] -- Up-to-date: /root/Lunar_ROADSTER/lr_ws/install/nav2_map_server/lib/libmap_io.so
[5.304s] -- Up-to-date: /root/Lunar_ROADSTER/lr_ws/install/nav2_map_server/lib/nav2_map_server/map_server
[5.435s] -- Up-to-date: /root/Lunar_ROADSTER/lr_ws/install/nav2_map_server/lib/nav2_map_server/map_saver_cli
[5.436s] -- Up-to-date: /root/Lunar_ROADSTER/lr_ws/install/nav2_map_server/lib/nav2_map_server/map_saver_server
[5.436s] -- Up-to-date: /root/Lunar_ROADSTER/lr_ws/install/nav2_map_server/lib/nav2_map_server/costmap_filter_info_server
[5.437s] -- Up-to-date: /root/Lunar_ROADSTER/lr_ws/install/nav2_map_server/include/
[5.437s] -- Up-to-date: /root/Lunar_ROADSTER/lr_ws/install/nav2_map_server/include//nav2_map_server
[5.437s] -- Up-to-date: /root/Lunar_ROADSTER/lr_ws/install/nav2_map_server/include//nav2_map_server/costmap_filter_info_server.hpp
[5.437s] -- Up-to-date: /root/Lunar_ROADSTER/lr_ws/install/nav2_map_server/include//nav2_map_server/map_io.hpp
[5.438s] -- Up-to-date: /root/Lunar_ROADSTER/lr_ws/install/nav2_map_server/include//nav2_map_server/map_mode.hpp
[5.438s] -- Up-to-date: /root/Lunar_ROADSTER/lr_ws/install/nav2_map_server/include//nav2_map_server/map_saver.hpp
[5.438s] -- Up-to-date: /root/Lunar_ROADSTER/lr_ws/install/nav2_map_server/include//nav2_map_server/map_server.hpp
[5.440s] -- Up-to-date: /root/Lunar_ROADSTER/lr_ws/install/nav2_map_server/share/nav2_map_server/launch
[5.440s] -- Up-to-date: /root/Lunar_ROADSTER/lr_ws/install/nav2_map_server/share/nav2_map_server/launch/map_saver_server.launch.py
[5.440s] -- Up-to-date: /root/Lunar_ROADSTER/lr_ws/install/nav2_map_server/share/nav2_map_server/environment/library_path.sh
[5.441s] -- Up-to-date: /root/Lunar_ROADSTER/lr_ws/install/nav2_map_server/share/nav2_map_server/environment/library_path.dsv
[5.441s] -- Up-to-date: /root/Lunar_ROADSTER/lr_ws/install/nav2_map_server/share/ament_index/resource_index/package_run_dependencies/nav2_map_server
[5.442s] -- Up-to-date: /root/Lunar_ROADSTER/lr_ws/install/nav2_map_server/share/ament_index/resource_index/parent_prefix_path/nav2_map_server
[5.442s] -- Up-to-date: /root/Lunar_ROADSTER/lr_ws/install/nav2_map_server/share/nav2_map_server/environment/ament_prefix_path.sh
[5.443s] -- Up-to-date: /root/Lunar_ROADSTER/lr_ws/install/nav2_map_server/share/nav2_map_server/environment/ament_prefix_path.dsv
[5.443s] -- Up-to-date: /root/Lunar_ROADSTER/lr_ws/install/nav2_map_server/share/nav2_map_server/environment/path.sh
[5.443s] -- Up-to-date: /root/Lunar_ROADSTER/lr_ws/install/nav2_map_server/share/nav2_map_server/environment/path.dsv
[5.444s] -- Up-to-date: /root/Lunar_ROADSTER/lr_ws/install/nav2_map_server/share/nav2_map_server/local_setup.bash
[5.444s] -- Up-to-date: /root/Lunar_ROADSTER/lr_ws/install/nav2_map_server/share/nav2_map_server/local_setup.sh
[5.444s] -- Up-to-date: /root/Lunar_ROADSTER/lr_ws/install/nav2_map_server/share/nav2_map_server/local_setup.zsh
[5.444s] -- Up-to-date: /root/Lunar_ROADSTER/lr_ws/install/nav2_map_server/share/nav2_map_server/local_setup.dsv
[5.445s] -- Installing: /root/Lunar_ROADSTER/lr_ws/install/nav2_map_server/share/nav2_map_server/package.dsv
[5.445s] -- Up-to-date: /root/Lunar_ROADSTER/lr_ws/install/nav2_map_server/share/ament_index/resource_index/packages/nav2_map_server
[5.445s] -- Up-to-date: /root/Lunar_ROADSTER/lr_ws/install/nav2_map_server/share/ament_index/resource_index/rclcpp_components/nav2_map_server
[5.446s] -- Up-to-date: /root/Lunar_ROADSTER/lr_ws/install/nav2_map_server/share/nav2_map_server/cmake/ament_cmake_export_include_directories-extras.cmake
[5.446s] -- Up-to-date: /root/Lunar_ROADSTER/lr_ws/install/nav2_map_server/share/nav2_map_server/cmake/ament_cmake_export_libraries-extras.cmake
[5.446s] -- Up-to-date: /root/Lunar_ROADSTER/lr_ws/install/nav2_map_server/share/nav2_map_server/cmake/ament_cmake_export_dependencies-extras.cmake
[5.446s] -- Up-to-date: /root/Lunar_ROADSTER/lr_ws/install/nav2_map_server/share/nav2_map_server/cmake/nav2_map_serverConfig.cmake
[5.446s] -- Up-to-date: /root/Lunar_ROADSTER/lr_ws/install/nav2_map_server/share/nav2_map_server/cmake/nav2_map_serverConfig-version.cmake
[5.447s] -- Up-to-date: /root/Lunar_ROADSTER/lr_ws/install/nav2_map_server/share/nav2_map_server/package.xml
[5.459s] Invoked command in '/root/Lunar_ROADSTER/lr_ws/build/nav2_map_server' returned '0': AMENT_PREFIX_PATH=/root/Lunar_ROADSTER/lr_ws/install/nav2_util:/root/Lunar_ROADSTER/lr_ws/install/nav2_msgs:/root/Lunar_ROADSTER/lr_ws/install/nav2_common:${AMENT_PREFIX_PATH} CMAKE_PREFIX_PATH=/root/Lunar_ROADSTER/lr_ws/install/nav2_util:/root/Lunar_ROADSTER/lr_ws/install/nav2_msgs:/root/Lunar_ROADSTER/lr_ws/install/nav2_common:/opt/ros/humble LD_LIBRARY_PATH=/root/Lunar_ROADSTER/lr_ws/install/nav2_util/lib:/root/Lunar_ROADSTER/lr_ws/install/nav2_msgs/lib:/opt/ros/humble/opt/rviz_ogre_vendor/lib:/opt/ros/humble/lib/aarch64-linux-gnu:/opt/ros/humble/lib:/usr/local/cuda/lib64 PYTHONPATH=/root/Lunar_ROADSTER/lr_ws/install/nav2_msgs/local/lib/python3.10/dist-packages:/root/Lunar_ROADSTER/lr_ws/install/nav2_common/local/lib/python3.10/dist-packages:${PYTHONPATH} /usr/local/bin/cmake --install /root/Lunar_ROADSTER/lr_ws/build/nav2_map_server
