[0.021s] Invoking command in '/home/williamfbx/Lunar-ROADSTER/lr_ws/build/imu': CMAKE_PREFIX_PATH=/opt/ros/humble /usr/bin/cmake /home/williamfbx/Lunar-ROADSTER/lr_ws/src/imu -DCMAKE_INSTALL_PREFIX=/home/williamfbx/Lunar-ROADSTER/lr_ws/install/imu
[0.110s] -- The C compiler identification is GNU 11.4.0
[0.195s] -- The CXX compiler identification is GNU 11.4.0
[0.202s] -- Detecting C compiler ABI info
[0.261s] -- Detecting C compiler ABI info - done
[0.266s] -- Check for working C compiler: /usr/bin/cc - skipped
[0.267s] -- Detecting C compile features
[0.267s] -- Detecting C compile features - done
[0.269s] -- Detecting CXX compiler ABI info
[0.350s] -- Detecting CXX compiler ABI info - done
[0.360s] -- Check for working CXX compiler: /usr/bin/c++ - skipped
[0.360s] -- Detecting CXX compile features
[0.361s] -- Detecting CXX compile features - done
[0.362s] -- Found ament_cmake: 1.3.11 (/opt/ros/humble/share/ament_cmake/cmake)
[0.486s] -- Found Python3: /usr/bin/python3 (found version "3.10.12") found components: Interpreter 
[0.581s] -- Found rclcpp: 16.0.11 (/opt/ros/humble/share/rclcpp/cmake)
[0.609s] -- Found rosidl_generator_c: 3.1.6 (/opt/ros/humble/share/rosidl_generator_c/cmake)
[0.613s] -- Found rosidl_adapter: 3.1.6 (/opt/ros/humble/share/rosidl_adapter/cmake)
[0.619s] -- Found rosidl_generator_cpp: 3.1.6 (/opt/ros/humble/share/rosidl_generator_cpp/cmake)
[0.627s] -- Using all available rosidl_typesupport_c: rosidl_typesupport_fastrtps_c;rosidl_typesupport_introspection_c
[0.638s] -- Using all available rosidl_typesupport_cpp: rosidl_typesupport_fastrtps_cpp;rosidl_typesupport_introspection_cpp
[0.681s] -- Found rmw_implementation_cmake: 6.1.2 (/opt/ros/humble/share/rmw_implementation_cmake/cmake)
[0.685s] -- Found rmw_fastrtps_cpp: 6.2.7 (/opt/ros/humble/share/rmw_fastrtps_cpp/cmake)
[0.764s] -- Found OpenSSL: /usr/lib/x86_64-linux-gnu/libcrypto.so (found version "3.0.2")  
[0.784s] -- Found FastRTPS: /opt/ros/humble/include  
[0.818s] -- Using RMW implementation 'rmw_fastrtps_cpp' as default
[0.823s] -- Looking for pthread.h
[0.894s] -- Looking for pthread.h - found
[0.895s] -- Performing Test CMAKE_HAVE_LIBC_PTHREAD
[0.964s] -- Performing Test CMAKE_HAVE_LIBC_PTHREAD - Success
[0.966s] -- Found Threads: TRUE  
[1.009s] -- Found rclcpp_components: 16.0.11 (/opt/ros/humble/share/rclcpp_components/cmake)
[1.041s] -- Found geometry_msgs: 4.2.4 (/opt/ros/humble/share/geometry_msgs/cmake)
[1.050s] -- Found sensor_msgs: 4.2.4 (/opt/ros/humble/share/sensor_msgs/cmake)
[1.063s] -- Found tf2: 0.25.12 (/opt/ros/humble/share/tf2/cmake)
[1.068s] -- Found tf2_ros: 0.25.12 (/opt/ros/humble/share/tf2_ros/cmake)
[1.113s] -- Found tf2_geometry_msgs: 0.25.12 (/opt/ros/humble/share/tf2_geometry_msgs/cmake)
[1.123s] -- Found eigen3_cmake_module: 0.1.1 (/opt/ros/humble/share/eigen3_cmake_module/cmake)
[1.124s] -- Found Eigen3: TRUE (found version "3.4.0") 
[1.124s] -- Ensuring Eigen3 include directory is part of orocos-kdl CMake target
[1.127s] -- Found ament_lint_auto: 0.12.11 (/opt/ros/humble/share/ament_lint_auto/cmake)
[1.192s] -- Added test 'copyright' to check source files copyright and LICENSE
[1.193s] -- Added test 'cppcheck' to perform static code analysis on C / C++ code
[1.193s] -- Configured cppcheck include dirs: /home/williamfbx/Lunar-ROADSTER/lr_ws/src/imu/include
[1.193s] -- Configured cppcheck exclude dirs and/or files: 
[1.193s] -- Added test 'cpplint' to check C / C++ code against the Google style
[1.193s] -- Configured cpplint exclude dirs and/or files: 
[1.194s] -- Added test 'flake8' to check Python code syntax and style conventions
[1.194s] -- Added test 'lint_cmake' to check CMake code style
[1.194s] -- Added test 'pep257' to check Python code against some of the docstring style conventions in PEP 257
[1.195s] -- Added test 'uncrustify' to check C / C++ code style
[1.195s] -- Configured uncrustify additional arguments: 
[1.195s] -- Added test 'xmllint' to check XML markup files
[1.196s] -- Configuring done
[1.204s] -- Generating done
[1.208s] -- Build files have been written to: /home/williamfbx/Lunar-ROADSTER/lr_ws/build/imu
[1.215s] Invoked command in '/home/williamfbx/Lunar-ROADSTER/lr_ws/build/imu' returned '0': CMAKE_PREFIX_PATH=/opt/ros/humble /usr/bin/cmake /home/williamfbx/Lunar-ROADSTER/lr_ws/src/imu -DCMAKE_INSTALL_PREFIX=/home/williamfbx/Lunar-ROADSTER/lr_ws/install/imu
[1.217s] Invoking command in '/home/williamfbx/Lunar-ROADSTER/lr_ws/build/imu': CMAKE_PREFIX_PATH=/opt/ros/humble /usr/bin/cmake --build /home/williamfbx/Lunar-ROADSTER/lr_ws/build/imu -- -j12 -l12
[1.254s] [ 33%] [32mBuilding CXX object CMakeFiles/imu_base_link_conversion_node.dir/src/imu_base_link_conversion_main.cpp.o[0m
[1.254s] [ 66%] [32mBuilding CXX object CMakeFiles/imu_base_link_conversion_node.dir/src/imu_base_link_conversion_node.cpp.o[0m
[28.012s] [100%] [32m[1mLinking CXX executable imu_base_link_conversion_node[0m
[30.488s] [100%] Built target imu_base_link_conversion_node
[30.615s] Invoked command in '/home/williamfbx/Lunar-ROADSTER/lr_ws/build/imu' returned '0': CMAKE_PREFIX_PATH=/opt/ros/humble /usr/bin/cmake --build /home/williamfbx/Lunar-ROADSTER/lr_ws/build/imu -- -j12 -l12
[30.615s] Invoking command in '/home/williamfbx/Lunar-ROADSTER/lr_ws/build/imu': CMAKE_PREFIX_PATH=/opt/ros/humble /usr/bin/cmake --install /home/williamfbx/Lunar-ROADSTER/lr_ws/build/imu
[30.638s] -- Install configuration: ""
[30.639s] -- Installing: /home/williamfbx/Lunar-ROADSTER/lr_ws/install/imu/lib/imu/imu_base_link_conversion_node
[30.646s] -- Set runtime path of "/home/williamfbx/Lunar-ROADSTER/lr_ws/install/imu/lib/imu/imu_base_link_conversion_node" to ""
[30.647s] -- Installing: /home/williamfbx/Lunar-ROADSTER/lr_ws/install/imu/include/imu
[30.648s] -- Installing: /home/williamfbx/Lunar-ROADSTER/lr_ws/install/imu/include/imu/imu_base_link_conversion_node.hpp
[30.648s] -- Installing: /home/williamfbx/Lunar-ROADSTER/lr_ws/install/imu/share/imu/launch
[30.648s] -- Installing: /home/williamfbx/Lunar-ROADSTER/lr_ws/install/imu/share/imu/launch/imu_launch.py
[30.649s] -- Installing: /home/williamfbx/Lunar-ROADSTER/lr_ws/install/imu/share/imu/launch/__pycache__
[30.649s] -- Installing: /home/williamfbx/Lunar-ROADSTER/lr_ws/install/imu/share/imu/launch/__pycache__/imu_launch.cpython-310.pyc
[30.649s] -- Installing: /home/williamfbx/Lunar-ROADSTER/lr_ws/install/imu/share/imu//config
[30.650s] -- Installing: /home/williamfbx/Lunar-ROADSTER/lr_ws/install/imu/share/imu//config/imu_static_tf_params.yaml
[30.650s] -- Installing: /home/williamfbx/Lunar-ROADSTER/lr_ws/install/imu/share/imu//config/imu_node_params.yaml
[30.654s] -- Installing: /home/williamfbx/Lunar-ROADSTER/lr_ws/install/imu/share/ament_index/resource_index/package_run_dependencies/imu
[30.654s] -- Installing: /home/williamfbx/Lunar-ROADSTER/lr_ws/install/imu/share/ament_index/resource_index/parent_prefix_path/imu
[30.654s] -- Installing: /home/williamfbx/Lunar-ROADSTER/lr_ws/install/imu/share/imu/environment/ament_prefix_path.sh
[30.655s] -- Installing: /home/williamfbx/Lunar-ROADSTER/lr_ws/install/imu/share/imu/environment/ament_prefix_path.dsv
[30.655s] -- Installing: /home/williamfbx/Lunar-ROADSTER/lr_ws/install/imu/share/imu/environment/path.sh
[30.655s] -- Installing: /home/williamfbx/Lunar-ROADSTER/lr_ws/install/imu/share/imu/environment/path.dsv
[30.656s] -- Installing: /home/williamfbx/Lunar-ROADSTER/lr_ws/install/imu/share/imu/local_setup.bash
[30.656s] -- Installing: /home/williamfbx/Lunar-ROADSTER/lr_ws/install/imu/share/imu/local_setup.sh
[30.658s] -- Installing: /home/williamfbx/Lunar-ROADSTER/lr_ws/install/imu/share/imu/local_setup.zsh
[30.658s] -- Installing: /home/williamfbx/Lunar-ROADSTER/lr_ws/install/imu/share/imu/local_setup.dsv
[30.659s] -- Installing: /home/williamfbx/Lunar-ROADSTER/lr_ws/install/imu/share/imu/package.dsv
[30.660s] -- Installing: /home/williamfbx/Lunar-ROADSTER/lr_ws/install/imu/share/ament_index/resource_index/packages/imu
[30.660s] -- Installing: /home/williamfbx/Lunar-ROADSTER/lr_ws/install/imu/share/imu/cmake/imuConfig.cmake
[30.666s] -- Installing: /home/williamfbx/Lunar-ROADSTER/lr_ws/install/imu/share/imu/cmake/imuConfig-version.cmake
[30.666s] -- Installing: /home/williamfbx/Lunar-ROADSTER/lr_ws/install/imu/share/imu/package.xml
[30.671s] Invoked command in '/home/williamfbx/Lunar-ROADSTER/lr_ws/build/imu' returned '0': CMAKE_PREFIX_PATH=/opt/ros/humble /usr/bin/cmake --install /home/williamfbx/Lunar-ROADSTER/lr_ws/build/imu
