[0.074s] Invoking command in '/root/Lunar_ROADSTER/lr_ws/build/motion_control': AMENT_PREFIX_PATH=/root/Lunar_ROADSTER/lr_ws/install/cg_msgs:${AMENT_PREFIX_PATH} CMAKE_PREFIX_PATH=/root/Lunar_ROADSTER/lr_ws/install/cg_msgs:/opt/ros/humble LD_LIBRARY_PATH=/root/Lunar_ROADSTER/lr_ws/install/cg_msgs/lib:/opt/ros/humble/opt/rviz_ogre_vendor/lib:/opt/ros/humble/lib/aarch64-linux-gnu:/opt/ros/humble/lib:/usr/local/cuda/lib64 PYTHONPATH=/root/Lunar_ROADSTER/lr_ws/install/cg_msgs/local/lib/python3.10/dist-packages:${PYTHONPATH} /usr/local/bin/cmake --build /root/Lunar_ROADSTER/lr_ws/build/motion_control -- -j4 -l4
[0.343s] [35m[1mConsolidate compiler generated dependencies of target cmd_mux[0m
[0.421s] [ 50%] Built target cmd_mux
[0.666s] [35m[1mConsolidate compiler generated dependencies of target odom_node[0m
[0.744s] [100%] Built target odom_node
[0.819s] Invoked command in '/root/Lunar_ROADSTER/lr_ws/build/motion_control' returned '0': AMENT_PREFIX_PATH=/root/Lunar_ROADSTER/lr_ws/install/cg_msgs:${AMENT_PREFIX_PATH} CMAKE_PREFIX_PATH=/root/Lunar_ROADSTER/lr_ws/install/cg_msgs:/opt/ros/humble LD_LIBRARY_PATH=/root/Lunar_ROADSTER/lr_ws/install/cg_msgs/lib:/opt/ros/humble/opt/rviz_ogre_vendor/lib:/opt/ros/humble/lib/aarch64-linux-gnu:/opt/ros/humble/lib:/usr/local/cuda/lib64 PYTHONPATH=/root/Lunar_ROADSTER/lr_ws/install/cg_msgs/local/lib/python3.10/dist-packages:${PYTHONPATH} /usr/local/bin/cmake --build /root/Lunar_ROADSTER/lr_ws/build/motion_control -- -j4 -l4
[0.830s] Invoking command in '/root/Lunar_ROADSTER/lr_ws/build/motion_control': AMENT_PREFIX_PATH=/root/Lunar_ROADSTER/lr_ws/install/cg_msgs:${AMENT_PREFIX_PATH} CMAKE_PREFIX_PATH=/root/Lunar_ROADSTER/lr_ws/install/cg_msgs:/opt/ros/humble LD_LIBRARY_PATH=/root/Lunar_ROADSTER/lr_ws/install/cg_msgs/lib:/opt/ros/humble/opt/rviz_ogre_vendor/lib:/opt/ros/humble/lib/aarch64-linux-gnu:/opt/ros/humble/lib:/usr/local/cuda/lib64 PYTHONPATH=/root/Lunar_ROADSTER/lr_ws/install/cg_msgs/local/lib/python3.10/dist-packages:${PYTHONPATH} /usr/local/bin/cmake --install /root/Lunar_ROADSTER/lr_ws/build/motion_control
[0.867s] -- Install configuration: ""
[0.868s] -- Up-to-date: /root/Lunar_ROADSTER/lr_ws/install/motion_control/lib/motion_control/cmd_mux
[0.871s] -- Up-to-date: /root/Lunar_ROADSTER/lr_ws/install/motion_control/lib/motion_control/odom_node
[1.008s] -- Up-to-date: /root/Lunar_ROADSTER/lr_ws/install/motion_control/include/motion_control
[1.010s] -- Up-to-date: /root/Lunar_ROADSTER/lr_ws/install/motion_control/include/motion_control/cmdmux_node.hpp
[1.010s] -- Up-to-date: /root/Lunar_ROADSTER/lr_ws/install/motion_control/include/motion_control/odom_node.hpp
[1.013s] -- Up-to-date: /root/Lunar_ROADSTER/lr_ws/install/motion_control/share/motion_control/launch
[1.015s] -- Up-to-date: /root/Lunar_ROADSTER/lr_ws/install/motion_control/share/motion_control/launch/cmdmux_launch.py
[1.017s] -- Up-to-date: /root/Lunar_ROADSTER/lr_ws/install/motion_control/share/motion_control/launch/motion_control_launch.py
[1.017s] -- Up-to-date: /root/Lunar_ROADSTER/lr_ws/install/motion_control/share/motion_control/launch/odom_launch.py
[1.018s] -- Up-to-date: /root/Lunar_ROADSTER/lr_ws/install/motion_control/share/motion_control/launch/__pycache__
[1.018s] -- Up-to-date: /root/Lunar_ROADSTER/lr_ws/install/motion_control/share/motion_control/launch/__pycache__/motion_control_launch.cpython-310.pyc
[1.018s] -- Up-to-date: /root/Lunar_ROADSTER/lr_ws/install/motion_control/share/motion_control/config
[1.019s] -- Up-to-date: /root/Lunar_ROADSTER/lr_ws/install/motion_control/share/motion_control/config/diagnostic_params.yaml
[1.019s] -- Up-to-date: /root/Lunar_ROADSTER/lr_ws/install/motion_control/share/motion_control/config/odom_node_params.yaml
[1.020s] -- Up-to-date: /root/Lunar_ROADSTER/lr_ws/install/motion_control/share/ament_index/resource_index/package_run_dependencies/motion_control
[1.020s] -- Up-to-date: /root/Lunar_ROADSTER/lr_ws/install/motion_control/share/ament_index/resource_index/parent_prefix_path/motion_control
[1.024s] -- Up-to-date: /root/Lunar_ROADSTER/lr_ws/install/motion_control/share/motion_control/environment/ament_prefix_path.sh
[1.038s] -- Up-to-date: /root/Lunar_ROADSTER/lr_ws/install/motion_control/share/motion_control/environment/ament_prefix_path.dsv
[1.038s] -- Up-to-date: /root/Lunar_ROADSTER/lr_ws/install/motion_control/share/motion_control/environment/path.sh
[1.038s] -- Up-to-date: /root/Lunar_ROADSTER/lr_ws/install/motion_control/share/motion_control/environment/path.dsv
[1.038s] -- Up-to-date: /root/Lunar_ROADSTER/lr_ws/install/motion_control/share/motion_control/local_setup.bash
[1.039s] -- Up-to-date: /root/Lunar_ROADSTER/lr_ws/install/motion_control/share/motion_control/local_setup.sh
[1.048s] -- Up-to-date: /root/Lunar_ROADSTER/lr_ws/install/motion_control/share/motion_control/local_setup.zsh
[1.049s] -- Up-to-date: /root/Lunar_ROADSTER/lr_ws/install/motion_control/share/motion_control/local_setup.dsv
[1.049s] -- Installing: /root/Lunar_ROADSTER/lr_ws/install/motion_control/share/motion_control/package.dsv
[1.049s] -- Up-to-date: /root/Lunar_ROADSTER/lr_ws/install/motion_control/share/ament_index/resource_index/packages/motion_control
[1.049s] -- Up-to-date: /root/Lunar_ROADSTER/lr_ws/install/motion_control/share/motion_control/cmake/motion_controlConfig.cmake
[1.050s] -- Up-to-date: /root/Lunar_ROADSTER/lr_ws/install/motion_control/share/motion_control/cmake/motion_controlConfig-version.cmake
[1.050s] -- Up-to-date: /root/Lunar_ROADSTER/lr_ws/install/motion_control/share/motion_control/package.xml
[1.050s] Invoked command in '/root/Lunar_ROADSTER/lr_ws/build/motion_control' returned '0': AMENT_PREFIX_PATH=/root/Lunar_ROADSTER/lr_ws/install/cg_msgs:${AMENT_PREFIX_PATH} CMAKE_PREFIX_PATH=/root/Lunar_ROADSTER/lr_ws/install/cg_msgs:/opt/ros/humble LD_LIBRARY_PATH=/root/Lunar_ROADSTER/lr_ws/install/cg_msgs/lib:/opt/ros/humble/opt/rviz_ogre_vendor/lib:/opt/ros/humble/lib/aarch64-linux-gnu:/opt/ros/humble/lib:/usr/local/cuda/lib64 PYTHONPATH=/root/Lunar_ROADSTER/lr_ws/install/cg_msgs/local/lib/python3.10/dist-packages:${PYTHONPATH} /usr/local/bin/cmake --install /root/Lunar_ROADSTER/lr_ws/build/motion_control
