[0.175s] Invoking command in '/root/Lunar_ROADSTER/lr_ws/build/nav2_waypoint_follower': AMENT_PREFIX_PATH=/root/Lunar_ROADSTER/lr_ws/install/nav2_core:/root/Lunar_ROADSTER/lr_ws/install/nav2_costmap_2d:/root/Lunar_ROADSTER/lr_ws/install/nav2_map_server:/root/Lunar_ROADSTER/lr_ws/install/nav2_lifecycle_manager:/root/Lunar_ROADSTER/lr_ws/install/nav2_util:/root/Lunar_ROADSTER/lr_ws/install/nav2_voxel_grid:/root/Lunar_ROADSTER/lr_ws/install/nav2_msgs:/root/Lunar_ROADSTER/lr_ws/install/nav2_common:${AMENT_PREFIX_PATH} CMAKE_PREFIX_PATH=/root/Lunar_ROADSTER/lr_ws/install/nav2_core:/root/Lunar_ROADSTER/lr_ws/install/nav2_costmap_2d:/root/Lunar_ROADSTER/lr_ws/install/nav2_map_server:/root/Lunar_ROADSTER/lr_ws/install/nav2_lifecycle_manager:/root/Lunar_ROADSTER/lr_ws/install/nav2_util:/root/Lunar_ROADSTER/lr_ws/install/nav2_voxel_grid:/root/Lunar_ROADSTER/lr_ws/install/nav2_msgs:/root/Lunar_ROADSTER/lr_ws/install/nav2_common:/opt/ros/humble LD_LIBRARY_PATH=/root/Lunar_ROADSTER/lr_ws/install/nav2_costmap_2d/lib:/root/Lunar_ROADSTER/lr_ws/install/nav2_map_server/lib:/root/Lunar_ROADSTER/lr_ws/install/nav2_lifecycle_manager/lib:/root/Lunar_ROADSTER/lr_ws/install/nav2_util/lib:/root/Lunar_ROADSTER/lr_ws/install/nav2_voxel_grid/lib:/root/Lunar_ROADSTER/lr_ws/install/nav2_msgs/lib:/opt/ros/humble/opt/rviz_ogre_vendor/lib:/opt/ros/humble/lib/aarch64-linux-gnu:/opt/ros/humble/lib:/usr/local/cuda/lib64 PYTHONPATH=/root/Lunar_ROADSTER/lr_ws/install/nav2_msgs/local/lib/python3.10/dist-packages:/root/Lunar_ROADSTER/lr_ws/install/nav2_common/local/lib/python3.10/dist-packages:${PYTHONPATH} /usr/local/bin/cmake --build /root/Lunar_ROADSTER/lr_ws/build/nav2_waypoint_follower -- -j4 -l4
[1.278s] [35m[1mConsolidate compiler generated dependencies of target waypoint_follower_core[0m
[1.578s] [ 11%] Built target waypoint_follower_core
[1.761s] [35m[1mConsolidate compiler generated dependencies of target input_at_waypoint[0m
[1.993s] [ 22%] Built target input_at_waypoint
[2.179s] [35m[1mConsolidate compiler generated dependencies of target gtest_main[0m
[2.350s] [ 33%] Built target gtest_main
[2.399s] [35m[1mConsolidate compiler generated dependencies of target gtest[0m
[2.462s] [ 44%] Built target gtest
[2.671s] [35m[1mConsolidate compiler generated dependencies of target waypoint_follower[0m
[2.835s] [ 55%] Built target waypoint_follower
[2.929s] [35m[1mConsolidate compiler generated dependencies of target test_dynamic_parameters[0m
[3.482s] [ 66%] Built target test_dynamic_parameters
[3.718s] [35m[1mConsolidate compiler generated dependencies of target photo_at_waypoint[0m
[3.835s] [ 77%] Built target photo_at_waypoint
[4.115s] [35m[1mConsolidate compiler generated dependencies of target wait_at_waypoint[0m
[4.388s] [ 88%] Built target wait_at_waypoint
[4.568s] [35m[1mConsolidate compiler generated dependencies of target test_task_executors[0m
[4.672s] [100%] Built target test_task_executors
[4.771s] Invoked command in '/root/Lunar_ROADSTER/lr_ws/build/nav2_waypoint_follower' returned '0': AMENT_PREFIX_PATH=/root/Lunar_ROADSTER/lr_ws/install/nav2_core:/root/Lunar_ROADSTER/lr_ws/install/nav2_costmap_2d:/root/Lunar_ROADSTER/lr_ws/install/nav2_map_server:/root/Lunar_ROADSTER/lr_ws/install/nav2_lifecycle_manager:/root/Lunar_ROADSTER/lr_ws/install/nav2_util:/root/Lunar_ROADSTER/lr_ws/install/nav2_voxel_grid:/root/Lunar_ROADSTER/lr_ws/install/nav2_msgs:/root/Lunar_ROADSTER/lr_ws/install/nav2_common:${AMENT_PREFIX_PATH} CMAKE_PREFIX_PATH=/root/Lunar_ROADSTER/lr_ws/install/nav2_core:/root/Lunar_ROADSTER/lr_ws/install/nav2_costmap_2d:/root/Lunar_ROADSTER/lr_ws/install/nav2_map_server:/root/Lunar_ROADSTER/lr_ws/install/nav2_lifecycle_manager:/root/Lunar_ROADSTER/lr_ws/install/nav2_util:/root/Lunar_ROADSTER/lr_ws/install/nav2_voxel_grid:/root/Lunar_ROADSTER/lr_ws/install/nav2_msgs:/root/Lunar_ROADSTER/lr_ws/install/nav2_common:/opt/ros/humble LD_LIBRARY_PATH=/root/Lunar_ROADSTER/lr_ws/install/nav2_costmap_2d/lib:/root/Lunar_ROADSTER/lr_ws/install/nav2_map_server/lib:/root/Lunar_ROADSTER/lr_ws/install/nav2_lifecycle_manager/lib:/root/Lunar_ROADSTER/lr_ws/install/nav2_util/lib:/root/Lunar_ROADSTER/lr_ws/install/nav2_voxel_grid/lib:/root/Lunar_ROADSTER/lr_ws/install/nav2_msgs/lib:/opt/ros/humble/opt/rviz_ogre_vendor/lib:/opt/ros/humble/lib/aarch64-linux-gnu:/opt/ros/humble/lib:/usr/local/cuda/lib64 PYTHONPATH=/root/Lunar_ROADSTER/lr_ws/install/nav2_msgs/local/lib/python3.10/dist-packages:/root/Lunar_ROADSTER/lr_ws/install/nav2_common/local/lib/python3.10/dist-packages:${PYTHONPATH} /usr/local/bin/cmake --build /root/Lunar_ROADSTER/lr_ws/build/nav2_waypoint_follower -- -j4 -l4
[4.789s] Invoking command in '/root/Lunar_ROADSTER/lr_ws/build/nav2_waypoint_follower': AMENT_PREFIX_PATH=/root/Lunar_ROADSTER/lr_ws/install/nav2_core:/root/Lunar_ROADSTER/lr_ws/install/nav2_costmap_2d:/root/Lunar_ROADSTER/lr_ws/install/nav2_map_server:/root/Lunar_ROADSTER/lr_ws/install/nav2_lifecycle_manager:/root/Lunar_ROADSTER/lr_ws/install/nav2_util:/root/Lunar_ROADSTER/lr_ws/install/nav2_voxel_grid:/root/Lunar_ROADSTER/lr_ws/install/nav2_msgs:/root/Lunar_ROADSTER/lr_ws/install/nav2_common:${AMENT_PREFIX_PATH} CMAKE_PREFIX_PATH=/root/Lunar_ROADSTER/lr_ws/install/nav2_core:/root/Lunar_ROADSTER/lr_ws/install/nav2_costmap_2d:/root/Lunar_ROADSTER/lr_ws/install/nav2_map_server:/root/Lunar_ROADSTER/lr_ws/install/nav2_lifecycle_manager:/root/Lunar_ROADSTER/lr_ws/install/nav2_util:/root/Lunar_ROADSTER/lr_ws/install/nav2_voxel_grid:/root/Lunar_ROADSTER/lr_ws/install/nav2_msgs:/root/Lunar_ROADSTER/lr_ws/install/nav2_common:/opt/ros/humble LD_LIBRARY_PATH=/root/Lunar_ROADSTER/lr_ws/install/nav2_costmap_2d/lib:/root/Lunar_ROADSTER/lr_ws/install/nav2_map_server/lib:/root/Lunar_ROADSTER/lr_ws/install/nav2_lifecycle_manager/lib:/root/Lunar_ROADSTER/lr_ws/install/nav2_util/lib:/root/Lunar_ROADSTER/lr_ws/install/nav2_voxel_grid/lib:/root/Lunar_ROADSTER/lr_ws/install/nav2_msgs/lib:/opt/ros/humble/opt/rviz_ogre_vendor/lib:/opt/ros/humble/lib/aarch64-linux-gnu:/opt/ros/humble/lib:/usr/local/cuda/lib64 PYTHONPATH=/root/Lunar_ROADSTER/lr_ws/install/nav2_msgs/local/lib/python3.10/dist-packages:/root/Lunar_ROADSTER/lr_ws/install/nav2_common/local/lib/python3.10/dist-packages:${PYTHONPATH} /usr/local/bin/cmake --install /root/Lunar_ROADSTER/lr_ws/build/nav2_waypoint_follower
[4.814s] -- Install configuration: "Release"
[4.833s] -- Up-to-date: /root/Lunar_ROADSTER/lr_ws/install/nav2_waypoint_follower/lib/libwaypoint_follower_core.so
[4.833s] -- Up-to-date: /root/Lunar_ROADSTER/lr_ws/install/nav2_waypoint_follower/lib/libwait_at_waypoint.so
[4.837s] -- Up-to-date: /root/Lunar_ROADSTER/lr_ws/install/nav2_waypoint_follower/lib/libphoto_at_waypoint.so
[4.843s] -- Up-to-date: /root/Lunar_ROADSTER/lr_ws/install/nav2_waypoint_follower/lib/libinput_at_waypoint.so
[4.852s] -- Up-to-date: /root/Lunar_ROADSTER/lr_ws/install/nav2_waypoint_follower/lib/nav2_waypoint_follower/waypoint_follower
[4.865s] -- Up-to-date: /root/Lunar_ROADSTER/lr_ws/install/nav2_waypoint_follower/include/
[4.868s] -- Up-to-date: /root/Lunar_ROADSTER/lr_ws/install/nav2_waypoint_follower/include//nav2_waypoint_follower
[4.875s] -- Up-to-date: /root/Lunar_ROADSTER/lr_ws/install/nav2_waypoint_follower/include//nav2_waypoint_follower/plugins
[4.880s] -- Up-to-date: /root/Lunar_ROADSTER/lr_ws/install/nav2_waypoint_follower/include//nav2_waypoint_follower/plugins/input_at_waypoint.hpp
[4.880s] -- Up-to-date: /root/Lunar_ROADSTER/lr_ws/install/nav2_waypoint_follower/include//nav2_waypoint_follower/plugins/photo_at_waypoint.hpp
[4.881s] -- Up-to-date: /root/Lunar_ROADSTER/lr_ws/install/nav2_waypoint_follower/include//nav2_waypoint_follower/plugins/wait_at_waypoint.hpp
[4.882s] -- Up-to-date: /root/Lunar_ROADSTER/lr_ws/install/nav2_waypoint_follower/include//nav2_waypoint_follower/waypoint_follower.hpp
[4.907s] -- Up-to-date: /root/Lunar_ROADSTER/lr_ws/install/nav2_waypoint_follower/share/nav2_waypoint_follower/environment/library_path.sh
[4.912s] -- Up-to-date: /root/Lunar_ROADSTER/lr_ws/install/nav2_waypoint_follower/share/nav2_waypoint_follower/environment/library_path.dsv
[4.922s] -- Up-to-date: /root/Lunar_ROADSTER/lr_ws/install/nav2_waypoint_follower/share/nav2_waypoint_follower/plugins.xml
[4.923s] -- Up-to-date: /root/Lunar_ROADSTER/lr_ws/install/nav2_waypoint_follower/share/ament_index/resource_index/package_run_dependencies/nav2_waypoint_follower
[4.928s] -- Up-to-date: /root/Lunar_ROADSTER/lr_ws/install/nav2_waypoint_follower/share/ament_index/resource_index/parent_prefix_path/nav2_waypoint_follower
[4.928s] -- Up-to-date: /root/Lunar_ROADSTER/lr_ws/install/nav2_waypoint_follower/share/nav2_waypoint_follower/environment/ament_prefix_path.sh
[4.929s] -- Up-to-date: /root/Lunar_ROADSTER/lr_ws/install/nav2_waypoint_follower/share/nav2_waypoint_follower/environment/ament_prefix_path.dsv
[4.933s] -- Up-to-date: /root/Lunar_ROADSTER/lr_ws/install/nav2_waypoint_follower/share/nav2_waypoint_follower/environment/path.sh
[4.934s] -- Up-to-date: /root/Lunar_ROADSTER/lr_ws/install/nav2_waypoint_follower/share/nav2_waypoint_follower/environment/path.dsv
[4.937s] -- Up-to-date: /root/Lunar_ROADSTER/lr_ws/install/nav2_waypoint_follower/share/nav2_waypoint_follower/local_setup.bash
[4.943s] -- Up-to-date: /root/Lunar_ROADSTER/lr_ws/install/nav2_waypoint_follower/share/nav2_waypoint_follower/local_setup.sh
[4.943s] -- Up-to-date: /root/Lunar_ROADSTER/lr_ws/install/nav2_waypoint_follower/share/nav2_waypoint_follower/local_setup.zsh
[4.946s] -- Up-to-date: /root/Lunar_ROADSTER/lr_ws/install/nav2_waypoint_follower/share/nav2_waypoint_follower/local_setup.dsv
[4.947s] -- Installing: /root/Lunar_ROADSTER/lr_ws/install/nav2_waypoint_follower/share/nav2_waypoint_follower/package.dsv
[4.950s] -- Up-to-date: /root/Lunar_ROADSTER/lr_ws/install/nav2_waypoint_follower/share/ament_index/resource_index/packages/nav2_waypoint_follower
[4.958s] -- Up-to-date: /root/Lunar_ROADSTER/lr_ws/install/nav2_waypoint_follower/share/ament_index/resource_index/nav2_waypoint_follower__pluginlib__plugin/nav2_waypoint_follower
[4.960s] -- Up-to-date: /root/Lunar_ROADSTER/lr_ws/install/nav2_waypoint_follower/share/ament_index/resource_index/rclcpp_components/nav2_waypoint_follower
[4.970s] -- Up-to-date: /root/Lunar_ROADSTER/lr_ws/install/nav2_waypoint_follower/share/nav2_waypoint_follower/cmake/ament_cmake_export_include_directories-extras.cmake
[4.988s] -- Up-to-date: /root/Lunar_ROADSTER/lr_ws/install/nav2_waypoint_follower/share/nav2_waypoint_follower/cmake/ament_cmake_export_libraries-extras.cmake
[4.990s] -- Up-to-date: /root/Lunar_ROADSTER/lr_ws/install/nav2_waypoint_follower/share/nav2_waypoint_follower/cmake/ament_cmake_export_dependencies-extras.cmake
[4.991s] -- Up-to-date: /root/Lunar_ROADSTER/lr_ws/install/nav2_waypoint_follower/share/nav2_waypoint_follower/cmake/nav2_waypoint_followerConfig.cmake
[4.992s] -- Up-to-date: /root/Lunar_ROADSTER/lr_ws/install/nav2_waypoint_follower/share/nav2_waypoint_follower/cmake/nav2_waypoint_followerConfig-version.cmake
[4.992s] -- Up-to-date: /root/Lunar_ROADSTER/lr_ws/install/nav2_waypoint_follower/share/nav2_waypoint_follower/package.xml
[5.024s] Invoked command in '/root/Lunar_ROADSTER/lr_ws/build/nav2_waypoint_follower' returned '0': AMENT_PREFIX_PATH=/root/Lunar_ROADSTER/lr_ws/install/nav2_core:/root/Lunar_ROADSTER/lr_ws/install/nav2_costmap_2d:/root/Lunar_ROADSTER/lr_ws/install/nav2_map_server:/root/Lunar_ROADSTER/lr_ws/install/nav2_lifecycle_manager:/root/Lunar_ROADSTER/lr_ws/install/nav2_util:/root/Lunar_ROADSTER/lr_ws/install/nav2_voxel_grid:/root/Lunar_ROADSTER/lr_ws/install/nav2_msgs:/root/Lunar_ROADSTER/lr_ws/install/nav2_common:${AMENT_PREFIX_PATH} CMAKE_PREFIX_PATH=/root/Lunar_ROADSTER/lr_ws/install/nav2_core:/root/Lunar_ROADSTER/lr_ws/install/nav2_costmap_2d:/root/Lunar_ROADSTER/lr_ws/install/nav2_map_server:/root/Lunar_ROADSTER/lr_ws/install/nav2_lifecycle_manager:/root/Lunar_ROADSTER/lr_ws/install/nav2_util:/root/Lunar_ROADSTER/lr_ws/install/nav2_voxel_grid:/root/Lunar_ROADSTER/lr_ws/install/nav2_msgs:/root/Lunar_ROADSTER/lr_ws/install/nav2_common:/opt/ros/humble LD_LIBRARY_PATH=/root/Lunar_ROADSTER/lr_ws/install/nav2_costmap_2d/lib:/root/Lunar_ROADSTER/lr_ws/install/nav2_map_server/lib:/root/Lunar_ROADSTER/lr_ws/install/nav2_lifecycle_manager/lib:/root/Lunar_ROADSTER/lr_ws/install/nav2_util/lib:/root/Lunar_ROADSTER/lr_ws/install/nav2_voxel_grid/lib:/root/Lunar_ROADSTER/lr_ws/install/nav2_msgs/lib:/opt/ros/humble/opt/rviz_ogre_vendor/lib:/opt/ros/humble/lib/aarch64-linux-gnu:/opt/ros/humble/lib:/usr/local/cuda/lib64 PYTHONPATH=/root/Lunar_ROADSTER/lr_ws/install/nav2_msgs/local/lib/python3.10/dist-packages:/root/Lunar_ROADSTER/lr_ws/install/nav2_common/local/lib/python3.10/dist-packages:${PYTHONPATH} /usr/local/bin/cmake --install /root/Lunar_ROADSTER/lr_ws/build/nav2_waypoint_follower
