[0.103s] Invoking command in '/root/Lunar_ROADSTER/lr_ws/build/realsense': CMAKE_PREFIX_PATH=/opt/ros/humble /usr/local/bin/cmake --build /root/Lunar_ROADSTER/lr_ws/build/realsense -- -j4 -l4
[0.270s] Invoked command in '/root/Lunar_ROADSTER/lr_ws/build/realsense' returned '0': CMAKE_PREFIX_PATH=/opt/ros/humble /usr/local/bin/cmake --build /root/Lunar_ROADSTER/lr_ws/build/realsense -- -j4 -l4
[0.271s] Invoking command in '/root/Lunar_ROADSTER/lr_ws/build/realsense': CMAKE_PREFIX_PATH=/opt/ros/humble /usr/local/bin/cmake --install /root/Lunar_ROADSTER/lr_ws/build/realsense
[0.315s] -- Install configuration: ""
[0.315s] -- Up-to-date: /root/Lunar_ROADSTER/lr_ws/install/realsense/share/realsense/launch
[0.316s] -- Up-to-date: /root/Lunar_ROADSTER/lr_ws/install/realsense/share/realsense/launch/realsense_launch.py
[0.316s] -- Up-to-date: /root/Lunar_ROADSTER/lr_ws/install/realsense/share/realsense//config
[0.317s] -- Up-to-date: /root/Lunar_ROADSTER/lr_ws/install/realsense/share/realsense//config/d435i_params.yaml
[0.317s] -- Up-to-date: /root/Lunar_ROADSTER/lr_ws/install/realsense/share/realsense//config/realsense_static_tf_params.yaml
[0.318s] -- Up-to-date: /root/Lunar_ROADSTER/lr_ws/install/realsense/share/ament_index/resource_index/package_run_dependencies/realsense
[0.318s] -- Up-to-date: /root/Lunar_ROADSTER/lr_ws/install/realsense/share/ament_index/resource_index/parent_prefix_path/realsense
[0.319s] -- Up-to-date: /root/Lunar_ROADSTER/lr_ws/install/realsense/share/realsense/environment/ament_prefix_path.sh
[0.319s] -- Up-to-date: /root/Lunar_ROADSTER/lr_ws/install/realsense/share/realsense/environment/ament_prefix_path.dsv
[0.319s] -- Up-to-date: /root/Lunar_ROADSTER/lr_ws/install/realsense/share/realsense/environment/path.sh
[0.320s] -- Up-to-date: /root/Lunar_ROADSTER/lr_ws/install/realsense/share/realsense/environment/path.dsv
[0.320s] -- Up-to-date: /root/Lunar_ROADSTER/lr_ws/install/realsense/share/realsense/local_setup.bash
[0.320s] -- Up-to-date: /root/Lunar_ROADSTER/lr_ws/install/realsense/share/realsense/local_setup.sh
[0.321s] -- Up-to-date: /root/Lunar_ROADSTER/lr_ws/install/realsense/share/realsense/local_setup.zsh
[0.321s] -- Up-to-date: /root/Lunar_ROADSTER/lr_ws/install/realsense/share/realsense/local_setup.dsv
[0.321s] -- Installing: /root/Lunar_ROADSTER/lr_ws/install/realsense/share/realsense/package.dsv
[0.348s] -- Up-to-date: /root/Lunar_ROADSTER/lr_ws/install/realsense/share/ament_index/resource_index/packages/realsense
[0.348s] -- Up-to-date: /root/Lunar_ROADSTER/lr_ws/install/realsense/share/realsense/cmake/realsenseConfig.cmake
[0.348s] -- Up-to-date: /root/Lunar_ROADSTER/lr_ws/install/realsense/share/realsense/cmake/realsenseConfig-version.cmake
[0.349s] -- Up-to-date: /root/Lunar_ROADSTER/lr_ws/install/realsense/share/realsense/package.xml
[0.349s] Invoked command in '/root/Lunar_ROADSTER/lr_ws/build/realsense' returned '0': CMAKE_PREFIX_PATH=/opt/ros/humble /usr/local/bin/cmake --install /root/Lunar_ROADSTER/lr_ws/build/realsense
