[0.048s] Invoking command in '/root/Lunar_ROADSTER/lr_ws/build/grid_map_msgs': AMENT_PREFIX_PATH=/root/Lunar_ROADSTER/lr_ws/install/grid_map_cmake_helpers:${AMENT_PREFIX_PATH} CMAKE_PREFIX_PATH=/root/Lunar_ROADSTER/lr_ws/install/grid_map_cmake_helpers:/opt/ros/humble /usr/local/bin/cmake --build /root/Lunar_ROADSTER/lr_ws/build/grid_map_msgs -- -j16 -l16
[0.090s] [  1%] [34m[1mGenerating C code for ROS interfaces[0m
[0.107s] [  2%] [34m[1mGenerating C++ code for ROS interfaces[0m
[0.121s] [  2%] Built target ament_cmake_python_copy_grid_map_msgs
[0.875s] running egg_info
[0.883s] writing grid_map_msgs.egg-info/PKG-INFO
[0.884s] writing dependency_links to grid_map_msgs.egg-info/dependency_links.txt
[0.885s] writing top-level names to grid_map_msgs.egg-info/top_level.txt
[0.894s] reading manifest file 'grid_map_msgs.egg-info/SOURCES.txt'
[0.898s] writing manifest file 'grid_map_msgs.egg-info/SOURCES.txt'
[1.036s] [  2%] Built target ament_cmake_python_build_grid_map_msgs_egg
[1.804s] [  4%] [32mBuilding C object CMakeFiles/grid_map_msgs__rosidl_generator_c.dir/rosidl_generator_c/grid_map_msgs/msg/detail/grid_map_info__functions.c.o[0m
[1.812s] [  7%] [32mBuilding C object CMakeFiles/grid_map_msgs__rosidl_generator_c.dir/rosidl_generator_c/grid_map_msgs/srv/detail/set_grid_map__functions.c.o[0m
[1.813s] [  7%] [32mBuilding C object CMakeFiles/grid_map_msgs__rosidl_generator_c.dir/rosidl_generator_c/grid_map_msgs/msg/detail/grid_map__functions.c.o[0m
[1.824s] [  8%] [32mBuilding C object CMakeFiles/grid_map_msgs__rosidl_generator_c.dir/rosidl_generator_c/grid_map_msgs/srv/detail/get_grid_map__functions.c.o[0m
[1.825s] [  9%] [32mBuilding C object CMakeFiles/grid_map_msgs__rosidl_generator_c.dir/rosidl_generator_c/grid_map_msgs/srv/detail/get_grid_map_info__functions.c.o[0m
[1.837s] [ 11%] [32mBuilding C object CMakeFiles/grid_map_msgs__rosidl_generator_c.dir/rosidl_generator_c/grid_map_msgs/srv/detail/process_file__functions.c.o[0m
[2.212s] [ 12%] [32m[1mLinking C shared library libgrid_map_msgs__rosidl_generator_c.so[0m
[2.328s] [ 12%] Built target grid_map_msgs__rosidl_generator_c
[2.346s] [ 15%] [34m[1mGenerating C introspection for ROS interfaces[0m
[2.351s] [ 15%] [34m[1mGenerating C type support for eProsima Fast-RTPS[0m
[2.360s] [ 16%] [34m[1mGenerating C type support dispatch for ROS interfaces[0m
[2.479s] [ 16%] Built target grid_map_msgs__cpp
[2.504s] [ 18%] [34m[1mGenerating C++ type support dispatch for ROS interfaces[0m
[2.509s] [ 19%] [34m[1mGenerating C++ type support for eProsima Fast-RTPS[0m
[2.521s] [ 21%] [34m[1mGenerating C++ introspection for ROS interfaces[0m
[3.992s] [ 22%] [32mBuilding CXX object CMakeFiles/grid_map_msgs__rosidl_typesupport_c.dir/rosidl_typesupport_c/grid_map_msgs/msg/grid_map_info__type_support.cpp.o[0m
[4.000s] [ 23%] [32mBuilding CXX object CMakeFiles/grid_map_msgs__rosidl_typesupport_c.dir/rosidl_typesupport_c/grid_map_msgs/msg/grid_map__type_support.cpp.o[0m
[4.013s] [ 25%] [32mBuilding CXX object CMakeFiles/grid_map_msgs__rosidl_typesupport_c.dir/rosidl_typesupport_c/grid_map_msgs/srv/get_grid_map__type_support.cpp.o[0m
[4.014s] [ 26%] [32mBuilding CXX object CMakeFiles/grid_map_msgs__rosidl_typesupport_c.dir/rosidl_typesupport_c/grid_map_msgs/srv/get_grid_map_info__type_support.cpp.o[0m
[4.015s] [ 28%] [32mBuilding CXX object CMakeFiles/grid_map_msgs__rosidl_typesupport_c.dir/rosidl_typesupport_c/grid_map_msgs/srv/set_grid_map__type_support.cpp.o[0m
[4.028s] [ 29%] [32mBuilding CXX object CMakeFiles/grid_map_msgs__rosidl_typesupport_c.dir/rosidl_typesupport_c/grid_map_msgs/srv/process_file__type_support.cpp.o[0m
[4.078s] [ 30%] [32mBuilding CXX object CMakeFiles/grid_map_msgs__rosidl_typesupport_introspection_cpp.dir/rosidl_typesupport_introspection_cpp/grid_map_msgs/msg/detail/grid_map_info__type_support.cpp.o[0m
[4.078s] [ 32%] [32mBuilding CXX object CMakeFiles/grid_map_msgs__rosidl_typesupport_introspection_cpp.dir/rosidl_typesupport_introspection_cpp/grid_map_msgs/srv/detail/set_grid_map__type_support.cpp.o[0m
[4.078s] [ 33%] [32mBuilding CXX object CMakeFiles/grid_map_msgs__rosidl_typesupport_introspection_cpp.dir/rosidl_typesupport_introspection_cpp/grid_map_msgs/msg/detail/grid_map__type_support.cpp.o[0m
[4.084s] [ 36%] [32mBuilding CXX object CMakeFiles/grid_map_msgs__rosidl_typesupport_introspection_cpp.dir/rosidl_typesupport_introspection_cpp/grid_map_msgs/srv/detail/get_grid_map__type_support.cpp.o[0m
[4.090s] [ 38%] [32mBuilding CXX object CMakeFiles/grid_map_msgs__rosidl_typesupport_cpp.dir/rosidl_typesupport_cpp/grid_map_msgs/msg/grid_map_info__type_support.cpp.o[0m
[4.091s] [ 38%] [32mBuilding CXX object CMakeFiles/grid_map_msgs__rosidl_typesupport_introspection_cpp.dir/rosidl_typesupport_introspection_cpp/grid_map_msgs/srv/detail/get_grid_map_info__type_support.cpp.o[0m
[4.092s] [ 40%] [32mBuilding CXX object CMakeFiles/grid_map_msgs__rosidl_typesupport_cpp.dir/rosidl_typesupport_cpp/grid_map_msgs/msg/grid_map__type_support.cpp.o[0m
[4.093s] [ 40%] [32mBuilding CXX object CMakeFiles/grid_map_msgs__rosidl_typesupport_cpp.dir/rosidl_typesupport_cpp/grid_map_msgs/srv/set_grid_map__type_support.cpp.o[0m
[4.108s] [ 42%] [32mBuilding CXX object CMakeFiles/grid_map_msgs__rosidl_typesupport_cpp.dir/rosidl_typesupport_cpp/grid_map_msgs/srv/get_grid_map__type_support.cpp.o[0m
[4.114s] [ 43%] [32mBuilding CXX object CMakeFiles/grid_map_msgs__rosidl_typesupport_introspection_cpp.dir/rosidl_typesupport_introspection_cpp/grid_map_msgs/srv/detail/process_file__type_support.cpp.o[0m
[4.116s] [ 45%] [32m[1mLinking CXX shared library libgrid_map_msgs__rosidl_typesupport_c.so[0m
[4.127s] [ 46%] [32mBuilding CXX object CMakeFiles/grid_map_msgs__rosidl_typesupport_cpp.dir/rosidl_typesupport_cpp/grid_map_msgs/srv/get_grid_map_info__type_support.cpp.o[0m
[4.147s] [ 47%] [32mBuilding CXX object CMakeFiles/grid_map_msgs__rosidl_typesupport_cpp.dir/rosidl_typesupport_cpp/grid_map_msgs/srv/process_file__type_support.cpp.o[0m
[4.211s] [ 47%] Built target grid_map_msgs__rosidl_typesupport_c
[4.255s] [ 49%] [32mBuilding CXX object CMakeFiles/grid_map_msgs__rosidl_typesupport_fastrtps_c.dir/rosidl_typesupport_fastrtps_c/grid_map_msgs/msg/detail/grid_map__type_support_c.cpp.o[0m
[4.257s] [ 50%] [32mBuilding C object CMakeFiles/grid_map_msgs__rosidl_typesupport_introspection_c.dir/rosidl_typesupport_introspection_c/grid_map_msgs/msg/detail/grid_map_info__type_support.c.o[0m
[4.259s] [ 52%] [32mBuilding CXX object CMakeFiles/grid_map_msgs__rosidl_typesupport_fastrtps_c.dir/rosidl_typesupport_fastrtps_c/grid_map_msgs/msg/detail/grid_map_info__type_support_c.cpp.o[0m
[4.386s] [ 53%] [32mBuilding C object CMakeFiles/grid_map_msgs__rosidl_typesupport_introspection_c.dir/rosidl_typesupport_introspection_c/grid_map_msgs/msg/detail/grid_map__type_support.c.o[0m
[4.443s] [ 54%] [32mBuilding CXX object CMakeFiles/grid_map_msgs__rosidl_typesupport_fastrtps_cpp.dir/rosidl_typesupport_fastrtps_cpp/grid_map_msgs/msg/detail/dds_fastrtps/grid_map_info__type_support.cpp.o[0m
[4.518s] [ 56%] [32mBuilding C object CMakeFiles/grid_map_msgs__rosidl_typesupport_introspection_c.dir/rosidl_typesupport_introspection_c/grid_map_msgs/srv/detail/set_grid_map__type_support.c.o[0m
[4.544s] [ 57%] [32mBuilding CXX object CMakeFiles/grid_map_msgs__rosidl_typesupport_fastrtps_c.dir/rosidl_typesupport_fastrtps_c/grid_map_msgs/srv/detail/set_grid_map__type_support_c.cpp.o[0m
[4.611s] [ 59%] [32mBuilding C object CMakeFiles/grid_map_msgs__rosidl_typesupport_introspection_c.dir/rosidl_typesupport_introspection_c/grid_map_msgs/srv/detail/get_grid_map__type_support.c.o[0m
[4.645s] [ 60%] [32mBuilding CXX object CMakeFiles/grid_map_msgs__rosidl_typesupport_fastrtps_cpp.dir/rosidl_typesupport_fastrtps_cpp/grid_map_msgs/msg/detail/dds_fastrtps/grid_map__type_support.cpp.o[0m
[4.740s] [ 61%] [32mBuilding C object CMakeFiles/grid_map_msgs__rosidl_typesupport_introspection_c.dir/rosidl_typesupport_introspection_c/grid_map_msgs/srv/detail/get_grid_map_info__type_support.c.o[0m
[4.855s] [ 63%] [32mBuilding C object CMakeFiles/grid_map_msgs__rosidl_typesupport_introspection_c.dir/rosidl_typesupport_introspection_c/grid_map_msgs/srv/detail/process_file__type_support.c.o[0m
[4.950s] [ 64%] [32m[1mLinking C shared library libgrid_map_msgs__rosidl_typesupport_introspection_c.so[0m
[5.013s] [ 66%] [32mBuilding CXX object CMakeFiles/grid_map_msgs__rosidl_typesupport_fastrtps_cpp.dir/rosidl_typesupport_fastrtps_cpp/grid_map_msgs/srv/detail/dds_fastrtps/set_grid_map__type_support.cpp.o[0m
[5.021s] [ 67%] [32mBuilding CXX object CMakeFiles/grid_map_msgs__rosidl_typesupport_fastrtps_cpp.dir/rosidl_typesupport_fastrtps_cpp/grid_map_msgs/srv/detail/dds_fastrtps/get_grid_map__type_support.cpp.o[0m
[5.027s] [ 67%] Built target grid_map_msgs__rosidl_typesupport_introspection_c
[5.041s] [ 69%] [32mBuilding CXX object CMakeFiles/grid_map_msgs__rosidl_typesupport_fastrtps_cpp.dir/rosidl_typesupport_fastrtps_cpp/grid_map_msgs/srv/detail/dds_fastrtps/get_grid_map_info__type_support.cpp.o[0m
[5.043s] [ 70%] [32mBuilding CXX object CMakeFiles/grid_map_msgs__rosidl_typesupport_fastrtps_cpp.dir/rosidl_typesupport_fastrtps_cpp/grid_map_msgs/srv/detail/dds_fastrtps/process_file__type_support.cpp.o[0m
[5.050s] [ 71%] [32mBuilding CXX object CMakeFiles/grid_map_msgs__rosidl_typesupport_fastrtps_c.dir/rosidl_typesupport_fastrtps_c/grid_map_msgs/srv/detail/get_grid_map__type_support_c.cpp.o[0m
[5.067s] [ 73%] [32mBuilding CXX object CMakeFiles/grid_map_msgs__rosidl_typesupport_fastrtps_c.dir/rosidl_typesupport_fastrtps_c/grid_map_msgs/srv/detail/get_grid_map_info__type_support_c.cpp.o[0m
[5.173s] [ 74%] [32mBuilding CXX object CMakeFiles/grid_map_msgs__rosidl_typesupport_fastrtps_c.dir/rosidl_typesupport_fastrtps_c/grid_map_msgs/srv/detail/process_file__type_support_c.cpp.o[0m
[5.183s] [ 76%] [32m[1mLinking CXX shared library libgrid_map_msgs__rosidl_typesupport_cpp.so[0m
[5.259s] [ 76%] Built target grid_map_msgs__rosidl_typesupport_cpp
[5.420s] [ 77%] [32m[1mLinking CXX shared library libgrid_map_msgs__rosidl_typesupport_introspection_cpp.so[0m
[5.727s] [ 77%] Built target grid_map_msgs__rosidl_typesupport_introspection_cpp
[6.134s] [ 78%] [32m[1mLinking CXX shared library libgrid_map_msgs__rosidl_typesupport_fastrtps_cpp.so[0m
[6.232s] [ 80%] [32m[1mLinking CXX shared library libgrid_map_msgs__rosidl_typesupport_fastrtps_c.so[0m
[6.385s] [ 80%] Built target grid_map_msgs__rosidl_typesupport_fastrtps_cpp
[6.432s] [ 80%] Built target grid_map_msgs__rosidl_typesupport_fastrtps_c
[6.463s] [ 80%] Built target grid_map_msgs
[6.505s] [ 81%] [34m[1mGenerating Python code for ROS interfaces[0m
[11.490s] [ 81%] Built target grid_map_msgs__py
[11.518s] [ 83%] [32mBuilding C object CMakeFiles/grid_map_msgs__rosidl_generator_py.dir/rosidl_generator_py/grid_map_msgs/msg/_grid_map_info_s.c.o[0m
[11.518s] [ 84%] [32mBuilding C object CMakeFiles/grid_map_msgs__rosidl_generator_py.dir/rosidl_generator_py/grid_map_msgs/msg/_grid_map_s.c.o[0m
[11.519s] [ 87%] [32mBuilding C object CMakeFiles/grid_map_msgs__rosidl_generator_py.dir/rosidl_generator_py/grid_map_msgs/srv/_get_grid_map_s.c.o[0m
[11.521s] [ 88%] [32mBuilding C object CMakeFiles/grid_map_msgs__rosidl_generator_py.dir/rosidl_generator_py/grid_map_msgs/srv/_process_file_s.c.o[0m
[11.522s] [ 90%] [32mBuilding C object CMakeFiles/grid_map_msgs__rosidl_generator_py.dir/rosidl_generator_py/grid_map_msgs/srv/_get_grid_map_info_s.c.o[0m
[11.522s] [ 85%] [32mBuilding C object CMakeFiles/grid_map_msgs__rosidl_generator_py.dir/rosidl_generator_py/grid_map_msgs/srv/_set_grid_map_s.c.o[0m
[12.015s] [ 91%] [32m[1mLinking C shared library rosidl_generator_py/grid_map_msgs/libgrid_map_msgs__rosidl_generator_py.so[0m
[12.093s] [ 91%] Built target grid_map_msgs__rosidl_generator_py
[12.124s] [ 92%] [32mBuilding C object CMakeFiles/grid_map_msgs__rosidl_typesupport_fastrtps_c__pyext.dir/rosidl_generator_py/grid_map_msgs/_grid_map_msgs_s.ep.rosidl_typesupport_fastrtps_c.c.o[0m
[12.128s] [ 94%] [32mBuilding C object CMakeFiles/grid_map_msgs__rosidl_typesupport_introspection_c__pyext.dir/rosidl_generator_py/grid_map_msgs/_grid_map_msgs_s.ep.rosidl_typesupport_introspection_c.c.o[0m
[12.130s] [ 95%] [32mBuilding C object CMakeFiles/grid_map_msgs__rosidl_typesupport_c__pyext.dir/rosidl_generator_py/grid_map_msgs/_grid_map_msgs_s.ep.rosidl_typesupport_c.c.o[0m
[12.477s] [ 97%] [32m[1mLinking C shared library rosidl_generator_py/grid_map_msgs/grid_map_msgs_s__rosidl_typesupport_fastrtps_c.cpython-310-x86_64-linux-gnu.so[0m
[12.620s] [ 98%] [32m[1mLinking C shared library rosidl_generator_py/grid_map_msgs/grid_map_msgs_s__rosidl_typesupport_c.cpython-310-x86_64-linux-gnu.so[0m
[12.627s] [ 98%] Built target grid_map_msgs__rosidl_typesupport_fastrtps_c__pyext
[12.697s] [100%] [32m[1mLinking C shared library rosidl_generator_py/grid_map_msgs/grid_map_msgs_s__rosidl_typesupport_introspection_c.cpython-310-x86_64-linux-gnu.so[0m
[12.708s] [100%] Built target grid_map_msgs__rosidl_typesupport_c__pyext
[12.754s] [100%] Built target grid_map_msgs__rosidl_typesupport_introspection_c__pyext
[12.777s] Invoked command in '/root/Lunar_ROADSTER/lr_ws/build/grid_map_msgs' returned '0': AMENT_PREFIX_PATH=/root/Lunar_ROADSTER/lr_ws/install/grid_map_cmake_helpers:${AMENT_PREFIX_PATH} CMAKE_PREFIX_PATH=/root/Lunar_ROADSTER/lr_ws/install/grid_map_cmake_helpers:/opt/ros/humble /usr/local/bin/cmake --build /root/Lunar_ROADSTER/lr_ws/build/grid_map_msgs -- -j16 -l16
