[0.036s] Invoking command in '/home/williamfbx/Lunar-ROADSTER/lr_ws/build/grid_map_octomap': AMENT_PREFIX_PATH=/home/williamfbx/Lunar-ROADSTER/lr_ws/install/grid_map_core:/home/williamfbx/Lunar-ROADSTER/lr_ws/install/grid_map_cmake_helpers:${AMENT_PREFIX_PATH} CMAKE_PREFIX_PATH=/home/williamfbx/Lunar-ROADSTER/lr_ws/install/grid_map_core:/home/williamfbx/Lunar-ROADSTER/lr_ws/install/grid_map_cmake_helpers:/opt/ros/humble LD_LIBRARY_PATH=/home/williamfbx/Lunar-ROADSTER/lr_ws/install/grid_map_core/lib:${LD_LIBRARY_PATH} /usr/bin/cmake --build /home/williamfbx/Lunar-ROADSTER/lr_ws/build/grid_map_octomap -- -j12 -l12
[0.194s] [ 22%] Built target gtest
[0.194s] [ 44%] Built target gtest_main
[0.194s] [ 66%] Built target grid_map_octomap
[0.194s] [100%] Built target grid_map_octomap-test
[0.204s] Invoked command in '/home/williamfbx/Lunar-ROADSTER/lr_ws/build/grid_map_octomap' returned '0': AMENT_PREFIX_PATH=/home/williamfbx/Lunar-ROADSTER/lr_ws/install/grid_map_core:/home/williamfbx/Lunar-ROADSTER/lr_ws/install/grid_map_cmake_helpers:${AMENT_PREFIX_PATH} CMAKE_PREFIX_PATH=/home/williamfbx/Lunar-ROADSTER/lr_ws/install/grid_map_core:/home/williamfbx/Lunar-ROADSTER/lr_ws/install/grid_map_cmake_helpers:/opt/ros/humble LD_LIBRARY_PATH=/home/williamfbx/Lunar-ROADSTER/lr_ws/install/grid_map_core/lib:${LD_LIBRARY_PATH} /usr/bin/cmake --build /home/williamfbx/Lunar-ROADSTER/lr_ws/build/grid_map_octomap -- -j12 -l12
[0.219s] Invoking command in '/home/williamfbx/Lunar-ROADSTER/lr_ws/build/grid_map_octomap': AMENT_PREFIX_PATH=/home/williamfbx/Lunar-ROADSTER/lr_ws/install/grid_map_core:/home/williamfbx/Lunar-ROADSTER/lr_ws/install/grid_map_cmake_helpers:${AMENT_PREFIX_PATH} CMAKE_PREFIX_PATH=/home/williamfbx/Lunar-ROADSTER/lr_ws/install/grid_map_core:/home/williamfbx/Lunar-ROADSTER/lr_ws/install/grid_map_cmake_helpers:/opt/ros/humble LD_LIBRARY_PATH=/home/williamfbx/Lunar-ROADSTER/lr_ws/install/grid_map_core/lib:${LD_LIBRARY_PATH} /usr/bin/cmake --install /home/williamfbx/Lunar-ROADSTER/lr_ws/build/grid_map_octomap
[0.284s] -- Install configuration: ""
[0.284s] -- Up-to-date: /home/williamfbx/Lunar-ROADSTER/lr_ws/install/grid_map_octomap/lib/libgrid_map_octomap.a
[0.284s] -- Up-to-date: /home/williamfbx/Lunar-ROADSTER/lr_ws/install/grid_map_octomap/include/grid_map_octomap
[0.284s] -- Up-to-date: /home/williamfbx/Lunar-ROADSTER/lr_ws/install/grid_map_octomap/include/grid_map_octomap/grid_map_octomap.hpp
[0.284s] -- Up-to-date: /home/williamfbx/Lunar-ROADSTER/lr_ws/install/grid_map_octomap/include/grid_map_octomap/GridMapOctomapConverter.hpp
[0.284s] -- Up-to-date: /home/williamfbx/Lunar-ROADSTER/lr_ws/install/grid_map_octomap/share/grid_map_octomap/environment/library_path.sh
[0.284s] -- Up-to-date: /home/williamfbx/Lunar-ROADSTER/lr_ws/install/grid_map_octomap/share/grid_map_octomap/environment/library_path.dsv
[0.285s] -- Up-to-date: /home/williamfbx/Lunar-ROADSTER/lr_ws/install/grid_map_octomap/share/ament_index/resource_index/package_run_dependencies/grid_map_octomap
[0.285s] -- Up-to-date: /home/williamfbx/Lunar-ROADSTER/lr_ws/install/grid_map_octomap/share/ament_index/resource_index/parent_prefix_path/grid_map_octomap
[0.285s] -- Up-to-date: /home/williamfbx/Lunar-ROADSTER/lr_ws/install/grid_map_octomap/share/grid_map_octomap/environment/ament_prefix_path.sh
[0.285s] -- Up-to-date: /home/williamfbx/Lunar-ROADSTER/lr_ws/install/grid_map_octomap/share/grid_map_octomap/environment/ament_prefix_path.dsv
[0.285s] -- Up-to-date: /home/williamfbx/Lunar-ROADSTER/lr_ws/install/grid_map_octomap/share/grid_map_octomap/environment/path.sh
[0.285s] -- Up-to-date: /home/williamfbx/Lunar-ROADSTER/lr_ws/install/grid_map_octomap/share/grid_map_octomap/environment/path.dsv
[0.285s] -- Up-to-date: /home/williamfbx/Lunar-ROADSTER/lr_ws/install/grid_map_octomap/share/grid_map_octomap/local_setup.bash
[0.286s] -- Up-to-date: /home/williamfbx/Lunar-ROADSTER/lr_ws/install/grid_map_octomap/share/grid_map_octomap/local_setup.sh
[0.286s] -- Up-to-date: /home/williamfbx/Lunar-ROADSTER/lr_ws/install/grid_map_octomap/share/grid_map_octomap/local_setup.zsh
[0.286s] -- Up-to-date: /home/williamfbx/Lunar-ROADSTER/lr_ws/install/grid_map_octomap/share/grid_map_octomap/local_setup.dsv
[0.287s] -- Installing: /home/williamfbx/Lunar-ROADSTER/lr_ws/install/grid_map_octomap/share/grid_map_octomap/package.dsv
[0.287s] -- Up-to-date: /home/williamfbx/Lunar-ROADSTER/lr_ws/install/grid_map_octomap/share/ament_index/resource_index/packages/grid_map_octomap
[0.287s] -- Up-to-date: /home/williamfbx/Lunar-ROADSTER/lr_ws/install/grid_map_octomap/share/grid_map_octomap/cmake/ament_cmake_export_dependencies-extras.cmake
[0.287s] -- Up-to-date: /home/williamfbx/Lunar-ROADSTER/lr_ws/install/grid_map_octomap/share/grid_map_octomap/cmake/ament_cmake_export_include_directories-extras.cmake
[0.287s] -- Up-to-date: /home/williamfbx/Lunar-ROADSTER/lr_ws/install/grid_map_octomap/share/grid_map_octomap/cmake/ament_cmake_export_libraries-extras.cmake
[0.287s] -- Up-to-date: /home/williamfbx/Lunar-ROADSTER/lr_ws/install/grid_map_octomap/share/grid_map_octomap/cmake/grid_map_octomapConfig.cmake
[0.288s] -- Up-to-date: /home/williamfbx/Lunar-ROADSTER/lr_ws/install/grid_map_octomap/share/grid_map_octomap/cmake/grid_map_octomapConfig-version.cmake
[0.288s] -- Up-to-date: /home/williamfbx/Lunar-ROADSTER/lr_ws/install/grid_map_octomap/share/grid_map_octomap/package.xml
[0.331s] Invoked command in '/home/williamfbx/Lunar-ROADSTER/lr_ws/build/grid_map_octomap' returned '0': AMENT_PREFIX_PATH=/home/williamfbx/Lunar-ROADSTER/lr_ws/install/grid_map_core:/home/williamfbx/Lunar-ROADSTER/lr_ws/install/grid_map_cmake_helpers:${AMENT_PREFIX_PATH} CMAKE_PREFIX_PATH=/home/williamfbx/Lunar-ROADSTER/lr_ws/install/grid_map_core:/home/williamfbx/Lunar-ROADSTER/lr_ws/install/grid_map_cmake_helpers:/opt/ros/humble LD_LIBRARY_PATH=/home/williamfbx/Lunar-ROADSTER/lr_ws/install/grid_map_core/lib:${LD_LIBRARY_PATH} /usr/bin/cmake --install /home/williamfbx/Lunar-ROADSTER/lr_ws/build/grid_map_octomap
