[0.345s] Invoking command in '/root/Lunar_ROADSTER/lr_ws/build/nav2_costmap_2d': AMENT_PREFIX_PATH=/root/Lunar_ROADSTER/lr_ws/install/nav2_map_server:/root/Lunar_ROADSTER/lr_ws/install/nav2_lifecycle_manager:/root/Lunar_ROADSTER/lr_ws/install/nav2_util:/root/Lunar_ROADSTER/lr_ws/install/nav2_voxel_grid:/root/Lunar_ROADSTER/lr_ws/install/nav2_msgs:/root/Lunar_ROADSTER/lr_ws/install/nav2_common:${AMENT_PREFIX_PATH} CMAKE_PREFIX_PATH=/root/Lunar_ROADSTER/lr_ws/install/nav2_map_server:/root/Lunar_ROADSTER/lr_ws/install/nav2_lifecycle_manager:/root/Lunar_ROADSTER/lr_ws/install/nav2_util:/root/Lunar_ROADSTER/lr_ws/install/nav2_voxel_grid:/root/Lunar_ROADSTER/lr_ws/install/nav2_msgs:/root/Lunar_ROADSTER/lr_ws/install/nav2_common:/opt/ros/humble LD_LIBRARY_PATH=/root/Lunar_ROADSTER/lr_ws/install/nav2_map_server/lib:/root/Lunar_ROADSTER/lr_ws/install/nav2_lifecycle_manager/lib:/root/Lunar_ROADSTER/lr_ws/install/nav2_util/lib:/root/Lunar_ROADSTER/lr_ws/install/nav2_voxel_grid/lib:/root/Lunar_ROADSTER/lr_ws/install/nav2_msgs/lib:/opt/ros/humble/opt/rviz_ogre_vendor/lib:/opt/ros/humble/lib/aarch64-linux-gnu:/opt/ros/humble/lib:/usr/local/cuda/lib64 PYTHONPATH=/root/Lunar_ROADSTER/lr_ws/install/nav2_msgs/local/lib/python3.10/dist-packages:/root/Lunar_ROADSTER/lr_ws/install/nav2_common/local/lib/python3.10/dist-packages:${PYTHONPATH} /usr/local/bin/cmake --build /root/Lunar_ROADSTER/lr_ws/build/nav2_costmap_2d -- -j4 -l4
[0.630s] [  2%] Built target gtest_main
[0.704s] [  4%] Built target gtest
[0.899s] [ 21%] Built target nav2_costmap_2d_core
[1.177s] [ 24%] Built target nav2_costmap_2d_markers
[1.187s] [ 29%] Built target filters
[1.228s] [ 34%] Built target nav2_costmap_2d_client
[1.281s] [ 43%] Built target layers
[1.443s] [ 46%] Built target array_parser_test
[1.454s] [ 48%] Built target nav2_costmap_2d_cloud
[1.532s] [ 52%] Built target collision_footprint_test
[1.534s] [ 53%] Built target costmap_convesion_test
[1.728s] [ 56%] Built target declare_parameter_test
[1.736s] [ 58%] Built target costmap_filter_test
[1.811s] [ 60%] Built target speed_filter_test
[1.888s] [ 63%] Built target keepout_filter_test
[2.003s] [ 65%] Built target binary_filter_test
[2.006s] [ 68%] Built target copy_window_test
[2.145s] [ 70%] Built target costmap_filter_service_test
[2.247s] [ 75%] Built target denoise_layer_test
[2.289s] [ 78%] Built target footprint_tests_exec
[2.350s] [ 80%] Built target test_collision_checker_exec
[2.518s] [ 82%] Built target inflation_tests_exec
[2.545s] [ 85%] Built target range_tests_exec
[2.581s] [ 87%] Built target obstacle_tests_exec
[2.613s] [ 90%] Built target dyn_params_tests
[2.821s] [ 92%] Built target costmap_bresenham_2d
[2.874s] [ 95%] Built target order_layer
[2.906s] [ 97%] Built target plugin_api_order
[2.921s] [100%] Built target nav2_costmap_2d
[2.955s] Invoked command in '/root/Lunar_ROADSTER/lr_ws/build/nav2_costmap_2d' returned '0': AMENT_PREFIX_PATH=/root/Lunar_ROADSTER/lr_ws/install/nav2_map_server:/root/Lunar_ROADSTER/lr_ws/install/nav2_lifecycle_manager:/root/Lunar_ROADSTER/lr_ws/install/nav2_util:/root/Lunar_ROADSTER/lr_ws/install/nav2_voxel_grid:/root/Lunar_ROADSTER/lr_ws/install/nav2_msgs:/root/Lunar_ROADSTER/lr_ws/install/nav2_common:${AMENT_PREFIX_PATH} CMAKE_PREFIX_PATH=/root/Lunar_ROADSTER/lr_ws/install/nav2_map_server:/root/Lunar_ROADSTER/lr_ws/install/nav2_lifecycle_manager:/root/Lunar_ROADSTER/lr_ws/install/nav2_util:/root/Lunar_ROADSTER/lr_ws/install/nav2_voxel_grid:/root/Lunar_ROADSTER/lr_ws/install/nav2_msgs:/root/Lunar_ROADSTER/lr_ws/install/nav2_common:/opt/ros/humble LD_LIBRARY_PATH=/root/Lunar_ROADSTER/lr_ws/install/nav2_map_server/lib:/root/Lunar_ROADSTER/lr_ws/install/nav2_lifecycle_manager/lib:/root/Lunar_ROADSTER/lr_ws/install/nav2_util/lib:/root/Lunar_ROADSTER/lr_ws/install/nav2_voxel_grid/lib:/root/Lunar_ROADSTER/lr_ws/install/nav2_msgs/lib:/opt/ros/humble/opt/rviz_ogre_vendor/lib:/opt/ros/humble/lib/aarch64-linux-gnu:/opt/ros/humble/lib:/usr/local/cuda/lib64 PYTHONPATH=/root/Lunar_ROADSTER/lr_ws/install/nav2_msgs/local/lib/python3.10/dist-packages:/root/Lunar_ROADSTER/lr_ws/install/nav2_common/local/lib/python3.10/dist-packages:${PYTHONPATH} /usr/local/bin/cmake --build /root/Lunar_ROADSTER/lr_ws/build/nav2_costmap_2d -- -j4 -l4
[2.960s] Invoking command in '/root/Lunar_ROADSTER/lr_ws/build/nav2_costmap_2d': AMENT_PREFIX_PATH=/root/Lunar_ROADSTER/lr_ws/install/nav2_map_server:/root/Lunar_ROADSTER/lr_ws/install/nav2_lifecycle_manager:/root/Lunar_ROADSTER/lr_ws/install/nav2_util:/root/Lunar_ROADSTER/lr_ws/install/nav2_voxel_grid:/root/Lunar_ROADSTER/lr_ws/install/nav2_msgs:/root/Lunar_ROADSTER/lr_ws/install/nav2_common:${AMENT_PREFIX_PATH} CMAKE_PREFIX_PATH=/root/Lunar_ROADSTER/lr_ws/install/nav2_map_server:/root/Lunar_ROADSTER/lr_ws/install/nav2_lifecycle_manager:/root/Lunar_ROADSTER/lr_ws/install/nav2_util:/root/Lunar_ROADSTER/lr_ws/install/nav2_voxel_grid:/root/Lunar_ROADSTER/lr_ws/install/nav2_msgs:/root/Lunar_ROADSTER/lr_ws/install/nav2_common:/opt/ros/humble LD_LIBRARY_PATH=/root/Lunar_ROADSTER/lr_ws/install/nav2_map_server/lib:/root/Lunar_ROADSTER/lr_ws/install/nav2_lifecycle_manager/lib:/root/Lunar_ROADSTER/lr_ws/install/nav2_util/lib:/root/Lunar_ROADSTER/lr_ws/install/nav2_voxel_grid/lib:/root/Lunar_ROADSTER/lr_ws/install/nav2_msgs/lib:/opt/ros/humble/opt/rviz_ogre_vendor/lib:/opt/ros/humble/lib/aarch64-linux-gnu:/opt/ros/humble/lib:/usr/local/cuda/lib64 PYTHONPATH=/root/Lunar_ROADSTER/lr_ws/install/nav2_msgs/local/lib/python3.10/dist-packages:/root/Lunar_ROADSTER/lr_ws/install/nav2_common/local/lib/python3.10/dist-packages:${PYTHONPATH} /usr/local/bin/cmake --install /root/Lunar_ROADSTER/lr_ws/build/nav2_costmap_2d
[3.006s] -- Install configuration: "Release"
[3.006s] -- Up-to-date: /root/Lunar_ROADSTER/lr_ws/install/nav2_costmap_2d/lib/liblayers.so
[3.009s] -- Up-to-date: /root/Lunar_ROADSTER/lr_ws/install/nav2_costmap_2d/lib/libfilters.so
[3.015s] -- Up-to-date: /root/Lunar_ROADSTER/lr_ws/install/nav2_costmap_2d/lib/libnav2_costmap_2d_core.so
[3.020s] -- Up-to-date: /root/Lunar_ROADSTER/lr_ws/install/nav2_costmap_2d/lib/libnav2_costmap_2d_client.so
[3.023s] -- Up-to-date: /root/Lunar_ROADSTER/lr_ws/install/nav2_costmap_2d/lib/nav2_costmap_2d/nav2_costmap_2d_markers
[3.033s] -- Up-to-date: /root/Lunar_ROADSTER/lr_ws/install/nav2_costmap_2d/lib/nav2_costmap_2d/nav2_costmap_2d_cloud
[3.036s] -- Up-to-date: /root/Lunar_ROADSTER/lr_ws/install/nav2_costmap_2d/lib/nav2_costmap_2d/nav2_costmap_2d
[3.055s] -- Up-to-date: /root/Lunar_ROADSTER/lr_ws/install/nav2_costmap_2d/share/nav2_costmap_2d/costmap_plugins.xml
[3.056s] -- Up-to-date: /root/Lunar_ROADSTER/lr_ws/install/nav2_costmap_2d/include/nav2_costmap_2d
[3.059s] -- Up-to-date: /root/Lunar_ROADSTER/lr_ws/install/nav2_costmap_2d/include/nav2_costmap_2d/nav2_costmap_2d
[3.071s] -- Up-to-date: /root/Lunar_ROADSTER/lr_ws/install/nav2_costmap_2d/include/nav2_costmap_2d/nav2_costmap_2d/array_parser.hpp
[3.071s] -- Up-to-date: /root/Lunar_ROADSTER/lr_ws/install/nav2_costmap_2d/include/nav2_costmap_2d/nav2_costmap_2d/clear_costmap_service.hpp
[3.071s] -- Up-to-date: /root/Lunar_ROADSTER/lr_ws/install/nav2_costmap_2d/include/nav2_costmap_2d/nav2_costmap_2d/cost_values.hpp
[3.072s] -- Up-to-date: /root/Lunar_ROADSTER/lr_ws/install/nav2_costmap_2d/include/nav2_costmap_2d/nav2_costmap_2d/costmap_2d.hpp
[3.072s] -- Up-to-date: /root/Lunar_ROADSTER/lr_ws/install/nav2_costmap_2d/include/nav2_costmap_2d/nav2_costmap_2d/costmap_2d_publisher.hpp
[3.089s] -- Up-to-date: /root/Lunar_ROADSTER/lr_ws/install/nav2_costmap_2d/include/nav2_costmap_2d/nav2_costmap_2d/costmap_2d_ros.hpp
[3.092s] -- Up-to-date: /root/Lunar_ROADSTER/lr_ws/install/nav2_costmap_2d/include/nav2_costmap_2d/nav2_costmap_2d/costmap_filters
[3.099s] -- Up-to-date: /root/Lunar_ROADSTER/lr_ws/install/nav2_costmap_2d/include/nav2_costmap_2d/nav2_costmap_2d/costmap_filters/binary_filter.hpp
[3.100s] -- Up-to-date: /root/Lunar_ROADSTER/lr_ws/install/nav2_costmap_2d/include/nav2_costmap_2d/nav2_costmap_2d/costmap_filters/costmap_filter.hpp
[3.101s] -- Up-to-date: /root/Lunar_ROADSTER/lr_ws/install/nav2_costmap_2d/include/nav2_costmap_2d/nav2_costmap_2d/costmap_filters/filter_values.hpp
[3.101s] -- Up-to-date: /root/Lunar_ROADSTER/lr_ws/install/nav2_costmap_2d/include/nav2_costmap_2d/nav2_costmap_2d/costmap_filters/keepout_filter.hpp
[3.112s] -- Up-to-date: /root/Lunar_ROADSTER/lr_ws/install/nav2_costmap_2d/include/nav2_costmap_2d/nav2_costmap_2d/costmap_filters/speed_filter.hpp
[3.112s] -- Up-to-date: /root/Lunar_ROADSTER/lr_ws/install/nav2_costmap_2d/include/nav2_costmap_2d/nav2_costmap_2d/costmap_layer.hpp
[3.112s] -- Up-to-date: /root/Lunar_ROADSTER/lr_ws/install/nav2_costmap_2d/include/nav2_costmap_2d/nav2_costmap_2d/costmap_math.hpp
[3.113s] -- Up-to-date: /root/Lunar_ROADSTER/lr_ws/install/nav2_costmap_2d/include/nav2_costmap_2d/nav2_costmap_2d/costmap_subscriber.hpp
[3.113s] -- Up-to-date: /root/Lunar_ROADSTER/lr_ws/install/nav2_costmap_2d/include/nav2_costmap_2d/nav2_costmap_2d/costmap_topic_collision_checker.hpp
[3.113s] -- Up-to-date: /root/Lunar_ROADSTER/lr_ws/install/nav2_costmap_2d/include/nav2_costmap_2d/nav2_costmap_2d/denoise
[3.114s] -- Up-to-date: /root/Lunar_ROADSTER/lr_ws/install/nav2_costmap_2d/include/nav2_costmap_2d/nav2_costmap_2d/denoise/image.hpp
[3.114s] -- Up-to-date: /root/Lunar_ROADSTER/lr_ws/install/nav2_costmap_2d/include/nav2_costmap_2d/nav2_costmap_2d/denoise/image_processing.hpp
[3.114s] -- Up-to-date: /root/Lunar_ROADSTER/lr_ws/install/nav2_costmap_2d/include/nav2_costmap_2d/nav2_costmap_2d/denoise_layer.hpp
[3.114s] -- Up-to-date: /root/Lunar_ROADSTER/lr_ws/install/nav2_costmap_2d/include/nav2_costmap_2d/nav2_costmap_2d/exceptions.hpp
[3.114s] -- Up-to-date: /root/Lunar_ROADSTER/lr_ws/install/nav2_costmap_2d/include/nav2_costmap_2d/nav2_costmap_2d/footprint.hpp
[3.115s] -- Up-to-date: /root/Lunar_ROADSTER/lr_ws/install/nav2_costmap_2d/include/nav2_costmap_2d/nav2_costmap_2d/footprint_collision_checker.hpp
[3.115s] -- Up-to-date: /root/Lunar_ROADSTER/lr_ws/install/nav2_costmap_2d/include/nav2_costmap_2d/nav2_costmap_2d/footprint_subscriber.hpp
[3.115s] -- Up-to-date: /root/Lunar_ROADSTER/lr_ws/install/nav2_costmap_2d/include/nav2_costmap_2d/nav2_costmap_2d/inflation_layer.hpp
[3.115s] -- Up-to-date: /root/Lunar_ROADSTER/lr_ws/install/nav2_costmap_2d/include/nav2_costmap_2d/nav2_costmap_2d/layer.hpp
[3.116s] -- Up-to-date: /root/Lunar_ROADSTER/lr_ws/install/nav2_costmap_2d/include/nav2_costmap_2d/nav2_costmap_2d/layered_costmap.hpp
[3.117s] -- Up-to-date: /root/Lunar_ROADSTER/lr_ws/install/nav2_costmap_2d/include/nav2_costmap_2d/nav2_costmap_2d/observation.hpp
[3.117s] -- Up-to-date: /root/Lunar_ROADSTER/lr_ws/install/nav2_costmap_2d/include/nav2_costmap_2d/nav2_costmap_2d/observation_buffer.hpp
[3.117s] -- Up-to-date: /root/Lunar_ROADSTER/lr_ws/install/nav2_costmap_2d/include/nav2_costmap_2d/nav2_costmap_2d/obstacle_layer.hpp
[3.118s] -- Up-to-date: /root/Lunar_ROADSTER/lr_ws/install/nav2_costmap_2d/include/nav2_costmap_2d/nav2_costmap_2d/range_sensor_layer.hpp
[3.118s] -- Up-to-date: /root/Lunar_ROADSTER/lr_ws/install/nav2_costmap_2d/include/nav2_costmap_2d/nav2_costmap_2d/static_layer.hpp
[3.118s] -- Up-to-date: /root/Lunar_ROADSTER/lr_ws/install/nav2_costmap_2d/include/nav2_costmap_2d/nav2_costmap_2d/voxel_layer.hpp
[3.119s] -- Up-to-date: /root/Lunar_ROADSTER/lr_ws/install/nav2_costmap_2d/share/nav2_costmap_2d/test/regression/order_layer.xml
[3.119s] -- Up-to-date: /root/Lunar_ROADSTER/lr_ws/install/nav2_costmap_2d/share/nav2_costmap_2d/environment/library_path.sh
[3.119s] -- Up-to-date: /root/Lunar_ROADSTER/lr_ws/install/nav2_costmap_2d/share/nav2_costmap_2d/environment/library_path.dsv
[3.120s] -- Up-to-date: /root/Lunar_ROADSTER/lr_ws/install/nav2_costmap_2d/share/nav2_costmap_2d/costmap_plugins.xml
[3.120s] -- Up-to-date: /root/Lunar_ROADSTER/lr_ws/install/nav2_costmap_2d/share/ament_index/resource_index/package_run_dependencies/nav2_costmap_2d
[3.120s] -- Up-to-date: /root/Lunar_ROADSTER/lr_ws/install/nav2_costmap_2d/share/ament_index/resource_index/parent_prefix_path/nav2_costmap_2d
[3.120s] -- Up-to-date: /root/Lunar_ROADSTER/lr_ws/install/nav2_costmap_2d/share/nav2_costmap_2d/environment/ament_prefix_path.sh
[3.121s] -- Up-to-date: /root/Lunar_ROADSTER/lr_ws/install/nav2_costmap_2d/share/nav2_costmap_2d/environment/ament_prefix_path.dsv
[3.121s] -- Up-to-date: /root/Lunar_ROADSTER/lr_ws/install/nav2_costmap_2d/share/nav2_costmap_2d/environment/path.sh
[3.121s] -- Up-to-date: /root/Lunar_ROADSTER/lr_ws/install/nav2_costmap_2d/share/nav2_costmap_2d/environment/path.dsv
[3.121s] -- Up-to-date: /root/Lunar_ROADSTER/lr_ws/install/nav2_costmap_2d/share/nav2_costmap_2d/local_setup.bash
[3.122s] -- Up-to-date: /root/Lunar_ROADSTER/lr_ws/install/nav2_costmap_2d/share/nav2_costmap_2d/local_setup.sh
[3.122s] -- Up-to-date: /root/Lunar_ROADSTER/lr_ws/install/nav2_costmap_2d/share/nav2_costmap_2d/local_setup.zsh
[3.122s] -- Up-to-date: /root/Lunar_ROADSTER/lr_ws/install/nav2_costmap_2d/share/nav2_costmap_2d/local_setup.dsv
[3.122s] -- Installing: /root/Lunar_ROADSTER/lr_ws/install/nav2_costmap_2d/share/nav2_costmap_2d/package.dsv
[3.123s] -- Up-to-date: /root/Lunar_ROADSTER/lr_ws/install/nav2_costmap_2d/share/ament_index/resource_index/packages/nav2_costmap_2d
[3.123s] -- Up-to-date: /root/Lunar_ROADSTER/lr_ws/install/nav2_costmap_2d/share/ament_index/resource_index/nav2_costmap_2d__pluginlib__plugin/nav2_costmap_2d
[3.123s] -- Up-to-date: /root/Lunar_ROADSTER/lr_ws/install/nav2_costmap_2d/share/nav2_costmap_2d/cmake/export_nav2_costmap_2dExport.cmake
[3.123s] -- Up-to-date: /root/Lunar_ROADSTER/lr_ws/install/nav2_costmap_2d/share/nav2_costmap_2d/cmake/export_nav2_costmap_2dExport-release.cmake
[3.124s] -- Up-to-date: /root/Lunar_ROADSTER/lr_ws/install/nav2_costmap_2d/share/nav2_costmap_2d/cmake/ament_cmake_export_targets-extras.cmake
[3.124s] -- Up-to-date: /root/Lunar_ROADSTER/lr_ws/install/nav2_costmap_2d/share/nav2_costmap_2d/cmake/ament_cmake_export_dependencies-extras.cmake
[3.139s] -- Up-to-date: /root/Lunar_ROADSTER/lr_ws/install/nav2_costmap_2d/share/nav2_costmap_2d/cmake/nav2_costmap_2dConfig.cmake
[3.139s] -- Up-to-date: /root/Lunar_ROADSTER/lr_ws/install/nav2_costmap_2d/share/nav2_costmap_2d/cmake/nav2_costmap_2dConfig-version.cmake
[3.139s] -- Up-to-date: /root/Lunar_ROADSTER/lr_ws/install/nav2_costmap_2d/share/nav2_costmap_2d/package.xml
[3.140s] -- Up-to-date: /root/Lunar_ROADSTER/lr_ws/install/nav2_costmap_2d/lib/liborder_layer.so
[3.266s] Invoked command in '/root/Lunar_ROADSTER/lr_ws/build/nav2_costmap_2d' returned '0': AMENT_PREFIX_PATH=/root/Lunar_ROADSTER/lr_ws/install/nav2_map_server:/root/Lunar_ROADSTER/lr_ws/install/nav2_lifecycle_manager:/root/Lunar_ROADSTER/lr_ws/install/nav2_util:/root/Lunar_ROADSTER/lr_ws/install/nav2_voxel_grid:/root/Lunar_ROADSTER/lr_ws/install/nav2_msgs:/root/Lunar_ROADSTER/lr_ws/install/nav2_common:${AMENT_PREFIX_PATH} CMAKE_PREFIX_PATH=/root/Lunar_ROADSTER/lr_ws/install/nav2_map_server:/root/Lunar_ROADSTER/lr_ws/install/nav2_lifecycle_manager:/root/Lunar_ROADSTER/lr_ws/install/nav2_util:/root/Lunar_ROADSTER/lr_ws/install/nav2_voxel_grid:/root/Lunar_ROADSTER/lr_ws/install/nav2_msgs:/root/Lunar_ROADSTER/lr_ws/install/nav2_common:/opt/ros/humble LD_LIBRARY_PATH=/root/Lunar_ROADSTER/lr_ws/install/nav2_map_server/lib:/root/Lunar_ROADSTER/lr_ws/install/nav2_lifecycle_manager/lib:/root/Lunar_ROADSTER/lr_ws/install/nav2_util/lib:/root/Lunar_ROADSTER/lr_ws/install/nav2_voxel_grid/lib:/root/Lunar_ROADSTER/lr_ws/install/nav2_msgs/lib:/opt/ros/humble/opt/rviz_ogre_vendor/lib:/opt/ros/humble/lib/aarch64-linux-gnu:/opt/ros/humble/lib:/usr/local/cuda/lib64 PYTHONPATH=/root/Lunar_ROADSTER/lr_ws/install/nav2_msgs/local/lib/python3.10/dist-packages:/root/Lunar_ROADSTER/lr_ws/install/nav2_common/local/lib/python3.10/dist-packages:${PYTHONPATH} /usr/local/bin/cmake --install /root/Lunar_ROADSTER/lr_ws/build/nav2_costmap_2d
