[0.436s] Invoking command in '/root/Lunar_ROADSTER/lr_ws/build/mapping_static': CMAKE_PREFIX_PATH=${CMAKE_PREFIX_PATH}:/root/Lunar_ROADSTER/lr_ws/install/nav2_simple_commander:/opt/ros/humble /usr/local/bin/cmake --build /root/Lunar_ROADSTER/lr_ws/build/mapping_static -- -j4 -l4
[1.172s] [100%] Built target global_mapping_node
[1.235s] Invoked command in '/root/Lunar_ROADSTER/lr_ws/build/mapping_static' returned '0': CMAKE_PREFIX_PATH=${CMAKE_PREFIX_PATH}:/root/Lunar_ROADSTER/lr_ws/install/nav2_simple_commander:/opt/ros/humble /usr/local/bin/cmake --build /root/Lunar_ROADSTER/lr_ws/build/mapping_static -- -j4 -l4
[1.238s] Invoking command in '/root/Lunar_ROADSTER/lr_ws/build/mapping_static': CMAKE_PREFIX_PATH=${CMAKE_PREFIX_PATH}:/root/Lunar_ROADSTER/lr_ws/install/nav2_simple_commander:/opt/ros/humble /usr/local/bin/cmake --install /root/Lunar_ROADSTER/lr_ws/build/mapping_static
[1.298s] -- Install configuration: ""
[1.301s] -- Up-to-date: /root/Lunar_ROADSTER/lr_ws/install/mapping_static/lib/mapping_static/global_mapping_node
[1.308s] -- Up-to-date: /root/Lunar_ROADSTER/lr_ws/install/mapping_static/share/mapping_static/launch
[1.316s] -- Up-to-date: /root/Lunar_ROADSTER/lr_ws/install/mapping_static/share/mapping_static/launch/mapping.launch.py
[1.317s] -- Up-to-date: /root/Lunar_ROADSTER/lr_ws/install/mapping_static/share/ament_index/resource_index/package_run_dependencies/mapping_static
[1.317s] -- Up-to-date: /root/Lunar_ROADSTER/lr_ws/install/mapping_static/share/ament_index/resource_index/parent_prefix_path/mapping_static
[1.317s] -- Up-to-date: /root/Lunar_ROADSTER/lr_ws/install/mapping_static/share/mapping_static/environment/ament_prefix_path.sh
[1.318s] -- Up-to-date: /root/Lunar_ROADSTER/lr_ws/install/mapping_static/share/mapping_static/environment/ament_prefix_path.dsv
[1.318s] -- Up-to-date: /root/Lunar_ROADSTER/lr_ws/install/mapping_static/share/mapping_static/environment/path.sh
[1.318s] -- Up-to-date: /root/Lunar_ROADSTER/lr_ws/install/mapping_static/share/mapping_static/environment/path.dsv
[1.318s] -- Up-to-date: /root/Lunar_ROADSTER/lr_ws/install/mapping_static/share/mapping_static/local_setup.bash
[1.326s] -- Up-to-date: /root/Lunar_ROADSTER/lr_ws/install/mapping_static/share/mapping_static/local_setup.sh
[1.328s] -- Up-to-date: /root/Lunar_ROADSTER/lr_ws/install/mapping_static/share/mapping_static/local_setup.zsh
[1.330s] -- Up-to-date: /root/Lunar_ROADSTER/lr_ws/install/mapping_static/share/mapping_static/local_setup.dsv
[1.335s] -- Installing: /root/Lunar_ROADSTER/lr_ws/install/mapping_static/share/mapping_static/package.dsv
[1.344s] -- Up-to-date: /root/Lunar_ROADSTER/lr_ws/install/mapping_static/share/ament_index/resource_index/packages/mapping_static
[1.349s] -- Up-to-date: /root/Lunar_ROADSTER/lr_ws/install/mapping_static/share/mapping_static/cmake/mapping_staticConfig.cmake
[1.350s] -- Up-to-date: /root/Lunar_ROADSTER/lr_ws/install/mapping_static/share/mapping_static/cmake/mapping_staticConfig-version.cmake
[1.355s] -- Up-to-date: /root/Lunar_ROADSTER/lr_ws/install/mapping_static/share/mapping_static/package.xml
[1.356s] Invoked command in '/root/Lunar_ROADSTER/lr_ws/build/mapping_static' returned '0': CMAKE_PREFIX_PATH=${CMAKE_PREFIX_PATH}:/root/Lunar_ROADSTER/lr_ws/install/nav2_simple_commander:/opt/ros/humble /usr/local/bin/cmake --install /root/Lunar_ROADSTER/lr_ws/build/mapping_static
