[2.407s] Invoking command in '/root/Lunar_ROADSTER/lr_ws/src/perception': PYTHONPATH=/root/Lunar_ROADSTER/lr_ws/src/build/perception/prefix_override:/usr/lib/python3/dist-packages/colcon_core/task/python/colcon_distutils_commands:/root/Lunar_ROADSTER/lr_ws/src/install/perception/lib/python3.10/site-packages:${PYTHONPATH} /usr/bin/python3 -W ignore:setup.py install is deprecated setup.py egg_info --egg-base ../build/perception build --build-base /root/Lunar_ROADSTER/lr_ws/src/build/perception/build install --record /root/Lunar_ROADSTER/lr_ws/src/build/perception/install.log --single-version-externally-managed install_data
[2.942s] /usr/local/lib/python3.10/dist-packages/setuptools/_distutils/dist.py:261: UserWarning: Unknown distribution option: 'tests_require'
[2.942s]   warnings.warn(msg)
[3.167s] running egg_info
[3.199s] writing ../build/perception/perception.egg-info/PKG-INFO
[3.200s] writing dependency_links to ../build/perception/perception.egg-info/dependency_links.txt
[3.201s] writing entry points to ../build/perception/perception.egg-info/entry_points.txt
[3.201s] writing requirements to ../build/perception/perception.egg-info/requires.txt
[3.201s] writing top-level names to ../build/perception/perception.egg-info/top_level.txt
[3.279s] reading manifest file '../build/perception/perception.egg-info/SOURCES.txt'
[3.281s] writing manifest file '../build/perception/perception.egg-info/SOURCES.txt'
[3.282s] running build
[3.282s] running build_py
[3.283s] copying perception/__init__.py -> /root/Lunar_ROADSTER/lr_ws/src/build/perception/build/lib/perception
[3.283s] copying perception/detection.py -> /root/Lunar_ROADSTER/lr_ws/src/build/perception/build/lib/perception
[3.284s] running install
[3.293s] running install_lib
[3.333s] running install_data
[3.333s] copying resource/perception -> /root/Lunar_ROADSTER/lr_ws/src/install/perception/share/ament_index/resource_index/packages
[3.334s] copying package.xml -> /root/Lunar_ROADSTER/lr_ws/src/install/perception/share/perception
[3.334s] running install_egg_info
[3.376s] removing '/root/Lunar_ROADSTER/lr_ws/src/install/perception/lib/python3.10/site-packages/perception-0.0.0-py3.10.egg-info' (and everything under it)
[3.377s] Copying ../build/perception/perception.egg-info to /root/Lunar_ROADSTER/lr_ws/src/install/perception/lib/python3.10/site-packages/perception-0.0.0-py3.10.egg-info
[3.379s] running install_scripts
[3.717s] Installing crater_detection script to /root/Lunar_ROADSTER/lr_ws/src/install/perception/lib/perception
[3.718s] writing list of installed files to '/root/Lunar_ROADSTER/lr_ws/src/build/perception/install.log'
[3.803s] Invoked command in '/root/Lunar_ROADSTER/lr_ws/src/perception' returned '0': PYTHONPATH=/root/Lunar_ROADSTER/lr_ws/src/build/perception/prefix_override:/usr/lib/python3/dist-packages/colcon_core/task/python/colcon_distutils_commands:/root/Lunar_ROADSTER/lr_ws/src/install/perception/lib/python3.10/site-packages:${PYTHONPATH} /usr/bin/python3 -W ignore:setup.py install is deprecated setup.py egg_info --egg-base ../build/perception build --build-base /root/Lunar_ROADSTER/lr_ws/src/build/perception/build install --record /root/Lunar_ROADSTER/lr_ws/src/build/perception/install.log --single-version-externally-managed install_data
