[0.043s] Invoking command in '/home/williamfbx/Lunar-ROADSTER/lr_ws/build/localization': CMAKE_PREFIX_PATH=/home/williamfbx/Lunar-ROADSTER/lr_ws/install/cg_msgs:/home/williamfbx/Lunar-ROADSTER/lr_ws/install/vectornav:/home/williamfbx/Lunar-ROADSTER/lr_ws/install/vectornav_msgs:/home/williamfbx/Lunar-ROADSTER/lr_ws/install/teleop:/home/williamfbx/Lunar-ROADSTER/lr_ws/install/sensing:/home/williamfbx/Lunar-ROADSTER/lr_ws/install/realsense2_description:/home/williamfbx/Lunar-ROADSTER/lr_ws/install/realsense2_camera:/home/williamfbx/Lunar-ROADSTER/lr_ws/install/realsense2_camera_msgs:/home/williamfbx/Lunar-ROADSTER/lr_ws/install/realsense:/home/williamfbx/Lunar-ROADSTER/lr_ws/install/motion_control:/home/williamfbx/Lunar-ROADSTER/lr_ws/install/mapping:/home/williamfbx/Lunar-ROADSTER/lr_ws/install/localization:/home/williamfbx/Lunar-ROADSTER/lr_ws/install/imu:/home/williamfbx/Lunar-ROADSTER/lr_ws/install/arduino:/opt/ros/humble LD_LIBRARY_PATH=/home/williamfbx/Lunar-ROADSTER/lr_ws/install/cg_msgs/lib:/home/williamfbx/Lunar-ROADSTER/lr_ws/install/vectornav/lib:/home/williamfbx/Lunar-ROADSTER/lr_ws/install/vectornav_msgs/lib:/home/williamfbx/Lunar-ROADSTER/lr_ws/install/realsense2_camera/lib:/home/williamfbx/Lunar-ROADSTER/lr_ws/install/realsense2_camera_msgs/lib:/usr/lib/x86_64-linux-gnu/gazebo-11/plugins:/opt/ros/humble/opt/rviz_ogre_vendor/lib:/opt/ros/humble/lib/x86_64-linux-gnu:/opt/ros/humble/lib /usr/bin/cmake --build /home/williamfbx/Lunar-ROADSTER/lr_ws/build/localization -- -j12 -l12
[0.084s] [35m[1mConsolidate compiler generated dependencies of target kalman_filter_linear[0m
[0.084s] [35m[1mConsolidate compiler generated dependencies of target ts_prism_transformer[0m
[0.084s] [35m[1mConsolidate compiler generated dependencies of target imu_tf_publisher[0m
[0.097s] [ 18%] Built target kalman_filter_linear
[0.130s] [ 45%] Built target ts_prism_transformer
[0.131s] [ 72%] Built target imu_tf_publisher
[0.131s] [35m[1mConsolidate compiler generated dependencies of target slip_estimate_node[0m
[0.142s] [100%] Built target slip_estimate_node
[0.150s] Invoked command in '/home/williamfbx/Lunar-ROADSTER/lr_ws/build/localization' returned '0': CMAKE_PREFIX_PATH=/home/williamfbx/Lunar-ROADSTER/lr_ws/install/cg_msgs:/home/williamfbx/Lunar-ROADSTER/lr_ws/install/vectornav:/home/williamfbx/Lunar-ROADSTER/lr_ws/install/vectornav_msgs:/home/williamfbx/Lunar-ROADSTER/lr_ws/install/teleop:/home/williamfbx/Lunar-ROADSTER/lr_ws/install/sensing:/home/williamfbx/Lunar-ROADSTER/lr_ws/install/realsense2_description:/home/williamfbx/Lunar-ROADSTER/lr_ws/install/realsense2_camera:/home/williamfbx/Lunar-ROADSTER/lr_ws/install/realsense2_camera_msgs:/home/williamfbx/Lunar-ROADSTER/lr_ws/install/realsense:/home/williamfbx/Lunar-ROADSTER/lr_ws/install/motion_control:/home/williamfbx/Lunar-ROADSTER/lr_ws/install/mapping:/home/williamfbx/Lunar-ROADSTER/lr_ws/install/localization:/home/williamfbx/Lunar-ROADSTER/lr_ws/install/imu:/home/williamfbx/Lunar-ROADSTER/lr_ws/install/arduino:/opt/ros/humble LD_LIBRARY_PATH=/home/williamfbx/Lunar-ROADSTER/lr_ws/install/cg_msgs/lib:/home/williamfbx/Lunar-ROADSTER/lr_ws/install/vectornav/lib:/home/williamfbx/Lunar-ROADSTER/lr_ws/install/vectornav_msgs/lib:/home/williamfbx/Lunar-ROADSTER/lr_ws/install/realsense2_camera/lib:/home/williamfbx/Lunar-ROADSTER/lr_ws/install/realsense2_camera_msgs/lib:/usr/lib/x86_64-linux-gnu/gazebo-11/plugins:/opt/ros/humble/opt/rviz_ogre_vendor/lib:/opt/ros/humble/lib/x86_64-linux-gnu:/opt/ros/humble/lib /usr/bin/cmake --build /home/williamfbx/Lunar-ROADSTER/lr_ws/build/localization -- -j12 -l12
[0.152s] Invoking command in '/home/williamfbx/Lunar-ROADSTER/lr_ws/build/localization': CMAKE_PREFIX_PATH=/home/williamfbx/Lunar-ROADSTER/lr_ws/install/cg_msgs:/home/williamfbx/Lunar-ROADSTER/lr_ws/install/vectornav:/home/williamfbx/Lunar-ROADSTER/lr_ws/install/vectornav_msgs:/home/williamfbx/Lunar-ROADSTER/lr_ws/install/teleop:/home/williamfbx/Lunar-ROADSTER/lr_ws/install/sensing:/home/williamfbx/Lunar-ROADSTER/lr_ws/install/realsense2_description:/home/williamfbx/Lunar-ROADSTER/lr_ws/install/realsense2_camera:/home/williamfbx/Lunar-ROADSTER/lr_ws/install/realsense2_camera_msgs:/home/williamfbx/Lunar-ROADSTER/lr_ws/install/realsense:/home/williamfbx/Lunar-ROADSTER/lr_ws/install/motion_control:/home/williamfbx/Lunar-ROADSTER/lr_ws/install/mapping:/home/williamfbx/Lunar-ROADSTER/lr_ws/install/localization:/home/williamfbx/Lunar-ROADSTER/lr_ws/install/imu:/home/williamfbx/Lunar-ROADSTER/lr_ws/install/arduino:/opt/ros/humble LD_LIBRARY_PATH=/home/williamfbx/Lunar-ROADSTER/lr_ws/install/cg_msgs/lib:/home/williamfbx/Lunar-ROADSTER/lr_ws/install/vectornav/lib:/home/williamfbx/Lunar-ROADSTER/lr_ws/install/vectornav_msgs/lib:/home/williamfbx/Lunar-ROADSTER/lr_ws/install/realsense2_camera/lib:/home/williamfbx/Lunar-ROADSTER/lr_ws/install/realsense2_camera_msgs/lib:/usr/lib/x86_64-linux-gnu/gazebo-11/plugins:/opt/ros/humble/opt/rviz_ogre_vendor/lib:/opt/ros/humble/lib/x86_64-linux-gnu:/opt/ros/humble/lib /usr/bin/cmake --install /home/williamfbx/Lunar-ROADSTER/lr_ws/build/localization
[0.159s] -- Install configuration: ""
[0.159s] -- Up-to-date: /home/williamfbx/Lunar-ROADSTER/lr_ws/install/localization/lib/localization/slip_estimate_node
[0.159s] -- Up-to-date: /home/williamfbx/Lunar-ROADSTER/lr_ws/install/localization/lib/localization/ts_prism_transformer
[0.159s] -- Up-to-date: /home/williamfbx/Lunar-ROADSTER/lr_ws/install/localization/lib/localization/imu_tf_publisher
[0.159s] -- Up-to-date: /home/williamfbx/Lunar-ROADSTER/lr_ws/install/localization/include/localization
[0.159s] -- Up-to-date: /home/williamfbx/Lunar-ROADSTER/lr_ws/install/localization/include/localization/ts_prism_transformer.hpp
[0.159s] -- Up-to-date: /home/williamfbx/Lunar-ROADSTER/lr_ws/install/localization/include/localization/slip_estimate_node.hpp
[0.159s] -- Up-to-date: /home/williamfbx/Lunar-ROADSTER/lr_ws/install/localization/include/localization/imu_tf_publisher.hpp
[0.159s] -- Up-to-date: /home/williamfbx/Lunar-ROADSTER/lr_ws/install/localization/include/localization/kalman_filter_linear.hpp
[0.159s] -- Up-to-date: /home/williamfbx/Lunar-ROADSTER/lr_ws/install/localization/share/localization/launch
[0.159s] -- Up-to-date: /home/williamfbx/Lunar-ROADSTER/lr_ws/install/localization/share/localization/launch/__pycache__
[0.159s] -- Up-to-date: /home/williamfbx/Lunar-ROADSTER/lr_ws/install/localization/share/localization/launch/__pycache__/imu_tf_publisher.launch.cpython-310.pyc
[0.159s] -- Up-to-date: /home/williamfbx/Lunar-ROADSTER/lr_ws/install/localization/share/localization/launch/__pycache__/ekf_localization.launch.cpython-310.pyc
[0.159s] -- Up-to-date: /home/williamfbx/Lunar-ROADSTER/lr_ws/install/localization/share/localization/launch/__pycache__/ekf_localization.launch.cpython-38.pyc
[0.159s] -- Up-to-date: /home/williamfbx/Lunar-ROADSTER/lr_ws/install/localization/share/localization/launch/slip_estimate_launch.py
[0.159s] -- Up-to-date: /home/williamfbx/Lunar-ROADSTER/lr_ws/install/localization/share/localization/launch/imu_tf_publisher.launch.py
[0.159s] -- Up-to-date: /home/williamfbx/Lunar-ROADSTER/lr_ws/install/localization/share/localization/launch/ekf_localization.launch.py
[0.160s] -- Up-to-date: /home/williamfbx/Lunar-ROADSTER/lr_ws/install/localization/share/localization//config
[0.160s] -- Up-to-date: /home/williamfbx/Lunar-ROADSTER/lr_ws/install/localization/share/localization//config/ekf_slip_node_params.yaml
[0.160s] -- Up-to-date: /home/williamfbx/Lunar-ROADSTER/lr_ws/install/localization/share/localization//config/ekf_global_node_params.yaml
[0.160s] -- Up-to-date: /home/williamfbx/Lunar-ROADSTER/lr_ws/install/localization/share/localization//config/slip_estimate_params.yaml
[0.160s] -- Up-to-date: /home/williamfbx/Lunar-ROADSTER/lr_ws/install/localization/share/localization//config/ekf_odom_node_params.yaml
[0.160s] -- Up-to-date: /home/williamfbx/Lunar-ROADSTER/lr_ws/install/localization/share/localization//config/total_station_beacon_static_tf_params.yaml
[0.160s] -- Up-to-date: /home/williamfbx/Lunar-ROADSTER/lr_ws/install/localization/share/ament_index/resource_index/package_run_dependencies/localization
[0.160s] -- Up-to-date: /home/williamfbx/Lunar-ROADSTER/lr_ws/install/localization/share/ament_index/resource_index/parent_prefix_path/localization
[0.160s] -- Up-to-date: /home/williamfbx/Lunar-ROADSTER/lr_ws/install/localization/share/localization/environment/ament_prefix_path.sh
[0.160s] -- Up-to-date: /home/williamfbx/Lunar-ROADSTER/lr_ws/install/localization/share/localization/environment/ament_prefix_path.dsv
[0.160s] -- Up-to-date: /home/williamfbx/Lunar-ROADSTER/lr_ws/install/localization/share/localization/environment/path.sh
[0.161s] -- Up-to-date: /home/williamfbx/Lunar-ROADSTER/lr_ws/install/localization/share/localization/environment/path.dsv
[0.162s] -- Up-to-date: /home/williamfbx/Lunar-ROADSTER/lr_ws/install/localization/share/localization/local_setup.bash
[0.162s] -- Up-to-date: /home/williamfbx/Lunar-ROADSTER/lr_ws/install/localization/share/localization/local_setup.sh
[0.162s] -- Up-to-date: /home/williamfbx/Lunar-ROADSTER/lr_ws/install/localization/share/localization/local_setup.zsh
[0.162s] -- Up-to-date: /home/williamfbx/Lunar-ROADSTER/lr_ws/install/localization/share/localization/local_setup.dsv
[0.162s] -- Installing: /home/williamfbx/Lunar-ROADSTER/lr_ws/install/localization/share/localization/package.dsv
[0.162s] -- Up-to-date: /home/williamfbx/Lunar-ROADSTER/lr_ws/install/localization/share/ament_index/resource_index/packages/localization
[0.162s] -- Up-to-date: /home/williamfbx/Lunar-ROADSTER/lr_ws/install/localization/share/localization/cmake/localizationConfig.cmake
[0.162s] -- Up-to-date: /home/williamfbx/Lunar-ROADSTER/lr_ws/install/localization/share/localization/cmake/localizationConfig-version.cmake
[0.162s] -- Up-to-date: /home/williamfbx/Lunar-ROADSTER/lr_ws/install/localization/share/localization/package.xml
[0.180s] Invoked command in '/home/williamfbx/Lunar-ROADSTER/lr_ws/build/localization' returned '0': CMAKE_PREFIX_PATH=/home/williamfbx/Lunar-ROADSTER/lr_ws/install/cg_msgs:/home/williamfbx/Lunar-ROADSTER/lr_ws/install/vectornav:/home/williamfbx/Lunar-ROADSTER/lr_ws/install/vectornav_msgs:/home/williamfbx/Lunar-ROADSTER/lr_ws/install/teleop:/home/williamfbx/Lunar-ROADSTER/lr_ws/install/sensing:/home/williamfbx/Lunar-ROADSTER/lr_ws/install/realsense2_description:/home/williamfbx/Lunar-ROADSTER/lr_ws/install/realsense2_camera:/home/williamfbx/Lunar-ROADSTER/lr_ws/install/realsense2_camera_msgs:/home/williamfbx/Lunar-ROADSTER/lr_ws/install/realsense:/home/williamfbx/Lunar-ROADSTER/lr_ws/install/motion_control:/home/williamfbx/Lunar-ROADSTER/lr_ws/install/mapping:/home/williamfbx/Lunar-ROADSTER/lr_ws/install/localization:/home/williamfbx/Lunar-ROADSTER/lr_ws/install/imu:/home/williamfbx/Lunar-ROADSTER/lr_ws/install/arduino:/opt/ros/humble LD_LIBRARY_PATH=/home/williamfbx/Lunar-ROADSTER/lr_ws/install/cg_msgs/lib:/home/williamfbx/Lunar-ROADSTER/lr_ws/install/vectornav/lib:/home/williamfbx/Lunar-ROADSTER/lr_ws/install/vectornav_msgs/lib:/home/williamfbx/Lunar-ROADSTER/lr_ws/install/realsense2_camera/lib:/home/williamfbx/Lunar-ROADSTER/lr_ws/install/realsense2_camera_msgs/lib:/usr/lib/x86_64-linux-gnu/gazebo-11/plugins:/opt/ros/humble/opt/rviz_ogre_vendor/lib:/opt/ros/humble/lib/x86_64-linux-gnu:/opt/ros/humble/lib /usr/bin/cmake --install /home/williamfbx/Lunar-ROADSTER/lr_ws/build/localization
