[0.036s] Invoking command in '/home/williamfbx/Lunar-ROADSTER/lr_ws/build/zed_components': CMAKE_PREFIX_PATH=/opt/ros/humble /usr/bin/cmake /home/williamfbx/Lunar-ROADSTER/lr_ws/src/drivers/zed-ros2-wrapper/zed_components -DCMAKE_INSTALL_PREFIX=/home/williamfbx/Lunar-ROADSTER/lr_ws/install/zed_components
[0.207s] -- The C compiler identification is GNU 11.4.0
[0.326s] -- The CXX compiler identification is GNU 11.4.0
[0.337s] -- Detecting C compiler ABI info
[0.428s] -- Detecting C compiler ABI info - done
[0.443s] -- Check for working C compiler: /usr/bin/cc - skipped
[0.443s] -- Detecting C compile features
[0.444s] -- Detecting C compile features - done
[0.449s] -- Detecting CXX compiler ABI info
[0.563s] -- Detecting CXX compiler ABI info - done
[0.578s] -- Check for working CXX compiler: /usr/bin/c++ - skipped
[0.579s] -- Detecting CXX compile features
[0.579s] -- Detecting CXX compile features - done
[0.587s] -- Looking for sgemm_
[0.672s] -- Looking for sgemm_ - not found
[0.674s] -- Looking for pthread.h
[0.798s] -- Looking for pthread.h - found
[0.798s] -- Performing Test CMAKE_HAVE_LIBC_PTHREAD
[0.935s] -- Performing Test CMAKE_HAVE_LIBC_PTHREAD - Success
[0.938s] -- Found Threads: TRUE  
[0.998s] -- Looking for sgemm_
[1.189s] -- Looking for sgemm_ - found
[1.191s] -- Found BLAS: /usr/lib/x86_64-linux-gnu/libopenblas.so  
[1.250s] -- Found CUDA: /usr/local/cuda (found suitable version "12.8", minimum required is "12") 
[1.405s] -- Found CUDA: /usr/local/cuda (found version "12.8") 
[1.408s] -- Found ament_cmake_auto: 1.3.11 (/opt/ros/humble/share/ament_cmake_auto/cmake)
[1.663s] -- Found Python3: /usr/bin/python3 (found version "3.10.12") found components: Interpreter 
[1.919s] -- Found rosidl_generator_c: 3.1.6 (/opt/ros/humble/share/rosidl_generator_c/cmake)
[1.934s] -- Found rosidl_adapter: 3.1.6 (/opt/ros/humble/share/rosidl_adapter/cmake)
[1.945s] -- Found rosidl_generator_cpp: 3.1.6 (/opt/ros/humble/share/rosidl_generator_cpp/cmake)
[1.969s] -- Using all available rosidl_typesupport_c: rosidl_typesupport_fastrtps_c;rosidl_typesupport_introspection_c
[2.018s] -- Using all available rosidl_typesupport_cpp: rosidl_typesupport_fastrtps_cpp;rosidl_typesupport_introspection_cpp
[2.268s] -- Found rmw_implementation_cmake: 6.1.2 (/opt/ros/humble/share/rmw_implementation_cmake/cmake)
[2.272s] -- Found rmw_fastrtps_cpp: 6.2.7 (/opt/ros/humble/share/rmw_fastrtps_cpp/cmake)
[2.400s] -- Found OpenSSL: /usr/lib/x86_64-linux-gnu/libcrypto.so (found version "3.0.2")  
[2.433s] -- Found FastRTPS: /opt/ros/humble/include  
[2.480s] -- Using RMW implementation 'rmw_fastrtps_cpp' as default
[2.903s] -- Found eigen3_cmake_module: 0.1.1 (/opt/ros/humble/share/eigen3_cmake_module/cmake)
[2.906s] -- Found Eigen3: TRUE (found version "3.4.0") 
[2.906s] -- Ensuring Eigen3 include directory is part of orocos-kdl CMake target
[3.111s] -- Found ament_lint_auto: 0.12.11 (/opt/ros/humble/share/ament_lint_auto/cmake)
[3.172s] -- Added test 'copyright' to check source files copyright and LICENSE
[3.175s] -- Added test 'cppcheck' to perform static code analysis on C / C++ code
[3.176s] -- Configured cppcheck include dirs: /home/williamfbx/Lunar-ROADSTER/lr_ws/src/drivers/zed-ros2-wrapper/zed_components/src/include;/home/williamfbx/Lunar-ROADSTER/lr_ws/src/drivers/zed-ros2-wrapper/zed_components/src/zed_camera/include;/home/williamfbx/Lunar-ROADSTER/lr_ws/src/drivers/zed-ros2-wrapper/zed_components/src/tools/include
[3.176s] -- Configured cppcheck exclude dirs and/or files: 
[3.177s] -- Added test 'lint_cmake' to check CMake code style
[3.181s] -- Added test 'uncrustify' to check C / C++ code style
[3.181s] -- Configured uncrustify additional arguments: 
[3.182s] -- Added test 'xmllint' to check XML markup files
[3.187s] -- Configuring done
[3.242s] -- Generating done
[3.263s] -- Build files have been written to: /home/williamfbx/Lunar-ROADSTER/lr_ws/build/zed_components
[3.283s] Invoked command in '/home/williamfbx/Lunar-ROADSTER/lr_ws/build/zed_components' returned '0': CMAKE_PREFIX_PATH=/opt/ros/humble /usr/bin/cmake /home/williamfbx/Lunar-ROADSTER/lr_ws/src/drivers/zed-ros2-wrapper/zed_components -DCMAKE_INSTALL_PREFIX=/home/williamfbx/Lunar-ROADSTER/lr_ws/install/zed_components
[3.285s] Invoking command in '/home/williamfbx/Lunar-ROADSTER/lr_ws/build/zed_components': CMAKE_PREFIX_PATH=/opt/ros/humble /usr/bin/cmake --build /home/williamfbx/Lunar-ROADSTER/lr_ws/build/zed_components -- -j12 -l12
[3.358s] [ 30%] [32mBuilding CXX object CMakeFiles/zed_camera_one_component.dir/src/tools/src/sl_tools.cpp.o[0m
[3.359s] [ 30%] [32mBuilding CXX object CMakeFiles/zed_camera_component.dir/src/tools/src/sl_tools.cpp.o[0m
[3.361s] [ 30%] [32mBuilding CXX object CMakeFiles/zed_camera_component.dir/src/tools/src/gnss_replay.cpp.o[0m
[3.361s] [ 40%] [32mBuilding CXX object CMakeFiles/zed_camera_component.dir/src/tools/src/sl_win_avg.cpp.o[0m
[3.367s] [ 50%] [32mBuilding CXX object CMakeFiles/zed_camera_one_component.dir/src/zed_camera/src/zed_camera_one_component.cpp.o[0m
[3.369s] [ 60%] [32mBuilding CXX object CMakeFiles/zed_camera_component.dir/src/zed_camera/src/zed_camera_component.cpp.o[0m
[3.371s] [ 70%] [32mBuilding CXX object CMakeFiles/zed_camera_one_component.dir/src/tools/src/sl_win_avg.cpp.o[0m
[3.373s] [ 80%] [32mBuilding CXX object CMakeFiles/zed_camera_one_component.dir/src/tools/src/gnss_replay.cpp.o[0m
[30.797s] [ 90%] [32m[1mLinking CXX shared library libzed_camera_one_component.so[0m
[31.073s] [ 90%] Built target zed_camera_one_component
[60.407s] [100%] [32m[1mLinking CXX shared library libzed_camera_component.so[0m
[60.799s] [100%] Built target zed_camera_component
[60.808s] Invoked command in '/home/williamfbx/Lunar-ROADSTER/lr_ws/build/zed_components' returned '0': CMAKE_PREFIX_PATH=/opt/ros/humble /usr/bin/cmake --build /home/williamfbx/Lunar-ROADSTER/lr_ws/build/zed_components -- -j12 -l12
[60.808s] Invoking command in '/home/williamfbx/Lunar-ROADSTER/lr_ws/build/zed_components': CMAKE_PREFIX_PATH=/opt/ros/humble /usr/bin/cmake --install /home/williamfbx/Lunar-ROADSTER/lr_ws/build/zed_components
[60.815s] -- Install configuration: "Release"
[60.815s] -- Installing: /home/williamfbx/Lunar-ROADSTER/lr_ws/install/zed_components/lib/libzed_camera_component.so
[60.820s] -- Set runtime path of "/home/williamfbx/Lunar-ROADSTER/lr_ws/install/zed_components/lib/libzed_camera_component.so" to ""
[60.820s] -- Installing: /home/williamfbx/Lunar-ROADSTER/lr_ws/install/zed_components/lib/libzed_camera_one_component.so
[60.821s] -- Set runtime path of "/home/williamfbx/Lunar-ROADSTER/lr_ws/install/zed_components/lib/libzed_camera_one_component.so" to ""
[60.821s] -- Installing: /home/williamfbx/Lunar-ROADSTER/lr_ws/install/zed_components/include/zed_components/
[60.821s] -- Installing: /home/williamfbx/Lunar-ROADSTER/lr_ws/install/zed_components/include/zed_components//cost_traversability.hpp
[60.821s] -- Installing: /home/williamfbx/Lunar-ROADSTER/lr_ws/install/zed_components/include/zed_components//sl_types.hpp
[60.822s] -- Installing: /home/williamfbx/Lunar-ROADSTER/lr_ws/install/zed_components/include/zed_components//zed_camera_one_component.hpp
[60.822s] -- Installing: /home/williamfbx/Lunar-ROADSTER/lr_ws/install/zed_components/include/zed_components//zed_camera_component.hpp
[60.822s] -- Up-to-date: /home/williamfbx/Lunar-ROADSTER/lr_ws/install/zed_components/include/zed_components/
[60.822s] -- Installing: /home/williamfbx/Lunar-ROADSTER/lr_ws/install/zed_components/include/zed_components//json.hpp
[60.823s] -- Installing: /home/williamfbx/Lunar-ROADSTER/lr_ws/install/zed_components/include/zed_components//sl_tools.hpp
[60.823s] -- Installing: /home/williamfbx/Lunar-ROADSTER/lr_ws/install/zed_components/include/zed_components//gnss_replay.hpp
[60.823s] -- Installing: /home/williamfbx/Lunar-ROADSTER/lr_ws/install/zed_components/include/zed_components//sl_logging.hpp
[60.823s] -- Installing: /home/williamfbx/Lunar-ROADSTER/lr_ws/install/zed_components/include/zed_components//sl_win_avg.hpp
[60.824s] -- Up-to-date: /home/williamfbx/Lunar-ROADSTER/lr_ws/install/zed_components/include/zed_components/
[60.824s] -- Installing: /home/williamfbx/Lunar-ROADSTER/lr_ws/install/zed_components/include/zed_components//visibility_control.hpp
[60.824s] -- Installing: /home/williamfbx/Lunar-ROADSTER/lr_ws/install/zed_components/share/zed_components/environment/library_path.sh
[60.824s] -- Installing: /home/williamfbx/Lunar-ROADSTER/lr_ws/install/zed_components/share/zed_components/environment/library_path.dsv
[60.824s] -- Installing: /home/williamfbx/Lunar-ROADSTER/lr_ws/install/zed_components/share/ament_index/resource_index/package_run_dependencies/zed_components
[60.824s] -- Installing: /home/williamfbx/Lunar-ROADSTER/lr_ws/install/zed_components/share/ament_index/resource_index/parent_prefix_path/zed_components
[60.825s] -- Installing: /home/williamfbx/Lunar-ROADSTER/lr_ws/install/zed_components/share/zed_components/environment/ament_prefix_path.sh
[60.825s] -- Installing: /home/williamfbx/Lunar-ROADSTER/lr_ws/install/zed_components/share/zed_components/environment/ament_prefix_path.dsv
[60.825s] -- Installing: /home/williamfbx/Lunar-ROADSTER/lr_ws/install/zed_components/share/zed_components/environment/path.sh
[60.825s] -- Installing: /home/williamfbx/Lunar-ROADSTER/lr_ws/install/zed_components/share/zed_components/environment/path.dsv
[60.825s] -- Installing: /home/williamfbx/Lunar-ROADSTER/lr_ws/install/zed_components/share/zed_components/local_setup.bash
[60.825s] -- Installing: /home/williamfbx/Lunar-ROADSTER/lr_ws/install/zed_components/share/zed_components/local_setup.sh
[60.825s] -- Installing: /home/williamfbx/Lunar-ROADSTER/lr_ws/install/zed_components/share/zed_components/local_setup.zsh
[60.825s] -- Installing: /home/williamfbx/Lunar-ROADSTER/lr_ws/install/zed_components/share/zed_components/local_setup.dsv
[60.826s] -- Installing: /home/williamfbx/Lunar-ROADSTER/lr_ws/install/zed_components/share/zed_components/package.dsv
[60.826s] -- Installing: /home/williamfbx/Lunar-ROADSTER/lr_ws/install/zed_components/share/ament_index/resource_index/packages/zed_components
[60.826s] -- Installing: /home/williamfbx/Lunar-ROADSTER/lr_ws/install/zed_components/share/ament_index/resource_index/rclcpp_components/zed_components
[60.826s] -- Installing: /home/williamfbx/Lunar-ROADSTER/lr_ws/install/zed_components/share/zed_components/cmake/ament_cmake_export_include_directories-extras.cmake
[60.826s] -- Installing: /home/williamfbx/Lunar-ROADSTER/lr_ws/install/zed_components/share/zed_components/cmake/ament_cmake_export_libraries-extras.cmake
[60.826s] -- Installing: /home/williamfbx/Lunar-ROADSTER/lr_ws/install/zed_components/share/zed_components/cmake/ament_cmake_export_dependencies-extras.cmake
[60.826s] -- Installing: /home/williamfbx/Lunar-ROADSTER/lr_ws/install/zed_components/share/zed_components/cmake/zed_componentsConfig.cmake
[60.827s] -- Installing: /home/williamfbx/Lunar-ROADSTER/lr_ws/install/zed_components/share/zed_components/cmake/zed_componentsConfig-version.cmake
[60.827s] -- Installing: /home/williamfbx/Lunar-ROADSTER/lr_ws/install/zed_components/share/zed_components/package.xml
[60.828s] Invoked command in '/home/williamfbx/Lunar-ROADSTER/lr_ws/build/zed_components' returned '0': CMAKE_PREFIX_PATH=/opt/ros/humble /usr/bin/cmake --install /home/williamfbx/Lunar-ROADSTER/lr_ws/build/zed_components
