[0.283s] Invoking command in '/root/Lunar_ROADSTER/lr_ws/build/cg_msgs': CMAKE_PREFIX_PATH=/opt/ros/humble /usr/local/bin/cmake --build /root/Lunar_ROADSTER/lr_ws/build/cg_msgs -- -j4 -l4
[1.196s] [  0%] Built target ament_cmake_python_copy_cg_msgs
[1.207s] [  0%] Built target cg_msgs__cpp
[1.285s] [ 12%] Built target cg_msgs__rosidl_generator_c
[1.709s] [ 24%] Built target cg_msgs__rosidl_typesupport_cpp
[1.748s] [ 36%] Built target cg_msgs__rosidl_typesupport_fastrtps_cpp
[1.772s] [ 48%] Built target cg_msgs__rosidl_typesupport_introspection_cpp
[2.138s] [ 60%] Built target cg_msgs__rosidl_typesupport_introspection_c
[2.165s] [ 72%] Built target cg_msgs__rosidl_typesupport_fastrtps_c
[2.180s] [ 84%] Built target cg_msgs__rosidl_typesupport_c
[2.277s] [ 84%] Built target cg_msgs
[2.636s] [ 85%] Built target cg_msgs__py
[2.820s] running egg_info
[2.824s] writing cg_msgs.egg-info/PKG-INFO
[2.825s] writing dependency_links to cg_msgs.egg-info/dependency_links.txt
[2.827s] writing top-level names to cg_msgs.egg-info/top_level.txt
[2.851s] reading manifest file 'cg_msgs.egg-info/SOURCES.txt'
[2.856s] writing manifest file 'cg_msgs.egg-info/SOURCES.txt'
[2.970s] [ 85%] Built target ament_cmake_python_build_cg_msgs_egg
[3.042s] [ 96%] Built target cg_msgs__rosidl_generator_py
[3.415s] [ 98%] Built target cg_msgs__rosidl_typesupport_introspection_c__pyext
[3.422s] [ 99%] Built target cg_msgs__rosidl_typesupport_fastrtps_c__pyext
[3.428s] [100%] Built target cg_msgs__rosidl_typesupport_c__pyext
[3.627s] Invoked command in '/root/Lunar_ROADSTER/lr_ws/build/cg_msgs' returned '0': CMAKE_PREFIX_PATH=/opt/ros/humble /usr/local/bin/cmake --build /root/Lunar_ROADSTER/lr_ws/build/cg_msgs -- -j4 -l4
[3.775s] Invoking command in '/root/Lunar_ROADSTER/lr_ws/build/cg_msgs': CMAKE_PREFIX_PATH=/opt/ros/humble /usr/local/bin/cmake --install /root/Lunar_ROADSTER/lr_ws/build/cg_msgs
[3.938s] -- Install configuration: ""
[3.939s] -- Up-to-date: /root/Lunar_ROADSTER/lr_ws/install/cg_msgs/share/ament_index/resource_index/rosidl_interfaces/cg_msgs
[3.940s] -- Up-to-date: /root/Lunar_ROADSTER/lr_ws/install/cg_msgs/include/cg_msgs/cg_msgs
[3.949s] -- Up-to-date: /root/Lunar_ROADSTER/lr_ws/install/cg_msgs/include/cg_msgs/cg_msgs/msg
[3.951s] -- Up-to-date: /root/Lunar_ROADSTER/lr_ws/install/cg_msgs/include/cg_msgs/cg_msgs/msg/actuator_command.h
[3.951s] -- Up-to-date: /root/Lunar_ROADSTER/lr_ws/install/cg_msgs/include/cg_msgs/cg_msgs/msg/rosidl_generator_c__visibility_control.h
[3.952s] -- Up-to-date: /root/Lunar_ROADSTER/lr_ws/install/cg_msgs/include/cg_msgs/cg_msgs/msg/detail
[3.953s] -- Up-to-date: /root/Lunar_ROADSTER/lr_ws/install/cg_msgs/include/cg_msgs/cg_msgs/msg/detail/actuator_command__functions.c
[3.954s] -- Up-to-date: /root/Lunar_ROADSTER/lr_ws/install/cg_msgs/include/cg_msgs/cg_msgs/msg/detail/actuator_command__functions.h
[3.955s] -- Up-to-date: /root/Lunar_ROADSTER/lr_ws/install/cg_msgs/include/cg_msgs/cg_msgs/msg/detail/actuator_command__struct.h
[3.955s] -- Up-to-date: /root/Lunar_ROADSTER/lr_ws/install/cg_msgs/include/cg_msgs/cg_msgs/msg/detail/actuator_command__type_support.h
[3.956s] -- Up-to-date: /root/Lunar_ROADSTER/lr_ws/install/cg_msgs/include/cg_msgs/cg_msgs/msg/detail/beacon_tag__functions.c
[3.956s] -- Up-to-date: /root/Lunar_ROADSTER/lr_ws/install/cg_msgs/include/cg_msgs/cg_msgs/msg/detail/beacon_tag__functions.h
[3.956s] -- Up-to-date: /root/Lunar_ROADSTER/lr_ws/install/cg_msgs/include/cg_msgs/cg_msgs/msg/detail/beacon_tag__struct.h
[3.957s] -- Up-to-date: /root/Lunar_ROADSTER/lr_ws/install/cg_msgs/include/cg_msgs/cg_msgs/msg/detail/beacon_tag__type_support.h
[3.957s] -- Up-to-date: /root/Lunar_ROADSTER/lr_ws/install/cg_msgs/include/cg_msgs/cg_msgs/msg/detail/beacon_multi_tag__functions.c
[3.957s] -- Up-to-date: /root/Lunar_ROADSTER/lr_ws/install/cg_msgs/include/cg_msgs/cg_msgs/msg/detail/beacon_multi_tag__functions.h
[3.960s] -- Up-to-date: /root/Lunar_ROADSTER/lr_ws/install/cg_msgs/include/cg_msgs/cg_msgs/msg/detail/beacon_multi_tag__struct.h
[3.960s] -- Up-to-date: /root/Lunar_ROADSTER/lr_ws/install/cg_msgs/include/cg_msgs/cg_msgs/msg/detail/beacon_multi_tag__type_support.h
[3.960s] -- Up-to-date: /root/Lunar_ROADSTER/lr_ws/install/cg_msgs/include/cg_msgs/cg_msgs/msg/detail/encoder_telemetry__functions.c
[3.961s] -- Up-to-date: /root/Lunar_ROADSTER/lr_ws/install/cg_msgs/include/cg_msgs/cg_msgs/msg/detail/encoder_telemetry__functions.h
[3.961s] -- Up-to-date: /root/Lunar_ROADSTER/lr_ws/install/cg_msgs/include/cg_msgs/cg_msgs/msg/detail/encoder_telemetry__struct.h
[3.961s] -- Up-to-date: /root/Lunar_ROADSTER/lr_ws/install/cg_msgs/include/cg_msgs/cg_msgs/msg/detail/encoder_telemetry__type_support.h
[3.962s] -- Up-to-date: /root/Lunar_ROADSTER/lr_ws/install/cg_msgs/include/cg_msgs/cg_msgs/msg/detail/point2_d__functions.c
[3.962s] -- Up-to-date: /root/Lunar_ROADSTER/lr_ws/install/cg_msgs/include/cg_msgs/cg_msgs/msg/detail/point2_d__functions.h
[3.963s] -- Up-to-date: /root/Lunar_ROADSTER/lr_ws/install/cg_msgs/include/cg_msgs/cg_msgs/msg/detail/point2_d__struct.h
[3.963s] -- Up-to-date: /root/Lunar_ROADSTER/lr_ws/install/cg_msgs/include/cg_msgs/cg_msgs/msg/detail/point2_d__type_support.h
[3.963s] -- Up-to-date: /root/Lunar_ROADSTER/lr_ws/install/cg_msgs/include/cg_msgs/cg_msgs/msg/detail/pose2_d__functions.c
[3.964s] -- Up-to-date: /root/Lunar_ROADSTER/lr_ws/install/cg_msgs/include/cg_msgs/cg_msgs/msg/detail/pose2_d__functions.h
[3.964s] -- Up-to-date: /root/Lunar_ROADSTER/lr_ws/install/cg_msgs/include/cg_msgs/cg_msgs/msg/detail/pose2_d__struct.h
[3.964s] -- Up-to-date: /root/Lunar_ROADSTER/lr_ws/install/cg_msgs/include/cg_msgs/cg_msgs/msg/detail/pose2_d__type_support.h
[3.965s] -- Up-to-date: /root/Lunar_ROADSTER/lr_ws/install/cg_msgs/include/cg_msgs/cg_msgs/msg/detail/slip__functions.c
[3.965s] -- Up-to-date: /root/Lunar_ROADSTER/lr_ws/install/cg_msgs/include/cg_msgs/cg_msgs/msg/detail/slip__functions.h
[3.965s] -- Up-to-date: /root/Lunar_ROADSTER/lr_ws/install/cg_msgs/include/cg_msgs/cg_msgs/msg/detail/slip__struct.h
[3.966s] -- Up-to-date: /root/Lunar_ROADSTER/lr_ws/install/cg_msgs/include/cg_msgs/cg_msgs/msg/detail/slip__type_support.h
[3.966s] -- Up-to-date: /root/Lunar_ROADSTER/lr_ws/install/cg_msgs/include/cg_msgs/cg_msgs/msg/detail/mux_mode__functions.c
[3.966s] -- Up-to-date: /root/Lunar_ROADSTER/lr_ws/install/cg_msgs/include/cg_msgs/cg_msgs/msg/detail/mux_mode__functions.h
[3.966s] -- Up-to-date: /root/Lunar_ROADSTER/lr_ws/install/cg_msgs/include/cg_msgs/cg_msgs/msg/detail/mux_mode__struct.h
[3.967s] -- Up-to-date: /root/Lunar_ROADSTER/lr_ws/install/cg_msgs/include/cg_msgs/cg_msgs/msg/detail/mux_mode__type_support.h
[3.967s] -- Up-to-date: /root/Lunar_ROADSTER/lr_ws/install/cg_msgs/include/cg_msgs/cg_msgs/msg/detail/actuator_state__functions.c
[3.968s] -- Up-to-date: /root/Lunar_ROADSTER/lr_ws/install/cg_msgs/include/cg_msgs/cg_msgs/msg/detail/actuator_state__functions.h
[3.968s] -- Up-to-date: /root/Lunar_ROADSTER/lr_ws/install/cg_msgs/include/cg_msgs/cg_msgs/msg/detail/actuator_state__struct.h
[3.968s] -- Up-to-date: /root/Lunar_ROADSTER/lr_ws/install/cg_msgs/include/cg_msgs/cg_msgs/msg/detail/actuator_state__type_support.h
[3.969s] -- Up-to-date: /root/Lunar_ROADSTER/lr_ws/install/cg_msgs/include/cg_msgs/cg_msgs/msg/detail/site_map__functions.c
[3.969s] -- Up-to-date: /root/Lunar_ROADSTER/lr_ws/install/cg_msgs/include/cg_msgs/cg_msgs/msg/detail/site_map__functions.h
[3.969s] -- Up-to-date: /root/Lunar_ROADSTER/lr_ws/install/cg_msgs/include/cg_msgs/cg_msgs/msg/detail/site_map__struct.h
[3.969s] -- Up-to-date: /root/Lunar_ROADSTER/lr_ws/install/cg_msgs/include/cg_msgs/cg_msgs/msg/detail/site_map__type_support.h
[3.970s] -- Up-to-date: /root/Lunar_ROADSTER/lr_ws/install/cg_msgs/include/cg_msgs/cg_msgs/msg/detail/trajectory__functions.c
[3.970s] -- Up-to-date: /root/Lunar_ROADSTER/lr_ws/install/cg_msgs/include/cg_msgs/cg_msgs/msg/detail/trajectory__functions.h
[3.971s] -- Up-to-date: /root/Lunar_ROADSTER/lr_ws/install/cg_msgs/include/cg_msgs/cg_msgs/msg/detail/trajectory__struct.h
[3.971s] -- Up-to-date: /root/Lunar_ROADSTER/lr_ws/install/cg_msgs/include/cg_msgs/cg_msgs/msg/detail/trajectory__type_support.h
[3.971s] -- Up-to-date: /root/Lunar_ROADSTER/lr_ws/install/cg_msgs/include/cg_msgs/cg_msgs/msg/beacon_tag.h
[3.972s] -- Up-to-date: /root/Lunar_ROADSTER/lr_ws/install/cg_msgs/include/cg_msgs/cg_msgs/msg/beacon_multi_tag.h
[3.972s] -- Up-to-date: /root/Lunar_ROADSTER/lr_ws/install/cg_msgs/include/cg_msgs/cg_msgs/msg/encoder_telemetry.h
[3.972s] -- Up-to-date: /root/Lunar_ROADSTER/lr_ws/install/cg_msgs/include/cg_msgs/cg_msgs/msg/point2_d.h
[3.972s] -- Up-to-date: /root/Lunar_ROADSTER/lr_ws/install/cg_msgs/include/cg_msgs/cg_msgs/msg/pose2_d.h
[3.973s] -- Up-to-date: /root/Lunar_ROADSTER/lr_ws/install/cg_msgs/include/cg_msgs/cg_msgs/msg/slip.h
[3.973s] -- Up-to-date: /root/Lunar_ROADSTER/lr_ws/install/cg_msgs/include/cg_msgs/cg_msgs/msg/mux_mode.h
[3.974s] -- Up-to-date: /root/Lunar_ROADSTER/lr_ws/install/cg_msgs/include/cg_msgs/cg_msgs/msg/actuator_state.h
[3.974s] -- Up-to-date: /root/Lunar_ROADSTER/lr_ws/install/cg_msgs/include/cg_msgs/cg_msgs/msg/site_map.h
[3.974s] -- Up-to-date: /root/Lunar_ROADSTER/lr_ws/install/cg_msgs/include/cg_msgs/cg_msgs/msg/trajectory.h
[3.975s] -- Up-to-date: /root/Lunar_ROADSTER/lr_ws/install/cg_msgs/include/cg_msgs/cg_msgs/srv
[3.975s] -- Up-to-date: /root/Lunar_ROADSTER/lr_ws/install/cg_msgs/include/cg_msgs/cg_msgs/srv/site_map.h
[3.976s] -- Up-to-date: /root/Lunar_ROADSTER/lr_ws/install/cg_msgs/include/cg_msgs/cg_msgs/srv/detail
[3.977s] -- Up-to-date: /root/Lunar_ROADSTER/lr_ws/install/cg_msgs/include/cg_msgs/cg_msgs/srv/detail/site_map__functions.c
[3.977s] -- Up-to-date: /root/Lunar_ROADSTER/lr_ws/install/cg_msgs/include/cg_msgs/cg_msgs/srv/detail/site_map__functions.h
[3.977s] -- Up-to-date: /root/Lunar_ROADSTER/lr_ws/install/cg_msgs/include/cg_msgs/cg_msgs/srv/detail/site_map__struct.h
[3.978s] -- Up-to-date: /root/Lunar_ROADSTER/lr_ws/install/cg_msgs/include/cg_msgs/cg_msgs/srv/detail/site_map__type_support.h
[3.978s] -- Up-to-date: /root/Lunar_ROADSTER/lr_ws/install/cg_msgs/include/cg_msgs/cg_msgs/srv/detail/update_trajectory__functions.c
[3.978s] -- Up-to-date: /root/Lunar_ROADSTER/lr_ws/install/cg_msgs/include/cg_msgs/cg_msgs/srv/detail/update_trajectory__functions.h
[3.979s] -- Up-to-date: /root/Lunar_ROADSTER/lr_ws/install/cg_msgs/include/cg_msgs/cg_msgs/srv/detail/update_trajectory__struct.h
[3.979s] -- Up-to-date: /root/Lunar_ROADSTER/lr_ws/install/cg_msgs/include/cg_msgs/cg_msgs/srv/detail/update_trajectory__type_support.h
[3.979s] -- Up-to-date: /root/Lunar_ROADSTER/lr_ws/install/cg_msgs/include/cg_msgs/cg_msgs/srv/detail/enable_worksystem__functions.c
[3.980s] -- Up-to-date: /root/Lunar_ROADSTER/lr_ws/install/cg_msgs/include/cg_msgs/cg_msgs/srv/detail/enable_worksystem__functions.h
[3.980s] -- Up-to-date: /root/Lunar_ROADSTER/lr_ws/install/cg_msgs/include/cg_msgs/cg_msgs/srv/detail/enable_worksystem__struct.h
[3.980s] -- Up-to-date: /root/Lunar_ROADSTER/lr_ws/install/cg_msgs/include/cg_msgs/cg_msgs/srv/detail/enable_worksystem__type_support.h
[3.981s] -- Up-to-date: /root/Lunar_ROADSTER/lr_ws/install/cg_msgs/include/cg_msgs/cg_msgs/srv/detail/save_map__functions.c
[3.981s] -- Up-to-date: /root/Lunar_ROADSTER/lr_ws/install/cg_msgs/include/cg_msgs/cg_msgs/srv/detail/save_map__functions.h
[3.981s] -- Up-to-date: /root/Lunar_ROADSTER/lr_ws/install/cg_msgs/include/cg_msgs/cg_msgs/srv/detail/save_map__struct.h
[3.981s] -- Up-to-date: /root/Lunar_ROADSTER/lr_ws/install/cg_msgs/include/cg_msgs/cg_msgs/srv/detail/save_map__type_support.h
[3.982s] -- Up-to-date: /root/Lunar_ROADSTER/lr_ws/install/cg_msgs/include/cg_msgs/cg_msgs/srv/update_trajectory.h
[3.982s] -- Up-to-date: /root/Lunar_ROADSTER/lr_ws/install/cg_msgs/include/cg_msgs/cg_msgs/srv/enable_worksystem.h
[3.982s] -- Up-to-date: /root/Lunar_ROADSTER/lr_ws/install/cg_msgs/include/cg_msgs/cg_msgs/srv/save_map.h
[3.983s] -- Up-to-date: /root/Lunar_ROADSTER/lr_ws/install/cg_msgs/share/cg_msgs/environment/library_path.sh
[3.983s] -- Up-to-date: /root/Lunar_ROADSTER/lr_ws/install/cg_msgs/share/cg_msgs/environment/library_path.dsv
[4.095s] -- Up-to-date: /root/Lunar_ROADSTER/lr_ws/install/cg_msgs/lib/libcg_msgs__rosidl_generator_c.so
[4.096s] -- Up-to-date: /root/Lunar_ROADSTER/lr_ws/install/cg_msgs/include/cg_msgs/cg_msgs
[4.097s] -- Up-to-date: /root/Lunar_ROADSTER/lr_ws/install/cg_msgs/include/cg_msgs/cg_msgs/msg
[4.100s] -- Up-to-date: /root/Lunar_ROADSTER/lr_ws/install/cg_msgs/include/cg_msgs/cg_msgs/msg/detail
[4.106s] -- Up-to-date: /root/Lunar_ROADSTER/lr_ws/install/cg_msgs/include/cg_msgs/cg_msgs/msg/detail/actuator_command__rosidl_typesupport_fastrtps_c.h
[4.108s] -- Up-to-date: /root/Lunar_ROADSTER/lr_ws/install/cg_msgs/include/cg_msgs/cg_msgs/msg/detail/beacon_tag__rosidl_typesupport_fastrtps_c.h
[4.108s] -- Up-to-date: /root/Lunar_ROADSTER/lr_ws/install/cg_msgs/include/cg_msgs/cg_msgs/msg/detail/beacon_multi_tag__rosidl_typesupport_fastrtps_c.h
[4.111s] -- Up-to-date: /root/Lunar_ROADSTER/lr_ws/install/cg_msgs/include/cg_msgs/cg_msgs/msg/detail/encoder_telemetry__rosidl_typesupport_fastrtps_c.h
[4.113s] -- Up-to-date: /root/Lunar_ROADSTER/lr_ws/install/cg_msgs/include/cg_msgs/cg_msgs/msg/detail/point2_d__rosidl_typesupport_fastrtps_c.h
[4.118s] -- Up-to-date: /root/Lunar_ROADSTER/lr_ws/install/cg_msgs/include/cg_msgs/cg_msgs/msg/detail/pose2_d__rosidl_typesupport_fastrtps_c.h
[4.130s] -- Up-to-date: /root/Lunar_ROADSTER/lr_ws/install/cg_msgs/include/cg_msgs/cg_msgs/msg/detail/slip__rosidl_typesupport_fastrtps_c.h
[4.131s] -- Up-to-date: /root/Lunar_ROADSTER/lr_ws/install/cg_msgs/include/cg_msgs/cg_msgs/msg/detail/mux_mode__rosidl_typesupport_fastrtps_c.h
[4.131s] -- Up-to-date: /root/Lunar_ROADSTER/lr_ws/install/cg_msgs/include/cg_msgs/cg_msgs/msg/detail/actuator_state__rosidl_typesupport_fastrtps_c.h
[4.132s] -- Up-to-date: /root/Lunar_ROADSTER/lr_ws/install/cg_msgs/include/cg_msgs/cg_msgs/msg/detail/site_map__rosidl_typesupport_fastrtps_c.h
[4.132s] -- Up-to-date: /root/Lunar_ROADSTER/lr_ws/install/cg_msgs/include/cg_msgs/cg_msgs/msg/detail/trajectory__rosidl_typesupport_fastrtps_c.h
[4.133s] -- Up-to-date: /root/Lunar_ROADSTER/lr_ws/install/cg_msgs/include/cg_msgs/cg_msgs/msg/rosidl_typesupport_fastrtps_c__visibility_control.h
[4.133s] -- Up-to-date: /root/Lunar_ROADSTER/lr_ws/install/cg_msgs/include/cg_msgs/cg_msgs/srv
[4.133s] -- Up-to-date: /root/Lunar_ROADSTER/lr_ws/install/cg_msgs/include/cg_msgs/cg_msgs/srv/detail
[4.133s] -- Up-to-date: /root/Lunar_ROADSTER/lr_ws/install/cg_msgs/include/cg_msgs/cg_msgs/srv/detail/site_map__rosidl_typesupport_fastrtps_c.h
[4.135s] -- Up-to-date: /root/Lunar_ROADSTER/lr_ws/install/cg_msgs/include/cg_msgs/cg_msgs/srv/detail/update_trajectory__rosidl_typesupport_fastrtps_c.h
[4.135s] -- Up-to-date: /root/Lunar_ROADSTER/lr_ws/install/cg_msgs/include/cg_msgs/cg_msgs/srv/detail/enable_worksystem__rosidl_typesupport_fastrtps_c.h
[4.136s] -- Up-to-date: /root/Lunar_ROADSTER/lr_ws/install/cg_msgs/include/cg_msgs/cg_msgs/srv/detail/save_map__rosidl_typesupport_fastrtps_c.h
[4.254s] -- Up-to-date: /root/Lunar_ROADSTER/lr_ws/install/cg_msgs/lib/libcg_msgs__rosidl_typesupport_fastrtps_c.so
[4.262s] -- Up-to-date: /root/Lunar_ROADSTER/lr_ws/install/cg_msgs/include/cg_msgs/cg_msgs
[4.263s] -- Up-to-date: /root/Lunar_ROADSTER/lr_ws/install/cg_msgs/include/cg_msgs/cg_msgs/msg
[4.266s] -- Up-to-date: /root/Lunar_ROADSTER/lr_ws/install/cg_msgs/include/cg_msgs/cg_msgs/msg/actuator_command.hpp
[4.269s] -- Up-to-date: /root/Lunar_ROADSTER/lr_ws/install/cg_msgs/include/cg_msgs/cg_msgs/msg/rosidl_generator_cpp__visibility_control.hpp
[4.271s] -- Up-to-date: /root/Lunar_ROADSTER/lr_ws/install/cg_msgs/include/cg_msgs/cg_msgs/msg/detail
[4.272s] -- Up-to-date: /root/Lunar_ROADSTER/lr_ws/install/cg_msgs/include/cg_msgs/cg_msgs/msg/detail/actuator_command__builder.hpp
[4.272s] -- Up-to-date: /root/Lunar_ROADSTER/lr_ws/install/cg_msgs/include/cg_msgs/cg_msgs/msg/detail/actuator_command__struct.hpp
[4.274s] -- Up-to-date: /root/Lunar_ROADSTER/lr_ws/install/cg_msgs/include/cg_msgs/cg_msgs/msg/detail/actuator_command__traits.hpp
[4.275s] -- Up-to-date: /root/Lunar_ROADSTER/lr_ws/install/cg_msgs/include/cg_msgs/cg_msgs/msg/detail/actuator_command__type_support.hpp
[4.275s] -- Up-to-date: /root/Lunar_ROADSTER/lr_ws/install/cg_msgs/include/cg_msgs/cg_msgs/msg/detail/beacon_tag__builder.hpp
[4.282s] -- Up-to-date: /root/Lunar_ROADSTER/lr_ws/install/cg_msgs/include/cg_msgs/cg_msgs/msg/detail/beacon_tag__struct.hpp
[4.283s] -- Up-to-date: /root/Lunar_ROADSTER/lr_ws/install/cg_msgs/include/cg_msgs/cg_msgs/msg/detail/beacon_tag__traits.hpp
[4.283s] -- Up-to-date: /root/Lunar_ROADSTER/lr_ws/install/cg_msgs/include/cg_msgs/cg_msgs/msg/detail/beacon_tag__type_support.hpp
[4.284s] -- Up-to-date: /root/Lunar_ROADSTER/lr_ws/install/cg_msgs/include/cg_msgs/cg_msgs/msg/detail/beacon_multi_tag__builder.hpp
[4.284s] -- Up-to-date: /root/Lunar_ROADSTER/lr_ws/install/cg_msgs/include/cg_msgs/cg_msgs/msg/detail/beacon_multi_tag__struct.hpp
[4.284s] -- Up-to-date: /root/Lunar_ROADSTER/lr_ws/install/cg_msgs/include/cg_msgs/cg_msgs/msg/detail/beacon_multi_tag__traits.hpp
[4.285s] -- Up-to-date: /root/Lunar_ROADSTER/lr_ws/install/cg_msgs/include/cg_msgs/cg_msgs/msg/detail/beacon_multi_tag__type_support.hpp
[4.285s] -- Up-to-date: /root/Lunar_ROADSTER/lr_ws/install/cg_msgs/include/cg_msgs/cg_msgs/msg/detail/encoder_telemetry__builder.hpp
[4.286s] -- Up-to-date: /root/Lunar_ROADSTER/lr_ws/install/cg_msgs/include/cg_msgs/cg_msgs/msg/detail/encoder_telemetry__struct.hpp
[4.288s] -- Up-to-date: /root/Lunar_ROADSTER/lr_ws/install/cg_msgs/include/cg_msgs/cg_msgs/msg/detail/encoder_telemetry__traits.hpp
[4.289s] -- Up-to-date: /root/Lunar_ROADSTER/lr_ws/install/cg_msgs/include/cg_msgs/cg_msgs/msg/detail/encoder_telemetry__type_support.hpp
[4.289s] -- Up-to-date: /root/Lunar_ROADSTER/lr_ws/install/cg_msgs/include/cg_msgs/cg_msgs/msg/detail/point2_d__builder.hpp
[4.290s] -- Up-to-date: /root/Lunar_ROADSTER/lr_ws/install/cg_msgs/include/cg_msgs/cg_msgs/msg/detail/point2_d__struct.hpp
[4.290s] -- Up-to-date: /root/Lunar_ROADSTER/lr_ws/install/cg_msgs/include/cg_msgs/cg_msgs/msg/detail/point2_d__traits.hpp
[4.291s] -- Up-to-date: /root/Lunar_ROADSTER/lr_ws/install/cg_msgs/include/cg_msgs/cg_msgs/msg/detail/point2_d__type_support.hpp
[4.291s] -- Up-to-date: /root/Lunar_ROADSTER/lr_ws/install/cg_msgs/include/cg_msgs/cg_msgs/msg/detail/pose2_d__builder.hpp
[4.305s] -- Up-to-date: /root/Lunar_ROADSTER/lr_ws/install/cg_msgs/include/cg_msgs/cg_msgs/msg/detail/pose2_d__struct.hpp
[4.307s] -- Up-to-date: /root/Lunar_ROADSTER/lr_ws/install/cg_msgs/include/cg_msgs/cg_msgs/msg/detail/pose2_d__traits.hpp
[4.308s] -- Up-to-date: /root/Lunar_ROADSTER/lr_ws/install/cg_msgs/include/cg_msgs/cg_msgs/msg/detail/pose2_d__type_support.hpp
[4.308s] -- Up-to-date: /root/Lunar_ROADSTER/lr_ws/install/cg_msgs/include/cg_msgs/cg_msgs/msg/detail/slip__builder.hpp
[4.311s] -- Up-to-date: /root/Lunar_ROADSTER/lr_ws/install/cg_msgs/include/cg_msgs/cg_msgs/msg/detail/slip__struct.hpp
[4.311s] -- Up-to-date: /root/Lunar_ROADSTER/lr_ws/install/cg_msgs/include/cg_msgs/cg_msgs/msg/detail/slip__traits.hpp
[4.312s] -- Up-to-date: /root/Lunar_ROADSTER/lr_ws/install/cg_msgs/include/cg_msgs/cg_msgs/msg/detail/slip__type_support.hpp
[4.312s] -- Up-to-date: /root/Lunar_ROADSTER/lr_ws/install/cg_msgs/include/cg_msgs/cg_msgs/msg/detail/mux_mode__builder.hpp
[4.313s] -- Up-to-date: /root/Lunar_ROADSTER/lr_ws/install/cg_msgs/include/cg_msgs/cg_msgs/msg/detail/mux_mode__struct.hpp
[4.313s] -- Up-to-date: /root/Lunar_ROADSTER/lr_ws/install/cg_msgs/include/cg_msgs/cg_msgs/msg/detail/mux_mode__traits.hpp
[4.314s] -- Up-to-date: /root/Lunar_ROADSTER/lr_ws/install/cg_msgs/include/cg_msgs/cg_msgs/msg/detail/mux_mode__type_support.hpp
[4.315s] -- Up-to-date: /root/Lunar_ROADSTER/lr_ws/install/cg_msgs/include/cg_msgs/cg_msgs/msg/detail/actuator_state__builder.hpp
[4.316s] -- Up-to-date: /root/Lunar_ROADSTER/lr_ws/install/cg_msgs/include/cg_msgs/cg_msgs/msg/detail/actuator_state__struct.hpp
[4.316s] -- Up-to-date: /root/Lunar_ROADSTER/lr_ws/install/cg_msgs/include/cg_msgs/cg_msgs/msg/detail/actuator_state__traits.hpp
[4.316s] -- Up-to-date: /root/Lunar_ROADSTER/lr_ws/install/cg_msgs/include/cg_msgs/cg_msgs/msg/detail/actuator_state__type_support.hpp
[4.317s] -- Up-to-date: /root/Lunar_ROADSTER/lr_ws/install/cg_msgs/include/cg_msgs/cg_msgs/msg/detail/site_map__builder.hpp
[4.317s] -- Up-to-date: /root/Lunar_ROADSTER/lr_ws/install/cg_msgs/include/cg_msgs/cg_msgs/msg/detail/site_map__struct.hpp
[4.318s] -- Up-to-date: /root/Lunar_ROADSTER/lr_ws/install/cg_msgs/include/cg_msgs/cg_msgs/msg/detail/site_map__traits.hpp
[4.318s] -- Up-to-date: /root/Lunar_ROADSTER/lr_ws/install/cg_msgs/include/cg_msgs/cg_msgs/msg/detail/site_map__type_support.hpp
[4.318s] -- Up-to-date: /root/Lunar_ROADSTER/lr_ws/install/cg_msgs/include/cg_msgs/cg_msgs/msg/detail/trajectory__builder.hpp
[4.320s] -- Up-to-date: /root/Lunar_ROADSTER/lr_ws/install/cg_msgs/include/cg_msgs/cg_msgs/msg/detail/trajectory__struct.hpp
[4.323s] -- Up-to-date: /root/Lunar_ROADSTER/lr_ws/install/cg_msgs/include/cg_msgs/cg_msgs/msg/detail/trajectory__traits.hpp
[4.323s] -- Up-to-date: /root/Lunar_ROADSTER/lr_ws/install/cg_msgs/include/cg_msgs/cg_msgs/msg/detail/trajectory__type_support.hpp
[4.323s] -- Up-to-date: /root/Lunar_ROADSTER/lr_ws/install/cg_msgs/include/cg_msgs/cg_msgs/msg/beacon_tag.hpp
[4.324s] -- Up-to-date: /root/Lunar_ROADSTER/lr_ws/install/cg_msgs/include/cg_msgs/cg_msgs/msg/beacon_multi_tag.hpp
[4.324s] -- Up-to-date: /root/Lunar_ROADSTER/lr_ws/install/cg_msgs/include/cg_msgs/cg_msgs/msg/encoder_telemetry.hpp
[4.325s] -- Up-to-date: /root/Lunar_ROADSTER/lr_ws/install/cg_msgs/include/cg_msgs/cg_msgs/msg/point2_d.hpp
[4.325s] -- Up-to-date: /root/Lunar_ROADSTER/lr_ws/install/cg_msgs/include/cg_msgs/cg_msgs/msg/pose2_d.hpp
[4.325s] -- Up-to-date: /root/Lunar_ROADSTER/lr_ws/install/cg_msgs/include/cg_msgs/cg_msgs/msg/slip.hpp
[4.328s] -- Up-to-date: /root/Lunar_ROADSTER/lr_ws/install/cg_msgs/include/cg_msgs/cg_msgs/msg/mux_mode.hpp
[4.328s] -- Up-to-date: /root/Lunar_ROADSTER/lr_ws/install/cg_msgs/include/cg_msgs/cg_msgs/msg/actuator_state.hpp
[4.329s] -- Up-to-date: /root/Lunar_ROADSTER/lr_ws/install/cg_msgs/include/cg_msgs/cg_msgs/msg/site_map.hpp
[4.329s] -- Up-to-date: /root/Lunar_ROADSTER/lr_ws/install/cg_msgs/include/cg_msgs/cg_msgs/msg/trajectory.hpp
[4.329s] -- Up-to-date: /root/Lunar_ROADSTER/lr_ws/install/cg_msgs/include/cg_msgs/cg_msgs/srv
[4.331s] -- Up-to-date: /root/Lunar_ROADSTER/lr_ws/install/cg_msgs/include/cg_msgs/cg_msgs/srv/site_map.hpp
[4.332s] -- Up-to-date: /root/Lunar_ROADSTER/lr_ws/install/cg_msgs/include/cg_msgs/cg_msgs/srv/detail
[4.333s] -- Up-to-date: /root/Lunar_ROADSTER/lr_ws/install/cg_msgs/include/cg_msgs/cg_msgs/srv/detail/site_map__builder.hpp
[4.333s] -- Up-to-date: /root/Lunar_ROADSTER/lr_ws/install/cg_msgs/include/cg_msgs/cg_msgs/srv/detail/site_map__struct.hpp
[4.344s] -- Up-to-date: /root/Lunar_ROADSTER/lr_ws/install/cg_msgs/include/cg_msgs/cg_msgs/srv/detail/site_map__traits.hpp
[4.344s] -- Up-to-date: /root/Lunar_ROADSTER/lr_ws/install/cg_msgs/include/cg_msgs/cg_msgs/srv/detail/site_map__type_support.hpp
[4.344s] -- Up-to-date: /root/Lunar_ROADSTER/lr_ws/install/cg_msgs/include/cg_msgs/cg_msgs/srv/detail/update_trajectory__builder.hpp
[4.346s] -- Up-to-date: /root/Lunar_ROADSTER/lr_ws/install/cg_msgs/include/cg_msgs/cg_msgs/srv/detail/update_trajectory__struct.hpp
[4.347s] -- Up-to-date: /root/Lunar_ROADSTER/lr_ws/install/cg_msgs/include/cg_msgs/cg_msgs/srv/detail/update_trajectory__traits.hpp
[4.347s] -- Up-to-date: /root/Lunar_ROADSTER/lr_ws/install/cg_msgs/include/cg_msgs/cg_msgs/srv/detail/update_trajectory__type_support.hpp
[4.347s] -- Up-to-date: /root/Lunar_ROADSTER/lr_ws/install/cg_msgs/include/cg_msgs/cg_msgs/srv/detail/enable_worksystem__builder.hpp
[4.348s] -- Up-to-date: /root/Lunar_ROADSTER/lr_ws/install/cg_msgs/include/cg_msgs/cg_msgs/srv/detail/enable_worksystem__struct.hpp
[4.348s] -- Up-to-date: /root/Lunar_ROADSTER/lr_ws/install/cg_msgs/include/cg_msgs/cg_msgs/srv/detail/enable_worksystem__traits.hpp
[4.348s] -- Up-to-date: /root/Lunar_ROADSTER/lr_ws/install/cg_msgs/include/cg_msgs/cg_msgs/srv/detail/enable_worksystem__type_support.hpp
[4.350s] -- Up-to-date: /root/Lunar_ROADSTER/lr_ws/install/cg_msgs/include/cg_msgs/cg_msgs/srv/detail/save_map__builder.hpp
[4.350s] -- Up-to-date: /root/Lunar_ROADSTER/lr_ws/install/cg_msgs/include/cg_msgs/cg_msgs/srv/detail/save_map__struct.hpp
[4.351s] -- Up-to-date: /root/Lunar_ROADSTER/lr_ws/install/cg_msgs/include/cg_msgs/cg_msgs/srv/detail/save_map__traits.hpp
[4.351s] -- Up-to-date: /root/Lunar_ROADSTER/lr_ws/install/cg_msgs/include/cg_msgs/cg_msgs/srv/detail/save_map__type_support.hpp
[4.351s] -- Up-to-date: /root/Lunar_ROADSTER/lr_ws/install/cg_msgs/include/cg_msgs/cg_msgs/srv/update_trajectory.hpp
[4.351s] -- Up-to-date: /root/Lunar_ROADSTER/lr_ws/install/cg_msgs/include/cg_msgs/cg_msgs/srv/enable_worksystem.hpp
[4.352s] -- Up-to-date: /root/Lunar_ROADSTER/lr_ws/install/cg_msgs/include/cg_msgs/cg_msgs/srv/save_map.hpp
[4.352s] -- Up-to-date: /root/Lunar_ROADSTER/lr_ws/install/cg_msgs/include/cg_msgs/cg_msgs
[4.353s] -- Up-to-date: /root/Lunar_ROADSTER/lr_ws/install/cg_msgs/include/cg_msgs/cg_msgs/msg
[4.353s] -- Up-to-date: /root/Lunar_ROADSTER/lr_ws/install/cg_msgs/include/cg_msgs/cg_msgs/msg/detail
[4.353s] -- Up-to-date: /root/Lunar_ROADSTER/lr_ws/install/cg_msgs/include/cg_msgs/cg_msgs/msg/detail/actuator_command__rosidl_typesupport_fastrtps_cpp.hpp
[4.354s] -- Up-to-date: /root/Lunar_ROADSTER/lr_ws/install/cg_msgs/include/cg_msgs/cg_msgs/msg/detail/dds_fastrtps
[4.354s] -- Up-to-date: /root/Lunar_ROADSTER/lr_ws/install/cg_msgs/include/cg_msgs/cg_msgs/msg/detail/beacon_tag__rosidl_typesupport_fastrtps_cpp.hpp
[4.354s] -- Up-to-date: /root/Lunar_ROADSTER/lr_ws/install/cg_msgs/include/cg_msgs/cg_msgs/msg/detail/beacon_multi_tag__rosidl_typesupport_fastrtps_cpp.hpp
[4.355s] -- Up-to-date: /root/Lunar_ROADSTER/lr_ws/install/cg_msgs/include/cg_msgs/cg_msgs/msg/detail/encoder_telemetry__rosidl_typesupport_fastrtps_cpp.hpp
[4.355s] -- Up-to-date: /root/Lunar_ROADSTER/lr_ws/install/cg_msgs/include/cg_msgs/cg_msgs/msg/detail/point2_d__rosidl_typesupport_fastrtps_cpp.hpp
[4.355s] -- Up-to-date: /root/Lunar_ROADSTER/lr_ws/install/cg_msgs/include/cg_msgs/cg_msgs/msg/detail/pose2_d__rosidl_typesupport_fastrtps_cpp.hpp
[4.356s] -- Up-to-date: /root/Lunar_ROADSTER/lr_ws/install/cg_msgs/include/cg_msgs/cg_msgs/msg/detail/slip__rosidl_typesupport_fastrtps_cpp.hpp
[4.356s] -- Up-to-date: /root/Lunar_ROADSTER/lr_ws/install/cg_msgs/include/cg_msgs/cg_msgs/msg/detail/mux_mode__rosidl_typesupport_fastrtps_cpp.hpp
[4.356s] -- Up-to-date: /root/Lunar_ROADSTER/lr_ws/install/cg_msgs/include/cg_msgs/cg_msgs/msg/detail/actuator_state__rosidl_typesupport_fastrtps_cpp.hpp
[4.357s] -- Up-to-date: /root/Lunar_ROADSTER/lr_ws/install/cg_msgs/include/cg_msgs/cg_msgs/msg/detail/site_map__rosidl_typesupport_fastrtps_cpp.hpp
[4.357s] -- Up-to-date: /root/Lunar_ROADSTER/lr_ws/install/cg_msgs/include/cg_msgs/cg_msgs/msg/detail/trajectory__rosidl_typesupport_fastrtps_cpp.hpp
[4.357s] -- Up-to-date: /root/Lunar_ROADSTER/lr_ws/install/cg_msgs/include/cg_msgs/cg_msgs/msg/rosidl_typesupport_fastrtps_cpp__visibility_control.h
[4.358s] -- Up-to-date: /root/Lunar_ROADSTER/lr_ws/install/cg_msgs/include/cg_msgs/cg_msgs/srv
[4.358s] -- Up-to-date: /root/Lunar_ROADSTER/lr_ws/install/cg_msgs/include/cg_msgs/cg_msgs/srv/detail
[4.358s] -- Up-to-date: /root/Lunar_ROADSTER/lr_ws/install/cg_msgs/include/cg_msgs/cg_msgs/srv/detail/site_map__rosidl_typesupport_fastrtps_cpp.hpp
[4.359s] -- Up-to-date: /root/Lunar_ROADSTER/lr_ws/install/cg_msgs/include/cg_msgs/cg_msgs/srv/detail/dds_fastrtps
[4.359s] -- Up-to-date: /root/Lunar_ROADSTER/lr_ws/install/cg_msgs/include/cg_msgs/cg_msgs/srv/detail/update_trajectory__rosidl_typesupport_fastrtps_cpp.hpp
[4.359s] -- Up-to-date: /root/Lunar_ROADSTER/lr_ws/install/cg_msgs/include/cg_msgs/cg_msgs/srv/detail/enable_worksystem__rosidl_typesupport_fastrtps_cpp.hpp
[4.359s] -- Up-to-date: /root/Lunar_ROADSTER/lr_ws/install/cg_msgs/include/cg_msgs/cg_msgs/srv/detail/save_map__rosidl_typesupport_fastrtps_cpp.hpp
[4.473s] -- Up-to-date: /root/Lunar_ROADSTER/lr_ws/install/cg_msgs/lib/libcg_msgs__rosidl_typesupport_fastrtps_cpp.so
[4.476s] -- Up-to-date: /root/Lunar_ROADSTER/lr_ws/install/cg_msgs/include/cg_msgs/cg_msgs
[4.476s] -- Up-to-date: /root/Lunar_ROADSTER/lr_ws/install/cg_msgs/include/cg_msgs/cg_msgs/msg
[4.478s] -- Up-to-date: /root/Lunar_ROADSTER/lr_ws/install/cg_msgs/include/cg_msgs/cg_msgs/msg/detail
[4.479s] -- Up-to-date: /root/Lunar_ROADSTER/lr_ws/install/cg_msgs/include/cg_msgs/cg_msgs/msg/detail/actuator_command__rosidl_typesupport_introspection_c.h
[4.479s] -- Up-to-date: /root/Lunar_ROADSTER/lr_ws/install/cg_msgs/include/cg_msgs/cg_msgs/msg/detail/actuator_command__type_support.c
[4.480s] -- Up-to-date: /root/Lunar_ROADSTER/lr_ws/install/cg_msgs/include/cg_msgs/cg_msgs/msg/detail/beacon_tag__rosidl_typesupport_introspection_c.h
[4.481s] -- Up-to-date: /root/Lunar_ROADSTER/lr_ws/install/cg_msgs/include/cg_msgs/cg_msgs/msg/detail/beacon_tag__type_support.c
[4.481s] -- Up-to-date: /root/Lunar_ROADSTER/lr_ws/install/cg_msgs/include/cg_msgs/cg_msgs/msg/detail/beacon_multi_tag__rosidl_typesupport_introspection_c.h
[4.481s] -- Up-to-date: /root/Lunar_ROADSTER/lr_ws/install/cg_msgs/include/cg_msgs/cg_msgs/msg/detail/beacon_multi_tag__type_support.c
[4.482s] -- Up-to-date: /root/Lunar_ROADSTER/lr_ws/install/cg_msgs/include/cg_msgs/cg_msgs/msg/detail/encoder_telemetry__rosidl_typesupport_introspection_c.h
[4.482s] -- Up-to-date: /root/Lunar_ROADSTER/lr_ws/install/cg_msgs/include/cg_msgs/cg_msgs/msg/detail/encoder_telemetry__type_support.c
[4.482s] -- Up-to-date: /root/Lunar_ROADSTER/lr_ws/install/cg_msgs/include/cg_msgs/cg_msgs/msg/detail/point2_d__rosidl_typesupport_introspection_c.h
[4.483s] -- Up-to-date: /root/Lunar_ROADSTER/lr_ws/install/cg_msgs/include/cg_msgs/cg_msgs/msg/detail/point2_d__type_support.c
[4.483s] -- Up-to-date: /root/Lunar_ROADSTER/lr_ws/install/cg_msgs/include/cg_msgs/cg_msgs/msg/detail/pose2_d__rosidl_typesupport_introspection_c.h
[4.483s] -- Up-to-date: /root/Lunar_ROADSTER/lr_ws/install/cg_msgs/include/cg_msgs/cg_msgs/msg/detail/pose2_d__type_support.c
[4.484s] -- Up-to-date: /root/Lunar_ROADSTER/lr_ws/install/cg_msgs/include/cg_msgs/cg_msgs/msg/detail/slip__rosidl_typesupport_introspection_c.h
[4.484s] -- Up-to-date: /root/Lunar_ROADSTER/lr_ws/install/cg_msgs/include/cg_msgs/cg_msgs/msg/detail/slip__type_support.c
[4.485s] -- Up-to-date: /root/Lunar_ROADSTER/lr_ws/install/cg_msgs/include/cg_msgs/cg_msgs/msg/detail/mux_mode__rosidl_typesupport_introspection_c.h
[4.485s] -- Up-to-date: /root/Lunar_ROADSTER/lr_ws/install/cg_msgs/include/cg_msgs/cg_msgs/msg/detail/mux_mode__type_support.c
[4.486s] -- Up-to-date: /root/Lunar_ROADSTER/lr_ws/install/cg_msgs/include/cg_msgs/cg_msgs/msg/detail/actuator_state__rosidl_typesupport_introspection_c.h
[4.486s] -- Up-to-date: /root/Lunar_ROADSTER/lr_ws/install/cg_msgs/include/cg_msgs/cg_msgs/msg/detail/actuator_state__type_support.c
[4.486s] -- Up-to-date: /root/Lunar_ROADSTER/lr_ws/install/cg_msgs/include/cg_msgs/cg_msgs/msg/detail/site_map__rosidl_typesupport_introspection_c.h
[4.487s] -- Up-to-date: /root/Lunar_ROADSTER/lr_ws/install/cg_msgs/include/cg_msgs/cg_msgs/msg/detail/site_map__type_support.c
[4.487s] -- Up-to-date: /root/Lunar_ROADSTER/lr_ws/install/cg_msgs/include/cg_msgs/cg_msgs/msg/detail/trajectory__rosidl_typesupport_introspection_c.h
[4.487s] -- Up-to-date: /root/Lunar_ROADSTER/lr_ws/install/cg_msgs/include/cg_msgs/cg_msgs/msg/detail/trajectory__type_support.c
[4.488s] -- Up-to-date: /root/Lunar_ROADSTER/lr_ws/install/cg_msgs/include/cg_msgs/cg_msgs/msg/rosidl_typesupport_introspection_c__visibility_control.h
[4.488s] -- Up-to-date: /root/Lunar_ROADSTER/lr_ws/install/cg_msgs/include/cg_msgs/cg_msgs/srv
[4.488s] -- Up-to-date: /root/Lunar_ROADSTER/lr_ws/install/cg_msgs/include/cg_msgs/cg_msgs/srv/detail
[4.489s] -- Up-to-date: /root/Lunar_ROADSTER/lr_ws/install/cg_msgs/include/cg_msgs/cg_msgs/srv/detail/site_map__rosidl_typesupport_introspection_c.h
[4.489s] -- Up-to-date: /root/Lunar_ROADSTER/lr_ws/install/cg_msgs/include/cg_msgs/cg_msgs/srv/detail/site_map__type_support.c
[4.490s] -- Up-to-date: /root/Lunar_ROADSTER/lr_ws/install/cg_msgs/include/cg_msgs/cg_msgs/srv/detail/update_trajectory__rosidl_typesupport_introspection_c.h
[4.490s] -- Up-to-date: /root/Lunar_ROADSTER/lr_ws/install/cg_msgs/include/cg_msgs/cg_msgs/srv/detail/update_trajectory__type_support.c
[4.490s] -- Up-to-date: /root/Lunar_ROADSTER/lr_ws/install/cg_msgs/include/cg_msgs/cg_msgs/srv/detail/enable_worksystem__rosidl_typesupport_introspection_c.h
[4.491s] -- Up-to-date: /root/Lunar_ROADSTER/lr_ws/install/cg_msgs/include/cg_msgs/cg_msgs/srv/detail/enable_worksystem__type_support.c
[4.494s] -- Up-to-date: /root/Lunar_ROADSTER/lr_ws/install/cg_msgs/include/cg_msgs/cg_msgs/srv/detail/save_map__rosidl_typesupport_introspection_c.h
[4.494s] -- Up-to-date: /root/Lunar_ROADSTER/lr_ws/install/cg_msgs/include/cg_msgs/cg_msgs/srv/detail/save_map__type_support.c
[4.495s] -- Up-to-date: /root/Lunar_ROADSTER/lr_ws/install/cg_msgs/lib/libcg_msgs__rosidl_typesupport_introspection_c.so
[4.495s] -- Up-to-date: /root/Lunar_ROADSTER/lr_ws/install/cg_msgs/lib/libcg_msgs__rosidl_typesupport_c.so
[4.496s] -- Up-to-date: /root/Lunar_ROADSTER/lr_ws/install/cg_msgs/include/cg_msgs/cg_msgs
[4.497s] -- Up-to-date: /root/Lunar_ROADSTER/lr_ws/install/cg_msgs/include/cg_msgs/cg_msgs/msg
[4.497s] -- Up-to-date: /root/Lunar_ROADSTER/lr_ws/install/cg_msgs/include/cg_msgs/cg_msgs/msg/detail
[4.502s] -- Up-to-date: /root/Lunar_ROADSTER/lr_ws/install/cg_msgs/include/cg_msgs/cg_msgs/msg/detail/actuator_command__rosidl_typesupport_introspection_cpp.hpp
[4.503s] -- Up-to-date: /root/Lunar_ROADSTER/lr_ws/install/cg_msgs/include/cg_msgs/cg_msgs/msg/detail/actuator_command__type_support.cpp
[4.503s] -- Up-to-date: /root/Lunar_ROADSTER/lr_ws/install/cg_msgs/include/cg_msgs/cg_msgs/msg/detail/beacon_tag__rosidl_typesupport_introspection_cpp.hpp
[4.508s] -- Up-to-date: /root/Lunar_ROADSTER/lr_ws/install/cg_msgs/include/cg_msgs/cg_msgs/msg/detail/beacon_tag__type_support.cpp
[4.509s] -- Up-to-date: /root/Lunar_ROADSTER/lr_ws/install/cg_msgs/include/cg_msgs/cg_msgs/msg/detail/beacon_multi_tag__rosidl_typesupport_introspection_cpp.hpp
[4.509s] -- Up-to-date: /root/Lunar_ROADSTER/lr_ws/install/cg_msgs/include/cg_msgs/cg_msgs/msg/detail/beacon_multi_tag__type_support.cpp
[4.510s] -- Up-to-date: /root/Lunar_ROADSTER/lr_ws/install/cg_msgs/include/cg_msgs/cg_msgs/msg/detail/encoder_telemetry__rosidl_typesupport_introspection_cpp.hpp
[4.510s] -- Up-to-date: /root/Lunar_ROADSTER/lr_ws/install/cg_msgs/include/cg_msgs/cg_msgs/msg/detail/encoder_telemetry__type_support.cpp
[4.511s] -- Up-to-date: /root/Lunar_ROADSTER/lr_ws/install/cg_msgs/include/cg_msgs/cg_msgs/msg/detail/point2_d__rosidl_typesupport_introspection_cpp.hpp
[4.511s] -- Up-to-date: /root/Lunar_ROADSTER/lr_ws/install/cg_msgs/include/cg_msgs/cg_msgs/msg/detail/point2_d__type_support.cpp
[4.511s] -- Up-to-date: /root/Lunar_ROADSTER/lr_ws/install/cg_msgs/include/cg_msgs/cg_msgs/msg/detail/pose2_d__rosidl_typesupport_introspection_cpp.hpp
[4.512s] -- Up-to-date: /root/Lunar_ROADSTER/lr_ws/install/cg_msgs/include/cg_msgs/cg_msgs/msg/detail/pose2_d__type_support.cpp
[4.512s] -- Up-to-date: /root/Lunar_ROADSTER/lr_ws/install/cg_msgs/include/cg_msgs/cg_msgs/msg/detail/slip__rosidl_typesupport_introspection_cpp.hpp
[4.513s] -- Up-to-date: /root/Lunar_ROADSTER/lr_ws/install/cg_msgs/include/cg_msgs/cg_msgs/msg/detail/slip__type_support.cpp
[4.513s] -- Up-to-date: /root/Lunar_ROADSTER/lr_ws/install/cg_msgs/include/cg_msgs/cg_msgs/msg/detail/mux_mode__rosidl_typesupport_introspection_cpp.hpp
[4.514s] -- Up-to-date: /root/Lunar_ROADSTER/lr_ws/install/cg_msgs/include/cg_msgs/cg_msgs/msg/detail/mux_mode__type_support.cpp
[4.515s] -- Up-to-date: /root/Lunar_ROADSTER/lr_ws/install/cg_msgs/include/cg_msgs/cg_msgs/msg/detail/actuator_state__rosidl_typesupport_introspection_cpp.hpp
[4.515s] -- Up-to-date: /root/Lunar_ROADSTER/lr_ws/install/cg_msgs/include/cg_msgs/cg_msgs/msg/detail/actuator_state__type_support.cpp
[4.516s] -- Up-to-date: /root/Lunar_ROADSTER/lr_ws/install/cg_msgs/include/cg_msgs/cg_msgs/msg/detail/site_map__rosidl_typesupport_introspection_cpp.hpp
[4.516s] -- Up-to-date: /root/Lunar_ROADSTER/lr_ws/install/cg_msgs/include/cg_msgs/cg_msgs/msg/detail/site_map__type_support.cpp
[4.517s] -- Up-to-date: /root/Lunar_ROADSTER/lr_ws/install/cg_msgs/include/cg_msgs/cg_msgs/msg/detail/trajectory__rosidl_typesupport_introspection_cpp.hpp
[4.517s] -- Up-to-date: /root/Lunar_ROADSTER/lr_ws/install/cg_msgs/include/cg_msgs/cg_msgs/msg/detail/trajectory__type_support.cpp
[4.518s] -- Up-to-date: /root/Lunar_ROADSTER/lr_ws/install/cg_msgs/include/cg_msgs/cg_msgs/srv
[4.519s] -- Up-to-date: /root/Lunar_ROADSTER/lr_ws/install/cg_msgs/include/cg_msgs/cg_msgs/srv/detail
[4.523s] -- Up-to-date: /root/Lunar_ROADSTER/lr_ws/install/cg_msgs/include/cg_msgs/cg_msgs/srv/detail/site_map__rosidl_typesupport_introspection_cpp.hpp
[4.524s] -- Up-to-date: /root/Lunar_ROADSTER/lr_ws/install/cg_msgs/include/cg_msgs/cg_msgs/srv/detail/site_map__type_support.cpp
[4.527s] -- Up-to-date: /root/Lunar_ROADSTER/lr_ws/install/cg_msgs/include/cg_msgs/cg_msgs/srv/detail/update_trajectory__rosidl_typesupport_introspection_cpp.hpp
[4.527s] -- Up-to-date: /root/Lunar_ROADSTER/lr_ws/install/cg_msgs/include/cg_msgs/cg_msgs/srv/detail/update_trajectory__type_support.cpp
[4.528s] -- Up-to-date: /root/Lunar_ROADSTER/lr_ws/install/cg_msgs/include/cg_msgs/cg_msgs/srv/detail/enable_worksystem__rosidl_typesupport_introspection_cpp.hpp
[4.528s] -- Up-to-date: /root/Lunar_ROADSTER/lr_ws/install/cg_msgs/include/cg_msgs/cg_msgs/srv/detail/enable_worksystem__type_support.cpp
[4.529s] -- Up-to-date: /root/Lunar_ROADSTER/lr_ws/install/cg_msgs/include/cg_msgs/cg_msgs/srv/detail/save_map__rosidl_typesupport_introspection_cpp.hpp
[4.529s] -- Up-to-date: /root/Lunar_ROADSTER/lr_ws/install/cg_msgs/include/cg_msgs/cg_msgs/srv/detail/save_map__type_support.cpp
[4.530s] -- Up-to-date: /root/Lunar_ROADSTER/lr_ws/install/cg_msgs/lib/libcg_msgs__rosidl_typesupport_introspection_cpp.so
[4.532s] -- Up-to-date: /root/Lunar_ROADSTER/lr_ws/install/cg_msgs/lib/libcg_msgs__rosidl_typesupport_cpp.so
[4.532s] -- Up-to-date: /root/Lunar_ROADSTER/lr_ws/install/cg_msgs/share/cg_msgs/environment/pythonpath.sh
[4.533s] -- Up-to-date: /root/Lunar_ROADSTER/lr_ws/install/cg_msgs/share/cg_msgs/environment/pythonpath.dsv
[4.533s] -- Up-to-date: /root/Lunar_ROADSTER/lr_ws/install/cg_msgs/local/lib/python3.10/dist-packages/cg_msgs-0.0.0-py3.10.egg-info
[4.533s] -- Installing: /root/Lunar_ROADSTER/lr_ws/install/cg_msgs/local/lib/python3.10/dist-packages/cg_msgs-0.0.0-py3.10.egg-info/PKG-INFO
[4.534s] -- Installing: /root/Lunar_ROADSTER/lr_ws/install/cg_msgs/local/lib/python3.10/dist-packages/cg_msgs-0.0.0-py3.10.egg-info/dependency_links.txt
[4.534s] -- Installing: /root/Lunar_ROADSTER/lr_ws/install/cg_msgs/local/lib/python3.10/dist-packages/cg_msgs-0.0.0-py3.10.egg-info/top_level.txt
[4.534s] -- Installing: /root/Lunar_ROADSTER/lr_ws/install/cg_msgs/local/lib/python3.10/dist-packages/cg_msgs-0.0.0-py3.10.egg-info/SOURCES.txt
[4.535s] -- Up-to-date: /root/Lunar_ROADSTER/lr_ws/install/cg_msgs/local/lib/python3.10/dist-packages/cg_msgs
[4.535s] -- Up-to-date: /root/Lunar_ROADSTER/lr_ws/install/cg_msgs/local/lib/python3.10/dist-packages/cg_msgs/__init__.py
[4.535s] -- Up-to-date: /root/Lunar_ROADSTER/lr_ws/install/cg_msgs/local/lib/python3.10/dist-packages/cg_msgs/msg
[4.535s] -- Up-to-date: /root/Lunar_ROADSTER/lr_ws/install/cg_msgs/local/lib/python3.10/dist-packages/cg_msgs/msg/_actuator_command.py
[4.536s] -- Up-to-date: /root/Lunar_ROADSTER/lr_ws/install/cg_msgs/local/lib/python3.10/dist-packages/cg_msgs/msg/_actuator_command_s.c
[4.536s] -- Up-to-date: /root/Lunar_ROADSTER/lr_ws/install/cg_msgs/local/lib/python3.10/dist-packages/cg_msgs/msg/_beacon_tag.py
[4.536s] -- Up-to-date: /root/Lunar_ROADSTER/lr_ws/install/cg_msgs/local/lib/python3.10/dist-packages/cg_msgs/msg/_beacon_tag_s.c
[4.537s] -- Up-to-date: /root/Lunar_ROADSTER/lr_ws/install/cg_msgs/local/lib/python3.10/dist-packages/cg_msgs/msg/_beacon_multi_tag.py
[4.537s] -- Up-to-date: /root/Lunar_ROADSTER/lr_ws/install/cg_msgs/local/lib/python3.10/dist-packages/cg_msgs/msg/_beacon_multi_tag_s.c
[4.537s] -- Up-to-date: /root/Lunar_ROADSTER/lr_ws/install/cg_msgs/local/lib/python3.10/dist-packages/cg_msgs/msg/_encoder_telemetry.py
[4.538s] -- Up-to-date: /root/Lunar_ROADSTER/lr_ws/install/cg_msgs/local/lib/python3.10/dist-packages/cg_msgs/msg/_encoder_telemetry_s.c
[4.538s] -- Up-to-date: /root/Lunar_ROADSTER/lr_ws/install/cg_msgs/local/lib/python3.10/dist-packages/cg_msgs/msg/_point2_d.py
[4.538s] -- Up-to-date: /root/Lunar_ROADSTER/lr_ws/install/cg_msgs/local/lib/python3.10/dist-packages/cg_msgs/msg/_point2_d_s.c
[4.539s] -- Up-to-date: /root/Lunar_ROADSTER/lr_ws/install/cg_msgs/local/lib/python3.10/dist-packages/cg_msgs/msg/_pose2_d.py
[4.539s] -- Up-to-date: /root/Lunar_ROADSTER/lr_ws/install/cg_msgs/local/lib/python3.10/dist-packages/cg_msgs/msg/_pose2_d_s.c
[4.539s] -- Up-to-date: /root/Lunar_ROADSTER/lr_ws/install/cg_msgs/local/lib/python3.10/dist-packages/cg_msgs/msg/_slip.py
[4.539s] -- Up-to-date: /root/Lunar_ROADSTER/lr_ws/install/cg_msgs/local/lib/python3.10/dist-packages/cg_msgs/msg/_slip_s.c
[4.540s] -- Up-to-date: /root/Lunar_ROADSTER/lr_ws/install/cg_msgs/local/lib/python3.10/dist-packages/cg_msgs/msg/_mux_mode.py
[4.540s] -- Up-to-date: /root/Lunar_ROADSTER/lr_ws/install/cg_msgs/local/lib/python3.10/dist-packages/cg_msgs/msg/_mux_mode_s.c
[4.540s] -- Up-to-date: /root/Lunar_ROADSTER/lr_ws/install/cg_msgs/local/lib/python3.10/dist-packages/cg_msgs/msg/_actuator_state.py
[4.541s] -- Up-to-date: /root/Lunar_ROADSTER/lr_ws/install/cg_msgs/local/lib/python3.10/dist-packages/cg_msgs/msg/_actuator_state_s.c
[4.541s] -- Up-to-date: /root/Lunar_ROADSTER/lr_ws/install/cg_msgs/local/lib/python3.10/dist-packages/cg_msgs/msg/_site_map.py
[4.541s] -- Up-to-date: /root/Lunar_ROADSTER/lr_ws/install/cg_msgs/local/lib/python3.10/dist-packages/cg_msgs/msg/_site_map_s.c
[4.542s] -- Up-to-date: /root/Lunar_ROADSTER/lr_ws/install/cg_msgs/local/lib/python3.10/dist-packages/cg_msgs/msg/_trajectory.py
[4.559s] -- Up-to-date: /root/Lunar_ROADSTER/lr_ws/install/cg_msgs/local/lib/python3.10/dist-packages/cg_msgs/msg/_trajectory_s.c
[4.560s] -- Up-to-date: /root/Lunar_ROADSTER/lr_ws/install/cg_msgs/local/lib/python3.10/dist-packages/cg_msgs/msg/__init__.py
[4.560s] -- Up-to-date: /root/Lunar_ROADSTER/lr_ws/install/cg_msgs/local/lib/python3.10/dist-packages/cg_msgs/srv
[4.561s] -- Up-to-date: /root/Lunar_ROADSTER/lr_ws/install/cg_msgs/local/lib/python3.10/dist-packages/cg_msgs/srv/_site_map.py
[4.561s] -- Up-to-date: /root/Lunar_ROADSTER/lr_ws/install/cg_msgs/local/lib/python3.10/dist-packages/cg_msgs/srv/_site_map_s.c
[4.561s] -- Up-to-date: /root/Lunar_ROADSTER/lr_ws/install/cg_msgs/local/lib/python3.10/dist-packages/cg_msgs/srv/_update_trajectory.py
[4.562s] -- Up-to-date: /root/Lunar_ROADSTER/lr_ws/install/cg_msgs/local/lib/python3.10/dist-packages/cg_msgs/srv/_update_trajectory_s.c
[4.562s] -- Up-to-date: /root/Lunar_ROADSTER/lr_ws/install/cg_msgs/local/lib/python3.10/dist-packages/cg_msgs/srv/_enable_worksystem.py
[4.563s] -- Up-to-date: /root/Lunar_ROADSTER/lr_ws/install/cg_msgs/local/lib/python3.10/dist-packages/cg_msgs/srv/_enable_worksystem_s.c
[4.563s] -- Up-to-date: /root/Lunar_ROADSTER/lr_ws/install/cg_msgs/local/lib/python3.10/dist-packages/cg_msgs/srv/_save_map.py
[4.564s] -- Up-to-date: /root/Lunar_ROADSTER/lr_ws/install/cg_msgs/local/lib/python3.10/dist-packages/cg_msgs/srv/_save_map_s.c
[4.564s] -- Up-to-date: /root/Lunar_ROADSTER/lr_ws/install/cg_msgs/local/lib/python3.10/dist-packages/cg_msgs/srv/__init__.py
[4.564s] -- Up-to-date: /root/Lunar_ROADSTER/lr_ws/install/cg_msgs/local/lib/python3.10/dist-packages/cg_msgs/_cg_msgs_s.ep.rosidl_typesupport_fastrtps_c.c
[4.565s] -- Up-to-date: /root/Lunar_ROADSTER/lr_ws/install/cg_msgs/local/lib/python3.10/dist-packages/cg_msgs/_cg_msgs_s.ep.rosidl_typesupport_introspection_c.c
[4.565s] -- Up-to-date: /root/Lunar_ROADSTER/lr_ws/install/cg_msgs/local/lib/python3.10/dist-packages/cg_msgs/_cg_msgs_s.ep.rosidl_typesupport_c.c
[4.566s] -- Up-to-date: /root/Lunar_ROADSTER/lr_ws/install/cg_msgs/local/lib/python3.10/dist-packages/cg_msgs/libcg_msgs__rosidl_generator_py.so
[4.566s] -- Up-to-date: /root/Lunar_ROADSTER/lr_ws/install/cg_msgs/local/lib/python3.10/dist-packages/cg_msgs/cg_msgs_s__rosidl_typesupport_fastrtps_c.cpython-310-aarch64-linux-gnu.so
[4.566s] -- Up-to-date: /root/Lunar_ROADSTER/lr_ws/install/cg_msgs/local/lib/python3.10/dist-packages/cg_msgs/cg_msgs_s__rosidl_typesupport_c.cpython-310-aarch64-linux-gnu.so
[4.566s] -- Up-to-date: /root/Lunar_ROADSTER/lr_ws/install/cg_msgs/local/lib/python3.10/dist-packages/cg_msgs/cg_msgs_s__rosidl_typesupport_introspection_c.cpython-310-aarch64-linux-gnu.so
[4.737s] Listing '/root/Lunar_ROADSTER/lr_ws/install/cg_msgs/local/lib/python3.10/dist-packages/cg_msgs'...
[4.738s] Listing '/root/Lunar_ROADSTER/lr_ws/install/cg_msgs/local/lib/python3.10/dist-packages/cg_msgs/msg'...
[4.738s] Listing '/root/Lunar_ROADSTER/lr_ws/install/cg_msgs/local/lib/python3.10/dist-packages/cg_msgs/srv'...
[4.788s] -- Up-to-date: /root/Lunar_ROADSTER/lr_ws/install/cg_msgs/local/lib/python3.10/dist-packages/cg_msgs/cg_msgs_s__rosidl_typesupport_fastrtps_c.cpython-310-aarch64-linux-gnu.so
[4.790s] -- Up-to-date: /root/Lunar_ROADSTER/lr_ws/install/cg_msgs/local/lib/python3.10/dist-packages/cg_msgs/cg_msgs_s__rosidl_typesupport_introspection_c.cpython-310-aarch64-linux-gnu.so
[4.791s] -- Up-to-date: /root/Lunar_ROADSTER/lr_ws/install/cg_msgs/local/lib/python3.10/dist-packages/cg_msgs/cg_msgs_s__rosidl_typesupport_c.cpython-310-aarch64-linux-gnu.so
[4.791s] -- Up-to-date: /root/Lunar_ROADSTER/lr_ws/install/cg_msgs/lib/libcg_msgs__rosidl_generator_py.so
[4.791s] -- Up-to-date: /root/Lunar_ROADSTER/lr_ws/install/cg_msgs/share/cg_msgs/msg/ActuatorCommand.idl
[4.792s] -- Up-to-date: /root/Lunar_ROADSTER/lr_ws/install/cg_msgs/share/cg_msgs/msg/BeaconTag.idl
[4.793s] -- Up-to-date: /root/Lunar_ROADSTER/lr_ws/install/cg_msgs/share/cg_msgs/msg/BeaconMultiTag.idl
[4.793s] -- Up-to-date: /root/Lunar_ROADSTER/lr_ws/install/cg_msgs/share/cg_msgs/msg/EncoderTelemetry.idl
[4.793s] -- Up-to-date: /root/Lunar_ROADSTER/lr_ws/install/cg_msgs/share/cg_msgs/msg/Point2D.idl
[4.794s] -- Up-to-date: /root/Lunar_ROADSTER/lr_ws/install/cg_msgs/share/cg_msgs/msg/Pose2D.idl
[4.795s] -- Up-to-date: /root/Lunar_ROADSTER/lr_ws/install/cg_msgs/share/cg_msgs/msg/Slip.idl
[4.795s] -- Up-to-date: /root/Lunar_ROADSTER/lr_ws/install/cg_msgs/share/cg_msgs/msg/MuxMode.idl
[4.795s] -- Up-to-date: /root/Lunar_ROADSTER/lr_ws/install/cg_msgs/share/cg_msgs/msg/ActuatorState.idl
[4.796s] -- Up-to-date: /root/Lunar_ROADSTER/lr_ws/install/cg_msgs/share/cg_msgs/msg/SiteMap.idl
[4.797s] -- Up-to-date: /root/Lunar_ROADSTER/lr_ws/install/cg_msgs/share/cg_msgs/msg/Trajectory.idl
[4.797s] -- Up-to-date: /root/Lunar_ROADSTER/lr_ws/install/cg_msgs/share/cg_msgs/srv/SiteMap.idl
[4.797s] -- Up-to-date: /root/Lunar_ROADSTER/lr_ws/install/cg_msgs/share/cg_msgs/srv/UpdateTrajectory.idl
[4.799s] -- Up-to-date: /root/Lunar_ROADSTER/lr_ws/install/cg_msgs/share/cg_msgs/srv/EnableWorksystem.idl
[4.808s] -- Up-to-date: /root/Lunar_ROADSTER/lr_ws/install/cg_msgs/share/cg_msgs/srv/SaveMap.idl
[4.809s] -- Up-to-date: /root/Lunar_ROADSTER/lr_ws/install/cg_msgs/share/cg_msgs/srv/SiteMap.srv
[4.809s] -- Up-to-date: /root/Lunar_ROADSTER/lr_ws/install/cg_msgs/share/cg_msgs/srv/SiteMap_Request.msg
[4.811s] -- Up-to-date: /root/Lunar_ROADSTER/lr_ws/install/cg_msgs/share/cg_msgs/srv/SiteMap_Response.msg
[4.811s] -- Up-to-date: /root/Lunar_ROADSTER/lr_ws/install/cg_msgs/share/cg_msgs/srv/UpdateTrajectory.srv
[4.811s] -- Up-to-date: /root/Lunar_ROADSTER/lr_ws/install/cg_msgs/share/cg_msgs/srv/UpdateTrajectory_Request.msg
[4.812s] -- Up-to-date: /root/Lunar_ROADSTER/lr_ws/install/cg_msgs/share/cg_msgs/srv/UpdateTrajectory_Response.msg
[4.812s] -- Up-to-date: /root/Lunar_ROADSTER/lr_ws/install/cg_msgs/share/cg_msgs/srv/EnableWorksystem.srv
[4.814s] -- Up-to-date: /root/Lunar_ROADSTER/lr_ws/install/cg_msgs/share/cg_msgs/srv/EnableWorksystem_Request.msg
[4.814s] -- Up-to-date: /root/Lunar_ROADSTER/lr_ws/install/cg_msgs/share/cg_msgs/srv/EnableWorksystem_Response.msg
[4.815s] -- Up-to-date: /root/Lunar_ROADSTER/lr_ws/install/cg_msgs/share/cg_msgs/srv/SaveMap.srv
[4.815s] -- Up-to-date: /root/Lunar_ROADSTER/lr_ws/install/cg_msgs/share/cg_msgs/srv/SaveMap_Request.msg
[4.815s] -- Up-to-date: /root/Lunar_ROADSTER/lr_ws/install/cg_msgs/share/cg_msgs/srv/SaveMap_Response.msg
[4.818s] -- Up-to-date: /root/Lunar_ROADSTER/lr_ws/install/cg_msgs/share/ament_index/resource_index/package_run_dependencies/cg_msgs
[4.820s] -- Up-to-date: /root/Lunar_ROADSTER/lr_ws/install/cg_msgs/share/ament_index/resource_index/parent_prefix_path/cg_msgs
[4.821s] -- Up-to-date: /root/Lunar_ROADSTER/lr_ws/install/cg_msgs/share/cg_msgs/environment/ament_prefix_path.sh
[4.821s] -- Up-to-date: /root/Lunar_ROADSTER/lr_ws/install/cg_msgs/share/cg_msgs/environment/ament_prefix_path.dsv
[4.821s] -- Up-to-date: /root/Lunar_ROADSTER/lr_ws/install/cg_msgs/share/cg_msgs/environment/path.sh
[4.822s] -- Up-to-date: /root/Lunar_ROADSTER/lr_ws/install/cg_msgs/share/cg_msgs/environment/path.dsv
[4.822s] -- Up-to-date: /root/Lunar_ROADSTER/lr_ws/install/cg_msgs/share/cg_msgs/local_setup.bash
[4.822s] -- Up-to-date: /root/Lunar_ROADSTER/lr_ws/install/cg_msgs/share/cg_msgs/local_setup.sh
[4.823s] -- Up-to-date: /root/Lunar_ROADSTER/lr_ws/install/cg_msgs/share/cg_msgs/local_setup.zsh
[4.823s] -- Up-to-date: /root/Lunar_ROADSTER/lr_ws/install/cg_msgs/share/cg_msgs/local_setup.dsv
[4.823s] -- Installing: /root/Lunar_ROADSTER/lr_ws/install/cg_msgs/share/cg_msgs/package.dsv
[4.823s] -- Up-to-date: /root/Lunar_ROADSTER/lr_ws/install/cg_msgs/share/ament_index/resource_index/packages/cg_msgs
[4.824s] -- Up-to-date: /root/Lunar_ROADSTER/lr_ws/install/cg_msgs/share/cg_msgs/cmake/export_cg_msgs__rosidl_generator_cExport.cmake
[4.825s] -- Up-to-date: /root/Lunar_ROADSTER/lr_ws/install/cg_msgs/share/cg_msgs/cmake/export_cg_msgs__rosidl_generator_cExport-noconfig.cmake
[4.825s] -- Up-to-date: /root/Lunar_ROADSTER/lr_ws/install/cg_msgs/share/cg_msgs/cmake/export_cg_msgs__rosidl_typesupport_fastrtps_cExport.cmake
[4.826s] -- Up-to-date: /root/Lunar_ROADSTER/lr_ws/install/cg_msgs/share/cg_msgs/cmake/export_cg_msgs__rosidl_typesupport_fastrtps_cExport-noconfig.cmake
[4.826s] -- Up-to-date: /root/Lunar_ROADSTER/lr_ws/install/cg_msgs/share/cg_msgs/cmake/export_cg_msgs__rosidl_generator_cppExport.cmake
[4.826s] -- Up-to-date: /root/Lunar_ROADSTER/lr_ws/install/cg_msgs/share/cg_msgs/cmake/export_cg_msgs__rosidl_typesupport_fastrtps_cppExport.cmake
[4.827s] -- Up-to-date: /root/Lunar_ROADSTER/lr_ws/install/cg_msgs/share/cg_msgs/cmake/export_cg_msgs__rosidl_typesupport_fastrtps_cppExport-noconfig.cmake
[4.827s] -- Up-to-date: /root/Lunar_ROADSTER/lr_ws/install/cg_msgs/share/cg_msgs/cmake/cg_msgs__rosidl_typesupport_introspection_cExport.cmake
[4.827s] -- Up-to-date: /root/Lunar_ROADSTER/lr_ws/install/cg_msgs/share/cg_msgs/cmake/cg_msgs__rosidl_typesupport_introspection_cExport-noconfig.cmake
[4.827s] -- Up-to-date: /root/Lunar_ROADSTER/lr_ws/install/cg_msgs/share/cg_msgs/cmake/cg_msgs__rosidl_typesupport_cExport.cmake
[4.828s] -- Up-to-date: /root/Lunar_ROADSTER/lr_ws/install/cg_msgs/share/cg_msgs/cmake/cg_msgs__rosidl_typesupport_cExport-noconfig.cmake
[4.829s] -- Up-to-date: /root/Lunar_ROADSTER/lr_ws/install/cg_msgs/share/cg_msgs/cmake/cg_msgs__rosidl_typesupport_introspection_cppExport.cmake
[4.829s] -- Up-to-date: /root/Lunar_ROADSTER/lr_ws/install/cg_msgs/share/cg_msgs/cmake/cg_msgs__rosidl_typesupport_introspection_cppExport-noconfig.cmake
[4.830s] -- Up-to-date: /root/Lunar_ROADSTER/lr_ws/install/cg_msgs/share/cg_msgs/cmake/cg_msgs__rosidl_typesupport_cppExport.cmake
[4.830s] -- Up-to-date: /root/Lunar_ROADSTER/lr_ws/install/cg_msgs/share/cg_msgs/cmake/cg_msgs__rosidl_typesupport_cppExport-noconfig.cmake
[4.945s] -- Up-to-date: /root/Lunar_ROADSTER/lr_ws/install/cg_msgs/share/cg_msgs/cmake/export_cg_msgs__rosidl_generator_pyExport.cmake
[4.945s] -- Up-to-date: /root/Lunar_ROADSTER/lr_ws/install/cg_msgs/share/cg_msgs/cmake/export_cg_msgs__rosidl_generator_pyExport-noconfig.cmake
[4.945s] -- Up-to-date: /root/Lunar_ROADSTER/lr_ws/install/cg_msgs/share/cg_msgs/cmake/rosidl_cmake-extras.cmake
[4.946s] -- Up-to-date: /root/Lunar_ROADSTER/lr_ws/install/cg_msgs/share/cg_msgs/cmake/ament_cmake_export_dependencies-extras.cmake
[4.946s] -- Up-to-date: /root/Lunar_ROADSTER/lr_ws/install/cg_msgs/share/cg_msgs/cmake/ament_cmake_export_include_directories-extras.cmake
[4.946s] -- Up-to-date: /root/Lunar_ROADSTER/lr_ws/install/cg_msgs/share/cg_msgs/cmake/ament_cmake_export_libraries-extras.cmake
[4.947s] -- Up-to-date: /root/Lunar_ROADSTER/lr_ws/install/cg_msgs/share/cg_msgs/cmake/ament_cmake_export_targets-extras.cmake
[4.947s] -- Up-to-date: /root/Lunar_ROADSTER/lr_ws/install/cg_msgs/share/cg_msgs/cmake/rosidl_cmake_export_typesupport_targets-extras.cmake
[4.947s] -- Up-to-date: /root/Lunar_ROADSTER/lr_ws/install/cg_msgs/share/cg_msgs/cmake/rosidl_cmake_export_typesupport_libraries-extras.cmake
[4.948s] -- Up-to-date: /root/Lunar_ROADSTER/lr_ws/install/cg_msgs/share/cg_msgs/cmake/cg_msgsConfig.cmake
[4.953s] -- Up-to-date: /root/Lunar_ROADSTER/lr_ws/install/cg_msgs/share/cg_msgs/cmake/cg_msgsConfig-version.cmake
[4.962s] -- Up-to-date: /root/Lunar_ROADSTER/lr_ws/install/cg_msgs/share/cg_msgs/package.xml
[4.963s] Invoked command in '/root/Lunar_ROADSTER/lr_ws/build/cg_msgs' returned '0': CMAKE_PREFIX_PATH=/opt/ros/humble /usr/local/bin/cmake --install /root/Lunar_ROADSTER/lr_ws/build/cg_msgs
