[0.590s] Invoking command in '/root/Lunar_ROADSTER/lr_ws/build/realsense2_camera': AMENT_PREFIX_PATH=/root/Lunar_ROADSTER/lr_ws/install/realsense2_camera_msgs:${AMENT_PREFIX_PATH} CMAKE_PREFIX_PATH=/root/Lunar_ROADSTER/lr_ws/install/realsense2_camera_msgs:/opt/ros/humble LD_LIBRARY_PATH=/root/Lunar_ROADSTER/lr_ws/install/realsense2_camera_msgs/lib:/opt/ros/humble/opt/rviz_ogre_vendor/lib:/opt/ros/humble/lib/aarch64-linux-gnu:/opt/ros/humble/lib:/usr/local/cuda/lib64 PYTHONPATH=/root/Lunar_ROADSTER/lr_ws/install/realsense2_camera_msgs/local/lib/python3.10/dist-packages:${PYTHONPATH} /usr/local/bin/cmake --build /root/Lunar_ROADSTER/lr_ws/build/realsense2_camera -- -j4 -l4
[1.315s] [ 63%] Built target realsense2_camera
[1.584s] [ 72%] Built target gtest
[2.073s] [ 81%] Built target gtest_main
[2.208s] [ 90%] Built target realsense2_camera_node
[2.435s] [100%] Built target gtest_template
[2.489s] Invoked command in '/root/Lunar_ROADSTER/lr_ws/build/realsense2_camera' returned '0': AMENT_PREFIX_PATH=/root/Lunar_ROADSTER/lr_ws/install/realsense2_camera_msgs:${AMENT_PREFIX_PATH} CMAKE_PREFIX_PATH=/root/Lunar_ROADSTER/lr_ws/install/realsense2_camera_msgs:/opt/ros/humble LD_LIBRARY_PATH=/root/Lunar_ROADSTER/lr_ws/install/realsense2_camera_msgs/lib:/opt/ros/humble/opt/rviz_ogre_vendor/lib:/opt/ros/humble/lib/aarch64-linux-gnu:/opt/ros/humble/lib:/usr/local/cuda/lib64 PYTHONPATH=/root/Lunar_ROADSTER/lr_ws/install/realsense2_camera_msgs/local/lib/python3.10/dist-packages:${PYTHONPATH} /usr/local/bin/cmake --build /root/Lunar_ROADSTER/lr_ws/build/realsense2_camera -- -j4 -l4
[2.508s] Invoking command in '/root/Lunar_ROADSTER/lr_ws/build/realsense2_camera': AMENT_PREFIX_PATH=/root/Lunar_ROADSTER/lr_ws/install/realsense2_camera_msgs:${AMENT_PREFIX_PATH} CMAKE_PREFIX_PATH=/root/Lunar_ROADSTER/lr_ws/install/realsense2_camera_msgs:/opt/ros/humble LD_LIBRARY_PATH=/root/Lunar_ROADSTER/lr_ws/install/realsense2_camera_msgs/lib:/opt/ros/humble/opt/rviz_ogre_vendor/lib:/opt/ros/humble/lib/aarch64-linux-gnu:/opt/ros/humble/lib:/usr/local/cuda/lib64 PYTHONPATH=/root/Lunar_ROADSTER/lr_ws/install/realsense2_camera_msgs/local/lib/python3.10/dist-packages:${PYTHONPATH} /usr/local/bin/cmake --install /root/Lunar_ROADSTER/lr_ws/build/realsense2_camera
[2.535s] -- Install configuration: "Release"
[2.582s] -- Up-to-date: /root/Lunar_ROADSTER/lr_ws/install/realsense2_camera/lib/realsense2_camera/realsense2_camera_node
[2.604s] -- Up-to-date: /root/Lunar_ROADSTER/lr_ws/install/realsense2_camera/lib/librealsense2_camera.so
[2.617s] -- Up-to-date: /root/Lunar_ROADSTER/lr_ws/install/realsense2_camera/include
[2.627s] -- Up-to-date: /root/Lunar_ROADSTER/lr_ws/install/realsense2_camera/include/base_realsense_node.h
[2.627s] -- Up-to-date: /root/Lunar_ROADSTER/lr_ws/install/realsense2_camera/include/constants.h
[2.628s] -- Up-to-date: /root/Lunar_ROADSTER/lr_ws/install/realsense2_camera/include/dynamic_params.h
[2.628s] -- Up-to-date: /root/Lunar_ROADSTER/lr_ws/install/realsense2_camera/include/gl_window.h
[2.641s] -- Up-to-date: /root/Lunar_ROADSTER/lr_ws/install/realsense2_camera/include/image_publisher.h
[2.654s] -- Up-to-date: /root/Lunar_ROADSTER/lr_ws/install/realsense2_camera/include/named_filter.h
[2.655s] -- Up-to-date: /root/Lunar_ROADSTER/lr_ws/install/realsense2_camera/include/profile_manager.h
[2.655s] -- Up-to-date: /root/Lunar_ROADSTER/lr_ws/install/realsense2_camera/include/realsense_node_factory.h
[2.655s] -- Up-to-date: /root/Lunar_ROADSTER/lr_ws/install/realsense2_camera/include/ros_param_backend.h
[2.656s] -- Up-to-date: /root/Lunar_ROADSTER/lr_ws/install/realsense2_camera/include/ros_sensor.h
[2.656s] -- Up-to-date: /root/Lunar_ROADSTER/lr_ws/install/realsense2_camera/include/ros_utils.h
[2.656s] -- Up-to-date: /root/Lunar_ROADSTER/lr_ws/install/realsense2_camera/include/sensor_params.h
[2.658s] -- Up-to-date: /root/Lunar_ROADSTER/lr_ws/install/realsense2_camera/share/realsense2_camera/launch
[2.658s] -- Up-to-date: /root/Lunar_ROADSTER/lr_ws/install/realsense2_camera/share/realsense2_camera/launch/default.rviz
[2.658s] -- Up-to-date: /root/Lunar_ROADSTER/lr_ws/install/realsense2_camera/share/realsense2_camera/launch/rs_intra_process_demo_launch.py
[2.668s] -- Up-to-date: /root/Lunar_ROADSTER/lr_ws/install/realsense2_camera/share/realsense2_camera/launch/rs_launch.py
[2.669s] -- Up-to-date: /root/Lunar_ROADSTER/lr_ws/install/realsense2_camera/share/realsense2_camera/launch/rs_multi_camera_launch.py
[2.670s] -- Up-to-date: /root/Lunar_ROADSTER/lr_ws/install/realsense2_camera/share/realsense2_camera/examples
[2.688s] -- Up-to-date: /root/Lunar_ROADSTER/lr_ws/install/realsense2_camera/share/realsense2_camera/examples/align_depth
[2.689s] -- Up-to-date: /root/Lunar_ROADSTER/lr_ws/install/realsense2_camera/share/realsense2_camera/examples/align_depth/README.md
[2.720s] -- Up-to-date: /root/Lunar_ROADSTER/lr_ws/install/realsense2_camera/share/realsense2_camera/examples/align_depth/rs_align_depth_launch.py
[2.721s] -- Up-to-date: /root/Lunar_ROADSTER/lr_ws/install/realsense2_camera/share/realsense2_camera/examples/dual_camera
[2.731s] -- Up-to-date: /root/Lunar_ROADSTER/lr_ws/install/realsense2_camera/share/realsense2_camera/examples/dual_camera/README.md
[2.736s] -- Up-to-date: /root/Lunar_ROADSTER/lr_ws/install/realsense2_camera/share/realsense2_camera/examples/dual_camera/rs_dual_camera_launch.py
[2.750s] -- Up-to-date: /root/Lunar_ROADSTER/lr_ws/install/realsense2_camera/share/realsense2_camera/examples/dual_camera/rviz
[2.750s] -- Up-to-date: /root/Lunar_ROADSTER/lr_ws/install/realsense2_camera/share/realsense2_camera/examples/dual_camera/rviz/dual_camera_pointcloud.rviz
[2.760s] -- Up-to-date: /root/Lunar_ROADSTER/lr_ws/install/realsense2_camera/share/realsense2_camera/examples/launch_from_rosbag
[2.761s] -- Up-to-date: /root/Lunar_ROADSTER/lr_ws/install/realsense2_camera/share/realsense2_camera/examples/launch_from_rosbag/README.md
[2.774s] -- Up-to-date: /root/Lunar_ROADSTER/lr_ws/install/realsense2_camera/share/realsense2_camera/examples/launch_from_rosbag/rs_launch_from_rosbag.py
[2.775s] -- Up-to-date: /root/Lunar_ROADSTER/lr_ws/install/realsense2_camera/share/realsense2_camera/examples/launch_params_from_file
[2.785s] -- Up-to-date: /root/Lunar_ROADSTER/lr_ws/install/realsense2_camera/share/realsense2_camera/examples/launch_params_from_file/README.md
[2.796s] -- Up-to-date: /root/Lunar_ROADSTER/lr_ws/install/realsense2_camera/share/realsense2_camera/examples/launch_params_from_file/config
[2.811s] -- Up-to-date: /root/Lunar_ROADSTER/lr_ws/install/realsense2_camera/share/realsense2_camera/examples/launch_params_from_file/config/d435i_params.yaml
[2.811s] -- Up-to-date: /root/Lunar_ROADSTER/lr_ws/install/realsense2_camera/share/realsense2_camera/examples/launch_params_from_file/rs_launch_get_params_from_yaml.py
[2.826s] -- Up-to-date: /root/Lunar_ROADSTER/lr_ws/install/realsense2_camera/share/realsense2_camera/examples/pointcloud
[2.830s] -- Up-to-date: /root/Lunar_ROADSTER/lr_ws/install/realsense2_camera/share/realsense2_camera/examples/pointcloud/README.md
[2.831s] -- Up-to-date: /root/Lunar_ROADSTER/lr_ws/install/realsense2_camera/share/realsense2_camera/examples/pointcloud/rs_d405_pointcloud_launch.py
[2.845s] -- Up-to-date: /root/Lunar_ROADSTER/lr_ws/install/realsense2_camera/share/realsense2_camera/examples/pointcloud/rs_d455_pointcloud_launch.py
[2.850s] -- Up-to-date: /root/Lunar_ROADSTER/lr_ws/install/realsense2_camera/share/realsense2_camera/examples/pointcloud/rs_pointcloud_launch.py
[2.854s] -- Up-to-date: /root/Lunar_ROADSTER/lr_ws/install/realsense2_camera/share/realsense2_camera/examples/pointcloud/rviz
[2.855s] -- Up-to-date: /root/Lunar_ROADSTER/lr_ws/install/realsense2_camera/share/realsense2_camera/examples/pointcloud/rviz/pointcloud.rviz
[2.860s] -- Up-to-date: /root/Lunar_ROADSTER/lr_ws/install/realsense2_camera/share/realsense2_camera/examples/pointcloud/rviz/urdf_pointcloud.rviz
[2.861s] -- Up-to-date: /root/Lunar_ROADSTER/lr_ws/install/realsense2_camera/share/realsense2_camera/environment/library_path.sh
[2.865s] -- Up-to-date: /root/Lunar_ROADSTER/lr_ws/install/realsense2_camera/share/realsense2_camera/environment/library_path.dsv
[2.866s] -- Up-to-date: /root/Lunar_ROADSTER/lr_ws/install/realsense2_camera/share/ament_index/resource_index/package_run_dependencies/realsense2_camera
[2.873s] -- Up-to-date: /root/Lunar_ROADSTER/lr_ws/install/realsense2_camera/share/ament_index/resource_index/parent_prefix_path/realsense2_camera
[2.874s] -- Up-to-date: /root/Lunar_ROADSTER/lr_ws/install/realsense2_camera/share/realsense2_camera/environment/ament_prefix_path.sh
[2.874s] -- Up-to-date: /root/Lunar_ROADSTER/lr_ws/install/realsense2_camera/share/realsense2_camera/environment/ament_prefix_path.dsv
[2.877s] -- Up-to-date: /root/Lunar_ROADSTER/lr_ws/install/realsense2_camera/share/realsense2_camera/environment/path.sh
[2.877s] -- Up-to-date: /root/Lunar_ROADSTER/lr_ws/install/realsense2_camera/share/realsense2_camera/environment/path.dsv
[2.877s] -- Up-to-date: /root/Lunar_ROADSTER/lr_ws/install/realsense2_camera/share/realsense2_camera/local_setup.bash
[2.878s] -- Up-to-date: /root/Lunar_ROADSTER/lr_ws/install/realsense2_camera/share/realsense2_camera/local_setup.sh
[2.884s] -- Up-to-date: /root/Lunar_ROADSTER/lr_ws/install/realsense2_camera/share/realsense2_camera/local_setup.zsh
[2.885s] -- Up-to-date: /root/Lunar_ROADSTER/lr_ws/install/realsense2_camera/share/realsense2_camera/local_setup.dsv
[2.887s] -- Installing: /root/Lunar_ROADSTER/lr_ws/install/realsense2_camera/share/realsense2_camera/package.dsv
[2.887s] -- Up-to-date: /root/Lunar_ROADSTER/lr_ws/install/realsense2_camera/share/ament_index/resource_index/packages/realsense2_camera
[2.888s] -- Up-to-date: /root/Lunar_ROADSTER/lr_ws/install/realsense2_camera/share/ament_index/resource_index/rclcpp_components/realsense2_camera
[2.888s] -- Up-to-date: /root/Lunar_ROADSTER/lr_ws/install/realsense2_camera/share/realsense2_camera/cmake/ament_cmake_export_include_directories-extras.cmake
[2.888s] -- Up-to-date: /root/Lunar_ROADSTER/lr_ws/install/realsense2_camera/share/realsense2_camera/cmake/ament_cmake_export_libraries-extras.cmake
[2.889s] -- Up-to-date: /root/Lunar_ROADSTER/lr_ws/install/realsense2_camera/share/realsense2_camera/cmake/ament_cmake_export_dependencies-extras.cmake
[2.889s] -- Up-to-date: /root/Lunar_ROADSTER/lr_ws/install/realsense2_camera/share/realsense2_camera/cmake/realsense2_cameraConfig.cmake
[2.889s] -- Up-to-date: /root/Lunar_ROADSTER/lr_ws/install/realsense2_camera/share/realsense2_camera/cmake/realsense2_cameraConfig-version.cmake
[2.890s] -- Up-to-date: /root/Lunar_ROADSTER/lr_ws/install/realsense2_camera/share/realsense2_camera/package.xml
[3.110s] Invoked command in '/root/Lunar_ROADSTER/lr_ws/build/realsense2_camera' returned '0': AMENT_PREFIX_PATH=/root/Lunar_ROADSTER/lr_ws/install/realsense2_camera_msgs:${AMENT_PREFIX_PATH} CMAKE_PREFIX_PATH=/root/Lunar_ROADSTER/lr_ws/install/realsense2_camera_msgs:/opt/ros/humble LD_LIBRARY_PATH=/root/Lunar_ROADSTER/lr_ws/install/realsense2_camera_msgs/lib:/opt/ros/humble/opt/rviz_ogre_vendor/lib:/opt/ros/humble/lib/aarch64-linux-gnu:/opt/ros/humble/lib:/usr/local/cuda/lib64 PYTHONPATH=/root/Lunar_ROADSTER/lr_ws/install/realsense2_camera_msgs/local/lib/python3.10/dist-packages:${PYTHONPATH} /usr/local/bin/cmake --install /root/Lunar_ROADSTER/lr_ws/build/realsense2_camera
