[0.084s] Invoking command in '/root/Lunar_ROADSTER/lr_ws/build/localization': AMENT_PREFIX_PATH=/root/Lunar_ROADSTER/lr_ws/install/cg_msgs:${AMENT_PREFIX_PATH} CMAKE_PREFIX_PATH=/root/Lunar_ROADSTER/lr_ws/install/cg_msgs:/opt/ros/humble LD_LIBRARY_PATH=/root/Lunar_ROADSTER/lr_ws/install/cg_msgs/lib:/opt/ros/humble/opt/rviz_ogre_vendor/lib:/opt/ros/humble/lib/aarch64-linux-gnu:/opt/ros/humble/lib:/usr/local/cuda/lib64 PYTHONPATH=/root/Lunar_ROADSTER/lr_ws/install/cg_msgs/local/lib/python3.10/dist-packages:${PYTHONPATH} /usr/local/bin/cmake --build /root/Lunar_ROADSTER/lr_ws/build/localization -- -j4 -l4
[0.287s] [ 18%] Built target kalman_filter_linear
[0.411s] [ 45%] Built target imu_tf_publisher
[0.528s] [ 72%] Built target slip_estimate_node
[0.642s] [100%] Built target ts_prism_transformer
[0.670s] Invoked command in '/root/Lunar_ROADSTER/lr_ws/build/localization' returned '0': AMENT_PREFIX_PATH=/root/Lunar_ROADSTER/lr_ws/install/cg_msgs:${AMENT_PREFIX_PATH} CMAKE_PREFIX_PATH=/root/Lunar_ROADSTER/lr_ws/install/cg_msgs:/opt/ros/humble LD_LIBRARY_PATH=/root/Lunar_ROADSTER/lr_ws/install/cg_msgs/lib:/opt/ros/humble/opt/rviz_ogre_vendor/lib:/opt/ros/humble/lib/aarch64-linux-gnu:/opt/ros/humble/lib:/usr/local/cuda/lib64 PYTHONPATH=/root/Lunar_ROADSTER/lr_ws/install/cg_msgs/local/lib/python3.10/dist-packages:${PYTHONPATH} /usr/local/bin/cmake --build /root/Lunar_ROADSTER/lr_ws/build/localization -- -j4 -l4
[0.697s] Invoking command in '/root/Lunar_ROADSTER/lr_ws/build/localization': AMENT_PREFIX_PATH=/root/Lunar_ROADSTER/lr_ws/install/cg_msgs:${AMENT_PREFIX_PATH} CMAKE_PREFIX_PATH=/root/Lunar_ROADSTER/lr_ws/install/cg_msgs:/opt/ros/humble LD_LIBRARY_PATH=/root/Lunar_ROADSTER/lr_ws/install/cg_msgs/lib:/opt/ros/humble/opt/rviz_ogre_vendor/lib:/opt/ros/humble/lib/aarch64-linux-gnu:/opt/ros/humble/lib:/usr/local/cuda/lib64 PYTHONPATH=/root/Lunar_ROADSTER/lr_ws/install/cg_msgs/local/lib/python3.10/dist-packages:${PYTHONPATH} /usr/local/bin/cmake --install /root/Lunar_ROADSTER/lr_ws/build/localization
[0.712s] -- Install configuration: ""
[0.713s] -- Up-to-date: /root/Lunar_ROADSTER/lr_ws/install/localization/lib/localization/slip_estimate_node
[0.716s] -- Up-to-date: /root/Lunar_ROADSTER/lr_ws/install/localization/lib/localization/ts_prism_transformer
[0.722s] -- Up-to-date: /root/Lunar_ROADSTER/lr_ws/install/localization/lib/localization/imu_tf_publisher
[0.725s] -- Up-to-date: /root/Lunar_ROADSTER/lr_ws/install/localization/include/localization
[0.727s] -- Up-to-date: /root/Lunar_ROADSTER/lr_ws/install/localization/include/localization/imu_tf_publisher.hpp
[0.729s] -- Up-to-date: /root/Lunar_ROADSTER/lr_ws/install/localization/include/localization/kalman_filter_linear.hpp
[0.731s] -- Up-to-date: /root/Lunar_ROADSTER/lr_ws/install/localization/include/localization/slip_estimate_node.hpp
[0.731s] -- Up-to-date: /root/Lunar_ROADSTER/lr_ws/install/localization/include/localization/ts_prism_transformer.hpp
[0.732s] -- Up-to-date: /root/Lunar_ROADSTER/lr_ws/install/localization/share/localization/launch
[0.732s] -- Up-to-date: /root/Lunar_ROADSTER/lr_ws/install/localization/share/localization/launch/__pycache__
[0.733s] -- Up-to-date: /root/Lunar_ROADSTER/lr_ws/install/localization/share/localization/launch/__pycache__/ekf_localization.launch.cpython-38.pyc
[0.733s] -- Up-to-date: /root/Lunar_ROADSTER/lr_ws/install/localization/share/localization/launch/__pycache__/imu_tf_publisher.launch.cpython-310.pyc
[0.734s] -- Installing: /root/Lunar_ROADSTER/lr_ws/install/localization/share/localization/launch/__pycache__/ekf_localization.launch.cpython-310.pyc
[0.738s] -- Up-to-date: /root/Lunar_ROADSTER/lr_ws/install/localization/share/localization/launch/ekf_localization.launch.py
[0.740s] -- Up-to-date: /root/Lunar_ROADSTER/lr_ws/install/localization/share/localization/launch/imu_tf_publisher.launch.py
[0.741s] -- Up-to-date: /root/Lunar_ROADSTER/lr_ws/install/localization/share/localization/launch/slip_estimate_launch.py
[0.742s] -- Up-to-date: /root/Lunar_ROADSTER/lr_ws/install/localization/share/localization//config
[0.743s] -- Installing: /root/Lunar_ROADSTER/lr_ws/install/localization/share/localization//config/ekf_global_node_params.yaml
[0.745s] -- Up-to-date: /root/Lunar_ROADSTER/lr_ws/install/localization/share/localization//config/ekf_odom_node_params.yaml
[0.745s] -- Up-to-date: /root/Lunar_ROADSTER/lr_ws/install/localization/share/localization//config/ekf_slip_node_params.yaml
[0.746s] -- Up-to-date: /root/Lunar_ROADSTER/lr_ws/install/localization/share/localization//config/slip_estimate_params.yaml
[0.746s] -- Up-to-date: /root/Lunar_ROADSTER/lr_ws/install/localization/share/localization//config/total_station_beacon_static_tf_params.yaml
[0.746s] -- Up-to-date: /root/Lunar_ROADSTER/lr_ws/install/localization/share/ament_index/resource_index/package_run_dependencies/localization
[0.747s] -- Up-to-date: /root/Lunar_ROADSTER/lr_ws/install/localization/share/ament_index/resource_index/parent_prefix_path/localization
[0.748s] -- Up-to-date: /root/Lunar_ROADSTER/lr_ws/install/localization/share/localization/environment/ament_prefix_path.sh
[0.748s] -- Up-to-date: /root/Lunar_ROADSTER/lr_ws/install/localization/share/localization/environment/ament_prefix_path.dsv
[0.749s] -- Up-to-date: /root/Lunar_ROADSTER/lr_ws/install/localization/share/localization/environment/path.sh
[0.749s] -- Up-to-date: /root/Lunar_ROADSTER/lr_ws/install/localization/share/localization/environment/path.dsv
[0.750s] -- Up-to-date: /root/Lunar_ROADSTER/lr_ws/install/localization/share/localization/local_setup.bash
[0.750s] -- Up-to-date: /root/Lunar_ROADSTER/lr_ws/install/localization/share/localization/local_setup.sh
[0.750s] -- Up-to-date: /root/Lunar_ROADSTER/lr_ws/install/localization/share/localization/local_setup.zsh
[0.750s] -- Up-to-date: /root/Lunar_ROADSTER/lr_ws/install/localization/share/localization/local_setup.dsv
[0.752s] -- Installing: /root/Lunar_ROADSTER/lr_ws/install/localization/share/localization/package.dsv
[0.752s] -- Up-to-date: /root/Lunar_ROADSTER/lr_ws/install/localization/share/ament_index/resource_index/packages/localization
[0.753s] -- Up-to-date: /root/Lunar_ROADSTER/lr_ws/install/localization/share/localization/cmake/localizationConfig.cmake
[0.753s] -- Up-to-date: /root/Lunar_ROADSTER/lr_ws/install/localization/share/localization/cmake/localizationConfig-version.cmake
[0.754s] -- Up-to-date: /root/Lunar_ROADSTER/lr_ws/install/localization/share/localization/package.xml
[0.758s] Invoked command in '/root/Lunar_ROADSTER/lr_ws/build/localization' returned '0': AMENT_PREFIX_PATH=/root/Lunar_ROADSTER/lr_ws/install/cg_msgs:${AMENT_PREFIX_PATH} CMAKE_PREFIX_PATH=/root/Lunar_ROADSTER/lr_ws/install/cg_msgs:/opt/ros/humble LD_LIBRARY_PATH=/root/Lunar_ROADSTER/lr_ws/install/cg_msgs/lib:/opt/ros/humble/opt/rviz_ogre_vendor/lib:/opt/ros/humble/lib/aarch64-linux-gnu:/opt/ros/humble/lib:/usr/local/cuda/lib64 PYTHONPATH=/root/Lunar_ROADSTER/lr_ws/install/cg_msgs/local/lib/python3.10/dist-packages:${PYTHONPATH} /usr/local/bin/cmake --install /root/Lunar_ROADSTER/lr_ws/build/localization
