[0.701s] Invoking command in '/root/Lunar_ROADSTER/lr_ws/build/launcher': CMAKE_PREFIX_PATH=${CMAKE_PREFIX_PATH}:/root/Lunar_ROADSTER/lr_ws/install/nav2_simple_commander:/root/microros_ws/install/sensor_msgs_py:/opt/ros/humble /usr/local/bin/cmake --build /root/Lunar_ROADSTER/lr_ws/build/launcher -- -j4 -l4
[1.172s] Invoked command in '/root/Lunar_ROADSTER/lr_ws/build/launcher' returned '0': CMAKE_PREFIX_PATH=${CMAKE_PREFIX_PATH}:/root/Lunar_ROADSTER/lr_ws/install/nav2_simple_commander:/root/microros_ws/install/sensor_msgs_py:/opt/ros/humble /usr/local/bin/cmake --build /root/Lunar_ROADSTER/lr_ws/build/launcher -- -j4 -l4
[1.237s] Invoking command in '/root/Lunar_ROADSTER/lr_ws/build/launcher': CMAKE_PREFIX_PATH=${CMAKE_PREFIX_PATH}:/root/Lunar_ROADSTER/lr_ws/install/nav2_simple_commander:/root/microros_ws/install/sensor_msgs_py:/opt/ros/humble /usr/local/bin/cmake --install /root/Lunar_ROADSTER/lr_ws/build/launcher
[1.291s] -- Install configuration: ""
[1.292s] -- Up-to-date: /root/Lunar_ROADSTER/lr_ws/install/launcher/share/launcher/launch
[1.293s] -- Installing: /root/Lunar_ROADSTER/lr_ws/install/launcher/share/launcher/launch/launch.py
[1.299s] -- Up-to-date: /root/Lunar_ROADSTER/lr_ws/install/launcher/share/launcher/launch/svd_viz.rviz
[1.300s] -- Up-to-date: /root/Lunar_ROADSTER/lr_ws/install/launcher/share/ament_index/resource_index/package_run_dependencies/launcher
[1.302s] -- Up-to-date: /root/Lunar_ROADSTER/lr_ws/install/launcher/share/ament_index/resource_index/parent_prefix_path/launcher
[1.303s] -- Up-to-date: /root/Lunar_ROADSTER/lr_ws/install/launcher/share/launcher/environment/ament_prefix_path.sh
[1.304s] -- Up-to-date: /root/Lunar_ROADSTER/lr_ws/install/launcher/share/launcher/environment/ament_prefix_path.dsv
[1.305s] -- Up-to-date: /root/Lunar_ROADSTER/lr_ws/install/launcher/share/launcher/environment/path.sh
[1.306s] -- Up-to-date: /root/Lunar_ROADSTER/lr_ws/install/launcher/share/launcher/environment/path.dsv
[1.308s] -- Up-to-date: /root/Lunar_ROADSTER/lr_ws/install/launcher/share/launcher/local_setup.bash
[1.309s] -- Up-to-date: /root/Lunar_ROADSTER/lr_ws/install/launcher/share/launcher/local_setup.sh
[1.311s] -- Up-to-date: /root/Lunar_ROADSTER/lr_ws/install/launcher/share/launcher/local_setup.zsh
[1.313s] -- Up-to-date: /root/Lunar_ROADSTER/lr_ws/install/launcher/share/launcher/local_setup.dsv
[1.314s] -- Installing: /root/Lunar_ROADSTER/lr_ws/install/launcher/share/launcher/package.dsv
[1.316s] -- Up-to-date: /root/Lunar_ROADSTER/lr_ws/install/launcher/share/ament_index/resource_index/packages/launcher
[1.317s] -- Up-to-date: /root/Lunar_ROADSTER/lr_ws/install/launcher/share/launcher/cmake/launcherConfig.cmake
[1.319s] -- Up-to-date: /root/Lunar_ROADSTER/lr_ws/install/launcher/share/launcher/cmake/launcherConfig-version.cmake
[1.320s] -- Up-to-date: /root/Lunar_ROADSTER/lr_ws/install/launcher/share/launcher/package.xml
[1.326s] Invoked command in '/root/Lunar_ROADSTER/lr_ws/build/launcher' returned '0': CMAKE_PREFIX_PATH=${CMAKE_PREFIX_PATH}:/root/Lunar_ROADSTER/lr_ws/install/nav2_simple_commander:/root/microros_ws/install/sensor_msgs_py:/opt/ros/humble /usr/local/bin/cmake --install /root/Lunar_ROADSTER/lr_ws/build/launcher
