[0.348s] Invoking command in '/root/Lunar_ROADSTER/lr_ws/build/nav_2d_msgs': CMAKE_PREFIX_PATH=${CMAKE_PREFIX_PATH}:/root/Lunar_ROADSTER/lr_ws/install/nav2_simple_commander:/opt/ros/humble /usr/local/bin/cmake --build /root/Lunar_ROADSTER/lr_ws/build/nav_2d_msgs -- -j4 -l4
[1.105s] [  1%] Built target nav_2d_msgs__cpp
[1.360s] [ 12%] Built target nav_2d_msgs__rosidl_generator_c
[1.645s] [ 12%] Built target ament_cmake_python_copy_nav_2d_msgs
[1.812s] [ 23%] Built target nav_2d_msgs__rosidl_typesupport_fastrtps_cpp
[1.904s] [ 35%] Built target nav_2d_msgs__rosidl_typesupport_introspection_cpp
[2.209s] [ 46%] Built target nav_2d_msgs__rosidl_typesupport_fastrtps_c
[2.220s] [ 57%] Built target nav_2d_msgs__rosidl_typesupport_introspection_c
[2.478s] [ 69%] Built target nav_2d_msgs__rosidl_typesupport_c
[2.627s] [ 80%] Built target nav_2d_msgs__rosidl_typesupport_cpp
[2.949s] [ 80%] Built target nav_2d_msgs
[3.352s] [ 81%] Built target nav_2d_msgs__py
[3.985s] [ 91%] Built target nav_2d_msgs__rosidl_generator_py
[4.363s] [ 94%] Built target nav_2d_msgs__rosidl_typesupport_fastrtps_c__pyext
[4.685s] [ 97%] Built target nav_2d_msgs__rosidl_typesupport_c__pyext
[5.076s] [100%] Built target nav_2d_msgs__rosidl_typesupport_introspection_c__pyext
[5.786s] running egg_info
[5.786s] writing nav_2d_msgs.egg-info/PKG-INFO
[5.787s] writing dependency_links to nav_2d_msgs.egg-info/dependency_links.txt
[5.788s] writing top-level names to nav_2d_msgs.egg-info/top_level.txt
[5.801s] reading manifest file 'nav_2d_msgs.egg-info/SOURCES.txt'
[5.805s] writing manifest file 'nav_2d_msgs.egg-info/SOURCES.txt'
[5.945s] [100%] Built target ament_cmake_python_build_nav_2d_msgs_egg
[6.082s] Invoked command in '/root/Lunar_ROADSTER/lr_ws/build/nav_2d_msgs' returned '0': CMAKE_PREFIX_PATH=${CMAKE_PREFIX_PATH}:/root/Lunar_ROADSTER/lr_ws/install/nav2_simple_commander:/opt/ros/humble /usr/local/bin/cmake --build /root/Lunar_ROADSTER/lr_ws/build/nav_2d_msgs -- -j4 -l4
[6.178s] Invoking command in '/root/Lunar_ROADSTER/lr_ws/build/nav_2d_msgs': CMAKE_PREFIX_PATH=${CMAKE_PREFIX_PATH}:/root/Lunar_ROADSTER/lr_ws/install/nav2_simple_commander:/opt/ros/humble /usr/local/bin/cmake --install /root/Lunar_ROADSTER/lr_ws/build/nav_2d_msgs
[6.273s] -- Install configuration: ""
[6.274s] -- Up-to-date: /root/Lunar_ROADSTER/lr_ws/install/nav_2d_msgs/share/ament_index/resource_index/rosidl_interfaces/nav_2d_msgs
[6.274s] -- Up-to-date: /root/Lunar_ROADSTER/lr_ws/install/nav_2d_msgs/include/nav_2d_msgs/nav_2d_msgs
[6.275s] -- Up-to-date: /root/Lunar_ROADSTER/lr_ws/install/nav_2d_msgs/include/nav_2d_msgs/nav_2d_msgs/msg
[6.275s] -- Up-to-date: /root/Lunar_ROADSTER/lr_ws/install/nav_2d_msgs/include/nav_2d_msgs/nav_2d_msgs/msg/path2_d.h
[6.275s] -- Up-to-date: /root/Lunar_ROADSTER/lr_ws/install/nav_2d_msgs/include/nav_2d_msgs/nav_2d_msgs/msg/rosidl_generator_c__visibility_control.h
[6.275s] -- Up-to-date: /root/Lunar_ROADSTER/lr_ws/install/nav_2d_msgs/include/nav_2d_msgs/nav_2d_msgs/msg/detail
[6.276s] -- Up-to-date: /root/Lunar_ROADSTER/lr_ws/install/nav_2d_msgs/include/nav_2d_msgs/nav_2d_msgs/msg/detail/path2_d__functions.c
[6.282s] -- Up-to-date: /root/Lunar_ROADSTER/lr_ws/install/nav_2d_msgs/include/nav_2d_msgs/nav_2d_msgs/msg/detail/path2_d__functions.h
[6.283s] -- Up-to-date: /root/Lunar_ROADSTER/lr_ws/install/nav_2d_msgs/include/nav_2d_msgs/nav_2d_msgs/msg/detail/path2_d__struct.h
[6.285s] -- Up-to-date: /root/Lunar_ROADSTER/lr_ws/install/nav_2d_msgs/include/nav_2d_msgs/nav_2d_msgs/msg/detail/path2_d__type_support.h
[6.310s] -- Up-to-date: /root/Lunar_ROADSTER/lr_ws/install/nav_2d_msgs/include/nav_2d_msgs/nav_2d_msgs/msg/detail/pose2_d32__functions.c
[6.311s] -- Up-to-date: /root/Lunar_ROADSTER/lr_ws/install/nav_2d_msgs/include/nav_2d_msgs/nav_2d_msgs/msg/detail/pose2_d32__functions.h
[6.312s] -- Up-to-date: /root/Lunar_ROADSTER/lr_ws/install/nav_2d_msgs/include/nav_2d_msgs/nav_2d_msgs/msg/detail/pose2_d32__struct.h
[6.326s] -- Up-to-date: /root/Lunar_ROADSTER/lr_ws/install/nav_2d_msgs/include/nav_2d_msgs/nav_2d_msgs/msg/detail/pose2_d32__type_support.h
[6.328s] -- Up-to-date: /root/Lunar_ROADSTER/lr_ws/install/nav_2d_msgs/include/nav_2d_msgs/nav_2d_msgs/msg/detail/pose2_d_stamped__functions.c
[6.334s] -- Up-to-date: /root/Lunar_ROADSTER/lr_ws/install/nav_2d_msgs/include/nav_2d_msgs/nav_2d_msgs/msg/detail/pose2_d_stamped__functions.h
[6.334s] -- Up-to-date: /root/Lunar_ROADSTER/lr_ws/install/nav_2d_msgs/include/nav_2d_msgs/nav_2d_msgs/msg/detail/pose2_d_stamped__struct.h
[6.335s] -- Up-to-date: /root/Lunar_ROADSTER/lr_ws/install/nav_2d_msgs/include/nav_2d_msgs/nav_2d_msgs/msg/detail/pose2_d_stamped__type_support.h
[6.335s] -- Up-to-date: /root/Lunar_ROADSTER/lr_ws/install/nav_2d_msgs/include/nav_2d_msgs/nav_2d_msgs/msg/detail/twist2_d__functions.c
[6.335s] -- Up-to-date: /root/Lunar_ROADSTER/lr_ws/install/nav_2d_msgs/include/nav_2d_msgs/nav_2d_msgs/msg/detail/twist2_d__functions.h
[6.338s] -- Up-to-date: /root/Lunar_ROADSTER/lr_ws/install/nav_2d_msgs/include/nav_2d_msgs/nav_2d_msgs/msg/detail/twist2_d__struct.h
[6.339s] -- Up-to-date: /root/Lunar_ROADSTER/lr_ws/install/nav_2d_msgs/include/nav_2d_msgs/nav_2d_msgs/msg/detail/twist2_d__type_support.h
[6.340s] -- Up-to-date: /root/Lunar_ROADSTER/lr_ws/install/nav_2d_msgs/include/nav_2d_msgs/nav_2d_msgs/msg/detail/twist2_d32__functions.c
[6.340s] -- Up-to-date: /root/Lunar_ROADSTER/lr_ws/install/nav_2d_msgs/include/nav_2d_msgs/nav_2d_msgs/msg/detail/twist2_d32__functions.h
[6.340s] -- Up-to-date: /root/Lunar_ROADSTER/lr_ws/install/nav_2d_msgs/include/nav_2d_msgs/nav_2d_msgs/msg/detail/twist2_d32__struct.h
[6.340s] -- Up-to-date: /root/Lunar_ROADSTER/lr_ws/install/nav_2d_msgs/include/nav_2d_msgs/nav_2d_msgs/msg/detail/twist2_d32__type_support.h
[6.341s] -- Up-to-date: /root/Lunar_ROADSTER/lr_ws/install/nav_2d_msgs/include/nav_2d_msgs/nav_2d_msgs/msg/detail/twist2_d_stamped__functions.c
[6.341s] -- Up-to-date: /root/Lunar_ROADSTER/lr_ws/install/nav_2d_msgs/include/nav_2d_msgs/nav_2d_msgs/msg/detail/twist2_d_stamped__functions.h
[6.341s] -- Up-to-date: /root/Lunar_ROADSTER/lr_ws/install/nav_2d_msgs/include/nav_2d_msgs/nav_2d_msgs/msg/detail/twist2_d_stamped__struct.h
[6.341s] -- Up-to-date: /root/Lunar_ROADSTER/lr_ws/install/nav_2d_msgs/include/nav_2d_msgs/nav_2d_msgs/msg/detail/twist2_d_stamped__type_support.h
[6.342s] -- Up-to-date: /root/Lunar_ROADSTER/lr_ws/install/nav_2d_msgs/include/nav_2d_msgs/nav_2d_msgs/msg/pose2_d32.h
[6.346s] -- Up-to-date: /root/Lunar_ROADSTER/lr_ws/install/nav_2d_msgs/include/nav_2d_msgs/nav_2d_msgs/msg/pose2_d_stamped.h
[6.346s] -- Up-to-date: /root/Lunar_ROADSTER/lr_ws/install/nav_2d_msgs/include/nav_2d_msgs/nav_2d_msgs/msg/twist2_d.h
[6.346s] -- Up-to-date: /root/Lunar_ROADSTER/lr_ws/install/nav_2d_msgs/include/nav_2d_msgs/nav_2d_msgs/msg/twist2_d32.h
[6.347s] -- Up-to-date: /root/Lunar_ROADSTER/lr_ws/install/nav_2d_msgs/include/nav_2d_msgs/nav_2d_msgs/msg/twist2_d_stamped.h
[6.347s] -- Up-to-date: /root/Lunar_ROADSTER/lr_ws/install/nav_2d_msgs/share/nav_2d_msgs/environment/library_path.sh
[6.347s] -- Up-to-date: /root/Lunar_ROADSTER/lr_ws/install/nav_2d_msgs/share/nav_2d_msgs/environment/library_path.dsv
[6.357s] -- Up-to-date: /root/Lunar_ROADSTER/lr_ws/install/nav_2d_msgs/lib/libnav_2d_msgs__rosidl_generator_c.so
[6.357s] -- Up-to-date: /root/Lunar_ROADSTER/lr_ws/install/nav_2d_msgs/include/nav_2d_msgs/nav_2d_msgs
[6.358s] -- Up-to-date: /root/Lunar_ROADSTER/lr_ws/install/nav_2d_msgs/include/nav_2d_msgs/nav_2d_msgs/msg
[6.360s] -- Up-to-date: /root/Lunar_ROADSTER/lr_ws/install/nav_2d_msgs/include/nav_2d_msgs/nav_2d_msgs/msg/detail
[6.360s] -- Up-to-date: /root/Lunar_ROADSTER/lr_ws/install/nav_2d_msgs/include/nav_2d_msgs/nav_2d_msgs/msg/detail/path2_d__rosidl_typesupport_fastrtps_c.h
[6.361s] -- Up-to-date: /root/Lunar_ROADSTER/lr_ws/install/nav_2d_msgs/include/nav_2d_msgs/nav_2d_msgs/msg/detail/pose2_d32__rosidl_typesupport_fastrtps_c.h
[6.364s] -- Up-to-date: /root/Lunar_ROADSTER/lr_ws/install/nav_2d_msgs/include/nav_2d_msgs/nav_2d_msgs/msg/detail/pose2_d_stamped__rosidl_typesupport_fastrtps_c.h
[6.365s] -- Up-to-date: /root/Lunar_ROADSTER/lr_ws/install/nav_2d_msgs/include/nav_2d_msgs/nav_2d_msgs/msg/detail/twist2_d__rosidl_typesupport_fastrtps_c.h
[6.366s] -- Up-to-date: /root/Lunar_ROADSTER/lr_ws/install/nav_2d_msgs/include/nav_2d_msgs/nav_2d_msgs/msg/detail/twist2_d32__rosidl_typesupport_fastrtps_c.h
[6.367s] -- Up-to-date: /root/Lunar_ROADSTER/lr_ws/install/nav_2d_msgs/include/nav_2d_msgs/nav_2d_msgs/msg/detail/twist2_d_stamped__rosidl_typesupport_fastrtps_c.h
[6.368s] -- Up-to-date: /root/Lunar_ROADSTER/lr_ws/install/nav_2d_msgs/include/nav_2d_msgs/nav_2d_msgs/msg/rosidl_typesupport_fastrtps_c__visibility_control.h
[6.370s] -- Up-to-date: /root/Lunar_ROADSTER/lr_ws/install/nav_2d_msgs/lib/libnav_2d_msgs__rosidl_typesupport_fastrtps_c.so
[6.370s] -- Up-to-date: /root/Lunar_ROADSTER/lr_ws/install/nav_2d_msgs/include/nav_2d_msgs/nav_2d_msgs
[6.371s] -- Up-to-date: /root/Lunar_ROADSTER/lr_ws/install/nav_2d_msgs/include/nav_2d_msgs/nav_2d_msgs/msg
[6.372s] -- Up-to-date: /root/Lunar_ROADSTER/lr_ws/install/nav_2d_msgs/include/nav_2d_msgs/nav_2d_msgs/msg/path2_d.hpp
[6.372s] -- Up-to-date: /root/Lunar_ROADSTER/lr_ws/install/nav_2d_msgs/include/nav_2d_msgs/nav_2d_msgs/msg/detail
[6.374s] -- Up-to-date: /root/Lunar_ROADSTER/lr_ws/install/nav_2d_msgs/include/nav_2d_msgs/nav_2d_msgs/msg/detail/path2_d__builder.hpp
[6.374s] -- Up-to-date: /root/Lunar_ROADSTER/lr_ws/install/nav_2d_msgs/include/nav_2d_msgs/nav_2d_msgs/msg/detail/path2_d__struct.hpp
[6.388s] -- Up-to-date: /root/Lunar_ROADSTER/lr_ws/install/nav_2d_msgs/include/nav_2d_msgs/nav_2d_msgs/msg/detail/path2_d__traits.hpp
[6.388s] -- Up-to-date: /root/Lunar_ROADSTER/lr_ws/install/nav_2d_msgs/include/nav_2d_msgs/nav_2d_msgs/msg/detail/path2_d__type_support.hpp
[6.389s] -- Up-to-date: /root/Lunar_ROADSTER/lr_ws/install/nav_2d_msgs/include/nav_2d_msgs/nav_2d_msgs/msg/detail/pose2_d32__builder.hpp
[6.389s] -- Up-to-date: /root/Lunar_ROADSTER/lr_ws/install/nav_2d_msgs/include/nav_2d_msgs/nav_2d_msgs/msg/detail/pose2_d32__struct.hpp
[6.389s] -- Up-to-date: /root/Lunar_ROADSTER/lr_ws/install/nav_2d_msgs/include/nav_2d_msgs/nav_2d_msgs/msg/detail/pose2_d32__traits.hpp
[6.390s] -- Up-to-date: /root/Lunar_ROADSTER/lr_ws/install/nav_2d_msgs/include/nav_2d_msgs/nav_2d_msgs/msg/detail/pose2_d32__type_support.hpp
[6.398s] -- Up-to-date: /root/Lunar_ROADSTER/lr_ws/install/nav_2d_msgs/include/nav_2d_msgs/nav_2d_msgs/msg/detail/pose2_d_stamped__builder.hpp
[6.400s] -- Up-to-date: /root/Lunar_ROADSTER/lr_ws/install/nav_2d_msgs/include/nav_2d_msgs/nav_2d_msgs/msg/detail/pose2_d_stamped__struct.hpp
[6.404s] -- Up-to-date: /root/Lunar_ROADSTER/lr_ws/install/nav_2d_msgs/include/nav_2d_msgs/nav_2d_msgs/msg/detail/pose2_d_stamped__traits.hpp
[6.409s] -- Up-to-date: /root/Lunar_ROADSTER/lr_ws/install/nav_2d_msgs/include/nav_2d_msgs/nav_2d_msgs/msg/detail/pose2_d_stamped__type_support.hpp
[6.409s] -- Up-to-date: /root/Lunar_ROADSTER/lr_ws/install/nav_2d_msgs/include/nav_2d_msgs/nav_2d_msgs/msg/detail/twist2_d__builder.hpp
[6.409s] -- Up-to-date: /root/Lunar_ROADSTER/lr_ws/install/nav_2d_msgs/include/nav_2d_msgs/nav_2d_msgs/msg/detail/twist2_d__struct.hpp
[6.412s] -- Up-to-date: /root/Lunar_ROADSTER/lr_ws/install/nav_2d_msgs/include/nav_2d_msgs/nav_2d_msgs/msg/detail/twist2_d__traits.hpp
[6.413s] -- Up-to-date: /root/Lunar_ROADSTER/lr_ws/install/nav_2d_msgs/include/nav_2d_msgs/nav_2d_msgs/msg/detail/twist2_d__type_support.hpp
[6.415s] -- Up-to-date: /root/Lunar_ROADSTER/lr_ws/install/nav_2d_msgs/include/nav_2d_msgs/nav_2d_msgs/msg/detail/twist2_d32__builder.hpp
[6.415s] -- Up-to-date: /root/Lunar_ROADSTER/lr_ws/install/nav_2d_msgs/include/nav_2d_msgs/nav_2d_msgs/msg/detail/twist2_d32__struct.hpp
[6.415s] -- Up-to-date: /root/Lunar_ROADSTER/lr_ws/install/nav_2d_msgs/include/nav_2d_msgs/nav_2d_msgs/msg/detail/twist2_d32__traits.hpp
[6.416s] -- Up-to-date: /root/Lunar_ROADSTER/lr_ws/install/nav_2d_msgs/include/nav_2d_msgs/nav_2d_msgs/msg/detail/twist2_d32__type_support.hpp
[6.416s] -- Up-to-date: /root/Lunar_ROADSTER/lr_ws/install/nav_2d_msgs/include/nav_2d_msgs/nav_2d_msgs/msg/detail/twist2_d_stamped__builder.hpp
[6.416s] -- Up-to-date: /root/Lunar_ROADSTER/lr_ws/install/nav_2d_msgs/include/nav_2d_msgs/nav_2d_msgs/msg/detail/twist2_d_stamped__struct.hpp
[6.416s] -- Up-to-date: /root/Lunar_ROADSTER/lr_ws/install/nav_2d_msgs/include/nav_2d_msgs/nav_2d_msgs/msg/detail/twist2_d_stamped__traits.hpp
[6.417s] -- Up-to-date: /root/Lunar_ROADSTER/lr_ws/install/nav_2d_msgs/include/nav_2d_msgs/nav_2d_msgs/msg/detail/twist2_d_stamped__type_support.hpp
[6.417s] -- Up-to-date: /root/Lunar_ROADSTER/lr_ws/install/nav_2d_msgs/include/nav_2d_msgs/nav_2d_msgs/msg/rosidl_generator_cpp__visibility_control.hpp
[6.417s] -- Up-to-date: /root/Lunar_ROADSTER/lr_ws/install/nav_2d_msgs/include/nav_2d_msgs/nav_2d_msgs/msg/pose2_d32.hpp
[6.417s] -- Up-to-date: /root/Lunar_ROADSTER/lr_ws/install/nav_2d_msgs/include/nav_2d_msgs/nav_2d_msgs/msg/pose2_d_stamped.hpp
[6.418s] -- Up-to-date: /root/Lunar_ROADSTER/lr_ws/install/nav_2d_msgs/include/nav_2d_msgs/nav_2d_msgs/msg/twist2_d.hpp
[6.418s] -- Up-to-date: /root/Lunar_ROADSTER/lr_ws/install/nav_2d_msgs/include/nav_2d_msgs/nav_2d_msgs/msg/twist2_d32.hpp
[6.418s] -- Up-to-date: /root/Lunar_ROADSTER/lr_ws/install/nav_2d_msgs/include/nav_2d_msgs/nav_2d_msgs/msg/twist2_d_stamped.hpp
[6.418s] -- Up-to-date: /root/Lunar_ROADSTER/lr_ws/install/nav_2d_msgs/include/nav_2d_msgs/nav_2d_msgs
[6.424s] -- Up-to-date: /root/Lunar_ROADSTER/lr_ws/install/nav_2d_msgs/include/nav_2d_msgs/nav_2d_msgs/msg
[6.425s] -- Up-to-date: /root/Lunar_ROADSTER/lr_ws/install/nav_2d_msgs/include/nav_2d_msgs/nav_2d_msgs/msg/detail
[6.517s] -- Up-to-date: /root/Lunar_ROADSTER/lr_ws/install/nav_2d_msgs/include/nav_2d_msgs/nav_2d_msgs/msg/detail/path2_d__rosidl_typesupport_fastrtps_cpp.hpp
[6.525s] -- Up-to-date: /root/Lunar_ROADSTER/lr_ws/install/nav_2d_msgs/include/nav_2d_msgs/nav_2d_msgs/msg/detail/dds_fastrtps
[6.526s] -- Up-to-date: /root/Lunar_ROADSTER/lr_ws/install/nav_2d_msgs/include/nav_2d_msgs/nav_2d_msgs/msg/detail/pose2_d32__rosidl_typesupport_fastrtps_cpp.hpp
[6.526s] -- Up-to-date: /root/Lunar_ROADSTER/lr_ws/install/nav_2d_msgs/include/nav_2d_msgs/nav_2d_msgs/msg/detail/pose2_d_stamped__rosidl_typesupport_fastrtps_cpp.hpp
[6.529s] -- Up-to-date: /root/Lunar_ROADSTER/lr_ws/install/nav_2d_msgs/include/nav_2d_msgs/nav_2d_msgs/msg/detail/twist2_d__rosidl_typesupport_fastrtps_cpp.hpp
[6.531s] -- Up-to-date: /root/Lunar_ROADSTER/lr_ws/install/nav_2d_msgs/include/nav_2d_msgs/nav_2d_msgs/msg/detail/twist2_d32__rosidl_typesupport_fastrtps_cpp.hpp
[6.537s] -- Up-to-date: /root/Lunar_ROADSTER/lr_ws/install/nav_2d_msgs/include/nav_2d_msgs/nav_2d_msgs/msg/detail/twist2_d_stamped__rosidl_typesupport_fastrtps_cpp.hpp
[6.583s] -- Up-to-date: /root/Lunar_ROADSTER/lr_ws/install/nav_2d_msgs/include/nav_2d_msgs/nav_2d_msgs/msg/rosidl_typesupport_fastrtps_cpp__visibility_control.h
[6.584s] -- Up-to-date: /root/Lunar_ROADSTER/lr_ws/install/nav_2d_msgs/lib/libnav_2d_msgs__rosidl_typesupport_fastrtps_cpp.so
[6.608s] -- Up-to-date: /root/Lunar_ROADSTER/lr_ws/install/nav_2d_msgs/include/nav_2d_msgs/nav_2d_msgs
[6.610s] -- Up-to-date: /root/Lunar_ROADSTER/lr_ws/install/nav_2d_msgs/include/nav_2d_msgs/nav_2d_msgs/msg
[6.610s] -- Up-to-date: /root/Lunar_ROADSTER/lr_ws/install/nav_2d_msgs/include/nav_2d_msgs/nav_2d_msgs/msg/detail
[6.611s] -- Up-to-date: /root/Lunar_ROADSTER/lr_ws/install/nav_2d_msgs/include/nav_2d_msgs/nav_2d_msgs/msg/detail/path2_d__rosidl_typesupport_introspection_c.h
[6.619s] -- Up-to-date: /root/Lunar_ROADSTER/lr_ws/install/nav_2d_msgs/include/nav_2d_msgs/nav_2d_msgs/msg/detail/path2_d__type_support.c
[6.623s] -- Up-to-date: /root/Lunar_ROADSTER/lr_ws/install/nav_2d_msgs/include/nav_2d_msgs/nav_2d_msgs/msg/detail/pose2_d32__rosidl_typesupport_introspection_c.h
[6.625s] -- Up-to-date: /root/Lunar_ROADSTER/lr_ws/install/nav_2d_msgs/include/nav_2d_msgs/nav_2d_msgs/msg/detail/pose2_d32__type_support.c
[6.626s] -- Up-to-date: /root/Lunar_ROADSTER/lr_ws/install/nav_2d_msgs/include/nav_2d_msgs/nav_2d_msgs/msg/detail/pose2_d_stamped__rosidl_typesupport_introspection_c.h
[6.659s] -- Up-to-date: /root/Lunar_ROADSTER/lr_ws/install/nav_2d_msgs/include/nav_2d_msgs/nav_2d_msgs/msg/detail/pose2_d_stamped__type_support.c
[6.662s] -- Up-to-date: /root/Lunar_ROADSTER/lr_ws/install/nav_2d_msgs/include/nav_2d_msgs/nav_2d_msgs/msg/detail/twist2_d__rosidl_typesupport_introspection_c.h
[6.662s] -- Up-to-date: /root/Lunar_ROADSTER/lr_ws/install/nav_2d_msgs/include/nav_2d_msgs/nav_2d_msgs/msg/detail/twist2_d__type_support.c
[6.663s] -- Up-to-date: /root/Lunar_ROADSTER/lr_ws/install/nav_2d_msgs/include/nav_2d_msgs/nav_2d_msgs/msg/detail/twist2_d32__rosidl_typesupport_introspection_c.h
[6.664s] -- Up-to-date: /root/Lunar_ROADSTER/lr_ws/install/nav_2d_msgs/include/nav_2d_msgs/nav_2d_msgs/msg/detail/twist2_d32__type_support.c
[6.664s] -- Up-to-date: /root/Lunar_ROADSTER/lr_ws/install/nav_2d_msgs/include/nav_2d_msgs/nav_2d_msgs/msg/detail/twist2_d_stamped__rosidl_typesupport_introspection_c.h
[6.664s] -- Up-to-date: /root/Lunar_ROADSTER/lr_ws/install/nav_2d_msgs/include/nav_2d_msgs/nav_2d_msgs/msg/detail/twist2_d_stamped__type_support.c
[6.665s] -- Up-to-date: /root/Lunar_ROADSTER/lr_ws/install/nav_2d_msgs/include/nav_2d_msgs/nav_2d_msgs/msg/rosidl_typesupport_introspection_c__visibility_control.h
[6.665s] -- Up-to-date: /root/Lunar_ROADSTER/lr_ws/install/nav_2d_msgs/lib/libnav_2d_msgs__rosidl_typesupport_introspection_c.so
[6.669s] -- Up-to-date: /root/Lunar_ROADSTER/lr_ws/install/nav_2d_msgs/lib/libnav_2d_msgs__rosidl_typesupport_c.so
[6.672s] -- Up-to-date: /root/Lunar_ROADSTER/lr_ws/install/nav_2d_msgs/include/nav_2d_msgs/nav_2d_msgs
[6.677s] -- Up-to-date: /root/Lunar_ROADSTER/lr_ws/install/nav_2d_msgs/include/nav_2d_msgs/nav_2d_msgs/msg
[6.679s] -- Up-to-date: /root/Lunar_ROADSTER/lr_ws/install/nav_2d_msgs/include/nav_2d_msgs/nav_2d_msgs/msg/detail
[6.681s] -- Up-to-date: /root/Lunar_ROADSTER/lr_ws/install/nav_2d_msgs/include/nav_2d_msgs/nav_2d_msgs/msg/detail/path2_d__rosidl_typesupport_introspection_cpp.hpp
[6.681s] -- Up-to-date: /root/Lunar_ROADSTER/lr_ws/install/nav_2d_msgs/include/nav_2d_msgs/nav_2d_msgs/msg/detail/path2_d__type_support.cpp
[6.681s] -- Up-to-date: /root/Lunar_ROADSTER/lr_ws/install/nav_2d_msgs/include/nav_2d_msgs/nav_2d_msgs/msg/detail/pose2_d32__rosidl_typesupport_introspection_cpp.hpp
[6.682s] -- Up-to-date: /root/Lunar_ROADSTER/lr_ws/install/nav_2d_msgs/include/nav_2d_msgs/nav_2d_msgs/msg/detail/pose2_d32__type_support.cpp
[6.682s] -- Up-to-date: /root/Lunar_ROADSTER/lr_ws/install/nav_2d_msgs/include/nav_2d_msgs/nav_2d_msgs/msg/detail/pose2_d_stamped__rosidl_typesupport_introspection_cpp.hpp
[6.691s] -- Up-to-date: /root/Lunar_ROADSTER/lr_ws/install/nav_2d_msgs/include/nav_2d_msgs/nav_2d_msgs/msg/detail/pose2_d_stamped__type_support.cpp
[6.703s] -- Up-to-date: /root/Lunar_ROADSTER/lr_ws/install/nav_2d_msgs/include/nav_2d_msgs/nav_2d_msgs/msg/detail/twist2_d__rosidl_typesupport_introspection_cpp.hpp
[6.706s] -- Up-to-date: /root/Lunar_ROADSTER/lr_ws/install/nav_2d_msgs/include/nav_2d_msgs/nav_2d_msgs/msg/detail/twist2_d__type_support.cpp
[6.732s] -- Up-to-date: /root/Lunar_ROADSTER/lr_ws/install/nav_2d_msgs/include/nav_2d_msgs/nav_2d_msgs/msg/detail/twist2_d32__rosidl_typesupport_introspection_cpp.hpp
[6.733s] -- Up-to-date: /root/Lunar_ROADSTER/lr_ws/install/nav_2d_msgs/include/nav_2d_msgs/nav_2d_msgs/msg/detail/twist2_d32__type_support.cpp
[6.733s] -- Up-to-date: /root/Lunar_ROADSTER/lr_ws/install/nav_2d_msgs/include/nav_2d_msgs/nav_2d_msgs/msg/detail/twist2_d_stamped__rosidl_typesupport_introspection_cpp.hpp
[6.733s] -- Up-to-date: /root/Lunar_ROADSTER/lr_ws/install/nav_2d_msgs/include/nav_2d_msgs/nav_2d_msgs/msg/detail/twist2_d_stamped__type_support.cpp
[6.734s] -- Up-to-date: /root/Lunar_ROADSTER/lr_ws/install/nav_2d_msgs/lib/libnav_2d_msgs__rosidl_typesupport_introspection_cpp.so
[6.734s] -- Up-to-date: /root/Lunar_ROADSTER/lr_ws/install/nav_2d_msgs/lib/libnav_2d_msgs__rosidl_typesupport_cpp.so
[6.750s] -- Up-to-date: /root/Lunar_ROADSTER/lr_ws/install/nav_2d_msgs/share/nav_2d_msgs/environment/pythonpath.sh
[6.750s] -- Up-to-date: /root/Lunar_ROADSTER/lr_ws/install/nav_2d_msgs/share/nav_2d_msgs/environment/pythonpath.dsv
[6.780s] -- Up-to-date: /root/Lunar_ROADSTER/lr_ws/install/nav_2d_msgs/local/lib/python3.10/dist-packages/nav_2d_msgs-1.1.18-py3.10.egg-info
[6.783s] -- Installing: /root/Lunar_ROADSTER/lr_ws/install/nav_2d_msgs/local/lib/python3.10/dist-packages/nav_2d_msgs-1.1.18-py3.10.egg-info/PKG-INFO
[6.783s] -- Installing: /root/Lunar_ROADSTER/lr_ws/install/nav_2d_msgs/local/lib/python3.10/dist-packages/nav_2d_msgs-1.1.18-py3.10.egg-info/dependency_links.txt
[6.783s] -- Installing: /root/Lunar_ROADSTER/lr_ws/install/nav_2d_msgs/local/lib/python3.10/dist-packages/nav_2d_msgs-1.1.18-py3.10.egg-info/top_level.txt
[6.784s] -- Installing: /root/Lunar_ROADSTER/lr_ws/install/nav_2d_msgs/local/lib/python3.10/dist-packages/nav_2d_msgs-1.1.18-py3.10.egg-info/SOURCES.txt
[6.784s] -- Up-to-date: /root/Lunar_ROADSTER/lr_ws/install/nav_2d_msgs/local/lib/python3.10/dist-packages/nav_2d_msgs
[6.784s] -- Up-to-date: /root/Lunar_ROADSTER/lr_ws/install/nav_2d_msgs/local/lib/python3.10/dist-packages/nav_2d_msgs/__init__.py
[6.784s] -- Up-to-date: /root/Lunar_ROADSTER/lr_ws/install/nav_2d_msgs/local/lib/python3.10/dist-packages/nav_2d_msgs/msg
[6.785s] -- Up-to-date: /root/Lunar_ROADSTER/lr_ws/install/nav_2d_msgs/local/lib/python3.10/dist-packages/nav_2d_msgs/msg/_path2_d.py
[6.785s] -- Up-to-date: /root/Lunar_ROADSTER/lr_ws/install/nav_2d_msgs/local/lib/python3.10/dist-packages/nav_2d_msgs/msg/_path2_d_s.c
[6.785s] -- Up-to-date: /root/Lunar_ROADSTER/lr_ws/install/nav_2d_msgs/local/lib/python3.10/dist-packages/nav_2d_msgs/msg/_pose2_d32.py
[6.786s] -- Up-to-date: /root/Lunar_ROADSTER/lr_ws/install/nav_2d_msgs/local/lib/python3.10/dist-packages/nav_2d_msgs/msg/_pose2_d32_s.c
[6.807s] -- Up-to-date: /root/Lunar_ROADSTER/lr_ws/install/nav_2d_msgs/local/lib/python3.10/dist-packages/nav_2d_msgs/msg/_pose2_d_stamped.py
[6.807s] -- Up-to-date: /root/Lunar_ROADSTER/lr_ws/install/nav_2d_msgs/local/lib/python3.10/dist-packages/nav_2d_msgs/msg/_pose2_d_stamped_s.c
[6.807s] -- Up-to-date: /root/Lunar_ROADSTER/lr_ws/install/nav_2d_msgs/local/lib/python3.10/dist-packages/nav_2d_msgs/msg/_twist2_d.py
[6.808s] -- Up-to-date: /root/Lunar_ROADSTER/lr_ws/install/nav_2d_msgs/local/lib/python3.10/dist-packages/nav_2d_msgs/msg/_twist2_d_s.c
[6.808s] -- Up-to-date: /root/Lunar_ROADSTER/lr_ws/install/nav_2d_msgs/local/lib/python3.10/dist-packages/nav_2d_msgs/msg/_twist2_d32.py
[6.808s] -- Up-to-date: /root/Lunar_ROADSTER/lr_ws/install/nav_2d_msgs/local/lib/python3.10/dist-packages/nav_2d_msgs/msg/_twist2_d32_s.c
[6.809s] -- Up-to-date: /root/Lunar_ROADSTER/lr_ws/install/nav_2d_msgs/local/lib/python3.10/dist-packages/nav_2d_msgs/msg/_twist2_d_stamped.py
[6.809s] -- Up-to-date: /root/Lunar_ROADSTER/lr_ws/install/nav_2d_msgs/local/lib/python3.10/dist-packages/nav_2d_msgs/msg/_twist2_d_stamped_s.c
[6.810s] -- Up-to-date: /root/Lunar_ROADSTER/lr_ws/install/nav_2d_msgs/local/lib/python3.10/dist-packages/nav_2d_msgs/msg/__init__.py
[6.810s] -- Up-to-date: /root/Lunar_ROADSTER/lr_ws/install/nav_2d_msgs/local/lib/python3.10/dist-packages/nav_2d_msgs/_nav_2d_msgs_s.ep.rosidl_typesupport_fastrtps_c.c
[6.811s] -- Up-to-date: /root/Lunar_ROADSTER/lr_ws/install/nav_2d_msgs/local/lib/python3.10/dist-packages/nav_2d_msgs/_nav_2d_msgs_s.ep.rosidl_typesupport_introspection_c.c
[6.811s] -- Up-to-date: /root/Lunar_ROADSTER/lr_ws/install/nav_2d_msgs/local/lib/python3.10/dist-packages/nav_2d_msgs/_nav_2d_msgs_s.ep.rosidl_typesupport_c.c
[6.812s] -- Up-to-date: /root/Lunar_ROADSTER/lr_ws/install/nav_2d_msgs/local/lib/python3.10/dist-packages/nav_2d_msgs/libnav_2d_msgs__rosidl_generator_py.so
[6.812s] -- Up-to-date: /root/Lunar_ROADSTER/lr_ws/install/nav_2d_msgs/local/lib/python3.10/dist-packages/nav_2d_msgs/nav_2d_msgs_s__rosidl_typesupport_fastrtps_c.cpython-310-aarch64-linux-gnu.so
[6.812s] -- Up-to-date: /root/Lunar_ROADSTER/lr_ws/install/nav_2d_msgs/local/lib/python3.10/dist-packages/nav_2d_msgs/nav_2d_msgs_s__rosidl_typesupport_c.cpython-310-aarch64-linux-gnu.so
[6.812s] -- Up-to-date: /root/Lunar_ROADSTER/lr_ws/install/nav_2d_msgs/local/lib/python3.10/dist-packages/nav_2d_msgs/nav_2d_msgs_s__rosidl_typesupport_introspection_c.cpython-310-aarch64-linux-gnu.so
[7.727s] Listing '/root/Lunar_ROADSTER/lr_ws/install/nav_2d_msgs/local/lib/python3.10/dist-packages/nav_2d_msgs'...
[7.728s] Listing '/root/Lunar_ROADSTER/lr_ws/install/nav_2d_msgs/local/lib/python3.10/dist-packages/nav_2d_msgs/msg'...
[7.772s] -- Up-to-date: /root/Lunar_ROADSTER/lr_ws/install/nav_2d_msgs/local/lib/python3.10/dist-packages/nav_2d_msgs/nav_2d_msgs_s__rosidl_typesupport_fastrtps_c.cpython-310-aarch64-linux-gnu.so
[7.773s] -- Up-to-date: /root/Lunar_ROADSTER/lr_ws/install/nav_2d_msgs/local/lib/python3.10/dist-packages/nav_2d_msgs/nav_2d_msgs_s__rosidl_typesupport_introspection_c.cpython-310-aarch64-linux-gnu.so
[7.773s] -- Up-to-date: /root/Lunar_ROADSTER/lr_ws/install/nav_2d_msgs/local/lib/python3.10/dist-packages/nav_2d_msgs/nav_2d_msgs_s__rosidl_typesupport_c.cpython-310-aarch64-linux-gnu.so
[7.776s] -- Up-to-date: /root/Lunar_ROADSTER/lr_ws/install/nav_2d_msgs/lib/libnav_2d_msgs__rosidl_generator_py.so
[7.777s] -- Up-to-date: /root/Lunar_ROADSTER/lr_ws/install/nav_2d_msgs/share/nav_2d_msgs/msg/Path2D.idl
[7.777s] -- Up-to-date: /root/Lunar_ROADSTER/lr_ws/install/nav_2d_msgs/share/nav_2d_msgs/msg/Pose2D32.idl
[7.778s] -- Up-to-date: /root/Lunar_ROADSTER/lr_ws/install/nav_2d_msgs/share/nav_2d_msgs/msg/Pose2DStamped.idl
[7.778s] -- Up-to-date: /root/Lunar_ROADSTER/lr_ws/install/nav_2d_msgs/share/nav_2d_msgs/msg/Twist2D.idl
[7.779s] -- Up-to-date: /root/Lunar_ROADSTER/lr_ws/install/nav_2d_msgs/share/nav_2d_msgs/msg/Twist2D32.idl
[7.782s] -- Up-to-date: /root/Lunar_ROADSTER/lr_ws/install/nav_2d_msgs/share/nav_2d_msgs/msg/Twist2DStamped.idl
[7.782s] -- Up-to-date: /root/Lunar_ROADSTER/lr_ws/install/nav_2d_msgs/share/nav_2d_msgs/msg/Path2D.msg
[7.783s] -- Up-to-date: /root/Lunar_ROADSTER/lr_ws/install/nav_2d_msgs/share/nav_2d_msgs/msg/Pose2D32.msg
[7.783s] -- Up-to-date: /root/Lunar_ROADSTER/lr_ws/install/nav_2d_msgs/share/nav_2d_msgs/msg/Pose2DStamped.msg
[7.785s] -- Up-to-date: /root/Lunar_ROADSTER/lr_ws/install/nav_2d_msgs/share/nav_2d_msgs/msg/Twist2D.msg
[7.785s] -- Up-to-date: /root/Lunar_ROADSTER/lr_ws/install/nav_2d_msgs/share/nav_2d_msgs/msg/Twist2D32.msg
[7.788s] -- Up-to-date: /root/Lunar_ROADSTER/lr_ws/install/nav_2d_msgs/share/nav_2d_msgs/msg/Twist2DStamped.msg
[7.789s] -- Up-to-date: /root/Lunar_ROADSTER/lr_ws/install/nav_2d_msgs/share/ament_index/resource_index/package_run_dependencies/nav_2d_msgs
[7.789s] -- Up-to-date: /root/Lunar_ROADSTER/lr_ws/install/nav_2d_msgs/share/ament_index/resource_index/parent_prefix_path/nav_2d_msgs
[7.789s] -- Up-to-date: /root/Lunar_ROADSTER/lr_ws/install/nav_2d_msgs/share/nav_2d_msgs/environment/ament_prefix_path.sh
[7.791s] -- Up-to-date: /root/Lunar_ROADSTER/lr_ws/install/nav_2d_msgs/share/nav_2d_msgs/environment/ament_prefix_path.dsv
[7.792s] -- Up-to-date: /root/Lunar_ROADSTER/lr_ws/install/nav_2d_msgs/share/nav_2d_msgs/environment/path.sh
[7.792s] -- Up-to-date: /root/Lunar_ROADSTER/lr_ws/install/nav_2d_msgs/share/nav_2d_msgs/environment/path.dsv
[7.793s] -- Up-to-date: /root/Lunar_ROADSTER/lr_ws/install/nav_2d_msgs/share/nav_2d_msgs/local_setup.bash
[7.794s] -- Up-to-date: /root/Lunar_ROADSTER/lr_ws/install/nav_2d_msgs/share/nav_2d_msgs/local_setup.sh
[7.797s] -- Up-to-date: /root/Lunar_ROADSTER/lr_ws/install/nav_2d_msgs/share/nav_2d_msgs/local_setup.zsh
[7.797s] -- Up-to-date: /root/Lunar_ROADSTER/lr_ws/install/nav_2d_msgs/share/nav_2d_msgs/local_setup.dsv
[7.798s] -- Installing: /root/Lunar_ROADSTER/lr_ws/install/nav_2d_msgs/share/nav_2d_msgs/package.dsv
[7.799s] -- Up-to-date: /root/Lunar_ROADSTER/lr_ws/install/nav_2d_msgs/share/ament_index/resource_index/packages/nav_2d_msgs
[7.799s] -- Up-to-date: /root/Lunar_ROADSTER/lr_ws/install/nav_2d_msgs/share/nav_2d_msgs/cmake/export_nav_2d_msgs__rosidl_generator_cExport.cmake
[7.800s] -- Up-to-date: /root/Lunar_ROADSTER/lr_ws/install/nav_2d_msgs/share/nav_2d_msgs/cmake/export_nav_2d_msgs__rosidl_generator_cExport-noconfig.cmake
[7.803s] -- Up-to-date: /root/Lunar_ROADSTER/lr_ws/install/nav_2d_msgs/share/nav_2d_msgs/cmake/export_nav_2d_msgs__rosidl_typesupport_fastrtps_cExport.cmake
[7.803s] -- Up-to-date: /root/Lunar_ROADSTER/lr_ws/install/nav_2d_msgs/share/nav_2d_msgs/cmake/export_nav_2d_msgs__rosidl_typesupport_fastrtps_cExport-noconfig.cmake
[7.805s] -- Up-to-date: /root/Lunar_ROADSTER/lr_ws/install/nav_2d_msgs/share/nav_2d_msgs/cmake/export_nav_2d_msgs__rosidl_generator_cppExport.cmake
[7.806s] -- Up-to-date: /root/Lunar_ROADSTER/lr_ws/install/nav_2d_msgs/share/nav_2d_msgs/cmake/export_nav_2d_msgs__rosidl_typesupport_fastrtps_cppExport.cmake
[7.806s] -- Up-to-date: /root/Lunar_ROADSTER/lr_ws/install/nav_2d_msgs/share/nav_2d_msgs/cmake/export_nav_2d_msgs__rosidl_typesupport_fastrtps_cppExport-noconfig.cmake
[7.807s] -- Up-to-date: /root/Lunar_ROADSTER/lr_ws/install/nav_2d_msgs/share/nav_2d_msgs/cmake/nav_2d_msgs__rosidl_typesupport_introspection_cExport.cmake
[7.809s] -- Up-to-date: /root/Lunar_ROADSTER/lr_ws/install/nav_2d_msgs/share/nav_2d_msgs/cmake/nav_2d_msgs__rosidl_typesupport_introspection_cExport-noconfig.cmake
[7.810s] -- Up-to-date: /root/Lunar_ROADSTER/lr_ws/install/nav_2d_msgs/share/nav_2d_msgs/cmake/nav_2d_msgs__rosidl_typesupport_cExport.cmake
[7.811s] -- Up-to-date: /root/Lunar_ROADSTER/lr_ws/install/nav_2d_msgs/share/nav_2d_msgs/cmake/nav_2d_msgs__rosidl_typesupport_cExport-noconfig.cmake
[7.811s] -- Up-to-date: /root/Lunar_ROADSTER/lr_ws/install/nav_2d_msgs/share/nav_2d_msgs/cmake/nav_2d_msgs__rosidl_typesupport_introspection_cppExport.cmake
[7.815s] -- Up-to-date: /root/Lunar_ROADSTER/lr_ws/install/nav_2d_msgs/share/nav_2d_msgs/cmake/nav_2d_msgs__rosidl_typesupport_introspection_cppExport-noconfig.cmake
[7.816s] -- Up-to-date: /root/Lunar_ROADSTER/lr_ws/install/nav_2d_msgs/share/nav_2d_msgs/cmake/nav_2d_msgs__rosidl_typesupport_cppExport.cmake
[7.817s] -- Up-to-date: /root/Lunar_ROADSTER/lr_ws/install/nav_2d_msgs/share/nav_2d_msgs/cmake/nav_2d_msgs__rosidl_typesupport_cppExport-noconfig.cmake
[7.818s] -- Up-to-date: /root/Lunar_ROADSTER/lr_ws/install/nav_2d_msgs/share/nav_2d_msgs/cmake/export_nav_2d_msgs__rosidl_generator_pyExport.cmake
[7.818s] -- Up-to-date: /root/Lunar_ROADSTER/lr_ws/install/nav_2d_msgs/share/nav_2d_msgs/cmake/export_nav_2d_msgs__rosidl_generator_pyExport-noconfig.cmake
[7.820s] -- Up-to-date: /root/Lunar_ROADSTER/lr_ws/install/nav_2d_msgs/share/nav_2d_msgs/cmake/rosidl_cmake-extras.cmake
[7.820s] -- Up-to-date: /root/Lunar_ROADSTER/lr_ws/install/nav_2d_msgs/share/nav_2d_msgs/cmake/ament_cmake_export_dependencies-extras.cmake
[7.821s] -- Up-to-date: /root/Lunar_ROADSTER/lr_ws/install/nav_2d_msgs/share/nav_2d_msgs/cmake/ament_cmake_export_include_directories-extras.cmake
[7.822s] -- Up-to-date: /root/Lunar_ROADSTER/lr_ws/install/nav_2d_msgs/share/nav_2d_msgs/cmake/ament_cmake_export_libraries-extras.cmake
[7.822s] -- Up-to-date: /root/Lunar_ROADSTER/lr_ws/install/nav_2d_msgs/share/nav_2d_msgs/cmake/ament_cmake_export_targets-extras.cmake
[7.823s] -- Up-to-date: /root/Lunar_ROADSTER/lr_ws/install/nav_2d_msgs/share/nav_2d_msgs/cmake/rosidl_cmake_export_typesupport_targets-extras.cmake
[7.823s] -- Up-to-date: /root/Lunar_ROADSTER/lr_ws/install/nav_2d_msgs/share/nav_2d_msgs/cmake/rosidl_cmake_export_typesupport_libraries-extras.cmake
[7.824s] -- Up-to-date: /root/Lunar_ROADSTER/lr_ws/install/nav_2d_msgs/share/nav_2d_msgs/cmake/nav_2d_msgsConfig.cmake
[7.824s] -- Up-to-date: /root/Lunar_ROADSTER/lr_ws/install/nav_2d_msgs/share/nav_2d_msgs/cmake/nav_2d_msgsConfig-version.cmake
[7.825s] -- Up-to-date: /root/Lunar_ROADSTER/lr_ws/install/nav_2d_msgs/share/nav_2d_msgs/package.xml
[7.921s] Invoked command in '/root/Lunar_ROADSTER/lr_ws/build/nav_2d_msgs' returned '0': CMAKE_PREFIX_PATH=${CMAKE_PREFIX_PATH}:/root/Lunar_ROADSTER/lr_ws/install/nav2_simple_commander:/opt/ros/humble /usr/local/bin/cmake --install /root/Lunar_ROADSTER/lr_ws/build/nav_2d_msgs
