[0.139s] Invoking command in '/root/Lunar_ROADSTER/lr_ws/build/realsense2_camera_msgs': CMAKE_PREFIX_PATH=${CMAKE_PREFIX_PATH}:/root/Lunar_ROADSTER/lr_ws/install/nav2_simple_commander:/opt/ros/humble /usr/local/bin/cmake --build /root/Lunar_ROADSTER/lr_ws/build/realsense2_camera_msgs -- -j4 -l4
[0.603s] [  1%] Built target realsense2_camera_msgs__cpp
[0.618s] [ 12%] Built target realsense2_camera_msgs__rosidl_generator_c
[0.999s] [ 23%] Built target realsense2_camera_msgs__rosidl_typesupport_cpp
[1.057s] [ 23%] Built target ament_cmake_python_copy_realsense2_camera_msgs
[1.260s] [ 34%] Built target realsense2_camera_msgs__rosidl_typesupport_introspection_c
[1.302s] [ 46%] Built target realsense2_camera_msgs__rosidl_typesupport_c
[1.470s] [ 57%] Built target realsense2_camera_msgs__rosidl_typesupport_introspection_cpp
[3.047s] running egg_info
[3.055s] writing realsense2_camera_msgs.egg-info/PKG-INFO
[3.055s] writing dependency_links to realsense2_camera_msgs.egg-info/dependency_links.txt
[3.058s] writing top-level names to realsense2_camera_msgs.egg-info/top_level.txt
[3.074s] reading manifest file 'realsense2_camera_msgs.egg-info/SOURCES.txt'
[3.075s] writing manifest file 'realsense2_camera_msgs.egg-info/SOURCES.txt'
[3.246s] [ 57%] Built target ament_cmake_python_build_realsense2_camera_msgs_egg
[3.448s] [ 68%] Built target realsense2_camera_msgs__rosidl_typesupport_fastrtps_cpp
[3.644s] [ 79%] Built target realsense2_camera_msgs__rosidl_typesupport_fastrtps_c
[3.830s] [ 79%] Built target realsense2_camera_msgs
[4.017s] [ 80%] Built target realsense2_camera_msgs__py
[4.209s] [ 90%] Built target realsense2_camera_msgs__rosidl_generator_py
[4.430s] [ 93%] Built target realsense2_camera_msgs__rosidl_typesupport_fastrtps_c__pyext
[4.619s] [ 96%] Built target realsense2_camera_msgs__rosidl_typesupport_c__pyext
[4.882s] [100%] Built target realsense2_camera_msgs__rosidl_typesupport_introspection_c__pyext
[4.990s] Invoked command in '/root/Lunar_ROADSTER/lr_ws/build/realsense2_camera_msgs' returned '0': CMAKE_PREFIX_PATH=${CMAKE_PREFIX_PATH}:/root/Lunar_ROADSTER/lr_ws/install/nav2_simple_commander:/opt/ros/humble /usr/local/bin/cmake --build /root/Lunar_ROADSTER/lr_ws/build/realsense2_camera_msgs -- -j4 -l4
[4.991s] Invoking command in '/root/Lunar_ROADSTER/lr_ws/build/realsense2_camera_msgs': CMAKE_PREFIX_PATH=${CMAKE_PREFIX_PATH}:/root/Lunar_ROADSTER/lr_ws/install/nav2_simple_commander:/opt/ros/humble /usr/local/bin/cmake --install /root/Lunar_ROADSTER/lr_ws/build/realsense2_camera_msgs
[5.037s] -- Install configuration: ""
[5.038s] -- Up-to-date: /root/Lunar_ROADSTER/lr_ws/install/realsense2_camera_msgs/share/ament_index/resource_index/rosidl_interfaces/realsense2_camera_msgs
[5.038s] -- Up-to-date: /root/Lunar_ROADSTER/lr_ws/install/realsense2_camera_msgs/include/realsense2_camera_msgs/realsense2_camera_msgs
[5.038s] -- Up-to-date: /root/Lunar_ROADSTER/lr_ws/install/realsense2_camera_msgs/include/realsense2_camera_msgs/realsense2_camera_msgs/msg
[5.049s] -- Up-to-date: /root/Lunar_ROADSTER/lr_ws/install/realsense2_camera_msgs/include/realsense2_camera_msgs/realsense2_camera_msgs/msg/imu_info.h
[5.068s] -- Up-to-date: /root/Lunar_ROADSTER/lr_ws/install/realsense2_camera_msgs/include/realsense2_camera_msgs/realsense2_camera_msgs/msg/rosidl_generator_c__visibility_control.h
[5.069s] -- Up-to-date: /root/Lunar_ROADSTER/lr_ws/install/realsense2_camera_msgs/include/realsense2_camera_msgs/realsense2_camera_msgs/msg/detail
[5.069s] -- Up-to-date: /root/Lunar_ROADSTER/lr_ws/install/realsense2_camera_msgs/include/realsense2_camera_msgs/realsense2_camera_msgs/msg/detail/imu_info__functions.c
[5.069s] -- Up-to-date: /root/Lunar_ROADSTER/lr_ws/install/realsense2_camera_msgs/include/realsense2_camera_msgs/realsense2_camera_msgs/msg/detail/imu_info__functions.h
[5.070s] -- Up-to-date: /root/Lunar_ROADSTER/lr_ws/install/realsense2_camera_msgs/include/realsense2_camera_msgs/realsense2_camera_msgs/msg/detail/imu_info__struct.h
[5.070s] -- Up-to-date: /root/Lunar_ROADSTER/lr_ws/install/realsense2_camera_msgs/include/realsense2_camera_msgs/realsense2_camera_msgs/msg/detail/imu_info__type_support.h
[5.070s] -- Up-to-date: /root/Lunar_ROADSTER/lr_ws/install/realsense2_camera_msgs/include/realsense2_camera_msgs/realsense2_camera_msgs/msg/detail/extrinsics__functions.c
[5.070s] -- Up-to-date: /root/Lunar_ROADSTER/lr_ws/install/realsense2_camera_msgs/include/realsense2_camera_msgs/realsense2_camera_msgs/msg/detail/extrinsics__functions.h
[5.071s] -- Up-to-date: /root/Lunar_ROADSTER/lr_ws/install/realsense2_camera_msgs/include/realsense2_camera_msgs/realsense2_camera_msgs/msg/detail/extrinsics__struct.h
[5.071s] -- Up-to-date: /root/Lunar_ROADSTER/lr_ws/install/realsense2_camera_msgs/include/realsense2_camera_msgs/realsense2_camera_msgs/msg/detail/extrinsics__type_support.h
[5.071s] -- Up-to-date: /root/Lunar_ROADSTER/lr_ws/install/realsense2_camera_msgs/include/realsense2_camera_msgs/realsense2_camera_msgs/msg/detail/metadata__functions.c
[5.071s] -- Up-to-date: /root/Lunar_ROADSTER/lr_ws/install/realsense2_camera_msgs/include/realsense2_camera_msgs/realsense2_camera_msgs/msg/detail/metadata__functions.h
[5.080s] -- Up-to-date: /root/Lunar_ROADSTER/lr_ws/install/realsense2_camera_msgs/include/realsense2_camera_msgs/realsense2_camera_msgs/msg/detail/metadata__struct.h
[5.082s] -- Up-to-date: /root/Lunar_ROADSTER/lr_ws/install/realsense2_camera_msgs/include/realsense2_camera_msgs/realsense2_camera_msgs/msg/detail/metadata__type_support.h
[5.082s] -- Up-to-date: /root/Lunar_ROADSTER/lr_ws/install/realsense2_camera_msgs/include/realsense2_camera_msgs/realsense2_camera_msgs/msg/detail/rgbd__functions.c
[5.083s] -- Up-to-date: /root/Lunar_ROADSTER/lr_ws/install/realsense2_camera_msgs/include/realsense2_camera_msgs/realsense2_camera_msgs/msg/detail/rgbd__functions.h
[5.083s] -- Up-to-date: /root/Lunar_ROADSTER/lr_ws/install/realsense2_camera_msgs/include/realsense2_camera_msgs/realsense2_camera_msgs/msg/detail/rgbd__struct.h
[5.083s] -- Up-to-date: /root/Lunar_ROADSTER/lr_ws/install/realsense2_camera_msgs/include/realsense2_camera_msgs/realsense2_camera_msgs/msg/detail/rgbd__type_support.h
[5.083s] -- Up-to-date: /root/Lunar_ROADSTER/lr_ws/install/realsense2_camera_msgs/include/realsense2_camera_msgs/realsense2_camera_msgs/msg/extrinsics.h
[5.084s] -- Up-to-date: /root/Lunar_ROADSTER/lr_ws/install/realsense2_camera_msgs/include/realsense2_camera_msgs/realsense2_camera_msgs/msg/metadata.h
[5.084s] -- Up-to-date: /root/Lunar_ROADSTER/lr_ws/install/realsense2_camera_msgs/include/realsense2_camera_msgs/realsense2_camera_msgs/msg/rgbd.h
[5.084s] -- Up-to-date: /root/Lunar_ROADSTER/lr_ws/install/realsense2_camera_msgs/include/realsense2_camera_msgs/realsense2_camera_msgs/srv
[5.092s] -- Up-to-date: /root/Lunar_ROADSTER/lr_ws/install/realsense2_camera_msgs/include/realsense2_camera_msgs/realsense2_camera_msgs/srv/device_info.h
[5.093s] -- Up-to-date: /root/Lunar_ROADSTER/lr_ws/install/realsense2_camera_msgs/include/realsense2_camera_msgs/realsense2_camera_msgs/srv/detail
[5.094s] -- Up-to-date: /root/Lunar_ROADSTER/lr_ws/install/realsense2_camera_msgs/include/realsense2_camera_msgs/realsense2_camera_msgs/srv/detail/device_info__functions.c
[5.095s] -- Up-to-date: /root/Lunar_ROADSTER/lr_ws/install/realsense2_camera_msgs/include/realsense2_camera_msgs/realsense2_camera_msgs/srv/detail/device_info__functions.h
[5.095s] -- Up-to-date: /root/Lunar_ROADSTER/lr_ws/install/realsense2_camera_msgs/include/realsense2_camera_msgs/realsense2_camera_msgs/srv/detail/device_info__struct.h
[5.095s] -- Up-to-date: /root/Lunar_ROADSTER/lr_ws/install/realsense2_camera_msgs/include/realsense2_camera_msgs/realsense2_camera_msgs/srv/detail/device_info__type_support.h
[5.096s] -- Up-to-date: /root/Lunar_ROADSTER/lr_ws/install/realsense2_camera_msgs/share/realsense2_camera_msgs/environment/library_path.sh
[5.099s] -- Up-to-date: /root/Lunar_ROADSTER/lr_ws/install/realsense2_camera_msgs/share/realsense2_camera_msgs/environment/library_path.dsv
[5.099s] -- Up-to-date: /root/Lunar_ROADSTER/lr_ws/install/realsense2_camera_msgs/lib/librealsense2_camera_msgs__rosidl_generator_c.so
[5.104s] -- Up-to-date: /root/Lunar_ROADSTER/lr_ws/install/realsense2_camera_msgs/include/realsense2_camera_msgs/realsense2_camera_msgs
[5.105s] -- Up-to-date: /root/Lunar_ROADSTER/lr_ws/install/realsense2_camera_msgs/include/realsense2_camera_msgs/realsense2_camera_msgs/msg
[5.105s] -- Up-to-date: /root/Lunar_ROADSTER/lr_ws/install/realsense2_camera_msgs/include/realsense2_camera_msgs/realsense2_camera_msgs/msg/detail
[5.105s] -- Up-to-date: /root/Lunar_ROADSTER/lr_ws/install/realsense2_camera_msgs/include/realsense2_camera_msgs/realsense2_camera_msgs/msg/detail/imu_info__rosidl_typesupport_fastrtps_c.h
[5.106s] -- Up-to-date: /root/Lunar_ROADSTER/lr_ws/install/realsense2_camera_msgs/include/realsense2_camera_msgs/realsense2_camera_msgs/msg/detail/extrinsics__rosidl_typesupport_fastrtps_c.h
[5.106s] -- Up-to-date: /root/Lunar_ROADSTER/lr_ws/install/realsense2_camera_msgs/include/realsense2_camera_msgs/realsense2_camera_msgs/msg/detail/metadata__rosidl_typesupport_fastrtps_c.h
[5.106s] -- Up-to-date: /root/Lunar_ROADSTER/lr_ws/install/realsense2_camera_msgs/include/realsense2_camera_msgs/realsense2_camera_msgs/msg/detail/rgbd__rosidl_typesupport_fastrtps_c.h
[5.106s] -- Up-to-date: /root/Lunar_ROADSTER/lr_ws/install/realsense2_camera_msgs/include/realsense2_camera_msgs/realsense2_camera_msgs/msg/rosidl_typesupport_fastrtps_c__visibility_control.h
[5.107s] -- Up-to-date: /root/Lunar_ROADSTER/lr_ws/install/realsense2_camera_msgs/include/realsense2_camera_msgs/realsense2_camera_msgs/srv
[5.107s] -- Up-to-date: /root/Lunar_ROADSTER/lr_ws/install/realsense2_camera_msgs/include/realsense2_camera_msgs/realsense2_camera_msgs/srv/detail
[5.122s] -- Up-to-date: /root/Lunar_ROADSTER/lr_ws/install/realsense2_camera_msgs/include/realsense2_camera_msgs/realsense2_camera_msgs/srv/detail/device_info__rosidl_typesupport_fastrtps_c.h
[5.122s] -- Up-to-date: /root/Lunar_ROADSTER/lr_ws/install/realsense2_camera_msgs/lib/librealsense2_camera_msgs__rosidl_typesupport_fastrtps_c.so
[5.123s] -- Up-to-date: /root/Lunar_ROADSTER/lr_ws/install/realsense2_camera_msgs/include/realsense2_camera_msgs/realsense2_camera_msgs
[5.123s] -- Up-to-date: /root/Lunar_ROADSTER/lr_ws/install/realsense2_camera_msgs/include/realsense2_camera_msgs/realsense2_camera_msgs/msg
[5.123s] -- Up-to-date: /root/Lunar_ROADSTER/lr_ws/install/realsense2_camera_msgs/include/realsense2_camera_msgs/realsense2_camera_msgs/msg/detail
[5.124s] -- Up-to-date: /root/Lunar_ROADSTER/lr_ws/install/realsense2_camera_msgs/include/realsense2_camera_msgs/realsense2_camera_msgs/msg/detail/imu_info__rosidl_typesupport_introspection_c.h
[5.124s] -- Up-to-date: /root/Lunar_ROADSTER/lr_ws/install/realsense2_camera_msgs/include/realsense2_camera_msgs/realsense2_camera_msgs/msg/detail/imu_info__type_support.c
[5.124s] -- Up-to-date: /root/Lunar_ROADSTER/lr_ws/install/realsense2_camera_msgs/include/realsense2_camera_msgs/realsense2_camera_msgs/msg/detail/extrinsics__rosidl_typesupport_introspection_c.h
[5.125s] -- Up-to-date: /root/Lunar_ROADSTER/lr_ws/install/realsense2_camera_msgs/include/realsense2_camera_msgs/realsense2_camera_msgs/msg/detail/extrinsics__type_support.c
[5.125s] -- Up-to-date: /root/Lunar_ROADSTER/lr_ws/install/realsense2_camera_msgs/include/realsense2_camera_msgs/realsense2_camera_msgs/msg/detail/metadata__rosidl_typesupport_introspection_c.h
[5.125s] -- Up-to-date: /root/Lunar_ROADSTER/lr_ws/install/realsense2_camera_msgs/include/realsense2_camera_msgs/realsense2_camera_msgs/msg/detail/metadata__type_support.c
[5.125s] -- Up-to-date: /root/Lunar_ROADSTER/lr_ws/install/realsense2_camera_msgs/include/realsense2_camera_msgs/realsense2_camera_msgs/msg/detail/rgbd__rosidl_typesupport_introspection_c.h
[5.126s] -- Up-to-date: /root/Lunar_ROADSTER/lr_ws/install/realsense2_camera_msgs/include/realsense2_camera_msgs/realsense2_camera_msgs/msg/detail/rgbd__type_support.c
[5.126s] -- Up-to-date: /root/Lunar_ROADSTER/lr_ws/install/realsense2_camera_msgs/include/realsense2_camera_msgs/realsense2_camera_msgs/msg/rosidl_typesupport_introspection_c__visibility_control.h
[5.126s] -- Up-to-date: /root/Lunar_ROADSTER/lr_ws/install/realsense2_camera_msgs/include/realsense2_camera_msgs/realsense2_camera_msgs/srv
[5.126s] -- Up-to-date: /root/Lunar_ROADSTER/lr_ws/install/realsense2_camera_msgs/include/realsense2_camera_msgs/realsense2_camera_msgs/srv/detail
[5.127s] -- Up-to-date: /root/Lunar_ROADSTER/lr_ws/install/realsense2_camera_msgs/include/realsense2_camera_msgs/realsense2_camera_msgs/srv/detail/device_info__rosidl_typesupport_introspection_c.h
[5.127s] -- Up-to-date: /root/Lunar_ROADSTER/lr_ws/install/realsense2_camera_msgs/include/realsense2_camera_msgs/realsense2_camera_msgs/srv/detail/device_info__type_support.c
[5.127s] -- Up-to-date: /root/Lunar_ROADSTER/lr_ws/install/realsense2_camera_msgs/lib/librealsense2_camera_msgs__rosidl_typesupport_introspection_c.so
[5.128s] -- Up-to-date: /root/Lunar_ROADSTER/lr_ws/install/realsense2_camera_msgs/lib/librealsense2_camera_msgs__rosidl_typesupport_c.so
[5.128s] -- Up-to-date: /root/Lunar_ROADSTER/lr_ws/install/realsense2_camera_msgs/include/realsense2_camera_msgs/realsense2_camera_msgs
[5.128s] -- Up-to-date: /root/Lunar_ROADSTER/lr_ws/install/realsense2_camera_msgs/include/realsense2_camera_msgs/realsense2_camera_msgs/msg
[5.160s] -- Up-to-date: /root/Lunar_ROADSTER/lr_ws/install/realsense2_camera_msgs/include/realsense2_camera_msgs/realsense2_camera_msgs/msg/imu_info.hpp
[5.162s] -- Up-to-date: /root/Lunar_ROADSTER/lr_ws/install/realsense2_camera_msgs/include/realsense2_camera_msgs/realsense2_camera_msgs/msg/detail
[5.163s] -- Up-to-date: /root/Lunar_ROADSTER/lr_ws/install/realsense2_camera_msgs/include/realsense2_camera_msgs/realsense2_camera_msgs/msg/detail/imu_info__builder.hpp
[5.164s] -- Up-to-date: /root/Lunar_ROADSTER/lr_ws/install/realsense2_camera_msgs/include/realsense2_camera_msgs/realsense2_camera_msgs/msg/detail/imu_info__struct.hpp
[5.164s] -- Up-to-date: /root/Lunar_ROADSTER/lr_ws/install/realsense2_camera_msgs/include/realsense2_camera_msgs/realsense2_camera_msgs/msg/detail/imu_info__traits.hpp
[5.176s] -- Up-to-date: /root/Lunar_ROADSTER/lr_ws/install/realsense2_camera_msgs/include/realsense2_camera_msgs/realsense2_camera_msgs/msg/detail/imu_info__type_support.hpp
[5.177s] -- Up-to-date: /root/Lunar_ROADSTER/lr_ws/install/realsense2_camera_msgs/include/realsense2_camera_msgs/realsense2_camera_msgs/msg/detail/extrinsics__builder.hpp
[5.185s] -- Up-to-date: /root/Lunar_ROADSTER/lr_ws/install/realsense2_camera_msgs/include/realsense2_camera_msgs/realsense2_camera_msgs/msg/detail/extrinsics__struct.hpp
[5.185s] -- Up-to-date: /root/Lunar_ROADSTER/lr_ws/install/realsense2_camera_msgs/include/realsense2_camera_msgs/realsense2_camera_msgs/msg/detail/extrinsics__traits.hpp
[5.185s] -- Up-to-date: /root/Lunar_ROADSTER/lr_ws/install/realsense2_camera_msgs/include/realsense2_camera_msgs/realsense2_camera_msgs/msg/detail/extrinsics__type_support.hpp
[5.186s] -- Up-to-date: /root/Lunar_ROADSTER/lr_ws/install/realsense2_camera_msgs/include/realsense2_camera_msgs/realsense2_camera_msgs/msg/detail/metadata__builder.hpp
[5.186s] -- Up-to-date: /root/Lunar_ROADSTER/lr_ws/install/realsense2_camera_msgs/include/realsense2_camera_msgs/realsense2_camera_msgs/msg/detail/metadata__struct.hpp
[5.186s] -- Up-to-date: /root/Lunar_ROADSTER/lr_ws/install/realsense2_camera_msgs/include/realsense2_camera_msgs/realsense2_camera_msgs/msg/detail/metadata__traits.hpp
[5.186s] -- Up-to-date: /root/Lunar_ROADSTER/lr_ws/install/realsense2_camera_msgs/include/realsense2_camera_msgs/realsense2_camera_msgs/msg/detail/metadata__type_support.hpp
[5.187s] -- Up-to-date: /root/Lunar_ROADSTER/lr_ws/install/realsense2_camera_msgs/include/realsense2_camera_msgs/realsense2_camera_msgs/msg/detail/rgbd__builder.hpp
[5.187s] -- Up-to-date: /root/Lunar_ROADSTER/lr_ws/install/realsense2_camera_msgs/include/realsense2_camera_msgs/realsense2_camera_msgs/msg/detail/rgbd__struct.hpp
[5.187s] -- Up-to-date: /root/Lunar_ROADSTER/lr_ws/install/realsense2_camera_msgs/include/realsense2_camera_msgs/realsense2_camera_msgs/msg/detail/rgbd__traits.hpp
[5.187s] -- Up-to-date: /root/Lunar_ROADSTER/lr_ws/install/realsense2_camera_msgs/include/realsense2_camera_msgs/realsense2_camera_msgs/msg/detail/rgbd__type_support.hpp
[5.188s] -- Up-to-date: /root/Lunar_ROADSTER/lr_ws/install/realsense2_camera_msgs/include/realsense2_camera_msgs/realsense2_camera_msgs/msg/rosidl_generator_cpp__visibility_control.hpp
[5.188s] -- Up-to-date: /root/Lunar_ROADSTER/lr_ws/install/realsense2_camera_msgs/include/realsense2_camera_msgs/realsense2_camera_msgs/msg/extrinsics.hpp
[5.188s] -- Up-to-date: /root/Lunar_ROADSTER/lr_ws/install/realsense2_camera_msgs/include/realsense2_camera_msgs/realsense2_camera_msgs/msg/metadata.hpp
[5.188s] -- Up-to-date: /root/Lunar_ROADSTER/lr_ws/install/realsense2_camera_msgs/include/realsense2_camera_msgs/realsense2_camera_msgs/msg/rgbd.hpp
[5.189s] -- Up-to-date: /root/Lunar_ROADSTER/lr_ws/install/realsense2_camera_msgs/include/realsense2_camera_msgs/realsense2_camera_msgs/srv
[5.189s] -- Up-to-date: /root/Lunar_ROADSTER/lr_ws/install/realsense2_camera_msgs/include/realsense2_camera_msgs/realsense2_camera_msgs/srv/device_info.hpp
[5.189s] -- Up-to-date: /root/Lunar_ROADSTER/lr_ws/install/realsense2_camera_msgs/include/realsense2_camera_msgs/realsense2_camera_msgs/srv/detail
[5.190s] -- Up-to-date: /root/Lunar_ROADSTER/lr_ws/install/realsense2_camera_msgs/include/realsense2_camera_msgs/realsense2_camera_msgs/srv/detail/device_info__builder.hpp
[5.190s] -- Up-to-date: /root/Lunar_ROADSTER/lr_ws/install/realsense2_camera_msgs/include/realsense2_camera_msgs/realsense2_camera_msgs/srv/detail/device_info__struct.hpp
[5.190s] -- Up-to-date: /root/Lunar_ROADSTER/lr_ws/install/realsense2_camera_msgs/include/realsense2_camera_msgs/realsense2_camera_msgs/srv/detail/device_info__traits.hpp
[5.190s] -- Up-to-date: /root/Lunar_ROADSTER/lr_ws/install/realsense2_camera_msgs/include/realsense2_camera_msgs/realsense2_camera_msgs/srv/detail/device_info__type_support.hpp
[5.190s] -- Up-to-date: /root/Lunar_ROADSTER/lr_ws/install/realsense2_camera_msgs/include/realsense2_camera_msgs/realsense2_camera_msgs
[5.191s] -- Up-to-date: /root/Lunar_ROADSTER/lr_ws/install/realsense2_camera_msgs/include/realsense2_camera_msgs/realsense2_camera_msgs/msg
[5.191s] -- Up-to-date: /root/Lunar_ROADSTER/lr_ws/install/realsense2_camera_msgs/include/realsense2_camera_msgs/realsense2_camera_msgs/msg/detail
[5.201s] -- Up-to-date: /root/Lunar_ROADSTER/lr_ws/install/realsense2_camera_msgs/include/realsense2_camera_msgs/realsense2_camera_msgs/msg/detail/imu_info__rosidl_typesupport_fastrtps_cpp.hpp
[5.202s] -- Up-to-date: /root/Lunar_ROADSTER/lr_ws/install/realsense2_camera_msgs/include/realsense2_camera_msgs/realsense2_camera_msgs/msg/detail/dds_fastrtps
[5.202s] -- Up-to-date: /root/Lunar_ROADSTER/lr_ws/install/realsense2_camera_msgs/include/realsense2_camera_msgs/realsense2_camera_msgs/msg/detail/extrinsics__rosidl_typesupport_fastrtps_cpp.hpp
[5.202s] -- Up-to-date: /root/Lunar_ROADSTER/lr_ws/install/realsense2_camera_msgs/include/realsense2_camera_msgs/realsense2_camera_msgs/msg/detail/metadata__rosidl_typesupport_fastrtps_cpp.hpp
[5.203s] -- Up-to-date: /root/Lunar_ROADSTER/lr_ws/install/realsense2_camera_msgs/include/realsense2_camera_msgs/realsense2_camera_msgs/msg/detail/rgbd__rosidl_typesupport_fastrtps_cpp.hpp
[5.204s] -- Up-to-date: /root/Lunar_ROADSTER/lr_ws/install/realsense2_camera_msgs/include/realsense2_camera_msgs/realsense2_camera_msgs/msg/rosidl_typesupport_fastrtps_cpp__visibility_control.h
[5.205s] -- Up-to-date: /root/Lunar_ROADSTER/lr_ws/install/realsense2_camera_msgs/include/realsense2_camera_msgs/realsense2_camera_msgs/srv
[5.205s] -- Up-to-date: /root/Lunar_ROADSTER/lr_ws/install/realsense2_camera_msgs/include/realsense2_camera_msgs/realsense2_camera_msgs/srv/detail
[5.205s] -- Up-to-date: /root/Lunar_ROADSTER/lr_ws/install/realsense2_camera_msgs/include/realsense2_camera_msgs/realsense2_camera_msgs/srv/detail/device_info__rosidl_typesupport_fastrtps_cpp.hpp
[5.205s] -- Up-to-date: /root/Lunar_ROADSTER/lr_ws/install/realsense2_camera_msgs/include/realsense2_camera_msgs/realsense2_camera_msgs/srv/detail/dds_fastrtps
[5.206s] -- Up-to-date: /root/Lunar_ROADSTER/lr_ws/install/realsense2_camera_msgs/lib/librealsense2_camera_msgs__rosidl_typesupport_fastrtps_cpp.so
[5.206s] -- Up-to-date: /root/Lunar_ROADSTER/lr_ws/install/realsense2_camera_msgs/include/realsense2_camera_msgs/realsense2_camera_msgs
[5.207s] -- Up-to-date: /root/Lunar_ROADSTER/lr_ws/install/realsense2_camera_msgs/include/realsense2_camera_msgs/realsense2_camera_msgs/msg
[5.207s] -- Up-to-date: /root/Lunar_ROADSTER/lr_ws/install/realsense2_camera_msgs/include/realsense2_camera_msgs/realsense2_camera_msgs/msg/detail
[5.207s] -- Up-to-date: /root/Lunar_ROADSTER/lr_ws/install/realsense2_camera_msgs/include/realsense2_camera_msgs/realsense2_camera_msgs/msg/detail/imu_info__rosidl_typesupport_introspection_cpp.hpp
[5.208s] -- Up-to-date: /root/Lunar_ROADSTER/lr_ws/install/realsense2_camera_msgs/include/realsense2_camera_msgs/realsense2_camera_msgs/msg/detail/imu_info__type_support.cpp
[5.208s] -- Up-to-date: /root/Lunar_ROADSTER/lr_ws/install/realsense2_camera_msgs/include/realsense2_camera_msgs/realsense2_camera_msgs/msg/detail/extrinsics__rosidl_typesupport_introspection_cpp.hpp
[5.208s] -- Up-to-date: /root/Lunar_ROADSTER/lr_ws/install/realsense2_camera_msgs/include/realsense2_camera_msgs/realsense2_camera_msgs/msg/detail/extrinsics__type_support.cpp
[5.208s] -- Up-to-date: /root/Lunar_ROADSTER/lr_ws/install/realsense2_camera_msgs/include/realsense2_camera_msgs/realsense2_camera_msgs/msg/detail/metadata__rosidl_typesupport_introspection_cpp.hpp
[5.208s] -- Up-to-date: /root/Lunar_ROADSTER/lr_ws/install/realsense2_camera_msgs/include/realsense2_camera_msgs/realsense2_camera_msgs/msg/detail/metadata__type_support.cpp
[5.213s] -- Up-to-date: /root/Lunar_ROADSTER/lr_ws/install/realsense2_camera_msgs/include/realsense2_camera_msgs/realsense2_camera_msgs/msg/detail/rgbd__rosidl_typesupport_introspection_cpp.hpp
[5.213s] -- Up-to-date: /root/Lunar_ROADSTER/lr_ws/install/realsense2_camera_msgs/include/realsense2_camera_msgs/realsense2_camera_msgs/msg/detail/rgbd__type_support.cpp
[5.214s] -- Up-to-date: /root/Lunar_ROADSTER/lr_ws/install/realsense2_camera_msgs/include/realsense2_camera_msgs/realsense2_camera_msgs/srv
[5.214s] -- Up-to-date: /root/Lunar_ROADSTER/lr_ws/install/realsense2_camera_msgs/include/realsense2_camera_msgs/realsense2_camera_msgs/srv/detail
[5.214s] -- Up-to-date: /root/Lunar_ROADSTER/lr_ws/install/realsense2_camera_msgs/include/realsense2_camera_msgs/realsense2_camera_msgs/srv/detail/device_info__rosidl_typesupport_introspection_cpp.hpp
[5.214s] -- Up-to-date: /root/Lunar_ROADSTER/lr_ws/install/realsense2_camera_msgs/include/realsense2_camera_msgs/realsense2_camera_msgs/srv/detail/device_info__type_support.cpp
[5.215s] -- Up-to-date: /root/Lunar_ROADSTER/lr_ws/install/realsense2_camera_msgs/lib/librealsense2_camera_msgs__rosidl_typesupport_introspection_cpp.so
[5.239s] -- Up-to-date: /root/Lunar_ROADSTER/lr_ws/install/realsense2_camera_msgs/lib/librealsense2_camera_msgs__rosidl_typesupport_cpp.so
[5.239s] -- Up-to-date: /root/Lunar_ROADSTER/lr_ws/install/realsense2_camera_msgs/share/realsense2_camera_msgs/environment/pythonpath.sh
[5.239s] -- Up-to-date: /root/Lunar_ROADSTER/lr_ws/install/realsense2_camera_msgs/share/realsense2_camera_msgs/environment/pythonpath.dsv
[5.239s] -- Up-to-date: /root/Lunar_ROADSTER/lr_ws/install/realsense2_camera_msgs/local/lib/python3.10/dist-packages/realsense2_camera_msgs-4.55.1-py3.10.egg-info
[5.239s] -- Installing: /root/Lunar_ROADSTER/lr_ws/install/realsense2_camera_msgs/local/lib/python3.10/dist-packages/realsense2_camera_msgs-4.55.1-py3.10.egg-info/PKG-INFO
[5.240s] -- Installing: /root/Lunar_ROADSTER/lr_ws/install/realsense2_camera_msgs/local/lib/python3.10/dist-packages/realsense2_camera_msgs-4.55.1-py3.10.egg-info/dependency_links.txt
[5.240s] -- Installing: /root/Lunar_ROADSTER/lr_ws/install/realsense2_camera_msgs/local/lib/python3.10/dist-packages/realsense2_camera_msgs-4.55.1-py3.10.egg-info/top_level.txt
[5.241s] -- Installing: /root/Lunar_ROADSTER/lr_ws/install/realsense2_camera_msgs/local/lib/python3.10/dist-packages/realsense2_camera_msgs-4.55.1-py3.10.egg-info/SOURCES.txt
[5.241s] -- Up-to-date: /root/Lunar_ROADSTER/lr_ws/install/realsense2_camera_msgs/local/lib/python3.10/dist-packages/realsense2_camera_msgs
[5.259s] -- Up-to-date: /root/Lunar_ROADSTER/lr_ws/install/realsense2_camera_msgs/local/lib/python3.10/dist-packages/realsense2_camera_msgs/__init__.py
[5.261s] -- Up-to-date: /root/Lunar_ROADSTER/lr_ws/install/realsense2_camera_msgs/local/lib/python3.10/dist-packages/realsense2_camera_msgs/msg
[5.261s] -- Up-to-date: /root/Lunar_ROADSTER/lr_ws/install/realsense2_camera_msgs/local/lib/python3.10/dist-packages/realsense2_camera_msgs/msg/_imu_info.py
[5.263s] -- Up-to-date: /root/Lunar_ROADSTER/lr_ws/install/realsense2_camera_msgs/local/lib/python3.10/dist-packages/realsense2_camera_msgs/msg/_imu_info_s.c
[5.264s] -- Up-to-date: /root/Lunar_ROADSTER/lr_ws/install/realsense2_camera_msgs/local/lib/python3.10/dist-packages/realsense2_camera_msgs/msg/_extrinsics.py
[5.264s] -- Up-to-date: /root/Lunar_ROADSTER/lr_ws/install/realsense2_camera_msgs/local/lib/python3.10/dist-packages/realsense2_camera_msgs/msg/_extrinsics_s.c
[5.264s] -- Up-to-date: /root/Lunar_ROADSTER/lr_ws/install/realsense2_camera_msgs/local/lib/python3.10/dist-packages/realsense2_camera_msgs/msg/_metadata.py
[5.265s] -- Up-to-date: /root/Lunar_ROADSTER/lr_ws/install/realsense2_camera_msgs/local/lib/python3.10/dist-packages/realsense2_camera_msgs/msg/_metadata_s.c
[5.265s] -- Up-to-date: /root/Lunar_ROADSTER/lr_ws/install/realsense2_camera_msgs/local/lib/python3.10/dist-packages/realsense2_camera_msgs/msg/_rgbd.py
[5.265s] -- Up-to-date: /root/Lunar_ROADSTER/lr_ws/install/realsense2_camera_msgs/local/lib/python3.10/dist-packages/realsense2_camera_msgs/msg/_rgbd_s.c
[5.265s] -- Up-to-date: /root/Lunar_ROADSTER/lr_ws/install/realsense2_camera_msgs/local/lib/python3.10/dist-packages/realsense2_camera_msgs/msg/__init__.py
[5.269s] -- Up-to-date: /root/Lunar_ROADSTER/lr_ws/install/realsense2_camera_msgs/local/lib/python3.10/dist-packages/realsense2_camera_msgs/srv
[5.270s] -- Up-to-date: /root/Lunar_ROADSTER/lr_ws/install/realsense2_camera_msgs/local/lib/python3.10/dist-packages/realsense2_camera_msgs/srv/_device_info.py
[5.271s] -- Up-to-date: /root/Lunar_ROADSTER/lr_ws/install/realsense2_camera_msgs/local/lib/python3.10/dist-packages/realsense2_camera_msgs/srv/_device_info_s.c
[5.272s] -- Up-to-date: /root/Lunar_ROADSTER/lr_ws/install/realsense2_camera_msgs/local/lib/python3.10/dist-packages/realsense2_camera_msgs/srv/__init__.py
[5.273s] -- Up-to-date: /root/Lunar_ROADSTER/lr_ws/install/realsense2_camera_msgs/local/lib/python3.10/dist-packages/realsense2_camera_msgs/_realsense2_camera_msgs_s.ep.rosidl_typesupport_fastrtps_c.c
[5.273s] -- Up-to-date: /root/Lunar_ROADSTER/lr_ws/install/realsense2_camera_msgs/local/lib/python3.10/dist-packages/realsense2_camera_msgs/_realsense2_camera_msgs_s.ep.rosidl_typesupport_introspection_c.c
[5.273s] -- Up-to-date: /root/Lunar_ROADSTER/lr_ws/install/realsense2_camera_msgs/local/lib/python3.10/dist-packages/realsense2_camera_msgs/_realsense2_camera_msgs_s.ep.rosidl_typesupport_c.c
[5.273s] -- Up-to-date: /root/Lunar_ROADSTER/lr_ws/install/realsense2_camera_msgs/local/lib/python3.10/dist-packages/realsense2_camera_msgs/librealsense2_camera_msgs__rosidl_generator_py.so
[5.274s] -- Up-to-date: /root/Lunar_ROADSTER/lr_ws/install/realsense2_camera_msgs/local/lib/python3.10/dist-packages/realsense2_camera_msgs/realsense2_camera_msgs_s__rosidl_typesupport_fastrtps_c.cpython-310-aarch64-linux-gnu.so
[5.274s] -- Up-to-date: /root/Lunar_ROADSTER/lr_ws/install/realsense2_camera_msgs/local/lib/python3.10/dist-packages/realsense2_camera_msgs/realsense2_camera_msgs_s__rosidl_typesupport_c.cpython-310-aarch64-linux-gnu.so
[5.274s] -- Up-to-date: /root/Lunar_ROADSTER/lr_ws/install/realsense2_camera_msgs/local/lib/python3.10/dist-packages/realsense2_camera_msgs/realsense2_camera_msgs_s__rosidl_typesupport_introspection_c.cpython-310-aarch64-linux-gnu.so
[5.464s] Listing '/root/Lunar_ROADSTER/lr_ws/install/realsense2_camera_msgs/local/lib/python3.10/dist-packages/realsense2_camera_msgs'...
[5.464s] Listing '/root/Lunar_ROADSTER/lr_ws/install/realsense2_camera_msgs/local/lib/python3.10/dist-packages/realsense2_camera_msgs/msg'...
[5.465s] Listing '/root/Lunar_ROADSTER/lr_ws/install/realsense2_camera_msgs/local/lib/python3.10/dist-packages/realsense2_camera_msgs/srv'...
[5.484s] -- Up-to-date: /root/Lunar_ROADSTER/lr_ws/install/realsense2_camera_msgs/local/lib/python3.10/dist-packages/realsense2_camera_msgs/realsense2_camera_msgs_s__rosidl_typesupport_fastrtps_c.cpython-310-aarch64-linux-gnu.so
[5.487s] -- Up-to-date: /root/Lunar_ROADSTER/lr_ws/install/realsense2_camera_msgs/local/lib/python3.10/dist-packages/realsense2_camera_msgs/realsense2_camera_msgs_s__rosidl_typesupport_introspection_c.cpython-310-aarch64-linux-gnu.so
[5.489s] -- Up-to-date: /root/Lunar_ROADSTER/lr_ws/install/realsense2_camera_msgs/local/lib/python3.10/dist-packages/realsense2_camera_msgs/realsense2_camera_msgs_s__rosidl_typesupport_c.cpython-310-aarch64-linux-gnu.so
[5.491s] -- Up-to-date: /root/Lunar_ROADSTER/lr_ws/install/realsense2_camera_msgs/lib/librealsense2_camera_msgs__rosidl_generator_py.so
[5.492s] -- Up-to-date: /root/Lunar_ROADSTER/lr_ws/install/realsense2_camera_msgs/share/realsense2_camera_msgs/msg/IMUInfo.idl
[5.492s] -- Up-to-date: /root/Lunar_ROADSTER/lr_ws/install/realsense2_camera_msgs/share/realsense2_camera_msgs/msg/Extrinsics.idl
[5.493s] -- Up-to-date: /root/Lunar_ROADSTER/lr_ws/install/realsense2_camera_msgs/share/realsense2_camera_msgs/msg/Metadata.idl
[5.493s] -- Up-to-date: /root/Lunar_ROADSTER/lr_ws/install/realsense2_camera_msgs/share/realsense2_camera_msgs/msg/RGBD.idl
[5.494s] -- Up-to-date: /root/Lunar_ROADSTER/lr_ws/install/realsense2_camera_msgs/share/realsense2_camera_msgs/srv/DeviceInfo.idl
[5.494s] -- Up-to-date: /root/Lunar_ROADSTER/lr_ws/install/realsense2_camera_msgs/share/realsense2_camera_msgs/msg/IMUInfo.msg
[5.494s] -- Up-to-date: /root/Lunar_ROADSTER/lr_ws/install/realsense2_camera_msgs/share/realsense2_camera_msgs/msg/Extrinsics.msg
[5.494s] -- Up-to-date: /root/Lunar_ROADSTER/lr_ws/install/realsense2_camera_msgs/share/realsense2_camera_msgs/msg/Metadata.msg
[5.495s] -- Up-to-date: /root/Lunar_ROADSTER/lr_ws/install/realsense2_camera_msgs/share/realsense2_camera_msgs/msg/RGBD.msg
[5.495s] -- Up-to-date: /root/Lunar_ROADSTER/lr_ws/install/realsense2_camera_msgs/share/realsense2_camera_msgs/srv/DeviceInfo.srv
[5.495s] -- Up-to-date: /root/Lunar_ROADSTER/lr_ws/install/realsense2_camera_msgs/share/realsense2_camera_msgs/srv/DeviceInfo_Request.msg
[5.496s] -- Up-to-date: /root/Lunar_ROADSTER/lr_ws/install/realsense2_camera_msgs/share/realsense2_camera_msgs/srv/DeviceInfo_Response.msg
[5.496s] -- Up-to-date: /root/Lunar_ROADSTER/lr_ws/install/realsense2_camera_msgs/share/ament_index/resource_index/package_run_dependencies/realsense2_camera_msgs
[5.496s] -- Up-to-date: /root/Lunar_ROADSTER/lr_ws/install/realsense2_camera_msgs/share/ament_index/resource_index/parent_prefix_path/realsense2_camera_msgs
[5.497s] -- Up-to-date: /root/Lunar_ROADSTER/lr_ws/install/realsense2_camera_msgs/share/realsense2_camera_msgs/environment/ament_prefix_path.sh
[5.498s] -- Up-to-date: /root/Lunar_ROADSTER/lr_ws/install/realsense2_camera_msgs/share/realsense2_camera_msgs/environment/ament_prefix_path.dsv
[5.498s] -- Up-to-date: /root/Lunar_ROADSTER/lr_ws/install/realsense2_camera_msgs/share/realsense2_camera_msgs/environment/path.sh
[5.499s] -- Up-to-date: /root/Lunar_ROADSTER/lr_ws/install/realsense2_camera_msgs/share/realsense2_camera_msgs/environment/path.dsv
[5.499s] -- Up-to-date: /root/Lunar_ROADSTER/lr_ws/install/realsense2_camera_msgs/share/realsense2_camera_msgs/local_setup.bash
[5.499s] -- Up-to-date: /root/Lunar_ROADSTER/lr_ws/install/realsense2_camera_msgs/share/realsense2_camera_msgs/local_setup.sh
[5.499s] -- Up-to-date: /root/Lunar_ROADSTER/lr_ws/install/realsense2_camera_msgs/share/realsense2_camera_msgs/local_setup.zsh
[5.500s] -- Up-to-date: /root/Lunar_ROADSTER/lr_ws/install/realsense2_camera_msgs/share/realsense2_camera_msgs/local_setup.dsv
[5.500s] -- Installing: /root/Lunar_ROADSTER/lr_ws/install/realsense2_camera_msgs/share/realsense2_camera_msgs/package.dsv
[5.501s] -- Up-to-date: /root/Lunar_ROADSTER/lr_ws/install/realsense2_camera_msgs/share/ament_index/resource_index/packages/realsense2_camera_msgs
[5.501s] -- Up-to-date: /root/Lunar_ROADSTER/lr_ws/install/realsense2_camera_msgs/share/realsense2_camera_msgs/cmake/export_realsense2_camera_msgs__rosidl_generator_cExport.cmake
[5.502s] -- Up-to-date: /root/Lunar_ROADSTER/lr_ws/install/realsense2_camera_msgs/share/realsense2_camera_msgs/cmake/export_realsense2_camera_msgs__rosidl_generator_cExport-noconfig.cmake
[5.502s] -- Up-to-date: /root/Lunar_ROADSTER/lr_ws/install/realsense2_camera_msgs/share/realsense2_camera_msgs/cmake/export_realsense2_camera_msgs__rosidl_typesupport_fastrtps_cExport.cmake
[5.502s] -- Up-to-date: /root/Lunar_ROADSTER/lr_ws/install/realsense2_camera_msgs/share/realsense2_camera_msgs/cmake/export_realsense2_camera_msgs__rosidl_typesupport_fastrtps_cExport-noconfig.cmake
[5.508s] -- Up-to-date: /root/Lunar_ROADSTER/lr_ws/install/realsense2_camera_msgs/share/realsense2_camera_msgs/cmake/realsense2_camera_msgs__rosidl_typesupport_introspection_cExport.cmake
[5.509s] -- Up-to-date: /root/Lunar_ROADSTER/lr_ws/install/realsense2_camera_msgs/share/realsense2_camera_msgs/cmake/realsense2_camera_msgs__rosidl_typesupport_introspection_cExport-noconfig.cmake
[5.509s] -- Up-to-date: /root/Lunar_ROADSTER/lr_ws/install/realsense2_camera_msgs/share/realsense2_camera_msgs/cmake/realsense2_camera_msgs__rosidl_typesupport_cExport.cmake
[5.514s] -- Up-to-date: /root/Lunar_ROADSTER/lr_ws/install/realsense2_camera_msgs/share/realsense2_camera_msgs/cmake/realsense2_camera_msgs__rosidl_typesupport_cExport-noconfig.cmake
[5.514s] -- Up-to-date: /root/Lunar_ROADSTER/lr_ws/install/realsense2_camera_msgs/share/realsense2_camera_msgs/cmake/export_realsense2_camera_msgs__rosidl_generator_cppExport.cmake
[5.518s] -- Up-to-date: /root/Lunar_ROADSTER/lr_ws/install/realsense2_camera_msgs/share/realsense2_camera_msgs/cmake/export_realsense2_camera_msgs__rosidl_typesupport_fastrtps_cppExport.cmake
[5.519s] -- Up-to-date: /root/Lunar_ROADSTER/lr_ws/install/realsense2_camera_msgs/share/realsense2_camera_msgs/cmake/export_realsense2_camera_msgs__rosidl_typesupport_fastrtps_cppExport-noconfig.cmake
[5.519s] -- Up-to-date: /root/Lunar_ROADSTER/lr_ws/install/realsense2_camera_msgs/share/realsense2_camera_msgs/cmake/realsense2_camera_msgs__rosidl_typesupport_introspection_cppExport.cmake
[5.519s] -- Up-to-date: /root/Lunar_ROADSTER/lr_ws/install/realsense2_camera_msgs/share/realsense2_camera_msgs/cmake/realsense2_camera_msgs__rosidl_typesupport_introspection_cppExport-noconfig.cmake
[5.520s] -- Up-to-date: /root/Lunar_ROADSTER/lr_ws/install/realsense2_camera_msgs/share/realsense2_camera_msgs/cmake/realsense2_camera_msgs__rosidl_typesupport_cppExport.cmake
[5.521s] -- Up-to-date: /root/Lunar_ROADSTER/lr_ws/install/realsense2_camera_msgs/share/realsense2_camera_msgs/cmake/realsense2_camera_msgs__rosidl_typesupport_cppExport-noconfig.cmake
[5.521s] -- Up-to-date: /root/Lunar_ROADSTER/lr_ws/install/realsense2_camera_msgs/share/realsense2_camera_msgs/cmake/export_realsense2_camera_msgs__rosidl_generator_pyExport.cmake
[5.522s] -- Up-to-date: /root/Lunar_ROADSTER/lr_ws/install/realsense2_camera_msgs/share/realsense2_camera_msgs/cmake/export_realsense2_camera_msgs__rosidl_generator_pyExport-noconfig.cmake
[5.523s] -- Up-to-date: /root/Lunar_ROADSTER/lr_ws/install/realsense2_camera_msgs/share/realsense2_camera_msgs/cmake/rosidl_cmake-extras.cmake
[5.523s] -- Up-to-date: /root/Lunar_ROADSTER/lr_ws/install/realsense2_camera_msgs/share/realsense2_camera_msgs/cmake/ament_cmake_export_dependencies-extras.cmake
[5.528s] -- Up-to-date: /root/Lunar_ROADSTER/lr_ws/install/realsense2_camera_msgs/share/realsense2_camera_msgs/cmake/ament_cmake_export_include_directories-extras.cmake
[5.541s] -- Up-to-date: /root/Lunar_ROADSTER/lr_ws/install/realsense2_camera_msgs/share/realsense2_camera_msgs/cmake/ament_cmake_export_libraries-extras.cmake
[5.542s] -- Up-to-date: /root/Lunar_ROADSTER/lr_ws/install/realsense2_camera_msgs/share/realsense2_camera_msgs/cmake/ament_cmake_export_targets-extras.cmake
[5.542s] -- Up-to-date: /root/Lunar_ROADSTER/lr_ws/install/realsense2_camera_msgs/share/realsense2_camera_msgs/cmake/rosidl_cmake_export_typesupport_targets-extras.cmake
[5.542s] -- Up-to-date: /root/Lunar_ROADSTER/lr_ws/install/realsense2_camera_msgs/share/realsense2_camera_msgs/cmake/rosidl_cmake_export_typesupport_libraries-extras.cmake
[5.542s] -- Up-to-date: /root/Lunar_ROADSTER/lr_ws/install/realsense2_camera_msgs/share/realsense2_camera_msgs/cmake/realsense2_camera_msgsConfig.cmake
[5.543s] -- Up-to-date: /root/Lunar_ROADSTER/lr_ws/install/realsense2_camera_msgs/share/realsense2_camera_msgs/cmake/realsense2_camera_msgsConfig-version.cmake
[5.543s] -- Up-to-date: /root/Lunar_ROADSTER/lr_ws/install/realsense2_camera_msgs/share/realsense2_camera_msgs/package.xml
[5.543s] Invoked command in '/root/Lunar_ROADSTER/lr_ws/build/realsense2_camera_msgs' returned '0': CMAKE_PREFIX_PATH=${CMAKE_PREFIX_PATH}:/root/Lunar_ROADSTER/lr_ws/install/nav2_simple_commander:/opt/ros/humble /usr/local/bin/cmake --install /root/Lunar_ROADSTER/lr_ws/build/realsense2_camera_msgs
