[0.203s] Invoking command in '/root/Lunar_ROADSTER/lr_ws/build/vectornav': CMAKE_PREFIX_PATH=/root/Lunar_ROADSTER/lr_ws/install/vectornav_msgs:/root/Lunar_ROADSTER/lr_ws/install/vectornav:/root/Lunar_ROADSTER/lr_ws/install/localization:/root/Lunar_ROADSTER/lr_ws/install/cg_msgs:/opt/ros/humble LD_LIBRARY_PATH=/root/Lunar_ROADSTER/lr_ws/install/vectornav_msgs/lib:/root/Lunar_ROADSTER/lr_ws/install/vectornav/lib:/root/Lunar_ROADSTER/lr_ws/install/cg_msgs/lib:/opt/ros/humble/opt/rviz_ogre_vendor/lib:/opt/ros/humble/lib/aarch64-linux-gnu:/opt/ros/humble/lib:/usr/local/cuda/lib64 /usr/local/bin/cmake --build /root/Lunar_ROADSTER/lr_ws/build/vectornav -- -j4 -l4
[0.467s] [  6%] Built target vn_sensor_msgs_lib
[0.533s] [ 81%] Built target vncxx
[0.634s] [ 87%] Built target vn_sensor_msgs
[0.678s] [ 93%] Built target vectornav_lib
[0.810s] [100%] Built target vectornav
[0.867s] Invoked command in '/root/Lunar_ROADSTER/lr_ws/build/vectornav' returned '0': CMAKE_PREFIX_PATH=/root/Lunar_ROADSTER/lr_ws/install/vectornav_msgs:/root/Lunar_ROADSTER/lr_ws/install/vectornav:/root/Lunar_ROADSTER/lr_ws/install/localization:/root/Lunar_ROADSTER/lr_ws/install/cg_msgs:/opt/ros/humble LD_LIBRARY_PATH=/root/Lunar_ROADSTER/lr_ws/install/vectornav_msgs/lib:/root/Lunar_ROADSTER/lr_ws/install/vectornav/lib:/root/Lunar_ROADSTER/lr_ws/install/cg_msgs/lib:/opt/ros/humble/opt/rviz_ogre_vendor/lib:/opt/ros/humble/lib/aarch64-linux-gnu:/opt/ros/humble/lib:/usr/local/cuda/lib64 /usr/local/bin/cmake --build /root/Lunar_ROADSTER/lr_ws/build/vectornav -- -j4 -l4
[0.869s] Invoking command in '/root/Lunar_ROADSTER/lr_ws/build/vectornav': CMAKE_PREFIX_PATH=/root/Lunar_ROADSTER/lr_ws/install/vectornav_msgs:/root/Lunar_ROADSTER/lr_ws/install/vectornav:/root/Lunar_ROADSTER/lr_ws/install/localization:/root/Lunar_ROADSTER/lr_ws/install/cg_msgs:/opt/ros/humble LD_LIBRARY_PATH=/root/Lunar_ROADSTER/lr_ws/install/vectornav_msgs/lib:/root/Lunar_ROADSTER/lr_ws/install/vectornav/lib:/root/Lunar_ROADSTER/lr_ws/install/cg_msgs/lib:/opt/ros/humble/opt/rviz_ogre_vendor/lib:/opt/ros/humble/lib/aarch64-linux-gnu:/opt/ros/humble/lib:/usr/local/cuda/lib64 /usr/local/bin/cmake --install /root/Lunar_ROADSTER/lr_ws/build/vectornav
[0.904s] -- Install configuration: ""
[0.913s] -- Up-to-date: /root/Lunar_ROADSTER/lr_ws/install/vectornav/lib/libvectornav_lib.so
[0.921s] -- Up-to-date: /root/Lunar_ROADSTER/lr_ws/install/vectornav/lib/libvn_sensor_msgs_lib.so
[0.927s] -- Up-to-date: /root/Lunar_ROADSTER/lr_ws/install/vectornav/lib/vectornav/vectornav
[0.931s] -- Up-to-date: /root/Lunar_ROADSTER/lr_ws/install/vectornav/lib/vectornav/vn_sensor_msgs
[0.936s] -- Up-to-date: /root/Lunar_ROADSTER/lr_ws/install/vectornav/share/vectornav//config
[0.938s] -- Up-to-date: /root/Lunar_ROADSTER/lr_ws/install/vectornav/share/vectornav//config/vectornav.yaml
[0.940s] -- Up-to-date: /root/Lunar_ROADSTER/lr_ws/install/vectornav/share/vectornav//config/vectornav_composable.yaml
[0.941s] -- Up-to-date: /root/Lunar_ROADSTER/lr_ws/install/vectornav/share/vectornav//config/vn_100_800hz.yaml
[0.943s] -- Up-to-date: /root/Lunar_ROADSTER/lr_ws/install/vectornav/share/vectornav//config/vn_sensor_msgs_composable.yaml
[0.944s] -- Up-to-date: /root/Lunar_ROADSTER/lr_ws/install/vectornav/share/vectornav//launch
[0.947s] -- Up-to-date: /root/Lunar_ROADSTER/lr_ws/install/vectornav/share/vectornav//launch/vectornav.launch.py
[0.949s] -- Up-to-date: /root/Lunar_ROADSTER/lr_ws/install/vectornav/share/vectornav//launch/vectornav_composable.launch.py
[0.951s] -- Up-to-date: /root/Lunar_ROADSTER/lr_ws/install/vectornav/share/ament_index/resource_index/package_run_dependencies/vectornav
[0.953s] -- Up-to-date: /root/Lunar_ROADSTER/lr_ws/install/vectornav/share/ament_index/resource_index/parent_prefix_path/vectornav
[0.955s] -- Up-to-date: /root/Lunar_ROADSTER/lr_ws/install/vectornav/share/vectornav/environment/ament_prefix_path.sh
[0.957s] -- Up-to-date: /root/Lunar_ROADSTER/lr_ws/install/vectornav/share/vectornav/environment/ament_prefix_path.dsv
[0.959s] -- Up-to-date: /root/Lunar_ROADSTER/lr_ws/install/vectornav/share/vectornav/environment/path.sh
[0.960s] -- Up-to-date: /root/Lunar_ROADSTER/lr_ws/install/vectornav/share/vectornav/environment/path.dsv
[0.962s] -- Up-to-date: /root/Lunar_ROADSTER/lr_ws/install/vectornav/share/vectornav/local_setup.bash
[0.965s] -- Up-to-date: /root/Lunar_ROADSTER/lr_ws/install/vectornav/share/vectornav/local_setup.sh
[0.967s] -- Up-to-date: /root/Lunar_ROADSTER/lr_ws/install/vectornav/share/vectornav/local_setup.zsh
[0.968s] -- Up-to-date: /root/Lunar_ROADSTER/lr_ws/install/vectornav/share/vectornav/local_setup.dsv
[0.971s] -- Installing: /root/Lunar_ROADSTER/lr_ws/install/vectornav/share/vectornav/package.dsv
[0.976s] -- Up-to-date: /root/Lunar_ROADSTER/lr_ws/install/vectornav/share/ament_index/resource_index/packages/vectornav
[0.979s] -- Up-to-date: /root/Lunar_ROADSTER/lr_ws/install/vectornav/share/ament_index/resource_index/rclcpp_components/vectornav
[0.981s] -- Up-to-date: /root/Lunar_ROADSTER/lr_ws/install/vectornav/share/vectornav/cmake/ament_cmake_export_dependencies-extras.cmake
[0.984s] -- Up-to-date: /root/Lunar_ROADSTER/lr_ws/install/vectornav/share/vectornav/cmake/vectornavConfig.cmake
[0.986s] -- Up-to-date: /root/Lunar_ROADSTER/lr_ws/install/vectornav/share/vectornav/cmake/vectornavConfig-version.cmake
[0.987s] -- Up-to-date: /root/Lunar_ROADSTER/lr_ws/install/vectornav/share/vectornav/package.xml
[0.992s] -- Up-to-date: /root/Lunar_ROADSTER/lr_ws/install/vectornav/lib/libvncxx.so
[0.994s] -- Up-to-date: /root/Lunar_ROADSTER/lr_ws/install/vectornav/include/vn
[0.996s] -- Up-to-date: /root/Lunar_ROADSTER/lr_ws/install/vectornav/include/vn/attitude.h
[0.999s] -- Up-to-date: /root/Lunar_ROADSTER/lr_ws/install/vectornav/include/vn/boostpython.h
[1.002s] -- Up-to-date: /root/Lunar_ROADSTER/lr_ws/install/vectornav/include/vn/compiler.h
[1.004s] -- Up-to-date: /root/Lunar_ROADSTER/lr_ws/install/vectornav/include/vn/compositedata.h
[1.005s] -- Up-to-date: /root/Lunar_ROADSTER/lr_ws/install/vectornav/include/vn/consts.h
[1.007s] -- Up-to-date: /root/Lunar_ROADSTER/lr_ws/install/vectornav/include/vn/conversions.h
[1.008s] -- Up-to-date: /root/Lunar_ROADSTER/lr_ws/install/vectornav/include/vn/criticalsection.h
[1.010s] -- Up-to-date: /root/Lunar_ROADSTER/lr_ws/install/vectornav/include/vn/dllvalidator.h
[1.012s] -- Up-to-date: /root/Lunar_ROADSTER/lr_ws/install/vectornav/include/vn/error_detection.h
[1.013s] -- Up-to-date: /root/Lunar_ROADSTER/lr_ws/install/vectornav/include/vn/event.h
[1.015s] -- Up-to-date: /root/Lunar_ROADSTER/lr_ws/install/vectornav/include/vn/exceptions.h
[1.016s] -- Up-to-date: /root/Lunar_ROADSTER/lr_ws/install/vectornav/include/vn/export.h
[1.017s] -- Up-to-date: /root/Lunar_ROADSTER/lr_ws/install/vectornav/include/vn/ezasyncdata.h
[1.019s] -- Up-to-date: /root/Lunar_ROADSTER/lr_ws/install/vectornav/include/vn/int.h
[1.020s] -- Up-to-date: /root/Lunar_ROADSTER/lr_ws/install/vectornav/include/vn/matrix.h
[1.023s] -- Up-to-date: /root/Lunar_ROADSTER/lr_ws/install/vectornav/include/vn/memoryport.h
[1.024s] -- Up-to-date: /root/Lunar_ROADSTER/lr_ws/install/vectornav/include/vn/mock.h
[1.026s] -- Up-to-date: /root/Lunar_ROADSTER/lr_ws/install/vectornav/include/vn/nocopy.h
[1.027s] -- Up-to-date: /root/Lunar_ROADSTER/lr_ws/install/vectornav/include/vn/packet.h
[1.030s] -- Up-to-date: /root/Lunar_ROADSTER/lr_ws/install/vectornav/include/vn/packetfinder.h
[1.032s] -- Up-to-date: /root/Lunar_ROADSTER/lr_ws/install/vectornav/include/vn/port.h
[1.033s] -- Up-to-date: /root/Lunar_ROADSTER/lr_ws/install/vectornav/include/vn/position.h
[1.036s] -- Up-to-date: /root/Lunar_ROADSTER/lr_ws/install/vectornav/include/vn/registers.h
[1.037s] -- Up-to-date: /root/Lunar_ROADSTER/lr_ws/install/vectornav/include/vn/rtcmlistener.h
[1.037s] -- Up-to-date: /root/Lunar_ROADSTER/lr_ws/install/vectornav/include/vn/rtcmmessage.h
[1.039s] -- Up-to-date: /root/Lunar_ROADSTER/lr_ws/install/vectornav/include/vn/searcher.h
[1.041s] -- Up-to-date: /root/Lunar_ROADSTER/lr_ws/install/vectornav/include/vn/sensors.h
[1.043s] -- Up-to-date: /root/Lunar_ROADSTER/lr_ws/install/vectornav/include/vn/serialport.h
[1.045s] -- Up-to-date: /root/Lunar_ROADSTER/lr_ws/install/vectornav/include/vn/signal.h
[1.046s] -- Up-to-date: /root/Lunar_ROADSTER/lr_ws/install/vectornav/include/vn/thread.h
[1.050s] -- Up-to-date: /root/Lunar_ROADSTER/lr_ws/install/vectornav/include/vn/types.h
[1.051s] -- Up-to-date: /root/Lunar_ROADSTER/lr_ws/install/vectornav/include/vn/util.h
[1.052s] -- Up-to-date: /root/Lunar_ROADSTER/lr_ws/install/vectornav/include/vn/utilities.h
[1.053s] -- Up-to-date: /root/Lunar_ROADSTER/lr_ws/install/vectornav/include/vn/vector.h
[1.059s] -- Up-to-date: /root/Lunar_ROADSTER/lr_ws/install/vectornav/include/vn/vntime.h
[1.068s] Invoked command in '/root/Lunar_ROADSTER/lr_ws/build/vectornav' returned '0': CMAKE_PREFIX_PATH=/root/Lunar_ROADSTER/lr_ws/install/vectornav_msgs:/root/Lunar_ROADSTER/lr_ws/install/vectornav:/root/Lunar_ROADSTER/lr_ws/install/localization:/root/Lunar_ROADSTER/lr_ws/install/cg_msgs:/opt/ros/humble LD_LIBRARY_PATH=/root/Lunar_ROADSTER/lr_ws/install/vectornav_msgs/lib:/root/Lunar_ROADSTER/lr_ws/install/vectornav/lib:/root/Lunar_ROADSTER/lr_ws/install/cg_msgs/lib:/opt/ros/humble/opt/rviz_ogre_vendor/lib:/opt/ros/humble/lib/aarch64-linux-gnu:/opt/ros/humble/lib:/usr/local/cuda/lib64 /usr/local/bin/cmake --install /root/Lunar_ROADSTER/lr_ws/build/vectornav
