[0.222s] Invoking command in '/root/Lunar_ROADSTER/lr_ws/build/nav2_waypoint_follower': AMENT_PREFIX_PATH=/root/Lunar_ROADSTER/lr_ws/install/nav2_core:/root/Lunar_ROADSTER/lr_ws/install/nav2_costmap_2d:/root/Lunar_ROADSTER/lr_ws/install/nav2_map_server:/root/Lunar_ROADSTER/lr_ws/install/nav2_lifecycle_manager:/root/Lunar_ROADSTER/lr_ws/install/nav2_util:/root/Lunar_ROADSTER/lr_ws/install/nav2_voxel_grid:/root/Lunar_ROADSTER/lr_ws/install/nav2_msgs:/root/Lunar_ROADSTER/lr_ws/install/nav2_common:${AMENT_PREFIX_PATH} CMAKE_PREFIX_PATH=/root/Lunar_ROADSTER/lr_ws/install/nav2_core:/root/Lunar_ROADSTER/lr_ws/install/nav2_costmap_2d:/root/Lunar_ROADSTER/lr_ws/install/nav2_map_server:/root/Lunar_ROADSTER/lr_ws/install/nav2_lifecycle_manager:/root/Lunar_ROADSTER/lr_ws/install/nav2_util:/root/Lunar_ROADSTER/lr_ws/install/nav2_voxel_grid:/root/Lunar_ROADSTER/lr_ws/install/nav2_msgs:/root/Lunar_ROADSTER/lr_ws/install/nav2_common:/opt/ros/humble LD_LIBRARY_PATH=/root/Lunar_ROADSTER/lr_ws/install/nav2_costmap_2d/lib:/root/Lunar_ROADSTER/lr_ws/install/nav2_map_server/lib:/root/Lunar_ROADSTER/lr_ws/install/nav2_lifecycle_manager/lib:/root/Lunar_ROADSTER/lr_ws/install/nav2_util/lib:/root/Lunar_ROADSTER/lr_ws/install/nav2_voxel_grid/lib:/root/Lunar_ROADSTER/lr_ws/install/nav2_msgs/lib:/opt/ros/humble/opt/rviz_ogre_vendor/lib:/opt/ros/humble/lib/aarch64-linux-gnu:/opt/ros/humble/lib:/usr/local/cuda/lib64 PYTHONPATH=/root/Lunar_ROADSTER/lr_ws/install/nav2_msgs/local/lib/python3.10/dist-packages:/root/Lunar_ROADSTER/lr_ws/install/nav2_common/local/lib/python3.10/dist-packages:${PYTHONPATH} /usr/local/bin/cmake /root/Lunar_ROADSTER/lr_ws/src/navigation2/nav2_waypoint_follower -DCMAKE_INSTALL_PREFIX=/root/Lunar_ROADSTER/lr_ws/install/nav2_waypoint_follower
[0.723s] -- The C compiler identification is GNU 11.4.0
[1.005s] -- The CXX compiler identification is GNU 11.4.0
[1.037s] -- Detecting C compiler ABI info
[1.360s] -- Detecting C compiler ABI info - done
[1.393s] -- Check for working C compiler: /usr/bin/cc - skipped
[1.394s] -- Detecting C compile features
[1.396s] -- Detecting C compile features - done
[1.412s] -- Detecting CXX compiler ABI info
[1.751s] -- Detecting CXX compiler ABI info - done
[1.782s] -- Check for working CXX compiler: /usr/bin/c++ - skipped
[1.783s] -- Detecting CXX compile features
[1.786s] -- Detecting CXX compile features - done
[1.857s] -- Found OpenCV version 4.8.0
[1.890s] -- Found image_transport: 3.1.10 (/opt/ros/humble/share/image_transport/cmake)
[2.523s] -- Found Python3: /usr/bin/python3 (found version "3.10.12") found components: Interpreter 
[3.974s] -- Found rosidl_generator_c: 3.1.6 (/opt/ros/humble/share/rosidl_generator_c/cmake)
[4.043s] -- Found rosidl_adapter: 3.1.6 (/opt/ros/humble/share/rosidl_adapter/cmake)
[4.129s] -- Found rosidl_generator_cpp: 3.1.6 (/opt/ros/humble/share/rosidl_generator_cpp/cmake)
[4.239s] -- Using all available rosidl_typesupport_c: rosidl_typesupport_fastrtps_c;rosidl_typesupport_introspection_c
[4.383s] -- Using all available rosidl_typesupport_cpp: rosidl_typesupport_fastrtps_cpp;rosidl_typesupport_introspection_cpp
[4.825s] -- Found rmw_implementation_cmake: 6.1.2 (/opt/ros/humble/share/rmw_implementation_cmake/cmake)
[4.860s] -- Found rmw_fastrtps_cpp: 6.2.7 (/opt/ros/humble/share/rmw_fastrtps_cpp/cmake)
[5.452s] -- Found OpenSSL: /usr/lib/aarch64-linux-gnu/libcrypto.so (found version "3.0.2")  
[5.648s] -- Found FastRTPS: /opt/ros/humble/include  
[5.975s] -- Using RMW implementation 'rmw_fastrtps_cpp' as default
[6.136s] -- Looking for pthread.h
[6.472s] -- Looking for pthread.h - found
[6.477s] -- Performing Test CMAKE_HAVE_LIBC_PTHREAD
[6.821s] -- Performing Test CMAKE_HAVE_LIBC_PTHREAD - Success
[6.827s] -- Found Threads: TRUE  
[7.848s] -- Found cv_bridge: 3.2.1 (/opt/ros/humble/share/cv_bridge/cmake)
[7.908s] -- Found nav2_common: 1.1.18 (/root/Lunar_ROADSTER/lr_ws/install/nav2_common/share/nav2_common/cmake)
[7.946s] -- Found rclcpp_action: 16.0.11 (/opt/ros/humble/share/rclcpp_action/cmake)
[8.265s] -- Found rclcpp_lifecycle: 16.0.11 (/opt/ros/humble/share/rclcpp_lifecycle/cmake)
[8.482s] -- Found rclcpp_components: 16.0.11 (/opt/ros/humble/share/rclcpp_components/cmake)
[8.646s] -- Found nav_msgs: 4.2.4 (/opt/ros/humble/share/nav_msgs/cmake)
[8.749s] -- Found nav2_msgs: 1.1.18 (/root/Lunar_ROADSTER/lr_ws/install/nav2_msgs/share/nav2_msgs/cmake)
[8.887s] -- Found nav2_util: 1.1.18 (/root/Lunar_ROADSTER/lr_ws/install/nav2_util/share/nav2_util/cmake)
[9.370s] -- Found eigen3_cmake_module: 0.1.1 (/opt/ros/humble/share/eigen3_cmake_module/cmake)
[9.376s] -- Found Eigen3: TRUE (found version "3.4.0") 
[9.377s] -- Ensuring Eigen3 include directory is part of orocos-kdl CMake target
[9.603s] -- Found nav2_core: 1.1.18 (/root/Lunar_ROADSTER/lr_ws/install/nav2_core/share/nav2_core/cmake)
[10.222s] -- Setting build type to Release as none was specified.
[11.388s] -- Found ament_lint_auto: 0.12.11 (/opt/ros/humble/share/ament_lint_auto/cmake)
[11.434s] -- Found ament_cmake_gtest: 1.3.11 (/opt/ros/humble/share/ament_cmake_gtest/cmake)
[12.554s] -- Found gtest sources under '/opt/ros/humble/src/gtest_vendor': C++ tests using 'Google Test' will be built
[13.282s] -- Added test 'copyright' to check source files copyright and LICENSE
[13.461s] -- Added test 'cppcheck' to perform static code analysis on C / C++ code
[13.465s] -- Configured cppcheck include dirs: /root/Lunar_ROADSTER/lr_ws/src/navigation2/nav2_waypoint_follower/include
[13.466s] -- Configured cppcheck exclude dirs and/or files: 
[13.479s] -- Added test 'cpplint' to check C / C++ code against the Google style
[13.480s] -- Configured cpplint exclude dirs and/or files: 
[13.488s] -- Added test 'lint_cmake' to check CMake code style
[13.503s] -- Added test 'uncrustify' to check C / C++ code style
[13.504s] -- Configured uncrustify additional arguments: 
[13.509s] -- Added test 'xmllint' to check XML markup files
[13.542s] -- Configuring done
[16.171s] -- Generating done
[16.361s] -- Build files have been written to: /root/Lunar_ROADSTER/lr_ws/build/nav2_waypoint_follower
[16.431s] Invoked command in '/root/Lunar_ROADSTER/lr_ws/build/nav2_waypoint_follower' returned '0': AMENT_PREFIX_PATH=/root/Lunar_ROADSTER/lr_ws/install/nav2_core:/root/Lunar_ROADSTER/lr_ws/install/nav2_costmap_2d:/root/Lunar_ROADSTER/lr_ws/install/nav2_map_server:/root/Lunar_ROADSTER/lr_ws/install/nav2_lifecycle_manager:/root/Lunar_ROADSTER/lr_ws/install/nav2_util:/root/Lunar_ROADSTER/lr_ws/install/nav2_voxel_grid:/root/Lunar_ROADSTER/lr_ws/install/nav2_msgs:/root/Lunar_ROADSTER/lr_ws/install/nav2_common:${AMENT_PREFIX_PATH} CMAKE_PREFIX_PATH=/root/Lunar_ROADSTER/lr_ws/install/nav2_core:/root/Lunar_ROADSTER/lr_ws/install/nav2_costmap_2d:/root/Lunar_ROADSTER/lr_ws/install/nav2_map_server:/root/Lunar_ROADSTER/lr_ws/install/nav2_lifecycle_manager:/root/Lunar_ROADSTER/lr_ws/install/nav2_util:/root/Lunar_ROADSTER/lr_ws/install/nav2_voxel_grid:/root/Lunar_ROADSTER/lr_ws/install/nav2_msgs:/root/Lunar_ROADSTER/lr_ws/install/nav2_common:/opt/ros/humble LD_LIBRARY_PATH=/root/Lunar_ROADSTER/lr_ws/install/nav2_costmap_2d/lib:/root/Lunar_ROADSTER/lr_ws/install/nav2_map_server/lib:/root/Lunar_ROADSTER/lr_ws/install/nav2_lifecycle_manager/lib:/root/Lunar_ROADSTER/lr_ws/install/nav2_util/lib:/root/Lunar_ROADSTER/lr_ws/install/nav2_voxel_grid/lib:/root/Lunar_ROADSTER/lr_ws/install/nav2_msgs/lib:/opt/ros/humble/opt/rviz_ogre_vendor/lib:/opt/ros/humble/lib/aarch64-linux-gnu:/opt/ros/humble/lib:/usr/local/cuda/lib64 PYTHONPATH=/root/Lunar_ROADSTER/lr_ws/install/nav2_msgs/local/lib/python3.10/dist-packages:/root/Lunar_ROADSTER/lr_ws/install/nav2_common/local/lib/python3.10/dist-packages:${PYTHONPATH} /usr/local/bin/cmake /root/Lunar_ROADSTER/lr_ws/src/navigation2/nav2_waypoint_follower -DCMAKE_INSTALL_PREFIX=/root/Lunar_ROADSTER/lr_ws/install/nav2_waypoint_follower
[16.433s] Invoking command in '/root/Lunar_ROADSTER/lr_ws/build/nav2_waypoint_follower': AMENT_PREFIX_PATH=/root/Lunar_ROADSTER/lr_ws/install/nav2_core:/root/Lunar_ROADSTER/lr_ws/install/nav2_costmap_2d:/root/Lunar_ROADSTER/lr_ws/install/nav2_map_server:/root/Lunar_ROADSTER/lr_ws/install/nav2_lifecycle_manager:/root/Lunar_ROADSTER/lr_ws/install/nav2_util:/root/Lunar_ROADSTER/lr_ws/install/nav2_voxel_grid:/root/Lunar_ROADSTER/lr_ws/install/nav2_msgs:/root/Lunar_ROADSTER/lr_ws/install/nav2_common:${AMENT_PREFIX_PATH} CMAKE_PREFIX_PATH=/root/Lunar_ROADSTER/lr_ws/install/nav2_core:/root/Lunar_ROADSTER/lr_ws/install/nav2_costmap_2d:/root/Lunar_ROADSTER/lr_ws/install/nav2_map_server:/root/Lunar_ROADSTER/lr_ws/install/nav2_lifecycle_manager:/root/Lunar_ROADSTER/lr_ws/install/nav2_util:/root/Lunar_ROADSTER/lr_ws/install/nav2_voxel_grid:/root/Lunar_ROADSTER/lr_ws/install/nav2_msgs:/root/Lunar_ROADSTER/lr_ws/install/nav2_common:/opt/ros/humble LD_LIBRARY_PATH=/root/Lunar_ROADSTER/lr_ws/install/nav2_costmap_2d/lib:/root/Lunar_ROADSTER/lr_ws/install/nav2_map_server/lib:/root/Lunar_ROADSTER/lr_ws/install/nav2_lifecycle_manager/lib:/root/Lunar_ROADSTER/lr_ws/install/nav2_util/lib:/root/Lunar_ROADSTER/lr_ws/install/nav2_voxel_grid/lib:/root/Lunar_ROADSTER/lr_ws/install/nav2_msgs/lib:/opt/ros/humble/opt/rviz_ogre_vendor/lib:/opt/ros/humble/lib/aarch64-linux-gnu:/opt/ros/humble/lib:/usr/local/cuda/lib64 PYTHONPATH=/root/Lunar_ROADSTER/lr_ws/install/nav2_msgs/local/lib/python3.10/dist-packages:/root/Lunar_ROADSTER/lr_ws/install/nav2_common/local/lib/python3.10/dist-packages:${PYTHONPATH} /usr/local/bin/cmake --build /root/Lunar_ROADSTER/lr_ws/build/nav2_waypoint_follower -- -j4 -l4
[16.616s] [  5%] [32mBuilding CXX object CMakeFiles/waypoint_follower_core.dir/src/waypoint_follower.cpp.o[0m
[89.940s] [ 11%] [32m[1mLinking CXX shared library libwaypoint_follower_core.so[0m
[92.040s] [ 11%] Built target waypoint_follower_core
[92.131s] [ 16%] [32mBuilding CXX object CMakeFiles/input_at_waypoint.dir/plugins/input_at_waypoint.cpp.o[0m
[148.191s] [ 22%] [32m[1mLinking CXX shared library libinput_at_waypoint.so[0m
[149.712s] [ 22%] Built target input_at_waypoint
[149.771s] [ 27%] [32mBuilding CXX object gtest/CMakeFiles/gtest_main.dir/src/gtest_main.cc.o[0m
[153.995s] [ 33%] [32m[1mLinking CXX static library libgtest_main.a[0m
[154.281s] [ 33%] Built target gtest_main
[154.340s] [ 38%] [32mBuilding CXX object gtest/CMakeFiles/gtest.dir/src/gtest-all.cc.o[0m
[195.332s] [ 44%] [32m[1mLinking CXX static library libgtest.a[0m
[195.910s] [ 44%] Built target gtest
[196.049s] [ 50%] [32mBuilding CXX object CMakeFiles/waypoint_follower.dir/src/main.cpp.o[0m
[216.718s] [ 55%] [32m[1mLinking CXX executable waypoint_follower[0m
[218.122s] [ 55%] Built target waypoint_follower
[218.197s] [ 61%] [32mBuilding CXX object test/CMakeFiles/test_dynamic_parameters.dir/test_dynamic_parameters.cpp.o[0m
[247.984s] [ 66%] [32m[1mLinking CXX executable test_dynamic_parameters[0m
[249.566s] [ 66%] Built target test_dynamic_parameters
[249.638s] [ 72%] [32mBuilding CXX object CMakeFiles/photo_at_waypoint.dir/plugins/photo_at_waypoint.cpp.o[0m
[317.219s] [ 77%] [32m[1mLinking CXX shared library libphoto_at_waypoint.so[0m
[318.827s] [ 77%] Built target photo_at_waypoint
[318.908s] [ 83%] [32mBuilding CXX object CMakeFiles/wait_at_waypoint.dir/plugins/wait_at_waypoint.cpp.o[0m
[337.659s] [ 88%] [32m[1mLinking CXX shared library libwait_at_waypoint.so[0m
[338.746s] [ 88%] Built target wait_at_waypoint
[338.817s] [ 94%] [32mBuilding CXX object test/CMakeFiles/test_task_executors.dir/test_task_executors.cpp.o[0m
[385.364s] [100%] [32m[1mLinking CXX executable test_task_executors[0m
[388.804s] [100%] Built target test_task_executors
[388.828s] Invoked command in '/root/Lunar_ROADSTER/lr_ws/build/nav2_waypoint_follower' returned '0': AMENT_PREFIX_PATH=/root/Lunar_ROADSTER/lr_ws/install/nav2_core:/root/Lunar_ROADSTER/lr_ws/install/nav2_costmap_2d:/root/Lunar_ROADSTER/lr_ws/install/nav2_map_server:/root/Lunar_ROADSTER/lr_ws/install/nav2_lifecycle_manager:/root/Lunar_ROADSTER/lr_ws/install/nav2_util:/root/Lunar_ROADSTER/lr_ws/install/nav2_voxel_grid:/root/Lunar_ROADSTER/lr_ws/install/nav2_msgs:/root/Lunar_ROADSTER/lr_ws/install/nav2_common:${AMENT_PREFIX_PATH} CMAKE_PREFIX_PATH=/root/Lunar_ROADSTER/lr_ws/install/nav2_core:/root/Lunar_ROADSTER/lr_ws/install/nav2_costmap_2d:/root/Lunar_ROADSTER/lr_ws/install/nav2_map_server:/root/Lunar_ROADSTER/lr_ws/install/nav2_lifecycle_manager:/root/Lunar_ROADSTER/lr_ws/install/nav2_util:/root/Lunar_ROADSTER/lr_ws/install/nav2_voxel_grid:/root/Lunar_ROADSTER/lr_ws/install/nav2_msgs:/root/Lunar_ROADSTER/lr_ws/install/nav2_common:/opt/ros/humble LD_LIBRARY_PATH=/root/Lunar_ROADSTER/lr_ws/install/nav2_costmap_2d/lib:/root/Lunar_ROADSTER/lr_ws/install/nav2_map_server/lib:/root/Lunar_ROADSTER/lr_ws/install/nav2_lifecycle_manager/lib:/root/Lunar_ROADSTER/lr_ws/install/nav2_util/lib:/root/Lunar_ROADSTER/lr_ws/install/nav2_voxel_grid/lib:/root/Lunar_ROADSTER/lr_ws/install/nav2_msgs/lib:/opt/ros/humble/opt/rviz_ogre_vendor/lib:/opt/ros/humble/lib/aarch64-linux-gnu:/opt/ros/humble/lib:/usr/local/cuda/lib64 PYTHONPATH=/root/Lunar_ROADSTER/lr_ws/install/nav2_msgs/local/lib/python3.10/dist-packages:/root/Lunar_ROADSTER/lr_ws/install/nav2_common/local/lib/python3.10/dist-packages:${PYTHONPATH} /usr/local/bin/cmake --build /root/Lunar_ROADSTER/lr_ws/build/nav2_waypoint_follower -- -j4 -l4
[388.837s] Invoking command in '/root/Lunar_ROADSTER/lr_ws/build/nav2_waypoint_follower': AMENT_PREFIX_PATH=/root/Lunar_ROADSTER/lr_ws/install/nav2_core:/root/Lunar_ROADSTER/lr_ws/install/nav2_costmap_2d:/root/Lunar_ROADSTER/lr_ws/install/nav2_map_server:/root/Lunar_ROADSTER/lr_ws/install/nav2_lifecycle_manager:/root/Lunar_ROADSTER/lr_ws/install/nav2_util:/root/Lunar_ROADSTER/lr_ws/install/nav2_voxel_grid:/root/Lunar_ROADSTER/lr_ws/install/nav2_msgs:/root/Lunar_ROADSTER/lr_ws/install/nav2_common:${AMENT_PREFIX_PATH} CMAKE_PREFIX_PATH=/root/Lunar_ROADSTER/lr_ws/install/nav2_core:/root/Lunar_ROADSTER/lr_ws/install/nav2_costmap_2d:/root/Lunar_ROADSTER/lr_ws/install/nav2_map_server:/root/Lunar_ROADSTER/lr_ws/install/nav2_lifecycle_manager:/root/Lunar_ROADSTER/lr_ws/install/nav2_util:/root/Lunar_ROADSTER/lr_ws/install/nav2_voxel_grid:/root/Lunar_ROADSTER/lr_ws/install/nav2_msgs:/root/Lunar_ROADSTER/lr_ws/install/nav2_common:/opt/ros/humble LD_LIBRARY_PATH=/root/Lunar_ROADSTER/lr_ws/install/nav2_costmap_2d/lib:/root/Lunar_ROADSTER/lr_ws/install/nav2_map_server/lib:/root/Lunar_ROADSTER/lr_ws/install/nav2_lifecycle_manager/lib:/root/Lunar_ROADSTER/lr_ws/install/nav2_util/lib:/root/Lunar_ROADSTER/lr_ws/install/nav2_voxel_grid/lib:/root/Lunar_ROADSTER/lr_ws/install/nav2_msgs/lib:/opt/ros/humble/opt/rviz_ogre_vendor/lib:/opt/ros/humble/lib/aarch64-linux-gnu:/opt/ros/humble/lib:/usr/local/cuda/lib64 PYTHONPATH=/root/Lunar_ROADSTER/lr_ws/install/nav2_msgs/local/lib/python3.10/dist-packages:/root/Lunar_ROADSTER/lr_ws/install/nav2_common/local/lib/python3.10/dist-packages:${PYTHONPATH} /usr/local/bin/cmake --install /root/Lunar_ROADSTER/lr_ws/build/nav2_waypoint_follower
[388.853s] -- Install configuration: "Release"
[388.860s] -- Installing: /root/Lunar_ROADSTER/lr_ws/install/nav2_waypoint_follower/lib/libwaypoint_follower_core.so
[388.870s] -- Set runtime path of "/root/Lunar_ROADSTER/lr_ws/install/nav2_waypoint_follower/lib/libwaypoint_follower_core.so" to ""
[388.871s] -- Installing: /root/Lunar_ROADSTER/lr_ws/install/nav2_waypoint_follower/lib/libwait_at_waypoint.so
[388.875s] -- Set runtime path of "/root/Lunar_ROADSTER/lr_ws/install/nav2_waypoint_follower/lib/libwait_at_waypoint.so" to ""
[388.876s] -- Installing: /root/Lunar_ROADSTER/lr_ws/install/nav2_waypoint_follower/lib/libphoto_at_waypoint.so
[388.887s] -- Set runtime path of "/root/Lunar_ROADSTER/lr_ws/install/nav2_waypoint_follower/lib/libphoto_at_waypoint.so" to ""
[388.888s] -- Installing: /root/Lunar_ROADSTER/lr_ws/install/nav2_waypoint_follower/lib/libinput_at_waypoint.so
[388.898s] -- Set runtime path of "/root/Lunar_ROADSTER/lr_ws/install/nav2_waypoint_follower/lib/libinput_at_waypoint.so" to ""
[388.903s] -- Installing: /root/Lunar_ROADSTER/lr_ws/install/nav2_waypoint_follower/lib/nav2_waypoint_follower/waypoint_follower
[388.907s] -- Set runtime path of "/root/Lunar_ROADSTER/lr_ws/install/nav2_waypoint_follower/lib/nav2_waypoint_follower/waypoint_follower" to ""
[388.908s] -- Installing: /root/Lunar_ROADSTER/lr_ws/install/nav2_waypoint_follower/include/
[388.911s] -- Installing: /root/Lunar_ROADSTER/lr_ws/install/nav2_waypoint_follower/include//nav2_waypoint_follower
[388.914s] -- Installing: /root/Lunar_ROADSTER/lr_ws/install/nav2_waypoint_follower/include//nav2_waypoint_follower/plugins
[388.918s] -- Installing: /root/Lunar_ROADSTER/lr_ws/install/nav2_waypoint_follower/include//nav2_waypoint_follower/plugins/input_at_waypoint.hpp
[388.920s] -- Installing: /root/Lunar_ROADSTER/lr_ws/install/nav2_waypoint_follower/include//nav2_waypoint_follower/plugins/photo_at_waypoint.hpp
[388.921s] -- Installing: /root/Lunar_ROADSTER/lr_ws/install/nav2_waypoint_follower/include//nav2_waypoint_follower/plugins/wait_at_waypoint.hpp
[388.922s] -- Installing: /root/Lunar_ROADSTER/lr_ws/install/nav2_waypoint_follower/include//nav2_waypoint_follower/waypoint_follower.hpp
[388.932s] -- Installing: /root/Lunar_ROADSTER/lr_ws/install/nav2_waypoint_follower/share/nav2_waypoint_follower/environment/library_path.sh
[388.934s] -- Installing: /root/Lunar_ROADSTER/lr_ws/install/nav2_waypoint_follower/share/nav2_waypoint_follower/environment/library_path.dsv
[388.937s] -- Installing: /root/Lunar_ROADSTER/lr_ws/install/nav2_waypoint_follower/share/nav2_waypoint_follower/plugins.xml
[389.085s] -- Installing: /root/Lunar_ROADSTER/lr_ws/install/nav2_waypoint_follower/share/ament_index/resource_index/package_run_dependencies/nav2_waypoint_follower
[389.091s] -- Installing: /root/Lunar_ROADSTER/lr_ws/install/nav2_waypoint_follower/share/ament_index/resource_index/parent_prefix_path/nav2_waypoint_follower
[389.092s] -- Installing: /root/Lunar_ROADSTER/lr_ws/install/nav2_waypoint_follower/share/nav2_waypoint_follower/environment/ament_prefix_path.sh
[389.092s] -- Installing: /root/Lunar_ROADSTER/lr_ws/install/nav2_waypoint_follower/share/nav2_waypoint_follower/environment/ament_prefix_path.dsv
[389.094s] -- Installing: /root/Lunar_ROADSTER/lr_ws/install/nav2_waypoint_follower/share/nav2_waypoint_follower/environment/path.sh
[389.095s] -- Installing: /root/Lunar_ROADSTER/lr_ws/install/nav2_waypoint_follower/share/nav2_waypoint_follower/environment/path.dsv
[389.096s] -- Installing: /root/Lunar_ROADSTER/lr_ws/install/nav2_waypoint_follower/share/nav2_waypoint_follower/local_setup.bash
[389.097s] -- Installing: /root/Lunar_ROADSTER/lr_ws/install/nav2_waypoint_follower/share/nav2_waypoint_follower/local_setup.sh
[389.098s] -- Installing: /root/Lunar_ROADSTER/lr_ws/install/nav2_waypoint_follower/share/nav2_waypoint_follower/local_setup.zsh
[389.099s] -- Installing: /root/Lunar_ROADSTER/lr_ws/install/nav2_waypoint_follower/share/nav2_waypoint_follower/local_setup.dsv
[389.102s] -- Installing: /root/Lunar_ROADSTER/lr_ws/install/nav2_waypoint_follower/share/nav2_waypoint_follower/package.dsv
[389.105s] -- Installing: /root/Lunar_ROADSTER/lr_ws/install/nav2_waypoint_follower/share/ament_index/resource_index/packages/nav2_waypoint_follower
[389.109s] -- Installing: /root/Lunar_ROADSTER/lr_ws/install/nav2_waypoint_follower/share/ament_index/resource_index/nav2_waypoint_follower__pluginlib__plugin/nav2_waypoint_follower
[389.114s] -- Installing: /root/Lunar_ROADSTER/lr_ws/install/nav2_waypoint_follower/share/ament_index/resource_index/rclcpp_components/nav2_waypoint_follower
[389.117s] -- Installing: /root/Lunar_ROADSTER/lr_ws/install/nav2_waypoint_follower/share/nav2_waypoint_follower/cmake/ament_cmake_export_include_directories-extras.cmake
[389.120s] -- Installing: /root/Lunar_ROADSTER/lr_ws/install/nav2_waypoint_follower/share/nav2_waypoint_follower/cmake/ament_cmake_export_libraries-extras.cmake
[389.121s] -- Installing: /root/Lunar_ROADSTER/lr_ws/install/nav2_waypoint_follower/share/nav2_waypoint_follower/cmake/ament_cmake_export_dependencies-extras.cmake
[389.125s] -- Installing: /root/Lunar_ROADSTER/lr_ws/install/nav2_waypoint_follower/share/nav2_waypoint_follower/cmake/nav2_waypoint_followerConfig.cmake
[389.125s] -- Installing: /root/Lunar_ROADSTER/lr_ws/install/nav2_waypoint_follower/share/nav2_waypoint_follower/cmake/nav2_waypoint_followerConfig-version.cmake
[389.126s] -- Installing: /root/Lunar_ROADSTER/lr_ws/install/nav2_waypoint_follower/share/nav2_waypoint_follower/package.xml
[389.134s] Invoked command in '/root/Lunar_ROADSTER/lr_ws/build/nav2_waypoint_follower' returned '0': AMENT_PREFIX_PATH=/root/Lunar_ROADSTER/lr_ws/install/nav2_core:/root/Lunar_ROADSTER/lr_ws/install/nav2_costmap_2d:/root/Lunar_ROADSTER/lr_ws/install/nav2_map_server:/root/Lunar_ROADSTER/lr_ws/install/nav2_lifecycle_manager:/root/Lunar_ROADSTER/lr_ws/install/nav2_util:/root/Lunar_ROADSTER/lr_ws/install/nav2_voxel_grid:/root/Lunar_ROADSTER/lr_ws/install/nav2_msgs:/root/Lunar_ROADSTER/lr_ws/install/nav2_common:${AMENT_PREFIX_PATH} CMAKE_PREFIX_PATH=/root/Lunar_ROADSTER/lr_ws/install/nav2_core:/root/Lunar_ROADSTER/lr_ws/install/nav2_costmap_2d:/root/Lunar_ROADSTER/lr_ws/install/nav2_map_server:/root/Lunar_ROADSTER/lr_ws/install/nav2_lifecycle_manager:/root/Lunar_ROADSTER/lr_ws/install/nav2_util:/root/Lunar_ROADSTER/lr_ws/install/nav2_voxel_grid:/root/Lunar_ROADSTER/lr_ws/install/nav2_msgs:/root/Lunar_ROADSTER/lr_ws/install/nav2_common:/opt/ros/humble LD_LIBRARY_PATH=/root/Lunar_ROADSTER/lr_ws/install/nav2_costmap_2d/lib:/root/Lunar_ROADSTER/lr_ws/install/nav2_map_server/lib:/root/Lunar_ROADSTER/lr_ws/install/nav2_lifecycle_manager/lib:/root/Lunar_ROADSTER/lr_ws/install/nav2_util/lib:/root/Lunar_ROADSTER/lr_ws/install/nav2_voxel_grid/lib:/root/Lunar_ROADSTER/lr_ws/install/nav2_msgs/lib:/opt/ros/humble/opt/rviz_ogre_vendor/lib:/opt/ros/humble/lib/aarch64-linux-gnu:/opt/ros/humble/lib:/usr/local/cuda/lib64 PYTHONPATH=/root/Lunar_ROADSTER/lr_ws/install/nav2_msgs/local/lib/python3.10/dist-packages:/root/Lunar_ROADSTER/lr_ws/install/nav2_common/local/lib/python3.10/dist-packages:${PYTHONPATH} /usr/local/bin/cmake --install /root/Lunar_ROADSTER/lr_ws/build/nav2_waypoint_follower
