[0.048s] Invoking command in '/home/williamfbx/Lunar-ROADSTER/lr_ws/build/grid_map_cmake_helpers': CMAKE_PREFIX_PATH=${CMAKE_PREFIX_PATH}:/opt/ros/humble /usr/bin/cmake --build /home/williamfbx/Lunar-ROADSTER/lr_ws/build/grid_map_cmake_helpers -- -j12 -l12
[0.094s] Invoked command in '/home/williamfbx/Lunar-ROADSTER/lr_ws/build/grid_map_cmake_helpers' returned '0': CMAKE_PREFIX_PATH=${CMAKE_PREFIX_PATH}:/opt/ros/humble /usr/bin/cmake --build /home/williamfbx/Lunar-ROADSTER/lr_ws/build/grid_map_cmake_helpers -- -j12 -l12
[0.114s] Invoking command in '/home/williamfbx/Lunar-ROADSTER/lr_ws/build/grid_map_cmake_helpers': CMAKE_PREFIX_PATH=${CMAKE_PREFIX_PATH}:/opt/ros/humble /usr/bin/cmake --install /home/williamfbx/Lunar-ROADSTER/lr_ws/build/grid_map_cmake_helpers
[0.245s] -- Install configuration: ""
[0.246s] -- Up-to-date: /home/williamfbx/Lunar-ROADSTER/lr_ws/install/grid_map_cmake_helpers/share/ament_index/resource_index/package_run_dependencies/grid_map_cmake_helpers
[0.246s] -- Up-to-date: /home/williamfbx/Lunar-ROADSTER/lr_ws/install/grid_map_cmake_helpers/share/ament_index/resource_index/parent_prefix_path/grid_map_cmake_helpers
[0.246s] -- Up-to-date: /home/williamfbx/Lunar-ROADSTER/lr_ws/install/grid_map_cmake_helpers/share/grid_map_cmake_helpers/environment/ament_prefix_path.sh
[0.246s] -- Up-to-date: /home/williamfbx/Lunar-ROADSTER/lr_ws/install/grid_map_cmake_helpers/share/grid_map_cmake_helpers/environment/ament_prefix_path.dsv
[0.246s] -- Up-to-date: /home/williamfbx/Lunar-ROADSTER/lr_ws/install/grid_map_cmake_helpers/share/grid_map_cmake_helpers/environment/path.sh
[0.246s] -- Up-to-date: /home/williamfbx/Lunar-ROADSTER/lr_ws/install/grid_map_cmake_helpers/share/grid_map_cmake_helpers/environment/path.dsv
[0.246s] -- Up-to-date: /home/williamfbx/Lunar-ROADSTER/lr_ws/install/grid_map_cmake_helpers/share/grid_map_cmake_helpers/local_setup.bash
[0.246s] -- Up-to-date: /home/williamfbx/Lunar-ROADSTER/lr_ws/install/grid_map_cmake_helpers/share/grid_map_cmake_helpers/local_setup.sh
[0.246s] -- Up-to-date: /home/williamfbx/Lunar-ROADSTER/lr_ws/install/grid_map_cmake_helpers/share/grid_map_cmake_helpers/local_setup.zsh
[0.246s] -- Up-to-date: /home/williamfbx/Lunar-ROADSTER/lr_ws/install/grid_map_cmake_helpers/share/grid_map_cmake_helpers/local_setup.dsv
[0.246s] -- Installing: /home/williamfbx/Lunar-ROADSTER/lr_ws/install/grid_map_cmake_helpers/share/grid_map_cmake_helpers/package.dsv
[0.246s] -- Up-to-date: /home/williamfbx/Lunar-ROADSTER/lr_ws/install/grid_map_cmake_helpers/share/ament_index/resource_index/packages/grid_map_cmake_helpers
[0.246s] -- Up-to-date: /home/williamfbx/Lunar-ROADSTER/lr_ws/install/grid_map_cmake_helpers/share/grid_map_cmake_helpers/cmake/grid_map_cmake_helpers-extras.cmake
[0.251s] -- Up-to-date: /home/williamfbx/Lunar-ROADSTER/lr_ws/install/grid_map_cmake_helpers/share/grid_map_cmake_helpers/cmake/grid_map_cmake_helpersConfig.cmake
[0.251s] -- Up-to-date: /home/williamfbx/Lunar-ROADSTER/lr_ws/install/grid_map_cmake_helpers/share/grid_map_cmake_helpers/cmake/grid_map_cmake_helpersConfig-version.cmake
[0.252s] -- Up-to-date: /home/williamfbx/Lunar-ROADSTER/lr_ws/install/grid_map_cmake_helpers/share/grid_map_cmake_helpers/package.xml
[0.252s] -- Up-to-date: /home/williamfbx/Lunar-ROADSTER/lr_ws/install/grid_map_cmake_helpers/share/grid_map_cmake_helpers/cmake
[0.252s] -- Up-to-date: /home/williamfbx/Lunar-ROADSTER/lr_ws/install/grid_map_cmake_helpers/share/grid_map_cmake_helpers/cmake/grid_map_package.cmake
[0.261s] Invoked command in '/home/williamfbx/Lunar-ROADSTER/lr_ws/build/grid_map_cmake_helpers' returned '0': CMAKE_PREFIX_PATH=${CMAKE_PREFIX_PATH}:/opt/ros/humble /usr/bin/cmake --install /home/williamfbx/Lunar-ROADSTER/lr_ws/build/grid_map_cmake_helpers
