[0.101s] Invoking command in '/root/Lunar_ROADSTER/lr_ws/build/cg_msgs': CMAKE_PREFIX_PATH=/opt/ros/humble /usr/local/bin/cmake --build /root/Lunar_ROADSTER/lr_ws/build/cg_msgs -- -j4 -l4
[0.442s] [35m[1mConsolidate compiler generated dependencies of target cg_msgs__rosidl_generator_c[0m
[0.484s] [  0%] Built target cg_msgs__cpp
[0.520s] [  0%] Built target ament_cmake_python_copy_cg_msgs
[0.836s] [35m[1mConsolidate compiler generated dependencies of target cg_msgs__rosidl_typesupport_cpp[0m
[0.838s] [35m[1mConsolidate compiler generated dependencies of target cg_msgs__rosidl_typesupport_fastrtps_cpp[0m
[0.838s] [35m[1mConsolidate compiler generated dependencies of target cg_msgs__rosidl_typesupport_introspection_cpp[0m
[0.872s] [ 12%] Built target cg_msgs__rosidl_generator_c
[1.166s] [ 24%] Built target cg_msgs__rosidl_typesupport_cpp
[1.206s] [ 36%] Built target cg_msgs__rosidl_typesupport_fastrtps_cpp
[1.310s] [35m[1mConsolidate compiler generated dependencies of target cg_msgs__rosidl_typesupport_introspection_c[0m
[1.448s] [35m[1mConsolidate compiler generated dependencies of target cg_msgs__rosidl_typesupport_fastrtps_c[0m
[1.468s] [ 48%] Built target cg_msgs__rosidl_typesupport_introspection_cpp
[1.626s] [35m[1mConsolidate compiler generated dependencies of target cg_msgs__rosidl_typesupport_c[0m
[1.669s] [ 60%] Built target cg_msgs__rosidl_typesupport_introspection_c
[1.731s] [ 72%] Built target cg_msgs__rosidl_typesupport_fastrtps_c
[1.775s] [ 84%] Built target cg_msgs__rosidl_typesupport_c
[1.869s] [ 84%] Built target cg_msgs
[1.996s] [ 85%] Built target cg_msgs__py
[2.105s] [35m[1mConsolidate compiler generated dependencies of target cg_msgs__rosidl_generator_py[0m
[2.281s] [ 96%] Built target cg_msgs__rosidl_generator_py
[2.364s] [35m[1mConsolidate compiler generated dependencies of target cg_msgs__rosidl_typesupport_fastrtps_c__pyext[0m
[2.393s] [35m[1mConsolidate compiler generated dependencies of target cg_msgs__rosidl_typesupport_introspection_c__pyext[0m
[2.412s] [35m[1mConsolidate compiler generated dependencies of target cg_msgs__rosidl_typesupport_c__pyext[0m
[2.497s] [ 97%] Built target cg_msgs__rosidl_typesupport_fastrtps_c__pyext
[2.559s] [100%] Built target cg_msgs__rosidl_typesupport_c__pyext
[2.567s] [100%] Built target cg_msgs__rosidl_typesupport_introspection_c__pyext
[3.165s] running egg_info
[3.179s] writing cg_msgs.egg-info/PKG-INFO
[3.181s] writing dependency_links to cg_msgs.egg-info/dependency_links.txt
[3.189s] writing top-level names to cg_msgs.egg-info/top_level.txt
[3.207s] reading manifest file 'cg_msgs.egg-info/SOURCES.txt'
[3.240s] writing manifest file 'cg_msgs.egg-info/SOURCES.txt'
[3.350s] [100%] Built target ament_cmake_python_build_cg_msgs_egg
[3.457s] Invoked command in '/root/Lunar_ROADSTER/lr_ws/build/cg_msgs' returned '0': CMAKE_PREFIX_PATH=/opt/ros/humble /usr/local/bin/cmake --build /root/Lunar_ROADSTER/lr_ws/build/cg_msgs -- -j4 -l4
[3.470s] Invoking command in '/root/Lunar_ROADSTER/lr_ws/build/cg_msgs': CMAKE_PREFIX_PATH=/opt/ros/humble /usr/local/bin/cmake --install /root/Lunar_ROADSTER/lr_ws/build/cg_msgs
[3.500s] -- Install configuration: ""
[3.502s] -- Up-to-date: /root/Lunar_ROADSTER/lr_ws/install/cg_msgs/share/ament_index/resource_index/rosidl_interfaces/cg_msgs
[3.503s] -- Up-to-date: /root/Lunar_ROADSTER/lr_ws/install/cg_msgs/include/cg_msgs/cg_msgs
[3.512s] -- Up-to-date: /root/Lunar_ROADSTER/lr_ws/install/cg_msgs/include/cg_msgs/cg_msgs/msg
[3.512s] -- Up-to-date: /root/Lunar_ROADSTER/lr_ws/install/cg_msgs/include/cg_msgs/cg_msgs/msg/actuator_command.h
[3.513s] -- Up-to-date: /root/Lunar_ROADSTER/lr_ws/install/cg_msgs/include/cg_msgs/cg_msgs/msg/rosidl_generator_c__visibility_control.h
[3.513s] -- Up-to-date: /root/Lunar_ROADSTER/lr_ws/install/cg_msgs/include/cg_msgs/cg_msgs/msg/detail
[3.516s] -- Up-to-date: /root/Lunar_ROADSTER/lr_ws/install/cg_msgs/include/cg_msgs/cg_msgs/msg/detail/actuator_command__functions.c
[3.516s] -- Up-to-date: /root/Lunar_ROADSTER/lr_ws/install/cg_msgs/include/cg_msgs/cg_msgs/msg/detail/actuator_command__functions.h
[3.521s] -- Up-to-date: /root/Lunar_ROADSTER/lr_ws/install/cg_msgs/include/cg_msgs/cg_msgs/msg/detail/actuator_command__struct.h
[3.522s] -- Up-to-date: /root/Lunar_ROADSTER/lr_ws/install/cg_msgs/include/cg_msgs/cg_msgs/msg/detail/actuator_command__type_support.h
[3.522s] -- Up-to-date: /root/Lunar_ROADSTER/lr_ws/install/cg_msgs/include/cg_msgs/cg_msgs/msg/detail/beacon_tag__functions.c
[3.522s] -- Up-to-date: /root/Lunar_ROADSTER/lr_ws/install/cg_msgs/include/cg_msgs/cg_msgs/msg/detail/beacon_tag__functions.h
[3.524s] -- Up-to-date: /root/Lunar_ROADSTER/lr_ws/install/cg_msgs/include/cg_msgs/cg_msgs/msg/detail/beacon_tag__struct.h
[3.524s] -- Up-to-date: /root/Lunar_ROADSTER/lr_ws/install/cg_msgs/include/cg_msgs/cg_msgs/msg/detail/beacon_tag__type_support.h
[3.525s] -- Up-to-date: /root/Lunar_ROADSTER/lr_ws/install/cg_msgs/include/cg_msgs/cg_msgs/msg/detail/beacon_multi_tag__functions.c
[3.526s] -- Up-to-date: /root/Lunar_ROADSTER/lr_ws/install/cg_msgs/include/cg_msgs/cg_msgs/msg/detail/beacon_multi_tag__functions.h
[3.526s] -- Up-to-date: /root/Lunar_ROADSTER/lr_ws/install/cg_msgs/include/cg_msgs/cg_msgs/msg/detail/beacon_multi_tag__struct.h
[3.526s] -- Up-to-date: /root/Lunar_ROADSTER/lr_ws/install/cg_msgs/include/cg_msgs/cg_msgs/msg/detail/beacon_multi_tag__type_support.h
[3.526s] -- Up-to-date: /root/Lunar_ROADSTER/lr_ws/install/cg_msgs/include/cg_msgs/cg_msgs/msg/detail/encoder_telemetry__functions.c
[3.528s] -- Up-to-date: /root/Lunar_ROADSTER/lr_ws/install/cg_msgs/include/cg_msgs/cg_msgs/msg/detail/encoder_telemetry__functions.h
[3.530s] -- Up-to-date: /root/Lunar_ROADSTER/lr_ws/install/cg_msgs/include/cg_msgs/cg_msgs/msg/detail/encoder_telemetry__struct.h
[3.530s] -- Up-to-date: /root/Lunar_ROADSTER/lr_ws/install/cg_msgs/include/cg_msgs/cg_msgs/msg/detail/encoder_telemetry__type_support.h
[3.530s] -- Up-to-date: /root/Lunar_ROADSTER/lr_ws/install/cg_msgs/include/cg_msgs/cg_msgs/msg/detail/point2_d__functions.c
[3.531s] -- Up-to-date: /root/Lunar_ROADSTER/lr_ws/install/cg_msgs/include/cg_msgs/cg_msgs/msg/detail/point2_d__functions.h
[3.533s] -- Up-to-date: /root/Lunar_ROADSTER/lr_ws/install/cg_msgs/include/cg_msgs/cg_msgs/msg/detail/point2_d__struct.h
[3.533s] -- Up-to-date: /root/Lunar_ROADSTER/lr_ws/install/cg_msgs/include/cg_msgs/cg_msgs/msg/detail/point2_d__type_support.h
[3.533s] -- Up-to-date: /root/Lunar_ROADSTER/lr_ws/install/cg_msgs/include/cg_msgs/cg_msgs/msg/detail/pose2_d__functions.c
[3.534s] -- Up-to-date: /root/Lunar_ROADSTER/lr_ws/install/cg_msgs/include/cg_msgs/cg_msgs/msg/detail/pose2_d__functions.h
[3.534s] -- Up-to-date: /root/Lunar_ROADSTER/lr_ws/install/cg_msgs/include/cg_msgs/cg_msgs/msg/detail/pose2_d__struct.h
[3.534s] -- Up-to-date: /root/Lunar_ROADSTER/lr_ws/install/cg_msgs/include/cg_msgs/cg_msgs/msg/detail/pose2_d__type_support.h
[3.535s] -- Up-to-date: /root/Lunar_ROADSTER/lr_ws/install/cg_msgs/include/cg_msgs/cg_msgs/msg/detail/slip__functions.c
[3.535s] -- Up-to-date: /root/Lunar_ROADSTER/lr_ws/install/cg_msgs/include/cg_msgs/cg_msgs/msg/detail/slip__functions.h
[3.536s] -- Up-to-date: /root/Lunar_ROADSTER/lr_ws/install/cg_msgs/include/cg_msgs/cg_msgs/msg/detail/slip__struct.h
[3.536s] -- Up-to-date: /root/Lunar_ROADSTER/lr_ws/install/cg_msgs/include/cg_msgs/cg_msgs/msg/detail/slip__type_support.h
[3.537s] -- Up-to-date: /root/Lunar_ROADSTER/lr_ws/install/cg_msgs/include/cg_msgs/cg_msgs/msg/detail/mux_mode__functions.c
[3.537s] -- Up-to-date: /root/Lunar_ROADSTER/lr_ws/install/cg_msgs/include/cg_msgs/cg_msgs/msg/detail/mux_mode__functions.h
[3.537s] -- Up-to-date: /root/Lunar_ROADSTER/lr_ws/install/cg_msgs/include/cg_msgs/cg_msgs/msg/detail/mux_mode__struct.h
[3.537s] -- Up-to-date: /root/Lunar_ROADSTER/lr_ws/install/cg_msgs/include/cg_msgs/cg_msgs/msg/detail/mux_mode__type_support.h
[3.538s] -- Up-to-date: /root/Lunar_ROADSTER/lr_ws/install/cg_msgs/include/cg_msgs/cg_msgs/msg/detail/actuator_state__functions.c
[3.538s] -- Up-to-date: /root/Lunar_ROADSTER/lr_ws/install/cg_msgs/include/cg_msgs/cg_msgs/msg/detail/actuator_state__functions.h
[3.538s] -- Up-to-date: /root/Lunar_ROADSTER/lr_ws/install/cg_msgs/include/cg_msgs/cg_msgs/msg/detail/actuator_state__struct.h
[3.538s] -- Up-to-date: /root/Lunar_ROADSTER/lr_ws/install/cg_msgs/include/cg_msgs/cg_msgs/msg/detail/actuator_state__type_support.h
[3.539s] -- Up-to-date: /root/Lunar_ROADSTER/lr_ws/install/cg_msgs/include/cg_msgs/cg_msgs/msg/detail/site_map__functions.c
[3.539s] -- Up-to-date: /root/Lunar_ROADSTER/lr_ws/install/cg_msgs/include/cg_msgs/cg_msgs/msg/detail/site_map__functions.h
[3.539s] -- Up-to-date: /root/Lunar_ROADSTER/lr_ws/install/cg_msgs/include/cg_msgs/cg_msgs/msg/detail/site_map__struct.h
[3.539s] -- Up-to-date: /root/Lunar_ROADSTER/lr_ws/install/cg_msgs/include/cg_msgs/cg_msgs/msg/detail/site_map__type_support.h
[3.540s] -- Up-to-date: /root/Lunar_ROADSTER/lr_ws/install/cg_msgs/include/cg_msgs/cg_msgs/msg/detail/trajectory__functions.c
[3.548s] -- Up-to-date: /root/Lunar_ROADSTER/lr_ws/install/cg_msgs/include/cg_msgs/cg_msgs/msg/detail/trajectory__functions.h
[3.552s] -- Up-to-date: /root/Lunar_ROADSTER/lr_ws/install/cg_msgs/include/cg_msgs/cg_msgs/msg/detail/trajectory__struct.h
[3.552s] -- Up-to-date: /root/Lunar_ROADSTER/lr_ws/install/cg_msgs/include/cg_msgs/cg_msgs/msg/detail/trajectory__type_support.h
[3.553s] -- Up-to-date: /root/Lunar_ROADSTER/lr_ws/install/cg_msgs/include/cg_msgs/cg_msgs/msg/beacon_tag.h
[3.553s] -- Up-to-date: /root/Lunar_ROADSTER/lr_ws/install/cg_msgs/include/cg_msgs/cg_msgs/msg/beacon_multi_tag.h
[3.553s] -- Up-to-date: /root/Lunar_ROADSTER/lr_ws/install/cg_msgs/include/cg_msgs/cg_msgs/msg/encoder_telemetry.h
[3.553s] -- Up-to-date: /root/Lunar_ROADSTER/lr_ws/install/cg_msgs/include/cg_msgs/cg_msgs/msg/point2_d.h
[3.554s] -- Up-to-date: /root/Lunar_ROADSTER/lr_ws/install/cg_msgs/include/cg_msgs/cg_msgs/msg/pose2_d.h
[3.554s] -- Up-to-date: /root/Lunar_ROADSTER/lr_ws/install/cg_msgs/include/cg_msgs/cg_msgs/msg/slip.h
[3.555s] -- Up-to-date: /root/Lunar_ROADSTER/lr_ws/install/cg_msgs/include/cg_msgs/cg_msgs/msg/mux_mode.h
[3.555s] -- Up-to-date: /root/Lunar_ROADSTER/lr_ws/install/cg_msgs/include/cg_msgs/cg_msgs/msg/actuator_state.h
[3.555s] -- Up-to-date: /root/Lunar_ROADSTER/lr_ws/install/cg_msgs/include/cg_msgs/cg_msgs/msg/site_map.h
[3.556s] -- Up-to-date: /root/Lunar_ROADSTER/lr_ws/install/cg_msgs/include/cg_msgs/cg_msgs/msg/trajectory.h
[3.556s] -- Up-to-date: /root/Lunar_ROADSTER/lr_ws/install/cg_msgs/include/cg_msgs/cg_msgs/srv
[3.556s] -- Up-to-date: /root/Lunar_ROADSTER/lr_ws/install/cg_msgs/include/cg_msgs/cg_msgs/srv/site_map.h
[3.556s] -- Up-to-date: /root/Lunar_ROADSTER/lr_ws/install/cg_msgs/include/cg_msgs/cg_msgs/srv/detail
[3.557s] -- Up-to-date: /root/Lunar_ROADSTER/lr_ws/install/cg_msgs/include/cg_msgs/cg_msgs/srv/detail/site_map__functions.c
[3.580s] -- Up-to-date: /root/Lunar_ROADSTER/lr_ws/install/cg_msgs/include/cg_msgs/cg_msgs/srv/detail/site_map__functions.h
[3.587s] -- Up-to-date: /root/Lunar_ROADSTER/lr_ws/install/cg_msgs/include/cg_msgs/cg_msgs/srv/detail/site_map__struct.h
[3.588s] -- Up-to-date: /root/Lunar_ROADSTER/lr_ws/install/cg_msgs/include/cg_msgs/cg_msgs/srv/detail/site_map__type_support.h
[3.589s] -- Up-to-date: /root/Lunar_ROADSTER/lr_ws/install/cg_msgs/include/cg_msgs/cg_msgs/srv/detail/update_trajectory__functions.c
[3.589s] -- Up-to-date: /root/Lunar_ROADSTER/lr_ws/install/cg_msgs/include/cg_msgs/cg_msgs/srv/detail/update_trajectory__functions.h
[3.589s] -- Up-to-date: /root/Lunar_ROADSTER/lr_ws/install/cg_msgs/include/cg_msgs/cg_msgs/srv/detail/update_trajectory__struct.h
[3.589s] -- Up-to-date: /root/Lunar_ROADSTER/lr_ws/install/cg_msgs/include/cg_msgs/cg_msgs/srv/detail/update_trajectory__type_support.h
[3.590s] -- Up-to-date: /root/Lunar_ROADSTER/lr_ws/install/cg_msgs/include/cg_msgs/cg_msgs/srv/detail/enable_worksystem__functions.c
[3.590s] -- Up-to-date: /root/Lunar_ROADSTER/lr_ws/install/cg_msgs/include/cg_msgs/cg_msgs/srv/detail/enable_worksystem__functions.h
[3.590s] -- Up-to-date: /root/Lunar_ROADSTER/lr_ws/install/cg_msgs/include/cg_msgs/cg_msgs/srv/detail/enable_worksystem__struct.h
[3.591s] -- Up-to-date: /root/Lunar_ROADSTER/lr_ws/install/cg_msgs/include/cg_msgs/cg_msgs/srv/detail/enable_worksystem__type_support.h
[3.593s] -- Up-to-date: /root/Lunar_ROADSTER/lr_ws/install/cg_msgs/include/cg_msgs/cg_msgs/srv/detail/save_map__functions.c
[3.594s] -- Up-to-date: /root/Lunar_ROADSTER/lr_ws/install/cg_msgs/include/cg_msgs/cg_msgs/srv/detail/save_map__functions.h
[3.597s] -- Up-to-date: /root/Lunar_ROADSTER/lr_ws/install/cg_msgs/include/cg_msgs/cg_msgs/srv/detail/save_map__struct.h
[3.598s] -- Up-to-date: /root/Lunar_ROADSTER/lr_ws/install/cg_msgs/include/cg_msgs/cg_msgs/srv/detail/save_map__type_support.h
[3.599s] -- Up-to-date: /root/Lunar_ROADSTER/lr_ws/install/cg_msgs/include/cg_msgs/cg_msgs/srv/update_trajectory.h
[3.600s] -- Up-to-date: /root/Lunar_ROADSTER/lr_ws/install/cg_msgs/include/cg_msgs/cg_msgs/srv/enable_worksystem.h
[3.614s] -- Up-to-date: /root/Lunar_ROADSTER/lr_ws/install/cg_msgs/include/cg_msgs/cg_msgs/srv/save_map.h
[3.615s] -- Up-to-date: /root/Lunar_ROADSTER/lr_ws/install/cg_msgs/share/cg_msgs/environment/library_path.sh
[3.618s] -- Up-to-date: /root/Lunar_ROADSTER/lr_ws/install/cg_msgs/share/cg_msgs/environment/library_path.dsv
[3.619s] -- Up-to-date: /root/Lunar_ROADSTER/lr_ws/install/cg_msgs/lib/libcg_msgs__rosidl_generator_c.so
[3.619s] -- Up-to-date: /root/Lunar_ROADSTER/lr_ws/install/cg_msgs/include/cg_msgs/cg_msgs
[3.619s] -- Up-to-date: /root/Lunar_ROADSTER/lr_ws/install/cg_msgs/include/cg_msgs/cg_msgs/msg
[3.619s] -- Up-to-date: /root/Lunar_ROADSTER/lr_ws/install/cg_msgs/include/cg_msgs/cg_msgs/msg/detail
[3.620s] -- Up-to-date: /root/Lunar_ROADSTER/lr_ws/install/cg_msgs/include/cg_msgs/cg_msgs/msg/detail/actuator_command__rosidl_typesupport_fastrtps_c.h
[3.620s] -- Up-to-date: /root/Lunar_ROADSTER/lr_ws/install/cg_msgs/include/cg_msgs/cg_msgs/msg/detail/beacon_tag__rosidl_typesupport_fastrtps_c.h
[3.620s] -- Up-to-date: /root/Lunar_ROADSTER/lr_ws/install/cg_msgs/include/cg_msgs/cg_msgs/msg/detail/beacon_multi_tag__rosidl_typesupport_fastrtps_c.h
[3.620s] -- Up-to-date: /root/Lunar_ROADSTER/lr_ws/install/cg_msgs/include/cg_msgs/cg_msgs/msg/detail/encoder_telemetry__rosidl_typesupport_fastrtps_c.h
[3.621s] -- Up-to-date: /root/Lunar_ROADSTER/lr_ws/install/cg_msgs/include/cg_msgs/cg_msgs/msg/detail/point2_d__rosidl_typesupport_fastrtps_c.h
[3.629s] -- Up-to-date: /root/Lunar_ROADSTER/lr_ws/install/cg_msgs/include/cg_msgs/cg_msgs/msg/detail/pose2_d__rosidl_typesupport_fastrtps_c.h
[3.630s] -- Up-to-date: /root/Lunar_ROADSTER/lr_ws/install/cg_msgs/include/cg_msgs/cg_msgs/msg/detail/slip__rosidl_typesupport_fastrtps_c.h
[3.630s] -- Up-to-date: /root/Lunar_ROADSTER/lr_ws/install/cg_msgs/include/cg_msgs/cg_msgs/msg/detail/mux_mode__rosidl_typesupport_fastrtps_c.h
[3.631s] -- Up-to-date: /root/Lunar_ROADSTER/lr_ws/install/cg_msgs/include/cg_msgs/cg_msgs/msg/detail/actuator_state__rosidl_typesupport_fastrtps_c.h
[3.631s] -- Up-to-date: /root/Lunar_ROADSTER/lr_ws/install/cg_msgs/include/cg_msgs/cg_msgs/msg/detail/site_map__rosidl_typesupport_fastrtps_c.h
[3.632s] -- Up-to-date: /root/Lunar_ROADSTER/lr_ws/install/cg_msgs/include/cg_msgs/cg_msgs/msg/detail/trajectory__rosidl_typesupport_fastrtps_c.h
[3.632s] -- Up-to-date: /root/Lunar_ROADSTER/lr_ws/install/cg_msgs/include/cg_msgs/cg_msgs/msg/rosidl_typesupport_fastrtps_c__visibility_control.h
[3.633s] -- Up-to-date: /root/Lunar_ROADSTER/lr_ws/install/cg_msgs/include/cg_msgs/cg_msgs/srv
[3.634s] -- Up-to-date: /root/Lunar_ROADSTER/lr_ws/install/cg_msgs/include/cg_msgs/cg_msgs/srv/detail
[3.637s] -- Up-to-date: /root/Lunar_ROADSTER/lr_ws/install/cg_msgs/include/cg_msgs/cg_msgs/srv/detail/site_map__rosidl_typesupport_fastrtps_c.h
[3.637s] -- Up-to-date: /root/Lunar_ROADSTER/lr_ws/install/cg_msgs/include/cg_msgs/cg_msgs/srv/detail/update_trajectory__rosidl_typesupport_fastrtps_c.h
[3.637s] -- Up-to-date: /root/Lunar_ROADSTER/lr_ws/install/cg_msgs/include/cg_msgs/cg_msgs/srv/detail/enable_worksystem__rosidl_typesupport_fastrtps_c.h
[3.638s] -- Up-to-date: /root/Lunar_ROADSTER/lr_ws/install/cg_msgs/include/cg_msgs/cg_msgs/srv/detail/save_map__rosidl_typesupport_fastrtps_c.h
[3.638s] -- Up-to-date: /root/Lunar_ROADSTER/lr_ws/install/cg_msgs/lib/libcg_msgs__rosidl_typesupport_fastrtps_c.so
[3.640s] -- Up-to-date: /root/Lunar_ROADSTER/lr_ws/install/cg_msgs/include/cg_msgs/cg_msgs
[3.641s] -- Up-to-date: /root/Lunar_ROADSTER/lr_ws/install/cg_msgs/include/cg_msgs/cg_msgs/msg
[3.641s] -- Up-to-date: /root/Lunar_ROADSTER/lr_ws/install/cg_msgs/include/cg_msgs/cg_msgs/msg/actuator_command.hpp
[3.641s] -- Up-to-date: /root/Lunar_ROADSTER/lr_ws/install/cg_msgs/include/cg_msgs/cg_msgs/msg/rosidl_generator_cpp__visibility_control.hpp
[3.642s] -- Up-to-date: /root/Lunar_ROADSTER/lr_ws/install/cg_msgs/include/cg_msgs/cg_msgs/msg/detail
[3.642s] -- Up-to-date: /root/Lunar_ROADSTER/lr_ws/install/cg_msgs/include/cg_msgs/cg_msgs/msg/detail/actuator_command__builder.hpp
[3.643s] -- Up-to-date: /root/Lunar_ROADSTER/lr_ws/install/cg_msgs/include/cg_msgs/cg_msgs/msg/detail/actuator_command__struct.hpp
[3.644s] -- Up-to-date: /root/Lunar_ROADSTER/lr_ws/install/cg_msgs/include/cg_msgs/cg_msgs/msg/detail/actuator_command__traits.hpp
[3.646s] -- Up-to-date: /root/Lunar_ROADSTER/lr_ws/install/cg_msgs/include/cg_msgs/cg_msgs/msg/detail/actuator_command__type_support.hpp
[3.646s] -- Up-to-date: /root/Lunar_ROADSTER/lr_ws/install/cg_msgs/include/cg_msgs/cg_msgs/msg/detail/beacon_tag__builder.hpp
[3.654s] -- Up-to-date: /root/Lunar_ROADSTER/lr_ws/install/cg_msgs/include/cg_msgs/cg_msgs/msg/detail/beacon_tag__struct.hpp
[3.655s] -- Up-to-date: /root/Lunar_ROADSTER/lr_ws/install/cg_msgs/include/cg_msgs/cg_msgs/msg/detail/beacon_tag__traits.hpp
[3.656s] -- Up-to-date: /root/Lunar_ROADSTER/lr_ws/install/cg_msgs/include/cg_msgs/cg_msgs/msg/detail/beacon_tag__type_support.hpp
[3.656s] -- Up-to-date: /root/Lunar_ROADSTER/lr_ws/install/cg_msgs/include/cg_msgs/cg_msgs/msg/detail/beacon_multi_tag__builder.hpp
[3.656s] -- Up-to-date: /root/Lunar_ROADSTER/lr_ws/install/cg_msgs/include/cg_msgs/cg_msgs/msg/detail/beacon_multi_tag__struct.hpp
[3.657s] -- Up-to-date: /root/Lunar_ROADSTER/lr_ws/install/cg_msgs/include/cg_msgs/cg_msgs/msg/detail/beacon_multi_tag__traits.hpp
[3.657s] -- Up-to-date: /root/Lunar_ROADSTER/lr_ws/install/cg_msgs/include/cg_msgs/cg_msgs/msg/detail/beacon_multi_tag__type_support.hpp
[3.658s] -- Up-to-date: /root/Lunar_ROADSTER/lr_ws/install/cg_msgs/include/cg_msgs/cg_msgs/msg/detail/encoder_telemetry__builder.hpp
[3.658s] -- Up-to-date: /root/Lunar_ROADSTER/lr_ws/install/cg_msgs/include/cg_msgs/cg_msgs/msg/detail/encoder_telemetry__struct.hpp
[3.658s] -- Up-to-date: /root/Lunar_ROADSTER/lr_ws/install/cg_msgs/include/cg_msgs/cg_msgs/msg/detail/encoder_telemetry__traits.hpp
[3.659s] -- Up-to-date: /root/Lunar_ROADSTER/lr_ws/install/cg_msgs/include/cg_msgs/cg_msgs/msg/detail/encoder_telemetry__type_support.hpp
[3.659s] -- Up-to-date: /root/Lunar_ROADSTER/lr_ws/install/cg_msgs/include/cg_msgs/cg_msgs/msg/detail/point2_d__builder.hpp
[3.659s] -- Up-to-date: /root/Lunar_ROADSTER/lr_ws/install/cg_msgs/include/cg_msgs/cg_msgs/msg/detail/point2_d__struct.hpp
[3.659s] -- Up-to-date: /root/Lunar_ROADSTER/lr_ws/install/cg_msgs/include/cg_msgs/cg_msgs/msg/detail/point2_d__traits.hpp
[3.660s] -- Up-to-date: /root/Lunar_ROADSTER/lr_ws/install/cg_msgs/include/cg_msgs/cg_msgs/msg/detail/point2_d__type_support.hpp
[3.660s] -- Up-to-date: /root/Lunar_ROADSTER/lr_ws/install/cg_msgs/include/cg_msgs/cg_msgs/msg/detail/pose2_d__builder.hpp
[3.661s] -- Up-to-date: /root/Lunar_ROADSTER/lr_ws/install/cg_msgs/include/cg_msgs/cg_msgs/msg/detail/pose2_d__struct.hpp
[3.662s] -- Up-to-date: /root/Lunar_ROADSTER/lr_ws/install/cg_msgs/include/cg_msgs/cg_msgs/msg/detail/pose2_d__traits.hpp
[3.663s] -- Up-to-date: /root/Lunar_ROADSTER/lr_ws/install/cg_msgs/include/cg_msgs/cg_msgs/msg/detail/pose2_d__type_support.hpp
[3.666s] -- Up-to-date: /root/Lunar_ROADSTER/lr_ws/install/cg_msgs/include/cg_msgs/cg_msgs/msg/detail/slip__builder.hpp
[3.667s] -- Up-to-date: /root/Lunar_ROADSTER/lr_ws/install/cg_msgs/include/cg_msgs/cg_msgs/msg/detail/slip__struct.hpp
[3.668s] -- Up-to-date: /root/Lunar_ROADSTER/lr_ws/install/cg_msgs/include/cg_msgs/cg_msgs/msg/detail/slip__traits.hpp
[3.670s] -- Up-to-date: /root/Lunar_ROADSTER/lr_ws/install/cg_msgs/include/cg_msgs/cg_msgs/msg/detail/slip__type_support.hpp
[3.671s] -- Up-to-date: /root/Lunar_ROADSTER/lr_ws/install/cg_msgs/include/cg_msgs/cg_msgs/msg/detail/mux_mode__builder.hpp
[3.671s] -- Up-to-date: /root/Lunar_ROADSTER/lr_ws/install/cg_msgs/include/cg_msgs/cg_msgs/msg/detail/mux_mode__struct.hpp
[3.671s] -- Up-to-date: /root/Lunar_ROADSTER/lr_ws/install/cg_msgs/include/cg_msgs/cg_msgs/msg/detail/mux_mode__traits.hpp
[3.672s] -- Up-to-date: /root/Lunar_ROADSTER/lr_ws/install/cg_msgs/include/cg_msgs/cg_msgs/msg/detail/mux_mode__type_support.hpp
[3.672s] -- Up-to-date: /root/Lunar_ROADSTER/lr_ws/install/cg_msgs/include/cg_msgs/cg_msgs/msg/detail/actuator_state__builder.hpp
[3.672s] -- Up-to-date: /root/Lunar_ROADSTER/lr_ws/install/cg_msgs/include/cg_msgs/cg_msgs/msg/detail/actuator_state__struct.hpp
[3.673s] -- Up-to-date: /root/Lunar_ROADSTER/lr_ws/install/cg_msgs/include/cg_msgs/cg_msgs/msg/detail/actuator_state__traits.hpp
[3.680s] -- Up-to-date: /root/Lunar_ROADSTER/lr_ws/install/cg_msgs/include/cg_msgs/cg_msgs/msg/detail/actuator_state__type_support.hpp
[3.680s] -- Up-to-date: /root/Lunar_ROADSTER/lr_ws/install/cg_msgs/include/cg_msgs/cg_msgs/msg/detail/site_map__builder.hpp
[3.681s] -- Up-to-date: /root/Lunar_ROADSTER/lr_ws/install/cg_msgs/include/cg_msgs/cg_msgs/msg/detail/site_map__struct.hpp
[3.681s] -- Up-to-date: /root/Lunar_ROADSTER/lr_ws/install/cg_msgs/include/cg_msgs/cg_msgs/msg/detail/site_map__traits.hpp
[3.683s] -- Up-to-date: /root/Lunar_ROADSTER/lr_ws/install/cg_msgs/include/cg_msgs/cg_msgs/msg/detail/site_map__type_support.hpp
[3.683s] -- Up-to-date: /root/Lunar_ROADSTER/lr_ws/install/cg_msgs/include/cg_msgs/cg_msgs/msg/detail/trajectory__builder.hpp
[3.683s] -- Up-to-date: /root/Lunar_ROADSTER/lr_ws/install/cg_msgs/include/cg_msgs/cg_msgs/msg/detail/trajectory__struct.hpp
[3.683s] -- Up-to-date: /root/Lunar_ROADSTER/lr_ws/install/cg_msgs/include/cg_msgs/cg_msgs/msg/detail/trajectory__traits.hpp
[3.684s] -- Up-to-date: /root/Lunar_ROADSTER/lr_ws/install/cg_msgs/include/cg_msgs/cg_msgs/msg/detail/trajectory__type_support.hpp
[3.684s] -- Up-to-date: /root/Lunar_ROADSTER/lr_ws/install/cg_msgs/include/cg_msgs/cg_msgs/msg/beacon_tag.hpp
[3.684s] -- Up-to-date: /root/Lunar_ROADSTER/lr_ws/install/cg_msgs/include/cg_msgs/cg_msgs/msg/beacon_multi_tag.hpp
[3.685s] -- Up-to-date: /root/Lunar_ROADSTER/lr_ws/install/cg_msgs/include/cg_msgs/cg_msgs/msg/encoder_telemetry.hpp
[3.685s] -- Up-to-date: /root/Lunar_ROADSTER/lr_ws/install/cg_msgs/include/cg_msgs/cg_msgs/msg/point2_d.hpp
[3.685s] -- Up-to-date: /root/Lunar_ROADSTER/lr_ws/install/cg_msgs/include/cg_msgs/cg_msgs/msg/pose2_d.hpp
[3.685s] -- Up-to-date: /root/Lunar_ROADSTER/lr_ws/install/cg_msgs/include/cg_msgs/cg_msgs/msg/slip.hpp
[3.685s] -- Up-to-date: /root/Lunar_ROADSTER/lr_ws/install/cg_msgs/include/cg_msgs/cg_msgs/msg/mux_mode.hpp
[3.692s] -- Up-to-date: /root/Lunar_ROADSTER/lr_ws/install/cg_msgs/include/cg_msgs/cg_msgs/msg/actuator_state.hpp
[3.692s] -- Up-to-date: /root/Lunar_ROADSTER/lr_ws/install/cg_msgs/include/cg_msgs/cg_msgs/msg/site_map.hpp
[3.693s] -- Up-to-date: /root/Lunar_ROADSTER/lr_ws/install/cg_msgs/include/cg_msgs/cg_msgs/msg/trajectory.hpp
[3.693s] -- Up-to-date: /root/Lunar_ROADSTER/lr_ws/install/cg_msgs/include/cg_msgs/cg_msgs/srv
[3.693s] -- Up-to-date: /root/Lunar_ROADSTER/lr_ws/install/cg_msgs/include/cg_msgs/cg_msgs/srv/site_map.hpp
[3.694s] -- Up-to-date: /root/Lunar_ROADSTER/lr_ws/install/cg_msgs/include/cg_msgs/cg_msgs/srv/detail
[3.694s] -- Up-to-date: /root/Lunar_ROADSTER/lr_ws/install/cg_msgs/include/cg_msgs/cg_msgs/srv/detail/site_map__builder.hpp
[3.694s] -- Up-to-date: /root/Lunar_ROADSTER/lr_ws/install/cg_msgs/include/cg_msgs/cg_msgs/srv/detail/site_map__struct.hpp
[3.694s] -- Up-to-date: /root/Lunar_ROADSTER/lr_ws/install/cg_msgs/include/cg_msgs/cg_msgs/srv/detail/site_map__traits.hpp
[3.695s] -- Up-to-date: /root/Lunar_ROADSTER/lr_ws/install/cg_msgs/include/cg_msgs/cg_msgs/srv/detail/site_map__type_support.hpp
[3.695s] -- Up-to-date: /root/Lunar_ROADSTER/lr_ws/install/cg_msgs/include/cg_msgs/cg_msgs/srv/detail/update_trajectory__builder.hpp
[3.695s] -- Up-to-date: /root/Lunar_ROADSTER/lr_ws/install/cg_msgs/include/cg_msgs/cg_msgs/srv/detail/update_trajectory__struct.hpp
[3.695s] -- Up-to-date: /root/Lunar_ROADSTER/lr_ws/install/cg_msgs/include/cg_msgs/cg_msgs/srv/detail/update_trajectory__traits.hpp
[3.696s] -- Up-to-date: /root/Lunar_ROADSTER/lr_ws/install/cg_msgs/include/cg_msgs/cg_msgs/srv/detail/update_trajectory__type_support.hpp
[3.696s] -- Up-to-date: /root/Lunar_ROADSTER/lr_ws/install/cg_msgs/include/cg_msgs/cg_msgs/srv/detail/enable_worksystem__builder.hpp
[3.696s] -- Up-to-date: /root/Lunar_ROADSTER/lr_ws/install/cg_msgs/include/cg_msgs/cg_msgs/srv/detail/enable_worksystem__struct.hpp
[3.696s] -- Up-to-date: /root/Lunar_ROADSTER/lr_ws/install/cg_msgs/include/cg_msgs/cg_msgs/srv/detail/enable_worksystem__traits.hpp
[3.696s] -- Up-to-date: /root/Lunar_ROADSTER/lr_ws/install/cg_msgs/include/cg_msgs/cg_msgs/srv/detail/enable_worksystem__type_support.hpp
[3.697s] -- Up-to-date: /root/Lunar_ROADSTER/lr_ws/install/cg_msgs/include/cg_msgs/cg_msgs/srv/detail/save_map__builder.hpp
[3.697s] -- Up-to-date: /root/Lunar_ROADSTER/lr_ws/install/cg_msgs/include/cg_msgs/cg_msgs/srv/detail/save_map__struct.hpp
[3.697s] -- Up-to-date: /root/Lunar_ROADSTER/lr_ws/install/cg_msgs/include/cg_msgs/cg_msgs/srv/detail/save_map__traits.hpp
[3.697s] -- Up-to-date: /root/Lunar_ROADSTER/lr_ws/install/cg_msgs/include/cg_msgs/cg_msgs/srv/detail/save_map__type_support.hpp
[3.698s] -- Up-to-date: /root/Lunar_ROADSTER/lr_ws/install/cg_msgs/include/cg_msgs/cg_msgs/srv/update_trajectory.hpp
[3.698s] -- Up-to-date: /root/Lunar_ROADSTER/lr_ws/install/cg_msgs/include/cg_msgs/cg_msgs/srv/enable_worksystem.hpp
[3.698s] -- Up-to-date: /root/Lunar_ROADSTER/lr_ws/install/cg_msgs/include/cg_msgs/cg_msgs/srv/save_map.hpp
[3.698s] -- Up-to-date: /root/Lunar_ROADSTER/lr_ws/install/cg_msgs/include/cg_msgs/cg_msgs
[3.705s] -- Up-to-date: /root/Lunar_ROADSTER/lr_ws/install/cg_msgs/include/cg_msgs/cg_msgs/msg
[3.725s] -- Up-to-date: /root/Lunar_ROADSTER/lr_ws/install/cg_msgs/include/cg_msgs/cg_msgs/msg/detail
[3.725s] -- Up-to-date: /root/Lunar_ROADSTER/lr_ws/install/cg_msgs/include/cg_msgs/cg_msgs/msg/detail/actuator_command__rosidl_typesupport_fastrtps_cpp.hpp
[3.725s] -- Up-to-date: /root/Lunar_ROADSTER/lr_ws/install/cg_msgs/include/cg_msgs/cg_msgs/msg/detail/dds_fastrtps
[3.726s] -- Up-to-date: /root/Lunar_ROADSTER/lr_ws/install/cg_msgs/include/cg_msgs/cg_msgs/msg/detail/beacon_tag__rosidl_typesupport_fastrtps_cpp.hpp
[3.726s] -- Up-to-date: /root/Lunar_ROADSTER/lr_ws/install/cg_msgs/include/cg_msgs/cg_msgs/msg/detail/beacon_multi_tag__rosidl_typesupport_fastrtps_cpp.hpp
[3.726s] -- Up-to-date: /root/Lunar_ROADSTER/lr_ws/install/cg_msgs/include/cg_msgs/cg_msgs/msg/detail/encoder_telemetry__rosidl_typesupport_fastrtps_cpp.hpp
[3.727s] -- Up-to-date: /root/Lunar_ROADSTER/lr_ws/install/cg_msgs/include/cg_msgs/cg_msgs/msg/detail/point2_d__rosidl_typesupport_fastrtps_cpp.hpp
[3.727s] -- Up-to-date: /root/Lunar_ROADSTER/lr_ws/install/cg_msgs/include/cg_msgs/cg_msgs/msg/detail/pose2_d__rosidl_typesupport_fastrtps_cpp.hpp
[3.727s] -- Up-to-date: /root/Lunar_ROADSTER/lr_ws/install/cg_msgs/include/cg_msgs/cg_msgs/msg/detail/slip__rosidl_typesupport_fastrtps_cpp.hpp
[3.737s] -- Up-to-date: /root/Lunar_ROADSTER/lr_ws/install/cg_msgs/include/cg_msgs/cg_msgs/msg/detail/mux_mode__rosidl_typesupport_fastrtps_cpp.hpp
[3.738s] -- Up-to-date: /root/Lunar_ROADSTER/lr_ws/install/cg_msgs/include/cg_msgs/cg_msgs/msg/detail/actuator_state__rosidl_typesupport_fastrtps_cpp.hpp
[3.738s] -- Up-to-date: /root/Lunar_ROADSTER/lr_ws/install/cg_msgs/include/cg_msgs/cg_msgs/msg/detail/site_map__rosidl_typesupport_fastrtps_cpp.hpp
[3.738s] -- Up-to-date: /root/Lunar_ROADSTER/lr_ws/install/cg_msgs/include/cg_msgs/cg_msgs/msg/detail/trajectory__rosidl_typesupport_fastrtps_cpp.hpp
[3.739s] -- Up-to-date: /root/Lunar_ROADSTER/lr_ws/install/cg_msgs/include/cg_msgs/cg_msgs/msg/rosidl_typesupport_fastrtps_cpp__visibility_control.h
[3.739s] -- Up-to-date: /root/Lunar_ROADSTER/lr_ws/install/cg_msgs/include/cg_msgs/cg_msgs/srv
[3.739s] -- Up-to-date: /root/Lunar_ROADSTER/lr_ws/install/cg_msgs/include/cg_msgs/cg_msgs/srv/detail
[3.740s] -- Up-to-date: /root/Lunar_ROADSTER/lr_ws/install/cg_msgs/include/cg_msgs/cg_msgs/srv/detail/site_map__rosidl_typesupport_fastrtps_cpp.hpp
[3.741s] -- Up-to-date: /root/Lunar_ROADSTER/lr_ws/install/cg_msgs/include/cg_msgs/cg_msgs/srv/detail/dds_fastrtps
[3.741s] -- Up-to-date: /root/Lunar_ROADSTER/lr_ws/install/cg_msgs/include/cg_msgs/cg_msgs/srv/detail/update_trajectory__rosidl_typesupport_fastrtps_cpp.hpp
[3.742s] -- Up-to-date: /root/Lunar_ROADSTER/lr_ws/install/cg_msgs/include/cg_msgs/cg_msgs/srv/detail/enable_worksystem__rosidl_typesupport_fastrtps_cpp.hpp
[3.742s] -- Up-to-date: /root/Lunar_ROADSTER/lr_ws/install/cg_msgs/include/cg_msgs/cg_msgs/srv/detail/save_map__rosidl_typesupport_fastrtps_cpp.hpp
[3.742s] -- Up-to-date: /root/Lunar_ROADSTER/lr_ws/install/cg_msgs/lib/libcg_msgs__rosidl_typesupport_fastrtps_cpp.so
[3.742s] -- Up-to-date: /root/Lunar_ROADSTER/lr_ws/install/cg_msgs/include/cg_msgs/cg_msgs
[3.743s] -- Up-to-date: /root/Lunar_ROADSTER/lr_ws/install/cg_msgs/include/cg_msgs/cg_msgs/msg
[3.743s] -- Up-to-date: /root/Lunar_ROADSTER/lr_ws/install/cg_msgs/include/cg_msgs/cg_msgs/msg/detail
[3.753s] -- Up-to-date: /root/Lunar_ROADSTER/lr_ws/install/cg_msgs/include/cg_msgs/cg_msgs/msg/detail/actuator_command__rosidl_typesupport_introspection_c.h
[3.754s] -- Up-to-date: /root/Lunar_ROADSTER/lr_ws/install/cg_msgs/include/cg_msgs/cg_msgs/msg/detail/actuator_command__type_support.c
[3.754s] -- Up-to-date: /root/Lunar_ROADSTER/lr_ws/install/cg_msgs/include/cg_msgs/cg_msgs/msg/detail/beacon_tag__rosidl_typesupport_introspection_c.h
[3.754s] -- Up-to-date: /root/Lunar_ROADSTER/lr_ws/install/cg_msgs/include/cg_msgs/cg_msgs/msg/detail/beacon_tag__type_support.c
[3.755s] -- Up-to-date: /root/Lunar_ROADSTER/lr_ws/install/cg_msgs/include/cg_msgs/cg_msgs/msg/detail/beacon_multi_tag__rosidl_typesupport_introspection_c.h
[3.755s] -- Up-to-date: /root/Lunar_ROADSTER/lr_ws/install/cg_msgs/include/cg_msgs/cg_msgs/msg/detail/beacon_multi_tag__type_support.c
[3.755s] -- Up-to-date: /root/Lunar_ROADSTER/lr_ws/install/cg_msgs/include/cg_msgs/cg_msgs/msg/detail/encoder_telemetry__rosidl_typesupport_introspection_c.h
[3.755s] -- Up-to-date: /root/Lunar_ROADSTER/lr_ws/install/cg_msgs/include/cg_msgs/cg_msgs/msg/detail/encoder_telemetry__type_support.c
[3.756s] -- Up-to-date: /root/Lunar_ROADSTER/lr_ws/install/cg_msgs/include/cg_msgs/cg_msgs/msg/detail/point2_d__rosidl_typesupport_introspection_c.h
[3.756s] -- Up-to-date: /root/Lunar_ROADSTER/lr_ws/install/cg_msgs/include/cg_msgs/cg_msgs/msg/detail/point2_d__type_support.c
[3.756s] -- Up-to-date: /root/Lunar_ROADSTER/lr_ws/install/cg_msgs/include/cg_msgs/cg_msgs/msg/detail/pose2_d__rosidl_typesupport_introspection_c.h
[3.756s] -- Up-to-date: /root/Lunar_ROADSTER/lr_ws/install/cg_msgs/include/cg_msgs/cg_msgs/msg/detail/pose2_d__type_support.c
[3.757s] -- Up-to-date: /root/Lunar_ROADSTER/lr_ws/install/cg_msgs/include/cg_msgs/cg_msgs/msg/detail/slip__rosidl_typesupport_introspection_c.h
[3.757s] -- Up-to-date: /root/Lunar_ROADSTER/lr_ws/install/cg_msgs/include/cg_msgs/cg_msgs/msg/detail/slip__type_support.c
[3.757s] -- Up-to-date: /root/Lunar_ROADSTER/lr_ws/install/cg_msgs/include/cg_msgs/cg_msgs/msg/detail/mux_mode__rosidl_typesupport_introspection_c.h
[3.757s] -- Up-to-date: /root/Lunar_ROADSTER/lr_ws/install/cg_msgs/include/cg_msgs/cg_msgs/msg/detail/mux_mode__type_support.c
[3.758s] -- Up-to-date: /root/Lunar_ROADSTER/lr_ws/install/cg_msgs/include/cg_msgs/cg_msgs/msg/detail/actuator_state__rosidl_typesupport_introspection_c.h
[3.758s] -- Up-to-date: /root/Lunar_ROADSTER/lr_ws/install/cg_msgs/include/cg_msgs/cg_msgs/msg/detail/actuator_state__type_support.c
[3.758s] -- Up-to-date: /root/Lunar_ROADSTER/lr_ws/install/cg_msgs/include/cg_msgs/cg_msgs/msg/detail/site_map__rosidl_typesupport_introspection_c.h
[3.768s] -- Up-to-date: /root/Lunar_ROADSTER/lr_ws/install/cg_msgs/include/cg_msgs/cg_msgs/msg/detail/site_map__type_support.c
[3.769s] -- Up-to-date: /root/Lunar_ROADSTER/lr_ws/install/cg_msgs/include/cg_msgs/cg_msgs/msg/detail/trajectory__rosidl_typesupport_introspection_c.h
[3.770s] -- Up-to-date: /root/Lunar_ROADSTER/lr_ws/install/cg_msgs/include/cg_msgs/cg_msgs/msg/detail/trajectory__type_support.c
[3.770s] -- Up-to-date: /root/Lunar_ROADSTER/lr_ws/install/cg_msgs/include/cg_msgs/cg_msgs/msg/rosidl_typesupport_introspection_c__visibility_control.h
[3.770s] -- Up-to-date: /root/Lunar_ROADSTER/lr_ws/install/cg_msgs/include/cg_msgs/cg_msgs/srv
[3.770s] -- Up-to-date: /root/Lunar_ROADSTER/lr_ws/install/cg_msgs/include/cg_msgs/cg_msgs/srv/detail
[3.771s] -- Up-to-date: /root/Lunar_ROADSTER/lr_ws/install/cg_msgs/include/cg_msgs/cg_msgs/srv/detail/site_map__rosidl_typesupport_introspection_c.h
[3.771s] -- Up-to-date: /root/Lunar_ROADSTER/lr_ws/install/cg_msgs/include/cg_msgs/cg_msgs/srv/detail/site_map__type_support.c
[3.771s] -- Up-to-date: /root/Lunar_ROADSTER/lr_ws/install/cg_msgs/include/cg_msgs/cg_msgs/srv/detail/update_trajectory__rosidl_typesupport_introspection_c.h
[3.771s] -- Up-to-date: /root/Lunar_ROADSTER/lr_ws/install/cg_msgs/include/cg_msgs/cg_msgs/srv/detail/update_trajectory__type_support.c
[3.772s] -- Up-to-date: /root/Lunar_ROADSTER/lr_ws/install/cg_msgs/include/cg_msgs/cg_msgs/srv/detail/enable_worksystem__rosidl_typesupport_introspection_c.h
[3.773s] -- Up-to-date: /root/Lunar_ROADSTER/lr_ws/install/cg_msgs/include/cg_msgs/cg_msgs/srv/detail/enable_worksystem__type_support.c
[3.773s] -- Up-to-date: /root/Lunar_ROADSTER/lr_ws/install/cg_msgs/include/cg_msgs/cg_msgs/srv/detail/save_map__rosidl_typesupport_introspection_c.h
[3.774s] -- Up-to-date: /root/Lunar_ROADSTER/lr_ws/install/cg_msgs/include/cg_msgs/cg_msgs/srv/detail/save_map__type_support.c
[3.774s] -- Up-to-date: /root/Lunar_ROADSTER/lr_ws/install/cg_msgs/lib/libcg_msgs__rosidl_typesupport_introspection_c.so
[3.774s] -- Up-to-date: /root/Lunar_ROADSTER/lr_ws/install/cg_msgs/lib/libcg_msgs__rosidl_typesupport_c.so
[3.774s] -- Up-to-date: /root/Lunar_ROADSTER/lr_ws/install/cg_msgs/include/cg_msgs/cg_msgs
[3.775s] -- Up-to-date: /root/Lunar_ROADSTER/lr_ws/install/cg_msgs/include/cg_msgs/cg_msgs/msg
[3.775s] -- Up-to-date: /root/Lunar_ROADSTER/lr_ws/install/cg_msgs/include/cg_msgs/cg_msgs/msg/detail
[3.775s] -- Up-to-date: /root/Lunar_ROADSTER/lr_ws/install/cg_msgs/include/cg_msgs/cg_msgs/msg/detail/actuator_command__rosidl_typesupport_introspection_cpp.hpp
[3.775s] -- Up-to-date: /root/Lunar_ROADSTER/lr_ws/install/cg_msgs/include/cg_msgs/cg_msgs/msg/detail/actuator_command__type_support.cpp
[3.778s] -- Up-to-date: /root/Lunar_ROADSTER/lr_ws/install/cg_msgs/include/cg_msgs/cg_msgs/msg/detail/beacon_tag__rosidl_typesupport_introspection_cpp.hpp
[3.792s] -- Up-to-date: /root/Lunar_ROADSTER/lr_ws/install/cg_msgs/include/cg_msgs/cg_msgs/msg/detail/beacon_tag__type_support.cpp
[3.792s] -- Up-to-date: /root/Lunar_ROADSTER/lr_ws/install/cg_msgs/include/cg_msgs/cg_msgs/msg/detail/beacon_multi_tag__rosidl_typesupport_introspection_cpp.hpp
[3.792s] -- Up-to-date: /root/Lunar_ROADSTER/lr_ws/install/cg_msgs/include/cg_msgs/cg_msgs/msg/detail/beacon_multi_tag__type_support.cpp
[3.793s] -- Up-to-date: /root/Lunar_ROADSTER/lr_ws/install/cg_msgs/include/cg_msgs/cg_msgs/msg/detail/encoder_telemetry__rosidl_typesupport_introspection_cpp.hpp
[3.793s] -- Up-to-date: /root/Lunar_ROADSTER/lr_ws/install/cg_msgs/include/cg_msgs/cg_msgs/msg/detail/encoder_telemetry__type_support.cpp
[3.793s] -- Up-to-date: /root/Lunar_ROADSTER/lr_ws/install/cg_msgs/include/cg_msgs/cg_msgs/msg/detail/point2_d__rosidl_typesupport_introspection_cpp.hpp
[3.794s] -- Up-to-date: /root/Lunar_ROADSTER/lr_ws/install/cg_msgs/include/cg_msgs/cg_msgs/msg/detail/point2_d__type_support.cpp
[3.794s] -- Up-to-date: /root/Lunar_ROADSTER/lr_ws/install/cg_msgs/include/cg_msgs/cg_msgs/msg/detail/pose2_d__rosidl_typesupport_introspection_cpp.hpp
[3.794s] -- Up-to-date: /root/Lunar_ROADSTER/lr_ws/install/cg_msgs/include/cg_msgs/cg_msgs/msg/detail/pose2_d__type_support.cpp
[3.794s] -- Up-to-date: /root/Lunar_ROADSTER/lr_ws/install/cg_msgs/include/cg_msgs/cg_msgs/msg/detail/slip__rosidl_typesupport_introspection_cpp.hpp
[3.794s] -- Up-to-date: /root/Lunar_ROADSTER/lr_ws/install/cg_msgs/include/cg_msgs/cg_msgs/msg/detail/slip__type_support.cpp
[3.795s] -- Up-to-date: /root/Lunar_ROADSTER/lr_ws/install/cg_msgs/include/cg_msgs/cg_msgs/msg/detail/mux_mode__rosidl_typesupport_introspection_cpp.hpp
[3.795s] -- Up-to-date: /root/Lunar_ROADSTER/lr_ws/install/cg_msgs/include/cg_msgs/cg_msgs/msg/detail/mux_mode__type_support.cpp
[3.795s] -- Up-to-date: /root/Lunar_ROADSTER/lr_ws/install/cg_msgs/include/cg_msgs/cg_msgs/msg/detail/actuator_state__rosidl_typesupport_introspection_cpp.hpp
[3.795s] -- Up-to-date: /root/Lunar_ROADSTER/lr_ws/install/cg_msgs/include/cg_msgs/cg_msgs/msg/detail/actuator_state__type_support.cpp
[3.807s] -- Up-to-date: /root/Lunar_ROADSTER/lr_ws/install/cg_msgs/include/cg_msgs/cg_msgs/msg/detail/site_map__rosidl_typesupport_introspection_cpp.hpp
[3.807s] -- Up-to-date: /root/Lunar_ROADSTER/lr_ws/install/cg_msgs/include/cg_msgs/cg_msgs/msg/detail/site_map__type_support.cpp
[3.809s] -- Up-to-date: /root/Lunar_ROADSTER/lr_ws/install/cg_msgs/include/cg_msgs/cg_msgs/msg/detail/trajectory__rosidl_typesupport_introspection_cpp.hpp
[3.809s] -- Up-to-date: /root/Lunar_ROADSTER/lr_ws/install/cg_msgs/include/cg_msgs/cg_msgs/msg/detail/trajectory__type_support.cpp
[3.809s] -- Up-to-date: /root/Lunar_ROADSTER/lr_ws/install/cg_msgs/include/cg_msgs/cg_msgs/srv
[3.810s] -- Up-to-date: /root/Lunar_ROADSTER/lr_ws/install/cg_msgs/include/cg_msgs/cg_msgs/srv/detail
[3.810s] -- Up-to-date: /root/Lunar_ROADSTER/lr_ws/install/cg_msgs/include/cg_msgs/cg_msgs/srv/detail/site_map__rosidl_typesupport_introspection_cpp.hpp
[3.810s] -- Up-to-date: /root/Lunar_ROADSTER/lr_ws/install/cg_msgs/include/cg_msgs/cg_msgs/srv/detail/site_map__type_support.cpp
[3.813s] -- Up-to-date: /root/Lunar_ROADSTER/lr_ws/install/cg_msgs/include/cg_msgs/cg_msgs/srv/detail/update_trajectory__rosidl_typesupport_introspection_cpp.hpp
[3.816s] -- Up-to-date: /root/Lunar_ROADSTER/lr_ws/install/cg_msgs/include/cg_msgs/cg_msgs/srv/detail/update_trajectory__type_support.cpp
[3.818s] -- Up-to-date: /root/Lunar_ROADSTER/lr_ws/install/cg_msgs/include/cg_msgs/cg_msgs/srv/detail/enable_worksystem__rosidl_typesupport_introspection_cpp.hpp
[3.819s] -- Up-to-date: /root/Lunar_ROADSTER/lr_ws/install/cg_msgs/include/cg_msgs/cg_msgs/srv/detail/enable_worksystem__type_support.cpp
[3.819s] -- Up-to-date: /root/Lunar_ROADSTER/lr_ws/install/cg_msgs/include/cg_msgs/cg_msgs/srv/detail/save_map__rosidl_typesupport_introspection_cpp.hpp
[3.822s] -- Up-to-date: /root/Lunar_ROADSTER/lr_ws/install/cg_msgs/include/cg_msgs/cg_msgs/srv/detail/save_map__type_support.cpp
[3.830s] -- Up-to-date: /root/Lunar_ROADSTER/lr_ws/install/cg_msgs/lib/libcg_msgs__rosidl_typesupport_introspection_cpp.so
[3.831s] -- Up-to-date: /root/Lunar_ROADSTER/lr_ws/install/cg_msgs/lib/libcg_msgs__rosidl_typesupport_cpp.so
[3.831s] -- Up-to-date: /root/Lunar_ROADSTER/lr_ws/install/cg_msgs/share/cg_msgs/environment/pythonpath.sh
[3.831s] -- Up-to-date: /root/Lunar_ROADSTER/lr_ws/install/cg_msgs/share/cg_msgs/environment/pythonpath.dsv
[3.831s] -- Up-to-date: /root/Lunar_ROADSTER/lr_ws/install/cg_msgs/local/lib/python3.10/dist-packages/cg_msgs-0.0.0-py3.10.egg-info
[3.832s] -- Installing: /root/Lunar_ROADSTER/lr_ws/install/cg_msgs/local/lib/python3.10/dist-packages/cg_msgs-0.0.0-py3.10.egg-info/PKG-INFO
[3.832s] -- Installing: /root/Lunar_ROADSTER/lr_ws/install/cg_msgs/local/lib/python3.10/dist-packages/cg_msgs-0.0.0-py3.10.egg-info/dependency_links.txt
[3.843s] -- Installing: /root/Lunar_ROADSTER/lr_ws/install/cg_msgs/local/lib/python3.10/dist-packages/cg_msgs-0.0.0-py3.10.egg-info/top_level.txt
[3.843s] -- Installing: /root/Lunar_ROADSTER/lr_ws/install/cg_msgs/local/lib/python3.10/dist-packages/cg_msgs-0.0.0-py3.10.egg-info/SOURCES.txt
[3.846s] -- Up-to-date: /root/Lunar_ROADSTER/lr_ws/install/cg_msgs/local/lib/python3.10/dist-packages/cg_msgs
[3.847s] -- Up-to-date: /root/Lunar_ROADSTER/lr_ws/install/cg_msgs/local/lib/python3.10/dist-packages/cg_msgs/__init__.py
[3.849s] -- Up-to-date: /root/Lunar_ROADSTER/lr_ws/install/cg_msgs/local/lib/python3.10/dist-packages/cg_msgs/msg
[3.851s] -- Up-to-date: /root/Lunar_ROADSTER/lr_ws/install/cg_msgs/local/lib/python3.10/dist-packages/cg_msgs/msg/_actuator_command.py
[3.851s] -- Up-to-date: /root/Lunar_ROADSTER/lr_ws/install/cg_msgs/local/lib/python3.10/dist-packages/cg_msgs/msg/_actuator_command_s.c
[3.857s] -- Up-to-date: /root/Lunar_ROADSTER/lr_ws/install/cg_msgs/local/lib/python3.10/dist-packages/cg_msgs/msg/_beacon_tag.py
[3.857s] -- Up-to-date: /root/Lunar_ROADSTER/lr_ws/install/cg_msgs/local/lib/python3.10/dist-packages/cg_msgs/msg/_beacon_tag_s.c
[3.876s] -- Up-to-date: /root/Lunar_ROADSTER/lr_ws/install/cg_msgs/local/lib/python3.10/dist-packages/cg_msgs/msg/_beacon_multi_tag.py
[3.877s] -- Up-to-date: /root/Lunar_ROADSTER/lr_ws/install/cg_msgs/local/lib/python3.10/dist-packages/cg_msgs/msg/_beacon_multi_tag_s.c
[3.899s] -- Up-to-date: /root/Lunar_ROADSTER/lr_ws/install/cg_msgs/local/lib/python3.10/dist-packages/cg_msgs/msg/_encoder_telemetry.py
[3.914s] -- Up-to-date: /root/Lunar_ROADSTER/lr_ws/install/cg_msgs/local/lib/python3.10/dist-packages/cg_msgs/msg/_encoder_telemetry_s.c
[3.915s] -- Up-to-date: /root/Lunar_ROADSTER/lr_ws/install/cg_msgs/local/lib/python3.10/dist-packages/cg_msgs/msg/_point2_d.py
[3.915s] -- Up-to-date: /root/Lunar_ROADSTER/lr_ws/install/cg_msgs/local/lib/python3.10/dist-packages/cg_msgs/msg/_point2_d_s.c
[3.915s] -- Up-to-date: /root/Lunar_ROADSTER/lr_ws/install/cg_msgs/local/lib/python3.10/dist-packages/cg_msgs/msg/_pose2_d.py
[3.916s] -- Up-to-date: /root/Lunar_ROADSTER/lr_ws/install/cg_msgs/local/lib/python3.10/dist-packages/cg_msgs/msg/_pose2_d_s.c
[3.916s] -- Up-to-date: /root/Lunar_ROADSTER/lr_ws/install/cg_msgs/local/lib/python3.10/dist-packages/cg_msgs/msg/_slip.py
[3.916s] -- Up-to-date: /root/Lunar_ROADSTER/lr_ws/install/cg_msgs/local/lib/python3.10/dist-packages/cg_msgs/msg/_slip_s.c
[3.916s] -- Up-to-date: /root/Lunar_ROADSTER/lr_ws/install/cg_msgs/local/lib/python3.10/dist-packages/cg_msgs/msg/_mux_mode.py
[3.917s] -- Up-to-date: /root/Lunar_ROADSTER/lr_ws/install/cg_msgs/local/lib/python3.10/dist-packages/cg_msgs/msg/_mux_mode_s.c
[3.917s] -- Up-to-date: /root/Lunar_ROADSTER/lr_ws/install/cg_msgs/local/lib/python3.10/dist-packages/cg_msgs/msg/_actuator_state.py
[3.917s] -- Up-to-date: /root/Lunar_ROADSTER/lr_ws/install/cg_msgs/local/lib/python3.10/dist-packages/cg_msgs/msg/_actuator_state_s.c
[3.917s] -- Up-to-date: /root/Lunar_ROADSTER/lr_ws/install/cg_msgs/local/lib/python3.10/dist-packages/cg_msgs/msg/_site_map.py
[3.918s] -- Up-to-date: /root/Lunar_ROADSTER/lr_ws/install/cg_msgs/local/lib/python3.10/dist-packages/cg_msgs/msg/_site_map_s.c
[3.918s] -- Up-to-date: /root/Lunar_ROADSTER/lr_ws/install/cg_msgs/local/lib/python3.10/dist-packages/cg_msgs/msg/_trajectory.py
[3.918s] -- Up-to-date: /root/Lunar_ROADSTER/lr_ws/install/cg_msgs/local/lib/python3.10/dist-packages/cg_msgs/msg/_trajectory_s.c
[3.918s] -- Up-to-date: /root/Lunar_ROADSTER/lr_ws/install/cg_msgs/local/lib/python3.10/dist-packages/cg_msgs/msg/__init__.py
[3.919s] -- Up-to-date: /root/Lunar_ROADSTER/lr_ws/install/cg_msgs/local/lib/python3.10/dist-packages/cg_msgs/srv
[3.919s] -- Up-to-date: /root/Lunar_ROADSTER/lr_ws/install/cg_msgs/local/lib/python3.10/dist-packages/cg_msgs/srv/_site_map.py
[3.919s] -- Up-to-date: /root/Lunar_ROADSTER/lr_ws/install/cg_msgs/local/lib/python3.10/dist-packages/cg_msgs/srv/_site_map_s.c
[3.919s] -- Up-to-date: /root/Lunar_ROADSTER/lr_ws/install/cg_msgs/local/lib/python3.10/dist-packages/cg_msgs/srv/_update_trajectory.py
[3.932s] -- Up-to-date: /root/Lunar_ROADSTER/lr_ws/install/cg_msgs/local/lib/python3.10/dist-packages/cg_msgs/srv/_update_trajectory_s.c
[3.933s] -- Up-to-date: /root/Lunar_ROADSTER/lr_ws/install/cg_msgs/local/lib/python3.10/dist-packages/cg_msgs/srv/_enable_worksystem.py
[3.933s] -- Up-to-date: /root/Lunar_ROADSTER/lr_ws/install/cg_msgs/local/lib/python3.10/dist-packages/cg_msgs/srv/_enable_worksystem_s.c
[3.940s] -- Up-to-date: /root/Lunar_ROADSTER/lr_ws/install/cg_msgs/local/lib/python3.10/dist-packages/cg_msgs/srv/_save_map.py
[3.941s] -- Up-to-date: /root/Lunar_ROADSTER/lr_ws/install/cg_msgs/local/lib/python3.10/dist-packages/cg_msgs/srv/_save_map_s.c
[3.941s] -- Up-to-date: /root/Lunar_ROADSTER/lr_ws/install/cg_msgs/local/lib/python3.10/dist-packages/cg_msgs/srv/__init__.py
[3.943s] -- Up-to-date: /root/Lunar_ROADSTER/lr_ws/install/cg_msgs/local/lib/python3.10/dist-packages/cg_msgs/_cg_msgs_s.ep.rosidl_typesupport_fastrtps_c.c
[3.944s] -- Up-to-date: /root/Lunar_ROADSTER/lr_ws/install/cg_msgs/local/lib/python3.10/dist-packages/cg_msgs/_cg_msgs_s.ep.rosidl_typesupport_introspection_c.c
[3.944s] -- Up-to-date: /root/Lunar_ROADSTER/lr_ws/install/cg_msgs/local/lib/python3.10/dist-packages/cg_msgs/_cg_msgs_s.ep.rosidl_typesupport_c.c
[3.944s] -- Up-to-date: /root/Lunar_ROADSTER/lr_ws/install/cg_msgs/local/lib/python3.10/dist-packages/cg_msgs/libcg_msgs__rosidl_generator_py.so
[3.944s] -- Up-to-date: /root/Lunar_ROADSTER/lr_ws/install/cg_msgs/local/lib/python3.10/dist-packages/cg_msgs/cg_msgs_s__rosidl_typesupport_fastrtps_c.cpython-310-aarch64-linux-gnu.so
[3.945s] -- Up-to-date: /root/Lunar_ROADSTER/lr_ws/install/cg_msgs/local/lib/python3.10/dist-packages/cg_msgs/cg_msgs_s__rosidl_typesupport_c.cpython-310-aarch64-linux-gnu.so
[3.945s] -- Up-to-date: /root/Lunar_ROADSTER/lr_ws/install/cg_msgs/local/lib/python3.10/dist-packages/cg_msgs/cg_msgs_s__rosidl_typesupport_introspection_c.cpython-310-aarch64-linux-gnu.so
[4.303s] Listing '/root/Lunar_ROADSTER/lr_ws/install/cg_msgs/local/lib/python3.10/dist-packages/cg_msgs'...
[4.304s] Listing '/root/Lunar_ROADSTER/lr_ws/install/cg_msgs/local/lib/python3.10/dist-packages/cg_msgs/msg'...
[4.304s] Listing '/root/Lunar_ROADSTER/lr_ws/install/cg_msgs/local/lib/python3.10/dist-packages/cg_msgs/srv'...
[4.305s] -- Up-to-date: /root/Lunar_ROADSTER/lr_ws/install/cg_msgs/local/lib/python3.10/dist-packages/cg_msgs/cg_msgs_s__rosidl_typesupport_fastrtps_c.cpython-310-aarch64-linux-gnu.so
[4.305s] -- Up-to-date: /root/Lunar_ROADSTER/lr_ws/install/cg_msgs/local/lib/python3.10/dist-packages/cg_msgs/cg_msgs_s__rosidl_typesupport_introspection_c.cpython-310-aarch64-linux-gnu.so
[4.342s] -- Up-to-date: /root/Lunar_ROADSTER/lr_ws/install/cg_msgs/local/lib/python3.10/dist-packages/cg_msgs/cg_msgs_s__rosidl_typesupport_c.cpython-310-aarch64-linux-gnu.so
[4.345s] -- Up-to-date: /root/Lunar_ROADSTER/lr_ws/install/cg_msgs/lib/libcg_msgs__rosidl_generator_py.so
[4.350s] -- Up-to-date: /root/Lunar_ROADSTER/lr_ws/install/cg_msgs/share/cg_msgs/msg/ActuatorCommand.idl
[4.351s] -- Up-to-date: /root/Lunar_ROADSTER/lr_ws/install/cg_msgs/share/cg_msgs/msg/BeaconTag.idl
[4.351s] -- Up-to-date: /root/Lunar_ROADSTER/lr_ws/install/cg_msgs/share/cg_msgs/msg/BeaconMultiTag.idl
[4.372s] -- Up-to-date: /root/Lunar_ROADSTER/lr_ws/install/cg_msgs/share/cg_msgs/msg/EncoderTelemetry.idl
[4.373s] -- Up-to-date: /root/Lunar_ROADSTER/lr_ws/install/cg_msgs/share/cg_msgs/msg/Point2D.idl
[4.373s] -- Up-to-date: /root/Lunar_ROADSTER/lr_ws/install/cg_msgs/share/cg_msgs/msg/Pose2D.idl
[4.373s] -- Up-to-date: /root/Lunar_ROADSTER/lr_ws/install/cg_msgs/share/cg_msgs/msg/Slip.idl
[4.374s] -- Up-to-date: /root/Lunar_ROADSTER/lr_ws/install/cg_msgs/share/cg_msgs/msg/MuxMode.idl
[4.391s] -- Up-to-date: /root/Lunar_ROADSTER/lr_ws/install/cg_msgs/share/cg_msgs/msg/ActuatorState.idl
[4.391s] -- Up-to-date: /root/Lunar_ROADSTER/lr_ws/install/cg_msgs/share/cg_msgs/msg/SiteMap.idl
[4.391s] -- Up-to-date: /root/Lunar_ROADSTER/lr_ws/install/cg_msgs/share/cg_msgs/msg/Trajectory.idl
[4.392s] -- Up-to-date: /root/Lunar_ROADSTER/lr_ws/install/cg_msgs/share/cg_msgs/srv/SiteMap.idl
[4.404s] -- Up-to-date: /root/Lunar_ROADSTER/lr_ws/install/cg_msgs/share/cg_msgs/srv/UpdateTrajectory.idl
[4.405s] -- Up-to-date: /root/Lunar_ROADSTER/lr_ws/install/cg_msgs/share/cg_msgs/srv/EnableWorksystem.idl
[4.405s] -- Up-to-date: /root/Lunar_ROADSTER/lr_ws/install/cg_msgs/share/cg_msgs/srv/SaveMap.idl
[4.405s] -- Up-to-date: /root/Lunar_ROADSTER/lr_ws/install/cg_msgs/share/cg_msgs/srv/SiteMap.srv
[4.405s] -- Up-to-date: /root/Lunar_ROADSTER/lr_ws/install/cg_msgs/share/cg_msgs/srv/SiteMap_Request.msg
[4.423s] -- Up-to-date: /root/Lunar_ROADSTER/lr_ws/install/cg_msgs/share/cg_msgs/srv/SiteMap_Response.msg
[4.427s] -- Up-to-date: /root/Lunar_ROADSTER/lr_ws/install/cg_msgs/share/cg_msgs/srv/UpdateTrajectory.srv
[4.427s] -- Up-to-date: /root/Lunar_ROADSTER/lr_ws/install/cg_msgs/share/cg_msgs/srv/UpdateTrajectory_Request.msg
[4.428s] -- Up-to-date: /root/Lunar_ROADSTER/lr_ws/install/cg_msgs/share/cg_msgs/srv/UpdateTrajectory_Response.msg
[4.493s] -- Up-to-date: /root/Lunar_ROADSTER/lr_ws/install/cg_msgs/share/cg_msgs/srv/EnableWorksystem.srv
[4.497s] -- Up-to-date: /root/Lunar_ROADSTER/lr_ws/install/cg_msgs/share/cg_msgs/srv/EnableWorksystem_Request.msg
[4.499s] -- Up-to-date: /root/Lunar_ROADSTER/lr_ws/install/cg_msgs/share/cg_msgs/srv/EnableWorksystem_Response.msg
[4.499s] -- Up-to-date: /root/Lunar_ROADSTER/lr_ws/install/cg_msgs/share/cg_msgs/srv/SaveMap.srv
[4.499s] -- Up-to-date: /root/Lunar_ROADSTER/lr_ws/install/cg_msgs/share/cg_msgs/srv/SaveMap_Request.msg
[4.500s] -- Up-to-date: /root/Lunar_ROADSTER/lr_ws/install/cg_msgs/share/cg_msgs/srv/SaveMap_Response.msg
[4.500s] -- Up-to-date: /root/Lunar_ROADSTER/lr_ws/install/cg_msgs/share/ament_index/resource_index/package_run_dependencies/cg_msgs
[4.501s] -- Up-to-date: /root/Lunar_ROADSTER/lr_ws/install/cg_msgs/share/ament_index/resource_index/parent_prefix_path/cg_msgs
[4.501s] -- Up-to-date: /root/Lunar_ROADSTER/lr_ws/install/cg_msgs/share/cg_msgs/environment/ament_prefix_path.sh
[4.501s] -- Up-to-date: /root/Lunar_ROADSTER/lr_ws/install/cg_msgs/share/cg_msgs/environment/ament_prefix_path.dsv
[4.501s] -- Up-to-date: /root/Lunar_ROADSTER/lr_ws/install/cg_msgs/share/cg_msgs/environment/path.sh
[4.501s] -- Up-to-date: /root/Lunar_ROADSTER/lr_ws/install/cg_msgs/share/cg_msgs/environment/path.dsv
[4.502s] -- Up-to-date: /root/Lunar_ROADSTER/lr_ws/install/cg_msgs/share/cg_msgs/local_setup.bash
[4.502s] -- Up-to-date: /root/Lunar_ROADSTER/lr_ws/install/cg_msgs/share/cg_msgs/local_setup.sh
[4.502s] -- Up-to-date: /root/Lunar_ROADSTER/lr_ws/install/cg_msgs/share/cg_msgs/local_setup.zsh
[4.502s] -- Up-to-date: /root/Lunar_ROADSTER/lr_ws/install/cg_msgs/share/cg_msgs/local_setup.dsv
[4.503s] -- Installing: /root/Lunar_ROADSTER/lr_ws/install/cg_msgs/share/cg_msgs/package.dsv
[4.532s] -- Up-to-date: /root/Lunar_ROADSTER/lr_ws/install/cg_msgs/share/ament_index/resource_index/packages/cg_msgs
[4.532s] -- Up-to-date: /root/Lunar_ROADSTER/lr_ws/install/cg_msgs/share/cg_msgs/cmake/export_cg_msgs__rosidl_generator_cExport.cmake
[4.533s] -- Up-to-date: /root/Lunar_ROADSTER/lr_ws/install/cg_msgs/share/cg_msgs/cmake/export_cg_msgs__rosidl_generator_cExport-noconfig.cmake
[4.533s] -- Up-to-date: /root/Lunar_ROADSTER/lr_ws/install/cg_msgs/share/cg_msgs/cmake/export_cg_msgs__rosidl_typesupport_fastrtps_cExport.cmake
[4.533s] -- Up-to-date: /root/Lunar_ROADSTER/lr_ws/install/cg_msgs/share/cg_msgs/cmake/export_cg_msgs__rosidl_typesupport_fastrtps_cExport-noconfig.cmake
[4.533s] -- Up-to-date: /root/Lunar_ROADSTER/lr_ws/install/cg_msgs/share/cg_msgs/cmake/export_cg_msgs__rosidl_generator_cppExport.cmake
[4.535s] -- Up-to-date: /root/Lunar_ROADSTER/lr_ws/install/cg_msgs/share/cg_msgs/cmake/export_cg_msgs__rosidl_typesupport_fastrtps_cppExport.cmake
[4.535s] -- Up-to-date: /root/Lunar_ROADSTER/lr_ws/install/cg_msgs/share/cg_msgs/cmake/export_cg_msgs__rosidl_typesupport_fastrtps_cppExport-noconfig.cmake
[4.535s] -- Up-to-date: /root/Lunar_ROADSTER/lr_ws/install/cg_msgs/share/cg_msgs/cmake/cg_msgs__rosidl_typesupport_introspection_cExport.cmake
[4.536s] -- Up-to-date: /root/Lunar_ROADSTER/lr_ws/install/cg_msgs/share/cg_msgs/cmake/cg_msgs__rosidl_typesupport_introspection_cExport-noconfig.cmake
[4.548s] -- Up-to-date: /root/Lunar_ROADSTER/lr_ws/install/cg_msgs/share/cg_msgs/cmake/cg_msgs__rosidl_typesupport_cExport.cmake
[4.563s] -- Up-to-date: /root/Lunar_ROADSTER/lr_ws/install/cg_msgs/share/cg_msgs/cmake/cg_msgs__rosidl_typesupport_cExport-noconfig.cmake
[4.563s] -- Up-to-date: /root/Lunar_ROADSTER/lr_ws/install/cg_msgs/share/cg_msgs/cmake/cg_msgs__rosidl_typesupport_introspection_cppExport.cmake
[4.720s] -- Up-to-date: /root/Lunar_ROADSTER/lr_ws/install/cg_msgs/share/cg_msgs/cmake/cg_msgs__rosidl_typesupport_introspection_cppExport-noconfig.cmake
[4.761s] -- Up-to-date: /root/Lunar_ROADSTER/lr_ws/install/cg_msgs/share/cg_msgs/cmake/cg_msgs__rosidl_typesupport_cppExport.cmake
[4.762s] -- Up-to-date: /root/Lunar_ROADSTER/lr_ws/install/cg_msgs/share/cg_msgs/cmake/cg_msgs__rosidl_typesupport_cppExport-noconfig.cmake
[4.762s] -- Up-to-date: /root/Lunar_ROADSTER/lr_ws/install/cg_msgs/share/cg_msgs/cmake/export_cg_msgs__rosidl_generator_pyExport.cmake
[4.762s] -- Up-to-date: /root/Lunar_ROADSTER/lr_ws/install/cg_msgs/share/cg_msgs/cmake/export_cg_msgs__rosidl_generator_pyExport-noconfig.cmake
[4.762s] -- Up-to-date: /root/Lunar_ROADSTER/lr_ws/install/cg_msgs/share/cg_msgs/cmake/rosidl_cmake-extras.cmake
[4.762s] -- Up-to-date: /root/Lunar_ROADSTER/lr_ws/install/cg_msgs/share/cg_msgs/cmake/ament_cmake_export_dependencies-extras.cmake
[4.763s] -- Up-to-date: /root/Lunar_ROADSTER/lr_ws/install/cg_msgs/share/cg_msgs/cmake/ament_cmake_export_include_directories-extras.cmake
[4.764s] -- Up-to-date: /root/Lunar_ROADSTER/lr_ws/install/cg_msgs/share/cg_msgs/cmake/ament_cmake_export_libraries-extras.cmake
[4.765s] -- Up-to-date: /root/Lunar_ROADSTER/lr_ws/install/cg_msgs/share/cg_msgs/cmake/ament_cmake_export_targets-extras.cmake
[4.766s] -- Up-to-date: /root/Lunar_ROADSTER/lr_ws/install/cg_msgs/share/cg_msgs/cmake/rosidl_cmake_export_typesupport_targets-extras.cmake
[4.769s] -- Up-to-date: /root/Lunar_ROADSTER/lr_ws/install/cg_msgs/share/cg_msgs/cmake/rosidl_cmake_export_typesupport_libraries-extras.cmake
[4.769s] -- Up-to-date: /root/Lunar_ROADSTER/lr_ws/install/cg_msgs/share/cg_msgs/cmake/cg_msgsConfig.cmake
[4.771s] -- Up-to-date: /root/Lunar_ROADSTER/lr_ws/install/cg_msgs/share/cg_msgs/cmake/cg_msgsConfig-version.cmake
[4.771s] -- Up-to-date: /root/Lunar_ROADSTER/lr_ws/install/cg_msgs/share/cg_msgs/package.xml
[4.779s] Invoked command in '/root/Lunar_ROADSTER/lr_ws/build/cg_msgs' returned '0': CMAKE_PREFIX_PATH=/opt/ros/humble /usr/local/bin/cmake --install /root/Lunar_ROADSTER/lr_ws/build/cg_msgs
