[0.110s] Invoking command in '/root/Lunar_ROADSTER/lr_ws/build/cg_msgs': CMAKE_PREFIX_PATH=/opt/ros/humble /usr/local/bin/cmake --build /root/Lunar_ROADSTER/lr_ws/build/cg_msgs -- -j4 -l4
[0.398s] [  0%] Built target cg_msgs__cpp
[0.753s] [ 24%] Built target cg_msgs__rosidl_typesupport_cpp
[0.760s] [ 24%] Built target cg_msgs__rosidl_generator_c
[0.763s] [ 36%] Built target cg_msgs__rosidl_typesupport_fastrtps_cpp
[0.813s] [ 36%] Built target ament_cmake_python_copy_cg_msgs
[0.999s] [ 49%] Built target cg_msgs__rosidl_typesupport_c
[1.001s] [ 60%] Built target cg_msgs__rosidl_typesupport_introspection_cpp
[1.005s] [ 72%] Built target cg_msgs__rosidl_typesupport_fastrtps_c
[1.082s] [ 84%] Built target cg_msgs__rosidl_typesupport_introspection_c
[1.185s] [ 84%] Built target cg_msgs
[1.345s] [ 85%] Built target cg_msgs__py
[1.604s] [ 96%] Built target cg_msgs__rosidl_generator_py
[1.834s] [ 97%] Built target cg_msgs__rosidl_typesupport_fastrtps_c__pyext
[1.847s] [ 99%] Built target cg_msgs__rosidl_typesupport_introspection_c__pyext
[1.850s] [100%] Built target cg_msgs__rosidl_typesupport_c__pyext
[2.404s] running egg_info
[2.407s] writing cg_msgs.egg-info/PKG-INFO
[2.408s] writing dependency_links to cg_msgs.egg-info/dependency_links.txt
[2.409s] writing top-level names to cg_msgs.egg-info/top_level.txt
[2.422s] reading manifest file 'cg_msgs.egg-info/SOURCES.txt'
[2.427s] writing manifest file 'cg_msgs.egg-info/SOURCES.txt'
[2.579s] [100%] Built target ament_cmake_python_build_cg_msgs_egg
[2.835s] Invoked command in '/root/Lunar_ROADSTER/lr_ws/build/cg_msgs' returned '0': CMAKE_PREFIX_PATH=/opt/ros/humble /usr/local/bin/cmake --build /root/Lunar_ROADSTER/lr_ws/build/cg_msgs -- -j4 -l4
[2.852s] Invoking command in '/root/Lunar_ROADSTER/lr_ws/build/cg_msgs': CMAKE_PREFIX_PATH=/opt/ros/humble /usr/local/bin/cmake --install /root/Lunar_ROADSTER/lr_ws/build/cg_msgs
[2.902s] -- Install configuration: ""
[2.902s] -- Up-to-date: /root/Lunar_ROADSTER/lr_ws/install/cg_msgs/share/ament_index/resource_index/rosidl_interfaces/cg_msgs
[2.903s] -- Up-to-date: /root/Lunar_ROADSTER/lr_ws/install/cg_msgs/include/cg_msgs/cg_msgs
[2.905s] -- Up-to-date: /root/Lunar_ROADSTER/lr_ws/install/cg_msgs/include/cg_msgs/cg_msgs/msg
[2.907s] -- Up-to-date: /root/Lunar_ROADSTER/lr_ws/install/cg_msgs/include/cg_msgs/cg_msgs/msg/actuator_command.h
[2.907s] -- Up-to-date: /root/Lunar_ROADSTER/lr_ws/install/cg_msgs/include/cg_msgs/cg_msgs/msg/rosidl_generator_c__visibility_control.h
[2.908s] -- Up-to-date: /root/Lunar_ROADSTER/lr_ws/install/cg_msgs/include/cg_msgs/cg_msgs/msg/detail
[2.908s] -- Up-to-date: /root/Lunar_ROADSTER/lr_ws/install/cg_msgs/include/cg_msgs/cg_msgs/msg/detail/actuator_command__functions.c
[2.910s] -- Up-to-date: /root/Lunar_ROADSTER/lr_ws/install/cg_msgs/include/cg_msgs/cg_msgs/msg/detail/actuator_command__functions.h
[2.911s] -- Up-to-date: /root/Lunar_ROADSTER/lr_ws/install/cg_msgs/include/cg_msgs/cg_msgs/msg/detail/actuator_command__struct.h
[2.911s] -- Up-to-date: /root/Lunar_ROADSTER/lr_ws/install/cg_msgs/include/cg_msgs/cg_msgs/msg/detail/actuator_command__type_support.h
[2.912s] -- Up-to-date: /root/Lunar_ROADSTER/lr_ws/install/cg_msgs/include/cg_msgs/cg_msgs/msg/detail/beacon_tag__functions.c
[2.913s] -- Up-to-date: /root/Lunar_ROADSTER/lr_ws/install/cg_msgs/include/cg_msgs/cg_msgs/msg/detail/beacon_tag__functions.h
[2.913s] -- Up-to-date: /root/Lunar_ROADSTER/lr_ws/install/cg_msgs/include/cg_msgs/cg_msgs/msg/detail/beacon_tag__struct.h
[2.914s] -- Up-to-date: /root/Lunar_ROADSTER/lr_ws/install/cg_msgs/include/cg_msgs/cg_msgs/msg/detail/beacon_tag__type_support.h
[2.914s] -- Up-to-date: /root/Lunar_ROADSTER/lr_ws/install/cg_msgs/include/cg_msgs/cg_msgs/msg/detail/beacon_multi_tag__functions.c
[2.915s] -- Up-to-date: /root/Lunar_ROADSTER/lr_ws/install/cg_msgs/include/cg_msgs/cg_msgs/msg/detail/beacon_multi_tag__functions.h
[2.915s] -- Up-to-date: /root/Lunar_ROADSTER/lr_ws/install/cg_msgs/include/cg_msgs/cg_msgs/msg/detail/beacon_multi_tag__struct.h
[2.915s] -- Up-to-date: /root/Lunar_ROADSTER/lr_ws/install/cg_msgs/include/cg_msgs/cg_msgs/msg/detail/beacon_multi_tag__type_support.h
[2.917s] -- Up-to-date: /root/Lunar_ROADSTER/lr_ws/install/cg_msgs/include/cg_msgs/cg_msgs/msg/detail/encoder_telemetry__functions.c
[2.918s] -- Up-to-date: /root/Lunar_ROADSTER/lr_ws/install/cg_msgs/include/cg_msgs/cg_msgs/msg/detail/encoder_telemetry__functions.h
[2.918s] -- Up-to-date: /root/Lunar_ROADSTER/lr_ws/install/cg_msgs/include/cg_msgs/cg_msgs/msg/detail/encoder_telemetry__struct.h
[2.921s] -- Up-to-date: /root/Lunar_ROADSTER/lr_ws/install/cg_msgs/include/cg_msgs/cg_msgs/msg/detail/encoder_telemetry__type_support.h
[2.923s] -- Up-to-date: /root/Lunar_ROADSTER/lr_ws/install/cg_msgs/include/cg_msgs/cg_msgs/msg/detail/point2_d__functions.c
[2.928s] -- Up-to-date: /root/Lunar_ROADSTER/lr_ws/install/cg_msgs/include/cg_msgs/cg_msgs/msg/detail/point2_d__functions.h
[2.928s] -- Up-to-date: /root/Lunar_ROADSTER/lr_ws/install/cg_msgs/include/cg_msgs/cg_msgs/msg/detail/point2_d__struct.h
[2.932s] -- Up-to-date: /root/Lunar_ROADSTER/lr_ws/install/cg_msgs/include/cg_msgs/cg_msgs/msg/detail/point2_d__type_support.h
[2.936s] -- Up-to-date: /root/Lunar_ROADSTER/lr_ws/install/cg_msgs/include/cg_msgs/cg_msgs/msg/detail/pose2_d__functions.c
[2.938s] -- Up-to-date: /root/Lunar_ROADSTER/lr_ws/install/cg_msgs/include/cg_msgs/cg_msgs/msg/detail/pose2_d__functions.h
[2.946s] -- Up-to-date: /root/Lunar_ROADSTER/lr_ws/install/cg_msgs/include/cg_msgs/cg_msgs/msg/detail/pose2_d__struct.h
[2.948s] -- Up-to-date: /root/Lunar_ROADSTER/lr_ws/install/cg_msgs/include/cg_msgs/cg_msgs/msg/detail/pose2_d__type_support.h
[2.949s] -- Up-to-date: /root/Lunar_ROADSTER/lr_ws/install/cg_msgs/include/cg_msgs/cg_msgs/msg/detail/slip__functions.c
[2.967s] -- Up-to-date: /root/Lunar_ROADSTER/lr_ws/install/cg_msgs/include/cg_msgs/cg_msgs/msg/detail/slip__functions.h
[2.970s] -- Up-to-date: /root/Lunar_ROADSTER/lr_ws/install/cg_msgs/include/cg_msgs/cg_msgs/msg/detail/slip__struct.h
[2.970s] -- Up-to-date: /root/Lunar_ROADSTER/lr_ws/install/cg_msgs/include/cg_msgs/cg_msgs/msg/detail/slip__type_support.h
[2.971s] -- Up-to-date: /root/Lunar_ROADSTER/lr_ws/install/cg_msgs/include/cg_msgs/cg_msgs/msg/detail/mux_mode__functions.c
[2.972s] -- Up-to-date: /root/Lunar_ROADSTER/lr_ws/install/cg_msgs/include/cg_msgs/cg_msgs/msg/detail/mux_mode__functions.h
[2.972s] -- Up-to-date: /root/Lunar_ROADSTER/lr_ws/install/cg_msgs/include/cg_msgs/cg_msgs/msg/detail/mux_mode__struct.h
[2.973s] -- Up-to-date: /root/Lunar_ROADSTER/lr_ws/install/cg_msgs/include/cg_msgs/cg_msgs/msg/detail/mux_mode__type_support.h
[2.973s] -- Up-to-date: /root/Lunar_ROADSTER/lr_ws/install/cg_msgs/include/cg_msgs/cg_msgs/msg/detail/actuator_state__functions.c
[2.994s] -- Up-to-date: /root/Lunar_ROADSTER/lr_ws/install/cg_msgs/include/cg_msgs/cg_msgs/msg/detail/actuator_state__functions.h
[2.995s] -- Up-to-date: /root/Lunar_ROADSTER/lr_ws/install/cg_msgs/include/cg_msgs/cg_msgs/msg/detail/actuator_state__struct.h
[2.995s] -- Up-to-date: /root/Lunar_ROADSTER/lr_ws/install/cg_msgs/include/cg_msgs/cg_msgs/msg/detail/actuator_state__type_support.h
[2.995s] -- Up-to-date: /root/Lunar_ROADSTER/lr_ws/install/cg_msgs/include/cg_msgs/cg_msgs/msg/detail/site_map__functions.c
[2.996s] -- Up-to-date: /root/Lunar_ROADSTER/lr_ws/install/cg_msgs/include/cg_msgs/cg_msgs/msg/detail/site_map__functions.h
[2.996s] -- Up-to-date: /root/Lunar_ROADSTER/lr_ws/install/cg_msgs/include/cg_msgs/cg_msgs/msg/detail/site_map__struct.h
[2.996s] -- Up-to-date: /root/Lunar_ROADSTER/lr_ws/install/cg_msgs/include/cg_msgs/cg_msgs/msg/detail/site_map__type_support.h
[2.996s] -- Up-to-date: /root/Lunar_ROADSTER/lr_ws/install/cg_msgs/include/cg_msgs/cg_msgs/msg/detail/trajectory__functions.c
[2.997s] -- Up-to-date: /root/Lunar_ROADSTER/lr_ws/install/cg_msgs/include/cg_msgs/cg_msgs/msg/detail/trajectory__functions.h
[2.997s] -- Up-to-date: /root/Lunar_ROADSTER/lr_ws/install/cg_msgs/include/cg_msgs/cg_msgs/msg/detail/trajectory__struct.h
[2.997s] -- Up-to-date: /root/Lunar_ROADSTER/lr_ws/install/cg_msgs/include/cg_msgs/cg_msgs/msg/detail/trajectory__type_support.h
[2.997s] -- Up-to-date: /root/Lunar_ROADSTER/lr_ws/install/cg_msgs/include/cg_msgs/cg_msgs/msg/beacon_tag.h
[2.998s] -- Up-to-date: /root/Lunar_ROADSTER/lr_ws/install/cg_msgs/include/cg_msgs/cg_msgs/msg/beacon_multi_tag.h
[2.998s] -- Up-to-date: /root/Lunar_ROADSTER/lr_ws/install/cg_msgs/include/cg_msgs/cg_msgs/msg/encoder_telemetry.h
[2.998s] -- Up-to-date: /root/Lunar_ROADSTER/lr_ws/install/cg_msgs/include/cg_msgs/cg_msgs/msg/point2_d.h
[2.998s] -- Up-to-date: /root/Lunar_ROADSTER/lr_ws/install/cg_msgs/include/cg_msgs/cg_msgs/msg/pose2_d.h
[2.999s] -- Up-to-date: /root/Lunar_ROADSTER/lr_ws/install/cg_msgs/include/cg_msgs/cg_msgs/msg/slip.h
[2.999s] -- Up-to-date: /root/Lunar_ROADSTER/lr_ws/install/cg_msgs/include/cg_msgs/cg_msgs/msg/mux_mode.h
[3.017s] -- Up-to-date: /root/Lunar_ROADSTER/lr_ws/install/cg_msgs/include/cg_msgs/cg_msgs/msg/actuator_state.h
[3.018s] -- Up-to-date: /root/Lunar_ROADSTER/lr_ws/install/cg_msgs/include/cg_msgs/cg_msgs/msg/site_map.h
[3.018s] -- Up-to-date: /root/Lunar_ROADSTER/lr_ws/install/cg_msgs/include/cg_msgs/cg_msgs/msg/trajectory.h
[3.018s] -- Up-to-date: /root/Lunar_ROADSTER/lr_ws/install/cg_msgs/include/cg_msgs/cg_msgs/srv
[3.019s] -- Up-to-date: /root/Lunar_ROADSTER/lr_ws/install/cg_msgs/include/cg_msgs/cg_msgs/srv/site_map.h
[3.019s] -- Up-to-date: /root/Lunar_ROADSTER/lr_ws/install/cg_msgs/include/cg_msgs/cg_msgs/srv/detail
[3.019s] -- Up-to-date: /root/Lunar_ROADSTER/lr_ws/install/cg_msgs/include/cg_msgs/cg_msgs/srv/detail/site_map__functions.c
[3.020s] -- Up-to-date: /root/Lunar_ROADSTER/lr_ws/install/cg_msgs/include/cg_msgs/cg_msgs/srv/detail/site_map__functions.h
[3.020s] -- Up-to-date: /root/Lunar_ROADSTER/lr_ws/install/cg_msgs/include/cg_msgs/cg_msgs/srv/detail/site_map__struct.h
[3.020s] -- Up-to-date: /root/Lunar_ROADSTER/lr_ws/install/cg_msgs/include/cg_msgs/cg_msgs/srv/detail/site_map__type_support.h
[3.020s] -- Up-to-date: /root/Lunar_ROADSTER/lr_ws/install/cg_msgs/include/cg_msgs/cg_msgs/srv/detail/update_trajectory__functions.c
[3.021s] -- Up-to-date: /root/Lunar_ROADSTER/lr_ws/install/cg_msgs/include/cg_msgs/cg_msgs/srv/detail/update_trajectory__functions.h
[3.021s] -- Up-to-date: /root/Lunar_ROADSTER/lr_ws/install/cg_msgs/include/cg_msgs/cg_msgs/srv/detail/update_trajectory__struct.h
[3.021s] -- Up-to-date: /root/Lunar_ROADSTER/lr_ws/install/cg_msgs/include/cg_msgs/cg_msgs/srv/detail/update_trajectory__type_support.h
[3.021s] -- Up-to-date: /root/Lunar_ROADSTER/lr_ws/install/cg_msgs/include/cg_msgs/cg_msgs/srv/detail/enable_worksystem__functions.c
[3.022s] -- Up-to-date: /root/Lunar_ROADSTER/lr_ws/install/cg_msgs/include/cg_msgs/cg_msgs/srv/detail/enable_worksystem__functions.h
[3.022s] -- Up-to-date: /root/Lunar_ROADSTER/lr_ws/install/cg_msgs/include/cg_msgs/cg_msgs/srv/detail/enable_worksystem__struct.h
[3.022s] -- Up-to-date: /root/Lunar_ROADSTER/lr_ws/install/cg_msgs/include/cg_msgs/cg_msgs/srv/detail/enable_worksystem__type_support.h
[3.022s] -- Up-to-date: /root/Lunar_ROADSTER/lr_ws/install/cg_msgs/include/cg_msgs/cg_msgs/srv/detail/save_map__functions.c
[3.023s] -- Up-to-date: /root/Lunar_ROADSTER/lr_ws/install/cg_msgs/include/cg_msgs/cg_msgs/srv/detail/save_map__functions.h
[3.023s] -- Up-to-date: /root/Lunar_ROADSTER/lr_ws/install/cg_msgs/include/cg_msgs/cg_msgs/srv/detail/save_map__struct.h
[3.027s] -- Up-to-date: /root/Lunar_ROADSTER/lr_ws/install/cg_msgs/include/cg_msgs/cg_msgs/srv/detail/save_map__type_support.h
[3.028s] -- Up-to-date: /root/Lunar_ROADSTER/lr_ws/install/cg_msgs/include/cg_msgs/cg_msgs/srv/update_trajectory.h
[3.028s] -- Up-to-date: /root/Lunar_ROADSTER/lr_ws/install/cg_msgs/include/cg_msgs/cg_msgs/srv/enable_worksystem.h
[3.028s] -- Up-to-date: /root/Lunar_ROADSTER/lr_ws/install/cg_msgs/include/cg_msgs/cg_msgs/srv/save_map.h
[3.029s] -- Up-to-date: /root/Lunar_ROADSTER/lr_ws/install/cg_msgs/share/cg_msgs/environment/library_path.sh
[3.029s] -- Up-to-date: /root/Lunar_ROADSTER/lr_ws/install/cg_msgs/share/cg_msgs/environment/library_path.dsv
[3.057s] -- Up-to-date: /root/Lunar_ROADSTER/lr_ws/install/cg_msgs/lib/libcg_msgs__rosidl_generator_c.so
[3.057s] -- Up-to-date: /root/Lunar_ROADSTER/lr_ws/install/cg_msgs/include/cg_msgs/cg_msgs
[3.057s] -- Up-to-date: /root/Lunar_ROADSTER/lr_ws/install/cg_msgs/include/cg_msgs/cg_msgs/msg
[3.058s] -- Up-to-date: /root/Lunar_ROADSTER/lr_ws/install/cg_msgs/include/cg_msgs/cg_msgs/msg/detail
[3.058s] -- Up-to-date: /root/Lunar_ROADSTER/lr_ws/install/cg_msgs/include/cg_msgs/cg_msgs/msg/detail/actuator_command__rosidl_typesupport_fastrtps_c.h
[3.059s] -- Up-to-date: /root/Lunar_ROADSTER/lr_ws/install/cg_msgs/include/cg_msgs/cg_msgs/msg/detail/beacon_tag__rosidl_typesupport_fastrtps_c.h
[3.060s] -- Up-to-date: /root/Lunar_ROADSTER/lr_ws/install/cg_msgs/include/cg_msgs/cg_msgs/msg/detail/beacon_multi_tag__rosidl_typesupport_fastrtps_c.h
[3.061s] -- Up-to-date: /root/Lunar_ROADSTER/lr_ws/install/cg_msgs/include/cg_msgs/cg_msgs/msg/detail/encoder_telemetry__rosidl_typesupport_fastrtps_c.h
[3.061s] -- Up-to-date: /root/Lunar_ROADSTER/lr_ws/install/cg_msgs/include/cg_msgs/cg_msgs/msg/detail/point2_d__rosidl_typesupport_fastrtps_c.h
[3.062s] -- Up-to-date: /root/Lunar_ROADSTER/lr_ws/install/cg_msgs/include/cg_msgs/cg_msgs/msg/detail/pose2_d__rosidl_typesupport_fastrtps_c.h
[3.063s] -- Up-to-date: /root/Lunar_ROADSTER/lr_ws/install/cg_msgs/include/cg_msgs/cg_msgs/msg/detail/slip__rosidl_typesupport_fastrtps_c.h
[3.063s] -- Up-to-date: /root/Lunar_ROADSTER/lr_ws/install/cg_msgs/include/cg_msgs/cg_msgs/msg/detail/mux_mode__rosidl_typesupport_fastrtps_c.h
[3.064s] -- Up-to-date: /root/Lunar_ROADSTER/lr_ws/install/cg_msgs/include/cg_msgs/cg_msgs/msg/detail/actuator_state__rosidl_typesupport_fastrtps_c.h
[3.076s] -- Up-to-date: /root/Lunar_ROADSTER/lr_ws/install/cg_msgs/include/cg_msgs/cg_msgs/msg/detail/site_map__rosidl_typesupport_fastrtps_c.h
[3.077s] -- Up-to-date: /root/Lunar_ROADSTER/lr_ws/install/cg_msgs/include/cg_msgs/cg_msgs/msg/detail/trajectory__rosidl_typesupport_fastrtps_c.h
[3.077s] -- Up-to-date: /root/Lunar_ROADSTER/lr_ws/install/cg_msgs/include/cg_msgs/cg_msgs/msg/rosidl_typesupport_fastrtps_c__visibility_control.h
[3.077s] -- Up-to-date: /root/Lunar_ROADSTER/lr_ws/install/cg_msgs/include/cg_msgs/cg_msgs/srv
[3.078s] -- Up-to-date: /root/Lunar_ROADSTER/lr_ws/install/cg_msgs/include/cg_msgs/cg_msgs/srv/detail
[3.078s] -- Up-to-date: /root/Lunar_ROADSTER/lr_ws/install/cg_msgs/include/cg_msgs/cg_msgs/srv/detail/site_map__rosidl_typesupport_fastrtps_c.h
[3.078s] -- Up-to-date: /root/Lunar_ROADSTER/lr_ws/install/cg_msgs/include/cg_msgs/cg_msgs/srv/detail/update_trajectory__rosidl_typesupport_fastrtps_c.h
[3.078s] -- Up-to-date: /root/Lunar_ROADSTER/lr_ws/install/cg_msgs/include/cg_msgs/cg_msgs/srv/detail/enable_worksystem__rosidl_typesupport_fastrtps_c.h
[3.079s] -- Up-to-date: /root/Lunar_ROADSTER/lr_ws/install/cg_msgs/include/cg_msgs/cg_msgs/srv/detail/save_map__rosidl_typesupport_fastrtps_c.h
[3.097s] -- Up-to-date: /root/Lunar_ROADSTER/lr_ws/install/cg_msgs/lib/libcg_msgs__rosidl_typesupport_fastrtps_c.so
[3.099s] -- Up-to-date: /root/Lunar_ROADSTER/lr_ws/install/cg_msgs/include/cg_msgs/cg_msgs
[3.117s] -- Up-to-date: /root/Lunar_ROADSTER/lr_ws/install/cg_msgs/include/cg_msgs/cg_msgs/msg
[3.117s] -- Up-to-date: /root/Lunar_ROADSTER/lr_ws/install/cg_msgs/include/cg_msgs/cg_msgs/msg/actuator_command.hpp
[3.118s] -- Up-to-date: /root/Lunar_ROADSTER/lr_ws/install/cg_msgs/include/cg_msgs/cg_msgs/msg/rosidl_generator_cpp__visibility_control.hpp
[3.118s] -- Up-to-date: /root/Lunar_ROADSTER/lr_ws/install/cg_msgs/include/cg_msgs/cg_msgs/msg/detail
[3.119s] -- Up-to-date: /root/Lunar_ROADSTER/lr_ws/install/cg_msgs/include/cg_msgs/cg_msgs/msg/detail/actuator_command__builder.hpp
[3.120s] -- Up-to-date: /root/Lunar_ROADSTER/lr_ws/install/cg_msgs/include/cg_msgs/cg_msgs/msg/detail/actuator_command__struct.hpp
[3.121s] -- Up-to-date: /root/Lunar_ROADSTER/lr_ws/install/cg_msgs/include/cg_msgs/cg_msgs/msg/detail/actuator_command__traits.hpp
[3.121s] -- Up-to-date: /root/Lunar_ROADSTER/lr_ws/install/cg_msgs/include/cg_msgs/cg_msgs/msg/detail/actuator_command__type_support.hpp
[3.122s] -- Up-to-date: /root/Lunar_ROADSTER/lr_ws/install/cg_msgs/include/cg_msgs/cg_msgs/msg/detail/beacon_tag__builder.hpp
[3.132s] -- Up-to-date: /root/Lunar_ROADSTER/lr_ws/install/cg_msgs/include/cg_msgs/cg_msgs/msg/detail/beacon_tag__struct.hpp
[3.265s] -- Up-to-date: /root/Lunar_ROADSTER/lr_ws/install/cg_msgs/include/cg_msgs/cg_msgs/msg/detail/beacon_tag__traits.hpp
[3.266s] -- Up-to-date: /root/Lunar_ROADSTER/lr_ws/install/cg_msgs/include/cg_msgs/cg_msgs/msg/detail/beacon_tag__type_support.hpp
[3.266s] -- Up-to-date: /root/Lunar_ROADSTER/lr_ws/install/cg_msgs/include/cg_msgs/cg_msgs/msg/detail/beacon_multi_tag__builder.hpp
[3.267s] -- Up-to-date: /root/Lunar_ROADSTER/lr_ws/install/cg_msgs/include/cg_msgs/cg_msgs/msg/detail/beacon_multi_tag__struct.hpp
[3.268s] -- Up-to-date: /root/Lunar_ROADSTER/lr_ws/install/cg_msgs/include/cg_msgs/cg_msgs/msg/detail/beacon_multi_tag__traits.hpp
[3.268s] -- Up-to-date: /root/Lunar_ROADSTER/lr_ws/install/cg_msgs/include/cg_msgs/cg_msgs/msg/detail/beacon_multi_tag__type_support.hpp
[3.269s] -- Up-to-date: /root/Lunar_ROADSTER/lr_ws/install/cg_msgs/include/cg_msgs/cg_msgs/msg/detail/encoder_telemetry__builder.hpp
[3.269s] -- Up-to-date: /root/Lunar_ROADSTER/lr_ws/install/cg_msgs/include/cg_msgs/cg_msgs/msg/detail/encoder_telemetry__struct.hpp
[3.270s] -- Up-to-date: /root/Lunar_ROADSTER/lr_ws/install/cg_msgs/include/cg_msgs/cg_msgs/msg/detail/encoder_telemetry__traits.hpp
[3.275s] -- Up-to-date: /root/Lunar_ROADSTER/lr_ws/install/cg_msgs/include/cg_msgs/cg_msgs/msg/detail/encoder_telemetry__type_support.hpp
[3.275s] -- Up-to-date: /root/Lunar_ROADSTER/lr_ws/install/cg_msgs/include/cg_msgs/cg_msgs/msg/detail/point2_d__builder.hpp
[3.276s] -- Up-to-date: /root/Lunar_ROADSTER/lr_ws/install/cg_msgs/include/cg_msgs/cg_msgs/msg/detail/point2_d__struct.hpp
[3.276s] -- Up-to-date: /root/Lunar_ROADSTER/lr_ws/install/cg_msgs/include/cg_msgs/cg_msgs/msg/detail/point2_d__traits.hpp
[3.277s] -- Up-to-date: /root/Lunar_ROADSTER/lr_ws/install/cg_msgs/include/cg_msgs/cg_msgs/msg/detail/point2_d__type_support.hpp
[3.279s] -- Up-to-date: /root/Lunar_ROADSTER/lr_ws/install/cg_msgs/include/cg_msgs/cg_msgs/msg/detail/pose2_d__builder.hpp
[3.294s] -- Up-to-date: /root/Lunar_ROADSTER/lr_ws/install/cg_msgs/include/cg_msgs/cg_msgs/msg/detail/pose2_d__struct.hpp
[3.296s] -- Up-to-date: /root/Lunar_ROADSTER/lr_ws/install/cg_msgs/include/cg_msgs/cg_msgs/msg/detail/pose2_d__traits.hpp
[3.296s] -- Up-to-date: /root/Lunar_ROADSTER/lr_ws/install/cg_msgs/include/cg_msgs/cg_msgs/msg/detail/pose2_d__type_support.hpp
[3.297s] -- Up-to-date: /root/Lunar_ROADSTER/lr_ws/install/cg_msgs/include/cg_msgs/cg_msgs/msg/detail/slip__builder.hpp
[3.297s] -- Up-to-date: /root/Lunar_ROADSTER/lr_ws/install/cg_msgs/include/cg_msgs/cg_msgs/msg/detail/slip__struct.hpp
[3.297s] -- Up-to-date: /root/Lunar_ROADSTER/lr_ws/install/cg_msgs/include/cg_msgs/cg_msgs/msg/detail/slip__traits.hpp
[3.297s] -- Up-to-date: /root/Lunar_ROADSTER/lr_ws/install/cg_msgs/include/cg_msgs/cg_msgs/msg/detail/slip__type_support.hpp
[3.298s] -- Up-to-date: /root/Lunar_ROADSTER/lr_ws/install/cg_msgs/include/cg_msgs/cg_msgs/msg/detail/mux_mode__builder.hpp
[3.298s] -- Up-to-date: /root/Lunar_ROADSTER/lr_ws/install/cg_msgs/include/cg_msgs/cg_msgs/msg/detail/mux_mode__struct.hpp
[3.298s] -- Up-to-date: /root/Lunar_ROADSTER/lr_ws/install/cg_msgs/include/cg_msgs/cg_msgs/msg/detail/mux_mode__traits.hpp
[3.299s] -- Up-to-date: /root/Lunar_ROADSTER/lr_ws/install/cg_msgs/include/cg_msgs/cg_msgs/msg/detail/mux_mode__type_support.hpp
[3.300s] -- Up-to-date: /root/Lunar_ROADSTER/lr_ws/install/cg_msgs/include/cg_msgs/cg_msgs/msg/detail/actuator_state__builder.hpp
[3.300s] -- Up-to-date: /root/Lunar_ROADSTER/lr_ws/install/cg_msgs/include/cg_msgs/cg_msgs/msg/detail/actuator_state__struct.hpp
[3.300s] -- Up-to-date: /root/Lunar_ROADSTER/lr_ws/install/cg_msgs/include/cg_msgs/cg_msgs/msg/detail/actuator_state__traits.hpp
[3.301s] -- Up-to-date: /root/Lunar_ROADSTER/lr_ws/install/cg_msgs/include/cg_msgs/cg_msgs/msg/detail/actuator_state__type_support.hpp
[3.301s] -- Up-to-date: /root/Lunar_ROADSTER/lr_ws/install/cg_msgs/include/cg_msgs/cg_msgs/msg/detail/site_map__builder.hpp
[3.301s] -- Up-to-date: /root/Lunar_ROADSTER/lr_ws/install/cg_msgs/include/cg_msgs/cg_msgs/msg/detail/site_map__struct.hpp
[3.301s] -- Up-to-date: /root/Lunar_ROADSTER/lr_ws/install/cg_msgs/include/cg_msgs/cg_msgs/msg/detail/site_map__traits.hpp
[3.302s] -- Up-to-date: /root/Lunar_ROADSTER/lr_ws/install/cg_msgs/include/cg_msgs/cg_msgs/msg/detail/site_map__type_support.hpp
[3.302s] -- Up-to-date: /root/Lunar_ROADSTER/lr_ws/install/cg_msgs/include/cg_msgs/cg_msgs/msg/detail/trajectory__builder.hpp
[3.302s] -- Up-to-date: /root/Lunar_ROADSTER/lr_ws/install/cg_msgs/include/cg_msgs/cg_msgs/msg/detail/trajectory__struct.hpp
[3.302s] -- Up-to-date: /root/Lunar_ROADSTER/lr_ws/install/cg_msgs/include/cg_msgs/cg_msgs/msg/detail/trajectory__traits.hpp
[3.303s] -- Up-to-date: /root/Lunar_ROADSTER/lr_ws/install/cg_msgs/include/cg_msgs/cg_msgs/msg/detail/trajectory__type_support.hpp
[3.303s] -- Up-to-date: /root/Lunar_ROADSTER/lr_ws/install/cg_msgs/include/cg_msgs/cg_msgs/msg/beacon_tag.hpp
[3.303s] -- Up-to-date: /root/Lunar_ROADSTER/lr_ws/install/cg_msgs/include/cg_msgs/cg_msgs/msg/beacon_multi_tag.hpp
[3.304s] -- Up-to-date: /root/Lunar_ROADSTER/lr_ws/install/cg_msgs/include/cg_msgs/cg_msgs/msg/encoder_telemetry.hpp
[3.304s] -- Up-to-date: /root/Lunar_ROADSTER/lr_ws/install/cg_msgs/include/cg_msgs/cg_msgs/msg/point2_d.hpp
[3.304s] -- Up-to-date: /root/Lunar_ROADSTER/lr_ws/install/cg_msgs/include/cg_msgs/cg_msgs/msg/pose2_d.hpp
[3.304s] -- Up-to-date: /root/Lunar_ROADSTER/lr_ws/install/cg_msgs/include/cg_msgs/cg_msgs/msg/slip.hpp
[3.315s] -- Up-to-date: /root/Lunar_ROADSTER/lr_ws/install/cg_msgs/include/cg_msgs/cg_msgs/msg/mux_mode.hpp
[3.315s] -- Up-to-date: /root/Lunar_ROADSTER/lr_ws/install/cg_msgs/include/cg_msgs/cg_msgs/msg/actuator_state.hpp
[3.315s] -- Up-to-date: /root/Lunar_ROADSTER/lr_ws/install/cg_msgs/include/cg_msgs/cg_msgs/msg/site_map.hpp
[3.316s] -- Up-to-date: /root/Lunar_ROADSTER/lr_ws/install/cg_msgs/include/cg_msgs/cg_msgs/msg/trajectory.hpp
[3.316s] -- Up-to-date: /root/Lunar_ROADSTER/lr_ws/install/cg_msgs/include/cg_msgs/cg_msgs/srv
[3.316s] -- Up-to-date: /root/Lunar_ROADSTER/lr_ws/install/cg_msgs/include/cg_msgs/cg_msgs/srv/site_map.hpp
[3.316s] -- Up-to-date: /root/Lunar_ROADSTER/lr_ws/install/cg_msgs/include/cg_msgs/cg_msgs/srv/detail
[3.317s] -- Up-to-date: /root/Lunar_ROADSTER/lr_ws/install/cg_msgs/include/cg_msgs/cg_msgs/srv/detail/site_map__builder.hpp
[3.317s] -- Up-to-date: /root/Lunar_ROADSTER/lr_ws/install/cg_msgs/include/cg_msgs/cg_msgs/srv/detail/site_map__struct.hpp
[3.317s] -- Up-to-date: /root/Lunar_ROADSTER/lr_ws/install/cg_msgs/include/cg_msgs/cg_msgs/srv/detail/site_map__traits.hpp
[3.317s] -- Up-to-date: /root/Lunar_ROADSTER/lr_ws/install/cg_msgs/include/cg_msgs/cg_msgs/srv/detail/site_map__type_support.hpp
[3.318s] -- Up-to-date: /root/Lunar_ROADSTER/lr_ws/install/cg_msgs/include/cg_msgs/cg_msgs/srv/detail/update_trajectory__builder.hpp
[3.318s] -- Up-to-date: /root/Lunar_ROADSTER/lr_ws/install/cg_msgs/include/cg_msgs/cg_msgs/srv/detail/update_trajectory__struct.hpp
[3.318s] -- Up-to-date: /root/Lunar_ROADSTER/lr_ws/install/cg_msgs/include/cg_msgs/cg_msgs/srv/detail/update_trajectory__traits.hpp
[3.318s] -- Up-to-date: /root/Lunar_ROADSTER/lr_ws/install/cg_msgs/include/cg_msgs/cg_msgs/srv/detail/update_trajectory__type_support.hpp
[3.319s] -- Up-to-date: /root/Lunar_ROADSTER/lr_ws/install/cg_msgs/include/cg_msgs/cg_msgs/srv/detail/enable_worksystem__builder.hpp
[3.319s] -- Up-to-date: /root/Lunar_ROADSTER/lr_ws/install/cg_msgs/include/cg_msgs/cg_msgs/srv/detail/enable_worksystem__struct.hpp
[3.347s] -- Up-to-date: /root/Lunar_ROADSTER/lr_ws/install/cg_msgs/include/cg_msgs/cg_msgs/srv/detail/enable_worksystem__traits.hpp
[3.357s] -- Up-to-date: /root/Lunar_ROADSTER/lr_ws/install/cg_msgs/include/cg_msgs/cg_msgs/srv/detail/enable_worksystem__type_support.hpp
[3.358s] -- Up-to-date: /root/Lunar_ROADSTER/lr_ws/install/cg_msgs/include/cg_msgs/cg_msgs/srv/detail/save_map__builder.hpp
[3.360s] -- Up-to-date: /root/Lunar_ROADSTER/lr_ws/install/cg_msgs/include/cg_msgs/cg_msgs/srv/detail/save_map__struct.hpp
[3.360s] -- Up-to-date: /root/Lunar_ROADSTER/lr_ws/install/cg_msgs/include/cg_msgs/cg_msgs/srv/detail/save_map__traits.hpp
[3.360s] -- Up-to-date: /root/Lunar_ROADSTER/lr_ws/install/cg_msgs/include/cg_msgs/cg_msgs/srv/detail/save_map__type_support.hpp
[3.360s] -- Up-to-date: /root/Lunar_ROADSTER/lr_ws/install/cg_msgs/include/cg_msgs/cg_msgs/srv/update_trajectory.hpp
[3.361s] -- Up-to-date: /root/Lunar_ROADSTER/lr_ws/install/cg_msgs/include/cg_msgs/cg_msgs/srv/enable_worksystem.hpp
[3.361s] -- Up-to-date: /root/Lunar_ROADSTER/lr_ws/install/cg_msgs/include/cg_msgs/cg_msgs/srv/save_map.hpp
[3.361s] -- Up-to-date: /root/Lunar_ROADSTER/lr_ws/install/cg_msgs/include/cg_msgs/cg_msgs
[3.390s] -- Up-to-date: /root/Lunar_ROADSTER/lr_ws/install/cg_msgs/include/cg_msgs/cg_msgs/msg
[3.390s] -- Up-to-date: /root/Lunar_ROADSTER/lr_ws/install/cg_msgs/include/cg_msgs/cg_msgs/msg/detail
[3.390s] -- Up-to-date: /root/Lunar_ROADSTER/lr_ws/install/cg_msgs/include/cg_msgs/cg_msgs/msg/detail/actuator_command__rosidl_typesupport_fastrtps_cpp.hpp
[3.390s] -- Up-to-date: /root/Lunar_ROADSTER/lr_ws/install/cg_msgs/include/cg_msgs/cg_msgs/msg/detail/dds_fastrtps
[3.391s] -- Up-to-date: /root/Lunar_ROADSTER/lr_ws/install/cg_msgs/include/cg_msgs/cg_msgs/msg/detail/beacon_tag__rosidl_typesupport_fastrtps_cpp.hpp
[3.391s] -- Up-to-date: /root/Lunar_ROADSTER/lr_ws/install/cg_msgs/include/cg_msgs/cg_msgs/msg/detail/beacon_multi_tag__rosidl_typesupport_fastrtps_cpp.hpp
[3.391s] -- Up-to-date: /root/Lunar_ROADSTER/lr_ws/install/cg_msgs/include/cg_msgs/cg_msgs/msg/detail/encoder_telemetry__rosidl_typesupport_fastrtps_cpp.hpp
[3.391s] -- Up-to-date: /root/Lunar_ROADSTER/lr_ws/install/cg_msgs/include/cg_msgs/cg_msgs/msg/detail/point2_d__rosidl_typesupport_fastrtps_cpp.hpp
[3.392s] -- Up-to-date: /root/Lunar_ROADSTER/lr_ws/install/cg_msgs/include/cg_msgs/cg_msgs/msg/detail/pose2_d__rosidl_typesupport_fastrtps_cpp.hpp
[3.392s] -- Up-to-date: /root/Lunar_ROADSTER/lr_ws/install/cg_msgs/include/cg_msgs/cg_msgs/msg/detail/slip__rosidl_typesupport_fastrtps_cpp.hpp
[3.393s] -- Up-to-date: /root/Lunar_ROADSTER/lr_ws/install/cg_msgs/include/cg_msgs/cg_msgs/msg/detail/mux_mode__rosidl_typesupport_fastrtps_cpp.hpp
[3.393s] -- Up-to-date: /root/Lunar_ROADSTER/lr_ws/install/cg_msgs/include/cg_msgs/cg_msgs/msg/detail/actuator_state__rosidl_typesupport_fastrtps_cpp.hpp
[3.393s] -- Up-to-date: /root/Lunar_ROADSTER/lr_ws/install/cg_msgs/include/cg_msgs/cg_msgs/msg/detail/site_map__rosidl_typesupport_fastrtps_cpp.hpp
[3.394s] -- Up-to-date: /root/Lunar_ROADSTER/lr_ws/install/cg_msgs/include/cg_msgs/cg_msgs/msg/detail/trajectory__rosidl_typesupport_fastrtps_cpp.hpp
[3.394s] -- Up-to-date: /root/Lunar_ROADSTER/lr_ws/install/cg_msgs/include/cg_msgs/cg_msgs/msg/rosidl_typesupport_fastrtps_cpp__visibility_control.h
[3.394s] -- Up-to-date: /root/Lunar_ROADSTER/lr_ws/install/cg_msgs/include/cg_msgs/cg_msgs/srv
[3.394s] -- Up-to-date: /root/Lunar_ROADSTER/lr_ws/install/cg_msgs/include/cg_msgs/cg_msgs/srv/detail
[3.395s] -- Up-to-date: /root/Lunar_ROADSTER/lr_ws/install/cg_msgs/include/cg_msgs/cg_msgs/srv/detail/site_map__rosidl_typesupport_fastrtps_cpp.hpp
[3.395s] -- Up-to-date: /root/Lunar_ROADSTER/lr_ws/install/cg_msgs/include/cg_msgs/cg_msgs/srv/detail/dds_fastrtps
[3.436s] -- Up-to-date: /root/Lunar_ROADSTER/lr_ws/install/cg_msgs/include/cg_msgs/cg_msgs/srv/detail/update_trajectory__rosidl_typesupport_fastrtps_cpp.hpp
[3.436s] -- Up-to-date: /root/Lunar_ROADSTER/lr_ws/install/cg_msgs/include/cg_msgs/cg_msgs/srv/detail/enable_worksystem__rosidl_typesupport_fastrtps_cpp.hpp
[3.436s] -- Up-to-date: /root/Lunar_ROADSTER/lr_ws/install/cg_msgs/include/cg_msgs/cg_msgs/srv/detail/save_map__rosidl_typesupport_fastrtps_cpp.hpp
[3.439s] -- Up-to-date: /root/Lunar_ROADSTER/lr_ws/install/cg_msgs/lib/libcg_msgs__rosidl_typesupport_fastrtps_cpp.so
[3.439s] -- Up-to-date: /root/Lunar_ROADSTER/lr_ws/install/cg_msgs/include/cg_msgs/cg_msgs
[3.439s] -- Up-to-date: /root/Lunar_ROADSTER/lr_ws/install/cg_msgs/include/cg_msgs/cg_msgs/msg
[3.440s] -- Up-to-date: /root/Lunar_ROADSTER/lr_ws/install/cg_msgs/include/cg_msgs/cg_msgs/msg/detail
[3.443s] -- Up-to-date: /root/Lunar_ROADSTER/lr_ws/install/cg_msgs/include/cg_msgs/cg_msgs/msg/detail/actuator_command__rosidl_typesupport_introspection_c.h
[3.443s] -- Up-to-date: /root/Lunar_ROADSTER/lr_ws/install/cg_msgs/include/cg_msgs/cg_msgs/msg/detail/actuator_command__type_support.c
[3.444s] -- Up-to-date: /root/Lunar_ROADSTER/lr_ws/install/cg_msgs/include/cg_msgs/cg_msgs/msg/detail/beacon_tag__rosidl_typesupport_introspection_c.h
[3.444s] -- Up-to-date: /root/Lunar_ROADSTER/lr_ws/install/cg_msgs/include/cg_msgs/cg_msgs/msg/detail/beacon_tag__type_support.c
[3.444s] -- Up-to-date: /root/Lunar_ROADSTER/lr_ws/install/cg_msgs/include/cg_msgs/cg_msgs/msg/detail/beacon_multi_tag__rosidl_typesupport_introspection_c.h
[3.445s] -- Up-to-date: /root/Lunar_ROADSTER/lr_ws/install/cg_msgs/include/cg_msgs/cg_msgs/msg/detail/beacon_multi_tag__type_support.c
[3.446s] -- Up-to-date: /root/Lunar_ROADSTER/lr_ws/install/cg_msgs/include/cg_msgs/cg_msgs/msg/detail/encoder_telemetry__rosidl_typesupport_introspection_c.h
[3.446s] -- Up-to-date: /root/Lunar_ROADSTER/lr_ws/install/cg_msgs/include/cg_msgs/cg_msgs/msg/detail/encoder_telemetry__type_support.c
[3.446s] -- Up-to-date: /root/Lunar_ROADSTER/lr_ws/install/cg_msgs/include/cg_msgs/cg_msgs/msg/detail/point2_d__rosidl_typesupport_introspection_c.h
[3.446s] -- Up-to-date: /root/Lunar_ROADSTER/lr_ws/install/cg_msgs/include/cg_msgs/cg_msgs/msg/detail/point2_d__type_support.c
[3.452s] -- Up-to-date: /root/Lunar_ROADSTER/lr_ws/install/cg_msgs/include/cg_msgs/cg_msgs/msg/detail/pose2_d__rosidl_typesupport_introspection_c.h
[3.454s] -- Up-to-date: /root/Lunar_ROADSTER/lr_ws/install/cg_msgs/include/cg_msgs/cg_msgs/msg/detail/pose2_d__type_support.c
[3.454s] -- Up-to-date: /root/Lunar_ROADSTER/lr_ws/install/cg_msgs/include/cg_msgs/cg_msgs/msg/detail/slip__rosidl_typesupport_introspection_c.h
[3.454s] -- Up-to-date: /root/Lunar_ROADSTER/lr_ws/install/cg_msgs/include/cg_msgs/cg_msgs/msg/detail/slip__type_support.c
[3.455s] -- Up-to-date: /root/Lunar_ROADSTER/lr_ws/install/cg_msgs/include/cg_msgs/cg_msgs/msg/detail/mux_mode__rosidl_typesupport_introspection_c.h
[3.455s] -- Up-to-date: /root/Lunar_ROADSTER/lr_ws/install/cg_msgs/include/cg_msgs/cg_msgs/msg/detail/mux_mode__type_support.c
[3.460s] -- Up-to-date: /root/Lunar_ROADSTER/lr_ws/install/cg_msgs/include/cg_msgs/cg_msgs/msg/detail/actuator_state__rosidl_typesupport_introspection_c.h
[3.461s] -- Up-to-date: /root/Lunar_ROADSTER/lr_ws/install/cg_msgs/include/cg_msgs/cg_msgs/msg/detail/actuator_state__type_support.c
[3.462s] -- Up-to-date: /root/Lunar_ROADSTER/lr_ws/install/cg_msgs/include/cg_msgs/cg_msgs/msg/detail/site_map__rosidl_typesupport_introspection_c.h
[3.463s] -- Up-to-date: /root/Lunar_ROADSTER/lr_ws/install/cg_msgs/include/cg_msgs/cg_msgs/msg/detail/site_map__type_support.c
[3.464s] -- Up-to-date: /root/Lunar_ROADSTER/lr_ws/install/cg_msgs/include/cg_msgs/cg_msgs/msg/detail/trajectory__rosidl_typesupport_introspection_c.h
[3.464s] -- Up-to-date: /root/Lunar_ROADSTER/lr_ws/install/cg_msgs/include/cg_msgs/cg_msgs/msg/detail/trajectory__type_support.c
[3.465s] -- Up-to-date: /root/Lunar_ROADSTER/lr_ws/install/cg_msgs/include/cg_msgs/cg_msgs/msg/rosidl_typesupport_introspection_c__visibility_control.h
[3.466s] -- Up-to-date: /root/Lunar_ROADSTER/lr_ws/install/cg_msgs/include/cg_msgs/cg_msgs/srv
[3.467s] -- Up-to-date: /root/Lunar_ROADSTER/lr_ws/install/cg_msgs/include/cg_msgs/cg_msgs/srv/detail
[3.493s] -- Up-to-date: /root/Lunar_ROADSTER/lr_ws/install/cg_msgs/include/cg_msgs/cg_msgs/srv/detail/site_map__rosidl_typesupport_introspection_c.h
[3.493s] -- Up-to-date: /root/Lunar_ROADSTER/lr_ws/install/cg_msgs/include/cg_msgs/cg_msgs/srv/detail/site_map__type_support.c
[3.493s] -- Up-to-date: /root/Lunar_ROADSTER/lr_ws/install/cg_msgs/include/cg_msgs/cg_msgs/srv/detail/update_trajectory__rosidl_typesupport_introspection_c.h
[3.494s] -- Up-to-date: /root/Lunar_ROADSTER/lr_ws/install/cg_msgs/include/cg_msgs/cg_msgs/srv/detail/update_trajectory__type_support.c
[3.495s] -- Up-to-date: /root/Lunar_ROADSTER/lr_ws/install/cg_msgs/include/cg_msgs/cg_msgs/srv/detail/enable_worksystem__rosidl_typesupport_introspection_c.h
[3.495s] -- Up-to-date: /root/Lunar_ROADSTER/lr_ws/install/cg_msgs/include/cg_msgs/cg_msgs/srv/detail/enable_worksystem__type_support.c
[3.532s] -- Up-to-date: /root/Lunar_ROADSTER/lr_ws/install/cg_msgs/include/cg_msgs/cg_msgs/srv/detail/save_map__rosidl_typesupport_introspection_c.h
[3.532s] -- Up-to-date: /root/Lunar_ROADSTER/lr_ws/install/cg_msgs/include/cg_msgs/cg_msgs/srv/detail/save_map__type_support.c
[3.532s] -- Up-to-date: /root/Lunar_ROADSTER/lr_ws/install/cg_msgs/lib/libcg_msgs__rosidl_typesupport_introspection_c.so
[3.532s] -- Up-to-date: /root/Lunar_ROADSTER/lr_ws/install/cg_msgs/lib/libcg_msgs__rosidl_typesupport_c.so
[3.534s] -- Up-to-date: /root/Lunar_ROADSTER/lr_ws/install/cg_msgs/include/cg_msgs/cg_msgs
[3.535s] -- Up-to-date: /root/Lunar_ROADSTER/lr_ws/install/cg_msgs/include/cg_msgs/cg_msgs/msg
[3.541s] -- Up-to-date: /root/Lunar_ROADSTER/lr_ws/install/cg_msgs/include/cg_msgs/cg_msgs/msg/detail
[3.542s] -- Up-to-date: /root/Lunar_ROADSTER/lr_ws/install/cg_msgs/include/cg_msgs/cg_msgs/msg/detail/actuator_command__rosidl_typesupport_introspection_cpp.hpp
[3.542s] -- Up-to-date: /root/Lunar_ROADSTER/lr_ws/install/cg_msgs/include/cg_msgs/cg_msgs/msg/detail/actuator_command__type_support.cpp
[3.545s] -- Up-to-date: /root/Lunar_ROADSTER/lr_ws/install/cg_msgs/include/cg_msgs/cg_msgs/msg/detail/beacon_tag__rosidl_typesupport_introspection_cpp.hpp
[3.547s] -- Up-to-date: /root/Lunar_ROADSTER/lr_ws/install/cg_msgs/include/cg_msgs/cg_msgs/msg/detail/beacon_tag__type_support.cpp
[3.552s] -- Up-to-date: /root/Lunar_ROADSTER/lr_ws/install/cg_msgs/include/cg_msgs/cg_msgs/msg/detail/beacon_multi_tag__rosidl_typesupport_introspection_cpp.hpp
[3.552s] -- Up-to-date: /root/Lunar_ROADSTER/lr_ws/install/cg_msgs/include/cg_msgs/cg_msgs/msg/detail/beacon_multi_tag__type_support.cpp
[3.553s] -- Up-to-date: /root/Lunar_ROADSTER/lr_ws/install/cg_msgs/include/cg_msgs/cg_msgs/msg/detail/encoder_telemetry__rosidl_typesupport_introspection_cpp.hpp
[3.553s] -- Up-to-date: /root/Lunar_ROADSTER/lr_ws/install/cg_msgs/include/cg_msgs/cg_msgs/msg/detail/encoder_telemetry__type_support.cpp
[3.553s] -- Up-to-date: /root/Lunar_ROADSTER/lr_ws/install/cg_msgs/include/cg_msgs/cg_msgs/msg/detail/point2_d__rosidl_typesupport_introspection_cpp.hpp
[3.554s] -- Up-to-date: /root/Lunar_ROADSTER/lr_ws/install/cg_msgs/include/cg_msgs/cg_msgs/msg/detail/point2_d__type_support.cpp
[3.556s] -- Up-to-date: /root/Lunar_ROADSTER/lr_ws/install/cg_msgs/include/cg_msgs/cg_msgs/msg/detail/pose2_d__rosidl_typesupport_introspection_cpp.hpp
[3.556s] -- Up-to-date: /root/Lunar_ROADSTER/lr_ws/install/cg_msgs/include/cg_msgs/cg_msgs/msg/detail/pose2_d__type_support.cpp
[3.557s] -- Up-to-date: /root/Lunar_ROADSTER/lr_ws/install/cg_msgs/include/cg_msgs/cg_msgs/msg/detail/slip__rosidl_typesupport_introspection_cpp.hpp
[3.557s] -- Up-to-date: /root/Lunar_ROADSTER/lr_ws/install/cg_msgs/include/cg_msgs/cg_msgs/msg/detail/slip__type_support.cpp
[3.561s] -- Up-to-date: /root/Lunar_ROADSTER/lr_ws/install/cg_msgs/include/cg_msgs/cg_msgs/msg/detail/mux_mode__rosidl_typesupport_introspection_cpp.hpp
[3.561s] -- Up-to-date: /root/Lunar_ROADSTER/lr_ws/install/cg_msgs/include/cg_msgs/cg_msgs/msg/detail/mux_mode__type_support.cpp
[3.561s] -- Up-to-date: /root/Lunar_ROADSTER/lr_ws/install/cg_msgs/include/cg_msgs/cg_msgs/msg/detail/actuator_state__rosidl_typesupport_introspection_cpp.hpp
[3.562s] -- Up-to-date: /root/Lunar_ROADSTER/lr_ws/install/cg_msgs/include/cg_msgs/cg_msgs/msg/detail/actuator_state__type_support.cpp
[3.563s] -- Up-to-date: /root/Lunar_ROADSTER/lr_ws/install/cg_msgs/include/cg_msgs/cg_msgs/msg/detail/site_map__rosidl_typesupport_introspection_cpp.hpp
[3.563s] -- Up-to-date: /root/Lunar_ROADSTER/lr_ws/install/cg_msgs/include/cg_msgs/cg_msgs/msg/detail/site_map__type_support.cpp
[3.564s] -- Up-to-date: /root/Lunar_ROADSTER/lr_ws/install/cg_msgs/include/cg_msgs/cg_msgs/msg/detail/trajectory__rosidl_typesupport_introspection_cpp.hpp
[3.564s] -- Up-to-date: /root/Lunar_ROADSTER/lr_ws/install/cg_msgs/include/cg_msgs/cg_msgs/msg/detail/trajectory__type_support.cpp
[3.564s] -- Up-to-date: /root/Lunar_ROADSTER/lr_ws/install/cg_msgs/include/cg_msgs/cg_msgs/srv
[3.565s] -- Up-to-date: /root/Lunar_ROADSTER/lr_ws/install/cg_msgs/include/cg_msgs/cg_msgs/srv/detail
[3.566s] -- Up-to-date: /root/Lunar_ROADSTER/lr_ws/install/cg_msgs/include/cg_msgs/cg_msgs/srv/detail/site_map__rosidl_typesupport_introspection_cpp.hpp
[3.566s] -- Up-to-date: /root/Lunar_ROADSTER/lr_ws/install/cg_msgs/include/cg_msgs/cg_msgs/srv/detail/site_map__type_support.cpp
[3.567s] -- Up-to-date: /root/Lunar_ROADSTER/lr_ws/install/cg_msgs/include/cg_msgs/cg_msgs/srv/detail/update_trajectory__rosidl_typesupport_introspection_cpp.hpp
[3.568s] -- Up-to-date: /root/Lunar_ROADSTER/lr_ws/install/cg_msgs/include/cg_msgs/cg_msgs/srv/detail/update_trajectory__type_support.cpp
[3.568s] -- Up-to-date: /root/Lunar_ROADSTER/lr_ws/install/cg_msgs/include/cg_msgs/cg_msgs/srv/detail/enable_worksystem__rosidl_typesupport_introspection_cpp.hpp
[3.569s] -- Up-to-date: /root/Lunar_ROADSTER/lr_ws/install/cg_msgs/include/cg_msgs/cg_msgs/srv/detail/enable_worksystem__type_support.cpp
[3.569s] -- Up-to-date: /root/Lunar_ROADSTER/lr_ws/install/cg_msgs/include/cg_msgs/cg_msgs/srv/detail/save_map__rosidl_typesupport_introspection_cpp.hpp
[3.569s] -- Up-to-date: /root/Lunar_ROADSTER/lr_ws/install/cg_msgs/include/cg_msgs/cg_msgs/srv/detail/save_map__type_support.cpp
[3.569s] -- Up-to-date: /root/Lunar_ROADSTER/lr_ws/install/cg_msgs/lib/libcg_msgs__rosidl_typesupport_introspection_cpp.so
[3.570s] -- Up-to-date: /root/Lunar_ROADSTER/lr_ws/install/cg_msgs/lib/libcg_msgs__rosidl_typesupport_cpp.so
[3.570s] -- Up-to-date: /root/Lunar_ROADSTER/lr_ws/install/cg_msgs/share/cg_msgs/environment/pythonpath.sh
[3.572s] -- Up-to-date: /root/Lunar_ROADSTER/lr_ws/install/cg_msgs/share/cg_msgs/environment/pythonpath.dsv
[3.572s] -- Up-to-date: /root/Lunar_ROADSTER/lr_ws/install/cg_msgs/local/lib/python3.10/dist-packages/cg_msgs-0.0.0-py3.10.egg-info
[3.573s] -- Installing: /root/Lunar_ROADSTER/lr_ws/install/cg_msgs/local/lib/python3.10/dist-packages/cg_msgs-0.0.0-py3.10.egg-info/PKG-INFO
[3.588s] -- Installing: /root/Lunar_ROADSTER/lr_ws/install/cg_msgs/local/lib/python3.10/dist-packages/cg_msgs-0.0.0-py3.10.egg-info/dependency_links.txt
[3.589s] -- Installing: /root/Lunar_ROADSTER/lr_ws/install/cg_msgs/local/lib/python3.10/dist-packages/cg_msgs-0.0.0-py3.10.egg-info/top_level.txt
[3.590s] -- Installing: /root/Lunar_ROADSTER/lr_ws/install/cg_msgs/local/lib/python3.10/dist-packages/cg_msgs-0.0.0-py3.10.egg-info/SOURCES.txt
[3.590s] -- Up-to-date: /root/Lunar_ROADSTER/lr_ws/install/cg_msgs/local/lib/python3.10/dist-packages/cg_msgs
[3.591s] -- Up-to-date: /root/Lunar_ROADSTER/lr_ws/install/cg_msgs/local/lib/python3.10/dist-packages/cg_msgs/__init__.py
[3.592s] -- Up-to-date: /root/Lunar_ROADSTER/lr_ws/install/cg_msgs/local/lib/python3.10/dist-packages/cg_msgs/msg
[3.606s] -- Up-to-date: /root/Lunar_ROADSTER/lr_ws/install/cg_msgs/local/lib/python3.10/dist-packages/cg_msgs/msg/_actuator_command.py
[3.606s] -- Up-to-date: /root/Lunar_ROADSTER/lr_ws/install/cg_msgs/local/lib/python3.10/dist-packages/cg_msgs/msg/_actuator_command_s.c
[3.607s] -- Up-to-date: /root/Lunar_ROADSTER/lr_ws/install/cg_msgs/local/lib/python3.10/dist-packages/cg_msgs/msg/_beacon_tag.py
[3.613s] -- Up-to-date: /root/Lunar_ROADSTER/lr_ws/install/cg_msgs/local/lib/python3.10/dist-packages/cg_msgs/msg/_beacon_tag_s.c
[3.613s] -- Up-to-date: /root/Lunar_ROADSTER/lr_ws/install/cg_msgs/local/lib/python3.10/dist-packages/cg_msgs/msg/_beacon_multi_tag.py
[3.614s] -- Up-to-date: /root/Lunar_ROADSTER/lr_ws/install/cg_msgs/local/lib/python3.10/dist-packages/cg_msgs/msg/_beacon_multi_tag_s.c
[3.614s] -- Up-to-date: /root/Lunar_ROADSTER/lr_ws/install/cg_msgs/local/lib/python3.10/dist-packages/cg_msgs/msg/_encoder_telemetry.py
[3.614s] -- Up-to-date: /root/Lunar_ROADSTER/lr_ws/install/cg_msgs/local/lib/python3.10/dist-packages/cg_msgs/msg/_encoder_telemetry_s.c
[3.615s] -- Up-to-date: /root/Lunar_ROADSTER/lr_ws/install/cg_msgs/local/lib/python3.10/dist-packages/cg_msgs/msg/_point2_d.py
[3.615s] -- Up-to-date: /root/Lunar_ROADSTER/lr_ws/install/cg_msgs/local/lib/python3.10/dist-packages/cg_msgs/msg/_point2_d_s.c
[3.615s] -- Up-to-date: /root/Lunar_ROADSTER/lr_ws/install/cg_msgs/local/lib/python3.10/dist-packages/cg_msgs/msg/_pose2_d.py
[3.616s] -- Up-to-date: /root/Lunar_ROADSTER/lr_ws/install/cg_msgs/local/lib/python3.10/dist-packages/cg_msgs/msg/_pose2_d_s.c
[3.616s] -- Up-to-date: /root/Lunar_ROADSTER/lr_ws/install/cg_msgs/local/lib/python3.10/dist-packages/cg_msgs/msg/_slip.py
[3.616s] -- Up-to-date: /root/Lunar_ROADSTER/lr_ws/install/cg_msgs/local/lib/python3.10/dist-packages/cg_msgs/msg/_slip_s.c
[3.616s] -- Up-to-date: /root/Lunar_ROADSTER/lr_ws/install/cg_msgs/local/lib/python3.10/dist-packages/cg_msgs/msg/_mux_mode.py
[3.617s] -- Up-to-date: /root/Lunar_ROADSTER/lr_ws/install/cg_msgs/local/lib/python3.10/dist-packages/cg_msgs/msg/_mux_mode_s.c
[3.618s] -- Up-to-date: /root/Lunar_ROADSTER/lr_ws/install/cg_msgs/local/lib/python3.10/dist-packages/cg_msgs/msg/_actuator_state.py
[3.619s] -- Up-to-date: /root/Lunar_ROADSTER/lr_ws/install/cg_msgs/local/lib/python3.10/dist-packages/cg_msgs/msg/_actuator_state_s.c
[3.619s] -- Up-to-date: /root/Lunar_ROADSTER/lr_ws/install/cg_msgs/local/lib/python3.10/dist-packages/cg_msgs/msg/_site_map.py
[3.620s] -- Up-to-date: /root/Lunar_ROADSTER/lr_ws/install/cg_msgs/local/lib/python3.10/dist-packages/cg_msgs/msg/_site_map_s.c
[3.621s] -- Up-to-date: /root/Lunar_ROADSTER/lr_ws/install/cg_msgs/local/lib/python3.10/dist-packages/cg_msgs/msg/_trajectory.py
[3.621s] -- Up-to-date: /root/Lunar_ROADSTER/lr_ws/install/cg_msgs/local/lib/python3.10/dist-packages/cg_msgs/msg/_trajectory_s.c
[3.621s] -- Up-to-date: /root/Lunar_ROADSTER/lr_ws/install/cg_msgs/local/lib/python3.10/dist-packages/cg_msgs/msg/__init__.py
[3.622s] -- Up-to-date: /root/Lunar_ROADSTER/lr_ws/install/cg_msgs/local/lib/python3.10/dist-packages/cg_msgs/srv
[3.622s] -- Up-to-date: /root/Lunar_ROADSTER/lr_ws/install/cg_msgs/local/lib/python3.10/dist-packages/cg_msgs/srv/_site_map.py
[3.655s] -- Up-to-date: /root/Lunar_ROADSTER/lr_ws/install/cg_msgs/local/lib/python3.10/dist-packages/cg_msgs/srv/_site_map_s.c
[3.656s] -- Up-to-date: /root/Lunar_ROADSTER/lr_ws/install/cg_msgs/local/lib/python3.10/dist-packages/cg_msgs/srv/_update_trajectory.py
[3.657s] -- Up-to-date: /root/Lunar_ROADSTER/lr_ws/install/cg_msgs/local/lib/python3.10/dist-packages/cg_msgs/srv/_update_trajectory_s.c
[3.657s] -- Up-to-date: /root/Lunar_ROADSTER/lr_ws/install/cg_msgs/local/lib/python3.10/dist-packages/cg_msgs/srv/_enable_worksystem.py
[3.658s] -- Up-to-date: /root/Lunar_ROADSTER/lr_ws/install/cg_msgs/local/lib/python3.10/dist-packages/cg_msgs/srv/_enable_worksystem_s.c
[3.658s] -- Up-to-date: /root/Lunar_ROADSTER/lr_ws/install/cg_msgs/local/lib/python3.10/dist-packages/cg_msgs/srv/_save_map.py
[3.660s] -- Up-to-date: /root/Lunar_ROADSTER/lr_ws/install/cg_msgs/local/lib/python3.10/dist-packages/cg_msgs/srv/_save_map_s.c
[3.662s] -- Up-to-date: /root/Lunar_ROADSTER/lr_ws/install/cg_msgs/local/lib/python3.10/dist-packages/cg_msgs/srv/__init__.py
[3.662s] -- Up-to-date: /root/Lunar_ROADSTER/lr_ws/install/cg_msgs/local/lib/python3.10/dist-packages/cg_msgs/_cg_msgs_s.ep.rosidl_typesupport_fastrtps_c.c
[3.663s] -- Up-to-date: /root/Lunar_ROADSTER/lr_ws/install/cg_msgs/local/lib/python3.10/dist-packages/cg_msgs/_cg_msgs_s.ep.rosidl_typesupport_introspection_c.c
[3.663s] -- Up-to-date: /root/Lunar_ROADSTER/lr_ws/install/cg_msgs/local/lib/python3.10/dist-packages/cg_msgs/_cg_msgs_s.ep.rosidl_typesupport_c.c
[3.664s] -- Up-to-date: /root/Lunar_ROADSTER/lr_ws/install/cg_msgs/local/lib/python3.10/dist-packages/cg_msgs/libcg_msgs__rosidl_generator_py.so
[3.664s] -- Up-to-date: /root/Lunar_ROADSTER/lr_ws/install/cg_msgs/local/lib/python3.10/dist-packages/cg_msgs/cg_msgs_s__rosidl_typesupport_fastrtps_c.cpython-310-aarch64-linux-gnu.so
[3.664s] -- Up-to-date: /root/Lunar_ROADSTER/lr_ws/install/cg_msgs/local/lib/python3.10/dist-packages/cg_msgs/cg_msgs_s__rosidl_typesupport_c.cpython-310-aarch64-linux-gnu.so
[3.665s] -- Up-to-date: /root/Lunar_ROADSTER/lr_ws/install/cg_msgs/local/lib/python3.10/dist-packages/cg_msgs/cg_msgs_s__rosidl_typesupport_introspection_c.cpython-310-aarch64-linux-gnu.so
[3.696s] Listing '/root/Lunar_ROADSTER/lr_ws/install/cg_msgs/local/lib/python3.10/dist-packages/cg_msgs'...
[3.696s] Listing '/root/Lunar_ROADSTER/lr_ws/install/cg_msgs/local/lib/python3.10/dist-packages/cg_msgs/msg'...
[3.697s] Listing '/root/Lunar_ROADSTER/lr_ws/install/cg_msgs/local/lib/python3.10/dist-packages/cg_msgs/srv'...
[3.700s] -- Up-to-date: /root/Lunar_ROADSTER/lr_ws/install/cg_msgs/local/lib/python3.10/dist-packages/cg_msgs/cg_msgs_s__rosidl_typesupport_fastrtps_c.cpython-310-aarch64-linux-gnu.so
[3.711s] -- Up-to-date: /root/Lunar_ROADSTER/lr_ws/install/cg_msgs/local/lib/python3.10/dist-packages/cg_msgs/cg_msgs_s__rosidl_typesupport_introspection_c.cpython-310-aarch64-linux-gnu.so
[3.711s] -- Up-to-date: /root/Lunar_ROADSTER/lr_ws/install/cg_msgs/local/lib/python3.10/dist-packages/cg_msgs/cg_msgs_s__rosidl_typesupport_c.cpython-310-aarch64-linux-gnu.so
[3.712s] -- Up-to-date: /root/Lunar_ROADSTER/lr_ws/install/cg_msgs/lib/libcg_msgs__rosidl_generator_py.so
[3.712s] -- Up-to-date: /root/Lunar_ROADSTER/lr_ws/install/cg_msgs/share/cg_msgs/msg/ActuatorCommand.idl
[3.712s] -- Up-to-date: /root/Lunar_ROADSTER/lr_ws/install/cg_msgs/share/cg_msgs/msg/BeaconTag.idl
[3.713s] -- Up-to-date: /root/Lunar_ROADSTER/lr_ws/install/cg_msgs/share/cg_msgs/msg/BeaconMultiTag.idl
[3.715s] -- Up-to-date: /root/Lunar_ROADSTER/lr_ws/install/cg_msgs/share/cg_msgs/msg/EncoderTelemetry.idl
[3.716s] -- Up-to-date: /root/Lunar_ROADSTER/lr_ws/install/cg_msgs/share/cg_msgs/msg/Point2D.idl
[3.716s] -- Up-to-date: /root/Lunar_ROADSTER/lr_ws/install/cg_msgs/share/cg_msgs/msg/Pose2D.idl
[3.716s] -- Up-to-date: /root/Lunar_ROADSTER/lr_ws/install/cg_msgs/share/cg_msgs/msg/Slip.idl
[3.718s] -- Up-to-date: /root/Lunar_ROADSTER/lr_ws/install/cg_msgs/share/cg_msgs/msg/MuxMode.idl
[3.730s] -- Up-to-date: /root/Lunar_ROADSTER/lr_ws/install/cg_msgs/share/cg_msgs/msg/ActuatorState.idl
[3.730s] -- Up-to-date: /root/Lunar_ROADSTER/lr_ws/install/cg_msgs/share/cg_msgs/msg/SiteMap.idl
[3.730s] -- Up-to-date: /root/Lunar_ROADSTER/lr_ws/install/cg_msgs/share/cg_msgs/msg/Trajectory.idl
[3.731s] -- Up-to-date: /root/Lunar_ROADSTER/lr_ws/install/cg_msgs/share/cg_msgs/srv/SiteMap.idl
[3.731s] -- Up-to-date: /root/Lunar_ROADSTER/lr_ws/install/cg_msgs/share/cg_msgs/srv/UpdateTrajectory.idl
[3.732s] -- Up-to-date: /root/Lunar_ROADSTER/lr_ws/install/cg_msgs/share/cg_msgs/srv/EnableWorksystem.idl
[3.732s] -- Up-to-date: /root/Lunar_ROADSTER/lr_ws/install/cg_msgs/share/cg_msgs/srv/SaveMap.idl
[3.733s] -- Up-to-date: /root/Lunar_ROADSTER/lr_ws/install/cg_msgs/share/cg_msgs/srv/SiteMap.srv
[3.733s] -- Up-to-date: /root/Lunar_ROADSTER/lr_ws/install/cg_msgs/share/cg_msgs/srv/SiteMap_Request.msg
[3.733s] -- Up-to-date: /root/Lunar_ROADSTER/lr_ws/install/cg_msgs/share/cg_msgs/srv/SiteMap_Response.msg
[3.733s] -- Up-to-date: /root/Lunar_ROADSTER/lr_ws/install/cg_msgs/share/cg_msgs/srv/UpdateTrajectory.srv
[3.734s] -- Up-to-date: /root/Lunar_ROADSTER/lr_ws/install/cg_msgs/share/cg_msgs/srv/UpdateTrajectory_Request.msg
[3.734s] -- Up-to-date: /root/Lunar_ROADSTER/lr_ws/install/cg_msgs/share/cg_msgs/srv/UpdateTrajectory_Response.msg
[3.734s] -- Up-to-date: /root/Lunar_ROADSTER/lr_ws/install/cg_msgs/share/cg_msgs/srv/EnableWorksystem.srv
[3.734s] -- Up-to-date: /root/Lunar_ROADSTER/lr_ws/install/cg_msgs/share/cg_msgs/srv/EnableWorksystem_Request.msg
[3.735s] -- Up-to-date: /root/Lunar_ROADSTER/lr_ws/install/cg_msgs/share/cg_msgs/srv/EnableWorksystem_Response.msg
[3.735s] -- Up-to-date: /root/Lunar_ROADSTER/lr_ws/install/cg_msgs/share/cg_msgs/srv/SaveMap.srv
[3.735s] -- Up-to-date: /root/Lunar_ROADSTER/lr_ws/install/cg_msgs/share/cg_msgs/srv/SaveMap_Request.msg
[3.736s] -- Up-to-date: /root/Lunar_ROADSTER/lr_ws/install/cg_msgs/share/cg_msgs/srv/SaveMap_Response.msg
[3.736s] -- Up-to-date: /root/Lunar_ROADSTER/lr_ws/install/cg_msgs/share/ament_index/resource_index/package_run_dependencies/cg_msgs
[3.736s] -- Up-to-date: /root/Lunar_ROADSTER/lr_ws/install/cg_msgs/share/ament_index/resource_index/parent_prefix_path/cg_msgs
[3.736s] -- Up-to-date: /root/Lunar_ROADSTER/lr_ws/install/cg_msgs/share/cg_msgs/environment/ament_prefix_path.sh
[3.737s] -- Up-to-date: /root/Lunar_ROADSTER/lr_ws/install/cg_msgs/share/cg_msgs/environment/ament_prefix_path.dsv
[3.737s] -- Up-to-date: /root/Lunar_ROADSTER/lr_ws/install/cg_msgs/share/cg_msgs/environment/path.sh
[3.738s] -- Up-to-date: /root/Lunar_ROADSTER/lr_ws/install/cg_msgs/share/cg_msgs/environment/path.dsv
[3.738s] -- Up-to-date: /root/Lunar_ROADSTER/lr_ws/install/cg_msgs/share/cg_msgs/local_setup.bash
[3.738s] -- Up-to-date: /root/Lunar_ROADSTER/lr_ws/install/cg_msgs/share/cg_msgs/local_setup.sh
[3.738s] -- Up-to-date: /root/Lunar_ROADSTER/lr_ws/install/cg_msgs/share/cg_msgs/local_setup.zsh
[3.739s] -- Up-to-date: /root/Lunar_ROADSTER/lr_ws/install/cg_msgs/share/cg_msgs/local_setup.dsv
[3.739s] -- Installing: /root/Lunar_ROADSTER/lr_ws/install/cg_msgs/share/cg_msgs/package.dsv
[3.740s] -- Up-to-date: /root/Lunar_ROADSTER/lr_ws/install/cg_msgs/share/ament_index/resource_index/packages/cg_msgs
[3.742s] -- Up-to-date: /root/Lunar_ROADSTER/lr_ws/install/cg_msgs/share/cg_msgs/cmake/export_cg_msgs__rosidl_generator_cExport.cmake
[3.743s] -- Up-to-date: /root/Lunar_ROADSTER/lr_ws/install/cg_msgs/share/cg_msgs/cmake/export_cg_msgs__rosidl_generator_cExport-noconfig.cmake
[3.743s] -- Up-to-date: /root/Lunar_ROADSTER/lr_ws/install/cg_msgs/share/cg_msgs/cmake/export_cg_msgs__rosidl_typesupport_fastrtps_cExport.cmake
[3.743s] -- Up-to-date: /root/Lunar_ROADSTER/lr_ws/install/cg_msgs/share/cg_msgs/cmake/export_cg_msgs__rosidl_typesupport_fastrtps_cExport-noconfig.cmake
[3.743s] -- Up-to-date: /root/Lunar_ROADSTER/lr_ws/install/cg_msgs/share/cg_msgs/cmake/export_cg_msgs__rosidl_generator_cppExport.cmake
[3.744s] -- Up-to-date: /root/Lunar_ROADSTER/lr_ws/install/cg_msgs/share/cg_msgs/cmake/export_cg_msgs__rosidl_typesupport_fastrtps_cppExport.cmake
[3.766s] -- Up-to-date: /root/Lunar_ROADSTER/lr_ws/install/cg_msgs/share/cg_msgs/cmake/export_cg_msgs__rosidl_typesupport_fastrtps_cppExport-noconfig.cmake
[3.766s] -- Up-to-date: /root/Lunar_ROADSTER/lr_ws/install/cg_msgs/share/cg_msgs/cmake/cg_msgs__rosidl_typesupport_introspection_cExport.cmake
[3.766s] -- Up-to-date: /root/Lunar_ROADSTER/lr_ws/install/cg_msgs/share/cg_msgs/cmake/cg_msgs__rosidl_typesupport_introspection_cExport-noconfig.cmake
[3.766s] -- Up-to-date: /root/Lunar_ROADSTER/lr_ws/install/cg_msgs/share/cg_msgs/cmake/cg_msgs__rosidl_typesupport_cExport.cmake
[3.767s] -- Up-to-date: /root/Lunar_ROADSTER/lr_ws/install/cg_msgs/share/cg_msgs/cmake/cg_msgs__rosidl_typesupport_cExport-noconfig.cmake
[3.767s] -- Up-to-date: /root/Lunar_ROADSTER/lr_ws/install/cg_msgs/share/cg_msgs/cmake/cg_msgs__rosidl_typesupport_introspection_cppExport.cmake
[3.767s] -- Up-to-date: /root/Lunar_ROADSTER/lr_ws/install/cg_msgs/share/cg_msgs/cmake/cg_msgs__rosidl_typesupport_introspection_cppExport-noconfig.cmake
[3.768s] -- Up-to-date: /root/Lunar_ROADSTER/lr_ws/install/cg_msgs/share/cg_msgs/cmake/cg_msgs__rosidl_typesupport_cppExport.cmake
[3.768s] -- Up-to-date: /root/Lunar_ROADSTER/lr_ws/install/cg_msgs/share/cg_msgs/cmake/cg_msgs__rosidl_typesupport_cppExport-noconfig.cmake
[3.768s] -- Up-to-date: /root/Lunar_ROADSTER/lr_ws/install/cg_msgs/share/cg_msgs/cmake/export_cg_msgs__rosidl_generator_pyExport.cmake
[3.769s] -- Up-to-date: /root/Lunar_ROADSTER/lr_ws/install/cg_msgs/share/cg_msgs/cmake/export_cg_msgs__rosidl_generator_pyExport-noconfig.cmake
[3.769s] -- Up-to-date: /root/Lunar_ROADSTER/lr_ws/install/cg_msgs/share/cg_msgs/cmake/rosidl_cmake-extras.cmake
[3.769s] -- Up-to-date: /root/Lunar_ROADSTER/lr_ws/install/cg_msgs/share/cg_msgs/cmake/ament_cmake_export_dependencies-extras.cmake
[3.769s] -- Up-to-date: /root/Lunar_ROADSTER/lr_ws/install/cg_msgs/share/cg_msgs/cmake/ament_cmake_export_include_directories-extras.cmake
[3.770s] -- Up-to-date: /root/Lunar_ROADSTER/lr_ws/install/cg_msgs/share/cg_msgs/cmake/ament_cmake_export_libraries-extras.cmake
[3.770s] -- Up-to-date: /root/Lunar_ROADSTER/lr_ws/install/cg_msgs/share/cg_msgs/cmake/ament_cmake_export_targets-extras.cmake
[3.770s] -- Up-to-date: /root/Lunar_ROADSTER/lr_ws/install/cg_msgs/share/cg_msgs/cmake/rosidl_cmake_export_typesupport_targets-extras.cmake
[3.770s] -- Up-to-date: /root/Lunar_ROADSTER/lr_ws/install/cg_msgs/share/cg_msgs/cmake/rosidl_cmake_export_typesupport_libraries-extras.cmake
[3.771s] -- Up-to-date: /root/Lunar_ROADSTER/lr_ws/install/cg_msgs/share/cg_msgs/cmake/cg_msgsConfig.cmake
[3.771s] -- Up-to-date: /root/Lunar_ROADSTER/lr_ws/install/cg_msgs/share/cg_msgs/cmake/cg_msgsConfig-version.cmake
[3.771s] -- Up-to-date: /root/Lunar_ROADSTER/lr_ws/install/cg_msgs/share/cg_msgs/package.xml
[3.808s] Invoked command in '/root/Lunar_ROADSTER/lr_ws/build/cg_msgs' returned '0': CMAKE_PREFIX_PATH=/opt/ros/humble /usr/local/bin/cmake --install /root/Lunar_ROADSTER/lr_ws/build/cg_msgs
