[0.011s] Invoking command in '/home/bhaswanth_a/Lunar_ROADSTER/lr_ws/build/vectornav': CMAKE_PREFIX_PATH=/home/bhaswanth_a/Lunar_ROADSTER/lr_ws/install/vectornav_msgs:/home/bhaswanth_a/Lunar_ROADSTER/lr_ws/install/vectornav:/home/bhaswanth_a/Lunar_ROADSTER/lr_ws/install/localization:/home/bhaswanth_a/Lunar_ROADSTER/lr_ws/install/cg_msgs:/opt/ros/humble CONDA_PROMPT_MODIFIER=(base) LD_LIBRARY_PATH=/home/bhaswanth_a/Lunar_ROADSTER/lr_ws/install/vectornav_msgs/lib:/home/bhaswanth_a/Lunar_ROADSTER/lr_ws/install/vectornav/lib:/home/bhaswanth_a/Lunar_ROADSTER/lr_ws/install/cg_msgs/lib:/opt/ros/humble/opt/rviz_ogre_vendor/lib:/opt/ros/humble/lib/x86_64-linux-gnu:/opt/ros/humble/lib /usr/bin/cmake --build /home/bhaswanth_a/Lunar_ROADSTER/lr_ws/build/vectornav -- -j16 -l16
[0.037s] -- Found ament_cmake: 1.3.11 (/opt/ros/humble/share/ament_cmake/cmake)
[0.143s] -- Found rclcpp: 16.0.11 (/opt/ros/humble/share/rclcpp/cmake)
[0.165s] -- Found rosidl_generator_c: 3.1.6 (/opt/ros/humble/share/rosidl_generator_c/cmake)
[0.167s] -- Found rosidl_adapter: 3.1.6 (/opt/ros/humble/share/rosidl_adapter/cmake)
[0.171s] -- Found rosidl_generator_cpp: 3.1.6 (/opt/ros/humble/share/rosidl_generator_cpp/cmake)
[0.178s] -- Using all available rosidl_typesupport_c: rosidl_typesupport_fastrtps_c;rosidl_typesupport_introspection_c
[0.187s] -- Using all available rosidl_typesupport_cpp: rosidl_typesupport_fastrtps_cpp;rosidl_typesupport_introspection_cpp
[0.210s] -- Found rmw_implementation_cmake: 6.1.2 (/opt/ros/humble/share/rmw_implementation_cmake/cmake)
[0.211s] -- Found rmw_fastrtps_cpp: 6.2.7 (/opt/ros/humble/share/rmw_fastrtps_cpp/cmake)
[0.305s] -- Using RMW implementation 'rmw_fastrtps_cpp' as default
[0.338s] -- Found rclcpp_action: 16.0.11 (/opt/ros/humble/share/rclcpp_action/cmake)
[0.361s] -- Found rclcpp_components: 16.0.11 (/opt/ros/humble/share/rclcpp_components/cmake)
[0.373s] -- Found sensor_msgs: 4.2.4 (/opt/ros/humble/share/sensor_msgs/cmake)
[0.394s] -- Found vectornav_msgs: 3.0.0 (/home/bhaswanth_a/Lunar_ROADSTER/lr_ws/install/vectornav_msgs/share/vectornav_msgs/cmake)
[0.407s] -- Found tf2_geometry_msgs: 0.25.9 (/opt/ros/humble/share/tf2_geometry_msgs/cmake)
[0.409s] -- Found eigen3_cmake_module: 0.1.1 (/opt/ros/humble/share/eigen3_cmake_module/cmake)
[0.410s] -- Ensuring Eigen3 include directory is part of orocos-kdl CMake target
[0.439s] -- Found ament_lint_auto: 0.12.11 (/opt/ros/humble/share/ament_lint_auto/cmake)
[0.519s] -- Added test 'cppcheck' to perform static code analysis on C / C++ code
[0.520s] -- Configured cppcheck include dirs: 
[0.520s] -- Configured cppcheck exclude dirs and/or files: 
[0.523s] -- Added test 'cpplint' to check C / C++ code against the Google style
[0.523s] -- Configured cpplint exclude dirs and/or files: 
[0.523s] -- Added test 'flake8' to check Python code syntax and style conventions
[0.524s] -- Added test 'lint_cmake' to check CMake code style
[0.525s] -- Added test 'pep257' to check Python code against some of the docstring style conventions in PEP 257
[0.529s] -- Added test 'uncrustify' to check C / C++ code style
[0.529s] -- Configured uncrustify additional arguments: 
[0.530s] -- Added test 'xmllint' to check XML markup files
[0.531s] -- Configuring done
[0.562s] -- Generating done
[0.570s] -- Build files have been written to: /home/bhaswanth_a/Lunar_ROADSTER/lr_ws/build/vectornav
[0.597s] [35m[1mConsolidate compiler generated dependencies of target vn_sensor_msgs_lib[0m
[0.599s] [35m[1mConsolidate compiler generated dependencies of target vncxx[0m
[0.620s] [  3%] [32mBuilding CXX object CMakeFiles/vn_sensor_msgs_lib.dir/src/vn_sensor_msgs.cc.o[0m
[0.622s] [ 12%] [32mBuilding CXX object vnproglib-1.2.0.0/cpp/CMakeFiles/vncxx.dir/src/event.cpp.o[0m
[0.624s] [ 31%] [32mBuilding CXX object vnproglib-1.2.0.0/cpp/CMakeFiles/vncxx.dir/src/error_detection.cpp.o[0m
[0.624s] [ 31%] [32mBuilding CXX object vnproglib-1.2.0.0/cpp/CMakeFiles/vncxx.dir/src/criticalsection.cpp.o[0m
[0.624s] [ 31%] [32mBuilding CXX object vnproglib-1.2.0.0/cpp/CMakeFiles/vncxx.dir/src/compositedata.cpp.o[0m
[0.624s] [ 31%] [32mBuilding CXX object vnproglib-1.2.0.0/cpp/CMakeFiles/vncxx.dir/src/dllvalidator.cpp.o[0m
[0.624s] [ 31%] [32mBuilding CXX object vnproglib-1.2.0.0/cpp/CMakeFiles/vncxx.dir/src/ezasyncdata.cpp.o[0m
[0.624s] [ 31%] [32mBuilding CXX object vnproglib-1.2.0.0/cpp/CMakeFiles/vncxx.dir/src/packet.cpp.o[0m
[0.624s] [ 31%] [32mBuilding CXX object vnproglib-1.2.0.0/cpp/CMakeFiles/vncxx.dir/src/memoryport.cpp.o[0m
[0.624s] [ 31%] [32mBuilding CXX object vnproglib-1.2.0.0/cpp/CMakeFiles/vncxx.dir/src/conversions.cpp.o[0m
[0.625s] [ 37%] [32mBuilding CXX object vnproglib-1.2.0.0/cpp/CMakeFiles/vncxx.dir/src/position.cpp.o[0m
[0.625s] [ 37%] [32mBuilding CXX object vnproglib-1.2.0.0/cpp/CMakeFiles/vncxx.dir/src/packetfinder.cpp.o[0m
[0.625s] [ 40%] [32mBuilding CXX object vnproglib-1.2.0.0/cpp/CMakeFiles/vncxx.dir/src/port.cpp.o[0m
[0.625s] [ 43%] [32mBuilding CXX object vnproglib-1.2.0.0/cpp/CMakeFiles/vncxx.dir/src/attitude.cpp.o[0m
[0.625s] [ 46%] [32mBuilding CXX object vnproglib-1.2.0.0/cpp/CMakeFiles/vncxx.dir/src/rtcmlistener.cpp.o[0m
[0.635s] [ 50%] [32mBuilding CXX object vnproglib-1.2.0.0/cpp/CMakeFiles/vncxx.dir/src/rtcmmessage.cpp.o[0m
[0.669s] [ 53%] [32mBuilding CXX object vnproglib-1.2.0.0/cpp/CMakeFiles/vncxx.dir/src/searcher.cpp.o[0m
[0.685s] [ 56%] [32mBuilding CXX object vnproglib-1.2.0.0/cpp/CMakeFiles/vncxx.dir/src/sensors.cpp.o[0m
[0.864s] [ 59%] [32mBuilding CXX object vnproglib-1.2.0.0/cpp/CMakeFiles/vncxx.dir/src/serialport.cpp.o[0m
[0.889s] [ 62%] [32mBuilding CXX object vnproglib-1.2.0.0/cpp/CMakeFiles/vncxx.dir/src/thread.cpp.o[0m
[0.896s] [ 65%] [32mBuilding CXX object vnproglib-1.2.0.0/cpp/CMakeFiles/vncxx.dir/src/types.cpp.o[0m
[0.966s] [ 68%] [32mBuilding CXX object vnproglib-1.2.0.0/cpp/CMakeFiles/vncxx.dir/src/util.cpp.o[0m
[0.970s] [ 71%] [32mBuilding CXX object vnproglib-1.2.0.0/cpp/CMakeFiles/vncxx.dir/src/utilities.cpp.o[0m
[0.983s] [ 75%] [32mBuilding CXX object vnproglib-1.2.0.0/cpp/CMakeFiles/vncxx.dir/src/vntime.cpp.o[0m
[1.550s] [ 78%] [32m[1mLinking CXX shared library libvncxx.so[0m
[1.672s] [ 78%] Built target vncxx
[1.684s] [35m[1mConsolidate compiler generated dependencies of target vectornav_lib[0m
[1.704s] [ 81%] [32mBuilding CXX object CMakeFiles/vectornav_lib.dir/src/vectornav.cc.o[0m
[12.728s] [ 84%] [32m[1mLinking CXX shared library libvectornav_lib.so[0m
[13.969s] [ 84%] Built target vectornav_lib
[13.990s] [35m[1mConsolidate compiler generated dependencies of target vectornav[0m
[14.020s] [ 87%] [32mBuilding CXX object CMakeFiles/vectornav.dir/src/vectornav_node.cc.o[0m
[17.594s] [ 90%] [32m[1mLinking CXX executable vectornav[0m
[17.976s] [ 90%] Built target vectornav
[26.672s] [ 93%] [32m[1mLinking CXX shared library libvn_sensor_msgs_lib.so[0m
[28.738s] [ 93%] Built target vn_sensor_msgs_lib
[28.749s] [35m[1mConsolidate compiler generated dependencies of target vn_sensor_msgs[0m
[28.771s] [ 96%] [32mBuilding CXX object CMakeFiles/vn_sensor_msgs.dir/src/vn_sensor_msgs_node.cc.o[0m
[32.174s] [100%] [32m[1mLinking CXX executable vn_sensor_msgs[0m
[32.975s] [100%] Built target vn_sensor_msgs
[32.990s] Invoked command in '/home/bhaswanth_a/Lunar_ROADSTER/lr_ws/build/vectornav' returned '0': CMAKE_PREFIX_PATH=/home/bhaswanth_a/Lunar_ROADSTER/lr_ws/install/vectornav_msgs:/home/bhaswanth_a/Lunar_ROADSTER/lr_ws/install/vectornav:/home/bhaswanth_a/Lunar_ROADSTER/lr_ws/install/localization:/home/bhaswanth_a/Lunar_ROADSTER/lr_ws/install/cg_msgs:/opt/ros/humble CONDA_PROMPT_MODIFIER=(base) LD_LIBRARY_PATH=/home/bhaswanth_a/Lunar_ROADSTER/lr_ws/install/vectornav_msgs/lib:/home/bhaswanth_a/Lunar_ROADSTER/lr_ws/install/vectornav/lib:/home/bhaswanth_a/Lunar_ROADSTER/lr_ws/install/cg_msgs/lib:/opt/ros/humble/opt/rviz_ogre_vendor/lib:/opt/ros/humble/lib/x86_64-linux-gnu:/opt/ros/humble/lib /usr/bin/cmake --build /home/bhaswanth_a/Lunar_ROADSTER/lr_ws/build/vectornav -- -j16 -l16
[32.991s] Invoking command in '/home/bhaswanth_a/Lunar_ROADSTER/lr_ws/build/vectornav': CMAKE_PREFIX_PATH=/home/bhaswanth_a/Lunar_ROADSTER/lr_ws/install/vectornav_msgs:/home/bhaswanth_a/Lunar_ROADSTER/lr_ws/install/vectornav:/home/bhaswanth_a/Lunar_ROADSTER/lr_ws/install/localization:/home/bhaswanth_a/Lunar_ROADSTER/lr_ws/install/cg_msgs:/opt/ros/humble CONDA_PROMPT_MODIFIER=(base) LD_LIBRARY_PATH=/home/bhaswanth_a/Lunar_ROADSTER/lr_ws/install/vectornav_msgs/lib:/home/bhaswanth_a/Lunar_ROADSTER/lr_ws/install/vectornav/lib:/home/bhaswanth_a/Lunar_ROADSTER/lr_ws/install/cg_msgs/lib:/opt/ros/humble/opt/rviz_ogre_vendor/lib:/opt/ros/humble/lib/x86_64-linux-gnu:/opt/ros/humble/lib /usr/bin/cmake --install /home/bhaswanth_a/Lunar_ROADSTER/lr_ws/build/vectornav
[32.998s] -- Install configuration: ""
[32.998s] -- Installing: /home/bhaswanth_a/Lunar_ROADSTER/lr_ws/install/vectornav/lib/libvectornav_lib.so
[33.010s] -- Set runtime path of "/home/bhaswanth_a/Lunar_ROADSTER/lr_ws/install/vectornav/lib/libvectornav_lib.so" to ""
[33.010s] -- Installing: /home/bhaswanth_a/Lunar_ROADSTER/lr_ws/install/vectornav/lib/libvn_sensor_msgs_lib.so
[33.044s] -- Set runtime path of "/home/bhaswanth_a/Lunar_ROADSTER/lr_ws/install/vectornav/lib/libvn_sensor_msgs_lib.so" to ""
[33.044s] -- Installing: /home/bhaswanth_a/Lunar_ROADSTER/lr_ws/install/vectornav/lib/vectornav/vectornav
[33.045s] -- Set runtime path of "/home/bhaswanth_a/Lunar_ROADSTER/lr_ws/install/vectornav/lib/vectornav/vectornav" to ""
[33.045s] -- Installing: /home/bhaswanth_a/Lunar_ROADSTER/lr_ws/install/vectornav/lib/vectornav/vn_sensor_msgs
[33.045s] -- Set runtime path of "/home/bhaswanth_a/Lunar_ROADSTER/lr_ws/install/vectornav/lib/vectornav/vn_sensor_msgs" to ""
[33.045s] -- Up-to-date: /home/bhaswanth_a/Lunar_ROADSTER/lr_ws/install/vectornav/share/vectornav//config
[33.045s] -- Installing: /home/bhaswanth_a/Lunar_ROADSTER/lr_ws/install/vectornav/share/vectornav//config/vectornav.yaml
[33.045s] -- Installing: /home/bhaswanth_a/Lunar_ROADSTER/lr_ws/install/vectornav/share/vectornav//config/vn_100_800hz.yaml
[33.046s] -- Installing: /home/bhaswanth_a/Lunar_ROADSTER/lr_ws/install/vectornav/share/vectornav//config/vn_sensor_msgs_composable.yaml
[33.046s] -- Installing: /home/bhaswanth_a/Lunar_ROADSTER/lr_ws/install/vectornav/share/vectornav//config/vectornav_composable.yaml
[33.046s] -- Up-to-date: /home/bhaswanth_a/Lunar_ROADSTER/lr_ws/install/vectornav/share/vectornav//launch
[33.046s] -- Installing: /home/bhaswanth_a/Lunar_ROADSTER/lr_ws/install/vectornav/share/vectornav//launch/vectornav_composable.launch.py
[33.046s] -- Installing: /home/bhaswanth_a/Lunar_ROADSTER/lr_ws/install/vectornav/share/vectornav//launch/vectornav.launch.py
[33.046s] -- Up-to-date: /home/bhaswanth_a/Lunar_ROADSTER/lr_ws/install/vectornav/share/ament_index/resource_index/package_run_dependencies/vectornav
[33.046s] -- Installing: /home/bhaswanth_a/Lunar_ROADSTER/lr_ws/install/vectornav/share/ament_index/resource_index/parent_prefix_path/vectornav
[33.046s] -- Up-to-date: /home/bhaswanth_a/Lunar_ROADSTER/lr_ws/install/vectornav/share/vectornav/environment/ament_prefix_path.sh
[33.046s] -- Installing: /home/bhaswanth_a/Lunar_ROADSTER/lr_ws/install/vectornav/share/vectornav/environment/ament_prefix_path.dsv
[33.047s] -- Up-to-date: /home/bhaswanth_a/Lunar_ROADSTER/lr_ws/install/vectornav/share/vectornav/environment/path.sh
[33.047s] -- Installing: /home/bhaswanth_a/Lunar_ROADSTER/lr_ws/install/vectornav/share/vectornav/environment/path.dsv
[33.047s] -- Up-to-date: /home/bhaswanth_a/Lunar_ROADSTER/lr_ws/install/vectornav/share/vectornav/local_setup.bash
[33.047s] -- Up-to-date: /home/bhaswanth_a/Lunar_ROADSTER/lr_ws/install/vectornav/share/vectornav/local_setup.sh
[33.047s] -- Up-to-date: /home/bhaswanth_a/Lunar_ROADSTER/lr_ws/install/vectornav/share/vectornav/local_setup.zsh
[33.047s] -- Installing: /home/bhaswanth_a/Lunar_ROADSTER/lr_ws/install/vectornav/share/vectornav/local_setup.dsv
[33.047s] -- Installing: /home/bhaswanth_a/Lunar_ROADSTER/lr_ws/install/vectornav/share/vectornav/package.dsv
[33.047s] -- Up-to-date: /home/bhaswanth_a/Lunar_ROADSTER/lr_ws/install/vectornav/share/ament_index/resource_index/packages/vectornav
[33.047s] -- Up-to-date: /home/bhaswanth_a/Lunar_ROADSTER/lr_ws/install/vectornav/share/ament_index/resource_index/rclcpp_components/vectornav
[33.047s] -- Up-to-date: /home/bhaswanth_a/Lunar_ROADSTER/lr_ws/install/vectornav/share/vectornav/cmake/ament_cmake_export_dependencies-extras.cmake
[33.047s] -- Up-to-date: /home/bhaswanth_a/Lunar_ROADSTER/lr_ws/install/vectornav/share/vectornav/cmake/vectornavConfig.cmake
[33.047s] -- Up-to-date: /home/bhaswanth_a/Lunar_ROADSTER/lr_ws/install/vectornav/share/vectornav/cmake/vectornavConfig-version.cmake
[33.047s] -- Installing: /home/bhaswanth_a/Lunar_ROADSTER/lr_ws/install/vectornav/share/vectornav/package.xml
[33.048s] -- Installing: /home/bhaswanth_a/Lunar_ROADSTER/lr_ws/install/vectornav/lib/libvncxx.so
[33.049s] -- Up-to-date: /home/bhaswanth_a/Lunar_ROADSTER/lr_ws/install/vectornav/include/vn
[33.049s] -- Installing: /home/bhaswanth_a/Lunar_ROADSTER/lr_ws/install/vectornav/include/vn/utilities.h
[33.049s] -- Installing: /home/bhaswanth_a/Lunar_ROADSTER/lr_ws/install/vectornav/include/vn/serialport.h
[33.049s] -- Installing: /home/bhaswanth_a/Lunar_ROADSTER/lr_ws/install/vectornav/include/vn/packetfinder.h
[33.049s] -- Installing: /home/bhaswanth_a/Lunar_ROADSTER/lr_ws/install/vectornav/include/vn/types.h
[33.049s] -- Installing: /home/bhaswanth_a/Lunar_ROADSTER/lr_ws/install/vectornav/include/vn/rtcmlistener.h
[33.050s] -- Installing: /home/bhaswanth_a/Lunar_ROADSTER/lr_ws/install/vectornav/include/vn/sensors.h
[33.050s] -- Installing: /home/bhaswanth_a/Lunar_ROADSTER/lr_ws/install/vectornav/include/vn/exceptions.h
[33.050s] -- Installing: /home/bhaswanth_a/Lunar_ROADSTER/lr_ws/install/vectornav/include/vn/conversions.h
[33.050s] -- Installing: /home/bhaswanth_a/Lunar_ROADSTER/lr_ws/install/vectornav/include/vn/rtcmmessage.h
[33.050s] -- Installing: /home/bhaswanth_a/Lunar_ROADSTER/lr_ws/install/vectornav/include/vn/port.h
[33.050s] -- Installing: /home/bhaswanth_a/Lunar_ROADSTER/lr_ws/install/vectornav/include/vn/boostpython.h
[33.050s] -- Installing: /home/bhaswanth_a/Lunar_ROADSTER/lr_ws/install/vectornav/include/vn/searcher.h
[33.051s] -- Installing: /home/bhaswanth_a/Lunar_ROADSTER/lr_ws/install/vectornav/include/vn/thread.h
[33.051s] -- Installing: /home/bhaswanth_a/Lunar_ROADSTER/lr_ws/install/vectornav/include/vn/compiler.h
[33.051s] -- Installing: /home/bhaswanth_a/Lunar_ROADSTER/lr_ws/install/vectornav/include/vn/packet.h
[33.051s] -- Installing: /home/bhaswanth_a/Lunar_ROADSTER/lr_ws/install/vectornav/include/vn/export.h
[33.051s] -- Installing: /home/bhaswanth_a/Lunar_ROADSTER/lr_ws/install/vectornav/include/vn/registers.h
[33.051s] -- Installing: /home/bhaswanth_a/Lunar_ROADSTER/lr_ws/install/vectornav/include/vn/nocopy.h
[33.051s] -- Installing: /home/bhaswanth_a/Lunar_ROADSTER/lr_ws/install/vectornav/include/vn/attitude.h
[33.051s] -- Installing: /home/bhaswanth_a/Lunar_ROADSTER/lr_ws/install/vectornav/include/vn/criticalsection.h
[33.052s] -- Installing: /home/bhaswanth_a/Lunar_ROADSTER/lr_ws/install/vectornav/include/vn/position.h
[33.052s] -- Installing: /home/bhaswanth_a/Lunar_ROADSTER/lr_ws/install/vectornav/include/vn/compositedata.h
[33.052s] -- Installing: /home/bhaswanth_a/Lunar_ROADSTER/lr_ws/install/vectornav/include/vn/int.h
[33.052s] -- Installing: /home/bhaswanth_a/Lunar_ROADSTER/lr_ws/install/vectornav/include/vn/vector.h
[33.052s] -- Installing: /home/bhaswanth_a/Lunar_ROADSTER/lr_ws/install/vectornav/include/vn/mock.h
[33.052s] -- Installing: /home/bhaswanth_a/Lunar_ROADSTER/lr_ws/install/vectornav/include/vn/event.h
[33.052s] -- Installing: /home/bhaswanth_a/Lunar_ROADSTER/lr_ws/install/vectornav/include/vn/dllvalidator.h
[33.053s] -- Installing: /home/bhaswanth_a/Lunar_ROADSTER/lr_ws/install/vectornav/include/vn/signal.h
[33.053s] -- Installing: /home/bhaswanth_a/Lunar_ROADSTER/lr_ws/install/vectornav/include/vn/ezasyncdata.h
[33.053s] -- Installing: /home/bhaswanth_a/Lunar_ROADSTER/lr_ws/install/vectornav/include/vn/memoryport.h
[33.053s] -- Installing: /home/bhaswanth_a/Lunar_ROADSTER/lr_ws/install/vectornav/include/vn/matrix.h
[33.053s] -- Installing: /home/bhaswanth_a/Lunar_ROADSTER/lr_ws/install/vectornav/include/vn/vntime.h
[33.053s] -- Installing: /home/bhaswanth_a/Lunar_ROADSTER/lr_ws/install/vectornav/include/vn/error_detection.h
[33.053s] -- Installing: /home/bhaswanth_a/Lunar_ROADSTER/lr_ws/install/vectornav/include/vn/util.h
[33.054s] -- Installing: /home/bhaswanth_a/Lunar_ROADSTER/lr_ws/install/vectornav/include/vn/consts.h
[33.056s] Invoked command in '/home/bhaswanth_a/Lunar_ROADSTER/lr_ws/build/vectornav' returned '0': CMAKE_PREFIX_PATH=/home/bhaswanth_a/Lunar_ROADSTER/lr_ws/install/vectornav_msgs:/home/bhaswanth_a/Lunar_ROADSTER/lr_ws/install/vectornav:/home/bhaswanth_a/Lunar_ROADSTER/lr_ws/install/localization:/home/bhaswanth_a/Lunar_ROADSTER/lr_ws/install/cg_msgs:/opt/ros/humble CONDA_PROMPT_MODIFIER=(base) LD_LIBRARY_PATH=/home/bhaswanth_a/Lunar_ROADSTER/lr_ws/install/vectornav_msgs/lib:/home/bhaswanth_a/Lunar_ROADSTER/lr_ws/install/vectornav/lib:/home/bhaswanth_a/Lunar_ROADSTER/lr_ws/install/cg_msgs/lib:/opt/ros/humble/opt/rviz_ogre_vendor/lib:/opt/ros/humble/lib/x86_64-linux-gnu:/opt/ros/humble/lib /usr/bin/cmake --install /home/bhaswanth_a/Lunar_ROADSTER/lr_ws/build/vectornav
