[0.010s] Invoking command in '/home/williamfbx/Lunar-ROADSTER/lr_ws/build/grid_map_cmake_helpers': CMAKE_PREFIX_PATH=/opt/ros/humble /usr/bin/cmake /home/williamfbx/Lunar-ROADSTER/lr_ws/src/drivers/grid_map/grid_map_cmake_helpers -DCMAKE_INSTALL_PREFIX=/home/williamfbx/Lunar-ROADSTER/lr_ws/install/grid_map_cmake_helpers
[0.062s] -- Found ament_cmake_core: 1.3.11 (/opt/ros/humble/share/ament_cmake_core/cmake)
[0.221s] -- Found Python3: /usr/bin/python3 (found version "3.10.12") found components: Interpreter 
[0.320s] -- Configuring done
[0.321s] -- Generating done
[0.322s] -- Build files have been written to: /home/williamfbx/Lunar-ROADSTER/lr_ws/build/grid_map_cmake_helpers
[0.324s] Invoked command in '/home/williamfbx/Lunar-ROADSTER/lr_ws/build/grid_map_cmake_helpers' returned '0': CMAKE_PREFIX_PATH=/opt/ros/humble /usr/bin/cmake /home/williamfbx/Lunar-ROADSTER/lr_ws/src/drivers/grid_map/grid_map_cmake_helpers -DCMAKE_INSTALL_PREFIX=/home/williamfbx/Lunar-ROADSTER/lr_ws/install/grid_map_cmake_helpers
[0.325s] Invoking command in '/home/williamfbx/Lunar-ROADSTER/lr_ws/build/grid_map_cmake_helpers': CMAKE_PREFIX_PATH=/opt/ros/humble /usr/bin/cmake --build /home/williamfbx/Lunar-ROADSTER/lr_ws/build/grid_map_cmake_helpers -- -j12 -l12
[0.361s] Invoked command in '/home/williamfbx/Lunar-ROADSTER/lr_ws/build/grid_map_cmake_helpers' returned '0': CMAKE_PREFIX_PATH=/opt/ros/humble /usr/bin/cmake --build /home/williamfbx/Lunar-ROADSTER/lr_ws/build/grid_map_cmake_helpers -- -j12 -l12
[0.364s] Invoking command in '/home/williamfbx/Lunar-ROADSTER/lr_ws/build/grid_map_cmake_helpers': CMAKE_PREFIX_PATH=/opt/ros/humble /usr/bin/cmake --install /home/williamfbx/Lunar-ROADSTER/lr_ws/build/grid_map_cmake_helpers
[0.374s] -- Install configuration: ""
[0.375s] -- Installing: /home/williamfbx/Lunar-ROADSTER/lr_ws/install/grid_map_cmake_helpers/share/ament_index/resource_index/package_run_dependencies/grid_map_cmake_helpers
[0.375s] -- Installing: /home/williamfbx/Lunar-ROADSTER/lr_ws/install/grid_map_cmake_helpers/share/ament_index/resource_index/parent_prefix_path/grid_map_cmake_helpers
[0.375s] -- Installing: /home/williamfbx/Lunar-ROADSTER/lr_ws/install/grid_map_cmake_helpers/share/grid_map_cmake_helpers/environment/ament_prefix_path.sh
[0.375s] -- Installing: /home/williamfbx/Lunar-ROADSTER/lr_ws/install/grid_map_cmake_helpers/share/grid_map_cmake_helpers/environment/ament_prefix_path.dsv
[0.376s] -- Installing: /home/williamfbx/Lunar-ROADSTER/lr_ws/install/grid_map_cmake_helpers/share/grid_map_cmake_helpers/environment/path.sh
[0.376s] -- Installing: /home/williamfbx/Lunar-ROADSTER/lr_ws/install/grid_map_cmake_helpers/share/grid_map_cmake_helpers/environment/path.dsv
[0.376s] -- Installing: /home/williamfbx/Lunar-ROADSTER/lr_ws/install/grid_map_cmake_helpers/share/grid_map_cmake_helpers/local_setup.bash
[0.376s] -- Installing: /home/williamfbx/Lunar-ROADSTER/lr_ws/install/grid_map_cmake_helpers/share/grid_map_cmake_helpers/local_setup.sh
[0.377s] -- Installing: /home/williamfbx/Lunar-ROADSTER/lr_ws/install/grid_map_cmake_helpers/share/grid_map_cmake_helpers/local_setup.zsh
[0.377s] -- Installing: /home/williamfbx/Lunar-ROADSTER/lr_ws/install/grid_map_cmake_helpers/share/grid_map_cmake_helpers/local_setup.dsv
[0.377s] -- Installing: /home/williamfbx/Lunar-ROADSTER/lr_ws/install/grid_map_cmake_helpers/share/grid_map_cmake_helpers/package.dsv
[0.377s] -- Installing: /home/williamfbx/Lunar-ROADSTER/lr_ws/install/grid_map_cmake_helpers/share/ament_index/resource_index/packages/grid_map_cmake_helpers
[0.377s] -- Installing: /home/williamfbx/Lunar-ROADSTER/lr_ws/install/grid_map_cmake_helpers/share/grid_map_cmake_helpers/cmake/grid_map_cmake_helpers-extras.cmake
[0.378s] -- Installing: /home/williamfbx/Lunar-ROADSTER/lr_ws/install/grid_map_cmake_helpers/share/grid_map_cmake_helpers/cmake/grid_map_cmake_helpersConfig.cmake
[0.378s] -- Installing: /home/williamfbx/Lunar-ROADSTER/lr_ws/install/grid_map_cmake_helpers/share/grid_map_cmake_helpers/cmake/grid_map_cmake_helpersConfig-version.cmake
[0.378s] -- Installing: /home/williamfbx/Lunar-ROADSTER/lr_ws/install/grid_map_cmake_helpers/share/grid_map_cmake_helpers/package.xml
[0.378s] -- Up-to-date: /home/williamfbx/Lunar-ROADSTER/lr_ws/install/grid_map_cmake_helpers/share/grid_map_cmake_helpers/cmake
[0.378s] -- Installing: /home/williamfbx/Lunar-ROADSTER/lr_ws/install/grid_map_cmake_helpers/share/grid_map_cmake_helpers/cmake/grid_map_package.cmake
[0.380s] Invoked command in '/home/williamfbx/Lunar-ROADSTER/lr_ws/build/grid_map_cmake_helpers' returned '0': CMAKE_PREFIX_PATH=/opt/ros/humble /usr/bin/cmake --install /home/williamfbx/Lunar-ROADSTER/lr_ws/build/grid_map_cmake_helpers
