[0.394s] Invoking command in '/root/Lunar_ROADSTER/lr_ws/build/nav2_controller': AMENT_PREFIX_PATH=/root/Lunar_ROADSTER/lr_ws/install/nav2_core:/root/Lunar_ROADSTER/lr_ws/install/nav2_costmap_2d:/root/Lunar_ROADSTER/lr_ws/install/nav_2d_utils:/root/Lunar_ROADSTER/lr_ws/install/nav2_map_server:/root/Lunar_ROADSTER/lr_ws/install/nav2_lifecycle_manager:/root/Lunar_ROADSTER/lr_ws/install/nav2_util:/root/Lunar_ROADSTER/lr_ws/install/nav2_voxel_grid:/root/Lunar_ROADSTER/lr_ws/install/nav2_msgs:/root/Lunar_ROADSTER/lr_ws/install/nav_2d_msgs:/root/Lunar_ROADSTER/lr_ws/install/nav2_common:${AMENT_PREFIX_PATH} CMAKE_PREFIX_PATH=/root/Lunar_ROADSTER/lr_ws/install/nav2_core:/root/Lunar_ROADSTER/lr_ws/install/nav2_costmap_2d:/root/Lunar_ROADSTER/lr_ws/install/nav_2d_utils:/root/Lunar_ROADSTER/lr_ws/install/nav2_map_server:/root/Lunar_ROADSTER/lr_ws/install/nav2_lifecycle_manager:/root/Lunar_ROADSTER/lr_ws/install/nav2_util:/root/Lunar_ROADSTER/lr_ws/install/nav2_voxel_grid:/root/Lunar_ROADSTER/lr_ws/install/nav2_msgs:/root/Lunar_ROADSTER/lr_ws/install/nav_2d_msgs:/root/Lunar_ROADSTER/lr_ws/install/nav2_common:/opt/ros/humble LD_LIBRARY_PATH=/root/Lunar_ROADSTER/lr_ws/install/nav2_costmap_2d/lib:/root/Lunar_ROADSTER/lr_ws/install/nav_2d_utils/lib:/root/Lunar_ROADSTER/lr_ws/install/nav2_map_server/lib:/root/Lunar_ROADSTER/lr_ws/install/nav2_lifecycle_manager/lib:/root/Lunar_ROADSTER/lr_ws/install/nav2_util/lib:/root/Lunar_ROADSTER/lr_ws/install/nav2_voxel_grid/lib:/root/Lunar_ROADSTER/lr_ws/install/nav2_msgs/lib:/root/Lunar_ROADSTER/lr_ws/install/nav_2d_msgs/lib:/opt/ros/humble/opt/rviz_ogre_vendor/lib:/opt/ros/humble/lib/aarch64-linux-gnu:/opt/ros/humble/lib:/usr/local/cuda/lib64 PYTHONPATH=/root/Lunar_ROADSTER/lr_ws/install/nav2_msgs/local/lib/python3.10/dist-packages:/root/Lunar_ROADSTER/lr_ws/install/nav_2d_msgs/local/lib/python3.10/dist-packages:/root/Lunar_ROADSTER/lr_ws/install/nav2_common/local/lib/python3.10/dist-packages:${PYTHONPATH} /usr/local/bin/cmake --build /root/Lunar_ROADSTER/lr_ws/build/nav2_controller -- -j4 -l4
[1.305s] [  9%] Built target controller_server_core
[1.340s] [ 18%] Built target simple_progress_checker
[1.460s] [ 27%] Built target simple_goal_checker
[1.665s] [ 36%] Built target controller_server
[2.001s] [ 45%] Built target pose_progress_checker
[2.365s] [ 54%] Built target stopped_goal_checker
[2.688s] [ 63%] Built target gtest
[2.915s] [ 72%] Built target gtest_main
[3.069s] [ 81%] Built target pctest
[3.218s] [ 90%] Built target test_dynamic_parameters
[3.488s] [100%] Built target gctest
[3.569s] Invoked command in '/root/Lunar_ROADSTER/lr_ws/build/nav2_controller' returned '0': AMENT_PREFIX_PATH=/root/Lunar_ROADSTER/lr_ws/install/nav2_core:/root/Lunar_ROADSTER/lr_ws/install/nav2_costmap_2d:/root/Lunar_ROADSTER/lr_ws/install/nav_2d_utils:/root/Lunar_ROADSTER/lr_ws/install/nav2_map_server:/root/Lunar_ROADSTER/lr_ws/install/nav2_lifecycle_manager:/root/Lunar_ROADSTER/lr_ws/install/nav2_util:/root/Lunar_ROADSTER/lr_ws/install/nav2_voxel_grid:/root/Lunar_ROADSTER/lr_ws/install/nav2_msgs:/root/Lunar_ROADSTER/lr_ws/install/nav_2d_msgs:/root/Lunar_ROADSTER/lr_ws/install/nav2_common:${AMENT_PREFIX_PATH} CMAKE_PREFIX_PATH=/root/Lunar_ROADSTER/lr_ws/install/nav2_core:/root/Lunar_ROADSTER/lr_ws/install/nav2_costmap_2d:/root/Lunar_ROADSTER/lr_ws/install/nav_2d_utils:/root/Lunar_ROADSTER/lr_ws/install/nav2_map_server:/root/Lunar_ROADSTER/lr_ws/install/nav2_lifecycle_manager:/root/Lunar_ROADSTER/lr_ws/install/nav2_util:/root/Lunar_ROADSTER/lr_ws/install/nav2_voxel_grid:/root/Lunar_ROADSTER/lr_ws/install/nav2_msgs:/root/Lunar_ROADSTER/lr_ws/install/nav_2d_msgs:/root/Lunar_ROADSTER/lr_ws/install/nav2_common:/opt/ros/humble LD_LIBRARY_PATH=/root/Lunar_ROADSTER/lr_ws/install/nav2_costmap_2d/lib:/root/Lunar_ROADSTER/lr_ws/install/nav_2d_utils/lib:/root/Lunar_ROADSTER/lr_ws/install/nav2_map_server/lib:/root/Lunar_ROADSTER/lr_ws/install/nav2_lifecycle_manager/lib:/root/Lunar_ROADSTER/lr_ws/install/nav2_util/lib:/root/Lunar_ROADSTER/lr_ws/install/nav2_voxel_grid/lib:/root/Lunar_ROADSTER/lr_ws/install/nav2_msgs/lib:/root/Lunar_ROADSTER/lr_ws/install/nav_2d_msgs/lib:/opt/ros/humble/opt/rviz_ogre_vendor/lib:/opt/ros/humble/lib/aarch64-linux-gnu:/opt/ros/humble/lib:/usr/local/cuda/lib64 PYTHONPATH=/root/Lunar_ROADSTER/lr_ws/install/nav2_msgs/local/lib/python3.10/dist-packages:/root/Lunar_ROADSTER/lr_ws/install/nav_2d_msgs/local/lib/python3.10/dist-packages:/root/Lunar_ROADSTER/lr_ws/install/nav2_common/local/lib/python3.10/dist-packages:${PYTHONPATH} /usr/local/bin/cmake --build /root/Lunar_ROADSTER/lr_ws/build/nav2_controller -- -j4 -l4
[3.586s] Invoking command in '/root/Lunar_ROADSTER/lr_ws/build/nav2_controller': AMENT_PREFIX_PATH=/root/Lunar_ROADSTER/lr_ws/install/nav2_core:/root/Lunar_ROADSTER/lr_ws/install/nav2_costmap_2d:/root/Lunar_ROADSTER/lr_ws/install/nav_2d_utils:/root/Lunar_ROADSTER/lr_ws/install/nav2_map_server:/root/Lunar_ROADSTER/lr_ws/install/nav2_lifecycle_manager:/root/Lunar_ROADSTER/lr_ws/install/nav2_util:/root/Lunar_ROADSTER/lr_ws/install/nav2_voxel_grid:/root/Lunar_ROADSTER/lr_ws/install/nav2_msgs:/root/Lunar_ROADSTER/lr_ws/install/nav_2d_msgs:/root/Lunar_ROADSTER/lr_ws/install/nav2_common:${AMENT_PREFIX_PATH} CMAKE_PREFIX_PATH=/root/Lunar_ROADSTER/lr_ws/install/nav2_core:/root/Lunar_ROADSTER/lr_ws/install/nav2_costmap_2d:/root/Lunar_ROADSTER/lr_ws/install/nav_2d_utils:/root/Lunar_ROADSTER/lr_ws/install/nav2_map_server:/root/Lunar_ROADSTER/lr_ws/install/nav2_lifecycle_manager:/root/Lunar_ROADSTER/lr_ws/install/nav2_util:/root/Lunar_ROADSTER/lr_ws/install/nav2_voxel_grid:/root/Lunar_ROADSTER/lr_ws/install/nav2_msgs:/root/Lunar_ROADSTER/lr_ws/install/nav_2d_msgs:/root/Lunar_ROADSTER/lr_ws/install/nav2_common:/opt/ros/humble LD_LIBRARY_PATH=/root/Lunar_ROADSTER/lr_ws/install/nav2_costmap_2d/lib:/root/Lunar_ROADSTER/lr_ws/install/nav_2d_utils/lib:/root/Lunar_ROADSTER/lr_ws/install/nav2_map_server/lib:/root/Lunar_ROADSTER/lr_ws/install/nav2_lifecycle_manager/lib:/root/Lunar_ROADSTER/lr_ws/install/nav2_util/lib:/root/Lunar_ROADSTER/lr_ws/install/nav2_voxel_grid/lib:/root/Lunar_ROADSTER/lr_ws/install/nav2_msgs/lib:/root/Lunar_ROADSTER/lr_ws/install/nav_2d_msgs/lib:/opt/ros/humble/opt/rviz_ogre_vendor/lib:/opt/ros/humble/lib/aarch64-linux-gnu:/opt/ros/humble/lib:/usr/local/cuda/lib64 PYTHONPATH=/root/Lunar_ROADSTER/lr_ws/install/nav2_msgs/local/lib/python3.10/dist-packages:/root/Lunar_ROADSTER/lr_ws/install/nav_2d_msgs/local/lib/python3.10/dist-packages:/root/Lunar_ROADSTER/lr_ws/install/nav2_common/local/lib/python3.10/dist-packages:${PYTHONPATH} /usr/local/bin/cmake --install /root/Lunar_ROADSTER/lr_ws/build/nav2_controller
[3.796s] -- Install configuration: "Release"
[4.525s] -- Up-to-date: /root/Lunar_ROADSTER/lr_ws/install/nav2_controller/lib/libsimple_progress_checker.so
[4.852s] -- Up-to-date: /root/Lunar_ROADSTER/lr_ws/install/nav2_controller/lib/libpose_progress_checker.so
[4.852s] -- Up-to-date: /root/Lunar_ROADSTER/lr_ws/install/nav2_controller/lib/libsimple_goal_checker.so
[4.853s] -- Up-to-date: /root/Lunar_ROADSTER/lr_ws/install/nav2_controller/lib/libstopped_goal_checker.so
[4.853s] -- Up-to-date: /root/Lunar_ROADSTER/lr_ws/install/nav2_controller/lib/libcontroller_server_core.so
[4.859s] -- Up-to-date: /root/Lunar_ROADSTER/lr_ws/install/nav2_controller/lib/nav2_controller/controller_server
[4.861s] -- Up-to-date: /root/Lunar_ROADSTER/lr_ws/install/nav2_controller/include/
[4.862s] -- Up-to-date: /root/Lunar_ROADSTER/lr_ws/install/nav2_controller/include//nav2_controller
[4.865s] -- Up-to-date: /root/Lunar_ROADSTER/lr_ws/install/nav2_controller/include//nav2_controller/controller_server.hpp
[4.866s] -- Up-to-date: /root/Lunar_ROADSTER/lr_ws/install/nav2_controller/include//nav2_controller/plugins
[4.869s] -- Up-to-date: /root/Lunar_ROADSTER/lr_ws/install/nav2_controller/include//nav2_controller/plugins/pose_progress_checker.hpp
[4.870s] -- Up-to-date: /root/Lunar_ROADSTER/lr_ws/install/nav2_controller/include//nav2_controller/plugins/simple_goal_checker.hpp
[4.871s] -- Up-to-date: /root/Lunar_ROADSTER/lr_ws/install/nav2_controller/include//nav2_controller/plugins/simple_progress_checker.hpp
[4.872s] -- Up-to-date: /root/Lunar_ROADSTER/lr_ws/install/nav2_controller/include//nav2_controller/plugins/stopped_goal_checker.hpp
[4.873s] -- Up-to-date: /root/Lunar_ROADSTER/lr_ws/install/nav2_controller/share/nav2_controller/environment/library_path.sh
[4.874s] -- Up-to-date: /root/Lunar_ROADSTER/lr_ws/install/nav2_controller/share/nav2_controller/environment/library_path.dsv
[4.875s] -- Up-to-date: /root/Lunar_ROADSTER/lr_ws/install/nav2_controller/share/nav2_controller/plugins.xml
[4.876s] -- Up-to-date: /root/Lunar_ROADSTER/lr_ws/install/nav2_controller/share/ament_index/resource_index/package_run_dependencies/nav2_controller
[4.877s] -- Up-to-date: /root/Lunar_ROADSTER/lr_ws/install/nav2_controller/share/ament_index/resource_index/parent_prefix_path/nav2_controller
[4.878s] -- Up-to-date: /root/Lunar_ROADSTER/lr_ws/install/nav2_controller/share/nav2_controller/environment/ament_prefix_path.sh
[4.879s] -- Up-to-date: /root/Lunar_ROADSTER/lr_ws/install/nav2_controller/share/nav2_controller/environment/ament_prefix_path.dsv
[4.881s] -- Up-to-date: /root/Lunar_ROADSTER/lr_ws/install/nav2_controller/share/nav2_controller/environment/path.sh
[4.883s] -- Up-to-date: /root/Lunar_ROADSTER/lr_ws/install/nav2_controller/share/nav2_controller/environment/path.dsv
[4.884s] -- Up-to-date: /root/Lunar_ROADSTER/lr_ws/install/nav2_controller/share/nav2_controller/local_setup.bash
[4.885s] -- Up-to-date: /root/Lunar_ROADSTER/lr_ws/install/nav2_controller/share/nav2_controller/local_setup.sh
[4.885s] -- Up-to-date: /root/Lunar_ROADSTER/lr_ws/install/nav2_controller/share/nav2_controller/local_setup.zsh
[4.886s] -- Up-to-date: /root/Lunar_ROADSTER/lr_ws/install/nav2_controller/share/nav2_controller/local_setup.dsv
[4.886s] -- Installing: /root/Lunar_ROADSTER/lr_ws/install/nav2_controller/share/nav2_controller/package.dsv
[5.013s] -- Up-to-date: /root/Lunar_ROADSTER/lr_ws/install/nav2_controller/share/ament_index/resource_index/packages/nav2_controller
[5.014s] -- Up-to-date: /root/Lunar_ROADSTER/lr_ws/install/nav2_controller/share/ament_index/resource_index/nav2_core__pluginlib__plugin/nav2_controller
[5.014s] -- Up-to-date: /root/Lunar_ROADSTER/lr_ws/install/nav2_controller/share/ament_index/resource_index/rclcpp_components/nav2_controller
[5.015s] -- Up-to-date: /root/Lunar_ROADSTER/lr_ws/install/nav2_controller/share/nav2_controller/cmake/ament_cmake_export_include_directories-extras.cmake
[5.015s] -- Up-to-date: /root/Lunar_ROADSTER/lr_ws/install/nav2_controller/share/nav2_controller/cmake/ament_cmake_export_libraries-extras.cmake
[5.015s] -- Up-to-date: /root/Lunar_ROADSTER/lr_ws/install/nav2_controller/share/nav2_controller/cmake/ament_cmake_export_dependencies-extras.cmake
[5.015s] -- Up-to-date: /root/Lunar_ROADSTER/lr_ws/install/nav2_controller/share/nav2_controller/cmake/nav2_controllerConfig.cmake
[5.016s] -- Up-to-date: /root/Lunar_ROADSTER/lr_ws/install/nav2_controller/share/nav2_controller/cmake/nav2_controllerConfig-version.cmake
[5.016s] -- Up-to-date: /root/Lunar_ROADSTER/lr_ws/install/nav2_controller/share/nav2_controller/package.xml
[5.031s] Invoked command in '/root/Lunar_ROADSTER/lr_ws/build/nav2_controller' returned '0': AMENT_PREFIX_PATH=/root/Lunar_ROADSTER/lr_ws/install/nav2_core:/root/Lunar_ROADSTER/lr_ws/install/nav2_costmap_2d:/root/Lunar_ROADSTER/lr_ws/install/nav_2d_utils:/root/Lunar_ROADSTER/lr_ws/install/nav2_map_server:/root/Lunar_ROADSTER/lr_ws/install/nav2_lifecycle_manager:/root/Lunar_ROADSTER/lr_ws/install/nav2_util:/root/Lunar_ROADSTER/lr_ws/install/nav2_voxel_grid:/root/Lunar_ROADSTER/lr_ws/install/nav2_msgs:/root/Lunar_ROADSTER/lr_ws/install/nav_2d_msgs:/root/Lunar_ROADSTER/lr_ws/install/nav2_common:${AMENT_PREFIX_PATH} CMAKE_PREFIX_PATH=/root/Lunar_ROADSTER/lr_ws/install/nav2_core:/root/Lunar_ROADSTER/lr_ws/install/nav2_costmap_2d:/root/Lunar_ROADSTER/lr_ws/install/nav_2d_utils:/root/Lunar_ROADSTER/lr_ws/install/nav2_map_server:/root/Lunar_ROADSTER/lr_ws/install/nav2_lifecycle_manager:/root/Lunar_ROADSTER/lr_ws/install/nav2_util:/root/Lunar_ROADSTER/lr_ws/install/nav2_voxel_grid:/root/Lunar_ROADSTER/lr_ws/install/nav2_msgs:/root/Lunar_ROADSTER/lr_ws/install/nav_2d_msgs:/root/Lunar_ROADSTER/lr_ws/install/nav2_common:/opt/ros/humble LD_LIBRARY_PATH=/root/Lunar_ROADSTER/lr_ws/install/nav2_costmap_2d/lib:/root/Lunar_ROADSTER/lr_ws/install/nav_2d_utils/lib:/root/Lunar_ROADSTER/lr_ws/install/nav2_map_server/lib:/root/Lunar_ROADSTER/lr_ws/install/nav2_lifecycle_manager/lib:/root/Lunar_ROADSTER/lr_ws/install/nav2_util/lib:/root/Lunar_ROADSTER/lr_ws/install/nav2_voxel_grid/lib:/root/Lunar_ROADSTER/lr_ws/install/nav2_msgs/lib:/root/Lunar_ROADSTER/lr_ws/install/nav_2d_msgs/lib:/opt/ros/humble/opt/rviz_ogre_vendor/lib:/opt/ros/humble/lib/aarch64-linux-gnu:/opt/ros/humble/lib:/usr/local/cuda/lib64 PYTHONPATH=/root/Lunar_ROADSTER/lr_ws/install/nav2_msgs/local/lib/python3.10/dist-packages:/root/Lunar_ROADSTER/lr_ws/install/nav_2d_msgs/local/lib/python3.10/dist-packages:/root/Lunar_ROADSTER/lr_ws/install/nav2_common/local/lib/python3.10/dist-packages:${PYTHONPATH} /usr/local/bin/cmake --install /root/Lunar_ROADSTER/lr_ws/build/nav2_controller
