[0.024s] Invoking command in '/home/williamfbx/Lunar-ROADSTER/lr_ws/build/grid_map_sdf': CMAKE_PREFIX_PATH=/home/williamfbx/Lunar-ROADSTER/lr_ws/install/grid_map_core:/home/williamfbx/Lunar-ROADSTER/lr_ws/install/grid_map_cmake_helpers:/home/williamfbx/Lunar-ROADSTER/lr_ws/install/teleop:/home/williamfbx/Lunar-ROADSTER/lr_ws/install/sensing:/home/williamfbx/Lunar-ROADSTER/lr_ws/install/motion_control:/home/williamfbx/Lunar-ROADSTER/lr_ws/install/localization:/home/williamfbx/Lunar-ROADSTER/lr_ws/install/imu:/home/williamfbx/Lunar-ROADSTER/lr_ws/install/grid_map:/home/williamfbx/Lunar-ROADSTER/lr_ws/install/grid_map_demos:/home/williamfbx/Lunar-ROADSTER/lr_ws/install/grid_map_visualization:/home/williamfbx/Lunar-ROADSTER/lr_ws/install/grid_map_sdf:/home/williamfbx/Lunar-ROADSTER/lr_ws/install/grid_map_rviz_plugin:/home/williamfbx/Lunar-ROADSTER/lr_ws/install/grid_map_pcl:/home/williamfbx/Lunar-ROADSTER/lr_ws/install/grid_map_loader:/home/williamfbx/Lunar-ROADSTER/lr_ws/install/grid_map_filters:/home/williamfbx/Lunar-ROADSTER/lr_ws/install/grid_map_ros:/home/williamfbx/Lunar-ROADSTER/lr_ws/install/grid_map_octomap:/home/williamfbx/Lunar-ROADSTER/lr_ws/install/grid_map_msgs:/home/williamfbx/Lunar-ROADSTER/lr_ws/install/grid_map_cv:/home/williamfbx/Lunar-ROADSTER/lr_ws/install/grid_map_costmap_2d:/home/williamfbx/Lunar-ROADSTER/lr_ws/install/arduino:/home/williamfbx/Lunar-ROADSTER/lr_ws/install/cg_msgs:/opt/ros/humble /usr/bin/cmake --build /home/williamfbx/Lunar-ROADSTER/lr_ws/build/grid_map_sdf -- -j12 -l12
[0.064s] [35m[1mConsolidate compiler generated dependencies of target grid_map_sdf[0m
[0.072s] [35m[1mConsolidate compiler generated dependencies of target gtest_main[0m
[0.072s] [35m[1mConsolidate compiler generated dependencies of target gtest[0m
[0.082s] [ 22%] Built target grid_map_sdf
[0.086s] [ 44%] Built target gtest_main
[0.086s] [ 66%] Built target gtest
[0.098s] [35m[1mConsolidate compiler generated dependencies of target grid_map_sdf-test[0m
[0.114s] [100%] Built target grid_map_sdf-test
[0.143s] Invoked command in '/home/williamfbx/Lunar-ROADSTER/lr_ws/build/grid_map_sdf' returned '0': CMAKE_PREFIX_PATH=/home/williamfbx/Lunar-ROADSTER/lr_ws/install/grid_map_core:/home/williamfbx/Lunar-ROADSTER/lr_ws/install/grid_map_cmake_helpers:/home/williamfbx/Lunar-ROADSTER/lr_ws/install/teleop:/home/williamfbx/Lunar-ROADSTER/lr_ws/install/sensing:/home/williamfbx/Lunar-ROADSTER/lr_ws/install/motion_control:/home/williamfbx/Lunar-ROADSTER/lr_ws/install/localization:/home/williamfbx/Lunar-ROADSTER/lr_ws/install/imu:/home/williamfbx/Lunar-ROADSTER/lr_ws/install/grid_map:/home/williamfbx/Lunar-ROADSTER/lr_ws/install/grid_map_demos:/home/williamfbx/Lunar-ROADSTER/lr_ws/install/grid_map_visualization:/home/williamfbx/Lunar-ROADSTER/lr_ws/install/grid_map_sdf:/home/williamfbx/Lunar-ROADSTER/lr_ws/install/grid_map_rviz_plugin:/home/williamfbx/Lunar-ROADSTER/lr_ws/install/grid_map_pcl:/home/williamfbx/Lunar-ROADSTER/lr_ws/install/grid_map_loader:/home/williamfbx/Lunar-ROADSTER/lr_ws/install/grid_map_filters:/home/williamfbx/Lunar-ROADSTER/lr_ws/install/grid_map_ros:/home/williamfbx/Lunar-ROADSTER/lr_ws/install/grid_map_octomap:/home/williamfbx/Lunar-ROADSTER/lr_ws/install/grid_map_msgs:/home/williamfbx/Lunar-ROADSTER/lr_ws/install/grid_map_cv:/home/williamfbx/Lunar-ROADSTER/lr_ws/install/grid_map_costmap_2d:/home/williamfbx/Lunar-ROADSTER/lr_ws/install/arduino:/home/williamfbx/Lunar-ROADSTER/lr_ws/install/cg_msgs:/opt/ros/humble /usr/bin/cmake --build /home/williamfbx/Lunar-ROADSTER/lr_ws/build/grid_map_sdf -- -j12 -l12
[0.144s] Invoking command in '/home/williamfbx/Lunar-ROADSTER/lr_ws/build/grid_map_sdf': CMAKE_PREFIX_PATH=/home/williamfbx/Lunar-ROADSTER/lr_ws/install/grid_map_core:/home/williamfbx/Lunar-ROADSTER/lr_ws/install/grid_map_cmake_helpers:/home/williamfbx/Lunar-ROADSTER/lr_ws/install/teleop:/home/williamfbx/Lunar-ROADSTER/lr_ws/install/sensing:/home/williamfbx/Lunar-ROADSTER/lr_ws/install/motion_control:/home/williamfbx/Lunar-ROADSTER/lr_ws/install/localization:/home/williamfbx/Lunar-ROADSTER/lr_ws/install/imu:/home/williamfbx/Lunar-ROADSTER/lr_ws/install/grid_map:/home/williamfbx/Lunar-ROADSTER/lr_ws/install/grid_map_demos:/home/williamfbx/Lunar-ROADSTER/lr_ws/install/grid_map_visualization:/home/williamfbx/Lunar-ROADSTER/lr_ws/install/grid_map_sdf:/home/williamfbx/Lunar-ROADSTER/lr_ws/install/grid_map_rviz_plugin:/home/williamfbx/Lunar-ROADSTER/lr_ws/install/grid_map_pcl:/home/williamfbx/Lunar-ROADSTER/lr_ws/install/grid_map_loader:/home/williamfbx/Lunar-ROADSTER/lr_ws/install/grid_map_filters:/home/williamfbx/Lunar-ROADSTER/lr_ws/install/grid_map_ros:/home/williamfbx/Lunar-ROADSTER/lr_ws/install/grid_map_octomap:/home/williamfbx/Lunar-ROADSTER/lr_ws/install/grid_map_msgs:/home/williamfbx/Lunar-ROADSTER/lr_ws/install/grid_map_cv:/home/williamfbx/Lunar-ROADSTER/lr_ws/install/grid_map_costmap_2d:/home/williamfbx/Lunar-ROADSTER/lr_ws/install/arduino:/home/williamfbx/Lunar-ROADSTER/lr_ws/install/cg_msgs:/opt/ros/humble /usr/bin/cmake --install /home/williamfbx/Lunar-ROADSTER/lr_ws/build/grid_map_sdf
[0.151s] -- Install configuration: "Release"
[0.152s] -- Up-to-date: /home/williamfbx/Lunar-ROADSTER/lr_ws/install/grid_map_sdf/lib/libgrid_map_sdf.a
[0.152s] -- Up-to-date: /home/williamfbx/Lunar-ROADSTER/lr_ws/install/grid_map_sdf/include/grid_map_sdf
[0.152s] -- Up-to-date: /home/williamfbx/Lunar-ROADSTER/lr_ws/install/grid_map_sdf/include/grid_map_sdf/distance_transform
[0.152s] -- Up-to-date: /home/williamfbx/Lunar-ROADSTER/lr_ws/install/grid_map_sdf/include/grid_map_sdf/distance_transform/image.hpp
[0.152s] -- Up-to-date: /home/williamfbx/Lunar-ROADSTER/lr_ws/install/grid_map_sdf/include/grid_map_sdf/distance_transform/pnmfile.hpp
[0.152s] -- Up-to-date: /home/williamfbx/Lunar-ROADSTER/lr_ws/install/grid_map_sdf/include/grid_map_sdf/distance_transform/dt.hpp
[0.152s] -- Up-to-date: /home/williamfbx/Lunar-ROADSTER/lr_ws/install/grid_map_sdf/include/grid_map_sdf/distance_transform/misc.hpp
[0.152s] -- Up-to-date: /home/williamfbx/Lunar-ROADSTER/lr_ws/install/grid_map_sdf/include/grid_map_sdf/distance_transform/imconv.hpp
[0.152s] -- Up-to-date: /home/williamfbx/Lunar-ROADSTER/lr_ws/install/grid_map_sdf/include/grid_map_sdf/distance_transform/imutil.hpp
[0.152s] -- Up-to-date: /home/williamfbx/Lunar-ROADSTER/lr_ws/install/grid_map_sdf/include/grid_map_sdf/SignedDistanceField.hpp
[0.152s] -- Up-to-date: /home/williamfbx/Lunar-ROADSTER/lr_ws/install/grid_map_sdf/share/grid_map_sdf/environment/library_path.sh
[0.152s] -- Up-to-date: /home/williamfbx/Lunar-ROADSTER/lr_ws/install/grid_map_sdf/share/grid_map_sdf/environment/library_path.dsv
[0.152s] -- Up-to-date: /home/williamfbx/Lunar-ROADSTER/lr_ws/install/grid_map_sdf/share/ament_index/resource_index/package_run_dependencies/grid_map_sdf
[0.152s] -- Up-to-date: /home/williamfbx/Lunar-ROADSTER/lr_ws/install/grid_map_sdf/share/ament_index/resource_index/parent_prefix_path/grid_map_sdf
[0.152s] -- Up-to-date: /home/williamfbx/Lunar-ROADSTER/lr_ws/install/grid_map_sdf/share/grid_map_sdf/environment/ament_prefix_path.sh
[0.152s] -- Up-to-date: /home/williamfbx/Lunar-ROADSTER/lr_ws/install/grid_map_sdf/share/grid_map_sdf/environment/ament_prefix_path.dsv
[0.152s] -- Up-to-date: /home/williamfbx/Lunar-ROADSTER/lr_ws/install/grid_map_sdf/share/grid_map_sdf/environment/path.sh
[0.152s] -- Up-to-date: /home/williamfbx/Lunar-ROADSTER/lr_ws/install/grid_map_sdf/share/grid_map_sdf/environment/path.dsv
[0.152s] -- Up-to-date: /home/williamfbx/Lunar-ROADSTER/lr_ws/install/grid_map_sdf/share/grid_map_sdf/local_setup.bash
[0.152s] -- Up-to-date: /home/williamfbx/Lunar-ROADSTER/lr_ws/install/grid_map_sdf/share/grid_map_sdf/local_setup.sh
[0.152s] -- Up-to-date: /home/williamfbx/Lunar-ROADSTER/lr_ws/install/grid_map_sdf/share/grid_map_sdf/local_setup.zsh
[0.153s] -- Up-to-date: /home/williamfbx/Lunar-ROADSTER/lr_ws/install/grid_map_sdf/share/grid_map_sdf/local_setup.dsv
[0.153s] -- Installing: /home/williamfbx/Lunar-ROADSTER/lr_ws/install/grid_map_sdf/share/grid_map_sdf/package.dsv
[0.153s] -- Up-to-date: /home/williamfbx/Lunar-ROADSTER/lr_ws/install/grid_map_sdf/share/ament_index/resource_index/packages/grid_map_sdf
[0.153s] -- Up-to-date: /home/williamfbx/Lunar-ROADSTER/lr_ws/install/grid_map_sdf/share/grid_map_sdf/cmake/ament_cmake_export_include_directories-extras.cmake
[0.153s] -- Up-to-date: /home/williamfbx/Lunar-ROADSTER/lr_ws/install/grid_map_sdf/share/grid_map_sdf/cmake/ament_cmake_export_libraries-extras.cmake
[0.153s] -- Up-to-date: /home/williamfbx/Lunar-ROADSTER/lr_ws/install/grid_map_sdf/share/grid_map_sdf/cmake/grid_map_sdfConfig.cmake
[0.153s] -- Up-to-date: /home/williamfbx/Lunar-ROADSTER/lr_ws/install/grid_map_sdf/share/grid_map_sdf/cmake/grid_map_sdfConfig-version.cmake
[0.153s] -- Up-to-date: /home/williamfbx/Lunar-ROADSTER/lr_ws/install/grid_map_sdf/share/grid_map_sdf/package.xml
[0.232s] Invoked command in '/home/williamfbx/Lunar-ROADSTER/lr_ws/build/grid_map_sdf' returned '0': CMAKE_PREFIX_PATH=/home/williamfbx/Lunar-ROADSTER/lr_ws/install/grid_map_core:/home/williamfbx/Lunar-ROADSTER/lr_ws/install/grid_map_cmake_helpers:/home/williamfbx/Lunar-ROADSTER/lr_ws/install/teleop:/home/williamfbx/Lunar-ROADSTER/lr_ws/install/sensing:/home/williamfbx/Lunar-ROADSTER/lr_ws/install/motion_control:/home/williamfbx/Lunar-ROADSTER/lr_ws/install/localization:/home/williamfbx/Lunar-ROADSTER/lr_ws/install/imu:/home/williamfbx/Lunar-ROADSTER/lr_ws/install/grid_map:/home/williamfbx/Lunar-ROADSTER/lr_ws/install/grid_map_demos:/home/williamfbx/Lunar-ROADSTER/lr_ws/install/grid_map_visualization:/home/williamfbx/Lunar-ROADSTER/lr_ws/install/grid_map_sdf:/home/williamfbx/Lunar-ROADSTER/lr_ws/install/grid_map_rviz_plugin:/home/williamfbx/Lunar-ROADSTER/lr_ws/install/grid_map_pcl:/home/williamfbx/Lunar-ROADSTER/lr_ws/install/grid_map_loader:/home/williamfbx/Lunar-ROADSTER/lr_ws/install/grid_map_filters:/home/williamfbx/Lunar-ROADSTER/lr_ws/install/grid_map_ros:/home/williamfbx/Lunar-ROADSTER/lr_ws/install/grid_map_octomap:/home/williamfbx/Lunar-ROADSTER/lr_ws/install/grid_map_msgs:/home/williamfbx/Lunar-ROADSTER/lr_ws/install/grid_map_cv:/home/williamfbx/Lunar-ROADSTER/lr_ws/install/grid_map_costmap_2d:/home/williamfbx/Lunar-ROADSTER/lr_ws/install/arduino:/home/williamfbx/Lunar-ROADSTER/lr_ws/install/cg_msgs:/opt/ros/humble /usr/bin/cmake --install /home/williamfbx/Lunar-ROADSTER/lr_ws/build/grid_map_sdf
