[0.068s] Invoking command in '/home/williamfbx/Lunar-ROADSTER/lr_ws/build/realsense2_description': AMENT_PREFIX_PATH=/home/williamfbx/Lunar-ROADSTER/lr_ws/install/realsense2_camera_msgs:${AMENT_PREFIX_PATH} CMAKE_PREFIX_PATH=/home/williamfbx/Lunar-ROADSTER/lr_ws/install/realsense2_camera_msgs:/opt/ros/humble LD_LIBRARY_PATH=/home/williamfbx/Lunar-ROADSTER/lr_ws/install/realsense2_camera_msgs/lib:${LD_LIBRARY_PATH} PYTHONPATH=/home/williamfbx/Lunar-ROADSTER/lr_ws/install/realsense2_camera_msgs/local/lib/python3.10/dist-packages:${PYTHONPATH} /usr/bin/cmake /home/williamfbx/Lunar-ROADSTER/lr_ws/src/drivers/realsense-ros/realsense2_description -DCMAKE_INSTALL_PREFIX=/home/williamfbx/Lunar-ROADSTER/lr_ws/install/realsense2_description
[0.213s] -- The C compiler identification is GNU 11.4.0
[0.410s] -- The CXX compiler identification is GNU 11.4.0
[0.428s] -- Detecting C compiler ABI info
[0.655s] -- Detecting C compiler ABI info - done
[0.686s] -- Check for working C compiler: /usr/bin/cc - skipped
[0.692s] -- Detecting C compile features
[0.692s] -- Detecting C compile features - done
[0.704s] -- Detecting CXX compiler ABI info
[1.007s] -- Detecting CXX compiler ABI info - done
[1.033s] -- Check for working CXX compiler: /usr/bin/c++ - skipped
[1.033s] -- Detecting CXX compile features
[1.041s] -- Detecting CXX compile features - done
[1.045s] -- Found ament_cmake: 1.3.11 (/opt/ros/humble/share/ament_cmake/cmake)
[1.545s] -- Found Python3: /usr/bin/python3 (found version "3.10.12") found components: Interpreter 
[1.944s] -- Configuring done
[1.948s] -- Generating done
[1.949s] -- Build files have been written to: /home/williamfbx/Lunar-ROADSTER/lr_ws/build/realsense2_description
[1.962s] Invoked command in '/home/williamfbx/Lunar-ROADSTER/lr_ws/build/realsense2_description' returned '0': AMENT_PREFIX_PATH=/home/williamfbx/Lunar-ROADSTER/lr_ws/install/realsense2_camera_msgs:${AMENT_PREFIX_PATH} CMAKE_PREFIX_PATH=/home/williamfbx/Lunar-ROADSTER/lr_ws/install/realsense2_camera_msgs:/opt/ros/humble LD_LIBRARY_PATH=/home/williamfbx/Lunar-ROADSTER/lr_ws/install/realsense2_camera_msgs/lib:${LD_LIBRARY_PATH} PYTHONPATH=/home/williamfbx/Lunar-ROADSTER/lr_ws/install/realsense2_camera_msgs/local/lib/python3.10/dist-packages:${PYTHONPATH} /usr/bin/cmake /home/williamfbx/Lunar-ROADSTER/lr_ws/src/drivers/realsense-ros/realsense2_description -DCMAKE_INSTALL_PREFIX=/home/williamfbx/Lunar-ROADSTER/lr_ws/install/realsense2_description
[1.962s] Invoking command in '/home/williamfbx/Lunar-ROADSTER/lr_ws/build/realsense2_description': AMENT_PREFIX_PATH=/home/williamfbx/Lunar-ROADSTER/lr_ws/install/realsense2_camera_msgs:${AMENT_PREFIX_PATH} CMAKE_PREFIX_PATH=/home/williamfbx/Lunar-ROADSTER/lr_ws/install/realsense2_camera_msgs:/opt/ros/humble LD_LIBRARY_PATH=/home/williamfbx/Lunar-ROADSTER/lr_ws/install/realsense2_camera_msgs/lib:${LD_LIBRARY_PATH} PYTHONPATH=/home/williamfbx/Lunar-ROADSTER/lr_ws/install/realsense2_camera_msgs/local/lib/python3.10/dist-packages:${PYTHONPATH} /usr/bin/cmake --build /home/williamfbx/Lunar-ROADSTER/lr_ws/build/realsense2_description -- -j12 -l12
[2.044s] Invoked command in '/home/williamfbx/Lunar-ROADSTER/lr_ws/build/realsense2_description' returned '0': AMENT_PREFIX_PATH=/home/williamfbx/Lunar-ROADSTER/lr_ws/install/realsense2_camera_msgs:${AMENT_PREFIX_PATH} CMAKE_PREFIX_PATH=/home/williamfbx/Lunar-ROADSTER/lr_ws/install/realsense2_camera_msgs:/opt/ros/humble LD_LIBRARY_PATH=/home/williamfbx/Lunar-ROADSTER/lr_ws/install/realsense2_camera_msgs/lib:${LD_LIBRARY_PATH} PYTHONPATH=/home/williamfbx/Lunar-ROADSTER/lr_ws/install/realsense2_camera_msgs/local/lib/python3.10/dist-packages:${PYTHONPATH} /usr/bin/cmake --build /home/williamfbx/Lunar-ROADSTER/lr_ws/build/realsense2_description -- -j12 -l12
[2.044s] Invoking command in '/home/williamfbx/Lunar-ROADSTER/lr_ws/build/realsense2_description': AMENT_PREFIX_PATH=/home/williamfbx/Lunar-ROADSTER/lr_ws/install/realsense2_camera_msgs:${AMENT_PREFIX_PATH} CMAKE_PREFIX_PATH=/home/williamfbx/Lunar-ROADSTER/lr_ws/install/realsense2_camera_msgs:/opt/ros/humble LD_LIBRARY_PATH=/home/williamfbx/Lunar-ROADSTER/lr_ws/install/realsense2_camera_msgs/lib:${LD_LIBRARY_PATH} PYTHONPATH=/home/williamfbx/Lunar-ROADSTER/lr_ws/install/realsense2_camera_msgs/local/lib/python3.10/dist-packages:${PYTHONPATH} /usr/bin/cmake --install /home/williamfbx/Lunar-ROADSTER/lr_ws/build/realsense2_description
[2.055s] -- Install configuration: ""
[2.055s] -- Installing: /home/williamfbx/Lunar-ROADSTER/lr_ws/install/realsense2_description/share/realsense2_description/launch
[2.055s] -- Installing: /home/williamfbx/Lunar-ROADSTER/lr_ws/install/realsense2_description/share/realsense2_description/launch/view_model.launch.py
[2.056s] -- Installing: /home/williamfbx/Lunar-ROADSTER/lr_ws/install/realsense2_description/share/realsense2_description/launch/launch_utils.py
[2.056s] -- Installing: /home/williamfbx/Lunar-ROADSTER/lr_ws/install/realsense2_description/share/realsense2_description/meshes
[2.058s] -- Installing: /home/williamfbx/Lunar-ROADSTER/lr_ws/install/realsense2_description/share/realsense2_description/meshes/d435.dae
[2.144s] -- Installing: /home/williamfbx/Lunar-ROADSTER/lr_ws/install/realsense2_description/share/realsense2_description/meshes/d415.stl
[2.216s] -- Installing: /home/williamfbx/Lunar-ROADSTER/lr_ws/install/realsense2_description/share/realsense2_description/meshes/plug_collision.stl
[2.216s] -- Installing: /home/williamfbx/Lunar-ROADSTER/lr_ws/install/realsense2_description/share/realsense2_description/meshes/l515.dae
[2.328s] -- Installing: /home/williamfbx/Lunar-ROADSTER/lr_ws/install/realsense2_description/share/realsense2_description/meshes/d405.stl
[2.329s] -- Installing: /home/williamfbx/Lunar-ROADSTER/lr_ws/install/realsense2_description/share/realsense2_description/meshes/d455.stl
[2.341s] -- Installing: /home/williamfbx/Lunar-ROADSTER/lr_ws/install/realsense2_description/share/realsense2_description/meshes/plug.stl
[2.342s] -- Installing: /home/williamfbx/Lunar-ROADSTER/lr_ws/install/realsense2_description/share/realsense2_description/rviz
[2.342s] -- Installing: /home/williamfbx/Lunar-ROADSTER/lr_ws/install/realsense2_description/share/realsense2_description/rviz/urdf.rviz
[2.343s] -- Installing: /home/williamfbx/Lunar-ROADSTER/lr_ws/install/realsense2_description/share/realsense2_description/urdf
[2.343s] -- Installing: /home/williamfbx/Lunar-ROADSTER/lr_ws/install/realsense2_description/share/realsense2_description/urdf/test_r410_camera.urdf.xacro
[2.344s] -- Installing: /home/williamfbx/Lunar-ROADSTER/lr_ws/install/realsense2_description/share/realsense2_description/urdf/_materials.urdf.xacro
[2.344s] -- Installing: /home/williamfbx/Lunar-ROADSTER/lr_ws/install/realsense2_description/share/realsense2_description/urdf/_d405.urdf.xacro
[2.350s] -- Installing: /home/williamfbx/Lunar-ROADSTER/lr_ws/install/realsense2_description/share/realsense2_description/urdf/_r410.urdf.xacro
[2.351s] -- Installing: /home/williamfbx/Lunar-ROADSTER/lr_ws/install/realsense2_description/share/realsense2_description/urdf/test_d455_camera.urdf.xacro
[2.351s] -- Installing: /home/williamfbx/Lunar-ROADSTER/lr_ws/install/realsense2_description/share/realsense2_description/urdf/_d435.urdf.xacro
[2.351s] -- Installing: /home/williamfbx/Lunar-ROADSTER/lr_ws/install/realsense2_description/share/realsense2_description/urdf/_d415.urdf.xacro
[2.351s] -- Installing: /home/williamfbx/Lunar-ROADSTER/lr_ws/install/realsense2_description/share/realsense2_description/urdf/test_r430_camera.urdf.xacro
[2.352s] -- Installing: /home/williamfbx/Lunar-ROADSTER/lr_ws/install/realsense2_description/share/realsense2_description/urdf/test_d415_camera.urdf.xacro
[2.352s] -- Installing: /home/williamfbx/Lunar-ROADSTER/lr_ws/install/realsense2_description/share/realsense2_description/urdf/test_d435i_camera.urdf.xacro
[2.352s] -- Installing: /home/williamfbx/Lunar-ROADSTER/lr_ws/install/realsense2_description/share/realsense2_description/urdf/_usb_plug.urdf.xacro
[2.352s] -- Installing: /home/williamfbx/Lunar-ROADSTER/lr_ws/install/realsense2_description/share/realsense2_description/urdf/test_d435_multiple_cameras.urdf.xacro
[2.352s] -- Installing: /home/williamfbx/Lunar-ROADSTER/lr_ws/install/realsense2_description/share/realsense2_description/urdf/_d435i.urdf.xacro
[2.352s] -- Installing: /home/williamfbx/Lunar-ROADSTER/lr_ws/install/realsense2_description/share/realsense2_description/urdf/test_d435_camera.urdf.xacro
[2.352s] -- Installing: /home/williamfbx/Lunar-ROADSTER/lr_ws/install/realsense2_description/share/realsense2_description/urdf/test_d405_camera.urdf.xacro
[2.359s] -- Installing: /home/williamfbx/Lunar-ROADSTER/lr_ws/install/realsense2_description/share/realsense2_description/urdf/_r430.urdf.xacro
[2.359s] -- Installing: /home/williamfbx/Lunar-ROADSTER/lr_ws/install/realsense2_description/share/realsense2_description/urdf/_d455.urdf.xacro
[2.359s] -- Installing: /home/williamfbx/Lunar-ROADSTER/lr_ws/install/realsense2_description/share/realsense2_description/urdf/_d435i_imu_modules.urdf.xacro
[2.359s] -- Installing: /home/williamfbx/Lunar-ROADSTER/lr_ws/install/realsense2_description/share/ament_index/resource_index/package_run_dependencies/realsense2_description
[2.360s] -- Installing: /home/williamfbx/Lunar-ROADSTER/lr_ws/install/realsense2_description/share/ament_index/resource_index/parent_prefix_path/realsense2_description
[2.360s] -- Installing: /home/williamfbx/Lunar-ROADSTER/lr_ws/install/realsense2_description/share/realsense2_description/environment/ament_prefix_path.sh
[2.360s] -- Installing: /home/williamfbx/Lunar-ROADSTER/lr_ws/install/realsense2_description/share/realsense2_description/environment/ament_prefix_path.dsv
[2.360s] -- Installing: /home/williamfbx/Lunar-ROADSTER/lr_ws/install/realsense2_description/share/realsense2_description/environment/path.sh
[2.360s] -- Installing: /home/williamfbx/Lunar-ROADSTER/lr_ws/install/realsense2_description/share/realsense2_description/environment/path.dsv
[2.360s] -- Installing: /home/williamfbx/Lunar-ROADSTER/lr_ws/install/realsense2_description/share/realsense2_description/local_setup.bash
[2.360s] -- Installing: /home/williamfbx/Lunar-ROADSTER/lr_ws/install/realsense2_description/share/realsense2_description/local_setup.sh
[2.360s] -- Installing: /home/williamfbx/Lunar-ROADSTER/lr_ws/install/realsense2_description/share/realsense2_description/local_setup.zsh
[2.361s] -- Installing: /home/williamfbx/Lunar-ROADSTER/lr_ws/install/realsense2_description/share/realsense2_description/local_setup.dsv
[2.361s] -- Installing: /home/williamfbx/Lunar-ROADSTER/lr_ws/install/realsense2_description/share/realsense2_description/package.dsv
[2.361s] -- Installing: /home/williamfbx/Lunar-ROADSTER/lr_ws/install/realsense2_description/share/ament_index/resource_index/packages/realsense2_description
[2.362s] -- Installing: /home/williamfbx/Lunar-ROADSTER/lr_ws/install/realsense2_description/share/realsense2_description/cmake/realsense2_descriptionConfig.cmake
[2.362s] -- Installing: /home/williamfbx/Lunar-ROADSTER/lr_ws/install/realsense2_description/share/realsense2_description/cmake/realsense2_descriptionConfig-version.cmake
[2.363s] -- Installing: /home/williamfbx/Lunar-ROADSTER/lr_ws/install/realsense2_description/share/realsense2_description/package.xml
[2.365s] Invoked command in '/home/williamfbx/Lunar-ROADSTER/lr_ws/build/realsense2_description' returned '0': AMENT_PREFIX_PATH=/home/williamfbx/Lunar-ROADSTER/lr_ws/install/realsense2_camera_msgs:${AMENT_PREFIX_PATH} CMAKE_PREFIX_PATH=/home/williamfbx/Lunar-ROADSTER/lr_ws/install/realsense2_camera_msgs:/opt/ros/humble LD_LIBRARY_PATH=/home/williamfbx/Lunar-ROADSTER/lr_ws/install/realsense2_camera_msgs/lib:${LD_LIBRARY_PATH} PYTHONPATH=/home/williamfbx/Lunar-ROADSTER/lr_ws/install/realsense2_camera_msgs/local/lib/python3.10/dist-packages:${PYTHONPATH} /usr/bin/cmake --install /home/williamfbx/Lunar-ROADSTER/lr_ws/build/realsense2_description
