[0.267s] Invoking command in '/root/Lunar_ROADSTER/lr_ws/build/nav2_voxel_grid': AMENT_PREFIX_PATH=/root/Lunar_ROADSTER/lr_ws/install/nav2_common:${AMENT_PREFIX_PATH} CMAKE_PREFIX_PATH=/root/Lunar_ROADSTER/lr_ws/install/nav2_common:/opt/ros/humble PYTHONPATH=/root/Lunar_ROADSTER/lr_ws/install/nav2_common/local/lib/python3.10/dist-packages:${PYTHONPATH} /usr/local/bin/cmake --build /root/Lunar_ROADSTER/lr_ws/build/nav2_voxel_grid -- -j4 -l4
[0.781s] [35m[1mConsolidate compiler generated dependencies of target voxel_grid[0m
[1.096s] [ 20%] Built target voxel_grid
[1.130s] [35m[1mConsolidate compiler generated dependencies of target gtest[0m
[1.201s] [ 40%] Built target gtest
[1.367s] [35m[1mConsolidate compiler generated dependencies of target gtest_main[0m
[1.409s] [ 60%] Built target gtest_main
[1.575s] [35m[1mConsolidate compiler generated dependencies of target voxel_grid_tests[0m
[1.652s] [ 80%] Built target voxel_grid_tests
[1.820s] [35m[1mConsolidate compiler generated dependencies of target voxel_grid_bresenham_3d[0m
[1.886s] [100%] Built target voxel_grid_bresenham_3d
[1.909s] Invoked command in '/root/Lunar_ROADSTER/lr_ws/build/nav2_voxel_grid' returned '0': AMENT_PREFIX_PATH=/root/Lunar_ROADSTER/lr_ws/install/nav2_common:${AMENT_PREFIX_PATH} CMAKE_PREFIX_PATH=/root/Lunar_ROADSTER/lr_ws/install/nav2_common:/opt/ros/humble PYTHONPATH=/root/Lunar_ROADSTER/lr_ws/install/nav2_common/local/lib/python3.10/dist-packages:${PYTHONPATH} /usr/local/bin/cmake --build /root/Lunar_ROADSTER/lr_ws/build/nav2_voxel_grid -- -j4 -l4
[2.053s] Invoking command in '/root/Lunar_ROADSTER/lr_ws/build/nav2_voxel_grid': AMENT_PREFIX_PATH=/root/Lunar_ROADSTER/lr_ws/install/nav2_common:${AMENT_PREFIX_PATH} CMAKE_PREFIX_PATH=/root/Lunar_ROADSTER/lr_ws/install/nav2_common:/opt/ros/humble PYTHONPATH=/root/Lunar_ROADSTER/lr_ws/install/nav2_common/local/lib/python3.10/dist-packages:${PYTHONPATH} /usr/local/bin/cmake --install /root/Lunar_ROADSTER/lr_ws/build/nav2_voxel_grid
[2.073s] -- Install configuration: "Release"
[2.075s] -- Up-to-date: /root/Lunar_ROADSTER/lr_ws/install/nav2_voxel_grid/lib/libvoxel_grid.so
[2.076s] -- Up-to-date: /root/Lunar_ROADSTER/lr_ws/install/nav2_voxel_grid/include
[2.077s] -- Up-to-date: /root/Lunar_ROADSTER/lr_ws/install/nav2_voxel_grid/include/nav2_voxel_grid
[2.077s] -- Up-to-date: /root/Lunar_ROADSTER/lr_ws/install/nav2_voxel_grid/include/nav2_voxel_grid/voxel_grid.hpp
[2.078s] -- Up-to-date: /root/Lunar_ROADSTER/lr_ws/install/nav2_voxel_grid/share/nav2_voxel_grid/environment/library_path.sh
[2.079s] -- Up-to-date: /root/Lunar_ROADSTER/lr_ws/install/nav2_voxel_grid/share/nav2_voxel_grid/environment/library_path.dsv
[2.079s] -- Up-to-date: /root/Lunar_ROADSTER/lr_ws/install/nav2_voxel_grid/share/ament_index/resource_index/package_run_dependencies/nav2_voxel_grid
[2.080s] -- Up-to-date: /root/Lunar_ROADSTER/lr_ws/install/nav2_voxel_grid/share/ament_index/resource_index/parent_prefix_path/nav2_voxel_grid
[2.080s] -- Up-to-date: /root/Lunar_ROADSTER/lr_ws/install/nav2_voxel_grid/share/nav2_voxel_grid/environment/ament_prefix_path.sh
[2.080s] -- Up-to-date: /root/Lunar_ROADSTER/lr_ws/install/nav2_voxel_grid/share/nav2_voxel_grid/environment/ament_prefix_path.dsv
[2.081s] -- Up-to-date: /root/Lunar_ROADSTER/lr_ws/install/nav2_voxel_grid/share/nav2_voxel_grid/environment/path.sh
[2.081s] -- Up-to-date: /root/Lunar_ROADSTER/lr_ws/install/nav2_voxel_grid/share/nav2_voxel_grid/environment/path.dsv
[2.081s] -- Up-to-date: /root/Lunar_ROADSTER/lr_ws/install/nav2_voxel_grid/share/nav2_voxel_grid/local_setup.bash
[2.082s] -- Up-to-date: /root/Lunar_ROADSTER/lr_ws/install/nav2_voxel_grid/share/nav2_voxel_grid/local_setup.sh
[2.082s] -- Up-to-date: /root/Lunar_ROADSTER/lr_ws/install/nav2_voxel_grid/share/nav2_voxel_grid/local_setup.zsh
[2.083s] -- Up-to-date: /root/Lunar_ROADSTER/lr_ws/install/nav2_voxel_grid/share/nav2_voxel_grid/local_setup.dsv
[2.083s] -- Installing: /root/Lunar_ROADSTER/lr_ws/install/nav2_voxel_grid/share/nav2_voxel_grid/package.dsv
[2.083s] -- Up-to-date: /root/Lunar_ROADSTER/lr_ws/install/nav2_voxel_grid/share/ament_index/resource_index/packages/nav2_voxel_grid
[2.087s] -- Up-to-date: /root/Lunar_ROADSTER/lr_ws/install/nav2_voxel_grid/share/nav2_voxel_grid/cmake/ament_cmake_export_dependencies-extras.cmake
[2.088s] -- Up-to-date: /root/Lunar_ROADSTER/lr_ws/install/nav2_voxel_grid/share/nav2_voxel_grid/cmake/ament_cmake_export_include_directories-extras.cmake
[2.088s] -- Up-to-date: /root/Lunar_ROADSTER/lr_ws/install/nav2_voxel_grid/share/nav2_voxel_grid/cmake/ament_cmake_export_libraries-extras.cmake
[2.089s] -- Up-to-date: /root/Lunar_ROADSTER/lr_ws/install/nav2_voxel_grid/share/nav2_voxel_grid/cmake/nav2_voxel_gridConfig.cmake
[2.089s] -- Up-to-date: /root/Lunar_ROADSTER/lr_ws/install/nav2_voxel_grid/share/nav2_voxel_grid/cmake/nav2_voxel_gridConfig-version.cmake
[2.089s] -- Up-to-date: /root/Lunar_ROADSTER/lr_ws/install/nav2_voxel_grid/share/nav2_voxel_grid/package.xml
[2.101s] Invoked command in '/root/Lunar_ROADSTER/lr_ws/build/nav2_voxel_grid' returned '0': AMENT_PREFIX_PATH=/root/Lunar_ROADSTER/lr_ws/install/nav2_common:${AMENT_PREFIX_PATH} CMAKE_PREFIX_PATH=/root/Lunar_ROADSTER/lr_ws/install/nav2_common:/opt/ros/humble PYTHONPATH=/root/Lunar_ROADSTER/lr_ws/install/nav2_common/local/lib/python3.10/dist-packages:${PYTHONPATH} /usr/local/bin/cmake --install /root/Lunar_ROADSTER/lr_ws/build/nav2_voxel_grid
