[0.324s] Invoking command in '/root/Lunar_ROADSTER/lr_ws/build/realsense2_camera_msgs': CMAKE_PREFIX_PATH=${CMAKE_PREFIX_PATH}:/root/Lunar_ROADSTER/lr_ws/install/nav2_simple_commander:/opt/ros/humble /usr/local/bin/cmake --build /root/Lunar_ROADSTER/lr_ws/build/realsense2_camera_msgs -- -j4 -l4
[0.736s] [  1%] Built target realsense2_camera_msgs__cpp
[0.983s] [  1%] Built target ament_cmake_python_copy_realsense2_camera_msgs
[1.231s] [ 12%] Built target realsense2_camera_msgs__rosidl_typesupport_fastrtps_cpp
[1.477s] [ 23%] Built target realsense2_camera_msgs__rosidl_typesupport_introspection_cpp
[3.857s] running egg_info
[3.857s] writing realsense2_camera_msgs.egg-info/PKG-INFO
[3.858s] writing dependency_links to realsense2_camera_msgs.egg-info/dependency_links.txt
[3.858s] writing top-level names to realsense2_camera_msgs.egg-info/top_level.txt
[3.876s] reading manifest file 'realsense2_camera_msgs.egg-info/SOURCES.txt'
[3.880s] writing manifest file 'realsense2_camera_msgs.egg-info/SOURCES.txt'
[4.127s] [ 23%] Built target ament_cmake_python_build_realsense2_camera_msgs_egg
[4.347s] [ 34%] Built target realsense2_camera_msgs__rosidl_typesupport_cpp
[4.577s] [ 46%] Built target realsense2_camera_msgs__rosidl_generator_c
[4.824s] [ 57%] Built target realsense2_camera_msgs__rosidl_typesupport_fastrtps_c
[5.846s] [ 68%] Built target realsense2_camera_msgs__rosidl_typesupport_c
[6.126s] [ 79%] Built target realsense2_camera_msgs__rosidl_typesupport_introspection_c
[6.129s] [ 79%] Built target realsense2_camera_msgs
[6.315s] [ 80%] Built target realsense2_camera_msgs__py
[6.589s] [ 90%] Built target realsense2_camera_msgs__rosidl_generator_py
[6.837s] [ 93%] Built target realsense2_camera_msgs__rosidl_typesupport_fastrtps_c__pyext
[7.300s] [ 96%] Built target realsense2_camera_msgs__rosidl_typesupport_c__pyext
[7.405s] [100%] Built target realsense2_camera_msgs__rosidl_typesupport_introspection_c__pyext
[7.527s] Invoked command in '/root/Lunar_ROADSTER/lr_ws/build/realsense2_camera_msgs' returned '0': CMAKE_PREFIX_PATH=${CMAKE_PREFIX_PATH}:/root/Lunar_ROADSTER/lr_ws/install/nav2_simple_commander:/opt/ros/humble /usr/local/bin/cmake --build /root/Lunar_ROADSTER/lr_ws/build/realsense2_camera_msgs -- -j4 -l4
[7.549s] Invoking command in '/root/Lunar_ROADSTER/lr_ws/build/realsense2_camera_msgs': CMAKE_PREFIX_PATH=${CMAKE_PREFIX_PATH}:/root/Lunar_ROADSTER/lr_ws/install/nav2_simple_commander:/opt/ros/humble /usr/local/bin/cmake --install /root/Lunar_ROADSTER/lr_ws/build/realsense2_camera_msgs
[7.582s] -- Install configuration: ""
[7.582s] -- Up-to-date: /root/Lunar_ROADSTER/lr_ws/install/realsense2_camera_msgs/share/ament_index/resource_index/rosidl_interfaces/realsense2_camera_msgs
[7.599s] -- Up-to-date: /root/Lunar_ROADSTER/lr_ws/install/realsense2_camera_msgs/include/realsense2_camera_msgs/realsense2_camera_msgs
[7.633s] -- Up-to-date: /root/Lunar_ROADSTER/lr_ws/install/realsense2_camera_msgs/include/realsense2_camera_msgs/realsense2_camera_msgs/msg
[7.633s] -- Up-to-date: /root/Lunar_ROADSTER/lr_ws/install/realsense2_camera_msgs/include/realsense2_camera_msgs/realsense2_camera_msgs/msg/imu_info.h
[7.634s] -- Up-to-date: /root/Lunar_ROADSTER/lr_ws/install/realsense2_camera_msgs/include/realsense2_camera_msgs/realsense2_camera_msgs/msg/rosidl_generator_c__visibility_control.h
[7.634s] -- Up-to-date: /root/Lunar_ROADSTER/lr_ws/install/realsense2_camera_msgs/include/realsense2_camera_msgs/realsense2_camera_msgs/msg/detail
[7.645s] -- Up-to-date: /root/Lunar_ROADSTER/lr_ws/install/realsense2_camera_msgs/include/realsense2_camera_msgs/realsense2_camera_msgs/msg/detail/imu_info__functions.c
[7.645s] -- Up-to-date: /root/Lunar_ROADSTER/lr_ws/install/realsense2_camera_msgs/include/realsense2_camera_msgs/realsense2_camera_msgs/msg/detail/imu_info__functions.h
[7.646s] -- Up-to-date: /root/Lunar_ROADSTER/lr_ws/install/realsense2_camera_msgs/include/realsense2_camera_msgs/realsense2_camera_msgs/msg/detail/imu_info__struct.h
[7.646s] -- Up-to-date: /root/Lunar_ROADSTER/lr_ws/install/realsense2_camera_msgs/include/realsense2_camera_msgs/realsense2_camera_msgs/msg/detail/imu_info__type_support.h
[7.646s] -- Up-to-date: /root/Lunar_ROADSTER/lr_ws/install/realsense2_camera_msgs/include/realsense2_camera_msgs/realsense2_camera_msgs/msg/detail/extrinsics__functions.c
[7.646s] -- Up-to-date: /root/Lunar_ROADSTER/lr_ws/install/realsense2_camera_msgs/include/realsense2_camera_msgs/realsense2_camera_msgs/msg/detail/extrinsics__functions.h
[7.647s] -- Up-to-date: /root/Lunar_ROADSTER/lr_ws/install/realsense2_camera_msgs/include/realsense2_camera_msgs/realsense2_camera_msgs/msg/detail/extrinsics__struct.h
[7.647s] -- Up-to-date: /root/Lunar_ROADSTER/lr_ws/install/realsense2_camera_msgs/include/realsense2_camera_msgs/realsense2_camera_msgs/msg/detail/extrinsics__type_support.h
[7.647s] -- Up-to-date: /root/Lunar_ROADSTER/lr_ws/install/realsense2_camera_msgs/include/realsense2_camera_msgs/realsense2_camera_msgs/msg/detail/metadata__functions.c
[7.647s] -- Up-to-date: /root/Lunar_ROADSTER/lr_ws/install/realsense2_camera_msgs/include/realsense2_camera_msgs/realsense2_camera_msgs/msg/detail/metadata__functions.h
[7.648s] -- Up-to-date: /root/Lunar_ROADSTER/lr_ws/install/realsense2_camera_msgs/include/realsense2_camera_msgs/realsense2_camera_msgs/msg/detail/metadata__struct.h
[7.648s] -- Up-to-date: /root/Lunar_ROADSTER/lr_ws/install/realsense2_camera_msgs/include/realsense2_camera_msgs/realsense2_camera_msgs/msg/detail/metadata__type_support.h
[7.648s] -- Up-to-date: /root/Lunar_ROADSTER/lr_ws/install/realsense2_camera_msgs/include/realsense2_camera_msgs/realsense2_camera_msgs/msg/detail/rgbd__functions.c
[7.649s] -- Up-to-date: /root/Lunar_ROADSTER/lr_ws/install/realsense2_camera_msgs/include/realsense2_camera_msgs/realsense2_camera_msgs/msg/detail/rgbd__functions.h
[7.649s] -- Up-to-date: /root/Lunar_ROADSTER/lr_ws/install/realsense2_camera_msgs/include/realsense2_camera_msgs/realsense2_camera_msgs/msg/detail/rgbd__struct.h
[7.649s] -- Up-to-date: /root/Lunar_ROADSTER/lr_ws/install/realsense2_camera_msgs/include/realsense2_camera_msgs/realsense2_camera_msgs/msg/detail/rgbd__type_support.h
[7.649s] -- Up-to-date: /root/Lunar_ROADSTER/lr_ws/install/realsense2_camera_msgs/include/realsense2_camera_msgs/realsense2_camera_msgs/msg/extrinsics.h
[7.650s] -- Up-to-date: /root/Lunar_ROADSTER/lr_ws/install/realsense2_camera_msgs/include/realsense2_camera_msgs/realsense2_camera_msgs/msg/metadata.h
[7.650s] -- Up-to-date: /root/Lunar_ROADSTER/lr_ws/install/realsense2_camera_msgs/include/realsense2_camera_msgs/realsense2_camera_msgs/msg/rgbd.h
[7.650s] -- Up-to-date: /root/Lunar_ROADSTER/lr_ws/install/realsense2_camera_msgs/include/realsense2_camera_msgs/realsense2_camera_msgs/srv
[7.650s] -- Up-to-date: /root/Lunar_ROADSTER/lr_ws/install/realsense2_camera_msgs/include/realsense2_camera_msgs/realsense2_camera_msgs/srv/device_info.h
[7.666s] -- Up-to-date: /root/Lunar_ROADSTER/lr_ws/install/realsense2_camera_msgs/include/realsense2_camera_msgs/realsense2_camera_msgs/srv/detail
[7.666s] -- Up-to-date: /root/Lunar_ROADSTER/lr_ws/install/realsense2_camera_msgs/include/realsense2_camera_msgs/realsense2_camera_msgs/srv/detail/device_info__functions.c
[7.667s] -- Up-to-date: /root/Lunar_ROADSTER/lr_ws/install/realsense2_camera_msgs/include/realsense2_camera_msgs/realsense2_camera_msgs/srv/detail/device_info__functions.h
[7.667s] -- Up-to-date: /root/Lunar_ROADSTER/lr_ws/install/realsense2_camera_msgs/include/realsense2_camera_msgs/realsense2_camera_msgs/srv/detail/device_info__struct.h
[7.667s] -- Up-to-date: /root/Lunar_ROADSTER/lr_ws/install/realsense2_camera_msgs/include/realsense2_camera_msgs/realsense2_camera_msgs/srv/detail/device_info__type_support.h
[7.667s] -- Up-to-date: /root/Lunar_ROADSTER/lr_ws/install/realsense2_camera_msgs/share/realsense2_camera_msgs/environment/library_path.sh
[7.668s] -- Up-to-date: /root/Lunar_ROADSTER/lr_ws/install/realsense2_camera_msgs/share/realsense2_camera_msgs/environment/library_path.dsv
[7.674s] -- Up-to-date: /root/Lunar_ROADSTER/lr_ws/install/realsense2_camera_msgs/lib/librealsense2_camera_msgs__rosidl_generator_c.so
[7.675s] -- Up-to-date: /root/Lunar_ROADSTER/lr_ws/install/realsense2_camera_msgs/include/realsense2_camera_msgs/realsense2_camera_msgs
[7.675s] -- Up-to-date: /root/Lunar_ROADSTER/lr_ws/install/realsense2_camera_msgs/include/realsense2_camera_msgs/realsense2_camera_msgs/msg
[7.675s] -- Up-to-date: /root/Lunar_ROADSTER/lr_ws/install/realsense2_camera_msgs/include/realsense2_camera_msgs/realsense2_camera_msgs/msg/detail
[7.676s] -- Up-to-date: /root/Lunar_ROADSTER/lr_ws/install/realsense2_camera_msgs/include/realsense2_camera_msgs/realsense2_camera_msgs/msg/detail/imu_info__rosidl_typesupport_fastrtps_c.h
[7.676s] -- Up-to-date: /root/Lunar_ROADSTER/lr_ws/install/realsense2_camera_msgs/include/realsense2_camera_msgs/realsense2_camera_msgs/msg/detail/extrinsics__rosidl_typesupport_fastrtps_c.h
[7.676s] -- Up-to-date: /root/Lunar_ROADSTER/lr_ws/install/realsense2_camera_msgs/include/realsense2_camera_msgs/realsense2_camera_msgs/msg/detail/metadata__rosidl_typesupport_fastrtps_c.h
[7.679s] -- Up-to-date: /root/Lunar_ROADSTER/lr_ws/install/realsense2_camera_msgs/include/realsense2_camera_msgs/realsense2_camera_msgs/msg/detail/rgbd__rosidl_typesupport_fastrtps_c.h
[7.683s] -- Up-to-date: /root/Lunar_ROADSTER/lr_ws/install/realsense2_camera_msgs/include/realsense2_camera_msgs/realsense2_camera_msgs/msg/rosidl_typesupport_fastrtps_c__visibility_control.h
[7.684s] -- Up-to-date: /root/Lunar_ROADSTER/lr_ws/install/realsense2_camera_msgs/include/realsense2_camera_msgs/realsense2_camera_msgs/srv
[7.685s] -- Up-to-date: /root/Lunar_ROADSTER/lr_ws/install/realsense2_camera_msgs/include/realsense2_camera_msgs/realsense2_camera_msgs/srv/detail
[7.686s] -- Up-to-date: /root/Lunar_ROADSTER/lr_ws/install/realsense2_camera_msgs/include/realsense2_camera_msgs/realsense2_camera_msgs/srv/detail/device_info__rosidl_typesupport_fastrtps_c.h
[7.686s] -- Up-to-date: /root/Lunar_ROADSTER/lr_ws/install/realsense2_camera_msgs/lib/librealsense2_camera_msgs__rosidl_typesupport_fastrtps_c.so
[7.687s] -- Up-to-date: /root/Lunar_ROADSTER/lr_ws/install/realsense2_camera_msgs/include/realsense2_camera_msgs/realsense2_camera_msgs
[7.687s] -- Up-to-date: /root/Lunar_ROADSTER/lr_ws/install/realsense2_camera_msgs/include/realsense2_camera_msgs/realsense2_camera_msgs/msg
[7.688s] -- Up-to-date: /root/Lunar_ROADSTER/lr_ws/install/realsense2_camera_msgs/include/realsense2_camera_msgs/realsense2_camera_msgs/msg/detail
[7.689s] -- Up-to-date: /root/Lunar_ROADSTER/lr_ws/install/realsense2_camera_msgs/include/realsense2_camera_msgs/realsense2_camera_msgs/msg/detail/imu_info__rosidl_typesupport_introspection_c.h
[7.701s] -- Up-to-date: /root/Lunar_ROADSTER/lr_ws/install/realsense2_camera_msgs/include/realsense2_camera_msgs/realsense2_camera_msgs/msg/detail/imu_info__type_support.c
[7.702s] -- Up-to-date: /root/Lunar_ROADSTER/lr_ws/install/realsense2_camera_msgs/include/realsense2_camera_msgs/realsense2_camera_msgs/msg/detail/extrinsics__rosidl_typesupport_introspection_c.h
[7.704s] -- Up-to-date: /root/Lunar_ROADSTER/lr_ws/install/realsense2_camera_msgs/include/realsense2_camera_msgs/realsense2_camera_msgs/msg/detail/extrinsics__type_support.c
[7.704s] -- Up-to-date: /root/Lunar_ROADSTER/lr_ws/install/realsense2_camera_msgs/include/realsense2_camera_msgs/realsense2_camera_msgs/msg/detail/metadata__rosidl_typesupport_introspection_c.h
[7.704s] -- Up-to-date: /root/Lunar_ROADSTER/lr_ws/install/realsense2_camera_msgs/include/realsense2_camera_msgs/realsense2_camera_msgs/msg/detail/metadata__type_support.c
[7.705s] -- Up-to-date: /root/Lunar_ROADSTER/lr_ws/install/realsense2_camera_msgs/include/realsense2_camera_msgs/realsense2_camera_msgs/msg/detail/rgbd__rosidl_typesupport_introspection_c.h
[7.705s] -- Up-to-date: /root/Lunar_ROADSTER/lr_ws/install/realsense2_camera_msgs/include/realsense2_camera_msgs/realsense2_camera_msgs/msg/detail/rgbd__type_support.c
[7.705s] -- Up-to-date: /root/Lunar_ROADSTER/lr_ws/install/realsense2_camera_msgs/include/realsense2_camera_msgs/realsense2_camera_msgs/msg/rosidl_typesupport_introspection_c__visibility_control.h
[7.705s] -- Up-to-date: /root/Lunar_ROADSTER/lr_ws/install/realsense2_camera_msgs/include/realsense2_camera_msgs/realsense2_camera_msgs/srv
[7.706s] -- Up-to-date: /root/Lunar_ROADSTER/lr_ws/install/realsense2_camera_msgs/include/realsense2_camera_msgs/realsense2_camera_msgs/srv/detail
[7.706s] -- Up-to-date: /root/Lunar_ROADSTER/lr_ws/install/realsense2_camera_msgs/include/realsense2_camera_msgs/realsense2_camera_msgs/srv/detail/device_info__rosidl_typesupport_introspection_c.h
[7.706s] -- Up-to-date: /root/Lunar_ROADSTER/lr_ws/install/realsense2_camera_msgs/include/realsense2_camera_msgs/realsense2_camera_msgs/srv/detail/device_info__type_support.c
[7.707s] -- Up-to-date: /root/Lunar_ROADSTER/lr_ws/install/realsense2_camera_msgs/lib/librealsense2_camera_msgs__rosidl_typesupport_introspection_c.so
[7.707s] -- Up-to-date: /root/Lunar_ROADSTER/lr_ws/install/realsense2_camera_msgs/lib/librealsense2_camera_msgs__rosidl_typesupport_c.so
[7.711s] -- Up-to-date: /root/Lunar_ROADSTER/lr_ws/install/realsense2_camera_msgs/include/realsense2_camera_msgs/realsense2_camera_msgs
[7.716s] -- Up-to-date: /root/Lunar_ROADSTER/lr_ws/install/realsense2_camera_msgs/include/realsense2_camera_msgs/realsense2_camera_msgs/msg
[7.725s] -- Up-to-date: /root/Lunar_ROADSTER/lr_ws/install/realsense2_camera_msgs/include/realsense2_camera_msgs/realsense2_camera_msgs/msg/imu_info.hpp
[7.726s] -- Up-to-date: /root/Lunar_ROADSTER/lr_ws/install/realsense2_camera_msgs/include/realsense2_camera_msgs/realsense2_camera_msgs/msg/detail
[7.726s] -- Up-to-date: /root/Lunar_ROADSTER/lr_ws/install/realsense2_camera_msgs/include/realsense2_camera_msgs/realsense2_camera_msgs/msg/detail/imu_info__builder.hpp
[7.728s] -- Up-to-date: /root/Lunar_ROADSTER/lr_ws/install/realsense2_camera_msgs/include/realsense2_camera_msgs/realsense2_camera_msgs/msg/detail/imu_info__struct.hpp
[7.728s] -- Up-to-date: /root/Lunar_ROADSTER/lr_ws/install/realsense2_camera_msgs/include/realsense2_camera_msgs/realsense2_camera_msgs/msg/detail/imu_info__traits.hpp
[7.729s] -- Up-to-date: /root/Lunar_ROADSTER/lr_ws/install/realsense2_camera_msgs/include/realsense2_camera_msgs/realsense2_camera_msgs/msg/detail/imu_info__type_support.hpp
[7.731s] -- Up-to-date: /root/Lunar_ROADSTER/lr_ws/install/realsense2_camera_msgs/include/realsense2_camera_msgs/realsense2_camera_msgs/msg/detail/extrinsics__builder.hpp
[7.733s] -- Up-to-date: /root/Lunar_ROADSTER/lr_ws/install/realsense2_camera_msgs/include/realsense2_camera_msgs/realsense2_camera_msgs/msg/detail/extrinsics__struct.hpp
[7.737s] -- Up-to-date: /root/Lunar_ROADSTER/lr_ws/install/realsense2_camera_msgs/include/realsense2_camera_msgs/realsense2_camera_msgs/msg/detail/extrinsics__traits.hpp
[7.744s] -- Up-to-date: /root/Lunar_ROADSTER/lr_ws/install/realsense2_camera_msgs/include/realsense2_camera_msgs/realsense2_camera_msgs/msg/detail/extrinsics__type_support.hpp
[7.747s] -- Up-to-date: /root/Lunar_ROADSTER/lr_ws/install/realsense2_camera_msgs/include/realsense2_camera_msgs/realsense2_camera_msgs/msg/detail/metadata__builder.hpp
[7.751s] -- Up-to-date: /root/Lunar_ROADSTER/lr_ws/install/realsense2_camera_msgs/include/realsense2_camera_msgs/realsense2_camera_msgs/msg/detail/metadata__struct.hpp
[7.751s] -- Up-to-date: /root/Lunar_ROADSTER/lr_ws/install/realsense2_camera_msgs/include/realsense2_camera_msgs/realsense2_camera_msgs/msg/detail/metadata__traits.hpp
[7.752s] -- Up-to-date: /root/Lunar_ROADSTER/lr_ws/install/realsense2_camera_msgs/include/realsense2_camera_msgs/realsense2_camera_msgs/msg/detail/metadata__type_support.hpp
[7.752s] -- Up-to-date: /root/Lunar_ROADSTER/lr_ws/install/realsense2_camera_msgs/include/realsense2_camera_msgs/realsense2_camera_msgs/msg/detail/rgbd__builder.hpp
[7.752s] -- Up-to-date: /root/Lunar_ROADSTER/lr_ws/install/realsense2_camera_msgs/include/realsense2_camera_msgs/realsense2_camera_msgs/msg/detail/rgbd__struct.hpp
[7.771s] -- Up-to-date: /root/Lunar_ROADSTER/lr_ws/install/realsense2_camera_msgs/include/realsense2_camera_msgs/realsense2_camera_msgs/msg/detail/rgbd__traits.hpp
[7.775s] -- Up-to-date: /root/Lunar_ROADSTER/lr_ws/install/realsense2_camera_msgs/include/realsense2_camera_msgs/realsense2_camera_msgs/msg/detail/rgbd__type_support.hpp
[7.777s] -- Up-to-date: /root/Lunar_ROADSTER/lr_ws/install/realsense2_camera_msgs/include/realsense2_camera_msgs/realsense2_camera_msgs/msg/rosidl_generator_cpp__visibility_control.hpp
[7.778s] -- Up-to-date: /root/Lunar_ROADSTER/lr_ws/install/realsense2_camera_msgs/include/realsense2_camera_msgs/realsense2_camera_msgs/msg/extrinsics.hpp
[7.778s] -- Up-to-date: /root/Lunar_ROADSTER/lr_ws/install/realsense2_camera_msgs/include/realsense2_camera_msgs/realsense2_camera_msgs/msg/metadata.hpp
[7.778s] -- Up-to-date: /root/Lunar_ROADSTER/lr_ws/install/realsense2_camera_msgs/include/realsense2_camera_msgs/realsense2_camera_msgs/msg/rgbd.hpp
[7.779s] -- Up-to-date: /root/Lunar_ROADSTER/lr_ws/install/realsense2_camera_msgs/include/realsense2_camera_msgs/realsense2_camera_msgs/srv
[7.779s] -- Up-to-date: /root/Lunar_ROADSTER/lr_ws/install/realsense2_camera_msgs/include/realsense2_camera_msgs/realsense2_camera_msgs/srv/device_info.hpp
[7.779s] -- Up-to-date: /root/Lunar_ROADSTER/lr_ws/install/realsense2_camera_msgs/include/realsense2_camera_msgs/realsense2_camera_msgs/srv/detail
[7.782s] -- Up-to-date: /root/Lunar_ROADSTER/lr_ws/install/realsense2_camera_msgs/include/realsense2_camera_msgs/realsense2_camera_msgs/srv/detail/device_info__builder.hpp
[7.784s] -- Up-to-date: /root/Lunar_ROADSTER/lr_ws/install/realsense2_camera_msgs/include/realsense2_camera_msgs/realsense2_camera_msgs/srv/detail/device_info__struct.hpp
[7.784s] -- Up-to-date: /root/Lunar_ROADSTER/lr_ws/install/realsense2_camera_msgs/include/realsense2_camera_msgs/realsense2_camera_msgs/srv/detail/device_info__traits.hpp
[7.784s] -- Up-to-date: /root/Lunar_ROADSTER/lr_ws/install/realsense2_camera_msgs/include/realsense2_camera_msgs/realsense2_camera_msgs/srv/detail/device_info__type_support.hpp
[7.785s] -- Up-to-date: /root/Lunar_ROADSTER/lr_ws/install/realsense2_camera_msgs/include/realsense2_camera_msgs/realsense2_camera_msgs
[7.785s] -- Up-to-date: /root/Lunar_ROADSTER/lr_ws/install/realsense2_camera_msgs/include/realsense2_camera_msgs/realsense2_camera_msgs/msg
[7.785s] -- Up-to-date: /root/Lunar_ROADSTER/lr_ws/install/realsense2_camera_msgs/include/realsense2_camera_msgs/realsense2_camera_msgs/msg/detail
[7.786s] -- Up-to-date: /root/Lunar_ROADSTER/lr_ws/install/realsense2_camera_msgs/include/realsense2_camera_msgs/realsense2_camera_msgs/msg/detail/imu_info__rosidl_typesupport_fastrtps_cpp.hpp
[7.786s] -- Up-to-date: /root/Lunar_ROADSTER/lr_ws/install/realsense2_camera_msgs/include/realsense2_camera_msgs/realsense2_camera_msgs/msg/detail/dds_fastrtps
[7.786s] -- Up-to-date: /root/Lunar_ROADSTER/lr_ws/install/realsense2_camera_msgs/include/realsense2_camera_msgs/realsense2_camera_msgs/msg/detail/extrinsics__rosidl_typesupport_fastrtps_cpp.hpp
[7.787s] -- Up-to-date: /root/Lunar_ROADSTER/lr_ws/install/realsense2_camera_msgs/include/realsense2_camera_msgs/realsense2_camera_msgs/msg/detail/metadata__rosidl_typesupport_fastrtps_cpp.hpp
[7.787s] -- Up-to-date: /root/Lunar_ROADSTER/lr_ws/install/realsense2_camera_msgs/include/realsense2_camera_msgs/realsense2_camera_msgs/msg/detail/rgbd__rosidl_typesupport_fastrtps_cpp.hpp
[7.787s] -- Up-to-date: /root/Lunar_ROADSTER/lr_ws/install/realsense2_camera_msgs/include/realsense2_camera_msgs/realsense2_camera_msgs/msg/rosidl_typesupport_fastrtps_cpp__visibility_control.h
[7.787s] -- Up-to-date: /root/Lunar_ROADSTER/lr_ws/install/realsense2_camera_msgs/include/realsense2_camera_msgs/realsense2_camera_msgs/srv
[7.788s] -- Up-to-date: /root/Lunar_ROADSTER/lr_ws/install/realsense2_camera_msgs/include/realsense2_camera_msgs/realsense2_camera_msgs/srv/detail
[7.788s] -- Up-to-date: /root/Lunar_ROADSTER/lr_ws/install/realsense2_camera_msgs/include/realsense2_camera_msgs/realsense2_camera_msgs/srv/detail/device_info__rosidl_typesupport_fastrtps_cpp.hpp
[7.788s] -- Up-to-date: /root/Lunar_ROADSTER/lr_ws/install/realsense2_camera_msgs/include/realsense2_camera_msgs/realsense2_camera_msgs/srv/detail/dds_fastrtps
[7.788s] -- Up-to-date: /root/Lunar_ROADSTER/lr_ws/install/realsense2_camera_msgs/lib/librealsense2_camera_msgs__rosidl_typesupport_fastrtps_cpp.so
[7.789s] -- Up-to-date: /root/Lunar_ROADSTER/lr_ws/install/realsense2_camera_msgs/include/realsense2_camera_msgs/realsense2_camera_msgs
[7.789s] -- Up-to-date: /root/Lunar_ROADSTER/lr_ws/install/realsense2_camera_msgs/include/realsense2_camera_msgs/realsense2_camera_msgs/msg
[7.789s] -- Up-to-date: /root/Lunar_ROADSTER/lr_ws/install/realsense2_camera_msgs/include/realsense2_camera_msgs/realsense2_camera_msgs/msg/detail
[7.802s] -- Up-to-date: /root/Lunar_ROADSTER/lr_ws/install/realsense2_camera_msgs/include/realsense2_camera_msgs/realsense2_camera_msgs/msg/detail/imu_info__rosidl_typesupport_introspection_cpp.hpp
[7.803s] -- Up-to-date: /root/Lunar_ROADSTER/lr_ws/install/realsense2_camera_msgs/include/realsense2_camera_msgs/realsense2_camera_msgs/msg/detail/imu_info__type_support.cpp
[7.803s] -- Up-to-date: /root/Lunar_ROADSTER/lr_ws/install/realsense2_camera_msgs/include/realsense2_camera_msgs/realsense2_camera_msgs/msg/detail/extrinsics__rosidl_typesupport_introspection_cpp.hpp
[7.803s] -- Up-to-date: /root/Lunar_ROADSTER/lr_ws/install/realsense2_camera_msgs/include/realsense2_camera_msgs/realsense2_camera_msgs/msg/detail/extrinsics__type_support.cpp
[7.804s] -- Up-to-date: /root/Lunar_ROADSTER/lr_ws/install/realsense2_camera_msgs/include/realsense2_camera_msgs/realsense2_camera_msgs/msg/detail/metadata__rosidl_typesupport_introspection_cpp.hpp
[7.805s] -- Up-to-date: /root/Lunar_ROADSTER/lr_ws/install/realsense2_camera_msgs/include/realsense2_camera_msgs/realsense2_camera_msgs/msg/detail/metadata__type_support.cpp
[7.807s] -- Up-to-date: /root/Lunar_ROADSTER/lr_ws/install/realsense2_camera_msgs/include/realsense2_camera_msgs/realsense2_camera_msgs/msg/detail/rgbd__rosidl_typesupport_introspection_cpp.hpp
[7.808s] -- Up-to-date: /root/Lunar_ROADSTER/lr_ws/install/realsense2_camera_msgs/include/realsense2_camera_msgs/realsense2_camera_msgs/msg/detail/rgbd__type_support.cpp
[7.808s] -- Up-to-date: /root/Lunar_ROADSTER/lr_ws/install/realsense2_camera_msgs/include/realsense2_camera_msgs/realsense2_camera_msgs/srv
[7.808s] -- Up-to-date: /root/Lunar_ROADSTER/lr_ws/install/realsense2_camera_msgs/include/realsense2_camera_msgs/realsense2_camera_msgs/srv/detail
[7.809s] -- Up-to-date: /root/Lunar_ROADSTER/lr_ws/install/realsense2_camera_msgs/include/realsense2_camera_msgs/realsense2_camera_msgs/srv/detail/device_info__rosidl_typesupport_introspection_cpp.hpp
[7.813s] -- Up-to-date: /root/Lunar_ROADSTER/lr_ws/install/realsense2_camera_msgs/include/realsense2_camera_msgs/realsense2_camera_msgs/srv/detail/device_info__type_support.cpp
[7.813s] -- Up-to-date: /root/Lunar_ROADSTER/lr_ws/install/realsense2_camera_msgs/lib/librealsense2_camera_msgs__rosidl_typesupport_introspection_cpp.so
[7.814s] -- Up-to-date: /root/Lunar_ROADSTER/lr_ws/install/realsense2_camera_msgs/lib/librealsense2_camera_msgs__rosidl_typesupport_cpp.so
[7.814s] -- Up-to-date: /root/Lunar_ROADSTER/lr_ws/install/realsense2_camera_msgs/share/realsense2_camera_msgs/environment/pythonpath.sh
[7.814s] -- Up-to-date: /root/Lunar_ROADSTER/lr_ws/install/realsense2_camera_msgs/share/realsense2_camera_msgs/environment/pythonpath.dsv
[7.815s] -- Up-to-date: /root/Lunar_ROADSTER/lr_ws/install/realsense2_camera_msgs/local/lib/python3.10/dist-packages/realsense2_camera_msgs-4.55.1-py3.10.egg-info
[7.815s] -- Installing: /root/Lunar_ROADSTER/lr_ws/install/realsense2_camera_msgs/local/lib/python3.10/dist-packages/realsense2_camera_msgs-4.55.1-py3.10.egg-info/PKG-INFO
[7.815s] -- Installing: /root/Lunar_ROADSTER/lr_ws/install/realsense2_camera_msgs/local/lib/python3.10/dist-packages/realsense2_camera_msgs-4.55.1-py3.10.egg-info/dependency_links.txt
[7.816s] -- Installing: /root/Lunar_ROADSTER/lr_ws/install/realsense2_camera_msgs/local/lib/python3.10/dist-packages/realsense2_camera_msgs-4.55.1-py3.10.egg-info/top_level.txt
[7.819s] -- Installing: /root/Lunar_ROADSTER/lr_ws/install/realsense2_camera_msgs/local/lib/python3.10/dist-packages/realsense2_camera_msgs-4.55.1-py3.10.egg-info/SOURCES.txt
[7.819s] -- Up-to-date: /root/Lunar_ROADSTER/lr_ws/install/realsense2_camera_msgs/local/lib/python3.10/dist-packages/realsense2_camera_msgs
[7.819s] -- Up-to-date: /root/Lunar_ROADSTER/lr_ws/install/realsense2_camera_msgs/local/lib/python3.10/dist-packages/realsense2_camera_msgs/__init__.py
[7.820s] -- Up-to-date: /root/Lunar_ROADSTER/lr_ws/install/realsense2_camera_msgs/local/lib/python3.10/dist-packages/realsense2_camera_msgs/msg
[7.831s] -- Up-to-date: /root/Lunar_ROADSTER/lr_ws/install/realsense2_camera_msgs/local/lib/python3.10/dist-packages/realsense2_camera_msgs/msg/_imu_info.py
[7.831s] -- Up-to-date: /root/Lunar_ROADSTER/lr_ws/install/realsense2_camera_msgs/local/lib/python3.10/dist-packages/realsense2_camera_msgs/msg/_imu_info_s.c
[7.832s] -- Up-to-date: /root/Lunar_ROADSTER/lr_ws/install/realsense2_camera_msgs/local/lib/python3.10/dist-packages/realsense2_camera_msgs/msg/_extrinsics.py
[7.832s] -- Up-to-date: /root/Lunar_ROADSTER/lr_ws/install/realsense2_camera_msgs/local/lib/python3.10/dist-packages/realsense2_camera_msgs/msg/_extrinsics_s.c
[7.833s] -- Up-to-date: /root/Lunar_ROADSTER/lr_ws/install/realsense2_camera_msgs/local/lib/python3.10/dist-packages/realsense2_camera_msgs/msg/_metadata.py
[7.833s] -- Up-to-date: /root/Lunar_ROADSTER/lr_ws/install/realsense2_camera_msgs/local/lib/python3.10/dist-packages/realsense2_camera_msgs/msg/_metadata_s.c
[7.834s] -- Up-to-date: /root/Lunar_ROADSTER/lr_ws/install/realsense2_camera_msgs/local/lib/python3.10/dist-packages/realsense2_camera_msgs/msg/_rgbd.py
[7.834s] -- Up-to-date: /root/Lunar_ROADSTER/lr_ws/install/realsense2_camera_msgs/local/lib/python3.10/dist-packages/realsense2_camera_msgs/msg/_rgbd_s.c
[7.835s] -- Up-to-date: /root/Lunar_ROADSTER/lr_ws/install/realsense2_camera_msgs/local/lib/python3.10/dist-packages/realsense2_camera_msgs/msg/__init__.py
[7.835s] -- Up-to-date: /root/Lunar_ROADSTER/lr_ws/install/realsense2_camera_msgs/local/lib/python3.10/dist-packages/realsense2_camera_msgs/srv
[7.836s] -- Up-to-date: /root/Lunar_ROADSTER/lr_ws/install/realsense2_camera_msgs/local/lib/python3.10/dist-packages/realsense2_camera_msgs/srv/_device_info.py
[7.838s] -- Up-to-date: /root/Lunar_ROADSTER/lr_ws/install/realsense2_camera_msgs/local/lib/python3.10/dist-packages/realsense2_camera_msgs/srv/_device_info_s.c
[7.838s] -- Up-to-date: /root/Lunar_ROADSTER/lr_ws/install/realsense2_camera_msgs/local/lib/python3.10/dist-packages/realsense2_camera_msgs/srv/__init__.py
[7.845s] -- Up-to-date: /root/Lunar_ROADSTER/lr_ws/install/realsense2_camera_msgs/local/lib/python3.10/dist-packages/realsense2_camera_msgs/_realsense2_camera_msgs_s.ep.rosidl_typesupport_fastrtps_c.c
[7.846s] -- Up-to-date: /root/Lunar_ROADSTER/lr_ws/install/realsense2_camera_msgs/local/lib/python3.10/dist-packages/realsense2_camera_msgs/_realsense2_camera_msgs_s.ep.rosidl_typesupport_introspection_c.c
[7.846s] -- Up-to-date: /root/Lunar_ROADSTER/lr_ws/install/realsense2_camera_msgs/local/lib/python3.10/dist-packages/realsense2_camera_msgs/_realsense2_camera_msgs_s.ep.rosidl_typesupport_c.c
[7.847s] -- Up-to-date: /root/Lunar_ROADSTER/lr_ws/install/realsense2_camera_msgs/local/lib/python3.10/dist-packages/realsense2_camera_msgs/librealsense2_camera_msgs__rosidl_generator_py.so
[7.849s] -- Up-to-date: /root/Lunar_ROADSTER/lr_ws/install/realsense2_camera_msgs/local/lib/python3.10/dist-packages/realsense2_camera_msgs/realsense2_camera_msgs_s__rosidl_typesupport_fastrtps_c.cpython-310-aarch64-linux-gnu.so
[7.850s] -- Up-to-date: /root/Lunar_ROADSTER/lr_ws/install/realsense2_camera_msgs/local/lib/python3.10/dist-packages/realsense2_camera_msgs/realsense2_camera_msgs_s__rosidl_typesupport_c.cpython-310-aarch64-linux-gnu.so
[7.850s] -- Up-to-date: /root/Lunar_ROADSTER/lr_ws/install/realsense2_camera_msgs/local/lib/python3.10/dist-packages/realsense2_camera_msgs/realsense2_camera_msgs_s__rosidl_typesupport_introspection_c.cpython-310-aarch64-linux-gnu.so
[8.256s] Listing '/root/Lunar_ROADSTER/lr_ws/install/realsense2_camera_msgs/local/lib/python3.10/dist-packages/realsense2_camera_msgs'...
[8.257s] Listing '/root/Lunar_ROADSTER/lr_ws/install/realsense2_camera_msgs/local/lib/python3.10/dist-packages/realsense2_camera_msgs/msg'...
[8.257s] Listing '/root/Lunar_ROADSTER/lr_ws/install/realsense2_camera_msgs/local/lib/python3.10/dist-packages/realsense2_camera_msgs/srv'...
[8.301s] -- Up-to-date: /root/Lunar_ROADSTER/lr_ws/install/realsense2_camera_msgs/local/lib/python3.10/dist-packages/realsense2_camera_msgs/realsense2_camera_msgs_s__rosidl_typesupport_fastrtps_c.cpython-310-aarch64-linux-gnu.so
[8.307s] -- Up-to-date: /root/Lunar_ROADSTER/lr_ws/install/realsense2_camera_msgs/local/lib/python3.10/dist-packages/realsense2_camera_msgs/realsense2_camera_msgs_s__rosidl_typesupport_introspection_c.cpython-310-aarch64-linux-gnu.so
[8.310s] -- Up-to-date: /root/Lunar_ROADSTER/lr_ws/install/realsense2_camera_msgs/local/lib/python3.10/dist-packages/realsense2_camera_msgs/realsense2_camera_msgs_s__rosidl_typesupport_c.cpython-310-aarch64-linux-gnu.so
[8.321s] -- Up-to-date: /root/Lunar_ROADSTER/lr_ws/install/realsense2_camera_msgs/lib/librealsense2_camera_msgs__rosidl_generator_py.so
[8.322s] -- Up-to-date: /root/Lunar_ROADSTER/lr_ws/install/realsense2_camera_msgs/share/realsense2_camera_msgs/msg/IMUInfo.idl
[8.323s] -- Up-to-date: /root/Lunar_ROADSTER/lr_ws/install/realsense2_camera_msgs/share/realsense2_camera_msgs/msg/Extrinsics.idl
[8.324s] -- Up-to-date: /root/Lunar_ROADSTER/lr_ws/install/realsense2_camera_msgs/share/realsense2_camera_msgs/msg/Metadata.idl
[8.324s] -- Up-to-date: /root/Lunar_ROADSTER/lr_ws/install/realsense2_camera_msgs/share/realsense2_camera_msgs/msg/RGBD.idl
[8.324s] -- Up-to-date: /root/Lunar_ROADSTER/lr_ws/install/realsense2_camera_msgs/share/realsense2_camera_msgs/srv/DeviceInfo.idl
[8.325s] -- Up-to-date: /root/Lunar_ROADSTER/lr_ws/install/realsense2_camera_msgs/share/realsense2_camera_msgs/msg/IMUInfo.msg
[8.325s] -- Up-to-date: /root/Lunar_ROADSTER/lr_ws/install/realsense2_camera_msgs/share/realsense2_camera_msgs/msg/Extrinsics.msg
[8.325s] -- Up-to-date: /root/Lunar_ROADSTER/lr_ws/install/realsense2_camera_msgs/share/realsense2_camera_msgs/msg/Metadata.msg
[8.330s] -- Up-to-date: /root/Lunar_ROADSTER/lr_ws/install/realsense2_camera_msgs/share/realsense2_camera_msgs/msg/RGBD.msg
[8.331s] -- Up-to-date: /root/Lunar_ROADSTER/lr_ws/install/realsense2_camera_msgs/share/realsense2_camera_msgs/srv/DeviceInfo.srv
[8.333s] -- Up-to-date: /root/Lunar_ROADSTER/lr_ws/install/realsense2_camera_msgs/share/realsense2_camera_msgs/srv/DeviceInfo_Request.msg
[8.335s] -- Up-to-date: /root/Lunar_ROADSTER/lr_ws/install/realsense2_camera_msgs/share/realsense2_camera_msgs/srv/DeviceInfo_Response.msg
[8.338s] -- Up-to-date: /root/Lunar_ROADSTER/lr_ws/install/realsense2_camera_msgs/share/ament_index/resource_index/package_run_dependencies/realsense2_camera_msgs
[8.341s] -- Up-to-date: /root/Lunar_ROADSTER/lr_ws/install/realsense2_camera_msgs/share/ament_index/resource_index/parent_prefix_path/realsense2_camera_msgs
[8.341s] -- Up-to-date: /root/Lunar_ROADSTER/lr_ws/install/realsense2_camera_msgs/share/realsense2_camera_msgs/environment/ament_prefix_path.sh
[8.345s] -- Up-to-date: /root/Lunar_ROADSTER/lr_ws/install/realsense2_camera_msgs/share/realsense2_camera_msgs/environment/ament_prefix_path.dsv
[8.346s] -- Up-to-date: /root/Lunar_ROADSTER/lr_ws/install/realsense2_camera_msgs/share/realsense2_camera_msgs/environment/path.sh
[8.349s] -- Up-to-date: /root/Lunar_ROADSTER/lr_ws/install/realsense2_camera_msgs/share/realsense2_camera_msgs/environment/path.dsv
[8.351s] -- Up-to-date: /root/Lunar_ROADSTER/lr_ws/install/realsense2_camera_msgs/share/realsense2_camera_msgs/local_setup.bash
[8.352s] -- Up-to-date: /root/Lunar_ROADSTER/lr_ws/install/realsense2_camera_msgs/share/realsense2_camera_msgs/local_setup.sh
[8.352s] -- Up-to-date: /root/Lunar_ROADSTER/lr_ws/install/realsense2_camera_msgs/share/realsense2_camera_msgs/local_setup.zsh
[8.355s] -- Up-to-date: /root/Lunar_ROADSTER/lr_ws/install/realsense2_camera_msgs/share/realsense2_camera_msgs/local_setup.dsv
[8.357s] -- Installing: /root/Lunar_ROADSTER/lr_ws/install/realsense2_camera_msgs/share/realsense2_camera_msgs/package.dsv
[8.361s] -- Up-to-date: /root/Lunar_ROADSTER/lr_ws/install/realsense2_camera_msgs/share/ament_index/resource_index/packages/realsense2_camera_msgs
[8.364s] -- Up-to-date: /root/Lunar_ROADSTER/lr_ws/install/realsense2_camera_msgs/share/realsense2_camera_msgs/cmake/export_realsense2_camera_msgs__rosidl_generator_cExport.cmake
[8.366s] -- Up-to-date: /root/Lunar_ROADSTER/lr_ws/install/realsense2_camera_msgs/share/realsense2_camera_msgs/cmake/export_realsense2_camera_msgs__rosidl_generator_cExport-noconfig.cmake
[8.369s] -- Up-to-date: /root/Lunar_ROADSTER/lr_ws/install/realsense2_camera_msgs/share/realsense2_camera_msgs/cmake/export_realsense2_camera_msgs__rosidl_typesupport_fastrtps_cExport.cmake
[8.371s] -- Up-to-date: /root/Lunar_ROADSTER/lr_ws/install/realsense2_camera_msgs/share/realsense2_camera_msgs/cmake/export_realsense2_camera_msgs__rosidl_typesupport_fastrtps_cExport-noconfig.cmake
[8.374s] -- Up-to-date: /root/Lunar_ROADSTER/lr_ws/install/realsense2_camera_msgs/share/realsense2_camera_msgs/cmake/realsense2_camera_msgs__rosidl_typesupport_introspection_cExport.cmake
[8.376s] -- Up-to-date: /root/Lunar_ROADSTER/lr_ws/install/realsense2_camera_msgs/share/realsense2_camera_msgs/cmake/realsense2_camera_msgs__rosidl_typesupport_introspection_cExport-noconfig.cmake
[8.380s] -- Up-to-date: /root/Lunar_ROADSTER/lr_ws/install/realsense2_camera_msgs/share/realsense2_camera_msgs/cmake/realsense2_camera_msgs__rosidl_typesupport_cExport.cmake
[8.382s] -- Up-to-date: /root/Lunar_ROADSTER/lr_ws/install/realsense2_camera_msgs/share/realsense2_camera_msgs/cmake/realsense2_camera_msgs__rosidl_typesupport_cExport-noconfig.cmake
[8.384s] -- Up-to-date: /root/Lunar_ROADSTER/lr_ws/install/realsense2_camera_msgs/share/realsense2_camera_msgs/cmake/export_realsense2_camera_msgs__rosidl_generator_cppExport.cmake
[8.389s] -- Up-to-date: /root/Lunar_ROADSTER/lr_ws/install/realsense2_camera_msgs/share/realsense2_camera_msgs/cmake/export_realsense2_camera_msgs__rosidl_typesupport_fastrtps_cppExport.cmake
[8.394s] -- Up-to-date: /root/Lunar_ROADSTER/lr_ws/install/realsense2_camera_msgs/share/realsense2_camera_msgs/cmake/export_realsense2_camera_msgs__rosidl_typesupport_fastrtps_cppExport-noconfig.cmake
[8.398s] -- Up-to-date: /root/Lunar_ROADSTER/lr_ws/install/realsense2_camera_msgs/share/realsense2_camera_msgs/cmake/realsense2_camera_msgs__rosidl_typesupport_introspection_cppExport.cmake
[8.405s] -- Up-to-date: /root/Lunar_ROADSTER/lr_ws/install/realsense2_camera_msgs/share/realsense2_camera_msgs/cmake/realsense2_camera_msgs__rosidl_typesupport_introspection_cppExport-noconfig.cmake
[8.408s] -- Up-to-date: /root/Lunar_ROADSTER/lr_ws/install/realsense2_camera_msgs/share/realsense2_camera_msgs/cmake/realsense2_camera_msgs__rosidl_typesupport_cppExport.cmake
[8.412s] -- Up-to-date: /root/Lunar_ROADSTER/lr_ws/install/realsense2_camera_msgs/share/realsense2_camera_msgs/cmake/realsense2_camera_msgs__rosidl_typesupport_cppExport-noconfig.cmake
[8.415s] -- Up-to-date: /root/Lunar_ROADSTER/lr_ws/install/realsense2_camera_msgs/share/realsense2_camera_msgs/cmake/export_realsense2_camera_msgs__rosidl_generator_pyExport.cmake
[8.418s] -- Up-to-date: /root/Lunar_ROADSTER/lr_ws/install/realsense2_camera_msgs/share/realsense2_camera_msgs/cmake/export_realsense2_camera_msgs__rosidl_generator_pyExport-noconfig.cmake
[8.420s] -- Up-to-date: /root/Lunar_ROADSTER/lr_ws/install/realsense2_camera_msgs/share/realsense2_camera_msgs/cmake/rosidl_cmake-extras.cmake
[8.423s] -- Up-to-date: /root/Lunar_ROADSTER/lr_ws/install/realsense2_camera_msgs/share/realsense2_camera_msgs/cmake/ament_cmake_export_dependencies-extras.cmake
[8.425s] -- Up-to-date: /root/Lunar_ROADSTER/lr_ws/install/realsense2_camera_msgs/share/realsense2_camera_msgs/cmake/ament_cmake_export_include_directories-extras.cmake
[8.427s] -- Up-to-date: /root/Lunar_ROADSTER/lr_ws/install/realsense2_camera_msgs/share/realsense2_camera_msgs/cmake/ament_cmake_export_libraries-extras.cmake
[8.429s] -- Up-to-date: /root/Lunar_ROADSTER/lr_ws/install/realsense2_camera_msgs/share/realsense2_camera_msgs/cmake/ament_cmake_export_targets-extras.cmake
[8.432s] -- Up-to-date: /root/Lunar_ROADSTER/lr_ws/install/realsense2_camera_msgs/share/realsense2_camera_msgs/cmake/rosidl_cmake_export_typesupport_targets-extras.cmake
[8.435s] -- Up-to-date: /root/Lunar_ROADSTER/lr_ws/install/realsense2_camera_msgs/share/realsense2_camera_msgs/cmake/rosidl_cmake_export_typesupport_libraries-extras.cmake
[8.441s] -- Up-to-date: /root/Lunar_ROADSTER/lr_ws/install/realsense2_camera_msgs/share/realsense2_camera_msgs/cmake/realsense2_camera_msgsConfig.cmake
[8.443s] -- Up-to-date: /root/Lunar_ROADSTER/lr_ws/install/realsense2_camera_msgs/share/realsense2_camera_msgs/cmake/realsense2_camera_msgsConfig-version.cmake
[8.450s] -- Up-to-date: /root/Lunar_ROADSTER/lr_ws/install/realsense2_camera_msgs/share/realsense2_camera_msgs/package.xml
[9.830s] Invoked command in '/root/Lunar_ROADSTER/lr_ws/build/realsense2_camera_msgs' returned '0': CMAKE_PREFIX_PATH=${CMAKE_PREFIX_PATH}:/root/Lunar_ROADSTER/lr_ws/install/nav2_simple_commander:/opt/ros/humble /usr/local/bin/cmake --install /root/Lunar_ROADSTER/lr_ws/build/realsense2_camera_msgs
