[0.215s] Invoking command in '/root/Lunar_ROADSTER/lr_ws/build/kindr': CMAKE_PREFIX_PATH=${CMAKE_PREFIX_PATH}:/root/Lunar_ROADSTER/lr_ws/install/nav2_simple_commander:/root/microros_ws/install/sensor_msgs_py:/opt/ros/humble /usr/local/bin/cmake /root/Lunar_ROADSTER/lr_ws/src/drivers/kindr -DCMAKE_INSTALL_PREFIX=/root/Lunar_ROADSTER/lr_ws/install/kindr
[0.720s] -- The C compiler identification is GNU 11.4.0
[1.124s] -- The CXX compiler identification is GNU 11.4.0
[1.183s] -- Detecting C compiler ABI info
[1.632s] -- Detecting C compiler ABI info - done
[1.688s] -- Check for working C compiler: /usr/bin/cc - skipped
[1.689s] -- Detecting C compile features
[1.691s] -- Detecting C compile features - done
[1.707s] -- Detecting CXX compiler ABI info
[2.202s] -- Detecting CXX compiler ABI info - done
[2.255s] -- Check for working CXX compiler: /usr/bin/c++ - skipped
[2.258s] -- Detecting CXX compile features
[2.259s] -- Detecting CXX compile features - done
[2.541s] -- Found ament_cmake: 1.3.11 (/opt/ros/humble/share/ament_cmake/cmake)
[3.970s] -- Found Python3: /usr/bin/python3 (found version "3.10.12") found components: Interpreter 
[7.384s] -- Could NOT find Doxygen (missing: DOXYGEN_EXECUTABLE) 
[7.385s] -- Doxygen not found
[7.591s] -- Found ament_cmake_gtest: 1.3.11 (/opt/ros/humble/share/ament_cmake_gtest/cmake)
[7.795s] -- Found gtest sources under '/opt/ros/humble/src/gtest_vendor': C++ tests using 'Google Test' will be built
[7.818s] -- Looking for pthread.h
[8.347s] -- Looking for pthread.h - found
[8.350s] -- Performing Test CMAKE_HAVE_LIBC_PTHREAD
[8.835s] -- Performing Test CMAKE_HAVE_LIBC_PTHREAD - Success
[8.842s] -- Found Threads: TRUE  
[9.339s] -- Configuring done
[9.473s] -- Generating done
[9.499s] -- Build files have been written to: /root/Lunar_ROADSTER/lr_ws/build/kindr
[9.518s] Invoked command in '/root/Lunar_ROADSTER/lr_ws/build/kindr' returned '0': CMAKE_PREFIX_PATH=${CMAKE_PREFIX_PATH}:/root/Lunar_ROADSTER/lr_ws/install/nav2_simple_commander:/root/microros_ws/install/sensor_msgs_py:/opt/ros/humble /usr/local/bin/cmake /root/Lunar_ROADSTER/lr_ws/src/drivers/kindr -DCMAKE_INSTALL_PREFIX=/root/Lunar_ROADSTER/lr_ws/install/kindr
[9.526s] Invoking command in '/root/Lunar_ROADSTER/lr_ws/build/kindr': CMAKE_PREFIX_PATH=${CMAKE_PREFIX_PATH}:/root/Lunar_ROADSTER/lr_ws/install/nav2_simple_commander:/root/microros_ws/install/sensor_msgs_py:/opt/ros/humble /usr/local/bin/cmake --build /root/Lunar_ROADSTER/lr_ws/build/kindr -- -j4 -l4
[9.804s] [  2%] [32mBuilding CXX object gtest/CMakeFiles/gtest_main.dir/src/gtest_main.cc.o[0m
[9.819s] [  5%] [32mBuilding CXX object gtest/CMakeFiles/gtest.dir/src/gtest-all.cc.o[0m
[13.039s] [  8%] [32m[1mLinking CXX static library libgtest_main.a[0m
[14.321s] [  8%] Built target gtest_main
[23.424s] [ 11%] [32m[1mLinking CXX static library libgtest.a[0m
[23.971s] [ 11%] Built target gtest
[24.133s] [ 14%] [32mBuilding CXX object test/CMakeFiles/test_kindr.dir/test_main.cpp.o[0m
[24.137s] [ 17%] [32mBuilding CXX object test/CMakeFiles/test_kindr.dir/linear_algebra/SkewMatrixFromVectorTest.cpp.o[0m
[24.140s] [ 20%] [32mBuilding CXX object test/CMakeFiles/test_kindr.dir/linear_algebra/PseudoInverseTest.cpp.o[0m
[24.147s] [ 23%] [32mBuilding CXX object test/CMakeFiles/test_kindr.dir/common/CommonTest.cpp.o[0m
[27.556s] [ 26%] [32mBuilding CXX object test/CMakeFiles/test_kindr.dir/quaternions/QuaternionTest.cpp.o[0m
[33.244s] [ 29%] [32mBuilding CXX object test/CMakeFiles/test_kindr.dir/rotations/RotationMatrixTest.cpp.o[0m
[34.215s] [ 32%] [32mBuilding CXX object test/CMakeFiles/test_kindr.dir/rotations/RotationQuaternionTest.cpp.o[0m
[51.959s] [ 35%] [32mBuilding CXX object test/CMakeFiles/test_kindr.dir/rotations/RotationVectorTest.cpp.o[0m
[75.604s] [ 38%] [32mBuilding CXX object test/CMakeFiles/test_kindr.dir/rotations/AngleAxisTest.cpp.o[0m
[184.610s] [ 41%] [32mBuilding CXX object test/CMakeFiles/test_kindr.dir/rotations/RotationTest.cpp.o[0m
[194.675s] [ 44%] [32mBuilding CXX object test/CMakeFiles/test_kindr.dir/rotations/ConventionTest.cpp.o[0m
[196.744s] [ 47%] [32mBuilding CXX object test/CMakeFiles/test_kindr.dir/rotations/EulerAnglesXyzTest.cpp.o[0m
[198.846s] [ 50%] [32mBuilding CXX object test/CMakeFiles/test_kindr.dir/rotations/EulerAnglesZyxTest.cpp.o[0m
[289.313s] [ 52%] [32mBuilding CXX object test/CMakeFiles/test_kindr.dir/rotations/GlobalAngularVelocityTest.cpp.o[0m
[294.370s] [ 55%] [32mBuilding CXX object test/CMakeFiles/test_kindr.dir/rotations/RotationQuaternionDiffTest.cpp.o[0m
[294.428s] [ 58%] [32mBuilding CXX object test/CMakeFiles/test_kindr.dir/rotations/LocalAngularVelocityTest.cpp.o[0m
[295.518s] [ 61%] [32mBuilding CXX object test/CMakeFiles/test_kindr.dir/rotations/RotationDiffTest.cpp.o[0m
[326.559s] [ 64%] [32mBuilding CXX object test/CMakeFiles/test_kindr.dir/rotations/EulerAnglesXyzDiffTest.cpp.o[0m
[343.242s] [ 67%] [32mBuilding CXX object test/CMakeFiles/test_kindr.dir/poses/PositionTest.cpp.o[0m
[349.297s] [ 70%] [32mBuilding CXX object test/CMakeFiles/test_kindr.dir/poses/HomogeneousTransformationTest.cpp.o[0m
[350.356s] [ 73%] [32mBuilding CXX object test/CMakeFiles/test_kindr.dir/rotations/EulerAnglesZyxDiffTest.cpp.o[0m
[351.428s] [ 76%] [32mBuilding CXX object test/CMakeFiles/test_kindr.dir/rotations/RotationMatrixDiffTest.cpp.o[0m
[354.501s] [ 79%] [32mBuilding CXX object test/CMakeFiles/test_kindr.dir/poses/PoseDiffTest.cpp.o[0m
[374.646s] [ 82%] [32mBuilding CXX object test/CMakeFiles/test_kindr.dir/poses/TwistWithAngularVelocityTest.cpp.o[0m
[375.717s] [ 85%] [32mBuilding CXX object test/CMakeFiles/test_kindr.dir/poses/PositionDiffTest.cpp.o[0m
[376.882s] [ 88%] [32mBuilding CXX object test/CMakeFiles/test_kindr.dir/vectors/VectorsTest.cpp.o[0m
[380.498s] [ 91%] [32mBuilding CXX object test/CMakeFiles/test_kindr.dir/phys_quant/ForceTest.cpp.o[0m
[405.419s] [ 97%] [32mBuilding CXX object test/CMakeFiles/test_kindr.dir/phys_quant/ScalarTest.cpp.o[0m
[405.421s] [ 97%] [32mBuilding CXX object test/CMakeFiles/test_kindr.dir/phys_quant/WrenchTest.cpp.o[0m
[419.767s] [100%] [32m[1mLinking CXX executable test_kindr[0m
[432.594s] [100%] Built target test_kindr
[432.638s] Invoked command in '/root/Lunar_ROADSTER/lr_ws/build/kindr' returned '0': CMAKE_PREFIX_PATH=${CMAKE_PREFIX_PATH}:/root/Lunar_ROADSTER/lr_ws/install/nav2_simple_commander:/root/microros_ws/install/sensor_msgs_py:/opt/ros/humble /usr/local/bin/cmake --build /root/Lunar_ROADSTER/lr_ws/build/kindr -- -j4 -l4
[432.689s] Invoking command in '/root/Lunar_ROADSTER/lr_ws/build/kindr': CMAKE_PREFIX_PATH=${CMAKE_PREFIX_PATH}:/root/Lunar_ROADSTER/lr_ws/install/nav2_simple_commander:/root/microros_ws/install/sensor_msgs_py:/opt/ros/humble /usr/local/bin/cmake --install /root/Lunar_ROADSTER/lr_ws/build/kindr
[432.715s] -- Install configuration: ""
[432.716s] -- Installing: /root/Lunar_ROADSTER/lr_ws/install/kindr/include/kindr
[432.724s] -- Installing: /root/Lunar_ROADSTER/lr_ws/install/kindr/include/kindr/kindr
[432.726s] -- Installing: /root/Lunar_ROADSTER/lr_ws/install/kindr/include/kindr/kindr/Core
[432.726s] -- Installing: /root/Lunar_ROADSTER/lr_ws/install/kindr/include/kindr/kindr/common
[432.729s] -- Installing: /root/Lunar_ROADSTER/lr_ws/install/kindr/include/kindr/kindr/common/assert_macros.hpp
[432.731s] -- Installing: /root/Lunar_ROADSTER/lr_ws/install/kindr/include/kindr/kindr/common/assert_macros_eigen.hpp
[432.732s] -- Installing: /root/Lunar_ROADSTER/lr_ws/install/kindr/include/kindr/kindr/common/common.hpp
[432.734s] -- Installing: /root/Lunar_ROADSTER/lr_ws/install/kindr/include/kindr/kindr/common/gtest_eigen.hpp
[432.735s] -- Installing: /root/Lunar_ROADSTER/lr_ws/install/kindr/include/kindr/kindr/common/source_file_pos.hpp
[432.735s] -- Installing: /root/Lunar_ROADSTER/lr_ws/install/kindr/include/kindr/kindr/math
[432.737s] -- Installing: /root/Lunar_ROADSTER/lr_ws/install/kindr/include/kindr/kindr/math/LinearAlgebra.hpp
[432.740s] -- Installing: /root/Lunar_ROADSTER/lr_ws/install/kindr/include/kindr/kindr/phys_quant
[432.741s] -- Installing: /root/Lunar_ROADSTER/lr_ws/install/kindr/include/kindr/kindr/phys_quant/PhysicalQuantities.hpp
[432.742s] -- Installing: /root/Lunar_ROADSTER/lr_ws/install/kindr/include/kindr/kindr/phys_quant/PhysicalType.hpp
[432.744s] -- Installing: /root/Lunar_ROADSTER/lr_ws/install/kindr/include/kindr/kindr/phys_quant/Wrench.hpp
[432.745s] -- Installing: /root/Lunar_ROADSTER/lr_ws/install/kindr/include/kindr/kindr/phys_quant/WrenchBase.hpp
[432.747s] -- Installing: /root/Lunar_ROADSTER/lr_ws/install/kindr/include/kindr/kindr/poses
[432.748s] -- Installing: /root/Lunar_ROADSTER/lr_ws/install/kindr/include/kindr/kindr/poses/HomogeneousTransformation.hpp
[432.756s] -- Installing: /root/Lunar_ROADSTER/lr_ws/install/kindr/include/kindr/kindr/poses/Pose.hpp
[432.757s] -- Installing: /root/Lunar_ROADSTER/lr_ws/install/kindr/include/kindr/kindr/poses/PoseBase.hpp
[432.757s] -- Installing: /root/Lunar_ROADSTER/lr_ws/install/kindr/include/kindr/kindr/poses/PoseDiff.hpp
[432.757s] -- Installing: /root/Lunar_ROADSTER/lr_ws/install/kindr/include/kindr/kindr/poses/PoseDiffBase.hpp
[432.758s] -- Installing: /root/Lunar_ROADSTER/lr_ws/install/kindr/include/kindr/kindr/poses/Twist.hpp
[432.760s] -- Installing: /root/Lunar_ROADSTER/lr_ws/install/kindr/include/kindr/kindr/quaternions
[432.761s] -- Installing: /root/Lunar_ROADSTER/lr_ws/install/kindr/include/kindr/kindr/quaternions/Quaternion.hpp
[432.761s] -- Installing: /root/Lunar_ROADSTER/lr_ws/install/kindr/include/kindr/kindr/quaternions/QuaternionBase.hpp
[432.764s] -- Installing: /root/Lunar_ROADSTER/lr_ws/install/kindr/include/kindr/kindr/rotations
[432.765s] -- Installing: /root/Lunar_ROADSTER/lr_ws/install/kindr/include/kindr/kindr/rotations/AngleAxis.hpp
[432.767s] -- Installing: /root/Lunar_ROADSTER/lr_ws/install/kindr/include/kindr/kindr/rotations/EulerAnglesXyz.hpp
[432.768s] -- Installing: /root/Lunar_ROADSTER/lr_ws/install/kindr/include/kindr/kindr/rotations/EulerAnglesXyzDiff.hpp
[432.769s] -- Installing: /root/Lunar_ROADSTER/lr_ws/install/kindr/include/kindr/kindr/rotations/EulerAnglesZyx.hpp
[432.770s] -- Installing: /root/Lunar_ROADSTER/lr_ws/install/kindr/include/kindr/kindr/rotations/EulerAnglesZyxDiff.hpp
[432.771s] -- Installing: /root/Lunar_ROADSTER/lr_ws/install/kindr/include/kindr/kindr/rotations/GlobalAngularVelocity.hpp
[432.772s] -- Installing: /root/Lunar_ROADSTER/lr_ws/install/kindr/include/kindr/kindr/rotations/LocalAngularVelocity.hpp
[432.773s] -- Installing: /root/Lunar_ROADSTER/lr_ws/install/kindr/include/kindr/kindr/rotations/Rotation.hpp
[432.774s] -- Installing: /root/Lunar_ROADSTER/lr_ws/install/kindr/include/kindr/kindr/rotations/RotationBase.hpp
[432.775s] -- Installing: /root/Lunar_ROADSTER/lr_ws/install/kindr/include/kindr/kindr/rotations/RotationConversion.hpp
[432.776s] -- Installing: /root/Lunar_ROADSTER/lr_ws/install/kindr/include/kindr/kindr/rotations/RotationDiff.hpp
[432.776s] -- Installing: /root/Lunar_ROADSTER/lr_ws/install/kindr/include/kindr/kindr/rotations/RotationDiffBase.hpp
[432.777s] -- Installing: /root/Lunar_ROADSTER/lr_ws/install/kindr/include/kindr/kindr/rotations/RotationImpl.hpp
[432.778s] -- Installing: /root/Lunar_ROADSTER/lr_ws/install/kindr/include/kindr/kindr/rotations/RotationMatrix.hpp
[432.779s] -- Installing: /root/Lunar_ROADSTER/lr_ws/install/kindr/include/kindr/kindr/rotations/RotationMatrixDiff.hpp
[432.780s] -- Installing: /root/Lunar_ROADSTER/lr_ws/install/kindr/include/kindr/kindr/rotations/RotationQuaternion.hpp
[432.781s] -- Installing: /root/Lunar_ROADSTER/lr_ws/install/kindr/include/kindr/kindr/rotations/RotationQuaternionDiff.hpp
[432.782s] -- Installing: /root/Lunar_ROADSTER/lr_ws/install/kindr/include/kindr/kindr/rotations/RotationVector.hpp
[432.783s] -- Installing: /root/Lunar_ROADSTER/lr_ws/install/kindr/include/kindr/kindr/rotations/gtest_rotations.hpp
[432.789s] -- Installing: /root/Lunar_ROADSTER/lr_ws/install/kindr/include/kindr/kindr/vectors
[432.789s] -- Installing: /root/Lunar_ROADSTER/lr_ws/install/kindr/include/kindr/kindr/vectors/Vector.hpp
[432.790s] -- Installing: /root/Lunar_ROADSTER/lr_ws/install/kindr/include/kindr/kindr/vectors/VectorBase.hpp
[432.798s] -- Installing: /root/Lunar_ROADSTER/lr_ws/install/kindr/share/kindr/environment/library_path.sh
[432.804s] -- Installing: /root/Lunar_ROADSTER/lr_ws/install/kindr/share/kindr/environment/library_path.dsv
[432.808s] -- Installing: /root/Lunar_ROADSTER/lr_ws/install/kindr/share/ament_index/resource_index/package_run_dependencies/kindr
[432.811s] -- Installing: /root/Lunar_ROADSTER/lr_ws/install/kindr/share/ament_index/resource_index/parent_prefix_path/kindr
[432.813s] -- Installing: /root/Lunar_ROADSTER/lr_ws/install/kindr/share/kindr/environment/ament_prefix_path.sh
[432.815s] -- Installing: /root/Lunar_ROADSTER/lr_ws/install/kindr/share/kindr/environment/ament_prefix_path.dsv
[432.815s] -- Installing: /root/Lunar_ROADSTER/lr_ws/install/kindr/share/kindr/environment/path.sh
[432.816s] -- Installing: /root/Lunar_ROADSTER/lr_ws/install/kindr/share/kindr/environment/path.dsv
[432.817s] -- Installing: /root/Lunar_ROADSTER/lr_ws/install/kindr/share/kindr/local_setup.bash
[432.818s] -- Installing: /root/Lunar_ROADSTER/lr_ws/install/kindr/share/kindr/local_setup.sh
[432.819s] -- Installing: /root/Lunar_ROADSTER/lr_ws/install/kindr/share/kindr/local_setup.zsh
[432.820s] -- Installing: /root/Lunar_ROADSTER/lr_ws/install/kindr/share/kindr/local_setup.dsv
[432.821s] -- Installing: /root/Lunar_ROADSTER/lr_ws/install/kindr/share/kindr/package.dsv
[432.825s] -- Installing: /root/Lunar_ROADSTER/lr_ws/install/kindr/share/ament_index/resource_index/packages/kindr
[432.829s] -- Installing: /root/Lunar_ROADSTER/lr_ws/install/kindr/share/kindr/cmake/export_kindrExport.cmake
[432.831s] -- Installing: /root/Lunar_ROADSTER/lr_ws/install/kindr/share/kindr/cmake/ament_cmake_export_targets-extras.cmake
[432.832s] -- Installing: /root/Lunar_ROADSTER/lr_ws/install/kindr/share/kindr/cmake/ament_cmake_export_dependencies-extras.cmake
[432.835s] -- Installing: /root/Lunar_ROADSTER/lr_ws/install/kindr/share/kindr/cmake/kindrConfig.cmake
[432.835s] -- Installing: /root/Lunar_ROADSTER/lr_ws/install/kindr/share/kindr/cmake/kindrConfig-version.cmake
[432.836s] -- Installing: /root/Lunar_ROADSTER/lr_ws/install/kindr/share/kindr/package.xml
[432.841s] Invoked command in '/root/Lunar_ROADSTER/lr_ws/build/kindr' returned '0': CMAKE_PREFIX_PATH=${CMAKE_PREFIX_PATH}:/root/Lunar_ROADSTER/lr_ws/install/nav2_simple_commander:/root/microros_ws/install/sensor_msgs_py:/opt/ros/humble /usr/local/bin/cmake --install /root/Lunar_ROADSTER/lr_ws/build/kindr
