[0.050s] Invoking command in '/home/williamfbx/Lunar-ROADSTER/lr_ws/build/rviz_plugin_zed_od': CMAKE_PREFIX_PATH=${CMAKE_PREFIX_PATH}:/opt/ros/humble /usr/bin/cmake --build /home/williamfbx/Lunar-ROADSTER/lr_ws/build/rviz_plugin_zed_od -- -j12 -l12
[0.140s] [ 20%] [34m[1mAutomatic MOC and UIC for target rviz_plugin_zed_od[0m
[0.229s] [ 20%] Built target rviz_plugin_zed_od_autogen
[0.254s] [100%] Built target rviz_plugin_zed_od
[0.343s] Invoked command in '/home/williamfbx/Lunar-ROADSTER/lr_ws/build/rviz_plugin_zed_od' returned '0': CMAKE_PREFIX_PATH=${CMAKE_PREFIX_PATH}:/opt/ros/humble /usr/bin/cmake --build /home/williamfbx/Lunar-ROADSTER/lr_ws/build/rviz_plugin_zed_od -- -j12 -l12
[0.346s] Invoking command in '/home/williamfbx/Lunar-ROADSTER/lr_ws/build/rviz_plugin_zed_od': CMAKE_PREFIX_PATH=${CMAKE_PREFIX_PATH}:/opt/ros/humble /usr/bin/cmake --install /home/williamfbx/Lunar-ROADSTER/lr_ws/build/rviz_plugin_zed_od
[0.363s] -- Install configuration: ""
[0.363s] -- Up-to-date: /home/williamfbx/Lunar-ROADSTER/lr_ws/install/rviz_plugin_zed_od/share/rviz_plugin_zed_od/plugins_description.xml
[0.363s] -- Up-to-date: /home/williamfbx/Lunar-ROADSTER/lr_ws/install/rviz_plugin_zed_od/share/rviz_plugin_zed_od/environment/library_path.sh
[0.363s] -- Up-to-date: /home/williamfbx/Lunar-ROADSTER/lr_ws/install/rviz_plugin_zed_od/share/rviz_plugin_zed_od/environment/library_path.dsv
[0.363s] -- Up-to-date: /home/williamfbx/Lunar-ROADSTER/lr_ws/install/rviz_plugin_zed_od/lib/librviz_plugin_zed_od.so
[0.363s] -- Up-to-date: /home/williamfbx/Lunar-ROADSTER/lr_ws/install/rviz_plugin_zed_od/include/rviz_plugin_zed_od/
[0.363s] -- Up-to-date: /home/williamfbx/Lunar-ROADSTER/lr_ws/install/rviz_plugin_zed_od/include/rviz_plugin_zed_od//visibility_control.hpp
[0.363s] -- Up-to-date: /home/williamfbx/Lunar-ROADSTER/lr_ws/install/rviz_plugin_zed_od/include/rviz_plugin_zed_od/
[0.363s] -- Up-to-date: /home/williamfbx/Lunar-ROADSTER/lr_ws/install/rviz_plugin_zed_od/include/rviz_plugin_zed_od//zed_od_display.hpp
[0.363s] -- Up-to-date: /home/williamfbx/Lunar-ROADSTER/lr_ws/install/rviz_plugin_zed_od/include/rviz_plugin_zed_od//zed_body_parts.hpp
[0.363s] -- Up-to-date: /home/williamfbx/Lunar-ROADSTER/lr_ws/install/rviz_plugin_zed_od/include/rviz_plugin_zed_od//zed_od_info.hpp
[0.364s] -- Up-to-date: /home/williamfbx/Lunar-ROADSTER/lr_ws/install/rviz_plugin_zed_od/share/rviz_plugin_zed_od/icons
[0.364s] -- Up-to-date: /home/williamfbx/Lunar-ROADSTER/lr_ws/install/rviz_plugin_zed_od/share/rviz_plugin_zed_od/icons/ZedObjDet.png
[0.364s] -- Up-to-date: /home/williamfbx/Lunar-ROADSTER/lr_ws/install/rviz_plugin_zed_od/share/ament_index/resource_index/package_run_dependencies/rviz_plugin_zed_od
[0.364s] -- Up-to-date: /home/williamfbx/Lunar-ROADSTER/lr_ws/install/rviz_plugin_zed_od/share/ament_index/resource_index/parent_prefix_path/rviz_plugin_zed_od
[0.364s] -- Up-to-date: /home/williamfbx/Lunar-ROADSTER/lr_ws/install/rviz_plugin_zed_od/share/rviz_plugin_zed_od/environment/ament_prefix_path.sh
[0.364s] -- Up-to-date: /home/williamfbx/Lunar-ROADSTER/lr_ws/install/rviz_plugin_zed_od/share/rviz_plugin_zed_od/environment/ament_prefix_path.dsv
[0.364s] -- Up-to-date: /home/williamfbx/Lunar-ROADSTER/lr_ws/install/rviz_plugin_zed_od/share/rviz_plugin_zed_od/environment/path.sh
[0.364s] -- Up-to-date: /home/williamfbx/Lunar-ROADSTER/lr_ws/install/rviz_plugin_zed_od/share/rviz_plugin_zed_od/environment/path.dsv
[0.364s] -- Up-to-date: /home/williamfbx/Lunar-ROADSTER/lr_ws/install/rviz_plugin_zed_od/share/rviz_plugin_zed_od/local_setup.bash
[0.364s] -- Up-to-date: /home/williamfbx/Lunar-ROADSTER/lr_ws/install/rviz_plugin_zed_od/share/rviz_plugin_zed_od/local_setup.sh
[0.364s] -- Up-to-date: /home/williamfbx/Lunar-ROADSTER/lr_ws/install/rviz_plugin_zed_od/share/rviz_plugin_zed_od/local_setup.zsh
[0.364s] -- Up-to-date: /home/williamfbx/Lunar-ROADSTER/lr_ws/install/rviz_plugin_zed_od/share/rviz_plugin_zed_od/local_setup.dsv
[0.364s] -- Installing: /home/williamfbx/Lunar-ROADSTER/lr_ws/install/rviz_plugin_zed_od/share/rviz_plugin_zed_od/package.dsv
[0.364s] -- Up-to-date: /home/williamfbx/Lunar-ROADSTER/lr_ws/install/rviz_plugin_zed_od/share/ament_index/resource_index/packages/rviz_plugin_zed_od
[0.364s] -- Up-to-date: /home/williamfbx/Lunar-ROADSTER/lr_ws/install/rviz_plugin_zed_od/share/ament_index/resource_index/rviz_common__pluginlib__plugin/rviz_plugin_zed_od
[0.364s] -- Up-to-date: /home/williamfbx/Lunar-ROADSTER/lr_ws/install/rviz_plugin_zed_od/share/rviz_plugin_zed_od/cmake/rviz_plugin_zed_odExport.cmake
[0.364s] -- Up-to-date: /home/williamfbx/Lunar-ROADSTER/lr_ws/install/rviz_plugin_zed_od/share/rviz_plugin_zed_od/cmake/rviz_plugin_zed_odExport-noconfig.cmake
[0.364s] -- Up-to-date: /home/williamfbx/Lunar-ROADSTER/lr_ws/install/rviz_plugin_zed_od/share/rviz_plugin_zed_od/cmake/ament_cmake_export_include_directories-extras.cmake
[0.364s] -- Up-to-date: /home/williamfbx/Lunar-ROADSTER/lr_ws/install/rviz_plugin_zed_od/share/rviz_plugin_zed_od/cmake/ament_cmake_export_targets-extras.cmake
[0.365s] -- Up-to-date: /home/williamfbx/Lunar-ROADSTER/lr_ws/install/rviz_plugin_zed_od/share/rviz_plugin_zed_od/cmake/ament_cmake_export_dependencies-extras.cmake
[0.365s] -- Up-to-date: /home/williamfbx/Lunar-ROADSTER/lr_ws/install/rviz_plugin_zed_od/share/rviz_plugin_zed_od/cmake/rviz_plugin_zed_odConfig.cmake
[0.365s] -- Up-to-date: /home/williamfbx/Lunar-ROADSTER/lr_ws/install/rviz_plugin_zed_od/share/rviz_plugin_zed_od/cmake/rviz_plugin_zed_odConfig-version.cmake
[0.365s] -- Up-to-date: /home/williamfbx/Lunar-ROADSTER/lr_ws/install/rviz_plugin_zed_od/share/rviz_plugin_zed_od/package.xml
[0.471s] Invoked command in '/home/williamfbx/Lunar-ROADSTER/lr_ws/build/rviz_plugin_zed_od' returned '0': CMAKE_PREFIX_PATH=${CMAKE_PREFIX_PATH}:/opt/ros/humble /usr/bin/cmake --install /home/williamfbx/Lunar-ROADSTER/lr_ws/build/rviz_plugin_zed_od
