[0.220s] Invoking command in '/root/Lunar_ROADSTER/lr_ws/build/imu': CMAKE_PREFIX_PATH=/opt/ros/humble /usr/local/bin/cmake --build /root/Lunar_ROADSTER/lr_ws/build/imu -- -j4 -l4
[0.345s] [35m[1mConsolidate compiler generated dependencies of target imu_base_link_conversion_node[0m
[0.469s] [100%] Built target imu_base_link_conversion_node
[0.496s] Invoked command in '/root/Lunar_ROADSTER/lr_ws/build/imu' returned '0': CMAKE_PREFIX_PATH=/opt/ros/humble /usr/local/bin/cmake --build /root/Lunar_ROADSTER/lr_ws/build/imu -- -j4 -l4
[0.506s] Invoking command in '/root/Lunar_ROADSTER/lr_ws/build/imu': CMAKE_PREFIX_PATH=/opt/ros/humble /usr/local/bin/cmake --install /root/Lunar_ROADSTER/lr_ws/build/imu
[0.563s] -- Install configuration: ""
[0.564s] -- Up-to-date: /root/Lunar_ROADSTER/lr_ws/install/imu/lib/imu/imu_base_link_conversion_node
[0.564s] -- Up-to-date: /root/Lunar_ROADSTER/lr_ws/install/imu/include/imu
[0.564s] -- Up-to-date: /root/Lunar_ROADSTER/lr_ws/install/imu/include/imu/imu_base_link_conversion_node.hpp
[0.565s] -- Up-to-date: /root/Lunar_ROADSTER/lr_ws/install/imu/share/imu/launch
[0.565s] -- Up-to-date: /root/Lunar_ROADSTER/lr_ws/install/imu/share/imu/launch/imu_launch.py
[0.565s] -- Up-to-date: /root/Lunar_ROADSTER/lr_ws/install/imu/share/imu/launch/__pycache__
[0.566s] -- Up-to-date: /root/Lunar_ROADSTER/lr_ws/install/imu/share/imu/launch/__pycache__/imu_launch.cpython-310.pyc
[0.566s] -- Up-to-date: /root/Lunar_ROADSTER/lr_ws/install/imu/share/imu//config
[0.566s] -- Up-to-date: /root/Lunar_ROADSTER/lr_ws/install/imu/share/imu//config/imu_node_params.yaml
[0.567s] -- Up-to-date: /root/Lunar_ROADSTER/lr_ws/install/imu/share/imu//config/imu_static_tf_params.yaml
[0.567s] -- Up-to-date: /root/Lunar_ROADSTER/lr_ws/install/imu/share/ament_index/resource_index/package_run_dependencies/imu
[0.567s] -- Up-to-date: /root/Lunar_ROADSTER/lr_ws/install/imu/share/ament_index/resource_index/parent_prefix_path/imu
[0.568s] -- Up-to-date: /root/Lunar_ROADSTER/lr_ws/install/imu/share/imu/environment/ament_prefix_path.sh
[0.568s] -- Up-to-date: /root/Lunar_ROADSTER/lr_ws/install/imu/share/imu/environment/ament_prefix_path.dsv
[0.568s] -- Up-to-date: /root/Lunar_ROADSTER/lr_ws/install/imu/share/imu/environment/path.sh
[0.569s] -- Up-to-date: /root/Lunar_ROADSTER/lr_ws/install/imu/share/imu/environment/path.dsv
[0.569s] -- Up-to-date: /root/Lunar_ROADSTER/lr_ws/install/imu/share/imu/local_setup.bash
[0.569s] -- Up-to-date: /root/Lunar_ROADSTER/lr_ws/install/imu/share/imu/local_setup.sh
[0.570s] -- Up-to-date: /root/Lunar_ROADSTER/lr_ws/install/imu/share/imu/local_setup.zsh
[0.570s] -- Up-to-date: /root/Lunar_ROADSTER/lr_ws/install/imu/share/imu/local_setup.dsv
[0.570s] -- Installing: /root/Lunar_ROADSTER/lr_ws/install/imu/share/imu/package.dsv
[0.572s] -- Up-to-date: /root/Lunar_ROADSTER/lr_ws/install/imu/share/ament_index/resource_index/packages/imu
[0.573s] -- Up-to-date: /root/Lunar_ROADSTER/lr_ws/install/imu/share/imu/cmake/imuConfig.cmake
[0.573s] -- Up-to-date: /root/Lunar_ROADSTER/lr_ws/install/imu/share/imu/cmake/imuConfig-version.cmake
[0.573s] -- Up-to-date: /root/Lunar_ROADSTER/lr_ws/install/imu/share/imu/package.xml
[0.747s] Invoked command in '/root/Lunar_ROADSTER/lr_ws/build/imu' returned '0': CMAKE_PREFIX_PATH=/opt/ros/humble /usr/local/bin/cmake --install /root/Lunar_ROADSTER/lr_ws/build/imu
