[0.226s] Invoking command in '/root/Lunar_ROADSTER/lr_ws/build/lx_msgs': CMAKE_PREFIX_PATH=${CMAKE_PREFIX_PATH}:/root/Lunar_ROADSTER/lr_ws/install/nav2_simple_commander:/opt/ros/humble /usr/local/bin/cmake --build /root/Lunar_ROADSTER/lr_ws/build/lx_msgs -- -j4 -l4
[0.946s] [  0%] Built target lx_msgs__cpp
[1.185s] [ 12%] Built target lx_msgs__rosidl_generator_c
[1.582s] [ 12%] Built target ament_cmake_python_copy_lx_msgs
[1.646s] [ 24%] Built target lx_msgs__rosidl_typesupport_fastrtps_cpp
[1.969s] [ 37%] Built target lx_msgs__rosidl_typesupport_introspection_cpp
[2.069s] [ 49%] Built target lx_msgs__rosidl_typesupport_fastrtps_c
[2.269s] [ 61%] Built target lx_msgs__rosidl_typesupport_introspection_c
[2.369s] [ 73%] Built target lx_msgs__rosidl_typesupport_c
[3.062s] [ 85%] Built target lx_msgs__rosidl_typesupport_cpp
[3.588s] [ 85%] Built target lx_msgs
[4.059s] [ 86%] Built target lx_msgs__py
[4.577s] [ 97%] Built target lx_msgs__rosidl_generator_py
[4.966s] [ 98%] Built target lx_msgs__rosidl_typesupport_fastrtps_c__pyext
[5.552s] running egg_info
[5.556s] writing lx_msgs.egg-info/PKG-INFO
[5.558s] writing dependency_links to lx_msgs.egg-info/dependency_links.txt
[5.558s] writing top-level names to lx_msgs.egg-info/top_level.txt
[5.585s] reading manifest file 'lx_msgs.egg-info/SOURCES.txt'
[5.590s] writing manifest file 'lx_msgs.egg-info/SOURCES.txt'
[5.734s] [ 98%] Built target ament_cmake_python_build_lx_msgs_egg
[6.038s] [ 99%] Built target lx_msgs__rosidl_typesupport_c__pyext
[6.607s] [100%] Built target lx_msgs__rosidl_typesupport_introspection_c__pyext
[6.609s] Invoked command in '/root/Lunar_ROADSTER/lr_ws/build/lx_msgs' returned '0': CMAKE_PREFIX_PATH=${CMAKE_PREFIX_PATH}:/root/Lunar_ROADSTER/lr_ws/install/nav2_simple_commander:/opt/ros/humble /usr/local/bin/cmake --build /root/Lunar_ROADSTER/lr_ws/build/lx_msgs -- -j4 -l4
[6.611s] Invoking command in '/root/Lunar_ROADSTER/lr_ws/build/lx_msgs': CMAKE_PREFIX_PATH=${CMAKE_PREFIX_PATH}:/root/Lunar_ROADSTER/lr_ws/install/nav2_simple_commander:/opt/ros/humble /usr/local/bin/cmake --install /root/Lunar_ROADSTER/lr_ws/build/lx_msgs
[6.611s] -- Install configuration: ""
[6.630s] -- Up-to-date: /root/Lunar_ROADSTER/lr_ws/install/lx_msgs/share/ament_index/resource_index/rosidl_interfaces/lx_msgs
[6.630s] -- Up-to-date: /root/Lunar_ROADSTER/lr_ws/install/lx_msgs/include/lx_msgs/lx_msgs
[6.630s] -- Up-to-date: /root/Lunar_ROADSTER/lr_ws/install/lx_msgs/include/lx_msgs/lx_msgs/msg
[6.631s] -- Up-to-date: /root/Lunar_ROADSTER/lr_ws/install/lx_msgs/include/lx_msgs/lx_msgs/msg/rover_command.h
[6.631s] -- Up-to-date: /root/Lunar_ROADSTER/lr_ws/install/lx_msgs/include/lx_msgs/lx_msgs/msg/rosidl_generator_c__visibility_control.h
[6.631s] -- Up-to-date: /root/Lunar_ROADSTER/lr_ws/install/lx_msgs/include/lx_msgs/lx_msgs/msg/detail
[6.631s] -- Up-to-date: /root/Lunar_ROADSTER/lr_ws/install/lx_msgs/include/lx_msgs/lx_msgs/msg/detail/rover_command__functions.c
[6.632s] -- Up-to-date: /root/Lunar_ROADSTER/lr_ws/install/lx_msgs/include/lx_msgs/lx_msgs/msg/detail/rover_command__functions.h
[6.632s] -- Up-to-date: /root/Lunar_ROADSTER/lr_ws/install/lx_msgs/include/lx_msgs/lx_msgs/msg/detail/rover_command__struct.h
[6.632s] -- Up-to-date: /root/Lunar_ROADSTER/lr_ws/install/lx_msgs/include/lx_msgs/lx_msgs/msg/detail/rover_command__type_support.h
[6.633s] -- Up-to-date: /root/Lunar_ROADSTER/lr_ws/install/lx_msgs/include/lx_msgs/lx_msgs/msg/detail/tool_info__functions.c
[6.633s] -- Up-to-date: /root/Lunar_ROADSTER/lr_ws/install/lx_msgs/include/lx_msgs/lx_msgs/msg/detail/tool_info__functions.h
[6.633s] -- Up-to-date: /root/Lunar_ROADSTER/lr_ws/install/lx_msgs/include/lx_msgs/lx_msgs/msg/detail/tool_info__struct.h
[6.634s] -- Up-to-date: /root/Lunar_ROADSTER/lr_ws/install/lx_msgs/include/lx_msgs/lx_msgs/msg/detail/tool_info__type_support.h
[6.634s] -- Up-to-date: /root/Lunar_ROADSTER/lr_ws/install/lx_msgs/include/lx_msgs/lx_msgs/msg/detail/berm_progress__functions.c
[6.634s] -- Up-to-date: /root/Lunar_ROADSTER/lr_ws/install/lx_msgs/include/lx_msgs/lx_msgs/msg/detail/berm_progress__functions.h
[6.635s] -- Up-to-date: /root/Lunar_ROADSTER/lr_ws/install/lx_msgs/include/lx_msgs/lx_msgs/msg/detail/berm_progress__struct.h
[6.635s] -- Up-to-date: /root/Lunar_ROADSTER/lr_ws/install/lx_msgs/include/lx_msgs/lx_msgs/msg/detail/berm_progress__type_support.h
[6.658s] -- Up-to-date: /root/Lunar_ROADSTER/lr_ws/install/lx_msgs/include/lx_msgs/lx_msgs/msg/detail/berm_config__functions.c
[6.659s] -- Up-to-date: /root/Lunar_ROADSTER/lr_ws/install/lx_msgs/include/lx_msgs/lx_msgs/msg/detail/berm_config__functions.h
[6.659s] -- Up-to-date: /root/Lunar_ROADSTER/lr_ws/install/lx_msgs/include/lx_msgs/lx_msgs/msg/detail/berm_config__struct.h
[6.660s] -- Up-to-date: /root/Lunar_ROADSTER/lr_ws/install/lx_msgs/include/lx_msgs/lx_msgs/msg/detail/berm_config__type_support.h
[6.660s] -- Up-to-date: /root/Lunar_ROADSTER/lr_ws/install/lx_msgs/include/lx_msgs/lx_msgs/msg/detail/planned_task__functions.c
[6.660s] -- Up-to-date: /root/Lunar_ROADSTER/lr_ws/install/lx_msgs/include/lx_msgs/lx_msgs/msg/detail/planned_task__functions.h
[6.661s] -- Up-to-date: /root/Lunar_ROADSTER/lr_ws/install/lx_msgs/include/lx_msgs/lx_msgs/msg/detail/planned_task__struct.h
[6.661s] -- Up-to-date: /root/Lunar_ROADSTER/lr_ws/install/lx_msgs/include/lx_msgs/lx_msgs/msg/detail/planned_task__type_support.h
[6.661s] -- Up-to-date: /root/Lunar_ROADSTER/lr_ws/install/lx_msgs/include/lx_msgs/lx_msgs/msg/detail/node_diagnostics__functions.c
[6.662s] -- Up-to-date: /root/Lunar_ROADSTER/lr_ws/install/lx_msgs/include/lx_msgs/lx_msgs/msg/detail/node_diagnostics__functions.h
[6.663s] -- Up-to-date: /root/Lunar_ROADSTER/lr_ws/install/lx_msgs/include/lx_msgs/lx_msgs/msg/detail/node_diagnostics__struct.h
[6.663s] -- Up-to-date: /root/Lunar_ROADSTER/lr_ws/install/lx_msgs/include/lx_msgs/lx_msgs/msg/detail/node_diagnostics__type_support.h
[6.676s] -- Up-to-date: /root/Lunar_ROADSTER/lr_ws/install/lx_msgs/include/lx_msgs/lx_msgs/msg/detail/berm_section__functions.c
[6.677s] -- Up-to-date: /root/Lunar_ROADSTER/lr_ws/install/lx_msgs/include/lx_msgs/lx_msgs/msg/detail/berm_section__functions.h
[6.688s] -- Up-to-date: /root/Lunar_ROADSTER/lr_ws/install/lx_msgs/include/lx_msgs/lx_msgs/msg/detail/berm_section__struct.h
[6.689s] -- Up-to-date: /root/Lunar_ROADSTER/lr_ws/install/lx_msgs/include/lx_msgs/lx_msgs/msg/detail/berm_section__type_support.h
[6.689s] -- Up-to-date: /root/Lunar_ROADSTER/lr_ws/install/lx_msgs/include/lx_msgs/lx_msgs/msg/tool_info.h
[6.689s] -- Up-to-date: /root/Lunar_ROADSTER/lr_ws/install/lx_msgs/include/lx_msgs/lx_msgs/msg/berm_progress.h
[6.694s] -- Up-to-date: /root/Lunar_ROADSTER/lr_ws/install/lx_msgs/include/lx_msgs/lx_msgs/msg/berm_config.h
[6.702s] -- Up-to-date: /root/Lunar_ROADSTER/lr_ws/install/lx_msgs/include/lx_msgs/lx_msgs/msg/planned_task.h
[6.716s] -- Up-to-date: /root/Lunar_ROADSTER/lr_ws/install/lx_msgs/include/lx_msgs/lx_msgs/msg/node_diagnostics.h
[6.716s] -- Up-to-date: /root/Lunar_ROADSTER/lr_ws/install/lx_msgs/include/lx_msgs/lx_msgs/msg/berm_section.h
[6.717s] -- Up-to-date: /root/Lunar_ROADSTER/lr_ws/install/lx_msgs/include/lx_msgs/lx_msgs/srv
[6.717s] -- Up-to-date: /root/Lunar_ROADSTER/lr_ws/install/lx_msgs/include/lx_msgs/lx_msgs/srv/berm_progress_eval.h
[6.717s] -- Up-to-date: /root/Lunar_ROADSTER/lr_ws/install/lx_msgs/include/lx_msgs/lx_msgs/srv/detail
[6.718s] -- Up-to-date: /root/Lunar_ROADSTER/lr_ws/install/lx_msgs/include/lx_msgs/lx_msgs/srv/detail/berm_progress_eval__functions.c
[6.718s] -- Up-to-date: /root/Lunar_ROADSTER/lr_ws/install/lx_msgs/include/lx_msgs/lx_msgs/srv/detail/berm_progress_eval__functions.h
[6.718s] -- Up-to-date: /root/Lunar_ROADSTER/lr_ws/install/lx_msgs/include/lx_msgs/lx_msgs/srv/detail/berm_progress_eval__struct.h
[6.719s] -- Up-to-date: /root/Lunar_ROADSTER/lr_ws/install/lx_msgs/include/lx_msgs/lx_msgs/srv/detail/berm_progress_eval__type_support.h
[6.719s] -- Up-to-date: /root/Lunar_ROADSTER/lr_ws/install/lx_msgs/include/lx_msgs/lx_msgs/srv/detail/switch__functions.c
[6.719s] -- Up-to-date: /root/Lunar_ROADSTER/lr_ws/install/lx_msgs/include/lx_msgs/lx_msgs/srv/detail/switch__functions.h
[6.720s] -- Up-to-date: /root/Lunar_ROADSTER/lr_ws/install/lx_msgs/include/lx_msgs/lx_msgs/srv/detail/switch__struct.h
[6.720s] -- Up-to-date: /root/Lunar_ROADSTER/lr_ws/install/lx_msgs/include/lx_msgs/lx_msgs/srv/detail/switch__type_support.h
[6.720s] -- Up-to-date: /root/Lunar_ROADSTER/lr_ws/install/lx_msgs/include/lx_msgs/lx_msgs/srv/detail/plan__functions.c
[6.721s] -- Up-to-date: /root/Lunar_ROADSTER/lr_ws/install/lx_msgs/include/lx_msgs/lx_msgs/srv/detail/plan__functions.h
[6.721s] -- Up-to-date: /root/Lunar_ROADSTER/lr_ws/install/lx_msgs/include/lx_msgs/lx_msgs/srv/detail/plan__struct.h
[6.721s] -- Up-to-date: /root/Lunar_ROADSTER/lr_ws/install/lx_msgs/include/lx_msgs/lx_msgs/srv/detail/plan__type_support.h
[6.722s] -- Up-to-date: /root/Lunar_ROADSTER/lr_ws/install/lx_msgs/include/lx_msgs/lx_msgs/srv/detail/user_input_record__functions.c
[6.722s] -- Up-to-date: /root/Lunar_ROADSTER/lr_ws/install/lx_msgs/include/lx_msgs/lx_msgs/srv/detail/user_input_record__functions.h
[6.722s] -- Up-to-date: /root/Lunar_ROADSTER/lr_ws/install/lx_msgs/include/lx_msgs/lx_msgs/srv/detail/user_input_record__struct.h
[6.723s] -- Up-to-date: /root/Lunar_ROADSTER/lr_ws/install/lx_msgs/include/lx_msgs/lx_msgs/srv/detail/user_input_record__type_support.h
[6.723s] -- Up-to-date: /root/Lunar_ROADSTER/lr_ws/install/lx_msgs/include/lx_msgs/lx_msgs/srv/detail/berm_service__functions.c
[6.723s] -- Up-to-date: /root/Lunar_ROADSTER/lr_ws/install/lx_msgs/include/lx_msgs/lx_msgs/srv/detail/berm_service__functions.h
[6.734s] -- Up-to-date: /root/Lunar_ROADSTER/lr_ws/install/lx_msgs/include/lx_msgs/lx_msgs/srv/detail/berm_service__struct.h
[6.734s] -- Up-to-date: /root/Lunar_ROADSTER/lr_ws/install/lx_msgs/include/lx_msgs/lx_msgs/srv/detail/berm_service__type_support.h
[6.735s] -- Up-to-date: /root/Lunar_ROADSTER/lr_ws/install/lx_msgs/include/lx_msgs/lx_msgs/srv/detail/zone_service__functions.c
[6.735s] -- Up-to-date: /root/Lunar_ROADSTER/lr_ws/install/lx_msgs/include/lx_msgs/lx_msgs/srv/detail/zone_service__functions.h
[6.735s] -- Up-to-date: /root/Lunar_ROADSTER/lr_ws/install/lx_msgs/include/lx_msgs/lx_msgs/srv/detail/zone_service__struct.h
[6.742s] -- Up-to-date: /root/Lunar_ROADSTER/lr_ws/install/lx_msgs/include/lx_msgs/lx_msgs/srv/detail/zone_service__type_support.h
[6.752s] -- Up-to-date: /root/Lunar_ROADSTER/lr_ws/install/lx_msgs/include/lx_msgs/lx_msgs/srv/detail/request_rover_service__functions.c
[6.772s] -- Up-to-date: /root/Lunar_ROADSTER/lr_ws/install/lx_msgs/include/lx_msgs/lx_msgs/srv/detail/request_rover_service__functions.h
[6.775s] -- Up-to-date: /root/Lunar_ROADSTER/lr_ws/install/lx_msgs/include/lx_msgs/lx_msgs/srv/detail/request_rover_service__struct.h
[6.776s] -- Up-to-date: /root/Lunar_ROADSTER/lr_ws/install/lx_msgs/include/lx_msgs/lx_msgs/srv/detail/request_rover_service__type_support.h
[6.783s] -- Up-to-date: /root/Lunar_ROADSTER/lr_ws/install/lx_msgs/include/lx_msgs/lx_msgs/srv/detail/pcl_ground_height__functions.c
[6.784s] -- Up-to-date: /root/Lunar_ROADSTER/lr_ws/install/lx_msgs/include/lx_msgs/lx_msgs/srv/detail/pcl_ground_height__functions.h
[6.784s] -- Up-to-date: /root/Lunar_ROADSTER/lr_ws/install/lx_msgs/include/lx_msgs/lx_msgs/srv/detail/pcl_ground_height__struct.h
[6.784s] -- Up-to-date: /root/Lunar_ROADSTER/lr_ws/install/lx_msgs/include/lx_msgs/lx_msgs/srv/detail/pcl_ground_height__type_support.h
[6.785s] -- Up-to-date: /root/Lunar_ROADSTER/lr_ws/install/lx_msgs/include/lx_msgs/lx_msgs/srv/switch.h
[6.785s] -- Up-to-date: /root/Lunar_ROADSTER/lr_ws/install/lx_msgs/include/lx_msgs/lx_msgs/srv/plan.h
[6.785s] -- Up-to-date: /root/Lunar_ROADSTER/lr_ws/install/lx_msgs/include/lx_msgs/lx_msgs/srv/user_input_record.h
[6.785s] -- Up-to-date: /root/Lunar_ROADSTER/lr_ws/install/lx_msgs/include/lx_msgs/lx_msgs/srv/berm_service.h
[6.786s] -- Up-to-date: /root/Lunar_ROADSTER/lr_ws/install/lx_msgs/include/lx_msgs/lx_msgs/srv/zone_service.h
[6.786s] -- Up-to-date: /root/Lunar_ROADSTER/lr_ws/install/lx_msgs/include/lx_msgs/lx_msgs/srv/request_rover_service.h
[6.786s] -- Up-to-date: /root/Lunar_ROADSTER/lr_ws/install/lx_msgs/include/lx_msgs/lx_msgs/srv/pcl_ground_height.h
[6.787s] -- Up-to-date: /root/Lunar_ROADSTER/lr_ws/install/lx_msgs/include/lx_msgs/lx_msgs/action
[6.787s] -- Up-to-date: /root/Lunar_ROADSTER/lr_ws/install/lx_msgs/include/lx_msgs/lx_msgs/action/operation.h
[6.787s] -- Up-to-date: /root/Lunar_ROADSTER/lr_ws/install/lx_msgs/include/lx_msgs/lx_msgs/action/detail
[6.787s] -- Up-to-date: /root/Lunar_ROADSTER/lr_ws/install/lx_msgs/include/lx_msgs/lx_msgs/action/detail/operation__functions.c
[6.788s] -- Up-to-date: /root/Lunar_ROADSTER/lr_ws/install/lx_msgs/include/lx_msgs/lx_msgs/action/detail/operation__functions.h
[6.788s] -- Up-to-date: /root/Lunar_ROADSTER/lr_ws/install/lx_msgs/include/lx_msgs/lx_msgs/action/detail/operation__struct.h
[6.788s] -- Up-to-date: /root/Lunar_ROADSTER/lr_ws/install/lx_msgs/include/lx_msgs/lx_msgs/action/detail/operation__type_support.h
[6.789s] -- Up-to-date: /root/Lunar_ROADSTER/lr_ws/install/lx_msgs/include/lx_msgs/lx_msgs/action/detail/auto_dig__functions.c
[6.789s] -- Up-to-date: /root/Lunar_ROADSTER/lr_ws/install/lx_msgs/include/lx_msgs/lx_msgs/action/detail/auto_dig__functions.h
[6.789s] -- Up-to-date: /root/Lunar_ROADSTER/lr_ws/install/lx_msgs/include/lx_msgs/lx_msgs/action/detail/auto_dig__struct.h
[6.789s] -- Up-to-date: /root/Lunar_ROADSTER/lr_ws/install/lx_msgs/include/lx_msgs/lx_msgs/action/detail/auto_dig__type_support.h
[6.809s] -- Up-to-date: /root/Lunar_ROADSTER/lr_ws/install/lx_msgs/include/lx_msgs/lx_msgs/action/detail/auto_dump__functions.c
[6.820s] -- Up-to-date: /root/Lunar_ROADSTER/lr_ws/install/lx_msgs/include/lx_msgs/lx_msgs/action/detail/auto_dump__functions.h
[6.821s] -- Up-to-date: /root/Lunar_ROADSTER/lr_ws/install/lx_msgs/include/lx_msgs/lx_msgs/action/detail/auto_dump__struct.h
[6.821s] -- Up-to-date: /root/Lunar_ROADSTER/lr_ws/install/lx_msgs/include/lx_msgs/lx_msgs/action/detail/auto_dump__type_support.h
[6.822s] -- Up-to-date: /root/Lunar_ROADSTER/lr_ws/install/lx_msgs/include/lx_msgs/lx_msgs/action/detail/auto_nav__functions.c
[6.822s] -- Up-to-date: /root/Lunar_ROADSTER/lr_ws/install/lx_msgs/include/lx_msgs/lx_msgs/action/detail/auto_nav__functions.h
[6.823s] -- Up-to-date: /root/Lunar_ROADSTER/lr_ws/install/lx_msgs/include/lx_msgs/lx_msgs/action/detail/auto_nav__struct.h
[6.823s] -- Up-to-date: /root/Lunar_ROADSTER/lr_ws/install/lx_msgs/include/lx_msgs/lx_msgs/action/detail/auto_nav__type_support.h
[6.824s] -- Up-to-date: /root/Lunar_ROADSTER/lr_ws/install/lx_msgs/include/lx_msgs/lx_msgs/action/detail/calibrate_imu__functions.c
[6.824s] -- Up-to-date: /root/Lunar_ROADSTER/lr_ws/install/lx_msgs/include/lx_msgs/lx_msgs/action/detail/calibrate_imu__functions.h
[6.824s] -- Up-to-date: /root/Lunar_ROADSTER/lr_ws/install/lx_msgs/include/lx_msgs/lx_msgs/action/detail/calibrate_imu__struct.h
[6.824s] -- Up-to-date: /root/Lunar_ROADSTER/lr_ws/install/lx_msgs/include/lx_msgs/lx_msgs/action/detail/calibrate_imu__type_support.h
[6.825s] -- Up-to-date: /root/Lunar_ROADSTER/lr_ws/install/lx_msgs/include/lx_msgs/lx_msgs/action/auto_dig.h
[6.825s] -- Up-to-date: /root/Lunar_ROADSTER/lr_ws/install/lx_msgs/include/lx_msgs/lx_msgs/action/auto_dump.h
[6.826s] -- Up-to-date: /root/Lunar_ROADSTER/lr_ws/install/lx_msgs/include/lx_msgs/lx_msgs/action/auto_nav.h
[6.827s] -- Up-to-date: /root/Lunar_ROADSTER/lr_ws/install/lx_msgs/include/lx_msgs/lx_msgs/action/calibrate_imu.h
[6.841s] -- Up-to-date: /root/Lunar_ROADSTER/lr_ws/install/lx_msgs/share/lx_msgs/environment/library_path.sh
[6.841s] -- Up-to-date: /root/Lunar_ROADSTER/lr_ws/install/lx_msgs/share/lx_msgs/environment/library_path.dsv
[6.842s] -- Up-to-date: /root/Lunar_ROADSTER/lr_ws/install/lx_msgs/lib/liblx_msgs__rosidl_generator_c.so
[6.856s] -- Up-to-date: /root/Lunar_ROADSTER/lr_ws/install/lx_msgs/include/lx_msgs/lx_msgs
[6.865s] -- Up-to-date: /root/Lunar_ROADSTER/lr_ws/install/lx_msgs/include/lx_msgs/lx_msgs/msg
[6.866s] -- Up-to-date: /root/Lunar_ROADSTER/lr_ws/install/lx_msgs/include/lx_msgs/lx_msgs/msg/detail
[6.866s] -- Up-to-date: /root/Lunar_ROADSTER/lr_ws/install/lx_msgs/include/lx_msgs/lx_msgs/msg/detail/rover_command__rosidl_typesupport_fastrtps_c.h
[6.870s] -- Up-to-date: /root/Lunar_ROADSTER/lr_ws/install/lx_msgs/include/lx_msgs/lx_msgs/msg/detail/tool_info__rosidl_typesupport_fastrtps_c.h
[6.874s] -- Up-to-date: /root/Lunar_ROADSTER/lr_ws/install/lx_msgs/include/lx_msgs/lx_msgs/msg/detail/berm_progress__rosidl_typesupport_fastrtps_c.h
[6.878s] -- Up-to-date: /root/Lunar_ROADSTER/lr_ws/install/lx_msgs/include/lx_msgs/lx_msgs/msg/detail/berm_config__rosidl_typesupport_fastrtps_c.h
[6.882s] -- Up-to-date: /root/Lunar_ROADSTER/lr_ws/install/lx_msgs/include/lx_msgs/lx_msgs/msg/detail/planned_task__rosidl_typesupport_fastrtps_c.h
[6.883s] -- Up-to-date: /root/Lunar_ROADSTER/lr_ws/install/lx_msgs/include/lx_msgs/lx_msgs/msg/detail/node_diagnostics__rosidl_typesupport_fastrtps_c.h
[6.887s] -- Up-to-date: /root/Lunar_ROADSTER/lr_ws/install/lx_msgs/include/lx_msgs/lx_msgs/msg/detail/berm_section__rosidl_typesupport_fastrtps_c.h
[6.890s] -- Up-to-date: /root/Lunar_ROADSTER/lr_ws/install/lx_msgs/include/lx_msgs/lx_msgs/msg/rosidl_typesupport_fastrtps_c__visibility_control.h
[6.892s] -- Up-to-date: /root/Lunar_ROADSTER/lr_ws/install/lx_msgs/include/lx_msgs/lx_msgs/srv
[6.894s] -- Up-to-date: /root/Lunar_ROADSTER/lr_ws/install/lx_msgs/include/lx_msgs/lx_msgs/srv/detail
[6.894s] -- Up-to-date: /root/Lunar_ROADSTER/lr_ws/install/lx_msgs/include/lx_msgs/lx_msgs/srv/detail/berm_progress_eval__rosidl_typesupport_fastrtps_c.h
[6.895s] -- Up-to-date: /root/Lunar_ROADSTER/lr_ws/install/lx_msgs/include/lx_msgs/lx_msgs/srv/detail/switch__rosidl_typesupport_fastrtps_c.h
[6.900s] -- Up-to-date: /root/Lunar_ROADSTER/lr_ws/install/lx_msgs/include/lx_msgs/lx_msgs/srv/detail/plan__rosidl_typesupport_fastrtps_c.h
[6.906s] -- Up-to-date: /root/Lunar_ROADSTER/lr_ws/install/lx_msgs/include/lx_msgs/lx_msgs/srv/detail/user_input_record__rosidl_typesupport_fastrtps_c.h
[6.908s] -- Up-to-date: /root/Lunar_ROADSTER/lr_ws/install/lx_msgs/include/lx_msgs/lx_msgs/srv/detail/berm_service__rosidl_typesupport_fastrtps_c.h
[6.921s] -- Up-to-date: /root/Lunar_ROADSTER/lr_ws/install/lx_msgs/include/lx_msgs/lx_msgs/srv/detail/zone_service__rosidl_typesupport_fastrtps_c.h
[6.930s] -- Up-to-date: /root/Lunar_ROADSTER/lr_ws/install/lx_msgs/include/lx_msgs/lx_msgs/srv/detail/request_rover_service__rosidl_typesupport_fastrtps_c.h
[6.932s] -- Up-to-date: /root/Lunar_ROADSTER/lr_ws/install/lx_msgs/include/lx_msgs/lx_msgs/srv/detail/pcl_ground_height__rosidl_typesupport_fastrtps_c.h
[6.935s] -- Up-to-date: /root/Lunar_ROADSTER/lr_ws/install/lx_msgs/include/lx_msgs/lx_msgs/action
[6.936s] -- Up-to-date: /root/Lunar_ROADSTER/lr_ws/install/lx_msgs/include/lx_msgs/lx_msgs/action/detail
[6.939s] -- Up-to-date: /root/Lunar_ROADSTER/lr_ws/install/lx_msgs/include/lx_msgs/lx_msgs/action/detail/operation__rosidl_typesupport_fastrtps_c.h
[6.939s] -- Up-to-date: /root/Lunar_ROADSTER/lr_ws/install/lx_msgs/include/lx_msgs/lx_msgs/action/detail/auto_dig__rosidl_typesupport_fastrtps_c.h
[6.940s] -- Up-to-date: /root/Lunar_ROADSTER/lr_ws/install/lx_msgs/include/lx_msgs/lx_msgs/action/detail/auto_dump__rosidl_typesupport_fastrtps_c.h
[6.940s] -- Up-to-date: /root/Lunar_ROADSTER/lr_ws/install/lx_msgs/include/lx_msgs/lx_msgs/action/detail/auto_nav__rosidl_typesupport_fastrtps_c.h
[6.941s] -- Up-to-date: /root/Lunar_ROADSTER/lr_ws/install/lx_msgs/include/lx_msgs/lx_msgs/action/detail/calibrate_imu__rosidl_typesupport_fastrtps_c.h
[6.941s] -- Up-to-date: /root/Lunar_ROADSTER/lr_ws/install/lx_msgs/lib/liblx_msgs__rosidl_typesupport_fastrtps_c.so
[6.942s] -- Up-to-date: /root/Lunar_ROADSTER/lr_ws/install/lx_msgs/include/lx_msgs/lx_msgs
[6.942s] -- Up-to-date: /root/Lunar_ROADSTER/lr_ws/install/lx_msgs/include/lx_msgs/lx_msgs/msg
[6.943s] -- Up-to-date: /root/Lunar_ROADSTER/lr_ws/install/lx_msgs/include/lx_msgs/lx_msgs/msg/rover_command.hpp
[6.943s] -- Up-to-date: /root/Lunar_ROADSTER/lr_ws/install/lx_msgs/include/lx_msgs/lx_msgs/msg/rosidl_generator_cpp__visibility_control.hpp
[6.943s] -- Up-to-date: /root/Lunar_ROADSTER/lr_ws/install/lx_msgs/include/lx_msgs/lx_msgs/msg/detail
[6.945s] -- Up-to-date: /root/Lunar_ROADSTER/lr_ws/install/lx_msgs/include/lx_msgs/lx_msgs/msg/detail/rover_command__builder.hpp
[6.948s] -- Up-to-date: /root/Lunar_ROADSTER/lr_ws/install/lx_msgs/include/lx_msgs/lx_msgs/msg/detail/rover_command__struct.hpp
[6.951s] -- Up-to-date: /root/Lunar_ROADSTER/lr_ws/install/lx_msgs/include/lx_msgs/lx_msgs/msg/detail/rover_command__traits.hpp
[6.952s] -- Up-to-date: /root/Lunar_ROADSTER/lr_ws/install/lx_msgs/include/lx_msgs/lx_msgs/msg/detail/rover_command__type_support.hpp
[6.952s] -- Up-to-date: /root/Lunar_ROADSTER/lr_ws/install/lx_msgs/include/lx_msgs/lx_msgs/msg/detail/tool_info__builder.hpp
[6.953s] -- Up-to-date: /root/Lunar_ROADSTER/lr_ws/install/lx_msgs/include/lx_msgs/lx_msgs/msg/detail/tool_info__struct.hpp
[6.955s] -- Up-to-date: /root/Lunar_ROADSTER/lr_ws/install/lx_msgs/include/lx_msgs/lx_msgs/msg/detail/tool_info__traits.hpp
[6.955s] -- Up-to-date: /root/Lunar_ROADSTER/lr_ws/install/lx_msgs/include/lx_msgs/lx_msgs/msg/detail/tool_info__type_support.hpp
[6.956s] -- Up-to-date: /root/Lunar_ROADSTER/lr_ws/install/lx_msgs/include/lx_msgs/lx_msgs/msg/detail/berm_progress__builder.hpp
[6.963s] -- Up-to-date: /root/Lunar_ROADSTER/lr_ws/install/lx_msgs/include/lx_msgs/lx_msgs/msg/detail/berm_progress__struct.hpp
[6.964s] -- Up-to-date: /root/Lunar_ROADSTER/lr_ws/install/lx_msgs/include/lx_msgs/lx_msgs/msg/detail/berm_progress__traits.hpp
[6.980s] -- Up-to-date: /root/Lunar_ROADSTER/lr_ws/install/lx_msgs/include/lx_msgs/lx_msgs/msg/detail/berm_progress__type_support.hpp
[6.981s] -- Up-to-date: /root/Lunar_ROADSTER/lr_ws/install/lx_msgs/include/lx_msgs/lx_msgs/msg/detail/berm_config__builder.hpp
[6.992s] -- Up-to-date: /root/Lunar_ROADSTER/lr_ws/install/lx_msgs/include/lx_msgs/lx_msgs/msg/detail/berm_config__struct.hpp
[6.992s] -- Up-to-date: /root/Lunar_ROADSTER/lr_ws/install/lx_msgs/include/lx_msgs/lx_msgs/msg/detail/berm_config__traits.hpp
[7.011s] -- Up-to-date: /root/Lunar_ROADSTER/lr_ws/install/lx_msgs/include/lx_msgs/lx_msgs/msg/detail/berm_config__type_support.hpp
[7.015s] -- Up-to-date: /root/Lunar_ROADSTER/lr_ws/install/lx_msgs/include/lx_msgs/lx_msgs/msg/detail/planned_task__builder.hpp
[7.019s] -- Up-to-date: /root/Lunar_ROADSTER/lr_ws/install/lx_msgs/include/lx_msgs/lx_msgs/msg/detail/planned_task__struct.hpp
[7.025s] -- Up-to-date: /root/Lunar_ROADSTER/lr_ws/install/lx_msgs/include/lx_msgs/lx_msgs/msg/detail/planned_task__traits.hpp
[7.031s] -- Up-to-date: /root/Lunar_ROADSTER/lr_ws/install/lx_msgs/include/lx_msgs/lx_msgs/msg/detail/planned_task__type_support.hpp
[7.048s] -- Up-to-date: /root/Lunar_ROADSTER/lr_ws/install/lx_msgs/include/lx_msgs/lx_msgs/msg/detail/node_diagnostics__builder.hpp
[7.049s] -- Up-to-date: /root/Lunar_ROADSTER/lr_ws/install/lx_msgs/include/lx_msgs/lx_msgs/msg/detail/node_diagnostics__struct.hpp
[7.050s] -- Up-to-date: /root/Lunar_ROADSTER/lr_ws/install/lx_msgs/include/lx_msgs/lx_msgs/msg/detail/node_diagnostics__traits.hpp
[7.050s] -- Up-to-date: /root/Lunar_ROADSTER/lr_ws/install/lx_msgs/include/lx_msgs/lx_msgs/msg/detail/node_diagnostics__type_support.hpp
[7.051s] -- Up-to-date: /root/Lunar_ROADSTER/lr_ws/install/lx_msgs/include/lx_msgs/lx_msgs/msg/detail/berm_section__builder.hpp
[7.051s] -- Up-to-date: /root/Lunar_ROADSTER/lr_ws/install/lx_msgs/include/lx_msgs/lx_msgs/msg/detail/berm_section__struct.hpp
[7.053s] -- Up-to-date: /root/Lunar_ROADSTER/lr_ws/install/lx_msgs/include/lx_msgs/lx_msgs/msg/detail/berm_section__traits.hpp
[7.053s] -- Up-to-date: /root/Lunar_ROADSTER/lr_ws/install/lx_msgs/include/lx_msgs/lx_msgs/msg/detail/berm_section__type_support.hpp
[7.054s] -- Up-to-date: /root/Lunar_ROADSTER/lr_ws/install/lx_msgs/include/lx_msgs/lx_msgs/msg/tool_info.hpp
[7.060s] -- Up-to-date: /root/Lunar_ROADSTER/lr_ws/install/lx_msgs/include/lx_msgs/lx_msgs/msg/berm_progress.hpp
[7.061s] -- Up-to-date: /root/Lunar_ROADSTER/lr_ws/install/lx_msgs/include/lx_msgs/lx_msgs/msg/berm_config.hpp
[7.062s] -- Up-to-date: /root/Lunar_ROADSTER/lr_ws/install/lx_msgs/include/lx_msgs/lx_msgs/msg/planned_task.hpp
[7.068s] -- Up-to-date: /root/Lunar_ROADSTER/lr_ws/install/lx_msgs/include/lx_msgs/lx_msgs/msg/node_diagnostics.hpp
[7.073s] -- Up-to-date: /root/Lunar_ROADSTER/lr_ws/install/lx_msgs/include/lx_msgs/lx_msgs/msg/berm_section.hpp
[7.073s] -- Up-to-date: /root/Lunar_ROADSTER/lr_ws/install/lx_msgs/include/lx_msgs/lx_msgs/srv
[7.074s] -- Up-to-date: /root/Lunar_ROADSTER/lr_ws/install/lx_msgs/include/lx_msgs/lx_msgs/srv/berm_progress_eval.hpp
[7.079s] -- Up-to-date: /root/Lunar_ROADSTER/lr_ws/install/lx_msgs/include/lx_msgs/lx_msgs/srv/detail
[7.079s] -- Up-to-date: /root/Lunar_ROADSTER/lr_ws/install/lx_msgs/include/lx_msgs/lx_msgs/srv/detail/berm_progress_eval__builder.hpp
[7.079s] -- Up-to-date: /root/Lunar_ROADSTER/lr_ws/install/lx_msgs/include/lx_msgs/lx_msgs/srv/detail/berm_progress_eval__struct.hpp
[7.080s] -- Up-to-date: /root/Lunar_ROADSTER/lr_ws/install/lx_msgs/include/lx_msgs/lx_msgs/srv/detail/berm_progress_eval__traits.hpp
[7.080s] -- Up-to-date: /root/Lunar_ROADSTER/lr_ws/install/lx_msgs/include/lx_msgs/lx_msgs/srv/detail/berm_progress_eval__type_support.hpp
[7.081s] -- Up-to-date: /root/Lunar_ROADSTER/lr_ws/install/lx_msgs/include/lx_msgs/lx_msgs/srv/detail/switch__builder.hpp
[7.081s] -- Up-to-date: /root/Lunar_ROADSTER/lr_ws/install/lx_msgs/include/lx_msgs/lx_msgs/srv/detail/switch__struct.hpp
[7.081s] -- Up-to-date: /root/Lunar_ROADSTER/lr_ws/install/lx_msgs/include/lx_msgs/lx_msgs/srv/detail/switch__traits.hpp
[7.082s] -- Up-to-date: /root/Lunar_ROADSTER/lr_ws/install/lx_msgs/include/lx_msgs/lx_msgs/srv/detail/switch__type_support.hpp
[7.091s] -- Up-to-date: /root/Lunar_ROADSTER/lr_ws/install/lx_msgs/include/lx_msgs/lx_msgs/srv/detail/plan__builder.hpp
[7.092s] -- Up-to-date: /root/Lunar_ROADSTER/lr_ws/install/lx_msgs/include/lx_msgs/lx_msgs/srv/detail/plan__struct.hpp
[7.092s] -- Up-to-date: /root/Lunar_ROADSTER/lr_ws/install/lx_msgs/include/lx_msgs/lx_msgs/srv/detail/plan__traits.hpp
[7.092s] -- Up-to-date: /root/Lunar_ROADSTER/lr_ws/install/lx_msgs/include/lx_msgs/lx_msgs/srv/detail/plan__type_support.hpp
[7.093s] -- Up-to-date: /root/Lunar_ROADSTER/lr_ws/install/lx_msgs/include/lx_msgs/lx_msgs/srv/detail/user_input_record__builder.hpp
[7.093s] -- Up-to-date: /root/Lunar_ROADSTER/lr_ws/install/lx_msgs/include/lx_msgs/lx_msgs/srv/detail/user_input_record__struct.hpp
[7.094s] -- Up-to-date: /root/Lunar_ROADSTER/lr_ws/install/lx_msgs/include/lx_msgs/lx_msgs/srv/detail/user_input_record__traits.hpp
[7.094s] -- Up-to-date: /root/Lunar_ROADSTER/lr_ws/install/lx_msgs/include/lx_msgs/lx_msgs/srv/detail/user_input_record__type_support.hpp
[7.094s] -- Up-to-date: /root/Lunar_ROADSTER/lr_ws/install/lx_msgs/include/lx_msgs/lx_msgs/srv/detail/berm_service__builder.hpp
[7.095s] -- Up-to-date: /root/Lunar_ROADSTER/lr_ws/install/lx_msgs/include/lx_msgs/lx_msgs/srv/detail/berm_service__struct.hpp
[7.095s] -- Up-to-date: /root/Lunar_ROADSTER/lr_ws/install/lx_msgs/include/lx_msgs/lx_msgs/srv/detail/berm_service__traits.hpp
[7.096s] -- Up-to-date: /root/Lunar_ROADSTER/lr_ws/install/lx_msgs/include/lx_msgs/lx_msgs/srv/detail/berm_service__type_support.hpp
[7.096s] -- Up-to-date: /root/Lunar_ROADSTER/lr_ws/install/lx_msgs/include/lx_msgs/lx_msgs/srv/detail/zone_service__builder.hpp
[7.096s] -- Up-to-date: /root/Lunar_ROADSTER/lr_ws/install/lx_msgs/include/lx_msgs/lx_msgs/srv/detail/zone_service__struct.hpp
[7.097s] -- Up-to-date: /root/Lunar_ROADSTER/lr_ws/install/lx_msgs/include/lx_msgs/lx_msgs/srv/detail/zone_service__traits.hpp
[7.097s] -- Up-to-date: /root/Lunar_ROADSTER/lr_ws/install/lx_msgs/include/lx_msgs/lx_msgs/srv/detail/zone_service__type_support.hpp
[7.097s] -- Up-to-date: /root/Lunar_ROADSTER/lr_ws/install/lx_msgs/include/lx_msgs/lx_msgs/srv/detail/request_rover_service__builder.hpp
[7.097s] -- Up-to-date: /root/Lunar_ROADSTER/lr_ws/install/lx_msgs/include/lx_msgs/lx_msgs/srv/detail/request_rover_service__struct.hpp
[7.098s] -- Up-to-date: /root/Lunar_ROADSTER/lr_ws/install/lx_msgs/include/lx_msgs/lx_msgs/srv/detail/request_rover_service__traits.hpp
[7.098s] -- Up-to-date: /root/Lunar_ROADSTER/lr_ws/install/lx_msgs/include/lx_msgs/lx_msgs/srv/detail/request_rover_service__type_support.hpp
[7.098s] -- Up-to-date: /root/Lunar_ROADSTER/lr_ws/install/lx_msgs/include/lx_msgs/lx_msgs/srv/detail/pcl_ground_height__builder.hpp
[7.099s] -- Up-to-date: /root/Lunar_ROADSTER/lr_ws/install/lx_msgs/include/lx_msgs/lx_msgs/srv/detail/pcl_ground_height__struct.hpp
[7.099s] -- Up-to-date: /root/Lunar_ROADSTER/lr_ws/install/lx_msgs/include/lx_msgs/lx_msgs/srv/detail/pcl_ground_height__traits.hpp
[7.099s] -- Up-to-date: /root/Lunar_ROADSTER/lr_ws/install/lx_msgs/include/lx_msgs/lx_msgs/srv/detail/pcl_ground_height__type_support.hpp
[7.099s] -- Up-to-date: /root/Lunar_ROADSTER/lr_ws/install/lx_msgs/include/lx_msgs/lx_msgs/srv/switch.hpp
[7.100s] -- Up-to-date: /root/Lunar_ROADSTER/lr_ws/install/lx_msgs/include/lx_msgs/lx_msgs/srv/plan.hpp
[7.100s] -- Up-to-date: /root/Lunar_ROADSTER/lr_ws/install/lx_msgs/include/lx_msgs/lx_msgs/srv/user_input_record.hpp
[7.100s] -- Up-to-date: /root/Lunar_ROADSTER/lr_ws/install/lx_msgs/include/lx_msgs/lx_msgs/srv/berm_service.hpp
[7.101s] -- Up-to-date: /root/Lunar_ROADSTER/lr_ws/install/lx_msgs/include/lx_msgs/lx_msgs/srv/zone_service.hpp
[7.112s] -- Up-to-date: /root/Lunar_ROADSTER/lr_ws/install/lx_msgs/include/lx_msgs/lx_msgs/srv/request_rover_service.hpp
[7.113s] -- Up-to-date: /root/Lunar_ROADSTER/lr_ws/install/lx_msgs/include/lx_msgs/lx_msgs/srv/pcl_ground_height.hpp
[7.113s] -- Up-to-date: /root/Lunar_ROADSTER/lr_ws/install/lx_msgs/include/lx_msgs/lx_msgs/action
[7.113s] -- Up-to-date: /root/Lunar_ROADSTER/lr_ws/install/lx_msgs/include/lx_msgs/lx_msgs/action/operation.hpp
[7.113s] -- Up-to-date: /root/Lunar_ROADSTER/lr_ws/install/lx_msgs/include/lx_msgs/lx_msgs/action/detail
[7.114s] -- Up-to-date: /root/Lunar_ROADSTER/lr_ws/install/lx_msgs/include/lx_msgs/lx_msgs/action/detail/operation__builder.hpp
[7.114s] -- Up-to-date: /root/Lunar_ROADSTER/lr_ws/install/lx_msgs/include/lx_msgs/lx_msgs/action/detail/operation__struct.hpp
[7.114s] -- Up-to-date: /root/Lunar_ROADSTER/lr_ws/install/lx_msgs/include/lx_msgs/lx_msgs/action/detail/operation__traits.hpp
[7.115s] -- Up-to-date: /root/Lunar_ROADSTER/lr_ws/install/lx_msgs/include/lx_msgs/lx_msgs/action/detail/operation__type_support.hpp
[7.115s] -- Up-to-date: /root/Lunar_ROADSTER/lr_ws/install/lx_msgs/include/lx_msgs/lx_msgs/action/detail/auto_dig__builder.hpp
[7.115s] -- Up-to-date: /root/Lunar_ROADSTER/lr_ws/install/lx_msgs/include/lx_msgs/lx_msgs/action/detail/auto_dig__struct.hpp
[7.115s] -- Up-to-date: /root/Lunar_ROADSTER/lr_ws/install/lx_msgs/include/lx_msgs/lx_msgs/action/detail/auto_dig__traits.hpp
[7.116s] -- Up-to-date: /root/Lunar_ROADSTER/lr_ws/install/lx_msgs/include/lx_msgs/lx_msgs/action/detail/auto_dig__type_support.hpp
[7.116s] -- Up-to-date: /root/Lunar_ROADSTER/lr_ws/install/lx_msgs/include/lx_msgs/lx_msgs/action/detail/auto_dump__builder.hpp
[7.117s] -- Up-to-date: /root/Lunar_ROADSTER/lr_ws/install/lx_msgs/include/lx_msgs/lx_msgs/action/detail/auto_dump__struct.hpp
[7.117s] -- Up-to-date: /root/Lunar_ROADSTER/lr_ws/install/lx_msgs/include/lx_msgs/lx_msgs/action/detail/auto_dump__traits.hpp
[7.260s] -- Up-to-date: /root/Lunar_ROADSTER/lr_ws/install/lx_msgs/include/lx_msgs/lx_msgs/action/detail/auto_dump__type_support.hpp
[7.262s] -- Up-to-date: /root/Lunar_ROADSTER/lr_ws/install/lx_msgs/include/lx_msgs/lx_msgs/action/detail/auto_nav__builder.hpp
[7.263s] -- Up-to-date: /root/Lunar_ROADSTER/lr_ws/install/lx_msgs/include/lx_msgs/lx_msgs/action/detail/auto_nav__struct.hpp
[7.263s] -- Up-to-date: /root/Lunar_ROADSTER/lr_ws/install/lx_msgs/include/lx_msgs/lx_msgs/action/detail/auto_nav__traits.hpp
[7.264s] -- Up-to-date: /root/Lunar_ROADSTER/lr_ws/install/lx_msgs/include/lx_msgs/lx_msgs/action/detail/auto_nav__type_support.hpp
[7.264s] -- Up-to-date: /root/Lunar_ROADSTER/lr_ws/install/lx_msgs/include/lx_msgs/lx_msgs/action/detail/calibrate_imu__builder.hpp
[7.264s] -- Up-to-date: /root/Lunar_ROADSTER/lr_ws/install/lx_msgs/include/lx_msgs/lx_msgs/action/detail/calibrate_imu__struct.hpp
[7.265s] -- Up-to-date: /root/Lunar_ROADSTER/lr_ws/install/lx_msgs/include/lx_msgs/lx_msgs/action/detail/calibrate_imu__traits.hpp
[7.265s] -- Up-to-date: /root/Lunar_ROADSTER/lr_ws/install/lx_msgs/include/lx_msgs/lx_msgs/action/detail/calibrate_imu__type_support.hpp
[7.265s] -- Up-to-date: /root/Lunar_ROADSTER/lr_ws/install/lx_msgs/include/lx_msgs/lx_msgs/action/auto_dig.hpp
[7.265s] -- Up-to-date: /root/Lunar_ROADSTER/lr_ws/install/lx_msgs/include/lx_msgs/lx_msgs/action/auto_dump.hpp
[7.266s] -- Up-to-date: /root/Lunar_ROADSTER/lr_ws/install/lx_msgs/include/lx_msgs/lx_msgs/action/auto_nav.hpp
[7.278s] -- Up-to-date: /root/Lunar_ROADSTER/lr_ws/install/lx_msgs/include/lx_msgs/lx_msgs/action/calibrate_imu.hpp
[7.279s] -- Up-to-date: /root/Lunar_ROADSTER/lr_ws/install/lx_msgs/include/lx_msgs/lx_msgs
[7.288s] -- Up-to-date: /root/Lunar_ROADSTER/lr_ws/install/lx_msgs/include/lx_msgs/lx_msgs/msg
[7.289s] -- Up-to-date: /root/Lunar_ROADSTER/lr_ws/install/lx_msgs/include/lx_msgs/lx_msgs/msg/detail
[7.289s] -- Up-to-date: /root/Lunar_ROADSTER/lr_ws/install/lx_msgs/include/lx_msgs/lx_msgs/msg/detail/rover_command__rosidl_typesupport_fastrtps_cpp.hpp
[7.289s] -- Up-to-date: /root/Lunar_ROADSTER/lr_ws/install/lx_msgs/include/lx_msgs/lx_msgs/msg/detail/dds_fastrtps
[7.293s] -- Up-to-date: /root/Lunar_ROADSTER/lr_ws/install/lx_msgs/include/lx_msgs/lx_msgs/msg/detail/tool_info__rosidl_typesupport_fastrtps_cpp.hpp
[7.293s] -- Up-to-date: /root/Lunar_ROADSTER/lr_ws/install/lx_msgs/include/lx_msgs/lx_msgs/msg/detail/berm_progress__rosidl_typesupport_fastrtps_cpp.hpp
[7.294s] -- Up-to-date: /root/Lunar_ROADSTER/lr_ws/install/lx_msgs/include/lx_msgs/lx_msgs/msg/detail/berm_config__rosidl_typesupport_fastrtps_cpp.hpp
[7.294s] -- Up-to-date: /root/Lunar_ROADSTER/lr_ws/install/lx_msgs/include/lx_msgs/lx_msgs/msg/detail/planned_task__rosidl_typesupport_fastrtps_cpp.hpp
[7.294s] -- Up-to-date: /root/Lunar_ROADSTER/lr_ws/install/lx_msgs/include/lx_msgs/lx_msgs/msg/detail/node_diagnostics__rosidl_typesupport_fastrtps_cpp.hpp
[7.295s] -- Up-to-date: /root/Lunar_ROADSTER/lr_ws/install/lx_msgs/include/lx_msgs/lx_msgs/msg/detail/berm_section__rosidl_typesupport_fastrtps_cpp.hpp
[7.295s] -- Up-to-date: /root/Lunar_ROADSTER/lr_ws/install/lx_msgs/include/lx_msgs/lx_msgs/msg/rosidl_typesupport_fastrtps_cpp__visibility_control.h
[7.295s] -- Up-to-date: /root/Lunar_ROADSTER/lr_ws/install/lx_msgs/include/lx_msgs/lx_msgs/srv
[7.300s] -- Up-to-date: /root/Lunar_ROADSTER/lr_ws/install/lx_msgs/include/lx_msgs/lx_msgs/srv/detail
[7.301s] -- Up-to-date: /root/Lunar_ROADSTER/lr_ws/install/lx_msgs/include/lx_msgs/lx_msgs/srv/detail/berm_progress_eval__rosidl_typesupport_fastrtps_cpp.hpp
[7.301s] -- Up-to-date: /root/Lunar_ROADSTER/lr_ws/install/lx_msgs/include/lx_msgs/lx_msgs/srv/detail/dds_fastrtps
[7.301s] -- Up-to-date: /root/Lunar_ROADSTER/lr_ws/install/lx_msgs/include/lx_msgs/lx_msgs/srv/detail/switch__rosidl_typesupport_fastrtps_cpp.hpp
[7.302s] -- Up-to-date: /root/Lunar_ROADSTER/lr_ws/install/lx_msgs/include/lx_msgs/lx_msgs/srv/detail/plan__rosidl_typesupport_fastrtps_cpp.hpp
[7.302s] -- Up-to-date: /root/Lunar_ROADSTER/lr_ws/install/lx_msgs/include/lx_msgs/lx_msgs/srv/detail/user_input_record__rosidl_typesupport_fastrtps_cpp.hpp
[7.302s] -- Up-to-date: /root/Lunar_ROADSTER/lr_ws/install/lx_msgs/include/lx_msgs/lx_msgs/srv/detail/berm_service__rosidl_typesupport_fastrtps_cpp.hpp
[7.303s] -- Up-to-date: /root/Lunar_ROADSTER/lr_ws/install/lx_msgs/include/lx_msgs/lx_msgs/srv/detail/zone_service__rosidl_typesupport_fastrtps_cpp.hpp
[7.303s] -- Up-to-date: /root/Lunar_ROADSTER/lr_ws/install/lx_msgs/include/lx_msgs/lx_msgs/srv/detail/request_rover_service__rosidl_typesupport_fastrtps_cpp.hpp
[7.304s] -- Up-to-date: /root/Lunar_ROADSTER/lr_ws/install/lx_msgs/include/lx_msgs/lx_msgs/srv/detail/pcl_ground_height__rosidl_typesupport_fastrtps_cpp.hpp
[7.304s] -- Up-to-date: /root/Lunar_ROADSTER/lr_ws/install/lx_msgs/include/lx_msgs/lx_msgs/action
[7.304s] -- Up-to-date: /root/Lunar_ROADSTER/lr_ws/install/lx_msgs/include/lx_msgs/lx_msgs/action/detail
[7.305s] -- Up-to-date: /root/Lunar_ROADSTER/lr_ws/install/lx_msgs/include/lx_msgs/lx_msgs/action/detail/operation__rosidl_typesupport_fastrtps_cpp.hpp
[7.305s] -- Up-to-date: /root/Lunar_ROADSTER/lr_ws/install/lx_msgs/include/lx_msgs/lx_msgs/action/detail/dds_fastrtps
[7.306s] -- Up-to-date: /root/Lunar_ROADSTER/lr_ws/install/lx_msgs/include/lx_msgs/lx_msgs/action/detail/auto_dig__rosidl_typesupport_fastrtps_cpp.hpp
[7.306s] -- Up-to-date: /root/Lunar_ROADSTER/lr_ws/install/lx_msgs/include/lx_msgs/lx_msgs/action/detail/auto_dump__rosidl_typesupport_fastrtps_cpp.hpp
[7.307s] -- Up-to-date: /root/Lunar_ROADSTER/lr_ws/install/lx_msgs/include/lx_msgs/lx_msgs/action/detail/auto_nav__rosidl_typesupport_fastrtps_cpp.hpp
[7.307s] -- Up-to-date: /root/Lunar_ROADSTER/lr_ws/install/lx_msgs/include/lx_msgs/lx_msgs/action/detail/calibrate_imu__rosidl_typesupport_fastrtps_cpp.hpp
[7.307s] -- Up-to-date: /root/Lunar_ROADSTER/lr_ws/install/lx_msgs/lib/liblx_msgs__rosidl_typesupport_fastrtps_cpp.so
[7.322s] -- Up-to-date: /root/Lunar_ROADSTER/lr_ws/install/lx_msgs/include/lx_msgs/lx_msgs
[7.324s] -- Up-to-date: /root/Lunar_ROADSTER/lr_ws/install/lx_msgs/include/lx_msgs/lx_msgs/msg
[7.325s] -- Up-to-date: /root/Lunar_ROADSTER/lr_ws/install/lx_msgs/include/lx_msgs/lx_msgs/msg/detail
[7.326s] -- Up-to-date: /root/Lunar_ROADSTER/lr_ws/install/lx_msgs/include/lx_msgs/lx_msgs/msg/detail/rover_command__rosidl_typesupport_introspection_c.h
[7.326s] -- Up-to-date: /root/Lunar_ROADSTER/lr_ws/install/lx_msgs/include/lx_msgs/lx_msgs/msg/detail/rover_command__type_support.c
[7.332s] -- Up-to-date: /root/Lunar_ROADSTER/lr_ws/install/lx_msgs/include/lx_msgs/lx_msgs/msg/detail/tool_info__rosidl_typesupport_introspection_c.h
[7.348s] -- Up-to-date: /root/Lunar_ROADSTER/lr_ws/install/lx_msgs/include/lx_msgs/lx_msgs/msg/detail/tool_info__type_support.c
[7.349s] -- Up-to-date: /root/Lunar_ROADSTER/lr_ws/install/lx_msgs/include/lx_msgs/lx_msgs/msg/detail/berm_progress__rosidl_typesupport_introspection_c.h
[7.349s] -- Up-to-date: /root/Lunar_ROADSTER/lr_ws/install/lx_msgs/include/lx_msgs/lx_msgs/msg/detail/berm_progress__type_support.c
[7.349s] -- Up-to-date: /root/Lunar_ROADSTER/lr_ws/install/lx_msgs/include/lx_msgs/lx_msgs/msg/detail/berm_config__rosidl_typesupport_introspection_c.h
[7.350s] -- Up-to-date: /root/Lunar_ROADSTER/lr_ws/install/lx_msgs/include/lx_msgs/lx_msgs/msg/detail/berm_config__type_support.c
[7.361s] -- Up-to-date: /root/Lunar_ROADSTER/lr_ws/install/lx_msgs/include/lx_msgs/lx_msgs/msg/detail/planned_task__rosidl_typesupport_introspection_c.h
[7.370s] -- Up-to-date: /root/Lunar_ROADSTER/lr_ws/install/lx_msgs/include/lx_msgs/lx_msgs/msg/detail/planned_task__type_support.c
[7.370s] -- Up-to-date: /root/Lunar_ROADSTER/lr_ws/install/lx_msgs/include/lx_msgs/lx_msgs/msg/detail/node_diagnostics__rosidl_typesupport_introspection_c.h
[7.371s] -- Up-to-date: /root/Lunar_ROADSTER/lr_ws/install/lx_msgs/include/lx_msgs/lx_msgs/msg/detail/node_diagnostics__type_support.c
[7.372s] -- Up-to-date: /root/Lunar_ROADSTER/lr_ws/install/lx_msgs/include/lx_msgs/lx_msgs/msg/detail/berm_section__rosidl_typesupport_introspection_c.h
[7.372s] -- Up-to-date: /root/Lunar_ROADSTER/lr_ws/install/lx_msgs/include/lx_msgs/lx_msgs/msg/detail/berm_section__type_support.c
[7.372s] -- Up-to-date: /root/Lunar_ROADSTER/lr_ws/install/lx_msgs/include/lx_msgs/lx_msgs/msg/rosidl_typesupport_introspection_c__visibility_control.h
[7.373s] -- Up-to-date: /root/Lunar_ROADSTER/lr_ws/install/lx_msgs/include/lx_msgs/lx_msgs/srv
[7.373s] -- Up-to-date: /root/Lunar_ROADSTER/lr_ws/install/lx_msgs/include/lx_msgs/lx_msgs/srv/detail
[7.373s] -- Up-to-date: /root/Lunar_ROADSTER/lr_ws/install/lx_msgs/include/lx_msgs/lx_msgs/srv/detail/berm_progress_eval__rosidl_typesupport_introspection_c.h
[7.373s] -- Up-to-date: /root/Lunar_ROADSTER/lr_ws/install/lx_msgs/include/lx_msgs/lx_msgs/srv/detail/berm_progress_eval__type_support.c
[7.374s] -- Up-to-date: /root/Lunar_ROADSTER/lr_ws/install/lx_msgs/include/lx_msgs/lx_msgs/srv/detail/switch__rosidl_typesupport_introspection_c.h
[7.374s] -- Up-to-date: /root/Lunar_ROADSTER/lr_ws/install/lx_msgs/include/lx_msgs/lx_msgs/srv/detail/switch__type_support.c
[7.374s] -- Up-to-date: /root/Lunar_ROADSTER/lr_ws/install/lx_msgs/include/lx_msgs/lx_msgs/srv/detail/plan__rosidl_typesupport_introspection_c.h
[7.375s] -- Up-to-date: /root/Lunar_ROADSTER/lr_ws/install/lx_msgs/include/lx_msgs/lx_msgs/srv/detail/plan__type_support.c
[7.375s] -- Up-to-date: /root/Lunar_ROADSTER/lr_ws/install/lx_msgs/include/lx_msgs/lx_msgs/srv/detail/user_input_record__rosidl_typesupport_introspection_c.h
[7.375s] -- Up-to-date: /root/Lunar_ROADSTER/lr_ws/install/lx_msgs/include/lx_msgs/lx_msgs/srv/detail/user_input_record__type_support.c
[7.375s] -- Up-to-date: /root/Lunar_ROADSTER/lr_ws/install/lx_msgs/include/lx_msgs/lx_msgs/srv/detail/berm_service__rosidl_typesupport_introspection_c.h
[7.390s] -- Up-to-date: /root/Lunar_ROADSTER/lr_ws/install/lx_msgs/include/lx_msgs/lx_msgs/srv/detail/berm_service__type_support.c
[7.390s] -- Up-to-date: /root/Lunar_ROADSTER/lr_ws/install/lx_msgs/include/lx_msgs/lx_msgs/srv/detail/zone_service__rosidl_typesupport_introspection_c.h
[7.390s] -- Up-to-date: /root/Lunar_ROADSTER/lr_ws/install/lx_msgs/include/lx_msgs/lx_msgs/srv/detail/zone_service__type_support.c
[7.390s] -- Up-to-date: /root/Lunar_ROADSTER/lr_ws/install/lx_msgs/include/lx_msgs/lx_msgs/srv/detail/request_rover_service__rosidl_typesupport_introspection_c.h
[7.391s] -- Up-to-date: /root/Lunar_ROADSTER/lr_ws/install/lx_msgs/include/lx_msgs/lx_msgs/srv/detail/request_rover_service__type_support.c
[7.391s] -- Up-to-date: /root/Lunar_ROADSTER/lr_ws/install/lx_msgs/include/lx_msgs/lx_msgs/srv/detail/pcl_ground_height__rosidl_typesupport_introspection_c.h
[7.392s] -- Up-to-date: /root/Lunar_ROADSTER/lr_ws/install/lx_msgs/include/lx_msgs/lx_msgs/srv/detail/pcl_ground_height__type_support.c
[7.392s] -- Up-to-date: /root/Lunar_ROADSTER/lr_ws/install/lx_msgs/include/lx_msgs/lx_msgs/action
[7.395s] -- Up-to-date: /root/Lunar_ROADSTER/lr_ws/install/lx_msgs/include/lx_msgs/lx_msgs/action/detail
[7.395s] -- Up-to-date: /root/Lunar_ROADSTER/lr_ws/install/lx_msgs/include/lx_msgs/lx_msgs/action/detail/operation__rosidl_typesupport_introspection_c.h
[7.396s] -- Up-to-date: /root/Lunar_ROADSTER/lr_ws/install/lx_msgs/include/lx_msgs/lx_msgs/action/detail/operation__type_support.c
[7.396s] -- Up-to-date: /root/Lunar_ROADSTER/lr_ws/install/lx_msgs/include/lx_msgs/lx_msgs/action/detail/auto_dig__rosidl_typesupport_introspection_c.h
[7.396s] -- Up-to-date: /root/Lunar_ROADSTER/lr_ws/install/lx_msgs/include/lx_msgs/lx_msgs/action/detail/auto_dig__type_support.c
[7.397s] -- Up-to-date: /root/Lunar_ROADSTER/lr_ws/install/lx_msgs/include/lx_msgs/lx_msgs/action/detail/auto_dump__rosidl_typesupport_introspection_c.h
[7.397s] -- Up-to-date: /root/Lunar_ROADSTER/lr_ws/install/lx_msgs/include/lx_msgs/lx_msgs/action/detail/auto_dump__type_support.c
[7.397s] -- Up-to-date: /root/Lunar_ROADSTER/lr_ws/install/lx_msgs/include/lx_msgs/lx_msgs/action/detail/auto_nav__rosidl_typesupport_introspection_c.h
[7.398s] -- Up-to-date: /root/Lunar_ROADSTER/lr_ws/install/lx_msgs/include/lx_msgs/lx_msgs/action/detail/auto_nav__type_support.c
[7.398s] -- Up-to-date: /root/Lunar_ROADSTER/lr_ws/install/lx_msgs/include/lx_msgs/lx_msgs/action/detail/calibrate_imu__rosidl_typesupport_introspection_c.h
[7.398s] -- Up-to-date: /root/Lunar_ROADSTER/lr_ws/install/lx_msgs/include/lx_msgs/lx_msgs/action/detail/calibrate_imu__type_support.c
[7.399s] -- Up-to-date: /root/Lunar_ROADSTER/lr_ws/install/lx_msgs/lib/liblx_msgs__rosidl_typesupport_introspection_c.so
[7.399s] -- Up-to-date: /root/Lunar_ROADSTER/lr_ws/install/lx_msgs/lib/liblx_msgs__rosidl_typesupport_c.so
[7.399s] -- Up-to-date: /root/Lunar_ROADSTER/lr_ws/install/lx_msgs/include/lx_msgs/lx_msgs
[7.400s] -- Up-to-date: /root/Lunar_ROADSTER/lr_ws/install/lx_msgs/include/lx_msgs/lx_msgs/msg
[7.400s] -- Up-to-date: /root/Lunar_ROADSTER/lr_ws/install/lx_msgs/include/lx_msgs/lx_msgs/msg/detail
[7.401s] -- Up-to-date: /root/Lunar_ROADSTER/lr_ws/install/lx_msgs/include/lx_msgs/lx_msgs/msg/detail/rover_command__rosidl_typesupport_introspection_cpp.hpp
[7.401s] -- Up-to-date: /root/Lunar_ROADSTER/lr_ws/install/lx_msgs/include/lx_msgs/lx_msgs/msg/detail/rover_command__type_support.cpp
[7.402s] -- Up-to-date: /root/Lunar_ROADSTER/lr_ws/install/lx_msgs/include/lx_msgs/lx_msgs/msg/detail/tool_info__rosidl_typesupport_introspection_cpp.hpp
[7.402s] -- Up-to-date: /root/Lunar_ROADSTER/lr_ws/install/lx_msgs/include/lx_msgs/lx_msgs/msg/detail/tool_info__type_support.cpp
[7.402s] -- Up-to-date: /root/Lunar_ROADSTER/lr_ws/install/lx_msgs/include/lx_msgs/lx_msgs/msg/detail/berm_progress__rosidl_typesupport_introspection_cpp.hpp
[7.402s] -- Up-to-date: /root/Lunar_ROADSTER/lr_ws/install/lx_msgs/include/lx_msgs/lx_msgs/msg/detail/berm_progress__type_support.cpp
[7.404s] -- Up-to-date: /root/Lunar_ROADSTER/lr_ws/install/lx_msgs/include/lx_msgs/lx_msgs/msg/detail/berm_config__rosidl_typesupport_introspection_cpp.hpp
[7.404s] -- Up-to-date: /root/Lunar_ROADSTER/lr_ws/install/lx_msgs/include/lx_msgs/lx_msgs/msg/detail/berm_config__type_support.cpp
[7.404s] -- Up-to-date: /root/Lunar_ROADSTER/lr_ws/install/lx_msgs/include/lx_msgs/lx_msgs/msg/detail/planned_task__rosidl_typesupport_introspection_cpp.hpp
[7.405s] -- Up-to-date: /root/Lunar_ROADSTER/lr_ws/install/lx_msgs/include/lx_msgs/lx_msgs/msg/detail/planned_task__type_support.cpp
[7.405s] -- Up-to-date: /root/Lunar_ROADSTER/lr_ws/install/lx_msgs/include/lx_msgs/lx_msgs/msg/detail/node_diagnostics__rosidl_typesupport_introspection_cpp.hpp
[7.405s] -- Up-to-date: /root/Lunar_ROADSTER/lr_ws/install/lx_msgs/include/lx_msgs/lx_msgs/msg/detail/node_diagnostics__type_support.cpp
[7.405s] -- Up-to-date: /root/Lunar_ROADSTER/lr_ws/install/lx_msgs/include/lx_msgs/lx_msgs/msg/detail/berm_section__rosidl_typesupport_introspection_cpp.hpp
[7.406s] -- Up-to-date: /root/Lunar_ROADSTER/lr_ws/install/lx_msgs/include/lx_msgs/lx_msgs/msg/detail/berm_section__type_support.cpp
[7.415s] -- Up-to-date: /root/Lunar_ROADSTER/lr_ws/install/lx_msgs/include/lx_msgs/lx_msgs/srv
[7.415s] -- Up-to-date: /root/Lunar_ROADSTER/lr_ws/install/lx_msgs/include/lx_msgs/lx_msgs/srv/detail
[7.416s] -- Up-to-date: /root/Lunar_ROADSTER/lr_ws/install/lx_msgs/include/lx_msgs/lx_msgs/srv/detail/berm_progress_eval__rosidl_typesupport_introspection_cpp.hpp
[7.416s] -- Up-to-date: /root/Lunar_ROADSTER/lr_ws/install/lx_msgs/include/lx_msgs/lx_msgs/srv/detail/berm_progress_eval__type_support.cpp
[7.416s] -- Up-to-date: /root/Lunar_ROADSTER/lr_ws/install/lx_msgs/include/lx_msgs/lx_msgs/srv/detail/switch__rosidl_typesupport_introspection_cpp.hpp
[7.416s] -- Up-to-date: /root/Lunar_ROADSTER/lr_ws/install/lx_msgs/include/lx_msgs/lx_msgs/srv/detail/switch__type_support.cpp
[7.417s] -- Up-to-date: /root/Lunar_ROADSTER/lr_ws/install/lx_msgs/include/lx_msgs/lx_msgs/srv/detail/plan__rosidl_typesupport_introspection_cpp.hpp
[7.417s] -- Up-to-date: /root/Lunar_ROADSTER/lr_ws/install/lx_msgs/include/lx_msgs/lx_msgs/srv/detail/plan__type_support.cpp
[7.417s] -- Up-to-date: /root/Lunar_ROADSTER/lr_ws/install/lx_msgs/include/lx_msgs/lx_msgs/srv/detail/user_input_record__rosidl_typesupport_introspection_cpp.hpp
[7.418s] -- Up-to-date: /root/Lunar_ROADSTER/lr_ws/install/lx_msgs/include/lx_msgs/lx_msgs/srv/detail/user_input_record__type_support.cpp
[7.423s] -- Up-to-date: /root/Lunar_ROADSTER/lr_ws/install/lx_msgs/include/lx_msgs/lx_msgs/srv/detail/berm_service__rosidl_typesupport_introspection_cpp.hpp
[7.425s] -- Up-to-date: /root/Lunar_ROADSTER/lr_ws/install/lx_msgs/include/lx_msgs/lx_msgs/srv/detail/berm_service__type_support.cpp
[7.425s] -- Up-to-date: /root/Lunar_ROADSTER/lr_ws/install/lx_msgs/include/lx_msgs/lx_msgs/srv/detail/zone_service__rosidl_typesupport_introspection_cpp.hpp
[7.425s] -- Up-to-date: /root/Lunar_ROADSTER/lr_ws/install/lx_msgs/include/lx_msgs/lx_msgs/srv/detail/zone_service__type_support.cpp
[7.426s] -- Up-to-date: /root/Lunar_ROADSTER/lr_ws/install/lx_msgs/include/lx_msgs/lx_msgs/srv/detail/request_rover_service__rosidl_typesupport_introspection_cpp.hpp
[7.426s] -- Up-to-date: /root/Lunar_ROADSTER/lr_ws/install/lx_msgs/include/lx_msgs/lx_msgs/srv/detail/request_rover_service__type_support.cpp
[7.426s] -- Up-to-date: /root/Lunar_ROADSTER/lr_ws/install/lx_msgs/include/lx_msgs/lx_msgs/srv/detail/pcl_ground_height__rosidl_typesupport_introspection_cpp.hpp
[7.427s] -- Up-to-date: /root/Lunar_ROADSTER/lr_ws/install/lx_msgs/include/lx_msgs/lx_msgs/srv/detail/pcl_ground_height__type_support.cpp
[7.427s] -- Up-to-date: /root/Lunar_ROADSTER/lr_ws/install/lx_msgs/include/lx_msgs/lx_msgs/action
[7.427s] -- Up-to-date: /root/Lunar_ROADSTER/lr_ws/install/lx_msgs/include/lx_msgs/lx_msgs/action/detail
[7.427s] -- Up-to-date: /root/Lunar_ROADSTER/lr_ws/install/lx_msgs/include/lx_msgs/lx_msgs/action/detail/operation__rosidl_typesupport_introspection_cpp.hpp
[7.428s] -- Up-to-date: /root/Lunar_ROADSTER/lr_ws/install/lx_msgs/include/lx_msgs/lx_msgs/action/detail/operation__type_support.cpp
[7.428s] -- Up-to-date: /root/Lunar_ROADSTER/lr_ws/install/lx_msgs/include/lx_msgs/lx_msgs/action/detail/auto_dig__rosidl_typesupport_introspection_cpp.hpp
[7.429s] -- Up-to-date: /root/Lunar_ROADSTER/lr_ws/install/lx_msgs/include/lx_msgs/lx_msgs/action/detail/auto_dig__type_support.cpp
[7.430s] -- Up-to-date: /root/Lunar_ROADSTER/lr_ws/install/lx_msgs/include/lx_msgs/lx_msgs/action/detail/auto_dump__rosidl_typesupport_introspection_cpp.hpp
[7.430s] -- Up-to-date: /root/Lunar_ROADSTER/lr_ws/install/lx_msgs/include/lx_msgs/lx_msgs/action/detail/auto_dump__type_support.cpp
[7.431s] -- Up-to-date: /root/Lunar_ROADSTER/lr_ws/install/lx_msgs/include/lx_msgs/lx_msgs/action/detail/auto_nav__rosidl_typesupport_introspection_cpp.hpp
[7.442s] -- Up-to-date: /root/Lunar_ROADSTER/lr_ws/install/lx_msgs/include/lx_msgs/lx_msgs/action/detail/auto_nav__type_support.cpp
[7.442s] -- Up-to-date: /root/Lunar_ROADSTER/lr_ws/install/lx_msgs/include/lx_msgs/lx_msgs/action/detail/calibrate_imu__rosidl_typesupport_introspection_cpp.hpp
[7.443s] -- Up-to-date: /root/Lunar_ROADSTER/lr_ws/install/lx_msgs/include/lx_msgs/lx_msgs/action/detail/calibrate_imu__type_support.cpp
[7.443s] -- Up-to-date: /root/Lunar_ROADSTER/lr_ws/install/lx_msgs/lib/liblx_msgs__rosidl_typesupport_introspection_cpp.so
[7.443s] -- Up-to-date: /root/Lunar_ROADSTER/lr_ws/install/lx_msgs/lib/liblx_msgs__rosidl_typesupport_cpp.so
[7.444s] -- Up-to-date: /root/Lunar_ROADSTER/lr_ws/install/lx_msgs/share/lx_msgs/environment/pythonpath.sh
[7.444s] -- Up-to-date: /root/Lunar_ROADSTER/lr_ws/install/lx_msgs/share/lx_msgs/environment/pythonpath.dsv
[7.448s] -- Up-to-date: /root/Lunar_ROADSTER/lr_ws/install/lx_msgs/local/lib/python3.10/dist-packages/lx_msgs-0.0.0-py3.10.egg-info
[7.455s] -- Installing: /root/Lunar_ROADSTER/lr_ws/install/lx_msgs/local/lib/python3.10/dist-packages/lx_msgs-0.0.0-py3.10.egg-info/PKG-INFO
[7.461s] -- Installing: /root/Lunar_ROADSTER/lr_ws/install/lx_msgs/local/lib/python3.10/dist-packages/lx_msgs-0.0.0-py3.10.egg-info/dependency_links.txt
[7.461s] -- Installing: /root/Lunar_ROADSTER/lr_ws/install/lx_msgs/local/lib/python3.10/dist-packages/lx_msgs-0.0.0-py3.10.egg-info/top_level.txt
[7.461s] -- Installing: /root/Lunar_ROADSTER/lr_ws/install/lx_msgs/local/lib/python3.10/dist-packages/lx_msgs-0.0.0-py3.10.egg-info/SOURCES.txt
[7.462s] -- Up-to-date: /root/Lunar_ROADSTER/lr_ws/install/lx_msgs/local/lib/python3.10/dist-packages/lx_msgs
[7.463s] -- Up-to-date: /root/Lunar_ROADSTER/lr_ws/install/lx_msgs/local/lib/python3.10/dist-packages/lx_msgs/__init__.py
[7.463s] -- Up-to-date: /root/Lunar_ROADSTER/lr_ws/install/lx_msgs/local/lib/python3.10/dist-packages/lx_msgs/msg
[7.463s] -- Up-to-date: /root/Lunar_ROADSTER/lr_ws/install/lx_msgs/local/lib/python3.10/dist-packages/lx_msgs/msg/_rover_command.py
[7.463s] -- Up-to-date: /root/Lunar_ROADSTER/lr_ws/install/lx_msgs/local/lib/python3.10/dist-packages/lx_msgs/msg/_rover_command_s.c
[7.465s] -- Up-to-date: /root/Lunar_ROADSTER/lr_ws/install/lx_msgs/local/lib/python3.10/dist-packages/lx_msgs/msg/_tool_info.py
[7.465s] -- Up-to-date: /root/Lunar_ROADSTER/lr_ws/install/lx_msgs/local/lib/python3.10/dist-packages/lx_msgs/msg/_tool_info_s.c
[7.465s] -- Up-to-date: /root/Lunar_ROADSTER/lr_ws/install/lx_msgs/local/lib/python3.10/dist-packages/lx_msgs/msg/_berm_progress.py
[7.466s] -- Up-to-date: /root/Lunar_ROADSTER/lr_ws/install/lx_msgs/local/lib/python3.10/dist-packages/lx_msgs/msg/_berm_progress_s.c
[7.466s] -- Up-to-date: /root/Lunar_ROADSTER/lr_ws/install/lx_msgs/local/lib/python3.10/dist-packages/lx_msgs/msg/_berm_config.py
[7.466s] -- Up-to-date: /root/Lunar_ROADSTER/lr_ws/install/lx_msgs/local/lib/python3.10/dist-packages/lx_msgs/msg/_berm_config_s.c
[7.466s] -- Up-to-date: /root/Lunar_ROADSTER/lr_ws/install/lx_msgs/local/lib/python3.10/dist-packages/lx_msgs/msg/_planned_task.py
[7.467s] -- Up-to-date: /root/Lunar_ROADSTER/lr_ws/install/lx_msgs/local/lib/python3.10/dist-packages/lx_msgs/msg/_planned_task_s.c
[7.467s] -- Up-to-date: /root/Lunar_ROADSTER/lr_ws/install/lx_msgs/local/lib/python3.10/dist-packages/lx_msgs/msg/_node_diagnostics.py
[7.467s] -- Up-to-date: /root/Lunar_ROADSTER/lr_ws/install/lx_msgs/local/lib/python3.10/dist-packages/lx_msgs/msg/_node_diagnostics_s.c
[7.468s] -- Up-to-date: /root/Lunar_ROADSTER/lr_ws/install/lx_msgs/local/lib/python3.10/dist-packages/lx_msgs/msg/_berm_section.py
[7.468s] -- Up-to-date: /root/Lunar_ROADSTER/lr_ws/install/lx_msgs/local/lib/python3.10/dist-packages/lx_msgs/msg/_berm_section_s.c
[7.475s] -- Up-to-date: /root/Lunar_ROADSTER/lr_ws/install/lx_msgs/local/lib/python3.10/dist-packages/lx_msgs/msg/__init__.py
[7.477s] -- Up-to-date: /root/Lunar_ROADSTER/lr_ws/install/lx_msgs/local/lib/python3.10/dist-packages/lx_msgs/srv
[7.478s] -- Up-to-date: /root/Lunar_ROADSTER/lr_ws/install/lx_msgs/local/lib/python3.10/dist-packages/lx_msgs/srv/_berm_progress_eval.py
[7.479s] -- Up-to-date: /root/Lunar_ROADSTER/lr_ws/install/lx_msgs/local/lib/python3.10/dist-packages/lx_msgs/srv/_berm_progress_eval_s.c
[7.479s] -- Up-to-date: /root/Lunar_ROADSTER/lr_ws/install/lx_msgs/local/lib/python3.10/dist-packages/lx_msgs/srv/_switch.py
[7.496s] -- Up-to-date: /root/Lunar_ROADSTER/lr_ws/install/lx_msgs/local/lib/python3.10/dist-packages/lx_msgs/srv/_switch_s.c
[7.497s] -- Up-to-date: /root/Lunar_ROADSTER/lr_ws/install/lx_msgs/local/lib/python3.10/dist-packages/lx_msgs/srv/_plan.py
[7.499s] -- Up-to-date: /root/Lunar_ROADSTER/lr_ws/install/lx_msgs/local/lib/python3.10/dist-packages/lx_msgs/srv/_plan_s.c
[7.500s] -- Up-to-date: /root/Lunar_ROADSTER/lr_ws/install/lx_msgs/local/lib/python3.10/dist-packages/lx_msgs/srv/_user_input_record.py
[7.501s] -- Up-to-date: /root/Lunar_ROADSTER/lr_ws/install/lx_msgs/local/lib/python3.10/dist-packages/lx_msgs/srv/_user_input_record_s.c
[7.501s] -- Up-to-date: /root/Lunar_ROADSTER/lr_ws/install/lx_msgs/local/lib/python3.10/dist-packages/lx_msgs/srv/_berm_service.py
[7.502s] -- Up-to-date: /root/Lunar_ROADSTER/lr_ws/install/lx_msgs/local/lib/python3.10/dist-packages/lx_msgs/srv/_berm_service_s.c
[7.504s] -- Up-to-date: /root/Lunar_ROADSTER/lr_ws/install/lx_msgs/local/lib/python3.10/dist-packages/lx_msgs/srv/_zone_service.py
[7.504s] -- Up-to-date: /root/Lunar_ROADSTER/lr_ws/install/lx_msgs/local/lib/python3.10/dist-packages/lx_msgs/srv/_zone_service_s.c
[7.510s] -- Up-to-date: /root/Lunar_ROADSTER/lr_ws/install/lx_msgs/local/lib/python3.10/dist-packages/lx_msgs/srv/_request_rover_service.py
[7.511s] -- Up-to-date: /root/Lunar_ROADSTER/lr_ws/install/lx_msgs/local/lib/python3.10/dist-packages/lx_msgs/srv/_request_rover_service_s.c
[7.511s] -- Up-to-date: /root/Lunar_ROADSTER/lr_ws/install/lx_msgs/local/lib/python3.10/dist-packages/lx_msgs/srv/_pcl_ground_height.py
[7.511s] -- Up-to-date: /root/Lunar_ROADSTER/lr_ws/install/lx_msgs/local/lib/python3.10/dist-packages/lx_msgs/srv/_pcl_ground_height_s.c
[7.512s] -- Up-to-date: /root/Lunar_ROADSTER/lr_ws/install/lx_msgs/local/lib/python3.10/dist-packages/lx_msgs/srv/__init__.py
[7.512s] -- Up-to-date: /root/Lunar_ROADSTER/lr_ws/install/lx_msgs/local/lib/python3.10/dist-packages/lx_msgs/action
[7.512s] -- Up-to-date: /root/Lunar_ROADSTER/lr_ws/install/lx_msgs/local/lib/python3.10/dist-packages/lx_msgs/action/_operation.py
[7.513s] -- Up-to-date: /root/Lunar_ROADSTER/lr_ws/install/lx_msgs/local/lib/python3.10/dist-packages/lx_msgs/action/_operation_s.c
[7.514s] -- Up-to-date: /root/Lunar_ROADSTER/lr_ws/install/lx_msgs/local/lib/python3.10/dist-packages/lx_msgs/action/_auto_dig.py
[7.515s] -- Up-to-date: /root/Lunar_ROADSTER/lr_ws/install/lx_msgs/local/lib/python3.10/dist-packages/lx_msgs/action/_auto_dig_s.c
[7.515s] -- Up-to-date: /root/Lunar_ROADSTER/lr_ws/install/lx_msgs/local/lib/python3.10/dist-packages/lx_msgs/action/_auto_dump.py
[7.516s] -- Up-to-date: /root/Lunar_ROADSTER/lr_ws/install/lx_msgs/local/lib/python3.10/dist-packages/lx_msgs/action/_auto_dump_s.c
[7.517s] -- Up-to-date: /root/Lunar_ROADSTER/lr_ws/install/lx_msgs/local/lib/python3.10/dist-packages/lx_msgs/action/_auto_nav.py
[7.517s] -- Up-to-date: /root/Lunar_ROADSTER/lr_ws/install/lx_msgs/local/lib/python3.10/dist-packages/lx_msgs/action/_auto_nav_s.c
[7.518s] -- Up-to-date: /root/Lunar_ROADSTER/lr_ws/install/lx_msgs/local/lib/python3.10/dist-packages/lx_msgs/action/_calibrate_imu.py
[7.518s] -- Up-to-date: /root/Lunar_ROADSTER/lr_ws/install/lx_msgs/local/lib/python3.10/dist-packages/lx_msgs/action/_calibrate_imu_s.c
[7.519s] -- Up-to-date: /root/Lunar_ROADSTER/lr_ws/install/lx_msgs/local/lib/python3.10/dist-packages/lx_msgs/action/__init__.py
[7.519s] -- Up-to-date: /root/Lunar_ROADSTER/lr_ws/install/lx_msgs/local/lib/python3.10/dist-packages/lx_msgs/_lx_msgs_s.ep.rosidl_typesupport_fastrtps_c.c
[7.520s] -- Up-to-date: /root/Lunar_ROADSTER/lr_ws/install/lx_msgs/local/lib/python3.10/dist-packages/lx_msgs/_lx_msgs_s.ep.rosidl_typesupport_introspection_c.c
[7.521s] -- Up-to-date: /root/Lunar_ROADSTER/lr_ws/install/lx_msgs/local/lib/python3.10/dist-packages/lx_msgs/_lx_msgs_s.ep.rosidl_typesupport_c.c
[7.522s] -- Up-to-date: /root/Lunar_ROADSTER/lr_ws/install/lx_msgs/local/lib/python3.10/dist-packages/lx_msgs/liblx_msgs__rosidl_generator_py.so
[7.522s] -- Up-to-date: /root/Lunar_ROADSTER/lr_ws/install/lx_msgs/local/lib/python3.10/dist-packages/lx_msgs/lx_msgs_s__rosidl_typesupport_fastrtps_c.cpython-310-aarch64-linux-gnu.so
[7.523s] -- Up-to-date: /root/Lunar_ROADSTER/lr_ws/install/lx_msgs/local/lib/python3.10/dist-packages/lx_msgs/lx_msgs_s__rosidl_typesupport_c.cpython-310-aarch64-linux-gnu.so
[7.523s] -- Up-to-date: /root/Lunar_ROADSTER/lr_ws/install/lx_msgs/local/lib/python3.10/dist-packages/lx_msgs/lx_msgs_s__rosidl_typesupport_introspection_c.cpython-310-aarch64-linux-gnu.so
[7.622s] Listing '/root/Lunar_ROADSTER/lr_ws/install/lx_msgs/local/lib/python3.10/dist-packages/lx_msgs'...
[7.623s] Listing '/root/Lunar_ROADSTER/lr_ws/install/lx_msgs/local/lib/python3.10/dist-packages/lx_msgs/action'...
[7.623s] Listing '/root/Lunar_ROADSTER/lr_ws/install/lx_msgs/local/lib/python3.10/dist-packages/lx_msgs/msg'...
[7.624s] Listing '/root/Lunar_ROADSTER/lr_ws/install/lx_msgs/local/lib/python3.10/dist-packages/lx_msgs/srv'...
[7.625s] -- Up-to-date: /root/Lunar_ROADSTER/lr_ws/install/lx_msgs/local/lib/python3.10/dist-packages/lx_msgs/lx_msgs_s__rosidl_typesupport_fastrtps_c.cpython-310-aarch64-linux-gnu.so
[7.625s] -- Up-to-date: /root/Lunar_ROADSTER/lr_ws/install/lx_msgs/local/lib/python3.10/dist-packages/lx_msgs/lx_msgs_s__rosidl_typesupport_introspection_c.cpython-310-aarch64-linux-gnu.so
[7.625s] -- Up-to-date: /root/Lunar_ROADSTER/lr_ws/install/lx_msgs/local/lib/python3.10/dist-packages/lx_msgs/lx_msgs_s__rosidl_typesupport_c.cpython-310-aarch64-linux-gnu.so
[7.626s] -- Up-to-date: /root/Lunar_ROADSTER/lr_ws/install/lx_msgs/lib/liblx_msgs__rosidl_generator_py.so
[7.627s] -- Up-to-date: /root/Lunar_ROADSTER/lr_ws/install/lx_msgs/share/lx_msgs/msg/RoverCommand.idl
[7.628s] -- Up-to-date: /root/Lunar_ROADSTER/lr_ws/install/lx_msgs/share/lx_msgs/msg/ToolInfo.idl
[7.628s] -- Up-to-date: /root/Lunar_ROADSTER/lr_ws/install/lx_msgs/share/lx_msgs/msg/BermProgress.idl
[7.628s] -- Up-to-date: /root/Lunar_ROADSTER/lr_ws/install/lx_msgs/share/lx_msgs/msg/BermConfig.idl
[7.629s] -- Up-to-date: /root/Lunar_ROADSTER/lr_ws/install/lx_msgs/share/lx_msgs/msg/PlannedTask.idl
[7.629s] -- Up-to-date: /root/Lunar_ROADSTER/lr_ws/install/lx_msgs/share/lx_msgs/msg/NodeDiagnostics.idl
[7.630s] -- Up-to-date: /root/Lunar_ROADSTER/lr_ws/install/lx_msgs/share/lx_msgs/msg/BermSection.idl
[7.631s] -- Up-to-date: /root/Lunar_ROADSTER/lr_ws/install/lx_msgs/share/lx_msgs/srv/BermProgressEval.idl
[7.632s] -- Up-to-date: /root/Lunar_ROADSTER/lr_ws/install/lx_msgs/share/lx_msgs/srv/Switch.idl
[7.633s] -- Up-to-date: /root/Lunar_ROADSTER/lr_ws/install/lx_msgs/share/lx_msgs/srv/Plan.idl
[7.633s] -- Up-to-date: /root/Lunar_ROADSTER/lr_ws/install/lx_msgs/share/lx_msgs/srv/UserInputRecord.idl
[7.633s] -- Up-to-date: /root/Lunar_ROADSTER/lr_ws/install/lx_msgs/share/lx_msgs/srv/BermService.idl
[7.635s] -- Up-to-date: /root/Lunar_ROADSTER/lr_ws/install/lx_msgs/share/lx_msgs/srv/ZoneService.idl
[7.635s] -- Up-to-date: /root/Lunar_ROADSTER/lr_ws/install/lx_msgs/share/lx_msgs/srv/RequestRoverService.idl
[7.636s] -- Up-to-date: /root/Lunar_ROADSTER/lr_ws/install/lx_msgs/share/lx_msgs/srv/PclGroundHeight.idl
[7.636s] -- Up-to-date: /root/Lunar_ROADSTER/lr_ws/install/lx_msgs/share/lx_msgs/action/Operation.idl
[7.637s] -- Up-to-date: /root/Lunar_ROADSTER/lr_ws/install/lx_msgs/share/lx_msgs/action/AutoDig.idl
[7.637s] -- Up-to-date: /root/Lunar_ROADSTER/lr_ws/install/lx_msgs/share/lx_msgs/action/AutoDump.idl
[7.638s] -- Up-to-date: /root/Lunar_ROADSTER/lr_ws/install/lx_msgs/share/lx_msgs/action/AutoNav.idl
[7.638s] -- Up-to-date: /root/Lunar_ROADSTER/lr_ws/install/lx_msgs/share/lx_msgs/action/CalibrateImu.idl
[7.639s] -- Up-to-date: /root/Lunar_ROADSTER/lr_ws/install/lx_msgs/share/lx_msgs/msg/RoverCommand.msg
[7.639s] -- Up-to-date: /root/Lunar_ROADSTER/lr_ws/install/lx_msgs/share/lx_msgs/msg/ToolInfo.msg
[7.639s] -- Up-to-date: /root/Lunar_ROADSTER/lr_ws/install/lx_msgs/share/lx_msgs/msg/BermProgress.msg
[7.640s] -- Up-to-date: /root/Lunar_ROADSTER/lr_ws/install/lx_msgs/share/lx_msgs/msg/BermConfig.msg
[7.640s] -- Up-to-date: /root/Lunar_ROADSTER/lr_ws/install/lx_msgs/share/lx_msgs/msg/PlannedTask.msg
[7.641s] -- Up-to-date: /root/Lunar_ROADSTER/lr_ws/install/lx_msgs/share/lx_msgs/msg/NodeDiagnostics.msg
[7.641s] -- Up-to-date: /root/Lunar_ROADSTER/lr_ws/install/lx_msgs/share/lx_msgs/msg/BermSection.msg
[7.641s] -- Up-to-date: /root/Lunar_ROADSTER/lr_ws/install/lx_msgs/share/lx_msgs/srv/BermProgressEval.srv
[7.642s] -- Up-to-date: /root/Lunar_ROADSTER/lr_ws/install/lx_msgs/share/lx_msgs/srv/BermProgressEval_Request.msg
[7.644s] -- Up-to-date: /root/Lunar_ROADSTER/lr_ws/install/lx_msgs/share/lx_msgs/srv/BermProgressEval_Response.msg
[7.644s] -- Up-to-date: /root/Lunar_ROADSTER/lr_ws/install/lx_msgs/share/lx_msgs/srv/Switch.srv
[7.645s] -- Up-to-date: /root/Lunar_ROADSTER/lr_ws/install/lx_msgs/share/lx_msgs/srv/Switch_Request.msg
[7.645s] -- Up-to-date: /root/Lunar_ROADSTER/lr_ws/install/lx_msgs/share/lx_msgs/srv/Switch_Response.msg
[7.647s] -- Up-to-date: /root/Lunar_ROADSTER/lr_ws/install/lx_msgs/share/lx_msgs/srv/Plan.srv
[7.647s] -- Up-to-date: /root/Lunar_ROADSTER/lr_ws/install/lx_msgs/share/lx_msgs/srv/Plan_Request.msg
[7.648s] -- Up-to-date: /root/Lunar_ROADSTER/lr_ws/install/lx_msgs/share/lx_msgs/srv/Plan_Response.msg
[7.648s] -- Up-to-date: /root/Lunar_ROADSTER/lr_ws/install/lx_msgs/share/lx_msgs/srv/UserInputRecord.srv
[7.649s] -- Up-to-date: /root/Lunar_ROADSTER/lr_ws/install/lx_msgs/share/lx_msgs/srv/UserInputRecord_Request.msg
[7.650s] -- Up-to-date: /root/Lunar_ROADSTER/lr_ws/install/lx_msgs/share/lx_msgs/srv/UserInputRecord_Response.msg
[7.650s] -- Up-to-date: /root/Lunar_ROADSTER/lr_ws/install/lx_msgs/share/lx_msgs/srv/BermService.srv
[7.650s] -- Up-to-date: /root/Lunar_ROADSTER/lr_ws/install/lx_msgs/share/lx_msgs/srv/BermService_Request.msg
[7.651s] -- Up-to-date: /root/Lunar_ROADSTER/lr_ws/install/lx_msgs/share/lx_msgs/srv/BermService_Response.msg
[7.651s] -- Up-to-date: /root/Lunar_ROADSTER/lr_ws/install/lx_msgs/share/lx_msgs/srv/ZoneService.srv
[7.652s] -- Up-to-date: /root/Lunar_ROADSTER/lr_ws/install/lx_msgs/share/lx_msgs/srv/ZoneService_Request.msg
[7.652s] -- Up-to-date: /root/Lunar_ROADSTER/lr_ws/install/lx_msgs/share/lx_msgs/srv/ZoneService_Response.msg
[7.652s] -- Up-to-date: /root/Lunar_ROADSTER/lr_ws/install/lx_msgs/share/lx_msgs/srv/RequestRoverService.srv
[7.653s] -- Up-to-date: /root/Lunar_ROADSTER/lr_ws/install/lx_msgs/share/lx_msgs/srv/RequestRoverService_Request.msg
[7.653s] -- Up-to-date: /root/Lunar_ROADSTER/lr_ws/install/lx_msgs/share/lx_msgs/srv/RequestRoverService_Response.msg
[7.654s] -- Up-to-date: /root/Lunar_ROADSTER/lr_ws/install/lx_msgs/share/lx_msgs/srv/PclGroundHeight.srv
[7.655s] -- Up-to-date: /root/Lunar_ROADSTER/lr_ws/install/lx_msgs/share/lx_msgs/srv/PclGroundHeight_Request.msg
[7.655s] -- Up-to-date: /root/Lunar_ROADSTER/lr_ws/install/lx_msgs/share/lx_msgs/srv/PclGroundHeight_Response.msg
[7.656s] -- Up-to-date: /root/Lunar_ROADSTER/lr_ws/install/lx_msgs/share/lx_msgs/action/Operation.action
[7.656s] -- Up-to-date: /root/Lunar_ROADSTER/lr_ws/install/lx_msgs/share/lx_msgs/action/AutoDig.action
[7.657s] -- Up-to-date: /root/Lunar_ROADSTER/lr_ws/install/lx_msgs/share/lx_msgs/action/AutoDump.action
[7.657s] -- Up-to-date: /root/Lunar_ROADSTER/lr_ws/install/lx_msgs/share/lx_msgs/action/AutoNav.action
[7.658s] -- Up-to-date: /root/Lunar_ROADSTER/lr_ws/install/lx_msgs/share/lx_msgs/action/CalibrateImu.action
[7.658s] -- Up-to-date: /root/Lunar_ROADSTER/lr_ws/install/lx_msgs/share/ament_index/resource_index/package_run_dependencies/lx_msgs
[7.658s] -- Up-to-date: /root/Lunar_ROADSTER/lr_ws/install/lx_msgs/share/ament_index/resource_index/parent_prefix_path/lx_msgs
[7.659s] -- Up-to-date: /root/Lunar_ROADSTER/lr_ws/install/lx_msgs/share/lx_msgs/environment/ament_prefix_path.sh
[7.659s] -- Up-to-date: /root/Lunar_ROADSTER/lr_ws/install/lx_msgs/share/lx_msgs/environment/ament_prefix_path.dsv
[7.660s] -- Up-to-date: /root/Lunar_ROADSTER/lr_ws/install/lx_msgs/share/lx_msgs/environment/path.sh
[7.660s] -- Up-to-date: /root/Lunar_ROADSTER/lr_ws/install/lx_msgs/share/lx_msgs/environment/path.dsv
[7.661s] -- Up-to-date: /root/Lunar_ROADSTER/lr_ws/install/lx_msgs/share/lx_msgs/local_setup.bash
[7.661s] -- Up-to-date: /root/Lunar_ROADSTER/lr_ws/install/lx_msgs/share/lx_msgs/local_setup.sh
[7.662s] -- Up-to-date: /root/Lunar_ROADSTER/lr_ws/install/lx_msgs/share/lx_msgs/local_setup.zsh
[7.666s] -- Up-to-date: /root/Lunar_ROADSTER/lr_ws/install/lx_msgs/share/lx_msgs/local_setup.dsv
[7.666s] -- Installing: /root/Lunar_ROADSTER/lr_ws/install/lx_msgs/share/lx_msgs/package.dsv
[7.667s] -- Up-to-date: /root/Lunar_ROADSTER/lr_ws/install/lx_msgs/share/ament_index/resource_index/packages/lx_msgs
[7.668s] -- Up-to-date: /root/Lunar_ROADSTER/lr_ws/install/lx_msgs/share/lx_msgs/cmake/export_lx_msgs__rosidl_generator_cExport.cmake
[7.668s] -- Up-to-date: /root/Lunar_ROADSTER/lr_ws/install/lx_msgs/share/lx_msgs/cmake/export_lx_msgs__rosidl_generator_cExport-noconfig.cmake
[7.669s] -- Up-to-date: /root/Lunar_ROADSTER/lr_ws/install/lx_msgs/share/lx_msgs/cmake/export_lx_msgs__rosidl_typesupport_fastrtps_cExport.cmake
[7.670s] -- Up-to-date: /root/Lunar_ROADSTER/lr_ws/install/lx_msgs/share/lx_msgs/cmake/export_lx_msgs__rosidl_typesupport_fastrtps_cExport-noconfig.cmake
[7.671s] -- Up-to-date: /root/Lunar_ROADSTER/lr_ws/install/lx_msgs/share/lx_msgs/cmake/export_lx_msgs__rosidl_generator_cppExport.cmake
[7.672s] -- Up-to-date: /root/Lunar_ROADSTER/lr_ws/install/lx_msgs/share/lx_msgs/cmake/export_lx_msgs__rosidl_typesupport_fastrtps_cppExport.cmake
[7.673s] -- Up-to-date: /root/Lunar_ROADSTER/lr_ws/install/lx_msgs/share/lx_msgs/cmake/export_lx_msgs__rosidl_typesupport_fastrtps_cppExport-noconfig.cmake
[7.673s] -- Up-to-date: /root/Lunar_ROADSTER/lr_ws/install/lx_msgs/share/lx_msgs/cmake/lx_msgs__rosidl_typesupport_introspection_cExport.cmake
[7.675s] -- Up-to-date: /root/Lunar_ROADSTER/lr_ws/install/lx_msgs/share/lx_msgs/cmake/lx_msgs__rosidl_typesupport_introspection_cExport-noconfig.cmake
[7.676s] -- Up-to-date: /root/Lunar_ROADSTER/lr_ws/install/lx_msgs/share/lx_msgs/cmake/lx_msgs__rosidl_typesupport_cExport.cmake
[7.676s] -- Up-to-date: /root/Lunar_ROADSTER/lr_ws/install/lx_msgs/share/lx_msgs/cmake/lx_msgs__rosidl_typesupport_cExport-noconfig.cmake
[7.678s] -- Up-to-date: /root/Lunar_ROADSTER/lr_ws/install/lx_msgs/share/lx_msgs/cmake/lx_msgs__rosidl_typesupport_introspection_cppExport.cmake
[7.678s] -- Up-to-date: /root/Lunar_ROADSTER/lr_ws/install/lx_msgs/share/lx_msgs/cmake/lx_msgs__rosidl_typesupport_introspection_cppExport-noconfig.cmake
[7.679s] -- Up-to-date: /root/Lunar_ROADSTER/lr_ws/install/lx_msgs/share/lx_msgs/cmake/lx_msgs__rosidl_typesupport_cppExport.cmake
[7.679s] -- Up-to-date: /root/Lunar_ROADSTER/lr_ws/install/lx_msgs/share/lx_msgs/cmake/lx_msgs__rosidl_typesupport_cppExport-noconfig.cmake
[7.680s] -- Up-to-date: /root/Lunar_ROADSTER/lr_ws/install/lx_msgs/share/lx_msgs/cmake/export_lx_msgs__rosidl_generator_pyExport.cmake
[7.680s] -- Up-to-date: /root/Lunar_ROADSTER/lr_ws/install/lx_msgs/share/lx_msgs/cmake/export_lx_msgs__rosidl_generator_pyExport-noconfig.cmake
[7.681s] -- Up-to-date: /root/Lunar_ROADSTER/lr_ws/install/lx_msgs/share/lx_msgs/cmake/rosidl_cmake-extras.cmake
[7.681s] -- Up-to-date: /root/Lunar_ROADSTER/lr_ws/install/lx_msgs/share/lx_msgs/cmake/ament_cmake_export_dependencies-extras.cmake
[7.692s] -- Up-to-date: /root/Lunar_ROADSTER/lr_ws/install/lx_msgs/share/lx_msgs/cmake/ament_cmake_export_include_directories-extras.cmake
[7.693s] -- Up-to-date: /root/Lunar_ROADSTER/lr_ws/install/lx_msgs/share/lx_msgs/cmake/ament_cmake_export_libraries-extras.cmake
[7.694s] -- Up-to-date: /root/Lunar_ROADSTER/lr_ws/install/lx_msgs/share/lx_msgs/cmake/ament_cmake_export_targets-extras.cmake
[7.695s] -- Up-to-date: /root/Lunar_ROADSTER/lr_ws/install/lx_msgs/share/lx_msgs/cmake/rosidl_cmake_export_typesupport_targets-extras.cmake
[7.696s] -- Up-to-date: /root/Lunar_ROADSTER/lr_ws/install/lx_msgs/share/lx_msgs/cmake/rosidl_cmake_export_typesupport_libraries-extras.cmake
[7.696s] -- Up-to-date: /root/Lunar_ROADSTER/lr_ws/install/lx_msgs/share/lx_msgs/cmake/lx_msgsConfig.cmake
[7.697s] -- Up-to-date: /root/Lunar_ROADSTER/lr_ws/install/lx_msgs/share/lx_msgs/cmake/lx_msgsConfig-version.cmake
[7.698s] -- Up-to-date: /root/Lunar_ROADSTER/lr_ws/install/lx_msgs/share/lx_msgs/package.xml
[7.889s] Invoked command in '/root/Lunar_ROADSTER/lr_ws/build/lx_msgs' returned '0': CMAKE_PREFIX_PATH=${CMAKE_PREFIX_PATH}:/root/Lunar_ROADSTER/lr_ws/install/nav2_simple_commander:/opt/ros/humble /usr/local/bin/cmake --install /root/Lunar_ROADSTER/lr_ws/build/lx_msgs
