[ 50%] Built target visualization_node
[35m[1mConsolidate compiler generated dependencies of target local_visualization_node[0m
[100%] Built target local_visualization_node
-- Install configuration: ""
-- Up-to-date: /root/Lunar_ROADSTER/lr_ws/install/visualization/lib/visualization/visualization_node
-- Up-to-date: /root/Lunar_ROADSTER/lr_ws/install/visualization/lib/visualization/local_visualization_node
-- Up-to-date: /root/Lunar_ROADSTER/lr_ws/install/visualization/include/visualization
-- Up-to-date: /root/Lunar_ROADSTER/lr_ws/install/visualization/include/visualization/visualization.hpp
-- Up-to-date: /root/Lunar_ROADSTER/lr_ws/install/visualization/include/visualization/local_visualization.hpp
-- Up-to-date: /root/Lunar_ROADSTER/lr_ws/install/visualization/share/visualization/launch
-- Installing: /root/Lunar_ROADSTER/lr_ws/install/visualization/share/visualization/launch/visualization.launch.py
-- Up-to-date: /root/Lunar_ROADSTER/lr_ws/install/visualization/share/ament_index/resource_index/package_run_dependencies/visualization
-- Up-to-date: /root/Lunar_ROADSTER/lr_ws/install/visualization/share/ament_index/resource_index/parent_prefix_path/visualization
-- Up-to-date: /root/Lunar_ROADSTER/lr_ws/install/visualization/share/visualization/environment/ament_prefix_path.sh
-- Up-to-date: /root/Lunar_ROADSTER/lr_ws/install/visualization/share/visualization/environment/ament_prefix_path.dsv
-- Up-to-date: /root/Lunar_ROADSTER/lr_ws/install/visualization/share/visualization/environment/path.sh
-- Up-to-date: /root/Lunar_ROADSTER/lr_ws/install/visualization/share/visualization/environment/path.dsv
-- Up-to-date: /root/Lunar_ROADSTER/lr_ws/install/visualization/share/visualization/local_setup.bash
-- Up-to-date: /root/Lunar_ROADSTER/lr_ws/install/visualization/share/visualization/local_setup.sh
-- Up-to-date: /root/Lunar_ROADSTER/lr_ws/install/visualization/share/visualization/local_setup.zsh
-- Up-to-date: /root/Lunar_ROADSTER/lr_ws/install/visualization/share/visualization/local_setup.dsv
-- Installing: /root/Lunar_ROADSTER/lr_ws/install/visualization/share/visualization/package.dsv
-- Up-to-date: /root/Lunar_ROADSTER/lr_ws/install/visualization/share/ament_index/resource_index/packages/visualization
-- Up-to-date: /root/Lunar_ROADSTER/lr_ws/install/visualization/share/visualization/cmake/visualizationConfig.cmake
-- Up-to-date: /root/Lunar_ROADSTER/lr_ws/install/visualization/share/visualization/cmake/visualizationConfig-version.cmake
-- Up-to-date: /root/Lunar_ROADSTER/lr_ws/install/visualization/share/visualization/package.xml
