[0.019s] Invoking command in '/home/williamfbx/Lunar-ROADSTER/lr_ws/build/grid_map_rviz_plugin': AMENT_PREFIX_PATH=/home/williamfbx/Lunar-ROADSTER/lr_ws/install/grid_map_ros:/home/williamfbx/Lunar-ROADSTER/lr_ws/install/grid_map_cv:/home/williamfbx/Lunar-ROADSTER/lr_ws/install/grid_map_msgs:/home/williamfbx/Lunar-ROADSTER/lr_ws/install/grid_map_core:/home/williamfbx/Lunar-ROADSTER/lr_ws/install/grid_map_cmake_helpers:${AMENT_PREFIX_PATH} CMAKE_PREFIX_PATH=/home/williamfbx/Lunar-ROADSTER/lr_ws/install/grid_map_ros:/home/williamfbx/Lunar-ROADSTER/lr_ws/install/grid_map_cv:/home/williamfbx/Lunar-ROADSTER/lr_ws/install/grid_map_msgs:/home/williamfbx/Lunar-ROADSTER/lr_ws/install/grid_map_core:/home/williamfbx/Lunar-ROADSTER/lr_ws/install/grid_map_cmake_helpers:/opt/ros/humble LD_LIBRARY_PATH=/home/williamfbx/Lunar-ROADSTER/lr_ws/install/grid_map_ros/lib:/home/williamfbx/Lunar-ROADSTER/lr_ws/install/grid_map_cv/lib:/home/williamfbx/Lunar-ROADSTER/lr_ws/install/grid_map_msgs/lib:/home/williamfbx/Lunar-ROADSTER/lr_ws/install/grid_map_core/lib:${LD_LIBRARY_PATH} PYTHONPATH=/home/williamfbx/Lunar-ROADSTER/lr_ws/install/grid_map_msgs/local/lib/python3.10/dist-packages:${PYTHONPATH} /usr/bin/cmake /home/williamfbx/Lunar-ROADSTER/lr_ws/src/drivers/grid_map/grid_map_rviz_plugin -DCMAKE_INSTALL_PREFIX=/home/williamfbx/Lunar-ROADSTER/lr_ws/install/grid_map_rviz_plugin
[0.096s] -- The C compiler identification is GNU 11.4.0
[0.144s] -- The CXX compiler identification is GNU 11.4.0
[0.149s] -- Detecting C compiler ABI info
[0.205s] -- Detecting C compiler ABI info - done
[0.214s] -- Check for working C compiler: /usr/bin/cc - skipped
[0.214s] -- Detecting C compile features
[0.214s] -- Detecting C compile features - done
[0.216s] -- Detecting CXX compiler ABI info
[0.274s] -- Detecting CXX compiler ABI info - done
[0.284s] -- Check for working CXX compiler: /usr/bin/c++ - skipped
[0.284s] -- Detecting CXX compile features
[0.285s] -- Detecting CXX compile features - done
[0.287s] -- Found ament_cmake: 1.3.11 (/opt/ros/humble/share/ament_cmake/cmake)
[0.409s] -- Found Python3: /usr/bin/python3 (found version "3.10.12") found components: Interpreter 
[0.471s] -- Found grid_map_cmake_helpers: 2.0.1 (/home/williamfbx/Lunar-ROADSTER/lr_ws/install/grid_map_cmake_helpers/share/grid_map_cmake_helpers/cmake)
[0.472s] -- Found grid_map_msgs: 2.0.1 (/home/williamfbx/Lunar-ROADSTER/lr_ws/install/grid_map_msgs/share/grid_map_msgs/cmake)
[0.513s] -- Found rosidl_generator_c: 3.1.6 (/opt/ros/humble/share/rosidl_generator_c/cmake)
[0.519s] -- Found rosidl_adapter: 3.1.6 (/opt/ros/humble/share/rosidl_adapter/cmake)
[0.529s] -- Found rosidl_generator_cpp: 3.1.6 (/opt/ros/humble/share/rosidl_generator_cpp/cmake)
[0.543s] -- Using all available rosidl_typesupport_c: rosidl_typesupport_fastrtps_c;rosidl_typesupport_introspection_c
[0.561s] -- Using all available rosidl_typesupport_cpp: rosidl_typesupport_fastrtps_cpp;rosidl_typesupport_introspection_cpp
[0.623s] -- Found grid_map_ros: 2.0.1 (/home/williamfbx/Lunar-ROADSTER/lr_ws/install/grid_map_ros/share/grid_map_ros/cmake)
[0.710s] -- Found rmw_implementation_cmake: 6.1.2 (/opt/ros/humble/share/rmw_implementation_cmake/cmake)
[0.712s] -- Found rmw_fastrtps_cpp: 6.2.7 (/opt/ros/humble/share/rmw_fastrtps_cpp/cmake)
[0.729s] -- Found TinyXML2 via Config file: TinyXML2_DIR-NOTFOUND
[0.770s] -- Found OpenSSL: /usr/lib/x86_64-linux-gnu/libcrypto.so (found version "3.0.2")  
[0.772s] -- Found TinyXML2 via Config file: TinyXML2_DIR-NOTFOUND
[0.789s] -- Found FastRTPS: /opt/ros/humble/include  
[0.793s] -- Found TinyXML2 via Config file: TinyXML2_DIR-NOTFOUND
[0.801s] -- Found TinyXML2 via Config file: TinyXML2_DIR-NOTFOUND
[0.808s] -- Using RMW implementation 'rmw_fastrtps_cpp' as default
[0.814s] -- Looking for pthread.h
[0.878s] -- Looking for pthread.h - found
[0.879s] -- Performing Test CMAKE_HAVE_LIBC_PTHREAD
[0.951s] -- Performing Test CMAKE_HAVE_LIBC_PTHREAD - Success
[0.952s] -- Found Threads: TRUE  
[1.063s] -- Found rviz_common: 11.2.16 (/opt/ros/humble/share/rviz_common/cmake)
[1.068s] -- Setting assimp_DIR to: '/opt/ros/humble/share/rviz_assimp_vendor/cmake/../../../opt/rviz_assimp_vendor/lib/cmake/assimp-4.1'
[1.074s] -- Setting OGRE_DIR to: '/opt/ros/humble/share/rviz_ogre_vendor/cmake/../../../opt/rviz_ogre_vendor/lib/OGRE/cmake'
[1.076s] -- Found OGRE
[1.076s] --   static     : OFF
[1.076s] --   components : HLMS;MeshLodGenerator;Overlay;Paging;Property;RTShaderSystem;Terrain;Volume
[1.076s] --   plugins    : Plugin_BSPSceneManager;Plugin_OctreeSceneManager;Plugin_PCZSceneManager;Plugin_ParticleFX;RenderSystem_GL;RenderSystem_GL3Plus;Codec_STBI
[1.076s] --   media      : /opt/ros/humble/opt/rviz_ogre_vendor/share/OGRE/Media
[1.076s] -- OGRE_LIBRARIES: OgreHLMS;OgreMeshLodGenerator;OgreOverlay;OgrePaging;OgreProperty;OgreRTShaderSystem;OgreTerrain;OgreVolume;OgreMain
[1.076s] -- OGRE_LIBRARY_DIRS: /opt/ros/humble/opt/rviz_ogre_vendor/lib
[1.076s] -- OGRE_PLUGINS: Plugin_BSPSceneManager;Plugin_OctreeSceneManager;Plugin_PCZSceneManager;Plugin_ParticleFX;RenderSystem_GL;RenderSystem_GL3Plus;Codec_STBI
[1.076s] -- OGRE_PLUGIN_DIR: /opt/ros/humble/opt/rviz_ogre_vendor/lib/OGRE
[1.076s] -- rviz_ogre_vendor::OgreOverlay for IMPORTED_LOCATION_RELEASE: /opt/ros/humble/opt/rviz_ogre_vendor/lib/libOgreOverlay.so
[1.076s] -- rviz_ogre_vendor::OgreOverlay for IMPORTED_LOCATION_DEBUG: /opt/ros/humble/opt/rviz_ogre_vendor/lib/libOgreOverlay.so
[1.077s] -- rviz_ogre_vendor::OgreMain for IMPORTED_LOCATION_RELEASE: /opt/ros/humble/opt/rviz_ogre_vendor/lib/libOgreMain.so
[1.077s] -- rviz_ogre_vendor::OgreMain for IMPORTED_LOCATION_DEBUG: /opt/ros/humble/opt/rviz_ogre_vendor/lib/libOgreMain.so
[1.077s] -- Could not find freeimage library
[1.091s] -- Found ZLIB: /usr/lib/x86_64-linux-gnu/libz.so (found version "1.2.11") 
[1.094s] -- Found OpenGL: /usr/lib/x86_64-linux-gnu/libOpenGL.so   
[1.218s] -- Found X11: /usr/include   
[1.218s] -- Looking for XOpenDisplay in /usr/lib/x86_64-linux-gnu/libX11.so;/usr/lib/x86_64-linux-gnu/libXext.so
[1.363s] -- Looking for XOpenDisplay in /usr/lib/x86_64-linux-gnu/libX11.so;/usr/lib/x86_64-linux-gnu/libXext.so - found
[1.367s] -- Looking for gethostbyname
[1.468s] -- Looking for gethostbyname - found
[1.468s] -- Looking for connect
[1.558s] -- Looking for connect - found
[1.558s] -- Looking for remove
[1.686s] -- Looking for remove - found
[1.686s] -- Looking for shmat
[1.778s] -- Looking for shmat - found
[1.778s] -- Looking for IceConnectionNumber in ICE
[1.941s] -- Looking for IceConnectionNumber in ICE - found
[2.161s] -- library: /usr/lib/x86_64-linux-gnu/libcurl.so
[2.233s] -- Found Eigen3: TRUE (found version "3.4.0") 
[2.233s] -- Ensuring Eigen3 include directory is part of orocos-kdl CMake target
[2.520s] -- Setting build type to Release as none was specified.
[2.588s] -- Found ament_lint_auto: 0.12.11 (/opt/ros/humble/share/ament_lint_auto/cmake)
[2.903s] -- Added test 'cppcheck' to perform static code analysis on C / C++ code
[2.903s] -- Configured cppcheck include dirs: /home/williamfbx/Lunar-ROADSTER/lr_ws/src/drivers/grid_map/grid_map_rviz_plugin/include
[2.903s] -- Configured cppcheck exclude dirs and/or files: 
[2.913s] -- Added test 'lint_cmake' to check CMake code style
[2.917s] -- Added test 'uncrustify' to check C / C++ code style
[2.917s] -- Configured uncrustify additional arguments: 
[2.917s] -- Added test 'xmllint' to check XML markup files
[2.921s] -- Configuring done
[3.098s] -- Generating done
[3.119s] -- Build files have been written to: /home/williamfbx/Lunar-ROADSTER/lr_ws/build/grid_map_rviz_plugin
[3.176s] Invoked command in '/home/williamfbx/Lunar-ROADSTER/lr_ws/build/grid_map_rviz_plugin' returned '0': AMENT_PREFIX_PATH=/home/williamfbx/Lunar-ROADSTER/lr_ws/install/grid_map_ros:/home/williamfbx/Lunar-ROADSTER/lr_ws/install/grid_map_cv:/home/williamfbx/Lunar-ROADSTER/lr_ws/install/grid_map_msgs:/home/williamfbx/Lunar-ROADSTER/lr_ws/install/grid_map_core:/home/williamfbx/Lunar-ROADSTER/lr_ws/install/grid_map_cmake_helpers:${AMENT_PREFIX_PATH} CMAKE_PREFIX_PATH=/home/williamfbx/Lunar-ROADSTER/lr_ws/install/grid_map_ros:/home/williamfbx/Lunar-ROADSTER/lr_ws/install/grid_map_cv:/home/williamfbx/Lunar-ROADSTER/lr_ws/install/grid_map_msgs:/home/williamfbx/Lunar-ROADSTER/lr_ws/install/grid_map_core:/home/williamfbx/Lunar-ROADSTER/lr_ws/install/grid_map_cmake_helpers:/opt/ros/humble LD_LIBRARY_PATH=/home/williamfbx/Lunar-ROADSTER/lr_ws/install/grid_map_ros/lib:/home/williamfbx/Lunar-ROADSTER/lr_ws/install/grid_map_cv/lib:/home/williamfbx/Lunar-ROADSTER/lr_ws/install/grid_map_msgs/lib:/home/williamfbx/Lunar-ROADSTER/lr_ws/install/grid_map_core/lib:${LD_LIBRARY_PATH} PYTHONPATH=/home/williamfbx/Lunar-ROADSTER/lr_ws/install/grid_map_msgs/local/lib/python3.10/dist-packages:${PYTHONPATH} /usr/bin/cmake /home/williamfbx/Lunar-ROADSTER/lr_ws/src/drivers/grid_map/grid_map_rviz_plugin -DCMAKE_INSTALL_PREFIX=/home/williamfbx/Lunar-ROADSTER/lr_ws/install/grid_map_rviz_plugin
[3.176s] Invoking command in '/home/williamfbx/Lunar-ROADSTER/lr_ws/build/grid_map_rviz_plugin': AMENT_PREFIX_PATH=/home/williamfbx/Lunar-ROADSTER/lr_ws/install/grid_map_ros:/home/williamfbx/Lunar-ROADSTER/lr_ws/install/grid_map_cv:/home/williamfbx/Lunar-ROADSTER/lr_ws/install/grid_map_msgs:/home/williamfbx/Lunar-ROADSTER/lr_ws/install/grid_map_core:/home/williamfbx/Lunar-ROADSTER/lr_ws/install/grid_map_cmake_helpers:${AMENT_PREFIX_PATH} CMAKE_PREFIX_PATH=/home/williamfbx/Lunar-ROADSTER/lr_ws/install/grid_map_ros:/home/williamfbx/Lunar-ROADSTER/lr_ws/install/grid_map_cv:/home/williamfbx/Lunar-ROADSTER/lr_ws/install/grid_map_msgs:/home/williamfbx/Lunar-ROADSTER/lr_ws/install/grid_map_core:/home/williamfbx/Lunar-ROADSTER/lr_ws/install/grid_map_cmake_helpers:/opt/ros/humble LD_LIBRARY_PATH=/home/williamfbx/Lunar-ROADSTER/lr_ws/install/grid_map_ros/lib:/home/williamfbx/Lunar-ROADSTER/lr_ws/install/grid_map_cv/lib:/home/williamfbx/Lunar-ROADSTER/lr_ws/install/grid_map_msgs/lib:/home/williamfbx/Lunar-ROADSTER/lr_ws/install/grid_map_core/lib:${LD_LIBRARY_PATH} PYTHONPATH=/home/williamfbx/Lunar-ROADSTER/lr_ws/install/grid_map_msgs/local/lib/python3.10/dist-packages:${PYTHONPATH} /usr/bin/cmake --build /home/williamfbx/Lunar-ROADSTER/lr_ws/build/grid_map_rviz_plugin -- -j12 -l12
[3.318s] [ 14%] [34m[1mAutomatic MOC for target grid_map_rviz_plugin[0m
[3.450s] [ 14%] Built target grid_map_rviz_plugin_autogen
[3.489s] [ 28%] [34m[1mGenerating include/grid_map_rviz_plugin/moc_GridMapDisplay.cpp[0m
[3.574s] [ 42%] [32mBuilding CXX object CMakeFiles/grid_map_rviz_plugin.dir/grid_map_rviz_plugin_autogen/mocs_compilation.cpp.o[0m
[3.574s] [ 57%] [32mBuilding CXX object CMakeFiles/grid_map_rviz_plugin.dir/src/GridMapDisplay.cpp.o[0m
[3.585s] [ 71%] [32mBuilding CXX object CMakeFiles/grid_map_rviz_plugin.dir/src/GridMapVisual.cpp.o[0m
[3.591s] [ 85%] [32mBuilding CXX object CMakeFiles/grid_map_rviz_plugin.dir/include/grid_map_rviz_plugin/moc_GridMapDisplay.cpp.o[0m
[49.193s] [100%] [32m[1mLinking CXX shared library libgrid_map_rviz_plugin.so[0m
[51.096s] [100%] Built target grid_map_rviz_plugin
[51.121s] Invoked command in '/home/williamfbx/Lunar-ROADSTER/lr_ws/build/grid_map_rviz_plugin' returned '0': AMENT_PREFIX_PATH=/home/williamfbx/Lunar-ROADSTER/lr_ws/install/grid_map_ros:/home/williamfbx/Lunar-ROADSTER/lr_ws/install/grid_map_cv:/home/williamfbx/Lunar-ROADSTER/lr_ws/install/grid_map_msgs:/home/williamfbx/Lunar-ROADSTER/lr_ws/install/grid_map_core:/home/williamfbx/Lunar-ROADSTER/lr_ws/install/grid_map_cmake_helpers:${AMENT_PREFIX_PATH} CMAKE_PREFIX_PATH=/home/williamfbx/Lunar-ROADSTER/lr_ws/install/grid_map_ros:/home/williamfbx/Lunar-ROADSTER/lr_ws/install/grid_map_cv:/home/williamfbx/Lunar-ROADSTER/lr_ws/install/grid_map_msgs:/home/williamfbx/Lunar-ROADSTER/lr_ws/install/grid_map_core:/home/williamfbx/Lunar-ROADSTER/lr_ws/install/grid_map_cmake_helpers:/opt/ros/humble LD_LIBRARY_PATH=/home/williamfbx/Lunar-ROADSTER/lr_ws/install/grid_map_ros/lib:/home/williamfbx/Lunar-ROADSTER/lr_ws/install/grid_map_cv/lib:/home/williamfbx/Lunar-ROADSTER/lr_ws/install/grid_map_msgs/lib:/home/williamfbx/Lunar-ROADSTER/lr_ws/install/grid_map_core/lib:${LD_LIBRARY_PATH} PYTHONPATH=/home/williamfbx/Lunar-ROADSTER/lr_ws/install/grid_map_msgs/local/lib/python3.10/dist-packages:${PYTHONPATH} /usr/bin/cmake --build /home/williamfbx/Lunar-ROADSTER/lr_ws/build/grid_map_rviz_plugin -- -j12 -l12
[51.124s] Invoking command in '/home/williamfbx/Lunar-ROADSTER/lr_ws/build/grid_map_rviz_plugin': AMENT_PREFIX_PATH=/home/williamfbx/Lunar-ROADSTER/lr_ws/install/grid_map_ros:/home/williamfbx/Lunar-ROADSTER/lr_ws/install/grid_map_cv:/home/williamfbx/Lunar-ROADSTER/lr_ws/install/grid_map_msgs:/home/williamfbx/Lunar-ROADSTER/lr_ws/install/grid_map_core:/home/williamfbx/Lunar-ROADSTER/lr_ws/install/grid_map_cmake_helpers:${AMENT_PREFIX_PATH} CMAKE_PREFIX_PATH=/home/williamfbx/Lunar-ROADSTER/lr_ws/install/grid_map_ros:/home/williamfbx/Lunar-ROADSTER/lr_ws/install/grid_map_cv:/home/williamfbx/Lunar-ROADSTER/lr_ws/install/grid_map_msgs:/home/williamfbx/Lunar-ROADSTER/lr_ws/install/grid_map_core:/home/williamfbx/Lunar-ROADSTER/lr_ws/install/grid_map_cmake_helpers:/opt/ros/humble LD_LIBRARY_PATH=/home/williamfbx/Lunar-ROADSTER/lr_ws/install/grid_map_ros/lib:/home/williamfbx/Lunar-ROADSTER/lr_ws/install/grid_map_cv/lib:/home/williamfbx/Lunar-ROADSTER/lr_ws/install/grid_map_msgs/lib:/home/williamfbx/Lunar-ROADSTER/lr_ws/install/grid_map_core/lib:${LD_LIBRARY_PATH} PYTHONPATH=/home/williamfbx/Lunar-ROADSTER/lr_ws/install/grid_map_msgs/local/lib/python3.10/dist-packages:${PYTHONPATH} /usr/bin/cmake --install /home/williamfbx/Lunar-ROADSTER/lr_ws/build/grid_map_rviz_plugin
[51.140s] -- Install configuration: "Release"
[51.140s] -- Installing: /home/williamfbx/Lunar-ROADSTER/lr_ws/install/grid_map_rviz_plugin/share/grid_map_rviz_plugin/plugin_description.xml
[51.141s] -- Installing: /home/williamfbx/Lunar-ROADSTER/lr_ws/install/grid_map_rviz_plugin/include
[51.141s] -- Installing: /home/williamfbx/Lunar-ROADSTER/lr_ws/install/grid_map_rviz_plugin/include/grid_map_rviz_plugin
[51.141s] -- Installing: /home/williamfbx/Lunar-ROADSTER/lr_ws/install/grid_map_rviz_plugin/include/grid_map_rviz_plugin/GridMapVisual.hpp
[51.141s] -- Installing: /home/williamfbx/Lunar-ROADSTER/lr_ws/install/grid_map_rviz_plugin/include/grid_map_rviz_plugin/GridMapDisplay.hpp
[51.141s] -- Installing: /home/williamfbx/Lunar-ROADSTER/lr_ws/install/grid_map_rviz_plugin/lib/libgrid_map_rviz_plugin.so
[51.146s] -- Set runtime path of "/home/williamfbx/Lunar-ROADSTER/lr_ws/install/grid_map_rviz_plugin/lib/libgrid_map_rviz_plugin.so" to ""
[51.147s] -- Up-to-date: /home/williamfbx/Lunar-ROADSTER/lr_ws/install/grid_map_rviz_plugin/share/grid_map_rviz_plugin/plugin_description.xml
[51.147s] -- Installing: /home/williamfbx/Lunar-ROADSTER/lr_ws/install/grid_map_rviz_plugin/share/grid_map_rviz_plugin/icons/icons
[51.147s] -- Installing: /home/williamfbx/Lunar-ROADSTER/lr_ws/install/grid_map_rviz_plugin/share/grid_map_rviz_plugin/icons/icons/classes
[51.147s] -- Installing: /home/williamfbx/Lunar-ROADSTER/lr_ws/install/grid_map_rviz_plugin/share/grid_map_rviz_plugin/icons/icons/classes/GridMap.png
[51.147s] -- Installing: /home/williamfbx/Lunar-ROADSTER/lr_ws/install/grid_map_rviz_plugin/share/grid_map_rviz_plugin/doc
[51.147s] -- Installing: /home/williamfbx/Lunar-ROADSTER/lr_ws/install/grid_map_rviz_plugin/share/grid_map_rviz_plugin/doc/grid_map_rviz_plugin.png
[51.147s] -- Installing: /home/williamfbx/Lunar-ROADSTER/lr_ws/install/grid_map_rviz_plugin/share/grid_map_rviz_plugin/doc/grid_map_rviz_plugin_example.png
[51.153s] -- Installing: /home/williamfbx/Lunar-ROADSTER/lr_ws/install/grid_map_rviz_plugin/share/grid_map_rviz_plugin/environment/library_path.sh
[51.153s] -- Installing: /home/williamfbx/Lunar-ROADSTER/lr_ws/install/grid_map_rviz_plugin/share/grid_map_rviz_plugin/environment/library_path.dsv
[51.153s] -- Installing: /home/williamfbx/Lunar-ROADSTER/lr_ws/install/grid_map_rviz_plugin/share/ament_index/resource_index/package_run_dependencies/grid_map_rviz_plugin
[51.153s] -- Installing: /home/williamfbx/Lunar-ROADSTER/lr_ws/install/grid_map_rviz_plugin/share/ament_index/resource_index/parent_prefix_path/grid_map_rviz_plugin
[51.153s] -- Installing: /home/williamfbx/Lunar-ROADSTER/lr_ws/install/grid_map_rviz_plugin/share/grid_map_rviz_plugin/environment/ament_prefix_path.sh
[51.153s] -- Installing: /home/williamfbx/Lunar-ROADSTER/lr_ws/install/grid_map_rviz_plugin/share/grid_map_rviz_plugin/environment/ament_prefix_path.dsv
[51.153s] -- Installing: /home/williamfbx/Lunar-ROADSTER/lr_ws/install/grid_map_rviz_plugin/share/grid_map_rviz_plugin/environment/path.sh
[51.153s] -- Installing: /home/williamfbx/Lunar-ROADSTER/lr_ws/install/grid_map_rviz_plugin/share/grid_map_rviz_plugin/environment/path.dsv
[51.154s] -- Installing: /home/williamfbx/Lunar-ROADSTER/lr_ws/install/grid_map_rviz_plugin/share/grid_map_rviz_plugin/local_setup.bash
[51.154s] -- Installing: /home/williamfbx/Lunar-ROADSTER/lr_ws/install/grid_map_rviz_plugin/share/grid_map_rviz_plugin/local_setup.sh
[51.154s] -- Installing: /home/williamfbx/Lunar-ROADSTER/lr_ws/install/grid_map_rviz_plugin/share/grid_map_rviz_plugin/local_setup.zsh
[51.154s] -- Installing: /home/williamfbx/Lunar-ROADSTER/lr_ws/install/grid_map_rviz_plugin/share/grid_map_rviz_plugin/local_setup.dsv
[51.154s] -- Installing: /home/williamfbx/Lunar-ROADSTER/lr_ws/install/grid_map_rviz_plugin/share/grid_map_rviz_plugin/package.dsv
[51.154s] -- Installing: /home/williamfbx/Lunar-ROADSTER/lr_ws/install/grid_map_rviz_plugin/share/ament_index/resource_index/packages/grid_map_rviz_plugin
[51.154s] -- Installing: /home/williamfbx/Lunar-ROADSTER/lr_ws/install/grid_map_rviz_plugin/share/ament_index/resource_index/rviz_common__pluginlib__plugin/grid_map_rviz_plugin
[51.154s] -- Installing: /home/williamfbx/Lunar-ROADSTER/lr_ws/install/grid_map_rviz_plugin/share/grid_map_rviz_plugin/cmake/grid_map_rviz_pluginExport.cmake
[51.154s] -- Installing: /home/williamfbx/Lunar-ROADSTER/lr_ws/install/grid_map_rviz_plugin/share/grid_map_rviz_plugin/cmake/grid_map_rviz_pluginExport-release.cmake
[51.154s] -- Installing: /home/williamfbx/Lunar-ROADSTER/lr_ws/install/grid_map_rviz_plugin/share/grid_map_rviz_plugin/cmake/ament_cmake_export_include_directories-extras.cmake
[51.154s] -- Installing: /home/williamfbx/Lunar-ROADSTER/lr_ws/install/grid_map_rviz_plugin/share/grid_map_rviz_plugin/cmake/ament_cmake_export_targets-extras.cmake
[51.154s] -- Installing: /home/williamfbx/Lunar-ROADSTER/lr_ws/install/grid_map_rviz_plugin/share/grid_map_rviz_plugin/cmake/ament_cmake_export_dependencies-extras.cmake
[51.155s] -- Installing: /home/williamfbx/Lunar-ROADSTER/lr_ws/install/grid_map_rviz_plugin/share/grid_map_rviz_plugin/cmake/grid_map_rviz_pluginConfig.cmake
[51.159s] -- Installing: /home/williamfbx/Lunar-ROADSTER/lr_ws/install/grid_map_rviz_plugin/share/grid_map_rviz_plugin/cmake/grid_map_rviz_pluginConfig-version.cmake
[51.159s] -- Installing: /home/williamfbx/Lunar-ROADSTER/lr_ws/install/grid_map_rviz_plugin/share/grid_map_rviz_plugin/package.xml
[51.160s] Invoked command in '/home/williamfbx/Lunar-ROADSTER/lr_ws/build/grid_map_rviz_plugin' returned '0': AMENT_PREFIX_PATH=/home/williamfbx/Lunar-ROADSTER/lr_ws/install/grid_map_ros:/home/williamfbx/Lunar-ROADSTER/lr_ws/install/grid_map_cv:/home/williamfbx/Lunar-ROADSTER/lr_ws/install/grid_map_msgs:/home/williamfbx/Lunar-ROADSTER/lr_ws/install/grid_map_core:/home/williamfbx/Lunar-ROADSTER/lr_ws/install/grid_map_cmake_helpers:${AMENT_PREFIX_PATH} CMAKE_PREFIX_PATH=/home/williamfbx/Lunar-ROADSTER/lr_ws/install/grid_map_ros:/home/williamfbx/Lunar-ROADSTER/lr_ws/install/grid_map_cv:/home/williamfbx/Lunar-ROADSTER/lr_ws/install/grid_map_msgs:/home/williamfbx/Lunar-ROADSTER/lr_ws/install/grid_map_core:/home/williamfbx/Lunar-ROADSTER/lr_ws/install/grid_map_cmake_helpers:/opt/ros/humble LD_LIBRARY_PATH=/home/williamfbx/Lunar-ROADSTER/lr_ws/install/grid_map_ros/lib:/home/williamfbx/Lunar-ROADSTER/lr_ws/install/grid_map_cv/lib:/home/williamfbx/Lunar-ROADSTER/lr_ws/install/grid_map_msgs/lib:/home/williamfbx/Lunar-ROADSTER/lr_ws/install/grid_map_core/lib:${LD_LIBRARY_PATH} PYTHONPATH=/home/williamfbx/Lunar-ROADSTER/lr_ws/install/grid_map_msgs/local/lib/python3.10/dist-packages:${PYTHONPATH} /usr/bin/cmake --install /home/williamfbx/Lunar-ROADSTER/lr_ws/build/grid_map_rviz_plugin
