[0.199s] Invoking command in '/root/Lunar_ROADSTER/lr_ws/build/vectornav': CMAKE_PREFIX_PATH=/root/Lunar_ROADSTER/lr_ws/install/vectornav_msgs:/root/Lunar_ROADSTER/lr_ws/install/vectornav:/root/Lunar_ROADSTER/lr_ws/install/localization:/root/Lunar_ROADSTER/lr_ws/install/cg_msgs:/opt/ros/humble LD_LIBRARY_PATH=/root/Lunar_ROADSTER/lr_ws/install/vectornav_msgs/lib:/root/Lunar_ROADSTER/lr_ws/install/vectornav/lib:/root/Lunar_ROADSTER/lr_ws/install/cg_msgs/lib:/opt/ros/humble/opt/rviz_ogre_vendor/lib:/opt/ros/humble/lib/aarch64-linux-gnu:/opt/ros/humble/lib:/usr/local/cuda/lib64 /usr/local/bin/cmake --build /root/Lunar_ROADSTER/lr_ws/build/vectornav -- -j4 -l4
[0.443s] [  6%] Built target vn_sensor_msgs_lib
[0.511s] [ 81%] Built target vncxx
[0.608s] [ 87%] Built target vn_sensor_msgs
[0.637s] [ 93%] Built target vectornav_lib
[0.750s] [100%] Built target vectornav
[0.813s] Invoked command in '/root/Lunar_ROADSTER/lr_ws/build/vectornav' returned '0': CMAKE_PREFIX_PATH=/root/Lunar_ROADSTER/lr_ws/install/vectornav_msgs:/root/Lunar_ROADSTER/lr_ws/install/vectornav:/root/Lunar_ROADSTER/lr_ws/install/localization:/root/Lunar_ROADSTER/lr_ws/install/cg_msgs:/opt/ros/humble LD_LIBRARY_PATH=/root/Lunar_ROADSTER/lr_ws/install/vectornav_msgs/lib:/root/Lunar_ROADSTER/lr_ws/install/vectornav/lib:/root/Lunar_ROADSTER/lr_ws/install/cg_msgs/lib:/opt/ros/humble/opt/rviz_ogre_vendor/lib:/opt/ros/humble/lib/aarch64-linux-gnu:/opt/ros/humble/lib:/usr/local/cuda/lib64 /usr/local/bin/cmake --build /root/Lunar_ROADSTER/lr_ws/build/vectornav -- -j4 -l4
[0.814s] Invoking command in '/root/Lunar_ROADSTER/lr_ws/build/vectornav': CMAKE_PREFIX_PATH=/root/Lunar_ROADSTER/lr_ws/install/vectornav_msgs:/root/Lunar_ROADSTER/lr_ws/install/vectornav:/root/Lunar_ROADSTER/lr_ws/install/localization:/root/Lunar_ROADSTER/lr_ws/install/cg_msgs:/opt/ros/humble LD_LIBRARY_PATH=/root/Lunar_ROADSTER/lr_ws/install/vectornav_msgs/lib:/root/Lunar_ROADSTER/lr_ws/install/vectornav/lib:/root/Lunar_ROADSTER/lr_ws/install/cg_msgs/lib:/opt/ros/humble/opt/rviz_ogre_vendor/lib:/opt/ros/humble/lib/aarch64-linux-gnu:/opt/ros/humble/lib:/usr/local/cuda/lib64 /usr/local/bin/cmake --install /root/Lunar_ROADSTER/lr_ws/build/vectornav
[0.837s] -- Install configuration: ""
[0.839s] -- Up-to-date: /root/Lunar_ROADSTER/lr_ws/install/vectornav/lib/libvectornav_lib.so
[0.841s] -- Up-to-date: /root/Lunar_ROADSTER/lr_ws/install/vectornav/lib/libvn_sensor_msgs_lib.so
[0.849s] -- Up-to-date: /root/Lunar_ROADSTER/lr_ws/install/vectornav/lib/vectornav/vectornav
[0.850s] -- Up-to-date: /root/Lunar_ROADSTER/lr_ws/install/vectornav/lib/vectornav/vn_sensor_msgs
[0.850s] -- Up-to-date: /root/Lunar_ROADSTER/lr_ws/install/vectornav/share/vectornav//config
[0.850s] -- Up-to-date: /root/Lunar_ROADSTER/lr_ws/install/vectornav/share/vectornav//config/vectornav.yaml
[0.850s] -- Up-to-date: /root/Lunar_ROADSTER/lr_ws/install/vectornav/share/vectornav//config/vectornav_composable.yaml
[0.851s] -- Up-to-date: /root/Lunar_ROADSTER/lr_ws/install/vectornav/share/vectornav//config/vn_100_800hz.yaml
[0.851s] -- Up-to-date: /root/Lunar_ROADSTER/lr_ws/install/vectornav/share/vectornav//config/vn_sensor_msgs_composable.yaml
[0.851s] -- Up-to-date: /root/Lunar_ROADSTER/lr_ws/install/vectornav/share/vectornav//launch
[0.851s] -- Up-to-date: /root/Lunar_ROADSTER/lr_ws/install/vectornav/share/vectornav//launch/vectornav.launch.py
[0.852s] -- Up-to-date: /root/Lunar_ROADSTER/lr_ws/install/vectornav/share/vectornav//launch/vectornav_composable.launch.py
[0.864s] -- Up-to-date: /root/Lunar_ROADSTER/lr_ws/install/vectornav/share/ament_index/resource_index/package_run_dependencies/vectornav
[0.865s] -- Up-to-date: /root/Lunar_ROADSTER/lr_ws/install/vectornav/share/ament_index/resource_index/parent_prefix_path/vectornav
[0.865s] -- Up-to-date: /root/Lunar_ROADSTER/lr_ws/install/vectornav/share/vectornav/environment/ament_prefix_path.sh
[0.865s] -- Up-to-date: /root/Lunar_ROADSTER/lr_ws/install/vectornav/share/vectornav/environment/ament_prefix_path.dsv
[0.865s] -- Up-to-date: /root/Lunar_ROADSTER/lr_ws/install/vectornav/share/vectornav/environment/path.sh
[0.866s] -- Up-to-date: /root/Lunar_ROADSTER/lr_ws/install/vectornav/share/vectornav/environment/path.dsv
[0.866s] -- Up-to-date: /root/Lunar_ROADSTER/lr_ws/install/vectornav/share/vectornav/local_setup.bash
[0.866s] -- Up-to-date: /root/Lunar_ROADSTER/lr_ws/install/vectornav/share/vectornav/local_setup.sh
[0.866s] -- Up-to-date: /root/Lunar_ROADSTER/lr_ws/install/vectornav/share/vectornav/local_setup.zsh
[0.881s] -- Up-to-date: /root/Lunar_ROADSTER/lr_ws/install/vectornav/share/vectornav/local_setup.dsv
[0.882s] -- Installing: /root/Lunar_ROADSTER/lr_ws/install/vectornav/share/vectornav/package.dsv
[0.882s] -- Up-to-date: /root/Lunar_ROADSTER/lr_ws/install/vectornav/share/ament_index/resource_index/packages/vectornav
[0.883s] -- Up-to-date: /root/Lunar_ROADSTER/lr_ws/install/vectornav/share/ament_index/resource_index/rclcpp_components/vectornav
[0.883s] -- Up-to-date: /root/Lunar_ROADSTER/lr_ws/install/vectornav/share/vectornav/cmake/ament_cmake_export_dependencies-extras.cmake
[0.884s] -- Up-to-date: /root/Lunar_ROADSTER/lr_ws/install/vectornav/share/vectornav/cmake/vectornavConfig.cmake
[0.885s] -- Up-to-date: /root/Lunar_ROADSTER/lr_ws/install/vectornav/share/vectornav/cmake/vectornavConfig-version.cmake
[0.885s] -- Up-to-date: /root/Lunar_ROADSTER/lr_ws/install/vectornav/share/vectornav/package.xml
[0.886s] -- Up-to-date: /root/Lunar_ROADSTER/lr_ws/install/vectornav/lib/libvncxx.so
[0.890s] -- Up-to-date: /root/Lunar_ROADSTER/lr_ws/install/vectornav/include/vn
[0.911s] -- Up-to-date: /root/Lunar_ROADSTER/lr_ws/install/vectornav/include/vn/attitude.h
[0.915s] -- Up-to-date: /root/Lunar_ROADSTER/lr_ws/install/vectornav/include/vn/boostpython.h
[0.915s] -- Up-to-date: /root/Lunar_ROADSTER/lr_ws/install/vectornav/include/vn/compiler.h
[0.916s] -- Up-to-date: /root/Lunar_ROADSTER/lr_ws/install/vectornav/include/vn/compositedata.h
[0.916s] -- Up-to-date: /root/Lunar_ROADSTER/lr_ws/install/vectornav/include/vn/consts.h
[0.917s] -- Up-to-date: /root/Lunar_ROADSTER/lr_ws/install/vectornav/include/vn/conversions.h
[0.917s] -- Up-to-date: /root/Lunar_ROADSTER/lr_ws/install/vectornav/include/vn/criticalsection.h
[0.917s] -- Up-to-date: /root/Lunar_ROADSTER/lr_ws/install/vectornav/include/vn/dllvalidator.h
[0.918s] -- Up-to-date: /root/Lunar_ROADSTER/lr_ws/install/vectornav/include/vn/error_detection.h
[0.918s] -- Up-to-date: /root/Lunar_ROADSTER/lr_ws/install/vectornav/include/vn/event.h
[0.919s] -- Up-to-date: /root/Lunar_ROADSTER/lr_ws/install/vectornav/include/vn/exceptions.h
[0.919s] -- Up-to-date: /root/Lunar_ROADSTER/lr_ws/install/vectornav/include/vn/export.h
[0.919s] -- Up-to-date: /root/Lunar_ROADSTER/lr_ws/install/vectornav/include/vn/ezasyncdata.h
[0.919s] -- Up-to-date: /root/Lunar_ROADSTER/lr_ws/install/vectornav/include/vn/int.h
[0.920s] -- Up-to-date: /root/Lunar_ROADSTER/lr_ws/install/vectornav/include/vn/matrix.h
[0.920s] -- Up-to-date: /root/Lunar_ROADSTER/lr_ws/install/vectornav/include/vn/memoryport.h
[0.930s] -- Up-to-date: /root/Lunar_ROADSTER/lr_ws/install/vectornav/include/vn/mock.h
[0.931s] -- Up-to-date: /root/Lunar_ROADSTER/lr_ws/install/vectornav/include/vn/nocopy.h
[0.934s] -- Up-to-date: /root/Lunar_ROADSTER/lr_ws/install/vectornav/include/vn/packet.h
[0.935s] -- Up-to-date: /root/Lunar_ROADSTER/lr_ws/install/vectornav/include/vn/packetfinder.h
[0.935s] -- Up-to-date: /root/Lunar_ROADSTER/lr_ws/install/vectornav/include/vn/port.h
[0.935s] -- Up-to-date: /root/Lunar_ROADSTER/lr_ws/install/vectornav/include/vn/position.h
[0.936s] -- Up-to-date: /root/Lunar_ROADSTER/lr_ws/install/vectornav/include/vn/registers.h
[0.936s] -- Up-to-date: /root/Lunar_ROADSTER/lr_ws/install/vectornav/include/vn/rtcmlistener.h
[0.937s] -- Up-to-date: /root/Lunar_ROADSTER/lr_ws/install/vectornav/include/vn/rtcmmessage.h
[0.937s] -- Up-to-date: /root/Lunar_ROADSTER/lr_ws/install/vectornav/include/vn/searcher.h
[0.937s] -- Up-to-date: /root/Lunar_ROADSTER/lr_ws/install/vectornav/include/vn/sensors.h
[0.938s] -- Up-to-date: /root/Lunar_ROADSTER/lr_ws/install/vectornav/include/vn/serialport.h
[0.938s] -- Up-to-date: /root/Lunar_ROADSTER/lr_ws/install/vectornav/include/vn/signal.h
[0.938s] -- Up-to-date: /root/Lunar_ROADSTER/lr_ws/install/vectornav/include/vn/thread.h
[0.944s] -- Up-to-date: /root/Lunar_ROADSTER/lr_ws/install/vectornav/include/vn/types.h
[0.944s] -- Up-to-date: /root/Lunar_ROADSTER/lr_ws/install/vectornav/include/vn/util.h
[0.945s] -- Up-to-date: /root/Lunar_ROADSTER/lr_ws/install/vectornav/include/vn/utilities.h
[0.945s] -- Up-to-date: /root/Lunar_ROADSTER/lr_ws/install/vectornav/include/vn/vector.h
[0.946s] -- Up-to-date: /root/Lunar_ROADSTER/lr_ws/install/vectornav/include/vn/vntime.h
[0.946s] Invoked command in '/root/Lunar_ROADSTER/lr_ws/build/vectornav' returned '0': CMAKE_PREFIX_PATH=/root/Lunar_ROADSTER/lr_ws/install/vectornav_msgs:/root/Lunar_ROADSTER/lr_ws/install/vectornav:/root/Lunar_ROADSTER/lr_ws/install/localization:/root/Lunar_ROADSTER/lr_ws/install/cg_msgs:/opt/ros/humble LD_LIBRARY_PATH=/root/Lunar_ROADSTER/lr_ws/install/vectornav_msgs/lib:/root/Lunar_ROADSTER/lr_ws/install/vectornav/lib:/root/Lunar_ROADSTER/lr_ws/install/cg_msgs/lib:/opt/ros/humble/opt/rviz_ogre_vendor/lib:/opt/ros/humble/lib/aarch64-linux-gnu:/opt/ros/humble/lib:/usr/local/cuda/lib64 /usr/local/bin/cmake --install /root/Lunar_ROADSTER/lr_ws/build/vectornav
