[0.021s] Invoking command in '/root/Lunar_ROADSTER/lr_ws/build/kindr_msgs': CMAKE_PREFIX_PATH=/opt/ros/humble /usr/local/bin/cmake --build /root/Lunar_ROADSTER/lr_ws/build/kindr_msgs -- -j16 -l16
[0.046s] [  3%] Built target kindr_msgs__cpp
[0.048s] [  6%] [32mBuilding C object CMakeFiles/kindr_msgs__rosidl_generator_c.dir/rosidl_generator_c/kindr_msgs/msg/detail/vector_at_position__functions.c.o[0m
[0.056s] [ 12%] [34m[1mGenerating C++ type support for eProsima Fast-RTPS[0m
[0.056s] [ 16%] [34m[1mGenerating C++ introspection for ROS interfaces[0m
[0.056s] [ 12%] [34m[1mGenerating C++ type support dispatch for ROS interfaces[0m
[0.056s] [ 16%] Built target ament_cmake_python_copy_kindr_msgs
[0.111s] [ 19%] [32m[1mLinking C shared library libkindr_msgs__rosidl_generator_c.so[0m
[0.167s] [ 22%] Built target kindr_msgs__rosidl_generator_c
[0.182s] [ 29%] [34m[1mGenerating C type support dispatch for ROS interfaces[0m
[0.182s] [ 29%] [34m[1mGenerating C type support for eProsima Fast-RTPS[0m
[0.186s] [ 32%] [34m[1mGenerating C introspection for ROS interfaces[0m
[0.421s] running egg_info
[0.422s] writing kindr_msgs.egg-info/PKG-INFO
[0.422s] writing dependency_links to kindr_msgs.egg-info/dependency_links.txt
[0.422s] writing top-level names to kindr_msgs.egg-info/top_level.txt
[0.428s] reading manifest file 'kindr_msgs.egg-info/SOURCES.txt'
[0.430s] writing manifest file 'kindr_msgs.egg-info/SOURCES.txt'
[0.510s] [ 35%] [32mBuilding CXX object CMakeFiles/kindr_msgs__rosidl_typesupport_introspection_cpp.dir/rosidl_typesupport_introspection_cpp/kindr_msgs/msg/detail/vector_at_position__type_support.cpp.o[0m
[0.541s] [ 35%] Built target ament_cmake_python_build_kindr_msgs_egg
[0.603s] [ 38%] [32mBuilding CXX object CMakeFiles/kindr_msgs__rosidl_typesupport_fastrtps_cpp.dir/rosidl_typesupport_fastrtps_cpp/kindr_msgs/msg/detail/dds_fastrtps/vector_at_position__type_support.cpp.o[0m
[0.646s] [ 41%] [32mBuilding CXX object CMakeFiles/kindr_msgs__rosidl_typesupport_cpp.dir/rosidl_typesupport_cpp/kindr_msgs/msg/vector_at_position__type_support.cpp.o[0m
[0.757s] [ 45%] [32mBuilding CXX object CMakeFiles/kindr_msgs__rosidl_typesupport_fastrtps_c.dir/rosidl_typesupport_fastrtps_c/kindr_msgs/msg/detail/vector_at_position__type_support_c.cpp.o[0m
[0.846s] [ 48%] [32mBuilding CXX object CMakeFiles/kindr_msgs__rosidl_typesupport_c.dir/rosidl_typesupport_c/kindr_msgs/msg/vector_at_position__type_support.cpp.o[0m
[0.921s] [ 51%] [32m[1mLinking CXX shared library libkindr_msgs__rosidl_typesupport_c.so[0m
[1.007s] [ 54%] [32mBuilding C object CMakeFiles/kindr_msgs__rosidl_typesupport_introspection_c.dir/rosidl_typesupport_introspection_c/kindr_msgs/msg/detail/vector_at_position__type_support.c.o[0m
[1.016s] [ 54%] Built target kindr_msgs__rosidl_typesupport_c
[1.157s] [ 61%] [32m[1mLinking C shared library libkindr_msgs__rosidl_typesupport_introspection_c.so[0m
[1.162s] [ 61%] [32m[1mLinking CXX shared library libkindr_msgs__rosidl_typesupport_introspection_cpp.so[0m
[1.204s] [ 61%] Built target kindr_msgs__rosidl_typesupport_introspection_c
[1.337s] [ 64%] [32m[1mLinking CXX shared library libkindr_msgs__rosidl_typesupport_cpp.so[0m
[1.370s] [ 67%] [32m[1mLinking CXX shared library libkindr_msgs__rosidl_typesupport_fastrtps_c.so[0m
[1.376s] [ 70%] [32m[1mLinking CXX shared library libkindr_msgs__rosidl_typesupport_fastrtps_cpp.so[0m
[1.382s] [ 70%] Built target kindr_msgs__rosidl_typesupport_introspection_cpp
[1.437s] [ 70%] Built target kindr_msgs__rosidl_typesupport_cpp
[1.671s] [ 70%] Built target kindr_msgs__rosidl_typesupport_fastrtps_cpp
[1.679s] [ 70%] Built target kindr_msgs__rosidl_typesupport_fastrtps_c
[1.705s] [ 70%] Built target kindr_msgs
[1.746s] [ 74%] [34m[1mGenerating Python code for ROS interfaces[0m
[3.042s] [ 74%] Built target kindr_msgs__py
[3.075s] [ 77%] [32mBuilding C object CMakeFiles/kindr_msgs__rosidl_generator_py.dir/rosidl_generator_py/kindr_msgs/msg/_vector_at_position_s.c.o[0m
[3.510s] [ 80%] [32m[1mLinking C shared library rosidl_generator_py/kindr_msgs/libkindr_msgs__rosidl_generator_py.so[0m
[3.638s] [ 80%] Built target kindr_msgs__rosidl_generator_py
[3.661s] [ 83%] [32mBuilding C object CMakeFiles/kindr_msgs__rosidl_typesupport_c__pyext.dir/rosidl_generator_py/kindr_msgs/_kindr_msgs_s.ep.rosidl_typesupport_c.c.o[0m
[3.662s] [ 87%] [32mBuilding C object CMakeFiles/kindr_msgs__rosidl_typesupport_introspection_c__pyext.dir/rosidl_generator_py/kindr_msgs/_kindr_msgs_s.ep.rosidl_typesupport_introspection_c.c.o[0m
[3.670s] [ 90%] [32mBuilding C object CMakeFiles/kindr_msgs__rosidl_typesupport_fastrtps_c__pyext.dir/rosidl_generator_py/kindr_msgs/_kindr_msgs_s.ep.rosidl_typesupport_fastrtps_c.c.o[0m
[3.846s] [ 93%] [32m[1mLinking C shared library rosidl_generator_py/kindr_msgs/kindr_msgs_s__rosidl_typesupport_c.cpython-310-x86_64-linux-gnu.so[0m
[3.885s] [ 96%] [32m[1mLinking C shared library rosidl_generator_py/kindr_msgs/kindr_msgs_s__rosidl_typesupport_introspection_c.cpython-310-x86_64-linux-gnu.so[0m
[3.905s] [100%] [32m[1mLinking C shared library rosidl_generator_py/kindr_msgs/kindr_msgs_s__rosidl_typesupport_fastrtps_c.cpython-310-x86_64-linux-gnu.so[0m
[3.940s] [100%] Built target kindr_msgs__rosidl_typesupport_c__pyext
[3.967s] [100%] Built target kindr_msgs__rosidl_typesupport_introspection_c__pyext
[3.986s] [100%] Built target kindr_msgs__rosidl_typesupport_fastrtps_c__pyext
[4.019s] Invoked command in '/root/Lunar_ROADSTER/lr_ws/build/kindr_msgs' returned '0': CMAKE_PREFIX_PATH=/opt/ros/humble /usr/local/bin/cmake --build /root/Lunar_ROADSTER/lr_ws/build/kindr_msgs -- -j16 -l16
[4.292s] Invoking command in '/root/Lunar_ROADSTER/lr_ws/build/kindr_msgs': CMAKE_PREFIX_PATH=/opt/ros/humble /usr/local/bin/cmake --install /root/Lunar_ROADSTER/lr_ws/build/kindr_msgs
[4.299s] -- Install configuration: ""
[4.299s] -- Installing: /root/Lunar_ROADSTER/lr_ws/install/kindr_msgs/share/ament_index/resource_index/rosidl_interfaces/kindr_msgs
[4.301s] -- Installing: /root/Lunar_ROADSTER/lr_ws/install/kindr_msgs/include/kindr_msgs/kindr_msgs
[4.301s] -- Installing: /root/Lunar_ROADSTER/lr_ws/install/kindr_msgs/include/kindr_msgs/kindr_msgs/msg
[4.301s] -- Installing: /root/Lunar_ROADSTER/lr_ws/install/kindr_msgs/include/kindr_msgs/kindr_msgs/msg/detail
[4.301s] -- Installing: /root/Lunar_ROADSTER/lr_ws/install/kindr_msgs/include/kindr_msgs/kindr_msgs/msg/detail/vector_at_position__functions.h
[4.301s] -- Installing: /root/Lunar_ROADSTER/lr_ws/install/kindr_msgs/include/kindr_msgs/kindr_msgs/msg/detail/vector_at_position__type_support.h
[4.301s] -- Installing: /root/Lunar_ROADSTER/lr_ws/install/kindr_msgs/include/kindr_msgs/kindr_msgs/msg/detail/vector_at_position__struct.h
[4.301s] -- Installing: /root/Lunar_ROADSTER/lr_ws/install/kindr_msgs/include/kindr_msgs/kindr_msgs/msg/detail/vector_at_position__functions.c
[4.301s] -- Installing: /root/Lunar_ROADSTER/lr_ws/install/kindr_msgs/include/kindr_msgs/kindr_msgs/msg/vector_at_position.h
[4.301s] -- Installing: /root/Lunar_ROADSTER/lr_ws/install/kindr_msgs/include/kindr_msgs/kindr_msgs/msg/rosidl_generator_c__visibility_control.h
[4.301s] -- Installing: /root/Lunar_ROADSTER/lr_ws/install/kindr_msgs/share/kindr_msgs/environment/library_path.sh
[4.301s] -- Installing: /root/Lunar_ROADSTER/lr_ws/install/kindr_msgs/share/kindr_msgs/environment/library_path.dsv
[4.302s] -- Installing: /root/Lunar_ROADSTER/lr_ws/install/kindr_msgs/lib/libkindr_msgs__rosidl_generator_c.so
[4.302s] -- Set runtime path of "/root/Lunar_ROADSTER/lr_ws/install/kindr_msgs/lib/libkindr_msgs__rosidl_generator_c.so" to ""
[4.302s] -- Up-to-date: /root/Lunar_ROADSTER/lr_ws/install/kindr_msgs/include/kindr_msgs/kindr_msgs
[4.302s] -- Up-to-date: /root/Lunar_ROADSTER/lr_ws/install/kindr_msgs/include/kindr_msgs/kindr_msgs/msg
[4.302s] -- Up-to-date: /root/Lunar_ROADSTER/lr_ws/install/kindr_msgs/include/kindr_msgs/kindr_msgs/msg/detail
[4.307s] -- Installing: /root/Lunar_ROADSTER/lr_ws/install/kindr_msgs/include/kindr_msgs/kindr_msgs/msg/detail/vector_at_position__rosidl_typesupport_fastrtps_c.h
[4.307s] -- Installing: /root/Lunar_ROADSTER/lr_ws/install/kindr_msgs/include/kindr_msgs/kindr_msgs/msg/rosidl_typesupport_fastrtps_c__visibility_control.h
[4.307s] -- Installing: /root/Lunar_ROADSTER/lr_ws/install/kindr_msgs/lib/libkindr_msgs__rosidl_typesupport_fastrtps_c.so
[4.308s] -- Set runtime path of "/root/Lunar_ROADSTER/lr_ws/install/kindr_msgs/lib/libkindr_msgs__rosidl_typesupport_fastrtps_c.so" to ""
[4.308s] -- Up-to-date: /root/Lunar_ROADSTER/lr_ws/install/kindr_msgs/include/kindr_msgs/kindr_msgs
[4.308s] -- Up-to-date: /root/Lunar_ROADSTER/lr_ws/install/kindr_msgs/include/kindr_msgs/kindr_msgs/msg
[4.308s] -- Installing: /root/Lunar_ROADSTER/lr_ws/install/kindr_msgs/include/kindr_msgs/kindr_msgs/msg/rosidl_typesupport_introspection_c__visibility_control.h
[4.308s] -- Up-to-date: /root/Lunar_ROADSTER/lr_ws/install/kindr_msgs/include/kindr_msgs/kindr_msgs/msg/detail
[4.309s] -- Installing: /root/Lunar_ROADSTER/lr_ws/install/kindr_msgs/include/kindr_msgs/kindr_msgs/msg/detail/vector_at_position__type_support.c
[4.309s] -- Installing: /root/Lunar_ROADSTER/lr_ws/install/kindr_msgs/include/kindr_msgs/kindr_msgs/msg/detail/vector_at_position__rosidl_typesupport_introspection_c.h
[4.309s] -- Installing: /root/Lunar_ROADSTER/lr_ws/install/kindr_msgs/lib/libkindr_msgs__rosidl_typesupport_introspection_c.so
[4.317s] -- Set runtime path of "/root/Lunar_ROADSTER/lr_ws/install/kindr_msgs/lib/libkindr_msgs__rosidl_typesupport_introspection_c.so" to ""
[4.317s] -- Installing: /root/Lunar_ROADSTER/lr_ws/install/kindr_msgs/lib/libkindr_msgs__rosidl_typesupport_c.so
[4.317s] -- Set runtime path of "/root/Lunar_ROADSTER/lr_ws/install/kindr_msgs/lib/libkindr_msgs__rosidl_typesupport_c.so" to ""
[4.317s] -- Up-to-date: /root/Lunar_ROADSTER/lr_ws/install/kindr_msgs/include/kindr_msgs/kindr_msgs
[4.317s] -- Up-to-date: /root/Lunar_ROADSTER/lr_ws/install/kindr_msgs/include/kindr_msgs/kindr_msgs/msg
[4.317s] -- Up-to-date: /root/Lunar_ROADSTER/lr_ws/install/kindr_msgs/include/kindr_msgs/kindr_msgs/msg/detail
[4.317s] -- Installing: /root/Lunar_ROADSTER/lr_ws/install/kindr_msgs/include/kindr_msgs/kindr_msgs/msg/detail/vector_at_position__builder.hpp
[4.318s] -- Installing: /root/Lunar_ROADSTER/lr_ws/install/kindr_msgs/include/kindr_msgs/kindr_msgs/msg/detail/vector_at_position__struct.hpp
[4.318s] -- Installing: /root/Lunar_ROADSTER/lr_ws/install/kindr_msgs/include/kindr_msgs/kindr_msgs/msg/detail/vector_at_position__traits.hpp
[4.318s] -- Installing: /root/Lunar_ROADSTER/lr_ws/install/kindr_msgs/include/kindr_msgs/kindr_msgs/msg/vector_at_position.hpp
[4.318s] -- Up-to-date: /root/Lunar_ROADSTER/lr_ws/install/kindr_msgs/include/kindr_msgs/kindr_msgs
[4.318s] -- Up-to-date: /root/Lunar_ROADSTER/lr_ws/install/kindr_msgs/include/kindr_msgs/kindr_msgs/msg
[4.318s] -- Up-to-date: /root/Lunar_ROADSTER/lr_ws/install/kindr_msgs/include/kindr_msgs/kindr_msgs/msg/detail
[4.318s] -- Installing: /root/Lunar_ROADSTER/lr_ws/install/kindr_msgs/include/kindr_msgs/kindr_msgs/msg/detail/vector_at_position__rosidl_typesupport_fastrtps_cpp.hpp
[4.318s] -- Installing: /root/Lunar_ROADSTER/lr_ws/install/kindr_msgs/include/kindr_msgs/kindr_msgs/msg/detail/dds_fastrtps
[4.318s] -- Installing: /root/Lunar_ROADSTER/lr_ws/install/kindr_msgs/include/kindr_msgs/kindr_msgs/msg/rosidl_typesupport_fastrtps_cpp__visibility_control.h
[4.318s] -- Installing: /root/Lunar_ROADSTER/lr_ws/install/kindr_msgs/lib/libkindr_msgs__rosidl_typesupport_fastrtps_cpp.so
[4.318s] -- Set runtime path of "/root/Lunar_ROADSTER/lr_ws/install/kindr_msgs/lib/libkindr_msgs__rosidl_typesupport_fastrtps_cpp.so" to ""
[4.318s] -- Up-to-date: /root/Lunar_ROADSTER/lr_ws/install/kindr_msgs/include/kindr_msgs/kindr_msgs
[4.318s] -- Up-to-date: /root/Lunar_ROADSTER/lr_ws/install/kindr_msgs/include/kindr_msgs/kindr_msgs/msg
[4.318s] -- Up-to-date: /root/Lunar_ROADSTER/lr_ws/install/kindr_msgs/include/kindr_msgs/kindr_msgs/msg/detail
[4.318s] -- Installing: /root/Lunar_ROADSTER/lr_ws/install/kindr_msgs/include/kindr_msgs/kindr_msgs/msg/detail/vector_at_position__type_support.cpp
[4.318s] -- Installing: /root/Lunar_ROADSTER/lr_ws/install/kindr_msgs/include/kindr_msgs/kindr_msgs/msg/detail/vector_at_position__rosidl_typesupport_introspection_cpp.hpp
[4.318s] -- Installing: /root/Lunar_ROADSTER/lr_ws/install/kindr_msgs/lib/libkindr_msgs__rosidl_typesupport_introspection_cpp.so
[4.321s] -- Set runtime path of "/root/Lunar_ROADSTER/lr_ws/install/kindr_msgs/lib/libkindr_msgs__rosidl_typesupport_introspection_cpp.so" to ""
[4.324s] -- Installing: /root/Lunar_ROADSTER/lr_ws/install/kindr_msgs/lib/libkindr_msgs__rosidl_typesupport_cpp.so
[4.324s] -- Set runtime path of "/root/Lunar_ROADSTER/lr_ws/install/kindr_msgs/lib/libkindr_msgs__rosidl_typesupport_cpp.so" to ""
[4.324s] -- Installing: /root/Lunar_ROADSTER/lr_ws/install/kindr_msgs/share/kindr_msgs/environment/pythonpath.sh
[4.324s] -- Installing: /root/Lunar_ROADSTER/lr_ws/install/kindr_msgs/share/kindr_msgs/environment/pythonpath.dsv
[4.324s] -- Installing: /root/Lunar_ROADSTER/lr_ws/install/kindr_msgs/local/lib/python3.10/dist-packages/kindr_msgs-0.3.4-py3.10.egg-info
[4.324s] -- Installing: /root/Lunar_ROADSTER/lr_ws/install/kindr_msgs/local/lib/python3.10/dist-packages/kindr_msgs-0.3.4-py3.10.egg-info/top_level.txt
[4.324s] -- Installing: /root/Lunar_ROADSTER/lr_ws/install/kindr_msgs/local/lib/python3.10/dist-packages/kindr_msgs-0.3.4-py3.10.egg-info/SOURCES.txt
[4.324s] -- Installing: /root/Lunar_ROADSTER/lr_ws/install/kindr_msgs/local/lib/python3.10/dist-packages/kindr_msgs-0.3.4-py3.10.egg-info/dependency_links.txt
[4.324s] -- Installing: /root/Lunar_ROADSTER/lr_ws/install/kindr_msgs/local/lib/python3.10/dist-packages/kindr_msgs-0.3.4-py3.10.egg-info/PKG-INFO
[4.324s] -- Installing: /root/Lunar_ROADSTER/lr_ws/install/kindr_msgs/local/lib/python3.10/dist-packages/kindr_msgs
[4.324s] -- Installing: /root/Lunar_ROADSTER/lr_ws/install/kindr_msgs/local/lib/python3.10/dist-packages/kindr_msgs/kindr_msgs_s__rosidl_typesupport_introspection_c.cpython-310-x86_64-linux-gnu.so
[4.325s] -- Installing: /root/Lunar_ROADSTER/lr_ws/install/kindr_msgs/local/lib/python3.10/dist-packages/kindr_msgs/kindr_msgs_s__rosidl_typesupport_fastrtps_c.cpython-310-x86_64-linux-gnu.so
[4.325s] -- Installing: /root/Lunar_ROADSTER/lr_ws/install/kindr_msgs/local/lib/python3.10/dist-packages/kindr_msgs/msg
[4.325s] -- Installing: /root/Lunar_ROADSTER/lr_ws/install/kindr_msgs/local/lib/python3.10/dist-packages/kindr_msgs/msg/_vector_at_position_s.c
[4.325s] -- Installing: /root/Lunar_ROADSTER/lr_ws/install/kindr_msgs/local/lib/python3.10/dist-packages/kindr_msgs/msg/__init__.py
[4.325s] -- Installing: /root/Lunar_ROADSTER/lr_ws/install/kindr_msgs/local/lib/python3.10/dist-packages/kindr_msgs/msg/_vector_at_position.py
[4.326s] -- Installing: /root/Lunar_ROADSTER/lr_ws/install/kindr_msgs/local/lib/python3.10/dist-packages/kindr_msgs/kindr_msgs_s__rosidl_typesupport_c.cpython-310-x86_64-linux-gnu.so
[4.326s] -- Installing: /root/Lunar_ROADSTER/lr_ws/install/kindr_msgs/local/lib/python3.10/dist-packages/kindr_msgs/libkindr_msgs__rosidl_generator_py.so
[4.331s] -- Installing: /root/Lunar_ROADSTER/lr_ws/install/kindr_msgs/local/lib/python3.10/dist-packages/kindr_msgs/__init__.py
[4.331s] -- Installing: /root/Lunar_ROADSTER/lr_ws/install/kindr_msgs/local/lib/python3.10/dist-packages/kindr_msgs/_kindr_msgs_s.ep.rosidl_typesupport_introspection_c.c
[4.331s] -- Installing: /root/Lunar_ROADSTER/lr_ws/install/kindr_msgs/local/lib/python3.10/dist-packages/kindr_msgs/_kindr_msgs_s.ep.rosidl_typesupport_c.c
[4.331s] -- Installing: /root/Lunar_ROADSTER/lr_ws/install/kindr_msgs/local/lib/python3.10/dist-packages/kindr_msgs/_kindr_msgs_s.ep.rosidl_typesupport_fastrtps_c.c
[4.419s] Listing '/root/Lunar_ROADSTER/lr_ws/install/kindr_msgs/local/lib/python3.10/dist-packages/kindr_msgs'...
[4.420s] Compiling '/root/Lunar_ROADSTER/lr_ws/install/kindr_msgs/local/lib/python3.10/dist-packages/kindr_msgs/__init__.py'...
[4.421s] Listing '/root/Lunar_ROADSTER/lr_ws/install/kindr_msgs/local/lib/python3.10/dist-packages/kindr_msgs/msg'...
[4.421s] Compiling '/root/Lunar_ROADSTER/lr_ws/install/kindr_msgs/local/lib/python3.10/dist-packages/kindr_msgs/msg/__init__.py'...
[4.422s] Compiling '/root/Lunar_ROADSTER/lr_ws/install/kindr_msgs/local/lib/python3.10/dist-packages/kindr_msgs/msg/_vector_at_position.py'...
[4.435s] -- Installing: /root/Lunar_ROADSTER/lr_ws/install/kindr_msgs/local/lib/python3.10/dist-packages/kindr_msgs/kindr_msgs_s__rosidl_typesupport_fastrtps_c.cpython-310-x86_64-linux-gnu.so
[4.435s] -- Set runtime path of "/root/Lunar_ROADSTER/lr_ws/install/kindr_msgs/local/lib/python3.10/dist-packages/kindr_msgs/kindr_msgs_s__rosidl_typesupport_fastrtps_c.cpython-310-x86_64-linux-gnu.so" to ""
[4.435s] -- Installing: /root/Lunar_ROADSTER/lr_ws/install/kindr_msgs/local/lib/python3.10/dist-packages/kindr_msgs/kindr_msgs_s__rosidl_typesupport_introspection_c.cpython-310-x86_64-linux-gnu.so
[4.437s] -- Set runtime path of "/root/Lunar_ROADSTER/lr_ws/install/kindr_msgs/local/lib/python3.10/dist-packages/kindr_msgs/kindr_msgs_s__rosidl_typesupport_introspection_c.cpython-310-x86_64-linux-gnu.so" to ""
[4.445s] -- Installing: /root/Lunar_ROADSTER/lr_ws/install/kindr_msgs/local/lib/python3.10/dist-packages/kindr_msgs/kindr_msgs_s__rosidl_typesupport_c.cpython-310-x86_64-linux-gnu.so
[4.445s] -- Set runtime path of "/root/Lunar_ROADSTER/lr_ws/install/kindr_msgs/local/lib/python3.10/dist-packages/kindr_msgs/kindr_msgs_s__rosidl_typesupport_c.cpython-310-x86_64-linux-gnu.so" to ""
[4.445s] -- Installing: /root/Lunar_ROADSTER/lr_ws/install/kindr_msgs/lib/libkindr_msgs__rosidl_generator_py.so
[4.445s] -- Set runtime path of "/root/Lunar_ROADSTER/lr_ws/install/kindr_msgs/lib/libkindr_msgs__rosidl_generator_py.so" to ""
[4.445s] -- Installing: /root/Lunar_ROADSTER/lr_ws/install/kindr_msgs/share/kindr_msgs/msg/VectorAtPosition.idl
[4.445s] -- Installing: /root/Lunar_ROADSTER/lr_ws/install/kindr_msgs/share/kindr_msgs/msg/VectorAtPosition.msg
[4.445s] -- Installing: /root/Lunar_ROADSTER/lr_ws/install/kindr_msgs/share/ament_index/resource_index/package_run_dependencies/kindr_msgs
[4.445s] -- Installing: /root/Lunar_ROADSTER/lr_ws/install/kindr_msgs/share/ament_index/resource_index/parent_prefix_path/kindr_msgs
[4.445s] -- Installing: /root/Lunar_ROADSTER/lr_ws/install/kindr_msgs/share/kindr_msgs/environment/ament_prefix_path.sh
[4.445s] -- Installing: /root/Lunar_ROADSTER/lr_ws/install/kindr_msgs/share/kindr_msgs/environment/ament_prefix_path.dsv
[4.446s] -- Installing: /root/Lunar_ROADSTER/lr_ws/install/kindr_msgs/share/kindr_msgs/environment/path.sh
[4.446s] -- Installing: /root/Lunar_ROADSTER/lr_ws/install/kindr_msgs/share/kindr_msgs/environment/path.dsv
[4.446s] -- Installing: /root/Lunar_ROADSTER/lr_ws/install/kindr_msgs/share/kindr_msgs/local_setup.bash
[4.447s] -- Installing: /root/Lunar_ROADSTER/lr_ws/install/kindr_msgs/share/kindr_msgs/local_setup.sh
[4.447s] -- Installing: /root/Lunar_ROADSTER/lr_ws/install/kindr_msgs/share/kindr_msgs/local_setup.zsh
[4.454s] -- Installing: /root/Lunar_ROADSTER/lr_ws/install/kindr_msgs/share/kindr_msgs/local_setup.dsv
[4.454s] -- Installing: /root/Lunar_ROADSTER/lr_ws/install/kindr_msgs/share/kindr_msgs/package.dsv
[4.454s] -- Installing: /root/Lunar_ROADSTER/lr_ws/install/kindr_msgs/share/ament_index/resource_index/packages/kindr_msgs
[4.454s] -- Installing: /root/Lunar_ROADSTER/lr_ws/install/kindr_msgs/share/kindr_msgs/cmake/export_kindr_msgs__rosidl_generator_cExport.cmake
[4.454s] -- Installing: /root/Lunar_ROADSTER/lr_ws/install/kindr_msgs/share/kindr_msgs/cmake/export_kindr_msgs__rosidl_generator_cExport-noconfig.cmake
[4.454s] -- Installing: /root/Lunar_ROADSTER/lr_ws/install/kindr_msgs/share/kindr_msgs/cmake/export_kindr_msgs__rosidl_typesupport_fastrtps_cExport.cmake
[4.454s] -- Installing: /root/Lunar_ROADSTER/lr_ws/install/kindr_msgs/share/kindr_msgs/cmake/export_kindr_msgs__rosidl_typesupport_fastrtps_cExport-noconfig.cmake
[4.454s] -- Installing: /root/Lunar_ROADSTER/lr_ws/install/kindr_msgs/share/kindr_msgs/cmake/kindr_msgs__rosidl_typesupport_introspection_cExport.cmake
[4.454s] -- Installing: /root/Lunar_ROADSTER/lr_ws/install/kindr_msgs/share/kindr_msgs/cmake/kindr_msgs__rosidl_typesupport_introspection_cExport-noconfig.cmake
[4.454s] -- Installing: /root/Lunar_ROADSTER/lr_ws/install/kindr_msgs/share/kindr_msgs/cmake/kindr_msgs__rosidl_typesupport_cExport.cmake
[4.454s] -- Installing: /root/Lunar_ROADSTER/lr_ws/install/kindr_msgs/share/kindr_msgs/cmake/kindr_msgs__rosidl_typesupport_cExport-noconfig.cmake
[4.454s] -- Installing: /root/Lunar_ROADSTER/lr_ws/install/kindr_msgs/share/kindr_msgs/cmake/export_kindr_msgs__rosidl_generator_cppExport.cmake
[4.455s] -- Installing: /root/Lunar_ROADSTER/lr_ws/install/kindr_msgs/share/kindr_msgs/cmake/export_kindr_msgs__rosidl_typesupport_fastrtps_cppExport.cmake
[4.455s] -- Installing: /root/Lunar_ROADSTER/lr_ws/install/kindr_msgs/share/kindr_msgs/cmake/export_kindr_msgs__rosidl_typesupport_fastrtps_cppExport-noconfig.cmake
[4.455s] -- Installing: /root/Lunar_ROADSTER/lr_ws/install/kindr_msgs/share/kindr_msgs/cmake/kindr_msgs__rosidl_typesupport_introspection_cppExport.cmake
[4.461s] -- Installing: /root/Lunar_ROADSTER/lr_ws/install/kindr_msgs/share/kindr_msgs/cmake/kindr_msgs__rosidl_typesupport_introspection_cppExport-noconfig.cmake
[4.462s] -- Installing: /root/Lunar_ROADSTER/lr_ws/install/kindr_msgs/share/kindr_msgs/cmake/kindr_msgs__rosidl_typesupport_cppExport.cmake
[4.462s] -- Installing: /root/Lunar_ROADSTER/lr_ws/install/kindr_msgs/share/kindr_msgs/cmake/kindr_msgs__rosidl_typesupport_cppExport-noconfig.cmake
[4.462s] -- Installing: /root/Lunar_ROADSTER/lr_ws/install/kindr_msgs/share/kindr_msgs/cmake/export_kindr_msgs__rosidl_generator_pyExport.cmake
[4.462s] -- Installing: /root/Lunar_ROADSTER/lr_ws/install/kindr_msgs/share/kindr_msgs/cmake/export_kindr_msgs__rosidl_generator_pyExport-noconfig.cmake
[4.462s] -- Installing: /root/Lunar_ROADSTER/lr_ws/install/kindr_msgs/share/kindr_msgs/cmake/rosidl_cmake-extras.cmake
[4.462s] -- Installing: /root/Lunar_ROADSTER/lr_ws/install/kindr_msgs/share/kindr_msgs/cmake/ament_cmake_export_dependencies-extras.cmake
[4.462s] -- Installing: /root/Lunar_ROADSTER/lr_ws/install/kindr_msgs/share/kindr_msgs/cmake/ament_cmake_export_include_directories-extras.cmake
[4.462s] -- Installing: /root/Lunar_ROADSTER/lr_ws/install/kindr_msgs/share/kindr_msgs/cmake/ament_cmake_export_libraries-extras.cmake
[4.462s] -- Installing: /root/Lunar_ROADSTER/lr_ws/install/kindr_msgs/share/kindr_msgs/cmake/ament_cmake_export_targets-extras.cmake
[4.462s] -- Installing: /root/Lunar_ROADSTER/lr_ws/install/kindr_msgs/share/kindr_msgs/cmake/rosidl_cmake_export_typesupport_targets-extras.cmake
[4.462s] -- Installing: /root/Lunar_ROADSTER/lr_ws/install/kindr_msgs/share/kindr_msgs/cmake/rosidl_cmake_export_typesupport_libraries-extras.cmake
[4.463s] -- Installing: /root/Lunar_ROADSTER/lr_ws/install/kindr_msgs/share/kindr_msgs/cmake/kindr_msgsConfig.cmake
[4.465s] -- Installing: /root/Lunar_ROADSTER/lr_ws/install/kindr_msgs/share/kindr_msgs/cmake/kindr_msgsConfig-version.cmake
[4.465s] -- Installing: /root/Lunar_ROADSTER/lr_ws/install/kindr_msgs/share/kindr_msgs/package.xml
[4.489s] Invoked command in '/root/Lunar_ROADSTER/lr_ws/build/kindr_msgs' returned '0': CMAKE_PREFIX_PATH=/opt/ros/humble /usr/local/bin/cmake --install /root/Lunar_ROADSTER/lr_ws/build/kindr_msgs
