[0.130s] Invoking command in '/home/williamfbx/Lunar-ROADSTER/lr_ws/build/grid_map_core': CMAKE_PREFIX_PATH=/home/williamfbx/Lunar-ROADSTER/lr_ws/install/grid_map_cmake_helpers:/home/williamfbx/Lunar-ROADSTER/lr_ws/install/zed_ros2:/home/williamfbx/Lunar-ROADSTER/lr_ws/install/zed_robot_integration:/home/williamfbx/Lunar-ROADSTER/lr_ws/install/zed_ipc:/home/williamfbx/Lunar-ROADSTER/lr_ws/install/zed_multi_camera:/home/williamfbx/Lunar-ROADSTER/lr_ws/install/zed_display_rviz2:/home/williamfbx/Lunar-ROADSTER/lr_ws/install/zed_depth_to_laserscan:/home/williamfbx/Lunar-ROADSTER/lr_ws/install/zed_wrapper:/home/williamfbx/Lunar-ROADSTER/lr_ws/install/zed_tutorial_video:/home/williamfbx/Lunar-ROADSTER/lr_ws/install/zed_tutorial_pos_tracking:/home/williamfbx/Lunar-ROADSTER/lr_ws/install/zed_tutorial_depth:/home/williamfbx/Lunar-ROADSTER/lr_ws/install/zed_topic_benchmark:/home/williamfbx/Lunar-ROADSTER/lr_ws/install/zed_topic_benchmark_component:/home/williamfbx/Lunar-ROADSTER/lr_ws/install/zed_topic_benchmark_interfaces:/home/williamfbx/Lunar-ROADSTER/lr_ws/install/zed_rgb_convert:/home/williamfbx/Lunar-ROADSTER/lr_ws/install/zed_aruco_localization:/home/williamfbx/Lunar-ROADSTER/lr_ws/install/zed_components:/home/williamfbx/Lunar-ROADSTER/lr_ws/install/teleop:/home/williamfbx/Lunar-ROADSTER/lr_ws/install/sensing:/home/williamfbx/Lunar-ROADSTER/lr_ws/install/rviz_plugin_zed_od:/home/williamfbx/Lunar-ROADSTER/lr_ws/install/motion_control:/home/williamfbx/Lunar-ROADSTER/lr_ws/install/localization:/home/williamfbx/Lunar-ROADSTER/lr_ws/install/elevation_mapping:/home/williamfbx/Lunar-ROADSTER/lr_ws/install/kindr_ros:/home/williamfbx/Lunar-ROADSTER/lr_ws/install/kindr_msgs:/home/williamfbx/Lunar-ROADSTER/lr_ws/install/kindr:/home/williamfbx/Lunar-ROADSTER/lr_ws/install/imu:/home/williamfbx/Lunar-ROADSTER/lr_ws/install/grid_map:/home/williamfbx/Lunar-ROADSTER/lr_ws/install/grid_map_demos:/home/williamfbx/Lunar-ROADSTER/lr_ws/install/grid_map_visualization:/home/williamfbx/Lunar-ROADSTER/lr_ws/install/grid_map_sdf:/home/williamfbx/Lunar-ROADSTER/lr_ws/install/grid_map_rviz_plugin:/home/williamfbx/Lunar-ROADSTER/lr_ws/install/grid_map_pcl:/home/williamfbx/Lunar-ROADSTER/lr_ws/install/grid_map_loader:/home/williamfbx/Lunar-ROADSTER/lr_ws/install/grid_map_filters:/home/williamfbx/Lunar-ROADSTER/lr_ws/install/grid_map_ros:/home/williamfbx/Lunar-ROADSTER/lr_ws/install/grid_map_octomap:/home/williamfbx/Lunar-ROADSTER/lr_ws/install/grid_map_msgs:/home/williamfbx/Lunar-ROADSTER/lr_ws/install/grid_map_cv:/home/williamfbx/Lunar-ROADSTER/lr_ws/install/grid_map_costmap_2d:/home/williamfbx/Lunar-ROADSTER/lr_ws/install/grid_map_core:/home/williamfbx/Lunar-ROADSTER/lr_ws/install/arduino:/home/williamfbx/Lunar-ROADSTER/lr_ws/install/cg_msgs:/opt/ros/humble /usr/bin/cmake --build /home/williamfbx/Lunar-ROADSTER/lr_ws/build/grid_map_core -- -j12 -l12
[0.219s] [  5%] Built target gtest_main
[0.220s] [ 11%] Built target gtest
[0.230s] [ 54%] Built target grid_map_core
[0.327s] [100%] Built target grid_map_core-test
[0.459s] Invoked command in '/home/williamfbx/Lunar-ROADSTER/lr_ws/build/grid_map_core' returned '0': CMAKE_PREFIX_PATH=/home/williamfbx/Lunar-ROADSTER/lr_ws/install/grid_map_cmake_helpers:/home/williamfbx/Lunar-ROADSTER/lr_ws/install/zed_ros2:/home/williamfbx/Lunar-ROADSTER/lr_ws/install/zed_robot_integration:/home/williamfbx/Lunar-ROADSTER/lr_ws/install/zed_ipc:/home/williamfbx/Lunar-ROADSTER/lr_ws/install/zed_multi_camera:/home/williamfbx/Lunar-ROADSTER/lr_ws/install/zed_display_rviz2:/home/williamfbx/Lunar-ROADSTER/lr_ws/install/zed_depth_to_laserscan:/home/williamfbx/Lunar-ROADSTER/lr_ws/install/zed_wrapper:/home/williamfbx/Lunar-ROADSTER/lr_ws/install/zed_tutorial_video:/home/williamfbx/Lunar-ROADSTER/lr_ws/install/zed_tutorial_pos_tracking:/home/williamfbx/Lunar-ROADSTER/lr_ws/install/zed_tutorial_depth:/home/williamfbx/Lunar-ROADSTER/lr_ws/install/zed_topic_benchmark:/home/williamfbx/Lunar-ROADSTER/lr_ws/install/zed_topic_benchmark_component:/home/williamfbx/Lunar-ROADSTER/lr_ws/install/zed_topic_benchmark_interfaces:/home/williamfbx/Lunar-ROADSTER/lr_ws/install/zed_rgb_convert:/home/williamfbx/Lunar-ROADSTER/lr_ws/install/zed_aruco_localization:/home/williamfbx/Lunar-ROADSTER/lr_ws/install/zed_components:/home/williamfbx/Lunar-ROADSTER/lr_ws/install/teleop:/home/williamfbx/Lunar-ROADSTER/lr_ws/install/sensing:/home/williamfbx/Lunar-ROADSTER/lr_ws/install/rviz_plugin_zed_od:/home/williamfbx/Lunar-ROADSTER/lr_ws/install/motion_control:/home/williamfbx/Lunar-ROADSTER/lr_ws/install/localization:/home/williamfbx/Lunar-ROADSTER/lr_ws/install/elevation_mapping:/home/williamfbx/Lunar-ROADSTER/lr_ws/install/kindr_ros:/home/williamfbx/Lunar-ROADSTER/lr_ws/install/kindr_msgs:/home/williamfbx/Lunar-ROADSTER/lr_ws/install/kindr:/home/williamfbx/Lunar-ROADSTER/lr_ws/install/imu:/home/williamfbx/Lunar-ROADSTER/lr_ws/install/grid_map:/home/williamfbx/Lunar-ROADSTER/lr_ws/install/grid_map_demos:/home/williamfbx/Lunar-ROADSTER/lr_ws/install/grid_map_visualization:/home/williamfbx/Lunar-ROADSTER/lr_ws/install/grid_map_sdf:/home/williamfbx/Lunar-ROADSTER/lr_ws/install/grid_map_rviz_plugin:/home/williamfbx/Lunar-ROADSTER/lr_ws/install/grid_map_pcl:/home/williamfbx/Lunar-ROADSTER/lr_ws/install/grid_map_loader:/home/williamfbx/Lunar-ROADSTER/lr_ws/install/grid_map_filters:/home/williamfbx/Lunar-ROADSTER/lr_ws/install/grid_map_ros:/home/williamfbx/Lunar-ROADSTER/lr_ws/install/grid_map_octomap:/home/williamfbx/Lunar-ROADSTER/lr_ws/install/grid_map_msgs:/home/williamfbx/Lunar-ROADSTER/lr_ws/install/grid_map_cv:/home/williamfbx/Lunar-ROADSTER/lr_ws/install/grid_map_costmap_2d:/home/williamfbx/Lunar-ROADSTER/lr_ws/install/grid_map_core:/home/williamfbx/Lunar-ROADSTER/lr_ws/install/arduino:/home/williamfbx/Lunar-ROADSTER/lr_ws/install/cg_msgs:/opt/ros/humble /usr/bin/cmake --build /home/williamfbx/Lunar-ROADSTER/lr_ws/build/grid_map_core -- -j12 -l12
[0.460s] Invoking command in '/home/williamfbx/Lunar-ROADSTER/lr_ws/build/grid_map_core': CMAKE_PREFIX_PATH=/home/williamfbx/Lunar-ROADSTER/lr_ws/install/grid_map_cmake_helpers:/home/williamfbx/Lunar-ROADSTER/lr_ws/install/zed_ros2:/home/williamfbx/Lunar-ROADSTER/lr_ws/install/zed_robot_integration:/home/williamfbx/Lunar-ROADSTER/lr_ws/install/zed_ipc:/home/williamfbx/Lunar-ROADSTER/lr_ws/install/zed_multi_camera:/home/williamfbx/Lunar-ROADSTER/lr_ws/install/zed_display_rviz2:/home/williamfbx/Lunar-ROADSTER/lr_ws/install/zed_depth_to_laserscan:/home/williamfbx/Lunar-ROADSTER/lr_ws/install/zed_wrapper:/home/williamfbx/Lunar-ROADSTER/lr_ws/install/zed_tutorial_video:/home/williamfbx/Lunar-ROADSTER/lr_ws/install/zed_tutorial_pos_tracking:/home/williamfbx/Lunar-ROADSTER/lr_ws/install/zed_tutorial_depth:/home/williamfbx/Lunar-ROADSTER/lr_ws/install/zed_topic_benchmark:/home/williamfbx/Lunar-ROADSTER/lr_ws/install/zed_topic_benchmark_component:/home/williamfbx/Lunar-ROADSTER/lr_ws/install/zed_topic_benchmark_interfaces:/home/williamfbx/Lunar-ROADSTER/lr_ws/install/zed_rgb_convert:/home/williamfbx/Lunar-ROADSTER/lr_ws/install/zed_aruco_localization:/home/williamfbx/Lunar-ROADSTER/lr_ws/install/zed_components:/home/williamfbx/Lunar-ROADSTER/lr_ws/install/teleop:/home/williamfbx/Lunar-ROADSTER/lr_ws/install/sensing:/home/williamfbx/Lunar-ROADSTER/lr_ws/install/rviz_plugin_zed_od:/home/williamfbx/Lunar-ROADSTER/lr_ws/install/motion_control:/home/williamfbx/Lunar-ROADSTER/lr_ws/install/localization:/home/williamfbx/Lunar-ROADSTER/lr_ws/install/elevation_mapping:/home/williamfbx/Lunar-ROADSTER/lr_ws/install/kindr_ros:/home/williamfbx/Lunar-ROADSTER/lr_ws/install/kindr_msgs:/home/williamfbx/Lunar-ROADSTER/lr_ws/install/kindr:/home/williamfbx/Lunar-ROADSTER/lr_ws/install/imu:/home/williamfbx/Lunar-ROADSTER/lr_ws/install/grid_map:/home/williamfbx/Lunar-ROADSTER/lr_ws/install/grid_map_demos:/home/williamfbx/Lunar-ROADSTER/lr_ws/install/grid_map_visualization:/home/williamfbx/Lunar-ROADSTER/lr_ws/install/grid_map_sdf:/home/williamfbx/Lunar-ROADSTER/lr_ws/install/grid_map_rviz_plugin:/home/williamfbx/Lunar-ROADSTER/lr_ws/install/grid_map_pcl:/home/williamfbx/Lunar-ROADSTER/lr_ws/install/grid_map_loader:/home/williamfbx/Lunar-ROADSTER/lr_ws/install/grid_map_filters:/home/williamfbx/Lunar-ROADSTER/lr_ws/install/grid_map_ros:/home/williamfbx/Lunar-ROADSTER/lr_ws/install/grid_map_octomap:/home/williamfbx/Lunar-ROADSTER/lr_ws/install/grid_map_msgs:/home/williamfbx/Lunar-ROADSTER/lr_ws/install/grid_map_cv:/home/williamfbx/Lunar-ROADSTER/lr_ws/install/grid_map_costmap_2d:/home/williamfbx/Lunar-ROADSTER/lr_ws/install/grid_map_core:/home/williamfbx/Lunar-ROADSTER/lr_ws/install/arduino:/home/williamfbx/Lunar-ROADSTER/lr_ws/install/cg_msgs:/opt/ros/humble /usr/bin/cmake --install /home/williamfbx/Lunar-ROADSTER/lr_ws/build/grid_map_core
[0.472s] -- Install configuration: "Release"
[0.472s] -- Up-to-date: /home/williamfbx/Lunar-ROADSTER/lr_ws/install/grid_map_core/lib/libgrid_map_core.a
[0.473s] -- Up-to-date: /home/williamfbx/Lunar-ROADSTER/lr_ws/install/grid_map_core/include/grid_map_core
[0.473s] -- Up-to-date: /home/williamfbx/Lunar-ROADSTER/lr_ws/install/grid_map_core/include/grid_map_core/grid_map_core
[0.473s] -- Up-to-date: /home/williamfbx/Lunar-ROADSTER/lr_ws/install/grid_map_core/include/grid_map_core/grid_map_core/grid_map_core.hpp
[0.473s] -- Up-to-date: /home/williamfbx/Lunar-ROADSTER/lr_ws/install/grid_map_core/include/grid_map_core/grid_map_core/GridMapMath.hpp
[0.474s] -- Up-to-date: /home/williamfbx/Lunar-ROADSTER/lr_ws/install/grid_map_core/include/grid_map_core/grid_map_core/Polygon.hpp
[0.474s] -- Up-to-date: /home/williamfbx/Lunar-ROADSTER/lr_ws/install/grid_map_core/include/grid_map_core/grid_map_core/iterators
[0.474s] -- Up-to-date: /home/williamfbx/Lunar-ROADSTER/lr_ws/install/grid_map_core/include/grid_map_core/grid_map_core/iterators/EllipseIterator.hpp
[0.474s] -- Up-to-date: /home/williamfbx/Lunar-ROADSTER/lr_ws/install/grid_map_core/include/grid_map_core/grid_map_core/iterators/SubmapIterator.hpp
[0.474s] -- Up-to-date: /home/williamfbx/Lunar-ROADSTER/lr_ws/install/grid_map_core/include/grid_map_core/grid_map_core/iterators/SlidingWindowIterator.hpp
[0.474s] -- Up-to-date: /home/williamfbx/Lunar-ROADSTER/lr_ws/install/grid_map_core/include/grid_map_core/grid_map_core/iterators/LineIterator.hpp
[0.475s] -- Up-to-date: /home/williamfbx/Lunar-ROADSTER/lr_ws/install/grid_map_core/include/grid_map_core/grid_map_core/iterators/iterators.hpp
[0.475s] -- Up-to-date: /home/williamfbx/Lunar-ROADSTER/lr_ws/install/grid_map_core/include/grid_map_core/grid_map_core/iterators/CircleIterator.hpp
[0.475s] -- Up-to-date: /home/williamfbx/Lunar-ROADSTER/lr_ws/install/grid_map_core/include/grid_map_core/grid_map_core/iterators/PolygonIterator.hpp
[0.475s] -- Up-to-date: /home/williamfbx/Lunar-ROADSTER/lr_ws/install/grid_map_core/include/grid_map_core/grid_map_core/iterators/GridMapIterator.hpp
[0.475s] -- Up-to-date: /home/williamfbx/Lunar-ROADSTER/lr_ws/install/grid_map_core/include/grid_map_core/grid_map_core/iterators/SpiralIterator.hpp
[0.475s] -- Up-to-date: /home/williamfbx/Lunar-ROADSTER/lr_ws/install/grid_map_core/include/grid_map_core/grid_map_core/GridMap.hpp
[0.475s] -- Up-to-date: /home/williamfbx/Lunar-ROADSTER/lr_ws/install/grid_map_core/include/grid_map_core/grid_map_core/TypeDefs.hpp
[0.475s] -- Up-to-date: /home/williamfbx/Lunar-ROADSTER/lr_ws/install/grid_map_core/include/grid_map_core/grid_map_core/CubicInterpolation.hpp
[0.475s] -- Up-to-date: /home/williamfbx/Lunar-ROADSTER/lr_ws/install/grid_map_core/include/grid_map_core/grid_map_core/eigen_plugins
[0.476s] -- Up-to-date: /home/williamfbx/Lunar-ROADSTER/lr_ws/install/grid_map_core/include/grid_map_core/grid_map_core/eigen_plugins/DenseBasePlugin.hpp
[0.476s] -- Up-to-date: /home/williamfbx/Lunar-ROADSTER/lr_ws/install/grid_map_core/include/grid_map_core/grid_map_core/eigen_plugins/FunctorsPlugin.hpp
[0.476s] -- Up-to-date: /home/williamfbx/Lunar-ROADSTER/lr_ws/install/grid_map_core/include/grid_map_core/grid_map_core/eigen_plugins/Functors.hpp
[0.476s] -- Up-to-date: /home/williamfbx/Lunar-ROADSTER/lr_ws/install/grid_map_core/include/grid_map_core/grid_map_core/BufferRegion.hpp
[0.476s] -- Up-to-date: /home/williamfbx/Lunar-ROADSTER/lr_ws/install/grid_map_core/include/grid_map_core/grid_map_core/gtest_eigen.hpp
[0.476s] -- Up-to-date: /home/williamfbx/Lunar-ROADSTER/lr_ws/install/grid_map_core/include/grid_map_core/grid_map_core/SubmapGeometry.hpp
[0.476s] -- Up-to-date: /home/williamfbx/Lunar-ROADSTER/lr_ws/install/grid_map_core/share/grid_map_core/doc
[0.476s] -- Up-to-date: /home/williamfbx/Lunar-ROADSTER/lr_ws/install/grid_map_core/share/grid_map_core/doc/move_method.gif
[0.477s] -- Up-to-date: /home/williamfbx/Lunar-ROADSTER/lr_ws/install/grid_map_core/share/grid_map_core/doc/interpolationSineWorld.gif
[0.477s] -- Up-to-date: /home/williamfbx/Lunar-ROADSTER/lr_ws/install/grid_map_core/share/grid_map_core/doc/iterators
[0.477s] -- Up-to-date: /home/williamfbx/Lunar-ROADSTER/lr_ws/install/grid_map_core/share/grid_map_core/doc/iterators/spiral_iterator_preview.gif
[0.477s] -- Up-to-date: /home/williamfbx/Lunar-ROADSTER/lr_ws/install/grid_map_core/share/grid_map_core/doc/iterators/ellipse_iterator_preview.gif
[0.477s] -- Up-to-date: /home/williamfbx/Lunar-ROADSTER/lr_ws/install/grid_map_core/share/grid_map_core/doc/iterators/grid_map_iterator_preview.gif
[0.477s] -- Up-to-date: /home/williamfbx/Lunar-ROADSTER/lr_ws/install/grid_map_core/share/grid_map_core/doc/iterators/line_iterator_preview.gif
[0.477s] -- Up-to-date: /home/williamfbx/Lunar-ROADSTER/lr_ws/install/grid_map_core/share/grid_map_core/doc/iterators/submap_iterator_preview.gif
[0.477s] -- Up-to-date: /home/williamfbx/Lunar-ROADSTER/lr_ws/install/grid_map_core/share/grid_map_core/doc/iterators/polygon_iterator.gif
[0.478s] -- Up-to-date: /home/williamfbx/Lunar-ROADSTER/lr_ws/install/grid_map_core/share/grid_map_core/doc/iterators/submap_iterator.gif
[0.478s] -- Up-to-date: /home/williamfbx/Lunar-ROADSTER/lr_ws/install/grid_map_core/share/grid_map_core/doc/iterators/spiral_iterator.gif
[0.478s] -- Up-to-date: /home/williamfbx/Lunar-ROADSTER/lr_ws/install/grid_map_core/share/grid_map_core/doc/iterators/ellipse_iterator.gif
[0.478s] -- Up-to-date: /home/williamfbx/Lunar-ROADSTER/lr_ws/install/grid_map_core/share/grid_map_core/doc/iterators/line_iterator.gif
[0.478s] -- Up-to-date: /home/williamfbx/Lunar-ROADSTER/lr_ws/install/grid_map_core/share/grid_map_core/doc/iterators/circle_iterator_preview.gif
[0.478s] -- Up-to-date: /home/williamfbx/Lunar-ROADSTER/lr_ws/install/grid_map_core/share/grid_map_core/doc/iterators/grid_map_iterator.gif
[0.478s] -- Up-to-date: /home/williamfbx/Lunar-ROADSTER/lr_ws/install/grid_map_core/share/grid_map_core/doc/iterators/polygon_iterator_preview.gif
[0.478s] -- Up-to-date: /home/williamfbx/Lunar-ROADSTER/lr_ws/install/grid_map_core/share/grid_map_core/doc/iterators/circle_iterator.gif
[0.478s] -- Up-to-date: /home/williamfbx/Lunar-ROADSTER/lr_ws/install/grid_map_core/share/grid_map_core/doc/grid_map_layers.pdf
[0.479s] -- Up-to-date: /home/williamfbx/Lunar-ROADSTER/lr_ws/install/grid_map_core/share/grid_map_core/doc/grid_map_conventions.pdf
[0.479s] -- Up-to-date: /home/williamfbx/Lunar-ROADSTER/lr_ws/install/grid_map_core/share/grid_map_core/doc/grid_map_layers.png
[0.479s] -- Up-to-date: /home/williamfbx/Lunar-ROADSTER/lr_ws/install/grid_map_core/share/grid_map_core/doc/setposition_method.gif
[0.479s] -- Up-to-date: /home/williamfbx/Lunar-ROADSTER/lr_ws/install/grid_map_core/share/grid_map_core/doc/grid_map_conventions.png
[0.479s] -- Up-to-date: /home/williamfbx/Lunar-ROADSTER/lr_ws/install/grid_map_core/share/grid_map_core/doc/interpolationGaussWorld.gif
[0.479s] -- Up-to-date: /home/williamfbx/Lunar-ROADSTER/lr_ws/install/grid_map_core/share/grid_map_core/environment/library_path.sh
[0.479s] -- Up-to-date: /home/williamfbx/Lunar-ROADSTER/lr_ws/install/grid_map_core/share/grid_map_core/environment/library_path.dsv
[0.479s] -- Up-to-date: /home/williamfbx/Lunar-ROADSTER/lr_ws/install/grid_map_core/share/ament_index/resource_index/package_run_dependencies/grid_map_core
[0.479s] -- Up-to-date: /home/williamfbx/Lunar-ROADSTER/lr_ws/install/grid_map_core/share/ament_index/resource_index/parent_prefix_path/grid_map_core
[0.480s] -- Up-to-date: /home/williamfbx/Lunar-ROADSTER/lr_ws/install/grid_map_core/share/grid_map_core/environment/ament_prefix_path.sh
[0.480s] -- Up-to-date: /home/williamfbx/Lunar-ROADSTER/lr_ws/install/grid_map_core/share/grid_map_core/environment/ament_prefix_path.dsv
[0.480s] -- Up-to-date: /home/williamfbx/Lunar-ROADSTER/lr_ws/install/grid_map_core/share/grid_map_core/environment/path.sh
[0.480s] -- Up-to-date: /home/williamfbx/Lunar-ROADSTER/lr_ws/install/grid_map_core/share/grid_map_core/environment/path.dsv
[0.480s] -- Up-to-date: /home/williamfbx/Lunar-ROADSTER/lr_ws/install/grid_map_core/share/grid_map_core/local_setup.bash
[0.480s] -- Up-to-date: /home/williamfbx/Lunar-ROADSTER/lr_ws/install/grid_map_core/share/grid_map_core/local_setup.sh
[0.480s] -- Up-to-date: /home/williamfbx/Lunar-ROADSTER/lr_ws/install/grid_map_core/share/grid_map_core/local_setup.zsh
[0.480s] -- Up-to-date: /home/williamfbx/Lunar-ROADSTER/lr_ws/install/grid_map_core/share/grid_map_core/local_setup.dsv
[0.480s] -- Installing: /home/williamfbx/Lunar-ROADSTER/lr_ws/install/grid_map_core/share/grid_map_core/package.dsv
[0.481s] -- Up-to-date: /home/williamfbx/Lunar-ROADSTER/lr_ws/install/grid_map_core/share/ament_index/resource_index/packages/grid_map_core
[0.481s] -- Up-to-date: /home/williamfbx/Lunar-ROADSTER/lr_ws/install/grid_map_core/share/grid_map_core/cmake/export_grid_map_coreExport.cmake
[0.481s] -- Up-to-date: /home/williamfbx/Lunar-ROADSTER/lr_ws/install/grid_map_core/share/grid_map_core/cmake/export_grid_map_coreExport-release.cmake
[0.482s] -- Up-to-date: /home/williamfbx/Lunar-ROADSTER/lr_ws/install/grid_map_core/share/grid_map_core/cmake/grid_map_core-extras.cmake
[0.482s] -- Up-to-date: /home/williamfbx/Lunar-ROADSTER/lr_ws/install/grid_map_core/share/grid_map_core/cmake/ament_cmake_export_targets-extras.cmake
[0.482s] -- Up-to-date: /home/williamfbx/Lunar-ROADSTER/lr_ws/install/grid_map_core/share/grid_map_core/cmake/ament_cmake_export_dependencies-extras.cmake
[0.482s] -- Up-to-date: /home/williamfbx/Lunar-ROADSTER/lr_ws/install/grid_map_core/share/grid_map_core/cmake/grid_map_coreConfig.cmake
[0.482s] -- Up-to-date: /home/williamfbx/Lunar-ROADSTER/lr_ws/install/grid_map_core/share/grid_map_core/cmake/grid_map_coreConfig-version.cmake
[0.482s] -- Up-to-date: /home/williamfbx/Lunar-ROADSTER/lr_ws/install/grid_map_core/share/grid_map_core/package.xml
[0.562s] Invoked command in '/home/williamfbx/Lunar-ROADSTER/lr_ws/build/grid_map_core' returned '0': CMAKE_PREFIX_PATH=/home/williamfbx/Lunar-ROADSTER/lr_ws/install/grid_map_cmake_helpers:/home/williamfbx/Lunar-ROADSTER/lr_ws/install/zed_ros2:/home/williamfbx/Lunar-ROADSTER/lr_ws/install/zed_robot_integration:/home/williamfbx/Lunar-ROADSTER/lr_ws/install/zed_ipc:/home/williamfbx/Lunar-ROADSTER/lr_ws/install/zed_multi_camera:/home/williamfbx/Lunar-ROADSTER/lr_ws/install/zed_display_rviz2:/home/williamfbx/Lunar-ROADSTER/lr_ws/install/zed_depth_to_laserscan:/home/williamfbx/Lunar-ROADSTER/lr_ws/install/zed_wrapper:/home/williamfbx/Lunar-ROADSTER/lr_ws/install/zed_tutorial_video:/home/williamfbx/Lunar-ROADSTER/lr_ws/install/zed_tutorial_pos_tracking:/home/williamfbx/Lunar-ROADSTER/lr_ws/install/zed_tutorial_depth:/home/williamfbx/Lunar-ROADSTER/lr_ws/install/zed_topic_benchmark:/home/williamfbx/Lunar-ROADSTER/lr_ws/install/zed_topic_benchmark_component:/home/williamfbx/Lunar-ROADSTER/lr_ws/install/zed_topic_benchmark_interfaces:/home/williamfbx/Lunar-ROADSTER/lr_ws/install/zed_rgb_convert:/home/williamfbx/Lunar-ROADSTER/lr_ws/install/zed_aruco_localization:/home/williamfbx/Lunar-ROADSTER/lr_ws/install/zed_components:/home/williamfbx/Lunar-ROADSTER/lr_ws/install/teleop:/home/williamfbx/Lunar-ROADSTER/lr_ws/install/sensing:/home/williamfbx/Lunar-ROADSTER/lr_ws/install/rviz_plugin_zed_od:/home/williamfbx/Lunar-ROADSTER/lr_ws/install/motion_control:/home/williamfbx/Lunar-ROADSTER/lr_ws/install/localization:/home/williamfbx/Lunar-ROADSTER/lr_ws/install/elevation_mapping:/home/williamfbx/Lunar-ROADSTER/lr_ws/install/kindr_ros:/home/williamfbx/Lunar-ROADSTER/lr_ws/install/kindr_msgs:/home/williamfbx/Lunar-ROADSTER/lr_ws/install/kindr:/home/williamfbx/Lunar-ROADSTER/lr_ws/install/imu:/home/williamfbx/Lunar-ROADSTER/lr_ws/install/grid_map:/home/williamfbx/Lunar-ROADSTER/lr_ws/install/grid_map_demos:/home/williamfbx/Lunar-ROADSTER/lr_ws/install/grid_map_visualization:/home/williamfbx/Lunar-ROADSTER/lr_ws/install/grid_map_sdf:/home/williamfbx/Lunar-ROADSTER/lr_ws/install/grid_map_rviz_plugin:/home/williamfbx/Lunar-ROADSTER/lr_ws/install/grid_map_pcl:/home/williamfbx/Lunar-ROADSTER/lr_ws/install/grid_map_loader:/home/williamfbx/Lunar-ROADSTER/lr_ws/install/grid_map_filters:/home/williamfbx/Lunar-ROADSTER/lr_ws/install/grid_map_ros:/home/williamfbx/Lunar-ROADSTER/lr_ws/install/grid_map_octomap:/home/williamfbx/Lunar-ROADSTER/lr_ws/install/grid_map_msgs:/home/williamfbx/Lunar-ROADSTER/lr_ws/install/grid_map_cv:/home/williamfbx/Lunar-ROADSTER/lr_ws/install/grid_map_costmap_2d:/home/williamfbx/Lunar-ROADSTER/lr_ws/install/grid_map_core:/home/williamfbx/Lunar-ROADSTER/lr_ws/install/arduino:/home/williamfbx/Lunar-ROADSTER/lr_ws/install/cg_msgs:/opt/ros/humble /usr/bin/cmake --install /home/williamfbx/Lunar-ROADSTER/lr_ws/build/grid_map_core
