[0.311s] Invoking command in '/root/Lunar_ROADSTER/lr_ws/build/nav2_lifecycle_manager': AMENT_PREFIX_PATH=/root/Lunar_ROADSTER/lr_ws/install/nav2_util:/root/Lunar_ROADSTER/lr_ws/install/nav2_msgs:/root/Lunar_ROADSTER/lr_ws/install/nav2_common:${AMENT_PREFIX_PATH} CMAKE_PREFIX_PATH=/root/Lunar_ROADSTER/lr_ws/install/nav2_util:/root/Lunar_ROADSTER/lr_ws/install/nav2_msgs:/root/Lunar_ROADSTER/lr_ws/install/nav2_common:/opt/ros/humble LD_LIBRARY_PATH=/root/Lunar_ROADSTER/lr_ws/install/nav2_util/lib:/root/Lunar_ROADSTER/lr_ws/install/nav2_msgs/lib:/opt/ros/humble/opt/rviz_ogre_vendor/lib:/opt/ros/humble/lib/aarch64-linux-gnu:/opt/ros/humble/lib:/usr/local/cuda/lib64 PYTHONPATH=/root/Lunar_ROADSTER/lr_ws/install/nav2_msgs/local/lib/python3.10/dist-packages:/root/Lunar_ROADSTER/lr_ws/install/nav2_common/local/lib/python3.10/dist-packages:${PYTHONPATH} /usr/local/bin/cmake --build /root/Lunar_ROADSTER/lr_ws/build/nav2_lifecycle_manager -- -j4 -l4
[0.979s] [ 15%] Built target gtest_main
[1.002s] [ 30%] Built target gtest
[1.056s] [ 53%] Built target nav2_lifecycle_manager_core
[1.478s] [ 69%] Built target lifecycle_manager
[1.657s] [ 84%] Built target test_lifecycle_gtest
[1.672s] [100%] Built target test_bond_gtest
[1.704s] Invoked command in '/root/Lunar_ROADSTER/lr_ws/build/nav2_lifecycle_manager' returned '0': AMENT_PREFIX_PATH=/root/Lunar_ROADSTER/lr_ws/install/nav2_util:/root/Lunar_ROADSTER/lr_ws/install/nav2_msgs:/root/Lunar_ROADSTER/lr_ws/install/nav2_common:${AMENT_PREFIX_PATH} CMAKE_PREFIX_PATH=/root/Lunar_ROADSTER/lr_ws/install/nav2_util:/root/Lunar_ROADSTER/lr_ws/install/nav2_msgs:/root/Lunar_ROADSTER/lr_ws/install/nav2_common:/opt/ros/humble LD_LIBRARY_PATH=/root/Lunar_ROADSTER/lr_ws/install/nav2_util/lib:/root/Lunar_ROADSTER/lr_ws/install/nav2_msgs/lib:/opt/ros/humble/opt/rviz_ogre_vendor/lib:/opt/ros/humble/lib/aarch64-linux-gnu:/opt/ros/humble/lib:/usr/local/cuda/lib64 PYTHONPATH=/root/Lunar_ROADSTER/lr_ws/install/nav2_msgs/local/lib/python3.10/dist-packages:/root/Lunar_ROADSTER/lr_ws/install/nav2_common/local/lib/python3.10/dist-packages:${PYTHONPATH} /usr/local/bin/cmake --build /root/Lunar_ROADSTER/lr_ws/build/nav2_lifecycle_manager -- -j4 -l4
[1.759s] Invoking command in '/root/Lunar_ROADSTER/lr_ws/build/nav2_lifecycle_manager': AMENT_PREFIX_PATH=/root/Lunar_ROADSTER/lr_ws/install/nav2_util:/root/Lunar_ROADSTER/lr_ws/install/nav2_msgs:/root/Lunar_ROADSTER/lr_ws/install/nav2_common:${AMENT_PREFIX_PATH} CMAKE_PREFIX_PATH=/root/Lunar_ROADSTER/lr_ws/install/nav2_util:/root/Lunar_ROADSTER/lr_ws/install/nav2_msgs:/root/Lunar_ROADSTER/lr_ws/install/nav2_common:/opt/ros/humble LD_LIBRARY_PATH=/root/Lunar_ROADSTER/lr_ws/install/nav2_util/lib:/root/Lunar_ROADSTER/lr_ws/install/nav2_msgs/lib:/opt/ros/humble/opt/rviz_ogre_vendor/lib:/opt/ros/humble/lib/aarch64-linux-gnu:/opt/ros/humble/lib:/usr/local/cuda/lib64 PYTHONPATH=/root/Lunar_ROADSTER/lr_ws/install/nav2_msgs/local/lib/python3.10/dist-packages:/root/Lunar_ROADSTER/lr_ws/install/nav2_common/local/lib/python3.10/dist-packages:${PYTHONPATH} /usr/local/bin/cmake --install /root/Lunar_ROADSTER/lr_ws/build/nav2_lifecycle_manager
[1.774s] -- Install configuration: "Release"
[1.780s] -- Up-to-date: /root/Lunar_ROADSTER/lr_ws/install/nav2_lifecycle_manager/lib/libnav2_lifecycle_manager_core.so
[1.785s] -- Up-to-date: /root/Lunar_ROADSTER/lr_ws/install/nav2_lifecycle_manager/lib/nav2_lifecycle_manager/lifecycle_manager
[1.788s] -- Up-to-date: /root/Lunar_ROADSTER/lr_ws/install/nav2_lifecycle_manager/include/
[1.789s] -- Up-to-date: /root/Lunar_ROADSTER/lr_ws/install/nav2_lifecycle_manager/include//nav2_lifecycle_manager
[1.790s] -- Up-to-date: /root/Lunar_ROADSTER/lr_ws/install/nav2_lifecycle_manager/include//nav2_lifecycle_manager/lifecycle_manager.hpp
[1.791s] -- Up-to-date: /root/Lunar_ROADSTER/lr_ws/install/nav2_lifecycle_manager/include//nav2_lifecycle_manager/lifecycle_manager_client.hpp
[1.794s] -- Up-to-date: /root/Lunar_ROADSTER/lr_ws/install/nav2_lifecycle_manager/share/nav2_lifecycle_manager/environment/library_path.sh
[1.795s] -- Up-to-date: /root/Lunar_ROADSTER/lr_ws/install/nav2_lifecycle_manager/share/nav2_lifecycle_manager/environment/library_path.dsv
[1.795s] -- Up-to-date: /root/Lunar_ROADSTER/lr_ws/install/nav2_lifecycle_manager/share/ament_index/resource_index/package_run_dependencies/nav2_lifecycle_manager
[1.796s] -- Up-to-date: /root/Lunar_ROADSTER/lr_ws/install/nav2_lifecycle_manager/share/ament_index/resource_index/parent_prefix_path/nav2_lifecycle_manager
[1.796s] -- Up-to-date: /root/Lunar_ROADSTER/lr_ws/install/nav2_lifecycle_manager/share/nav2_lifecycle_manager/environment/ament_prefix_path.sh
[1.797s] -- Up-to-date: /root/Lunar_ROADSTER/lr_ws/install/nav2_lifecycle_manager/share/nav2_lifecycle_manager/environment/ament_prefix_path.dsv
[1.797s] -- Up-to-date: /root/Lunar_ROADSTER/lr_ws/install/nav2_lifecycle_manager/share/nav2_lifecycle_manager/environment/path.sh
[1.798s] -- Up-to-date: /root/Lunar_ROADSTER/lr_ws/install/nav2_lifecycle_manager/share/nav2_lifecycle_manager/environment/path.dsv
[1.798s] -- Up-to-date: /root/Lunar_ROADSTER/lr_ws/install/nav2_lifecycle_manager/share/nav2_lifecycle_manager/local_setup.bash
[1.799s] -- Up-to-date: /root/Lunar_ROADSTER/lr_ws/install/nav2_lifecycle_manager/share/nav2_lifecycle_manager/local_setup.sh
[1.799s] -- Up-to-date: /root/Lunar_ROADSTER/lr_ws/install/nav2_lifecycle_manager/share/nav2_lifecycle_manager/local_setup.zsh
[1.799s] -- Up-to-date: /root/Lunar_ROADSTER/lr_ws/install/nav2_lifecycle_manager/share/nav2_lifecycle_manager/local_setup.dsv
[1.799s] -- Installing: /root/Lunar_ROADSTER/lr_ws/install/nav2_lifecycle_manager/share/nav2_lifecycle_manager/package.dsv
[1.801s] -- Up-to-date: /root/Lunar_ROADSTER/lr_ws/install/nav2_lifecycle_manager/share/ament_index/resource_index/packages/nav2_lifecycle_manager
[1.802s] -- Up-to-date: /root/Lunar_ROADSTER/lr_ws/install/nav2_lifecycle_manager/share/ament_index/resource_index/rclcpp_components/nav2_lifecycle_manager
[1.802s] -- Up-to-date: /root/Lunar_ROADSTER/lr_ws/install/nav2_lifecycle_manager/share/nav2_lifecycle_manager/cmake/ament_cmake_export_include_directories-extras.cmake
[1.803s] -- Up-to-date: /root/Lunar_ROADSTER/lr_ws/install/nav2_lifecycle_manager/share/nav2_lifecycle_manager/cmake/ament_cmake_export_libraries-extras.cmake
[1.803s] -- Up-to-date: /root/Lunar_ROADSTER/lr_ws/install/nav2_lifecycle_manager/share/nav2_lifecycle_manager/cmake/ament_cmake_export_dependencies-extras.cmake
[1.803s] -- Up-to-date: /root/Lunar_ROADSTER/lr_ws/install/nav2_lifecycle_manager/share/nav2_lifecycle_manager/cmake/nav2_lifecycle_managerConfig.cmake
[1.804s] -- Up-to-date: /root/Lunar_ROADSTER/lr_ws/install/nav2_lifecycle_manager/share/nav2_lifecycle_manager/cmake/nav2_lifecycle_managerConfig-version.cmake
[1.804s] -- Up-to-date: /root/Lunar_ROADSTER/lr_ws/install/nav2_lifecycle_manager/share/nav2_lifecycle_manager/package.xml
[1.828s] Invoked command in '/root/Lunar_ROADSTER/lr_ws/build/nav2_lifecycle_manager' returned '0': AMENT_PREFIX_PATH=/root/Lunar_ROADSTER/lr_ws/install/nav2_util:/root/Lunar_ROADSTER/lr_ws/install/nav2_msgs:/root/Lunar_ROADSTER/lr_ws/install/nav2_common:${AMENT_PREFIX_PATH} CMAKE_PREFIX_PATH=/root/Lunar_ROADSTER/lr_ws/install/nav2_util:/root/Lunar_ROADSTER/lr_ws/install/nav2_msgs:/root/Lunar_ROADSTER/lr_ws/install/nav2_common:/opt/ros/humble LD_LIBRARY_PATH=/root/Lunar_ROADSTER/lr_ws/install/nav2_util/lib:/root/Lunar_ROADSTER/lr_ws/install/nav2_msgs/lib:/opt/ros/humble/opt/rviz_ogre_vendor/lib:/opt/ros/humble/lib/aarch64-linux-gnu:/opt/ros/humble/lib:/usr/local/cuda/lib64 PYTHONPATH=/root/Lunar_ROADSTER/lr_ws/install/nav2_msgs/local/lib/python3.10/dist-packages:/root/Lunar_ROADSTER/lr_ws/install/nav2_common/local/lib/python3.10/dist-packages:${PYTHONPATH} /usr/local/bin/cmake --install /root/Lunar_ROADSTER/lr_ws/build/nav2_lifecycle_manager
