-- Install configuration: ""
-- Up-to-date: /home/williamfbx/Lunar-ROADSTER/lr_ws/install/sensing/share/sensing/launch
-- Up-to-date: /home/williamfbx/Lunar-ROADSTER/lr_ws/install/sensing/share/sensing/launch/sensing_launch.py
-- Up-to-date: /home/williamfbx/Lunar-ROADSTER/lr_ws/install/sensing/share/sensing/launch/__pycache__
-- Up-to-date: /home/williamfbx/Lunar-ROADSTER/lr_ws/install/sensing/share/sensing/launch/__pycache__/sensing_launch.cpython-310.pyc
-- Up-to-date: /home/williamfbx/Lunar-ROADSTER/lr_ws/install/sensing/share/ament_index/resource_index/package_run_dependencies/sensing
-- Up-to-date: /home/williamfbx/Lunar-ROADSTER/lr_ws/install/sensing/share/ament_index/resource_index/parent_prefix_path/sensing
-- Up-to-date: /home/williamfbx/Lunar-ROADSTER/lr_ws/install/sensing/share/sensing/environment/ament_prefix_path.sh
-- Up-to-date: /home/williamfbx/Lunar-ROADSTER/lr_ws/install/sensing/share/sensing/environment/ament_prefix_path.dsv
-- Up-to-date: /home/williamfbx/Lunar-ROADSTER/lr_ws/install/sensing/share/sensing/environment/path.sh
-- Up-to-date: /home/williamfbx/Lunar-ROADSTER/lr_ws/install/sensing/share/sensing/environment/path.dsv
-- Up-to-date: /home/williamfbx/Lunar-ROADSTER/lr_ws/install/sensing/share/sensing/local_setup.bash
-- Up-to-date: /home/williamfbx/Lunar-ROADSTER/lr_ws/install/sensing/share/sensing/local_setup.sh
-- Up-to-date: /home/williamfbx/Lunar-ROADSTER/lr_ws/install/sensing/share/sensing/local_setup.zsh
-- Up-to-date: /home/williamfbx/Lunar-ROADSTER/lr_ws/install/sensing/share/sensing/local_setup.dsv
-- Installing: /home/williamfbx/Lunar-ROADSTER/lr_ws/install/sensing/share/sensing/package.dsv
-- Up-to-date: /home/williamfbx/Lunar-ROADSTER/lr_ws/install/sensing/share/ament_index/resource_index/packages/sensing
-- Up-to-date: /home/williamfbx/Lunar-ROADSTER/lr_ws/install/sensing/share/sensing/cmake/sensingConfig.cmake
-- Up-to-date: /home/williamfbx/Lunar-ROADSTER/lr_ws/install/sensing/share/sensing/cmake/sensingConfig-version.cmake
-- Up-to-date: /home/williamfbx/Lunar-ROADSTER/lr_ws/install/sensing/share/sensing/package.xml
