[0.546s] Invoking command in '/root/Lunar_ROADSTER/lr_ws/build/launcher': CMAKE_PREFIX_PATH=${CMAKE_PREFIX_PATH}:/root/Lunar_ROADSTER/lr_ws/install/nav2_simple_commander:/opt/ros/humble /usr/local/bin/cmake --build /root/Lunar_ROADSTER/lr_ws/build/launcher -- -j4 -l4
[0.807s] Invoked command in '/root/Lunar_ROADSTER/lr_ws/build/launcher' returned '0': CMAKE_PREFIX_PATH=${CMAKE_PREFIX_PATH}:/root/Lunar_ROADSTER/lr_ws/install/nav2_simple_commander:/opt/ros/humble /usr/local/bin/cmake --build /root/Lunar_ROADSTER/lr_ws/build/launcher -- -j4 -l4
[0.854s] Invoking command in '/root/Lunar_ROADSTER/lr_ws/build/launcher': CMAKE_PREFIX_PATH=${CMAKE_PREFIX_PATH}:/root/Lunar_ROADSTER/lr_ws/install/nav2_simple_commander:/opt/ros/humble /usr/local/bin/cmake --install /root/Lunar_ROADSTER/lr_ws/build/launcher
[0.887s] -- Install configuration: ""
[0.888s] -- Up-to-date: /root/Lunar_ROADSTER/lr_ws/install/launcher/share/launcher/launch
[0.897s] -- Up-to-date: /root/Lunar_ROADSTER/lr_ws/install/launcher/share/launcher/launch/launch.py
[0.897s] -- Up-to-date: /root/Lunar_ROADSTER/lr_ws/install/launcher/share/launcher/launch/svd_viz.rviz
[0.898s] -- Up-to-date: /root/Lunar_ROADSTER/lr_ws/install/launcher/share/launcher/launch/svd_local_map_viz.rviz
[0.898s] -- Up-to-date: /root/Lunar_ROADSTER/lr_ws/install/launcher/share/ament_index/resource_index/package_run_dependencies/launcher
[0.915s] -- Up-to-date: /root/Lunar_ROADSTER/lr_ws/install/launcher/share/ament_index/resource_index/parent_prefix_path/launcher
[0.915s] -- Up-to-date: /root/Lunar_ROADSTER/lr_ws/install/launcher/share/launcher/environment/ament_prefix_path.sh
[0.915s] -- Up-to-date: /root/Lunar_ROADSTER/lr_ws/install/launcher/share/launcher/environment/ament_prefix_path.dsv
[0.916s] -- Up-to-date: /root/Lunar_ROADSTER/lr_ws/install/launcher/share/launcher/environment/path.sh
[0.916s] -- Up-to-date: /root/Lunar_ROADSTER/lr_ws/install/launcher/share/launcher/environment/path.dsv
[0.916s] -- Up-to-date: /root/Lunar_ROADSTER/lr_ws/install/launcher/share/launcher/local_setup.bash
[0.916s] -- Up-to-date: /root/Lunar_ROADSTER/lr_ws/install/launcher/share/launcher/local_setup.sh
[0.917s] -- Up-to-date: /root/Lunar_ROADSTER/lr_ws/install/launcher/share/launcher/local_setup.zsh
[0.917s] -- Up-to-date: /root/Lunar_ROADSTER/lr_ws/install/launcher/share/launcher/local_setup.dsv
[0.917s] -- Installing: /root/Lunar_ROADSTER/lr_ws/install/launcher/share/launcher/package.dsv
[0.927s] -- Up-to-date: /root/Lunar_ROADSTER/lr_ws/install/launcher/share/ament_index/resource_index/packages/launcher
[0.928s] -- Up-to-date: /root/Lunar_ROADSTER/lr_ws/install/launcher/share/launcher/cmake/launcherConfig.cmake
[0.928s] -- Up-to-date: /root/Lunar_ROADSTER/lr_ws/install/launcher/share/launcher/cmake/launcherConfig-version.cmake
[0.928s] -- Up-to-date: /root/Lunar_ROADSTER/lr_ws/install/launcher/share/launcher/package.xml
[0.949s] Invoked command in '/root/Lunar_ROADSTER/lr_ws/build/launcher' returned '0': CMAKE_PREFIX_PATH=${CMAKE_PREFIX_PATH}:/root/Lunar_ROADSTER/lr_ws/install/nav2_simple_commander:/opt/ros/humble /usr/local/bin/cmake --install /root/Lunar_ROADSTER/lr_ws/build/launcher
