[0.357s] Invoking command in '/root/Lunar_ROADSTER/lr_ws/build/vectornav_msgs': CMAKE_PREFIX_PATH=/opt/ros/humble /usr/local/bin/cmake --build /root/Lunar_ROADSTER/lr_ws/build/vectornav_msgs -- -j4 -l4
[1.114s] [  0%] Built target vectornav_msgs__cpp
[1.149s] [  0%] Built target ament_cmake_python_copy_vectornav_msgs
[1.209s] [ 12%] Built target vectornav_msgs__rosidl_generator_c
[1.693s] [ 24%] Built target vectornav_msgs__rosidl_typesupport_introspection_cpp
[1.734s] [ 35%] Built target vectornav_msgs__rosidl_typesupport_fastrtps_cpp
[1.761s] [ 47%] Built target vectornav_msgs__rosidl_typesupport_cpp
[2.131s] [ 59%] Built target vectornav_msgs__rosidl_typesupport_c
[2.166s] [ 71%] Built target vectornav_msgs__rosidl_typesupport_introspection_c
[2.180s] [ 83%] Built target vectornav_msgs__rosidl_typesupport_fastrtps_c
[2.430s] [ 83%] Built target vectornav_msgs
[2.651s] running egg_info
[2.655s] writing vectornav_msgs.egg-info/PKG-INFO
[2.656s] writing dependency_links to vectornav_msgs.egg-info/dependency_links.txt
[2.656s] writing top-level names to vectornav_msgs.egg-info/top_level.txt
[2.669s] reading manifest file 'vectornav_msgs.egg-info/SOURCES.txt'
[2.670s] writing manifest file 'vectornav_msgs.egg-info/SOURCES.txt'
[2.759s] [ 84%] Built target vectornav_msgs__py
[2.777s] [ 84%] Built target ament_cmake_python_build_vectornav_msgs_egg
[3.164s] [ 95%] Built target vectornav_msgs__rosidl_generator_py
[3.390s] [ 97%] Built target vectornav_msgs__rosidl_typesupport_introspection_c__pyext
[3.404s] [ 99%] Built target vectornav_msgs__rosidl_typesupport_fastrtps_c__pyext
[3.564s] [100%] Built target vectornav_msgs__rosidl_typesupport_c__pyext
[3.593s] Invoked command in '/root/Lunar_ROADSTER/lr_ws/build/vectornav_msgs' returned '0': CMAKE_PREFIX_PATH=/opt/ros/humble /usr/local/bin/cmake --build /root/Lunar_ROADSTER/lr_ws/build/vectornav_msgs -- -j4 -l4
[3.708s] Invoking command in '/root/Lunar_ROADSTER/lr_ws/build/vectornav_msgs': CMAKE_PREFIX_PATH=/opt/ros/humble /usr/local/bin/cmake --install /root/Lunar_ROADSTER/lr_ws/build/vectornav_msgs
[3.866s] -- Install configuration: ""
[3.872s] -- Up-to-date: /root/Lunar_ROADSTER/lr_ws/install/vectornav_msgs/share/ament_index/resource_index/rosidl_interfaces/vectornav_msgs
[3.873s] -- Up-to-date: /root/Lunar_ROADSTER/lr_ws/install/vectornav_msgs/include/vectornav_msgs/vectornav_msgs
[3.873s] -- Up-to-date: /root/Lunar_ROADSTER/lr_ws/install/vectornav_msgs/include/vectornav_msgs/vectornav_msgs/msg
[3.877s] -- Up-to-date: /root/Lunar_ROADSTER/lr_ws/install/vectornav_msgs/include/vectornav_msgs/vectornav_msgs/msg/attitude_group.h
[3.878s] -- Up-to-date: /root/Lunar_ROADSTER/lr_ws/install/vectornav_msgs/include/vectornav_msgs/vectornav_msgs/msg/rosidl_generator_c__visibility_control.h
[3.878s] -- Up-to-date: /root/Lunar_ROADSTER/lr_ws/install/vectornav_msgs/include/vectornav_msgs/vectornav_msgs/msg/detail
[3.879s] -- Up-to-date: /root/Lunar_ROADSTER/lr_ws/install/vectornav_msgs/include/vectornav_msgs/vectornav_msgs/msg/detail/attitude_group__functions.c
[3.882s] -- Up-to-date: /root/Lunar_ROADSTER/lr_ws/install/vectornav_msgs/include/vectornav_msgs/vectornav_msgs/msg/detail/attitude_group__functions.h
[3.894s] -- Up-to-date: /root/Lunar_ROADSTER/lr_ws/install/vectornav_msgs/include/vectornav_msgs/vectornav_msgs/msg/detail/attitude_group__struct.h
[3.900s] -- Up-to-date: /root/Lunar_ROADSTER/lr_ws/install/vectornav_msgs/include/vectornav_msgs/vectornav_msgs/msg/detail/attitude_group__type_support.h
[3.902s] -- Up-to-date: /root/Lunar_ROADSTER/lr_ws/install/vectornav_msgs/include/vectornav_msgs/vectornav_msgs/msg/detail/common_group__functions.c
[3.903s] -- Up-to-date: /root/Lunar_ROADSTER/lr_ws/install/vectornav_msgs/include/vectornav_msgs/vectornav_msgs/msg/detail/common_group__functions.h
[3.903s] -- Up-to-date: /root/Lunar_ROADSTER/lr_ws/install/vectornav_msgs/include/vectornav_msgs/vectornav_msgs/msg/detail/common_group__struct.h
[3.903s] -- Up-to-date: /root/Lunar_ROADSTER/lr_ws/install/vectornav_msgs/include/vectornav_msgs/vectornav_msgs/msg/detail/common_group__type_support.h
[3.904s] -- Up-to-date: /root/Lunar_ROADSTER/lr_ws/install/vectornav_msgs/include/vectornav_msgs/vectornav_msgs/msg/detail/dop__functions.c
[3.904s] -- Up-to-date: /root/Lunar_ROADSTER/lr_ws/install/vectornav_msgs/include/vectornav_msgs/vectornav_msgs/msg/detail/dop__functions.h
[3.905s] -- Up-to-date: /root/Lunar_ROADSTER/lr_ws/install/vectornav_msgs/include/vectornav_msgs/vectornav_msgs/msg/detail/dop__struct.h
[3.905s] -- Up-to-date: /root/Lunar_ROADSTER/lr_ws/install/vectornav_msgs/include/vectornav_msgs/vectornav_msgs/msg/detail/dop__type_support.h
[3.905s] -- Up-to-date: /root/Lunar_ROADSTER/lr_ws/install/vectornav_msgs/include/vectornav_msgs/vectornav_msgs/msg/detail/gps_group__functions.c
[3.905s] -- Up-to-date: /root/Lunar_ROADSTER/lr_ws/install/vectornav_msgs/include/vectornav_msgs/vectornav_msgs/msg/detail/gps_group__functions.h
[3.906s] -- Up-to-date: /root/Lunar_ROADSTER/lr_ws/install/vectornav_msgs/include/vectornav_msgs/vectornav_msgs/msg/detail/gps_group__struct.h
[3.907s] -- Up-to-date: /root/Lunar_ROADSTER/lr_ws/install/vectornav_msgs/include/vectornav_msgs/vectornav_msgs/msg/detail/gps_group__type_support.h
[3.908s] -- Up-to-date: /root/Lunar_ROADSTER/lr_ws/install/vectornav_msgs/include/vectornav_msgs/vectornav_msgs/msg/detail/imu_group__functions.c
[3.908s] -- Up-to-date: /root/Lunar_ROADSTER/lr_ws/install/vectornav_msgs/include/vectornav_msgs/vectornav_msgs/msg/detail/imu_group__functions.h
[3.908s] -- Up-to-date: /root/Lunar_ROADSTER/lr_ws/install/vectornav_msgs/include/vectornav_msgs/vectornav_msgs/msg/detail/imu_group__struct.h
[3.908s] -- Up-to-date: /root/Lunar_ROADSTER/lr_ws/install/vectornav_msgs/include/vectornav_msgs/vectornav_msgs/msg/detail/imu_group__type_support.h
[3.909s] -- Up-to-date: /root/Lunar_ROADSTER/lr_ws/install/vectornav_msgs/include/vectornav_msgs/vectornav_msgs/msg/detail/ins_group__functions.c
[3.909s] -- Up-to-date: /root/Lunar_ROADSTER/lr_ws/install/vectornav_msgs/include/vectornav_msgs/vectornav_msgs/msg/detail/ins_group__functions.h
[3.909s] -- Up-to-date: /root/Lunar_ROADSTER/lr_ws/install/vectornav_msgs/include/vectornav_msgs/vectornav_msgs/msg/detail/ins_group__struct.h
[3.910s] -- Up-to-date: /root/Lunar_ROADSTER/lr_ws/install/vectornav_msgs/include/vectornav_msgs/vectornav_msgs/msg/detail/ins_group__type_support.h
[3.910s] -- Up-to-date: /root/Lunar_ROADSTER/lr_ws/install/vectornav_msgs/include/vectornav_msgs/vectornav_msgs/msg/detail/ins_status__functions.c
[3.910s] -- Up-to-date: /root/Lunar_ROADSTER/lr_ws/install/vectornav_msgs/include/vectornav_msgs/vectornav_msgs/msg/detail/ins_status__functions.h
[3.911s] -- Up-to-date: /root/Lunar_ROADSTER/lr_ws/install/vectornav_msgs/include/vectornav_msgs/vectornav_msgs/msg/detail/ins_status__struct.h
[3.912s] -- Up-to-date: /root/Lunar_ROADSTER/lr_ws/install/vectornav_msgs/include/vectornav_msgs/vectornav_msgs/msg/detail/ins_status__type_support.h
[3.912s] -- Up-to-date: /root/Lunar_ROADSTER/lr_ws/install/vectornav_msgs/include/vectornav_msgs/vectornav_msgs/msg/detail/time_group__functions.c
[3.913s] -- Up-to-date: /root/Lunar_ROADSTER/lr_ws/install/vectornav_msgs/include/vectornav_msgs/vectornav_msgs/msg/detail/time_group__functions.h
[3.914s] -- Up-to-date: /root/Lunar_ROADSTER/lr_ws/install/vectornav_msgs/include/vectornav_msgs/vectornav_msgs/msg/detail/time_group__struct.h
[3.914s] -- Up-to-date: /root/Lunar_ROADSTER/lr_ws/install/vectornav_msgs/include/vectornav_msgs/vectornav_msgs/msg/detail/time_group__type_support.h
[3.914s] -- Up-to-date: /root/Lunar_ROADSTER/lr_ws/install/vectornav_msgs/include/vectornav_msgs/vectornav_msgs/msg/detail/time_status__functions.c
[3.915s] -- Up-to-date: /root/Lunar_ROADSTER/lr_ws/install/vectornav_msgs/include/vectornav_msgs/vectornav_msgs/msg/detail/time_status__functions.h
[3.916s] -- Up-to-date: /root/Lunar_ROADSTER/lr_ws/install/vectornav_msgs/include/vectornav_msgs/vectornav_msgs/msg/detail/time_status__struct.h
[3.917s] -- Up-to-date: /root/Lunar_ROADSTER/lr_ws/install/vectornav_msgs/include/vectornav_msgs/vectornav_msgs/msg/detail/time_status__type_support.h
[3.918s] -- Up-to-date: /root/Lunar_ROADSTER/lr_ws/install/vectornav_msgs/include/vectornav_msgs/vectornav_msgs/msg/detail/time_utc__functions.c
[3.919s] -- Up-to-date: /root/Lunar_ROADSTER/lr_ws/install/vectornav_msgs/include/vectornav_msgs/vectornav_msgs/msg/detail/time_utc__functions.h
[3.921s] -- Up-to-date: /root/Lunar_ROADSTER/lr_ws/install/vectornav_msgs/include/vectornav_msgs/vectornav_msgs/msg/detail/time_utc__struct.h
[3.922s] -- Up-to-date: /root/Lunar_ROADSTER/lr_ws/install/vectornav_msgs/include/vectornav_msgs/vectornav_msgs/msg/detail/time_utc__type_support.h
[3.922s] -- Up-to-date: /root/Lunar_ROADSTER/lr_ws/install/vectornav_msgs/include/vectornav_msgs/vectornav_msgs/msg/detail/vpe_status__functions.c
[3.923s] -- Up-to-date: /root/Lunar_ROADSTER/lr_ws/install/vectornav_msgs/include/vectornav_msgs/vectornav_msgs/msg/detail/vpe_status__functions.h
[3.924s] -- Up-to-date: /root/Lunar_ROADSTER/lr_ws/install/vectornav_msgs/include/vectornav_msgs/vectornav_msgs/msg/detail/vpe_status__struct.h
[3.924s] -- Up-to-date: /root/Lunar_ROADSTER/lr_ws/install/vectornav_msgs/include/vectornav_msgs/vectornav_msgs/msg/detail/vpe_status__type_support.h
[3.924s] -- Up-to-date: /root/Lunar_ROADSTER/lr_ws/install/vectornav_msgs/include/vectornav_msgs/vectornav_msgs/msg/common_group.h
[3.925s] -- Up-to-date: /root/Lunar_ROADSTER/lr_ws/install/vectornav_msgs/include/vectornav_msgs/vectornav_msgs/msg/dop.h
[3.925s] -- Up-to-date: /root/Lunar_ROADSTER/lr_ws/install/vectornav_msgs/include/vectornav_msgs/vectornav_msgs/msg/gps_group.h
[3.925s] -- Up-to-date: /root/Lunar_ROADSTER/lr_ws/install/vectornav_msgs/include/vectornav_msgs/vectornav_msgs/msg/imu_group.h
[3.925s] -- Up-to-date: /root/Lunar_ROADSTER/lr_ws/install/vectornav_msgs/include/vectornav_msgs/vectornav_msgs/msg/ins_group.h
[3.927s] -- Up-to-date: /root/Lunar_ROADSTER/lr_ws/install/vectornav_msgs/include/vectornav_msgs/vectornav_msgs/msg/ins_status.h
[3.927s] -- Up-to-date: /root/Lunar_ROADSTER/lr_ws/install/vectornav_msgs/include/vectornav_msgs/vectornav_msgs/msg/time_group.h
[3.928s] -- Up-to-date: /root/Lunar_ROADSTER/lr_ws/install/vectornav_msgs/include/vectornav_msgs/vectornav_msgs/msg/time_status.h
[3.928s] -- Up-to-date: /root/Lunar_ROADSTER/lr_ws/install/vectornav_msgs/include/vectornav_msgs/vectornav_msgs/msg/time_utc.h
[3.928s] -- Up-to-date: /root/Lunar_ROADSTER/lr_ws/install/vectornav_msgs/include/vectornav_msgs/vectornav_msgs/msg/vpe_status.h
[3.929s] -- Up-to-date: /root/Lunar_ROADSTER/lr_ws/install/vectornav_msgs/include/vectornav_msgs/vectornav_msgs/action
[3.947s] -- Up-to-date: /root/Lunar_ROADSTER/lr_ws/install/vectornav_msgs/include/vectornav_msgs/vectornav_msgs/action/mag_cal.h
[3.947s] -- Up-to-date: /root/Lunar_ROADSTER/lr_ws/install/vectornav_msgs/include/vectornav_msgs/vectornav_msgs/action/detail
[3.947s] -- Up-to-date: /root/Lunar_ROADSTER/lr_ws/install/vectornav_msgs/include/vectornav_msgs/vectornav_msgs/action/detail/mag_cal__functions.c
[3.948s] -- Up-to-date: /root/Lunar_ROADSTER/lr_ws/install/vectornav_msgs/include/vectornav_msgs/vectornav_msgs/action/detail/mag_cal__functions.h
[3.949s] -- Up-to-date: /root/Lunar_ROADSTER/lr_ws/install/vectornav_msgs/include/vectornav_msgs/vectornav_msgs/action/detail/mag_cal__struct.h
[3.949s] -- Up-to-date: /root/Lunar_ROADSTER/lr_ws/install/vectornav_msgs/include/vectornav_msgs/vectornav_msgs/action/detail/mag_cal__type_support.h
[3.949s] -- Up-to-date: /root/Lunar_ROADSTER/lr_ws/install/vectornav_msgs/share/vectornav_msgs/environment/library_path.sh
[3.952s] -- Up-to-date: /root/Lunar_ROADSTER/lr_ws/install/vectornav_msgs/share/vectornav_msgs/environment/library_path.dsv
[4.044s] -- Up-to-date: /root/Lunar_ROADSTER/lr_ws/install/vectornav_msgs/lib/libvectornav_msgs__rosidl_generator_c.so
[4.045s] -- Up-to-date: /root/Lunar_ROADSTER/lr_ws/install/vectornav_msgs/include/vectornav_msgs/vectornav_msgs
[4.047s] -- Up-to-date: /root/Lunar_ROADSTER/lr_ws/install/vectornav_msgs/include/vectornav_msgs/vectornav_msgs/msg
[4.048s] -- Up-to-date: /root/Lunar_ROADSTER/lr_ws/install/vectornav_msgs/include/vectornav_msgs/vectornav_msgs/msg/detail
[4.049s] -- Up-to-date: /root/Lunar_ROADSTER/lr_ws/install/vectornav_msgs/include/vectornav_msgs/vectornav_msgs/msg/detail/attitude_group__rosidl_typesupport_fastrtps_c.h
[4.050s] -- Up-to-date: /root/Lunar_ROADSTER/lr_ws/install/vectornav_msgs/include/vectornav_msgs/vectornav_msgs/msg/detail/common_group__rosidl_typesupport_fastrtps_c.h
[4.050s] -- Up-to-date: /root/Lunar_ROADSTER/lr_ws/install/vectornav_msgs/include/vectornav_msgs/vectornav_msgs/msg/detail/dop__rosidl_typesupport_fastrtps_c.h
[4.051s] -- Up-to-date: /root/Lunar_ROADSTER/lr_ws/install/vectornav_msgs/include/vectornav_msgs/vectornav_msgs/msg/detail/gps_group__rosidl_typesupport_fastrtps_c.h
[4.052s] -- Up-to-date: /root/Lunar_ROADSTER/lr_ws/install/vectornav_msgs/include/vectornav_msgs/vectornav_msgs/msg/detail/imu_group__rosidl_typesupport_fastrtps_c.h
[4.052s] -- Up-to-date: /root/Lunar_ROADSTER/lr_ws/install/vectornav_msgs/include/vectornav_msgs/vectornav_msgs/msg/detail/ins_group__rosidl_typesupport_fastrtps_c.h
[4.054s] -- Up-to-date: /root/Lunar_ROADSTER/lr_ws/install/vectornav_msgs/include/vectornav_msgs/vectornav_msgs/msg/detail/ins_status__rosidl_typesupport_fastrtps_c.h
[4.055s] -- Up-to-date: /root/Lunar_ROADSTER/lr_ws/install/vectornav_msgs/include/vectornav_msgs/vectornav_msgs/msg/detail/time_group__rosidl_typesupport_fastrtps_c.h
[4.056s] -- Up-to-date: /root/Lunar_ROADSTER/lr_ws/install/vectornav_msgs/include/vectornav_msgs/vectornav_msgs/msg/detail/time_status__rosidl_typesupport_fastrtps_c.h
[4.057s] -- Up-to-date: /root/Lunar_ROADSTER/lr_ws/install/vectornav_msgs/include/vectornav_msgs/vectornav_msgs/msg/detail/time_utc__rosidl_typesupport_fastrtps_c.h
[4.057s] -- Up-to-date: /root/Lunar_ROADSTER/lr_ws/install/vectornav_msgs/include/vectornav_msgs/vectornav_msgs/msg/detail/vpe_status__rosidl_typesupport_fastrtps_c.h
[4.057s] -- Up-to-date: /root/Lunar_ROADSTER/lr_ws/install/vectornav_msgs/include/vectornav_msgs/vectornav_msgs/msg/rosidl_typesupport_fastrtps_c__visibility_control.h
[4.058s] -- Up-to-date: /root/Lunar_ROADSTER/lr_ws/install/vectornav_msgs/include/vectornav_msgs/vectornav_msgs/action
[4.058s] -- Up-to-date: /root/Lunar_ROADSTER/lr_ws/install/vectornav_msgs/include/vectornav_msgs/vectornav_msgs/action/detail
[4.059s] -- Up-to-date: /root/Lunar_ROADSTER/lr_ws/install/vectornav_msgs/include/vectornav_msgs/vectornav_msgs/action/detail/mag_cal__rosidl_typesupport_fastrtps_c.h
[4.072s] -- Up-to-date: /root/Lunar_ROADSTER/lr_ws/install/vectornav_msgs/lib/libvectornav_msgs__rosidl_typesupport_fastrtps_c.so
[4.072s] -- Up-to-date: /root/Lunar_ROADSTER/lr_ws/install/vectornav_msgs/include/vectornav_msgs/vectornav_msgs
[4.073s] -- Up-to-date: /root/Lunar_ROADSTER/lr_ws/install/vectornav_msgs/include/vectornav_msgs/vectornav_msgs/msg
[4.073s] -- Up-to-date: /root/Lunar_ROADSTER/lr_ws/install/vectornav_msgs/include/vectornav_msgs/vectornav_msgs/msg/attitude_group.hpp
[4.074s] -- Up-to-date: /root/Lunar_ROADSTER/lr_ws/install/vectornav_msgs/include/vectornav_msgs/vectornav_msgs/msg/rosidl_generator_cpp__visibility_control.hpp
[4.074s] -- Up-to-date: /root/Lunar_ROADSTER/lr_ws/install/vectornav_msgs/include/vectornav_msgs/vectornav_msgs/msg/detail
[4.074s] -- Up-to-date: /root/Lunar_ROADSTER/lr_ws/install/vectornav_msgs/include/vectornav_msgs/vectornav_msgs/msg/detail/attitude_group__builder.hpp
[4.075s] -- Up-to-date: /root/Lunar_ROADSTER/lr_ws/install/vectornav_msgs/include/vectornav_msgs/vectornav_msgs/msg/detail/attitude_group__struct.hpp
[4.075s] -- Up-to-date: /root/Lunar_ROADSTER/lr_ws/install/vectornav_msgs/include/vectornav_msgs/vectornav_msgs/msg/detail/attitude_group__traits.hpp
[4.076s] -- Up-to-date: /root/Lunar_ROADSTER/lr_ws/install/vectornav_msgs/include/vectornav_msgs/vectornav_msgs/msg/detail/attitude_group__type_support.hpp
[4.076s] -- Up-to-date: /root/Lunar_ROADSTER/lr_ws/install/vectornav_msgs/include/vectornav_msgs/vectornav_msgs/msg/detail/common_group__builder.hpp
[4.077s] -- Up-to-date: /root/Lunar_ROADSTER/lr_ws/install/vectornav_msgs/include/vectornav_msgs/vectornav_msgs/msg/detail/common_group__struct.hpp
[4.077s] -- Up-to-date: /root/Lunar_ROADSTER/lr_ws/install/vectornav_msgs/include/vectornav_msgs/vectornav_msgs/msg/detail/common_group__traits.hpp
[4.077s] -- Up-to-date: /root/Lunar_ROADSTER/lr_ws/install/vectornav_msgs/include/vectornav_msgs/vectornav_msgs/msg/detail/common_group__type_support.hpp
[4.078s] -- Up-to-date: /root/Lunar_ROADSTER/lr_ws/install/vectornav_msgs/include/vectornav_msgs/vectornav_msgs/msg/detail/dop__builder.hpp
[4.078s] -- Up-to-date: /root/Lunar_ROADSTER/lr_ws/install/vectornav_msgs/include/vectornav_msgs/vectornav_msgs/msg/detail/dop__struct.hpp
[4.078s] -- Up-to-date: /root/Lunar_ROADSTER/lr_ws/install/vectornav_msgs/include/vectornav_msgs/vectornav_msgs/msg/detail/dop__traits.hpp
[4.079s] -- Up-to-date: /root/Lunar_ROADSTER/lr_ws/install/vectornav_msgs/include/vectornav_msgs/vectornav_msgs/msg/detail/dop__type_support.hpp
[4.079s] -- Up-to-date: /root/Lunar_ROADSTER/lr_ws/install/vectornav_msgs/include/vectornav_msgs/vectornav_msgs/msg/detail/gps_group__builder.hpp
[4.080s] -- Up-to-date: /root/Lunar_ROADSTER/lr_ws/install/vectornav_msgs/include/vectornav_msgs/vectornav_msgs/msg/detail/gps_group__struct.hpp
[4.080s] -- Up-to-date: /root/Lunar_ROADSTER/lr_ws/install/vectornav_msgs/include/vectornav_msgs/vectornav_msgs/msg/detail/gps_group__traits.hpp
[4.081s] -- Up-to-date: /root/Lunar_ROADSTER/lr_ws/install/vectornav_msgs/include/vectornav_msgs/vectornav_msgs/msg/detail/gps_group__type_support.hpp
[4.081s] -- Up-to-date: /root/Lunar_ROADSTER/lr_ws/install/vectornav_msgs/include/vectornav_msgs/vectornav_msgs/msg/detail/imu_group__builder.hpp
[4.081s] -- Up-to-date: /root/Lunar_ROADSTER/lr_ws/install/vectornav_msgs/include/vectornav_msgs/vectornav_msgs/msg/detail/imu_group__struct.hpp
[4.081s] -- Up-to-date: /root/Lunar_ROADSTER/lr_ws/install/vectornav_msgs/include/vectornav_msgs/vectornav_msgs/msg/detail/imu_group__traits.hpp
[4.082s] -- Up-to-date: /root/Lunar_ROADSTER/lr_ws/install/vectornav_msgs/include/vectornav_msgs/vectornav_msgs/msg/detail/imu_group__type_support.hpp
[4.083s] -- Up-to-date: /root/Lunar_ROADSTER/lr_ws/install/vectornav_msgs/include/vectornav_msgs/vectornav_msgs/msg/detail/ins_group__builder.hpp
[4.086s] -- Up-to-date: /root/Lunar_ROADSTER/lr_ws/install/vectornav_msgs/include/vectornav_msgs/vectornav_msgs/msg/detail/ins_group__struct.hpp
[4.087s] -- Up-to-date: /root/Lunar_ROADSTER/lr_ws/install/vectornav_msgs/include/vectornav_msgs/vectornav_msgs/msg/detail/ins_group__traits.hpp
[4.088s] -- Up-to-date: /root/Lunar_ROADSTER/lr_ws/install/vectornav_msgs/include/vectornav_msgs/vectornav_msgs/msg/detail/ins_group__type_support.hpp
[4.088s] -- Up-to-date: /root/Lunar_ROADSTER/lr_ws/install/vectornav_msgs/include/vectornav_msgs/vectornav_msgs/msg/detail/ins_status__builder.hpp
[4.089s] -- Up-to-date: /root/Lunar_ROADSTER/lr_ws/install/vectornav_msgs/include/vectornav_msgs/vectornav_msgs/msg/detail/ins_status__struct.hpp
[4.089s] -- Up-to-date: /root/Lunar_ROADSTER/lr_ws/install/vectornav_msgs/include/vectornav_msgs/vectornav_msgs/msg/detail/ins_status__traits.hpp
[4.094s] -- Up-to-date: /root/Lunar_ROADSTER/lr_ws/install/vectornav_msgs/include/vectornav_msgs/vectornav_msgs/msg/detail/ins_status__type_support.hpp
[4.108s] -- Up-to-date: /root/Lunar_ROADSTER/lr_ws/install/vectornav_msgs/include/vectornav_msgs/vectornav_msgs/msg/detail/time_group__builder.hpp
[4.109s] -- Up-to-date: /root/Lunar_ROADSTER/lr_ws/install/vectornav_msgs/include/vectornav_msgs/vectornav_msgs/msg/detail/time_group__struct.hpp
[4.109s] -- Up-to-date: /root/Lunar_ROADSTER/lr_ws/install/vectornav_msgs/include/vectornav_msgs/vectornav_msgs/msg/detail/time_group__traits.hpp
[4.110s] -- Up-to-date: /root/Lunar_ROADSTER/lr_ws/install/vectornav_msgs/include/vectornav_msgs/vectornav_msgs/msg/detail/time_group__type_support.hpp
[4.112s] -- Up-to-date: /root/Lunar_ROADSTER/lr_ws/install/vectornav_msgs/include/vectornav_msgs/vectornav_msgs/msg/detail/time_status__builder.hpp
[4.113s] -- Up-to-date: /root/Lunar_ROADSTER/lr_ws/install/vectornav_msgs/include/vectornav_msgs/vectornav_msgs/msg/detail/time_status__struct.hpp
[4.115s] -- Up-to-date: /root/Lunar_ROADSTER/lr_ws/install/vectornav_msgs/include/vectornav_msgs/vectornav_msgs/msg/detail/time_status__traits.hpp
[4.116s] -- Up-to-date: /root/Lunar_ROADSTER/lr_ws/install/vectornav_msgs/include/vectornav_msgs/vectornav_msgs/msg/detail/time_status__type_support.hpp
[4.116s] -- Up-to-date: /root/Lunar_ROADSTER/lr_ws/install/vectornav_msgs/include/vectornav_msgs/vectornav_msgs/msg/detail/time_utc__builder.hpp
[4.116s] -- Up-to-date: /root/Lunar_ROADSTER/lr_ws/install/vectornav_msgs/include/vectornav_msgs/vectornav_msgs/msg/detail/time_utc__struct.hpp
[4.117s] -- Up-to-date: /root/Lunar_ROADSTER/lr_ws/install/vectornav_msgs/include/vectornav_msgs/vectornav_msgs/msg/detail/time_utc__traits.hpp
[4.117s] -- Up-to-date: /root/Lunar_ROADSTER/lr_ws/install/vectornav_msgs/include/vectornav_msgs/vectornav_msgs/msg/detail/time_utc__type_support.hpp
[4.117s] -- Up-to-date: /root/Lunar_ROADSTER/lr_ws/install/vectornav_msgs/include/vectornav_msgs/vectornav_msgs/msg/detail/vpe_status__builder.hpp
[4.117s] -- Up-to-date: /root/Lunar_ROADSTER/lr_ws/install/vectornav_msgs/include/vectornav_msgs/vectornav_msgs/msg/detail/vpe_status__struct.hpp
[4.118s] -- Up-to-date: /root/Lunar_ROADSTER/lr_ws/install/vectornav_msgs/include/vectornav_msgs/vectornav_msgs/msg/detail/vpe_status__traits.hpp
[4.118s] -- Up-to-date: /root/Lunar_ROADSTER/lr_ws/install/vectornav_msgs/include/vectornav_msgs/vectornav_msgs/msg/detail/vpe_status__type_support.hpp
[4.118s] -- Up-to-date: /root/Lunar_ROADSTER/lr_ws/install/vectornav_msgs/include/vectornav_msgs/vectornav_msgs/msg/common_group.hpp
[4.119s] -- Up-to-date: /root/Lunar_ROADSTER/lr_ws/install/vectornav_msgs/include/vectornav_msgs/vectornav_msgs/msg/dop.hpp
[4.121s] -- Up-to-date: /root/Lunar_ROADSTER/lr_ws/install/vectornav_msgs/include/vectornav_msgs/vectornav_msgs/msg/gps_group.hpp
[4.122s] -- Up-to-date: /root/Lunar_ROADSTER/lr_ws/install/vectornav_msgs/include/vectornav_msgs/vectornav_msgs/msg/imu_group.hpp
[4.123s] -- Up-to-date: /root/Lunar_ROADSTER/lr_ws/install/vectornav_msgs/include/vectornav_msgs/vectornav_msgs/msg/ins_group.hpp
[4.123s] -- Up-to-date: /root/Lunar_ROADSTER/lr_ws/install/vectornav_msgs/include/vectornav_msgs/vectornav_msgs/msg/ins_status.hpp
[4.123s] -- Up-to-date: /root/Lunar_ROADSTER/lr_ws/install/vectornav_msgs/include/vectornav_msgs/vectornav_msgs/msg/time_group.hpp
[4.124s] -- Up-to-date: /root/Lunar_ROADSTER/lr_ws/install/vectornav_msgs/include/vectornav_msgs/vectornav_msgs/msg/time_status.hpp
[4.124s] -- Up-to-date: /root/Lunar_ROADSTER/lr_ws/install/vectornav_msgs/include/vectornav_msgs/vectornav_msgs/msg/time_utc.hpp
[4.124s] -- Up-to-date: /root/Lunar_ROADSTER/lr_ws/install/vectornav_msgs/include/vectornav_msgs/vectornav_msgs/msg/vpe_status.hpp
[4.125s] -- Up-to-date: /root/Lunar_ROADSTER/lr_ws/install/vectornav_msgs/include/vectornav_msgs/vectornav_msgs/action
[4.128s] -- Up-to-date: /root/Lunar_ROADSTER/lr_ws/install/vectornav_msgs/include/vectornav_msgs/vectornav_msgs/action/mag_cal.hpp
[4.128s] -- Up-to-date: /root/Lunar_ROADSTER/lr_ws/install/vectornav_msgs/include/vectornav_msgs/vectornav_msgs/action/detail
[4.128s] -- Up-to-date: /root/Lunar_ROADSTER/lr_ws/install/vectornav_msgs/include/vectornav_msgs/vectornav_msgs/action/detail/mag_cal__builder.hpp
[4.129s] -- Up-to-date: /root/Lunar_ROADSTER/lr_ws/install/vectornav_msgs/include/vectornav_msgs/vectornav_msgs/action/detail/mag_cal__struct.hpp
[4.129s] -- Up-to-date: /root/Lunar_ROADSTER/lr_ws/install/vectornav_msgs/include/vectornav_msgs/vectornav_msgs/action/detail/mag_cal__traits.hpp
[4.129s] -- Up-to-date: /root/Lunar_ROADSTER/lr_ws/install/vectornav_msgs/include/vectornav_msgs/vectornav_msgs/action/detail/mag_cal__type_support.hpp
[4.129s] -- Up-to-date: /root/Lunar_ROADSTER/lr_ws/install/vectornav_msgs/include/vectornav_msgs/vectornav_msgs
[4.130s] -- Up-to-date: /root/Lunar_ROADSTER/lr_ws/install/vectornav_msgs/include/vectornav_msgs/vectornav_msgs/msg
[4.130s] -- Up-to-date: /root/Lunar_ROADSTER/lr_ws/install/vectornav_msgs/include/vectornav_msgs/vectornav_msgs/msg/detail
[4.130s] -- Up-to-date: /root/Lunar_ROADSTER/lr_ws/install/vectornav_msgs/include/vectornav_msgs/vectornav_msgs/msg/detail/attitude_group__rosidl_typesupport_fastrtps_cpp.hpp
[4.130s] -- Up-to-date: /root/Lunar_ROADSTER/lr_ws/install/vectornav_msgs/include/vectornav_msgs/vectornav_msgs/msg/detail/dds_fastrtps
[4.131s] -- Up-to-date: /root/Lunar_ROADSTER/lr_ws/install/vectornav_msgs/include/vectornav_msgs/vectornav_msgs/msg/detail/common_group__rosidl_typesupport_fastrtps_cpp.hpp
[4.131s] -- Up-to-date: /root/Lunar_ROADSTER/lr_ws/install/vectornav_msgs/include/vectornav_msgs/vectornav_msgs/msg/detail/dop__rosidl_typesupport_fastrtps_cpp.hpp
[4.132s] -- Up-to-date: /root/Lunar_ROADSTER/lr_ws/install/vectornav_msgs/include/vectornav_msgs/vectornav_msgs/msg/detail/gps_group__rosidl_typesupport_fastrtps_cpp.hpp
[4.132s] -- Up-to-date: /root/Lunar_ROADSTER/lr_ws/install/vectornav_msgs/include/vectornav_msgs/vectornav_msgs/msg/detail/imu_group__rosidl_typesupport_fastrtps_cpp.hpp
[4.132s] -- Up-to-date: /root/Lunar_ROADSTER/lr_ws/install/vectornav_msgs/include/vectornav_msgs/vectornav_msgs/msg/detail/ins_group__rosidl_typesupport_fastrtps_cpp.hpp
[4.132s] -- Up-to-date: /root/Lunar_ROADSTER/lr_ws/install/vectornav_msgs/include/vectornav_msgs/vectornav_msgs/msg/detail/ins_status__rosidl_typesupport_fastrtps_cpp.hpp
[4.134s] -- Up-to-date: /root/Lunar_ROADSTER/lr_ws/install/vectornav_msgs/include/vectornav_msgs/vectornav_msgs/msg/detail/time_group__rosidl_typesupport_fastrtps_cpp.hpp
[4.134s] -- Up-to-date: /root/Lunar_ROADSTER/lr_ws/install/vectornav_msgs/include/vectornav_msgs/vectornav_msgs/msg/detail/time_status__rosidl_typesupport_fastrtps_cpp.hpp
[4.134s] -- Up-to-date: /root/Lunar_ROADSTER/lr_ws/install/vectornav_msgs/include/vectornav_msgs/vectornav_msgs/msg/detail/time_utc__rosidl_typesupport_fastrtps_cpp.hpp
[4.137s] -- Up-to-date: /root/Lunar_ROADSTER/lr_ws/install/vectornav_msgs/include/vectornav_msgs/vectornav_msgs/msg/detail/vpe_status__rosidl_typesupport_fastrtps_cpp.hpp
[4.138s] -- Up-to-date: /root/Lunar_ROADSTER/lr_ws/install/vectornav_msgs/include/vectornav_msgs/vectornav_msgs/msg/rosidl_typesupport_fastrtps_cpp__visibility_control.h
[4.147s] -- Up-to-date: /root/Lunar_ROADSTER/lr_ws/install/vectornav_msgs/include/vectornav_msgs/vectornav_msgs/action
[4.148s] -- Up-to-date: /root/Lunar_ROADSTER/lr_ws/install/vectornav_msgs/include/vectornav_msgs/vectornav_msgs/action/detail
[4.149s] -- Up-to-date: /root/Lunar_ROADSTER/lr_ws/install/vectornav_msgs/include/vectornav_msgs/vectornav_msgs/action/detail/mag_cal__rosidl_typesupport_fastrtps_cpp.hpp
[4.150s] -- Up-to-date: /root/Lunar_ROADSTER/lr_ws/install/vectornav_msgs/include/vectornav_msgs/vectornav_msgs/action/detail/dds_fastrtps
[4.152s] -- Up-to-date: /root/Lunar_ROADSTER/lr_ws/install/vectornav_msgs/lib/libvectornav_msgs__rosidl_typesupport_fastrtps_cpp.so
[4.152s] -- Up-to-date: /root/Lunar_ROADSTER/lr_ws/install/vectornav_msgs/include/vectornav_msgs/vectornav_msgs
[4.153s] -- Up-to-date: /root/Lunar_ROADSTER/lr_ws/install/vectornav_msgs/include/vectornav_msgs/vectornav_msgs/msg
[4.155s] -- Up-to-date: /root/Lunar_ROADSTER/lr_ws/install/vectornav_msgs/include/vectornav_msgs/vectornav_msgs/msg/detail
[4.156s] -- Up-to-date: /root/Lunar_ROADSTER/lr_ws/install/vectornav_msgs/include/vectornav_msgs/vectornav_msgs/msg/detail/attitude_group__rosidl_typesupport_introspection_c.h
[4.156s] -- Up-to-date: /root/Lunar_ROADSTER/lr_ws/install/vectornav_msgs/include/vectornav_msgs/vectornav_msgs/msg/detail/attitude_group__type_support.c
[4.157s] -- Up-to-date: /root/Lunar_ROADSTER/lr_ws/install/vectornav_msgs/include/vectornav_msgs/vectornav_msgs/msg/detail/common_group__rosidl_typesupport_introspection_c.h
[4.157s] -- Up-to-date: /root/Lunar_ROADSTER/lr_ws/install/vectornav_msgs/include/vectornav_msgs/vectornav_msgs/msg/detail/common_group__type_support.c
[4.158s] -- Up-to-date: /root/Lunar_ROADSTER/lr_ws/install/vectornav_msgs/include/vectornav_msgs/vectornav_msgs/msg/detail/dop__rosidl_typesupport_introspection_c.h
[4.158s] -- Up-to-date: /root/Lunar_ROADSTER/lr_ws/install/vectornav_msgs/include/vectornav_msgs/vectornav_msgs/msg/detail/dop__type_support.c
[4.159s] -- Up-to-date: /root/Lunar_ROADSTER/lr_ws/install/vectornav_msgs/include/vectornav_msgs/vectornav_msgs/msg/detail/gps_group__rosidl_typesupport_introspection_c.h
[4.159s] -- Up-to-date: /root/Lunar_ROADSTER/lr_ws/install/vectornav_msgs/include/vectornav_msgs/vectornav_msgs/msg/detail/gps_group__type_support.c
[4.160s] -- Up-to-date: /root/Lunar_ROADSTER/lr_ws/install/vectornav_msgs/include/vectornav_msgs/vectornav_msgs/msg/detail/imu_group__rosidl_typesupport_introspection_c.h
[4.160s] -- Up-to-date: /root/Lunar_ROADSTER/lr_ws/install/vectornav_msgs/include/vectornav_msgs/vectornav_msgs/msg/detail/imu_group__type_support.c
[4.160s] -- Up-to-date: /root/Lunar_ROADSTER/lr_ws/install/vectornav_msgs/include/vectornav_msgs/vectornav_msgs/msg/detail/ins_group__rosidl_typesupport_introspection_c.h
[4.160s] -- Up-to-date: /root/Lunar_ROADSTER/lr_ws/install/vectornav_msgs/include/vectornav_msgs/vectornav_msgs/msg/detail/ins_group__type_support.c
[4.161s] -- Up-to-date: /root/Lunar_ROADSTER/lr_ws/install/vectornav_msgs/include/vectornav_msgs/vectornav_msgs/msg/detail/ins_status__rosidl_typesupport_introspection_c.h
[4.161s] -- Up-to-date: /root/Lunar_ROADSTER/lr_ws/install/vectornav_msgs/include/vectornav_msgs/vectornav_msgs/msg/detail/ins_status__type_support.c
[4.161s] -- Up-to-date: /root/Lunar_ROADSTER/lr_ws/install/vectornav_msgs/include/vectornav_msgs/vectornav_msgs/msg/detail/time_group__rosidl_typesupport_introspection_c.h
[4.162s] -- Up-to-date: /root/Lunar_ROADSTER/lr_ws/install/vectornav_msgs/include/vectornav_msgs/vectornav_msgs/msg/detail/time_group__type_support.c
[4.162s] -- Up-to-date: /root/Lunar_ROADSTER/lr_ws/install/vectornav_msgs/include/vectornav_msgs/vectornav_msgs/msg/detail/time_status__rosidl_typesupport_introspection_c.h
[4.162s] -- Up-to-date: /root/Lunar_ROADSTER/lr_ws/install/vectornav_msgs/include/vectornav_msgs/vectornav_msgs/msg/detail/time_status__type_support.c
[4.162s] -- Up-to-date: /root/Lunar_ROADSTER/lr_ws/install/vectornav_msgs/include/vectornav_msgs/vectornav_msgs/msg/detail/time_utc__rosidl_typesupport_introspection_c.h
[4.163s] -- Up-to-date: /root/Lunar_ROADSTER/lr_ws/install/vectornav_msgs/include/vectornav_msgs/vectornav_msgs/msg/detail/time_utc__type_support.c
[4.163s] -- Up-to-date: /root/Lunar_ROADSTER/lr_ws/install/vectornav_msgs/include/vectornav_msgs/vectornav_msgs/msg/detail/vpe_status__rosidl_typesupport_introspection_c.h
[4.164s] -- Up-to-date: /root/Lunar_ROADSTER/lr_ws/install/vectornav_msgs/include/vectornav_msgs/vectornav_msgs/msg/detail/vpe_status__type_support.c
[4.164s] -- Up-to-date: /root/Lunar_ROADSTER/lr_ws/install/vectornav_msgs/include/vectornav_msgs/vectornav_msgs/msg/rosidl_typesupport_introspection_c__visibility_control.h
[4.164s] -- Up-to-date: /root/Lunar_ROADSTER/lr_ws/install/vectornav_msgs/include/vectornav_msgs/vectornav_msgs/action
[4.165s] -- Up-to-date: /root/Lunar_ROADSTER/lr_ws/install/vectornav_msgs/include/vectornav_msgs/vectornav_msgs/action/detail
[4.165s] -- Up-to-date: /root/Lunar_ROADSTER/lr_ws/install/vectornav_msgs/include/vectornav_msgs/vectornav_msgs/action/detail/mag_cal__rosidl_typesupport_introspection_c.h
[4.165s] -- Up-to-date: /root/Lunar_ROADSTER/lr_ws/install/vectornav_msgs/include/vectornav_msgs/vectornav_msgs/action/detail/mag_cal__type_support.c
[4.166s] -- Up-to-date: /root/Lunar_ROADSTER/lr_ws/install/vectornav_msgs/lib/libvectornav_msgs__rosidl_typesupport_introspection_c.so
[4.170s] -- Up-to-date: /root/Lunar_ROADSTER/lr_ws/install/vectornav_msgs/lib/libvectornav_msgs__rosidl_typesupport_c.so
[4.171s] -- Up-to-date: /root/Lunar_ROADSTER/lr_ws/install/vectornav_msgs/include/vectornav_msgs/vectornav_msgs
[4.172s] -- Up-to-date: /root/Lunar_ROADSTER/lr_ws/install/vectornav_msgs/include/vectornav_msgs/vectornav_msgs/msg
[4.173s] -- Up-to-date: /root/Lunar_ROADSTER/lr_ws/install/vectornav_msgs/include/vectornav_msgs/vectornav_msgs/msg/detail
[4.173s] -- Up-to-date: /root/Lunar_ROADSTER/lr_ws/install/vectornav_msgs/include/vectornav_msgs/vectornav_msgs/msg/detail/attitude_group__rosidl_typesupport_introspection_cpp.hpp
[4.173s] -- Up-to-date: /root/Lunar_ROADSTER/lr_ws/install/vectornav_msgs/include/vectornav_msgs/vectornav_msgs/msg/detail/attitude_group__type_support.cpp
[4.174s] -- Up-to-date: /root/Lunar_ROADSTER/lr_ws/install/vectornav_msgs/include/vectornav_msgs/vectornav_msgs/msg/detail/common_group__rosidl_typesupport_introspection_cpp.hpp
[4.174s] -- Up-to-date: /root/Lunar_ROADSTER/lr_ws/install/vectornav_msgs/include/vectornav_msgs/vectornav_msgs/msg/detail/common_group__type_support.cpp
[4.175s] -- Up-to-date: /root/Lunar_ROADSTER/lr_ws/install/vectornav_msgs/include/vectornav_msgs/vectornav_msgs/msg/detail/dop__rosidl_typesupport_introspection_cpp.hpp
[4.175s] -- Up-to-date: /root/Lunar_ROADSTER/lr_ws/install/vectornav_msgs/include/vectornav_msgs/vectornav_msgs/msg/detail/dop__type_support.cpp
[4.176s] -- Up-to-date: /root/Lunar_ROADSTER/lr_ws/install/vectornav_msgs/include/vectornav_msgs/vectornav_msgs/msg/detail/gps_group__rosidl_typesupport_introspection_cpp.hpp
[4.176s] -- Up-to-date: /root/Lunar_ROADSTER/lr_ws/install/vectornav_msgs/include/vectornav_msgs/vectornav_msgs/msg/detail/gps_group__type_support.cpp
[4.176s] -- Up-to-date: /root/Lunar_ROADSTER/lr_ws/install/vectornav_msgs/include/vectornav_msgs/vectornav_msgs/msg/detail/imu_group__rosidl_typesupport_introspection_cpp.hpp
[4.176s] -- Up-to-date: /root/Lunar_ROADSTER/lr_ws/install/vectornav_msgs/include/vectornav_msgs/vectornav_msgs/msg/detail/imu_group__type_support.cpp
[4.177s] -- Up-to-date: /root/Lunar_ROADSTER/lr_ws/install/vectornav_msgs/include/vectornav_msgs/vectornav_msgs/msg/detail/ins_group__rosidl_typesupport_introspection_cpp.hpp
[4.177s] -- Up-to-date: /root/Lunar_ROADSTER/lr_ws/install/vectornav_msgs/include/vectornav_msgs/vectornav_msgs/msg/detail/ins_group__type_support.cpp
[4.177s] -- Up-to-date: /root/Lunar_ROADSTER/lr_ws/install/vectornav_msgs/include/vectornav_msgs/vectornav_msgs/msg/detail/ins_status__rosidl_typesupport_introspection_cpp.hpp
[4.177s] -- Up-to-date: /root/Lunar_ROADSTER/lr_ws/install/vectornav_msgs/include/vectornav_msgs/vectornav_msgs/msg/detail/ins_status__type_support.cpp
[4.178s] -- Up-to-date: /root/Lunar_ROADSTER/lr_ws/install/vectornav_msgs/include/vectornav_msgs/vectornav_msgs/msg/detail/time_group__rosidl_typesupport_introspection_cpp.hpp
[4.178s] -- Up-to-date: /root/Lunar_ROADSTER/lr_ws/install/vectornav_msgs/include/vectornav_msgs/vectornav_msgs/msg/detail/time_group__type_support.cpp
[4.178s] -- Up-to-date: /root/Lunar_ROADSTER/lr_ws/install/vectornav_msgs/include/vectornav_msgs/vectornav_msgs/msg/detail/time_status__rosidl_typesupport_introspection_cpp.hpp
[4.178s] -- Up-to-date: /root/Lunar_ROADSTER/lr_ws/install/vectornav_msgs/include/vectornav_msgs/vectornav_msgs/msg/detail/time_status__type_support.cpp
[4.179s] -- Up-to-date: /root/Lunar_ROADSTER/lr_ws/install/vectornav_msgs/include/vectornav_msgs/vectornav_msgs/msg/detail/time_utc__rosidl_typesupport_introspection_cpp.hpp
[4.180s] -- Up-to-date: /root/Lunar_ROADSTER/lr_ws/install/vectornav_msgs/include/vectornav_msgs/vectornav_msgs/msg/detail/time_utc__type_support.cpp
[4.180s] -- Up-to-date: /root/Lunar_ROADSTER/lr_ws/install/vectornav_msgs/include/vectornav_msgs/vectornav_msgs/msg/detail/vpe_status__rosidl_typesupport_introspection_cpp.hpp
[4.181s] -- Up-to-date: /root/Lunar_ROADSTER/lr_ws/install/vectornav_msgs/include/vectornav_msgs/vectornav_msgs/msg/detail/vpe_status__type_support.cpp
[4.181s] -- Up-to-date: /root/Lunar_ROADSTER/lr_ws/install/vectornav_msgs/include/vectornav_msgs/vectornav_msgs/action
[4.181s] -- Up-to-date: /root/Lunar_ROADSTER/lr_ws/install/vectornav_msgs/include/vectornav_msgs/vectornav_msgs/action/detail
[4.182s] -- Up-to-date: /root/Lunar_ROADSTER/lr_ws/install/vectornav_msgs/include/vectornav_msgs/vectornav_msgs/action/detail/mag_cal__rosidl_typesupport_introspection_cpp.hpp
[4.182s] -- Up-to-date: /root/Lunar_ROADSTER/lr_ws/install/vectornav_msgs/include/vectornav_msgs/vectornav_msgs/action/detail/mag_cal__type_support.cpp
[4.183s] -- Up-to-date: /root/Lunar_ROADSTER/lr_ws/install/vectornav_msgs/lib/libvectornav_msgs__rosidl_typesupport_introspection_cpp.so
[4.187s] -- Up-to-date: /root/Lunar_ROADSTER/lr_ws/install/vectornav_msgs/lib/libvectornav_msgs__rosidl_typesupport_cpp.so
[4.188s] -- Up-to-date: /root/Lunar_ROADSTER/lr_ws/install/vectornav_msgs/share/vectornav_msgs/environment/pythonpath.sh
[4.188s] -- Up-to-date: /root/Lunar_ROADSTER/lr_ws/install/vectornav_msgs/share/vectornav_msgs/environment/pythonpath.dsv
[4.188s] -- Up-to-date: /root/Lunar_ROADSTER/lr_ws/install/vectornav_msgs/local/lib/python3.10/dist-packages/vectornav_msgs-3.0.0-py3.10.egg-info
[4.188s] -- Installing: /root/Lunar_ROADSTER/lr_ws/install/vectornav_msgs/local/lib/python3.10/dist-packages/vectornav_msgs-3.0.0-py3.10.egg-info/PKG-INFO
[4.189s] -- Installing: /root/Lunar_ROADSTER/lr_ws/install/vectornav_msgs/local/lib/python3.10/dist-packages/vectornav_msgs-3.0.0-py3.10.egg-info/dependency_links.txt
[4.189s] -- Installing: /root/Lunar_ROADSTER/lr_ws/install/vectornav_msgs/local/lib/python3.10/dist-packages/vectornav_msgs-3.0.0-py3.10.egg-info/top_level.txt
[4.189s] -- Installing: /root/Lunar_ROADSTER/lr_ws/install/vectornav_msgs/local/lib/python3.10/dist-packages/vectornav_msgs-3.0.0-py3.10.egg-info/SOURCES.txt
[4.189s] -- Up-to-date: /root/Lunar_ROADSTER/lr_ws/install/vectornav_msgs/local/lib/python3.10/dist-packages/vectornav_msgs
[4.190s] -- Up-to-date: /root/Lunar_ROADSTER/lr_ws/install/vectornav_msgs/local/lib/python3.10/dist-packages/vectornav_msgs/__init__.py
[4.190s] -- Up-to-date: /root/Lunar_ROADSTER/lr_ws/install/vectornav_msgs/local/lib/python3.10/dist-packages/vectornav_msgs/msg
[4.190s] -- Up-to-date: /root/Lunar_ROADSTER/lr_ws/install/vectornav_msgs/local/lib/python3.10/dist-packages/vectornav_msgs/msg/_attitude_group.py
[4.191s] -- Up-to-date: /root/Lunar_ROADSTER/lr_ws/install/vectornav_msgs/local/lib/python3.10/dist-packages/vectornav_msgs/msg/_attitude_group_s.c
[4.191s] -- Up-to-date: /root/Lunar_ROADSTER/lr_ws/install/vectornav_msgs/local/lib/python3.10/dist-packages/vectornav_msgs/msg/_common_group.py
[4.192s] -- Up-to-date: /root/Lunar_ROADSTER/lr_ws/install/vectornav_msgs/local/lib/python3.10/dist-packages/vectornav_msgs/msg/_common_group_s.c
[4.192s] -- Up-to-date: /root/Lunar_ROADSTER/lr_ws/install/vectornav_msgs/local/lib/python3.10/dist-packages/vectornav_msgs/msg/_dop.py
[4.192s] -- Up-to-date: /root/Lunar_ROADSTER/lr_ws/install/vectornav_msgs/local/lib/python3.10/dist-packages/vectornav_msgs/msg/_dop_s.c
[4.193s] -- Up-to-date: /root/Lunar_ROADSTER/lr_ws/install/vectornav_msgs/local/lib/python3.10/dist-packages/vectornav_msgs/msg/_gps_group.py
[4.193s] -- Up-to-date: /root/Lunar_ROADSTER/lr_ws/install/vectornav_msgs/local/lib/python3.10/dist-packages/vectornav_msgs/msg/_gps_group_s.c
[4.194s] -- Up-to-date: /root/Lunar_ROADSTER/lr_ws/install/vectornav_msgs/local/lib/python3.10/dist-packages/vectornav_msgs/msg/_imu_group.py
[4.194s] -- Up-to-date: /root/Lunar_ROADSTER/lr_ws/install/vectornav_msgs/local/lib/python3.10/dist-packages/vectornav_msgs/msg/_imu_group_s.c
[4.194s] -- Up-to-date: /root/Lunar_ROADSTER/lr_ws/install/vectornav_msgs/local/lib/python3.10/dist-packages/vectornav_msgs/msg/_ins_group.py
[4.194s] -- Up-to-date: /root/Lunar_ROADSTER/lr_ws/install/vectornav_msgs/local/lib/python3.10/dist-packages/vectornav_msgs/msg/_ins_group_s.c
[4.195s] -- Up-to-date: /root/Lunar_ROADSTER/lr_ws/install/vectornav_msgs/local/lib/python3.10/dist-packages/vectornav_msgs/msg/_ins_status.py
[4.195s] -- Up-to-date: /root/Lunar_ROADSTER/lr_ws/install/vectornav_msgs/local/lib/python3.10/dist-packages/vectornav_msgs/msg/_ins_status_s.c
[4.195s] -- Up-to-date: /root/Lunar_ROADSTER/lr_ws/install/vectornav_msgs/local/lib/python3.10/dist-packages/vectornav_msgs/msg/_time_group.py
[4.196s] -- Up-to-date: /root/Lunar_ROADSTER/lr_ws/install/vectornav_msgs/local/lib/python3.10/dist-packages/vectornav_msgs/msg/_time_group_s.c
[4.196s] -- Up-to-date: /root/Lunar_ROADSTER/lr_ws/install/vectornav_msgs/local/lib/python3.10/dist-packages/vectornav_msgs/msg/_time_status.py
[4.196s] -- Up-to-date: /root/Lunar_ROADSTER/lr_ws/install/vectornav_msgs/local/lib/python3.10/dist-packages/vectornav_msgs/msg/_time_status_s.c
[4.196s] -- Up-to-date: /root/Lunar_ROADSTER/lr_ws/install/vectornav_msgs/local/lib/python3.10/dist-packages/vectornav_msgs/msg/_time_utc.py
[4.197s] -- Up-to-date: /root/Lunar_ROADSTER/lr_ws/install/vectornav_msgs/local/lib/python3.10/dist-packages/vectornav_msgs/msg/_time_utc_s.c
[4.197s] -- Up-to-date: /root/Lunar_ROADSTER/lr_ws/install/vectornav_msgs/local/lib/python3.10/dist-packages/vectornav_msgs/msg/_vpe_status.py
[4.197s] -- Up-to-date: /root/Lunar_ROADSTER/lr_ws/install/vectornav_msgs/local/lib/python3.10/dist-packages/vectornav_msgs/msg/_vpe_status_s.c
[4.197s] -- Up-to-date: /root/Lunar_ROADSTER/lr_ws/install/vectornav_msgs/local/lib/python3.10/dist-packages/vectornav_msgs/msg/__init__.py
[4.198s] -- Up-to-date: /root/Lunar_ROADSTER/lr_ws/install/vectornav_msgs/local/lib/python3.10/dist-packages/vectornav_msgs/action
[4.198s] -- Up-to-date: /root/Lunar_ROADSTER/lr_ws/install/vectornav_msgs/local/lib/python3.10/dist-packages/vectornav_msgs/action/_mag_cal.py
[4.198s] -- Up-to-date: /root/Lunar_ROADSTER/lr_ws/install/vectornav_msgs/local/lib/python3.10/dist-packages/vectornav_msgs/action/_mag_cal_s.c
[4.199s] -- Up-to-date: /root/Lunar_ROADSTER/lr_ws/install/vectornav_msgs/local/lib/python3.10/dist-packages/vectornav_msgs/action/__init__.py
[4.199s] -- Up-to-date: /root/Lunar_ROADSTER/lr_ws/install/vectornav_msgs/local/lib/python3.10/dist-packages/vectornav_msgs/_vectornav_msgs_s.ep.rosidl_typesupport_fastrtps_c.c
[4.200s] -- Up-to-date: /root/Lunar_ROADSTER/lr_ws/install/vectornav_msgs/local/lib/python3.10/dist-packages/vectornav_msgs/_vectornav_msgs_s.ep.rosidl_typesupport_introspection_c.c
[4.200s] -- Up-to-date: /root/Lunar_ROADSTER/lr_ws/install/vectornav_msgs/local/lib/python3.10/dist-packages/vectornav_msgs/_vectornav_msgs_s.ep.rosidl_typesupport_c.c
[4.201s] -- Up-to-date: /root/Lunar_ROADSTER/lr_ws/install/vectornav_msgs/local/lib/python3.10/dist-packages/vectornav_msgs/libvectornav_msgs__rosidl_generator_py.so
[4.201s] -- Up-to-date: /root/Lunar_ROADSTER/lr_ws/install/vectornav_msgs/local/lib/python3.10/dist-packages/vectornav_msgs/vectornav_msgs_s__rosidl_typesupport_fastrtps_c.cpython-310-aarch64-linux-gnu.so
[4.201s] -- Up-to-date: /root/Lunar_ROADSTER/lr_ws/install/vectornav_msgs/local/lib/python3.10/dist-packages/vectornav_msgs/vectornav_msgs_s__rosidl_typesupport_c.cpython-310-aarch64-linux-gnu.so
[4.201s] -- Up-to-date: /root/Lunar_ROADSTER/lr_ws/install/vectornav_msgs/local/lib/python3.10/dist-packages/vectornav_msgs/vectornav_msgs_s__rosidl_typesupport_introspection_c.cpython-310-aarch64-linux-gnu.so
[4.461s] Listing '/root/Lunar_ROADSTER/lr_ws/install/vectornav_msgs/local/lib/python3.10/dist-packages/vectornav_msgs'...
[4.462s] Listing '/root/Lunar_ROADSTER/lr_ws/install/vectornav_msgs/local/lib/python3.10/dist-packages/vectornav_msgs/action'...
[4.462s] Listing '/root/Lunar_ROADSTER/lr_ws/install/vectornav_msgs/local/lib/python3.10/dist-packages/vectornav_msgs/msg'...
[4.625s] -- Up-to-date: /root/Lunar_ROADSTER/lr_ws/install/vectornav_msgs/local/lib/python3.10/dist-packages/vectornav_msgs/vectornav_msgs_s__rosidl_typesupport_fastrtps_c.cpython-310-aarch64-linux-gnu.so
[4.632s] -- Up-to-date: /root/Lunar_ROADSTER/lr_ws/install/vectornav_msgs/local/lib/python3.10/dist-packages/vectornav_msgs/vectornav_msgs_s__rosidl_typesupport_introspection_c.cpython-310-aarch64-linux-gnu.so
[4.641s] -- Up-to-date: /root/Lunar_ROADSTER/lr_ws/install/vectornav_msgs/local/lib/python3.10/dist-packages/vectornav_msgs/vectornav_msgs_s__rosidl_typesupport_c.cpython-310-aarch64-linux-gnu.so
[4.646s] -- Up-to-date: /root/Lunar_ROADSTER/lr_ws/install/vectornav_msgs/lib/libvectornav_msgs__rosidl_generator_py.so
[4.652s] -- Up-to-date: /root/Lunar_ROADSTER/lr_ws/install/vectornav_msgs/share/vectornav_msgs/msg/AttitudeGroup.idl
[4.652s] -- Up-to-date: /root/Lunar_ROADSTER/lr_ws/install/vectornav_msgs/share/vectornav_msgs/msg/CommonGroup.idl
[4.653s] -- Up-to-date: /root/Lunar_ROADSTER/lr_ws/install/vectornav_msgs/share/vectornav_msgs/msg/DOP.idl
[4.654s] -- Up-to-date: /root/Lunar_ROADSTER/lr_ws/install/vectornav_msgs/share/vectornav_msgs/msg/GpsGroup.idl
[4.654s] -- Up-to-date: /root/Lunar_ROADSTER/lr_ws/install/vectornav_msgs/share/vectornav_msgs/msg/ImuGroup.idl
[4.655s] -- Up-to-date: /root/Lunar_ROADSTER/lr_ws/install/vectornav_msgs/share/vectornav_msgs/msg/InsGroup.idl
[4.658s] -- Up-to-date: /root/Lunar_ROADSTER/lr_ws/install/vectornav_msgs/share/vectornav_msgs/msg/InsStatus.idl
[4.659s] -- Up-to-date: /root/Lunar_ROADSTER/lr_ws/install/vectornav_msgs/share/vectornav_msgs/msg/TimeGroup.idl
[4.660s] -- Up-to-date: /root/Lunar_ROADSTER/lr_ws/install/vectornav_msgs/share/vectornav_msgs/msg/TimeStatus.idl
[4.660s] -- Up-to-date: /root/Lunar_ROADSTER/lr_ws/install/vectornav_msgs/share/vectornav_msgs/msg/TimeUTC.idl
[4.660s] -- Up-to-date: /root/Lunar_ROADSTER/lr_ws/install/vectornav_msgs/share/vectornav_msgs/msg/VpeStatus.idl
[4.661s] -- Up-to-date: /root/Lunar_ROADSTER/lr_ws/install/vectornav_msgs/share/vectornav_msgs/action/MagCal.idl
[4.661s] -- Up-to-date: /root/Lunar_ROADSTER/lr_ws/install/vectornav_msgs/share/vectornav_msgs/msg/AttitudeGroup.msg
[4.661s] -- Up-to-date: /root/Lunar_ROADSTER/lr_ws/install/vectornav_msgs/share/vectornav_msgs/msg/CommonGroup.msg
[4.662s] -- Up-to-date: /root/Lunar_ROADSTER/lr_ws/install/vectornav_msgs/share/vectornav_msgs/msg/DOP.msg
[4.662s] -- Up-to-date: /root/Lunar_ROADSTER/lr_ws/install/vectornav_msgs/share/vectornav_msgs/msg/GpsGroup.msg
[4.663s] -- Up-to-date: /root/Lunar_ROADSTER/lr_ws/install/vectornav_msgs/share/vectornav_msgs/msg/ImuGroup.msg
[4.663s] -- Up-to-date: /root/Lunar_ROADSTER/lr_ws/install/vectornav_msgs/share/vectornav_msgs/msg/InsGroup.msg
[4.663s] -- Up-to-date: /root/Lunar_ROADSTER/lr_ws/install/vectornav_msgs/share/vectornav_msgs/msg/InsStatus.msg
[4.664s] -- Up-to-date: /root/Lunar_ROADSTER/lr_ws/install/vectornav_msgs/share/vectornav_msgs/msg/TimeGroup.msg
[4.664s] -- Up-to-date: /root/Lunar_ROADSTER/lr_ws/install/vectornav_msgs/share/vectornav_msgs/msg/TimeStatus.msg
[4.664s] -- Up-to-date: /root/Lunar_ROADSTER/lr_ws/install/vectornav_msgs/share/vectornav_msgs/msg/TimeUTC.msg
[4.665s] -- Up-to-date: /root/Lunar_ROADSTER/lr_ws/install/vectornav_msgs/share/vectornav_msgs/msg/VpeStatus.msg
[4.666s] -- Up-to-date: /root/Lunar_ROADSTER/lr_ws/install/vectornav_msgs/share/vectornav_msgs/action/MagCal.action
[4.666s] -- Up-to-date: /root/Lunar_ROADSTER/lr_ws/install/vectornav_msgs/share/ament_index/resource_index/package_run_dependencies/vectornav_msgs
[4.667s] -- Up-to-date: /root/Lunar_ROADSTER/lr_ws/install/vectornav_msgs/share/ament_index/resource_index/parent_prefix_path/vectornav_msgs
[4.667s] -- Up-to-date: /root/Lunar_ROADSTER/lr_ws/install/vectornav_msgs/share/vectornav_msgs/environment/ament_prefix_path.sh
[4.667s] -- Up-to-date: /root/Lunar_ROADSTER/lr_ws/install/vectornav_msgs/share/vectornav_msgs/environment/ament_prefix_path.dsv
[4.668s] -- Up-to-date: /root/Lunar_ROADSTER/lr_ws/install/vectornav_msgs/share/vectornav_msgs/environment/path.sh
[4.668s] -- Up-to-date: /root/Lunar_ROADSTER/lr_ws/install/vectornav_msgs/share/vectornav_msgs/environment/path.dsv
[4.669s] -- Up-to-date: /root/Lunar_ROADSTER/lr_ws/install/vectornav_msgs/share/vectornav_msgs/local_setup.bash
[4.669s] -- Up-to-date: /root/Lunar_ROADSTER/lr_ws/install/vectornav_msgs/share/vectornav_msgs/local_setup.sh
[4.669s] -- Up-to-date: /root/Lunar_ROADSTER/lr_ws/install/vectornav_msgs/share/vectornav_msgs/local_setup.zsh
[4.670s] -- Up-to-date: /root/Lunar_ROADSTER/lr_ws/install/vectornav_msgs/share/vectornav_msgs/local_setup.dsv
[4.670s] -- Installing: /root/Lunar_ROADSTER/lr_ws/install/vectornav_msgs/share/vectornav_msgs/package.dsv
[4.671s] -- Up-to-date: /root/Lunar_ROADSTER/lr_ws/install/vectornav_msgs/share/ament_index/resource_index/packages/vectornav_msgs
[4.672s] -- Up-to-date: /root/Lunar_ROADSTER/lr_ws/install/vectornav_msgs/share/vectornav_msgs/cmake/export_vectornav_msgs__rosidl_generator_cExport.cmake
[4.673s] -- Up-to-date: /root/Lunar_ROADSTER/lr_ws/install/vectornav_msgs/share/vectornav_msgs/cmake/export_vectornav_msgs__rosidl_generator_cExport-noconfig.cmake
[4.674s] -- Up-to-date: /root/Lunar_ROADSTER/lr_ws/install/vectornav_msgs/share/vectornav_msgs/cmake/export_vectornav_msgs__rosidl_typesupport_fastrtps_cExport.cmake
[4.675s] -- Up-to-date: /root/Lunar_ROADSTER/lr_ws/install/vectornav_msgs/share/vectornav_msgs/cmake/export_vectornav_msgs__rosidl_typesupport_fastrtps_cExport-noconfig.cmake
[4.675s] -- Up-to-date: /root/Lunar_ROADSTER/lr_ws/install/vectornav_msgs/share/vectornav_msgs/cmake/export_vectornav_msgs__rosidl_generator_cppExport.cmake
[4.676s] -- Up-to-date: /root/Lunar_ROADSTER/lr_ws/install/vectornav_msgs/share/vectornav_msgs/cmake/export_vectornav_msgs__rosidl_typesupport_fastrtps_cppExport.cmake
[4.676s] -- Up-to-date: /root/Lunar_ROADSTER/lr_ws/install/vectornav_msgs/share/vectornav_msgs/cmake/export_vectornav_msgs__rosidl_typesupport_fastrtps_cppExport-noconfig.cmake
[4.676s] -- Up-to-date: /root/Lunar_ROADSTER/lr_ws/install/vectornav_msgs/share/vectornav_msgs/cmake/vectornav_msgs__rosidl_typesupport_introspection_cExport.cmake
[4.676s] -- Up-to-date: /root/Lunar_ROADSTER/lr_ws/install/vectornav_msgs/share/vectornav_msgs/cmake/vectornav_msgs__rosidl_typesupport_introspection_cExport-noconfig.cmake
[4.677s] -- Up-to-date: /root/Lunar_ROADSTER/lr_ws/install/vectornav_msgs/share/vectornav_msgs/cmake/vectornav_msgs__rosidl_typesupport_cExport.cmake
[4.677s] -- Up-to-date: /root/Lunar_ROADSTER/lr_ws/install/vectornav_msgs/share/vectornav_msgs/cmake/vectornav_msgs__rosidl_typesupport_cExport-noconfig.cmake
[4.677s] -- Up-to-date: /root/Lunar_ROADSTER/lr_ws/install/vectornav_msgs/share/vectornav_msgs/cmake/vectornav_msgs__rosidl_typesupport_introspection_cppExport.cmake
[4.678s] -- Up-to-date: /root/Lunar_ROADSTER/lr_ws/install/vectornav_msgs/share/vectornav_msgs/cmake/vectornav_msgs__rosidl_typesupport_introspection_cppExport-noconfig.cmake
[4.678s] -- Up-to-date: /root/Lunar_ROADSTER/lr_ws/install/vectornav_msgs/share/vectornav_msgs/cmake/vectornav_msgs__rosidl_typesupport_cppExport.cmake
[4.680s] -- Up-to-date: /root/Lunar_ROADSTER/lr_ws/install/vectornav_msgs/share/vectornav_msgs/cmake/vectornav_msgs__rosidl_typesupport_cppExport-noconfig.cmake
[4.812s] -- Up-to-date: /root/Lunar_ROADSTER/lr_ws/install/vectornav_msgs/share/vectornav_msgs/cmake/export_vectornav_msgs__rosidl_generator_pyExport.cmake
[4.812s] -- Up-to-date: /root/Lunar_ROADSTER/lr_ws/install/vectornav_msgs/share/vectornav_msgs/cmake/export_vectornav_msgs__rosidl_generator_pyExport-noconfig.cmake
[4.813s] -- Up-to-date: /root/Lunar_ROADSTER/lr_ws/install/vectornav_msgs/share/vectornav_msgs/cmake/rosidl_cmake-extras.cmake
[4.813s] -- Up-to-date: /root/Lunar_ROADSTER/lr_ws/install/vectornav_msgs/share/vectornav_msgs/cmake/ament_cmake_export_dependencies-extras.cmake
[4.816s] -- Up-to-date: /root/Lunar_ROADSTER/lr_ws/install/vectornav_msgs/share/vectornav_msgs/cmake/ament_cmake_export_include_directories-extras.cmake
[4.816s] -- Up-to-date: /root/Lunar_ROADSTER/lr_ws/install/vectornav_msgs/share/vectornav_msgs/cmake/ament_cmake_export_libraries-extras.cmake
[4.817s] -- Up-to-date: /root/Lunar_ROADSTER/lr_ws/install/vectornav_msgs/share/vectornav_msgs/cmake/ament_cmake_export_targets-extras.cmake
[4.817s] -- Up-to-date: /root/Lunar_ROADSTER/lr_ws/install/vectornav_msgs/share/vectornav_msgs/cmake/rosidl_cmake_export_typesupport_targets-extras.cmake
[4.818s] -- Up-to-date: /root/Lunar_ROADSTER/lr_ws/install/vectornav_msgs/share/vectornav_msgs/cmake/rosidl_cmake_export_typesupport_libraries-extras.cmake
[4.822s] -- Up-to-date: /root/Lunar_ROADSTER/lr_ws/install/vectornav_msgs/share/vectornav_msgs/cmake/vectornav_msgsConfig.cmake
[4.822s] -- Up-to-date: /root/Lunar_ROADSTER/lr_ws/install/vectornav_msgs/share/vectornav_msgs/cmake/vectornav_msgsConfig-version.cmake
[4.823s] -- Up-to-date: /root/Lunar_ROADSTER/lr_ws/install/vectornav_msgs/share/vectornav_msgs/package.xml
[4.990s] Invoked command in '/root/Lunar_ROADSTER/lr_ws/build/vectornav_msgs' returned '0': CMAKE_PREFIX_PATH=/opt/ros/humble /usr/local/bin/cmake --install /root/Lunar_ROADSTER/lr_ws/build/vectornav_msgs
