[0.023s] Invoking command in '/root/Lunar_ROADSTER/lr_ws/build/sensing': CMAKE_PREFIX_PATH=/opt/ros/humble /usr/local/bin/cmake --build /root/Lunar_ROADSTER/lr_ws/build/sensing -- -j16 -l16
[0.043s] Invoked command in '/root/Lunar_ROADSTER/lr_ws/build/sensing' returned '0': CMAKE_PREFIX_PATH=/opt/ros/humble /usr/local/bin/cmake --build /root/Lunar_ROADSTER/lr_ws/build/sensing -- -j16 -l16
[0.107s] Invoking command in '/root/Lunar_ROADSTER/lr_ws/build/sensing': CMAKE_PREFIX_PATH=/opt/ros/humble /usr/local/bin/cmake --install /root/Lunar_ROADSTER/lr_ws/build/sensing
[0.112s] -- Install configuration: ""
[0.113s] -- Up-to-date: /root/Lunar_ROADSTER/lr_ws/install/sensing/share/sensing/launch
[0.113s] -- Up-to-date: /root/Lunar_ROADSTER/lr_ws/install/sensing/share/sensing/launch/sensing_launch.py
[0.113s] -- Up-to-date: /root/Lunar_ROADSTER/lr_ws/install/sensing/share/ament_index/resource_index/package_run_dependencies/sensing
[0.113s] -- Up-to-date: /root/Lunar_ROADSTER/lr_ws/install/sensing/share/ament_index/resource_index/parent_prefix_path/sensing
[0.113s] -- Up-to-date: /root/Lunar_ROADSTER/lr_ws/install/sensing/share/sensing/environment/ament_prefix_path.sh
[0.113s] -- Up-to-date: /root/Lunar_ROADSTER/lr_ws/install/sensing/share/sensing/environment/ament_prefix_path.dsv
[0.114s] -- Up-to-date: /root/Lunar_ROADSTER/lr_ws/install/sensing/share/sensing/environment/path.sh
[0.114s] -- Up-to-date: /root/Lunar_ROADSTER/lr_ws/install/sensing/share/sensing/environment/path.dsv
[0.114s] -- Up-to-date: /root/Lunar_ROADSTER/lr_ws/install/sensing/share/sensing/local_setup.bash
[0.114s] -- Up-to-date: /root/Lunar_ROADSTER/lr_ws/install/sensing/share/sensing/local_setup.sh
[0.114s] -- Up-to-date: /root/Lunar_ROADSTER/lr_ws/install/sensing/share/sensing/local_setup.zsh
[0.114s] -- Up-to-date: /root/Lunar_ROADSTER/lr_ws/install/sensing/share/sensing/local_setup.dsv
[0.114s] -- Up-to-date: /root/Lunar_ROADSTER/lr_ws/install/sensing/share/sensing/package.dsv
[0.114s] -- Up-to-date: /root/Lunar_ROADSTER/lr_ws/install/sensing/share/ament_index/resource_index/packages/sensing
[0.114s] -- Up-to-date: /root/Lunar_ROADSTER/lr_ws/install/sensing/share/sensing/cmake/sensingConfig.cmake
[0.114s] -- Up-to-date: /root/Lunar_ROADSTER/lr_ws/install/sensing/share/sensing/cmake/sensingConfig-version.cmake
[0.114s] -- Up-to-date: /root/Lunar_ROADSTER/lr_ws/install/sensing/share/sensing/package.xml
[0.149s] Invoked command in '/root/Lunar_ROADSTER/lr_ws/build/sensing' returned '0': CMAKE_PREFIX_PATH=/opt/ros/humble /usr/local/bin/cmake --install /root/Lunar_ROADSTER/lr_ws/build/sensing
