[0.026s] Invoking command in '/home/williamfbx/Lunar-ROADSTER/lr_ws/build/planning': AMENT_PREFIX_PATH=/home/williamfbx/Lunar-ROADSTER/lr_ws/install/mapping:/home/williamfbx/Lunar-ROADSTER/lr_ws/install/cg_msgs:${AMENT_PREFIX_PATH} CMAKE_PREFIX_PATH=/home/williamfbx/Lunar-ROADSTER/lr_ws/install/mapping:/home/williamfbx/Lunar-ROADSTER/lr_ws/install/cg_msgs:/opt/ros/humble LD_LIBRARY_PATH=/home/williamfbx/Lunar-ROADSTER/lr_ws/install/cg_msgs/lib:${LD_LIBRARY_PATH} PYTHONPATH=/home/williamfbx/Lunar-ROADSTER/lr_ws/install/cg_msgs/local/lib/python3.10/dist-packages:${PYTHONPATH} /usr/bin/cmake --build /home/williamfbx/Lunar-ROADSTER/lr_ws/build/planning -- -j12 -l12
[0.104s] [35m[1mConsolidate compiler generated dependencies of target behavior_executive_node[0m
[0.140s] [  6%] [32mBuilding CXX object CMakeFiles/behavior_executive_node.dir/src/behavior_executive_node.cpp.o[0m
[0.142s] [ 12%] [32mBuilding CXX object CMakeFiles/behavior_executive_node.dir/src/behavior_executive_main.cpp.o[0m
[9.335s] [ 18%] [32m[1mLinking CXX executable behavior_executive_node[0m
[9.914s] [100%] Built target behavior_executive_node
[9.924s] Invoked command in '/home/williamfbx/Lunar-ROADSTER/lr_ws/build/planning' returned '0': AMENT_PREFIX_PATH=/home/williamfbx/Lunar-ROADSTER/lr_ws/install/mapping:/home/williamfbx/Lunar-ROADSTER/lr_ws/install/cg_msgs:${AMENT_PREFIX_PATH} CMAKE_PREFIX_PATH=/home/williamfbx/Lunar-ROADSTER/lr_ws/install/mapping:/home/williamfbx/Lunar-ROADSTER/lr_ws/install/cg_msgs:/opt/ros/humble LD_LIBRARY_PATH=/home/williamfbx/Lunar-ROADSTER/lr_ws/install/cg_msgs/lib:${LD_LIBRARY_PATH} PYTHONPATH=/home/williamfbx/Lunar-ROADSTER/lr_ws/install/cg_msgs/local/lib/python3.10/dist-packages:${PYTHONPATH} /usr/bin/cmake --build /home/williamfbx/Lunar-ROADSTER/lr_ws/build/planning -- -j12 -l12
[9.926s] Invoking command in '/home/williamfbx/Lunar-ROADSTER/lr_ws/build/planning': AMENT_PREFIX_PATH=/home/williamfbx/Lunar-ROADSTER/lr_ws/install/mapping:/home/williamfbx/Lunar-ROADSTER/lr_ws/install/cg_msgs:${AMENT_PREFIX_PATH} CMAKE_PREFIX_PATH=/home/williamfbx/Lunar-ROADSTER/lr_ws/install/mapping:/home/williamfbx/Lunar-ROADSTER/lr_ws/install/cg_msgs:/opt/ros/humble LD_LIBRARY_PATH=/home/williamfbx/Lunar-ROADSTER/lr_ws/install/cg_msgs/lib:${LD_LIBRARY_PATH} PYTHONPATH=/home/williamfbx/Lunar-ROADSTER/lr_ws/install/cg_msgs/local/lib/python3.10/dist-packages:${PYTHONPATH} /usr/bin/cmake --install /home/williamfbx/Lunar-ROADSTER/lr_ws/build/planning
[9.933s] -- Install configuration: ""
[9.934s] -- Installing: /home/williamfbx/Lunar-ROADSTER/lr_ws/install/planning/lib/planning/behavior_executive_node
[9.940s] -- Set runtime path of "/home/williamfbx/Lunar-ROADSTER/lr_ws/install/planning/lib/planning/behavior_executive_node" to ""
[9.940s] -- Up-to-date: /home/williamfbx/Lunar-ROADSTER/lr_ws/install/planning/include/planning
[9.940s] -- Installing: /home/williamfbx/Lunar-ROADSTER/lr_ws/install/planning/include/planning/behavior_executive_node.hpp
[9.940s] -- Up-to-date: /home/williamfbx/Lunar-ROADSTER/lr_ws/install/planning/include/planning/planning_util.hpp
[9.940s] -- Up-to-date: /home/williamfbx/Lunar-ROADSTER/lr_ws/install/planning/include/planning/fsm
[9.940s] -- Up-to-date: /home/williamfbx/Lunar-ROADSTER/lr_ws/install/planning/include/planning/fsm/map_explored.hpp
[9.940s] -- Up-to-date: /home/williamfbx/Lunar-ROADSTER/lr_ws/install/planning/include/planning/fsm/ready.hpp
[9.941s] -- Up-to-date: /home/williamfbx/Lunar-ROADSTER/lr_ws/install/planning/include/planning/fsm/end_mission.hpp
[9.941s] -- Up-to-date: /home/williamfbx/Lunar-ROADSTER/lr_ws/install/planning/include/planning/fsm/update_map.hpp
[9.941s] -- Up-to-date: /home/williamfbx/Lunar-ROADSTER/lr_ws/install/planning/include/planning/fsm/get_worksystem_trajectory.hpp
[9.941s] -- Up-to-date: /home/williamfbx/Lunar-ROADSTER/lr_ws/install/planning/include/planning/fsm/stopped.hpp
[9.941s] -- Up-to-date: /home/williamfbx/Lunar-ROADSTER/lr_ws/install/planning/include/planning/fsm/goals_remaining.hpp
[9.941s] -- Up-to-date: /home/williamfbx/Lunar-ROADSTER/lr_ws/install/planning/include/planning/fsm/get_transport_goals.hpp
[9.941s] -- Up-to-date: /home/williamfbx/Lunar-ROADSTER/lr_ws/install/planning/include/planning/fsm/fsm.hpp
[9.941s] -- Up-to-date: /home/williamfbx/Lunar-ROADSTER/lr_ws/install/planning/include/planning/fsm/plan_transport.hpp
[9.941s] -- Up-to-date: /home/williamfbx/Lunar-ROADSTER/lr_ws/install/planning/include/planning/fsm/site_work_done.hpp
[9.941s] -- Up-to-date: /home/williamfbx/Lunar-ROADSTER/lr_ws/install/planning/include/planning/fsm/following_trajectory.hpp
[9.941s] -- Up-to-date: /home/williamfbx/Lunar-ROADSTER/lr_ws/install/planning/share/planning/launch
[9.941s] -- Up-to-date: /home/williamfbx/Lunar-ROADSTER/lr_ws/install/planning/share/planning/launch/planning_launch.py
[9.941s] -- Up-to-date: /home/williamfbx/Lunar-ROADSTER/lr_ws/install/planning/share/planning//config
[9.941s] -- Up-to-date: /home/williamfbx/Lunar-ROADSTER/lr_ws/install/planning/share/planning//config/autograder_node_params.yaml
[9.941s] -- Up-to-date: /home/williamfbx/Lunar-ROADSTER/lr_ws/install/planning/share/planning//config/50x50_zeros_height_map.csv
[9.941s] -- Up-to-date: /home/williamfbx/Lunar-ROADSTER/lr_ws/install/planning/share/planning//config/site_map_params.yaml
[9.941s] -- Up-to-date: /home/williamfbx/Lunar-ROADSTER/lr_ws/install/planning/share/planning//config/behavior_executive_params.yaml
[9.941s] -- Up-to-date: /home/williamfbx/Lunar-ROADSTER/lr_ws/install/planning/share/ament_index/resource_index/package_run_dependencies/planning
[9.941s] -- Up-to-date: /home/williamfbx/Lunar-ROADSTER/lr_ws/install/planning/share/ament_index/resource_index/parent_prefix_path/planning
[9.941s] -- Up-to-date: /home/williamfbx/Lunar-ROADSTER/lr_ws/install/planning/share/planning/environment/ament_prefix_path.sh
[9.941s] -- Up-to-date: /home/williamfbx/Lunar-ROADSTER/lr_ws/install/planning/share/planning/environment/ament_prefix_path.dsv
[9.942s] -- Up-to-date: /home/williamfbx/Lunar-ROADSTER/lr_ws/install/planning/share/planning/environment/path.sh
[9.942s] -- Up-to-date: /home/williamfbx/Lunar-ROADSTER/lr_ws/install/planning/share/planning/environment/path.dsv
[9.942s] -- Up-to-date: /home/williamfbx/Lunar-ROADSTER/lr_ws/install/planning/share/planning/local_setup.bash
[9.942s] -- Up-to-date: /home/williamfbx/Lunar-ROADSTER/lr_ws/install/planning/share/planning/local_setup.sh
[9.942s] -- Up-to-date: /home/williamfbx/Lunar-ROADSTER/lr_ws/install/planning/share/planning/local_setup.zsh
[9.942s] -- Up-to-date: /home/williamfbx/Lunar-ROADSTER/lr_ws/install/planning/share/planning/local_setup.dsv
[9.942s] -- Installing: /home/williamfbx/Lunar-ROADSTER/lr_ws/install/planning/share/planning/package.dsv
[9.942s] -- Up-to-date: /home/williamfbx/Lunar-ROADSTER/lr_ws/install/planning/share/ament_index/resource_index/packages/planning
[9.942s] -- Up-to-date: /home/williamfbx/Lunar-ROADSTER/lr_ws/install/planning/share/planning/cmake/ament_cmake_export_include_directories-extras.cmake
[9.942s] -- Up-to-date: /home/williamfbx/Lunar-ROADSTER/lr_ws/install/planning/share/planning/cmake/planningConfig.cmake
[9.942s] -- Up-to-date: /home/williamfbx/Lunar-ROADSTER/lr_ws/install/planning/share/planning/cmake/planningConfig-version.cmake
[9.942s] -- Up-to-date: /home/williamfbx/Lunar-ROADSTER/lr_ws/install/planning/share/planning/package.xml
[9.943s] Invoked command in '/home/williamfbx/Lunar-ROADSTER/lr_ws/build/planning' returned '0': AMENT_PREFIX_PATH=/home/williamfbx/Lunar-ROADSTER/lr_ws/install/mapping:/home/williamfbx/Lunar-ROADSTER/lr_ws/install/cg_msgs:${AMENT_PREFIX_PATH} CMAKE_PREFIX_PATH=/home/williamfbx/Lunar-ROADSTER/lr_ws/install/mapping:/home/williamfbx/Lunar-ROADSTER/lr_ws/install/cg_msgs:/opt/ros/humble LD_LIBRARY_PATH=/home/williamfbx/Lunar-ROADSTER/lr_ws/install/cg_msgs/lib:${LD_LIBRARY_PATH} PYTHONPATH=/home/williamfbx/Lunar-ROADSTER/lr_ws/install/cg_msgs/local/lib/python3.10/dist-packages:${PYTHONPATH} /usr/bin/cmake --install /home/williamfbx/Lunar-ROADSTER/lr_ws/build/planning
