[0.017s] Invoking command in '/root/Lunar_ROADSTER/lr_ws/build/realsense': CMAKE_PREFIX_PATH=/opt/ros/humble /usr/local/bin/cmake /root/Lunar_ROADSTER/lr_ws/src/drivers/realsense -DCMAKE_INSTALL_PREFIX=/root/Lunar_ROADSTER/lr_ws/install/realsense
[0.407s] -- The C compiler identification is GNU 11.4.0
[0.590s] -- The CXX compiler identification is GNU 11.4.0
[0.596s] -- Detecting C compiler ABI info
[0.654s] -- Detecting C compiler ABI info - done
[0.658s] -- Check for working C compiler: /usr/bin/cc - skipped
[0.659s] -- Detecting C compile features
[0.660s] -- Detecting C compile features - done
[0.663s] -- Detecting CXX compiler ABI info
[0.736s] -- Detecting CXX compiler ABI info - done
[0.742s] -- Check for working CXX compiler: /usr/bin/c++ - skipped
[0.742s] -- Detecting CXX compile features
[0.743s] -- Detecting CXX compile features - done
[0.748s] -- Found ament_cmake: 1.3.10 (/opt/ros/humble/share/ament_cmake/cmake)
[0.870s] -- Found Python3: /usr/bin/python3 (found version "3.10.12") found components: Interpreter 
[0.959s] -- Found ament_lint_auto: 0.12.11 (/opt/ros/humble/share/ament_lint_auto/cmake)
[1.039s] -- Added test 'copyright' to check source files copyright and LICENSE
[1.041s] -- Added test 'flake8' to check Python code syntax and style conventions
[1.042s] -- Added test 'lint_cmake' to check CMake code style
[1.043s] -- Added test 'pep257' to check Python code against some of the docstring style conventions in PEP 257
[1.045s] -- Added test 'xmllint' to check XML markup files
[1.046s] -- Configuring done
[1.051s] -- Generating done
[1.052s] -- Build files have been written to: /root/Lunar_ROADSTER/lr_ws/build/realsense
[1.066s] Invoked command in '/root/Lunar_ROADSTER/lr_ws/build/realsense' returned '0': CMAKE_PREFIX_PATH=/opt/ros/humble /usr/local/bin/cmake /root/Lunar_ROADSTER/lr_ws/src/drivers/realsense -DCMAKE_INSTALL_PREFIX=/root/Lunar_ROADSTER/lr_ws/install/realsense
[1.067s] Invoking command in '/root/Lunar_ROADSTER/lr_ws/build/realsense': CMAKE_PREFIX_PATH=/opt/ros/humble /usr/local/bin/cmake --build /root/Lunar_ROADSTER/lr_ws/build/realsense -- -j16 -l16
[1.086s] Invoked command in '/root/Lunar_ROADSTER/lr_ws/build/realsense' returned '0': CMAKE_PREFIX_PATH=/opt/ros/humble /usr/local/bin/cmake --build /root/Lunar_ROADSTER/lr_ws/build/realsense -- -j16 -l16
[1.099s] Invoking command in '/root/Lunar_ROADSTER/lr_ws/build/realsense': CMAKE_PREFIX_PATH=/opt/ros/humble /usr/local/bin/cmake --install /root/Lunar_ROADSTER/lr_ws/build/realsense
[1.101s] -- Install configuration: ""
[1.101s] -- Installing: /root/Lunar_ROADSTER/lr_ws/install/realsense/share/realsense/launch
[1.101s] -- Installing: /root/Lunar_ROADSTER/lr_ws/install/realsense/share/realsense/launch/realsense_launch.py
[1.103s] -- Installing: /root/Lunar_ROADSTER/lr_ws/install/realsense/share/realsense//config
[1.103s] -- Installing: /root/Lunar_ROADSTER/lr_ws/install/realsense/share/realsense//config/realsense_static_tf_params.yaml
[1.103s] -- Installing: /root/Lunar_ROADSTER/lr_ws/install/realsense/share/realsense//config/d435i_params.yaml
[1.104s] -- Installing: /root/Lunar_ROADSTER/lr_ws/install/realsense/share/ament_index/resource_index/package_run_dependencies/realsense
[1.104s] -- Installing: /root/Lunar_ROADSTER/lr_ws/install/realsense/share/ament_index/resource_index/parent_prefix_path/realsense
[1.104s] -- Installing: /root/Lunar_ROADSTER/lr_ws/install/realsense/share/realsense/environment/ament_prefix_path.sh
[1.104s] -- Installing: /root/Lunar_ROADSTER/lr_ws/install/realsense/share/realsense/environment/ament_prefix_path.dsv
[1.104s] -- Installing: /root/Lunar_ROADSTER/lr_ws/install/realsense/share/realsense/environment/path.sh
[1.104s] -- Installing: /root/Lunar_ROADSTER/lr_ws/install/realsense/share/realsense/environment/path.dsv
[1.104s] -- Installing: /root/Lunar_ROADSTER/lr_ws/install/realsense/share/realsense/local_setup.bash
[1.105s] -- Installing: /root/Lunar_ROADSTER/lr_ws/install/realsense/share/realsense/local_setup.sh
[1.105s] -- Installing: /root/Lunar_ROADSTER/lr_ws/install/realsense/share/realsense/local_setup.zsh
[1.105s] -- Installing: /root/Lunar_ROADSTER/lr_ws/install/realsense/share/realsense/local_setup.dsv
[1.105s] -- Installing: /root/Lunar_ROADSTER/lr_ws/install/realsense/share/realsense/package.dsv
[1.105s] -- Installing: /root/Lunar_ROADSTER/lr_ws/install/realsense/share/ament_index/resource_index/packages/realsense
[1.105s] -- Installing: /root/Lunar_ROADSTER/lr_ws/install/realsense/share/realsense/cmake/realsenseConfig.cmake
[1.105s] -- Installing: /root/Lunar_ROADSTER/lr_ws/install/realsense/share/realsense/cmake/realsenseConfig-version.cmake
[1.105s] -- Installing: /root/Lunar_ROADSTER/lr_ws/install/realsense/share/realsense/package.xml
[1.107s] Invoked command in '/root/Lunar_ROADSTER/lr_ws/build/realsense' returned '0': CMAKE_PREFIX_PATH=/opt/ros/humble /usr/local/bin/cmake --install /root/Lunar_ROADSTER/lr_ws/build/realsense
