[0.173s] Invoking command in '/root/Lunar_ROADSTER/lr_ws/build/mapping': CMAKE_PREFIX_PATH=${CMAKE_PREFIX_PATH}:/root/Lunar_ROADSTER/lr_ws/install/nav2_simple_commander:/opt/ros/humble /usr/local/bin/cmake --build /root/Lunar_ROADSTER/lr_ws/build/mapping -- -j4 -l4
[0.388s] Invoked command in '/root/Lunar_ROADSTER/lr_ws/build/mapping' returned '0': CMAKE_PREFIX_PATH=${CMAKE_PREFIX_PATH}:/root/Lunar_ROADSTER/lr_ws/install/nav2_simple_commander:/opt/ros/humble /usr/local/bin/cmake --build /root/Lunar_ROADSTER/lr_ws/build/mapping -- -j4 -l4
[0.392s] Invoking command in '/root/Lunar_ROADSTER/lr_ws/build/mapping': CMAKE_PREFIX_PATH=${CMAKE_PREFIX_PATH}:/root/Lunar_ROADSTER/lr_ws/install/nav2_simple_commander:/opt/ros/humble /usr/local/bin/cmake --install /root/Lunar_ROADSTER/lr_ws/build/mapping
[0.423s] -- Install configuration: ""
[0.423s] -- Up-to-date: /root/Lunar_ROADSTER/lr_ws/install/mapping/share/mapping/launch
[0.424s] -- Up-to-date: /root/Lunar_ROADSTER/lr_ws/install/mapping/share/mapping/launch/mapping_launch.py
[0.426s] -- Up-to-date: /root/Lunar_ROADSTER/lr_ws/install/mapping/share/ament_index/resource_index/package_run_dependencies/mapping
[0.428s] -- Up-to-date: /root/Lunar_ROADSTER/lr_ws/install/mapping/share/ament_index/resource_index/parent_prefix_path/mapping
[0.428s] -- Up-to-date: /root/Lunar_ROADSTER/lr_ws/install/mapping/share/mapping/environment/ament_prefix_path.sh
[0.428s] -- Up-to-date: /root/Lunar_ROADSTER/lr_ws/install/mapping/share/mapping/environment/ament_prefix_path.dsv
[0.433s] -- Up-to-date: /root/Lunar_ROADSTER/lr_ws/install/mapping/share/mapping/environment/path.sh
[0.433s] -- Up-to-date: /root/Lunar_ROADSTER/lr_ws/install/mapping/share/mapping/environment/path.dsv
[0.434s] -- Up-to-date: /root/Lunar_ROADSTER/lr_ws/install/mapping/share/mapping/local_setup.bash
[0.434s] -- Up-to-date: /root/Lunar_ROADSTER/lr_ws/install/mapping/share/mapping/local_setup.sh
[0.434s] -- Up-to-date: /root/Lunar_ROADSTER/lr_ws/install/mapping/share/mapping/local_setup.zsh
[0.434s] -- Up-to-date: /root/Lunar_ROADSTER/lr_ws/install/mapping/share/mapping/local_setup.dsv
[0.435s] -- Installing: /root/Lunar_ROADSTER/lr_ws/install/mapping/share/mapping/package.dsv
[0.437s] -- Up-to-date: /root/Lunar_ROADSTER/lr_ws/install/mapping/share/ament_index/resource_index/packages/mapping
[0.437s] -- Up-to-date: /root/Lunar_ROADSTER/lr_ws/install/mapping/share/mapping/cmake/mappingConfig.cmake
[0.437s] -- Up-to-date: /root/Lunar_ROADSTER/lr_ws/install/mapping/share/mapping/cmake/mappingConfig-version.cmake
[0.440s] -- Up-to-date: /root/Lunar_ROADSTER/lr_ws/install/mapping/share/mapping/package.xml
[0.448s] Invoked command in '/root/Lunar_ROADSTER/lr_ws/build/mapping' returned '0': CMAKE_PREFIX_PATH=${CMAKE_PREFIX_PATH}:/root/Lunar_ROADSTER/lr_ws/install/nav2_simple_commander:/opt/ros/humble /usr/local/bin/cmake --install /root/Lunar_ROADSTER/lr_ws/build/mapping
