[0.125s] Invoking command in '/root/Lunar_ROADSTER/lr_ws/build/lx_msgs': CMAKE_PREFIX_PATH=/opt/ros/humble /usr/local/bin/cmake --build /root/Lunar_ROADSTER/lr_ws/build/lx_msgs -- -j4 -l4
[0.693s] [  0%] Built target lx_msgs__cpp
[1.001s] [  0%] Built target ament_cmake_python_copy_lx_msgs
[1.188s] [35m[1mConsolidate compiler generated dependencies of target lx_msgs__rosidl_typesupport_fastrtps_cpp[0m
[1.336s] [ 12%] Built target lx_msgs__rosidl_typesupport_fastrtps_cpp
[1.459s] [35m[1mConsolidate compiler generated dependencies of target lx_msgs__rosidl_typesupport_introspection_cpp[0m
[1.568s] [ 25%] Built target lx_msgs__rosidl_typesupport_introspection_cpp
[2.839s] running egg_info
[2.840s] writing lx_msgs.egg-info/PKG-INFO
[2.841s] writing dependency_links to lx_msgs.egg-info/dependency_links.txt
[2.843s] writing top-level names to lx_msgs.egg-info/top_level.txt
[2.858s] reading manifest file 'lx_msgs.egg-info/SOURCES.txt'
[2.929s] writing manifest file 'lx_msgs.egg-info/SOURCES.txt'
[3.102s] [ 25%] Built target ament_cmake_python_build_lx_msgs_egg
[3.274s] [35m[1mConsolidate compiler generated dependencies of target lx_msgs__rosidl_typesupport_cpp[0m
[3.394s] [ 37%] Built target lx_msgs__rosidl_typesupport_cpp
[3.545s] [35m[1mConsolidate compiler generated dependencies of target lx_msgs__rosidl_generator_c[0m
[3.793s] [ 49%] Built target lx_msgs__rosidl_generator_c
[3.917s] [35m[1mConsolidate compiler generated dependencies of target lx_msgs__rosidl_typesupport_fastrtps_c[0m
[4.066s] [ 61%] Built target lx_msgs__rosidl_typesupport_fastrtps_c
[4.175s] [35m[1mConsolidate compiler generated dependencies of target lx_msgs__rosidl_typesupport_c[0m
[4.243s] [ 73%] Built target lx_msgs__rosidl_typesupport_c
[4.396s] [35m[1mConsolidate compiler generated dependencies of target lx_msgs__rosidl_typesupport_introspection_c[0m
[4.472s] [ 85%] Built target lx_msgs__rosidl_typesupport_introspection_c
[4.528s] [ 85%] Built target lx_msgs
[4.599s] [ 86%] Built target lx_msgs__py
[4.738s] [35m[1mConsolidate compiler generated dependencies of target lx_msgs__rosidl_generator_py[0m
[4.860s] [ 97%] Built target lx_msgs__rosidl_generator_py
[4.930s] [35m[1mConsolidate compiler generated dependencies of target lx_msgs__rosidl_typesupport_fastrtps_c__pyext[0m
[4.978s] [ 98%] Built target lx_msgs__rosidl_typesupport_fastrtps_c__pyext
[5.152s] [35m[1mConsolidate compiler generated dependencies of target lx_msgs__rosidl_typesupport_c__pyext[0m
[5.203s] [ 99%] Built target lx_msgs__rosidl_typesupport_c__pyext
[5.372s] [35m[1mConsolidate compiler generated dependencies of target lx_msgs__rosidl_typesupport_introspection_c__pyext[0m
[5.491s] [100%] Built target lx_msgs__rosidl_typesupport_introspection_c__pyext
[5.567s] Invoked command in '/root/Lunar_ROADSTER/lr_ws/build/lx_msgs' returned '0': CMAKE_PREFIX_PATH=/opt/ros/humble /usr/local/bin/cmake --build /root/Lunar_ROADSTER/lr_ws/build/lx_msgs -- -j4 -l4
[5.656s] Invoking command in '/root/Lunar_ROADSTER/lr_ws/build/lx_msgs': CMAKE_PREFIX_PATH=/opt/ros/humble /usr/local/bin/cmake --install /root/Lunar_ROADSTER/lr_ws/build/lx_msgs
[5.694s] -- Install configuration: ""
[5.694s] -- Up-to-date: /root/Lunar_ROADSTER/lr_ws/install/lx_msgs/share/ament_index/resource_index/rosidl_interfaces/lx_msgs
[5.694s] -- Up-to-date: /root/Lunar_ROADSTER/lr_ws/install/lx_msgs/include/lx_msgs/lx_msgs
[5.694s] -- Up-to-date: /root/Lunar_ROADSTER/lr_ws/install/lx_msgs/include/lx_msgs/lx_msgs/msg
[5.695s] -- Up-to-date: /root/Lunar_ROADSTER/lr_ws/install/lx_msgs/include/lx_msgs/lx_msgs/msg/rover_command.h
[5.695s] -- Up-to-date: /root/Lunar_ROADSTER/lr_ws/install/lx_msgs/include/lx_msgs/lx_msgs/msg/rosidl_generator_c__visibility_control.h
[5.695s] -- Up-to-date: /root/Lunar_ROADSTER/lr_ws/install/lx_msgs/include/lx_msgs/lx_msgs/msg/detail
[5.696s] -- Up-to-date: /root/Lunar_ROADSTER/lr_ws/install/lx_msgs/include/lx_msgs/lx_msgs/msg/detail/rover_command__functions.c
[5.696s] -- Up-to-date: /root/Lunar_ROADSTER/lr_ws/install/lx_msgs/include/lx_msgs/lx_msgs/msg/detail/rover_command__functions.h
[5.696s] -- Up-to-date: /root/Lunar_ROADSTER/lr_ws/install/lx_msgs/include/lx_msgs/lx_msgs/msg/detail/rover_command__struct.h
[5.697s] -- Up-to-date: /root/Lunar_ROADSTER/lr_ws/install/lx_msgs/include/lx_msgs/lx_msgs/msg/detail/rover_command__type_support.h
[5.702s] -- Up-to-date: /root/Lunar_ROADSTER/lr_ws/install/lx_msgs/include/lx_msgs/lx_msgs/msg/detail/tool_info__functions.c
[5.702s] -- Up-to-date: /root/Lunar_ROADSTER/lr_ws/install/lx_msgs/include/lx_msgs/lx_msgs/msg/detail/tool_info__functions.h
[5.702s] -- Up-to-date: /root/Lunar_ROADSTER/lr_ws/install/lx_msgs/include/lx_msgs/lx_msgs/msg/detail/tool_info__struct.h
[5.702s] -- Up-to-date: /root/Lunar_ROADSTER/lr_ws/install/lx_msgs/include/lx_msgs/lx_msgs/msg/detail/tool_info__type_support.h
[5.718s] -- Up-to-date: /root/Lunar_ROADSTER/lr_ws/install/lx_msgs/include/lx_msgs/lx_msgs/msg/detail/berm_progress__functions.c
[5.719s] -- Up-to-date: /root/Lunar_ROADSTER/lr_ws/install/lx_msgs/include/lx_msgs/lx_msgs/msg/detail/berm_progress__functions.h
[5.719s] -- Up-to-date: /root/Lunar_ROADSTER/lr_ws/install/lx_msgs/include/lx_msgs/lx_msgs/msg/detail/berm_progress__struct.h
[5.719s] -- Up-to-date: /root/Lunar_ROADSTER/lr_ws/install/lx_msgs/include/lx_msgs/lx_msgs/msg/detail/berm_progress__type_support.h
[5.720s] -- Up-to-date: /root/Lunar_ROADSTER/lr_ws/install/lx_msgs/include/lx_msgs/lx_msgs/msg/detail/berm_config__functions.c
[5.720s] -- Up-to-date: /root/Lunar_ROADSTER/lr_ws/install/lx_msgs/include/lx_msgs/lx_msgs/msg/detail/berm_config__functions.h
[5.720s] -- Up-to-date: /root/Lunar_ROADSTER/lr_ws/install/lx_msgs/include/lx_msgs/lx_msgs/msg/detail/berm_config__struct.h
[5.721s] -- Up-to-date: /root/Lunar_ROADSTER/lr_ws/install/lx_msgs/include/lx_msgs/lx_msgs/msg/detail/berm_config__type_support.h
[5.721s] -- Up-to-date: /root/Lunar_ROADSTER/lr_ws/install/lx_msgs/include/lx_msgs/lx_msgs/msg/detail/planned_task__functions.c
[5.721s] -- Up-to-date: /root/Lunar_ROADSTER/lr_ws/install/lx_msgs/include/lx_msgs/lx_msgs/msg/detail/planned_task__functions.h
[5.722s] -- Up-to-date: /root/Lunar_ROADSTER/lr_ws/install/lx_msgs/include/lx_msgs/lx_msgs/msg/detail/planned_task__struct.h
[5.728s] -- Up-to-date: /root/Lunar_ROADSTER/lr_ws/install/lx_msgs/include/lx_msgs/lx_msgs/msg/detail/planned_task__type_support.h
[5.732s] -- Up-to-date: /root/Lunar_ROADSTER/lr_ws/install/lx_msgs/include/lx_msgs/lx_msgs/msg/detail/node_diagnostics__functions.c
[5.732s] -- Up-to-date: /root/Lunar_ROADSTER/lr_ws/install/lx_msgs/include/lx_msgs/lx_msgs/msg/detail/node_diagnostics__functions.h
[5.738s] -- Up-to-date: /root/Lunar_ROADSTER/lr_ws/install/lx_msgs/include/lx_msgs/lx_msgs/msg/detail/node_diagnostics__struct.h
[5.739s] -- Up-to-date: /root/Lunar_ROADSTER/lr_ws/install/lx_msgs/include/lx_msgs/lx_msgs/msg/detail/node_diagnostics__type_support.h
[5.739s] -- Up-to-date: /root/Lunar_ROADSTER/lr_ws/install/lx_msgs/include/lx_msgs/lx_msgs/msg/detail/berm_section__functions.c
[5.740s] -- Up-to-date: /root/Lunar_ROADSTER/lr_ws/install/lx_msgs/include/lx_msgs/lx_msgs/msg/detail/berm_section__functions.h
[5.741s] -- Up-to-date: /root/Lunar_ROADSTER/lr_ws/install/lx_msgs/include/lx_msgs/lx_msgs/msg/detail/berm_section__struct.h
[5.744s] -- Up-to-date: /root/Lunar_ROADSTER/lr_ws/install/lx_msgs/include/lx_msgs/lx_msgs/msg/detail/berm_section__type_support.h
[5.744s] -- Up-to-date: /root/Lunar_ROADSTER/lr_ws/install/lx_msgs/include/lx_msgs/lx_msgs/msg/tool_info.h
[5.745s] -- Up-to-date: /root/Lunar_ROADSTER/lr_ws/install/lx_msgs/include/lx_msgs/lx_msgs/msg/berm_progress.h
[5.747s] -- Up-to-date: /root/Lunar_ROADSTER/lr_ws/install/lx_msgs/include/lx_msgs/lx_msgs/msg/berm_config.h
[5.756s] -- Up-to-date: /root/Lunar_ROADSTER/lr_ws/install/lx_msgs/include/lx_msgs/lx_msgs/msg/planned_task.h
[5.758s] -- Up-to-date: /root/Lunar_ROADSTER/lr_ws/install/lx_msgs/include/lx_msgs/lx_msgs/msg/node_diagnostics.h
[5.763s] -- Up-to-date: /root/Lunar_ROADSTER/lr_ws/install/lx_msgs/include/lx_msgs/lx_msgs/msg/berm_section.h
[5.768s] -- Up-to-date: /root/Lunar_ROADSTER/lr_ws/install/lx_msgs/include/lx_msgs/lx_msgs/srv
[5.771s] -- Up-to-date: /root/Lunar_ROADSTER/lr_ws/install/lx_msgs/include/lx_msgs/lx_msgs/srv/berm_progress_eval.h
[5.771s] -- Up-to-date: /root/Lunar_ROADSTER/lr_ws/install/lx_msgs/include/lx_msgs/lx_msgs/srv/detail
[5.772s] -- Up-to-date: /root/Lunar_ROADSTER/lr_ws/install/lx_msgs/include/lx_msgs/lx_msgs/srv/detail/berm_progress_eval__functions.c
[5.772s] -- Up-to-date: /root/Lunar_ROADSTER/lr_ws/install/lx_msgs/include/lx_msgs/lx_msgs/srv/detail/berm_progress_eval__functions.h
[5.772s] -- Up-to-date: /root/Lunar_ROADSTER/lr_ws/install/lx_msgs/include/lx_msgs/lx_msgs/srv/detail/berm_progress_eval__struct.h
[5.772s] -- Up-to-date: /root/Lunar_ROADSTER/lr_ws/install/lx_msgs/include/lx_msgs/lx_msgs/srv/detail/berm_progress_eval__type_support.h
[5.773s] -- Up-to-date: /root/Lunar_ROADSTER/lr_ws/install/lx_msgs/include/lx_msgs/lx_msgs/srv/detail/switch__functions.c
[5.773s] -- Up-to-date: /root/Lunar_ROADSTER/lr_ws/install/lx_msgs/include/lx_msgs/lx_msgs/srv/detail/switch__functions.h
[5.773s] -- Up-to-date: /root/Lunar_ROADSTER/lr_ws/install/lx_msgs/include/lx_msgs/lx_msgs/srv/detail/switch__struct.h
[5.773s] -- Up-to-date: /root/Lunar_ROADSTER/lr_ws/install/lx_msgs/include/lx_msgs/lx_msgs/srv/detail/switch__type_support.h
[5.788s] -- Up-to-date: /root/Lunar_ROADSTER/lr_ws/install/lx_msgs/include/lx_msgs/lx_msgs/srv/detail/plan__functions.c
[5.788s] -- Up-to-date: /root/Lunar_ROADSTER/lr_ws/install/lx_msgs/include/lx_msgs/lx_msgs/srv/detail/plan__functions.h
[5.789s] -- Up-to-date: /root/Lunar_ROADSTER/lr_ws/install/lx_msgs/include/lx_msgs/lx_msgs/srv/detail/plan__struct.h
[5.789s] -- Up-to-date: /root/Lunar_ROADSTER/lr_ws/install/lx_msgs/include/lx_msgs/lx_msgs/srv/detail/plan__type_support.h
[5.789s] -- Up-to-date: /root/Lunar_ROADSTER/lr_ws/install/lx_msgs/include/lx_msgs/lx_msgs/srv/detail/user_input_record__functions.c
[5.796s] -- Up-to-date: /root/Lunar_ROADSTER/lr_ws/install/lx_msgs/include/lx_msgs/lx_msgs/srv/detail/user_input_record__functions.h
[5.798s] -- Up-to-date: /root/Lunar_ROADSTER/lr_ws/install/lx_msgs/include/lx_msgs/lx_msgs/srv/detail/user_input_record__struct.h
[5.801s] -- Up-to-date: /root/Lunar_ROADSTER/lr_ws/install/lx_msgs/include/lx_msgs/lx_msgs/srv/detail/user_input_record__type_support.h
[5.802s] -- Up-to-date: /root/Lunar_ROADSTER/lr_ws/install/lx_msgs/include/lx_msgs/lx_msgs/srv/detail/berm_service__functions.c
[5.802s] -- Up-to-date: /root/Lunar_ROADSTER/lr_ws/install/lx_msgs/include/lx_msgs/lx_msgs/srv/detail/berm_service__functions.h
[5.802s] -- Up-to-date: /root/Lunar_ROADSTER/lr_ws/install/lx_msgs/include/lx_msgs/lx_msgs/srv/detail/berm_service__struct.h
[5.808s] -- Up-to-date: /root/Lunar_ROADSTER/lr_ws/install/lx_msgs/include/lx_msgs/lx_msgs/srv/detail/berm_service__type_support.h
[5.810s] -- Up-to-date: /root/Lunar_ROADSTER/lr_ws/install/lx_msgs/include/lx_msgs/lx_msgs/srv/detail/zone_service__functions.c
[5.810s] -- Up-to-date: /root/Lunar_ROADSTER/lr_ws/install/lx_msgs/include/lx_msgs/lx_msgs/srv/detail/zone_service__functions.h
[5.810s] -- Up-to-date: /root/Lunar_ROADSTER/lr_ws/install/lx_msgs/include/lx_msgs/lx_msgs/srv/detail/zone_service__struct.h
[5.811s] -- Up-to-date: /root/Lunar_ROADSTER/lr_ws/install/lx_msgs/include/lx_msgs/lx_msgs/srv/detail/zone_service__type_support.h
[5.811s] -- Up-to-date: /root/Lunar_ROADSTER/lr_ws/install/lx_msgs/include/lx_msgs/lx_msgs/srv/detail/request_rover_service__functions.c
[5.811s] -- Up-to-date: /root/Lunar_ROADSTER/lr_ws/install/lx_msgs/include/lx_msgs/lx_msgs/srv/detail/request_rover_service__functions.h
[5.812s] -- Up-to-date: /root/Lunar_ROADSTER/lr_ws/install/lx_msgs/include/lx_msgs/lx_msgs/srv/detail/request_rover_service__struct.h
[5.812s] -- Up-to-date: /root/Lunar_ROADSTER/lr_ws/install/lx_msgs/include/lx_msgs/lx_msgs/srv/detail/request_rover_service__type_support.h
[5.812s] -- Up-to-date: /root/Lunar_ROADSTER/lr_ws/install/lx_msgs/include/lx_msgs/lx_msgs/srv/detail/pcl_ground_height__functions.c
[5.812s] -- Up-to-date: /root/Lunar_ROADSTER/lr_ws/install/lx_msgs/include/lx_msgs/lx_msgs/srv/detail/pcl_ground_height__functions.h
[5.817s] -- Up-to-date: /root/Lunar_ROADSTER/lr_ws/install/lx_msgs/include/lx_msgs/lx_msgs/srv/detail/pcl_ground_height__struct.h
[5.819s] -- Up-to-date: /root/Lunar_ROADSTER/lr_ws/install/lx_msgs/include/lx_msgs/lx_msgs/srv/detail/pcl_ground_height__type_support.h
[5.821s] -- Up-to-date: /root/Lunar_ROADSTER/lr_ws/install/lx_msgs/include/lx_msgs/lx_msgs/srv/switch.h
[5.821s] -- Up-to-date: /root/Lunar_ROADSTER/lr_ws/install/lx_msgs/include/lx_msgs/lx_msgs/srv/plan.h
[5.822s] -- Up-to-date: /root/Lunar_ROADSTER/lr_ws/install/lx_msgs/include/lx_msgs/lx_msgs/srv/user_input_record.h
[5.822s] -- Up-to-date: /root/Lunar_ROADSTER/lr_ws/install/lx_msgs/include/lx_msgs/lx_msgs/srv/berm_service.h
[5.822s] -- Up-to-date: /root/Lunar_ROADSTER/lr_ws/install/lx_msgs/include/lx_msgs/lx_msgs/srv/zone_service.h
[5.822s] -- Up-to-date: /root/Lunar_ROADSTER/lr_ws/install/lx_msgs/include/lx_msgs/lx_msgs/srv/request_rover_service.h
[5.823s] -- Up-to-date: /root/Lunar_ROADSTER/lr_ws/install/lx_msgs/include/lx_msgs/lx_msgs/srv/pcl_ground_height.h
[5.823s] -- Up-to-date: /root/Lunar_ROADSTER/lr_ws/install/lx_msgs/include/lx_msgs/lx_msgs/action
[5.823s] -- Up-to-date: /root/Lunar_ROADSTER/lr_ws/install/lx_msgs/include/lx_msgs/lx_msgs/action/operation.h
[5.823s] -- Up-to-date: /root/Lunar_ROADSTER/lr_ws/install/lx_msgs/include/lx_msgs/lx_msgs/action/detail
[5.824s] -- Up-to-date: /root/Lunar_ROADSTER/lr_ws/install/lx_msgs/include/lx_msgs/lx_msgs/action/detail/operation__functions.c
[5.824s] -- Up-to-date: /root/Lunar_ROADSTER/lr_ws/install/lx_msgs/include/lx_msgs/lx_msgs/action/detail/operation__functions.h
[5.824s] -- Up-to-date: /root/Lunar_ROADSTER/lr_ws/install/lx_msgs/include/lx_msgs/lx_msgs/action/detail/operation__struct.h
[5.825s] -- Up-to-date: /root/Lunar_ROADSTER/lr_ws/install/lx_msgs/include/lx_msgs/lx_msgs/action/detail/operation__type_support.h
[5.825s] -- Up-to-date: /root/Lunar_ROADSTER/lr_ws/install/lx_msgs/include/lx_msgs/lx_msgs/action/detail/auto_dig__functions.c
[5.825s] -- Up-to-date: /root/Lunar_ROADSTER/lr_ws/install/lx_msgs/include/lx_msgs/lx_msgs/action/detail/auto_dig__functions.h
[5.825s] -- Up-to-date: /root/Lunar_ROADSTER/lr_ws/install/lx_msgs/include/lx_msgs/lx_msgs/action/detail/auto_dig__struct.h
[5.826s] -- Up-to-date: /root/Lunar_ROADSTER/lr_ws/install/lx_msgs/include/lx_msgs/lx_msgs/action/detail/auto_dig__type_support.h
[5.826s] -- Up-to-date: /root/Lunar_ROADSTER/lr_ws/install/lx_msgs/include/lx_msgs/lx_msgs/action/detail/auto_dump__functions.c
[5.826s] -- Up-to-date: /root/Lunar_ROADSTER/lr_ws/install/lx_msgs/include/lx_msgs/lx_msgs/action/detail/auto_dump__functions.h
[5.826s] -- Up-to-date: /root/Lunar_ROADSTER/lr_ws/install/lx_msgs/include/lx_msgs/lx_msgs/action/detail/auto_dump__struct.h
[5.827s] -- Up-to-date: /root/Lunar_ROADSTER/lr_ws/install/lx_msgs/include/lx_msgs/lx_msgs/action/detail/auto_dump__type_support.h
[5.827s] -- Up-to-date: /root/Lunar_ROADSTER/lr_ws/install/lx_msgs/include/lx_msgs/lx_msgs/action/detail/auto_nav__functions.c
[5.827s] -- Up-to-date: /root/Lunar_ROADSTER/lr_ws/install/lx_msgs/include/lx_msgs/lx_msgs/action/detail/auto_nav__functions.h
[5.828s] -- Up-to-date: /root/Lunar_ROADSTER/lr_ws/install/lx_msgs/include/lx_msgs/lx_msgs/action/detail/auto_nav__struct.h
[5.828s] -- Up-to-date: /root/Lunar_ROADSTER/lr_ws/install/lx_msgs/include/lx_msgs/lx_msgs/action/detail/auto_nav__type_support.h
[5.828s] -- Up-to-date: /root/Lunar_ROADSTER/lr_ws/install/lx_msgs/include/lx_msgs/lx_msgs/action/detail/calibrate_imu__functions.c
[5.828s] -- Up-to-date: /root/Lunar_ROADSTER/lr_ws/install/lx_msgs/include/lx_msgs/lx_msgs/action/detail/calibrate_imu__functions.h
[5.829s] -- Up-to-date: /root/Lunar_ROADSTER/lr_ws/install/lx_msgs/include/lx_msgs/lx_msgs/action/detail/calibrate_imu__struct.h
[5.829s] -- Up-to-date: /root/Lunar_ROADSTER/lr_ws/install/lx_msgs/include/lx_msgs/lx_msgs/action/detail/calibrate_imu__type_support.h
[5.829s] -- Up-to-date: /root/Lunar_ROADSTER/lr_ws/install/lx_msgs/include/lx_msgs/lx_msgs/action/auto_dig.h
[5.830s] -- Up-to-date: /root/Lunar_ROADSTER/lr_ws/install/lx_msgs/include/lx_msgs/lx_msgs/action/auto_dump.h
[5.830s] -- Up-to-date: /root/Lunar_ROADSTER/lr_ws/install/lx_msgs/include/lx_msgs/lx_msgs/action/auto_nav.h
[5.845s] -- Up-to-date: /root/Lunar_ROADSTER/lr_ws/install/lx_msgs/include/lx_msgs/lx_msgs/action/calibrate_imu.h
[5.845s] -- Up-to-date: /root/Lunar_ROADSTER/lr_ws/install/lx_msgs/share/lx_msgs/environment/library_path.sh
[5.845s] -- Up-to-date: /root/Lunar_ROADSTER/lr_ws/install/lx_msgs/share/lx_msgs/environment/library_path.dsv
[5.846s] -- Up-to-date: /root/Lunar_ROADSTER/lr_ws/install/lx_msgs/lib/liblx_msgs__rosidl_generator_c.so
[5.846s] -- Up-to-date: /root/Lunar_ROADSTER/lr_ws/install/lx_msgs/include/lx_msgs/lx_msgs
[5.846s] -- Up-to-date: /root/Lunar_ROADSTER/lr_ws/install/lx_msgs/include/lx_msgs/lx_msgs/msg
[5.846s] -- Up-to-date: /root/Lunar_ROADSTER/lr_ws/install/lx_msgs/include/lx_msgs/lx_msgs/msg/detail
[5.847s] -- Up-to-date: /root/Lunar_ROADSTER/lr_ws/install/lx_msgs/include/lx_msgs/lx_msgs/msg/detail/rover_command__rosidl_typesupport_fastrtps_c.h
[5.847s] -- Up-to-date: /root/Lunar_ROADSTER/lr_ws/install/lx_msgs/include/lx_msgs/lx_msgs/msg/detail/tool_info__rosidl_typesupport_fastrtps_c.h
[5.848s] -- Up-to-date: /root/Lunar_ROADSTER/lr_ws/install/lx_msgs/include/lx_msgs/lx_msgs/msg/detail/berm_progress__rosidl_typesupport_fastrtps_c.h
[5.848s] -- Up-to-date: /root/Lunar_ROADSTER/lr_ws/install/lx_msgs/include/lx_msgs/lx_msgs/msg/detail/berm_config__rosidl_typesupport_fastrtps_c.h
[5.849s] -- Up-to-date: /root/Lunar_ROADSTER/lr_ws/install/lx_msgs/include/lx_msgs/lx_msgs/msg/detail/planned_task__rosidl_typesupport_fastrtps_c.h
[5.849s] -- Up-to-date: /root/Lunar_ROADSTER/lr_ws/install/lx_msgs/include/lx_msgs/lx_msgs/msg/detail/node_diagnostics__rosidl_typesupport_fastrtps_c.h
[5.852s] -- Up-to-date: /root/Lunar_ROADSTER/lr_ws/install/lx_msgs/include/lx_msgs/lx_msgs/msg/detail/berm_section__rosidl_typesupport_fastrtps_c.h
[5.852s] -- Up-to-date: /root/Lunar_ROADSTER/lr_ws/install/lx_msgs/include/lx_msgs/lx_msgs/msg/rosidl_typesupport_fastrtps_c__visibility_control.h
[5.853s] -- Up-to-date: /root/Lunar_ROADSTER/lr_ws/install/lx_msgs/include/lx_msgs/lx_msgs/srv
[5.853s] -- Up-to-date: /root/Lunar_ROADSTER/lr_ws/install/lx_msgs/include/lx_msgs/lx_msgs/srv/detail
[5.853s] -- Up-to-date: /root/Lunar_ROADSTER/lr_ws/install/lx_msgs/include/lx_msgs/lx_msgs/srv/detail/berm_progress_eval__rosidl_typesupport_fastrtps_c.h
[5.854s] -- Up-to-date: /root/Lunar_ROADSTER/lr_ws/install/lx_msgs/include/lx_msgs/lx_msgs/srv/detail/switch__rosidl_typesupport_fastrtps_c.h
[5.854s] -- Up-to-date: /root/Lunar_ROADSTER/lr_ws/install/lx_msgs/include/lx_msgs/lx_msgs/srv/detail/plan__rosidl_typesupport_fastrtps_c.h
[5.854s] -- Up-to-date: /root/Lunar_ROADSTER/lr_ws/install/lx_msgs/include/lx_msgs/lx_msgs/srv/detail/user_input_record__rosidl_typesupport_fastrtps_c.h
[5.855s] -- Up-to-date: /root/Lunar_ROADSTER/lr_ws/install/lx_msgs/include/lx_msgs/lx_msgs/srv/detail/berm_service__rosidl_typesupport_fastrtps_c.h
[5.855s] -- Up-to-date: /root/Lunar_ROADSTER/lr_ws/install/lx_msgs/include/lx_msgs/lx_msgs/srv/detail/zone_service__rosidl_typesupport_fastrtps_c.h
[5.855s] -- Up-to-date: /root/Lunar_ROADSTER/lr_ws/install/lx_msgs/include/lx_msgs/lx_msgs/srv/detail/request_rover_service__rosidl_typesupport_fastrtps_c.h
[5.855s] -- Up-to-date: /root/Lunar_ROADSTER/lr_ws/install/lx_msgs/include/lx_msgs/lx_msgs/srv/detail/pcl_ground_height__rosidl_typesupport_fastrtps_c.h
[5.856s] -- Up-to-date: /root/Lunar_ROADSTER/lr_ws/install/lx_msgs/include/lx_msgs/lx_msgs/action
[5.856s] -- Up-to-date: /root/Lunar_ROADSTER/lr_ws/install/lx_msgs/include/lx_msgs/lx_msgs/action/detail
[5.856s] -- Up-to-date: /root/Lunar_ROADSTER/lr_ws/install/lx_msgs/include/lx_msgs/lx_msgs/action/detail/operation__rosidl_typesupport_fastrtps_c.h
[5.856s] -- Up-to-date: /root/Lunar_ROADSTER/lr_ws/install/lx_msgs/include/lx_msgs/lx_msgs/action/detail/auto_dig__rosidl_typesupport_fastrtps_c.h
[5.857s] -- Up-to-date: /root/Lunar_ROADSTER/lr_ws/install/lx_msgs/include/lx_msgs/lx_msgs/action/detail/auto_dump__rosidl_typesupport_fastrtps_c.h
[5.857s] -- Up-to-date: /root/Lunar_ROADSTER/lr_ws/install/lx_msgs/include/lx_msgs/lx_msgs/action/detail/auto_nav__rosidl_typesupport_fastrtps_c.h
[5.858s] -- Up-to-date: /root/Lunar_ROADSTER/lr_ws/install/lx_msgs/include/lx_msgs/lx_msgs/action/detail/calibrate_imu__rosidl_typesupport_fastrtps_c.h
[5.858s] -- Up-to-date: /root/Lunar_ROADSTER/lr_ws/install/lx_msgs/lib/liblx_msgs__rosidl_typesupport_fastrtps_c.so
[5.858s] -- Up-to-date: /root/Lunar_ROADSTER/lr_ws/install/lx_msgs/include/lx_msgs/lx_msgs
[5.859s] -- Up-to-date: /root/Lunar_ROADSTER/lr_ws/install/lx_msgs/include/lx_msgs/lx_msgs/msg
[5.859s] -- Up-to-date: /root/Lunar_ROADSTER/lr_ws/install/lx_msgs/include/lx_msgs/lx_msgs/msg/rover_command.hpp
[5.859s] -- Up-to-date: /root/Lunar_ROADSTER/lr_ws/install/lx_msgs/include/lx_msgs/lx_msgs/msg/rosidl_generator_cpp__visibility_control.hpp
[5.859s] -- Up-to-date: /root/Lunar_ROADSTER/lr_ws/install/lx_msgs/include/lx_msgs/lx_msgs/msg/detail
[5.860s] -- Up-to-date: /root/Lunar_ROADSTER/lr_ws/install/lx_msgs/include/lx_msgs/lx_msgs/msg/detail/rover_command__builder.hpp
[5.860s] -- Up-to-date: /root/Lunar_ROADSTER/lr_ws/install/lx_msgs/include/lx_msgs/lx_msgs/msg/detail/rover_command__struct.hpp
[5.860s] -- Up-to-date: /root/Lunar_ROADSTER/lr_ws/install/lx_msgs/include/lx_msgs/lx_msgs/msg/detail/rover_command__traits.hpp
[5.860s] -- Up-to-date: /root/Lunar_ROADSTER/lr_ws/install/lx_msgs/include/lx_msgs/lx_msgs/msg/detail/rover_command__type_support.hpp
[5.861s] -- Up-to-date: /root/Lunar_ROADSTER/lr_ws/install/lx_msgs/include/lx_msgs/lx_msgs/msg/detail/tool_info__builder.hpp
[5.861s] -- Up-to-date: /root/Lunar_ROADSTER/lr_ws/install/lx_msgs/include/lx_msgs/lx_msgs/msg/detail/tool_info__struct.hpp
[5.861s] -- Up-to-date: /root/Lunar_ROADSTER/lr_ws/install/lx_msgs/include/lx_msgs/lx_msgs/msg/detail/tool_info__traits.hpp
[5.862s] -- Up-to-date: /root/Lunar_ROADSTER/lr_ws/install/lx_msgs/include/lx_msgs/lx_msgs/msg/detail/tool_info__type_support.hpp
[5.862s] -- Up-to-date: /root/Lunar_ROADSTER/lr_ws/install/lx_msgs/include/lx_msgs/lx_msgs/msg/detail/berm_progress__builder.hpp
[5.863s] -- Up-to-date: /root/Lunar_ROADSTER/lr_ws/install/lx_msgs/include/lx_msgs/lx_msgs/msg/detail/berm_progress__struct.hpp
[5.864s] -- Up-to-date: /root/Lunar_ROADSTER/lr_ws/install/lx_msgs/include/lx_msgs/lx_msgs/msg/detail/berm_progress__traits.hpp
[5.864s] -- Up-to-date: /root/Lunar_ROADSTER/lr_ws/install/lx_msgs/include/lx_msgs/lx_msgs/msg/detail/berm_progress__type_support.hpp
[5.865s] -- Up-to-date: /root/Lunar_ROADSTER/lr_ws/install/lx_msgs/include/lx_msgs/lx_msgs/msg/detail/berm_config__builder.hpp
[5.873s] -- Up-to-date: /root/Lunar_ROADSTER/lr_ws/install/lx_msgs/include/lx_msgs/lx_msgs/msg/detail/berm_config__struct.hpp
[5.874s] -- Up-to-date: /root/Lunar_ROADSTER/lr_ws/install/lx_msgs/include/lx_msgs/lx_msgs/msg/detail/berm_config__traits.hpp
[5.874s] -- Up-to-date: /root/Lunar_ROADSTER/lr_ws/install/lx_msgs/include/lx_msgs/lx_msgs/msg/detail/berm_config__type_support.hpp
[5.875s] -- Up-to-date: /root/Lunar_ROADSTER/lr_ws/install/lx_msgs/include/lx_msgs/lx_msgs/msg/detail/planned_task__builder.hpp
[5.875s] -- Up-to-date: /root/Lunar_ROADSTER/lr_ws/install/lx_msgs/include/lx_msgs/lx_msgs/msg/detail/planned_task__struct.hpp
[5.875s] -- Up-to-date: /root/Lunar_ROADSTER/lr_ws/install/lx_msgs/include/lx_msgs/lx_msgs/msg/detail/planned_task__traits.hpp
[5.876s] -- Up-to-date: /root/Lunar_ROADSTER/lr_ws/install/lx_msgs/include/lx_msgs/lx_msgs/msg/detail/planned_task__type_support.hpp
[5.876s] -- Up-to-date: /root/Lunar_ROADSTER/lr_ws/install/lx_msgs/include/lx_msgs/lx_msgs/msg/detail/node_diagnostics__builder.hpp
[5.876s] -- Up-to-date: /root/Lunar_ROADSTER/lr_ws/install/lx_msgs/include/lx_msgs/lx_msgs/msg/detail/node_diagnostics__struct.hpp
[5.877s] -- Up-to-date: /root/Lunar_ROADSTER/lr_ws/install/lx_msgs/include/lx_msgs/lx_msgs/msg/detail/node_diagnostics__traits.hpp
[5.877s] -- Up-to-date: /root/Lunar_ROADSTER/lr_ws/install/lx_msgs/include/lx_msgs/lx_msgs/msg/detail/node_diagnostics__type_support.hpp
[5.878s] -- Up-to-date: /root/Lunar_ROADSTER/lr_ws/install/lx_msgs/include/lx_msgs/lx_msgs/msg/detail/berm_section__builder.hpp
[5.881s] -- Up-to-date: /root/Lunar_ROADSTER/lr_ws/install/lx_msgs/include/lx_msgs/lx_msgs/msg/detail/berm_section__struct.hpp
[5.883s] -- Up-to-date: /root/Lunar_ROADSTER/lr_ws/install/lx_msgs/include/lx_msgs/lx_msgs/msg/detail/berm_section__traits.hpp
[5.909s] -- Up-to-date: /root/Lunar_ROADSTER/lr_ws/install/lx_msgs/include/lx_msgs/lx_msgs/msg/detail/berm_section__type_support.hpp
[5.910s] -- Up-to-date: /root/Lunar_ROADSTER/lr_ws/install/lx_msgs/include/lx_msgs/lx_msgs/msg/tool_info.hpp
[5.910s] -- Up-to-date: /root/Lunar_ROADSTER/lr_ws/install/lx_msgs/include/lx_msgs/lx_msgs/msg/berm_progress.hpp
[5.910s] -- Up-to-date: /root/Lunar_ROADSTER/lr_ws/install/lx_msgs/include/lx_msgs/lx_msgs/msg/berm_config.hpp
[5.911s] -- Up-to-date: /root/Lunar_ROADSTER/lr_ws/install/lx_msgs/include/lx_msgs/lx_msgs/msg/planned_task.hpp
[5.912s] -- Up-to-date: /root/Lunar_ROADSTER/lr_ws/install/lx_msgs/include/lx_msgs/lx_msgs/msg/node_diagnostics.hpp
[5.913s] -- Up-to-date: /root/Lunar_ROADSTER/lr_ws/install/lx_msgs/include/lx_msgs/lx_msgs/msg/berm_section.hpp
[5.913s] -- Up-to-date: /root/Lunar_ROADSTER/lr_ws/install/lx_msgs/include/lx_msgs/lx_msgs/srv
[5.914s] -- Up-to-date: /root/Lunar_ROADSTER/lr_ws/install/lx_msgs/include/lx_msgs/lx_msgs/srv/berm_progress_eval.hpp
[5.914s] -- Up-to-date: /root/Lunar_ROADSTER/lr_ws/install/lx_msgs/include/lx_msgs/lx_msgs/srv/detail
[5.915s] -- Up-to-date: /root/Lunar_ROADSTER/lr_ws/install/lx_msgs/include/lx_msgs/lx_msgs/srv/detail/berm_progress_eval__builder.hpp
[5.921s] -- Up-to-date: /root/Lunar_ROADSTER/lr_ws/install/lx_msgs/include/lx_msgs/lx_msgs/srv/detail/berm_progress_eval__struct.hpp
[5.924s] -- Up-to-date: /root/Lunar_ROADSTER/lr_ws/install/lx_msgs/include/lx_msgs/lx_msgs/srv/detail/berm_progress_eval__traits.hpp
[5.924s] -- Up-to-date: /root/Lunar_ROADSTER/lr_ws/install/lx_msgs/include/lx_msgs/lx_msgs/srv/detail/berm_progress_eval__type_support.hpp
[5.943s] -- Up-to-date: /root/Lunar_ROADSTER/lr_ws/install/lx_msgs/include/lx_msgs/lx_msgs/srv/detail/switch__builder.hpp
[5.944s] -- Up-to-date: /root/Lunar_ROADSTER/lr_ws/install/lx_msgs/include/lx_msgs/lx_msgs/srv/detail/switch__struct.hpp
[5.949s] -- Up-to-date: /root/Lunar_ROADSTER/lr_ws/install/lx_msgs/include/lx_msgs/lx_msgs/srv/detail/switch__traits.hpp
[5.960s] -- Up-to-date: /root/Lunar_ROADSTER/lr_ws/install/lx_msgs/include/lx_msgs/lx_msgs/srv/detail/switch__type_support.hpp
[5.961s] -- Up-to-date: /root/Lunar_ROADSTER/lr_ws/install/lx_msgs/include/lx_msgs/lx_msgs/srv/detail/plan__builder.hpp
[5.962s] -- Up-to-date: /root/Lunar_ROADSTER/lr_ws/install/lx_msgs/include/lx_msgs/lx_msgs/srv/detail/plan__struct.hpp
[5.962s] -- Up-to-date: /root/Lunar_ROADSTER/lr_ws/install/lx_msgs/include/lx_msgs/lx_msgs/srv/detail/plan__traits.hpp
[5.962s] -- Up-to-date: /root/Lunar_ROADSTER/lr_ws/install/lx_msgs/include/lx_msgs/lx_msgs/srv/detail/plan__type_support.hpp
[5.963s] -- Up-to-date: /root/Lunar_ROADSTER/lr_ws/install/lx_msgs/include/lx_msgs/lx_msgs/srv/detail/user_input_record__builder.hpp
[5.964s] -- Up-to-date: /root/Lunar_ROADSTER/lr_ws/install/lx_msgs/include/lx_msgs/lx_msgs/srv/detail/user_input_record__struct.hpp
[5.964s] -- Up-to-date: /root/Lunar_ROADSTER/lr_ws/install/lx_msgs/include/lx_msgs/lx_msgs/srv/detail/user_input_record__traits.hpp
[5.964s] -- Up-to-date: /root/Lunar_ROADSTER/lr_ws/install/lx_msgs/include/lx_msgs/lx_msgs/srv/detail/user_input_record__type_support.hpp
[5.964s] -- Up-to-date: /root/Lunar_ROADSTER/lr_ws/install/lx_msgs/include/lx_msgs/lx_msgs/srv/detail/berm_service__builder.hpp
[5.965s] -- Up-to-date: /root/Lunar_ROADSTER/lr_ws/install/lx_msgs/include/lx_msgs/lx_msgs/srv/detail/berm_service__struct.hpp
[5.966s] -- Up-to-date: /root/Lunar_ROADSTER/lr_ws/install/lx_msgs/include/lx_msgs/lx_msgs/srv/detail/berm_service__traits.hpp
[5.967s] -- Up-to-date: /root/Lunar_ROADSTER/lr_ws/install/lx_msgs/include/lx_msgs/lx_msgs/srv/detail/berm_service__type_support.hpp
[5.967s] -- Up-to-date: /root/Lunar_ROADSTER/lr_ws/install/lx_msgs/include/lx_msgs/lx_msgs/srv/detail/zone_service__builder.hpp
[5.968s] -- Up-to-date: /root/Lunar_ROADSTER/lr_ws/install/lx_msgs/include/lx_msgs/lx_msgs/srv/detail/zone_service__struct.hpp
[5.969s] -- Up-to-date: /root/Lunar_ROADSTER/lr_ws/install/lx_msgs/include/lx_msgs/lx_msgs/srv/detail/zone_service__traits.hpp
[5.970s] -- Up-to-date: /root/Lunar_ROADSTER/lr_ws/install/lx_msgs/include/lx_msgs/lx_msgs/srv/detail/zone_service__type_support.hpp
[5.970s] -- Up-to-date: /root/Lunar_ROADSTER/lr_ws/install/lx_msgs/include/lx_msgs/lx_msgs/srv/detail/request_rover_service__builder.hpp
[5.970s] -- Up-to-date: /root/Lunar_ROADSTER/lr_ws/install/lx_msgs/include/lx_msgs/lx_msgs/srv/detail/request_rover_service__struct.hpp
[5.971s] -- Up-to-date: /root/Lunar_ROADSTER/lr_ws/install/lx_msgs/include/lx_msgs/lx_msgs/srv/detail/request_rover_service__traits.hpp
[5.971s] -- Up-to-date: /root/Lunar_ROADSTER/lr_ws/install/lx_msgs/include/lx_msgs/lx_msgs/srv/detail/request_rover_service__type_support.hpp
[5.971s] -- Up-to-date: /root/Lunar_ROADSTER/lr_ws/install/lx_msgs/include/lx_msgs/lx_msgs/srv/detail/pcl_ground_height__builder.hpp
[5.997s] -- Up-to-date: /root/Lunar_ROADSTER/lr_ws/install/lx_msgs/include/lx_msgs/lx_msgs/srv/detail/pcl_ground_height__struct.hpp
[5.998s] -- Up-to-date: /root/Lunar_ROADSTER/lr_ws/install/lx_msgs/include/lx_msgs/lx_msgs/srv/detail/pcl_ground_height__traits.hpp
[5.998s] -- Up-to-date: /root/Lunar_ROADSTER/lr_ws/install/lx_msgs/include/lx_msgs/lx_msgs/srv/detail/pcl_ground_height__type_support.hpp
[5.998s] -- Up-to-date: /root/Lunar_ROADSTER/lr_ws/install/lx_msgs/include/lx_msgs/lx_msgs/srv/switch.hpp
[5.999s] -- Up-to-date: /root/Lunar_ROADSTER/lr_ws/install/lx_msgs/include/lx_msgs/lx_msgs/srv/plan.hpp
[5.999s] -- Up-to-date: /root/Lunar_ROADSTER/lr_ws/install/lx_msgs/include/lx_msgs/lx_msgs/srv/user_input_record.hpp
[5.999s] -- Up-to-date: /root/Lunar_ROADSTER/lr_ws/install/lx_msgs/include/lx_msgs/lx_msgs/srv/berm_service.hpp
[5.999s] -- Up-to-date: /root/Lunar_ROADSTER/lr_ws/install/lx_msgs/include/lx_msgs/lx_msgs/srv/zone_service.hpp
[5.999s] -- Up-to-date: /root/Lunar_ROADSTER/lr_ws/install/lx_msgs/include/lx_msgs/lx_msgs/srv/request_rover_service.hpp
[6.000s] -- Up-to-date: /root/Lunar_ROADSTER/lr_ws/install/lx_msgs/include/lx_msgs/lx_msgs/srv/pcl_ground_height.hpp
[6.000s] -- Up-to-date: /root/Lunar_ROADSTER/lr_ws/install/lx_msgs/include/lx_msgs/lx_msgs/action
[6.000s] -- Up-to-date: /root/Lunar_ROADSTER/lr_ws/install/lx_msgs/include/lx_msgs/lx_msgs/action/operation.hpp
[6.000s] -- Up-to-date: /root/Lunar_ROADSTER/lr_ws/install/lx_msgs/include/lx_msgs/lx_msgs/action/detail
[6.001s] -- Up-to-date: /root/Lunar_ROADSTER/lr_ws/install/lx_msgs/include/lx_msgs/lx_msgs/action/detail/operation__builder.hpp
[6.001s] -- Up-to-date: /root/Lunar_ROADSTER/lr_ws/install/lx_msgs/include/lx_msgs/lx_msgs/action/detail/operation__struct.hpp
[6.002s] -- Up-to-date: /root/Lunar_ROADSTER/lr_ws/install/lx_msgs/include/lx_msgs/lx_msgs/action/detail/operation__traits.hpp
[6.002s] -- Up-to-date: /root/Lunar_ROADSTER/lr_ws/install/lx_msgs/include/lx_msgs/lx_msgs/action/detail/operation__type_support.hpp
[6.003s] -- Up-to-date: /root/Lunar_ROADSTER/lr_ws/install/lx_msgs/include/lx_msgs/lx_msgs/action/detail/auto_dig__builder.hpp
[6.003s] -- Up-to-date: /root/Lunar_ROADSTER/lr_ws/install/lx_msgs/include/lx_msgs/lx_msgs/action/detail/auto_dig__struct.hpp
[6.003s] -- Up-to-date: /root/Lunar_ROADSTER/lr_ws/install/lx_msgs/include/lx_msgs/lx_msgs/action/detail/auto_dig__traits.hpp
[6.003s] -- Up-to-date: /root/Lunar_ROADSTER/lr_ws/install/lx_msgs/include/lx_msgs/lx_msgs/action/detail/auto_dig__type_support.hpp
[6.003s] -- Up-to-date: /root/Lunar_ROADSTER/lr_ws/install/lx_msgs/include/lx_msgs/lx_msgs/action/detail/auto_dump__builder.hpp
[6.004s] -- Up-to-date: /root/Lunar_ROADSTER/lr_ws/install/lx_msgs/include/lx_msgs/lx_msgs/action/detail/auto_dump__struct.hpp
[6.004s] -- Up-to-date: /root/Lunar_ROADSTER/lr_ws/install/lx_msgs/include/lx_msgs/lx_msgs/action/detail/auto_dump__traits.hpp
[6.004s] -- Up-to-date: /root/Lunar_ROADSTER/lr_ws/install/lx_msgs/include/lx_msgs/lx_msgs/action/detail/auto_dump__type_support.hpp
[6.004s] -- Up-to-date: /root/Lunar_ROADSTER/lr_ws/install/lx_msgs/include/lx_msgs/lx_msgs/action/detail/auto_nav__builder.hpp
[6.005s] -- Up-to-date: /root/Lunar_ROADSTER/lr_ws/install/lx_msgs/include/lx_msgs/lx_msgs/action/detail/auto_nav__struct.hpp
[6.005s] -- Up-to-date: /root/Lunar_ROADSTER/lr_ws/install/lx_msgs/include/lx_msgs/lx_msgs/action/detail/auto_nav__traits.hpp
[6.005s] -- Up-to-date: /root/Lunar_ROADSTER/lr_ws/install/lx_msgs/include/lx_msgs/lx_msgs/action/detail/auto_nav__type_support.hpp
[6.006s] -- Up-to-date: /root/Lunar_ROADSTER/lr_ws/install/lx_msgs/include/lx_msgs/lx_msgs/action/detail/calibrate_imu__builder.hpp
[6.006s] -- Up-to-date: /root/Lunar_ROADSTER/lr_ws/install/lx_msgs/include/lx_msgs/lx_msgs/action/detail/calibrate_imu__struct.hpp
[6.007s] -- Up-to-date: /root/Lunar_ROADSTER/lr_ws/install/lx_msgs/include/lx_msgs/lx_msgs/action/detail/calibrate_imu__traits.hpp
[6.007s] -- Up-to-date: /root/Lunar_ROADSTER/lr_ws/install/lx_msgs/include/lx_msgs/lx_msgs/action/detail/calibrate_imu__type_support.hpp
[6.007s] -- Up-to-date: /root/Lunar_ROADSTER/lr_ws/install/lx_msgs/include/lx_msgs/lx_msgs/action/auto_dig.hpp
[6.007s] -- Up-to-date: /root/Lunar_ROADSTER/lr_ws/install/lx_msgs/include/lx_msgs/lx_msgs/action/auto_dump.hpp
[6.008s] -- Up-to-date: /root/Lunar_ROADSTER/lr_ws/install/lx_msgs/include/lx_msgs/lx_msgs/action/auto_nav.hpp
[6.008s] -- Up-to-date: /root/Lunar_ROADSTER/lr_ws/install/lx_msgs/include/lx_msgs/lx_msgs/action/calibrate_imu.hpp
[6.008s] -- Up-to-date: /root/Lunar_ROADSTER/lr_ws/install/lx_msgs/include/lx_msgs/lx_msgs
[6.045s] -- Up-to-date: /root/Lunar_ROADSTER/lr_ws/install/lx_msgs/include/lx_msgs/lx_msgs/msg
[6.045s] -- Up-to-date: /root/Lunar_ROADSTER/lr_ws/install/lx_msgs/include/lx_msgs/lx_msgs/msg/detail
[6.046s] -- Up-to-date: /root/Lunar_ROADSTER/lr_ws/install/lx_msgs/include/lx_msgs/lx_msgs/msg/detail/rover_command__rosidl_typesupport_fastrtps_cpp.hpp
[6.046s] -- Up-to-date: /root/Lunar_ROADSTER/lr_ws/install/lx_msgs/include/lx_msgs/lx_msgs/msg/detail/dds_fastrtps
[6.046s] -- Up-to-date: /root/Lunar_ROADSTER/lr_ws/install/lx_msgs/include/lx_msgs/lx_msgs/msg/detail/tool_info__rosidl_typesupport_fastrtps_cpp.hpp
[6.047s] -- Up-to-date: /root/Lunar_ROADSTER/lr_ws/install/lx_msgs/include/lx_msgs/lx_msgs/msg/detail/berm_progress__rosidl_typesupport_fastrtps_cpp.hpp
[6.047s] -- Up-to-date: /root/Lunar_ROADSTER/lr_ws/install/lx_msgs/include/lx_msgs/lx_msgs/msg/detail/berm_config__rosidl_typesupport_fastrtps_cpp.hpp
[6.047s] -- Up-to-date: /root/Lunar_ROADSTER/lr_ws/install/lx_msgs/include/lx_msgs/lx_msgs/msg/detail/planned_task__rosidl_typesupport_fastrtps_cpp.hpp
[6.047s] -- Up-to-date: /root/Lunar_ROADSTER/lr_ws/install/lx_msgs/include/lx_msgs/lx_msgs/msg/detail/node_diagnostics__rosidl_typesupport_fastrtps_cpp.hpp
[6.048s] -- Up-to-date: /root/Lunar_ROADSTER/lr_ws/install/lx_msgs/include/lx_msgs/lx_msgs/msg/detail/berm_section__rosidl_typesupport_fastrtps_cpp.hpp
[6.048s] -- Up-to-date: /root/Lunar_ROADSTER/lr_ws/install/lx_msgs/include/lx_msgs/lx_msgs/msg/rosidl_typesupport_fastrtps_cpp__visibility_control.h
[6.048s] -- Up-to-date: /root/Lunar_ROADSTER/lr_ws/install/lx_msgs/include/lx_msgs/lx_msgs/srv
[6.049s] -- Up-to-date: /root/Lunar_ROADSTER/lr_ws/install/lx_msgs/include/lx_msgs/lx_msgs/srv/detail
[6.049s] -- Up-to-date: /root/Lunar_ROADSTER/lr_ws/install/lx_msgs/include/lx_msgs/lx_msgs/srv/detail/berm_progress_eval__rosidl_typesupport_fastrtps_cpp.hpp
[6.049s] -- Up-to-date: /root/Lunar_ROADSTER/lr_ws/install/lx_msgs/include/lx_msgs/lx_msgs/srv/detail/dds_fastrtps
[6.050s] -- Up-to-date: /root/Lunar_ROADSTER/lr_ws/install/lx_msgs/include/lx_msgs/lx_msgs/srv/detail/switch__rosidl_typesupport_fastrtps_cpp.hpp
[6.050s] -- Up-to-date: /root/Lunar_ROADSTER/lr_ws/install/lx_msgs/include/lx_msgs/lx_msgs/srv/detail/plan__rosidl_typesupport_fastrtps_cpp.hpp
[6.050s] -- Up-to-date: /root/Lunar_ROADSTER/lr_ws/install/lx_msgs/include/lx_msgs/lx_msgs/srv/detail/user_input_record__rosidl_typesupport_fastrtps_cpp.hpp
[6.050s] -- Up-to-date: /root/Lunar_ROADSTER/lr_ws/install/lx_msgs/include/lx_msgs/lx_msgs/srv/detail/berm_service__rosidl_typesupport_fastrtps_cpp.hpp
[6.051s] -- Up-to-date: /root/Lunar_ROADSTER/lr_ws/install/lx_msgs/include/lx_msgs/lx_msgs/srv/detail/zone_service__rosidl_typesupport_fastrtps_cpp.hpp
[6.051s] -- Up-to-date: /root/Lunar_ROADSTER/lr_ws/install/lx_msgs/include/lx_msgs/lx_msgs/srv/detail/request_rover_service__rosidl_typesupport_fastrtps_cpp.hpp
[6.051s] -- Up-to-date: /root/Lunar_ROADSTER/lr_ws/install/lx_msgs/include/lx_msgs/lx_msgs/srv/detail/pcl_ground_height__rosidl_typesupport_fastrtps_cpp.hpp
[6.052s] -- Up-to-date: /root/Lunar_ROADSTER/lr_ws/install/lx_msgs/include/lx_msgs/lx_msgs/action
[6.052s] -- Up-to-date: /root/Lunar_ROADSTER/lr_ws/install/lx_msgs/include/lx_msgs/lx_msgs/action/detail
[6.052s] -- Up-to-date: /root/Lunar_ROADSTER/lr_ws/install/lx_msgs/include/lx_msgs/lx_msgs/action/detail/operation__rosidl_typesupport_fastrtps_cpp.hpp
[6.052s] -- Up-to-date: /root/Lunar_ROADSTER/lr_ws/install/lx_msgs/include/lx_msgs/lx_msgs/action/detail/dds_fastrtps
[6.052s] -- Up-to-date: /root/Lunar_ROADSTER/lr_ws/install/lx_msgs/include/lx_msgs/lx_msgs/action/detail/auto_dig__rosidl_typesupport_fastrtps_cpp.hpp
[6.053s] -- Up-to-date: /root/Lunar_ROADSTER/lr_ws/install/lx_msgs/include/lx_msgs/lx_msgs/action/detail/auto_dump__rosidl_typesupport_fastrtps_cpp.hpp
[6.053s] -- Up-to-date: /root/Lunar_ROADSTER/lr_ws/install/lx_msgs/include/lx_msgs/lx_msgs/action/detail/auto_nav__rosidl_typesupport_fastrtps_cpp.hpp
[6.053s] -- Up-to-date: /root/Lunar_ROADSTER/lr_ws/install/lx_msgs/include/lx_msgs/lx_msgs/action/detail/calibrate_imu__rosidl_typesupport_fastrtps_cpp.hpp
[6.053s] -- Up-to-date: /root/Lunar_ROADSTER/lr_ws/install/lx_msgs/lib/liblx_msgs__rosidl_typesupport_fastrtps_cpp.so
[6.054s] -- Up-to-date: /root/Lunar_ROADSTER/lr_ws/install/lx_msgs/include/lx_msgs/lx_msgs
[6.055s] -- Up-to-date: /root/Lunar_ROADSTER/lr_ws/install/lx_msgs/include/lx_msgs/lx_msgs/msg
[6.055s] -- Up-to-date: /root/Lunar_ROADSTER/lr_ws/install/lx_msgs/include/lx_msgs/lx_msgs/msg/detail
[6.055s] -- Up-to-date: /root/Lunar_ROADSTER/lr_ws/install/lx_msgs/include/lx_msgs/lx_msgs/msg/detail/rover_command__rosidl_typesupport_introspection_c.h
[6.055s] -- Up-to-date: /root/Lunar_ROADSTER/lr_ws/install/lx_msgs/include/lx_msgs/lx_msgs/msg/detail/rover_command__type_support.c
[6.056s] -- Up-to-date: /root/Lunar_ROADSTER/lr_ws/install/lx_msgs/include/lx_msgs/lx_msgs/msg/detail/tool_info__rosidl_typesupport_introspection_c.h
[6.056s] -- Up-to-date: /root/Lunar_ROADSTER/lr_ws/install/lx_msgs/include/lx_msgs/lx_msgs/msg/detail/tool_info__type_support.c
[6.056s] -- Up-to-date: /root/Lunar_ROADSTER/lr_ws/install/lx_msgs/include/lx_msgs/lx_msgs/msg/detail/berm_progress__rosidl_typesupport_introspection_c.h
[6.056s] -- Up-to-date: /root/Lunar_ROADSTER/lr_ws/install/lx_msgs/include/lx_msgs/lx_msgs/msg/detail/berm_progress__type_support.c
[6.056s] -- Up-to-date: /root/Lunar_ROADSTER/lr_ws/install/lx_msgs/include/lx_msgs/lx_msgs/msg/detail/berm_config__rosidl_typesupport_introspection_c.h
[6.057s] -- Up-to-date: /root/Lunar_ROADSTER/lr_ws/install/lx_msgs/include/lx_msgs/lx_msgs/msg/detail/berm_config__type_support.c
[6.057s] -- Up-to-date: /root/Lunar_ROADSTER/lr_ws/install/lx_msgs/include/lx_msgs/lx_msgs/msg/detail/planned_task__rosidl_typesupport_introspection_c.h
[6.057s] -- Up-to-date: /root/Lunar_ROADSTER/lr_ws/install/lx_msgs/include/lx_msgs/lx_msgs/msg/detail/planned_task__type_support.c
[6.058s] -- Up-to-date: /root/Lunar_ROADSTER/lr_ws/install/lx_msgs/include/lx_msgs/lx_msgs/msg/detail/node_diagnostics__rosidl_typesupport_introspection_c.h
[6.058s] -- Up-to-date: /root/Lunar_ROADSTER/lr_ws/install/lx_msgs/include/lx_msgs/lx_msgs/msg/detail/node_diagnostics__type_support.c
[6.058s] -- Up-to-date: /root/Lunar_ROADSTER/lr_ws/install/lx_msgs/include/lx_msgs/lx_msgs/msg/detail/berm_section__rosidl_typesupport_introspection_c.h
[6.059s] -- Up-to-date: /root/Lunar_ROADSTER/lr_ws/install/lx_msgs/include/lx_msgs/lx_msgs/msg/detail/berm_section__type_support.c
[6.059s] -- Up-to-date: /root/Lunar_ROADSTER/lr_ws/install/lx_msgs/include/lx_msgs/lx_msgs/msg/rosidl_typesupport_introspection_c__visibility_control.h
[6.059s] -- Up-to-date: /root/Lunar_ROADSTER/lr_ws/install/lx_msgs/include/lx_msgs/lx_msgs/srv
[6.060s] -- Up-to-date: /root/Lunar_ROADSTER/lr_ws/install/lx_msgs/include/lx_msgs/lx_msgs/srv/detail
[6.060s] -- Up-to-date: /root/Lunar_ROADSTER/lr_ws/install/lx_msgs/include/lx_msgs/lx_msgs/srv/detail/berm_progress_eval__rosidl_typesupport_introspection_c.h
[6.060s] -- Up-to-date: /root/Lunar_ROADSTER/lr_ws/install/lx_msgs/include/lx_msgs/lx_msgs/srv/detail/berm_progress_eval__type_support.c
[6.060s] -- Up-to-date: /root/Lunar_ROADSTER/lr_ws/install/lx_msgs/include/lx_msgs/lx_msgs/srv/detail/switch__rosidl_typesupport_introspection_c.h
[6.060s] -- Up-to-date: /root/Lunar_ROADSTER/lr_ws/install/lx_msgs/include/lx_msgs/lx_msgs/srv/detail/switch__type_support.c
[6.073s] -- Up-to-date: /root/Lunar_ROADSTER/lr_ws/install/lx_msgs/include/lx_msgs/lx_msgs/srv/detail/plan__rosidl_typesupport_introspection_c.h
[6.073s] -- Up-to-date: /root/Lunar_ROADSTER/lr_ws/install/lx_msgs/include/lx_msgs/lx_msgs/srv/detail/plan__type_support.c
[6.074s] -- Up-to-date: /root/Lunar_ROADSTER/lr_ws/install/lx_msgs/include/lx_msgs/lx_msgs/srv/detail/user_input_record__rosidl_typesupport_introspection_c.h
[6.074s] -- Up-to-date: /root/Lunar_ROADSTER/lr_ws/install/lx_msgs/include/lx_msgs/lx_msgs/srv/detail/user_input_record__type_support.c
[6.074s] -- Up-to-date: /root/Lunar_ROADSTER/lr_ws/install/lx_msgs/include/lx_msgs/lx_msgs/srv/detail/berm_service__rosidl_typesupport_introspection_c.h
[6.075s] -- Up-to-date: /root/Lunar_ROADSTER/lr_ws/install/lx_msgs/include/lx_msgs/lx_msgs/srv/detail/berm_service__type_support.c
[6.075s] -- Up-to-date: /root/Lunar_ROADSTER/lr_ws/install/lx_msgs/include/lx_msgs/lx_msgs/srv/detail/zone_service__rosidl_typesupport_introspection_c.h
[6.075s] -- Up-to-date: /root/Lunar_ROADSTER/lr_ws/install/lx_msgs/include/lx_msgs/lx_msgs/srv/detail/zone_service__type_support.c
[6.075s] -- Up-to-date: /root/Lunar_ROADSTER/lr_ws/install/lx_msgs/include/lx_msgs/lx_msgs/srv/detail/request_rover_service__rosidl_typesupport_introspection_c.h
[6.076s] -- Up-to-date: /root/Lunar_ROADSTER/lr_ws/install/lx_msgs/include/lx_msgs/lx_msgs/srv/detail/request_rover_service__type_support.c
[6.076s] -- Up-to-date: /root/Lunar_ROADSTER/lr_ws/install/lx_msgs/include/lx_msgs/lx_msgs/srv/detail/pcl_ground_height__rosidl_typesupport_introspection_c.h
[6.076s] -- Up-to-date: /root/Lunar_ROADSTER/lr_ws/install/lx_msgs/include/lx_msgs/lx_msgs/srv/detail/pcl_ground_height__type_support.c
[6.077s] -- Up-to-date: /root/Lunar_ROADSTER/lr_ws/install/lx_msgs/include/lx_msgs/lx_msgs/action
[6.077s] -- Up-to-date: /root/Lunar_ROADSTER/lr_ws/install/lx_msgs/include/lx_msgs/lx_msgs/action/detail
[6.077s] -- Up-to-date: /root/Lunar_ROADSTER/lr_ws/install/lx_msgs/include/lx_msgs/lx_msgs/action/detail/operation__rosidl_typesupport_introspection_c.h
[6.077s] -- Up-to-date: /root/Lunar_ROADSTER/lr_ws/install/lx_msgs/include/lx_msgs/lx_msgs/action/detail/operation__type_support.c
[6.078s] -- Up-to-date: /root/Lunar_ROADSTER/lr_ws/install/lx_msgs/include/lx_msgs/lx_msgs/action/detail/auto_dig__rosidl_typesupport_introspection_c.h
[6.078s] -- Up-to-date: /root/Lunar_ROADSTER/lr_ws/install/lx_msgs/include/lx_msgs/lx_msgs/action/detail/auto_dig__type_support.c
[6.078s] -- Up-to-date: /root/Lunar_ROADSTER/lr_ws/install/lx_msgs/include/lx_msgs/lx_msgs/action/detail/auto_dump__rosidl_typesupport_introspection_c.h
[6.079s] -- Up-to-date: /root/Lunar_ROADSTER/lr_ws/install/lx_msgs/include/lx_msgs/lx_msgs/action/detail/auto_dump__type_support.c
[6.079s] -- Up-to-date: /root/Lunar_ROADSTER/lr_ws/install/lx_msgs/include/lx_msgs/lx_msgs/action/detail/auto_nav__rosidl_typesupport_introspection_c.h
[6.079s] -- Up-to-date: /root/Lunar_ROADSTER/lr_ws/install/lx_msgs/include/lx_msgs/lx_msgs/action/detail/auto_nav__type_support.c
[6.079s] -- Up-to-date: /root/Lunar_ROADSTER/lr_ws/install/lx_msgs/include/lx_msgs/lx_msgs/action/detail/calibrate_imu__rosidl_typesupport_introspection_c.h
[6.080s] -- Up-to-date: /root/Lunar_ROADSTER/lr_ws/install/lx_msgs/include/lx_msgs/lx_msgs/action/detail/calibrate_imu__type_support.c
[6.080s] -- Up-to-date: /root/Lunar_ROADSTER/lr_ws/install/lx_msgs/lib/liblx_msgs__rosidl_typesupport_introspection_c.so
[6.080s] -- Up-to-date: /root/Lunar_ROADSTER/lr_ws/install/lx_msgs/lib/liblx_msgs__rosidl_typesupport_c.so
[6.081s] -- Up-to-date: /root/Lunar_ROADSTER/lr_ws/install/lx_msgs/include/lx_msgs/lx_msgs
[6.081s] -- Up-to-date: /root/Lunar_ROADSTER/lr_ws/install/lx_msgs/include/lx_msgs/lx_msgs/msg
[6.083s] -- Up-to-date: /root/Lunar_ROADSTER/lr_ws/install/lx_msgs/include/lx_msgs/lx_msgs/msg/detail
[6.083s] -- Up-to-date: /root/Lunar_ROADSTER/lr_ws/install/lx_msgs/include/lx_msgs/lx_msgs/msg/detail/rover_command__rosidl_typesupport_introspection_cpp.hpp
[6.083s] -- Up-to-date: /root/Lunar_ROADSTER/lr_ws/install/lx_msgs/include/lx_msgs/lx_msgs/msg/detail/rover_command__type_support.cpp
[6.084s] -- Up-to-date: /root/Lunar_ROADSTER/lr_ws/install/lx_msgs/include/lx_msgs/lx_msgs/msg/detail/tool_info__rosidl_typesupport_introspection_cpp.hpp
[6.084s] -- Up-to-date: /root/Lunar_ROADSTER/lr_ws/install/lx_msgs/include/lx_msgs/lx_msgs/msg/detail/tool_info__type_support.cpp
[6.084s] -- Up-to-date: /root/Lunar_ROADSTER/lr_ws/install/lx_msgs/include/lx_msgs/lx_msgs/msg/detail/berm_progress__rosidl_typesupport_introspection_cpp.hpp
[6.084s] -- Up-to-date: /root/Lunar_ROADSTER/lr_ws/install/lx_msgs/include/lx_msgs/lx_msgs/msg/detail/berm_progress__type_support.cpp
[6.085s] -- Up-to-date: /root/Lunar_ROADSTER/lr_ws/install/lx_msgs/include/lx_msgs/lx_msgs/msg/detail/berm_config__rosidl_typesupport_introspection_cpp.hpp
[6.098s] -- Up-to-date: /root/Lunar_ROADSTER/lr_ws/install/lx_msgs/include/lx_msgs/lx_msgs/msg/detail/berm_config__type_support.cpp
[6.099s] -- Up-to-date: /root/Lunar_ROADSTER/lr_ws/install/lx_msgs/include/lx_msgs/lx_msgs/msg/detail/planned_task__rosidl_typesupport_introspection_cpp.hpp
[6.099s] -- Up-to-date: /root/Lunar_ROADSTER/lr_ws/install/lx_msgs/include/lx_msgs/lx_msgs/msg/detail/planned_task__type_support.cpp
[6.099s] -- Up-to-date: /root/Lunar_ROADSTER/lr_ws/install/lx_msgs/include/lx_msgs/lx_msgs/msg/detail/node_diagnostics__rosidl_typesupport_introspection_cpp.hpp
[6.100s] -- Up-to-date: /root/Lunar_ROADSTER/lr_ws/install/lx_msgs/include/lx_msgs/lx_msgs/msg/detail/node_diagnostics__type_support.cpp
[6.101s] -- Up-to-date: /root/Lunar_ROADSTER/lr_ws/install/lx_msgs/include/lx_msgs/lx_msgs/msg/detail/berm_section__rosidl_typesupport_introspection_cpp.hpp
[6.101s] -- Up-to-date: /root/Lunar_ROADSTER/lr_ws/install/lx_msgs/include/lx_msgs/lx_msgs/msg/detail/berm_section__type_support.cpp
[6.102s] -- Up-to-date: /root/Lunar_ROADSTER/lr_ws/install/lx_msgs/include/lx_msgs/lx_msgs/srv
[6.102s] -- Up-to-date: /root/Lunar_ROADSTER/lr_ws/install/lx_msgs/include/lx_msgs/lx_msgs/srv/detail
[6.102s] -- Up-to-date: /root/Lunar_ROADSTER/lr_ws/install/lx_msgs/include/lx_msgs/lx_msgs/srv/detail/berm_progress_eval__rosidl_typesupport_introspection_cpp.hpp
[6.102s] -- Up-to-date: /root/Lunar_ROADSTER/lr_ws/install/lx_msgs/include/lx_msgs/lx_msgs/srv/detail/berm_progress_eval__type_support.cpp
[6.103s] -- Up-to-date: /root/Lunar_ROADSTER/lr_ws/install/lx_msgs/include/lx_msgs/lx_msgs/srv/detail/switch__rosidl_typesupport_introspection_cpp.hpp
[6.103s] -- Up-to-date: /root/Lunar_ROADSTER/lr_ws/install/lx_msgs/include/lx_msgs/lx_msgs/srv/detail/switch__type_support.cpp
[6.103s] -- Up-to-date: /root/Lunar_ROADSTER/lr_ws/install/lx_msgs/include/lx_msgs/lx_msgs/srv/detail/plan__rosidl_typesupport_introspection_cpp.hpp
[6.103s] -- Up-to-date: /root/Lunar_ROADSTER/lr_ws/install/lx_msgs/include/lx_msgs/lx_msgs/srv/detail/plan__type_support.cpp
[6.104s] -- Up-to-date: /root/Lunar_ROADSTER/lr_ws/install/lx_msgs/include/lx_msgs/lx_msgs/srv/detail/user_input_record__rosidl_typesupport_introspection_cpp.hpp
[6.104s] -- Up-to-date: /root/Lunar_ROADSTER/lr_ws/install/lx_msgs/include/lx_msgs/lx_msgs/srv/detail/user_input_record__type_support.cpp
[6.104s] -- Up-to-date: /root/Lunar_ROADSTER/lr_ws/install/lx_msgs/include/lx_msgs/lx_msgs/srv/detail/berm_service__rosidl_typesupport_introspection_cpp.hpp
[6.104s] -- Up-to-date: /root/Lunar_ROADSTER/lr_ws/install/lx_msgs/include/lx_msgs/lx_msgs/srv/detail/berm_service__type_support.cpp
[6.104s] -- Up-to-date: /root/Lunar_ROADSTER/lr_ws/install/lx_msgs/include/lx_msgs/lx_msgs/srv/detail/zone_service__rosidl_typesupport_introspection_cpp.hpp
[6.105s] -- Up-to-date: /root/Lunar_ROADSTER/lr_ws/install/lx_msgs/include/lx_msgs/lx_msgs/srv/detail/zone_service__type_support.cpp
[6.105s] -- Up-to-date: /root/Lunar_ROADSTER/lr_ws/install/lx_msgs/include/lx_msgs/lx_msgs/srv/detail/request_rover_service__rosidl_typesupport_introspection_cpp.hpp
[6.105s] -- Up-to-date: /root/Lunar_ROADSTER/lr_ws/install/lx_msgs/include/lx_msgs/lx_msgs/srv/detail/request_rover_service__type_support.cpp
[6.106s] -- Up-to-date: /root/Lunar_ROADSTER/lr_ws/install/lx_msgs/include/lx_msgs/lx_msgs/srv/detail/pcl_ground_height__rosidl_typesupport_introspection_cpp.hpp
[6.106s] -- Up-to-date: /root/Lunar_ROADSTER/lr_ws/install/lx_msgs/include/lx_msgs/lx_msgs/srv/detail/pcl_ground_height__type_support.cpp
[6.106s] -- Up-to-date: /root/Lunar_ROADSTER/lr_ws/install/lx_msgs/include/lx_msgs/lx_msgs/action
[6.106s] -- Up-to-date: /root/Lunar_ROADSTER/lr_ws/install/lx_msgs/include/lx_msgs/lx_msgs/action/detail
[6.106s] -- Up-to-date: /root/Lunar_ROADSTER/lr_ws/install/lx_msgs/include/lx_msgs/lx_msgs/action/detail/operation__rosidl_typesupport_introspection_cpp.hpp
[6.107s] -- Up-to-date: /root/Lunar_ROADSTER/lr_ws/install/lx_msgs/include/lx_msgs/lx_msgs/action/detail/operation__type_support.cpp
[6.107s] -- Up-to-date: /root/Lunar_ROADSTER/lr_ws/install/lx_msgs/include/lx_msgs/lx_msgs/action/detail/auto_dig__rosidl_typesupport_introspection_cpp.hpp
[6.107s] -- Up-to-date: /root/Lunar_ROADSTER/lr_ws/install/lx_msgs/include/lx_msgs/lx_msgs/action/detail/auto_dig__type_support.cpp
[6.108s] -- Up-to-date: /root/Lunar_ROADSTER/lr_ws/install/lx_msgs/include/lx_msgs/lx_msgs/action/detail/auto_dump__rosidl_typesupport_introspection_cpp.hpp
[6.108s] -- Up-to-date: /root/Lunar_ROADSTER/lr_ws/install/lx_msgs/include/lx_msgs/lx_msgs/action/detail/auto_dump__type_support.cpp
[6.108s] -- Up-to-date: /root/Lunar_ROADSTER/lr_ws/install/lx_msgs/include/lx_msgs/lx_msgs/action/detail/auto_nav__rosidl_typesupport_introspection_cpp.hpp
[6.108s] -- Up-to-date: /root/Lunar_ROADSTER/lr_ws/install/lx_msgs/include/lx_msgs/lx_msgs/action/detail/auto_nav__type_support.cpp
[6.109s] -- Up-to-date: /root/Lunar_ROADSTER/lr_ws/install/lx_msgs/include/lx_msgs/lx_msgs/action/detail/calibrate_imu__rosidl_typesupport_introspection_cpp.hpp
[6.109s] -- Up-to-date: /root/Lunar_ROADSTER/lr_ws/install/lx_msgs/include/lx_msgs/lx_msgs/action/detail/calibrate_imu__type_support.cpp
[6.109s] -- Up-to-date: /root/Lunar_ROADSTER/lr_ws/install/lx_msgs/lib/liblx_msgs__rosidl_typesupport_introspection_cpp.so
[6.111s] -- Up-to-date: /root/Lunar_ROADSTER/lr_ws/install/lx_msgs/lib/liblx_msgs__rosidl_typesupport_cpp.so
[6.112s] -- Up-to-date: /root/Lunar_ROADSTER/lr_ws/install/lx_msgs/share/lx_msgs/environment/pythonpath.sh
[6.112s] -- Up-to-date: /root/Lunar_ROADSTER/lr_ws/install/lx_msgs/share/lx_msgs/environment/pythonpath.dsv
[6.113s] -- Up-to-date: /root/Lunar_ROADSTER/lr_ws/install/lx_msgs/local/lib/python3.10/dist-packages/lx_msgs-0.0.0-py3.10.egg-info
[6.113s] -- Installing: /root/Lunar_ROADSTER/lr_ws/install/lx_msgs/local/lib/python3.10/dist-packages/lx_msgs-0.0.0-py3.10.egg-info/PKG-INFO
[6.113s] -- Installing: /root/Lunar_ROADSTER/lr_ws/install/lx_msgs/local/lib/python3.10/dist-packages/lx_msgs-0.0.0-py3.10.egg-info/dependency_links.txt
[6.114s] -- Installing: /root/Lunar_ROADSTER/lr_ws/install/lx_msgs/local/lib/python3.10/dist-packages/lx_msgs-0.0.0-py3.10.egg-info/top_level.txt
[6.114s] -- Installing: /root/Lunar_ROADSTER/lr_ws/install/lx_msgs/local/lib/python3.10/dist-packages/lx_msgs-0.0.0-py3.10.egg-info/SOURCES.txt
[6.115s] -- Up-to-date: /root/Lunar_ROADSTER/lr_ws/install/lx_msgs/local/lib/python3.10/dist-packages/lx_msgs
[6.115s] -- Up-to-date: /root/Lunar_ROADSTER/lr_ws/install/lx_msgs/local/lib/python3.10/dist-packages/lx_msgs/__init__.py
[6.115s] -- Up-to-date: /root/Lunar_ROADSTER/lr_ws/install/lx_msgs/local/lib/python3.10/dist-packages/lx_msgs/msg
[6.116s] -- Up-to-date: /root/Lunar_ROADSTER/lr_ws/install/lx_msgs/local/lib/python3.10/dist-packages/lx_msgs/msg/_rover_command.py
[6.116s] -- Up-to-date: /root/Lunar_ROADSTER/lr_ws/install/lx_msgs/local/lib/python3.10/dist-packages/lx_msgs/msg/_rover_command_s.c
[6.116s] -- Up-to-date: /root/Lunar_ROADSTER/lr_ws/install/lx_msgs/local/lib/python3.10/dist-packages/lx_msgs/msg/_tool_info.py
[6.116s] -- Up-to-date: /root/Lunar_ROADSTER/lr_ws/install/lx_msgs/local/lib/python3.10/dist-packages/lx_msgs/msg/_tool_info_s.c
[6.117s] -- Up-to-date: /root/Lunar_ROADSTER/lr_ws/install/lx_msgs/local/lib/python3.10/dist-packages/lx_msgs/msg/_berm_progress.py
[6.117s] -- Up-to-date: /root/Lunar_ROADSTER/lr_ws/install/lx_msgs/local/lib/python3.10/dist-packages/lx_msgs/msg/_berm_progress_s.c
[6.118s] -- Up-to-date: /root/Lunar_ROADSTER/lr_ws/install/lx_msgs/local/lib/python3.10/dist-packages/lx_msgs/msg/_berm_config.py
[6.118s] -- Up-to-date: /root/Lunar_ROADSTER/lr_ws/install/lx_msgs/local/lib/python3.10/dist-packages/lx_msgs/msg/_berm_config_s.c
[6.118s] -- Up-to-date: /root/Lunar_ROADSTER/lr_ws/install/lx_msgs/local/lib/python3.10/dist-packages/lx_msgs/msg/_planned_task.py
[6.118s] -- Up-to-date: /root/Lunar_ROADSTER/lr_ws/install/lx_msgs/local/lib/python3.10/dist-packages/lx_msgs/msg/_planned_task_s.c
[6.119s] -- Up-to-date: /root/Lunar_ROADSTER/lr_ws/install/lx_msgs/local/lib/python3.10/dist-packages/lx_msgs/msg/_node_diagnostics.py
[6.119s] -- Up-to-date: /root/Lunar_ROADSTER/lr_ws/install/lx_msgs/local/lib/python3.10/dist-packages/lx_msgs/msg/_node_diagnostics_s.c
[6.119s] -- Up-to-date: /root/Lunar_ROADSTER/lr_ws/install/lx_msgs/local/lib/python3.10/dist-packages/lx_msgs/msg/_berm_section.py
[6.119s] -- Up-to-date: /root/Lunar_ROADSTER/lr_ws/install/lx_msgs/local/lib/python3.10/dist-packages/lx_msgs/msg/_berm_section_s.c
[6.119s] -- Up-to-date: /root/Lunar_ROADSTER/lr_ws/install/lx_msgs/local/lib/python3.10/dist-packages/lx_msgs/msg/__init__.py
[6.120s] -- Up-to-date: /root/Lunar_ROADSTER/lr_ws/install/lx_msgs/local/lib/python3.10/dist-packages/lx_msgs/srv
[6.138s] -- Up-to-date: /root/Lunar_ROADSTER/lr_ws/install/lx_msgs/local/lib/python3.10/dist-packages/lx_msgs/srv/_berm_progress_eval.py
[6.138s] -- Up-to-date: /root/Lunar_ROADSTER/lr_ws/install/lx_msgs/local/lib/python3.10/dist-packages/lx_msgs/srv/_berm_progress_eval_s.c
[6.138s] -- Up-to-date: /root/Lunar_ROADSTER/lr_ws/install/lx_msgs/local/lib/python3.10/dist-packages/lx_msgs/srv/_switch.py
[6.139s] -- Up-to-date: /root/Lunar_ROADSTER/lr_ws/install/lx_msgs/local/lib/python3.10/dist-packages/lx_msgs/srv/_switch_s.c
[6.139s] -- Up-to-date: /root/Lunar_ROADSTER/lr_ws/install/lx_msgs/local/lib/python3.10/dist-packages/lx_msgs/srv/_plan.py
[6.139s] -- Up-to-date: /root/Lunar_ROADSTER/lr_ws/install/lx_msgs/local/lib/python3.10/dist-packages/lx_msgs/srv/_plan_s.c
[6.139s] -- Up-to-date: /root/Lunar_ROADSTER/lr_ws/install/lx_msgs/local/lib/python3.10/dist-packages/lx_msgs/srv/_user_input_record.py
[6.140s] -- Up-to-date: /root/Lunar_ROADSTER/lr_ws/install/lx_msgs/local/lib/python3.10/dist-packages/lx_msgs/srv/_user_input_record_s.c
[6.140s] -- Up-to-date: /root/Lunar_ROADSTER/lr_ws/install/lx_msgs/local/lib/python3.10/dist-packages/lx_msgs/srv/_berm_service.py
[6.140s] -- Up-to-date: /root/Lunar_ROADSTER/lr_ws/install/lx_msgs/local/lib/python3.10/dist-packages/lx_msgs/srv/_berm_service_s.c
[6.140s] -- Up-to-date: /root/Lunar_ROADSTER/lr_ws/install/lx_msgs/local/lib/python3.10/dist-packages/lx_msgs/srv/_zone_service.py
[6.141s] -- Up-to-date: /root/Lunar_ROADSTER/lr_ws/install/lx_msgs/local/lib/python3.10/dist-packages/lx_msgs/srv/_zone_service_s.c
[6.141s] -- Up-to-date: /root/Lunar_ROADSTER/lr_ws/install/lx_msgs/local/lib/python3.10/dist-packages/lx_msgs/srv/_request_rover_service.py
[6.141s] -- Up-to-date: /root/Lunar_ROADSTER/lr_ws/install/lx_msgs/local/lib/python3.10/dist-packages/lx_msgs/srv/_request_rover_service_s.c
[6.142s] -- Up-to-date: /root/Lunar_ROADSTER/lr_ws/install/lx_msgs/local/lib/python3.10/dist-packages/lx_msgs/srv/_pcl_ground_height.py
[6.142s] -- Up-to-date: /root/Lunar_ROADSTER/lr_ws/install/lx_msgs/local/lib/python3.10/dist-packages/lx_msgs/srv/_pcl_ground_height_s.c
[6.142s] -- Up-to-date: /root/Lunar_ROADSTER/lr_ws/install/lx_msgs/local/lib/python3.10/dist-packages/lx_msgs/srv/__init__.py
[6.142s] -- Up-to-date: /root/Lunar_ROADSTER/lr_ws/install/lx_msgs/local/lib/python3.10/dist-packages/lx_msgs/action
[6.146s] -- Up-to-date: /root/Lunar_ROADSTER/lr_ws/install/lx_msgs/local/lib/python3.10/dist-packages/lx_msgs/action/_operation.py
[6.146s] -- Up-to-date: /root/Lunar_ROADSTER/lr_ws/install/lx_msgs/local/lib/python3.10/dist-packages/lx_msgs/action/_operation_s.c
[6.147s] -- Up-to-date: /root/Lunar_ROADSTER/lr_ws/install/lx_msgs/local/lib/python3.10/dist-packages/lx_msgs/action/_auto_dig.py
[6.147s] -- Up-to-date: /root/Lunar_ROADSTER/lr_ws/install/lx_msgs/local/lib/python3.10/dist-packages/lx_msgs/action/_auto_dig_s.c
[6.147s] -- Up-to-date: /root/Lunar_ROADSTER/lr_ws/install/lx_msgs/local/lib/python3.10/dist-packages/lx_msgs/action/_auto_dump.py
[6.147s] -- Up-to-date: /root/Lunar_ROADSTER/lr_ws/install/lx_msgs/local/lib/python3.10/dist-packages/lx_msgs/action/_auto_dump_s.c
[6.148s] -- Up-to-date: /root/Lunar_ROADSTER/lr_ws/install/lx_msgs/local/lib/python3.10/dist-packages/lx_msgs/action/_auto_nav.py
[6.148s] -- Up-to-date: /root/Lunar_ROADSTER/lr_ws/install/lx_msgs/local/lib/python3.10/dist-packages/lx_msgs/action/_auto_nav_s.c
[6.148s] -- Up-to-date: /root/Lunar_ROADSTER/lr_ws/install/lx_msgs/local/lib/python3.10/dist-packages/lx_msgs/action/_calibrate_imu.py
[6.149s] -- Up-to-date: /root/Lunar_ROADSTER/lr_ws/install/lx_msgs/local/lib/python3.10/dist-packages/lx_msgs/action/_calibrate_imu_s.c
[6.155s] -- Up-to-date: /root/Lunar_ROADSTER/lr_ws/install/lx_msgs/local/lib/python3.10/dist-packages/lx_msgs/action/__init__.py
[6.157s] -- Up-to-date: /root/Lunar_ROADSTER/lr_ws/install/lx_msgs/local/lib/python3.10/dist-packages/lx_msgs/_lx_msgs_s.ep.rosidl_typesupport_fastrtps_c.c
[6.157s] -- Up-to-date: /root/Lunar_ROADSTER/lr_ws/install/lx_msgs/local/lib/python3.10/dist-packages/lx_msgs/_lx_msgs_s.ep.rosidl_typesupport_introspection_c.c
[6.158s] -- Up-to-date: /root/Lunar_ROADSTER/lr_ws/install/lx_msgs/local/lib/python3.10/dist-packages/lx_msgs/_lx_msgs_s.ep.rosidl_typesupport_c.c
[6.158s] -- Up-to-date: /root/Lunar_ROADSTER/lr_ws/install/lx_msgs/local/lib/python3.10/dist-packages/lx_msgs/liblx_msgs__rosidl_generator_py.so
[6.158s] -- Up-to-date: /root/Lunar_ROADSTER/lr_ws/install/lx_msgs/local/lib/python3.10/dist-packages/lx_msgs/lx_msgs_s__rosidl_typesupport_fastrtps_c.cpython-310-aarch64-linux-gnu.so
[6.159s] -- Up-to-date: /root/Lunar_ROADSTER/lr_ws/install/lx_msgs/local/lib/python3.10/dist-packages/lx_msgs/lx_msgs_s__rosidl_typesupport_c.cpython-310-aarch64-linux-gnu.so
[6.160s] -- Up-to-date: /root/Lunar_ROADSTER/lr_ws/install/lx_msgs/local/lib/python3.10/dist-packages/lx_msgs/lx_msgs_s__rosidl_typesupport_introspection_c.cpython-310-aarch64-linux-gnu.so
[6.435s] Listing '/root/Lunar_ROADSTER/lr_ws/install/lx_msgs/local/lib/python3.10/dist-packages/lx_msgs'...
[6.435s] Listing '/root/Lunar_ROADSTER/lr_ws/install/lx_msgs/local/lib/python3.10/dist-packages/lx_msgs/action'...
[6.436s] Listing '/root/Lunar_ROADSTER/lr_ws/install/lx_msgs/local/lib/python3.10/dist-packages/lx_msgs/msg'...
[6.436s] Listing '/root/Lunar_ROADSTER/lr_ws/install/lx_msgs/local/lib/python3.10/dist-packages/lx_msgs/srv'...
[6.436s] -- Up-to-date: /root/Lunar_ROADSTER/lr_ws/install/lx_msgs/local/lib/python3.10/dist-packages/lx_msgs/lx_msgs_s__rosidl_typesupport_fastrtps_c.cpython-310-aarch64-linux-gnu.so
[6.436s] -- Up-to-date: /root/Lunar_ROADSTER/lr_ws/install/lx_msgs/local/lib/python3.10/dist-packages/lx_msgs/lx_msgs_s__rosidl_typesupport_introspection_c.cpython-310-aarch64-linux-gnu.so
[6.437s] -- Up-to-date: /root/Lunar_ROADSTER/lr_ws/install/lx_msgs/local/lib/python3.10/dist-packages/lx_msgs/lx_msgs_s__rosidl_typesupport_c.cpython-310-aarch64-linux-gnu.so
[6.437s] -- Up-to-date: /root/Lunar_ROADSTER/lr_ws/install/lx_msgs/lib/liblx_msgs__rosidl_generator_py.so
[6.438s] -- Up-to-date: /root/Lunar_ROADSTER/lr_ws/install/lx_msgs/share/lx_msgs/msg/RoverCommand.idl
[6.438s] -- Up-to-date: /root/Lunar_ROADSTER/lr_ws/install/lx_msgs/share/lx_msgs/msg/ToolInfo.idl
[6.438s] -- Up-to-date: /root/Lunar_ROADSTER/lr_ws/install/lx_msgs/share/lx_msgs/msg/BermProgress.idl
[6.439s] -- Up-to-date: /root/Lunar_ROADSTER/lr_ws/install/lx_msgs/share/lx_msgs/msg/BermConfig.idl
[6.439s] -- Up-to-date: /root/Lunar_ROADSTER/lr_ws/install/lx_msgs/share/lx_msgs/msg/PlannedTask.idl
[6.439s] -- Up-to-date: /root/Lunar_ROADSTER/lr_ws/install/lx_msgs/share/lx_msgs/msg/NodeDiagnostics.idl
[6.440s] -- Up-to-date: /root/Lunar_ROADSTER/lr_ws/install/lx_msgs/share/lx_msgs/msg/BermSection.idl
[6.440s] -- Up-to-date: /root/Lunar_ROADSTER/lr_ws/install/lx_msgs/share/lx_msgs/srv/BermProgressEval.idl
[6.440s] -- Up-to-date: /root/Lunar_ROADSTER/lr_ws/install/lx_msgs/share/lx_msgs/srv/Switch.idl
[6.441s] -- Up-to-date: /root/Lunar_ROADSTER/lr_ws/install/lx_msgs/share/lx_msgs/srv/Plan.idl
[6.441s] -- Up-to-date: /root/Lunar_ROADSTER/lr_ws/install/lx_msgs/share/lx_msgs/srv/UserInputRecord.idl
[6.441s] -- Up-to-date: /root/Lunar_ROADSTER/lr_ws/install/lx_msgs/share/lx_msgs/srv/BermService.idl
[6.442s] -- Up-to-date: /root/Lunar_ROADSTER/lr_ws/install/lx_msgs/share/lx_msgs/srv/ZoneService.idl
[6.442s] -- Up-to-date: /root/Lunar_ROADSTER/lr_ws/install/lx_msgs/share/lx_msgs/srv/RequestRoverService.idl
[6.442s] -- Up-to-date: /root/Lunar_ROADSTER/lr_ws/install/lx_msgs/share/lx_msgs/srv/PclGroundHeight.idl
[6.443s] -- Up-to-date: /root/Lunar_ROADSTER/lr_ws/install/lx_msgs/share/lx_msgs/action/Operation.idl
[6.443s] -- Up-to-date: /root/Lunar_ROADSTER/lr_ws/install/lx_msgs/share/lx_msgs/action/AutoDig.idl
[6.443s] -- Up-to-date: /root/Lunar_ROADSTER/lr_ws/install/lx_msgs/share/lx_msgs/action/AutoDump.idl
[6.443s] -- Up-to-date: /root/Lunar_ROADSTER/lr_ws/install/lx_msgs/share/lx_msgs/action/AutoNav.idl
[6.444s] -- Up-to-date: /root/Lunar_ROADSTER/lr_ws/install/lx_msgs/share/lx_msgs/action/CalibrateImu.idl
[6.444s] -- Up-to-date: /root/Lunar_ROADSTER/lr_ws/install/lx_msgs/share/lx_msgs/msg/RoverCommand.msg
[6.444s] -- Up-to-date: /root/Lunar_ROADSTER/lr_ws/install/lx_msgs/share/lx_msgs/msg/ToolInfo.msg
[6.445s] -- Up-to-date: /root/Lunar_ROADSTER/lr_ws/install/lx_msgs/share/lx_msgs/msg/BermProgress.msg
[6.445s] -- Up-to-date: /root/Lunar_ROADSTER/lr_ws/install/lx_msgs/share/lx_msgs/msg/BermConfig.msg
[6.445s] -- Up-to-date: /root/Lunar_ROADSTER/lr_ws/install/lx_msgs/share/lx_msgs/msg/PlannedTask.msg
[6.446s] -- Up-to-date: /root/Lunar_ROADSTER/lr_ws/install/lx_msgs/share/lx_msgs/msg/NodeDiagnostics.msg
[6.446s] -- Up-to-date: /root/Lunar_ROADSTER/lr_ws/install/lx_msgs/share/lx_msgs/msg/BermSection.msg
[6.447s] -- Up-to-date: /root/Lunar_ROADSTER/lr_ws/install/lx_msgs/share/lx_msgs/srv/BermProgressEval.srv
[6.448s] -- Up-to-date: /root/Lunar_ROADSTER/lr_ws/install/lx_msgs/share/lx_msgs/srv/BermProgressEval_Request.msg
[6.448s] -- Up-to-date: /root/Lunar_ROADSTER/lr_ws/install/lx_msgs/share/lx_msgs/srv/BermProgressEval_Response.msg
[6.448s] -- Up-to-date: /root/Lunar_ROADSTER/lr_ws/install/lx_msgs/share/lx_msgs/srv/Switch.srv
[6.449s] -- Up-to-date: /root/Lunar_ROADSTER/lr_ws/install/lx_msgs/share/lx_msgs/srv/Switch_Request.msg
[6.449s] -- Up-to-date: /root/Lunar_ROADSTER/lr_ws/install/lx_msgs/share/lx_msgs/srv/Switch_Response.msg
[6.449s] -- Up-to-date: /root/Lunar_ROADSTER/lr_ws/install/lx_msgs/share/lx_msgs/srv/Plan.srv
[6.450s] -- Up-to-date: /root/Lunar_ROADSTER/lr_ws/install/lx_msgs/share/lx_msgs/srv/Plan_Request.msg
[6.450s] -- Up-to-date: /root/Lunar_ROADSTER/lr_ws/install/lx_msgs/share/lx_msgs/srv/Plan_Response.msg
[6.450s] -- Up-to-date: /root/Lunar_ROADSTER/lr_ws/install/lx_msgs/share/lx_msgs/srv/UserInputRecord.srv
[6.451s] -- Up-to-date: /root/Lunar_ROADSTER/lr_ws/install/lx_msgs/share/lx_msgs/srv/UserInputRecord_Request.msg
[6.451s] -- Up-to-date: /root/Lunar_ROADSTER/lr_ws/install/lx_msgs/share/lx_msgs/srv/UserInputRecord_Response.msg
[6.452s] -- Up-to-date: /root/Lunar_ROADSTER/lr_ws/install/lx_msgs/share/lx_msgs/srv/BermService.srv
[6.452s] -- Up-to-date: /root/Lunar_ROADSTER/lr_ws/install/lx_msgs/share/lx_msgs/srv/BermService_Request.msg
[6.452s] -- Up-to-date: /root/Lunar_ROADSTER/lr_ws/install/lx_msgs/share/lx_msgs/srv/BermService_Response.msg
[6.453s] -- Up-to-date: /root/Lunar_ROADSTER/lr_ws/install/lx_msgs/share/lx_msgs/srv/ZoneService.srv
[6.454s] -- Up-to-date: /root/Lunar_ROADSTER/lr_ws/install/lx_msgs/share/lx_msgs/srv/ZoneService_Request.msg
[6.454s] -- Up-to-date: /root/Lunar_ROADSTER/lr_ws/install/lx_msgs/share/lx_msgs/srv/ZoneService_Response.msg
[6.455s] -- Up-to-date: /root/Lunar_ROADSTER/lr_ws/install/lx_msgs/share/lx_msgs/srv/RequestRoverService.srv
[6.455s] -- Up-to-date: /root/Lunar_ROADSTER/lr_ws/install/lx_msgs/share/lx_msgs/srv/RequestRoverService_Request.msg
[6.455s] -- Up-to-date: /root/Lunar_ROADSTER/lr_ws/install/lx_msgs/share/lx_msgs/srv/RequestRoverService_Response.msg
[6.456s] -- Up-to-date: /root/Lunar_ROADSTER/lr_ws/install/lx_msgs/share/lx_msgs/srv/PclGroundHeight.srv
[6.457s] -- Up-to-date: /root/Lunar_ROADSTER/lr_ws/install/lx_msgs/share/lx_msgs/srv/PclGroundHeight_Request.msg
[6.457s] -- Up-to-date: /root/Lunar_ROADSTER/lr_ws/install/lx_msgs/share/lx_msgs/srv/PclGroundHeight_Response.msg
[6.457s] -- Up-to-date: /root/Lunar_ROADSTER/lr_ws/install/lx_msgs/share/lx_msgs/action/Operation.action
[6.458s] -- Up-to-date: /root/Lunar_ROADSTER/lr_ws/install/lx_msgs/share/lx_msgs/action/AutoDig.action
[6.458s] -- Up-to-date: /root/Lunar_ROADSTER/lr_ws/install/lx_msgs/share/lx_msgs/action/AutoDump.action
[6.458s] -- Up-to-date: /root/Lunar_ROADSTER/lr_ws/install/lx_msgs/share/lx_msgs/action/AutoNav.action
[6.459s] -- Up-to-date: /root/Lunar_ROADSTER/lr_ws/install/lx_msgs/share/lx_msgs/action/CalibrateImu.action
[6.459s] -- Up-to-date: /root/Lunar_ROADSTER/lr_ws/install/lx_msgs/share/ament_index/resource_index/package_run_dependencies/lx_msgs
[6.459s] -- Up-to-date: /root/Lunar_ROADSTER/lr_ws/install/lx_msgs/share/ament_index/resource_index/parent_prefix_path/lx_msgs
[6.460s] -- Up-to-date: /root/Lunar_ROADSTER/lr_ws/install/lx_msgs/share/lx_msgs/environment/ament_prefix_path.sh
[6.460s] -- Up-to-date: /root/Lunar_ROADSTER/lr_ws/install/lx_msgs/share/lx_msgs/environment/ament_prefix_path.dsv
[6.460s] -- Up-to-date: /root/Lunar_ROADSTER/lr_ws/install/lx_msgs/share/lx_msgs/environment/path.sh
[6.460s] -- Up-to-date: /root/Lunar_ROADSTER/lr_ws/install/lx_msgs/share/lx_msgs/environment/path.dsv
[6.461s] -- Up-to-date: /root/Lunar_ROADSTER/lr_ws/install/lx_msgs/share/lx_msgs/local_setup.bash
[6.461s] -- Up-to-date: /root/Lunar_ROADSTER/lr_ws/install/lx_msgs/share/lx_msgs/local_setup.sh
[6.461s] -- Up-to-date: /root/Lunar_ROADSTER/lr_ws/install/lx_msgs/share/lx_msgs/local_setup.zsh
[6.462s] -- Up-to-date: /root/Lunar_ROADSTER/lr_ws/install/lx_msgs/share/lx_msgs/local_setup.dsv
[6.462s] -- Installing: /root/Lunar_ROADSTER/lr_ws/install/lx_msgs/share/lx_msgs/package.dsv
[6.462s] -- Up-to-date: /root/Lunar_ROADSTER/lr_ws/install/lx_msgs/share/ament_index/resource_index/packages/lx_msgs
[6.462s] -- Up-to-date: /root/Lunar_ROADSTER/lr_ws/install/lx_msgs/share/lx_msgs/cmake/export_lx_msgs__rosidl_generator_cExport.cmake
[6.463s] -- Up-to-date: /root/Lunar_ROADSTER/lr_ws/install/lx_msgs/share/lx_msgs/cmake/export_lx_msgs__rosidl_generator_cExport-noconfig.cmake
[6.463s] -- Up-to-date: /root/Lunar_ROADSTER/lr_ws/install/lx_msgs/share/lx_msgs/cmake/export_lx_msgs__rosidl_typesupport_fastrtps_cExport.cmake
[6.463s] -- Up-to-date: /root/Lunar_ROADSTER/lr_ws/install/lx_msgs/share/lx_msgs/cmake/export_lx_msgs__rosidl_typesupport_fastrtps_cExport-noconfig.cmake
[6.464s] -- Up-to-date: /root/Lunar_ROADSTER/lr_ws/install/lx_msgs/share/lx_msgs/cmake/export_lx_msgs__rosidl_generator_cppExport.cmake
[6.464s] -- Up-to-date: /root/Lunar_ROADSTER/lr_ws/install/lx_msgs/share/lx_msgs/cmake/export_lx_msgs__rosidl_typesupport_fastrtps_cppExport.cmake
[6.465s] -- Up-to-date: /root/Lunar_ROADSTER/lr_ws/install/lx_msgs/share/lx_msgs/cmake/export_lx_msgs__rosidl_typesupport_fastrtps_cppExport-noconfig.cmake
[6.465s] -- Up-to-date: /root/Lunar_ROADSTER/lr_ws/install/lx_msgs/share/lx_msgs/cmake/lx_msgs__rosidl_typesupport_introspection_cExport.cmake
[6.465s] -- Up-to-date: /root/Lunar_ROADSTER/lr_ws/install/lx_msgs/share/lx_msgs/cmake/lx_msgs__rosidl_typesupport_introspection_cExport-noconfig.cmake
[6.466s] -- Up-to-date: /root/Lunar_ROADSTER/lr_ws/install/lx_msgs/share/lx_msgs/cmake/lx_msgs__rosidl_typesupport_cExport.cmake
[6.466s] -- Up-to-date: /root/Lunar_ROADSTER/lr_ws/install/lx_msgs/share/lx_msgs/cmake/lx_msgs__rosidl_typesupport_cExport-noconfig.cmake
[6.466s] -- Up-to-date: /root/Lunar_ROADSTER/lr_ws/install/lx_msgs/share/lx_msgs/cmake/lx_msgs__rosidl_typesupport_introspection_cppExport.cmake
[6.467s] -- Up-to-date: /root/Lunar_ROADSTER/lr_ws/install/lx_msgs/share/lx_msgs/cmake/lx_msgs__rosidl_typesupport_introspection_cppExport-noconfig.cmake
[6.467s] -- Up-to-date: /root/Lunar_ROADSTER/lr_ws/install/lx_msgs/share/lx_msgs/cmake/lx_msgs__rosidl_typesupport_cppExport.cmake
[6.467s] -- Up-to-date: /root/Lunar_ROADSTER/lr_ws/install/lx_msgs/share/lx_msgs/cmake/lx_msgs__rosidl_typesupport_cppExport-noconfig.cmake
[6.468s] -- Up-to-date: /root/Lunar_ROADSTER/lr_ws/install/lx_msgs/share/lx_msgs/cmake/export_lx_msgs__rosidl_generator_pyExport.cmake
[6.468s] -- Up-to-date: /root/Lunar_ROADSTER/lr_ws/install/lx_msgs/share/lx_msgs/cmake/export_lx_msgs__rosidl_generator_pyExport-noconfig.cmake
[6.468s] -- Up-to-date: /root/Lunar_ROADSTER/lr_ws/install/lx_msgs/share/lx_msgs/cmake/rosidl_cmake-extras.cmake
[6.469s] -- Up-to-date: /root/Lunar_ROADSTER/lr_ws/install/lx_msgs/share/lx_msgs/cmake/ament_cmake_export_dependencies-extras.cmake
[6.469s] -- Up-to-date: /root/Lunar_ROADSTER/lr_ws/install/lx_msgs/share/lx_msgs/cmake/ament_cmake_export_include_directories-extras.cmake
[6.469s] -- Up-to-date: /root/Lunar_ROADSTER/lr_ws/install/lx_msgs/share/lx_msgs/cmake/ament_cmake_export_libraries-extras.cmake
[6.470s] -- Up-to-date: /root/Lunar_ROADSTER/lr_ws/install/lx_msgs/share/lx_msgs/cmake/ament_cmake_export_targets-extras.cmake
[6.470s] -- Up-to-date: /root/Lunar_ROADSTER/lr_ws/install/lx_msgs/share/lx_msgs/cmake/rosidl_cmake_export_typesupport_targets-extras.cmake
[6.472s] -- Up-to-date: /root/Lunar_ROADSTER/lr_ws/install/lx_msgs/share/lx_msgs/cmake/rosidl_cmake_export_typesupport_libraries-extras.cmake
[6.472s] -- Up-to-date: /root/Lunar_ROADSTER/lr_ws/install/lx_msgs/share/lx_msgs/cmake/lx_msgsConfig.cmake
[6.472s] -- Up-to-date: /root/Lunar_ROADSTER/lr_ws/install/lx_msgs/share/lx_msgs/cmake/lx_msgsConfig-version.cmake
[6.473s] -- Up-to-date: /root/Lunar_ROADSTER/lr_ws/install/lx_msgs/share/lx_msgs/package.xml
[6.495s] Invoked command in '/root/Lunar_ROADSTER/lr_ws/build/lx_msgs' returned '0': CMAKE_PREFIX_PATH=/opt/ros/humble /usr/local/bin/cmake --install /root/Lunar_ROADSTER/lr_ws/build/lx_msgs
