[0.042s] Invoking command in '/home/williamfbx/Lunar-ROADSTER/lr_ws/build/zed_tutorial_pos_tracking': CMAKE_PREFIX_PATH=/opt/ros/humble /usr/bin/cmake /home/williamfbx/Lunar-ROADSTER/lr_ws/src/drivers/zed-ros2-examples/tutorials/zed_pose_tutorial -DCMAKE_INSTALL_PREFIX=/home/williamfbx/Lunar-ROADSTER/lr_ws/install/zed_tutorial_pos_tracking
[0.194s] -- The C compiler identification is GNU 11.4.0
[0.303s] -- The CXX compiler identification is GNU 11.4.0
[0.316s] -- Detecting C compiler ABI info
[0.406s] -- Detecting C compiler ABI info - done
[0.415s] -- Check for working C compiler: /usr/bin/cc - skipped
[0.415s] -- Detecting C compile features
[0.416s] -- Detecting C compile features - done
[0.420s] -- Detecting CXX compiler ABI info
[0.530s] -- Detecting CXX compiler ABI info - done
[0.534s] -- Check for working CXX compiler: /usr/bin/c++ - skipped
[0.535s] -- Detecting CXX compile features
[0.537s] -- Detecting CXX compile features - done
[0.540s] -- Found ament_cmake_auto: 1.3.11 (/opt/ros/humble/share/ament_cmake_auto/cmake)
[0.786s] -- Found Python3: /usr/bin/python3 (found version "3.10.12") found components: Interpreter 
[1.213s] -- Found rosidl_generator_c: 3.1.6 (/opt/ros/humble/share/rosidl_generator_c/cmake)
[1.222s] -- Found rosidl_adapter: 3.1.6 (/opt/ros/humble/share/rosidl_adapter/cmake)
[1.236s] -- Found rosidl_generator_cpp: 3.1.6 (/opt/ros/humble/share/rosidl_generator_cpp/cmake)
[1.260s] -- Using all available rosidl_typesupport_c: rosidl_typesupport_fastrtps_c;rosidl_typesupport_introspection_c
[1.292s] -- Using all available rosidl_typesupport_cpp: rosidl_typesupport_fastrtps_cpp;rosidl_typesupport_introspection_cpp
[1.353s] -- Found rmw_implementation_cmake: 6.1.2 (/opt/ros/humble/share/rmw_implementation_cmake/cmake)
[1.357s] -- Found rmw_fastrtps_cpp: 6.2.7 (/opt/ros/humble/share/rmw_fastrtps_cpp/cmake)
[1.459s] -- Found OpenSSL: /usr/lib/x86_64-linux-gnu/libcrypto.so (found version "3.0.2")  
[1.531s] -- Found FastRTPS: /opt/ros/humble/include  
[1.614s] -- Using RMW implementation 'rmw_fastrtps_cpp' as default
[1.631s] -- Looking for pthread.h
[1.737s] -- Looking for pthread.h - found
[1.737s] -- Performing Test CMAKE_HAVE_LIBC_PTHREAD
[1.856s] -- Performing Test CMAKE_HAVE_LIBC_PTHREAD - Success
[1.857s] -- Found Threads: TRUE  
[2.333s] -- Found ament_lint_auto: 0.12.11 (/opt/ros/humble/share/ament_lint_auto/cmake)
[2.357s] -- Added test 'copyright' to check source files copyright and LICENSE
[2.358s] -- Added test 'cppcheck' to perform static code analysis on C / C++ code
[2.359s] -- Configured cppcheck include dirs: 
[2.360s] -- Configured cppcheck exclude dirs and/or files: 
[2.360s] -- Added test 'cpplint' to check C / C++ code against the Google style
[2.360s] -- Configured cpplint exclude dirs and/or files: 
[2.361s] -- Added test 'lint_cmake' to check CMake code style
[2.364s] -- Added test 'uncrustify' to check C / C++ code style
[2.365s] -- Configured uncrustify additional arguments: 
[2.365s] -- Added test 'xmllint' to check XML markup files
[2.365s] -- Added test 'clang_format' to check C / C++ code style
[2.365s] -- Configuring done
[2.380s] -- Generating done
[2.385s] -- Build files have been written to: /home/williamfbx/Lunar-ROADSTER/lr_ws/build/zed_tutorial_pos_tracking
[2.402s] Invoked command in '/home/williamfbx/Lunar-ROADSTER/lr_ws/build/zed_tutorial_pos_tracking' returned '0': CMAKE_PREFIX_PATH=/opt/ros/humble /usr/bin/cmake /home/williamfbx/Lunar-ROADSTER/lr_ws/src/drivers/zed-ros2-examples/tutorials/zed_pose_tutorial -DCMAKE_INSTALL_PREFIX=/home/williamfbx/Lunar-ROADSTER/lr_ws/install/zed_tutorial_pos_tracking
[2.405s] Invoking command in '/home/williamfbx/Lunar-ROADSTER/lr_ws/build/zed_tutorial_pos_tracking': CMAKE_PREFIX_PATH=/opt/ros/humble /usr/bin/cmake --build /home/williamfbx/Lunar-ROADSTER/lr_ws/build/zed_tutorial_pos_tracking -- -j12 -l12
[2.469s] [ 50%] [32mBuilding CXX object CMakeFiles/zed_tutorial_pos_tracking.dir/src/zed_tutorial_pos_tracking.cpp.o[0m
[25.294s] [100%] [32m[1mLinking CXX executable zed_tutorial_pos_tracking[0m
[25.620s] [100%] Built target zed_tutorial_pos_tracking
[25.633s] Invoked command in '/home/williamfbx/Lunar-ROADSTER/lr_ws/build/zed_tutorial_pos_tracking' returned '0': CMAKE_PREFIX_PATH=/opt/ros/humble /usr/bin/cmake --build /home/williamfbx/Lunar-ROADSTER/lr_ws/build/zed_tutorial_pos_tracking -- -j12 -l12
[25.634s] Invoking command in '/home/williamfbx/Lunar-ROADSTER/lr_ws/build/zed_tutorial_pos_tracking': CMAKE_PREFIX_PATH=/opt/ros/humble /usr/bin/cmake --install /home/williamfbx/Lunar-ROADSTER/lr_ws/build/zed_tutorial_pos_tracking
[25.643s] -- Install configuration: "Release"
[25.643s] -- Installing: /home/williamfbx/Lunar-ROADSTER/lr_ws/install/zed_tutorial_pos_tracking/lib/zed_tutorial_pos_tracking/zed_tutorial_pos_tracking
[25.644s] -- Set runtime path of "/home/williamfbx/Lunar-ROADSTER/lr_ws/install/zed_tutorial_pos_tracking/lib/zed_tutorial_pos_tracking/zed_tutorial_pos_tracking" to ""
[25.644s] -- Installing: /home/williamfbx/Lunar-ROADSTER/lr_ws/install/zed_tutorial_pos_tracking/share/ament_index/resource_index/package_run_dependencies/zed_tutorial_pos_tracking
[25.644s] -- Installing: /home/williamfbx/Lunar-ROADSTER/lr_ws/install/zed_tutorial_pos_tracking/share/ament_index/resource_index/parent_prefix_path/zed_tutorial_pos_tracking
[25.645s] -- Installing: /home/williamfbx/Lunar-ROADSTER/lr_ws/install/zed_tutorial_pos_tracking/share/zed_tutorial_pos_tracking/environment/ament_prefix_path.sh
[25.645s] -- Installing: /home/williamfbx/Lunar-ROADSTER/lr_ws/install/zed_tutorial_pos_tracking/share/zed_tutorial_pos_tracking/environment/ament_prefix_path.dsv
[25.645s] -- Installing: /home/williamfbx/Lunar-ROADSTER/lr_ws/install/zed_tutorial_pos_tracking/share/zed_tutorial_pos_tracking/environment/path.sh
[25.645s] -- Installing: /home/williamfbx/Lunar-ROADSTER/lr_ws/install/zed_tutorial_pos_tracking/share/zed_tutorial_pos_tracking/environment/path.dsv
[25.645s] -- Installing: /home/williamfbx/Lunar-ROADSTER/lr_ws/install/zed_tutorial_pos_tracking/share/zed_tutorial_pos_tracking/local_setup.bash
[25.645s] -- Installing: /home/williamfbx/Lunar-ROADSTER/lr_ws/install/zed_tutorial_pos_tracking/share/zed_tutorial_pos_tracking/local_setup.sh
[25.645s] -- Installing: /home/williamfbx/Lunar-ROADSTER/lr_ws/install/zed_tutorial_pos_tracking/share/zed_tutorial_pos_tracking/local_setup.zsh
[25.645s] -- Installing: /home/williamfbx/Lunar-ROADSTER/lr_ws/install/zed_tutorial_pos_tracking/share/zed_tutorial_pos_tracking/local_setup.dsv
[25.646s] -- Installing: /home/williamfbx/Lunar-ROADSTER/lr_ws/install/zed_tutorial_pos_tracking/share/zed_tutorial_pos_tracking/package.dsv
[25.646s] -- Installing: /home/williamfbx/Lunar-ROADSTER/lr_ws/install/zed_tutorial_pos_tracking/share/ament_index/resource_index/packages/zed_tutorial_pos_tracking
[25.646s] -- Installing: /home/williamfbx/Lunar-ROADSTER/lr_ws/install/zed_tutorial_pos_tracking/share/zed_tutorial_pos_tracking/cmake/zed_tutorial_pos_trackingConfig.cmake
[25.646s] -- Installing: /home/williamfbx/Lunar-ROADSTER/lr_ws/install/zed_tutorial_pos_tracking/share/zed_tutorial_pos_tracking/cmake/zed_tutorial_pos_trackingConfig-version.cmake
[25.646s] -- Installing: /home/williamfbx/Lunar-ROADSTER/lr_ws/install/zed_tutorial_pos_tracking/share/zed_tutorial_pos_tracking/package.xml
[25.648s] Invoked command in '/home/williamfbx/Lunar-ROADSTER/lr_ws/build/zed_tutorial_pos_tracking' returned '0': CMAKE_PREFIX_PATH=/opt/ros/humble /usr/bin/cmake --install /home/williamfbx/Lunar-ROADSTER/lr_ws/build/zed_tutorial_pos_tracking
