[0.282s] Invoking command in '/root/Lunar_ROADSTER/lr_ws/build/nav_2d_msgs': CMAKE_PREFIX_PATH=${CMAKE_PREFIX_PATH}:/root/Lunar_ROADSTER/lr_ws/install/nav2_simple_commander:/opt/ros/humble /usr/local/bin/cmake --build /root/Lunar_ROADSTER/lr_ws/build/nav_2d_msgs -- -j4 -l4
[0.859s] [  1%] Built target nav_2d_msgs__cpp
[1.019s] [  4%] Built target ament_cmake_python_copy_nav_2d_msgs
[1.024s] [ 12%] Built target nav_2d_msgs__rosidl_generator_c
[1.299s] [ 23%] Built target nav_2d_msgs__rosidl_typesupport_fastrtps_cpp
[1.469s] [ 43%] Built target nav_2d_msgs__rosidl_typesupport_cpp
[1.473s] [ 46%] Built target nav_2d_msgs__rosidl_typesupport_introspection_cpp
[1.585s] [ 57%] Built target nav_2d_msgs__rosidl_typesupport_fastrtps_c
[1.711s] [ 69%] Built target nav_2d_msgs__rosidl_typesupport_introspection_c
[1.766s] [ 80%] Built target nav_2d_msgs__rosidl_typesupport_c
[2.037s] [ 80%] Built target nav_2d_msgs
[2.318s] [ 81%] Built target nav_2d_msgs__py
[2.635s] [ 91%] Built target nav_2d_msgs__rosidl_generator_py
[2.948s] [ 94%] Built target nav_2d_msgs__rosidl_typesupport_fastrtps_c__pyext
[2.953s] [ 97%] Built target nav_2d_msgs__rosidl_typesupport_introspection_c__pyext
[3.032s] [100%] Built target nav_2d_msgs__rosidl_typesupport_c__pyext
[3.956s] running egg_info
[3.961s] writing nav_2d_msgs.egg-info/PKG-INFO
[3.963s] writing dependency_links to nav_2d_msgs.egg-info/dependency_links.txt
[3.966s] writing top-level names to nav_2d_msgs.egg-info/top_level.txt
[3.989s] reading manifest file 'nav_2d_msgs.egg-info/SOURCES.txt'
[3.994s] writing manifest file 'nav_2d_msgs.egg-info/SOURCES.txt'
[4.149s] [100%] Built target ament_cmake_python_build_nav_2d_msgs_egg
[4.213s] Invoked command in '/root/Lunar_ROADSTER/lr_ws/build/nav_2d_msgs' returned '0': CMAKE_PREFIX_PATH=${CMAKE_PREFIX_PATH}:/root/Lunar_ROADSTER/lr_ws/install/nav2_simple_commander:/opt/ros/humble /usr/local/bin/cmake --build /root/Lunar_ROADSTER/lr_ws/build/nav_2d_msgs -- -j4 -l4
[4.214s] Invoking command in '/root/Lunar_ROADSTER/lr_ws/build/nav_2d_msgs': CMAKE_PREFIX_PATH=${CMAKE_PREFIX_PATH}:/root/Lunar_ROADSTER/lr_ws/install/nav2_simple_commander:/opt/ros/humble /usr/local/bin/cmake --install /root/Lunar_ROADSTER/lr_ws/build/nav_2d_msgs
[4.260s] -- Install configuration: ""
[4.261s] -- Up-to-date: /root/Lunar_ROADSTER/lr_ws/install/nav_2d_msgs/share/ament_index/resource_index/rosidl_interfaces/nav_2d_msgs
[4.263s] -- Up-to-date: /root/Lunar_ROADSTER/lr_ws/install/nav_2d_msgs/include/nav_2d_msgs/nav_2d_msgs
[4.264s] -- Up-to-date: /root/Lunar_ROADSTER/lr_ws/install/nav_2d_msgs/include/nav_2d_msgs/nav_2d_msgs/msg
[4.267s] -- Up-to-date: /root/Lunar_ROADSTER/lr_ws/install/nav_2d_msgs/include/nav_2d_msgs/nav_2d_msgs/msg/path2_d.h
[4.269s] -- Up-to-date: /root/Lunar_ROADSTER/lr_ws/install/nav_2d_msgs/include/nav_2d_msgs/nav_2d_msgs/msg/rosidl_generator_c__visibility_control.h
[4.269s] -- Up-to-date: /root/Lunar_ROADSTER/lr_ws/install/nav_2d_msgs/include/nav_2d_msgs/nav_2d_msgs/msg/detail
[4.272s] -- Up-to-date: /root/Lunar_ROADSTER/lr_ws/install/nav_2d_msgs/include/nav_2d_msgs/nav_2d_msgs/msg/detail/path2_d__functions.c
[4.273s] -- Up-to-date: /root/Lunar_ROADSTER/lr_ws/install/nav_2d_msgs/include/nav_2d_msgs/nav_2d_msgs/msg/detail/path2_d__functions.h
[4.274s] -- Up-to-date: /root/Lunar_ROADSTER/lr_ws/install/nav_2d_msgs/include/nav_2d_msgs/nav_2d_msgs/msg/detail/path2_d__struct.h
[4.274s] -- Up-to-date: /root/Lunar_ROADSTER/lr_ws/install/nav_2d_msgs/include/nav_2d_msgs/nav_2d_msgs/msg/detail/path2_d__type_support.h
[4.275s] -- Up-to-date: /root/Lunar_ROADSTER/lr_ws/install/nav_2d_msgs/include/nav_2d_msgs/nav_2d_msgs/msg/detail/pose2_d32__functions.c
[4.275s] -- Up-to-date: /root/Lunar_ROADSTER/lr_ws/install/nav_2d_msgs/include/nav_2d_msgs/nav_2d_msgs/msg/detail/pose2_d32__functions.h
[4.278s] -- Up-to-date: /root/Lunar_ROADSTER/lr_ws/install/nav_2d_msgs/include/nav_2d_msgs/nav_2d_msgs/msg/detail/pose2_d32__struct.h
[4.281s] -- Up-to-date: /root/Lunar_ROADSTER/lr_ws/install/nav_2d_msgs/include/nav_2d_msgs/nav_2d_msgs/msg/detail/pose2_d32__type_support.h
[4.282s] -- Up-to-date: /root/Lunar_ROADSTER/lr_ws/install/nav_2d_msgs/include/nav_2d_msgs/nav_2d_msgs/msg/detail/pose2_d_stamped__functions.c
[4.284s] -- Up-to-date: /root/Lunar_ROADSTER/lr_ws/install/nav_2d_msgs/include/nav_2d_msgs/nav_2d_msgs/msg/detail/pose2_d_stamped__functions.h
[4.285s] -- Up-to-date: /root/Lunar_ROADSTER/lr_ws/install/nav_2d_msgs/include/nav_2d_msgs/nav_2d_msgs/msg/detail/pose2_d_stamped__struct.h
[4.285s] -- Up-to-date: /root/Lunar_ROADSTER/lr_ws/install/nav_2d_msgs/include/nav_2d_msgs/nav_2d_msgs/msg/detail/pose2_d_stamped__type_support.h
[4.286s] -- Up-to-date: /root/Lunar_ROADSTER/lr_ws/install/nav_2d_msgs/include/nav_2d_msgs/nav_2d_msgs/msg/detail/twist2_d__functions.c
[4.288s] -- Up-to-date: /root/Lunar_ROADSTER/lr_ws/install/nav_2d_msgs/include/nav_2d_msgs/nav_2d_msgs/msg/detail/twist2_d__functions.h
[4.288s] -- Up-to-date: /root/Lunar_ROADSTER/lr_ws/install/nav_2d_msgs/include/nav_2d_msgs/nav_2d_msgs/msg/detail/twist2_d__struct.h
[4.289s] -- Up-to-date: /root/Lunar_ROADSTER/lr_ws/install/nav_2d_msgs/include/nav_2d_msgs/nav_2d_msgs/msg/detail/twist2_d__type_support.h
[4.289s] -- Up-to-date: /root/Lunar_ROADSTER/lr_ws/install/nav_2d_msgs/include/nav_2d_msgs/nav_2d_msgs/msg/detail/twist2_d32__functions.c
[4.289s] -- Up-to-date: /root/Lunar_ROADSTER/lr_ws/install/nav_2d_msgs/include/nav_2d_msgs/nav_2d_msgs/msg/detail/twist2_d32__functions.h
[4.290s] -- Up-to-date: /root/Lunar_ROADSTER/lr_ws/install/nav_2d_msgs/include/nav_2d_msgs/nav_2d_msgs/msg/detail/twist2_d32__struct.h
[4.290s] -- Up-to-date: /root/Lunar_ROADSTER/lr_ws/install/nav_2d_msgs/include/nav_2d_msgs/nav_2d_msgs/msg/detail/twist2_d32__type_support.h
[4.290s] -- Up-to-date: /root/Lunar_ROADSTER/lr_ws/install/nav_2d_msgs/include/nav_2d_msgs/nav_2d_msgs/msg/detail/twist2_d_stamped__functions.c
[4.291s] -- Up-to-date: /root/Lunar_ROADSTER/lr_ws/install/nav_2d_msgs/include/nav_2d_msgs/nav_2d_msgs/msg/detail/twist2_d_stamped__functions.h
[4.292s] -- Up-to-date: /root/Lunar_ROADSTER/lr_ws/install/nav_2d_msgs/include/nav_2d_msgs/nav_2d_msgs/msg/detail/twist2_d_stamped__struct.h
[4.303s] -- Up-to-date: /root/Lunar_ROADSTER/lr_ws/install/nav_2d_msgs/include/nav_2d_msgs/nav_2d_msgs/msg/detail/twist2_d_stamped__type_support.h
[4.303s] -- Up-to-date: /root/Lunar_ROADSTER/lr_ws/install/nav_2d_msgs/include/nav_2d_msgs/nav_2d_msgs/msg/pose2_d32.h
[4.304s] -- Up-to-date: /root/Lunar_ROADSTER/lr_ws/install/nav_2d_msgs/include/nav_2d_msgs/nav_2d_msgs/msg/pose2_d_stamped.h
[4.304s] -- Up-to-date: /root/Lunar_ROADSTER/lr_ws/install/nav_2d_msgs/include/nav_2d_msgs/nav_2d_msgs/msg/twist2_d.h
[4.304s] -- Up-to-date: /root/Lunar_ROADSTER/lr_ws/install/nav_2d_msgs/include/nav_2d_msgs/nav_2d_msgs/msg/twist2_d32.h
[4.304s] -- Up-to-date: /root/Lunar_ROADSTER/lr_ws/install/nav_2d_msgs/include/nav_2d_msgs/nav_2d_msgs/msg/twist2_d_stamped.h
[4.305s] -- Up-to-date: /root/Lunar_ROADSTER/lr_ws/install/nav_2d_msgs/share/nav_2d_msgs/environment/library_path.sh
[4.305s] -- Up-to-date: /root/Lunar_ROADSTER/lr_ws/install/nav_2d_msgs/share/nav_2d_msgs/environment/library_path.dsv
[4.305s] -- Up-to-date: /root/Lunar_ROADSTER/lr_ws/install/nav_2d_msgs/lib/libnav_2d_msgs__rosidl_generator_c.so
[4.306s] -- Up-to-date: /root/Lunar_ROADSTER/lr_ws/install/nav_2d_msgs/include/nav_2d_msgs/nav_2d_msgs
[4.306s] -- Up-to-date: /root/Lunar_ROADSTER/lr_ws/install/nav_2d_msgs/include/nav_2d_msgs/nav_2d_msgs/msg
[4.306s] -- Up-to-date: /root/Lunar_ROADSTER/lr_ws/install/nav_2d_msgs/include/nav_2d_msgs/nav_2d_msgs/msg/detail
[4.306s] -- Up-to-date: /root/Lunar_ROADSTER/lr_ws/install/nav_2d_msgs/include/nav_2d_msgs/nav_2d_msgs/msg/detail/path2_d__rosidl_typesupport_fastrtps_c.h
[4.307s] -- Up-to-date: /root/Lunar_ROADSTER/lr_ws/install/nav_2d_msgs/include/nav_2d_msgs/nav_2d_msgs/msg/detail/pose2_d32__rosidl_typesupport_fastrtps_c.h
[4.308s] -- Up-to-date: /root/Lunar_ROADSTER/lr_ws/install/nav_2d_msgs/include/nav_2d_msgs/nav_2d_msgs/msg/detail/pose2_d_stamped__rosidl_typesupport_fastrtps_c.h
[4.310s] -- Up-to-date: /root/Lunar_ROADSTER/lr_ws/install/nav_2d_msgs/include/nav_2d_msgs/nav_2d_msgs/msg/detail/twist2_d__rosidl_typesupport_fastrtps_c.h
[4.311s] -- Up-to-date: /root/Lunar_ROADSTER/lr_ws/install/nav_2d_msgs/include/nav_2d_msgs/nav_2d_msgs/msg/detail/twist2_d32__rosidl_typesupport_fastrtps_c.h
[4.311s] -- Up-to-date: /root/Lunar_ROADSTER/lr_ws/install/nav_2d_msgs/include/nav_2d_msgs/nav_2d_msgs/msg/detail/twist2_d_stamped__rosidl_typesupport_fastrtps_c.h
[4.312s] -- Up-to-date: /root/Lunar_ROADSTER/lr_ws/install/nav_2d_msgs/include/nav_2d_msgs/nav_2d_msgs/msg/rosidl_typesupport_fastrtps_c__visibility_control.h
[4.314s] -- Up-to-date: /root/Lunar_ROADSTER/lr_ws/install/nav_2d_msgs/lib/libnav_2d_msgs__rosidl_typesupport_fastrtps_c.so
[4.317s] -- Up-to-date: /root/Lunar_ROADSTER/lr_ws/install/nav_2d_msgs/include/nav_2d_msgs/nav_2d_msgs
[4.318s] -- Up-to-date: /root/Lunar_ROADSTER/lr_ws/install/nav_2d_msgs/include/nav_2d_msgs/nav_2d_msgs/msg
[4.322s] -- Up-to-date: /root/Lunar_ROADSTER/lr_ws/install/nav_2d_msgs/include/nav_2d_msgs/nav_2d_msgs/msg/path2_d.hpp
[4.322s] -- Up-to-date: /root/Lunar_ROADSTER/lr_ws/install/nav_2d_msgs/include/nav_2d_msgs/nav_2d_msgs/msg/detail
[4.329s] -- Up-to-date: /root/Lunar_ROADSTER/lr_ws/install/nav_2d_msgs/include/nav_2d_msgs/nav_2d_msgs/msg/detail/path2_d__builder.hpp
[4.329s] -- Up-to-date: /root/Lunar_ROADSTER/lr_ws/install/nav_2d_msgs/include/nav_2d_msgs/nav_2d_msgs/msg/detail/path2_d__struct.hpp
[4.330s] -- Up-to-date: /root/Lunar_ROADSTER/lr_ws/install/nav_2d_msgs/include/nav_2d_msgs/nav_2d_msgs/msg/detail/path2_d__traits.hpp
[4.330s] -- Up-to-date: /root/Lunar_ROADSTER/lr_ws/install/nav_2d_msgs/include/nav_2d_msgs/nav_2d_msgs/msg/detail/path2_d__type_support.hpp
[4.330s] -- Up-to-date: /root/Lunar_ROADSTER/lr_ws/install/nav_2d_msgs/include/nav_2d_msgs/nav_2d_msgs/msg/detail/pose2_d32__builder.hpp
[4.331s] -- Up-to-date: /root/Lunar_ROADSTER/lr_ws/install/nav_2d_msgs/include/nav_2d_msgs/nav_2d_msgs/msg/detail/pose2_d32__struct.hpp
[4.331s] -- Up-to-date: /root/Lunar_ROADSTER/lr_ws/install/nav_2d_msgs/include/nav_2d_msgs/nav_2d_msgs/msg/detail/pose2_d32__traits.hpp
[4.331s] -- Up-to-date: /root/Lunar_ROADSTER/lr_ws/install/nav_2d_msgs/include/nav_2d_msgs/nav_2d_msgs/msg/detail/pose2_d32__type_support.hpp
[4.331s] -- Up-to-date: /root/Lunar_ROADSTER/lr_ws/install/nav_2d_msgs/include/nav_2d_msgs/nav_2d_msgs/msg/detail/pose2_d_stamped__builder.hpp
[4.332s] -- Up-to-date: /root/Lunar_ROADSTER/lr_ws/install/nav_2d_msgs/include/nav_2d_msgs/nav_2d_msgs/msg/detail/pose2_d_stamped__struct.hpp
[4.332s] -- Up-to-date: /root/Lunar_ROADSTER/lr_ws/install/nav_2d_msgs/include/nav_2d_msgs/nav_2d_msgs/msg/detail/pose2_d_stamped__traits.hpp
[4.332s] -- Up-to-date: /root/Lunar_ROADSTER/lr_ws/install/nav_2d_msgs/include/nav_2d_msgs/nav_2d_msgs/msg/detail/pose2_d_stamped__type_support.hpp
[4.332s] -- Up-to-date: /root/Lunar_ROADSTER/lr_ws/install/nav_2d_msgs/include/nav_2d_msgs/nav_2d_msgs/msg/detail/twist2_d__builder.hpp
[4.333s] -- Up-to-date: /root/Lunar_ROADSTER/lr_ws/install/nav_2d_msgs/include/nav_2d_msgs/nav_2d_msgs/msg/detail/twist2_d__struct.hpp
[4.333s] -- Up-to-date: /root/Lunar_ROADSTER/lr_ws/install/nav_2d_msgs/include/nav_2d_msgs/nav_2d_msgs/msg/detail/twist2_d__traits.hpp
[4.363s] -- Up-to-date: /root/Lunar_ROADSTER/lr_ws/install/nav_2d_msgs/include/nav_2d_msgs/nav_2d_msgs/msg/detail/twist2_d__type_support.hpp
[4.364s] -- Up-to-date: /root/Lunar_ROADSTER/lr_ws/install/nav_2d_msgs/include/nav_2d_msgs/nav_2d_msgs/msg/detail/twist2_d32__builder.hpp
[4.364s] -- Up-to-date: /root/Lunar_ROADSTER/lr_ws/install/nav_2d_msgs/include/nav_2d_msgs/nav_2d_msgs/msg/detail/twist2_d32__struct.hpp
[4.365s] -- Up-to-date: /root/Lunar_ROADSTER/lr_ws/install/nav_2d_msgs/include/nav_2d_msgs/nav_2d_msgs/msg/detail/twist2_d32__traits.hpp
[4.365s] -- Up-to-date: /root/Lunar_ROADSTER/lr_ws/install/nav_2d_msgs/include/nav_2d_msgs/nav_2d_msgs/msg/detail/twist2_d32__type_support.hpp
[4.365s] -- Up-to-date: /root/Lunar_ROADSTER/lr_ws/install/nav_2d_msgs/include/nav_2d_msgs/nav_2d_msgs/msg/detail/twist2_d_stamped__builder.hpp
[4.366s] -- Up-to-date: /root/Lunar_ROADSTER/lr_ws/install/nav_2d_msgs/include/nav_2d_msgs/nav_2d_msgs/msg/detail/twist2_d_stamped__struct.hpp
[4.370s] -- Up-to-date: /root/Lunar_ROADSTER/lr_ws/install/nav_2d_msgs/include/nav_2d_msgs/nav_2d_msgs/msg/detail/twist2_d_stamped__traits.hpp
[4.371s] -- Up-to-date: /root/Lunar_ROADSTER/lr_ws/install/nav_2d_msgs/include/nav_2d_msgs/nav_2d_msgs/msg/detail/twist2_d_stamped__type_support.hpp
[4.372s] -- Up-to-date: /root/Lunar_ROADSTER/lr_ws/install/nav_2d_msgs/include/nav_2d_msgs/nav_2d_msgs/msg/rosidl_generator_cpp__visibility_control.hpp
[4.372s] -- Up-to-date: /root/Lunar_ROADSTER/lr_ws/install/nav_2d_msgs/include/nav_2d_msgs/nav_2d_msgs/msg/pose2_d32.hpp
[4.373s] -- Up-to-date: /root/Lunar_ROADSTER/lr_ws/install/nav_2d_msgs/include/nav_2d_msgs/nav_2d_msgs/msg/pose2_d_stamped.hpp
[4.373s] -- Up-to-date: /root/Lunar_ROADSTER/lr_ws/install/nav_2d_msgs/include/nav_2d_msgs/nav_2d_msgs/msg/twist2_d.hpp
[4.373s] -- Up-to-date: /root/Lunar_ROADSTER/lr_ws/install/nav_2d_msgs/include/nav_2d_msgs/nav_2d_msgs/msg/twist2_d32.hpp
[4.374s] -- Up-to-date: /root/Lunar_ROADSTER/lr_ws/install/nav_2d_msgs/include/nav_2d_msgs/nav_2d_msgs/msg/twist2_d_stamped.hpp
[4.374s] -- Up-to-date: /root/Lunar_ROADSTER/lr_ws/install/nav_2d_msgs/include/nav_2d_msgs/nav_2d_msgs
[4.374s] -- Up-to-date: /root/Lunar_ROADSTER/lr_ws/install/nav_2d_msgs/include/nav_2d_msgs/nav_2d_msgs/msg
[4.375s] -- Up-to-date: /root/Lunar_ROADSTER/lr_ws/install/nav_2d_msgs/include/nav_2d_msgs/nav_2d_msgs/msg/detail
[4.390s] -- Up-to-date: /root/Lunar_ROADSTER/lr_ws/install/nav_2d_msgs/include/nav_2d_msgs/nav_2d_msgs/msg/detail/path2_d__rosidl_typesupport_fastrtps_cpp.hpp
[4.390s] -- Up-to-date: /root/Lunar_ROADSTER/lr_ws/install/nav_2d_msgs/include/nav_2d_msgs/nav_2d_msgs/msg/detail/dds_fastrtps
[4.394s] -- Up-to-date: /root/Lunar_ROADSTER/lr_ws/install/nav_2d_msgs/include/nav_2d_msgs/nav_2d_msgs/msg/detail/pose2_d32__rosidl_typesupport_fastrtps_cpp.hpp
[4.394s] -- Up-to-date: /root/Lunar_ROADSTER/lr_ws/install/nav_2d_msgs/include/nav_2d_msgs/nav_2d_msgs/msg/detail/pose2_d_stamped__rosidl_typesupport_fastrtps_cpp.hpp
[4.395s] -- Up-to-date: /root/Lunar_ROADSTER/lr_ws/install/nav_2d_msgs/include/nav_2d_msgs/nav_2d_msgs/msg/detail/twist2_d__rosidl_typesupport_fastrtps_cpp.hpp
[4.395s] -- Up-to-date: /root/Lunar_ROADSTER/lr_ws/install/nav_2d_msgs/include/nav_2d_msgs/nav_2d_msgs/msg/detail/twist2_d32__rosidl_typesupport_fastrtps_cpp.hpp
[4.396s] -- Up-to-date: /root/Lunar_ROADSTER/lr_ws/install/nav_2d_msgs/include/nav_2d_msgs/nav_2d_msgs/msg/detail/twist2_d_stamped__rosidl_typesupport_fastrtps_cpp.hpp
[4.396s] -- Up-to-date: /root/Lunar_ROADSTER/lr_ws/install/nav_2d_msgs/include/nav_2d_msgs/nav_2d_msgs/msg/rosidl_typesupport_fastrtps_cpp__visibility_control.h
[4.397s] -- Up-to-date: /root/Lunar_ROADSTER/lr_ws/install/nav_2d_msgs/lib/libnav_2d_msgs__rosidl_typesupport_fastrtps_cpp.so
[4.398s] -- Up-to-date: /root/Lunar_ROADSTER/lr_ws/install/nav_2d_msgs/include/nav_2d_msgs/nav_2d_msgs
[4.404s] -- Up-to-date: /root/Lunar_ROADSTER/lr_ws/install/nav_2d_msgs/include/nav_2d_msgs/nav_2d_msgs/msg
[4.405s] -- Up-to-date: /root/Lunar_ROADSTER/lr_ws/install/nav_2d_msgs/include/nav_2d_msgs/nav_2d_msgs/msg/detail
[4.405s] -- Up-to-date: /root/Lunar_ROADSTER/lr_ws/install/nav_2d_msgs/include/nav_2d_msgs/nav_2d_msgs/msg/detail/path2_d__rosidl_typesupport_introspection_c.h
[4.405s] -- Up-to-date: /root/Lunar_ROADSTER/lr_ws/install/nav_2d_msgs/include/nav_2d_msgs/nav_2d_msgs/msg/detail/path2_d__type_support.c
[4.406s] -- Up-to-date: /root/Lunar_ROADSTER/lr_ws/install/nav_2d_msgs/include/nav_2d_msgs/nav_2d_msgs/msg/detail/pose2_d32__rosidl_typesupport_introspection_c.h
[4.406s] -- Up-to-date: /root/Lunar_ROADSTER/lr_ws/install/nav_2d_msgs/include/nav_2d_msgs/nav_2d_msgs/msg/detail/pose2_d32__type_support.c
[4.407s] -- Up-to-date: /root/Lunar_ROADSTER/lr_ws/install/nav_2d_msgs/include/nav_2d_msgs/nav_2d_msgs/msg/detail/pose2_d_stamped__rosidl_typesupport_introspection_c.h
[4.407s] -- Up-to-date: /root/Lunar_ROADSTER/lr_ws/install/nav_2d_msgs/include/nav_2d_msgs/nav_2d_msgs/msg/detail/pose2_d_stamped__type_support.c
[4.407s] -- Up-to-date: /root/Lunar_ROADSTER/lr_ws/install/nav_2d_msgs/include/nav_2d_msgs/nav_2d_msgs/msg/detail/twist2_d__rosidl_typesupport_introspection_c.h
[4.408s] -- Up-to-date: /root/Lunar_ROADSTER/lr_ws/install/nav_2d_msgs/include/nav_2d_msgs/nav_2d_msgs/msg/detail/twist2_d__type_support.c
[4.408s] -- Up-to-date: /root/Lunar_ROADSTER/lr_ws/install/nav_2d_msgs/include/nav_2d_msgs/nav_2d_msgs/msg/detail/twist2_d32__rosidl_typesupport_introspection_c.h
[4.408s] -- Up-to-date: /root/Lunar_ROADSTER/lr_ws/install/nav_2d_msgs/include/nav_2d_msgs/nav_2d_msgs/msg/detail/twist2_d32__type_support.c
[4.408s] -- Up-to-date: /root/Lunar_ROADSTER/lr_ws/install/nav_2d_msgs/include/nav_2d_msgs/nav_2d_msgs/msg/detail/twist2_d_stamped__rosidl_typesupport_introspection_c.h
[4.409s] -- Up-to-date: /root/Lunar_ROADSTER/lr_ws/install/nav_2d_msgs/include/nav_2d_msgs/nav_2d_msgs/msg/detail/twist2_d_stamped__type_support.c
[4.409s] -- Up-to-date: /root/Lunar_ROADSTER/lr_ws/install/nav_2d_msgs/include/nav_2d_msgs/nav_2d_msgs/msg/rosidl_typesupport_introspection_c__visibility_control.h
[4.409s] -- Up-to-date: /root/Lunar_ROADSTER/lr_ws/install/nav_2d_msgs/lib/libnav_2d_msgs__rosidl_typesupport_introspection_c.so
[4.410s] -- Up-to-date: /root/Lunar_ROADSTER/lr_ws/install/nav_2d_msgs/lib/libnav_2d_msgs__rosidl_typesupport_c.so
[4.410s] -- Up-to-date: /root/Lunar_ROADSTER/lr_ws/install/nav_2d_msgs/include/nav_2d_msgs/nav_2d_msgs
[4.410s] -- Up-to-date: /root/Lunar_ROADSTER/lr_ws/install/nav_2d_msgs/include/nav_2d_msgs/nav_2d_msgs/msg
[4.411s] -- Up-to-date: /root/Lunar_ROADSTER/lr_ws/install/nav_2d_msgs/include/nav_2d_msgs/nav_2d_msgs/msg/detail
[4.411s] -- Up-to-date: /root/Lunar_ROADSTER/lr_ws/install/nav_2d_msgs/include/nav_2d_msgs/nav_2d_msgs/msg/detail/path2_d__rosidl_typesupport_introspection_cpp.hpp
[4.411s] -- Up-to-date: /root/Lunar_ROADSTER/lr_ws/install/nav_2d_msgs/include/nav_2d_msgs/nav_2d_msgs/msg/detail/path2_d__type_support.cpp
[4.411s] -- Up-to-date: /root/Lunar_ROADSTER/lr_ws/install/nav_2d_msgs/include/nav_2d_msgs/nav_2d_msgs/msg/detail/pose2_d32__rosidl_typesupport_introspection_cpp.hpp
[4.412s] -- Up-to-date: /root/Lunar_ROADSTER/lr_ws/install/nav_2d_msgs/include/nav_2d_msgs/nav_2d_msgs/msg/detail/pose2_d32__type_support.cpp
[4.412s] -- Up-to-date: /root/Lunar_ROADSTER/lr_ws/install/nav_2d_msgs/include/nav_2d_msgs/nav_2d_msgs/msg/detail/pose2_d_stamped__rosidl_typesupport_introspection_cpp.hpp
[4.412s] -- Up-to-date: /root/Lunar_ROADSTER/lr_ws/install/nav_2d_msgs/include/nav_2d_msgs/nav_2d_msgs/msg/detail/pose2_d_stamped__type_support.cpp
[4.413s] -- Up-to-date: /root/Lunar_ROADSTER/lr_ws/install/nav_2d_msgs/include/nav_2d_msgs/nav_2d_msgs/msg/detail/twist2_d__rosidl_typesupport_introspection_cpp.hpp
[4.414s] -- Up-to-date: /root/Lunar_ROADSTER/lr_ws/install/nav_2d_msgs/include/nav_2d_msgs/nav_2d_msgs/msg/detail/twist2_d__type_support.cpp
[4.423s] -- Up-to-date: /root/Lunar_ROADSTER/lr_ws/install/nav_2d_msgs/include/nav_2d_msgs/nav_2d_msgs/msg/detail/twist2_d32__rosidl_typesupport_introspection_cpp.hpp
[4.423s] -- Up-to-date: /root/Lunar_ROADSTER/lr_ws/install/nav_2d_msgs/include/nav_2d_msgs/nav_2d_msgs/msg/detail/twist2_d32__type_support.cpp
[4.424s] -- Up-to-date: /root/Lunar_ROADSTER/lr_ws/install/nav_2d_msgs/include/nav_2d_msgs/nav_2d_msgs/msg/detail/twist2_d_stamped__rosidl_typesupport_introspection_cpp.hpp
[4.424s] -- Up-to-date: /root/Lunar_ROADSTER/lr_ws/install/nav_2d_msgs/include/nav_2d_msgs/nav_2d_msgs/msg/detail/twist2_d_stamped__type_support.cpp
[4.425s] -- Up-to-date: /root/Lunar_ROADSTER/lr_ws/install/nav_2d_msgs/lib/libnav_2d_msgs__rosidl_typesupport_introspection_cpp.so
[4.425s] -- Up-to-date: /root/Lunar_ROADSTER/lr_ws/install/nav_2d_msgs/lib/libnav_2d_msgs__rosidl_typesupport_cpp.so
[4.425s] -- Up-to-date: /root/Lunar_ROADSTER/lr_ws/install/nav_2d_msgs/share/nav_2d_msgs/environment/pythonpath.sh
[4.430s] -- Up-to-date: /root/Lunar_ROADSTER/lr_ws/install/nav_2d_msgs/share/nav_2d_msgs/environment/pythonpath.dsv
[4.431s] -- Up-to-date: /root/Lunar_ROADSTER/lr_ws/install/nav_2d_msgs/local/lib/python3.10/dist-packages/nav_2d_msgs-1.1.18-py3.10.egg-info
[4.437s] -- Installing: /root/Lunar_ROADSTER/lr_ws/install/nav_2d_msgs/local/lib/python3.10/dist-packages/nav_2d_msgs-1.1.18-py3.10.egg-info/PKG-INFO
[4.437s] -- Installing: /root/Lunar_ROADSTER/lr_ws/install/nav_2d_msgs/local/lib/python3.10/dist-packages/nav_2d_msgs-1.1.18-py3.10.egg-info/dependency_links.txt
[4.437s] -- Installing: /root/Lunar_ROADSTER/lr_ws/install/nav_2d_msgs/local/lib/python3.10/dist-packages/nav_2d_msgs-1.1.18-py3.10.egg-info/top_level.txt
[4.441s] -- Installing: /root/Lunar_ROADSTER/lr_ws/install/nav_2d_msgs/local/lib/python3.10/dist-packages/nav_2d_msgs-1.1.18-py3.10.egg-info/SOURCES.txt
[4.442s] -- Up-to-date: /root/Lunar_ROADSTER/lr_ws/install/nav_2d_msgs/local/lib/python3.10/dist-packages/nav_2d_msgs
[4.442s] -- Up-to-date: /root/Lunar_ROADSTER/lr_ws/install/nav_2d_msgs/local/lib/python3.10/dist-packages/nav_2d_msgs/__init__.py
[4.445s] -- Up-to-date: /root/Lunar_ROADSTER/lr_ws/install/nav_2d_msgs/local/lib/python3.10/dist-packages/nav_2d_msgs/msg
[4.445s] -- Up-to-date: /root/Lunar_ROADSTER/lr_ws/install/nav_2d_msgs/local/lib/python3.10/dist-packages/nav_2d_msgs/msg/_path2_d.py
[4.446s] -- Up-to-date: /root/Lunar_ROADSTER/lr_ws/install/nav_2d_msgs/local/lib/python3.10/dist-packages/nav_2d_msgs/msg/_path2_d_s.c
[4.446s] -- Up-to-date: /root/Lunar_ROADSTER/lr_ws/install/nav_2d_msgs/local/lib/python3.10/dist-packages/nav_2d_msgs/msg/_pose2_d32.py
[4.446s] -- Up-to-date: /root/Lunar_ROADSTER/lr_ws/install/nav_2d_msgs/local/lib/python3.10/dist-packages/nav_2d_msgs/msg/_pose2_d32_s.c
[4.447s] -- Up-to-date: /root/Lunar_ROADSTER/lr_ws/install/nav_2d_msgs/local/lib/python3.10/dist-packages/nav_2d_msgs/msg/_pose2_d_stamped.py
[4.447s] -- Up-to-date: /root/Lunar_ROADSTER/lr_ws/install/nav_2d_msgs/local/lib/python3.10/dist-packages/nav_2d_msgs/msg/_pose2_d_stamped_s.c
[4.447s] -- Up-to-date: /root/Lunar_ROADSTER/lr_ws/install/nav_2d_msgs/local/lib/python3.10/dist-packages/nav_2d_msgs/msg/_twist2_d.py
[4.447s] -- Up-to-date: /root/Lunar_ROADSTER/lr_ws/install/nav_2d_msgs/local/lib/python3.10/dist-packages/nav_2d_msgs/msg/_twist2_d_s.c
[4.451s] -- Up-to-date: /root/Lunar_ROADSTER/lr_ws/install/nav_2d_msgs/local/lib/python3.10/dist-packages/nav_2d_msgs/msg/_twist2_d32.py
[4.453s] -- Up-to-date: /root/Lunar_ROADSTER/lr_ws/install/nav_2d_msgs/local/lib/python3.10/dist-packages/nav_2d_msgs/msg/_twist2_d32_s.c
[4.454s] -- Up-to-date: /root/Lunar_ROADSTER/lr_ws/install/nav_2d_msgs/local/lib/python3.10/dist-packages/nav_2d_msgs/msg/_twist2_d_stamped.py
[4.454s] -- Up-to-date: /root/Lunar_ROADSTER/lr_ws/install/nav_2d_msgs/local/lib/python3.10/dist-packages/nav_2d_msgs/msg/_twist2_d_stamped_s.c
[4.455s] -- Up-to-date: /root/Lunar_ROADSTER/lr_ws/install/nav_2d_msgs/local/lib/python3.10/dist-packages/nav_2d_msgs/msg/__init__.py
[4.455s] -- Up-to-date: /root/Lunar_ROADSTER/lr_ws/install/nav_2d_msgs/local/lib/python3.10/dist-packages/nav_2d_msgs/_nav_2d_msgs_s.ep.rosidl_typesupport_fastrtps_c.c
[4.456s] -- Up-to-date: /root/Lunar_ROADSTER/lr_ws/install/nav_2d_msgs/local/lib/python3.10/dist-packages/nav_2d_msgs/_nav_2d_msgs_s.ep.rosidl_typesupport_introspection_c.c
[4.456s] -- Up-to-date: /root/Lunar_ROADSTER/lr_ws/install/nav_2d_msgs/local/lib/python3.10/dist-packages/nav_2d_msgs/_nav_2d_msgs_s.ep.rosidl_typesupport_c.c
[4.456s] -- Up-to-date: /root/Lunar_ROADSTER/lr_ws/install/nav_2d_msgs/local/lib/python3.10/dist-packages/nav_2d_msgs/libnav_2d_msgs__rosidl_generator_py.so
[4.456s] -- Up-to-date: /root/Lunar_ROADSTER/lr_ws/install/nav_2d_msgs/local/lib/python3.10/dist-packages/nav_2d_msgs/nav_2d_msgs_s__rosidl_typesupport_fastrtps_c.cpython-310-aarch64-linux-gnu.so
[4.457s] -- Up-to-date: /root/Lunar_ROADSTER/lr_ws/install/nav_2d_msgs/local/lib/python3.10/dist-packages/nav_2d_msgs/nav_2d_msgs_s__rosidl_typesupport_c.cpython-310-aarch64-linux-gnu.so
[4.457s] -- Up-to-date: /root/Lunar_ROADSTER/lr_ws/install/nav_2d_msgs/local/lib/python3.10/dist-packages/nav_2d_msgs/nav_2d_msgs_s__rosidl_typesupport_introspection_c.cpython-310-aarch64-linux-gnu.so
[4.876s] Listing '/root/Lunar_ROADSTER/lr_ws/install/nav_2d_msgs/local/lib/python3.10/dist-packages/nav_2d_msgs'...
[4.876s] Listing '/root/Lunar_ROADSTER/lr_ws/install/nav_2d_msgs/local/lib/python3.10/dist-packages/nav_2d_msgs/msg'...
[4.877s] -- Up-to-date: /root/Lunar_ROADSTER/lr_ws/install/nav_2d_msgs/local/lib/python3.10/dist-packages/nav_2d_msgs/nav_2d_msgs_s__rosidl_typesupport_fastrtps_c.cpython-310-aarch64-linux-gnu.so
[4.877s] -- Up-to-date: /root/Lunar_ROADSTER/lr_ws/install/nav_2d_msgs/local/lib/python3.10/dist-packages/nav_2d_msgs/nav_2d_msgs_s__rosidl_typesupport_introspection_c.cpython-310-aarch64-linux-gnu.so
[4.877s] -- Up-to-date: /root/Lunar_ROADSTER/lr_ws/install/nav_2d_msgs/local/lib/python3.10/dist-packages/nav_2d_msgs/nav_2d_msgs_s__rosidl_typesupport_c.cpython-310-aarch64-linux-gnu.so
[4.878s] -- Up-to-date: /root/Lunar_ROADSTER/lr_ws/install/nav_2d_msgs/lib/libnav_2d_msgs__rosidl_generator_py.so
[4.878s] -- Up-to-date: /root/Lunar_ROADSTER/lr_ws/install/nav_2d_msgs/share/nav_2d_msgs/msg/Path2D.idl
[4.880s] -- Up-to-date: /root/Lunar_ROADSTER/lr_ws/install/nav_2d_msgs/share/nav_2d_msgs/msg/Pose2D32.idl
[4.880s] -- Up-to-date: /root/Lunar_ROADSTER/lr_ws/install/nav_2d_msgs/share/nav_2d_msgs/msg/Pose2DStamped.idl
[4.880s] -- Up-to-date: /root/Lunar_ROADSTER/lr_ws/install/nav_2d_msgs/share/nav_2d_msgs/msg/Twist2D.idl
[4.881s] -- Up-to-date: /root/Lunar_ROADSTER/lr_ws/install/nav_2d_msgs/share/nav_2d_msgs/msg/Twist2D32.idl
[4.881s] -- Up-to-date: /root/Lunar_ROADSTER/lr_ws/install/nav_2d_msgs/share/nav_2d_msgs/msg/Twist2DStamped.idl
[4.881s] -- Up-to-date: /root/Lunar_ROADSTER/lr_ws/install/nav_2d_msgs/share/nav_2d_msgs/msg/Path2D.msg
[4.882s] -- Up-to-date: /root/Lunar_ROADSTER/lr_ws/install/nav_2d_msgs/share/nav_2d_msgs/msg/Pose2D32.msg
[4.882s] -- Up-to-date: /root/Lunar_ROADSTER/lr_ws/install/nav_2d_msgs/share/nav_2d_msgs/msg/Pose2DStamped.msg
[4.882s] -- Up-to-date: /root/Lunar_ROADSTER/lr_ws/install/nav_2d_msgs/share/nav_2d_msgs/msg/Twist2D.msg
[4.883s] -- Up-to-date: /root/Lunar_ROADSTER/lr_ws/install/nav_2d_msgs/share/nav_2d_msgs/msg/Twist2D32.msg
[4.883s] -- Up-to-date: /root/Lunar_ROADSTER/lr_ws/install/nav_2d_msgs/share/nav_2d_msgs/msg/Twist2DStamped.msg
[4.883s] -- Up-to-date: /root/Lunar_ROADSTER/lr_ws/install/nav_2d_msgs/share/ament_index/resource_index/package_run_dependencies/nav_2d_msgs
[4.883s] -- Up-to-date: /root/Lunar_ROADSTER/lr_ws/install/nav_2d_msgs/share/ament_index/resource_index/parent_prefix_path/nav_2d_msgs
[4.884s] -- Up-to-date: /root/Lunar_ROADSTER/lr_ws/install/nav_2d_msgs/share/nav_2d_msgs/environment/ament_prefix_path.sh
[4.884s] -- Up-to-date: /root/Lunar_ROADSTER/lr_ws/install/nav_2d_msgs/share/nav_2d_msgs/environment/ament_prefix_path.dsv
[4.885s] -- Up-to-date: /root/Lunar_ROADSTER/lr_ws/install/nav_2d_msgs/share/nav_2d_msgs/environment/path.sh
[4.885s] -- Up-to-date: /root/Lunar_ROADSTER/lr_ws/install/nav_2d_msgs/share/nav_2d_msgs/environment/path.dsv
[4.886s] -- Up-to-date: /root/Lunar_ROADSTER/lr_ws/install/nav_2d_msgs/share/nav_2d_msgs/local_setup.bash
[4.886s] -- Up-to-date: /root/Lunar_ROADSTER/lr_ws/install/nav_2d_msgs/share/nav_2d_msgs/local_setup.sh
[4.886s] -- Up-to-date: /root/Lunar_ROADSTER/lr_ws/install/nav_2d_msgs/share/nav_2d_msgs/local_setup.zsh
[4.887s] -- Up-to-date: /root/Lunar_ROADSTER/lr_ws/install/nav_2d_msgs/share/nav_2d_msgs/local_setup.dsv
[4.887s] -- Installing: /root/Lunar_ROADSTER/lr_ws/install/nav_2d_msgs/share/nav_2d_msgs/package.dsv
[4.887s] -- Up-to-date: /root/Lunar_ROADSTER/lr_ws/install/nav_2d_msgs/share/ament_index/resource_index/packages/nav_2d_msgs
[4.888s] -- Up-to-date: /root/Lunar_ROADSTER/lr_ws/install/nav_2d_msgs/share/nav_2d_msgs/cmake/export_nav_2d_msgs__rosidl_generator_cExport.cmake
[4.888s] -- Up-to-date: /root/Lunar_ROADSTER/lr_ws/install/nav_2d_msgs/share/nav_2d_msgs/cmake/export_nav_2d_msgs__rosidl_generator_cExport-noconfig.cmake
[4.889s] -- Up-to-date: /root/Lunar_ROADSTER/lr_ws/install/nav_2d_msgs/share/nav_2d_msgs/cmake/export_nav_2d_msgs__rosidl_typesupport_fastrtps_cExport.cmake
[4.889s] -- Up-to-date: /root/Lunar_ROADSTER/lr_ws/install/nav_2d_msgs/share/nav_2d_msgs/cmake/export_nav_2d_msgs__rosidl_typesupport_fastrtps_cExport-noconfig.cmake
[4.889s] -- Up-to-date: /root/Lunar_ROADSTER/lr_ws/install/nav_2d_msgs/share/nav_2d_msgs/cmake/export_nav_2d_msgs__rosidl_generator_cppExport.cmake
[4.890s] -- Up-to-date: /root/Lunar_ROADSTER/lr_ws/install/nav_2d_msgs/share/nav_2d_msgs/cmake/export_nav_2d_msgs__rosidl_typesupport_fastrtps_cppExport.cmake
[4.890s] -- Up-to-date: /root/Lunar_ROADSTER/lr_ws/install/nav_2d_msgs/share/nav_2d_msgs/cmake/export_nav_2d_msgs__rosidl_typesupport_fastrtps_cppExport-noconfig.cmake
[4.890s] -- Up-to-date: /root/Lunar_ROADSTER/lr_ws/install/nav_2d_msgs/share/nav_2d_msgs/cmake/nav_2d_msgs__rosidl_typesupport_introspection_cExport.cmake
[4.891s] -- Up-to-date: /root/Lunar_ROADSTER/lr_ws/install/nav_2d_msgs/share/nav_2d_msgs/cmake/nav_2d_msgs__rosidl_typesupport_introspection_cExport-noconfig.cmake
[4.891s] -- Up-to-date: /root/Lunar_ROADSTER/lr_ws/install/nav_2d_msgs/share/nav_2d_msgs/cmake/nav_2d_msgs__rosidl_typesupport_cExport.cmake
[4.892s] -- Up-to-date: /root/Lunar_ROADSTER/lr_ws/install/nav_2d_msgs/share/nav_2d_msgs/cmake/nav_2d_msgs__rosidl_typesupport_cExport-noconfig.cmake
[4.892s] -- Up-to-date: /root/Lunar_ROADSTER/lr_ws/install/nav_2d_msgs/share/nav_2d_msgs/cmake/nav_2d_msgs__rosidl_typesupport_introspection_cppExport.cmake
[4.892s] -- Up-to-date: /root/Lunar_ROADSTER/lr_ws/install/nav_2d_msgs/share/nav_2d_msgs/cmake/nav_2d_msgs__rosidl_typesupport_introspection_cppExport-noconfig.cmake
[4.893s] -- Up-to-date: /root/Lunar_ROADSTER/lr_ws/install/nav_2d_msgs/share/nav_2d_msgs/cmake/nav_2d_msgs__rosidl_typesupport_cppExport.cmake
[4.893s] -- Up-to-date: /root/Lunar_ROADSTER/lr_ws/install/nav_2d_msgs/share/nav_2d_msgs/cmake/nav_2d_msgs__rosidl_typesupport_cppExport-noconfig.cmake
[4.893s] -- Up-to-date: /root/Lunar_ROADSTER/lr_ws/install/nav_2d_msgs/share/nav_2d_msgs/cmake/export_nav_2d_msgs__rosidl_generator_pyExport.cmake
[4.894s] -- Up-to-date: /root/Lunar_ROADSTER/lr_ws/install/nav_2d_msgs/share/nav_2d_msgs/cmake/export_nav_2d_msgs__rosidl_generator_pyExport-noconfig.cmake
[4.894s] -- Up-to-date: /root/Lunar_ROADSTER/lr_ws/install/nav_2d_msgs/share/nav_2d_msgs/cmake/rosidl_cmake-extras.cmake
[4.895s] -- Up-to-date: /root/Lunar_ROADSTER/lr_ws/install/nav_2d_msgs/share/nav_2d_msgs/cmake/ament_cmake_export_dependencies-extras.cmake
[4.895s] -- Up-to-date: /root/Lunar_ROADSTER/lr_ws/install/nav_2d_msgs/share/nav_2d_msgs/cmake/ament_cmake_export_include_directories-extras.cmake
[4.895s] -- Up-to-date: /root/Lunar_ROADSTER/lr_ws/install/nav_2d_msgs/share/nav_2d_msgs/cmake/ament_cmake_export_libraries-extras.cmake
[4.896s] -- Up-to-date: /root/Lunar_ROADSTER/lr_ws/install/nav_2d_msgs/share/nav_2d_msgs/cmake/ament_cmake_export_targets-extras.cmake
[4.896s] -- Up-to-date: /root/Lunar_ROADSTER/lr_ws/install/nav_2d_msgs/share/nav_2d_msgs/cmake/rosidl_cmake_export_typesupport_targets-extras.cmake
[4.897s] -- Up-to-date: /root/Lunar_ROADSTER/lr_ws/install/nav_2d_msgs/share/nav_2d_msgs/cmake/rosidl_cmake_export_typesupport_libraries-extras.cmake
[4.897s] -- Up-to-date: /root/Lunar_ROADSTER/lr_ws/install/nav_2d_msgs/share/nav_2d_msgs/cmake/nav_2d_msgsConfig.cmake
[4.897s] -- Up-to-date: /root/Lunar_ROADSTER/lr_ws/install/nav_2d_msgs/share/nav_2d_msgs/cmake/nav_2d_msgsConfig-version.cmake
[4.897s] -- Up-to-date: /root/Lunar_ROADSTER/lr_ws/install/nav_2d_msgs/share/nav_2d_msgs/package.xml
[5.080s] Invoked command in '/root/Lunar_ROADSTER/lr_ws/build/nav_2d_msgs' returned '0': CMAKE_PREFIX_PATH=${CMAKE_PREFIX_PATH}:/root/Lunar_ROADSTER/lr_ws/install/nav2_simple_commander:/opt/ros/humble /usr/local/bin/cmake --install /root/Lunar_ROADSTER/lr_ws/build/nav_2d_msgs
