[0.351s] Invoking command in '/root/Lunar_ROADSTER/lr_ws/build/sensing': CMAKE_PREFIX_PATH=/opt/ros/humble /usr/local/bin/cmake --build /root/Lunar_ROADSTER/lr_ws/build/sensing -- -j4 -l4
[1.155s] Invoked command in '/root/Lunar_ROADSTER/lr_ws/build/sensing' returned '0': CMAKE_PREFIX_PATH=/opt/ros/humble /usr/local/bin/cmake --build /root/Lunar_ROADSTER/lr_ws/build/sensing -- -j4 -l4
[1.322s] Invoking command in '/root/Lunar_ROADSTER/lr_ws/build/sensing': CMAKE_PREFIX_PATH=/opt/ros/humble /usr/local/bin/cmake --install /root/Lunar_ROADSTER/lr_ws/build/sensing
[1.368s] -- Install configuration: ""
[1.394s] -- Up-to-date: /root/Lunar_ROADSTER/lr_ws/install/sensing/share/sensing/launch
[1.394s] -- Up-to-date: /root/Lunar_ROADSTER/lr_ws/install/sensing/share/sensing/launch/sensing_launch.py
[1.401s] -- Up-to-date: /root/Lunar_ROADSTER/lr_ws/install/sensing/share/sensing/launch/__pycache__
[1.402s] -- Up-to-date: /root/Lunar_ROADSTER/lr_ws/install/sensing/share/sensing/launch/__pycache__/sensing_launch.cpython-310.pyc
[1.419s] -- Up-to-date: /root/Lunar_ROADSTER/lr_ws/install/sensing/share/ament_index/resource_index/package_run_dependencies/sensing
[1.419s] -- Up-to-date: /root/Lunar_ROADSTER/lr_ws/install/sensing/share/ament_index/resource_index/parent_prefix_path/sensing
[1.433s] -- Up-to-date: /root/Lunar_ROADSTER/lr_ws/install/sensing/share/sensing/environment/ament_prefix_path.sh
[1.434s] -- Up-to-date: /root/Lunar_ROADSTER/lr_ws/install/sensing/share/sensing/environment/ament_prefix_path.dsv
[1.435s] -- Up-to-date: /root/Lunar_ROADSTER/lr_ws/install/sensing/share/sensing/environment/path.sh
[1.439s] -- Up-to-date: /root/Lunar_ROADSTER/lr_ws/install/sensing/share/sensing/environment/path.dsv
[1.439s] -- Up-to-date: /root/Lunar_ROADSTER/lr_ws/install/sensing/share/sensing/local_setup.bash
[1.440s] -- Up-to-date: /root/Lunar_ROADSTER/lr_ws/install/sensing/share/sensing/local_setup.sh
[1.440s] -- Up-to-date: /root/Lunar_ROADSTER/lr_ws/install/sensing/share/sensing/local_setup.zsh
[1.440s] -- Up-to-date: /root/Lunar_ROADSTER/lr_ws/install/sensing/share/sensing/local_setup.dsv
[1.441s] -- Installing: /root/Lunar_ROADSTER/lr_ws/install/sensing/share/sensing/package.dsv
[1.469s] -- Up-to-date: /root/Lunar_ROADSTER/lr_ws/install/sensing/share/ament_index/resource_index/packages/sensing
[1.478s] -- Up-to-date: /root/Lunar_ROADSTER/lr_ws/install/sensing/share/sensing/cmake/sensingConfig.cmake
[1.478s] -- Up-to-date: /root/Lunar_ROADSTER/lr_ws/install/sensing/share/sensing/cmake/sensingConfig-version.cmake
[1.484s] -- Up-to-date: /root/Lunar_ROADSTER/lr_ws/install/sensing/share/sensing/package.xml
[1.506s] Invoked command in '/root/Lunar_ROADSTER/lr_ws/build/sensing' returned '0': CMAKE_PREFIX_PATH=/opt/ros/humble /usr/local/bin/cmake --install /root/Lunar_ROADSTER/lr_ws/build/sensing
