[0.079s] Invoking command in '/root/Lunar_ROADSTER/lr_ws/build/mapping': CMAKE_PREFIX_PATH=/opt/ros/humble /usr/local/bin/cmake /root/Lunar_ROADSTER/lr_ws/src/mapping -DCMAKE_INSTALL_PREFIX=/root/Lunar_ROADSTER/lr_ws/install/mapping
[0.770s] -- The C compiler identification is GNU 11.4.0
[1.570s] -- The CXX compiler identification is GNU 11.4.0
[1.639s] -- Detecting C compiler ABI info
[2.235s] -- Detecting C compiler ABI info - done
[2.348s] -- Check for working C compiler: /usr/bin/cc - skipped
[2.352s] -- Detecting C compile features
[2.354s] -- Detecting C compile features - done
[2.374s] -- Detecting CXX compiler ABI info
[3.103s] -- Detecting CXX compiler ABI info - done
[3.182s] -- Check for working CXX compiler: /usr/bin/c++ - skipped
[3.186s] -- Detecting CXX compile features
[3.200s] -- Detecting CXX compile features - done
[3.223s] -- Found ament_cmake: 1.3.11 (/opt/ros/humble/share/ament_cmake/cmake)
[4.205s] -- Found Python3: /usr/bin/python3 (found version "3.10.12") found components: Interpreter 
[5.106s] -- Found ament_lint_auto: 0.12.11 (/opt/ros/humble/share/ament_lint_auto/cmake)
[5.785s] -- Configuring done
[5.871s] -- Generating done
[5.899s] -- Build files have been written to: /root/Lunar_ROADSTER/lr_ws/build/mapping
[5.921s] Invoked command in '/root/Lunar_ROADSTER/lr_ws/build/mapping' returned '0': CMAKE_PREFIX_PATH=/opt/ros/humble /usr/local/bin/cmake /root/Lunar_ROADSTER/lr_ws/src/mapping -DCMAKE_INSTALL_PREFIX=/root/Lunar_ROADSTER/lr_ws/install/mapping
[5.927s] Invoking command in '/root/Lunar_ROADSTER/lr_ws/build/mapping': CMAKE_PREFIX_PATH=/opt/ros/humble /usr/local/bin/cmake --build /root/Lunar_ROADSTER/lr_ws/build/mapping -- -j4 -l4
[6.111s] Invoked command in '/root/Lunar_ROADSTER/lr_ws/build/mapping' returned '0': CMAKE_PREFIX_PATH=/opt/ros/humble /usr/local/bin/cmake --build /root/Lunar_ROADSTER/lr_ws/build/mapping -- -j4 -l4
[6.115s] Invoking command in '/root/Lunar_ROADSTER/lr_ws/build/mapping': CMAKE_PREFIX_PATH=/opt/ros/humble /usr/local/bin/cmake --install /root/Lunar_ROADSTER/lr_ws/build/mapping
[6.165s] -- Install configuration: ""
[6.167s] -- Installing: /root/Lunar_ROADSTER/lr_ws/install/mapping/share/mapping/launch
[6.186s] -- Installing: /root/Lunar_ROADSTER/lr_ws/install/mapping/share/mapping/launch/mapping_launch.py
[6.201s] -- Installing: /root/Lunar_ROADSTER/lr_ws/install/mapping/share/ament_index/resource_index/package_run_dependencies/mapping
[6.211s] -- Installing: /root/Lunar_ROADSTER/lr_ws/install/mapping/share/ament_index/resource_index/parent_prefix_path/mapping
[6.224s] -- Installing: /root/Lunar_ROADSTER/lr_ws/install/mapping/share/mapping/environment/ament_prefix_path.sh
[6.233s] -- Installing: /root/Lunar_ROADSTER/lr_ws/install/mapping/share/mapping/environment/ament_prefix_path.dsv
[6.239s] -- Installing: /root/Lunar_ROADSTER/lr_ws/install/mapping/share/mapping/environment/path.sh
[6.246s] -- Installing: /root/Lunar_ROADSTER/lr_ws/install/mapping/share/mapping/environment/path.dsv
[6.252s] -- Installing: /root/Lunar_ROADSTER/lr_ws/install/mapping/share/mapping/local_setup.bash
[6.257s] -- Installing: /root/Lunar_ROADSTER/lr_ws/install/mapping/share/mapping/local_setup.sh
[6.273s] -- Installing: /root/Lunar_ROADSTER/lr_ws/install/mapping/share/mapping/local_setup.zsh
[6.279s] -- Installing: /root/Lunar_ROADSTER/lr_ws/install/mapping/share/mapping/local_setup.dsv
[6.288s] -- Installing: /root/Lunar_ROADSTER/lr_ws/install/mapping/share/mapping/package.dsv
[6.295s] -- Installing: /root/Lunar_ROADSTER/lr_ws/install/mapping/share/ament_index/resource_index/packages/mapping
[6.303s] -- Installing: /root/Lunar_ROADSTER/lr_ws/install/mapping/share/mapping/cmake/mappingConfig.cmake
[6.308s] -- Installing: /root/Lunar_ROADSTER/lr_ws/install/mapping/share/mapping/cmake/mappingConfig-version.cmake
[6.312s] -- Installing: /root/Lunar_ROADSTER/lr_ws/install/mapping/share/mapping/package.xml
[6.323s] Invoked command in '/root/Lunar_ROADSTER/lr_ws/build/mapping' returned '0': CMAKE_PREFIX_PATH=/opt/ros/humble /usr/local/bin/cmake --install /root/Lunar_ROADSTER/lr_ws/build/mapping
