[0.311s] Invoking command in '/root/Lunar_ROADSTER/lr_ws/build/dwb_critics': AMENT_PREFIX_PATH=/root/Lunar_ROADSTER/lr_ws/install/dwb_core:/root/Lunar_ROADSTER/lr_ws/install/nav2_core:/root/Lunar_ROADSTER/lr_ws/install/costmap_queue:/root/Lunar_ROADSTER/lr_ws/install/nav2_costmap_2d:/root/Lunar_ROADSTER/lr_ws/install/nav_2d_utils:/root/Lunar_ROADSTER/lr_ws/install/nav2_map_server:/root/Lunar_ROADSTER/lr_ws/install/nav2_lifecycle_manager:/root/Lunar_ROADSTER/lr_ws/install/nav2_util:/root/Lunar_ROADSTER/lr_ws/install/nav2_voxel_grid:/root/Lunar_ROADSTER/lr_ws/install/nav2_msgs:/root/Lunar_ROADSTER/lr_ws/install/dwb_msgs:/root/Lunar_ROADSTER/lr_ws/install/nav_2d_msgs:/root/Lunar_ROADSTER/lr_ws/install/nav2_common:${AMENT_PREFIX_PATH} CMAKE_PREFIX_PATH=/root/Lunar_ROADSTER/lr_ws/install/dwb_core:/root/Lunar_ROADSTER/lr_ws/install/nav2_core:/root/Lunar_ROADSTER/lr_ws/install/costmap_queue:/root/Lunar_ROADSTER/lr_ws/install/nav2_costmap_2d:/root/Lunar_ROADSTER/lr_ws/install/nav_2d_utils:/root/Lunar_ROADSTER/lr_ws/install/nav2_map_server:/root/Lunar_ROADSTER/lr_ws/install/nav2_lifecycle_manager:/root/Lunar_ROADSTER/lr_ws/install/nav2_util:/root/Lunar_ROADSTER/lr_ws/install/nav2_voxel_grid:/root/Lunar_ROADSTER/lr_ws/install/nav2_msgs:/root/Lunar_ROADSTER/lr_ws/install/dwb_msgs:/root/Lunar_ROADSTER/lr_ws/install/nav_2d_msgs:/root/Lunar_ROADSTER/lr_ws/install/nav2_common:/opt/ros/humble LD_LIBRARY_PATH=/root/Lunar_ROADSTER/lr_ws/install/dwb_core/lib:/root/Lunar_ROADSTER/lr_ws/install/costmap_queue/lib:/root/Lunar_ROADSTER/lr_ws/install/nav2_costmap_2d/lib:/root/Lunar_ROADSTER/lr_ws/install/nav_2d_utils/lib:/root/Lunar_ROADSTER/lr_ws/install/nav2_map_server/lib:/root/Lunar_ROADSTER/lr_ws/install/nav2_lifecycle_manager/lib:/root/Lunar_ROADSTER/lr_ws/install/nav2_util/lib:/root/Lunar_ROADSTER/lr_ws/install/nav2_voxel_grid/lib:/root/Lunar_ROADSTER/lr_ws/install/nav2_msgs/lib:/root/Lunar_ROADSTER/lr_ws/install/dwb_msgs/lib:/root/Lunar_ROADSTER/lr_ws/install/nav_2d_msgs/lib:/opt/ros/humble/opt/rviz_ogre_vendor/lib:/opt/ros/humble/lib/aarch64-linux-gnu:/opt/ros/humble/lib:/usr/local/cuda/lib64 PYTHONPATH=/root/Lunar_ROADSTER/lr_ws/install/nav2_msgs/local/lib/python3.10/dist-packages:/root/Lunar_ROADSTER/lr_ws/install/dwb_msgs/local/lib/python3.10/dist-packages:/root/Lunar_ROADSTER/lr_ws/install/nav_2d_msgs/local/lib/python3.10/dist-packages:/root/Lunar_ROADSTER/lr_ws/install/nav2_common/local/lib/python3.10/dist-packages:${PYTHONPATH} /usr/local/bin/cmake /root/Lunar_ROADSTER/lr_ws/src/navigation2/nav2_dwb_controller/dwb_critics -DCMAKE_INSTALL_PREFIX=/root/Lunar_ROADSTER/lr_ws/install/dwb_critics
[0.839s] -- The C compiler identification is GNU 11.4.0
[1.294s] -- The CXX compiler identification is GNU 11.4.0
[1.329s] -- Detecting C compiler ABI info
[1.825s] -- Detecting C compiler ABI info - done
[1.858s] -- Check for working C compiler: /usr/bin/cc - skipped
[1.861s] -- Detecting C compile features
[1.864s] -- Detecting C compile features - done
[1.883s] -- Detecting CXX compiler ABI info
[2.484s] -- Detecting CXX compiler ABI info - done
[2.566s] -- Check for working CXX compiler: /usr/bin/c++ - skipped
[2.567s] -- Detecting CXX compile features
[2.575s] -- Detecting CXX compile features - done
[2.649s] -- Found ament_cmake: 1.3.11 (/opt/ros/humble/share/ament_cmake/cmake)
[3.461s] -- Found Python3: /usr/bin/python3 (found version "3.10.12") found components: Interpreter 
[4.254s] -- Found nav2_common: 1.1.18 (/root/Lunar_ROADSTER/lr_ws/install/nav2_common/share/nav2_common/cmake)
[4.297s] -- Found angles: 1.15.0 (/opt/ros/humble/share/angles/cmake)
[4.310s] -- Found nav2_costmap_2d: 1.1.18 (/root/Lunar_ROADSTER/lr_ws/install/nav2_costmap_2d/share/nav2_costmap_2d/cmake)
[4.815s] -- Found rosidl_generator_c: 3.1.6 (/opt/ros/humble/share/rosidl_generator_c/cmake)
[4.905s] -- Found rosidl_adapter: 3.1.6 (/opt/ros/humble/share/rosidl_adapter/cmake)
[5.000s] -- Found rosidl_generator_cpp: 3.1.6 (/opt/ros/humble/share/rosidl_generator_cpp/cmake)
[5.125s] -- Using all available rosidl_typesupport_c: rosidl_typesupport_fastrtps_c;rosidl_typesupport_introspection_c
[5.302s] -- Using all available rosidl_typesupport_cpp: rosidl_typesupport_fastrtps_cpp;rosidl_typesupport_introspection_cpp
[6.133s] -- Found rmw_implementation_cmake: 6.1.2 (/opt/ros/humble/share/rmw_implementation_cmake/cmake)
[6.166s] -- Found rmw_fastrtps_cpp: 6.2.7 (/opt/ros/humble/share/rmw_fastrtps_cpp/cmake)
[6.968s] -- Found OpenSSL: /usr/lib/aarch64-linux-gnu/libcrypto.so (found version "3.0.2")  
[7.176s] -- Found FastRTPS: /opt/ros/humble/include  
[7.513s] -- Using RMW implementation 'rmw_fastrtps_cpp' as default
[7.633s] -- Looking for pthread.h
[8.013s] -- Looking for pthread.h - found
[8.016s] -- Performing Test CMAKE_HAVE_LIBC_PTHREAD
[8.363s] -- Performing Test CMAKE_HAVE_LIBC_PTHREAD - Success
[8.370s] -- Found Threads: TRUE  
[9.903s] -- Found Eigen3: TRUE (found version "3.4.0") 
[9.904s] -- Ensuring Eigen3 include directory is part of orocos-kdl CMake target
[10.634s] -- Found costmap_queue: 1.1.18 (/root/Lunar_ROADSTER/lr_ws/install/costmap_queue/share/costmap_queue/cmake)
[10.648s] -- Found dwb_core: 1.1.18 (/root/Lunar_ROADSTER/lr_ws/install/dwb_core/share/dwb_core/cmake)
[11.066s] -- Setting build type to Release as none was specified.
[13.342s] -- Found ament_lint_auto: 0.12.11 (/opt/ros/humble/share/ament_lint_auto/cmake)
[14.028s] -- Found gtest sources under '/opt/ros/humble/src/gtest_vendor': C++ tests using 'Google Test' will be built
[14.165s] -- Added test 'cppcheck' to perform static code analysis on C / C++ code
[14.168s] -- Configured cppcheck include dirs: /root/Lunar_ROADSTER/lr_ws/src/navigation2/nav2_dwb_controller/dwb_critics/include
[14.168s] -- Configured cppcheck exclude dirs and/or files: 
[14.231s] -- Added test 'cpplint' to check C / C++ code against the Google style
[14.232s] -- Configured cpplint exclude dirs and/or files: 
[14.260s] -- Added test 'lint_cmake' to check CMake code style
[14.326s] -- Added test 'uncrustify' to check C / C++ code style
[14.326s] -- Configured uncrustify additional arguments: 
[14.339s] -- Added test 'xmllint' to check XML markup files
[14.374s] -- Configuring done
[16.128s] -- Generating done
[16.262s] -- Build files have been written to: /root/Lunar_ROADSTER/lr_ws/build/dwb_critics
[16.323s] Invoked command in '/root/Lunar_ROADSTER/lr_ws/build/dwb_critics' returned '0': AMENT_PREFIX_PATH=/root/Lunar_ROADSTER/lr_ws/install/dwb_core:/root/Lunar_ROADSTER/lr_ws/install/nav2_core:/root/Lunar_ROADSTER/lr_ws/install/costmap_queue:/root/Lunar_ROADSTER/lr_ws/install/nav2_costmap_2d:/root/Lunar_ROADSTER/lr_ws/install/nav_2d_utils:/root/Lunar_ROADSTER/lr_ws/install/nav2_map_server:/root/Lunar_ROADSTER/lr_ws/install/nav2_lifecycle_manager:/root/Lunar_ROADSTER/lr_ws/install/nav2_util:/root/Lunar_ROADSTER/lr_ws/install/nav2_voxel_grid:/root/Lunar_ROADSTER/lr_ws/install/nav2_msgs:/root/Lunar_ROADSTER/lr_ws/install/dwb_msgs:/root/Lunar_ROADSTER/lr_ws/install/nav_2d_msgs:/root/Lunar_ROADSTER/lr_ws/install/nav2_common:${AMENT_PREFIX_PATH} CMAKE_PREFIX_PATH=/root/Lunar_ROADSTER/lr_ws/install/dwb_core:/root/Lunar_ROADSTER/lr_ws/install/nav2_core:/root/Lunar_ROADSTER/lr_ws/install/costmap_queue:/root/Lunar_ROADSTER/lr_ws/install/nav2_costmap_2d:/root/Lunar_ROADSTER/lr_ws/install/nav_2d_utils:/root/Lunar_ROADSTER/lr_ws/install/nav2_map_server:/root/Lunar_ROADSTER/lr_ws/install/nav2_lifecycle_manager:/root/Lunar_ROADSTER/lr_ws/install/nav2_util:/root/Lunar_ROADSTER/lr_ws/install/nav2_voxel_grid:/root/Lunar_ROADSTER/lr_ws/install/nav2_msgs:/root/Lunar_ROADSTER/lr_ws/install/dwb_msgs:/root/Lunar_ROADSTER/lr_ws/install/nav_2d_msgs:/root/Lunar_ROADSTER/lr_ws/install/nav2_common:/opt/ros/humble LD_LIBRARY_PATH=/root/Lunar_ROADSTER/lr_ws/install/dwb_core/lib:/root/Lunar_ROADSTER/lr_ws/install/costmap_queue/lib:/root/Lunar_ROADSTER/lr_ws/install/nav2_costmap_2d/lib:/root/Lunar_ROADSTER/lr_ws/install/nav_2d_utils/lib:/root/Lunar_ROADSTER/lr_ws/install/nav2_map_server/lib:/root/Lunar_ROADSTER/lr_ws/install/nav2_lifecycle_manager/lib:/root/Lunar_ROADSTER/lr_ws/install/nav2_util/lib:/root/Lunar_ROADSTER/lr_ws/install/nav2_voxel_grid/lib:/root/Lunar_ROADSTER/lr_ws/install/nav2_msgs/lib:/root/Lunar_ROADSTER/lr_ws/install/dwb_msgs/lib:/root/Lunar_ROADSTER/lr_ws/install/nav_2d_msgs/lib:/opt/ros/humble/opt/rviz_ogre_vendor/lib:/opt/ros/humble/lib/aarch64-linux-gnu:/opt/ros/humble/lib:/usr/local/cuda/lib64 PYTHONPATH=/root/Lunar_ROADSTER/lr_ws/install/nav2_msgs/local/lib/python3.10/dist-packages:/root/Lunar_ROADSTER/lr_ws/install/dwb_msgs/local/lib/python3.10/dist-packages:/root/Lunar_ROADSTER/lr_ws/install/nav_2d_msgs/local/lib/python3.10/dist-packages:/root/Lunar_ROADSTER/lr_ws/install/nav2_common/local/lib/python3.10/dist-packages:${PYTHONPATH} /usr/local/bin/cmake /root/Lunar_ROADSTER/lr_ws/src/navigation2/nav2_dwb_controller/dwb_critics -DCMAKE_INSTALL_PREFIX=/root/Lunar_ROADSTER/lr_ws/install/dwb_critics
[16.327s] Invoking command in '/root/Lunar_ROADSTER/lr_ws/build/dwb_critics': AMENT_PREFIX_PATH=/root/Lunar_ROADSTER/lr_ws/install/dwb_core:/root/Lunar_ROADSTER/lr_ws/install/nav2_core:/root/Lunar_ROADSTER/lr_ws/install/costmap_queue:/root/Lunar_ROADSTER/lr_ws/install/nav2_costmap_2d:/root/Lunar_ROADSTER/lr_ws/install/nav_2d_utils:/root/Lunar_ROADSTER/lr_ws/install/nav2_map_server:/root/Lunar_ROADSTER/lr_ws/install/nav2_lifecycle_manager:/root/Lunar_ROADSTER/lr_ws/install/nav2_util:/root/Lunar_ROADSTER/lr_ws/install/nav2_voxel_grid:/root/Lunar_ROADSTER/lr_ws/install/nav2_msgs:/root/Lunar_ROADSTER/lr_ws/install/dwb_msgs:/root/Lunar_ROADSTER/lr_ws/install/nav_2d_msgs:/root/Lunar_ROADSTER/lr_ws/install/nav2_common:${AMENT_PREFIX_PATH} CMAKE_PREFIX_PATH=/root/Lunar_ROADSTER/lr_ws/install/dwb_core:/root/Lunar_ROADSTER/lr_ws/install/nav2_core:/root/Lunar_ROADSTER/lr_ws/install/costmap_queue:/root/Lunar_ROADSTER/lr_ws/install/nav2_costmap_2d:/root/Lunar_ROADSTER/lr_ws/install/nav_2d_utils:/root/Lunar_ROADSTER/lr_ws/install/nav2_map_server:/root/Lunar_ROADSTER/lr_ws/install/nav2_lifecycle_manager:/root/Lunar_ROADSTER/lr_ws/install/nav2_util:/root/Lunar_ROADSTER/lr_ws/install/nav2_voxel_grid:/root/Lunar_ROADSTER/lr_ws/install/nav2_msgs:/root/Lunar_ROADSTER/lr_ws/install/dwb_msgs:/root/Lunar_ROADSTER/lr_ws/install/nav_2d_msgs:/root/Lunar_ROADSTER/lr_ws/install/nav2_common:/opt/ros/humble LD_LIBRARY_PATH=/root/Lunar_ROADSTER/lr_ws/install/dwb_core/lib:/root/Lunar_ROADSTER/lr_ws/install/costmap_queue/lib:/root/Lunar_ROADSTER/lr_ws/install/nav2_costmap_2d/lib:/root/Lunar_ROADSTER/lr_ws/install/nav_2d_utils/lib:/root/Lunar_ROADSTER/lr_ws/install/nav2_map_server/lib:/root/Lunar_ROADSTER/lr_ws/install/nav2_lifecycle_manager/lib:/root/Lunar_ROADSTER/lr_ws/install/nav2_util/lib:/root/Lunar_ROADSTER/lr_ws/install/nav2_voxel_grid/lib:/root/Lunar_ROADSTER/lr_ws/install/nav2_msgs/lib:/root/Lunar_ROADSTER/lr_ws/install/dwb_msgs/lib:/root/Lunar_ROADSTER/lr_ws/install/nav_2d_msgs/lib:/opt/ros/humble/opt/rviz_ogre_vendor/lib:/opt/ros/humble/lib/aarch64-linux-gnu:/opt/ros/humble/lib:/usr/local/cuda/lib64 PYTHONPATH=/root/Lunar_ROADSTER/lr_ws/install/nav2_msgs/local/lib/python3.10/dist-packages:/root/Lunar_ROADSTER/lr_ws/install/dwb_msgs/local/lib/python3.10/dist-packages:/root/Lunar_ROADSTER/lr_ws/install/nav_2d_msgs/local/lib/python3.10/dist-packages:/root/Lunar_ROADSTER/lr_ws/install/nav2_common/local/lib/python3.10/dist-packages:${PYTHONPATH} /usr/local/bin/cmake --build /root/Lunar_ROADSTER/lr_ws/build/dwb_critics -- -j4 -l4
[16.544s] [  3%] [32mBuilding CXX object CMakeFiles/dwb_critics.dir/src/alignment_util.cpp.o[0m
[20.739s] [  7%] [32mBuilding CXX object CMakeFiles/dwb_critics.dir/src/map_grid.cpp.o[0m
[50.815s] [ 11%] [32mBuilding CXX object CMakeFiles/dwb_critics.dir/src/goal_dist.cpp.o[0m
[77.929s] [ 14%] [32mBuilding CXX object CMakeFiles/dwb_critics.dir/src/path_dist.cpp.o[0m
[105.530s] [ 18%] [32mBuilding CXX object CMakeFiles/dwb_critics.dir/src/goal_align.cpp.o[0m
[131.946s] [ 22%] [32mBuilding CXX object CMakeFiles/dwb_critics.dir/src/path_align.cpp.o[0m
[159.209s] [ 25%] [32mBuilding CXX object CMakeFiles/dwb_critics.dir/src/base_obstacle.cpp.o[0m
[187.010s] [ 29%] [32mBuilding CXX object CMakeFiles/dwb_critics.dir/src/obstacle_footprint.cpp.o[0m
[212.483s] [ 33%] [32mBuilding CXX object CMakeFiles/dwb_critics.dir/src/oscillation.cpp.o[0m
[243.037s] [ 37%] [32mBuilding CXX object CMakeFiles/dwb_critics.dir/src/prefer_forward.cpp.o[0m
[268.893s] [ 40%] [32mBuilding CXX object CMakeFiles/dwb_critics.dir/src/rotate_to_goal.cpp.o[0m
[293.764s] [ 44%] [32mBuilding CXX object CMakeFiles/dwb_critics.dir/src/twirling.cpp.o[0m
[318.052s] [ 48%] [32m[1mLinking CXX shared library libdwb_critics.so[0m
[319.378s] [ 48%] Built target dwb_critics
[319.452s] [ 51%] [32mBuilding CXX object gtest/CMakeFiles/gtest.dir/src/gtest-all.cc.o[0m
[356.961s] [ 55%] [32m[1mLinking CXX static library libgtest.a[0m
[357.235s] [ 55%] Built target gtest
[357.300s] [ 59%] [32mBuilding CXX object gtest/CMakeFiles/gtest_main.dir/src/gtest_main.cc.o[0m
[361.338s] [ 62%] [32m[1mLinking CXX static library libgtest_main.a[0m
[361.578s] [ 62%] Built target gtest_main
[361.653s] [ 66%] [32mBuilding CXX object test/CMakeFiles/prefer_forward_tests.dir/prefer_forward_test.cpp.o[0m
[391.419s] [ 70%] [32m[1mLinking CXX executable prefer_forward_tests[0m
[392.687s] [ 70%] Built target prefer_forward_tests
[392.762s] [ 74%] [32mBuilding CXX object test/CMakeFiles/alignment_util_tests.dir/alignment_util_test.cpp.o[0m
[410.948s] [ 77%] [32m[1mLinking CXX executable alignment_util_tests[0m
[412.046s] [ 77%] Built target alignment_util_tests
[412.130s] [ 81%] [32mBuilding CXX object test/CMakeFiles/twirling_tests.dir/twirling_test.cpp.o[0m
[440.410s] [ 85%] [32m[1mLinking CXX executable twirling_tests[0m
[441.636s] [ 85%] Built target twirling_tests
[441.712s] [ 88%] [32mBuilding CXX object test/CMakeFiles/obstacle_footprint_tests.dir/obstacle_footprint_test.cpp.o[0m
[472.756s] [ 92%] [32m[1mLinking CXX executable obstacle_footprint_tests[0m
[474.160s] [ 92%] Built target obstacle_footprint_tests
[474.238s] [ 96%] [32mBuilding CXX object test/CMakeFiles/base_obstacle_tests.dir/base_obstacle_test.cpp.o[0m
[503.672s] [100%] [32m[1mLinking CXX executable base_obstacle_tests[0m
[505.026s] [100%] Built target base_obstacle_tests
[505.124s] Invoked command in '/root/Lunar_ROADSTER/lr_ws/build/dwb_critics' returned '0': AMENT_PREFIX_PATH=/root/Lunar_ROADSTER/lr_ws/install/dwb_core:/root/Lunar_ROADSTER/lr_ws/install/nav2_core:/root/Lunar_ROADSTER/lr_ws/install/costmap_queue:/root/Lunar_ROADSTER/lr_ws/install/nav2_costmap_2d:/root/Lunar_ROADSTER/lr_ws/install/nav_2d_utils:/root/Lunar_ROADSTER/lr_ws/install/nav2_map_server:/root/Lunar_ROADSTER/lr_ws/install/nav2_lifecycle_manager:/root/Lunar_ROADSTER/lr_ws/install/nav2_util:/root/Lunar_ROADSTER/lr_ws/install/nav2_voxel_grid:/root/Lunar_ROADSTER/lr_ws/install/nav2_msgs:/root/Lunar_ROADSTER/lr_ws/install/dwb_msgs:/root/Lunar_ROADSTER/lr_ws/install/nav_2d_msgs:/root/Lunar_ROADSTER/lr_ws/install/nav2_common:${AMENT_PREFIX_PATH} CMAKE_PREFIX_PATH=/root/Lunar_ROADSTER/lr_ws/install/dwb_core:/root/Lunar_ROADSTER/lr_ws/install/nav2_core:/root/Lunar_ROADSTER/lr_ws/install/costmap_queue:/root/Lunar_ROADSTER/lr_ws/install/nav2_costmap_2d:/root/Lunar_ROADSTER/lr_ws/install/nav_2d_utils:/root/Lunar_ROADSTER/lr_ws/install/nav2_map_server:/root/Lunar_ROADSTER/lr_ws/install/nav2_lifecycle_manager:/root/Lunar_ROADSTER/lr_ws/install/nav2_util:/root/Lunar_ROADSTER/lr_ws/install/nav2_voxel_grid:/root/Lunar_ROADSTER/lr_ws/install/nav2_msgs:/root/Lunar_ROADSTER/lr_ws/install/dwb_msgs:/root/Lunar_ROADSTER/lr_ws/install/nav_2d_msgs:/root/Lunar_ROADSTER/lr_ws/install/nav2_common:/opt/ros/humble LD_LIBRARY_PATH=/root/Lunar_ROADSTER/lr_ws/install/dwb_core/lib:/root/Lunar_ROADSTER/lr_ws/install/costmap_queue/lib:/root/Lunar_ROADSTER/lr_ws/install/nav2_costmap_2d/lib:/root/Lunar_ROADSTER/lr_ws/install/nav_2d_utils/lib:/root/Lunar_ROADSTER/lr_ws/install/nav2_map_server/lib:/root/Lunar_ROADSTER/lr_ws/install/nav2_lifecycle_manager/lib:/root/Lunar_ROADSTER/lr_ws/install/nav2_util/lib:/root/Lunar_ROADSTER/lr_ws/install/nav2_voxel_grid/lib:/root/Lunar_ROADSTER/lr_ws/install/nav2_msgs/lib:/root/Lunar_ROADSTER/lr_ws/install/dwb_msgs/lib:/root/Lunar_ROADSTER/lr_ws/install/nav_2d_msgs/lib:/opt/ros/humble/opt/rviz_ogre_vendor/lib:/opt/ros/humble/lib/aarch64-linux-gnu:/opt/ros/humble/lib:/usr/local/cuda/lib64 PYTHONPATH=/root/Lunar_ROADSTER/lr_ws/install/nav2_msgs/local/lib/python3.10/dist-packages:/root/Lunar_ROADSTER/lr_ws/install/dwb_msgs/local/lib/python3.10/dist-packages:/root/Lunar_ROADSTER/lr_ws/install/nav_2d_msgs/local/lib/python3.10/dist-packages:/root/Lunar_ROADSTER/lr_ws/install/nav2_common/local/lib/python3.10/dist-packages:${PYTHONPATH} /usr/local/bin/cmake --build /root/Lunar_ROADSTER/lr_ws/build/dwb_critics -- -j4 -l4
[505.127s] Invoking command in '/root/Lunar_ROADSTER/lr_ws/build/dwb_critics': AMENT_PREFIX_PATH=/root/Lunar_ROADSTER/lr_ws/install/dwb_core:/root/Lunar_ROADSTER/lr_ws/install/nav2_core:/root/Lunar_ROADSTER/lr_ws/install/costmap_queue:/root/Lunar_ROADSTER/lr_ws/install/nav2_costmap_2d:/root/Lunar_ROADSTER/lr_ws/install/nav_2d_utils:/root/Lunar_ROADSTER/lr_ws/install/nav2_map_server:/root/Lunar_ROADSTER/lr_ws/install/nav2_lifecycle_manager:/root/Lunar_ROADSTER/lr_ws/install/nav2_util:/root/Lunar_ROADSTER/lr_ws/install/nav2_voxel_grid:/root/Lunar_ROADSTER/lr_ws/install/nav2_msgs:/root/Lunar_ROADSTER/lr_ws/install/dwb_msgs:/root/Lunar_ROADSTER/lr_ws/install/nav_2d_msgs:/root/Lunar_ROADSTER/lr_ws/install/nav2_common:${AMENT_PREFIX_PATH} CMAKE_PREFIX_PATH=/root/Lunar_ROADSTER/lr_ws/install/dwb_core:/root/Lunar_ROADSTER/lr_ws/install/nav2_core:/root/Lunar_ROADSTER/lr_ws/install/costmap_queue:/root/Lunar_ROADSTER/lr_ws/install/nav2_costmap_2d:/root/Lunar_ROADSTER/lr_ws/install/nav_2d_utils:/root/Lunar_ROADSTER/lr_ws/install/nav2_map_server:/root/Lunar_ROADSTER/lr_ws/install/nav2_lifecycle_manager:/root/Lunar_ROADSTER/lr_ws/install/nav2_util:/root/Lunar_ROADSTER/lr_ws/install/nav2_voxel_grid:/root/Lunar_ROADSTER/lr_ws/install/nav2_msgs:/root/Lunar_ROADSTER/lr_ws/install/dwb_msgs:/root/Lunar_ROADSTER/lr_ws/install/nav_2d_msgs:/root/Lunar_ROADSTER/lr_ws/install/nav2_common:/opt/ros/humble LD_LIBRARY_PATH=/root/Lunar_ROADSTER/lr_ws/install/dwb_core/lib:/root/Lunar_ROADSTER/lr_ws/install/costmap_queue/lib:/root/Lunar_ROADSTER/lr_ws/install/nav2_costmap_2d/lib:/root/Lunar_ROADSTER/lr_ws/install/nav_2d_utils/lib:/root/Lunar_ROADSTER/lr_ws/install/nav2_map_server/lib:/root/Lunar_ROADSTER/lr_ws/install/nav2_lifecycle_manager/lib:/root/Lunar_ROADSTER/lr_ws/install/nav2_util/lib:/root/Lunar_ROADSTER/lr_ws/install/nav2_voxel_grid/lib:/root/Lunar_ROADSTER/lr_ws/install/nav2_msgs/lib:/root/Lunar_ROADSTER/lr_ws/install/dwb_msgs/lib:/root/Lunar_ROADSTER/lr_ws/install/nav_2d_msgs/lib:/opt/ros/humble/opt/rviz_ogre_vendor/lib:/opt/ros/humble/lib/aarch64-linux-gnu:/opt/ros/humble/lib:/usr/local/cuda/lib64 PYTHONPATH=/root/Lunar_ROADSTER/lr_ws/install/nav2_msgs/local/lib/python3.10/dist-packages:/root/Lunar_ROADSTER/lr_ws/install/dwb_msgs/local/lib/python3.10/dist-packages:/root/Lunar_ROADSTER/lr_ws/install/nav_2d_msgs/local/lib/python3.10/dist-packages:/root/Lunar_ROADSTER/lr_ws/install/nav2_common/local/lib/python3.10/dist-packages:${PYTHONPATH} /usr/local/bin/cmake --install /root/Lunar_ROADSTER/lr_ws/build/dwb_critics
[505.198s] -- Install configuration: "Release"
[505.204s] -- Installing: /root/Lunar_ROADSTER/lr_ws/install/dwb_critics/lib/libdwb_critics.so
[505.212s] -- Set runtime path of "/root/Lunar_ROADSTER/lr_ws/install/dwb_critics/lib/libdwb_critics.so" to ""
[505.212s] -- Installing: /root/Lunar_ROADSTER/lr_ws/install/dwb_critics/include/
[505.219s] -- Installing: /root/Lunar_ROADSTER/lr_ws/install/dwb_critics/include//dwb_critics
[505.223s] -- Installing: /root/Lunar_ROADSTER/lr_ws/install/dwb_critics/include//dwb_critics/alignment_util.hpp
[505.225s] -- Installing: /root/Lunar_ROADSTER/lr_ws/install/dwb_critics/include//dwb_critics/base_obstacle.hpp
[505.227s] -- Installing: /root/Lunar_ROADSTER/lr_ws/install/dwb_critics/include//dwb_critics/goal_align.hpp
[505.228s] -- Installing: /root/Lunar_ROADSTER/lr_ws/install/dwb_critics/include//dwb_critics/goal_dist.hpp
[505.229s] -- Installing: /root/Lunar_ROADSTER/lr_ws/install/dwb_critics/include//dwb_critics/line_iterator.hpp
[505.230s] -- Installing: /root/Lunar_ROADSTER/lr_ws/install/dwb_critics/include//dwb_critics/map_grid.hpp
[505.231s] -- Installing: /root/Lunar_ROADSTER/lr_ws/install/dwb_critics/include//dwb_critics/obstacle_footprint.hpp
[505.232s] -- Installing: /root/Lunar_ROADSTER/lr_ws/install/dwb_critics/include//dwb_critics/oscillation.hpp
[505.234s] -- Installing: /root/Lunar_ROADSTER/lr_ws/install/dwb_critics/include//dwb_critics/path_align.hpp
[505.234s] -- Installing: /root/Lunar_ROADSTER/lr_ws/install/dwb_critics/include//dwb_critics/path_dist.hpp
[505.236s] -- Installing: /root/Lunar_ROADSTER/lr_ws/install/dwb_critics/include//dwb_critics/prefer_forward.hpp
[505.237s] -- Installing: /root/Lunar_ROADSTER/lr_ws/install/dwb_critics/include//dwb_critics/rotate_to_goal.hpp
[505.237s] -- Installing: /root/Lunar_ROADSTER/lr_ws/install/dwb_critics/include//dwb_critics/twirling.hpp
[505.243s] -- Installing: /root/Lunar_ROADSTER/lr_ws/install/dwb_critics/share/dwb_critics/default_critics.xml
[505.247s] -- Installing: /root/Lunar_ROADSTER/lr_ws/install/dwb_critics/share/dwb_critics/environment/library_path.sh
[505.250s] -- Installing: /root/Lunar_ROADSTER/lr_ws/install/dwb_critics/share/dwb_critics/environment/library_path.dsv
[505.254s] -- Up-to-date: /root/Lunar_ROADSTER/lr_ws/install/dwb_critics/share/dwb_critics/default_critics.xml
[505.260s] -- Installing: /root/Lunar_ROADSTER/lr_ws/install/dwb_critics/share/ament_index/resource_index/package_run_dependencies/dwb_critics
[505.265s] -- Installing: /root/Lunar_ROADSTER/lr_ws/install/dwb_critics/share/ament_index/resource_index/parent_prefix_path/dwb_critics
[505.268s] -- Installing: /root/Lunar_ROADSTER/lr_ws/install/dwb_critics/share/dwb_critics/environment/ament_prefix_path.sh
[505.269s] -- Installing: /root/Lunar_ROADSTER/lr_ws/install/dwb_critics/share/dwb_critics/environment/ament_prefix_path.dsv
[505.270s] -- Installing: /root/Lunar_ROADSTER/lr_ws/install/dwb_critics/share/dwb_critics/environment/path.sh
[505.271s] -- Installing: /root/Lunar_ROADSTER/lr_ws/install/dwb_critics/share/dwb_critics/environment/path.dsv
[505.272s] -- Installing: /root/Lunar_ROADSTER/lr_ws/install/dwb_critics/share/dwb_critics/local_setup.bash
[505.274s] -- Installing: /root/Lunar_ROADSTER/lr_ws/install/dwb_critics/share/dwb_critics/local_setup.sh
[505.275s] -- Installing: /root/Lunar_ROADSTER/lr_ws/install/dwb_critics/share/dwb_critics/local_setup.zsh
[505.276s] -- Installing: /root/Lunar_ROADSTER/lr_ws/install/dwb_critics/share/dwb_critics/local_setup.dsv
[505.277s] -- Installing: /root/Lunar_ROADSTER/lr_ws/install/dwb_critics/share/dwb_critics/package.dsv
[505.282s] -- Installing: /root/Lunar_ROADSTER/lr_ws/install/dwb_critics/share/ament_index/resource_index/packages/dwb_critics
[505.286s] -- Installing: /root/Lunar_ROADSTER/lr_ws/install/dwb_critics/share/ament_index/resource_index/dwb_core__pluginlib__plugin/dwb_critics
[505.293s] -- Installing: /root/Lunar_ROADSTER/lr_ws/install/dwb_critics/share/dwb_critics/cmake/ament_cmake_export_include_directories-extras.cmake
[505.296s] -- Installing: /root/Lunar_ROADSTER/lr_ws/install/dwb_critics/share/dwb_critics/cmake/ament_cmake_export_libraries-extras.cmake
[505.297s] -- Installing: /root/Lunar_ROADSTER/lr_ws/install/dwb_critics/share/dwb_critics/cmake/ament_cmake_export_dependencies-extras.cmake
[505.298s] -- Installing: /root/Lunar_ROADSTER/lr_ws/install/dwb_critics/share/dwb_critics/cmake/dwb_criticsConfig.cmake
[505.299s] -- Installing: /root/Lunar_ROADSTER/lr_ws/install/dwb_critics/share/dwb_critics/cmake/dwb_criticsConfig-version.cmake
[505.301s] -- Installing: /root/Lunar_ROADSTER/lr_ws/install/dwb_critics/share/dwb_critics/package.xml
[505.316s] Invoked command in '/root/Lunar_ROADSTER/lr_ws/build/dwb_critics' returned '0': AMENT_PREFIX_PATH=/root/Lunar_ROADSTER/lr_ws/install/dwb_core:/root/Lunar_ROADSTER/lr_ws/install/nav2_core:/root/Lunar_ROADSTER/lr_ws/install/costmap_queue:/root/Lunar_ROADSTER/lr_ws/install/nav2_costmap_2d:/root/Lunar_ROADSTER/lr_ws/install/nav_2d_utils:/root/Lunar_ROADSTER/lr_ws/install/nav2_map_server:/root/Lunar_ROADSTER/lr_ws/install/nav2_lifecycle_manager:/root/Lunar_ROADSTER/lr_ws/install/nav2_util:/root/Lunar_ROADSTER/lr_ws/install/nav2_voxel_grid:/root/Lunar_ROADSTER/lr_ws/install/nav2_msgs:/root/Lunar_ROADSTER/lr_ws/install/dwb_msgs:/root/Lunar_ROADSTER/lr_ws/install/nav_2d_msgs:/root/Lunar_ROADSTER/lr_ws/install/nav2_common:${AMENT_PREFIX_PATH} CMAKE_PREFIX_PATH=/root/Lunar_ROADSTER/lr_ws/install/dwb_core:/root/Lunar_ROADSTER/lr_ws/install/nav2_core:/root/Lunar_ROADSTER/lr_ws/install/costmap_queue:/root/Lunar_ROADSTER/lr_ws/install/nav2_costmap_2d:/root/Lunar_ROADSTER/lr_ws/install/nav_2d_utils:/root/Lunar_ROADSTER/lr_ws/install/nav2_map_server:/root/Lunar_ROADSTER/lr_ws/install/nav2_lifecycle_manager:/root/Lunar_ROADSTER/lr_ws/install/nav2_util:/root/Lunar_ROADSTER/lr_ws/install/nav2_voxel_grid:/root/Lunar_ROADSTER/lr_ws/install/nav2_msgs:/root/Lunar_ROADSTER/lr_ws/install/dwb_msgs:/root/Lunar_ROADSTER/lr_ws/install/nav_2d_msgs:/root/Lunar_ROADSTER/lr_ws/install/nav2_common:/opt/ros/humble LD_LIBRARY_PATH=/root/Lunar_ROADSTER/lr_ws/install/dwb_core/lib:/root/Lunar_ROADSTER/lr_ws/install/costmap_queue/lib:/root/Lunar_ROADSTER/lr_ws/install/nav2_costmap_2d/lib:/root/Lunar_ROADSTER/lr_ws/install/nav_2d_utils/lib:/root/Lunar_ROADSTER/lr_ws/install/nav2_map_server/lib:/root/Lunar_ROADSTER/lr_ws/install/nav2_lifecycle_manager/lib:/root/Lunar_ROADSTER/lr_ws/install/nav2_util/lib:/root/Lunar_ROADSTER/lr_ws/install/nav2_voxel_grid/lib:/root/Lunar_ROADSTER/lr_ws/install/nav2_msgs/lib:/root/Lunar_ROADSTER/lr_ws/install/dwb_msgs/lib:/root/Lunar_ROADSTER/lr_ws/install/nav_2d_msgs/lib:/opt/ros/humble/opt/rviz_ogre_vendor/lib:/opt/ros/humble/lib/aarch64-linux-gnu:/opt/ros/humble/lib:/usr/local/cuda/lib64 PYTHONPATH=/root/Lunar_ROADSTER/lr_ws/install/nav2_msgs/local/lib/python3.10/dist-packages:/root/Lunar_ROADSTER/lr_ws/install/dwb_msgs/local/lib/python3.10/dist-packages:/root/Lunar_ROADSTER/lr_ws/install/nav_2d_msgs/local/lib/python3.10/dist-packages:/root/Lunar_ROADSTER/lr_ws/install/nav2_common/local/lib/python3.10/dist-packages:${PYTHONPATH} /usr/local/bin/cmake --install /root/Lunar_ROADSTER/lr_ws/build/dwb_critics
