[0.011s] Invoking command in '/home/williamfbx/Lunar-ROADSTER/lr_ws/build/grid_map_sdf': AMENT_PREFIX_PATH=/home/williamfbx/Lunar-ROADSTER/lr_ws/install/grid_map_core:/home/williamfbx/Lunar-ROADSTER/lr_ws/install/grid_map_cmake_helpers:${AMENT_PREFIX_PATH} CMAKE_PREFIX_PATH=/home/williamfbx/Lunar-ROADSTER/lr_ws/install/grid_map_core:/home/williamfbx/Lunar-ROADSTER/lr_ws/install/grid_map_cmake_helpers:/opt/ros/humble LD_LIBRARY_PATH=/home/williamfbx/Lunar-ROADSTER/lr_ws/install/grid_map_core/lib:${LD_LIBRARY_PATH} /usr/bin/cmake /home/williamfbx/Lunar-ROADSTER/lr_ws/src/drivers/grid_map/grid_map_sdf -DCMAKE_INSTALL_PREFIX=/home/williamfbx/Lunar-ROADSTER/lr_ws/install/grid_map_sdf
[0.055s] -- The C compiler identification is GNU 11.4.0
[0.105s] -- The CXX compiler identification is GNU 11.4.0
[0.112s] -- Detecting C compiler ABI info
[0.169s] -- Detecting C compiler ABI info - done
[0.175s] -- Check for working C compiler: /usr/bin/cc - skipped
[0.175s] -- Detecting C compile features
[0.176s] -- Detecting C compile features - done
[0.179s] -- Detecting CXX compiler ABI info
[0.236s] -- Detecting CXX compiler ABI info - done
[0.246s] -- Check for working CXX compiler: /usr/bin/c++ - skipped
[0.246s] -- Detecting CXX compile features
[0.247s] -- Detecting CXX compile features - done
[0.248s] -- Found ament_cmake: 1.3.11 (/opt/ros/humble/share/ament_cmake/cmake)
[0.365s] -- Found Python3: /usr/bin/python3 (found version "3.10.12") found components: Interpreter 
[0.423s] -- Found grid_map_cmake_helpers: 2.0.1 (/home/williamfbx/Lunar-ROADSTER/lr_ws/install/grid_map_cmake_helpers/share/grid_map_cmake_helpers/cmake)
[0.424s] -- Found grid_map_core: 2.0.1 (/home/williamfbx/Lunar-ROADSTER/lr_ws/install/grid_map_core/share/grid_map_core/cmake)
[0.442s] -- Checking for module 'eigen3'
[0.454s] --   Found eigen3, version 3.4.0
[0.480s] -- Found Eigen: /usr/include/eigen3 (Required is at least version "3.1") 
[0.480s] -- Eigen found (include: /usr/include/eigen3, version: 3.4.0)
[0.503s] -- Found Boost: /usr/lib/x86_64-linux-gnu/cmake/Boost-1.74.0/BoostConfig.cmake (found suitable version "1.74.0", minimum required is "1.65.0") found components: system filesystem date_time iostreams serialization 
[0.504s] -- looking for PCL_COMMON
[0.506s] -- Found PCL_COMMON: /usr/lib/x86_64-linux-gnu/libpcl_common.so  
[0.507s] -- Found PCL: pcl_common;Boost::system;Boost::filesystem;Boost::date_time;Boost::iostreams;Boost::serialization  
[0.507s] -- Setting build type to Release as none was specified.
[0.509s] -- Found ament_lint_auto: 0.12.11 (/opt/ros/humble/share/ament_lint_auto/cmake)
[0.562s] -- Found gtest sources under '/opt/ros/humble/src/gtest_vendor': C++ tests using 'Google Test' will be built
[0.563s] -- Looking for pthread.h
[0.612s] -- Looking for pthread.h - found
[0.613s] -- Performing Test CMAKE_HAVE_LIBC_PTHREAD
[0.677s] -- Performing Test CMAKE_HAVE_LIBC_PTHREAD - Success
[0.679s] -- Found Threads: TRUE  
[0.685s] -- Added test 'cppcheck' to perform static code analysis on C / C++ code
[0.685s] -- Configured cppcheck include dirs: /home/williamfbx/Lunar-ROADSTER/lr_ws/src/drivers/grid_map/grid_map_sdf/include
[0.685s] -- Configured cppcheck exclude dirs and/or files: 
[0.686s] -- Added test 'lint_cmake' to check CMake code style
[0.688s] -- Added test 'uncrustify' to check C / C++ code style
[0.688s] -- Configured uncrustify additional arguments: 
[0.688s] -- Added test 'xmllint' to check XML markup files
[0.691s] -- Configuring done
[0.702s] -- Generating done
[0.706s] -- Build files have been written to: /home/williamfbx/Lunar-ROADSTER/lr_ws/build/grid_map_sdf
[0.711s] Invoked command in '/home/williamfbx/Lunar-ROADSTER/lr_ws/build/grid_map_sdf' returned '0': AMENT_PREFIX_PATH=/home/williamfbx/Lunar-ROADSTER/lr_ws/install/grid_map_core:/home/williamfbx/Lunar-ROADSTER/lr_ws/install/grid_map_cmake_helpers:${AMENT_PREFIX_PATH} CMAKE_PREFIX_PATH=/home/williamfbx/Lunar-ROADSTER/lr_ws/install/grid_map_core:/home/williamfbx/Lunar-ROADSTER/lr_ws/install/grid_map_cmake_helpers:/opt/ros/humble LD_LIBRARY_PATH=/home/williamfbx/Lunar-ROADSTER/lr_ws/install/grid_map_core/lib:${LD_LIBRARY_PATH} /usr/bin/cmake /home/williamfbx/Lunar-ROADSTER/lr_ws/src/drivers/grid_map/grid_map_sdf -DCMAKE_INSTALL_PREFIX=/home/williamfbx/Lunar-ROADSTER/lr_ws/install/grid_map_sdf
[0.713s] Invoking command in '/home/williamfbx/Lunar-ROADSTER/lr_ws/build/grid_map_sdf': AMENT_PREFIX_PATH=/home/williamfbx/Lunar-ROADSTER/lr_ws/install/grid_map_core:/home/williamfbx/Lunar-ROADSTER/lr_ws/install/grid_map_cmake_helpers:${AMENT_PREFIX_PATH} CMAKE_PREFIX_PATH=/home/williamfbx/Lunar-ROADSTER/lr_ws/install/grid_map_core:/home/williamfbx/Lunar-ROADSTER/lr_ws/install/grid_map_cmake_helpers:/opt/ros/humble LD_LIBRARY_PATH=/home/williamfbx/Lunar-ROADSTER/lr_ws/install/grid_map_core/lib:${LD_LIBRARY_PATH} /usr/bin/cmake --build /home/williamfbx/Lunar-ROADSTER/lr_ws/build/grid_map_sdf -- -j12 -l12
[0.746s] [ 11%] [32mBuilding CXX object gtest/CMakeFiles/gtest.dir/src/gtest-all.cc.o[0m
[0.746s] [ 22%] [32mBuilding CXX object gtest/CMakeFiles/gtest_main.dir/src/gtest_main.cc.o[0m
[0.748s] [ 33%] [32mBuilding CXX object CMakeFiles/grid_map_sdf.dir/src/SignedDistanceField.cpp.o[0m
[1.901s] [ 44%] [32m[1mLinking CXX static library libgtest_main.a[0m
[1.936s] [ 44%] Built target gtest_main
[3.565s] [ 55%] [32m[1mLinking CXX static library libgrid_map_sdf.a[0m
[3.597s] [ 55%] Built target grid_map_sdf
[6.533s] [ 66%] [32m[1mLinking CXX static library libgtest.a[0m
[6.558s] [ 66%] Built target gtest
[6.572s] [ 77%] [32mBuilding CXX object CMakeFiles/grid_map_sdf-test.dir/test/SignedDistanceFieldTest.cpp.o[0m
[6.572s] [ 88%] [32mBuilding CXX object CMakeFiles/grid_map_sdf-test.dir/test/test_grid_map_sdf.cpp.o[0m
[9.866s] [100%] [32m[1mLinking CXX executable grid_map_sdf-test[0m
[9.954s] [100%] Built target grid_map_sdf-test
[9.964s] Invoked command in '/home/williamfbx/Lunar-ROADSTER/lr_ws/build/grid_map_sdf' returned '0': AMENT_PREFIX_PATH=/home/williamfbx/Lunar-ROADSTER/lr_ws/install/grid_map_core:/home/williamfbx/Lunar-ROADSTER/lr_ws/install/grid_map_cmake_helpers:${AMENT_PREFIX_PATH} CMAKE_PREFIX_PATH=/home/williamfbx/Lunar-ROADSTER/lr_ws/install/grid_map_core:/home/williamfbx/Lunar-ROADSTER/lr_ws/install/grid_map_cmake_helpers:/opt/ros/humble LD_LIBRARY_PATH=/home/williamfbx/Lunar-ROADSTER/lr_ws/install/grid_map_core/lib:${LD_LIBRARY_PATH} /usr/bin/cmake --build /home/williamfbx/Lunar-ROADSTER/lr_ws/build/grid_map_sdf -- -j12 -l12
[9.966s] Invoking command in '/home/williamfbx/Lunar-ROADSTER/lr_ws/build/grid_map_sdf': AMENT_PREFIX_PATH=/home/williamfbx/Lunar-ROADSTER/lr_ws/install/grid_map_core:/home/williamfbx/Lunar-ROADSTER/lr_ws/install/grid_map_cmake_helpers:${AMENT_PREFIX_PATH} CMAKE_PREFIX_PATH=/home/williamfbx/Lunar-ROADSTER/lr_ws/install/grid_map_core:/home/williamfbx/Lunar-ROADSTER/lr_ws/install/grid_map_cmake_helpers:/opt/ros/humble LD_LIBRARY_PATH=/home/williamfbx/Lunar-ROADSTER/lr_ws/install/grid_map_core/lib:${LD_LIBRARY_PATH} /usr/bin/cmake --install /home/williamfbx/Lunar-ROADSTER/lr_ws/build/grid_map_sdf
[9.973s] -- Install configuration: "Release"
[9.973s] -- Installing: /home/williamfbx/Lunar-ROADSTER/lr_ws/install/grid_map_sdf/lib/libgrid_map_sdf.a
[9.973s] -- Installing: /home/williamfbx/Lunar-ROADSTER/lr_ws/install/grid_map_sdf/include/grid_map_sdf
[9.973s] -- Installing: /home/williamfbx/Lunar-ROADSTER/lr_ws/install/grid_map_sdf/include/grid_map_sdf/distance_transform
[9.973s] -- Installing: /home/williamfbx/Lunar-ROADSTER/lr_ws/install/grid_map_sdf/include/grid_map_sdf/distance_transform/image.hpp
[9.973s] -- Installing: /home/williamfbx/Lunar-ROADSTER/lr_ws/install/grid_map_sdf/include/grid_map_sdf/distance_transform/pnmfile.hpp
[9.973s] -- Installing: /home/williamfbx/Lunar-ROADSTER/lr_ws/install/grid_map_sdf/include/grid_map_sdf/distance_transform/dt.hpp
[9.973s] -- Installing: /home/williamfbx/Lunar-ROADSTER/lr_ws/install/grid_map_sdf/include/grid_map_sdf/distance_transform/misc.hpp
[9.974s] -- Installing: /home/williamfbx/Lunar-ROADSTER/lr_ws/install/grid_map_sdf/include/grid_map_sdf/distance_transform/imconv.hpp
[9.974s] -- Installing: /home/williamfbx/Lunar-ROADSTER/lr_ws/install/grid_map_sdf/include/grid_map_sdf/distance_transform/imutil.hpp
[9.974s] -- Installing: /home/williamfbx/Lunar-ROADSTER/lr_ws/install/grid_map_sdf/include/grid_map_sdf/SignedDistanceField.hpp
[9.974s] -- Installing: /home/williamfbx/Lunar-ROADSTER/lr_ws/install/grid_map_sdf/share/grid_map_sdf/environment/library_path.sh
[9.974s] -- Installing: /home/williamfbx/Lunar-ROADSTER/lr_ws/install/grid_map_sdf/share/grid_map_sdf/environment/library_path.dsv
[9.974s] -- Installing: /home/williamfbx/Lunar-ROADSTER/lr_ws/install/grid_map_sdf/share/ament_index/resource_index/package_run_dependencies/grid_map_sdf
[9.974s] -- Installing: /home/williamfbx/Lunar-ROADSTER/lr_ws/install/grid_map_sdf/share/ament_index/resource_index/parent_prefix_path/grid_map_sdf
[9.974s] -- Installing: /home/williamfbx/Lunar-ROADSTER/lr_ws/install/grid_map_sdf/share/grid_map_sdf/environment/ament_prefix_path.sh
[9.974s] -- Installing: /home/williamfbx/Lunar-ROADSTER/lr_ws/install/grid_map_sdf/share/grid_map_sdf/environment/ament_prefix_path.dsv
[9.974s] -- Installing: /home/williamfbx/Lunar-ROADSTER/lr_ws/install/grid_map_sdf/share/grid_map_sdf/environment/path.sh
[9.974s] -- Installing: /home/williamfbx/Lunar-ROADSTER/lr_ws/install/grid_map_sdf/share/grid_map_sdf/environment/path.dsv
[9.974s] -- Installing: /home/williamfbx/Lunar-ROADSTER/lr_ws/install/grid_map_sdf/share/grid_map_sdf/local_setup.bash
[9.974s] -- Installing: /home/williamfbx/Lunar-ROADSTER/lr_ws/install/grid_map_sdf/share/grid_map_sdf/local_setup.sh
[9.974s] -- Installing: /home/williamfbx/Lunar-ROADSTER/lr_ws/install/grid_map_sdf/share/grid_map_sdf/local_setup.zsh
[9.974s] -- Installing: /home/williamfbx/Lunar-ROADSTER/lr_ws/install/grid_map_sdf/share/grid_map_sdf/local_setup.dsv
[9.974s] -- Installing: /home/williamfbx/Lunar-ROADSTER/lr_ws/install/grid_map_sdf/share/grid_map_sdf/package.dsv
[9.974s] -- Installing: /home/williamfbx/Lunar-ROADSTER/lr_ws/install/grid_map_sdf/share/ament_index/resource_index/packages/grid_map_sdf
[9.974s] -- Installing: /home/williamfbx/Lunar-ROADSTER/lr_ws/install/grid_map_sdf/share/grid_map_sdf/cmake/ament_cmake_export_include_directories-extras.cmake
[9.974s] -- Installing: /home/williamfbx/Lunar-ROADSTER/lr_ws/install/grid_map_sdf/share/grid_map_sdf/cmake/ament_cmake_export_libraries-extras.cmake
[9.974s] -- Installing: /home/williamfbx/Lunar-ROADSTER/lr_ws/install/grid_map_sdf/share/grid_map_sdf/cmake/grid_map_sdfConfig.cmake
[9.974s] -- Installing: /home/williamfbx/Lunar-ROADSTER/lr_ws/install/grid_map_sdf/share/grid_map_sdf/cmake/grid_map_sdfConfig-version.cmake
[9.974s] -- Installing: /home/williamfbx/Lunar-ROADSTER/lr_ws/install/grid_map_sdf/share/grid_map_sdf/package.xml
[9.977s] Invoked command in '/home/williamfbx/Lunar-ROADSTER/lr_ws/build/grid_map_sdf' returned '0': AMENT_PREFIX_PATH=/home/williamfbx/Lunar-ROADSTER/lr_ws/install/grid_map_core:/home/williamfbx/Lunar-ROADSTER/lr_ws/install/grid_map_cmake_helpers:${AMENT_PREFIX_PATH} CMAKE_PREFIX_PATH=/home/williamfbx/Lunar-ROADSTER/lr_ws/install/grid_map_core:/home/williamfbx/Lunar-ROADSTER/lr_ws/install/grid_map_cmake_helpers:/opt/ros/humble LD_LIBRARY_PATH=/home/williamfbx/Lunar-ROADSTER/lr_ws/install/grid_map_core/lib:${LD_LIBRARY_PATH} /usr/bin/cmake --install /home/williamfbx/Lunar-ROADSTER/lr_ws/build/grid_map_sdf
