[0.067s] Invoking command in '/root/Lunar_ROADSTER/lr_ws/build/nav2_util': AMENT_PREFIX_PATH=/root/Lunar_ROADSTER/lr_ws/install/nav2_msgs:/root/Lunar_ROADSTER/lr_ws/install/nav2_common:${AMENT_PREFIX_PATH} CMAKE_PREFIX_PATH=/root/Lunar_ROADSTER/lr_ws/install/nav2_msgs:/root/Lunar_ROADSTER/lr_ws/install/nav2_common:/opt/ros/humble LD_LIBRARY_PATH=/root/Lunar_ROADSTER/lr_ws/install/nav2_msgs/lib:/opt/ros/humble/opt/rviz_ogre_vendor/lib:/opt/ros/humble/lib/aarch64-linux-gnu:/opt/ros/humble/lib:/usr/local/cuda/lib64 PYTHONPATH=/root/Lunar_ROADSTER/lr_ws/install/nav2_msgs/local/lib/python3.10/dist-packages:/root/Lunar_ROADSTER/lr_ws/install/nav2_common/local/lib/python3.10/dist-packages:${PYTHONPATH} /usr/local/bin/cmake --build /root/Lunar_ROADSTER/lr_ws/build/nav2_util -- -j4 -l4
[0.590s] [35m[1mConsolidate compiler generated dependencies of target nav2_util_core[0m
[1.091s] [ 25%] Built target nav2_util_core
[1.199s] [35m[1mConsolidate compiler generated dependencies of target gtest[0m
[1.244s] [ 30%] Built target gtest
[1.413s] [35m[1mConsolidate compiler generated dependencies of target lifecycle_bringup[0m
[1.572s] [ 35%] Built target lifecycle_bringup
[1.663s] [35m[1mConsolidate compiler generated dependencies of target gtest_main[0m
[1.735s] [ 40%] Built target gtest_main
[1.925s] [35m[1mConsolidate compiler generated dependencies of target test_execution_timer[0m
[1.981s] [ 45%] Built target test_execution_timer
[2.152s] [35m[1mConsolidate compiler generated dependencies of target test_string_utils[0m
[2.225s] [ 50%] Built target test_string_utils
[2.387s] [35m[1mConsolidate compiler generated dependencies of target test_lifecycle_utils[0m
[2.459s] [ 55%] Built target test_lifecycle_utils
[2.629s] [35m[1mConsolidate compiler generated dependencies of target test_actions[0m
[2.710s] [ 60%] Built target test_actions
[2.879s] [35m[1mConsolidate compiler generated dependencies of target test_lifecycle_node[0m
[2.960s] [ 65%] Built target test_lifecycle_node
[3.096s] [35m[1mConsolidate compiler generated dependencies of target test_lifecycle_cli_node[0m
[3.168s] [ 70%] Built target test_lifecycle_cli_node
[3.306s] [35m[1mConsolidate compiler generated dependencies of target test_geometry_utils[0m
[3.382s] [ 75%] Built target test_geometry_utils
[3.549s] [35m[1mConsolidate compiler generated dependencies of target test_odometry_utils[0m
[3.720s] [ 80%] Built target test_odometry_utils
[3.825s] [35m[1mConsolidate compiler generated dependencies of target test_robot_utils[0m
[3.911s] [ 85%] Built target test_robot_utils
[4.112s] [35m[1mConsolidate compiler generated dependencies of target test_validation_messages[0m
[4.151s] [ 90%] Built target test_validation_messages
[4.242s] [35m[1mConsolidate compiler generated dependencies of target test_service_client[0m
[4.328s] [ 95%] Built target test_service_client
[4.523s] [35m[1mConsolidate compiler generated dependencies of target test_node_utils[0m
[4.594s] [100%] Built target test_node_utils
[4.677s] Invoked command in '/root/Lunar_ROADSTER/lr_ws/build/nav2_util' returned '0': AMENT_PREFIX_PATH=/root/Lunar_ROADSTER/lr_ws/install/nav2_msgs:/root/Lunar_ROADSTER/lr_ws/install/nav2_common:${AMENT_PREFIX_PATH} CMAKE_PREFIX_PATH=/root/Lunar_ROADSTER/lr_ws/install/nav2_msgs:/root/Lunar_ROADSTER/lr_ws/install/nav2_common:/opt/ros/humble LD_LIBRARY_PATH=/root/Lunar_ROADSTER/lr_ws/install/nav2_msgs/lib:/opt/ros/humble/opt/rviz_ogre_vendor/lib:/opt/ros/humble/lib/aarch64-linux-gnu:/opt/ros/humble/lib:/usr/local/cuda/lib64 PYTHONPATH=/root/Lunar_ROADSTER/lr_ws/install/nav2_msgs/local/lib/python3.10/dist-packages:/root/Lunar_ROADSTER/lr_ws/install/nav2_common/local/lib/python3.10/dist-packages:${PYTHONPATH} /usr/local/bin/cmake --build /root/Lunar_ROADSTER/lr_ws/build/nav2_util -- -j4 -l4
[4.731s] Invoking command in '/root/Lunar_ROADSTER/lr_ws/build/nav2_util': AMENT_PREFIX_PATH=/root/Lunar_ROADSTER/lr_ws/install/nav2_msgs:/root/Lunar_ROADSTER/lr_ws/install/nav2_common:${AMENT_PREFIX_PATH} CMAKE_PREFIX_PATH=/root/Lunar_ROADSTER/lr_ws/install/nav2_msgs:/root/Lunar_ROADSTER/lr_ws/install/nav2_common:/opt/ros/humble LD_LIBRARY_PATH=/root/Lunar_ROADSTER/lr_ws/install/nav2_msgs/lib:/opt/ros/humble/opt/rviz_ogre_vendor/lib:/opt/ros/humble/lib/aarch64-linux-gnu:/opt/ros/humble/lib:/usr/local/cuda/lib64 PYTHONPATH=/root/Lunar_ROADSTER/lr_ws/install/nav2_msgs/local/lib/python3.10/dist-packages:/root/Lunar_ROADSTER/lr_ws/install/nav2_common/local/lib/python3.10/dist-packages:${PYTHONPATH} /usr/local/bin/cmake --install /root/Lunar_ROADSTER/lr_ws/build/nav2_util
[4.752s] -- Install configuration: "Release"
[4.760s] -- Up-to-date: /root/Lunar_ROADSTER/lr_ws/install/nav2_util/include/
[4.760s] -- Up-to-date: /root/Lunar_ROADSTER/lr_ws/install/nav2_util/include//nav2_util
[4.760s] -- Up-to-date: /root/Lunar_ROADSTER/lr_ws/install/nav2_util/include//nav2_util/clear_entirely_costmap_service_client.hpp
[4.760s] -- Up-to-date: /root/Lunar_ROADSTER/lr_ws/install/nav2_util/include//nav2_util/costmap.hpp
[4.761s] -- Up-to-date: /root/Lunar_ROADSTER/lr_ws/install/nav2_util/include//nav2_util/execution_timer.hpp
[4.763s] -- Up-to-date: /root/Lunar_ROADSTER/lr_ws/install/nav2_util/include//nav2_util/geometry_utils.hpp
[4.763s] -- Up-to-date: /root/Lunar_ROADSTER/lr_ws/install/nav2_util/include//nav2_util/lifecycle_node.hpp
[4.764s] -- Up-to-date: /root/Lunar_ROADSTER/lr_ws/install/nav2_util/include//nav2_util/lifecycle_service_client.hpp
[4.764s] -- Up-to-date: /root/Lunar_ROADSTER/lr_ws/install/nav2_util/include//nav2_util/lifecycle_utils.hpp
[4.764s] -- Up-to-date: /root/Lunar_ROADSTER/lr_ws/install/nav2_util/include//nav2_util/line_iterator.hpp
[4.764s] -- Up-to-date: /root/Lunar_ROADSTER/lr_ws/install/nav2_util/include//nav2_util/node_thread.hpp
[4.765s] -- Up-to-date: /root/Lunar_ROADSTER/lr_ws/install/nav2_util/include//nav2_util/node_utils.hpp
[4.765s] -- Up-to-date: /root/Lunar_ROADSTER/lr_ws/install/nav2_util/include//nav2_util/occ_grid_values.hpp
[4.765s] -- Up-to-date: /root/Lunar_ROADSTER/lr_ws/install/nav2_util/include//nav2_util/odometry_utils.hpp
[4.765s] -- Up-to-date: /root/Lunar_ROADSTER/lr_ws/install/nav2_util/include//nav2_util/robot_utils.hpp
[4.766s] -- Up-to-date: /root/Lunar_ROADSTER/lr_ws/install/nav2_util/include//nav2_util/service_client.hpp
[4.766s] -- Up-to-date: /root/Lunar_ROADSTER/lr_ws/install/nav2_util/include//nav2_util/simple_action_server.hpp
[4.766s] -- Up-to-date: /root/Lunar_ROADSTER/lr_ws/install/nav2_util/include//nav2_util/string_utils.hpp
[4.766s] -- Up-to-date: /root/Lunar_ROADSTER/lr_ws/install/nav2_util/include//nav2_util/validate_messages.hpp
[4.766s] -- Up-to-date: /root/Lunar_ROADSTER/lr_ws/install/nav2_util/share/nav2_util/environment/library_path.sh
[4.767s] -- Up-to-date: /root/Lunar_ROADSTER/lr_ws/install/nav2_util/share/nav2_util/environment/library_path.dsv
[4.768s] -- Up-to-date: /root/Lunar_ROADSTER/lr_ws/install/nav2_util/share/ament_index/resource_index/package_run_dependencies/nav2_util
[4.769s] -- Up-to-date: /root/Lunar_ROADSTER/lr_ws/install/nav2_util/share/ament_index/resource_index/parent_prefix_path/nav2_util
[4.769s] -- Up-to-date: /root/Lunar_ROADSTER/lr_ws/install/nav2_util/share/nav2_util/environment/ament_prefix_path.sh
[4.769s] -- Up-to-date: /root/Lunar_ROADSTER/lr_ws/install/nav2_util/share/nav2_util/environment/ament_prefix_path.dsv
[4.770s] -- Up-to-date: /root/Lunar_ROADSTER/lr_ws/install/nav2_util/share/nav2_util/environment/path.sh
[4.770s] -- Up-to-date: /root/Lunar_ROADSTER/lr_ws/install/nav2_util/share/nav2_util/environment/path.dsv
[4.770s] -- Up-to-date: /root/Lunar_ROADSTER/lr_ws/install/nav2_util/share/nav2_util/local_setup.bash
[4.770s] -- Up-to-date: /root/Lunar_ROADSTER/lr_ws/install/nav2_util/share/nav2_util/local_setup.sh
[4.771s] -- Up-to-date: /root/Lunar_ROADSTER/lr_ws/install/nav2_util/share/nav2_util/local_setup.zsh
[4.771s] -- Up-to-date: /root/Lunar_ROADSTER/lr_ws/install/nav2_util/share/nav2_util/local_setup.dsv
[4.771s] -- Installing: /root/Lunar_ROADSTER/lr_ws/install/nav2_util/share/nav2_util/package.dsv
[4.773s] -- Up-to-date: /root/Lunar_ROADSTER/lr_ws/install/nav2_util/share/ament_index/resource_index/packages/nav2_util
[4.773s] -- Up-to-date: /root/Lunar_ROADSTER/lr_ws/install/nav2_util/share/nav2_util/cmake/ament_cmake_export_include_directories-extras.cmake
[4.774s] -- Up-to-date: /root/Lunar_ROADSTER/lr_ws/install/nav2_util/share/nav2_util/cmake/ament_cmake_export_libraries-extras.cmake
[4.775s] -- Up-to-date: /root/Lunar_ROADSTER/lr_ws/install/nav2_util/share/nav2_util/cmake/ament_cmake_export_dependencies-extras.cmake
[4.775s] -- Up-to-date: /root/Lunar_ROADSTER/lr_ws/install/nav2_util/share/nav2_util/cmake/nav2_utilConfig.cmake
[4.776s] -- Up-to-date: /root/Lunar_ROADSTER/lr_ws/install/nav2_util/share/nav2_util/cmake/nav2_utilConfig-version.cmake
[4.776s] -- Up-to-date: /root/Lunar_ROADSTER/lr_ws/install/nav2_util/share/nav2_util/package.xml
[4.776s] -- Up-to-date: /root/Lunar_ROADSTER/lr_ws/install/nav2_util/lib/libnav2_util_core.so
[4.776s] -- Up-to-date: /root/Lunar_ROADSTER/lr_ws/install/nav2_util/lib/nav2_util/lifecycle_bringup
[4.862s] Invoked command in '/root/Lunar_ROADSTER/lr_ws/build/nav2_util' returned '0': AMENT_PREFIX_PATH=/root/Lunar_ROADSTER/lr_ws/install/nav2_msgs:/root/Lunar_ROADSTER/lr_ws/install/nav2_common:${AMENT_PREFIX_PATH} CMAKE_PREFIX_PATH=/root/Lunar_ROADSTER/lr_ws/install/nav2_msgs:/root/Lunar_ROADSTER/lr_ws/install/nav2_common:/opt/ros/humble LD_LIBRARY_PATH=/root/Lunar_ROADSTER/lr_ws/install/nav2_msgs/lib:/opt/ros/humble/opt/rviz_ogre_vendor/lib:/opt/ros/humble/lib/aarch64-linux-gnu:/opt/ros/humble/lib:/usr/local/cuda/lib64 PYTHONPATH=/root/Lunar_ROADSTER/lr_ws/install/nav2_msgs/local/lib/python3.10/dist-packages:/root/Lunar_ROADSTER/lr_ws/install/nav2_common/local/lib/python3.10/dist-packages:${PYTHONPATH} /usr/local/bin/cmake --install /root/Lunar_ROADSTER/lr_ws/build/nav2_util
