[0.388s] Invoking command in '/root/Lunar_ROADSTER/lr_ws/build/nav2_rviz_plugins': AMENT_PREFIX_PATH=/root/Lunar_ROADSTER/lr_ws/install/nav2_lifecycle_manager:/root/Lunar_ROADSTER/lr_ws/install/nav2_util:/root/Lunar_ROADSTER/lr_ws/install/nav2_msgs:/root/Lunar_ROADSTER/lr_ws/install/nav2_common:${AMENT_PREFIX_PATH} CMAKE_PREFIX_PATH=/root/Lunar_ROADSTER/lr_ws/install/nav2_lifecycle_manager:/root/Lunar_ROADSTER/lr_ws/install/nav2_util:/root/Lunar_ROADSTER/lr_ws/install/nav2_msgs:/root/Lunar_ROADSTER/lr_ws/install/nav2_common:/opt/ros/humble LD_LIBRARY_PATH=/root/Lunar_ROADSTER/lr_ws/install/nav2_lifecycle_manager/lib:/root/Lunar_ROADSTER/lr_ws/install/nav2_util/lib:/root/Lunar_ROADSTER/lr_ws/install/nav2_msgs/lib:/opt/ros/humble/opt/rviz_ogre_vendor/lib:/opt/ros/humble/lib/aarch64-linux-gnu:/opt/ros/humble/lib:/usr/local/cuda/lib64 PYTHONPATH=/root/Lunar_ROADSTER/lr_ws/install/nav2_msgs/local/lib/python3.10/dist-packages:/root/Lunar_ROADSTER/lr_ws/install/nav2_common/local/lib/python3.10/dist-packages:${PYTHONPATH} /usr/local/bin/cmake --build /root/Lunar_ROADSTER/lr_ws/build/nav2_rviz_plugins -- -j4 -l4
[0.756s] [ 14%] [34m[1mAutomatic MOC for target nav2_rviz_plugins[0m
[1.141s] [ 14%] Built target nav2_rviz_plugins_autogen
[1.334s] [35m[1mConsolidate compiler generated dependencies of target nav2_rviz_plugins[0m
[1.770s] [100%] Built target nav2_rviz_plugins
[1.786s] Invoked command in '/root/Lunar_ROADSTER/lr_ws/build/nav2_rviz_plugins' returned '0': AMENT_PREFIX_PATH=/root/Lunar_ROADSTER/lr_ws/install/nav2_lifecycle_manager:/root/Lunar_ROADSTER/lr_ws/install/nav2_util:/root/Lunar_ROADSTER/lr_ws/install/nav2_msgs:/root/Lunar_ROADSTER/lr_ws/install/nav2_common:${AMENT_PREFIX_PATH} CMAKE_PREFIX_PATH=/root/Lunar_ROADSTER/lr_ws/install/nav2_lifecycle_manager:/root/Lunar_ROADSTER/lr_ws/install/nav2_util:/root/Lunar_ROADSTER/lr_ws/install/nav2_msgs:/root/Lunar_ROADSTER/lr_ws/install/nav2_common:/opt/ros/humble LD_LIBRARY_PATH=/root/Lunar_ROADSTER/lr_ws/install/nav2_lifecycle_manager/lib:/root/Lunar_ROADSTER/lr_ws/install/nav2_util/lib:/root/Lunar_ROADSTER/lr_ws/install/nav2_msgs/lib:/opt/ros/humble/opt/rviz_ogre_vendor/lib:/opt/ros/humble/lib/aarch64-linux-gnu:/opt/ros/humble/lib:/usr/local/cuda/lib64 PYTHONPATH=/root/Lunar_ROADSTER/lr_ws/install/nav2_msgs/local/lib/python3.10/dist-packages:/root/Lunar_ROADSTER/lr_ws/install/nav2_common/local/lib/python3.10/dist-packages:${PYTHONPATH} /usr/local/bin/cmake --build /root/Lunar_ROADSTER/lr_ws/build/nav2_rviz_plugins -- -j4 -l4
[1.935s] Invoking command in '/root/Lunar_ROADSTER/lr_ws/build/nav2_rviz_plugins': AMENT_PREFIX_PATH=/root/Lunar_ROADSTER/lr_ws/install/nav2_lifecycle_manager:/root/Lunar_ROADSTER/lr_ws/install/nav2_util:/root/Lunar_ROADSTER/lr_ws/install/nav2_msgs:/root/Lunar_ROADSTER/lr_ws/install/nav2_common:${AMENT_PREFIX_PATH} CMAKE_PREFIX_PATH=/root/Lunar_ROADSTER/lr_ws/install/nav2_lifecycle_manager:/root/Lunar_ROADSTER/lr_ws/install/nav2_util:/root/Lunar_ROADSTER/lr_ws/install/nav2_msgs:/root/Lunar_ROADSTER/lr_ws/install/nav2_common:/opt/ros/humble LD_LIBRARY_PATH=/root/Lunar_ROADSTER/lr_ws/install/nav2_lifecycle_manager/lib:/root/Lunar_ROADSTER/lr_ws/install/nav2_util/lib:/root/Lunar_ROADSTER/lr_ws/install/nav2_msgs/lib:/opt/ros/humble/opt/rviz_ogre_vendor/lib:/opt/ros/humble/lib/aarch64-linux-gnu:/opt/ros/humble/lib:/usr/local/cuda/lib64 PYTHONPATH=/root/Lunar_ROADSTER/lr_ws/install/nav2_msgs/local/lib/python3.10/dist-packages:/root/Lunar_ROADSTER/lr_ws/install/nav2_common/local/lib/python3.10/dist-packages:${PYTHONPATH} /usr/local/bin/cmake --install /root/Lunar_ROADSTER/lr_ws/build/nav2_rviz_plugins
[1.948s] -- Install configuration: ""
[1.950s] -- Up-to-date: /root/Lunar_ROADSTER/lr_ws/install/nav2_rviz_plugins/share/nav2_rviz_plugins/plugins_description.xml
[1.952s] -- Up-to-date: /root/Lunar_ROADSTER/lr_ws/install/nav2_rviz_plugins/lib/libnav2_rviz_plugins.so
[1.952s] -- Up-to-date: /root/Lunar_ROADSTER/lr_ws/install/nav2_rviz_plugins/include/
[1.952s] -- Up-to-date: /root/Lunar_ROADSTER/lr_ws/install/nav2_rviz_plugins/include//nav2_rviz_plugins
[1.953s] -- Up-to-date: /root/Lunar_ROADSTER/lr_ws/install/nav2_rviz_plugins/include//nav2_rviz_plugins/goal_common.hpp
[1.954s] -- Up-to-date: /root/Lunar_ROADSTER/lr_ws/install/nav2_rviz_plugins/include//nav2_rviz_plugins/goal_pose_updater.hpp
[1.954s] -- Up-to-date: /root/Lunar_ROADSTER/lr_ws/install/nav2_rviz_plugins/include//nav2_rviz_plugins/goal_tool.hpp
[1.954s] -- Up-to-date: /root/Lunar_ROADSTER/lr_ws/install/nav2_rviz_plugins/include//nav2_rviz_plugins/nav2_panel.hpp
[1.955s] -- Up-to-date: /root/Lunar_ROADSTER/lr_ws/install/nav2_rviz_plugins/include//nav2_rviz_plugins/particle_cloud_display
[1.955s] -- Up-to-date: /root/Lunar_ROADSTER/lr_ws/install/nav2_rviz_plugins/include//nav2_rviz_plugins/particle_cloud_display/flat_weighted_arrows_array.hpp
[1.955s] -- Up-to-date: /root/Lunar_ROADSTER/lr_ws/install/nav2_rviz_plugins/include//nav2_rviz_plugins/particle_cloud_display/particle_cloud_display.hpp
[1.956s] -- Up-to-date: /root/Lunar_ROADSTER/lr_ws/install/nav2_rviz_plugins/include//nav2_rviz_plugins/ros_action_qevent.hpp
[1.956s] -- Up-to-date: /root/Lunar_ROADSTER/lr_ws/install/nav2_rviz_plugins/share/nav2_rviz_plugins/environment/library_path.sh
[1.956s] -- Up-to-date: /root/Lunar_ROADSTER/lr_ws/install/nav2_rviz_plugins/share/nav2_rviz_plugins/environment/library_path.dsv
[1.957s] -- Up-to-date: /root/Lunar_ROADSTER/lr_ws/install/nav2_rviz_plugins/share/ament_index/resource_index/package_run_dependencies/nav2_rviz_plugins
[1.965s] -- Up-to-date: /root/Lunar_ROADSTER/lr_ws/install/nav2_rviz_plugins/share/ament_index/resource_index/parent_prefix_path/nav2_rviz_plugins
[1.966s] -- Up-to-date: /root/Lunar_ROADSTER/lr_ws/install/nav2_rviz_plugins/share/nav2_rviz_plugins/environment/ament_prefix_path.sh
[1.967s] -- Up-to-date: /root/Lunar_ROADSTER/lr_ws/install/nav2_rviz_plugins/share/nav2_rviz_plugins/environment/ament_prefix_path.dsv
[1.967s] -- Up-to-date: /root/Lunar_ROADSTER/lr_ws/install/nav2_rviz_plugins/share/nav2_rviz_plugins/environment/path.sh
[1.967s] -- Up-to-date: /root/Lunar_ROADSTER/lr_ws/install/nav2_rviz_plugins/share/nav2_rviz_plugins/environment/path.dsv
[1.968s] -- Up-to-date: /root/Lunar_ROADSTER/lr_ws/install/nav2_rviz_plugins/share/nav2_rviz_plugins/local_setup.bash
[1.968s] -- Up-to-date: /root/Lunar_ROADSTER/lr_ws/install/nav2_rviz_plugins/share/nav2_rviz_plugins/local_setup.sh
[1.968s] -- Up-to-date: /root/Lunar_ROADSTER/lr_ws/install/nav2_rviz_plugins/share/nav2_rviz_plugins/local_setup.zsh
[1.968s] -- Up-to-date: /root/Lunar_ROADSTER/lr_ws/install/nav2_rviz_plugins/share/nav2_rviz_plugins/local_setup.dsv
[1.968s] -- Installing: /root/Lunar_ROADSTER/lr_ws/install/nav2_rviz_plugins/share/nav2_rviz_plugins/package.dsv
[1.969s] -- Up-to-date: /root/Lunar_ROADSTER/lr_ws/install/nav2_rviz_plugins/share/ament_index/resource_index/packages/nav2_rviz_plugins
[1.969s] -- Up-to-date: /root/Lunar_ROADSTER/lr_ws/install/nav2_rviz_plugins/share/ament_index/resource_index/rviz_common__pluginlib__plugin/nav2_rviz_plugins
[1.969s] -- Up-to-date: /root/Lunar_ROADSTER/lr_ws/install/nav2_rviz_plugins/share/nav2_rviz_plugins/cmake/nav2_rviz_pluginsExport.cmake
[1.970s] -- Up-to-date: /root/Lunar_ROADSTER/lr_ws/install/nav2_rviz_plugins/share/nav2_rviz_plugins/cmake/nav2_rviz_pluginsExport-noconfig.cmake
[1.970s] -- Up-to-date: /root/Lunar_ROADSTER/lr_ws/install/nav2_rviz_plugins/share/nav2_rviz_plugins/cmake/ament_cmake_export_include_directories-extras.cmake
[1.976s] -- Up-to-date: /root/Lunar_ROADSTER/lr_ws/install/nav2_rviz_plugins/share/nav2_rviz_plugins/cmake/ament_cmake_export_targets-extras.cmake
[1.984s] -- Up-to-date: /root/Lunar_ROADSTER/lr_ws/install/nav2_rviz_plugins/share/nav2_rviz_plugins/cmake/ament_cmake_export_dependencies-extras.cmake
[1.985s] -- Up-to-date: /root/Lunar_ROADSTER/lr_ws/install/nav2_rviz_plugins/share/nav2_rviz_plugins/cmake/nav2_rviz_pluginsConfig.cmake
[1.985s] -- Up-to-date: /root/Lunar_ROADSTER/lr_ws/install/nav2_rviz_plugins/share/nav2_rviz_plugins/cmake/nav2_rviz_pluginsConfig-version.cmake
[1.986s] -- Up-to-date: /root/Lunar_ROADSTER/lr_ws/install/nav2_rviz_plugins/share/nav2_rviz_plugins/package.xml
[1.986s] Invoked command in '/root/Lunar_ROADSTER/lr_ws/build/nav2_rviz_plugins' returned '0': AMENT_PREFIX_PATH=/root/Lunar_ROADSTER/lr_ws/install/nav2_lifecycle_manager:/root/Lunar_ROADSTER/lr_ws/install/nav2_util:/root/Lunar_ROADSTER/lr_ws/install/nav2_msgs:/root/Lunar_ROADSTER/lr_ws/install/nav2_common:${AMENT_PREFIX_PATH} CMAKE_PREFIX_PATH=/root/Lunar_ROADSTER/lr_ws/install/nav2_lifecycle_manager:/root/Lunar_ROADSTER/lr_ws/install/nav2_util:/root/Lunar_ROADSTER/lr_ws/install/nav2_msgs:/root/Lunar_ROADSTER/lr_ws/install/nav2_common:/opt/ros/humble LD_LIBRARY_PATH=/root/Lunar_ROADSTER/lr_ws/install/nav2_lifecycle_manager/lib:/root/Lunar_ROADSTER/lr_ws/install/nav2_util/lib:/root/Lunar_ROADSTER/lr_ws/install/nav2_msgs/lib:/opt/ros/humble/opt/rviz_ogre_vendor/lib:/opt/ros/humble/lib/aarch64-linux-gnu:/opt/ros/humble/lib:/usr/local/cuda/lib64 PYTHONPATH=/root/Lunar_ROADSTER/lr_ws/install/nav2_msgs/local/lib/python3.10/dist-packages:/root/Lunar_ROADSTER/lr_ws/install/nav2_common/local/lib/python3.10/dist-packages:${PYTHONPATH} /usr/local/bin/cmake --install /root/Lunar_ROADSTER/lr_ws/build/nav2_rviz_plugins
