[0.200s] Invoking command in '/root/Lunar_ROADSTER/lr_ws/build/mapping': CMAKE_PREFIX_PATH=${CMAKE_PREFIX_PATH}:/root/Lunar_ROADSTER/lr_ws/install/nav2_simple_commander:/root/microros_ws/install/sensor_msgs_py:/opt/ros/humble /usr/local/bin/cmake --build /root/Lunar_ROADSTER/lr_ws/build/mapping -- -j4 -l4
[0.834s] [  8%] [32mBuilding CXX object CMakeFiles/local_mapping_node.dir/src/local_mapping_node.cpp.o[0m
[0.865s] [ 16%] [32mBuilding CXX object CMakeFiles/local_mapping_node.dir/src/local_mapping.cpp.o[0m
[0.898s] [ 41%] Built target pc_handler_node
[0.921s] [ 50%] [32mBuilding CXX object CMakeFiles/global_mapping_node.dir/src/global_mapping_node.cpp.o[0m
[1.058s] [ 58%] [32mBuilding CXX object CMakeFiles/global_mapping_node.dir/src/global_mapping.cpp.o[0m
[94.300s] [ 66%] [32m[1mLinking CXX executable local_mapping_node[0m
[107.669s] [ 75%] [32m[1mLinking CXX executable global_mapping_node[0m
[107.744s] [ 83%] Built target local_mapping_node
[111.567s] [100%] Built target global_mapping_node
[111.619s] Invoked command in '/root/Lunar_ROADSTER/lr_ws/build/mapping' returned '0': CMAKE_PREFIX_PATH=${CMAKE_PREFIX_PATH}:/root/Lunar_ROADSTER/lr_ws/install/nav2_simple_commander:/root/microros_ws/install/sensor_msgs_py:/opt/ros/humble /usr/local/bin/cmake --build /root/Lunar_ROADSTER/lr_ws/build/mapping -- -j4 -l4
[111.668s] Invoking command in '/root/Lunar_ROADSTER/lr_ws/build/mapping': CMAKE_PREFIX_PATH=${CMAKE_PREFIX_PATH}:/root/Lunar_ROADSTER/lr_ws/install/nav2_simple_commander:/root/microros_ws/install/sensor_msgs_py:/opt/ros/humble /usr/local/bin/cmake --install /root/Lunar_ROADSTER/lr_ws/build/mapping
[111.701s] -- Install configuration: ""
[111.703s] -- Installing: /root/Lunar_ROADSTER/lr_ws/install/mapping/lib/mapping/global_mapping_node
[111.754s] -- Set runtime path of "/root/Lunar_ROADSTER/lr_ws/install/mapping/lib/mapping/global_mapping_node" to ""
[111.755s] -- Installing: /root/Lunar_ROADSTER/lr_ws/install/mapping/lib/mapping/local_mapping_node
[111.800s] -- Set runtime path of "/root/Lunar_ROADSTER/lr_ws/install/mapping/lib/mapping/local_mapping_node" to ""
[111.801s] -- Up-to-date: /root/Lunar_ROADSTER/lr_ws/install/mapping/lib/mapping/pc_handler_node
[111.802s] -- Up-to-date: /root/Lunar_ROADSTER/lr_ws/install/mapping/share/mapping/launch
[111.805s] -- Up-to-date: /root/Lunar_ROADSTER/lr_ws/install/mapping/share/mapping/launch/mapping.launch.py
[111.805s] -- Up-to-date: /root/Lunar_ROADSTER/lr_ws/install/mapping/share/mapping/launch/rviz_config.rviz
[111.806s] -- Up-to-date: /root/Lunar_ROADSTER/lr_ws/install/mapping/share/ament_index/resource_index/package_run_dependencies/mapping
[111.807s] -- Up-to-date: /root/Lunar_ROADSTER/lr_ws/install/mapping/share/ament_index/resource_index/parent_prefix_path/mapping
[111.808s] -- Up-to-date: /root/Lunar_ROADSTER/lr_ws/install/mapping/share/mapping/environment/ament_prefix_path.sh
[111.808s] -- Up-to-date: /root/Lunar_ROADSTER/lr_ws/install/mapping/share/mapping/environment/ament_prefix_path.dsv
[111.809s] -- Up-to-date: /root/Lunar_ROADSTER/lr_ws/install/mapping/share/mapping/environment/path.sh
[111.809s] -- Up-to-date: /root/Lunar_ROADSTER/lr_ws/install/mapping/share/mapping/environment/path.dsv
[111.810s] -- Up-to-date: /root/Lunar_ROADSTER/lr_ws/install/mapping/share/mapping/local_setup.bash
[111.813s] -- Up-to-date: /root/Lunar_ROADSTER/lr_ws/install/mapping/share/mapping/local_setup.sh
[111.813s] -- Up-to-date: /root/Lunar_ROADSTER/lr_ws/install/mapping/share/mapping/local_setup.zsh
[111.813s] -- Up-to-date: /root/Lunar_ROADSTER/lr_ws/install/mapping/share/mapping/local_setup.dsv
[111.814s] -- Installing: /root/Lunar_ROADSTER/lr_ws/install/mapping/share/mapping/package.dsv
[111.814s] -- Up-to-date: /root/Lunar_ROADSTER/lr_ws/install/mapping/share/ament_index/resource_index/packages/mapping
[111.818s] -- Up-to-date: /root/Lunar_ROADSTER/lr_ws/install/mapping/share/mapping/cmake/mappingConfig.cmake
[111.820s] -- Up-to-date: /root/Lunar_ROADSTER/lr_ws/install/mapping/share/mapping/cmake/mappingConfig-version.cmake
[111.821s] -- Up-to-date: /root/Lunar_ROADSTER/lr_ws/install/mapping/share/mapping/package.xml
[111.822s] Invoked command in '/root/Lunar_ROADSTER/lr_ws/build/mapping' returned '0': CMAKE_PREFIX_PATH=${CMAKE_PREFIX_PATH}:/root/Lunar_ROADSTER/lr_ws/install/nav2_simple_commander:/root/microros_ws/install/sensor_msgs_py:/opt/ros/humble /usr/local/bin/cmake --install /root/Lunar_ROADSTER/lr_ws/build/mapping
