[0.280s] Invoking command in '/root/Lunar_ROADSTER/lr_ws/build/lx_msgs': CMAKE_PREFIX_PATH=${CMAKE_PREFIX_PATH}:/root/Lunar_ROADSTER/lr_ws/install/nav2_simple_commander:/opt/ros/humble /usr/local/bin/cmake --build /root/Lunar_ROADSTER/lr_ws/build/lx_msgs -- -j4 -l4
[0.797s] [  0%] Built target lx_msgs__cpp
[0.812s] [ 12%] Built target lx_msgs__rosidl_generator_c
[1.178s] [ 24%] Built target lx_msgs__rosidl_typesupport_fastrtps_cpp
[1.236s] [ 24%] Built target ament_cmake_python_copy_lx_msgs
[1.460s] [ 37%] Built target lx_msgs__rosidl_typesupport_introspection_cpp
[1.541s] [ 49%] Built target lx_msgs__rosidl_typesupport_fastrtps_c
[1.726s] [ 61%] Built target lx_msgs__rosidl_typesupport_c
[2.966s] running egg_info
[2.970s] writing lx_msgs.egg-info/PKG-INFO
[2.971s] writing dependency_links to lx_msgs.egg-info/dependency_links.txt
[2.976s] writing top-level names to lx_msgs.egg-info/top_level.txt
[2.986s] reading manifest file 'lx_msgs.egg-info/SOURCES.txt'
[2.991s] writing manifest file 'lx_msgs.egg-info/SOURCES.txt'
[3.112s] [ 61%] Built target ament_cmake_python_build_lx_msgs_egg
[3.383s] [ 73%] Built target lx_msgs__rosidl_typesupport_introspection_c
[3.628s] [ 85%] Built target lx_msgs__rosidl_typesupport_cpp
[3.817s] [ 85%] Built target lx_msgs
[4.020s] [ 86%] Built target lx_msgs__py
[4.321s] [ 97%] Built target lx_msgs__rosidl_generator_py
[4.529s] [ 98%] Built target lx_msgs__rosidl_typesupport_fastrtps_c__pyext
[4.667s] [ 99%] Built target lx_msgs__rosidl_typesupport_c__pyext
[4.824s] [100%] Built target lx_msgs__rosidl_typesupport_introspection_c__pyext
[4.873s] Invoked command in '/root/Lunar_ROADSTER/lr_ws/build/lx_msgs' returned '0': CMAKE_PREFIX_PATH=${CMAKE_PREFIX_PATH}:/root/Lunar_ROADSTER/lr_ws/install/nav2_simple_commander:/opt/ros/humble /usr/local/bin/cmake --build /root/Lunar_ROADSTER/lr_ws/build/lx_msgs -- -j4 -l4
[4.900s] Invoking command in '/root/Lunar_ROADSTER/lr_ws/build/lx_msgs': CMAKE_PREFIX_PATH=${CMAKE_PREFIX_PATH}:/root/Lunar_ROADSTER/lr_ws/install/nav2_simple_commander:/opt/ros/humble /usr/local/bin/cmake --install /root/Lunar_ROADSTER/lr_ws/build/lx_msgs
[4.926s] -- Install configuration: ""
[4.930s] -- Up-to-date: /root/Lunar_ROADSTER/lr_ws/install/lx_msgs/share/ament_index/resource_index/rosidl_interfaces/lx_msgs
[4.933s] -- Up-to-date: /root/Lunar_ROADSTER/lr_ws/install/lx_msgs/include/lx_msgs/lx_msgs
[4.933s] -- Up-to-date: /root/Lunar_ROADSTER/lr_ws/install/lx_msgs/include/lx_msgs/lx_msgs/msg
[4.937s] -- Up-to-date: /root/Lunar_ROADSTER/lr_ws/install/lx_msgs/include/lx_msgs/lx_msgs/msg/rover_command.h
[4.937s] -- Up-to-date: /root/Lunar_ROADSTER/lr_ws/install/lx_msgs/include/lx_msgs/lx_msgs/msg/rosidl_generator_c__visibility_control.h
[4.937s] -- Up-to-date: /root/Lunar_ROADSTER/lr_ws/install/lx_msgs/include/lx_msgs/lx_msgs/msg/detail
[4.940s] -- Up-to-date: /root/Lunar_ROADSTER/lr_ws/install/lx_msgs/include/lx_msgs/lx_msgs/msg/detail/rover_command__functions.c
[4.942s] -- Up-to-date: /root/Lunar_ROADSTER/lr_ws/install/lx_msgs/include/lx_msgs/lx_msgs/msg/detail/rover_command__functions.h
[4.942s] -- Up-to-date: /root/Lunar_ROADSTER/lr_ws/install/lx_msgs/include/lx_msgs/lx_msgs/msg/detail/rover_command__struct.h
[4.943s] -- Up-to-date: /root/Lunar_ROADSTER/lr_ws/install/lx_msgs/include/lx_msgs/lx_msgs/msg/detail/rover_command__type_support.h
[4.943s] -- Up-to-date: /root/Lunar_ROADSTER/lr_ws/install/lx_msgs/include/lx_msgs/lx_msgs/msg/detail/tool_info__functions.c
[4.944s] -- Up-to-date: /root/Lunar_ROADSTER/lr_ws/install/lx_msgs/include/lx_msgs/lx_msgs/msg/detail/tool_info__functions.h
[4.944s] -- Up-to-date: /root/Lunar_ROADSTER/lr_ws/install/lx_msgs/include/lx_msgs/lx_msgs/msg/detail/tool_info__struct.h
[4.944s] -- Up-to-date: /root/Lunar_ROADSTER/lr_ws/install/lx_msgs/include/lx_msgs/lx_msgs/msg/detail/tool_info__type_support.h
[4.944s] -- Up-to-date: /root/Lunar_ROADSTER/lr_ws/install/lx_msgs/include/lx_msgs/lx_msgs/msg/detail/berm_progress__functions.c
[4.945s] -- Up-to-date: /root/Lunar_ROADSTER/lr_ws/install/lx_msgs/include/lx_msgs/lx_msgs/msg/detail/berm_progress__functions.h
[4.945s] -- Up-to-date: /root/Lunar_ROADSTER/lr_ws/install/lx_msgs/include/lx_msgs/lx_msgs/msg/detail/berm_progress__struct.h
[4.945s] -- Up-to-date: /root/Lunar_ROADSTER/lr_ws/install/lx_msgs/include/lx_msgs/lx_msgs/msg/detail/berm_progress__type_support.h
[4.946s] -- Up-to-date: /root/Lunar_ROADSTER/lr_ws/install/lx_msgs/include/lx_msgs/lx_msgs/msg/detail/berm_config__functions.c
[4.947s] -- Up-to-date: /root/Lunar_ROADSTER/lr_ws/install/lx_msgs/include/lx_msgs/lx_msgs/msg/detail/berm_config__functions.h
[4.950s] -- Up-to-date: /root/Lunar_ROADSTER/lr_ws/install/lx_msgs/include/lx_msgs/lx_msgs/msg/detail/berm_config__struct.h
[4.951s] -- Up-to-date: /root/Lunar_ROADSTER/lr_ws/install/lx_msgs/include/lx_msgs/lx_msgs/msg/detail/berm_config__type_support.h
[4.951s] -- Up-to-date: /root/Lunar_ROADSTER/lr_ws/install/lx_msgs/include/lx_msgs/lx_msgs/msg/detail/planned_task__functions.c
[4.952s] -- Up-to-date: /root/Lunar_ROADSTER/lr_ws/install/lx_msgs/include/lx_msgs/lx_msgs/msg/detail/planned_task__functions.h
[4.952s] -- Up-to-date: /root/Lunar_ROADSTER/lr_ws/install/lx_msgs/include/lx_msgs/lx_msgs/msg/detail/planned_task__struct.h
[4.962s] -- Up-to-date: /root/Lunar_ROADSTER/lr_ws/install/lx_msgs/include/lx_msgs/lx_msgs/msg/detail/planned_task__type_support.h
[4.963s] -- Up-to-date: /root/Lunar_ROADSTER/lr_ws/install/lx_msgs/include/lx_msgs/lx_msgs/msg/detail/node_diagnostics__functions.c
[4.964s] -- Up-to-date: /root/Lunar_ROADSTER/lr_ws/install/lx_msgs/include/lx_msgs/lx_msgs/msg/detail/node_diagnostics__functions.h
[4.964s] -- Up-to-date: /root/Lunar_ROADSTER/lr_ws/install/lx_msgs/include/lx_msgs/lx_msgs/msg/detail/node_diagnostics__struct.h
[4.976s] -- Up-to-date: /root/Lunar_ROADSTER/lr_ws/install/lx_msgs/include/lx_msgs/lx_msgs/msg/detail/node_diagnostics__type_support.h
[4.976s] -- Up-to-date: /root/Lunar_ROADSTER/lr_ws/install/lx_msgs/include/lx_msgs/lx_msgs/msg/detail/berm_section__functions.c
[4.976s] -- Up-to-date: /root/Lunar_ROADSTER/lr_ws/install/lx_msgs/include/lx_msgs/lx_msgs/msg/detail/berm_section__functions.h
[4.981s] -- Up-to-date: /root/Lunar_ROADSTER/lr_ws/install/lx_msgs/include/lx_msgs/lx_msgs/msg/detail/berm_section__struct.h
[4.982s] -- Up-to-date: /root/Lunar_ROADSTER/lr_ws/install/lx_msgs/include/lx_msgs/lx_msgs/msg/detail/berm_section__type_support.h
[4.982s] -- Up-to-date: /root/Lunar_ROADSTER/lr_ws/install/lx_msgs/include/lx_msgs/lx_msgs/msg/tool_info.h
[4.982s] -- Up-to-date: /root/Lunar_ROADSTER/lr_ws/install/lx_msgs/include/lx_msgs/lx_msgs/msg/berm_progress.h
[4.983s] -- Up-to-date: /root/Lunar_ROADSTER/lr_ws/install/lx_msgs/include/lx_msgs/lx_msgs/msg/berm_config.h
[4.985s] -- Up-to-date: /root/Lunar_ROADSTER/lr_ws/install/lx_msgs/include/lx_msgs/lx_msgs/msg/planned_task.h
[4.985s] -- Up-to-date: /root/Lunar_ROADSTER/lr_ws/install/lx_msgs/include/lx_msgs/lx_msgs/msg/node_diagnostics.h
[4.986s] -- Up-to-date: /root/Lunar_ROADSTER/lr_ws/install/lx_msgs/include/lx_msgs/lx_msgs/msg/berm_section.h
[4.986s] -- Up-to-date: /root/Lunar_ROADSTER/lr_ws/install/lx_msgs/include/lx_msgs/lx_msgs/srv
[4.986s] -- Up-to-date: /root/Lunar_ROADSTER/lr_ws/install/lx_msgs/include/lx_msgs/lx_msgs/srv/berm_progress_eval.h
[4.987s] -- Up-to-date: /root/Lunar_ROADSTER/lr_ws/install/lx_msgs/include/lx_msgs/lx_msgs/srv/detail
[4.987s] -- Up-to-date: /root/Lunar_ROADSTER/lr_ws/install/lx_msgs/include/lx_msgs/lx_msgs/srv/detail/berm_progress_eval__functions.c
[4.989s] -- Up-to-date: /root/Lunar_ROADSTER/lr_ws/install/lx_msgs/include/lx_msgs/lx_msgs/srv/detail/berm_progress_eval__functions.h
[4.989s] -- Up-to-date: /root/Lunar_ROADSTER/lr_ws/install/lx_msgs/include/lx_msgs/lx_msgs/srv/detail/berm_progress_eval__struct.h
[4.989s] -- Up-to-date: /root/Lunar_ROADSTER/lr_ws/install/lx_msgs/include/lx_msgs/lx_msgs/srv/detail/berm_progress_eval__type_support.h
[4.990s] -- Up-to-date: /root/Lunar_ROADSTER/lr_ws/install/lx_msgs/include/lx_msgs/lx_msgs/srv/detail/switch__functions.c
[4.991s] -- Up-to-date: /root/Lunar_ROADSTER/lr_ws/install/lx_msgs/include/lx_msgs/lx_msgs/srv/detail/switch__functions.h
[4.992s] -- Up-to-date: /root/Lunar_ROADSTER/lr_ws/install/lx_msgs/include/lx_msgs/lx_msgs/srv/detail/switch__struct.h
[5.010s] -- Up-to-date: /root/Lunar_ROADSTER/lr_ws/install/lx_msgs/include/lx_msgs/lx_msgs/srv/detail/switch__type_support.h
[5.010s] -- Up-to-date: /root/Lunar_ROADSTER/lr_ws/install/lx_msgs/include/lx_msgs/lx_msgs/srv/detail/plan__functions.c
[5.011s] -- Up-to-date: /root/Lunar_ROADSTER/lr_ws/install/lx_msgs/include/lx_msgs/lx_msgs/srv/detail/plan__functions.h
[5.011s] -- Up-to-date: /root/Lunar_ROADSTER/lr_ws/install/lx_msgs/include/lx_msgs/lx_msgs/srv/detail/plan__struct.h
[5.011s] -- Up-to-date: /root/Lunar_ROADSTER/lr_ws/install/lx_msgs/include/lx_msgs/lx_msgs/srv/detail/plan__type_support.h
[5.011s] -- Up-to-date: /root/Lunar_ROADSTER/lr_ws/install/lx_msgs/include/lx_msgs/lx_msgs/srv/detail/user_input_record__functions.c
[5.013s] -- Up-to-date: /root/Lunar_ROADSTER/lr_ws/install/lx_msgs/include/lx_msgs/lx_msgs/srv/detail/user_input_record__functions.h
[5.015s] -- Up-to-date: /root/Lunar_ROADSTER/lr_ws/install/lx_msgs/include/lx_msgs/lx_msgs/srv/detail/user_input_record__struct.h
[5.016s] -- Up-to-date: /root/Lunar_ROADSTER/lr_ws/install/lx_msgs/include/lx_msgs/lx_msgs/srv/detail/user_input_record__type_support.h
[5.016s] -- Up-to-date: /root/Lunar_ROADSTER/lr_ws/install/lx_msgs/include/lx_msgs/lx_msgs/srv/detail/berm_service__functions.c
[5.016s] -- Up-to-date: /root/Lunar_ROADSTER/lr_ws/install/lx_msgs/include/lx_msgs/lx_msgs/srv/detail/berm_service__functions.h
[5.017s] -- Up-to-date: /root/Lunar_ROADSTER/lr_ws/install/lx_msgs/include/lx_msgs/lx_msgs/srv/detail/berm_service__struct.h
[5.017s] -- Up-to-date: /root/Lunar_ROADSTER/lr_ws/install/lx_msgs/include/lx_msgs/lx_msgs/srv/detail/berm_service__type_support.h
[5.017s] -- Up-to-date: /root/Lunar_ROADSTER/lr_ws/install/lx_msgs/include/lx_msgs/lx_msgs/srv/detail/zone_service__functions.c
[5.017s] -- Up-to-date: /root/Lunar_ROADSTER/lr_ws/install/lx_msgs/include/lx_msgs/lx_msgs/srv/detail/zone_service__functions.h
[5.018s] -- Up-to-date: /root/Lunar_ROADSTER/lr_ws/install/lx_msgs/include/lx_msgs/lx_msgs/srv/detail/zone_service__struct.h
[5.019s] -- Up-to-date: /root/Lunar_ROADSTER/lr_ws/install/lx_msgs/include/lx_msgs/lx_msgs/srv/detail/zone_service__type_support.h
[5.019s] -- Up-to-date: /root/Lunar_ROADSTER/lr_ws/install/lx_msgs/include/lx_msgs/lx_msgs/srv/detail/request_rover_service__functions.c
[5.019s] -- Up-to-date: /root/Lunar_ROADSTER/lr_ws/install/lx_msgs/include/lx_msgs/lx_msgs/srv/detail/request_rover_service__functions.h
[5.022s] -- Up-to-date: /root/Lunar_ROADSTER/lr_ws/install/lx_msgs/include/lx_msgs/lx_msgs/srv/detail/request_rover_service__struct.h
[5.022s] -- Up-to-date: /root/Lunar_ROADSTER/lr_ws/install/lx_msgs/include/lx_msgs/lx_msgs/srv/detail/request_rover_service__type_support.h
[5.022s] -- Up-to-date: /root/Lunar_ROADSTER/lr_ws/install/lx_msgs/include/lx_msgs/lx_msgs/srv/detail/pcl_ground_height__functions.c
[5.023s] -- Up-to-date: /root/Lunar_ROADSTER/lr_ws/install/lx_msgs/include/lx_msgs/lx_msgs/srv/detail/pcl_ground_height__functions.h
[5.023s] -- Up-to-date: /root/Lunar_ROADSTER/lr_ws/install/lx_msgs/include/lx_msgs/lx_msgs/srv/detail/pcl_ground_height__struct.h
[5.023s] -- Up-to-date: /root/Lunar_ROADSTER/lr_ws/install/lx_msgs/include/lx_msgs/lx_msgs/srv/detail/pcl_ground_height__type_support.h
[5.023s] -- Up-to-date: /root/Lunar_ROADSTER/lr_ws/install/lx_msgs/include/lx_msgs/lx_msgs/srv/switch.h
[5.024s] -- Up-to-date: /root/Lunar_ROADSTER/lr_ws/install/lx_msgs/include/lx_msgs/lx_msgs/srv/plan.h
[5.024s] -- Up-to-date: /root/Lunar_ROADSTER/lr_ws/install/lx_msgs/include/lx_msgs/lx_msgs/srv/user_input_record.h
[5.024s] -- Up-to-date: /root/Lunar_ROADSTER/lr_ws/install/lx_msgs/include/lx_msgs/lx_msgs/srv/berm_service.h
[5.025s] -- Up-to-date: /root/Lunar_ROADSTER/lr_ws/install/lx_msgs/include/lx_msgs/lx_msgs/srv/zone_service.h
[5.025s] -- Up-to-date: /root/Lunar_ROADSTER/lr_ws/install/lx_msgs/include/lx_msgs/lx_msgs/srv/request_rover_service.h
[5.025s] -- Up-to-date: /root/Lunar_ROADSTER/lr_ws/install/lx_msgs/include/lx_msgs/lx_msgs/srv/pcl_ground_height.h
[5.030s] -- Up-to-date: /root/Lunar_ROADSTER/lr_ws/install/lx_msgs/include/lx_msgs/lx_msgs/action
[5.031s] -- Up-to-date: /root/Lunar_ROADSTER/lr_ws/install/lx_msgs/include/lx_msgs/lx_msgs/action/operation.h
[5.034s] -- Up-to-date: /root/Lunar_ROADSTER/lr_ws/install/lx_msgs/include/lx_msgs/lx_msgs/action/detail
[5.034s] -- Up-to-date: /root/Lunar_ROADSTER/lr_ws/install/lx_msgs/include/lx_msgs/lx_msgs/action/detail/operation__functions.c
[5.034s] -- Up-to-date: /root/Lunar_ROADSTER/lr_ws/install/lx_msgs/include/lx_msgs/lx_msgs/action/detail/operation__functions.h
[5.035s] -- Up-to-date: /root/Lunar_ROADSTER/lr_ws/install/lx_msgs/include/lx_msgs/lx_msgs/action/detail/operation__struct.h
[5.035s] -- Up-to-date: /root/Lunar_ROADSTER/lr_ws/install/lx_msgs/include/lx_msgs/lx_msgs/action/detail/operation__type_support.h
[5.035s] -- Up-to-date: /root/Lunar_ROADSTER/lr_ws/install/lx_msgs/include/lx_msgs/lx_msgs/action/detail/auto_dig__functions.c
[5.035s] -- Up-to-date: /root/Lunar_ROADSTER/lr_ws/install/lx_msgs/include/lx_msgs/lx_msgs/action/detail/auto_dig__functions.h
[5.036s] -- Up-to-date: /root/Lunar_ROADSTER/lr_ws/install/lx_msgs/include/lx_msgs/lx_msgs/action/detail/auto_dig__struct.h
[5.036s] -- Up-to-date: /root/Lunar_ROADSTER/lr_ws/install/lx_msgs/include/lx_msgs/lx_msgs/action/detail/auto_dig__type_support.h
[5.046s] -- Up-to-date: /root/Lunar_ROADSTER/lr_ws/install/lx_msgs/include/lx_msgs/lx_msgs/action/detail/auto_dump__functions.c
[5.046s] -- Up-to-date: /root/Lunar_ROADSTER/lr_ws/install/lx_msgs/include/lx_msgs/lx_msgs/action/detail/auto_dump__functions.h
[5.048s] -- Up-to-date: /root/Lunar_ROADSTER/lr_ws/install/lx_msgs/include/lx_msgs/lx_msgs/action/detail/auto_dump__struct.h
[5.048s] -- Up-to-date: /root/Lunar_ROADSTER/lr_ws/install/lx_msgs/include/lx_msgs/lx_msgs/action/detail/auto_dump__type_support.h
[5.048s] -- Up-to-date: /root/Lunar_ROADSTER/lr_ws/install/lx_msgs/include/lx_msgs/lx_msgs/action/detail/auto_nav__functions.c
[5.048s] -- Up-to-date: /root/Lunar_ROADSTER/lr_ws/install/lx_msgs/include/lx_msgs/lx_msgs/action/detail/auto_nav__functions.h
[5.049s] -- Up-to-date: /root/Lunar_ROADSTER/lr_ws/install/lx_msgs/include/lx_msgs/lx_msgs/action/detail/auto_nav__struct.h
[5.049s] -- Up-to-date: /root/Lunar_ROADSTER/lr_ws/install/lx_msgs/include/lx_msgs/lx_msgs/action/detail/auto_nav__type_support.h
[5.049s] -- Up-to-date: /root/Lunar_ROADSTER/lr_ws/install/lx_msgs/include/lx_msgs/lx_msgs/action/detail/calibrate_imu__functions.c
[5.052s] -- Up-to-date: /root/Lunar_ROADSTER/lr_ws/install/lx_msgs/include/lx_msgs/lx_msgs/action/detail/calibrate_imu__functions.h
[5.052s] -- Up-to-date: /root/Lunar_ROADSTER/lr_ws/install/lx_msgs/include/lx_msgs/lx_msgs/action/detail/calibrate_imu__struct.h
[5.052s] -- Up-to-date: /root/Lunar_ROADSTER/lr_ws/install/lx_msgs/include/lx_msgs/lx_msgs/action/detail/calibrate_imu__type_support.h
[5.053s] -- Up-to-date: /root/Lunar_ROADSTER/lr_ws/install/lx_msgs/include/lx_msgs/lx_msgs/action/auto_dig.h
[5.053s] -- Up-to-date: /root/Lunar_ROADSTER/lr_ws/install/lx_msgs/include/lx_msgs/lx_msgs/action/auto_dump.h
[5.053s] -- Up-to-date: /root/Lunar_ROADSTER/lr_ws/install/lx_msgs/include/lx_msgs/lx_msgs/action/auto_nav.h
[5.054s] -- Up-to-date: /root/Lunar_ROADSTER/lr_ws/install/lx_msgs/include/lx_msgs/lx_msgs/action/calibrate_imu.h
[5.054s] -- Up-to-date: /root/Lunar_ROADSTER/lr_ws/install/lx_msgs/share/lx_msgs/environment/library_path.sh
[5.055s] -- Up-to-date: /root/Lunar_ROADSTER/lr_ws/install/lx_msgs/share/lx_msgs/environment/library_path.dsv
[5.055s] -- Up-to-date: /root/Lunar_ROADSTER/lr_ws/install/lx_msgs/lib/liblx_msgs__rosidl_generator_c.so
[5.055s] -- Up-to-date: /root/Lunar_ROADSTER/lr_ws/install/lx_msgs/include/lx_msgs/lx_msgs
[5.058s] -- Up-to-date: /root/Lunar_ROADSTER/lr_ws/install/lx_msgs/include/lx_msgs/lx_msgs/msg
[5.058s] -- Up-to-date: /root/Lunar_ROADSTER/lr_ws/install/lx_msgs/include/lx_msgs/lx_msgs/msg/detail
[5.061s] -- Up-to-date: /root/Lunar_ROADSTER/lr_ws/install/lx_msgs/include/lx_msgs/lx_msgs/msg/detail/rover_command__rosidl_typesupport_fastrtps_c.h
[5.062s] -- Up-to-date: /root/Lunar_ROADSTER/lr_ws/install/lx_msgs/include/lx_msgs/lx_msgs/msg/detail/tool_info__rosidl_typesupport_fastrtps_c.h
[5.062s] -- Up-to-date: /root/Lunar_ROADSTER/lr_ws/install/lx_msgs/include/lx_msgs/lx_msgs/msg/detail/berm_progress__rosidl_typesupport_fastrtps_c.h
[5.066s] -- Up-to-date: /root/Lunar_ROADSTER/lr_ws/install/lx_msgs/include/lx_msgs/lx_msgs/msg/detail/berm_config__rosidl_typesupport_fastrtps_c.h
[5.089s] -- Up-to-date: /root/Lunar_ROADSTER/lr_ws/install/lx_msgs/include/lx_msgs/lx_msgs/msg/detail/planned_task__rosidl_typesupport_fastrtps_c.h
[5.089s] -- Up-to-date: /root/Lunar_ROADSTER/lr_ws/install/lx_msgs/include/lx_msgs/lx_msgs/msg/detail/node_diagnostics__rosidl_typesupport_fastrtps_c.h
[5.090s] -- Up-to-date: /root/Lunar_ROADSTER/lr_ws/install/lx_msgs/include/lx_msgs/lx_msgs/msg/detail/berm_section__rosidl_typesupport_fastrtps_c.h
[5.090s] -- Up-to-date: /root/Lunar_ROADSTER/lr_ws/install/lx_msgs/include/lx_msgs/lx_msgs/msg/rosidl_typesupport_fastrtps_c__visibility_control.h
[5.090s] -- Up-to-date: /root/Lunar_ROADSTER/lr_ws/install/lx_msgs/include/lx_msgs/lx_msgs/srv
[5.090s] -- Up-to-date: /root/Lunar_ROADSTER/lr_ws/install/lx_msgs/include/lx_msgs/lx_msgs/srv/detail
[5.091s] -- Up-to-date: /root/Lunar_ROADSTER/lr_ws/install/lx_msgs/include/lx_msgs/lx_msgs/srv/detail/berm_progress_eval__rosidl_typesupport_fastrtps_c.h
[5.091s] -- Up-to-date: /root/Lunar_ROADSTER/lr_ws/install/lx_msgs/include/lx_msgs/lx_msgs/srv/detail/switch__rosidl_typesupport_fastrtps_c.h
[5.091s] -- Up-to-date: /root/Lunar_ROADSTER/lr_ws/install/lx_msgs/include/lx_msgs/lx_msgs/srv/detail/plan__rosidl_typesupport_fastrtps_c.h
[5.091s] -- Up-to-date: /root/Lunar_ROADSTER/lr_ws/install/lx_msgs/include/lx_msgs/lx_msgs/srv/detail/user_input_record__rosidl_typesupport_fastrtps_c.h
[5.092s] -- Up-to-date: /root/Lunar_ROADSTER/lr_ws/install/lx_msgs/include/lx_msgs/lx_msgs/srv/detail/berm_service__rosidl_typesupport_fastrtps_c.h
[5.092s] -- Up-to-date: /root/Lunar_ROADSTER/lr_ws/install/lx_msgs/include/lx_msgs/lx_msgs/srv/detail/zone_service__rosidl_typesupport_fastrtps_c.h
[5.092s] -- Up-to-date: /root/Lunar_ROADSTER/lr_ws/install/lx_msgs/include/lx_msgs/lx_msgs/srv/detail/request_rover_service__rosidl_typesupport_fastrtps_c.h
[5.092s] -- Up-to-date: /root/Lunar_ROADSTER/lr_ws/install/lx_msgs/include/lx_msgs/lx_msgs/srv/detail/pcl_ground_height__rosidl_typesupport_fastrtps_c.h
[5.093s] -- Up-to-date: /root/Lunar_ROADSTER/lr_ws/install/lx_msgs/include/lx_msgs/lx_msgs/action
[5.093s] -- Up-to-date: /root/Lunar_ROADSTER/lr_ws/install/lx_msgs/include/lx_msgs/lx_msgs/action/detail
[5.093s] -- Up-to-date: /root/Lunar_ROADSTER/lr_ws/install/lx_msgs/include/lx_msgs/lx_msgs/action/detail/operation__rosidl_typesupport_fastrtps_c.h
[5.093s] -- Up-to-date: /root/Lunar_ROADSTER/lr_ws/install/lx_msgs/include/lx_msgs/lx_msgs/action/detail/auto_dig__rosidl_typesupport_fastrtps_c.h
[5.094s] -- Up-to-date: /root/Lunar_ROADSTER/lr_ws/install/lx_msgs/include/lx_msgs/lx_msgs/action/detail/auto_dump__rosidl_typesupport_fastrtps_c.h
[5.094s] -- Up-to-date: /root/Lunar_ROADSTER/lr_ws/install/lx_msgs/include/lx_msgs/lx_msgs/action/detail/auto_nav__rosidl_typesupport_fastrtps_c.h
[5.094s] -- Up-to-date: /root/Lunar_ROADSTER/lr_ws/install/lx_msgs/include/lx_msgs/lx_msgs/action/detail/calibrate_imu__rosidl_typesupport_fastrtps_c.h
[5.094s] -- Up-to-date: /root/Lunar_ROADSTER/lr_ws/install/lx_msgs/lib/liblx_msgs__rosidl_typesupport_fastrtps_c.so
[5.095s] -- Up-to-date: /root/Lunar_ROADSTER/lr_ws/install/lx_msgs/include/lx_msgs/lx_msgs
[5.095s] -- Up-to-date: /root/Lunar_ROADSTER/lr_ws/install/lx_msgs/include/lx_msgs/lx_msgs/msg
[5.095s] -- Up-to-date: /root/Lunar_ROADSTER/lr_ws/install/lx_msgs/include/lx_msgs/lx_msgs/msg/rover_command.hpp
[5.095s] -- Up-to-date: /root/Lunar_ROADSTER/lr_ws/install/lx_msgs/include/lx_msgs/lx_msgs/msg/rosidl_generator_cpp__visibility_control.hpp
[5.096s] -- Up-to-date: /root/Lunar_ROADSTER/lr_ws/install/lx_msgs/include/lx_msgs/lx_msgs/msg/detail
[5.096s] -- Up-to-date: /root/Lunar_ROADSTER/lr_ws/install/lx_msgs/include/lx_msgs/lx_msgs/msg/detail/rover_command__builder.hpp
[5.096s] -- Up-to-date: /root/Lunar_ROADSTER/lr_ws/install/lx_msgs/include/lx_msgs/lx_msgs/msg/detail/rover_command__struct.hpp
[5.096s] -- Up-to-date: /root/Lunar_ROADSTER/lr_ws/install/lx_msgs/include/lx_msgs/lx_msgs/msg/detail/rover_command__traits.hpp
[5.097s] -- Up-to-date: /root/Lunar_ROADSTER/lr_ws/install/lx_msgs/include/lx_msgs/lx_msgs/msg/detail/rover_command__type_support.hpp
[5.097s] -- Up-to-date: /root/Lunar_ROADSTER/lr_ws/install/lx_msgs/include/lx_msgs/lx_msgs/msg/detail/tool_info__builder.hpp
[5.100s] -- Up-to-date: /root/Lunar_ROADSTER/lr_ws/install/lx_msgs/include/lx_msgs/lx_msgs/msg/detail/tool_info__struct.hpp
[5.104s] -- Up-to-date: /root/Lunar_ROADSTER/lr_ws/install/lx_msgs/include/lx_msgs/lx_msgs/msg/detail/tool_info__traits.hpp
[5.104s] -- Up-to-date: /root/Lunar_ROADSTER/lr_ws/install/lx_msgs/include/lx_msgs/lx_msgs/msg/detail/tool_info__type_support.hpp
[5.105s] -- Up-to-date: /root/Lunar_ROADSTER/lr_ws/install/lx_msgs/include/lx_msgs/lx_msgs/msg/detail/berm_progress__builder.hpp
[5.105s] -- Up-to-date: /root/Lunar_ROADSTER/lr_ws/install/lx_msgs/include/lx_msgs/lx_msgs/msg/detail/berm_progress__struct.hpp
[5.105s] -- Up-to-date: /root/Lunar_ROADSTER/lr_ws/install/lx_msgs/include/lx_msgs/lx_msgs/msg/detail/berm_progress__traits.hpp
[5.106s] -- Up-to-date: /root/Lunar_ROADSTER/lr_ws/install/lx_msgs/include/lx_msgs/lx_msgs/msg/detail/berm_progress__type_support.hpp
[5.106s] -- Up-to-date: /root/Lunar_ROADSTER/lr_ws/install/lx_msgs/include/lx_msgs/lx_msgs/msg/detail/berm_config__builder.hpp
[5.106s] -- Up-to-date: /root/Lunar_ROADSTER/lr_ws/install/lx_msgs/include/lx_msgs/lx_msgs/msg/detail/berm_config__struct.hpp
[5.107s] -- Up-to-date: /root/Lunar_ROADSTER/lr_ws/install/lx_msgs/include/lx_msgs/lx_msgs/msg/detail/berm_config__traits.hpp
[5.107s] -- Up-to-date: /root/Lunar_ROADSTER/lr_ws/install/lx_msgs/include/lx_msgs/lx_msgs/msg/detail/berm_config__type_support.hpp
[5.107s] -- Up-to-date: /root/Lunar_ROADSTER/lr_ws/install/lx_msgs/include/lx_msgs/lx_msgs/msg/detail/planned_task__builder.hpp
[5.107s] -- Up-to-date: /root/Lunar_ROADSTER/lr_ws/install/lx_msgs/include/lx_msgs/lx_msgs/msg/detail/planned_task__struct.hpp
[5.108s] -- Up-to-date: /root/Lunar_ROADSTER/lr_ws/install/lx_msgs/include/lx_msgs/lx_msgs/msg/detail/planned_task__traits.hpp
[5.108s] -- Up-to-date: /root/Lunar_ROADSTER/lr_ws/install/lx_msgs/include/lx_msgs/lx_msgs/msg/detail/planned_task__type_support.hpp
[5.109s] -- Up-to-date: /root/Lunar_ROADSTER/lr_ws/install/lx_msgs/include/lx_msgs/lx_msgs/msg/detail/node_diagnostics__builder.hpp
[5.109s] -- Up-to-date: /root/Lunar_ROADSTER/lr_ws/install/lx_msgs/include/lx_msgs/lx_msgs/msg/detail/node_diagnostics__struct.hpp
[5.118s] -- Up-to-date: /root/Lunar_ROADSTER/lr_ws/install/lx_msgs/include/lx_msgs/lx_msgs/msg/detail/node_diagnostics__traits.hpp
[5.123s] -- Up-to-date: /root/Lunar_ROADSTER/lr_ws/install/lx_msgs/include/lx_msgs/lx_msgs/msg/detail/node_diagnostics__type_support.hpp
[5.125s] -- Up-to-date: /root/Lunar_ROADSTER/lr_ws/install/lx_msgs/include/lx_msgs/lx_msgs/msg/detail/berm_section__builder.hpp
[5.126s] -- Up-to-date: /root/Lunar_ROADSTER/lr_ws/install/lx_msgs/include/lx_msgs/lx_msgs/msg/detail/berm_section__struct.hpp
[5.126s] -- Up-to-date: /root/Lunar_ROADSTER/lr_ws/install/lx_msgs/include/lx_msgs/lx_msgs/msg/detail/berm_section__traits.hpp
[5.126s] -- Up-to-date: /root/Lunar_ROADSTER/lr_ws/install/lx_msgs/include/lx_msgs/lx_msgs/msg/detail/berm_section__type_support.hpp
[5.126s] -- Up-to-date: /root/Lunar_ROADSTER/lr_ws/install/lx_msgs/include/lx_msgs/lx_msgs/msg/tool_info.hpp
[5.127s] -- Up-to-date: /root/Lunar_ROADSTER/lr_ws/install/lx_msgs/include/lx_msgs/lx_msgs/msg/berm_progress.hpp
[5.129s] -- Up-to-date: /root/Lunar_ROADSTER/lr_ws/install/lx_msgs/include/lx_msgs/lx_msgs/msg/berm_config.hpp
[5.129s] -- Up-to-date: /root/Lunar_ROADSTER/lr_ws/install/lx_msgs/include/lx_msgs/lx_msgs/msg/planned_task.hpp
[5.130s] -- Up-to-date: /root/Lunar_ROADSTER/lr_ws/install/lx_msgs/include/lx_msgs/lx_msgs/msg/node_diagnostics.hpp
[5.130s] -- Up-to-date: /root/Lunar_ROADSTER/lr_ws/install/lx_msgs/include/lx_msgs/lx_msgs/msg/berm_section.hpp
[5.130s] -- Up-to-date: /root/Lunar_ROADSTER/lr_ws/install/lx_msgs/include/lx_msgs/lx_msgs/srv
[5.131s] -- Up-to-date: /root/Lunar_ROADSTER/lr_ws/install/lx_msgs/include/lx_msgs/lx_msgs/srv/berm_progress_eval.hpp
[5.132s] -- Up-to-date: /root/Lunar_ROADSTER/lr_ws/install/lx_msgs/include/lx_msgs/lx_msgs/srv/detail
[5.132s] -- Up-to-date: /root/Lunar_ROADSTER/lr_ws/install/lx_msgs/include/lx_msgs/lx_msgs/srv/detail/berm_progress_eval__builder.hpp
[5.132s] -- Up-to-date: /root/Lunar_ROADSTER/lr_ws/install/lx_msgs/include/lx_msgs/lx_msgs/srv/detail/berm_progress_eval__struct.hpp
[5.132s] -- Up-to-date: /root/Lunar_ROADSTER/lr_ws/install/lx_msgs/include/lx_msgs/lx_msgs/srv/detail/berm_progress_eval__traits.hpp
[5.133s] -- Up-to-date: /root/Lunar_ROADSTER/lr_ws/install/lx_msgs/include/lx_msgs/lx_msgs/srv/detail/berm_progress_eval__type_support.hpp
[5.133s] -- Up-to-date: /root/Lunar_ROADSTER/lr_ws/install/lx_msgs/include/lx_msgs/lx_msgs/srv/detail/switch__builder.hpp
[5.133s] -- Up-to-date: /root/Lunar_ROADSTER/lr_ws/install/lx_msgs/include/lx_msgs/lx_msgs/srv/detail/switch__struct.hpp
[5.135s] -- Up-to-date: /root/Lunar_ROADSTER/lr_ws/install/lx_msgs/include/lx_msgs/lx_msgs/srv/detail/switch__traits.hpp
[5.136s] -- Up-to-date: /root/Lunar_ROADSTER/lr_ws/install/lx_msgs/include/lx_msgs/lx_msgs/srv/detail/switch__type_support.hpp
[5.136s] -- Up-to-date: /root/Lunar_ROADSTER/lr_ws/install/lx_msgs/include/lx_msgs/lx_msgs/srv/detail/plan__builder.hpp
[5.137s] -- Up-to-date: /root/Lunar_ROADSTER/lr_ws/install/lx_msgs/include/lx_msgs/lx_msgs/srv/detail/plan__struct.hpp
[5.137s] -- Up-to-date: /root/Lunar_ROADSTER/lr_ws/install/lx_msgs/include/lx_msgs/lx_msgs/srv/detail/plan__traits.hpp
[5.137s] -- Up-to-date: /root/Lunar_ROADSTER/lr_ws/install/lx_msgs/include/lx_msgs/lx_msgs/srv/detail/plan__type_support.hpp
[5.143s] -- Up-to-date: /root/Lunar_ROADSTER/lr_ws/install/lx_msgs/include/lx_msgs/lx_msgs/srv/detail/user_input_record__builder.hpp
[5.143s] -- Up-to-date: /root/Lunar_ROADSTER/lr_ws/install/lx_msgs/include/lx_msgs/lx_msgs/srv/detail/user_input_record__struct.hpp
[5.144s] -- Up-to-date: /root/Lunar_ROADSTER/lr_ws/install/lx_msgs/include/lx_msgs/lx_msgs/srv/detail/user_input_record__traits.hpp
[5.144s] -- Up-to-date: /root/Lunar_ROADSTER/lr_ws/install/lx_msgs/include/lx_msgs/lx_msgs/srv/detail/user_input_record__type_support.hpp
[5.144s] -- Up-to-date: /root/Lunar_ROADSTER/lr_ws/install/lx_msgs/include/lx_msgs/lx_msgs/srv/detail/berm_service__builder.hpp
[5.144s] -- Up-to-date: /root/Lunar_ROADSTER/lr_ws/install/lx_msgs/include/lx_msgs/lx_msgs/srv/detail/berm_service__struct.hpp
[5.145s] -- Up-to-date: /root/Lunar_ROADSTER/lr_ws/install/lx_msgs/include/lx_msgs/lx_msgs/srv/detail/berm_service__traits.hpp
[5.145s] -- Up-to-date: /root/Lunar_ROADSTER/lr_ws/install/lx_msgs/include/lx_msgs/lx_msgs/srv/detail/berm_service__type_support.hpp
[5.145s] -- Up-to-date: /root/Lunar_ROADSTER/lr_ws/install/lx_msgs/include/lx_msgs/lx_msgs/srv/detail/zone_service__builder.hpp
[5.145s] -- Up-to-date: /root/Lunar_ROADSTER/lr_ws/install/lx_msgs/include/lx_msgs/lx_msgs/srv/detail/zone_service__struct.hpp
[5.146s] -- Up-to-date: /root/Lunar_ROADSTER/lr_ws/install/lx_msgs/include/lx_msgs/lx_msgs/srv/detail/zone_service__traits.hpp
[5.146s] -- Up-to-date: /root/Lunar_ROADSTER/lr_ws/install/lx_msgs/include/lx_msgs/lx_msgs/srv/detail/zone_service__type_support.hpp
[5.146s] -- Up-to-date: /root/Lunar_ROADSTER/lr_ws/install/lx_msgs/include/lx_msgs/lx_msgs/srv/detail/request_rover_service__builder.hpp
[5.146s] -- Up-to-date: /root/Lunar_ROADSTER/lr_ws/install/lx_msgs/include/lx_msgs/lx_msgs/srv/detail/request_rover_service__struct.hpp
[5.147s] -- Up-to-date: /root/Lunar_ROADSTER/lr_ws/install/lx_msgs/include/lx_msgs/lx_msgs/srv/detail/request_rover_service__traits.hpp
[5.147s] -- Up-to-date: /root/Lunar_ROADSTER/lr_ws/install/lx_msgs/include/lx_msgs/lx_msgs/srv/detail/request_rover_service__type_support.hpp
[5.156s] -- Up-to-date: /root/Lunar_ROADSTER/lr_ws/install/lx_msgs/include/lx_msgs/lx_msgs/srv/detail/pcl_ground_height__builder.hpp
[5.157s] -- Up-to-date: /root/Lunar_ROADSTER/lr_ws/install/lx_msgs/include/lx_msgs/lx_msgs/srv/detail/pcl_ground_height__struct.hpp
[5.158s] -- Up-to-date: /root/Lunar_ROADSTER/lr_ws/install/lx_msgs/include/lx_msgs/lx_msgs/srv/detail/pcl_ground_height__traits.hpp
[5.162s] -- Up-to-date: /root/Lunar_ROADSTER/lr_ws/install/lx_msgs/include/lx_msgs/lx_msgs/srv/detail/pcl_ground_height__type_support.hpp
[5.162s] -- Up-to-date: /root/Lunar_ROADSTER/lr_ws/install/lx_msgs/include/lx_msgs/lx_msgs/srv/switch.hpp
[5.163s] -- Up-to-date: /root/Lunar_ROADSTER/lr_ws/install/lx_msgs/include/lx_msgs/lx_msgs/srv/plan.hpp
[5.163s] -- Up-to-date: /root/Lunar_ROADSTER/lr_ws/install/lx_msgs/include/lx_msgs/lx_msgs/srv/user_input_record.hpp
[5.163s] -- Up-to-date: /root/Lunar_ROADSTER/lr_ws/install/lx_msgs/include/lx_msgs/lx_msgs/srv/berm_service.hpp
[5.163s] -- Up-to-date: /root/Lunar_ROADSTER/lr_ws/install/lx_msgs/include/lx_msgs/lx_msgs/srv/zone_service.hpp
[5.164s] -- Up-to-date: /root/Lunar_ROADSTER/lr_ws/install/lx_msgs/include/lx_msgs/lx_msgs/srv/request_rover_service.hpp
[5.164s] -- Up-to-date: /root/Lunar_ROADSTER/lr_ws/install/lx_msgs/include/lx_msgs/lx_msgs/srv/pcl_ground_height.hpp
[5.165s] -- Up-to-date: /root/Lunar_ROADSTER/lr_ws/install/lx_msgs/include/lx_msgs/lx_msgs/action
[5.166s] -- Up-to-date: /root/Lunar_ROADSTER/lr_ws/install/lx_msgs/include/lx_msgs/lx_msgs/action/operation.hpp
[5.166s] -- Up-to-date: /root/Lunar_ROADSTER/lr_ws/install/lx_msgs/include/lx_msgs/lx_msgs/action/detail
[5.168s] -- Up-to-date: /root/Lunar_ROADSTER/lr_ws/install/lx_msgs/include/lx_msgs/lx_msgs/action/detail/operation__builder.hpp
[5.169s] -- Up-to-date: /root/Lunar_ROADSTER/lr_ws/install/lx_msgs/include/lx_msgs/lx_msgs/action/detail/operation__struct.hpp
[5.169s] -- Up-to-date: /root/Lunar_ROADSTER/lr_ws/install/lx_msgs/include/lx_msgs/lx_msgs/action/detail/operation__traits.hpp
[5.174s] -- Up-to-date: /root/Lunar_ROADSTER/lr_ws/install/lx_msgs/include/lx_msgs/lx_msgs/action/detail/operation__type_support.hpp
[5.175s] -- Up-to-date: /root/Lunar_ROADSTER/lr_ws/install/lx_msgs/include/lx_msgs/lx_msgs/action/detail/auto_dig__builder.hpp
[5.176s] -- Up-to-date: /root/Lunar_ROADSTER/lr_ws/install/lx_msgs/include/lx_msgs/lx_msgs/action/detail/auto_dig__struct.hpp
[5.176s] -- Up-to-date: /root/Lunar_ROADSTER/lr_ws/install/lx_msgs/include/lx_msgs/lx_msgs/action/detail/auto_dig__traits.hpp
[5.182s] -- Up-to-date: /root/Lunar_ROADSTER/lr_ws/install/lx_msgs/include/lx_msgs/lx_msgs/action/detail/auto_dig__type_support.hpp
[5.182s] -- Up-to-date: /root/Lunar_ROADSTER/lr_ws/install/lx_msgs/include/lx_msgs/lx_msgs/action/detail/auto_dump__builder.hpp
[5.183s] -- Up-to-date: /root/Lunar_ROADSTER/lr_ws/install/lx_msgs/include/lx_msgs/lx_msgs/action/detail/auto_dump__struct.hpp
[5.183s] -- Up-to-date: /root/Lunar_ROADSTER/lr_ws/install/lx_msgs/include/lx_msgs/lx_msgs/action/detail/auto_dump__traits.hpp
[5.183s] -- Up-to-date: /root/Lunar_ROADSTER/lr_ws/install/lx_msgs/include/lx_msgs/lx_msgs/action/detail/auto_dump__type_support.hpp
[5.184s] -- Up-to-date: /root/Lunar_ROADSTER/lr_ws/install/lx_msgs/include/lx_msgs/lx_msgs/action/detail/auto_nav__builder.hpp
[5.184s] -- Up-to-date: /root/Lunar_ROADSTER/lr_ws/install/lx_msgs/include/lx_msgs/lx_msgs/action/detail/auto_nav__struct.hpp
[5.185s] -- Up-to-date: /root/Lunar_ROADSTER/lr_ws/install/lx_msgs/include/lx_msgs/lx_msgs/action/detail/auto_nav__traits.hpp
[5.185s] -- Up-to-date: /root/Lunar_ROADSTER/lr_ws/install/lx_msgs/include/lx_msgs/lx_msgs/action/detail/auto_nav__type_support.hpp
[5.186s] -- Up-to-date: /root/Lunar_ROADSTER/lr_ws/install/lx_msgs/include/lx_msgs/lx_msgs/action/detail/calibrate_imu__builder.hpp
[5.186s] -- Up-to-date: /root/Lunar_ROADSTER/lr_ws/install/lx_msgs/include/lx_msgs/lx_msgs/action/detail/calibrate_imu__struct.hpp
[5.187s] -- Up-to-date: /root/Lunar_ROADSTER/lr_ws/install/lx_msgs/include/lx_msgs/lx_msgs/action/detail/calibrate_imu__traits.hpp
[5.188s] -- Up-to-date: /root/Lunar_ROADSTER/lr_ws/install/lx_msgs/include/lx_msgs/lx_msgs/action/detail/calibrate_imu__type_support.hpp
[5.188s] -- Up-to-date: /root/Lunar_ROADSTER/lr_ws/install/lx_msgs/include/lx_msgs/lx_msgs/action/auto_dig.hpp
[5.188s] -- Up-to-date: /root/Lunar_ROADSTER/lr_ws/install/lx_msgs/include/lx_msgs/lx_msgs/action/auto_dump.hpp
[5.189s] -- Up-to-date: /root/Lunar_ROADSTER/lr_ws/install/lx_msgs/include/lx_msgs/lx_msgs/action/auto_nav.hpp
[5.189s] -- Up-to-date: /root/Lunar_ROADSTER/lr_ws/install/lx_msgs/include/lx_msgs/lx_msgs/action/calibrate_imu.hpp
[5.190s] -- Up-to-date: /root/Lunar_ROADSTER/lr_ws/install/lx_msgs/include/lx_msgs/lx_msgs
[5.190s] -- Up-to-date: /root/Lunar_ROADSTER/lr_ws/install/lx_msgs/include/lx_msgs/lx_msgs/msg
[5.190s] -- Up-to-date: /root/Lunar_ROADSTER/lr_ws/install/lx_msgs/include/lx_msgs/lx_msgs/msg/detail
[5.191s] -- Up-to-date: /root/Lunar_ROADSTER/lr_ws/install/lx_msgs/include/lx_msgs/lx_msgs/msg/detail/rover_command__rosidl_typesupport_fastrtps_cpp.hpp
[5.191s] -- Up-to-date: /root/Lunar_ROADSTER/lr_ws/install/lx_msgs/include/lx_msgs/lx_msgs/msg/detail/dds_fastrtps
[5.191s] -- Up-to-date: /root/Lunar_ROADSTER/lr_ws/install/lx_msgs/include/lx_msgs/lx_msgs/msg/detail/tool_info__rosidl_typesupport_fastrtps_cpp.hpp
[5.200s] -- Up-to-date: /root/Lunar_ROADSTER/lr_ws/install/lx_msgs/include/lx_msgs/lx_msgs/msg/detail/berm_progress__rosidl_typesupport_fastrtps_cpp.hpp
[5.200s] -- Up-to-date: /root/Lunar_ROADSTER/lr_ws/install/lx_msgs/include/lx_msgs/lx_msgs/msg/detail/berm_config__rosidl_typesupport_fastrtps_cpp.hpp
[5.201s] -- Up-to-date: /root/Lunar_ROADSTER/lr_ws/install/lx_msgs/include/lx_msgs/lx_msgs/msg/detail/planned_task__rosidl_typesupport_fastrtps_cpp.hpp
[5.203s] -- Up-to-date: /root/Lunar_ROADSTER/lr_ws/install/lx_msgs/include/lx_msgs/lx_msgs/msg/detail/node_diagnostics__rosidl_typesupport_fastrtps_cpp.hpp
[5.203s] -- Up-to-date: /root/Lunar_ROADSTER/lr_ws/install/lx_msgs/include/lx_msgs/lx_msgs/msg/detail/berm_section__rosidl_typesupport_fastrtps_cpp.hpp
[5.203s] -- Up-to-date: /root/Lunar_ROADSTER/lr_ws/install/lx_msgs/include/lx_msgs/lx_msgs/msg/rosidl_typesupport_fastrtps_cpp__visibility_control.h
[5.204s] -- Up-to-date: /root/Lunar_ROADSTER/lr_ws/install/lx_msgs/include/lx_msgs/lx_msgs/srv
[5.210s] -- Up-to-date: /root/Lunar_ROADSTER/lr_ws/install/lx_msgs/include/lx_msgs/lx_msgs/srv/detail
[5.211s] -- Up-to-date: /root/Lunar_ROADSTER/lr_ws/install/lx_msgs/include/lx_msgs/lx_msgs/srv/detail/berm_progress_eval__rosidl_typesupport_fastrtps_cpp.hpp
[5.211s] -- Up-to-date: /root/Lunar_ROADSTER/lr_ws/install/lx_msgs/include/lx_msgs/lx_msgs/srv/detail/dds_fastrtps
[5.211s] -- Up-to-date: /root/Lunar_ROADSTER/lr_ws/install/lx_msgs/include/lx_msgs/lx_msgs/srv/detail/switch__rosidl_typesupport_fastrtps_cpp.hpp
[5.212s] -- Up-to-date: /root/Lunar_ROADSTER/lr_ws/install/lx_msgs/include/lx_msgs/lx_msgs/srv/detail/plan__rosidl_typesupport_fastrtps_cpp.hpp
[5.212s] -- Up-to-date: /root/Lunar_ROADSTER/lr_ws/install/lx_msgs/include/lx_msgs/lx_msgs/srv/detail/user_input_record__rosidl_typesupport_fastrtps_cpp.hpp
[5.212s] -- Up-to-date: /root/Lunar_ROADSTER/lr_ws/install/lx_msgs/include/lx_msgs/lx_msgs/srv/detail/berm_service__rosidl_typesupport_fastrtps_cpp.hpp
[5.212s] -- Up-to-date: /root/Lunar_ROADSTER/lr_ws/install/lx_msgs/include/lx_msgs/lx_msgs/srv/detail/zone_service__rosidl_typesupport_fastrtps_cpp.hpp
[5.213s] -- Up-to-date: /root/Lunar_ROADSTER/lr_ws/install/lx_msgs/include/lx_msgs/lx_msgs/srv/detail/request_rover_service__rosidl_typesupport_fastrtps_cpp.hpp
[5.213s] -- Up-to-date: /root/Lunar_ROADSTER/lr_ws/install/lx_msgs/include/lx_msgs/lx_msgs/srv/detail/pcl_ground_height__rosidl_typesupport_fastrtps_cpp.hpp
[5.213s] -- Up-to-date: /root/Lunar_ROADSTER/lr_ws/install/lx_msgs/include/lx_msgs/lx_msgs/action
[5.213s] -- Up-to-date: /root/Lunar_ROADSTER/lr_ws/install/lx_msgs/include/lx_msgs/lx_msgs/action/detail
[5.215s] -- Up-to-date: /root/Lunar_ROADSTER/lr_ws/install/lx_msgs/include/lx_msgs/lx_msgs/action/detail/operation__rosidl_typesupport_fastrtps_cpp.hpp
[5.218s] -- Up-to-date: /root/Lunar_ROADSTER/lr_ws/install/lx_msgs/include/lx_msgs/lx_msgs/action/detail/dds_fastrtps
[5.219s] -- Up-to-date: /root/Lunar_ROADSTER/lr_ws/install/lx_msgs/include/lx_msgs/lx_msgs/action/detail/auto_dig__rosidl_typesupport_fastrtps_cpp.hpp
[5.221s] -- Up-to-date: /root/Lunar_ROADSTER/lr_ws/install/lx_msgs/include/lx_msgs/lx_msgs/action/detail/auto_dump__rosidl_typesupport_fastrtps_cpp.hpp
[5.221s] -- Up-to-date: /root/Lunar_ROADSTER/lr_ws/install/lx_msgs/include/lx_msgs/lx_msgs/action/detail/auto_nav__rosidl_typesupport_fastrtps_cpp.hpp
[5.222s] -- Up-to-date: /root/Lunar_ROADSTER/lr_ws/install/lx_msgs/include/lx_msgs/lx_msgs/action/detail/calibrate_imu__rosidl_typesupport_fastrtps_cpp.hpp
[5.224s] -- Up-to-date: /root/Lunar_ROADSTER/lr_ws/install/lx_msgs/lib/liblx_msgs__rosidl_typesupport_fastrtps_cpp.so
[5.226s] -- Up-to-date: /root/Lunar_ROADSTER/lr_ws/install/lx_msgs/include/lx_msgs/lx_msgs
[5.226s] -- Up-to-date: /root/Lunar_ROADSTER/lr_ws/install/lx_msgs/include/lx_msgs/lx_msgs/msg
[5.228s] -- Up-to-date: /root/Lunar_ROADSTER/lr_ws/install/lx_msgs/include/lx_msgs/lx_msgs/msg/detail
[5.228s] -- Up-to-date: /root/Lunar_ROADSTER/lr_ws/install/lx_msgs/include/lx_msgs/lx_msgs/msg/detail/rover_command__rosidl_typesupport_introspection_c.h
[5.233s] -- Up-to-date: /root/Lunar_ROADSTER/lr_ws/install/lx_msgs/include/lx_msgs/lx_msgs/msg/detail/rover_command__type_support.c
[5.233s] -- Up-to-date: /root/Lunar_ROADSTER/lr_ws/install/lx_msgs/include/lx_msgs/lx_msgs/msg/detail/tool_info__rosidl_typesupport_introspection_c.h
[5.234s] -- Up-to-date: /root/Lunar_ROADSTER/lr_ws/install/lx_msgs/include/lx_msgs/lx_msgs/msg/detail/tool_info__type_support.c
[5.235s] -- Up-to-date: /root/Lunar_ROADSTER/lr_ws/install/lx_msgs/include/lx_msgs/lx_msgs/msg/detail/berm_progress__rosidl_typesupport_introspection_c.h
[5.235s] -- Up-to-date: /root/Lunar_ROADSTER/lr_ws/install/lx_msgs/include/lx_msgs/lx_msgs/msg/detail/berm_progress__type_support.c
[5.242s] -- Up-to-date: /root/Lunar_ROADSTER/lr_ws/install/lx_msgs/include/lx_msgs/lx_msgs/msg/detail/berm_config__rosidl_typesupport_introspection_c.h
[5.243s] -- Up-to-date: /root/Lunar_ROADSTER/lr_ws/install/lx_msgs/include/lx_msgs/lx_msgs/msg/detail/berm_config__type_support.c
[5.243s] -- Up-to-date: /root/Lunar_ROADSTER/lr_ws/install/lx_msgs/include/lx_msgs/lx_msgs/msg/detail/planned_task__rosidl_typesupport_introspection_c.h
[5.243s] -- Up-to-date: /root/Lunar_ROADSTER/lr_ws/install/lx_msgs/include/lx_msgs/lx_msgs/msg/detail/planned_task__type_support.c
[5.244s] -- Up-to-date: /root/Lunar_ROADSTER/lr_ws/install/lx_msgs/include/lx_msgs/lx_msgs/msg/detail/node_diagnostics__rosidl_typesupport_introspection_c.h
[5.244s] -- Up-to-date: /root/Lunar_ROADSTER/lr_ws/install/lx_msgs/include/lx_msgs/lx_msgs/msg/detail/node_diagnostics__type_support.c
[5.244s] -- Up-to-date: /root/Lunar_ROADSTER/lr_ws/install/lx_msgs/include/lx_msgs/lx_msgs/msg/detail/berm_section__rosidl_typesupport_introspection_c.h
[5.244s] -- Up-to-date: /root/Lunar_ROADSTER/lr_ws/install/lx_msgs/include/lx_msgs/lx_msgs/msg/detail/berm_section__type_support.c
[5.245s] -- Up-to-date: /root/Lunar_ROADSTER/lr_ws/install/lx_msgs/include/lx_msgs/lx_msgs/msg/rosidl_typesupport_introspection_c__visibility_control.h
[5.245s] -- Up-to-date: /root/Lunar_ROADSTER/lr_ws/install/lx_msgs/include/lx_msgs/lx_msgs/srv
[5.245s] -- Up-to-date: /root/Lunar_ROADSTER/lr_ws/install/lx_msgs/include/lx_msgs/lx_msgs/srv/detail
[5.249s] -- Up-to-date: /root/Lunar_ROADSTER/lr_ws/install/lx_msgs/include/lx_msgs/lx_msgs/srv/detail/berm_progress_eval__rosidl_typesupport_introspection_c.h
[5.257s] -- Up-to-date: /root/Lunar_ROADSTER/lr_ws/install/lx_msgs/include/lx_msgs/lx_msgs/srv/detail/berm_progress_eval__type_support.c
[5.261s] -- Up-to-date: /root/Lunar_ROADSTER/lr_ws/install/lx_msgs/include/lx_msgs/lx_msgs/srv/detail/switch__rosidl_typesupport_introspection_c.h
[5.264s] -- Up-to-date: /root/Lunar_ROADSTER/lr_ws/install/lx_msgs/include/lx_msgs/lx_msgs/srv/detail/switch__type_support.c
[5.264s] -- Up-to-date: /root/Lunar_ROADSTER/lr_ws/install/lx_msgs/include/lx_msgs/lx_msgs/srv/detail/plan__rosidl_typesupport_introspection_c.h
[5.270s] -- Up-to-date: /root/Lunar_ROADSTER/lr_ws/install/lx_msgs/include/lx_msgs/lx_msgs/srv/detail/plan__type_support.c
[5.270s] -- Up-to-date: /root/Lunar_ROADSTER/lr_ws/install/lx_msgs/include/lx_msgs/lx_msgs/srv/detail/user_input_record__rosidl_typesupport_introspection_c.h
[5.270s] -- Up-to-date: /root/Lunar_ROADSTER/lr_ws/install/lx_msgs/include/lx_msgs/lx_msgs/srv/detail/user_input_record__type_support.c
[5.271s] -- Up-to-date: /root/Lunar_ROADSTER/lr_ws/install/lx_msgs/include/lx_msgs/lx_msgs/srv/detail/berm_service__rosidl_typesupport_introspection_c.h
[5.271s] -- Up-to-date: /root/Lunar_ROADSTER/lr_ws/install/lx_msgs/include/lx_msgs/lx_msgs/srv/detail/berm_service__type_support.c
[5.271s] -- Up-to-date: /root/Lunar_ROADSTER/lr_ws/install/lx_msgs/include/lx_msgs/lx_msgs/srv/detail/zone_service__rosidl_typesupport_introspection_c.h
[5.272s] -- Up-to-date: /root/Lunar_ROADSTER/lr_ws/install/lx_msgs/include/lx_msgs/lx_msgs/srv/detail/zone_service__type_support.c
[5.272s] -- Up-to-date: /root/Lunar_ROADSTER/lr_ws/install/lx_msgs/include/lx_msgs/lx_msgs/srv/detail/request_rover_service__rosidl_typesupport_introspection_c.h
[5.273s] -- Up-to-date: /root/Lunar_ROADSTER/lr_ws/install/lx_msgs/include/lx_msgs/lx_msgs/srv/detail/request_rover_service__type_support.c
[5.273s] -- Up-to-date: /root/Lunar_ROADSTER/lr_ws/install/lx_msgs/include/lx_msgs/lx_msgs/srv/detail/pcl_ground_height__rosidl_typesupport_introspection_c.h
[5.273s] -- Up-to-date: /root/Lunar_ROADSTER/lr_ws/install/lx_msgs/include/lx_msgs/lx_msgs/srv/detail/pcl_ground_height__type_support.c
[5.276s] -- Up-to-date: /root/Lunar_ROADSTER/lr_ws/install/lx_msgs/include/lx_msgs/lx_msgs/action
[5.276s] -- Up-to-date: /root/Lunar_ROADSTER/lr_ws/install/lx_msgs/include/lx_msgs/lx_msgs/action/detail
[5.280s] -- Up-to-date: /root/Lunar_ROADSTER/lr_ws/install/lx_msgs/include/lx_msgs/lx_msgs/action/detail/operation__rosidl_typesupport_introspection_c.h
[5.284s] -- Up-to-date: /root/Lunar_ROADSTER/lr_ws/install/lx_msgs/include/lx_msgs/lx_msgs/action/detail/operation__type_support.c
[5.284s] -- Up-to-date: /root/Lunar_ROADSTER/lr_ws/install/lx_msgs/include/lx_msgs/lx_msgs/action/detail/auto_dig__rosidl_typesupport_introspection_c.h
[5.284s] -- Up-to-date: /root/Lunar_ROADSTER/lr_ws/install/lx_msgs/include/lx_msgs/lx_msgs/action/detail/auto_dig__type_support.c
[5.285s] -- Up-to-date: /root/Lunar_ROADSTER/lr_ws/install/lx_msgs/include/lx_msgs/lx_msgs/action/detail/auto_dump__rosidl_typesupport_introspection_c.h
[5.285s] -- Up-to-date: /root/Lunar_ROADSTER/lr_ws/install/lx_msgs/include/lx_msgs/lx_msgs/action/detail/auto_dump__type_support.c
[5.285s] -- Up-to-date: /root/Lunar_ROADSTER/lr_ws/install/lx_msgs/include/lx_msgs/lx_msgs/action/detail/auto_nav__rosidl_typesupport_introspection_c.h
[5.285s] -- Up-to-date: /root/Lunar_ROADSTER/lr_ws/install/lx_msgs/include/lx_msgs/lx_msgs/action/detail/auto_nav__type_support.c
[5.298s] -- Up-to-date: /root/Lunar_ROADSTER/lr_ws/install/lx_msgs/include/lx_msgs/lx_msgs/action/detail/calibrate_imu__rosidl_typesupport_introspection_c.h
[5.298s] -- Up-to-date: /root/Lunar_ROADSTER/lr_ws/install/lx_msgs/include/lx_msgs/lx_msgs/action/detail/calibrate_imu__type_support.c
[5.299s] -- Up-to-date: /root/Lunar_ROADSTER/lr_ws/install/lx_msgs/lib/liblx_msgs__rosidl_typesupport_introspection_c.so
[5.300s] -- Up-to-date: /root/Lunar_ROADSTER/lr_ws/install/lx_msgs/lib/liblx_msgs__rosidl_typesupport_c.so
[5.300s] -- Up-to-date: /root/Lunar_ROADSTER/lr_ws/install/lx_msgs/include/lx_msgs/lx_msgs
[5.301s] -- Up-to-date: /root/Lunar_ROADSTER/lr_ws/install/lx_msgs/include/lx_msgs/lx_msgs/msg
[5.304s] -- Up-to-date: /root/Lunar_ROADSTER/lr_ws/install/lx_msgs/include/lx_msgs/lx_msgs/msg/detail
[5.305s] -- Up-to-date: /root/Lunar_ROADSTER/lr_ws/install/lx_msgs/include/lx_msgs/lx_msgs/msg/detail/rover_command__rosidl_typesupport_introspection_cpp.hpp
[5.311s] -- Up-to-date: /root/Lunar_ROADSTER/lr_ws/install/lx_msgs/include/lx_msgs/lx_msgs/msg/detail/rover_command__type_support.cpp
[5.312s] -- Up-to-date: /root/Lunar_ROADSTER/lr_ws/install/lx_msgs/include/lx_msgs/lx_msgs/msg/detail/tool_info__rosidl_typesupport_introspection_cpp.hpp
[5.313s] -- Up-to-date: /root/Lunar_ROADSTER/lr_ws/install/lx_msgs/include/lx_msgs/lx_msgs/msg/detail/tool_info__type_support.cpp
[5.314s] -- Up-to-date: /root/Lunar_ROADSTER/lr_ws/install/lx_msgs/include/lx_msgs/lx_msgs/msg/detail/berm_progress__rosidl_typesupport_introspection_cpp.hpp
[5.315s] -- Up-to-date: /root/Lunar_ROADSTER/lr_ws/install/lx_msgs/include/lx_msgs/lx_msgs/msg/detail/berm_progress__type_support.cpp
[5.315s] -- Up-to-date: /root/Lunar_ROADSTER/lr_ws/install/lx_msgs/include/lx_msgs/lx_msgs/msg/detail/berm_config__rosidl_typesupport_introspection_cpp.hpp
[5.323s] -- Up-to-date: /root/Lunar_ROADSTER/lr_ws/install/lx_msgs/include/lx_msgs/lx_msgs/msg/detail/berm_config__type_support.cpp
[5.326s] -- Up-to-date: /root/Lunar_ROADSTER/lr_ws/install/lx_msgs/include/lx_msgs/lx_msgs/msg/detail/planned_task__rosidl_typesupport_introspection_cpp.hpp
[5.330s] -- Up-to-date: /root/Lunar_ROADSTER/lr_ws/install/lx_msgs/include/lx_msgs/lx_msgs/msg/detail/planned_task__type_support.cpp
[5.334s] -- Up-to-date: /root/Lunar_ROADSTER/lr_ws/install/lx_msgs/include/lx_msgs/lx_msgs/msg/detail/node_diagnostics__rosidl_typesupport_introspection_cpp.hpp
[5.336s] -- Up-to-date: /root/Lunar_ROADSTER/lr_ws/install/lx_msgs/include/lx_msgs/lx_msgs/msg/detail/node_diagnostics__type_support.cpp
[5.336s] -- Up-to-date: /root/Lunar_ROADSTER/lr_ws/install/lx_msgs/include/lx_msgs/lx_msgs/msg/detail/berm_section__rosidl_typesupport_introspection_cpp.hpp
[5.337s] -- Up-to-date: /root/Lunar_ROADSTER/lr_ws/install/lx_msgs/include/lx_msgs/lx_msgs/msg/detail/berm_section__type_support.cpp
[5.337s] -- Up-to-date: /root/Lunar_ROADSTER/lr_ws/install/lx_msgs/include/lx_msgs/lx_msgs/srv
[5.337s] -- Up-to-date: /root/Lunar_ROADSTER/lr_ws/install/lx_msgs/include/lx_msgs/lx_msgs/srv/detail
[5.338s] -- Up-to-date: /root/Lunar_ROADSTER/lr_ws/install/lx_msgs/include/lx_msgs/lx_msgs/srv/detail/berm_progress_eval__rosidl_typesupport_introspection_cpp.hpp
[5.338s] -- Up-to-date: /root/Lunar_ROADSTER/lr_ws/install/lx_msgs/include/lx_msgs/lx_msgs/srv/detail/berm_progress_eval__type_support.cpp
[5.338s] -- Up-to-date: /root/Lunar_ROADSTER/lr_ws/install/lx_msgs/include/lx_msgs/lx_msgs/srv/detail/switch__rosidl_typesupport_introspection_cpp.hpp
[5.338s] -- Up-to-date: /root/Lunar_ROADSTER/lr_ws/install/lx_msgs/include/lx_msgs/lx_msgs/srv/detail/switch__type_support.cpp
[5.339s] -- Up-to-date: /root/Lunar_ROADSTER/lr_ws/install/lx_msgs/include/lx_msgs/lx_msgs/srv/detail/plan__rosidl_typesupport_introspection_cpp.hpp
[5.339s] -- Up-to-date: /root/Lunar_ROADSTER/lr_ws/install/lx_msgs/include/lx_msgs/lx_msgs/srv/detail/plan__type_support.cpp
[5.339s] -- Up-to-date: /root/Lunar_ROADSTER/lr_ws/install/lx_msgs/include/lx_msgs/lx_msgs/srv/detail/user_input_record__rosidl_typesupport_introspection_cpp.hpp
[5.340s] -- Up-to-date: /root/Lunar_ROADSTER/lr_ws/install/lx_msgs/include/lx_msgs/lx_msgs/srv/detail/user_input_record__type_support.cpp
[5.340s] -- Up-to-date: /root/Lunar_ROADSTER/lr_ws/install/lx_msgs/include/lx_msgs/lx_msgs/srv/detail/berm_service__rosidl_typesupport_introspection_cpp.hpp
[5.341s] -- Up-to-date: /root/Lunar_ROADSTER/lr_ws/install/lx_msgs/include/lx_msgs/lx_msgs/srv/detail/berm_service__type_support.cpp
[5.341s] -- Up-to-date: /root/Lunar_ROADSTER/lr_ws/install/lx_msgs/include/lx_msgs/lx_msgs/srv/detail/zone_service__rosidl_typesupport_introspection_cpp.hpp
[5.341s] -- Up-to-date: /root/Lunar_ROADSTER/lr_ws/install/lx_msgs/include/lx_msgs/lx_msgs/srv/detail/zone_service__type_support.cpp
[5.350s] -- Up-to-date: /root/Lunar_ROADSTER/lr_ws/install/lx_msgs/include/lx_msgs/lx_msgs/srv/detail/request_rover_service__rosidl_typesupport_introspection_cpp.hpp
[5.351s] -- Up-to-date: /root/Lunar_ROADSTER/lr_ws/install/lx_msgs/include/lx_msgs/lx_msgs/srv/detail/request_rover_service__type_support.cpp
[5.351s] -- Up-to-date: /root/Lunar_ROADSTER/lr_ws/install/lx_msgs/include/lx_msgs/lx_msgs/srv/detail/pcl_ground_height__rosidl_typesupport_introspection_cpp.hpp
[5.351s] -- Up-to-date: /root/Lunar_ROADSTER/lr_ws/install/lx_msgs/include/lx_msgs/lx_msgs/srv/detail/pcl_ground_height__type_support.cpp
[5.351s] -- Up-to-date: /root/Lunar_ROADSTER/lr_ws/install/lx_msgs/include/lx_msgs/lx_msgs/action
[5.352s] -- Up-to-date: /root/Lunar_ROADSTER/lr_ws/install/lx_msgs/include/lx_msgs/lx_msgs/action/detail
[5.352s] -- Up-to-date: /root/Lunar_ROADSTER/lr_ws/install/lx_msgs/include/lx_msgs/lx_msgs/action/detail/operation__rosidl_typesupport_introspection_cpp.hpp
[5.352s] -- Up-to-date: /root/Lunar_ROADSTER/lr_ws/install/lx_msgs/include/lx_msgs/lx_msgs/action/detail/operation__type_support.cpp
[5.352s] -- Up-to-date: /root/Lunar_ROADSTER/lr_ws/install/lx_msgs/include/lx_msgs/lx_msgs/action/detail/auto_dig__rosidl_typesupport_introspection_cpp.hpp
[5.352s] -- Up-to-date: /root/Lunar_ROADSTER/lr_ws/install/lx_msgs/include/lx_msgs/lx_msgs/action/detail/auto_dig__type_support.cpp
[5.353s] -- Up-to-date: /root/Lunar_ROADSTER/lr_ws/install/lx_msgs/include/lx_msgs/lx_msgs/action/detail/auto_dump__rosidl_typesupport_introspection_cpp.hpp
[5.353s] -- Up-to-date: /root/Lunar_ROADSTER/lr_ws/install/lx_msgs/include/lx_msgs/lx_msgs/action/detail/auto_dump__type_support.cpp
[5.366s] -- Up-to-date: /root/Lunar_ROADSTER/lr_ws/install/lx_msgs/include/lx_msgs/lx_msgs/action/detail/auto_nav__rosidl_typesupport_introspection_cpp.hpp
[5.368s] -- Up-to-date: /root/Lunar_ROADSTER/lr_ws/install/lx_msgs/include/lx_msgs/lx_msgs/action/detail/auto_nav__type_support.cpp
[5.368s] -- Up-to-date: /root/Lunar_ROADSTER/lr_ws/install/lx_msgs/include/lx_msgs/lx_msgs/action/detail/calibrate_imu__rosidl_typesupport_introspection_cpp.hpp
[5.369s] -- Up-to-date: /root/Lunar_ROADSTER/lr_ws/install/lx_msgs/include/lx_msgs/lx_msgs/action/detail/calibrate_imu__type_support.cpp
[5.369s] -- Up-to-date: /root/Lunar_ROADSTER/lr_ws/install/lx_msgs/lib/liblx_msgs__rosidl_typesupport_introspection_cpp.so
[5.369s] -- Up-to-date: /root/Lunar_ROADSTER/lr_ws/install/lx_msgs/lib/liblx_msgs__rosidl_typesupport_cpp.so
[5.369s] -- Up-to-date: /root/Lunar_ROADSTER/lr_ws/install/lx_msgs/share/lx_msgs/environment/pythonpath.sh
[5.378s] -- Up-to-date: /root/Lunar_ROADSTER/lr_ws/install/lx_msgs/share/lx_msgs/environment/pythonpath.dsv
[5.379s] -- Up-to-date: /root/Lunar_ROADSTER/lr_ws/install/lx_msgs/local/lib/python3.10/dist-packages/lx_msgs-0.0.0-py3.10.egg-info
[5.381s] -- Installing: /root/Lunar_ROADSTER/lr_ws/install/lx_msgs/local/lib/python3.10/dist-packages/lx_msgs-0.0.0-py3.10.egg-info/PKG-INFO
[5.383s] -- Installing: /root/Lunar_ROADSTER/lr_ws/install/lx_msgs/local/lib/python3.10/dist-packages/lx_msgs-0.0.0-py3.10.egg-info/dependency_links.txt
[5.383s] -- Installing: /root/Lunar_ROADSTER/lr_ws/install/lx_msgs/local/lib/python3.10/dist-packages/lx_msgs-0.0.0-py3.10.egg-info/top_level.txt
[5.384s] -- Installing: /root/Lunar_ROADSTER/lr_ws/install/lx_msgs/local/lib/python3.10/dist-packages/lx_msgs-0.0.0-py3.10.egg-info/SOURCES.txt
[5.392s] -- Up-to-date: /root/Lunar_ROADSTER/lr_ws/install/lx_msgs/local/lib/python3.10/dist-packages/lx_msgs
[5.392s] -- Up-to-date: /root/Lunar_ROADSTER/lr_ws/install/lx_msgs/local/lib/python3.10/dist-packages/lx_msgs/__init__.py
[5.392s] -- Up-to-date: /root/Lunar_ROADSTER/lr_ws/install/lx_msgs/local/lib/python3.10/dist-packages/lx_msgs/msg
[5.392s] -- Up-to-date: /root/Lunar_ROADSTER/lr_ws/install/lx_msgs/local/lib/python3.10/dist-packages/lx_msgs/msg/_rover_command.py
[5.393s] -- Up-to-date: /root/Lunar_ROADSTER/lr_ws/install/lx_msgs/local/lib/python3.10/dist-packages/lx_msgs/msg/_rover_command_s.c
[5.393s] -- Up-to-date: /root/Lunar_ROADSTER/lr_ws/install/lx_msgs/local/lib/python3.10/dist-packages/lx_msgs/msg/_tool_info.py
[5.393s] -- Up-to-date: /root/Lunar_ROADSTER/lr_ws/install/lx_msgs/local/lib/python3.10/dist-packages/lx_msgs/msg/_tool_info_s.c
[5.398s] -- Up-to-date: /root/Lunar_ROADSTER/lr_ws/install/lx_msgs/local/lib/python3.10/dist-packages/lx_msgs/msg/_berm_progress.py
[5.399s] -- Up-to-date: /root/Lunar_ROADSTER/lr_ws/install/lx_msgs/local/lib/python3.10/dist-packages/lx_msgs/msg/_berm_progress_s.c
[5.399s] -- Up-to-date: /root/Lunar_ROADSTER/lr_ws/install/lx_msgs/local/lib/python3.10/dist-packages/lx_msgs/msg/_berm_config.py
[5.400s] -- Up-to-date: /root/Lunar_ROADSTER/lr_ws/install/lx_msgs/local/lib/python3.10/dist-packages/lx_msgs/msg/_berm_config_s.c
[5.400s] -- Up-to-date: /root/Lunar_ROADSTER/lr_ws/install/lx_msgs/local/lib/python3.10/dist-packages/lx_msgs/msg/_planned_task.py
[5.401s] -- Up-to-date: /root/Lunar_ROADSTER/lr_ws/install/lx_msgs/local/lib/python3.10/dist-packages/lx_msgs/msg/_planned_task_s.c
[5.401s] -- Up-to-date: /root/Lunar_ROADSTER/lr_ws/install/lx_msgs/local/lib/python3.10/dist-packages/lx_msgs/msg/_node_diagnostics.py
[5.401s] -- Up-to-date: /root/Lunar_ROADSTER/lr_ws/install/lx_msgs/local/lib/python3.10/dist-packages/lx_msgs/msg/_node_diagnostics_s.c
[5.401s] -- Up-to-date: /root/Lunar_ROADSTER/lr_ws/install/lx_msgs/local/lib/python3.10/dist-packages/lx_msgs/msg/_berm_section.py
[5.410s] -- Up-to-date: /root/Lunar_ROADSTER/lr_ws/install/lx_msgs/local/lib/python3.10/dist-packages/lx_msgs/msg/_berm_section_s.c
[5.411s] -- Up-to-date: /root/Lunar_ROADSTER/lr_ws/install/lx_msgs/local/lib/python3.10/dist-packages/lx_msgs/msg/__init__.py
[5.411s] -- Up-to-date: /root/Lunar_ROADSTER/lr_ws/install/lx_msgs/local/lib/python3.10/dist-packages/lx_msgs/srv
[5.411s] -- Up-to-date: /root/Lunar_ROADSTER/lr_ws/install/lx_msgs/local/lib/python3.10/dist-packages/lx_msgs/srv/_berm_progress_eval.py
[5.411s] -- Up-to-date: /root/Lunar_ROADSTER/lr_ws/install/lx_msgs/local/lib/python3.10/dist-packages/lx_msgs/srv/_berm_progress_eval_s.c
[5.412s] -- Up-to-date: /root/Lunar_ROADSTER/lr_ws/install/lx_msgs/local/lib/python3.10/dist-packages/lx_msgs/srv/_switch.py
[5.412s] -- Up-to-date: /root/Lunar_ROADSTER/lr_ws/install/lx_msgs/local/lib/python3.10/dist-packages/lx_msgs/srv/_switch_s.c
[5.412s] -- Up-to-date: /root/Lunar_ROADSTER/lr_ws/install/lx_msgs/local/lib/python3.10/dist-packages/lx_msgs/srv/_plan.py
[5.412s] -- Up-to-date: /root/Lunar_ROADSTER/lr_ws/install/lx_msgs/local/lib/python3.10/dist-packages/lx_msgs/srv/_plan_s.c
[5.412s] -- Up-to-date: /root/Lunar_ROADSTER/lr_ws/install/lx_msgs/local/lib/python3.10/dist-packages/lx_msgs/srv/_user_input_record.py
[5.413s] -- Up-to-date: /root/Lunar_ROADSTER/lr_ws/install/lx_msgs/local/lib/python3.10/dist-packages/lx_msgs/srv/_user_input_record_s.c
[5.413s] -- Up-to-date: /root/Lunar_ROADSTER/lr_ws/install/lx_msgs/local/lib/python3.10/dist-packages/lx_msgs/srv/_berm_service.py
[5.413s] -- Up-to-date: /root/Lunar_ROADSTER/lr_ws/install/lx_msgs/local/lib/python3.10/dist-packages/lx_msgs/srv/_berm_service_s.c
[5.413s] -- Up-to-date: /root/Lunar_ROADSTER/lr_ws/install/lx_msgs/local/lib/python3.10/dist-packages/lx_msgs/srv/_zone_service.py
[5.414s] -- Up-to-date: /root/Lunar_ROADSTER/lr_ws/install/lx_msgs/local/lib/python3.10/dist-packages/lx_msgs/srv/_zone_service_s.c
[5.414s] -- Up-to-date: /root/Lunar_ROADSTER/lr_ws/install/lx_msgs/local/lib/python3.10/dist-packages/lx_msgs/srv/_request_rover_service.py
[5.414s] -- Up-to-date: /root/Lunar_ROADSTER/lr_ws/install/lx_msgs/local/lib/python3.10/dist-packages/lx_msgs/srv/_request_rover_service_s.c
[5.415s] -- Up-to-date: /root/Lunar_ROADSTER/lr_ws/install/lx_msgs/local/lib/python3.10/dist-packages/lx_msgs/srv/_pcl_ground_height.py
[5.415s] -- Up-to-date: /root/Lunar_ROADSTER/lr_ws/install/lx_msgs/local/lib/python3.10/dist-packages/lx_msgs/srv/_pcl_ground_height_s.c
[5.415s] -- Up-to-date: /root/Lunar_ROADSTER/lr_ws/install/lx_msgs/local/lib/python3.10/dist-packages/lx_msgs/srv/__init__.py
[5.415s] -- Up-to-date: /root/Lunar_ROADSTER/lr_ws/install/lx_msgs/local/lib/python3.10/dist-packages/lx_msgs/action
[5.417s] -- Up-to-date: /root/Lunar_ROADSTER/lr_ws/install/lx_msgs/local/lib/python3.10/dist-packages/lx_msgs/action/_operation.py
[5.417s] -- Up-to-date: /root/Lunar_ROADSTER/lr_ws/install/lx_msgs/local/lib/python3.10/dist-packages/lx_msgs/action/_operation_s.c
[5.419s] -- Up-to-date: /root/Lunar_ROADSTER/lr_ws/install/lx_msgs/local/lib/python3.10/dist-packages/lx_msgs/action/_auto_dig.py
[5.420s] -- Up-to-date: /root/Lunar_ROADSTER/lr_ws/install/lx_msgs/local/lib/python3.10/dist-packages/lx_msgs/action/_auto_dig_s.c
[5.420s] -- Up-to-date: /root/Lunar_ROADSTER/lr_ws/install/lx_msgs/local/lib/python3.10/dist-packages/lx_msgs/action/_auto_dump.py
[5.420s] -- Up-to-date: /root/Lunar_ROADSTER/lr_ws/install/lx_msgs/local/lib/python3.10/dist-packages/lx_msgs/action/_auto_dump_s.c
[5.420s] -- Up-to-date: /root/Lunar_ROADSTER/lr_ws/install/lx_msgs/local/lib/python3.10/dist-packages/lx_msgs/action/_auto_nav.py
[5.421s] -- Up-to-date: /root/Lunar_ROADSTER/lr_ws/install/lx_msgs/local/lib/python3.10/dist-packages/lx_msgs/action/_auto_nav_s.c
[5.421s] -- Up-to-date: /root/Lunar_ROADSTER/lr_ws/install/lx_msgs/local/lib/python3.10/dist-packages/lx_msgs/action/_calibrate_imu.py
[5.421s] -- Up-to-date: /root/Lunar_ROADSTER/lr_ws/install/lx_msgs/local/lib/python3.10/dist-packages/lx_msgs/action/_calibrate_imu_s.c
[5.421s] -- Up-to-date: /root/Lunar_ROADSTER/lr_ws/install/lx_msgs/local/lib/python3.10/dist-packages/lx_msgs/action/__init__.py
[5.433s] -- Up-to-date: /root/Lunar_ROADSTER/lr_ws/install/lx_msgs/local/lib/python3.10/dist-packages/lx_msgs/_lx_msgs_s.ep.rosidl_typesupport_fastrtps_c.c
[5.447s] -- Up-to-date: /root/Lunar_ROADSTER/lr_ws/install/lx_msgs/local/lib/python3.10/dist-packages/lx_msgs/_lx_msgs_s.ep.rosidl_typesupport_introspection_c.c
[5.447s] -- Up-to-date: /root/Lunar_ROADSTER/lr_ws/install/lx_msgs/local/lib/python3.10/dist-packages/lx_msgs/_lx_msgs_s.ep.rosidl_typesupport_c.c
[5.447s] -- Up-to-date: /root/Lunar_ROADSTER/lr_ws/install/lx_msgs/local/lib/python3.10/dist-packages/lx_msgs/liblx_msgs__rosidl_generator_py.so
[5.448s] -- Up-to-date: /root/Lunar_ROADSTER/lr_ws/install/lx_msgs/local/lib/python3.10/dist-packages/lx_msgs/lx_msgs_s__rosidl_typesupport_fastrtps_c.cpython-310-aarch64-linux-gnu.so
[5.448s] -- Up-to-date: /root/Lunar_ROADSTER/lr_ws/install/lx_msgs/local/lib/python3.10/dist-packages/lx_msgs/lx_msgs_s__rosidl_typesupport_c.cpython-310-aarch64-linux-gnu.so
[5.448s] -- Up-to-date: /root/Lunar_ROADSTER/lr_ws/install/lx_msgs/local/lib/python3.10/dist-packages/lx_msgs/lx_msgs_s__rosidl_typesupport_introspection_c.cpython-310-aarch64-linux-gnu.so
[5.822s] Listing '/root/Lunar_ROADSTER/lr_ws/install/lx_msgs/local/lib/python3.10/dist-packages/lx_msgs'...
[5.822s] Listing '/root/Lunar_ROADSTER/lr_ws/install/lx_msgs/local/lib/python3.10/dist-packages/lx_msgs/action'...
[5.823s] Listing '/root/Lunar_ROADSTER/lr_ws/install/lx_msgs/local/lib/python3.10/dist-packages/lx_msgs/msg'...
[5.823s] Listing '/root/Lunar_ROADSTER/lr_ws/install/lx_msgs/local/lib/python3.10/dist-packages/lx_msgs/srv'...
[5.848s] -- Up-to-date: /root/Lunar_ROADSTER/lr_ws/install/lx_msgs/local/lib/python3.10/dist-packages/lx_msgs/lx_msgs_s__rosidl_typesupport_fastrtps_c.cpython-310-aarch64-linux-gnu.so
[5.850s] -- Up-to-date: /root/Lunar_ROADSTER/lr_ws/install/lx_msgs/local/lib/python3.10/dist-packages/lx_msgs/lx_msgs_s__rosidl_typesupport_introspection_c.cpython-310-aarch64-linux-gnu.so
[5.853s] -- Up-to-date: /root/Lunar_ROADSTER/lr_ws/install/lx_msgs/local/lib/python3.10/dist-packages/lx_msgs/lx_msgs_s__rosidl_typesupport_c.cpython-310-aarch64-linux-gnu.so
[5.855s] -- Up-to-date: /root/Lunar_ROADSTER/lr_ws/install/lx_msgs/lib/liblx_msgs__rosidl_generator_py.so
[5.856s] -- Up-to-date: /root/Lunar_ROADSTER/lr_ws/install/lx_msgs/share/lx_msgs/msg/RoverCommand.idl
[5.856s] -- Up-to-date: /root/Lunar_ROADSTER/lr_ws/install/lx_msgs/share/lx_msgs/msg/ToolInfo.idl
[5.857s] -- Up-to-date: /root/Lunar_ROADSTER/lr_ws/install/lx_msgs/share/lx_msgs/msg/BermProgress.idl
[5.857s] -- Up-to-date: /root/Lunar_ROADSTER/lr_ws/install/lx_msgs/share/lx_msgs/msg/BermConfig.idl
[5.858s] -- Up-to-date: /root/Lunar_ROADSTER/lr_ws/install/lx_msgs/share/lx_msgs/msg/PlannedTask.idl
[5.858s] -- Up-to-date: /root/Lunar_ROADSTER/lr_ws/install/lx_msgs/share/lx_msgs/msg/NodeDiagnostics.idl
[5.858s] -- Up-to-date: /root/Lunar_ROADSTER/lr_ws/install/lx_msgs/share/lx_msgs/msg/BermSection.idl
[5.859s] -- Up-to-date: /root/Lunar_ROADSTER/lr_ws/install/lx_msgs/share/lx_msgs/srv/BermProgressEval.idl
[5.859s] -- Up-to-date: /root/Lunar_ROADSTER/lr_ws/install/lx_msgs/share/lx_msgs/srv/Switch.idl
[5.860s] -- Up-to-date: /root/Lunar_ROADSTER/lr_ws/install/lx_msgs/share/lx_msgs/srv/Plan.idl
[5.860s] -- Up-to-date: /root/Lunar_ROADSTER/lr_ws/install/lx_msgs/share/lx_msgs/srv/UserInputRecord.idl
[5.860s] -- Up-to-date: /root/Lunar_ROADSTER/lr_ws/install/lx_msgs/share/lx_msgs/srv/BermService.idl
[5.861s] -- Up-to-date: /root/Lunar_ROADSTER/lr_ws/install/lx_msgs/share/lx_msgs/srv/ZoneService.idl
[5.861s] -- Up-to-date: /root/Lunar_ROADSTER/lr_ws/install/lx_msgs/share/lx_msgs/srv/RequestRoverService.idl
[5.862s] -- Up-to-date: /root/Lunar_ROADSTER/lr_ws/install/lx_msgs/share/lx_msgs/srv/PclGroundHeight.idl
[5.863s] -- Up-to-date: /root/Lunar_ROADSTER/lr_ws/install/lx_msgs/share/lx_msgs/action/Operation.idl
[5.863s] -- Up-to-date: /root/Lunar_ROADSTER/lr_ws/install/lx_msgs/share/lx_msgs/action/AutoDig.idl
[5.864s] -- Up-to-date: /root/Lunar_ROADSTER/lr_ws/install/lx_msgs/share/lx_msgs/action/AutoDump.idl
[5.865s] -- Up-to-date: /root/Lunar_ROADSTER/lr_ws/install/lx_msgs/share/lx_msgs/action/AutoNav.idl
[5.865s] -- Up-to-date: /root/Lunar_ROADSTER/lr_ws/install/lx_msgs/share/lx_msgs/action/CalibrateImu.idl
[5.866s] -- Up-to-date: /root/Lunar_ROADSTER/lr_ws/install/lx_msgs/share/lx_msgs/msg/RoverCommand.msg
[5.866s] -- Up-to-date: /root/Lunar_ROADSTER/lr_ws/install/lx_msgs/share/lx_msgs/msg/ToolInfo.msg
[5.867s] -- Up-to-date: /root/Lunar_ROADSTER/lr_ws/install/lx_msgs/share/lx_msgs/msg/BermProgress.msg
[5.867s] -- Up-to-date: /root/Lunar_ROADSTER/lr_ws/install/lx_msgs/share/lx_msgs/msg/BermConfig.msg
[5.870s] -- Up-to-date: /root/Lunar_ROADSTER/lr_ws/install/lx_msgs/share/lx_msgs/msg/PlannedTask.msg
[5.882s] -- Up-to-date: /root/Lunar_ROADSTER/lr_ws/install/lx_msgs/share/lx_msgs/msg/NodeDiagnostics.msg
[5.882s] -- Up-to-date: /root/Lunar_ROADSTER/lr_ws/install/lx_msgs/share/lx_msgs/msg/BermSection.msg
[5.883s] -- Up-to-date: /root/Lunar_ROADSTER/lr_ws/install/lx_msgs/share/lx_msgs/srv/BermProgressEval.srv
[5.883s] -- Up-to-date: /root/Lunar_ROADSTER/lr_ws/install/lx_msgs/share/lx_msgs/srv/BermProgressEval_Request.msg
[5.884s] -- Up-to-date: /root/Lunar_ROADSTER/lr_ws/install/lx_msgs/share/lx_msgs/srv/BermProgressEval_Response.msg
[5.884s] -- Up-to-date: /root/Lunar_ROADSTER/lr_ws/install/lx_msgs/share/lx_msgs/srv/Switch.srv
[5.884s] -- Up-to-date: /root/Lunar_ROADSTER/lr_ws/install/lx_msgs/share/lx_msgs/srv/Switch_Request.msg
[5.886s] -- Up-to-date: /root/Lunar_ROADSTER/lr_ws/install/lx_msgs/share/lx_msgs/srv/Switch_Response.msg
[5.887s] -- Up-to-date: /root/Lunar_ROADSTER/lr_ws/install/lx_msgs/share/lx_msgs/srv/Plan.srv
[5.893s] -- Up-to-date: /root/Lunar_ROADSTER/lr_ws/install/lx_msgs/share/lx_msgs/srv/Plan_Request.msg
[5.893s] -- Up-to-date: /root/Lunar_ROADSTER/lr_ws/install/lx_msgs/share/lx_msgs/srv/Plan_Response.msg
[5.894s] -- Up-to-date: /root/Lunar_ROADSTER/lr_ws/install/lx_msgs/share/lx_msgs/srv/UserInputRecord.srv
[5.894s] -- Up-to-date: /root/Lunar_ROADSTER/lr_ws/install/lx_msgs/share/lx_msgs/srv/UserInputRecord_Request.msg
[5.894s] -- Up-to-date: /root/Lunar_ROADSTER/lr_ws/install/lx_msgs/share/lx_msgs/srv/UserInputRecord_Response.msg
[5.894s] -- Up-to-date: /root/Lunar_ROADSTER/lr_ws/install/lx_msgs/share/lx_msgs/srv/BermService.srv
[5.895s] -- Up-to-date: /root/Lunar_ROADSTER/lr_ws/install/lx_msgs/share/lx_msgs/srv/BermService_Request.msg
[5.895s] -- Up-to-date: /root/Lunar_ROADSTER/lr_ws/install/lx_msgs/share/lx_msgs/srv/BermService_Response.msg
[5.895s] -- Up-to-date: /root/Lunar_ROADSTER/lr_ws/install/lx_msgs/share/lx_msgs/srv/ZoneService.srv
[5.895s] -- Up-to-date: /root/Lunar_ROADSTER/lr_ws/install/lx_msgs/share/lx_msgs/srv/ZoneService_Request.msg
[5.896s] -- Up-to-date: /root/Lunar_ROADSTER/lr_ws/install/lx_msgs/share/lx_msgs/srv/ZoneService_Response.msg
[5.896s] -- Up-to-date: /root/Lunar_ROADSTER/lr_ws/install/lx_msgs/share/lx_msgs/srv/RequestRoverService.srv
[5.896s] -- Up-to-date: /root/Lunar_ROADSTER/lr_ws/install/lx_msgs/share/lx_msgs/srv/RequestRoverService_Request.msg
[5.896s] -- Up-to-date: /root/Lunar_ROADSTER/lr_ws/install/lx_msgs/share/lx_msgs/srv/RequestRoverService_Response.msg
[5.897s] -- Up-to-date: /root/Lunar_ROADSTER/lr_ws/install/lx_msgs/share/lx_msgs/srv/PclGroundHeight.srv
[5.897s] -- Up-to-date: /root/Lunar_ROADSTER/lr_ws/install/lx_msgs/share/lx_msgs/srv/PclGroundHeight_Request.msg
[5.897s] -- Up-to-date: /root/Lunar_ROADSTER/lr_ws/install/lx_msgs/share/lx_msgs/srv/PclGroundHeight_Response.msg
[5.897s] -- Up-to-date: /root/Lunar_ROADSTER/lr_ws/install/lx_msgs/share/lx_msgs/action/Operation.action
[5.897s] -- Up-to-date: /root/Lunar_ROADSTER/lr_ws/install/lx_msgs/share/lx_msgs/action/AutoDig.action
[5.910s] -- Up-to-date: /root/Lunar_ROADSTER/lr_ws/install/lx_msgs/share/lx_msgs/action/AutoDump.action
[5.911s] -- Up-to-date: /root/Lunar_ROADSTER/lr_ws/install/lx_msgs/share/lx_msgs/action/AutoNav.action
[5.912s] -- Up-to-date: /root/Lunar_ROADSTER/lr_ws/install/lx_msgs/share/lx_msgs/action/CalibrateImu.action
[5.912s] -- Up-to-date: /root/Lunar_ROADSTER/lr_ws/install/lx_msgs/share/ament_index/resource_index/package_run_dependencies/lx_msgs
[5.912s] -- Up-to-date: /root/Lunar_ROADSTER/lr_ws/install/lx_msgs/share/ament_index/resource_index/parent_prefix_path/lx_msgs
[5.912s] -- Up-to-date: /root/Lunar_ROADSTER/lr_ws/install/lx_msgs/share/lx_msgs/environment/ament_prefix_path.sh
[5.913s] -- Up-to-date: /root/Lunar_ROADSTER/lr_ws/install/lx_msgs/share/lx_msgs/environment/ament_prefix_path.dsv
[5.913s] -- Up-to-date: /root/Lunar_ROADSTER/lr_ws/install/lx_msgs/share/lx_msgs/environment/path.sh
[5.913s] -- Up-to-date: /root/Lunar_ROADSTER/lr_ws/install/lx_msgs/share/lx_msgs/environment/path.dsv
[5.914s] -- Up-to-date: /root/Lunar_ROADSTER/lr_ws/install/lx_msgs/share/lx_msgs/local_setup.bash
[5.914s] -- Up-to-date: /root/Lunar_ROADSTER/lr_ws/install/lx_msgs/share/lx_msgs/local_setup.sh
[5.914s] -- Up-to-date: /root/Lunar_ROADSTER/lr_ws/install/lx_msgs/share/lx_msgs/local_setup.zsh
[5.914s] -- Up-to-date: /root/Lunar_ROADSTER/lr_ws/install/lx_msgs/share/lx_msgs/local_setup.dsv
[5.915s] -- Installing: /root/Lunar_ROADSTER/lr_ws/install/lx_msgs/share/lx_msgs/package.dsv
[5.915s] -- Up-to-date: /root/Lunar_ROADSTER/lr_ws/install/lx_msgs/share/ament_index/resource_index/packages/lx_msgs
[5.915s] -- Up-to-date: /root/Lunar_ROADSTER/lr_ws/install/lx_msgs/share/lx_msgs/cmake/export_lx_msgs__rosidl_generator_cExport.cmake
[5.915s] -- Up-to-date: /root/Lunar_ROADSTER/lr_ws/install/lx_msgs/share/lx_msgs/cmake/export_lx_msgs__rosidl_generator_cExport-noconfig.cmake
[5.915s] -- Up-to-date: /root/Lunar_ROADSTER/lr_ws/install/lx_msgs/share/lx_msgs/cmake/export_lx_msgs__rosidl_typesupport_fastrtps_cExport.cmake
[5.916s] -- Up-to-date: /root/Lunar_ROADSTER/lr_ws/install/lx_msgs/share/lx_msgs/cmake/export_lx_msgs__rosidl_typesupport_fastrtps_cExport-noconfig.cmake
[5.916s] -- Up-to-date: /root/Lunar_ROADSTER/lr_ws/install/lx_msgs/share/lx_msgs/cmake/export_lx_msgs__rosidl_generator_cppExport.cmake
[5.916s] -- Up-to-date: /root/Lunar_ROADSTER/lr_ws/install/lx_msgs/share/lx_msgs/cmake/export_lx_msgs__rosidl_typesupport_fastrtps_cppExport.cmake
[5.916s] -- Up-to-date: /root/Lunar_ROADSTER/lr_ws/install/lx_msgs/share/lx_msgs/cmake/export_lx_msgs__rosidl_typesupport_fastrtps_cppExport-noconfig.cmake
[5.917s] -- Up-to-date: /root/Lunar_ROADSTER/lr_ws/install/lx_msgs/share/lx_msgs/cmake/lx_msgs__rosidl_typesupport_introspection_cExport.cmake
[5.917s] -- Up-to-date: /root/Lunar_ROADSTER/lr_ws/install/lx_msgs/share/lx_msgs/cmake/lx_msgs__rosidl_typesupport_introspection_cExport-noconfig.cmake
[5.917s] -- Up-to-date: /root/Lunar_ROADSTER/lr_ws/install/lx_msgs/share/lx_msgs/cmake/lx_msgs__rosidl_typesupport_cExport.cmake
[5.917s] -- Up-to-date: /root/Lunar_ROADSTER/lr_ws/install/lx_msgs/share/lx_msgs/cmake/lx_msgs__rosidl_typesupport_cExport-noconfig.cmake
[5.918s] -- Up-to-date: /root/Lunar_ROADSTER/lr_ws/install/lx_msgs/share/lx_msgs/cmake/lx_msgs__rosidl_typesupport_introspection_cppExport.cmake
[5.918s] -- Up-to-date: /root/Lunar_ROADSTER/lr_ws/install/lx_msgs/share/lx_msgs/cmake/lx_msgs__rosidl_typesupport_introspection_cppExport-noconfig.cmake
[5.918s] -- Up-to-date: /root/Lunar_ROADSTER/lr_ws/install/lx_msgs/share/lx_msgs/cmake/lx_msgs__rosidl_typesupport_cppExport.cmake
[5.919s] -- Up-to-date: /root/Lunar_ROADSTER/lr_ws/install/lx_msgs/share/lx_msgs/cmake/lx_msgs__rosidl_typesupport_cppExport-noconfig.cmake
[5.919s] -- Up-to-date: /root/Lunar_ROADSTER/lr_ws/install/lx_msgs/share/lx_msgs/cmake/export_lx_msgs__rosidl_generator_pyExport.cmake
[5.919s] -- Up-to-date: /root/Lunar_ROADSTER/lr_ws/install/lx_msgs/share/lx_msgs/cmake/export_lx_msgs__rosidl_generator_pyExport-noconfig.cmake
[5.919s] -- Up-to-date: /root/Lunar_ROADSTER/lr_ws/install/lx_msgs/share/lx_msgs/cmake/rosidl_cmake-extras.cmake
[5.919s] -- Up-to-date: /root/Lunar_ROADSTER/lr_ws/install/lx_msgs/share/lx_msgs/cmake/ament_cmake_export_dependencies-extras.cmake
[5.920s] -- Up-to-date: /root/Lunar_ROADSTER/lr_ws/install/lx_msgs/share/lx_msgs/cmake/ament_cmake_export_include_directories-extras.cmake
[5.920s] -- Up-to-date: /root/Lunar_ROADSTER/lr_ws/install/lx_msgs/share/lx_msgs/cmake/ament_cmake_export_libraries-extras.cmake
[5.920s] -- Up-to-date: /root/Lunar_ROADSTER/lr_ws/install/lx_msgs/share/lx_msgs/cmake/ament_cmake_export_targets-extras.cmake
[5.920s] -- Up-to-date: /root/Lunar_ROADSTER/lr_ws/install/lx_msgs/share/lx_msgs/cmake/rosidl_cmake_export_typesupport_targets-extras.cmake
[5.921s] -- Up-to-date: /root/Lunar_ROADSTER/lr_ws/install/lx_msgs/share/lx_msgs/cmake/rosidl_cmake_export_typesupport_libraries-extras.cmake
[5.921s] -- Up-to-date: /root/Lunar_ROADSTER/lr_ws/install/lx_msgs/share/lx_msgs/cmake/lx_msgsConfig.cmake
[5.921s] -- Up-to-date: /root/Lunar_ROADSTER/lr_ws/install/lx_msgs/share/lx_msgs/cmake/lx_msgsConfig-version.cmake
[5.921s] -- Up-to-date: /root/Lunar_ROADSTER/lr_ws/install/lx_msgs/share/lx_msgs/package.xml
[6.011s] Invoked command in '/root/Lunar_ROADSTER/lr_ws/build/lx_msgs' returned '0': CMAKE_PREFIX_PATH=${CMAKE_PREFIX_PATH}:/root/Lunar_ROADSTER/lr_ws/install/nav2_simple_commander:/opt/ros/humble /usr/local/bin/cmake --install /root/Lunar_ROADSTER/lr_ws/build/lx_msgs
