[0.028s] Invoking command in '/home/williamfbx/Lunar-ROADSTER/lr_ws/build/cg_msgs': CMAKE_PREFIX_PATH=/opt/ros/humble /usr/bin/cmake /home/williamfbx/Lunar-ROADSTER/lr_ws/src/cg_msgs -DCMAKE_INSTALL_PREFIX=/home/williamfbx/Lunar-ROADSTER/lr_ws/install/cg_msgs
[0.129s] -- The C compiler identification is GNU 11.4.0
[0.202s] -- The CXX compiler identification is GNU 11.4.0
[0.211s] -- Detecting C compiler ABI info
[0.279s] -- Detecting C compiler ABI info - done
[0.288s] -- Check for working C compiler: /usr/bin/cc - skipped
[0.289s] -- Detecting C compile features
[0.289s] -- Detecting C compile features - done
[0.293s] -- Detecting CXX compiler ABI info
[0.371s] -- Detecting CXX compiler ABI info - done
[0.380s] -- Check for working CXX compiler: /usr/bin/c++ - skipped
[0.380s] -- Detecting CXX compile features
[0.381s] -- Detecting CXX compile features - done
[0.384s] -- Found rosidl_cmake: 3.1.6 (/opt/ros/humble/share/rosidl_cmake/cmake)
[0.386s] -- Found rosidl_adapter: 3.1.6 (/opt/ros/humble/share/rosidl_adapter/cmake)
[0.391s] -- Found builtin_interfaces: 1.2.1 (/opt/ros/humble/share/builtin_interfaces/cmake)
[0.519s] -- Found Python3: /usr/bin/python3 (found version "3.10.12") found components: Interpreter 
[0.615s] -- Found rosidl_generator_c: 3.1.6 (/opt/ros/humble/share/rosidl_generator_c/cmake)
[0.621s] -- Found rosidl_generator_cpp: 3.1.6 (/opt/ros/humble/share/rosidl_generator_cpp/cmake)
[0.634s] -- Using all available rosidl_typesupport_c: rosidl_typesupport_fastrtps_c;rosidl_typesupport_introspection_c
[0.653s] -- Using all available rosidl_typesupport_cpp: rosidl_typesupport_fastrtps_cpp;rosidl_typesupport_introspection_cpp
[0.671s] -- Found rosidl_default_generators: 1.2.0 (/opt/ros/humble/share/rosidl_default_generators/cmake)
[0.682s] -- Found std_msgs: 4.2.4 (/opt/ros/humble/share/std_msgs/cmake)
[0.949s] -- Found ament_cmake_ros: 0.10.0 (/opt/ros/humble/share/ament_cmake_ros/cmake)
[1.222s] -- Using all available rosidl_typesupport_c: rosidl_typesupport_fastrtps_c;rosidl_typesupport_introspection_c
[1.325s] -- Using all available rosidl_typesupport_cpp: rosidl_typesupport_fastrtps_cpp;rosidl_typesupport_introspection_cpp
[1.343s] -- Found PythonInterp: /usr/bin/python3 (found suitable version "3.10.12", minimum required is "3.6") 
[1.344s] -- Found python_cmake_module: 0.10.0 (/opt/ros/humble/share/python_cmake_module/cmake)
[1.362s] -- Found PythonLibs: /usr/lib/x86_64-linux-gnu/libpython3.10.so (found suitable version "3.10.12", minimum required is "3.5") 
[1.362s] -- Using PYTHON_EXECUTABLE: /usr/bin/python3
[1.362s] -- Using PYTHON_INCLUDE_DIRS: /usr/include/python3.10
[1.363s] -- Using PYTHON_LIBRARIES: /usr/lib/x86_64-linux-gnu/libpython3.10.so
[1.377s] -- Found PythonExtra: .so  
[1.423s] -- Found ament_lint_auto: 0.12.11 (/opt/ros/humble/share/ament_lint_auto/cmake)
[1.440s] -- Added test 'copyright' to check source files copyright and LICENSE
[1.442s] -- Added test 'lint_cmake' to check CMake code style
[1.442s] -- Added test 'xmllint' to check XML markup files
[1.444s] -- Configuring done
[1.486s] -- Generating done
[1.498s] -- Build files have been written to: /home/williamfbx/Lunar-ROADSTER/lr_ws/build/cg_msgs
[1.503s] Invoked command in '/home/williamfbx/Lunar-ROADSTER/lr_ws/build/cg_msgs' returned '0': CMAKE_PREFIX_PATH=/opt/ros/humble /usr/bin/cmake /home/williamfbx/Lunar-ROADSTER/lr_ws/src/cg_msgs -DCMAKE_INSTALL_PREFIX=/home/williamfbx/Lunar-ROADSTER/lr_ws/install/cg_msgs
[1.504s] Invoking command in '/home/williamfbx/Lunar-ROADSTER/lr_ws/build/cg_msgs': CMAKE_PREFIX_PATH=/opt/ros/humble /usr/bin/cmake --build /home/williamfbx/Lunar-ROADSTER/lr_ws/build/cg_msgs -- -j12 -l12
[1.545s] [  1%] [34m[1mGenerating C code for ROS interfaces[0m
[1.547s] [  1%] [34m[1mGenerating C++ code for ROS interfaces[0m
[1.553s] [  1%] Built target ament_cmake_python_copy_cg_msgs
[1.789s] running egg_info
[1.790s] creating cg_msgs.egg-info
[1.790s] writing cg_msgs.egg-info/PKG-INFO
[1.790s] writing dependency_links to cg_msgs.egg-info/dependency_links.txt
[1.790s] writing top-level names to cg_msgs.egg-info/top_level.txt
[1.790s] writing manifest file 'cg_msgs.egg-info/SOURCES.txt'
[1.792s] reading manifest file 'cg_msgs.egg-info/SOURCES.txt'
[1.792s] writing manifest file 'cg_msgs.egg-info/SOURCES.txt'
[1.830s] [  1%] Built target ament_cmake_python_build_cg_msgs_egg
[3.268s] [  1%] [32mBuilding C object CMakeFiles/cg_msgs__rosidl_generator_c.dir/rosidl_generator_c/cg_msgs/msg/detail/actuator_command__functions.c.o[0m
[3.282s] [  2%] [32mBuilding C object CMakeFiles/cg_msgs__rosidl_generator_c.dir/rosidl_generator_c/cg_msgs/msg/detail/beacon_tag__functions.c.o[0m
[3.282s] [  3%] [32mBuilding C object CMakeFiles/cg_msgs__rosidl_generator_c.dir/rosidl_generator_c/cg_msgs/msg/detail/beacon_multi_tag__functions.c.o[0m
[3.295s] [  3%] [32mBuilding C object CMakeFiles/cg_msgs__rosidl_generator_c.dir/rosidl_generator_c/cg_msgs/msg/detail/encoder_telemetry__functions.c.o[0m
[3.300s] [  3%] [32mBuilding C object CMakeFiles/cg_msgs__rosidl_generator_c.dir/rosidl_generator_c/cg_msgs/msg/detail/slip__functions.c.o[0m
[3.304s] [  4%] [32mBuilding C object CMakeFiles/cg_msgs__rosidl_generator_c.dir/rosidl_generator_c/cg_msgs/msg/detail/point2_d__functions.c.o[0m
[3.315s] [  5%] [32mBuilding C object CMakeFiles/cg_msgs__rosidl_generator_c.dir/rosidl_generator_c/cg_msgs/msg/detail/mux_mode__functions.c.o[0m
[3.316s] [  6%] [32mBuilding C object CMakeFiles/cg_msgs__rosidl_generator_c.dir/rosidl_generator_c/cg_msgs/msg/detail/actuator_state__functions.c.o[0m
[3.317s] [  6%] Built target cg_msgs__cpp
[3.324s] [  7%] [32mBuilding C object CMakeFiles/cg_msgs__rosidl_generator_c.dir/rosidl_generator_c/cg_msgs/msg/detail/pose2_d__functions.c.o[0m
[3.325s] [  8%] [32mBuilding C object CMakeFiles/cg_msgs__rosidl_generator_c.dir/rosidl_generator_c/cg_msgs/msg/detail/site_map__functions.c.o[0m
[3.329s] [  8%] [32mBuilding C object CMakeFiles/cg_msgs__rosidl_generator_c.dir/rosidl_generator_c/cg_msgs/msg/detail/trajectory__functions.c.o[0m
[3.347s] [  9%] [32mBuilding C object CMakeFiles/cg_msgs__rosidl_generator_c.dir/rosidl_generator_c/cg_msgs/srv/detail/site_map__functions.c.o[0m
[3.397s] [ 10%] [32mBuilding C object CMakeFiles/cg_msgs__rosidl_generator_c.dir/rosidl_generator_c/cg_msgs/srv/detail/update_trajectory__functions.c.o[0m
[3.420s] [ 11%] [34m[1mGenerating C++ type support dispatch for ROS interfaces[0m
[3.423s] [ 11%] [32mBuilding C object CMakeFiles/cg_msgs__rosidl_generator_c.dir/rosidl_generator_c/cg_msgs/srv/detail/enable_worksystem__functions.c.o[0m
[3.424s] [ 12%] [32mBuilding C object CMakeFiles/cg_msgs__rosidl_generator_c.dir/rosidl_generator_c/cg_msgs/srv/detail/save_map__functions.c.o[0m
[3.445s] [ 13%] [34m[1mGenerating C++ type support for eProsima Fast-RTPS[0m
[3.449s] [ 13%] [34m[1mGenerating C++ introspection for ROS interfaces[0m
[3.558s] [ 14%] [32m[1mLinking C shared library libcg_msgs__rosidl_generator_c.so[0m
[3.659s] [ 14%] Built target cg_msgs__rosidl_generator_c
[3.678s] [ 15%] [34m[1mGenerating C type support for eProsima Fast-RTPS[0m
[3.683s] [ 16%] [34m[1mGenerating C introspection for ROS interfaces[0m
[3.685s] [ 17%] [34m[1mGenerating C type support dispatch for ROS interfaces[0m
[4.766s] [ 18%] [32mBuilding CXX object CMakeFiles/cg_msgs__rosidl_typesupport_c.dir/rosidl_typesupport_c/cg_msgs/msg/beacon_tag__type_support.cpp.o[0m
[4.767s] [ 18%] [32mBuilding CXX object CMakeFiles/cg_msgs__rosidl_typesupport_c.dir/rosidl_typesupport_c/cg_msgs/msg/actuator_command__type_support.cpp.o[0m
[4.780s] [ 18%] [32mBuilding CXX object CMakeFiles/cg_msgs__rosidl_typesupport_c.dir/rosidl_typesupport_c/cg_msgs/msg/encoder_telemetry__type_support.cpp.o[0m
[4.780s] [ 19%] [32mBuilding CXX object CMakeFiles/cg_msgs__rosidl_typesupport_c.dir/rosidl_typesupport_c/cg_msgs/msg/beacon_multi_tag__type_support.cpp.o[0m
[4.784s] [ 20%] [32mBuilding CXX object CMakeFiles/cg_msgs__rosidl_typesupport_c.dir/rosidl_typesupport_c/cg_msgs/msg/slip__type_support.cpp.o[0m
[4.787s] [ 21%] [32mBuilding CXX object CMakeFiles/cg_msgs__rosidl_typesupport_c.dir/rosidl_typesupport_c/cg_msgs/msg/pose2_d__type_support.cpp.o[0m
[4.793s] [ 22%] [32mBuilding CXX object CMakeFiles/cg_msgs__rosidl_typesupport_c.dir/rosidl_typesupport_c/cg_msgs/msg/point2_d__type_support.cpp.o[0m
[4.840s] [ 22%] [32mBuilding CXX object CMakeFiles/cg_msgs__rosidl_typesupport_c.dir/rosidl_typesupport_c/cg_msgs/msg/mux_mode__type_support.cpp.o[0m
[4.863s] [ 23%] [32mBuilding CXX object CMakeFiles/cg_msgs__rosidl_typesupport_c.dir/rosidl_typesupport_c/cg_msgs/msg/actuator_state__type_support.cpp.o[0m
[4.869s] [ 24%] [32mBuilding CXX object CMakeFiles/cg_msgs__rosidl_typesupport_c.dir/rosidl_typesupport_c/cg_msgs/msg/site_map__type_support.cpp.o[0m
[4.874s] [ 24%] [32mBuilding CXX object CMakeFiles/cg_msgs__rosidl_typesupport_c.dir/rosidl_typesupport_c/cg_msgs/msg/trajectory__type_support.cpp.o[0m
[4.883s] [ 25%] [32mBuilding CXX object CMakeFiles/cg_msgs__rosidl_typesupport_c.dir/rosidl_typesupport_c/cg_msgs/srv/update_trajectory__type_support.cpp.o[0m
[4.885s] [ 26%] [32mBuilding CXX object CMakeFiles/cg_msgs__rosidl_typesupport_c.dir/rosidl_typesupport_c/cg_msgs/srv/site_map__type_support.cpp.o[0m
[4.905s] [ 26%] [32mBuilding CXX object CMakeFiles/cg_msgs__rosidl_typesupport_c.dir/rosidl_typesupport_c/cg_msgs/srv/enable_worksystem__type_support.cpp.o[0m
[4.906s] [ 27%] [32mBuilding CXX object CMakeFiles/cg_msgs__rosidl_typesupport_c.dir/rosidl_typesupport_c/cg_msgs/srv/save_map__type_support.cpp.o[0m
[5.004s] [ 28%] [32m[1mLinking CXX shared library libcg_msgs__rosidl_typesupport_c.so[0m
[5.103s] [ 28%] Built target cg_msgs__rosidl_typesupport_c
[5.603s] [ 29%] [32mBuilding CXX object CMakeFiles/cg_msgs__rosidl_typesupport_fastrtps_c.dir/rosidl_typesupport_fastrtps_c/cg_msgs/msg/detail/actuator_command__type_support_c.cpp.o[0m
[5.608s] [ 29%] [32mBuilding CXX object CMakeFiles/cg_msgs__rosidl_typesupport_fastrtps_c.dir/rosidl_typesupport_fastrtps_c/cg_msgs/msg/detail/beacon_tag__type_support_c.cpp.o[0m
[5.621s] [ 30%] [32mBuilding CXX object CMakeFiles/cg_msgs__rosidl_typesupport_fastrtps_c.dir/rosidl_typesupport_fastrtps_c/cg_msgs/msg/detail/beacon_multi_tag__type_support_c.cpp.o[0m
[5.629s] [ 31%] [32mBuilding CXX object CMakeFiles/cg_msgs__rosidl_typesupport_fastrtps_c.dir/rosidl_typesupport_fastrtps_c/cg_msgs/msg/detail/encoder_telemetry__type_support_c.cpp.o[0m
[5.643s] [ 31%] [32mBuilding CXX object CMakeFiles/cg_msgs__rosidl_typesupport_fastrtps_c.dir/rosidl_typesupport_fastrtps_c/cg_msgs/msg/detail/point2_d__type_support_c.cpp.o[0m
[5.651s] [ 32%] [32mBuilding CXX object CMakeFiles/cg_msgs__rosidl_typesupport_fastrtps_c.dir/rosidl_typesupport_fastrtps_c/cg_msgs/msg/detail/pose2_d__type_support_c.cpp.o[0m
[5.670s] [ 33%] [32mBuilding CXX object CMakeFiles/cg_msgs__rosidl_typesupport_fastrtps_c.dir/rosidl_typesupport_fastrtps_c/cg_msgs/msg/detail/slip__type_support_c.cpp.o[0m
[5.675s] [ 33%] [32mBuilding CXX object CMakeFiles/cg_msgs__rosidl_typesupport_fastrtps_c.dir/rosidl_typesupport_fastrtps_c/cg_msgs/msg/detail/mux_mode__type_support_c.cpp.o[0m
[5.679s] [ 34%] [32mBuilding CXX object CMakeFiles/cg_msgs__rosidl_typesupport_fastrtps_cpp.dir/rosidl_typesupport_fastrtps_cpp/cg_msgs/msg/detail/dds_fastrtps/actuator_command__type_support.cpp.o[0m
[5.690s] [ 35%] [32mBuilding CXX object CMakeFiles/cg_msgs__rosidl_typesupport_cpp.dir/rosidl_typesupport_cpp/cg_msgs/msg/actuator_command__type_support.cpp.o[0m
[6.173s] [ 36%] [32mBuilding CXX object CMakeFiles/cg_msgs__rosidl_typesupport_fastrtps_cpp.dir/rosidl_typesupport_fastrtps_cpp/cg_msgs/msg/detail/dds_fastrtps/beacon_tag__type_support.cpp.o[0m
[6.440s] [ 37%] [32mBuilding CXX object CMakeFiles/cg_msgs__rosidl_typesupport_introspection_cpp.dir/rosidl_typesupport_introspection_cpp/cg_msgs/msg/detail/actuator_command__type_support.cpp.o[0m
[6.579s] [ 37%] [32mBuilding CXX object CMakeFiles/cg_msgs__rosidl_typesupport_cpp.dir/rosidl_typesupport_cpp/cg_msgs/msg/beacon_tag__type_support.cpp.o[0m
[6.631s] [ 38%] [32mBuilding C object CMakeFiles/cg_msgs__rosidl_typesupport_introspection_c.dir/rosidl_typesupport_introspection_c/cg_msgs/msg/detail/actuator_command__type_support.c.o[0m
[6.705s] [ 38%] [32mBuilding C object CMakeFiles/cg_msgs__rosidl_typesupport_introspection_c.dir/rosidl_typesupport_introspection_c/cg_msgs/msg/detail/beacon_tag__type_support.c.o[0m
[6.707s] [ 38%] [32mBuilding CXX object CMakeFiles/cg_msgs__rosidl_typesupport_fastrtps_cpp.dir/rosidl_typesupport_fastrtps_cpp/cg_msgs/msg/detail/dds_fastrtps/beacon_multi_tag__type_support.cpp.o[0m
[6.743s] [ 39%] [32mBuilding CXX object CMakeFiles/cg_msgs__rosidl_typesupport_fastrtps_c.dir/rosidl_typesupport_fastrtps_c/cg_msgs/msg/detail/actuator_state__type_support_c.cpp.o[0m
[6.754s] [ 40%] [32mBuilding CXX object CMakeFiles/cg_msgs__rosidl_typesupport_fastrtps_cpp.dir/rosidl_typesupport_fastrtps_cpp/cg_msgs/msg/detail/dds_fastrtps/encoder_telemetry__type_support.cpp.o[0m
[6.764s] [ 41%] [32mBuilding CXX object CMakeFiles/cg_msgs__rosidl_typesupport_fastrtps_c.dir/rosidl_typesupport_fastrtps_c/cg_msgs/msg/detail/site_map__type_support_c.cpp.o[0m
[6.798s] [ 42%] [32mBuilding C object CMakeFiles/cg_msgs__rosidl_typesupport_introspection_c.dir/rosidl_typesupport_introspection_c/cg_msgs/msg/detail/beacon_multi_tag__type_support.c.o[0m
[6.905s] [ 43%] [32mBuilding C object CMakeFiles/cg_msgs__rosidl_typesupport_introspection_c.dir/rosidl_typesupport_introspection_c/cg_msgs/msg/detail/encoder_telemetry__type_support.c.o[0m
[6.916s] [ 44%] [32mBuilding C object CMakeFiles/cg_msgs__rosidl_typesupport_introspection_c.dir/rosidl_typesupport_introspection_c/cg_msgs/msg/detail/point2_d__type_support.c.o[0m
[6.971s] [ 45%] [32mBuilding CXX object CMakeFiles/cg_msgs__rosidl_typesupport_fastrtps_cpp.dir/rosidl_typesupport_fastrtps_cpp/cg_msgs/msg/detail/dds_fastrtps/point2_d__type_support.cpp.o[0m
[6.990s] [ 45%] [32mBuilding CXX object CMakeFiles/cg_msgs__rosidl_typesupport_introspection_cpp.dir/rosidl_typesupport_introspection_cpp/cg_msgs/msg/detail/beacon_multi_tag__type_support.cpp.o[0m
[6.994s] [ 46%] [32mBuilding CXX object CMakeFiles/cg_msgs__rosidl_typesupport_introspection_cpp.dir/rosidl_typesupport_introspection_cpp/cg_msgs/msg/detail/beacon_tag__type_support.cpp.o[0m
[7.013s] [ 47%] [32mBuilding CXX object CMakeFiles/cg_msgs__rosidl_typesupport_cpp.dir/rosidl_typesupport_cpp/cg_msgs/msg/beacon_multi_tag__type_support.cpp.o[0m
[7.026s] [ 47%] [32mBuilding C object CMakeFiles/cg_msgs__rosidl_typesupport_introspection_c.dir/rosidl_typesupport_introspection_c/cg_msgs/msg/detail/pose2_d__type_support.c.o[0m
[7.065s] [ 48%] [32mBuilding CXX object CMakeFiles/cg_msgs__rosidl_typesupport_cpp.dir/rosidl_typesupport_cpp/cg_msgs/msg/encoder_telemetry__type_support.cpp.o[0m
[7.133s] [ 49%] [32mBuilding C object CMakeFiles/cg_msgs__rosidl_typesupport_introspection_c.dir/rosidl_typesupport_introspection_c/cg_msgs/msg/detail/slip__type_support.c.o[0m
[7.134s] [ 49%] [32mBuilding CXX object CMakeFiles/cg_msgs__rosidl_typesupport_cpp.dir/rosidl_typesupport_cpp/cg_msgs/msg/point2_d__type_support.cpp.o[0m
[7.136s] [ 50%] [32mBuilding C object CMakeFiles/cg_msgs__rosidl_typesupport_introspection_c.dir/rosidl_typesupport_introspection_c/cg_msgs/msg/detail/mux_mode__type_support.c.o[0m
[7.170s] [ 51%] [32mBuilding CXX object CMakeFiles/cg_msgs__rosidl_typesupport_fastrtps_c.dir/rosidl_typesupport_fastrtps_c/cg_msgs/msg/detail/trajectory__type_support_c.cpp.o[0m
[7.202s] [ 51%] [32mBuilding CXX object CMakeFiles/cg_msgs__rosidl_typesupport_fastrtps_cpp.dir/rosidl_typesupport_fastrtps_cpp/cg_msgs/msg/detail/dds_fastrtps/pose2_d__type_support.cpp.o[0m
[7.207s] [ 51%] [32mBuilding C object CMakeFiles/cg_msgs__rosidl_typesupport_introspection_c.dir/rosidl_typesupport_introspection_c/cg_msgs/msg/detail/actuator_state__type_support.c.o[0m
[7.283s] [ 52%] [32mBuilding C object CMakeFiles/cg_msgs__rosidl_typesupport_introspection_c.dir/rosidl_typesupport_introspection_c/cg_msgs/msg/detail/site_map__type_support.c.o[0m
[7.359s] [ 53%] [32mBuilding C object CMakeFiles/cg_msgs__rosidl_typesupport_introspection_c.dir/rosidl_typesupport_introspection_c/cg_msgs/msg/detail/trajectory__type_support.c.o[0m
[7.380s] [ 53%] [32mBuilding CXX object CMakeFiles/cg_msgs__rosidl_typesupport_fastrtps_c.dir/rosidl_typesupport_fastrtps_c/cg_msgs/srv/detail/site_map__type_support_c.cpp.o[0m
[7.459s] [ 53%] [32mBuilding C object CMakeFiles/cg_msgs__rosidl_typesupport_introspection_c.dir/rosidl_typesupport_introspection_c/cg_msgs/srv/detail/site_map__type_support.c.o[0m
[7.547s] [ 54%] [32mBuilding C object CMakeFiles/cg_msgs__rosidl_typesupport_introspection_c.dir/rosidl_typesupport_introspection_c/cg_msgs/srv/detail/update_trajectory__type_support.c.o[0m
[7.625s] [ 55%] [32mBuilding C object CMakeFiles/cg_msgs__rosidl_typesupport_introspection_c.dir/rosidl_typesupport_introspection_c/cg_msgs/srv/detail/enable_worksystem__type_support.c.o[0m
[7.708s] [ 56%] [32mBuilding CXX object CMakeFiles/cg_msgs__rosidl_typesupport_introspection_cpp.dir/rosidl_typesupport_introspection_cpp/cg_msgs/msg/detail/encoder_telemetry__type_support.cpp.o[0m
[7.711s] [ 57%] [32mBuilding C object CMakeFiles/cg_msgs__rosidl_typesupport_introspection_c.dir/rosidl_typesupport_introspection_c/cg_msgs/srv/detail/save_map__type_support.c.o[0m
[7.856s] [ 57%] [32m[1mLinking C shared library libcg_msgs__rosidl_typesupport_introspection_c.so[0m
[7.953s] [ 58%] [32mBuilding CXX object CMakeFiles/cg_msgs__rosidl_typesupport_fastrtps_cpp.dir/rosidl_typesupport_fastrtps_cpp/cg_msgs/msg/detail/dds_fastrtps/slip__type_support.cpp.o[0m
[7.963s] [ 58%] Built target cg_msgs__rosidl_typesupport_introspection_c
[7.997s] [ 59%] [32mBuilding CXX object CMakeFiles/cg_msgs__rosidl_typesupport_fastrtps_cpp.dir/rosidl_typesupport_fastrtps_cpp/cg_msgs/msg/detail/dds_fastrtps/mux_mode__type_support.cpp.o[0m
[8.059s] [ 59%] [32mBuilding CXX object CMakeFiles/cg_msgs__rosidl_typesupport_fastrtps_cpp.dir/rosidl_typesupport_fastrtps_cpp/cg_msgs/msg/detail/dds_fastrtps/actuator_state__type_support.cpp.o[0m
[8.060s] [ 60%] [32mBuilding CXX object CMakeFiles/cg_msgs__rosidl_typesupport_fastrtps_c.dir/rosidl_typesupport_fastrtps_c/cg_msgs/srv/detail/update_trajectory__type_support_c.cpp.o[0m
[8.082s] [ 61%] [32mBuilding CXX object CMakeFiles/cg_msgs__rosidl_typesupport_fastrtps_c.dir/rosidl_typesupport_fastrtps_c/cg_msgs/srv/detail/enable_worksystem__type_support_c.cpp.o[0m
[8.111s] [ 62%] [32mBuilding CXX object CMakeFiles/cg_msgs__rosidl_typesupport_fastrtps_cpp.dir/rosidl_typesupport_fastrtps_cpp/cg_msgs/msg/detail/dds_fastrtps/site_map__type_support.cpp.o[0m
[8.139s] [ 62%] [32mBuilding CXX object CMakeFiles/cg_msgs__rosidl_typesupport_fastrtps_c.dir/rosidl_typesupport_fastrtps_c/cg_msgs/srv/detail/save_map__type_support_c.cpp.o[0m
[8.187s] [ 63%] [32mBuilding CXX object CMakeFiles/cg_msgs__rosidl_typesupport_cpp.dir/rosidl_typesupport_cpp/cg_msgs/msg/pose2_d__type_support.cpp.o[0m
[8.340s] [ 64%] [32mBuilding CXX object CMakeFiles/cg_msgs__rosidl_typesupport_introspection_cpp.dir/rosidl_typesupport_introspection_cpp/cg_msgs/msg/detail/point2_d__type_support.cpp.o[0m
[8.401s] [ 65%] [32mBuilding CXX object CMakeFiles/cg_msgs__rosidl_typesupport_introspection_cpp.dir/rosidl_typesupport_introspection_cpp/cg_msgs/msg/detail/pose2_d__type_support.cpp.o[0m
[8.535s] [ 66%] [32mBuilding CXX object CMakeFiles/cg_msgs__rosidl_typesupport_cpp.dir/rosidl_typesupport_cpp/cg_msgs/msg/slip__type_support.cpp.o[0m
[8.832s] [ 66%] [32mBuilding CXX object CMakeFiles/cg_msgs__rosidl_typesupport_introspection_cpp.dir/rosidl_typesupport_introspection_cpp/cg_msgs/msg/detail/slip__type_support.cpp.o[0m
[8.860s] [ 67%] [32mBuilding CXX object CMakeFiles/cg_msgs__rosidl_typesupport_introspection_cpp.dir/rosidl_typesupport_introspection_cpp/cg_msgs/msg/detail/mux_mode__type_support.cpp.o[0m
[9.114s] [ 68%] [32mBuilding CXX object CMakeFiles/cg_msgs__rosidl_typesupport_fastrtps_cpp.dir/rosidl_typesupport_fastrtps_cpp/cg_msgs/msg/detail/dds_fastrtps/trajectory__type_support.cpp.o[0m
[9.217s] [ 69%] [32mBuilding CXX object CMakeFiles/cg_msgs__rosidl_typesupport_fastrtps_cpp.dir/rosidl_typesupport_fastrtps_cpp/cg_msgs/srv/detail/dds_fastrtps/site_map__type_support.cpp.o[0m
[9.365s] [ 70%] [32mBuilding CXX object CMakeFiles/cg_msgs__rosidl_typesupport_cpp.dir/rosidl_typesupport_cpp/cg_msgs/msg/mux_mode__type_support.cpp.o[0m
[9.423s] [ 71%] [32mBuilding CXX object CMakeFiles/cg_msgs__rosidl_typesupport_introspection_cpp.dir/rosidl_typesupport_introspection_cpp/cg_msgs/msg/detail/actuator_state__type_support.cpp.o[0m
[9.439s] [ 71%] [32mBuilding CXX object CMakeFiles/cg_msgs__rosidl_typesupport_fastrtps_cpp.dir/rosidl_typesupport_fastrtps_cpp/cg_msgs/srv/detail/dds_fastrtps/update_trajectory__type_support.cpp.o[0m
[9.459s] [ 71%] [32mBuilding CXX object CMakeFiles/cg_msgs__rosidl_typesupport_cpp.dir/rosidl_typesupport_cpp/cg_msgs/msg/actuator_state__type_support.cpp.o[0m
[9.529s] [ 72%] [32mBuilding CXX object CMakeFiles/cg_msgs__rosidl_typesupport_cpp.dir/rosidl_typesupport_cpp/cg_msgs/msg/site_map__type_support.cpp.o[0m
[9.582s] [ 73%] [32mBuilding CXX object CMakeFiles/cg_msgs__rosidl_typesupport_cpp.dir/rosidl_typesupport_cpp/cg_msgs/msg/trajectory__type_support.cpp.o[0m
[9.696s] [ 74%] [32m[1mLinking CXX shared library libcg_msgs__rosidl_typesupport_fastrtps_c.so[0m
[9.971s] [ 74%] [32mBuilding CXX object CMakeFiles/cg_msgs__rosidl_typesupport_cpp.dir/rosidl_typesupport_cpp/cg_msgs/srv/site_map__type_support.cpp.o[0m
[9.974s] [ 75%] [32mBuilding CXX object CMakeFiles/cg_msgs__rosidl_typesupport_cpp.dir/rosidl_typesupport_cpp/cg_msgs/srv/update_trajectory__type_support.cpp.o[0m
[10.034s] [ 75%] Built target cg_msgs__rosidl_typesupport_fastrtps_c
[10.046s] [ 76%] [32mBuilding CXX object CMakeFiles/cg_msgs__rosidl_typesupport_cpp.dir/rosidl_typesupport_cpp/cg_msgs/srv/enable_worksystem__type_support.cpp.o[0m
[10.052s] [ 77%] [32mBuilding CXX object CMakeFiles/cg_msgs__rosidl_typesupport_fastrtps_cpp.dir/rosidl_typesupport_fastrtps_cpp/cg_msgs/srv/detail/dds_fastrtps/enable_worksystem__type_support.cpp.o[0m
[10.277s] [ 77%] [32mBuilding CXX object CMakeFiles/cg_msgs__rosidl_typesupport_introspection_cpp.dir/rosidl_typesupport_introspection_cpp/cg_msgs/msg/detail/site_map__type_support.cpp.o[0m
[10.427s] [ 78%] [32mBuilding CXX object CMakeFiles/cg_msgs__rosidl_typesupport_fastrtps_cpp.dir/rosidl_typesupport_fastrtps_cpp/cg_msgs/srv/detail/dds_fastrtps/save_map__type_support.cpp.o[0m
[10.545s] [ 78%] [32mBuilding CXX object CMakeFiles/cg_msgs__rosidl_typesupport_cpp.dir/rosidl_typesupport_cpp/cg_msgs/srv/save_map__type_support.cpp.o[0m
[10.705s] [ 79%] [32mBuilding CXX object CMakeFiles/cg_msgs__rosidl_typesupport_introspection_cpp.dir/rosidl_typesupport_introspection_cpp/cg_msgs/msg/detail/trajectory__type_support.cpp.o[0m
[10.782s] [ 80%] [32mBuilding CXX object CMakeFiles/cg_msgs__rosidl_typesupport_introspection_cpp.dir/rosidl_typesupport_introspection_cpp/cg_msgs/srv/detail/site_map__type_support.cpp.o[0m
[10.850s] [ 80%] [32mBuilding CXX object CMakeFiles/cg_msgs__rosidl_typesupport_introspection_cpp.dir/rosidl_typesupport_introspection_cpp/cg_msgs/srv/detail/update_trajectory__type_support.cpp.o[0m
[10.880s] [ 81%] [32mBuilding CXX object CMakeFiles/cg_msgs__rosidl_typesupport_introspection_cpp.dir/rosidl_typesupport_introspection_cpp/cg_msgs/srv/detail/enable_worksystem__type_support.cpp.o[0m
[10.947s] [ 82%] [32mBuilding CXX object CMakeFiles/cg_msgs__rosidl_typesupport_introspection_cpp.dir/rosidl_typesupport_introspection_cpp/cg_msgs/srv/detail/save_map__type_support.cpp.o[0m
[11.253s] [ 83%] [32m[1mLinking CXX shared library libcg_msgs__rosidl_typesupport_cpp.so[0m
[11.262s] [ 83%] [32m[1mLinking CXX shared library libcg_msgs__rosidl_typesupport_fastrtps_cpp.so[0m
[11.403s] [ 83%] Built target cg_msgs__rosidl_typesupport_cpp
[11.572s] [ 83%] Built target cg_msgs__rosidl_typesupport_fastrtps_cpp
[12.470s] [ 84%] [32m[1mLinking CXX shared library libcg_msgs__rosidl_typesupport_introspection_cpp.so[0m
[12.711s] [ 84%] Built target cg_msgs__rosidl_typesupport_introspection_cpp
[12.763s] [ 84%] Built target cg_msgs
[12.822s] [ 85%] [34m[1mGenerating Python code for ROS interfaces[0m
[15.285s] [ 85%] Built target cg_msgs__py
[15.308s] [ 86%] [32mBuilding C object CMakeFiles/cg_msgs__rosidl_generator_py.dir/rosidl_generator_py/cg_msgs/msg/_beacon_tag_s.c.o[0m
[15.310s] [ 87%] [32mBuilding C object CMakeFiles/cg_msgs__rosidl_generator_py.dir/rosidl_generator_py/cg_msgs/msg/_beacon_multi_tag_s.c.o[0m
[15.312s] [ 87%] [32mBuilding C object CMakeFiles/cg_msgs__rosidl_generator_py.dir/rosidl_generator_py/cg_msgs/msg/_actuator_command_s.c.o[0m
[15.320s] [ 88%] [32mBuilding C object CMakeFiles/cg_msgs__rosidl_generator_py.dir/rosidl_generator_py/cg_msgs/msg/_pose2_d_s.c.o[0m
[15.323s] [ 89%] [32mBuilding C object CMakeFiles/cg_msgs__rosidl_generator_py.dir/rosidl_generator_py/cg_msgs/msg/_encoder_telemetry_s.c.o[0m
[15.327s] [ 89%] [32mBuilding C object CMakeFiles/cg_msgs__rosidl_generator_py.dir/rosidl_generator_py/cg_msgs/msg/_point2_d_s.c.o[0m
[15.327s] [ 90%] [32mBuilding C object CMakeFiles/cg_msgs__rosidl_generator_py.dir/rosidl_generator_py/cg_msgs/msg/_slip_s.c.o[0m
[15.332s] [ 91%] [32mBuilding C object CMakeFiles/cg_msgs__rosidl_generator_py.dir/rosidl_generator_py/cg_msgs/msg/_site_map_s.c.o[0m
[15.336s] [ 92%] [32mBuilding C object CMakeFiles/cg_msgs__rosidl_generator_py.dir/rosidl_generator_py/cg_msgs/msg/_actuator_state_s.c.o[0m
[15.336s] [ 92%] [32mBuilding C object CMakeFiles/cg_msgs__rosidl_generator_py.dir/rosidl_generator_py/cg_msgs/msg/_trajectory_s.c.o[0m
[15.346s] [ 92%] [32mBuilding C object CMakeFiles/cg_msgs__rosidl_generator_py.dir/rosidl_generator_py/cg_msgs/msg/_mux_mode_s.c.o[0m
[15.352s] [ 93%] [32mBuilding C object CMakeFiles/cg_msgs__rosidl_generator_py.dir/rosidl_generator_py/cg_msgs/srv/_site_map_s.c.o[0m
[15.478s] [ 94%] [32mBuilding C object CMakeFiles/cg_msgs__rosidl_generator_py.dir/rosidl_generator_py/cg_msgs/srv/_update_trajectory_s.c.o[0m
[15.488s] [ 95%] [32mBuilding C object CMakeFiles/cg_msgs__rosidl_generator_py.dir/rosidl_generator_py/cg_msgs/srv/_enable_worksystem_s.c.o[0m
[15.503s] [ 95%] [32mBuilding C object CMakeFiles/cg_msgs__rosidl_generator_py.dir/rosidl_generator_py/cg_msgs/srv/_save_map_s.c.o[0m
[15.645s] [ 96%] [32m[1mLinking C shared library rosidl_generator_py/cg_msgs/libcg_msgs__rosidl_generator_py.so[0m
[15.693s] [ 96%] Built target cg_msgs__rosidl_generator_py
[15.721s] [ 98%] [32mBuilding C object CMakeFiles/cg_msgs__rosidl_typesupport_c__pyext.dir/rosidl_generator_py/cg_msgs/_cg_msgs_s.ep.rosidl_typesupport_c.c.o[0m
[15.721s] [ 98%] [32mBuilding C object CMakeFiles/cg_msgs__rosidl_typesupport_introspection_c__pyext.dir/rosidl_generator_py/cg_msgs/_cg_msgs_s.ep.rosidl_typesupport_introspection_c.c.o[0m
[15.721s] [ 99%] [32mBuilding C object CMakeFiles/cg_msgs__rosidl_typesupport_fastrtps_c__pyext.dir/rosidl_generator_py/cg_msgs/_cg_msgs_s.ep.rosidl_typesupport_fastrtps_c.c.o[0m
[15.883s] [100%] [32m[1mLinking C shared library rosidl_generator_py/cg_msgs/cg_msgs_s__rosidl_typesupport_introspection_c.cpython-310-x86_64-linux-gnu.so[0m
[15.887s] [100%] [32m[1mLinking C shared library rosidl_generator_py/cg_msgs/cg_msgs_s__rosidl_typesupport_fastrtps_c.cpython-310-x86_64-linux-gnu.so[0m
[15.890s] [100%] [32m[1mLinking C shared library rosidl_generator_py/cg_msgs/cg_msgs_s__rosidl_typesupport_c.cpython-310-x86_64-linux-gnu.so[0m
[15.931s] [100%] Built target cg_msgs__rosidl_typesupport_fastrtps_c__pyext
[15.932s] [100%] Built target cg_msgs__rosidl_typesupport_c__pyext
[15.932s] [100%] Built target cg_msgs__rosidl_typesupport_introspection_c__pyext
[15.947s] Invoked command in '/home/williamfbx/Lunar-ROADSTER/lr_ws/build/cg_msgs' returned '0': CMAKE_PREFIX_PATH=/opt/ros/humble /usr/bin/cmake --build /home/williamfbx/Lunar-ROADSTER/lr_ws/build/cg_msgs -- -j12 -l12
[15.949s] Invoking command in '/home/williamfbx/Lunar-ROADSTER/lr_ws/build/cg_msgs': CMAKE_PREFIX_PATH=/opt/ros/humble /usr/bin/cmake --install /home/williamfbx/Lunar-ROADSTER/lr_ws/build/cg_msgs
[15.959s] -- Install configuration: ""
[15.959s] -- Installing: /home/williamfbx/Lunar-ROADSTER/lr_ws/install/cg_msgs/share/ament_index/resource_index/rosidl_interfaces/cg_msgs
[15.959s] -- Installing: /home/williamfbx/Lunar-ROADSTER/lr_ws/install/cg_msgs/include/cg_msgs/cg_msgs
[15.960s] -- Installing: /home/williamfbx/Lunar-ROADSTER/lr_ws/install/cg_msgs/include/cg_msgs/cg_msgs/srv
[15.960s] -- Installing: /home/williamfbx/Lunar-ROADSTER/lr_ws/install/cg_msgs/include/cg_msgs/cg_msgs/srv/update_trajectory.h
[15.960s] -- Installing: /home/williamfbx/Lunar-ROADSTER/lr_ws/install/cg_msgs/include/cg_msgs/cg_msgs/srv/site_map.h
[15.960s] -- Installing: /home/williamfbx/Lunar-ROADSTER/lr_ws/install/cg_msgs/include/cg_msgs/cg_msgs/srv/detail
[15.960s] -- Installing: /home/williamfbx/Lunar-ROADSTER/lr_ws/install/cg_msgs/include/cg_msgs/cg_msgs/srv/detail/site_map__functions.h
[15.960s] -- Installing: /home/williamfbx/Lunar-ROADSTER/lr_ws/install/cg_msgs/include/cg_msgs/cg_msgs/srv/detail/site_map__functions.c
[15.960s] -- Installing: /home/williamfbx/Lunar-ROADSTER/lr_ws/install/cg_msgs/include/cg_msgs/cg_msgs/srv/detail/site_map__type_support.h
[15.960s] -- Installing: /home/williamfbx/Lunar-ROADSTER/lr_ws/install/cg_msgs/include/cg_msgs/cg_msgs/srv/detail/save_map__functions.h
[15.960s] -- Installing: /home/williamfbx/Lunar-ROADSTER/lr_ws/install/cg_msgs/include/cg_msgs/cg_msgs/srv/detail/save_map__type_support.h
[15.960s] -- Installing: /home/williamfbx/Lunar-ROADSTER/lr_ws/install/cg_msgs/include/cg_msgs/cg_msgs/srv/detail/save_map__struct.h
[15.960s] -- Installing: /home/williamfbx/Lunar-ROADSTER/lr_ws/install/cg_msgs/include/cg_msgs/cg_msgs/srv/detail/enable_worksystem__functions.h
[15.960s] -- Installing: /home/williamfbx/Lunar-ROADSTER/lr_ws/install/cg_msgs/include/cg_msgs/cg_msgs/srv/detail/site_map__struct.h
[15.961s] -- Installing: /home/williamfbx/Lunar-ROADSTER/lr_ws/install/cg_msgs/include/cg_msgs/cg_msgs/srv/detail/save_map__functions.c
[15.961s] -- Installing: /home/williamfbx/Lunar-ROADSTER/lr_ws/install/cg_msgs/include/cg_msgs/cg_msgs/srv/detail/update_trajectory__functions.h
[15.961s] -- Installing: /home/williamfbx/Lunar-ROADSTER/lr_ws/install/cg_msgs/include/cg_msgs/cg_msgs/srv/detail/enable_worksystem__struct.h
[15.961s] -- Installing: /home/williamfbx/Lunar-ROADSTER/lr_ws/install/cg_msgs/include/cg_msgs/cg_msgs/srv/detail/enable_worksystem__type_support.h
[15.961s] -- Installing: /home/williamfbx/Lunar-ROADSTER/lr_ws/install/cg_msgs/include/cg_msgs/cg_msgs/srv/detail/update_trajectory__type_support.h
[15.961s] -- Installing: /home/williamfbx/Lunar-ROADSTER/lr_ws/install/cg_msgs/include/cg_msgs/cg_msgs/srv/detail/update_trajectory__struct.h
[15.961s] -- Installing: /home/williamfbx/Lunar-ROADSTER/lr_ws/install/cg_msgs/include/cg_msgs/cg_msgs/srv/detail/enable_worksystem__functions.c
[15.961s] -- Installing: /home/williamfbx/Lunar-ROADSTER/lr_ws/install/cg_msgs/include/cg_msgs/cg_msgs/srv/detail/update_trajectory__functions.c
[15.961s] -- Installing: /home/williamfbx/Lunar-ROADSTER/lr_ws/install/cg_msgs/include/cg_msgs/cg_msgs/srv/save_map.h
[15.961s] -- Installing: /home/williamfbx/Lunar-ROADSTER/lr_ws/install/cg_msgs/include/cg_msgs/cg_msgs/srv/enable_worksystem.h
[15.961s] -- Installing: /home/williamfbx/Lunar-ROADSTER/lr_ws/install/cg_msgs/include/cg_msgs/cg_msgs/msg
[15.961s] -- Installing: /home/williamfbx/Lunar-ROADSTER/lr_ws/install/cg_msgs/include/cg_msgs/cg_msgs/msg/mux_mode.h
[15.962s] -- Installing: /home/williamfbx/Lunar-ROADSTER/lr_ws/install/cg_msgs/include/cg_msgs/cg_msgs/msg/actuator_command.h
[15.962s] -- Installing: /home/williamfbx/Lunar-ROADSTER/lr_ws/install/cg_msgs/include/cg_msgs/cg_msgs/msg/trajectory.h
[15.962s] -- Installing: /home/williamfbx/Lunar-ROADSTER/lr_ws/install/cg_msgs/include/cg_msgs/cg_msgs/msg/encoder_telemetry.h
[15.962s] -- Installing: /home/williamfbx/Lunar-ROADSTER/lr_ws/install/cg_msgs/include/cg_msgs/cg_msgs/msg/point2_d.h
[15.962s] -- Installing: /home/williamfbx/Lunar-ROADSTER/lr_ws/install/cg_msgs/include/cg_msgs/cg_msgs/msg/beacon_multi_tag.h
[15.962s] -- Installing: /home/williamfbx/Lunar-ROADSTER/lr_ws/install/cg_msgs/include/cg_msgs/cg_msgs/msg/site_map.h
[15.962s] -- Installing: /home/williamfbx/Lunar-ROADSTER/lr_ws/install/cg_msgs/include/cg_msgs/cg_msgs/msg/detail
[15.962s] -- Installing: /home/williamfbx/Lunar-ROADSTER/lr_ws/install/cg_msgs/include/cg_msgs/cg_msgs/msg/detail/slip__struct.h
[15.962s] -- Installing: /home/williamfbx/Lunar-ROADSTER/lr_ws/install/cg_msgs/include/cg_msgs/cg_msgs/msg/detail/actuator_state__type_support.h
[15.962s] -- Installing: /home/williamfbx/Lunar-ROADSTER/lr_ws/install/cg_msgs/include/cg_msgs/cg_msgs/msg/detail/beacon_multi_tag__functions.h
[15.962s] -- Installing: /home/williamfbx/Lunar-ROADSTER/lr_ws/install/cg_msgs/include/cg_msgs/cg_msgs/msg/detail/encoder_telemetry__functions.h
[15.962s] -- Installing: /home/williamfbx/Lunar-ROADSTER/lr_ws/install/cg_msgs/include/cg_msgs/cg_msgs/msg/detail/actuator_command__struct.h
[15.963s] -- Installing: /home/williamfbx/Lunar-ROADSTER/lr_ws/install/cg_msgs/include/cg_msgs/cg_msgs/msg/detail/actuator_command__functions.c
[15.963s] -- Installing: /home/williamfbx/Lunar-ROADSTER/lr_ws/install/cg_msgs/include/cg_msgs/cg_msgs/msg/detail/site_map__functions.h
[15.963s] -- Installing: /home/williamfbx/Lunar-ROADSTER/lr_ws/install/cg_msgs/include/cg_msgs/cg_msgs/msg/detail/point2_d__functions.h
[15.963s] -- Installing: /home/williamfbx/Lunar-ROADSTER/lr_ws/install/cg_msgs/include/cg_msgs/cg_msgs/msg/detail/beacon_multi_tag__type_support.h
[15.963s] -- Installing: /home/williamfbx/Lunar-ROADSTER/lr_ws/install/cg_msgs/include/cg_msgs/cg_msgs/msg/detail/beacon_multi_tag__functions.c
[15.963s] -- Installing: /home/williamfbx/Lunar-ROADSTER/lr_ws/install/cg_msgs/include/cg_msgs/cg_msgs/msg/detail/encoder_telemetry__type_support.h
[15.963s] -- Installing: /home/williamfbx/Lunar-ROADSTER/lr_ws/install/cg_msgs/include/cg_msgs/cg_msgs/msg/detail/beacon_tag__functions.h
[15.963s] -- Installing: /home/williamfbx/Lunar-ROADSTER/lr_ws/install/cg_msgs/include/cg_msgs/cg_msgs/msg/detail/site_map__functions.c
[15.963s] -- Installing: /home/williamfbx/Lunar-ROADSTER/lr_ws/install/cg_msgs/include/cg_msgs/cg_msgs/msg/detail/actuator_state__struct.h
[15.963s] -- Installing: /home/williamfbx/Lunar-ROADSTER/lr_ws/install/cg_msgs/include/cg_msgs/cg_msgs/msg/detail/pose2_d__functions.h
[15.964s] -- Installing: /home/williamfbx/Lunar-ROADSTER/lr_ws/install/cg_msgs/include/cg_msgs/cg_msgs/msg/detail/site_map__type_support.h
[15.964s] -- Installing: /home/williamfbx/Lunar-ROADSTER/lr_ws/install/cg_msgs/include/cg_msgs/cg_msgs/msg/detail/beacon_multi_tag__struct.h
[15.964s] -- Installing: /home/williamfbx/Lunar-ROADSTER/lr_ws/install/cg_msgs/include/cg_msgs/cg_msgs/msg/detail/beacon_tag__type_support.h
[15.964s] -- Installing: /home/williamfbx/Lunar-ROADSTER/lr_ws/install/cg_msgs/include/cg_msgs/cg_msgs/msg/detail/actuator_command__type_support.h
[15.964s] -- Installing: /home/williamfbx/Lunar-ROADSTER/lr_ws/install/cg_msgs/include/cg_msgs/cg_msgs/msg/detail/pose2_d__struct.h
[15.964s] -- Installing: /home/williamfbx/Lunar-ROADSTER/lr_ws/install/cg_msgs/include/cg_msgs/cg_msgs/msg/detail/point2_d__type_support.h
[15.964s] -- Installing: /home/williamfbx/Lunar-ROADSTER/lr_ws/install/cg_msgs/include/cg_msgs/cg_msgs/msg/detail/mux_mode__struct.h
[15.964s] -- Installing: /home/williamfbx/Lunar-ROADSTER/lr_ws/install/cg_msgs/include/cg_msgs/cg_msgs/msg/detail/actuator_command__functions.h
[15.964s] -- Installing: /home/williamfbx/Lunar-ROADSTER/lr_ws/install/cg_msgs/include/cg_msgs/cg_msgs/msg/detail/encoder_telemetry__functions.c
[15.964s] -- Installing: /home/williamfbx/Lunar-ROADSTER/lr_ws/install/cg_msgs/include/cg_msgs/cg_msgs/msg/detail/slip__functions.h
[15.964s] -- Installing: /home/williamfbx/Lunar-ROADSTER/lr_ws/install/cg_msgs/include/cg_msgs/cg_msgs/msg/detail/trajectory__functions.c
[15.964s] -- Installing: /home/williamfbx/Lunar-ROADSTER/lr_ws/install/cg_msgs/include/cg_msgs/cg_msgs/msg/detail/trajectory__functions.h
[15.964s] -- Installing: /home/williamfbx/Lunar-ROADSTER/lr_ws/install/cg_msgs/include/cg_msgs/cg_msgs/msg/detail/encoder_telemetry__struct.h
[15.965s] -- Installing: /home/williamfbx/Lunar-ROADSTER/lr_ws/install/cg_msgs/include/cg_msgs/cg_msgs/msg/detail/site_map__struct.h
[15.965s] -- Installing: /home/williamfbx/Lunar-ROADSTER/lr_ws/install/cg_msgs/include/cg_msgs/cg_msgs/msg/detail/beacon_tag__functions.c
[15.965s] -- Installing: /home/williamfbx/Lunar-ROADSTER/lr_ws/install/cg_msgs/include/cg_msgs/cg_msgs/msg/detail/point2_d__functions.c
[15.965s] -- Installing: /home/williamfbx/Lunar-ROADSTER/lr_ws/install/cg_msgs/include/cg_msgs/cg_msgs/msg/detail/slip__type_support.h
[15.965s] -- Installing: /home/williamfbx/Lunar-ROADSTER/lr_ws/install/cg_msgs/include/cg_msgs/cg_msgs/msg/detail/point2_d__struct.h
[15.965s] -- Installing: /home/williamfbx/Lunar-ROADSTER/lr_ws/install/cg_msgs/include/cg_msgs/cg_msgs/msg/detail/mux_mode__functions.h
[15.965s] -- Installing: /home/williamfbx/Lunar-ROADSTER/lr_ws/install/cg_msgs/include/cg_msgs/cg_msgs/msg/detail/actuator_state__functions.c
[15.965s] -- Installing: /home/williamfbx/Lunar-ROADSTER/lr_ws/install/cg_msgs/include/cg_msgs/cg_msgs/msg/detail/mux_mode__functions.c
[15.965s] -- Installing: /home/williamfbx/Lunar-ROADSTER/lr_ws/install/cg_msgs/include/cg_msgs/cg_msgs/msg/detail/pose2_d__functions.c
[15.965s] -- Installing: /home/williamfbx/Lunar-ROADSTER/lr_ws/install/cg_msgs/include/cg_msgs/cg_msgs/msg/detail/actuator_state__functions.h
[15.965s] -- Installing: /home/williamfbx/Lunar-ROADSTER/lr_ws/install/cg_msgs/include/cg_msgs/cg_msgs/msg/detail/pose2_d__type_support.h
[15.965s] -- Installing: /home/williamfbx/Lunar-ROADSTER/lr_ws/install/cg_msgs/include/cg_msgs/cg_msgs/msg/detail/mux_mode__type_support.h
[15.965s] -- Installing: /home/williamfbx/Lunar-ROADSTER/lr_ws/install/cg_msgs/include/cg_msgs/cg_msgs/msg/detail/slip__functions.c
[15.966s] -- Installing: /home/williamfbx/Lunar-ROADSTER/lr_ws/install/cg_msgs/include/cg_msgs/cg_msgs/msg/detail/trajectory__type_support.h
[15.966s] -- Installing: /home/williamfbx/Lunar-ROADSTER/lr_ws/install/cg_msgs/include/cg_msgs/cg_msgs/msg/detail/beacon_tag__struct.h
[15.966s] -- Installing: /home/williamfbx/Lunar-ROADSTER/lr_ws/install/cg_msgs/include/cg_msgs/cg_msgs/msg/detail/trajectory__struct.h
[15.966s] -- Installing: /home/williamfbx/Lunar-ROADSTER/lr_ws/install/cg_msgs/include/cg_msgs/cg_msgs/msg/rosidl_generator_c__visibility_control.h
[15.966s] -- Installing: /home/williamfbx/Lunar-ROADSTER/lr_ws/install/cg_msgs/include/cg_msgs/cg_msgs/msg/beacon_tag.h
[15.966s] -- Installing: /home/williamfbx/Lunar-ROADSTER/lr_ws/install/cg_msgs/include/cg_msgs/cg_msgs/msg/slip.h
[15.966s] -- Installing: /home/williamfbx/Lunar-ROADSTER/lr_ws/install/cg_msgs/include/cg_msgs/cg_msgs/msg/pose2_d.h
[15.966s] -- Installing: /home/williamfbx/Lunar-ROADSTER/lr_ws/install/cg_msgs/include/cg_msgs/cg_msgs/msg/actuator_state.h
[15.966s] -- Installing: /home/williamfbx/Lunar-ROADSTER/lr_ws/install/cg_msgs/share/cg_msgs/environment/library_path.sh
[15.966s] -- Installing: /home/williamfbx/Lunar-ROADSTER/lr_ws/install/cg_msgs/share/cg_msgs/environment/library_path.dsv
[15.967s] -- Installing: /home/williamfbx/Lunar-ROADSTER/lr_ws/install/cg_msgs/lib/libcg_msgs__rosidl_generator_c.so
[15.967s] -- Set runtime path of "/home/williamfbx/Lunar-ROADSTER/lr_ws/install/cg_msgs/lib/libcg_msgs__rosidl_generator_c.so" to ""
[15.967s] -- Up-to-date: /home/williamfbx/Lunar-ROADSTER/lr_ws/install/cg_msgs/include/cg_msgs/cg_msgs
[15.967s] -- Up-to-date: /home/williamfbx/Lunar-ROADSTER/lr_ws/install/cg_msgs/include/cg_msgs/cg_msgs/srv
[15.967s] -- Up-to-date: /home/williamfbx/Lunar-ROADSTER/lr_ws/install/cg_msgs/include/cg_msgs/cg_msgs/srv/detail
[15.967s] -- Installing: /home/williamfbx/Lunar-ROADSTER/lr_ws/install/cg_msgs/include/cg_msgs/cg_msgs/srv/detail/site_map__rosidl_typesupport_fastrtps_c.h
[15.967s] -- Installing: /home/williamfbx/Lunar-ROADSTER/lr_ws/install/cg_msgs/include/cg_msgs/cg_msgs/srv/detail/enable_worksystem__rosidl_typesupport_fastrtps_c.h
[15.967s] -- Installing: /home/williamfbx/Lunar-ROADSTER/lr_ws/install/cg_msgs/include/cg_msgs/cg_msgs/srv/detail/save_map__rosidl_typesupport_fastrtps_c.h
[15.968s] -- Installing: /home/williamfbx/Lunar-ROADSTER/lr_ws/install/cg_msgs/include/cg_msgs/cg_msgs/srv/detail/update_trajectory__rosidl_typesupport_fastrtps_c.h
[15.968s] -- Up-to-date: /home/williamfbx/Lunar-ROADSTER/lr_ws/install/cg_msgs/include/cg_msgs/cg_msgs/msg
[15.968s] -- Up-to-date: /home/williamfbx/Lunar-ROADSTER/lr_ws/install/cg_msgs/include/cg_msgs/cg_msgs/msg/detail
[15.968s] -- Installing: /home/williamfbx/Lunar-ROADSTER/lr_ws/install/cg_msgs/include/cg_msgs/cg_msgs/msg/detail/mux_mode__rosidl_typesupport_fastrtps_c.h
[15.968s] -- Installing: /home/williamfbx/Lunar-ROADSTER/lr_ws/install/cg_msgs/include/cg_msgs/cg_msgs/msg/detail/slip__rosidl_typesupport_fastrtps_c.h
[15.968s] -- Installing: /home/williamfbx/Lunar-ROADSTER/lr_ws/install/cg_msgs/include/cg_msgs/cg_msgs/msg/detail/actuator_command__rosidl_typesupport_fastrtps_c.h
[15.968s] -- Installing: /home/williamfbx/Lunar-ROADSTER/lr_ws/install/cg_msgs/include/cg_msgs/cg_msgs/msg/detail/point2_d__rosidl_typesupport_fastrtps_c.h
[15.968s] -- Installing: /home/williamfbx/Lunar-ROADSTER/lr_ws/install/cg_msgs/include/cg_msgs/cg_msgs/msg/detail/site_map__rosidl_typesupport_fastrtps_c.h
[15.968s] -- Installing: /home/williamfbx/Lunar-ROADSTER/lr_ws/install/cg_msgs/include/cg_msgs/cg_msgs/msg/detail/actuator_state__rosidl_typesupport_fastrtps_c.h
[15.968s] -- Installing: /home/williamfbx/Lunar-ROADSTER/lr_ws/install/cg_msgs/include/cg_msgs/cg_msgs/msg/detail/trajectory__rosidl_typesupport_fastrtps_c.h
[15.968s] -- Installing: /home/williamfbx/Lunar-ROADSTER/lr_ws/install/cg_msgs/include/cg_msgs/cg_msgs/msg/detail/beacon_tag__rosidl_typesupport_fastrtps_c.h
[15.968s] -- Installing: /home/williamfbx/Lunar-ROADSTER/lr_ws/install/cg_msgs/include/cg_msgs/cg_msgs/msg/detail/beacon_multi_tag__rosidl_typesupport_fastrtps_c.h
[15.968s] -- Installing: /home/williamfbx/Lunar-ROADSTER/lr_ws/install/cg_msgs/include/cg_msgs/cg_msgs/msg/detail/pose2_d__rosidl_typesupport_fastrtps_c.h
[15.968s] -- Installing: /home/williamfbx/Lunar-ROADSTER/lr_ws/install/cg_msgs/include/cg_msgs/cg_msgs/msg/detail/encoder_telemetry__rosidl_typesupport_fastrtps_c.h
[15.968s] -- Installing: /home/williamfbx/Lunar-ROADSTER/lr_ws/install/cg_msgs/include/cg_msgs/cg_msgs/msg/rosidl_typesupport_fastrtps_c__visibility_control.h
[15.969s] -- Installing: /home/williamfbx/Lunar-ROADSTER/lr_ws/install/cg_msgs/lib/libcg_msgs__rosidl_typesupport_fastrtps_c.so
[15.969s] -- Set runtime path of "/home/williamfbx/Lunar-ROADSTER/lr_ws/install/cg_msgs/lib/libcg_msgs__rosidl_typesupport_fastrtps_c.so" to ""
[15.969s] -- Up-to-date: /home/williamfbx/Lunar-ROADSTER/lr_ws/install/cg_msgs/include/cg_msgs/cg_msgs
[15.969s] -- Up-to-date: /home/williamfbx/Lunar-ROADSTER/lr_ws/install/cg_msgs/include/cg_msgs/cg_msgs/srv
[15.969s] -- Installing: /home/williamfbx/Lunar-ROADSTER/lr_ws/install/cg_msgs/include/cg_msgs/cg_msgs/srv/update_trajectory.hpp
[15.969s] -- Up-to-date: /home/williamfbx/Lunar-ROADSTER/lr_ws/install/cg_msgs/include/cg_msgs/cg_msgs/srv/detail
[15.969s] -- Installing: /home/williamfbx/Lunar-ROADSTER/lr_ws/install/cg_msgs/include/cg_msgs/cg_msgs/srv/detail/enable_worksystem__struct.hpp
[15.969s] -- Installing: /home/williamfbx/Lunar-ROADSTER/lr_ws/install/cg_msgs/include/cg_msgs/cg_msgs/srv/detail/update_trajectory__type_support.hpp
[15.969s] -- Installing: /home/williamfbx/Lunar-ROADSTER/lr_ws/install/cg_msgs/include/cg_msgs/cg_msgs/srv/detail/update_trajectory__struct.hpp
[15.970s] -- Installing: /home/williamfbx/Lunar-ROADSTER/lr_ws/install/cg_msgs/include/cg_msgs/cg_msgs/srv/detail/enable_worksystem__type_support.hpp
[15.970s] -- Installing: /home/williamfbx/Lunar-ROADSTER/lr_ws/install/cg_msgs/include/cg_msgs/cg_msgs/srv/detail/save_map__type_support.hpp
[15.970s] -- Installing: /home/williamfbx/Lunar-ROADSTER/lr_ws/install/cg_msgs/include/cg_msgs/cg_msgs/srv/detail/update_trajectory__traits.hpp
[15.970s] -- Installing: /home/williamfbx/Lunar-ROADSTER/lr_ws/install/cg_msgs/include/cg_msgs/cg_msgs/srv/detail/save_map__traits.hpp
[15.970s] -- Installing: /home/williamfbx/Lunar-ROADSTER/lr_ws/install/cg_msgs/include/cg_msgs/cg_msgs/srv/detail/site_map__type_support.hpp
[15.970s] -- Installing: /home/williamfbx/Lunar-ROADSTER/lr_ws/install/cg_msgs/include/cg_msgs/cg_msgs/srv/detail/save_map__struct.hpp
[15.970s] -- Installing: /home/williamfbx/Lunar-ROADSTER/lr_ws/install/cg_msgs/include/cg_msgs/cg_msgs/srv/detail/site_map__builder.hpp
[15.970s] -- Installing: /home/williamfbx/Lunar-ROADSTER/lr_ws/install/cg_msgs/include/cg_msgs/cg_msgs/srv/detail/site_map__struct.hpp
[15.970s] -- Installing: /home/williamfbx/Lunar-ROADSTER/lr_ws/install/cg_msgs/include/cg_msgs/cg_msgs/srv/detail/enable_worksystem__builder.hpp
[15.970s] -- Installing: /home/williamfbx/Lunar-ROADSTER/lr_ws/install/cg_msgs/include/cg_msgs/cg_msgs/srv/detail/save_map__builder.hpp
[15.970s] -- Installing: /home/williamfbx/Lunar-ROADSTER/lr_ws/install/cg_msgs/include/cg_msgs/cg_msgs/srv/detail/update_trajectory__builder.hpp
[15.970s] -- Installing: /home/williamfbx/Lunar-ROADSTER/lr_ws/install/cg_msgs/include/cg_msgs/cg_msgs/srv/detail/enable_worksystem__traits.hpp
[15.970s] -- Installing: /home/williamfbx/Lunar-ROADSTER/lr_ws/install/cg_msgs/include/cg_msgs/cg_msgs/srv/detail/site_map__traits.hpp
[15.970s] -- Installing: /home/williamfbx/Lunar-ROADSTER/lr_ws/install/cg_msgs/include/cg_msgs/cg_msgs/srv/enable_worksystem.hpp
[15.971s] -- Installing: /home/williamfbx/Lunar-ROADSTER/lr_ws/install/cg_msgs/include/cg_msgs/cg_msgs/srv/site_map.hpp
[15.971s] -- Installing: /home/williamfbx/Lunar-ROADSTER/lr_ws/install/cg_msgs/include/cg_msgs/cg_msgs/srv/save_map.hpp
[15.971s] -- Up-to-date: /home/williamfbx/Lunar-ROADSTER/lr_ws/install/cg_msgs/include/cg_msgs/cg_msgs/msg
[15.971s] -- Installing: /home/williamfbx/Lunar-ROADSTER/lr_ws/install/cg_msgs/include/cg_msgs/cg_msgs/msg/beacon_tag.hpp
[15.971s] -- Installing: /home/williamfbx/Lunar-ROADSTER/lr_ws/install/cg_msgs/include/cg_msgs/cg_msgs/msg/beacon_multi_tag.hpp
[15.971s] -- Installing: /home/williamfbx/Lunar-ROADSTER/lr_ws/install/cg_msgs/include/cg_msgs/cg_msgs/msg/slip.hpp
[15.971s] -- Installing: /home/williamfbx/Lunar-ROADSTER/lr_ws/install/cg_msgs/include/cg_msgs/cg_msgs/msg/rosidl_generator_cpp__visibility_control.hpp
[15.971s] -- Up-to-date: /home/williamfbx/Lunar-ROADSTER/lr_ws/install/cg_msgs/include/cg_msgs/cg_msgs/msg/detail
[15.971s] -- Installing: /home/williamfbx/Lunar-ROADSTER/lr_ws/install/cg_msgs/include/cg_msgs/cg_msgs/msg/detail/encoder_telemetry__struct.hpp
[15.971s] -- Installing: /home/williamfbx/Lunar-ROADSTER/lr_ws/install/cg_msgs/include/cg_msgs/cg_msgs/msg/detail/actuator_command__type_support.hpp
[15.971s] -- Installing: /home/williamfbx/Lunar-ROADSTER/lr_ws/install/cg_msgs/include/cg_msgs/cg_msgs/msg/detail/actuator_command__struct.hpp
[15.971s] -- Installing: /home/williamfbx/Lunar-ROADSTER/lr_ws/install/cg_msgs/include/cg_msgs/cg_msgs/msg/detail/pose2_d__builder.hpp
[15.971s] -- Installing: /home/williamfbx/Lunar-ROADSTER/lr_ws/install/cg_msgs/include/cg_msgs/cg_msgs/msg/detail/mux_mode__builder.hpp
[15.972s] -- Installing: /home/williamfbx/Lunar-ROADSTER/lr_ws/install/cg_msgs/include/cg_msgs/cg_msgs/msg/detail/actuator_command__builder.hpp
[15.972s] -- Installing: /home/williamfbx/Lunar-ROADSTER/lr_ws/install/cg_msgs/include/cg_msgs/cg_msgs/msg/detail/trajectory__type_support.hpp
[15.972s] -- Installing: /home/williamfbx/Lunar-ROADSTER/lr_ws/install/cg_msgs/include/cg_msgs/cg_msgs/msg/detail/slip__traits.hpp
[15.972s] -- Installing: /home/williamfbx/Lunar-ROADSTER/lr_ws/install/cg_msgs/include/cg_msgs/cg_msgs/msg/detail/beacon_tag__builder.hpp
[15.972s] -- Installing: /home/williamfbx/Lunar-ROADSTER/lr_ws/install/cg_msgs/include/cg_msgs/cg_msgs/msg/detail/pose2_d__traits.hpp
[15.972s] -- Installing: /home/williamfbx/Lunar-ROADSTER/lr_ws/install/cg_msgs/include/cg_msgs/cg_msgs/msg/detail/actuator_state__type_support.hpp
[15.972s] -- Installing: /home/williamfbx/Lunar-ROADSTER/lr_ws/install/cg_msgs/include/cg_msgs/cg_msgs/msg/detail/mux_mode__struct.hpp
[15.972s] -- Installing: /home/williamfbx/Lunar-ROADSTER/lr_ws/install/cg_msgs/include/cg_msgs/cg_msgs/msg/detail/point2_d__builder.hpp
[15.972s] -- Installing: /home/williamfbx/Lunar-ROADSTER/lr_ws/install/cg_msgs/include/cg_msgs/cg_msgs/msg/detail/pose2_d__type_support.hpp
[15.972s] -- Installing: /home/williamfbx/Lunar-ROADSTER/lr_ws/install/cg_msgs/include/cg_msgs/cg_msgs/msg/detail/encoder_telemetry__builder.hpp
[15.972s] -- Installing: /home/williamfbx/Lunar-ROADSTER/lr_ws/install/cg_msgs/include/cg_msgs/cg_msgs/msg/detail/beacon_tag__traits.hpp
[15.972s] -- Installing: /home/williamfbx/Lunar-ROADSTER/lr_ws/install/cg_msgs/include/cg_msgs/cg_msgs/msg/detail/slip__builder.hpp
[15.973s] -- Installing: /home/williamfbx/Lunar-ROADSTER/lr_ws/install/cg_msgs/include/cg_msgs/cg_msgs/msg/detail/beacon_multi_tag__type_support.hpp
[15.973s] -- Installing: /home/williamfbx/Lunar-ROADSTER/lr_ws/install/cg_msgs/include/cg_msgs/cg_msgs/msg/detail/beacon_multi_tag__struct.hpp
[15.973s] -- Installing: /home/williamfbx/Lunar-ROADSTER/lr_ws/install/cg_msgs/include/cg_msgs/cg_msgs/msg/detail/actuator_state__traits.hpp
[15.973s] -- Installing: /home/williamfbx/Lunar-ROADSTER/lr_ws/install/cg_msgs/include/cg_msgs/cg_msgs/msg/detail/pose2_d__struct.hpp
[15.973s] -- Installing: /home/williamfbx/Lunar-ROADSTER/lr_ws/install/cg_msgs/include/cg_msgs/cg_msgs/msg/detail/actuator_state__struct.hpp
[15.973s] -- Installing: /home/williamfbx/Lunar-ROADSTER/lr_ws/install/cg_msgs/include/cg_msgs/cg_msgs/msg/detail/point2_d__struct.hpp
[15.973s] -- Installing: /home/williamfbx/Lunar-ROADSTER/lr_ws/install/cg_msgs/include/cg_msgs/cg_msgs/msg/detail/trajectory__struct.hpp
[15.973s] -- Installing: /home/williamfbx/Lunar-ROADSTER/lr_ws/install/cg_msgs/include/cg_msgs/cg_msgs/msg/detail/trajectory__builder.hpp
[15.973s] -- Installing: /home/williamfbx/Lunar-ROADSTER/lr_ws/install/cg_msgs/include/cg_msgs/cg_msgs/msg/detail/encoder_telemetry__type_support.hpp
[15.973s] -- Installing: /home/williamfbx/Lunar-ROADSTER/lr_ws/install/cg_msgs/include/cg_msgs/cg_msgs/msg/detail/slip__struct.hpp
[15.973s] -- Installing: /home/williamfbx/Lunar-ROADSTER/lr_ws/install/cg_msgs/include/cg_msgs/cg_msgs/msg/detail/encoder_telemetry__traits.hpp
[15.974s] -- Installing: /home/williamfbx/Lunar-ROADSTER/lr_ws/install/cg_msgs/include/cg_msgs/cg_msgs/msg/detail/slip__type_support.hpp
[15.974s] -- Installing: /home/williamfbx/Lunar-ROADSTER/lr_ws/install/cg_msgs/include/cg_msgs/cg_msgs/msg/detail/mux_mode__type_support.hpp
[15.974s] -- Installing: /home/williamfbx/Lunar-ROADSTER/lr_ws/install/cg_msgs/include/cg_msgs/cg_msgs/msg/detail/site_map__type_support.hpp
[15.974s] -- Installing: /home/williamfbx/Lunar-ROADSTER/lr_ws/install/cg_msgs/include/cg_msgs/cg_msgs/msg/detail/beacon_tag__struct.hpp
[15.974s] -- Installing: /home/williamfbx/Lunar-ROADSTER/lr_ws/install/cg_msgs/include/cg_msgs/cg_msgs/msg/detail/trajectory__traits.hpp
[15.974s] -- Installing: /home/williamfbx/Lunar-ROADSTER/lr_ws/install/cg_msgs/include/cg_msgs/cg_msgs/msg/detail/site_map__builder.hpp
[15.974s] -- Installing: /home/williamfbx/Lunar-ROADSTER/lr_ws/install/cg_msgs/include/cg_msgs/cg_msgs/msg/detail/actuator_command__traits.hpp
[15.974s] -- Installing: /home/williamfbx/Lunar-ROADSTER/lr_ws/install/cg_msgs/include/cg_msgs/cg_msgs/msg/detail/beacon_multi_tag__builder.hpp
[15.974s] -- Installing: /home/williamfbx/Lunar-ROADSTER/lr_ws/install/cg_msgs/include/cg_msgs/cg_msgs/msg/detail/site_map__struct.hpp
[15.974s] -- Installing: /home/williamfbx/Lunar-ROADSTER/lr_ws/install/cg_msgs/include/cg_msgs/cg_msgs/msg/detail/beacon_multi_tag__traits.hpp
[15.975s] -- Installing: /home/williamfbx/Lunar-ROADSTER/lr_ws/install/cg_msgs/include/cg_msgs/cg_msgs/msg/detail/point2_d__traits.hpp
[15.975s] -- Installing: /home/williamfbx/Lunar-ROADSTER/lr_ws/install/cg_msgs/include/cg_msgs/cg_msgs/msg/detail/mux_mode__traits.hpp
[15.975s] -- Installing: /home/williamfbx/Lunar-ROADSTER/lr_ws/install/cg_msgs/include/cg_msgs/cg_msgs/msg/detail/point2_d__type_support.hpp
[15.975s] -- Installing: /home/williamfbx/Lunar-ROADSTER/lr_ws/install/cg_msgs/include/cg_msgs/cg_msgs/msg/detail/beacon_tag__type_support.hpp
[15.975s] -- Installing: /home/williamfbx/Lunar-ROADSTER/lr_ws/install/cg_msgs/include/cg_msgs/cg_msgs/msg/detail/actuator_state__builder.hpp
[15.975s] -- Installing: /home/williamfbx/Lunar-ROADSTER/lr_ws/install/cg_msgs/include/cg_msgs/cg_msgs/msg/detail/site_map__traits.hpp
[15.975s] -- Installing: /home/williamfbx/Lunar-ROADSTER/lr_ws/install/cg_msgs/include/cg_msgs/cg_msgs/msg/actuator_state.hpp
[15.975s] -- Installing: /home/williamfbx/Lunar-ROADSTER/lr_ws/install/cg_msgs/include/cg_msgs/cg_msgs/msg/trajectory.hpp
[15.975s] -- Installing: /home/williamfbx/Lunar-ROADSTER/lr_ws/install/cg_msgs/include/cg_msgs/cg_msgs/msg/site_map.hpp
[15.975s] -- Installing: /home/williamfbx/Lunar-ROADSTER/lr_ws/install/cg_msgs/include/cg_msgs/cg_msgs/msg/pose2_d.hpp
[15.975s] -- Installing: /home/williamfbx/Lunar-ROADSTER/lr_ws/install/cg_msgs/include/cg_msgs/cg_msgs/msg/encoder_telemetry.hpp
[15.975s] -- Installing: /home/williamfbx/Lunar-ROADSTER/lr_ws/install/cg_msgs/include/cg_msgs/cg_msgs/msg/point2_d.hpp
[15.976s] -- Installing: /home/williamfbx/Lunar-ROADSTER/lr_ws/install/cg_msgs/include/cg_msgs/cg_msgs/msg/mux_mode.hpp
[15.976s] -- Installing: /home/williamfbx/Lunar-ROADSTER/lr_ws/install/cg_msgs/include/cg_msgs/cg_msgs/msg/actuator_command.hpp
[15.976s] -- Up-to-date: /home/williamfbx/Lunar-ROADSTER/lr_ws/install/cg_msgs/include/cg_msgs/cg_msgs
[15.976s] -- Up-to-date: /home/williamfbx/Lunar-ROADSTER/lr_ws/install/cg_msgs/include/cg_msgs/cg_msgs/srv
[15.976s] -- Up-to-date: /home/williamfbx/Lunar-ROADSTER/lr_ws/install/cg_msgs/include/cg_msgs/cg_msgs/srv/detail
[15.976s] -- Installing: /home/williamfbx/Lunar-ROADSTER/lr_ws/install/cg_msgs/include/cg_msgs/cg_msgs/srv/detail/dds_fastrtps
[15.976s] -- Installing: /home/williamfbx/Lunar-ROADSTER/lr_ws/install/cg_msgs/include/cg_msgs/cg_msgs/srv/detail/update_trajectory__rosidl_typesupport_fastrtps_cpp.hpp
[15.976s] -- Installing: /home/williamfbx/Lunar-ROADSTER/lr_ws/install/cg_msgs/include/cg_msgs/cg_msgs/srv/detail/save_map__rosidl_typesupport_fastrtps_cpp.hpp
[15.976s] -- Installing: /home/williamfbx/Lunar-ROADSTER/lr_ws/install/cg_msgs/include/cg_msgs/cg_msgs/srv/detail/enable_worksystem__rosidl_typesupport_fastrtps_cpp.hpp
[15.976s] -- Installing: /home/williamfbx/Lunar-ROADSTER/lr_ws/install/cg_msgs/include/cg_msgs/cg_msgs/srv/detail/site_map__rosidl_typesupport_fastrtps_cpp.hpp
[15.976s] -- Up-to-date: /home/williamfbx/Lunar-ROADSTER/lr_ws/install/cg_msgs/include/cg_msgs/cg_msgs/msg
[15.976s] -- Installing: /home/williamfbx/Lunar-ROADSTER/lr_ws/install/cg_msgs/include/cg_msgs/cg_msgs/msg/rosidl_typesupport_fastrtps_cpp__visibility_control.h
[15.976s] -- Up-to-date: /home/williamfbx/Lunar-ROADSTER/lr_ws/install/cg_msgs/include/cg_msgs/cg_msgs/msg/detail
[15.977s] -- Installing: /home/williamfbx/Lunar-ROADSTER/lr_ws/install/cg_msgs/include/cg_msgs/cg_msgs/msg/detail/dds_fastrtps
[15.977s] -- Installing: /home/williamfbx/Lunar-ROADSTER/lr_ws/install/cg_msgs/include/cg_msgs/cg_msgs/msg/detail/beacon_multi_tag__rosidl_typesupport_fastrtps_cpp.hpp
[15.977s] -- Installing: /home/williamfbx/Lunar-ROADSTER/lr_ws/install/cg_msgs/include/cg_msgs/cg_msgs/msg/detail/actuator_command__rosidl_typesupport_fastrtps_cpp.hpp
[15.977s] -- Installing: /home/williamfbx/Lunar-ROADSTER/lr_ws/install/cg_msgs/include/cg_msgs/cg_msgs/msg/detail/slip__rosidl_typesupport_fastrtps_cpp.hpp
[15.977s] -- Installing: /home/williamfbx/Lunar-ROADSTER/lr_ws/install/cg_msgs/include/cg_msgs/cg_msgs/msg/detail/mux_mode__rosidl_typesupport_fastrtps_cpp.hpp
[15.977s] -- Installing: /home/williamfbx/Lunar-ROADSTER/lr_ws/install/cg_msgs/include/cg_msgs/cg_msgs/msg/detail/actuator_state__rosidl_typesupport_fastrtps_cpp.hpp
[15.977s] -- Installing: /home/williamfbx/Lunar-ROADSTER/lr_ws/install/cg_msgs/include/cg_msgs/cg_msgs/msg/detail/beacon_tag__rosidl_typesupport_fastrtps_cpp.hpp
[15.977s] -- Installing: /home/williamfbx/Lunar-ROADSTER/lr_ws/install/cg_msgs/include/cg_msgs/cg_msgs/msg/detail/encoder_telemetry__rosidl_typesupport_fastrtps_cpp.hpp
[15.977s] -- Installing: /home/williamfbx/Lunar-ROADSTER/lr_ws/install/cg_msgs/include/cg_msgs/cg_msgs/msg/detail/trajectory__rosidl_typesupport_fastrtps_cpp.hpp
[15.977s] -- Installing: /home/williamfbx/Lunar-ROADSTER/lr_ws/install/cg_msgs/include/cg_msgs/cg_msgs/msg/detail/pose2_d__rosidl_typesupport_fastrtps_cpp.hpp
[15.977s] -- Installing: /home/williamfbx/Lunar-ROADSTER/lr_ws/install/cg_msgs/include/cg_msgs/cg_msgs/msg/detail/site_map__rosidl_typesupport_fastrtps_cpp.hpp
[15.977s] -- Installing: /home/williamfbx/Lunar-ROADSTER/lr_ws/install/cg_msgs/include/cg_msgs/cg_msgs/msg/detail/point2_d__rosidl_typesupport_fastrtps_cpp.hpp
[15.978s] -- Installing: /home/williamfbx/Lunar-ROADSTER/lr_ws/install/cg_msgs/lib/libcg_msgs__rosidl_typesupport_fastrtps_cpp.so
[15.978s] -- Set runtime path of "/home/williamfbx/Lunar-ROADSTER/lr_ws/install/cg_msgs/lib/libcg_msgs__rosidl_typesupport_fastrtps_cpp.so" to ""
[15.978s] -- Up-to-date: /home/williamfbx/Lunar-ROADSTER/lr_ws/install/cg_msgs/include/cg_msgs/cg_msgs
[15.978s] -- Up-to-date: /home/williamfbx/Lunar-ROADSTER/lr_ws/install/cg_msgs/include/cg_msgs/cg_msgs/srv
[15.978s] -- Up-to-date: /home/williamfbx/Lunar-ROADSTER/lr_ws/install/cg_msgs/include/cg_msgs/cg_msgs/srv/detail
[15.978s] -- Installing: /home/williamfbx/Lunar-ROADSTER/lr_ws/install/cg_msgs/include/cg_msgs/cg_msgs/srv/detail/enable_worksystem__type_support.c
[15.978s] -- Installing: /home/williamfbx/Lunar-ROADSTER/lr_ws/install/cg_msgs/include/cg_msgs/cg_msgs/srv/detail/enable_worksystem__rosidl_typesupport_introspection_c.h
[15.978s] -- Installing: /home/williamfbx/Lunar-ROADSTER/lr_ws/install/cg_msgs/include/cg_msgs/cg_msgs/srv/detail/update_trajectory__rosidl_typesupport_introspection_c.h
[15.978s] -- Installing: /home/williamfbx/Lunar-ROADSTER/lr_ws/install/cg_msgs/include/cg_msgs/cg_msgs/srv/detail/update_trajectory__type_support.c
[15.979s] -- Installing: /home/williamfbx/Lunar-ROADSTER/lr_ws/install/cg_msgs/include/cg_msgs/cg_msgs/srv/detail/save_map__type_support.c
[15.979s] -- Installing: /home/williamfbx/Lunar-ROADSTER/lr_ws/install/cg_msgs/include/cg_msgs/cg_msgs/srv/detail/site_map__rosidl_typesupport_introspection_c.h
[15.979s] -- Installing: /home/williamfbx/Lunar-ROADSTER/lr_ws/install/cg_msgs/include/cg_msgs/cg_msgs/srv/detail/site_map__type_support.c
[15.979s] -- Installing: /home/williamfbx/Lunar-ROADSTER/lr_ws/install/cg_msgs/include/cg_msgs/cg_msgs/srv/detail/save_map__rosidl_typesupport_introspection_c.h
[15.979s] -- Up-to-date: /home/williamfbx/Lunar-ROADSTER/lr_ws/install/cg_msgs/include/cg_msgs/cg_msgs/msg
[15.979s] -- Up-to-date: /home/williamfbx/Lunar-ROADSTER/lr_ws/install/cg_msgs/include/cg_msgs/cg_msgs/msg/detail
[15.979s] -- Installing: /home/williamfbx/Lunar-ROADSTER/lr_ws/install/cg_msgs/include/cg_msgs/cg_msgs/msg/detail/beacon_multi_tag__type_support.c
[15.979s] -- Installing: /home/williamfbx/Lunar-ROADSTER/lr_ws/install/cg_msgs/include/cg_msgs/cg_msgs/msg/detail/slip__type_support.c
[15.979s] -- Installing: /home/williamfbx/Lunar-ROADSTER/lr_ws/install/cg_msgs/include/cg_msgs/cg_msgs/msg/detail/mux_mode__type_support.c
[15.979s] -- Installing: /home/williamfbx/Lunar-ROADSTER/lr_ws/install/cg_msgs/include/cg_msgs/cg_msgs/msg/detail/mux_mode__rosidl_typesupport_introspection_c.h
[15.979s] -- Installing: /home/williamfbx/Lunar-ROADSTER/lr_ws/install/cg_msgs/include/cg_msgs/cg_msgs/msg/detail/actuator_command__rosidl_typesupport_introspection_c.h
[15.979s] -- Installing: /home/williamfbx/Lunar-ROADSTER/lr_ws/install/cg_msgs/include/cg_msgs/cg_msgs/msg/detail/actuator_state__rosidl_typesupport_introspection_c.h
[15.979s] -- Installing: /home/williamfbx/Lunar-ROADSTER/lr_ws/install/cg_msgs/include/cg_msgs/cg_msgs/msg/detail/pose2_d__type_support.c
[15.979s] -- Installing: /home/williamfbx/Lunar-ROADSTER/lr_ws/install/cg_msgs/include/cg_msgs/cg_msgs/msg/detail/slip__rosidl_typesupport_introspection_c.h
[15.980s] -- Installing: /home/williamfbx/Lunar-ROADSTER/lr_ws/install/cg_msgs/include/cg_msgs/cg_msgs/msg/detail/encoder_telemetry__type_support.c
[15.980s] -- Installing: /home/williamfbx/Lunar-ROADSTER/lr_ws/install/cg_msgs/include/cg_msgs/cg_msgs/msg/detail/actuator_command__type_support.c
[15.980s] -- Installing: /home/williamfbx/Lunar-ROADSTER/lr_ws/install/cg_msgs/include/cg_msgs/cg_msgs/msg/detail/point2_d__rosidl_typesupport_introspection_c.h
[15.980s] -- Installing: /home/williamfbx/Lunar-ROADSTER/lr_ws/install/cg_msgs/include/cg_msgs/cg_msgs/msg/detail/actuator_state__type_support.c
[15.980s] -- Installing: /home/williamfbx/Lunar-ROADSTER/lr_ws/install/cg_msgs/include/cg_msgs/cg_msgs/msg/detail/site_map__rosidl_typesupport_introspection_c.h
[15.980s] -- Installing: /home/williamfbx/Lunar-ROADSTER/lr_ws/install/cg_msgs/include/cg_msgs/cg_msgs/msg/detail/trajectory__rosidl_typesupport_introspection_c.h
[15.980s] -- Installing: /home/williamfbx/Lunar-ROADSTER/lr_ws/install/cg_msgs/include/cg_msgs/cg_msgs/msg/detail/beacon_multi_tag__rosidl_typesupport_introspection_c.h
[15.980s] -- Installing: /home/williamfbx/Lunar-ROADSTER/lr_ws/install/cg_msgs/include/cg_msgs/cg_msgs/msg/detail/point2_d__type_support.c
[15.980s] -- Installing: /home/williamfbx/Lunar-ROADSTER/lr_ws/install/cg_msgs/include/cg_msgs/cg_msgs/msg/detail/pose2_d__rosidl_typesupport_introspection_c.h
[15.980s] -- Installing: /home/williamfbx/Lunar-ROADSTER/lr_ws/install/cg_msgs/include/cg_msgs/cg_msgs/msg/detail/trajectory__type_support.c
[15.980s] -- Installing: /home/williamfbx/Lunar-ROADSTER/lr_ws/install/cg_msgs/include/cg_msgs/cg_msgs/msg/detail/encoder_telemetry__rosidl_typesupport_introspection_c.h
[15.980s] -- Installing: /home/williamfbx/Lunar-ROADSTER/lr_ws/install/cg_msgs/include/cg_msgs/cg_msgs/msg/detail/site_map__type_support.c
[15.980s] -- Installing: /home/williamfbx/Lunar-ROADSTER/lr_ws/install/cg_msgs/include/cg_msgs/cg_msgs/msg/detail/beacon_tag__type_support.c
[15.980s] -- Installing: /home/williamfbx/Lunar-ROADSTER/lr_ws/install/cg_msgs/include/cg_msgs/cg_msgs/msg/detail/beacon_tag__rosidl_typesupport_introspection_c.h
[15.980s] -- Installing: /home/williamfbx/Lunar-ROADSTER/lr_ws/install/cg_msgs/include/cg_msgs/cg_msgs/msg/rosidl_typesupport_introspection_c__visibility_control.h
[15.980s] -- Installing: /home/williamfbx/Lunar-ROADSTER/lr_ws/install/cg_msgs/lib/libcg_msgs__rosidl_typesupport_introspection_c.so
[15.981s] -- Set runtime path of "/home/williamfbx/Lunar-ROADSTER/lr_ws/install/cg_msgs/lib/libcg_msgs__rosidl_typesupport_introspection_c.so" to ""
[15.981s] -- Installing: /home/williamfbx/Lunar-ROADSTER/lr_ws/install/cg_msgs/lib/libcg_msgs__rosidl_typesupport_c.so
[15.981s] -- Set runtime path of "/home/williamfbx/Lunar-ROADSTER/lr_ws/install/cg_msgs/lib/libcg_msgs__rosidl_typesupport_c.so" to ""
[15.981s] -- Up-to-date: /home/williamfbx/Lunar-ROADSTER/lr_ws/install/cg_msgs/include/cg_msgs/cg_msgs
[15.981s] -- Up-to-date: /home/williamfbx/Lunar-ROADSTER/lr_ws/install/cg_msgs/include/cg_msgs/cg_msgs/srv
[15.981s] -- Up-to-date: /home/williamfbx/Lunar-ROADSTER/lr_ws/install/cg_msgs/include/cg_msgs/cg_msgs/srv/detail
[15.981s] -- Installing: /home/williamfbx/Lunar-ROADSTER/lr_ws/install/cg_msgs/include/cg_msgs/cg_msgs/srv/detail/enable_worksystem__rosidl_typesupport_introspection_cpp.hpp
[15.981s] -- Installing: /home/williamfbx/Lunar-ROADSTER/lr_ws/install/cg_msgs/include/cg_msgs/cg_msgs/srv/detail/site_map__type_support.cpp
[15.981s] -- Installing: /home/williamfbx/Lunar-ROADSTER/lr_ws/install/cg_msgs/include/cg_msgs/cg_msgs/srv/detail/update_trajectory__type_support.cpp
[15.981s] -- Installing: /home/williamfbx/Lunar-ROADSTER/lr_ws/install/cg_msgs/include/cg_msgs/cg_msgs/srv/detail/enable_worksystem__type_support.cpp
[15.981s] -- Installing: /home/williamfbx/Lunar-ROADSTER/lr_ws/install/cg_msgs/include/cg_msgs/cg_msgs/srv/detail/update_trajectory__rosidl_typesupport_introspection_cpp.hpp
[15.981s] -- Installing: /home/williamfbx/Lunar-ROADSTER/lr_ws/install/cg_msgs/include/cg_msgs/cg_msgs/srv/detail/save_map__type_support.cpp
[15.981s] -- Installing: /home/williamfbx/Lunar-ROADSTER/lr_ws/install/cg_msgs/include/cg_msgs/cg_msgs/srv/detail/site_map__rosidl_typesupport_introspection_cpp.hpp
[15.982s] -- Installing: /home/williamfbx/Lunar-ROADSTER/lr_ws/install/cg_msgs/include/cg_msgs/cg_msgs/srv/detail/save_map__rosidl_typesupport_introspection_cpp.hpp
[15.982s] -- Up-to-date: /home/williamfbx/Lunar-ROADSTER/lr_ws/install/cg_msgs/include/cg_msgs/cg_msgs/msg
[15.982s] -- Up-to-date: /home/williamfbx/Lunar-ROADSTER/lr_ws/install/cg_msgs/include/cg_msgs/cg_msgs/msg/detail
[15.982s] -- Installing: /home/williamfbx/Lunar-ROADSTER/lr_ws/install/cg_msgs/include/cg_msgs/cg_msgs/msg/detail/actuator_state__rosidl_typesupport_introspection_cpp.hpp
[15.982s] -- Installing: /home/williamfbx/Lunar-ROADSTER/lr_ws/install/cg_msgs/include/cg_msgs/cg_msgs/msg/detail/point2_d__type_support.cpp
[15.982s] -- Installing: /home/williamfbx/Lunar-ROADSTER/lr_ws/install/cg_msgs/include/cg_msgs/cg_msgs/msg/detail/mux_mode__rosidl_typesupport_introspection_cpp.hpp
[15.982s] -- Installing: /home/williamfbx/Lunar-ROADSTER/lr_ws/install/cg_msgs/include/cg_msgs/cg_msgs/msg/detail/beacon_multi_tag__rosidl_typesupport_introspection_cpp.hpp
[15.982s] -- Installing: /home/williamfbx/Lunar-ROADSTER/lr_ws/install/cg_msgs/include/cg_msgs/cg_msgs/msg/detail/site_map__type_support.cpp
[15.982s] -- Installing: /home/williamfbx/Lunar-ROADSTER/lr_ws/install/cg_msgs/include/cg_msgs/cg_msgs/msg/detail/encoder_telemetry__rosidl_typesupport_introspection_cpp.hpp
[15.982s] -- Installing: /home/williamfbx/Lunar-ROADSTER/lr_ws/install/cg_msgs/include/cg_msgs/cg_msgs/msg/detail/trajectory__type_support.cpp
[15.982s] -- Installing: /home/williamfbx/Lunar-ROADSTER/lr_ws/install/cg_msgs/include/cg_msgs/cg_msgs/msg/detail/slip__rosidl_typesupport_introspection_cpp.hpp
[15.982s] -- Installing: /home/williamfbx/Lunar-ROADSTER/lr_ws/install/cg_msgs/include/cg_msgs/cg_msgs/msg/detail/actuator_command__type_support.cpp
[15.982s] -- Installing: /home/williamfbx/Lunar-ROADSTER/lr_ws/install/cg_msgs/include/cg_msgs/cg_msgs/msg/detail/actuator_command__rosidl_typesupport_introspection_cpp.hpp
[15.982s] -- Installing: /home/williamfbx/Lunar-ROADSTER/lr_ws/install/cg_msgs/include/cg_msgs/cg_msgs/msg/detail/beacon_tag__type_support.cpp
[15.982s] -- Installing: /home/williamfbx/Lunar-ROADSTER/lr_ws/install/cg_msgs/include/cg_msgs/cg_msgs/msg/detail/encoder_telemetry__type_support.cpp
[15.982s] -- Installing: /home/williamfbx/Lunar-ROADSTER/lr_ws/install/cg_msgs/include/cg_msgs/cg_msgs/msg/detail/site_map__rosidl_typesupport_introspection_cpp.hpp
[15.983s] -- Installing: /home/williamfbx/Lunar-ROADSTER/lr_ws/install/cg_msgs/include/cg_msgs/cg_msgs/msg/detail/mux_mode__type_support.cpp
[15.983s] -- Installing: /home/williamfbx/Lunar-ROADSTER/lr_ws/install/cg_msgs/include/cg_msgs/cg_msgs/msg/detail/pose2_d__rosidl_typesupport_introspection_cpp.hpp
[15.983s] -- Installing: /home/williamfbx/Lunar-ROADSTER/lr_ws/install/cg_msgs/include/cg_msgs/cg_msgs/msg/detail/slip__type_support.cpp
[15.983s] -- Installing: /home/williamfbx/Lunar-ROADSTER/lr_ws/install/cg_msgs/include/cg_msgs/cg_msgs/msg/detail/pose2_d__type_support.cpp
[15.983s] -- Installing: /home/williamfbx/Lunar-ROADSTER/lr_ws/install/cg_msgs/include/cg_msgs/cg_msgs/msg/detail/actuator_state__type_support.cpp
[15.983s] -- Installing: /home/williamfbx/Lunar-ROADSTER/lr_ws/install/cg_msgs/include/cg_msgs/cg_msgs/msg/detail/beacon_multi_tag__type_support.cpp
[15.983s] -- Installing: /home/williamfbx/Lunar-ROADSTER/lr_ws/install/cg_msgs/include/cg_msgs/cg_msgs/msg/detail/trajectory__rosidl_typesupport_introspection_cpp.hpp
[15.983s] -- Installing: /home/williamfbx/Lunar-ROADSTER/lr_ws/install/cg_msgs/include/cg_msgs/cg_msgs/msg/detail/point2_d__rosidl_typesupport_introspection_cpp.hpp
[15.983s] -- Installing: /home/williamfbx/Lunar-ROADSTER/lr_ws/install/cg_msgs/include/cg_msgs/cg_msgs/msg/detail/beacon_tag__rosidl_typesupport_introspection_cpp.hpp
[15.983s] -- Installing: /home/williamfbx/Lunar-ROADSTER/lr_ws/install/cg_msgs/lib/libcg_msgs__rosidl_typesupport_introspection_cpp.so
[15.983s] -- Set runtime path of "/home/williamfbx/Lunar-ROADSTER/lr_ws/install/cg_msgs/lib/libcg_msgs__rosidl_typesupport_introspection_cpp.so" to ""
[15.984s] -- Installing: /home/williamfbx/Lunar-ROADSTER/lr_ws/install/cg_msgs/lib/libcg_msgs__rosidl_typesupport_cpp.so
[15.984s] -- Set runtime path of "/home/williamfbx/Lunar-ROADSTER/lr_ws/install/cg_msgs/lib/libcg_msgs__rosidl_typesupport_cpp.so" to ""
[15.984s] -- Installing: /home/williamfbx/Lunar-ROADSTER/lr_ws/install/cg_msgs/share/cg_msgs/environment/pythonpath.sh
[15.984s] -- Installing: /home/williamfbx/Lunar-ROADSTER/lr_ws/install/cg_msgs/share/cg_msgs/environment/pythonpath.dsv
[15.984s] -- Installing: /home/williamfbx/Lunar-ROADSTER/lr_ws/install/cg_msgs/local/lib/python3.10/dist-packages/cg_msgs-0.0.0-py3.10.egg-info
[15.984s] -- Installing: /home/williamfbx/Lunar-ROADSTER/lr_ws/install/cg_msgs/local/lib/python3.10/dist-packages/cg_msgs-0.0.0-py3.10.egg-info/dependency_links.txt
[15.984s] -- Installing: /home/williamfbx/Lunar-ROADSTER/lr_ws/install/cg_msgs/local/lib/python3.10/dist-packages/cg_msgs-0.0.0-py3.10.egg-info/SOURCES.txt
[15.984s] -- Installing: /home/williamfbx/Lunar-ROADSTER/lr_ws/install/cg_msgs/local/lib/python3.10/dist-packages/cg_msgs-0.0.0-py3.10.egg-info/PKG-INFO
[15.984s] -- Installing: /home/williamfbx/Lunar-ROADSTER/lr_ws/install/cg_msgs/local/lib/python3.10/dist-packages/cg_msgs-0.0.0-py3.10.egg-info/top_level.txt
[15.984s] -- Installing: /home/williamfbx/Lunar-ROADSTER/lr_ws/install/cg_msgs/local/lib/python3.10/dist-packages/cg_msgs
[15.984s] -- Installing: /home/williamfbx/Lunar-ROADSTER/lr_ws/install/cg_msgs/local/lib/python3.10/dist-packages/cg_msgs/cg_msgs_s__rosidl_typesupport_c.cpython-310-x86_64-linux-gnu.so
[15.984s] -- Installing: /home/williamfbx/Lunar-ROADSTER/lr_ws/install/cg_msgs/local/lib/python3.10/dist-packages/cg_msgs/libcg_msgs__rosidl_generator_py.so
[15.985s] -- Installing: /home/williamfbx/Lunar-ROADSTER/lr_ws/install/cg_msgs/local/lib/python3.10/dist-packages/cg_msgs/cg_msgs_s__rosidl_typesupport_fastrtps_c.cpython-310-x86_64-linux-gnu.so
[15.985s] -- Installing: /home/williamfbx/Lunar-ROADSTER/lr_ws/install/cg_msgs/local/lib/python3.10/dist-packages/cg_msgs/_cg_msgs_s.ep.rosidl_typesupport_fastrtps_c.c
[15.985s] -- Installing: /home/williamfbx/Lunar-ROADSTER/lr_ws/install/cg_msgs/local/lib/python3.10/dist-packages/cg_msgs/srv
[15.985s] -- Installing: /home/williamfbx/Lunar-ROADSTER/lr_ws/install/cg_msgs/local/lib/python3.10/dist-packages/cg_msgs/srv/_save_map.py
[15.985s] -- Installing: /home/williamfbx/Lunar-ROADSTER/lr_ws/install/cg_msgs/local/lib/python3.10/dist-packages/cg_msgs/srv/_site_map.py
[15.985s] -- Installing: /home/williamfbx/Lunar-ROADSTER/lr_ws/install/cg_msgs/local/lib/python3.10/dist-packages/cg_msgs/srv/_enable_worksystem_s.c
[15.985s] -- Installing: /home/williamfbx/Lunar-ROADSTER/lr_ws/install/cg_msgs/local/lib/python3.10/dist-packages/cg_msgs/srv/_enable_worksystem.py
[15.985s] -- Installing: /home/williamfbx/Lunar-ROADSTER/lr_ws/install/cg_msgs/local/lib/python3.10/dist-packages/cg_msgs/srv/_save_map_s.c
[15.985s] -- Installing: /home/williamfbx/Lunar-ROADSTER/lr_ws/install/cg_msgs/local/lib/python3.10/dist-packages/cg_msgs/srv/_update_trajectory.py
[15.985s] -- Installing: /home/williamfbx/Lunar-ROADSTER/lr_ws/install/cg_msgs/local/lib/python3.10/dist-packages/cg_msgs/srv/_site_map_s.c
[15.985s] -- Installing: /home/williamfbx/Lunar-ROADSTER/lr_ws/install/cg_msgs/local/lib/python3.10/dist-packages/cg_msgs/srv/_update_trajectory_s.c
[15.985s] -- Installing: /home/williamfbx/Lunar-ROADSTER/lr_ws/install/cg_msgs/local/lib/python3.10/dist-packages/cg_msgs/srv/__init__.py
[15.985s] -- Installing: /home/williamfbx/Lunar-ROADSTER/lr_ws/install/cg_msgs/local/lib/python3.10/dist-packages/cg_msgs/_cg_msgs_s.ep.rosidl_typesupport_introspection_c.c
[15.985s] -- Installing: /home/williamfbx/Lunar-ROADSTER/lr_ws/install/cg_msgs/local/lib/python3.10/dist-packages/cg_msgs/cg_msgs_s__rosidl_typesupport_introspection_c.cpython-310-x86_64-linux-gnu.so
[15.986s] -- Installing: /home/williamfbx/Lunar-ROADSTER/lr_ws/install/cg_msgs/local/lib/python3.10/dist-packages/cg_msgs/__init__.py
[15.986s] -- Installing: /home/williamfbx/Lunar-ROADSTER/lr_ws/install/cg_msgs/local/lib/python3.10/dist-packages/cg_msgs/_cg_msgs_s.ep.rosidl_typesupport_c.c
[15.986s] -- Installing: /home/williamfbx/Lunar-ROADSTER/lr_ws/install/cg_msgs/local/lib/python3.10/dist-packages/cg_msgs/msg
[15.986s] -- Installing: /home/williamfbx/Lunar-ROADSTER/lr_ws/install/cg_msgs/local/lib/python3.10/dist-packages/cg_msgs/msg/_trajectory_s.c
[15.986s] -- Installing: /home/williamfbx/Lunar-ROADSTER/lr_ws/install/cg_msgs/local/lib/python3.10/dist-packages/cg_msgs/msg/_actuator_command_s.c
[15.986s] -- Installing: /home/williamfbx/Lunar-ROADSTER/lr_ws/install/cg_msgs/local/lib/python3.10/dist-packages/cg_msgs/msg/_slip.py
[15.986s] -- Installing: /home/williamfbx/Lunar-ROADSTER/lr_ws/install/cg_msgs/local/lib/python3.10/dist-packages/cg_msgs/msg/_mux_mode_s.c
[15.986s] -- Installing: /home/williamfbx/Lunar-ROADSTER/lr_ws/install/cg_msgs/local/lib/python3.10/dist-packages/cg_msgs/msg/_point2_d.py
[15.986s] -- Installing: /home/williamfbx/Lunar-ROADSTER/lr_ws/install/cg_msgs/local/lib/python3.10/dist-packages/cg_msgs/msg/_slip_s.c
[15.986s] -- Installing: /home/williamfbx/Lunar-ROADSTER/lr_ws/install/cg_msgs/local/lib/python3.10/dist-packages/cg_msgs/msg/_site_map.py
[15.986s] -- Installing: /home/williamfbx/Lunar-ROADSTER/lr_ws/install/cg_msgs/local/lib/python3.10/dist-packages/cg_msgs/msg/_encoder_telemetry.py
[15.986s] -- Installing: /home/williamfbx/Lunar-ROADSTER/lr_ws/install/cg_msgs/local/lib/python3.10/dist-packages/cg_msgs/msg/_actuator_command.py
[15.986s] -- Installing: /home/williamfbx/Lunar-ROADSTER/lr_ws/install/cg_msgs/local/lib/python3.10/dist-packages/cg_msgs/msg/_trajectory.py
[15.986s] -- Installing: /home/williamfbx/Lunar-ROADSTER/lr_ws/install/cg_msgs/local/lib/python3.10/dist-packages/cg_msgs/msg/_mux_mode.py
[15.986s] -- Installing: /home/williamfbx/Lunar-ROADSTER/lr_ws/install/cg_msgs/local/lib/python3.10/dist-packages/cg_msgs/msg/_beacon_multi_tag_s.c
[15.987s] -- Installing: /home/williamfbx/Lunar-ROADSTER/lr_ws/install/cg_msgs/local/lib/python3.10/dist-packages/cg_msgs/msg/_beacon_tag.py
[15.987s] -- Installing: /home/williamfbx/Lunar-ROADSTER/lr_ws/install/cg_msgs/local/lib/python3.10/dist-packages/cg_msgs/msg/_pose2_d.py
[15.987s] -- Installing: /home/williamfbx/Lunar-ROADSTER/lr_ws/install/cg_msgs/local/lib/python3.10/dist-packages/cg_msgs/msg/_site_map_s.c
[15.987s] -- Installing: /home/williamfbx/Lunar-ROADSTER/lr_ws/install/cg_msgs/local/lib/python3.10/dist-packages/cg_msgs/msg/_beacon_multi_tag.py
[15.987s] -- Installing: /home/williamfbx/Lunar-ROADSTER/lr_ws/install/cg_msgs/local/lib/python3.10/dist-packages/cg_msgs/msg/_pose2_d_s.c
[15.987s] -- Installing: /home/williamfbx/Lunar-ROADSTER/lr_ws/install/cg_msgs/local/lib/python3.10/dist-packages/cg_msgs/msg/_beacon_tag_s.c
[15.987s] -- Installing: /home/williamfbx/Lunar-ROADSTER/lr_ws/install/cg_msgs/local/lib/python3.10/dist-packages/cg_msgs/msg/_actuator_state.py
[15.987s] -- Installing: /home/williamfbx/Lunar-ROADSTER/lr_ws/install/cg_msgs/local/lib/python3.10/dist-packages/cg_msgs/msg/_actuator_state_s.c
[15.987s] -- Installing: /home/williamfbx/Lunar-ROADSTER/lr_ws/install/cg_msgs/local/lib/python3.10/dist-packages/cg_msgs/msg/_encoder_telemetry_s.c
[15.987s] -- Installing: /home/williamfbx/Lunar-ROADSTER/lr_ws/install/cg_msgs/local/lib/python3.10/dist-packages/cg_msgs/msg/__init__.py
[15.987s] -- Installing: /home/williamfbx/Lunar-ROADSTER/lr_ws/install/cg_msgs/local/lib/python3.10/dist-packages/cg_msgs/msg/_point2_d_s.c
[16.026s] Listing '/home/williamfbx/Lunar-ROADSTER/lr_ws/install/cg_msgs/local/lib/python3.10/dist-packages/cg_msgs'...
[16.026s] Compiling '/home/williamfbx/Lunar-ROADSTER/lr_ws/install/cg_msgs/local/lib/python3.10/dist-packages/cg_msgs/__init__.py'...
[16.026s] Listing '/home/williamfbx/Lunar-ROADSTER/lr_ws/install/cg_msgs/local/lib/python3.10/dist-packages/cg_msgs/msg'...
[16.026s] Compiling '/home/williamfbx/Lunar-ROADSTER/lr_ws/install/cg_msgs/local/lib/python3.10/dist-packages/cg_msgs/msg/__init__.py'...
[16.026s] Compiling '/home/williamfbx/Lunar-ROADSTER/lr_ws/install/cg_msgs/local/lib/python3.10/dist-packages/cg_msgs/msg/_actuator_command.py'...
[16.026s] Compiling '/home/williamfbx/Lunar-ROADSTER/lr_ws/install/cg_msgs/local/lib/python3.10/dist-packages/cg_msgs/msg/_actuator_state.py'...
[16.026s] Compiling '/home/williamfbx/Lunar-ROADSTER/lr_ws/install/cg_msgs/local/lib/python3.10/dist-packages/cg_msgs/msg/_beacon_multi_tag.py'...
[16.026s] Compiling '/home/williamfbx/Lunar-ROADSTER/lr_ws/install/cg_msgs/local/lib/python3.10/dist-packages/cg_msgs/msg/_beacon_tag.py'...
[16.026s] Compiling '/home/williamfbx/Lunar-ROADSTER/lr_ws/install/cg_msgs/local/lib/python3.10/dist-packages/cg_msgs/msg/_encoder_telemetry.py'...
[16.026s] Compiling '/home/williamfbx/Lunar-ROADSTER/lr_ws/install/cg_msgs/local/lib/python3.10/dist-packages/cg_msgs/msg/_mux_mode.py'...
[16.026s] Compiling '/home/williamfbx/Lunar-ROADSTER/lr_ws/install/cg_msgs/local/lib/python3.10/dist-packages/cg_msgs/msg/_point2_d.py'...
[16.026s] Compiling '/home/williamfbx/Lunar-ROADSTER/lr_ws/install/cg_msgs/local/lib/python3.10/dist-packages/cg_msgs/msg/_pose2_d.py'...
[16.026s] Compiling '/home/williamfbx/Lunar-ROADSTER/lr_ws/install/cg_msgs/local/lib/python3.10/dist-packages/cg_msgs/msg/_site_map.py'...
[16.026s] Compiling '/home/williamfbx/Lunar-ROADSTER/lr_ws/install/cg_msgs/local/lib/python3.10/dist-packages/cg_msgs/msg/_slip.py'...
[16.026s] Compiling '/home/williamfbx/Lunar-ROADSTER/lr_ws/install/cg_msgs/local/lib/python3.10/dist-packages/cg_msgs/msg/_trajectory.py'...
[16.026s] Listing '/home/williamfbx/Lunar-ROADSTER/lr_ws/install/cg_msgs/local/lib/python3.10/dist-packages/cg_msgs/srv'...
[16.026s] Compiling '/home/williamfbx/Lunar-ROADSTER/lr_ws/install/cg_msgs/local/lib/python3.10/dist-packages/cg_msgs/srv/__init__.py'...
[16.026s] Compiling '/home/williamfbx/Lunar-ROADSTER/lr_ws/install/cg_msgs/local/lib/python3.10/dist-packages/cg_msgs/srv/_enable_worksystem.py'...
[16.027s] Compiling '/home/williamfbx/Lunar-ROADSTER/lr_ws/install/cg_msgs/local/lib/python3.10/dist-packages/cg_msgs/srv/_save_map.py'...
[16.027s] Compiling '/home/williamfbx/Lunar-ROADSTER/lr_ws/install/cg_msgs/local/lib/python3.10/dist-packages/cg_msgs/srv/_site_map.py'...
[16.027s] Compiling '/home/williamfbx/Lunar-ROADSTER/lr_ws/install/cg_msgs/local/lib/python3.10/dist-packages/cg_msgs/srv/_update_trajectory.py'...
[16.030s] -- Installing: /home/williamfbx/Lunar-ROADSTER/lr_ws/install/cg_msgs/local/lib/python3.10/dist-packages/cg_msgs/cg_msgs_s__rosidl_typesupport_fastrtps_c.cpython-310-x86_64-linux-gnu.so
[16.030s] -- Set runtime path of "/home/williamfbx/Lunar-ROADSTER/lr_ws/install/cg_msgs/local/lib/python3.10/dist-packages/cg_msgs/cg_msgs_s__rosidl_typesupport_fastrtps_c.cpython-310-x86_64-linux-gnu.so" to ""
[16.030s] -- Installing: /home/williamfbx/Lunar-ROADSTER/lr_ws/install/cg_msgs/local/lib/python3.10/dist-packages/cg_msgs/cg_msgs_s__rosidl_typesupport_introspection_c.cpython-310-x86_64-linux-gnu.so
[16.030s] -- Set runtime path of "/home/williamfbx/Lunar-ROADSTER/lr_ws/install/cg_msgs/local/lib/python3.10/dist-packages/cg_msgs/cg_msgs_s__rosidl_typesupport_introspection_c.cpython-310-x86_64-linux-gnu.so" to ""
[16.030s] -- Installing: /home/williamfbx/Lunar-ROADSTER/lr_ws/install/cg_msgs/local/lib/python3.10/dist-packages/cg_msgs/cg_msgs_s__rosidl_typesupport_c.cpython-310-x86_64-linux-gnu.so
[16.030s] -- Set runtime path of "/home/williamfbx/Lunar-ROADSTER/lr_ws/install/cg_msgs/local/lib/python3.10/dist-packages/cg_msgs/cg_msgs_s__rosidl_typesupport_c.cpython-310-x86_64-linux-gnu.so" to ""
[16.030s] -- Installing: /home/williamfbx/Lunar-ROADSTER/lr_ws/install/cg_msgs/lib/libcg_msgs__rosidl_generator_py.so
[16.031s] -- Set runtime path of "/home/williamfbx/Lunar-ROADSTER/lr_ws/install/cg_msgs/lib/libcg_msgs__rosidl_generator_py.so" to ""
[16.031s] -- Installing: /home/williamfbx/Lunar-ROADSTER/lr_ws/install/cg_msgs/share/cg_msgs/msg/ActuatorCommand.idl
[16.031s] -- Installing: /home/williamfbx/Lunar-ROADSTER/lr_ws/install/cg_msgs/share/cg_msgs/msg/BeaconTag.idl
[16.031s] -- Installing: /home/williamfbx/Lunar-ROADSTER/lr_ws/install/cg_msgs/share/cg_msgs/msg/BeaconMultiTag.idl
[16.031s] -- Installing: /home/williamfbx/Lunar-ROADSTER/lr_ws/install/cg_msgs/share/cg_msgs/msg/EncoderTelemetry.idl
[16.031s] -- Installing: /home/williamfbx/Lunar-ROADSTER/lr_ws/install/cg_msgs/share/cg_msgs/msg/Point2D.idl
[16.031s] -- Installing: /home/williamfbx/Lunar-ROADSTER/lr_ws/install/cg_msgs/share/cg_msgs/msg/Pose2D.idl
[16.031s] -- Installing: /home/williamfbx/Lunar-ROADSTER/lr_ws/install/cg_msgs/share/cg_msgs/msg/Slip.idl
[16.031s] -- Installing: /home/williamfbx/Lunar-ROADSTER/lr_ws/install/cg_msgs/share/cg_msgs/msg/MuxMode.idl
[16.031s] -- Installing: /home/williamfbx/Lunar-ROADSTER/lr_ws/install/cg_msgs/share/cg_msgs/msg/ActuatorState.idl
[16.031s] -- Installing: /home/williamfbx/Lunar-ROADSTER/lr_ws/install/cg_msgs/share/cg_msgs/msg/SiteMap.idl
[16.031s] -- Installing: /home/williamfbx/Lunar-ROADSTER/lr_ws/install/cg_msgs/share/cg_msgs/msg/Trajectory.idl
[16.031s] -- Installing: /home/williamfbx/Lunar-ROADSTER/lr_ws/install/cg_msgs/share/cg_msgs/srv/SiteMap.idl
[16.032s] -- Installing: /home/williamfbx/Lunar-ROADSTER/lr_ws/install/cg_msgs/share/cg_msgs/srv/UpdateTrajectory.idl
[16.032s] -- Installing: /home/williamfbx/Lunar-ROADSTER/lr_ws/install/cg_msgs/share/cg_msgs/srv/EnableWorksystem.idl
[16.032s] -- Installing: /home/williamfbx/Lunar-ROADSTER/lr_ws/install/cg_msgs/share/cg_msgs/srv/SaveMap.idl
[16.032s] -- Installing: /home/williamfbx/Lunar-ROADSTER/lr_ws/install/cg_msgs/share/cg_msgs/srv/SiteMap.srv
[16.032s] -- Installing: /home/williamfbx/Lunar-ROADSTER/lr_ws/install/cg_msgs/share/cg_msgs/srv/SiteMap_Request.msg
[16.032s] -- Installing: /home/williamfbx/Lunar-ROADSTER/lr_ws/install/cg_msgs/share/cg_msgs/srv/SiteMap_Response.msg
[16.032s] -- Installing: /home/williamfbx/Lunar-ROADSTER/lr_ws/install/cg_msgs/share/cg_msgs/srv/UpdateTrajectory.srv
[16.032s] -- Installing: /home/williamfbx/Lunar-ROADSTER/lr_ws/install/cg_msgs/share/cg_msgs/srv/UpdateTrajectory_Request.msg
[16.032s] -- Installing: /home/williamfbx/Lunar-ROADSTER/lr_ws/install/cg_msgs/share/cg_msgs/srv/UpdateTrajectory_Response.msg
[16.032s] -- Installing: /home/williamfbx/Lunar-ROADSTER/lr_ws/install/cg_msgs/share/cg_msgs/srv/EnableWorksystem.srv
[16.032s] -- Installing: /home/williamfbx/Lunar-ROADSTER/lr_ws/install/cg_msgs/share/cg_msgs/srv/EnableWorksystem_Request.msg
[16.032s] -- Installing: /home/williamfbx/Lunar-ROADSTER/lr_ws/install/cg_msgs/share/cg_msgs/srv/EnableWorksystem_Response.msg
[16.032s] -- Installing: /home/williamfbx/Lunar-ROADSTER/lr_ws/install/cg_msgs/share/cg_msgs/srv/SaveMap.srv
[16.033s] -- Installing: /home/williamfbx/Lunar-ROADSTER/lr_ws/install/cg_msgs/share/cg_msgs/srv/SaveMap_Request.msg
[16.033s] -- Installing: /home/williamfbx/Lunar-ROADSTER/lr_ws/install/cg_msgs/share/cg_msgs/srv/SaveMap_Response.msg
[16.033s] -- Installing: /home/williamfbx/Lunar-ROADSTER/lr_ws/install/cg_msgs/share/ament_index/resource_index/package_run_dependencies/cg_msgs
[16.033s] -- Installing: /home/williamfbx/Lunar-ROADSTER/lr_ws/install/cg_msgs/share/ament_index/resource_index/parent_prefix_path/cg_msgs
[16.033s] -- Installing: /home/williamfbx/Lunar-ROADSTER/lr_ws/install/cg_msgs/share/cg_msgs/environment/ament_prefix_path.sh
[16.033s] -- Installing: /home/williamfbx/Lunar-ROADSTER/lr_ws/install/cg_msgs/share/cg_msgs/environment/ament_prefix_path.dsv
[16.033s] -- Installing: /home/williamfbx/Lunar-ROADSTER/lr_ws/install/cg_msgs/share/cg_msgs/environment/path.sh
[16.033s] -- Installing: /home/williamfbx/Lunar-ROADSTER/lr_ws/install/cg_msgs/share/cg_msgs/environment/path.dsv
[16.033s] -- Installing: /home/williamfbx/Lunar-ROADSTER/lr_ws/install/cg_msgs/share/cg_msgs/local_setup.bash
[16.033s] -- Installing: /home/williamfbx/Lunar-ROADSTER/lr_ws/install/cg_msgs/share/cg_msgs/local_setup.sh
[16.033s] -- Installing: /home/williamfbx/Lunar-ROADSTER/lr_ws/install/cg_msgs/share/cg_msgs/local_setup.zsh
[16.033s] -- Installing: /home/williamfbx/Lunar-ROADSTER/lr_ws/install/cg_msgs/share/cg_msgs/local_setup.dsv
[16.033s] -- Installing: /home/williamfbx/Lunar-ROADSTER/lr_ws/install/cg_msgs/share/cg_msgs/package.dsv
[16.033s] -- Installing: /home/williamfbx/Lunar-ROADSTER/lr_ws/install/cg_msgs/share/ament_index/resource_index/packages/cg_msgs
[16.034s] -- Installing: /home/williamfbx/Lunar-ROADSTER/lr_ws/install/cg_msgs/share/cg_msgs/cmake/export_cg_msgs__rosidl_generator_cExport.cmake
[16.034s] -- Installing: /home/williamfbx/Lunar-ROADSTER/lr_ws/install/cg_msgs/share/cg_msgs/cmake/export_cg_msgs__rosidl_generator_cExport-noconfig.cmake
[16.034s] -- Installing: /home/williamfbx/Lunar-ROADSTER/lr_ws/install/cg_msgs/share/cg_msgs/cmake/export_cg_msgs__rosidl_typesupport_fastrtps_cExport.cmake
[16.034s] -- Installing: /home/williamfbx/Lunar-ROADSTER/lr_ws/install/cg_msgs/share/cg_msgs/cmake/export_cg_msgs__rosidl_typesupport_fastrtps_cExport-noconfig.cmake
[16.034s] -- Installing: /home/williamfbx/Lunar-ROADSTER/lr_ws/install/cg_msgs/share/cg_msgs/cmake/export_cg_msgs__rosidl_generator_cppExport.cmake
[16.034s] -- Installing: /home/williamfbx/Lunar-ROADSTER/lr_ws/install/cg_msgs/share/cg_msgs/cmake/export_cg_msgs__rosidl_typesupport_fastrtps_cppExport.cmake
[16.034s] -- Installing: /home/williamfbx/Lunar-ROADSTER/lr_ws/install/cg_msgs/share/cg_msgs/cmake/export_cg_msgs__rosidl_typesupport_fastrtps_cppExport-noconfig.cmake
[16.034s] -- Installing: /home/williamfbx/Lunar-ROADSTER/lr_ws/install/cg_msgs/share/cg_msgs/cmake/cg_msgs__rosidl_typesupport_introspection_cExport.cmake
[16.034s] -- Installing: /home/williamfbx/Lunar-ROADSTER/lr_ws/install/cg_msgs/share/cg_msgs/cmake/cg_msgs__rosidl_typesupport_introspection_cExport-noconfig.cmake
[16.034s] -- Installing: /home/williamfbx/Lunar-ROADSTER/lr_ws/install/cg_msgs/share/cg_msgs/cmake/cg_msgs__rosidl_typesupport_cExport.cmake
[16.034s] -- Installing: /home/williamfbx/Lunar-ROADSTER/lr_ws/install/cg_msgs/share/cg_msgs/cmake/cg_msgs__rosidl_typesupport_cExport-noconfig.cmake
[16.034s] -- Installing: /home/williamfbx/Lunar-ROADSTER/lr_ws/install/cg_msgs/share/cg_msgs/cmake/cg_msgs__rosidl_typesupport_introspection_cppExport.cmake
[16.035s] -- Installing: /home/williamfbx/Lunar-ROADSTER/lr_ws/install/cg_msgs/share/cg_msgs/cmake/cg_msgs__rosidl_typesupport_introspection_cppExport-noconfig.cmake
[16.035s] -- Installing: /home/williamfbx/Lunar-ROADSTER/lr_ws/install/cg_msgs/share/cg_msgs/cmake/cg_msgs__rosidl_typesupport_cppExport.cmake
[16.035s] -- Installing: /home/williamfbx/Lunar-ROADSTER/lr_ws/install/cg_msgs/share/cg_msgs/cmake/cg_msgs__rosidl_typesupport_cppExport-noconfig.cmake
[16.035s] -- Installing: /home/williamfbx/Lunar-ROADSTER/lr_ws/install/cg_msgs/share/cg_msgs/cmake/export_cg_msgs__rosidl_generator_pyExport.cmake
[16.035s] -- Installing: /home/williamfbx/Lunar-ROADSTER/lr_ws/install/cg_msgs/share/cg_msgs/cmake/export_cg_msgs__rosidl_generator_pyExport-noconfig.cmake
[16.035s] -- Installing: /home/williamfbx/Lunar-ROADSTER/lr_ws/install/cg_msgs/share/cg_msgs/cmake/rosidl_cmake-extras.cmake
[16.035s] -- Installing: /home/williamfbx/Lunar-ROADSTER/lr_ws/install/cg_msgs/share/cg_msgs/cmake/ament_cmake_export_dependencies-extras.cmake
[16.035s] -- Installing: /home/williamfbx/Lunar-ROADSTER/lr_ws/install/cg_msgs/share/cg_msgs/cmake/ament_cmake_export_include_directories-extras.cmake
[16.035s] -- Installing: /home/williamfbx/Lunar-ROADSTER/lr_ws/install/cg_msgs/share/cg_msgs/cmake/ament_cmake_export_libraries-extras.cmake
[16.035s] -- Installing: /home/williamfbx/Lunar-ROADSTER/lr_ws/install/cg_msgs/share/cg_msgs/cmake/ament_cmake_export_targets-extras.cmake
[16.035s] -- Installing: /home/williamfbx/Lunar-ROADSTER/lr_ws/install/cg_msgs/share/cg_msgs/cmake/rosidl_cmake_export_typesupport_targets-extras.cmake
[16.035s] -- Installing: /home/williamfbx/Lunar-ROADSTER/lr_ws/install/cg_msgs/share/cg_msgs/cmake/rosidl_cmake_export_typesupport_libraries-extras.cmake
[16.035s] -- Installing: /home/williamfbx/Lunar-ROADSTER/lr_ws/install/cg_msgs/share/cg_msgs/cmake/cg_msgsConfig.cmake
[16.035s] -- Installing: /home/williamfbx/Lunar-ROADSTER/lr_ws/install/cg_msgs/share/cg_msgs/cmake/cg_msgsConfig-version.cmake
[16.036s] -- Installing: /home/williamfbx/Lunar-ROADSTER/lr_ws/install/cg_msgs/share/cg_msgs/package.xml
[16.038s] Invoked command in '/home/williamfbx/Lunar-ROADSTER/lr_ws/build/cg_msgs' returned '0': CMAKE_PREFIX_PATH=/opt/ros/humble /usr/bin/cmake --install /home/williamfbx/Lunar-ROADSTER/lr_ws/build/cg_msgs
