[0.092s] Invoking command in '/root/Lunar_ROADSTER/lr_ws/build/nav2_velocity_smoother': AMENT_PREFIX_PATH=/root/Lunar_ROADSTER/lr_ws/install/nav2_util:/root/Lunar_ROADSTER/lr_ws/install/nav2_msgs:/root/Lunar_ROADSTER/lr_ws/install/nav2_common:${AMENT_PREFIX_PATH} CMAKE_PREFIX_PATH=/root/Lunar_ROADSTER/lr_ws/install/nav2_util:/root/Lunar_ROADSTER/lr_ws/install/nav2_msgs:/root/Lunar_ROADSTER/lr_ws/install/nav2_common:/opt/ros/humble LD_LIBRARY_PATH=/root/Lunar_ROADSTER/lr_ws/install/nav2_util/lib:/root/Lunar_ROADSTER/lr_ws/install/nav2_msgs/lib:/opt/ros/humble/opt/rviz_ogre_vendor/lib:/opt/ros/humble/lib/aarch64-linux-gnu:/opt/ros/humble/lib:/usr/local/cuda/lib64 PYTHONPATH=/root/Lunar_ROADSTER/lr_ws/install/nav2_msgs/local/lib/python3.10/dist-packages:/root/Lunar_ROADSTER/lr_ws/install/nav2_common/local/lib/python3.10/dist-packages:${PYTHONPATH} /usr/local/bin/cmake --build /root/Lunar_ROADSTER/lr_ws/build/nav2_velocity_smoother -- -j4 -l4
[0.328s] [35m[1mConsolidate compiler generated dependencies of target velocity_smoother_core[0m
[0.542s] [ 20%] Built target velocity_smoother_core
[0.720s] [35m[1mConsolidate compiler generated dependencies of target gtest[0m
[0.771s] [ 40%] Built target gtest
[0.941s] [35m[1mConsolidate compiler generated dependencies of target velocity_smoother[0m
[1.042s] [ 60%] Built target velocity_smoother
[1.338s] [35m[1mConsolidate compiler generated dependencies of target gtest_main[0m
[1.389s] [ 80%] Built target gtest_main
[1.591s] [35m[1mConsolidate compiler generated dependencies of target velocity_smoother_tests[0m
[1.852s] [100%] Built target velocity_smoother_tests
[1.878s] Invoked command in '/root/Lunar_ROADSTER/lr_ws/build/nav2_velocity_smoother' returned '0': AMENT_PREFIX_PATH=/root/Lunar_ROADSTER/lr_ws/install/nav2_util:/root/Lunar_ROADSTER/lr_ws/install/nav2_msgs:/root/Lunar_ROADSTER/lr_ws/install/nav2_common:${AMENT_PREFIX_PATH} CMAKE_PREFIX_PATH=/root/Lunar_ROADSTER/lr_ws/install/nav2_util:/root/Lunar_ROADSTER/lr_ws/install/nav2_msgs:/root/Lunar_ROADSTER/lr_ws/install/nav2_common:/opt/ros/humble LD_LIBRARY_PATH=/root/Lunar_ROADSTER/lr_ws/install/nav2_util/lib:/root/Lunar_ROADSTER/lr_ws/install/nav2_msgs/lib:/opt/ros/humble/opt/rviz_ogre_vendor/lib:/opt/ros/humble/lib/aarch64-linux-gnu:/opt/ros/humble/lib:/usr/local/cuda/lib64 PYTHONPATH=/root/Lunar_ROADSTER/lr_ws/install/nav2_msgs/local/lib/python3.10/dist-packages:/root/Lunar_ROADSTER/lr_ws/install/nav2_common/local/lib/python3.10/dist-packages:${PYTHONPATH} /usr/local/bin/cmake --build /root/Lunar_ROADSTER/lr_ws/build/nav2_velocity_smoother -- -j4 -l4
[2.032s] Invoking command in '/root/Lunar_ROADSTER/lr_ws/build/nav2_velocity_smoother': AMENT_PREFIX_PATH=/root/Lunar_ROADSTER/lr_ws/install/nav2_util:/root/Lunar_ROADSTER/lr_ws/install/nav2_msgs:/root/Lunar_ROADSTER/lr_ws/install/nav2_common:${AMENT_PREFIX_PATH} CMAKE_PREFIX_PATH=/root/Lunar_ROADSTER/lr_ws/install/nav2_util:/root/Lunar_ROADSTER/lr_ws/install/nav2_msgs:/root/Lunar_ROADSTER/lr_ws/install/nav2_common:/opt/ros/humble LD_LIBRARY_PATH=/root/Lunar_ROADSTER/lr_ws/install/nav2_util/lib:/root/Lunar_ROADSTER/lr_ws/install/nav2_msgs/lib:/opt/ros/humble/opt/rviz_ogre_vendor/lib:/opt/ros/humble/lib/aarch64-linux-gnu:/opt/ros/humble/lib:/usr/local/cuda/lib64 PYTHONPATH=/root/Lunar_ROADSTER/lr_ws/install/nav2_msgs/local/lib/python3.10/dist-packages:/root/Lunar_ROADSTER/lr_ws/install/nav2_common/local/lib/python3.10/dist-packages:${PYTHONPATH} /usr/local/bin/cmake --install /root/Lunar_ROADSTER/lr_ws/build/nav2_velocity_smoother
[2.037s] -- Install configuration: "Release"
[2.041s] -- Up-to-date: /root/Lunar_ROADSTER/lr_ws/install/nav2_velocity_smoother/lib/libvelocity_smoother_core.so
[2.043s] -- Up-to-date: /root/Lunar_ROADSTER/lr_ws/install/nav2_velocity_smoother/lib/nav2_velocity_smoother/velocity_smoother
[2.044s] -- Up-to-date: /root/Lunar_ROADSTER/lr_ws/install/nav2_velocity_smoother/include/
[2.045s] -- Up-to-date: /root/Lunar_ROADSTER/lr_ws/install/nav2_velocity_smoother/include//nav2_velocity_smoother
[2.046s] -- Up-to-date: /root/Lunar_ROADSTER/lr_ws/install/nav2_velocity_smoother/include//nav2_velocity_smoother/velocity_smoother.hpp
[2.046s] -- Up-to-date: /root/Lunar_ROADSTER/lr_ws/install/nav2_velocity_smoother/share/nav2_velocity_smoother/environment/library_path.sh
[2.047s] -- Up-to-date: /root/Lunar_ROADSTER/lr_ws/install/nav2_velocity_smoother/share/nav2_velocity_smoother/environment/library_path.dsv
[2.047s] -- Up-to-date: /root/Lunar_ROADSTER/lr_ws/install/nav2_velocity_smoother/share/ament_index/resource_index/package_run_dependencies/nav2_velocity_smoother
[2.048s] -- Up-to-date: /root/Lunar_ROADSTER/lr_ws/install/nav2_velocity_smoother/share/ament_index/resource_index/parent_prefix_path/nav2_velocity_smoother
[2.048s] -- Up-to-date: /root/Lunar_ROADSTER/lr_ws/install/nav2_velocity_smoother/share/nav2_velocity_smoother/environment/ament_prefix_path.sh
[2.049s] -- Up-to-date: /root/Lunar_ROADSTER/lr_ws/install/nav2_velocity_smoother/share/nav2_velocity_smoother/environment/ament_prefix_path.dsv
[2.049s] -- Up-to-date: /root/Lunar_ROADSTER/lr_ws/install/nav2_velocity_smoother/share/nav2_velocity_smoother/environment/path.sh
[2.049s] -- Up-to-date: /root/Lunar_ROADSTER/lr_ws/install/nav2_velocity_smoother/share/nav2_velocity_smoother/environment/path.dsv
[2.052s] -- Up-to-date: /root/Lunar_ROADSTER/lr_ws/install/nav2_velocity_smoother/share/nav2_velocity_smoother/local_setup.bash
[2.053s] -- Up-to-date: /root/Lunar_ROADSTER/lr_ws/install/nav2_velocity_smoother/share/nav2_velocity_smoother/local_setup.sh
[2.054s] -- Up-to-date: /root/Lunar_ROADSTER/lr_ws/install/nav2_velocity_smoother/share/nav2_velocity_smoother/local_setup.zsh
[2.055s] -- Up-to-date: /root/Lunar_ROADSTER/lr_ws/install/nav2_velocity_smoother/share/nav2_velocity_smoother/local_setup.dsv
[2.055s] -- Installing: /root/Lunar_ROADSTER/lr_ws/install/nav2_velocity_smoother/share/nav2_velocity_smoother/package.dsv
[2.057s] -- Up-to-date: /root/Lunar_ROADSTER/lr_ws/install/nav2_velocity_smoother/share/ament_index/resource_index/packages/nav2_velocity_smoother
[2.058s] -- Up-to-date: /root/Lunar_ROADSTER/lr_ws/install/nav2_velocity_smoother/share/ament_index/resource_index/rclcpp_components/nav2_velocity_smoother
[2.058s] -- Up-to-date: /root/Lunar_ROADSTER/lr_ws/install/nav2_velocity_smoother/share/nav2_velocity_smoother/cmake/ament_cmake_export_include_directories-extras.cmake
[2.059s] -- Up-to-date: /root/Lunar_ROADSTER/lr_ws/install/nav2_velocity_smoother/share/nav2_velocity_smoother/cmake/ament_cmake_export_libraries-extras.cmake
[2.060s] -- Up-to-date: /root/Lunar_ROADSTER/lr_ws/install/nav2_velocity_smoother/share/nav2_velocity_smoother/cmake/ament_cmake_export_dependencies-extras.cmake
[2.060s] -- Up-to-date: /root/Lunar_ROADSTER/lr_ws/install/nav2_velocity_smoother/share/nav2_velocity_smoother/cmake/nav2_velocity_smootherConfig.cmake
[2.061s] -- Up-to-date: /root/Lunar_ROADSTER/lr_ws/install/nav2_velocity_smoother/share/nav2_velocity_smoother/cmake/nav2_velocity_smootherConfig-version.cmake
[2.062s] -- Up-to-date: /root/Lunar_ROADSTER/lr_ws/install/nav2_velocity_smoother/share/nav2_velocity_smoother/package.xml
[2.076s] Invoked command in '/root/Lunar_ROADSTER/lr_ws/build/nav2_velocity_smoother' returned '0': AMENT_PREFIX_PATH=/root/Lunar_ROADSTER/lr_ws/install/nav2_util:/root/Lunar_ROADSTER/lr_ws/install/nav2_msgs:/root/Lunar_ROADSTER/lr_ws/install/nav2_common:${AMENT_PREFIX_PATH} CMAKE_PREFIX_PATH=/root/Lunar_ROADSTER/lr_ws/install/nav2_util:/root/Lunar_ROADSTER/lr_ws/install/nav2_msgs:/root/Lunar_ROADSTER/lr_ws/install/nav2_common:/opt/ros/humble LD_LIBRARY_PATH=/root/Lunar_ROADSTER/lr_ws/install/nav2_util/lib:/root/Lunar_ROADSTER/lr_ws/install/nav2_msgs/lib:/opt/ros/humble/opt/rviz_ogre_vendor/lib:/opt/ros/humble/lib/aarch64-linux-gnu:/opt/ros/humble/lib:/usr/local/cuda/lib64 PYTHONPATH=/root/Lunar_ROADSTER/lr_ws/install/nav2_msgs/local/lib/python3.10/dist-packages:/root/Lunar_ROADSTER/lr_ws/install/nav2_common/local/lib/python3.10/dist-packages:${PYTHONPATH} /usr/local/bin/cmake --install /root/Lunar_ROADSTER/lr_ws/build/nav2_velocity_smoother
