[0.330s] Invoking command in '/root/Lunar_ROADSTER/lr_ws/build/nav2_common': CMAKE_PREFIX_PATH=${CMAKE_PREFIX_PATH}:/root/Lunar_ROADSTER/lr_ws/install/nav2_simple_commander:/opt/ros/humble /usr/local/bin/cmake --build /root/Lunar_ROADSTER/lr_ws/build/nav2_common -- -j4 -l4
[0.841s] Built target ament_cmake_python_copy_nav2_common
[3.981s] running egg_info
[3.986s] writing nav2_common.egg-info/PKG-INFO
[3.987s] writing dependency_links to nav2_common.egg-info/dependency_links.txt
[3.987s] writing top-level names to nav2_common.egg-info/top_level.txt
[3.994s] reading manifest file 'nav2_common.egg-info/SOURCES.txt'
[4.004s] writing manifest file 'nav2_common.egg-info/SOURCES.txt'
[4.139s] Built target ament_cmake_python_build_nav2_common_egg
[4.184s] Invoked command in '/root/Lunar_ROADSTER/lr_ws/build/nav2_common' returned '0': CMAKE_PREFIX_PATH=${CMAKE_PREFIX_PATH}:/root/Lunar_ROADSTER/lr_ws/install/nav2_simple_commander:/opt/ros/humble /usr/local/bin/cmake --build /root/Lunar_ROADSTER/lr_ws/build/nav2_common -- -j4 -l4
[4.234s] Invoking command in '/root/Lunar_ROADSTER/lr_ws/build/nav2_common': CMAKE_PREFIX_PATH=${CMAKE_PREFIX_PATH}:/root/Lunar_ROADSTER/lr_ws/install/nav2_simple_commander:/opt/ros/humble /usr/local/bin/cmake --install /root/Lunar_ROADSTER/lr_ws/build/nav2_common
[4.264s] -- Install configuration: ""
[4.265s] -- Up-to-date: /root/Lunar_ROADSTER/lr_ws/install/nav2_common/share/nav2_common/environment/pythonpath.sh
[4.266s] -- Up-to-date: /root/Lunar_ROADSTER/lr_ws/install/nav2_common/share/nav2_common/environment/pythonpath.dsv
[4.267s] -- Up-to-date: /root/Lunar_ROADSTER/lr_ws/install/nav2_common/local/lib/python3.10/dist-packages/nav2_common-1.1.18-py3.10.egg-info
[4.270s] -- Installing: /root/Lunar_ROADSTER/lr_ws/install/nav2_common/local/lib/python3.10/dist-packages/nav2_common-1.1.18-py3.10.egg-info/PKG-INFO
[4.275s] -- Installing: /root/Lunar_ROADSTER/lr_ws/install/nav2_common/local/lib/python3.10/dist-packages/nav2_common-1.1.18-py3.10.egg-info/dependency_links.txt
[4.289s] -- Installing: /root/Lunar_ROADSTER/lr_ws/install/nav2_common/local/lib/python3.10/dist-packages/nav2_common-1.1.18-py3.10.egg-info/top_level.txt
[4.294s] -- Installing: /root/Lunar_ROADSTER/lr_ws/install/nav2_common/local/lib/python3.10/dist-packages/nav2_common-1.1.18-py3.10.egg-info/SOURCES.txt
[4.294s] -- Up-to-date: /root/Lunar_ROADSTER/lr_ws/install/nav2_common/local/lib/python3.10/dist-packages/nav2_common
[4.294s] -- Up-to-date: /root/Lunar_ROADSTER/lr_ws/install/nav2_common/local/lib/python3.10/dist-packages/nav2_common/__init__.py
[4.295s] -- Up-to-date: /root/Lunar_ROADSTER/lr_ws/install/nav2_common/local/lib/python3.10/dist-packages/nav2_common/launch
[4.295s] -- Up-to-date: /root/Lunar_ROADSTER/lr_ws/install/nav2_common/local/lib/python3.10/dist-packages/nav2_common/launch/__init__.py
[4.295s] -- Up-to-date: /root/Lunar_ROADSTER/lr_ws/install/nav2_common/local/lib/python3.10/dist-packages/nav2_common/launch/has_node_params.py
[4.296s] -- Up-to-date: /root/Lunar_ROADSTER/lr_ws/install/nav2_common/local/lib/python3.10/dist-packages/nav2_common/launch/parse_multirobot_pose.py
[4.296s] -- Up-to-date: /root/Lunar_ROADSTER/lr_ws/install/nav2_common/local/lib/python3.10/dist-packages/nav2_common/launch/replace_string.py
[4.296s] -- Up-to-date: /root/Lunar_ROADSTER/lr_ws/install/nav2_common/local/lib/python3.10/dist-packages/nav2_common/launch/rewritten_yaml.py
[4.542s] Listing '/root/Lunar_ROADSTER/lr_ws/install/nav2_common/local/lib/python3.10/dist-packages/nav2_common'...
[4.542s] Listing '/root/Lunar_ROADSTER/lr_ws/install/nav2_common/local/lib/python3.10/dist-packages/nav2_common/launch'...
[4.613s] -- Up-to-date: /root/Lunar_ROADSTER/lr_ws/install/nav2_common/share/ament_index/resource_index/package_run_dependencies/nav2_common
[4.621s] -- Up-to-date: /root/Lunar_ROADSTER/lr_ws/install/nav2_common/share/ament_index/resource_index/parent_prefix_path/nav2_common
[4.623s] -- Up-to-date: /root/Lunar_ROADSTER/lr_ws/install/nav2_common/share/nav2_common/environment/ament_prefix_path.sh
[4.636s] -- Up-to-date: /root/Lunar_ROADSTER/lr_ws/install/nav2_common/share/nav2_common/environment/ament_prefix_path.dsv
[4.637s] -- Up-to-date: /root/Lunar_ROADSTER/lr_ws/install/nav2_common/share/nav2_common/environment/path.sh
[4.637s] -- Up-to-date: /root/Lunar_ROADSTER/lr_ws/install/nav2_common/share/nav2_common/environment/path.dsv
[4.637s] -- Up-to-date: /root/Lunar_ROADSTER/lr_ws/install/nav2_common/share/nav2_common/local_setup.bash
[4.638s] -- Up-to-date: /root/Lunar_ROADSTER/lr_ws/install/nav2_common/share/nav2_common/local_setup.sh
[4.638s] -- Up-to-date: /root/Lunar_ROADSTER/lr_ws/install/nav2_common/share/nav2_common/local_setup.zsh
[4.638s] -- Up-to-date: /root/Lunar_ROADSTER/lr_ws/install/nav2_common/share/nav2_common/local_setup.dsv
[4.639s] -- Installing: /root/Lunar_ROADSTER/lr_ws/install/nav2_common/share/nav2_common/package.dsv
[4.646s] -- Up-to-date: /root/Lunar_ROADSTER/lr_ws/install/nav2_common/share/ament_index/resource_index/packages/nav2_common
[4.646s] -- Up-to-date: /root/Lunar_ROADSTER/lr_ws/install/nav2_common/share/nav2_common/cmake/nav2_common-extras.cmake
[4.646s] -- Up-to-date: /root/Lunar_ROADSTER/lr_ws/install/nav2_common/share/nav2_common/cmake/nav2_commonConfig.cmake
[4.647s] -- Up-to-date: /root/Lunar_ROADSTER/lr_ws/install/nav2_common/share/nav2_common/cmake/nav2_commonConfig-version.cmake
[4.647s] -- Up-to-date: /root/Lunar_ROADSTER/lr_ws/install/nav2_common/share/nav2_common/package.xml
[4.647s] -- Up-to-date: /root/Lunar_ROADSTER/lr_ws/install/nav2_common/share/nav2_common/cmake
[4.648s] -- Up-to-date: /root/Lunar_ROADSTER/lr_ws/install/nav2_common/share/nav2_common/cmake/nav2_package.cmake
[4.649s] Invoked command in '/root/Lunar_ROADSTER/lr_ws/build/nav2_common' returned '0': CMAKE_PREFIX_PATH=${CMAKE_PREFIX_PATH}:/root/Lunar_ROADSTER/lr_ws/install/nav2_simple_commander:/opt/ros/humble /usr/local/bin/cmake --install /root/Lunar_ROADSTER/lr_ws/build/nav2_common
