[0.012s] Invoking command in '/root/Lunar_ROADSTER/lr_ws/build/grid_map_core': AMENT_PREFIX_PATH=/root/Lunar_ROADSTER/lr_ws/install/grid_map_cmake_helpers:${AMENT_PREFIX_PATH} CMAKE_PREFIX_PATH=/root/Lunar_ROADSTER/lr_ws/install/grid_map_cmake_helpers:/opt/ros/humble /usr/local/bin/cmake --build /root/Lunar_ROADSTER/lr_ws/build/grid_map_core -- -j16 -l16
[0.037s] [35m[1mConsolidate compiler generated dependencies of target gtest[0m
[0.043s] [  5%] Built target gtest_main
[0.044s] [ 11%] Built target gtest
[0.044s] [35m[1mConsolidate compiler generated dependencies of target grid_map_core[0m
[0.066s] [ 54%] Built target grid_map_core
[0.077s] [35m[1mConsolidate compiler generated dependencies of target grid_map_core-test[0m
[0.106s] [100%] Built target grid_map_core-test
[0.113s] Invoked command in '/root/Lunar_ROADSTER/lr_ws/build/grid_map_core' returned '0': AMENT_PREFIX_PATH=/root/Lunar_ROADSTER/lr_ws/install/grid_map_cmake_helpers:${AMENT_PREFIX_PATH} CMAKE_PREFIX_PATH=/root/Lunar_ROADSTER/lr_ws/install/grid_map_cmake_helpers:/opt/ros/humble /usr/local/bin/cmake --build /root/Lunar_ROADSTER/lr_ws/build/grid_map_core -- -j16 -l16
[0.196s] Invoking command in '/root/Lunar_ROADSTER/lr_ws/build/grid_map_core': AMENT_PREFIX_PATH=/root/Lunar_ROADSTER/lr_ws/install/grid_map_cmake_helpers:${AMENT_PREFIX_PATH} CMAKE_PREFIX_PATH=/root/Lunar_ROADSTER/lr_ws/install/grid_map_cmake_helpers:/opt/ros/humble /usr/local/bin/cmake --install /root/Lunar_ROADSTER/lr_ws/build/grid_map_core
[0.199s] -- Install configuration: "Release"
[0.199s] -- Installing: /root/Lunar_ROADSTER/lr_ws/install/grid_map_core/lib/libgrid_map_core.a
[0.200s] -- Installing: /root/Lunar_ROADSTER/lr_ws/install/grid_map_core/include/grid_map_core
[0.200s] -- Installing: /root/Lunar_ROADSTER/lr_ws/install/grid_map_core/include/grid_map_core/grid_map_core
[0.200s] -- Installing: /root/Lunar_ROADSTER/lr_ws/install/grid_map_core/include/grid_map_core/grid_map_core/gtest_eigen.hpp
[0.201s] -- Installing: /root/Lunar_ROADSTER/lr_ws/install/grid_map_core/include/grid_map_core/grid_map_core/TypeDefs.hpp
[0.201s] -- Installing: /root/Lunar_ROADSTER/lr_ws/install/grid_map_core/include/grid_map_core/grid_map_core/SubmapGeometry.hpp
[0.201s] -- Installing: /root/Lunar_ROADSTER/lr_ws/install/grid_map_core/include/grid_map_core/grid_map_core/Polygon.hpp
[0.202s] -- Installing: /root/Lunar_ROADSTER/lr_ws/install/grid_map_core/include/grid_map_core/grid_map_core/GridMapMath.hpp
[0.203s] -- Installing: /root/Lunar_ROADSTER/lr_ws/install/grid_map_core/include/grid_map_core/grid_map_core/BufferRegion.hpp
[0.203s] -- Installing: /root/Lunar_ROADSTER/lr_ws/install/grid_map_core/include/grid_map_core/grid_map_core/GridMap.hpp
[0.204s] -- Installing: /root/Lunar_ROADSTER/lr_ws/install/grid_map_core/include/grid_map_core/grid_map_core/eigen_plugins
[0.204s] -- Installing: /root/Lunar_ROADSTER/lr_ws/install/grid_map_core/include/grid_map_core/grid_map_core/eigen_plugins/FunctorsPlugin.hpp
[0.205s] -- Installing: /root/Lunar_ROADSTER/lr_ws/install/grid_map_core/include/grid_map_core/grid_map_core/eigen_plugins/Functors.hpp
[0.205s] -- Installing: /root/Lunar_ROADSTER/lr_ws/install/grid_map_core/include/grid_map_core/grid_map_core/eigen_plugins/DenseBasePlugin.hpp
[0.205s] -- Installing: /root/Lunar_ROADSTER/lr_ws/install/grid_map_core/include/grid_map_core/grid_map_core/CubicInterpolation.hpp
[0.206s] -- Installing: /root/Lunar_ROADSTER/lr_ws/install/grid_map_core/include/grid_map_core/grid_map_core/iterators
[0.206s] -- Installing: /root/Lunar_ROADSTER/lr_ws/install/grid_map_core/include/grid_map_core/grid_map_core/iterators/PolygonIterator.hpp
[0.206s] -- Installing: /root/Lunar_ROADSTER/lr_ws/install/grid_map_core/include/grid_map_core/grid_map_core/iterators/GridMapIterator.hpp
[0.207s] -- Installing: /root/Lunar_ROADSTER/lr_ws/install/grid_map_core/include/grid_map_core/grid_map_core/iterators/iterators.hpp
[0.207s] -- Installing: /root/Lunar_ROADSTER/lr_ws/install/grid_map_core/include/grid_map_core/grid_map_core/iterators/EllipseIterator.hpp
[0.208s] -- Installing: /root/Lunar_ROADSTER/lr_ws/install/grid_map_core/include/grid_map_core/grid_map_core/iterators/SlidingWindowIterator.hpp
[0.208s] -- Installing: /root/Lunar_ROADSTER/lr_ws/install/grid_map_core/include/grid_map_core/grid_map_core/iterators/CircleIterator.hpp
[0.208s] -- Installing: /root/Lunar_ROADSTER/lr_ws/install/grid_map_core/include/grid_map_core/grid_map_core/iterators/SubmapIterator.hpp
[0.209s] -- Installing: /root/Lunar_ROADSTER/lr_ws/install/grid_map_core/include/grid_map_core/grid_map_core/iterators/LineIterator.hpp
[0.209s] -- Installing: /root/Lunar_ROADSTER/lr_ws/install/grid_map_core/include/grid_map_core/grid_map_core/iterators/SpiralIterator.hpp
[0.209s] -- Installing: /root/Lunar_ROADSTER/lr_ws/install/grid_map_core/include/grid_map_core/grid_map_core/grid_map_core.hpp
[0.210s] -- Installing: /root/Lunar_ROADSTER/lr_ws/install/grid_map_core/share/grid_map_core/doc
[0.210s] -- Installing: /root/Lunar_ROADSTER/lr_ws/install/grid_map_core/share/grid_map_core/doc/grid_map_conventions.pdf
[0.212s] -- Installing: /root/Lunar_ROADSTER/lr_ws/install/grid_map_core/share/grid_map_core/doc/move_method.gif
[0.213s] -- Installing: /root/Lunar_ROADSTER/lr_ws/install/grid_map_core/share/grid_map_core/doc/interpolationSineWorld.gif
[0.216s] -- Installing: /root/Lunar_ROADSTER/lr_ws/install/grid_map_core/share/grid_map_core/doc/grid_map_layers.png
[0.217s] -- Installing: /root/Lunar_ROADSTER/lr_ws/install/grid_map_core/share/grid_map_core/doc/grid_map_layers.pdf
[0.218s] -- Installing: /root/Lunar_ROADSTER/lr_ws/install/grid_map_core/share/grid_map_core/doc/interpolationGaussWorld.gif
[0.221s] -- Installing: /root/Lunar_ROADSTER/lr_ws/install/grid_map_core/share/grid_map_core/doc/setposition_method.gif
[0.223s] -- Installing: /root/Lunar_ROADSTER/lr_ws/install/grid_map_core/share/grid_map_core/doc/iterators
[0.223s] -- Installing: /root/Lunar_ROADSTER/lr_ws/install/grid_map_core/share/grid_map_core/doc/iterators/grid_map_iterator.gif
[0.224s] -- Installing: /root/Lunar_ROADSTER/lr_ws/install/grid_map_core/share/grid_map_core/doc/iterators/line_iterator.gif
[0.225s] -- Installing: /root/Lunar_ROADSTER/lr_ws/install/grid_map_core/share/grid_map_core/doc/iterators/circle_iterator.gif
[0.226s] -- Installing: /root/Lunar_ROADSTER/lr_ws/install/grid_map_core/share/grid_map_core/doc/iterators/spiral_iterator_preview.gif
[0.226s] -- Installing: /root/Lunar_ROADSTER/lr_ws/install/grid_map_core/share/grid_map_core/doc/iterators/grid_map_iterator_preview.gif
[0.227s] -- Installing: /root/Lunar_ROADSTER/lr_ws/install/grid_map_core/share/grid_map_core/doc/iterators/line_iterator_preview.gif
[0.228s] -- Installing: /root/Lunar_ROADSTER/lr_ws/install/grid_map_core/share/grid_map_core/doc/iterators/ellipse_iterator.gif
[0.229s] -- Installing: /root/Lunar_ROADSTER/lr_ws/install/grid_map_core/share/grid_map_core/doc/iterators/spiral_iterator.gif
[0.231s] -- Installing: /root/Lunar_ROADSTER/lr_ws/install/grid_map_core/share/grid_map_core/doc/iterators/submap_iterator_preview.gif
[0.231s] -- Installing: /root/Lunar_ROADSTER/lr_ws/install/grid_map_core/share/grid_map_core/doc/iterators/circle_iterator_preview.gif
[0.232s] -- Installing: /root/Lunar_ROADSTER/lr_ws/install/grid_map_core/share/grid_map_core/doc/iterators/ellipse_iterator_preview.gif
[0.233s] -- Installing: /root/Lunar_ROADSTER/lr_ws/install/grid_map_core/share/grid_map_core/doc/iterators/polygon_iterator_preview.gif
[0.234s] -- Installing: /root/Lunar_ROADSTER/lr_ws/install/grid_map_core/share/grid_map_core/doc/iterators/polygon_iterator.gif
[0.236s] -- Installing: /root/Lunar_ROADSTER/lr_ws/install/grid_map_core/share/grid_map_core/doc/iterators/submap_iterator.gif
[0.237s] -- Installing: /root/Lunar_ROADSTER/lr_ws/install/grid_map_core/share/grid_map_core/doc/grid_map_conventions.png
[0.239s] -- Installing: /root/Lunar_ROADSTER/lr_ws/install/grid_map_core/share/grid_map_core/environment/library_path.sh
[0.239s] -- Installing: /root/Lunar_ROADSTER/lr_ws/install/grid_map_core/share/grid_map_core/environment/library_path.dsv
[0.239s] -- Installing: /root/Lunar_ROADSTER/lr_ws/install/grid_map_core/share/ament_index/resource_index/package_run_dependencies/grid_map_core
[0.240s] -- Installing: /root/Lunar_ROADSTER/lr_ws/install/grid_map_core/share/ament_index/resource_index/parent_prefix_path/grid_map_core
[0.240s] -- Installing: /root/Lunar_ROADSTER/lr_ws/install/grid_map_core/share/grid_map_core/environment/ament_prefix_path.sh
[0.240s] -- Installing: /root/Lunar_ROADSTER/lr_ws/install/grid_map_core/share/grid_map_core/environment/ament_prefix_path.dsv
[0.241s] -- Installing: /root/Lunar_ROADSTER/lr_ws/install/grid_map_core/share/grid_map_core/environment/path.sh
[0.241s] -- Installing: /root/Lunar_ROADSTER/lr_ws/install/grid_map_core/share/grid_map_core/environment/path.dsv
[0.241s] -- Installing: /root/Lunar_ROADSTER/lr_ws/install/grid_map_core/share/grid_map_core/local_setup.bash
[0.241s] -- Installing: /root/Lunar_ROADSTER/lr_ws/install/grid_map_core/share/grid_map_core/local_setup.sh
[0.242s] -- Installing: /root/Lunar_ROADSTER/lr_ws/install/grid_map_core/share/grid_map_core/local_setup.zsh
[0.242s] -- Installing: /root/Lunar_ROADSTER/lr_ws/install/grid_map_core/share/grid_map_core/local_setup.dsv
[0.242s] -- Installing: /root/Lunar_ROADSTER/lr_ws/install/grid_map_core/share/grid_map_core/package.dsv
[0.243s] -- Installing: /root/Lunar_ROADSTER/lr_ws/install/grid_map_core/share/ament_index/resource_index/packages/grid_map_core
[0.243s] -- Installing: /root/Lunar_ROADSTER/lr_ws/install/grid_map_core/share/grid_map_core/cmake/export_grid_map_coreExport.cmake
[0.243s] -- Installing: /root/Lunar_ROADSTER/lr_ws/install/grid_map_core/share/grid_map_core/cmake/export_grid_map_coreExport-release.cmake
[0.243s] -- Installing: /root/Lunar_ROADSTER/lr_ws/install/grid_map_core/share/grid_map_core/cmake/grid_map_core-extras.cmake
[0.244s] -- Installing: /root/Lunar_ROADSTER/lr_ws/install/grid_map_core/share/grid_map_core/cmake/ament_cmake_export_targets-extras.cmake
[0.244s] -- Installing: /root/Lunar_ROADSTER/lr_ws/install/grid_map_core/share/grid_map_core/cmake/ament_cmake_export_dependencies-extras.cmake
[0.244s] -- Installing: /root/Lunar_ROADSTER/lr_ws/install/grid_map_core/share/grid_map_core/cmake/grid_map_coreConfig.cmake
[0.245s] -- Installing: /root/Lunar_ROADSTER/lr_ws/install/grid_map_core/share/grid_map_core/cmake/grid_map_coreConfig-version.cmake
[0.245s] -- Installing: /root/Lunar_ROADSTER/lr_ws/install/grid_map_core/share/grid_map_core/package.xml
[0.248s] Invoked command in '/root/Lunar_ROADSTER/lr_ws/build/grid_map_core' returned '0': AMENT_PREFIX_PATH=/root/Lunar_ROADSTER/lr_ws/install/grid_map_cmake_helpers:${AMENT_PREFIX_PATH} CMAKE_PREFIX_PATH=/root/Lunar_ROADSTER/lr_ws/install/grid_map_cmake_helpers:/opt/ros/humble /usr/local/bin/cmake --install /root/Lunar_ROADSTER/lr_ws/build/grid_map_core
