[0.029s] Invoking command in '/home/williamfbx/Lunar-ROADSTER/lr_ws/build/mapping': CMAKE_PREFIX_PATH=${CMAKE_PREFIX_PATH}:/opt/ros/humble /usr/bin/cmake /home/williamfbx/Lunar-ROADSTER/lr_ws/src/mapping -DCMAKE_INSTALL_PREFIX=/home/williamfbx/Lunar-ROADSTER/lr_ws/install/mapping
[0.251s] -- The C compiler identification is GNU 11.4.0
[0.362s] -- The CXX compiler identification is GNU 11.4.0
[0.371s] -- Detecting C compiler ABI info
[0.456s] -- Detecting C compiler ABI info - done
[0.465s] -- Check for working C compiler: /usr/bin/cc - skipped
[0.466s] -- Detecting C compile features
[0.471s] -- Detecting C compile features - done
[0.471s] -- Detecting CXX compiler ABI info
[0.572s] -- Detecting CXX compiler ABI info - done
[0.583s] -- Check for working CXX compiler: /usr/bin/c++ - skipped
[0.583s] -- Detecting CXX compile features
[0.583s] -- Detecting CXX compile features - done
[0.585s] -- Found ament_cmake: 1.3.11 (/opt/ros/humble/share/ament_cmake/cmake)
[0.752s] -- Found Python3: /usr/bin/python3 (found version "3.10.12") found components: Interpreter 
[0.840s] -- Found ament_lint_auto: 0.12.11 (/opt/ros/humble/share/ament_lint_auto/cmake)
[0.907s] -- Configuring done
[0.908s] -- Generating done
[0.911s] -- Build files have been written to: /home/williamfbx/Lunar-ROADSTER/lr_ws/build/mapping
[0.919s] Invoked command in '/home/williamfbx/Lunar-ROADSTER/lr_ws/build/mapping' returned '0': CMAKE_PREFIX_PATH=${CMAKE_PREFIX_PATH}:/opt/ros/humble /usr/bin/cmake /home/williamfbx/Lunar-ROADSTER/lr_ws/src/mapping -DCMAKE_INSTALL_PREFIX=/home/williamfbx/Lunar-ROADSTER/lr_ws/install/mapping
[0.920s] Invoking command in '/home/williamfbx/Lunar-ROADSTER/lr_ws/build/mapping': CMAKE_PREFIX_PATH=${CMAKE_PREFIX_PATH}:/opt/ros/humble /usr/bin/cmake --build /home/williamfbx/Lunar-ROADSTER/lr_ws/build/mapping -- -j12 -l12
[1.548s] Invoked command in '/home/williamfbx/Lunar-ROADSTER/lr_ws/build/mapping' returned '0': CMAKE_PREFIX_PATH=${CMAKE_PREFIX_PATH}:/opt/ros/humble /usr/bin/cmake --build /home/williamfbx/Lunar-ROADSTER/lr_ws/build/mapping -- -j12 -l12
[1.549s] Invoking command in '/home/williamfbx/Lunar-ROADSTER/lr_ws/build/mapping': CMAKE_PREFIX_PATH=${CMAKE_PREFIX_PATH}:/opt/ros/humble /usr/bin/cmake --install /home/williamfbx/Lunar-ROADSTER/lr_ws/build/mapping
[1.766s] -- Install configuration: ""
[1.766s] -- Installing: /home/williamfbx/Lunar-ROADSTER/lr_ws/install/mapping/share/mapping/launch
[1.766s] -- Installing: /home/williamfbx/Lunar-ROADSTER/lr_ws/install/mapping/share/mapping/launch/mapping_launch.py
[1.767s] -- Installing: /home/williamfbx/Lunar-ROADSTER/lr_ws/install/mapping/share/ament_index/resource_index/package_run_dependencies/mapping
[1.767s] -- Installing: /home/williamfbx/Lunar-ROADSTER/lr_ws/install/mapping/share/ament_index/resource_index/parent_prefix_path/mapping
[1.767s] -- Installing: /home/williamfbx/Lunar-ROADSTER/lr_ws/install/mapping/share/mapping/environment/ament_prefix_path.sh
[1.768s] -- Installing: /home/williamfbx/Lunar-ROADSTER/lr_ws/install/mapping/share/mapping/environment/ament_prefix_path.dsv
[1.768s] -- Installing: /home/williamfbx/Lunar-ROADSTER/lr_ws/install/mapping/share/mapping/environment/path.sh
[1.768s] -- Installing: /home/williamfbx/Lunar-ROADSTER/lr_ws/install/mapping/share/mapping/environment/path.dsv
[1.768s] -- Installing: /home/williamfbx/Lunar-ROADSTER/lr_ws/install/mapping/share/mapping/local_setup.bash
[1.768s] -- Installing: /home/williamfbx/Lunar-ROADSTER/lr_ws/install/mapping/share/mapping/local_setup.sh
[1.768s] -- Installing: /home/williamfbx/Lunar-ROADSTER/lr_ws/install/mapping/share/mapping/local_setup.zsh
[1.768s] -- Installing: /home/williamfbx/Lunar-ROADSTER/lr_ws/install/mapping/share/mapping/local_setup.dsv
[1.768s] -- Installing: /home/williamfbx/Lunar-ROADSTER/lr_ws/install/mapping/share/mapping/package.dsv
[1.769s] -- Installing: /home/williamfbx/Lunar-ROADSTER/lr_ws/install/mapping/share/ament_index/resource_index/packages/mapping
[1.769s] -- Installing: /home/williamfbx/Lunar-ROADSTER/lr_ws/install/mapping/share/mapping/cmake/mappingConfig.cmake
[1.769s] -- Installing: /home/williamfbx/Lunar-ROADSTER/lr_ws/install/mapping/share/mapping/cmake/mappingConfig-version.cmake
[1.769s] -- Installing: /home/williamfbx/Lunar-ROADSTER/lr_ws/install/mapping/share/mapping/package.xml
[1.787s] Invoked command in '/home/williamfbx/Lunar-ROADSTER/lr_ws/build/mapping' returned '0': CMAKE_PREFIX_PATH=${CMAKE_PREFIX_PATH}:/opt/ros/humble /usr/bin/cmake --install /home/williamfbx/Lunar-ROADSTER/lr_ws/build/mapping
