[35m[1mConsolidate compiler generated dependencies of target behavior_executive_node[0m
[  5%] [32mBuilding CXX object CMakeFiles/behavior_executive_node.dir/src/behavior_executive_node.cpp.o[0m
[01m[K/root/Lunar_ROADSTER/lr_ws/src/planning/src/behavior_executive_node.cpp:[m[K In member function ‘[01m[Kvoid cg::planning::BehaviorExecutive::fsmTimerCallback()[m[K’:
[01m[K/root/Lunar_ROADSTER/lr_ws/src/planning/src/behavior_executive_node.cpp:245:12:[m[K [01;31m[Kerror: [m[K‘[01m[Kcg::planning::FSM::Signal cg::planning::FSM::pre_signal_[m[K’ is protected within this context
  245 |       fsm_.[01;31m[Kpre_signal_[m[K = cg::planning::FSM::Signal::GOAL_REACHED;
      |            [01;31m[K^~~~~~~~~~~[m[K
In file included from [01m[K/root/Lunar_ROADSTER/lr_ws/src/planning/include/planning/behavior_executive_node.hpp:27[m[K,
                 from [01m[K/root/Lunar_ROADSTER/lr_ws/src/planning/src/behavior_executive_node.cpp:1[m[K:
[01m[K/root/Lunar_ROADSTER/lr_ws/src/planning/include/planning/fsm/fsm.hpp:74:17:[m[K [01;36m[Knote: [m[Kdeclared protected here
   74 |   static Signal [01;36m[Kpre_signal_[m[K; // Precursing signal that led to the current state
      |                 [01;36m[K^~~~~~~~~~~[m[K
[01m[K/root/Lunar_ROADSTER/lr_ws/src/planning/src/behavior_executive_node.cpp:246:12:[m[K [01;31m[Kerror: [m[K‘[01m[Kcg::planning::FSM::StateL0 cg::planning::FSM::curr_state_l0_[m[K’ is protected within this context
  246 |       fsm_.[01;31m[Kcurr_state_l0_[m[K = cg::planning::FSM::StateL0::GOALS_REMAINING;
      |            [01;31m[K^~~~~~~~~~~~~~[m[K
In file included from [01m[K/root/Lunar_ROADSTER/lr_ws/src/planning/include/planning/behavior_executive_node.hpp:27[m[K,
                 from [01m[K/root/Lunar_ROADSTER/lr_ws/src/planning/src/behavior_executive_node.cpp:1[m[K:
[01m[K/root/Lunar_ROADSTER/lr_ws/src/planning/include/planning/fsm/fsm.hpp:73:18:[m[K [01;36m[Knote: [m[Kdeclared protected here
   73 |   static StateL0 [01;36m[Kcurr_state_l0_[m[K; // Current state that should run
      |                  [01;36m[K^~~~~~~~~~~~~~[m[K
gmake[2]: *** [CMakeFiles/behavior_executive_node.dir/build.make:90: CMakeFiles/behavior_executive_node.dir/src/behavior_executive_node.cpp.o] Error 1
gmake[1]: *** [CMakeFiles/Makefile2:137: CMakeFiles/behavior_executive_node.dir/all] Error 2
gmake: *** [Makefile:146: all] Error 2
