[0.336s] Invoking command in '/root/Lunar_ROADSTER/lr_ws/build/realsense2_camera_msgs': CMAKE_PREFIX_PATH=${CMAKE_PREFIX_PATH}:/root/Lunar_ROADSTER/lr_ws/install/nav2_simple_commander:/opt/ros/humble /usr/local/bin/cmake --build /root/Lunar_ROADSTER/lr_ws/build/realsense2_camera_msgs -- -j4 -l4
[0.840s] [  1%] Built target realsense2_camera_msgs__cpp
[1.121s] [ 12%] Built target realsense2_camera_msgs__rosidl_generator_c
[1.289s] [ 12%] Built target ament_cmake_python_copy_realsense2_camera_msgs
[1.496s] [ 23%] Built target realsense2_camera_msgs__rosidl_typesupport_fastrtps_cpp
[1.510s] [ 34%] Built target realsense2_camera_msgs__rosidl_typesupport_cpp
[1.602s] [ 46%] Built target realsense2_camera_msgs__rosidl_typesupport_introspection_cpp
[1.698s] [ 57%] Built target realsense2_camera_msgs__rosidl_typesupport_fastrtps_c
[1.852s] [ 68%] Built target realsense2_camera_msgs__rosidl_typesupport_introspection_c
[1.931s] [ 79%] Built target realsense2_camera_msgs__rosidl_typesupport_c
[2.281s] [ 79%] Built target realsense2_camera_msgs
[2.590s] [ 80%] Built target realsense2_camera_msgs__py
[2.847s] [ 90%] Built target realsense2_camera_msgs__rosidl_generator_py
[3.224s] [ 93%] Built target realsense2_camera_msgs__rosidl_typesupport_c__pyext
[3.250s] [ 96%] Built target realsense2_camera_msgs__rosidl_typesupport_introspection_c__pyext
[3.275s] [100%] Built target realsense2_camera_msgs__rosidl_typesupport_fastrtps_c__pyext
[4.600s] running egg_info
[4.600s] writing realsense2_camera_msgs.egg-info/PKG-INFO
[4.603s] writing dependency_links to realsense2_camera_msgs.egg-info/dependency_links.txt
[4.603s] writing top-level names to realsense2_camera_msgs.egg-info/top_level.txt
[4.639s] reading manifest file 'realsense2_camera_msgs.egg-info/SOURCES.txt'
[4.651s] writing manifest file 'realsense2_camera_msgs.egg-info/SOURCES.txt'
[4.818s] [100%] Built target ament_cmake_python_build_realsense2_camera_msgs_egg
[4.937s] Invoked command in '/root/Lunar_ROADSTER/lr_ws/build/realsense2_camera_msgs' returned '0': CMAKE_PREFIX_PATH=${CMAKE_PREFIX_PATH}:/root/Lunar_ROADSTER/lr_ws/install/nav2_simple_commander:/opt/ros/humble /usr/local/bin/cmake --build /root/Lunar_ROADSTER/lr_ws/build/realsense2_camera_msgs -- -j4 -l4
[4.984s] Invoking command in '/root/Lunar_ROADSTER/lr_ws/build/realsense2_camera_msgs': CMAKE_PREFIX_PATH=${CMAKE_PREFIX_PATH}:/root/Lunar_ROADSTER/lr_ws/install/nav2_simple_commander:/opt/ros/humble /usr/local/bin/cmake --install /root/Lunar_ROADSTER/lr_ws/build/realsense2_camera_msgs
[5.142s] -- Install configuration: ""
[5.142s] -- Up-to-date: /root/Lunar_ROADSTER/lr_ws/install/realsense2_camera_msgs/share/ament_index/resource_index/rosidl_interfaces/realsense2_camera_msgs
[5.143s] -- Up-to-date: /root/Lunar_ROADSTER/lr_ws/install/realsense2_camera_msgs/include/realsense2_camera_msgs/realsense2_camera_msgs
[5.143s] -- Up-to-date: /root/Lunar_ROADSTER/lr_ws/install/realsense2_camera_msgs/include/realsense2_camera_msgs/realsense2_camera_msgs/msg
[5.148s] -- Up-to-date: /root/Lunar_ROADSTER/lr_ws/install/realsense2_camera_msgs/include/realsense2_camera_msgs/realsense2_camera_msgs/msg/imu_info.h
[5.157s] -- Up-to-date: /root/Lunar_ROADSTER/lr_ws/install/realsense2_camera_msgs/include/realsense2_camera_msgs/realsense2_camera_msgs/msg/rosidl_generator_c__visibility_control.h
[5.157s] -- Up-to-date: /root/Lunar_ROADSTER/lr_ws/install/realsense2_camera_msgs/include/realsense2_camera_msgs/realsense2_camera_msgs/msg/detail
[5.158s] -- Up-to-date: /root/Lunar_ROADSTER/lr_ws/install/realsense2_camera_msgs/include/realsense2_camera_msgs/realsense2_camera_msgs/msg/detail/imu_info__functions.c
[5.158s] -- Up-to-date: /root/Lunar_ROADSTER/lr_ws/install/realsense2_camera_msgs/include/realsense2_camera_msgs/realsense2_camera_msgs/msg/detail/imu_info__functions.h
[5.159s] -- Up-to-date: /root/Lunar_ROADSTER/lr_ws/install/realsense2_camera_msgs/include/realsense2_camera_msgs/realsense2_camera_msgs/msg/detail/imu_info__struct.h
[5.159s] -- Up-to-date: /root/Lunar_ROADSTER/lr_ws/install/realsense2_camera_msgs/include/realsense2_camera_msgs/realsense2_camera_msgs/msg/detail/imu_info__type_support.h
[5.164s] -- Up-to-date: /root/Lunar_ROADSTER/lr_ws/install/realsense2_camera_msgs/include/realsense2_camera_msgs/realsense2_camera_msgs/msg/detail/extrinsics__functions.c
[5.164s] -- Up-to-date: /root/Lunar_ROADSTER/lr_ws/install/realsense2_camera_msgs/include/realsense2_camera_msgs/realsense2_camera_msgs/msg/detail/extrinsics__functions.h
[5.165s] -- Up-to-date: /root/Lunar_ROADSTER/lr_ws/install/realsense2_camera_msgs/include/realsense2_camera_msgs/realsense2_camera_msgs/msg/detail/extrinsics__struct.h
[5.165s] -- Up-to-date: /root/Lunar_ROADSTER/lr_ws/install/realsense2_camera_msgs/include/realsense2_camera_msgs/realsense2_camera_msgs/msg/detail/extrinsics__type_support.h
[5.165s] -- Up-to-date: /root/Lunar_ROADSTER/lr_ws/install/realsense2_camera_msgs/include/realsense2_camera_msgs/realsense2_camera_msgs/msg/detail/metadata__functions.c
[5.167s] -- Up-to-date: /root/Lunar_ROADSTER/lr_ws/install/realsense2_camera_msgs/include/realsense2_camera_msgs/realsense2_camera_msgs/msg/detail/metadata__functions.h
[5.167s] -- Up-to-date: /root/Lunar_ROADSTER/lr_ws/install/realsense2_camera_msgs/include/realsense2_camera_msgs/realsense2_camera_msgs/msg/detail/metadata__struct.h
[5.168s] -- Up-to-date: /root/Lunar_ROADSTER/lr_ws/install/realsense2_camera_msgs/include/realsense2_camera_msgs/realsense2_camera_msgs/msg/detail/metadata__type_support.h
[5.168s] -- Up-to-date: /root/Lunar_ROADSTER/lr_ws/install/realsense2_camera_msgs/include/realsense2_camera_msgs/realsense2_camera_msgs/msg/detail/rgbd__functions.c
[5.168s] -- Up-to-date: /root/Lunar_ROADSTER/lr_ws/install/realsense2_camera_msgs/include/realsense2_camera_msgs/realsense2_camera_msgs/msg/detail/rgbd__functions.h
[5.168s] -- Up-to-date: /root/Lunar_ROADSTER/lr_ws/install/realsense2_camera_msgs/include/realsense2_camera_msgs/realsense2_camera_msgs/msg/detail/rgbd__struct.h
[5.169s] -- Up-to-date: /root/Lunar_ROADSTER/lr_ws/install/realsense2_camera_msgs/include/realsense2_camera_msgs/realsense2_camera_msgs/msg/detail/rgbd__type_support.h
[5.169s] -- Up-to-date: /root/Lunar_ROADSTER/lr_ws/install/realsense2_camera_msgs/include/realsense2_camera_msgs/realsense2_camera_msgs/msg/extrinsics.h
[5.169s] -- Up-to-date: /root/Lunar_ROADSTER/lr_ws/install/realsense2_camera_msgs/include/realsense2_camera_msgs/realsense2_camera_msgs/msg/metadata.h
[5.170s] -- Up-to-date: /root/Lunar_ROADSTER/lr_ws/install/realsense2_camera_msgs/include/realsense2_camera_msgs/realsense2_camera_msgs/msg/rgbd.h
[5.170s] -- Up-to-date: /root/Lunar_ROADSTER/lr_ws/install/realsense2_camera_msgs/include/realsense2_camera_msgs/realsense2_camera_msgs/srv
[5.170s] -- Up-to-date: /root/Lunar_ROADSTER/lr_ws/install/realsense2_camera_msgs/include/realsense2_camera_msgs/realsense2_camera_msgs/srv/device_info.h
[5.170s] -- Up-to-date: /root/Lunar_ROADSTER/lr_ws/install/realsense2_camera_msgs/include/realsense2_camera_msgs/realsense2_camera_msgs/srv/detail
[5.171s] -- Up-to-date: /root/Lunar_ROADSTER/lr_ws/install/realsense2_camera_msgs/include/realsense2_camera_msgs/realsense2_camera_msgs/srv/detail/device_info__functions.c
[5.171s] -- Up-to-date: /root/Lunar_ROADSTER/lr_ws/install/realsense2_camera_msgs/include/realsense2_camera_msgs/realsense2_camera_msgs/srv/detail/device_info__functions.h
[5.171s] -- Up-to-date: /root/Lunar_ROADSTER/lr_ws/install/realsense2_camera_msgs/include/realsense2_camera_msgs/realsense2_camera_msgs/srv/detail/device_info__struct.h
[5.171s] -- Up-to-date: /root/Lunar_ROADSTER/lr_ws/install/realsense2_camera_msgs/include/realsense2_camera_msgs/realsense2_camera_msgs/srv/detail/device_info__type_support.h
[5.172s] -- Up-to-date: /root/Lunar_ROADSTER/lr_ws/install/realsense2_camera_msgs/share/realsense2_camera_msgs/environment/library_path.sh
[5.172s] -- Up-to-date: /root/Lunar_ROADSTER/lr_ws/install/realsense2_camera_msgs/share/realsense2_camera_msgs/environment/library_path.dsv
[5.173s] -- Up-to-date: /root/Lunar_ROADSTER/lr_ws/install/realsense2_camera_msgs/lib/librealsense2_camera_msgs__rosidl_generator_c.so
[5.173s] -- Up-to-date: /root/Lunar_ROADSTER/lr_ws/install/realsense2_camera_msgs/include/realsense2_camera_msgs/realsense2_camera_msgs
[5.195s] -- Up-to-date: /root/Lunar_ROADSTER/lr_ws/install/realsense2_camera_msgs/include/realsense2_camera_msgs/realsense2_camera_msgs/msg
[5.197s] -- Up-to-date: /root/Lunar_ROADSTER/lr_ws/install/realsense2_camera_msgs/include/realsense2_camera_msgs/realsense2_camera_msgs/msg/detail
[5.202s] -- Up-to-date: /root/Lunar_ROADSTER/lr_ws/install/realsense2_camera_msgs/include/realsense2_camera_msgs/realsense2_camera_msgs/msg/detail/imu_info__rosidl_typesupport_fastrtps_c.h
[5.203s] -- Up-to-date: /root/Lunar_ROADSTER/lr_ws/install/realsense2_camera_msgs/include/realsense2_camera_msgs/realsense2_camera_msgs/msg/detail/extrinsics__rosidl_typesupport_fastrtps_c.h
[5.203s] -- Up-to-date: /root/Lunar_ROADSTER/lr_ws/install/realsense2_camera_msgs/include/realsense2_camera_msgs/realsense2_camera_msgs/msg/detail/metadata__rosidl_typesupport_fastrtps_c.h
[5.203s] -- Up-to-date: /root/Lunar_ROADSTER/lr_ws/install/realsense2_camera_msgs/include/realsense2_camera_msgs/realsense2_camera_msgs/msg/detail/rgbd__rosidl_typesupport_fastrtps_c.h
[5.203s] -- Up-to-date: /root/Lunar_ROADSTER/lr_ws/install/realsense2_camera_msgs/include/realsense2_camera_msgs/realsense2_camera_msgs/msg/rosidl_typesupport_fastrtps_c__visibility_control.h
[5.209s] -- Up-to-date: /root/Lunar_ROADSTER/lr_ws/install/realsense2_camera_msgs/include/realsense2_camera_msgs/realsense2_camera_msgs/srv
[5.212s] -- Up-to-date: /root/Lunar_ROADSTER/lr_ws/install/realsense2_camera_msgs/include/realsense2_camera_msgs/realsense2_camera_msgs/srv/detail
[5.216s] -- Up-to-date: /root/Lunar_ROADSTER/lr_ws/install/realsense2_camera_msgs/include/realsense2_camera_msgs/realsense2_camera_msgs/srv/detail/device_info__rosidl_typesupport_fastrtps_c.h
[5.219s] -- Up-to-date: /root/Lunar_ROADSTER/lr_ws/install/realsense2_camera_msgs/lib/librealsense2_camera_msgs__rosidl_typesupport_fastrtps_c.so
[5.219s] -- Up-to-date: /root/Lunar_ROADSTER/lr_ws/install/realsense2_camera_msgs/include/realsense2_camera_msgs/realsense2_camera_msgs
[5.222s] -- Up-to-date: /root/Lunar_ROADSTER/lr_ws/install/realsense2_camera_msgs/include/realsense2_camera_msgs/realsense2_camera_msgs/msg
[5.223s] -- Up-to-date: /root/Lunar_ROADSTER/lr_ws/install/realsense2_camera_msgs/include/realsense2_camera_msgs/realsense2_camera_msgs/msg/detail
[5.223s] -- Up-to-date: /root/Lunar_ROADSTER/lr_ws/install/realsense2_camera_msgs/include/realsense2_camera_msgs/realsense2_camera_msgs/msg/detail/imu_info__rosidl_typesupport_introspection_c.h
[5.223s] -- Up-to-date: /root/Lunar_ROADSTER/lr_ws/install/realsense2_camera_msgs/include/realsense2_camera_msgs/realsense2_camera_msgs/msg/detail/imu_info__type_support.c
[5.224s] -- Up-to-date: /root/Lunar_ROADSTER/lr_ws/install/realsense2_camera_msgs/include/realsense2_camera_msgs/realsense2_camera_msgs/msg/detail/extrinsics__rosidl_typesupport_introspection_c.h
[5.224s] -- Up-to-date: /root/Lunar_ROADSTER/lr_ws/install/realsense2_camera_msgs/include/realsense2_camera_msgs/realsense2_camera_msgs/msg/detail/extrinsics__type_support.c
[5.225s] -- Up-to-date: /root/Lunar_ROADSTER/lr_ws/install/realsense2_camera_msgs/include/realsense2_camera_msgs/realsense2_camera_msgs/msg/detail/metadata__rosidl_typesupport_introspection_c.h
[5.225s] -- Up-to-date: /root/Lunar_ROADSTER/lr_ws/install/realsense2_camera_msgs/include/realsense2_camera_msgs/realsense2_camera_msgs/msg/detail/metadata__type_support.c
[5.226s] -- Up-to-date: /root/Lunar_ROADSTER/lr_ws/install/realsense2_camera_msgs/include/realsense2_camera_msgs/realsense2_camera_msgs/msg/detail/rgbd__rosidl_typesupport_introspection_c.h
[5.226s] -- Up-to-date: /root/Lunar_ROADSTER/lr_ws/install/realsense2_camera_msgs/include/realsense2_camera_msgs/realsense2_camera_msgs/msg/detail/rgbd__type_support.c
[5.227s] -- Up-to-date: /root/Lunar_ROADSTER/lr_ws/install/realsense2_camera_msgs/include/realsense2_camera_msgs/realsense2_camera_msgs/msg/rosidl_typesupport_introspection_c__visibility_control.h
[5.227s] -- Up-to-date: /root/Lunar_ROADSTER/lr_ws/install/realsense2_camera_msgs/include/realsense2_camera_msgs/realsense2_camera_msgs/srv
[5.227s] -- Up-to-date: /root/Lunar_ROADSTER/lr_ws/install/realsense2_camera_msgs/include/realsense2_camera_msgs/realsense2_camera_msgs/srv/detail
[5.241s] -- Up-to-date: /root/Lunar_ROADSTER/lr_ws/install/realsense2_camera_msgs/include/realsense2_camera_msgs/realsense2_camera_msgs/srv/detail/device_info__rosidl_typesupport_introspection_c.h
[5.241s] -- Up-to-date: /root/Lunar_ROADSTER/lr_ws/install/realsense2_camera_msgs/include/realsense2_camera_msgs/realsense2_camera_msgs/srv/detail/device_info__type_support.c
[5.242s] -- Up-to-date: /root/Lunar_ROADSTER/lr_ws/install/realsense2_camera_msgs/lib/librealsense2_camera_msgs__rosidl_typesupport_introspection_c.so
[5.242s] -- Up-to-date: /root/Lunar_ROADSTER/lr_ws/install/realsense2_camera_msgs/lib/librealsense2_camera_msgs__rosidl_typesupport_c.so
[5.243s] -- Up-to-date: /root/Lunar_ROADSTER/lr_ws/install/realsense2_camera_msgs/include/realsense2_camera_msgs/realsense2_camera_msgs
[5.243s] -- Up-to-date: /root/Lunar_ROADSTER/lr_ws/install/realsense2_camera_msgs/include/realsense2_camera_msgs/realsense2_camera_msgs/msg
[5.243s] -- Up-to-date: /root/Lunar_ROADSTER/lr_ws/install/realsense2_camera_msgs/include/realsense2_camera_msgs/realsense2_camera_msgs/msg/imu_info.hpp
[5.244s] -- Up-to-date: /root/Lunar_ROADSTER/lr_ws/install/realsense2_camera_msgs/include/realsense2_camera_msgs/realsense2_camera_msgs/msg/detail
[5.245s] -- Up-to-date: /root/Lunar_ROADSTER/lr_ws/install/realsense2_camera_msgs/include/realsense2_camera_msgs/realsense2_camera_msgs/msg/detail/imu_info__builder.hpp
[5.269s] -- Up-to-date: /root/Lunar_ROADSTER/lr_ws/install/realsense2_camera_msgs/include/realsense2_camera_msgs/realsense2_camera_msgs/msg/detail/imu_info__struct.hpp
[5.270s] -- Up-to-date: /root/Lunar_ROADSTER/lr_ws/install/realsense2_camera_msgs/include/realsense2_camera_msgs/realsense2_camera_msgs/msg/detail/imu_info__traits.hpp
[5.270s] -- Up-to-date: /root/Lunar_ROADSTER/lr_ws/install/realsense2_camera_msgs/include/realsense2_camera_msgs/realsense2_camera_msgs/msg/detail/imu_info__type_support.hpp
[5.277s] -- Up-to-date: /root/Lunar_ROADSTER/lr_ws/install/realsense2_camera_msgs/include/realsense2_camera_msgs/realsense2_camera_msgs/msg/detail/extrinsics__builder.hpp
[5.277s] -- Up-to-date: /root/Lunar_ROADSTER/lr_ws/install/realsense2_camera_msgs/include/realsense2_camera_msgs/realsense2_camera_msgs/msg/detail/extrinsics__struct.hpp
[5.278s] -- Up-to-date: /root/Lunar_ROADSTER/lr_ws/install/realsense2_camera_msgs/include/realsense2_camera_msgs/realsense2_camera_msgs/msg/detail/extrinsics__traits.hpp
[5.278s] -- Up-to-date: /root/Lunar_ROADSTER/lr_ws/install/realsense2_camera_msgs/include/realsense2_camera_msgs/realsense2_camera_msgs/msg/detail/extrinsics__type_support.hpp
[5.278s] -- Up-to-date: /root/Lunar_ROADSTER/lr_ws/install/realsense2_camera_msgs/include/realsense2_camera_msgs/realsense2_camera_msgs/msg/detail/metadata__builder.hpp
[5.279s] -- Up-to-date: /root/Lunar_ROADSTER/lr_ws/install/realsense2_camera_msgs/include/realsense2_camera_msgs/realsense2_camera_msgs/msg/detail/metadata__struct.hpp
[5.279s] -- Up-to-date: /root/Lunar_ROADSTER/lr_ws/install/realsense2_camera_msgs/include/realsense2_camera_msgs/realsense2_camera_msgs/msg/detail/metadata__traits.hpp
[5.279s] -- Up-to-date: /root/Lunar_ROADSTER/lr_ws/install/realsense2_camera_msgs/include/realsense2_camera_msgs/realsense2_camera_msgs/msg/detail/metadata__type_support.hpp
[5.279s] -- Up-to-date: /root/Lunar_ROADSTER/lr_ws/install/realsense2_camera_msgs/include/realsense2_camera_msgs/realsense2_camera_msgs/msg/detail/rgbd__builder.hpp
[5.280s] -- Up-to-date: /root/Lunar_ROADSTER/lr_ws/install/realsense2_camera_msgs/include/realsense2_camera_msgs/realsense2_camera_msgs/msg/detail/rgbd__struct.hpp
[5.280s] -- Up-to-date: /root/Lunar_ROADSTER/lr_ws/install/realsense2_camera_msgs/include/realsense2_camera_msgs/realsense2_camera_msgs/msg/detail/rgbd__traits.hpp
[5.280s] -- Up-to-date: /root/Lunar_ROADSTER/lr_ws/install/realsense2_camera_msgs/include/realsense2_camera_msgs/realsense2_camera_msgs/msg/detail/rgbd__type_support.hpp
[5.294s] -- Up-to-date: /root/Lunar_ROADSTER/lr_ws/install/realsense2_camera_msgs/include/realsense2_camera_msgs/realsense2_camera_msgs/msg/rosidl_generator_cpp__visibility_control.hpp
[5.295s] -- Up-to-date: /root/Lunar_ROADSTER/lr_ws/install/realsense2_camera_msgs/include/realsense2_camera_msgs/realsense2_camera_msgs/msg/extrinsics.hpp
[5.295s] -- Up-to-date: /root/Lunar_ROADSTER/lr_ws/install/realsense2_camera_msgs/include/realsense2_camera_msgs/realsense2_camera_msgs/msg/metadata.hpp
[5.295s] -- Up-to-date: /root/Lunar_ROADSTER/lr_ws/install/realsense2_camera_msgs/include/realsense2_camera_msgs/realsense2_camera_msgs/msg/rgbd.hpp
[5.295s] -- Up-to-date: /root/Lunar_ROADSTER/lr_ws/install/realsense2_camera_msgs/include/realsense2_camera_msgs/realsense2_camera_msgs/srv
[5.302s] -- Up-to-date: /root/Lunar_ROADSTER/lr_ws/install/realsense2_camera_msgs/include/realsense2_camera_msgs/realsense2_camera_msgs/srv/device_info.hpp
[5.303s] -- Up-to-date: /root/Lunar_ROADSTER/lr_ws/install/realsense2_camera_msgs/include/realsense2_camera_msgs/realsense2_camera_msgs/srv/detail
[5.304s] -- Up-to-date: /root/Lunar_ROADSTER/lr_ws/install/realsense2_camera_msgs/include/realsense2_camera_msgs/realsense2_camera_msgs/srv/detail/device_info__builder.hpp
[5.306s] -- Up-to-date: /root/Lunar_ROADSTER/lr_ws/install/realsense2_camera_msgs/include/realsense2_camera_msgs/realsense2_camera_msgs/srv/detail/device_info__struct.hpp
[5.306s] -- Up-to-date: /root/Lunar_ROADSTER/lr_ws/install/realsense2_camera_msgs/include/realsense2_camera_msgs/realsense2_camera_msgs/srv/detail/device_info__traits.hpp
[5.307s] -- Up-to-date: /root/Lunar_ROADSTER/lr_ws/install/realsense2_camera_msgs/include/realsense2_camera_msgs/realsense2_camera_msgs/srv/detail/device_info__type_support.hpp
[5.307s] -- Up-to-date: /root/Lunar_ROADSTER/lr_ws/install/realsense2_camera_msgs/include/realsense2_camera_msgs/realsense2_camera_msgs
[5.307s] -- Up-to-date: /root/Lunar_ROADSTER/lr_ws/install/realsense2_camera_msgs/include/realsense2_camera_msgs/realsense2_camera_msgs/msg
[5.311s] -- Up-to-date: /root/Lunar_ROADSTER/lr_ws/install/realsense2_camera_msgs/include/realsense2_camera_msgs/realsense2_camera_msgs/msg/detail
[5.322s] -- Up-to-date: /root/Lunar_ROADSTER/lr_ws/install/realsense2_camera_msgs/include/realsense2_camera_msgs/realsense2_camera_msgs/msg/detail/imu_info__rosidl_typesupport_fastrtps_cpp.hpp
[5.323s] -- Up-to-date: /root/Lunar_ROADSTER/lr_ws/install/realsense2_camera_msgs/include/realsense2_camera_msgs/realsense2_camera_msgs/msg/detail/dds_fastrtps
[5.368s] -- Up-to-date: /root/Lunar_ROADSTER/lr_ws/install/realsense2_camera_msgs/include/realsense2_camera_msgs/realsense2_camera_msgs/msg/detail/extrinsics__rosidl_typesupport_fastrtps_cpp.hpp
[5.369s] -- Up-to-date: /root/Lunar_ROADSTER/lr_ws/install/realsense2_camera_msgs/include/realsense2_camera_msgs/realsense2_camera_msgs/msg/detail/metadata__rosidl_typesupport_fastrtps_cpp.hpp
[5.369s] -- Up-to-date: /root/Lunar_ROADSTER/lr_ws/install/realsense2_camera_msgs/include/realsense2_camera_msgs/realsense2_camera_msgs/msg/detail/rgbd__rosidl_typesupport_fastrtps_cpp.hpp
[5.370s] -- Up-to-date: /root/Lunar_ROADSTER/lr_ws/install/realsense2_camera_msgs/include/realsense2_camera_msgs/realsense2_camera_msgs/msg/rosidl_typesupport_fastrtps_cpp__visibility_control.h
[5.370s] -- Up-to-date: /root/Lunar_ROADSTER/lr_ws/install/realsense2_camera_msgs/include/realsense2_camera_msgs/realsense2_camera_msgs/srv
[5.370s] -- Up-to-date: /root/Lunar_ROADSTER/lr_ws/install/realsense2_camera_msgs/include/realsense2_camera_msgs/realsense2_camera_msgs/srv/detail
[5.373s] -- Up-to-date: /root/Lunar_ROADSTER/lr_ws/install/realsense2_camera_msgs/include/realsense2_camera_msgs/realsense2_camera_msgs/srv/detail/device_info__rosidl_typesupport_fastrtps_cpp.hpp
[5.375s] -- Up-to-date: /root/Lunar_ROADSTER/lr_ws/install/realsense2_camera_msgs/include/realsense2_camera_msgs/realsense2_camera_msgs/srv/detail/dds_fastrtps
[5.375s] -- Up-to-date: /root/Lunar_ROADSTER/lr_ws/install/realsense2_camera_msgs/lib/librealsense2_camera_msgs__rosidl_typesupport_fastrtps_cpp.so
[5.377s] -- Up-to-date: /root/Lunar_ROADSTER/lr_ws/install/realsense2_camera_msgs/include/realsense2_camera_msgs/realsense2_camera_msgs
[5.377s] -- Up-to-date: /root/Lunar_ROADSTER/lr_ws/install/realsense2_camera_msgs/include/realsense2_camera_msgs/realsense2_camera_msgs/msg
[5.397s] -- Up-to-date: /root/Lunar_ROADSTER/lr_ws/install/realsense2_camera_msgs/include/realsense2_camera_msgs/realsense2_camera_msgs/msg/detail
[5.404s] -- Up-to-date: /root/Lunar_ROADSTER/lr_ws/install/realsense2_camera_msgs/include/realsense2_camera_msgs/realsense2_camera_msgs/msg/detail/imu_info__rosidl_typesupport_introspection_cpp.hpp
[5.404s] -- Up-to-date: /root/Lunar_ROADSTER/lr_ws/install/realsense2_camera_msgs/include/realsense2_camera_msgs/realsense2_camera_msgs/msg/detail/imu_info__type_support.cpp
[5.404s] -- Up-to-date: /root/Lunar_ROADSTER/lr_ws/install/realsense2_camera_msgs/include/realsense2_camera_msgs/realsense2_camera_msgs/msg/detail/extrinsics__rosidl_typesupport_introspection_cpp.hpp
[5.405s] -- Up-to-date: /root/Lunar_ROADSTER/lr_ws/install/realsense2_camera_msgs/include/realsense2_camera_msgs/realsense2_camera_msgs/msg/detail/extrinsics__type_support.cpp
[5.405s] -- Up-to-date: /root/Lunar_ROADSTER/lr_ws/install/realsense2_camera_msgs/include/realsense2_camera_msgs/realsense2_camera_msgs/msg/detail/metadata__rosidl_typesupport_introspection_cpp.hpp
[5.405s] -- Up-to-date: /root/Lunar_ROADSTER/lr_ws/install/realsense2_camera_msgs/include/realsense2_camera_msgs/realsense2_camera_msgs/msg/detail/metadata__type_support.cpp
[5.405s] -- Up-to-date: /root/Lunar_ROADSTER/lr_ws/install/realsense2_camera_msgs/include/realsense2_camera_msgs/realsense2_camera_msgs/msg/detail/rgbd__rosidl_typesupport_introspection_cpp.hpp
[5.406s] -- Up-to-date: /root/Lunar_ROADSTER/lr_ws/install/realsense2_camera_msgs/include/realsense2_camera_msgs/realsense2_camera_msgs/msg/detail/rgbd__type_support.cpp
[5.411s] -- Up-to-date: /root/Lunar_ROADSTER/lr_ws/install/realsense2_camera_msgs/include/realsense2_camera_msgs/realsense2_camera_msgs/srv
[5.421s] -- Up-to-date: /root/Lunar_ROADSTER/lr_ws/install/realsense2_camera_msgs/include/realsense2_camera_msgs/realsense2_camera_msgs/srv/detail
[5.425s] -- Up-to-date: /root/Lunar_ROADSTER/lr_ws/install/realsense2_camera_msgs/include/realsense2_camera_msgs/realsense2_camera_msgs/srv/detail/device_info__rosidl_typesupport_introspection_cpp.hpp
[5.426s] -- Up-to-date: /root/Lunar_ROADSTER/lr_ws/install/realsense2_camera_msgs/include/realsense2_camera_msgs/realsense2_camera_msgs/srv/detail/device_info__type_support.cpp
[5.427s] -- Up-to-date: /root/Lunar_ROADSTER/lr_ws/install/realsense2_camera_msgs/lib/librealsense2_camera_msgs__rosidl_typesupport_introspection_cpp.so
[5.427s] -- Up-to-date: /root/Lunar_ROADSTER/lr_ws/install/realsense2_camera_msgs/lib/librealsense2_camera_msgs__rosidl_typesupport_cpp.so
[5.428s] -- Up-to-date: /root/Lunar_ROADSTER/lr_ws/install/realsense2_camera_msgs/share/realsense2_camera_msgs/environment/pythonpath.sh
[5.429s] -- Up-to-date: /root/Lunar_ROADSTER/lr_ws/install/realsense2_camera_msgs/share/realsense2_camera_msgs/environment/pythonpath.dsv
[5.429s] -- Up-to-date: /root/Lunar_ROADSTER/lr_ws/install/realsense2_camera_msgs/local/lib/python3.10/dist-packages/realsense2_camera_msgs-4.55.1-py3.10.egg-info
[5.430s] -- Installing: /root/Lunar_ROADSTER/lr_ws/install/realsense2_camera_msgs/local/lib/python3.10/dist-packages/realsense2_camera_msgs-4.55.1-py3.10.egg-info/PKG-INFO
[5.430s] -- Installing: /root/Lunar_ROADSTER/lr_ws/install/realsense2_camera_msgs/local/lib/python3.10/dist-packages/realsense2_camera_msgs-4.55.1-py3.10.egg-info/dependency_links.txt
[5.430s] -- Installing: /root/Lunar_ROADSTER/lr_ws/install/realsense2_camera_msgs/local/lib/python3.10/dist-packages/realsense2_camera_msgs-4.55.1-py3.10.egg-info/top_level.txt
[5.430s] -- Installing: /root/Lunar_ROADSTER/lr_ws/install/realsense2_camera_msgs/local/lib/python3.10/dist-packages/realsense2_camera_msgs-4.55.1-py3.10.egg-info/SOURCES.txt
[5.431s] -- Up-to-date: /root/Lunar_ROADSTER/lr_ws/install/realsense2_camera_msgs/local/lib/python3.10/dist-packages/realsense2_camera_msgs
[5.432s] -- Up-to-date: /root/Lunar_ROADSTER/lr_ws/install/realsense2_camera_msgs/local/lib/python3.10/dist-packages/realsense2_camera_msgs/__init__.py
[5.432s] -- Up-to-date: /root/Lunar_ROADSTER/lr_ws/install/realsense2_camera_msgs/local/lib/python3.10/dist-packages/realsense2_camera_msgs/msg
[5.433s] -- Up-to-date: /root/Lunar_ROADSTER/lr_ws/install/realsense2_camera_msgs/local/lib/python3.10/dist-packages/realsense2_camera_msgs/msg/_imu_info.py
[5.433s] -- Up-to-date: /root/Lunar_ROADSTER/lr_ws/install/realsense2_camera_msgs/local/lib/python3.10/dist-packages/realsense2_camera_msgs/msg/_imu_info_s.c
[5.433s] -- Up-to-date: /root/Lunar_ROADSTER/lr_ws/install/realsense2_camera_msgs/local/lib/python3.10/dist-packages/realsense2_camera_msgs/msg/_extrinsics.py
[5.433s] -- Up-to-date: /root/Lunar_ROADSTER/lr_ws/install/realsense2_camera_msgs/local/lib/python3.10/dist-packages/realsense2_camera_msgs/msg/_extrinsics_s.c
[5.434s] -- Up-to-date: /root/Lunar_ROADSTER/lr_ws/install/realsense2_camera_msgs/local/lib/python3.10/dist-packages/realsense2_camera_msgs/msg/_metadata.py
[5.434s] -- Up-to-date: /root/Lunar_ROADSTER/lr_ws/install/realsense2_camera_msgs/local/lib/python3.10/dist-packages/realsense2_camera_msgs/msg/_metadata_s.c
[5.434s] -- Up-to-date: /root/Lunar_ROADSTER/lr_ws/install/realsense2_camera_msgs/local/lib/python3.10/dist-packages/realsense2_camera_msgs/msg/_rgbd.py
[5.434s] -- Up-to-date: /root/Lunar_ROADSTER/lr_ws/install/realsense2_camera_msgs/local/lib/python3.10/dist-packages/realsense2_camera_msgs/msg/_rgbd_s.c
[5.435s] -- Up-to-date: /root/Lunar_ROADSTER/lr_ws/install/realsense2_camera_msgs/local/lib/python3.10/dist-packages/realsense2_camera_msgs/msg/__init__.py
[5.435s] -- Up-to-date: /root/Lunar_ROADSTER/lr_ws/install/realsense2_camera_msgs/local/lib/python3.10/dist-packages/realsense2_camera_msgs/srv
[5.435s] -- Up-to-date: /root/Lunar_ROADSTER/lr_ws/install/realsense2_camera_msgs/local/lib/python3.10/dist-packages/realsense2_camera_msgs/srv/_device_info.py
[5.454s] -- Up-to-date: /root/Lunar_ROADSTER/lr_ws/install/realsense2_camera_msgs/local/lib/python3.10/dist-packages/realsense2_camera_msgs/srv/_device_info_s.c
[5.455s] -- Up-to-date: /root/Lunar_ROADSTER/lr_ws/install/realsense2_camera_msgs/local/lib/python3.10/dist-packages/realsense2_camera_msgs/srv/__init__.py
[5.455s] -- Up-to-date: /root/Lunar_ROADSTER/lr_ws/install/realsense2_camera_msgs/local/lib/python3.10/dist-packages/realsense2_camera_msgs/_realsense2_camera_msgs_s.ep.rosidl_typesupport_fastrtps_c.c
[5.455s] -- Up-to-date: /root/Lunar_ROADSTER/lr_ws/install/realsense2_camera_msgs/local/lib/python3.10/dist-packages/realsense2_camera_msgs/_realsense2_camera_msgs_s.ep.rosidl_typesupport_introspection_c.c
[5.455s] -- Up-to-date: /root/Lunar_ROADSTER/lr_ws/install/realsense2_camera_msgs/local/lib/python3.10/dist-packages/realsense2_camera_msgs/_realsense2_camera_msgs_s.ep.rosidl_typesupport_c.c
[5.456s] -- Up-to-date: /root/Lunar_ROADSTER/lr_ws/install/realsense2_camera_msgs/local/lib/python3.10/dist-packages/realsense2_camera_msgs/librealsense2_camera_msgs__rosidl_generator_py.so
[5.456s] -- Up-to-date: /root/Lunar_ROADSTER/lr_ws/install/realsense2_camera_msgs/local/lib/python3.10/dist-packages/realsense2_camera_msgs/realsense2_camera_msgs_s__rosidl_typesupport_fastrtps_c.cpython-310-aarch64-linux-gnu.so
[5.456s] -- Up-to-date: /root/Lunar_ROADSTER/lr_ws/install/realsense2_camera_msgs/local/lib/python3.10/dist-packages/realsense2_camera_msgs/realsense2_camera_msgs_s__rosidl_typesupport_c.cpython-310-aarch64-linux-gnu.so
[5.457s] -- Up-to-date: /root/Lunar_ROADSTER/lr_ws/install/realsense2_camera_msgs/local/lib/python3.10/dist-packages/realsense2_camera_msgs/realsense2_camera_msgs_s__rosidl_typesupport_introspection_c.cpython-310-aarch64-linux-gnu.so
[5.746s] Listing '/root/Lunar_ROADSTER/lr_ws/install/realsense2_camera_msgs/local/lib/python3.10/dist-packages/realsense2_camera_msgs'...
[5.747s] Listing '/root/Lunar_ROADSTER/lr_ws/install/realsense2_camera_msgs/local/lib/python3.10/dist-packages/realsense2_camera_msgs/msg'...
[5.747s] Listing '/root/Lunar_ROADSTER/lr_ws/install/realsense2_camera_msgs/local/lib/python3.10/dist-packages/realsense2_camera_msgs/srv'...
[5.750s] -- Up-to-date: /root/Lunar_ROADSTER/lr_ws/install/realsense2_camera_msgs/local/lib/python3.10/dist-packages/realsense2_camera_msgs/realsense2_camera_msgs_s__rosidl_typesupport_fastrtps_c.cpython-310-aarch64-linux-gnu.so
[5.750s] -- Up-to-date: /root/Lunar_ROADSTER/lr_ws/install/realsense2_camera_msgs/local/lib/python3.10/dist-packages/realsense2_camera_msgs/realsense2_camera_msgs_s__rosidl_typesupport_introspection_c.cpython-310-aarch64-linux-gnu.so
[5.753s] -- Up-to-date: /root/Lunar_ROADSTER/lr_ws/install/realsense2_camera_msgs/local/lib/python3.10/dist-packages/realsense2_camera_msgs/realsense2_camera_msgs_s__rosidl_typesupport_c.cpython-310-aarch64-linux-gnu.so
[5.753s] -- Up-to-date: /root/Lunar_ROADSTER/lr_ws/install/realsense2_camera_msgs/lib/librealsense2_camera_msgs__rosidl_generator_py.so
[5.754s] -- Up-to-date: /root/Lunar_ROADSTER/lr_ws/install/realsense2_camera_msgs/share/realsense2_camera_msgs/msg/IMUInfo.idl
[5.754s] -- Up-to-date: /root/Lunar_ROADSTER/lr_ws/install/realsense2_camera_msgs/share/realsense2_camera_msgs/msg/Extrinsics.idl
[5.754s] -- Up-to-date: /root/Lunar_ROADSTER/lr_ws/install/realsense2_camera_msgs/share/realsense2_camera_msgs/msg/Metadata.idl
[5.755s] -- Up-to-date: /root/Lunar_ROADSTER/lr_ws/install/realsense2_camera_msgs/share/realsense2_camera_msgs/msg/RGBD.idl
[5.755s] -- Up-to-date: /root/Lunar_ROADSTER/lr_ws/install/realsense2_camera_msgs/share/realsense2_camera_msgs/srv/DeviceInfo.idl
[5.756s] -- Up-to-date: /root/Lunar_ROADSTER/lr_ws/install/realsense2_camera_msgs/share/realsense2_camera_msgs/msg/IMUInfo.msg
[5.756s] -- Up-to-date: /root/Lunar_ROADSTER/lr_ws/install/realsense2_camera_msgs/share/realsense2_camera_msgs/msg/Extrinsics.msg
[5.756s] -- Up-to-date: /root/Lunar_ROADSTER/lr_ws/install/realsense2_camera_msgs/share/realsense2_camera_msgs/msg/Metadata.msg
[5.757s] -- Up-to-date: /root/Lunar_ROADSTER/lr_ws/install/realsense2_camera_msgs/share/realsense2_camera_msgs/msg/RGBD.msg
[5.757s] -- Up-to-date: /root/Lunar_ROADSTER/lr_ws/install/realsense2_camera_msgs/share/realsense2_camera_msgs/srv/DeviceInfo.srv
[5.758s] -- Up-to-date: /root/Lunar_ROADSTER/lr_ws/install/realsense2_camera_msgs/share/realsense2_camera_msgs/srv/DeviceInfo_Request.msg
[5.758s] -- Up-to-date: /root/Lunar_ROADSTER/lr_ws/install/realsense2_camera_msgs/share/realsense2_camera_msgs/srv/DeviceInfo_Response.msg
[5.759s] -- Up-to-date: /root/Lunar_ROADSTER/lr_ws/install/realsense2_camera_msgs/share/ament_index/resource_index/package_run_dependencies/realsense2_camera_msgs
[5.759s] -- Up-to-date: /root/Lunar_ROADSTER/lr_ws/install/realsense2_camera_msgs/share/ament_index/resource_index/parent_prefix_path/realsense2_camera_msgs
[5.760s] -- Up-to-date: /root/Lunar_ROADSTER/lr_ws/install/realsense2_camera_msgs/share/realsense2_camera_msgs/environment/ament_prefix_path.sh
[5.760s] -- Up-to-date: /root/Lunar_ROADSTER/lr_ws/install/realsense2_camera_msgs/share/realsense2_camera_msgs/environment/ament_prefix_path.dsv
[5.761s] -- Up-to-date: /root/Lunar_ROADSTER/lr_ws/install/realsense2_camera_msgs/share/realsense2_camera_msgs/environment/path.sh
[5.761s] -- Up-to-date: /root/Lunar_ROADSTER/lr_ws/install/realsense2_camera_msgs/share/realsense2_camera_msgs/environment/path.dsv
[5.761s] -- Up-to-date: /root/Lunar_ROADSTER/lr_ws/install/realsense2_camera_msgs/share/realsense2_camera_msgs/local_setup.bash
[5.762s] -- Up-to-date: /root/Lunar_ROADSTER/lr_ws/install/realsense2_camera_msgs/share/realsense2_camera_msgs/local_setup.sh
[5.762s] -- Up-to-date: /root/Lunar_ROADSTER/lr_ws/install/realsense2_camera_msgs/share/realsense2_camera_msgs/local_setup.zsh
[5.762s] -- Up-to-date: /root/Lunar_ROADSTER/lr_ws/install/realsense2_camera_msgs/share/realsense2_camera_msgs/local_setup.dsv
[5.763s] -- Installing: /root/Lunar_ROADSTER/lr_ws/install/realsense2_camera_msgs/share/realsense2_camera_msgs/package.dsv
[5.763s] -- Up-to-date: /root/Lunar_ROADSTER/lr_ws/install/realsense2_camera_msgs/share/ament_index/resource_index/packages/realsense2_camera_msgs
[5.764s] -- Up-to-date: /root/Lunar_ROADSTER/lr_ws/install/realsense2_camera_msgs/share/realsense2_camera_msgs/cmake/export_realsense2_camera_msgs__rosidl_generator_cExport.cmake
[5.764s] -- Up-to-date: /root/Lunar_ROADSTER/lr_ws/install/realsense2_camera_msgs/share/realsense2_camera_msgs/cmake/export_realsense2_camera_msgs__rosidl_generator_cExport-noconfig.cmake
[5.765s] -- Up-to-date: /root/Lunar_ROADSTER/lr_ws/install/realsense2_camera_msgs/share/realsense2_camera_msgs/cmake/export_realsense2_camera_msgs__rosidl_typesupport_fastrtps_cExport.cmake
[5.765s] -- Up-to-date: /root/Lunar_ROADSTER/lr_ws/install/realsense2_camera_msgs/share/realsense2_camera_msgs/cmake/export_realsense2_camera_msgs__rosidl_typesupport_fastrtps_cExport-noconfig.cmake
[5.765s] -- Up-to-date: /root/Lunar_ROADSTER/lr_ws/install/realsense2_camera_msgs/share/realsense2_camera_msgs/cmake/realsense2_camera_msgs__rosidl_typesupport_introspection_cExport.cmake
[5.766s] -- Up-to-date: /root/Lunar_ROADSTER/lr_ws/install/realsense2_camera_msgs/share/realsense2_camera_msgs/cmake/realsense2_camera_msgs__rosidl_typesupport_introspection_cExport-noconfig.cmake
[5.766s] -- Up-to-date: /root/Lunar_ROADSTER/lr_ws/install/realsense2_camera_msgs/share/realsense2_camera_msgs/cmake/realsense2_camera_msgs__rosidl_typesupport_cExport.cmake
[5.767s] -- Up-to-date: /root/Lunar_ROADSTER/lr_ws/install/realsense2_camera_msgs/share/realsense2_camera_msgs/cmake/realsense2_camera_msgs__rosidl_typesupport_cExport-noconfig.cmake
[5.768s] -- Up-to-date: /root/Lunar_ROADSTER/lr_ws/install/realsense2_camera_msgs/share/realsense2_camera_msgs/cmake/export_realsense2_camera_msgs__rosidl_generator_cppExport.cmake
[5.770s] -- Up-to-date: /root/Lunar_ROADSTER/lr_ws/install/realsense2_camera_msgs/share/realsense2_camera_msgs/cmake/export_realsense2_camera_msgs__rosidl_typesupport_fastrtps_cppExport.cmake
[5.771s] -- Up-to-date: /root/Lunar_ROADSTER/lr_ws/install/realsense2_camera_msgs/share/realsense2_camera_msgs/cmake/export_realsense2_camera_msgs__rosidl_typesupport_fastrtps_cppExport-noconfig.cmake
[5.772s] -- Up-to-date: /root/Lunar_ROADSTER/lr_ws/install/realsense2_camera_msgs/share/realsense2_camera_msgs/cmake/realsense2_camera_msgs__rosidl_typesupport_introspection_cppExport.cmake
[5.772s] -- Up-to-date: /root/Lunar_ROADSTER/lr_ws/install/realsense2_camera_msgs/share/realsense2_camera_msgs/cmake/realsense2_camera_msgs__rosidl_typesupport_introspection_cppExport-noconfig.cmake
[5.772s] -- Up-to-date: /root/Lunar_ROADSTER/lr_ws/install/realsense2_camera_msgs/share/realsense2_camera_msgs/cmake/realsense2_camera_msgs__rosidl_typesupport_cppExport.cmake
[5.773s] -- Up-to-date: /root/Lunar_ROADSTER/lr_ws/install/realsense2_camera_msgs/share/realsense2_camera_msgs/cmake/realsense2_camera_msgs__rosidl_typesupport_cppExport-noconfig.cmake
[5.773s] -- Up-to-date: /root/Lunar_ROADSTER/lr_ws/install/realsense2_camera_msgs/share/realsense2_camera_msgs/cmake/export_realsense2_camera_msgs__rosidl_generator_pyExport.cmake
[5.774s] -- Up-to-date: /root/Lunar_ROADSTER/lr_ws/install/realsense2_camera_msgs/share/realsense2_camera_msgs/cmake/export_realsense2_camera_msgs__rosidl_generator_pyExport-noconfig.cmake
[5.774s] -- Up-to-date: /root/Lunar_ROADSTER/lr_ws/install/realsense2_camera_msgs/share/realsense2_camera_msgs/cmake/rosidl_cmake-extras.cmake
[5.774s] -- Up-to-date: /root/Lunar_ROADSTER/lr_ws/install/realsense2_camera_msgs/share/realsense2_camera_msgs/cmake/ament_cmake_export_dependencies-extras.cmake
[5.775s] -- Up-to-date: /root/Lunar_ROADSTER/lr_ws/install/realsense2_camera_msgs/share/realsense2_camera_msgs/cmake/ament_cmake_export_include_directories-extras.cmake
[5.775s] -- Up-to-date: /root/Lunar_ROADSTER/lr_ws/install/realsense2_camera_msgs/share/realsense2_camera_msgs/cmake/ament_cmake_export_libraries-extras.cmake
[5.776s] -- Up-to-date: /root/Lunar_ROADSTER/lr_ws/install/realsense2_camera_msgs/share/realsense2_camera_msgs/cmake/ament_cmake_export_targets-extras.cmake
[5.776s] -- Up-to-date: /root/Lunar_ROADSTER/lr_ws/install/realsense2_camera_msgs/share/realsense2_camera_msgs/cmake/rosidl_cmake_export_typesupport_targets-extras.cmake
[5.777s] -- Up-to-date: /root/Lunar_ROADSTER/lr_ws/install/realsense2_camera_msgs/share/realsense2_camera_msgs/cmake/rosidl_cmake_export_typesupport_libraries-extras.cmake
[5.777s] -- Up-to-date: /root/Lunar_ROADSTER/lr_ws/install/realsense2_camera_msgs/share/realsense2_camera_msgs/cmake/realsense2_camera_msgsConfig.cmake
[5.778s] -- Up-to-date: /root/Lunar_ROADSTER/lr_ws/install/realsense2_camera_msgs/share/realsense2_camera_msgs/cmake/realsense2_camera_msgsConfig-version.cmake
[5.778s] -- Up-to-date: /root/Lunar_ROADSTER/lr_ws/install/realsense2_camera_msgs/share/realsense2_camera_msgs/package.xml
[6.103s] Invoked command in '/root/Lunar_ROADSTER/lr_ws/build/realsense2_camera_msgs' returned '0': CMAKE_PREFIX_PATH=${CMAKE_PREFIX_PATH}:/root/Lunar_ROADSTER/lr_ws/install/nav2_simple_commander:/opt/ros/humble /usr/local/bin/cmake --install /root/Lunar_ROADSTER/lr_ws/build/realsense2_camera_msgs
