[0.035s] Invoking command in '/home/williamfbx/Lunar-ROADSTER/lr_ws/build/elevation_mapping': CMAKE_PREFIX_PATH=/home/williamfbx/Lunar-ROADSTER/lr_ws/install/grid_map_ros:/home/williamfbx/Lunar-ROADSTER/lr_ws/install/grid_map_cv:/home/williamfbx/Lunar-ROADSTER/lr_ws/install/kindr_ros:/home/williamfbx/Lunar-ROADSTER/lr_ws/install/grid_map_msgs:/home/williamfbx/Lunar-ROADSTER/lr_ws/install/grid_map_core:/home/williamfbx/Lunar-ROADSTER/lr_ws/install/kindr:/home/williamfbx/Lunar-ROADSTER/lr_ws/install/grid_map_cmake_helpers:/home/williamfbx/Lunar-ROADSTER/lr_ws/install/elevation_mapping:/home/williamfbx/Lunar-ROADSTER/lr_ws/install/kindr_msgs:/home/williamfbx/Lunar-ROADSTER/lr_ws/install/teleop:/home/williamfbx/Lunar-ROADSTER/lr_ws/install/sensing:/home/williamfbx/Lunar-ROADSTER/lr_ws/install/motion_control:/home/williamfbx/Lunar-ROADSTER/lr_ws/install/localization:/home/williamfbx/Lunar-ROADSTER/lr_ws/install/imu:/home/williamfbx/Lunar-ROADSTER/lr_ws/install/grid_map:/home/williamfbx/Lunar-ROADSTER/lr_ws/install/grid_map_demos:/home/williamfbx/Lunar-ROADSTER/lr_ws/install/grid_map_visualization:/home/williamfbx/Lunar-ROADSTER/lr_ws/install/grid_map_sdf:/home/williamfbx/Lunar-ROADSTER/lr_ws/install/grid_map_rviz_plugin:/home/williamfbx/Lunar-ROADSTER/lr_ws/install/grid_map_pcl:/home/williamfbx/Lunar-ROADSTER/lr_ws/install/grid_map_loader:/home/williamfbx/Lunar-ROADSTER/lr_ws/install/grid_map_filters:/home/williamfbx/Lunar-ROADSTER/lr_ws/install/grid_map_octomap:/home/williamfbx/Lunar-ROADSTER/lr_ws/install/grid_map_costmap_2d:/home/williamfbx/Lunar-ROADSTER/lr_ws/install/arduino:/home/williamfbx/Lunar-ROADSTER/lr_ws/install/cg_msgs:/opt/ros/humble LD_LIBRARY_PATH=/home/williamfbx/Lunar-ROADSTER/lr_ws/install/grid_map_ros/lib:/home/williamfbx/Lunar-ROADSTER/lr_ws/install/grid_map_cv/lib:/home/williamfbx/Lunar-ROADSTER/lr_ws/install/grid_map_msgs/lib:/home/williamfbx/Lunar-ROADSTER/lr_ws/install/elevation_mapping/lib:/home/williamfbx/Lunar-ROADSTER/lr_ws/install/kindr_msgs/lib:/home/williamfbx/Lunar-ROADSTER/lr_ws/install/kindr/lib:/home/williamfbx/Lunar-ROADSTER/lr_ws/install/grid_map_demos/lib:/home/williamfbx/Lunar-ROADSTER/lr_ws/install/grid_map_visualization/lib:/home/williamfbx/Lunar-ROADSTER/lr_ws/install/grid_map_sdf/lib:/home/williamfbx/Lunar-ROADSTER/lr_ws/install/grid_map_rviz_plugin/lib:/home/williamfbx/Lunar-ROADSTER/lr_ws/install/grid_map_pcl/lib:/home/williamfbx/Lunar-ROADSTER/lr_ws/install/grid_map_loader/lib:/home/williamfbx/Lunar-ROADSTER/lr_ws/install/grid_map_filters/lib:/home/williamfbx/Lunar-ROADSTER/lr_ws/install/grid_map_octomap/lib:/home/williamfbx/Lunar-ROADSTER/lr_ws/install/grid_map_costmap_2d/lib:/home/williamfbx/Lunar-ROADSTER/lr_ws/install/grid_map_core/lib:/home/williamfbx/Lunar-ROADSTER/lr_ws/install/cg_msgs/lib:/opt/ros/humble/opt/rviz_ogre_vendor/lib:/opt/ros/humble/lib/x86_64-linux-gnu:/opt/ros/humble/lib /usr/bin/cmake --build /home/williamfbx/Lunar-ROADSTER/lr_ws/build/elevation_mapping -- -j12 -l12
[0.099s] [35m[1mConsolidate compiler generated dependencies of target elevation_mapping_pcl_types[0m
[0.099s] [35m[1mConsolidate compiler generated dependencies of target gtest[0m
[0.100s] [35m[1mConsolidate compiler generated dependencies of target get_grid_map_client[0m
[0.107s] [35m[1mConsolidate compiler generated dependencies of target listener[0m
[0.109s] [35m[1mConsolidate compiler generated dependencies of target gtest_main[0m
[0.120s] [  6%] Built target get_grid_map_client
[0.120s] [ 13%] Built target gtest
[0.122s] [ 20%] Built target listener
[0.123s] [ 34%] Built target elevation_mapping_pcl_types
[0.123s] [ 34%] Built target gtest_main
[0.153s] [35m[1mConsolidate compiler generated dependencies of target elevation_mapping_library[0m
[0.211s] [ 82%] Built target elevation_mapping_library
[0.223s] [35m[1mConsolidate compiler generated dependencies of target test_elevation_mapping_input_sources[0m
[0.225s] [35m[1mConsolidate compiler generated dependencies of target elevation_mapping[0m
[0.245s] [ 93%] Built target test_elevation_mapping_input_sources
[0.256s] [100%] Built target elevation_mapping
[0.265s] Invoked command in '/home/williamfbx/Lunar-ROADSTER/lr_ws/build/elevation_mapping' returned '0': CMAKE_PREFIX_PATH=/home/williamfbx/Lunar-ROADSTER/lr_ws/install/grid_map_ros:/home/williamfbx/Lunar-ROADSTER/lr_ws/install/grid_map_cv:/home/williamfbx/Lunar-ROADSTER/lr_ws/install/kindr_ros:/home/williamfbx/Lunar-ROADSTER/lr_ws/install/grid_map_msgs:/home/williamfbx/Lunar-ROADSTER/lr_ws/install/grid_map_core:/home/williamfbx/Lunar-ROADSTER/lr_ws/install/kindr:/home/williamfbx/Lunar-ROADSTER/lr_ws/install/grid_map_cmake_helpers:/home/williamfbx/Lunar-ROADSTER/lr_ws/install/elevation_mapping:/home/williamfbx/Lunar-ROADSTER/lr_ws/install/kindr_msgs:/home/williamfbx/Lunar-ROADSTER/lr_ws/install/teleop:/home/williamfbx/Lunar-ROADSTER/lr_ws/install/sensing:/home/williamfbx/Lunar-ROADSTER/lr_ws/install/motion_control:/home/williamfbx/Lunar-ROADSTER/lr_ws/install/localization:/home/williamfbx/Lunar-ROADSTER/lr_ws/install/imu:/home/williamfbx/Lunar-ROADSTER/lr_ws/install/grid_map:/home/williamfbx/Lunar-ROADSTER/lr_ws/install/grid_map_demos:/home/williamfbx/Lunar-ROADSTER/lr_ws/install/grid_map_visualization:/home/williamfbx/Lunar-ROADSTER/lr_ws/install/grid_map_sdf:/home/williamfbx/Lunar-ROADSTER/lr_ws/install/grid_map_rviz_plugin:/home/williamfbx/Lunar-ROADSTER/lr_ws/install/grid_map_pcl:/home/williamfbx/Lunar-ROADSTER/lr_ws/install/grid_map_loader:/home/williamfbx/Lunar-ROADSTER/lr_ws/install/grid_map_filters:/home/williamfbx/Lunar-ROADSTER/lr_ws/install/grid_map_octomap:/home/williamfbx/Lunar-ROADSTER/lr_ws/install/grid_map_costmap_2d:/home/williamfbx/Lunar-ROADSTER/lr_ws/install/arduino:/home/williamfbx/Lunar-ROADSTER/lr_ws/install/cg_msgs:/opt/ros/humble LD_LIBRARY_PATH=/home/williamfbx/Lunar-ROADSTER/lr_ws/install/grid_map_ros/lib:/home/williamfbx/Lunar-ROADSTER/lr_ws/install/grid_map_cv/lib:/home/williamfbx/Lunar-ROADSTER/lr_ws/install/grid_map_msgs/lib:/home/williamfbx/Lunar-ROADSTER/lr_ws/install/elevation_mapping/lib:/home/williamfbx/Lunar-ROADSTER/lr_ws/install/kindr_msgs/lib:/home/williamfbx/Lunar-ROADSTER/lr_ws/install/kindr/lib:/home/williamfbx/Lunar-ROADSTER/lr_ws/install/grid_map_demos/lib:/home/williamfbx/Lunar-ROADSTER/lr_ws/install/grid_map_visualization/lib:/home/williamfbx/Lunar-ROADSTER/lr_ws/install/grid_map_sdf/lib:/home/williamfbx/Lunar-ROADSTER/lr_ws/install/grid_map_rviz_plugin/lib:/home/williamfbx/Lunar-ROADSTER/lr_ws/install/grid_map_pcl/lib:/home/williamfbx/Lunar-ROADSTER/lr_ws/install/grid_map_loader/lib:/home/williamfbx/Lunar-ROADSTER/lr_ws/install/grid_map_filters/lib:/home/williamfbx/Lunar-ROADSTER/lr_ws/install/grid_map_octomap/lib:/home/williamfbx/Lunar-ROADSTER/lr_ws/install/grid_map_costmap_2d/lib:/home/williamfbx/Lunar-ROADSTER/lr_ws/install/grid_map_core/lib:/home/williamfbx/Lunar-ROADSTER/lr_ws/install/cg_msgs/lib:/opt/ros/humble/opt/rviz_ogre_vendor/lib:/opt/ros/humble/lib/x86_64-linux-gnu:/opt/ros/humble/lib /usr/bin/cmake --build /home/williamfbx/Lunar-ROADSTER/lr_ws/build/elevation_mapping -- -j12 -l12
[0.267s] Invoking command in '/home/williamfbx/Lunar-ROADSTER/lr_ws/build/elevation_mapping': CMAKE_PREFIX_PATH=/home/williamfbx/Lunar-ROADSTER/lr_ws/install/grid_map_ros:/home/williamfbx/Lunar-ROADSTER/lr_ws/install/grid_map_cv:/home/williamfbx/Lunar-ROADSTER/lr_ws/install/kindr_ros:/home/williamfbx/Lunar-ROADSTER/lr_ws/install/grid_map_msgs:/home/williamfbx/Lunar-ROADSTER/lr_ws/install/grid_map_core:/home/williamfbx/Lunar-ROADSTER/lr_ws/install/kindr:/home/williamfbx/Lunar-ROADSTER/lr_ws/install/grid_map_cmake_helpers:/home/williamfbx/Lunar-ROADSTER/lr_ws/install/elevation_mapping:/home/williamfbx/Lunar-ROADSTER/lr_ws/install/kindr_msgs:/home/williamfbx/Lunar-ROADSTER/lr_ws/install/teleop:/home/williamfbx/Lunar-ROADSTER/lr_ws/install/sensing:/home/williamfbx/Lunar-ROADSTER/lr_ws/install/motion_control:/home/williamfbx/Lunar-ROADSTER/lr_ws/install/localization:/home/williamfbx/Lunar-ROADSTER/lr_ws/install/imu:/home/williamfbx/Lunar-ROADSTER/lr_ws/install/grid_map:/home/williamfbx/Lunar-ROADSTER/lr_ws/install/grid_map_demos:/home/williamfbx/Lunar-ROADSTER/lr_ws/install/grid_map_visualization:/home/williamfbx/Lunar-ROADSTER/lr_ws/install/grid_map_sdf:/home/williamfbx/Lunar-ROADSTER/lr_ws/install/grid_map_rviz_plugin:/home/williamfbx/Lunar-ROADSTER/lr_ws/install/grid_map_pcl:/home/williamfbx/Lunar-ROADSTER/lr_ws/install/grid_map_loader:/home/williamfbx/Lunar-ROADSTER/lr_ws/install/grid_map_filters:/home/williamfbx/Lunar-ROADSTER/lr_ws/install/grid_map_octomap:/home/williamfbx/Lunar-ROADSTER/lr_ws/install/grid_map_costmap_2d:/home/williamfbx/Lunar-ROADSTER/lr_ws/install/arduino:/home/williamfbx/Lunar-ROADSTER/lr_ws/install/cg_msgs:/opt/ros/humble LD_LIBRARY_PATH=/home/williamfbx/Lunar-ROADSTER/lr_ws/install/grid_map_ros/lib:/home/williamfbx/Lunar-ROADSTER/lr_ws/install/grid_map_cv/lib:/home/williamfbx/Lunar-ROADSTER/lr_ws/install/grid_map_msgs/lib:/home/williamfbx/Lunar-ROADSTER/lr_ws/install/elevation_mapping/lib:/home/williamfbx/Lunar-ROADSTER/lr_ws/install/kindr_msgs/lib:/home/williamfbx/Lunar-ROADSTER/lr_ws/install/kindr/lib:/home/williamfbx/Lunar-ROADSTER/lr_ws/install/grid_map_demos/lib:/home/williamfbx/Lunar-ROADSTER/lr_ws/install/grid_map_visualization/lib:/home/williamfbx/Lunar-ROADSTER/lr_ws/install/grid_map_sdf/lib:/home/williamfbx/Lunar-ROADSTER/lr_ws/install/grid_map_rviz_plugin/lib:/home/williamfbx/Lunar-ROADSTER/lr_ws/install/grid_map_pcl/lib:/home/williamfbx/Lunar-ROADSTER/lr_ws/install/grid_map_loader/lib:/home/williamfbx/Lunar-ROADSTER/lr_ws/install/grid_map_filters/lib:/home/williamfbx/Lunar-ROADSTER/lr_ws/install/grid_map_octomap/lib:/home/williamfbx/Lunar-ROADSTER/lr_ws/install/grid_map_costmap_2d/lib:/home/williamfbx/Lunar-ROADSTER/lr_ws/install/grid_map_core/lib:/home/williamfbx/Lunar-ROADSTER/lr_ws/install/cg_msgs/lib:/opt/ros/humble/opt/rviz_ogre_vendor/lib:/opt/ros/humble/lib/x86_64-linux-gnu:/opt/ros/humble/lib /usr/bin/cmake --install /home/williamfbx/Lunar-ROADSTER/lr_ws/build/elevation_mapping
[0.274s] -- Install configuration: "Release"
[0.274s] -- Up-to-date: /home/williamfbx/Lunar-ROADSTER/lr_ws/install/elevation_mapping/lib/elevation_mapping/get_grid_map_client
[0.274s] -- Up-to-date: /home/williamfbx/Lunar-ROADSTER/lr_ws/install/elevation_mapping/lib/libelevation_mapping_pcl_types.a
[0.275s] -- Up-to-date: /home/williamfbx/Lunar-ROADSTER/lr_ws/install/elevation_mapping/lib/libelevation_mapping_library.a
[0.275s] -- Up-to-date: /home/williamfbx/Lunar-ROADSTER/lr_ws/install/elevation_mapping/lib/elevation_mapping/elevation_mapping
[0.275s] -- Up-to-date: /home/williamfbx/Lunar-ROADSTER/lr_ws/install/elevation_mapping/lib/elevation_mapping/listener
[0.275s] -- Up-to-date: /home/williamfbx/Lunar-ROADSTER/lr_ws/install/elevation_mapping/share/elevation_mapping/config
[0.275s] -- Up-to-date: /home/williamfbx/Lunar-ROADSTER/lr_ws/install/elevation_mapping/share/elevation_mapping/config/visualization
[0.275s] -- Up-to-date: /home/williamfbx/Lunar-ROADSTER/lr_ws/install/elevation_mapping/share/elevation_mapping/config/visualization/raw.yaml
[0.275s] -- Up-to-date: /home/williamfbx/Lunar-ROADSTER/lr_ws/install/elevation_mapping/share/elevation_mapping/config/visualization/fused.yaml
[0.275s] -- Up-to-date: /home/williamfbx/Lunar-ROADSTER/lr_ws/install/elevation_mapping/share/elevation_mapping/config/rosconsole.conf
[0.275s] -- Up-to-date: /home/williamfbx/Lunar-ROADSTER/lr_ws/install/elevation_mapping/share/elevation_mapping/config/postprocessing
[0.275s] -- Up-to-date: /home/williamfbx/Lunar-ROADSTER/lr_ws/install/elevation_mapping/share/elevation_mapping/config/postprocessing/postprocessor_pipeline.yaml
[0.275s] -- Up-to-date: /home/williamfbx/Lunar-ROADSTER/lr_ws/install/elevation_mapping/share/elevation_mapping/config/robots
[0.275s] -- Up-to-date: /home/williamfbx/Lunar-ROADSTER/lr_ws/install/elevation_mapping/share/elevation_mapping/config/robots/simple_demo_robot.yaml
[0.275s] -- Up-to-date: /home/williamfbx/Lunar-ROADSTER/lr_ws/install/elevation_mapping/share/elevation_mapping/config/robots/starleth.yaml
[0.275s] -- Up-to-date: /home/williamfbx/Lunar-ROADSTER/lr_ws/install/elevation_mapping/share/elevation_mapping/config/robots/remove_object.yaml
[0.275s] -- Up-to-date: /home/williamfbx/Lunar-ROADSTER/lr_ws/install/elevation_mapping/share/elevation_mapping/config/robots/waffle_robot.yaml
[0.275s] -- Up-to-date: /home/williamfbx/Lunar-ROADSTER/lr_ws/install/elevation_mapping/share/elevation_mapping/config/robots/ground_truth_demo.yaml
[0.275s] -- Up-to-date: /home/williamfbx/Lunar-ROADSTER/lr_ws/install/elevation_mapping/share/elevation_mapping/config/file_path.yaml
[0.276s] -- Up-to-date: /home/williamfbx/Lunar-ROADSTER/lr_ws/install/elevation_mapping/share/elevation_mapping/config/sensor_processors
[0.276s] -- Up-to-date: /home/williamfbx/Lunar-ROADSTER/lr_ws/install/elevation_mapping/share/elevation_mapping/config/sensor_processors/perfect.yaml
[0.276s] -- Up-to-date: /home/williamfbx/Lunar-ROADSTER/lr_ws/install/elevation_mapping/share/elevation_mapping/config/sensor_processors/RSLidar-32.yaml
[0.276s] -- Up-to-date: /home/williamfbx/Lunar-ROADSTER/lr_ws/install/elevation_mapping/share/elevation_mapping/config/sensor_processors/aslam.yaml
[0.276s] -- Up-to-date: /home/williamfbx/Lunar-ROADSTER/lr_ws/install/elevation_mapping/share/elevation_mapping/config/sensor_processors/primesense_carmine_109_short_range_uncalibrated.yaml
[0.276s] -- Up-to-date: /home/williamfbx/Lunar-ROADSTER/lr_ws/install/elevation_mapping/share/elevation_mapping/config/sensor_processors/primesense_carmine_109_short_range_datasheet.yaml
[0.276s] -- Up-to-date: /home/williamfbx/Lunar-ROADSTER/lr_ws/install/elevation_mapping/share/elevation_mapping/config/sensor_processors/fotonic_g45.yaml
[0.276s] -- Up-to-date: /home/williamfbx/Lunar-ROADSTER/lr_ws/install/elevation_mapping/share/elevation_mapping/config/sensor_processors/velodyne_HDL-32E.yaml
[0.276s] -- Up-to-date: /home/williamfbx/Lunar-ROADSTER/lr_ws/install/elevation_mapping/share/elevation_mapping/config/sensor_processors/realsense_d435.yaml
[0.276s] -- Up-to-date: /home/williamfbx/Lunar-ROADSTER/lr_ws/install/elevation_mapping/share/elevation_mapping/config/sensor_processors/hokuyo_utm-30lx.yaml
[0.276s] -- Up-to-date: /home/williamfbx/Lunar-ROADSTER/lr_ws/install/elevation_mapping/share/elevation_mapping/config/sensor_processors/realsense_ZR300.yaml
[0.276s] -- Up-to-date: /home/williamfbx/Lunar-ROADSTER/lr_ws/install/elevation_mapping/share/elevation_mapping/config/sensor_processors/kinect_nguyen_et_al.yaml
[0.276s] -- Up-to-date: /home/williamfbx/Lunar-ROADSTER/lr_ws/install/elevation_mapping/share/elevation_mapping/config/elevation_maps
[0.276s] -- Up-to-date: /home/williamfbx/Lunar-ROADSTER/lr_ws/install/elevation_mapping/share/elevation_mapping/config/elevation_maps/simple_demo_map.yaml
[0.276s] -- Up-to-date: /home/williamfbx/Lunar-ROADSTER/lr_ws/install/elevation_mapping/share/elevation_mapping/config/elevation_maps/long_range.yaml
[0.276s] -- Up-to-date: /home/williamfbx/Lunar-ROADSTER/lr_ws/install/elevation_mapping/share/elevation_mapping/config/elevation_maps/remove_object.yaml
[0.276s] -- Up-to-date: /home/williamfbx/Lunar-ROADSTER/lr_ws/install/elevation_mapping/share/elevation_mapping/config/elevation_maps/starleth_map.yaml
[0.276s] -- Up-to-date: /home/williamfbx/Lunar-ROADSTER/lr_ws/install/elevation_mapping/share/elevation_mapping/launch
[0.276s] -- Up-to-date: /home/williamfbx/Lunar-ROADSTER/lr_ws/install/elevation_mapping/share/elevation_mapping/launch/elevationMapping_launch.py
[0.276s] -- Up-to-date: /home/williamfbx/Lunar-ROADSTER/lr_ws/install/elevation_mapping/share/elevation_mapping/launch/visualization.launch.py
[0.276s] -- Up-to-date: /home/williamfbx/Lunar-ROADSTER/lr_ws/install/elevation_mapping/share/elevation_mapping/sample_data
[0.276s] -- Up-to-date: /home/williamfbx/Lunar-ROADSTER/lr_ws/install/elevation_mapping/share/elevation_mapping/sample_data/maze.ply
[0.276s] -- Up-to-date: /home/williamfbx/Lunar-ROADSTER/lr_ws/install/elevation_mapping/share/elevation_mapping/rviz2
[0.276s] -- Up-to-date: /home/williamfbx/Lunar-ROADSTER/lr_ws/install/elevation_mapping/share/elevation_mapping/rviz2/viz.rviz
[0.276s] -- Up-to-date: /home/williamfbx/Lunar-ROADSTER/lr_ws/install/elevation_mapping/share/elevation_mapping/rviz2/map.rviz
[0.276s] -- Up-to-date: /home/williamfbx/Lunar-ROADSTER/lr_ws/install/elevation_mapping/share/elevation_mapping/rviz2/custom_rviz2.rviz
[0.276s] -- Up-to-date: /home/williamfbx/Lunar-ROADSTER/lr_ws/install/elevation_mapping/share/elevation_mapping/environment/library_path.sh
[0.276s] -- Up-to-date: /home/williamfbx/Lunar-ROADSTER/lr_ws/install/elevation_mapping/share/elevation_mapping/environment/library_path.dsv
[0.277s] -- Up-to-date: /home/williamfbx/Lunar-ROADSTER/lr_ws/install/elevation_mapping/share/ament_index/resource_index/package_run_dependencies/elevation_mapping
[0.277s] -- Up-to-date: /home/williamfbx/Lunar-ROADSTER/lr_ws/install/elevation_mapping/share/ament_index/resource_index/parent_prefix_path/elevation_mapping
[0.277s] -- Up-to-date: /home/williamfbx/Lunar-ROADSTER/lr_ws/install/elevation_mapping/share/elevation_mapping/environment/ament_prefix_path.sh
[0.277s] -- Up-to-date: /home/williamfbx/Lunar-ROADSTER/lr_ws/install/elevation_mapping/share/elevation_mapping/environment/ament_prefix_path.dsv
[0.277s] -- Up-to-date: /home/williamfbx/Lunar-ROADSTER/lr_ws/install/elevation_mapping/share/elevation_mapping/environment/path.sh
[0.277s] -- Up-to-date: /home/williamfbx/Lunar-ROADSTER/lr_ws/install/elevation_mapping/share/elevation_mapping/environment/path.dsv
[0.277s] -- Up-to-date: /home/williamfbx/Lunar-ROADSTER/lr_ws/install/elevation_mapping/share/elevation_mapping/local_setup.bash
[0.277s] -- Up-to-date: /home/williamfbx/Lunar-ROADSTER/lr_ws/install/elevation_mapping/share/elevation_mapping/local_setup.sh
[0.277s] -- Up-to-date: /home/williamfbx/Lunar-ROADSTER/lr_ws/install/elevation_mapping/share/elevation_mapping/local_setup.zsh
[0.277s] -- Up-to-date: /home/williamfbx/Lunar-ROADSTER/lr_ws/install/elevation_mapping/share/elevation_mapping/local_setup.dsv
[0.277s] -- Installing: /home/williamfbx/Lunar-ROADSTER/lr_ws/install/elevation_mapping/share/elevation_mapping/package.dsv
[0.277s] -- Up-to-date: /home/williamfbx/Lunar-ROADSTER/lr_ws/install/elevation_mapping/share/ament_index/resource_index/packages/elevation_mapping
[0.277s] -- Up-to-date: /home/williamfbx/Lunar-ROADSTER/lr_ws/install/elevation_mapping/share/elevation_mapping/cmake/ament_cmake_export_include_directories-extras.cmake
[0.277s] -- Up-to-date: /home/williamfbx/Lunar-ROADSTER/lr_ws/install/elevation_mapping/share/elevation_mapping/cmake/ament_cmake_export_libraries-extras.cmake
[0.277s] -- Up-to-date: /home/williamfbx/Lunar-ROADSTER/lr_ws/install/elevation_mapping/share/elevation_mapping/cmake/ament_cmake_export_dependencies-extras.cmake
[0.277s] -- Up-to-date: /home/williamfbx/Lunar-ROADSTER/lr_ws/install/elevation_mapping/share/elevation_mapping/cmake/elevation_mappingConfig.cmake
[0.277s] -- Up-to-date: /home/williamfbx/Lunar-ROADSTER/lr_ws/install/elevation_mapping/share/elevation_mapping/cmake/elevation_mappingConfig-version.cmake
[0.277s] -- Up-to-date: /home/williamfbx/Lunar-ROADSTER/lr_ws/install/elevation_mapping/share/elevation_mapping/package.xml
[0.278s] Invoked command in '/home/williamfbx/Lunar-ROADSTER/lr_ws/build/elevation_mapping' returned '0': CMAKE_PREFIX_PATH=/home/williamfbx/Lunar-ROADSTER/lr_ws/install/grid_map_ros:/home/williamfbx/Lunar-ROADSTER/lr_ws/install/grid_map_cv:/home/williamfbx/Lunar-ROADSTER/lr_ws/install/kindr_ros:/home/williamfbx/Lunar-ROADSTER/lr_ws/install/grid_map_msgs:/home/williamfbx/Lunar-ROADSTER/lr_ws/install/grid_map_core:/home/williamfbx/Lunar-ROADSTER/lr_ws/install/kindr:/home/williamfbx/Lunar-ROADSTER/lr_ws/install/grid_map_cmake_helpers:/home/williamfbx/Lunar-ROADSTER/lr_ws/install/elevation_mapping:/home/williamfbx/Lunar-ROADSTER/lr_ws/install/kindr_msgs:/home/williamfbx/Lunar-ROADSTER/lr_ws/install/teleop:/home/williamfbx/Lunar-ROADSTER/lr_ws/install/sensing:/home/williamfbx/Lunar-ROADSTER/lr_ws/install/motion_control:/home/williamfbx/Lunar-ROADSTER/lr_ws/install/localization:/home/williamfbx/Lunar-ROADSTER/lr_ws/install/imu:/home/williamfbx/Lunar-ROADSTER/lr_ws/install/grid_map:/home/williamfbx/Lunar-ROADSTER/lr_ws/install/grid_map_demos:/home/williamfbx/Lunar-ROADSTER/lr_ws/install/grid_map_visualization:/home/williamfbx/Lunar-ROADSTER/lr_ws/install/grid_map_sdf:/home/williamfbx/Lunar-ROADSTER/lr_ws/install/grid_map_rviz_plugin:/home/williamfbx/Lunar-ROADSTER/lr_ws/install/grid_map_pcl:/home/williamfbx/Lunar-ROADSTER/lr_ws/install/grid_map_loader:/home/williamfbx/Lunar-ROADSTER/lr_ws/install/grid_map_filters:/home/williamfbx/Lunar-ROADSTER/lr_ws/install/grid_map_octomap:/home/williamfbx/Lunar-ROADSTER/lr_ws/install/grid_map_costmap_2d:/home/williamfbx/Lunar-ROADSTER/lr_ws/install/arduino:/home/williamfbx/Lunar-ROADSTER/lr_ws/install/cg_msgs:/opt/ros/humble LD_LIBRARY_PATH=/home/williamfbx/Lunar-ROADSTER/lr_ws/install/grid_map_ros/lib:/home/williamfbx/Lunar-ROADSTER/lr_ws/install/grid_map_cv/lib:/home/williamfbx/Lunar-ROADSTER/lr_ws/install/grid_map_msgs/lib:/home/williamfbx/Lunar-ROADSTER/lr_ws/install/elevation_mapping/lib:/home/williamfbx/Lunar-ROADSTER/lr_ws/install/kindr_msgs/lib:/home/williamfbx/Lunar-ROADSTER/lr_ws/install/kindr/lib:/home/williamfbx/Lunar-ROADSTER/lr_ws/install/grid_map_demos/lib:/home/williamfbx/Lunar-ROADSTER/lr_ws/install/grid_map_visualization/lib:/home/williamfbx/Lunar-ROADSTER/lr_ws/install/grid_map_sdf/lib:/home/williamfbx/Lunar-ROADSTER/lr_ws/install/grid_map_rviz_plugin/lib:/home/williamfbx/Lunar-ROADSTER/lr_ws/install/grid_map_pcl/lib:/home/williamfbx/Lunar-ROADSTER/lr_ws/install/grid_map_loader/lib:/home/williamfbx/Lunar-ROADSTER/lr_ws/install/grid_map_filters/lib:/home/williamfbx/Lunar-ROADSTER/lr_ws/install/grid_map_octomap/lib:/home/williamfbx/Lunar-ROADSTER/lr_ws/install/grid_map_costmap_2d/lib:/home/williamfbx/Lunar-ROADSTER/lr_ws/install/grid_map_core/lib:/home/williamfbx/Lunar-ROADSTER/lr_ws/install/cg_msgs/lib:/opt/ros/humble/opt/rviz_ogre_vendor/lib:/opt/ros/humble/lib/x86_64-linux-gnu:/opt/ros/humble/lib /usr/bin/cmake --install /home/williamfbx/Lunar-ROADSTER/lr_ws/build/elevation_mapping
