[0.206s] Invoking command in '/root/Lunar_ROADSTER/lr_ws/build/imu': CMAKE_PREFIX_PATH=/opt/ros/humble /usr/local/bin/cmake --build /root/Lunar_ROADSTER/lr_ws/build/imu -- -j4 -l4
[1.113s] [100%] Built target imu_base_link_conversion_node
[1.193s] Invoked command in '/root/Lunar_ROADSTER/lr_ws/build/imu' returned '0': CMAKE_PREFIX_PATH=/opt/ros/humble /usr/local/bin/cmake --build /root/Lunar_ROADSTER/lr_ws/build/imu -- -j4 -l4
[1.350s] Invoking command in '/root/Lunar_ROADSTER/lr_ws/build/imu': CMAKE_PREFIX_PATH=/opt/ros/humble /usr/local/bin/cmake --install /root/Lunar_ROADSTER/lr_ws/build/imu
[1.568s] -- Install configuration: ""
[1.572s] -- Up-to-date: /root/Lunar_ROADSTER/lr_ws/install/imu/lib/imu/imu_base_link_conversion_node
[1.585s] -- Up-to-date: /root/Lunar_ROADSTER/lr_ws/install/imu/include/imu
[1.599s] -- Up-to-date: /root/Lunar_ROADSTER/lr_ws/install/imu/include/imu/imu_base_link_conversion_node.hpp
[1.602s] -- Up-to-date: /root/Lunar_ROADSTER/lr_ws/install/imu/share/imu/launch
[1.672s] -- Up-to-date: /root/Lunar_ROADSTER/lr_ws/install/imu/share/imu/launch/imu_launch.py
[1.673s] -- Up-to-date: /root/Lunar_ROADSTER/lr_ws/install/imu/share/imu/launch/__pycache__
[1.673s] -- Up-to-date: /root/Lunar_ROADSTER/lr_ws/install/imu/share/imu/launch/__pycache__/imu_launch.cpython-310.pyc
[1.674s] -- Up-to-date: /root/Lunar_ROADSTER/lr_ws/install/imu/share/imu//config
[1.674s] -- Up-to-date: /root/Lunar_ROADSTER/lr_ws/install/imu/share/imu//config/imu_node_params.yaml
[1.674s] -- Up-to-date: /root/Lunar_ROADSTER/lr_ws/install/imu/share/imu//config/imu_static_tf_params.yaml
[1.675s] -- Up-to-date: /root/Lunar_ROADSTER/lr_ws/install/imu/share/ament_index/resource_index/package_run_dependencies/imu
[1.675s] -- Up-to-date: /root/Lunar_ROADSTER/lr_ws/install/imu/share/ament_index/resource_index/parent_prefix_path/imu
[1.675s] -- Up-to-date: /root/Lunar_ROADSTER/lr_ws/install/imu/share/imu/environment/ament_prefix_path.sh
[1.675s] -- Up-to-date: /root/Lunar_ROADSTER/lr_ws/install/imu/share/imu/environment/ament_prefix_path.dsv
[1.679s] -- Up-to-date: /root/Lunar_ROADSTER/lr_ws/install/imu/share/imu/environment/path.sh
[1.679s] -- Up-to-date: /root/Lunar_ROADSTER/lr_ws/install/imu/share/imu/environment/path.dsv
[1.680s] -- Up-to-date: /root/Lunar_ROADSTER/lr_ws/install/imu/share/imu/local_setup.bash
[1.680s] -- Up-to-date: /root/Lunar_ROADSTER/lr_ws/install/imu/share/imu/local_setup.sh
[1.680s] -- Up-to-date: /root/Lunar_ROADSTER/lr_ws/install/imu/share/imu/local_setup.zsh
[1.689s] -- Up-to-date: /root/Lunar_ROADSTER/lr_ws/install/imu/share/imu/local_setup.dsv
[1.689s] -- Installing: /root/Lunar_ROADSTER/lr_ws/install/imu/share/imu/package.dsv
[1.726s] -- Up-to-date: /root/Lunar_ROADSTER/lr_ws/install/imu/share/ament_index/resource_index/packages/imu
[1.727s] -- Up-to-date: /root/Lunar_ROADSTER/lr_ws/install/imu/share/imu/cmake/imuConfig.cmake
[1.727s] -- Up-to-date: /root/Lunar_ROADSTER/lr_ws/install/imu/share/imu/cmake/imuConfig-version.cmake
[1.727s] -- Up-to-date: /root/Lunar_ROADSTER/lr_ws/install/imu/share/imu/package.xml
[1.829s] Invoked command in '/root/Lunar_ROADSTER/lr_ws/build/imu' returned '0': CMAKE_PREFIX_PATH=/opt/ros/humble /usr/local/bin/cmake --install /root/Lunar_ROADSTER/lr_ws/build/imu
