[0.031s] Invoking command in '/home/williamfbx/Lunar-ROADSTER/lr_ws/build/planning': CMAKE_PREFIX_PATH=/home/williamfbx/Lunar-ROADSTER/lr_ws/install/mapping:/home/williamfbx/Lunar-ROADSTER/lr_ws/install/cg_msgs:/home/williamfbx/Lunar-ROADSTER/lr_ws/install/vectornav:/home/williamfbx/Lunar-ROADSTER/lr_ws/install/vectornav_msgs:/home/williamfbx/Lunar-ROADSTER/lr_ws/install/teleop:/home/williamfbx/Lunar-ROADSTER/lr_ws/install/sensing:/home/williamfbx/Lunar-ROADSTER/lr_ws/install/realsense2_description:/home/williamfbx/Lunar-ROADSTER/lr_ws/install/realsense2_camera:/home/williamfbx/Lunar-ROADSTER/lr_ws/install/realsense2_camera_msgs:/home/williamfbx/Lunar-ROADSTER/lr_ws/install/realsense:/home/williamfbx/Lunar-ROADSTER/lr_ws/install/planning:/home/williamfbx/Lunar-ROADSTER/lr_ws/install/motion_control:/home/williamfbx/Lunar-ROADSTER/lr_ws/install/localization:/home/williamfbx/Lunar-ROADSTER/lr_ws/install/imu:/home/williamfbx/Lunar-ROADSTER/lr_ws/install/arduino:/opt/ros/humble LD_LIBRARY_PATH=/home/williamfbx/Lunar-ROADSTER/lr_ws/install/cg_msgs/lib:/home/williamfbx/Lunar-ROADSTER/lr_ws/install/vectornav/lib:/home/williamfbx/Lunar-ROADSTER/lr_ws/install/vectornav_msgs/lib:/home/williamfbx/Lunar-ROADSTER/lr_ws/install/realsense2_camera/lib:/home/williamfbx/Lunar-ROADSTER/lr_ws/install/realsense2_camera_msgs/lib:/usr/lib/x86_64-linux-gnu/gazebo-11/plugins:/opt/ros/humble/opt/rviz_ogre_vendor/lib:/opt/ros/humble/lib/x86_64-linux-gnu:/opt/ros/humble/lib /usr/bin/cmake --build /home/williamfbx/Lunar-ROADSTER/lr_ws/build/planning -- -j12 -l12
[0.096s] [35m[1mConsolidate compiler generated dependencies of target behavior_executive_node[0m
[0.126s] [  6%] [32mBuilding CXX object CMakeFiles/behavior_executive_node.dir/src/behavior_executive_main.cpp.o[0m
[0.126s] [ 12%] [32mBuilding CXX object CMakeFiles/behavior_executive_node.dir/src/planning_util.cpp.o[0m
[0.132s] [ 18%] [32mBuilding CXX object CMakeFiles/behavior_executive_node.dir/src/behavior_executive_node.cpp.o[0m
[3.681s] In file included from [01m[K/home/williamfbx/Lunar-ROADSTER/lr_ws/src/planning/include/planning/behavior_executive_node.hpp:5[m[K,
[3.681s]                  from [01m[K/home/williamfbx/Lunar-ROADSTER/lr_ws/src/planning/src/behavior_executive_main.cpp:2[m[K:
[3.681s] [01m[K/home/williamfbx/Lunar-ROADSTER/lr_ws/src/planning/include/planning/planning_util.hpp:33:6:[m[K [01;31m[Kerror: [m[K‘[01m[KWorldModel[m[K’ has not been declared
[3.681s]    33 | void [01;31m[KWorldModel[m[K::fuseMap(const sensor_msgs::msg::PointCloud2::SharedPtr msg, size_t height, size_t width, float resolution);
[3.681s]       |      [01;31m[K^~~~~~~~~~[m[K
[3.717s] In file included from [01m[K/home/williamfbx/Lunar-ROADSTER/lr_ws/src/planning/include/planning/behavior_executive_node.hpp:5[m[K,
[3.717s]                  from [01m[K/home/williamfbx/Lunar-ROADSTER/lr_ws/src/planning/src/behavior_executive_node.cpp:1[m[K:
[3.717s] [01m[K/home/williamfbx/Lunar-ROADSTER/lr_ws/src/planning/include/planning/planning_util.hpp:33:6:[m[K [01;31m[Kerror: [m[K‘[01m[KWorldModel[m[K’ has not been declared
[3.717s]    33 | void [01;31m[KWorldModel[m[K::fuseMap(const sensor_msgs::msg::PointCloud2::SharedPtr msg, size_t height, size_t width, float resolution);
[3.717s]       |      [01;31m[K^~~~~~~~~~[m[K
[3.742s] In file included from [01m[K/home/williamfbx/Lunar-ROADSTER/lr_ws/src/planning/src/planning_util.cpp:1[m[K:
[3.742s] [01m[K/home/williamfbx/Lunar-ROADSTER/lr_ws/src/planning/include/planning/planning_util.hpp:33:6:[m[K [01;31m[Kerror: [m[K‘[01m[KWorldModel[m[K’ has not been declared
[3.742s]    33 | void [01;31m[KWorldModel[m[K::fuseMap(const sensor_msgs::msg::PointCloud2::SharedPtr msg, size_t height, size_t width, float resolution);
[3.742s]       |      [01;31m[K^~~~~~~~~~[m[K
[3.747s] In file included from [01m[K/opt/ros/humble/include/rclcpp/rclcpp/client.hpp:40[m[K,
[3.747s]                  from [01m[K/opt/ros/humble/include/rclcpp/rclcpp/callback_group.hpp:24[m[K,
[3.747s]                  from [01m[K/opt/ros/humble/include/rclcpp/rclcpp/any_executable.hpp:20[m[K,
[3.747s]                  from [01m[K/opt/ros/humble/include/rclcpp/rclcpp/memory_strategy.hpp:25[m[K,
[3.748s]                  from [01m[K/opt/ros/humble/include/rclcpp/rclcpp/memory_strategies.hpp:18[m[K,
[3.748s]                  from [01m[K/opt/ros/humble/include/rclcpp/rclcpp/executor_options.hpp:20[m[K,
[3.748s]                  from [01m[K/opt/ros/humble/include/rclcpp/rclcpp/executor.hpp:37[m[K,
[3.748s]                  from [01m[K/opt/ros/humble/include/rclcpp/rclcpp/executors/multi_threaded_executor.hpp:25[m[K,
[3.748s]                  from [01m[K/opt/ros/humble/include/rclcpp/rclcpp/executors.hpp:21[m[K,
[3.748s]                  from [01m[K/opt/ros/humble/include/rclcpp/rclcpp/rclcpp.hpp:155[m[K,
[3.748s]                  from [01m[K/opt/ros/humble/include/pcl_conversions/pcl_conversions/pcl_conversions.h:43[m[K,
[3.748s]                  from [01m[K/home/williamfbx/Lunar-ROADSTER/lr_ws/src/planning/include/planning/planning_util.hpp:21[m[K,
[3.748s]                  from [01m[K/home/williamfbx/Lunar-ROADSTER/lr_ws/src/planning/src/planning_util.cpp:1[m[K:
[3.748s] [01m[K/home/williamfbx/Lunar-ROADSTER/lr_ws/src/planning/src/planning_util.cpp:[m[K In function ‘[01m[Kvoid cg::planning::generateElevationMapCsv(size_t, size_t, float)[m[K’:
[3.748s] [01m[K/home/williamfbx/Lunar-ROADSTER/lr_ws/src/planning/src/planning_util.cpp:58:19:[m[K [01;31m[Kerror: [m[Kinvalid use of ‘[01m[Kthis[m[K’ in non-member function
[3.748s]    58 |       RCLCPP_INFO([01;31m[Kthis[m[K->get_logger(), "Map preload successful");
[3.748s]       |                   [01;31m[K^~~~[m[K
[3.748s] [01m[K/home/williamfbx/Lunar-ROADSTER/lr_ws/src/planning/src/planning_util.cpp:58:19:[m[K [01;31m[Kerror: [m[Kinvalid use of ‘[01m[Kthis[m[K’ in non-member function
[3.748s] [01m[K/home/williamfbx/Lunar-ROADSTER/lr_ws/src/planning/src/planning_util.cpp:58:7:[m[K [01;31m[Kerror: [m[Ktemplate argument 1 is invalid
[3.748s]    58 |       [01;31m[KRCLCPP_INFO[m[K(this->get_logger(), "Map preload successful");
[3.748s]       |       [01;31m[K^~~~~~~~~~~[m[K
[3.748s] [01m[K/home/williamfbx/Lunar-ROADSTER/lr_ws/src/planning/src/planning_util.cpp:58:7:[m[K [01;31m[Kerror: [m[Ktemplate argument 1 is invalid
[3.748s]    58 |       [01;31m[KRCLCPP_INFO[m[K(this->get_logger(), "Map preload successful");
[3.748s]       |       [01;31m[K^~~~~~~~~~~[m[K
[3.749s] [01m[K/home/williamfbx/Lunar-ROADSTER/lr_ws/src/planning/src/planning_util.cpp:58:7:[m[K [01;31m[Kerror: [m[Ktemplate argument 1 is invalid
[3.749s]    58 |       [01;31m[KRCLCPP_INFO[m[K(this->get_logger(), "Map preload successful");
[3.749s]       |       [01;31m[K^~~~~~~~~~~[m[K
[3.749s] In file included from [01m[K/opt/ros/humble/include/rclcpp/rclcpp/logging.hpp:24[m[K,
[3.749s]                  from [01m[K/opt/ros/humble/include/rclcpp/rclcpp/client.hpp:40[m[K,
[3.749s]                  from [01m[K/opt/ros/humble/include/rclcpp/rclcpp/callback_group.hpp:24[m[K,
[3.749s]                  from [01m[K/opt/ros/humble/include/rclcpp/rclcpp/any_executable.hpp:20[m[K,
[3.749s]                  from [01m[K/opt/ros/humble/include/rclcpp/rclcpp/memory_strategy.hpp:25[m[K,
[3.749s]                  from [01m[K/opt/ros/humble/include/rclcpp/rclcpp/memory_strategies.hpp:18[m[K,
[3.749s]                  from [01m[K/opt/ros/humble/include/rclcpp/rclcpp/executor_options.hpp:20[m[K,
[3.749s]                  from [01m[K/opt/ros/humble/include/rclcpp/rclcpp/executor.hpp:37[m[K,
[3.749s]                  from [01m[K/opt/ros/humble/include/rclcpp/rclcpp/executors/multi_threaded_executor.hpp:25[m[K,
[3.749s]                  from [01m[K/opt/ros/humble/include/rclcpp/rclcpp/executors.hpp:21[m[K,
[3.749s]                  from [01m[K/opt/ros/humble/include/rclcpp/rclcpp/rclcpp.hpp:155[m[K,
[3.749s]                  from [01m[K/opt/ros/humble/include/pcl_conversions/pcl_conversions/pcl_conversions.h:43[m[K,
[3.749s]                  from [01m[K/home/williamfbx/Lunar-ROADSTER/lr_ws/src/planning/include/planning/planning_util.hpp:21[m[K,
[3.749s]                  from [01m[K/home/williamfbx/Lunar-ROADSTER/lr_ws/src/planning/src/planning_util.cpp:1[m[K:
[3.749s] [01m[K/home/williamfbx/Lunar-ROADSTER/lr_ws/src/planning/src/planning_util.cpp:58:19:[m[K [01;31m[Kerror: [m[Kinvalid use of ‘[01m[Kthis[m[K’ in non-member function
[3.749s]    58 |       RCLCPP_INFO([01;31m[Kthis[m[K->get_logger(), "Map preload successful");
[3.749s]       |                   [01;31m[K^~~~[m[K
[3.749s] [01m[K/home/williamfbx/Lunar-ROADSTER/lr_ws/src/planning/src/planning_util.cpp:58:19:[m[K [01;31m[Kerror: [m[Kinvalid use of ‘[01m[Kthis[m[K’ in non-member function
[3.750s]    58 |       RCLCPP_INFO([01;31m[Kthis[m[K->get_logger(), "Map preload successful");
[3.750s]       |                   [01;31m[K^~~~[m[K
[3.750s] In file included from [01m[K/opt/ros/humble/include/rclcpp/rclcpp/client.hpp:40[m[K,
[3.750s]                  from [01m[K/opt/ros/humble/include/rclcpp/rclcpp/callback_group.hpp:24[m[K,
[3.750s]                  from [01m[K/opt/ros/humble/include/rclcpp/rclcpp/any_executable.hpp:20[m[K,
[3.750s]                  from [01m[K/opt/ros/humble/include/rclcpp/rclcpp/memory_strategy.hpp:25[m[K,
[3.750s]                  from [01m[K/opt/ros/humble/include/rclcpp/rclcpp/memory_strategies.hpp:18[m[K,
[3.750s]                  from [01m[K/opt/ros/humble/include/rclcpp/rclcpp/executor_options.hpp:20[m[K,
[3.750s]                  from [01m[K/opt/ros/humble/include/rclcpp/rclcpp/executor.hpp:37[m[K,
[3.750s]                  from [01m[K/opt/ros/humble/include/rclcpp/rclcpp/executors/multi_threaded_executor.hpp:25[m[K,
[3.750s]                  from [01m[K/opt/ros/humble/include/rclcpp/rclcpp/executors.hpp:21[m[K,
[3.750s]                  from [01m[K/opt/ros/humble/include/rclcpp/rclcpp/rclcpp.hpp:155[m[K,
[3.750s]                  from [01m[K/opt/ros/humble/include/pcl_conversions/pcl_conversions/pcl_conversions.h:43[m[K,
[3.750s]                  from [01m[K/home/williamfbx/Lunar-ROADSTER/lr_ws/src/planning/include/planning/planning_util.hpp:21[m[K,
[3.750s]                  from [01m[K/home/williamfbx/Lunar-ROADSTER/lr_ws/src/planning/src/planning_util.cpp:1[m[K:
[3.750s] [01m[K/home/williamfbx/Lunar-ROADSTER/lr_ws/src/planning/src/planning_util.cpp:60:20:[m[K [01;31m[Kerror: [m[Kinvalid use of ‘[01m[Kthis[m[K’ in non-member function
[3.750s]    60 |       RCLCPP_ERROR([01;31m[Kthis[m[K->get_logger(), "Map preload failed");
[3.750s]       |                    [01;31m[K^~~~[m[K
[3.750s] [01m[K/home/williamfbx/Lunar-ROADSTER/lr_ws/src/planning/src/planning_util.cpp:60:20:[m[K [01;31m[Kerror: [m[Kinvalid use of ‘[01m[Kthis[m[K’ in non-member function
[3.750s] [01m[K/home/williamfbx/Lunar-ROADSTER/lr_ws/src/planning/src/planning_util.cpp:60:7:[m[K [01;31m[Kerror: [m[Ktemplate argument 1 is invalid
[3.751s]    60 |       [01;31m[KRCLCPP_ERROR[m[K(this->get_logger(), "Map preload failed");
[3.751s]       |       [01;31m[K^~~~~~~~~~~~[m[K
[3.751s] [01m[K/home/williamfbx/Lunar-ROADSTER/lr_ws/src/planning/src/planning_util.cpp:60:7:[m[K [01;31m[Kerror: [m[Ktemplate argument 1 is invalid
[3.751s]    60 |       [01;31m[KRCLCPP_ERROR[m[K(this->get_logger(), "Map preload failed");
[3.751s]       |       [01;31m[K^~~~~~~~~~~~[m[K
[3.751s] [01m[K/home/williamfbx/Lunar-ROADSTER/lr_ws/src/planning/src/planning_util.cpp:60:7:[m[K [01;31m[Kerror: [m[Ktemplate argument 1 is invalid
[3.751s]    60 |       [01;31m[KRCLCPP_ERROR[m[K(this->get_logger(), "Map preload failed");
[3.751s]       |       [01;31m[K^~~~~~~~~~~~[m[K
[3.751s] In file included from [01m[K/opt/ros/humble/include/rclcpp/rclcpp/logging.hpp:24[m[K,
[3.751s]                  from [01m[K/opt/ros/humble/include/rclcpp/rclcpp/client.hpp:40[m[K,
[3.751s]                  from [01m[K/opt/ros/humble/include/rclcpp/rclcpp/callback_group.hpp:24[m[K,
[3.751s]                  from [01m[K/opt/ros/humble/include/rclcpp/rclcpp/any_executable.hpp:20[m[K,
[3.751s]                  from [01m[K/opt/ros/humble/include/rclcpp/rclcpp/memory_strategy.hpp:25[m[K,
[3.751s]                  from [01m[K/opt/ros/humble/include/rclcpp/rclcpp/memory_strategies.hpp:18[m[K,
[3.751s]                  from [01m[K/opt/ros/humble/include/rclcpp/rclcpp/executor_options.hpp:20[m[K,
[3.751s]                  from [01m[K/opt/ros/humble/include/rclcpp/rclcpp/executor.hpp:37[m[K,
[3.751s]                  from [01m[K/opt/ros/humble/include/rclcpp/rclcpp/executors/multi_threaded_executor.hpp:25[m[K,
[3.751s]                  from [01m[K/opt/ros/humble/include/rclcpp/rclcpp/executors.hpp:21[m[K,
[3.751s]                  from [01m[K/opt/ros/humble/include/rclcpp/rclcpp/rclcpp.hpp:155[m[K,
[3.751s]                  from [01m[K/opt/ros/humble/include/pcl_conversions/pcl_conversions/pcl_conversions.h:43[m[K,
[3.751s]                  from [01m[K/home/williamfbx/Lunar-ROADSTER/lr_ws/src/planning/include/planning/planning_util.hpp:21[m[K,
[3.751s]                  from [01m[K/home/williamfbx/Lunar-ROADSTER/lr_ws/src/planning/src/planning_util.cpp:1[m[K:
[3.752s] [01m[K/home/williamfbx/Lunar-ROADSTER/lr_ws/src/planning/src/planning_util.cpp:60:20:[m[K [01;31m[Kerror: [m[Kinvalid use of ‘[01m[Kthis[m[K’ in non-member function
[3.752s]    60 |       RCLCPP_ERROR([01;31m[Kthis[m[K->get_logger(), "Map preload failed");
[3.752s]       |                    [01;31m[K^~~~[m[K
[3.752s] [01m[K/home/williamfbx/Lunar-ROADSTER/lr_ws/src/planning/src/planning_util.cpp:60:20:[m[K [01;31m[Kerror: [m[Kinvalid use of ‘[01m[Kthis[m[K’ in non-member function
[3.752s]    60 |       RCLCPP_ERROR([01;31m[Kthis[m[K->get_logger(), "Map preload failed");
[3.752s]       |                    [01;31m[K^~~~[m[K
[3.756s] [01m[K/home/williamfbx/Lunar-ROADSTER/lr_ws/src/planning/src/planning_util.cpp:[m[K At global scope:
[3.756s] [01m[K/home/williamfbx/Lunar-ROADSTER/lr_ws/src/planning/src/planning_util.cpp:87:6:[m[K [01;31m[Kerror: [m[K‘[01m[KWorldModel[m[K’ has not been declared
[3.757s]    87 | void [01;31m[KWorldModel[m[K::fuseMap(const sensor_msgs::msg::PointCloud2::SharedPtr msg, size_t height, size_t width, float resolution) {
[3.757s]       |      [01;31m[K^~~~~~~~~~[m[K
[3.767s] [01m[K/home/williamfbx/Lunar-ROADSTER/lr_ws/src/planning/src/planning_util.cpp:[m[K In function ‘[01m[Kvoid cg::planning::fuseMap(sensor_msgs::msg::PointCloud2_<std::allocator<void> >::SharedPtr, size_t, size_t, float)[m[K’:
[3.767s] [01m[K/home/williamfbx/Lunar-ROADSTER/lr_ws/src/planning/src/planning_util.cpp:104:39:[m[K [01;31m[Kerror: [m[K‘[01m[KELEVATION_SCALE[m[K’ was not declared in this scope
[3.767s]   104 |       elevation_values[global_idx] += [01;31m[KELEVATION_SCALE[m[K*(elev-0.05);
[3.767s]       |                                       [01;31m[K^~~~~~~~~~~~~~~[m[K
[3.775s] [01m[K/home/williamfbx/Lunar-ROADSTER/lr_ws/src/planning/src/planning_util.cpp:110:11:[m[K [01;31m[Kerror: [m[K‘[01m[Kglobal_map_[m[K’ was not declared in this scope
[3.775s]   110 |           [01;31m[Kglobal_map_[m[K.data[i] = int(elevation_values[i]/density_values[i]);
[3.775s]       |           [01;31m[K^~~~~~~~~~~[m[K
[3.790s] [01m[K/home/williamfbx/Lunar-ROADSTER/lr_ws/src/planning/src/planning_util.cpp:111:11:[m[K [01;31m[Kerror: [m[K‘[01m[Kfiltered_global_map_[m[K’ was not declared in this scope
[3.790s]   111 |           [01;31m[Kfiltered_global_map_[m[K.data[i] = int(elevation_values[i]/density_values[i]);
[3.790s]       |           [01;31m[K^~~~~~~~~~~~~~~~~~~~[m[K
[4.371s] gmake[2]: *** [CMakeFiles/behavior_executive_node.dir/build.make:104: CMakeFiles/behavior_executive_node.dir/src/planning_util.cpp.o] Error 1
[4.371s] gmake[2]: *** Waiting for unfinished jobs....
[4.417s] gmake[2]: *** [CMakeFiles/behavior_executive_node.dir/build.make:76: CMakeFiles/behavior_executive_node.dir/src/behavior_executive_main.cpp.o] Error 1
[6.734s] gmake[2]: *** [CMakeFiles/behavior_executive_node.dir/build.make:90: CMakeFiles/behavior_executive_node.dir/src/behavior_executive_node.cpp.o] Error 1
[6.735s] gmake[1]: *** [CMakeFiles/Makefile2:137: CMakeFiles/behavior_executive_node.dir/all] Error 2
[6.735s] gmake: *** [Makefile:146: all] Error 2
[6.737s] Invoked command in '/home/williamfbx/Lunar-ROADSTER/lr_ws/build/planning' returned '2': CMAKE_PREFIX_PATH=/home/williamfbx/Lunar-ROADSTER/lr_ws/install/mapping:/home/williamfbx/Lunar-ROADSTER/lr_ws/install/cg_msgs:/home/williamfbx/Lunar-ROADSTER/lr_ws/install/vectornav:/home/williamfbx/Lunar-ROADSTER/lr_ws/install/vectornav_msgs:/home/williamfbx/Lunar-ROADSTER/lr_ws/install/teleop:/home/williamfbx/Lunar-ROADSTER/lr_ws/install/sensing:/home/williamfbx/Lunar-ROADSTER/lr_ws/install/realsense2_description:/home/williamfbx/Lunar-ROADSTER/lr_ws/install/realsense2_camera:/home/williamfbx/Lunar-ROADSTER/lr_ws/install/realsense2_camera_msgs:/home/williamfbx/Lunar-ROADSTER/lr_ws/install/realsense:/home/williamfbx/Lunar-ROADSTER/lr_ws/install/planning:/home/williamfbx/Lunar-ROADSTER/lr_ws/install/motion_control:/home/williamfbx/Lunar-ROADSTER/lr_ws/install/localization:/home/williamfbx/Lunar-ROADSTER/lr_ws/install/imu:/home/williamfbx/Lunar-ROADSTER/lr_ws/install/arduino:/opt/ros/humble LD_LIBRARY_PATH=/home/williamfbx/Lunar-ROADSTER/lr_ws/install/cg_msgs/lib:/home/williamfbx/Lunar-ROADSTER/lr_ws/install/vectornav/lib:/home/williamfbx/Lunar-ROADSTER/lr_ws/install/vectornav_msgs/lib:/home/williamfbx/Lunar-ROADSTER/lr_ws/install/realsense2_camera/lib:/home/williamfbx/Lunar-ROADSTER/lr_ws/install/realsense2_camera_msgs/lib:/usr/lib/x86_64-linux-gnu/gazebo-11/plugins:/opt/ros/humble/opt/rviz_ogre_vendor/lib:/opt/ros/humble/lib/x86_64-linux-gnu:/opt/ros/humble/lib /usr/bin/cmake --build /home/williamfbx/Lunar-ROADSTER/lr_ws/build/planning -- -j12 -l12
