[0.012s] Invoking command in '/home/williamfbx/Lunar-ROADSTER/lr_ws/build/grid_map_msgs': AMENT_PREFIX_PATH=/home/williamfbx/Lunar-ROADSTER/lr_ws/install/grid_map_cmake_helpers:${AMENT_PREFIX_PATH} CMAKE_PREFIX_PATH=/home/williamfbx/Lunar-ROADSTER/lr_ws/install/grid_map_cmake_helpers:/opt/ros/humble /usr/bin/cmake /home/williamfbx/Lunar-ROADSTER/lr_ws/src/drivers/grid_map/grid_map_msgs -DCMAKE_INSTALL_PREFIX=/home/williamfbx/Lunar-ROADSTER/lr_ws/install/grid_map_msgs
[0.089s] -- The C compiler identification is GNU 11.4.0
[0.181s] -- The CXX compiler identification is GNU 11.4.0
[0.187s] -- Detecting C compiler ABI info
[0.262s] -- Detecting C compiler ABI info - done
[0.272s] -- Check for working C compiler: /usr/bin/cc - skipped
[0.272s] -- Detecting C compile features
[0.273s] -- Detecting C compile features - done
[0.277s] -- Detecting CXX compiler ABI info
[0.346s] -- Detecting CXX compiler ABI info - done
[0.350s] -- Check for working CXX compiler: /usr/bin/c++ - skipped
[0.351s] -- Detecting CXX compile features
[0.351s] -- Detecting CXX compile features - done
[0.352s] -- Found ament_cmake: 1.3.11 (/opt/ros/humble/share/ament_cmake/cmake)
[0.456s] -- Found Python3: /usr/bin/python3 (found version "3.10.12") found components: Interpreter 
[0.530s] -- Found grid_map_cmake_helpers: 2.0.1 (/home/williamfbx/Lunar-ROADSTER/lr_ws/install/grid_map_cmake_helpers/share/grid_map_cmake_helpers/cmake)
[0.532s] -- Found std_msgs: 4.2.4 (/opt/ros/humble/share/std_msgs/cmake)
[0.577s] -- Found rosidl_generator_c: 3.1.6 (/opt/ros/humble/share/rosidl_generator_c/cmake)
[0.583s] -- Found rosidl_adapter: 3.1.6 (/opt/ros/humble/share/rosidl_adapter/cmake)
[0.592s] -- Found rosidl_generator_cpp: 3.1.6 (/opt/ros/humble/share/rosidl_generator_cpp/cmake)
[0.605s] -- Using all available rosidl_typesupport_c: rosidl_typesupport_fastrtps_c;rosidl_typesupport_introspection_c
[0.620s] -- Using all available rosidl_typesupport_cpp: rosidl_typesupport_fastrtps_cpp;rosidl_typesupport_introspection_cpp
[0.642s] -- Found geometry_msgs: 4.2.4 (/opt/ros/humble/share/geometry_msgs/cmake)
[0.654s] -- Found rosidl_default_generators: 1.2.0 (/opt/ros/humble/share/rosidl_default_generators/cmake)
[0.660s] -- Setting build type to Release as none was specified.
[0.975s] -- Found ament_cmake_ros: 0.10.0 (/opt/ros/humble/share/ament_cmake_ros/cmake)
[1.575s] -- Using all available rosidl_typesupport_c: rosidl_typesupport_fastrtps_c;rosidl_typesupport_introspection_c
[1.874s] -- Using all available rosidl_typesupport_cpp: rosidl_typesupport_fastrtps_cpp;rosidl_typesupport_introspection_cpp
[1.932s] -- Found PythonInterp: /usr/bin/python3 (found suitable version "3.10.12", minimum required is "3.6") 
[1.938s] -- Found python_cmake_module: 0.10.0 (/opt/ros/humble/share/python_cmake_module/cmake)
[2.005s] -- Found PythonLibs: /usr/lib/x86_64-linux-gnu/libpython3.10.so (found suitable version "3.10.12", minimum required is "3.5") 
[2.005s] -- Using PYTHON_EXECUTABLE: /usr/bin/python3
[2.006s] -- Using PYTHON_INCLUDE_DIRS: /usr/include/python3.10
[2.006s] -- Using PYTHON_LIBRARIES: /usr/lib/x86_64-linux-gnu/libpython3.10.so
[2.059s] -- Found PythonExtra: .so  
[2.183s] -- Configuring done
[2.310s] -- Generating done
[2.330s] -- Build files have been written to: /home/williamfbx/Lunar-ROADSTER/lr_ws/build/grid_map_msgs
[2.349s] Invoked command in '/home/williamfbx/Lunar-ROADSTER/lr_ws/build/grid_map_msgs' returned '0': AMENT_PREFIX_PATH=/home/williamfbx/Lunar-ROADSTER/lr_ws/install/grid_map_cmake_helpers:${AMENT_PREFIX_PATH} CMAKE_PREFIX_PATH=/home/williamfbx/Lunar-ROADSTER/lr_ws/install/grid_map_cmake_helpers:/opt/ros/humble /usr/bin/cmake /home/williamfbx/Lunar-ROADSTER/lr_ws/src/drivers/grid_map/grid_map_msgs -DCMAKE_INSTALL_PREFIX=/home/williamfbx/Lunar-ROADSTER/lr_ws/install/grid_map_msgs
[2.354s] Invoking command in '/home/williamfbx/Lunar-ROADSTER/lr_ws/build/grid_map_msgs': AMENT_PREFIX_PATH=/home/williamfbx/Lunar-ROADSTER/lr_ws/install/grid_map_cmake_helpers:${AMENT_PREFIX_PATH} CMAKE_PREFIX_PATH=/home/williamfbx/Lunar-ROADSTER/lr_ws/install/grid_map_cmake_helpers:/opt/ros/humble /usr/bin/cmake --build /home/williamfbx/Lunar-ROADSTER/lr_ws/build/grid_map_msgs -- -j12 -l12
[2.452s] [  1%] [34m[1mGenerating C code for ROS interfaces[0m
[2.462s] [  2%] [34m[1mGenerating C++ code for ROS interfaces[0m
[2.485s] [  2%] Built target ament_cmake_python_copy_grid_map_msgs
[2.781s] running egg_info
[2.783s] creating grid_map_msgs.egg-info
[2.785s] writing grid_map_msgs.egg-info/PKG-INFO
[2.785s] writing dependency_links to grid_map_msgs.egg-info/dependency_links.txt
[2.785s] writing top-level names to grid_map_msgs.egg-info/top_level.txt
[2.785s] writing manifest file 'grid_map_msgs.egg-info/SOURCES.txt'
[2.787s] reading manifest file 'grid_map_msgs.egg-info/SOURCES.txt'
[2.787s] writing manifest file 'grid_map_msgs.egg-info/SOURCES.txt'
[2.825s] [  2%] Built target ament_cmake_python_build_grid_map_msgs_egg
[3.565s] [  2%] Built target grid_map_msgs__cpp
[3.575s] [  7%] [34m[1mGenerating C++ type support dispatch for ROS interfaces[0m
[3.575s] [  7%] [34m[1mGenerating C++ type support for eProsima Fast-RTPS[0m
[3.575s] [  7%] [34m[1mGenerating C++ introspection for ROS interfaces[0m
[3.739s] [  8%] [32mBuilding C object CMakeFiles/grid_map_msgs__rosidl_generator_c.dir/rosidl_generator_c/grid_map_msgs/msg/detail/grid_map__functions.c.o[0m
[3.739s] [  9%] [32mBuilding C object CMakeFiles/grid_map_msgs__rosidl_generator_c.dir/rosidl_generator_c/grid_map_msgs/msg/detail/grid_map_info__functions.c.o[0m
[3.739s] [ 11%] [32mBuilding C object CMakeFiles/grid_map_msgs__rosidl_generator_c.dir/rosidl_generator_c/grid_map_msgs/srv/detail/get_grid_map_info__functions.c.o[0m
[3.743s] [ 12%] [32mBuilding C object CMakeFiles/grid_map_msgs__rosidl_generator_c.dir/rosidl_generator_c/grid_map_msgs/srv/detail/set_grid_map__functions.c.o[0m
[3.744s] [ 14%] [32mBuilding C object CMakeFiles/grid_map_msgs__rosidl_generator_c.dir/rosidl_generator_c/grid_map_msgs/srv/detail/get_grid_map__functions.c.o[0m
[3.744s] [ 15%] [32mBuilding C object CMakeFiles/grid_map_msgs__rosidl_generator_c.dir/rosidl_generator_c/grid_map_msgs/srv/detail/process_file__functions.c.o[0m
[3.919s] [ 16%] [32m[1mLinking C shared library libgrid_map_msgs__rosidl_generator_c.so[0m
[3.964s] [ 16%] Built target grid_map_msgs__rosidl_generator_c
[3.971s] [ 19%] [34m[1mGenerating C type support dispatch for ROS interfaces[0m
[3.971s] [ 19%] [34m[1mGenerating C type support for eProsima Fast-RTPS[0m
[3.972s] [ 21%] [34m[1mGenerating C introspection for ROS interfaces[0m
[4.301s] [ 23%] [32mBuilding CXX object CMakeFiles/grid_map_msgs__rosidl_typesupport_cpp.dir/rosidl_typesupport_cpp/grid_map_msgs/srv/set_grid_map__type_support.cpp.o[0m
[4.303s] [ 25%] [32mBuilding CXX object CMakeFiles/grid_map_msgs__rosidl_typesupport_cpp.dir/rosidl_typesupport_cpp/grid_map_msgs/srv/get_grid_map__type_support.cpp.o[0m
[4.303s] [ 23%] [32mBuilding CXX object CMakeFiles/grid_map_msgs__rosidl_typesupport_cpp.dir/rosidl_typesupport_cpp/grid_map_msgs/msg/grid_map__type_support.cpp.o[0m
[4.306s] [ 26%] [32mBuilding CXX object CMakeFiles/grid_map_msgs__rosidl_typesupport_cpp.dir/rosidl_typesupport_cpp/grid_map_msgs/msg/grid_map_info__type_support.cpp.o[0m
[4.307s] [ 28%] [32mBuilding CXX object CMakeFiles/grid_map_msgs__rosidl_typesupport_cpp.dir/rosidl_typesupport_cpp/grid_map_msgs/srv/get_grid_map_info__type_support.cpp.o[0m
[4.309s] [ 29%] [32mBuilding CXX object CMakeFiles/grid_map_msgs__rosidl_typesupport_cpp.dir/rosidl_typesupport_cpp/grid_map_msgs/srv/process_file__type_support.cpp.o[0m
[4.517s] [ 30%] [32mBuilding CXX object CMakeFiles/grid_map_msgs__rosidl_typesupport_introspection_cpp.dir/rosidl_typesupport_introspection_cpp/grid_map_msgs/msg/detail/grid_map_info__type_support.cpp.o[0m
[4.530s] [ 32%] [32mBuilding CXX object CMakeFiles/grid_map_msgs__rosidl_typesupport_introspection_cpp.dir/rosidl_typesupport_introspection_cpp/grid_map_msgs/msg/detail/grid_map__type_support.cpp.o[0m
[4.629s] [ 33%] [32mBuilding CXX object CMakeFiles/grid_map_msgs__rosidl_typesupport_introspection_cpp.dir/rosidl_typesupport_introspection_cpp/grid_map_msgs/srv/detail/set_grid_map__type_support.cpp.o[0m
[4.656s] [ 35%] [32mBuilding CXX object CMakeFiles/grid_map_msgs__rosidl_typesupport_introspection_cpp.dir/rosidl_typesupport_introspection_cpp/grid_map_msgs/srv/detail/get_grid_map__type_support.cpp.o[0m
[4.701s] [ 36%] [32mBuilding CXX object CMakeFiles/grid_map_msgs__rosidl_typesupport_c.dir/rosidl_typesupport_c/grid_map_msgs/msg/grid_map_info__type_support.cpp.o[0m
[4.708s] [ 38%] [32mBuilding CXX object CMakeFiles/grid_map_msgs__rosidl_typesupport_introspection_cpp.dir/rosidl_typesupport_introspection_cpp/grid_map_msgs/srv/detail/get_grid_map_info__type_support.cpp.o[0m
[4.738s] [ 39%] [32mBuilding CXX object CMakeFiles/grid_map_msgs__rosidl_typesupport_c.dir/rosidl_typesupport_c/grid_map_msgs/msg/grid_map__type_support.cpp.o[0m
[4.738s] [ 40%] [32mBuilding CXX object CMakeFiles/grid_map_msgs__rosidl_typesupport_introspection_cpp.dir/rosidl_typesupport_introspection_cpp/grid_map_msgs/srv/detail/process_file__type_support.cpp.o[0m
[4.746s] [ 42%] [32mBuilding CXX object CMakeFiles/grid_map_msgs__rosidl_typesupport_fastrtps_cpp.dir/rosidl_typesupport_fastrtps_cpp/grid_map_msgs/msg/detail/dds_fastrtps/grid_map_info__type_support.cpp.o[0m
[4.764s] [ 43%] [32mBuilding CXX object CMakeFiles/grid_map_msgs__rosidl_typesupport_c.dir/rosidl_typesupport_c/grid_map_msgs/srv/set_grid_map__type_support.cpp.o[0m
[4.789s] [ 45%] [32mBuilding CXX object CMakeFiles/grid_map_msgs__rosidl_typesupport_c.dir/rosidl_typesupport_c/grid_map_msgs/srv/get_grid_map__type_support.cpp.o[0m
[4.822s] [ 46%] [32mBuilding CXX object CMakeFiles/grid_map_msgs__rosidl_typesupport_c.dir/rosidl_typesupport_c/grid_map_msgs/srv/get_grid_map_info__type_support.cpp.o[0m
[4.835s] [ 47%] [32mBuilding CXX object CMakeFiles/grid_map_msgs__rosidl_typesupport_c.dir/rosidl_typesupport_c/grid_map_msgs/srv/process_file__type_support.cpp.o[0m
[4.843s] [ 49%] [32m[1mLinking CXX shared library libgrid_map_msgs__rosidl_typesupport_cpp.so[0m
[4.869s] [ 52%] [32mBuilding CXX object CMakeFiles/grid_map_msgs__rosidl_typesupport_fastrtps_cpp.dir/rosidl_typesupport_fastrtps_cpp/grid_map_msgs/msg/detail/dds_fastrtps/grid_map__type_support.cpp.o[0m
[4.869s] [ 52%] [32mBuilding CXX object CMakeFiles/grid_map_msgs__rosidl_typesupport_fastrtps_c.dir/rosidl_typesupport_fastrtps_c/grid_map_msgs/msg/detail/grid_map_info__type_support_c.cpp.o[0m
[4.886s] [ 53%] [32m[1mLinking CXX shared library libgrid_map_msgs__rosidl_typesupport_c.so[0m
[4.954s] [ 53%] Built target grid_map_msgs__rosidl_typesupport_cpp
[4.968s] [ 54%] [32mBuilding CXX object CMakeFiles/grid_map_msgs__rosidl_typesupport_fastrtps_cpp.dir/rosidl_typesupport_fastrtps_cpp/grid_map_msgs/srv/detail/dds_fastrtps/set_grid_map__type_support.cpp.o[0m
[4.974s] [ 54%] Built target grid_map_msgs__rosidl_typesupport_c
[5.003s] [ 56%] [32mBuilding CXX object CMakeFiles/grid_map_msgs__rosidl_typesupport_fastrtps_cpp.dir/rosidl_typesupport_fastrtps_cpp/grid_map_msgs/srv/detail/dds_fastrtps/get_grid_map__type_support.cpp.o[0m
[5.151s] [ 57%] [32mBuilding CXX object CMakeFiles/grid_map_msgs__rosidl_typesupport_fastrtps_cpp.dir/rosidl_typesupport_fastrtps_cpp/grid_map_msgs/srv/detail/dds_fastrtps/get_grid_map_info__type_support.cpp.o[0m
[5.190s] [ 59%] [32mBuilding C object CMakeFiles/grid_map_msgs__rosidl_typesupport_introspection_c.dir/rosidl_typesupport_introspection_c/grid_map_msgs/msg/detail/grid_map__type_support.c.o[0m
[5.192s] [ 60%] [32mBuilding C object CMakeFiles/grid_map_msgs__rosidl_typesupport_introspection_c.dir/rosidl_typesupport_introspection_c/grid_map_msgs/msg/detail/grid_map_info__type_support.c.o[0m
[5.235s] [ 61%] [32mBuilding CXX object CMakeFiles/grid_map_msgs__rosidl_typesupport_fastrtps_cpp.dir/rosidl_typesupport_fastrtps_cpp/grid_map_msgs/srv/detail/dds_fastrtps/process_file__type_support.cpp.o[0m
[5.274s] [ 63%] [32mBuilding CXX object CMakeFiles/grid_map_msgs__rosidl_typesupport_fastrtps_c.dir/rosidl_typesupport_fastrtps_c/grid_map_msgs/msg/detail/grid_map__type_support_c.cpp.o[0m
[5.278s] [ 64%] [32mBuilding C object CMakeFiles/grid_map_msgs__rosidl_typesupport_introspection_c.dir/rosidl_typesupport_introspection_c/grid_map_msgs/srv/detail/set_grid_map__type_support.c.o[0m
[5.295s] [ 66%] [32mBuilding C object CMakeFiles/grid_map_msgs__rosidl_typesupport_introspection_c.dir/rosidl_typesupport_introspection_c/grid_map_msgs/srv/detail/get_grid_map__type_support.c.o[0m
[5.302s] [ 67%] [32mBuilding C object CMakeFiles/grid_map_msgs__rosidl_typesupport_introspection_c.dir/rosidl_typesupport_introspection_c/grid_map_msgs/srv/detail/get_grid_map_info__type_support.c.o[0m
[5.360s] [ 69%] [32mBuilding CXX object CMakeFiles/grid_map_msgs__rosidl_typesupport_fastrtps_c.dir/rosidl_typesupport_fastrtps_c/grid_map_msgs/srv/detail/set_grid_map__type_support_c.cpp.o[0m
[5.379s] [ 70%] [32mBuilding CXX object CMakeFiles/grid_map_msgs__rosidl_typesupport_fastrtps_c.dir/rosidl_typesupport_fastrtps_c/grid_map_msgs/srv/detail/get_grid_map__type_support_c.cpp.o[0m
[5.385s] [ 71%] [32mBuilding C object CMakeFiles/grid_map_msgs__rosidl_typesupport_introspection_c.dir/rosidl_typesupport_introspection_c/grid_map_msgs/srv/detail/process_file__type_support.c.o[0m
[5.386s] [ 73%] [32mBuilding CXX object CMakeFiles/grid_map_msgs__rosidl_typesupport_fastrtps_c.dir/rosidl_typesupport_fastrtps_c/grid_map_msgs/srv/detail/process_file__type_support_c.cpp.o[0m
[5.391s] [ 74%] [32mBuilding CXX object CMakeFiles/grid_map_msgs__rosidl_typesupport_fastrtps_c.dir/rosidl_typesupport_fastrtps_c/grid_map_msgs/srv/detail/get_grid_map_info__type_support_c.cpp.o[0m
[5.479s] [ 76%] [32m[1mLinking C shared library libgrid_map_msgs__rosidl_typesupport_introspection_c.so[0m
[5.482s] [ 77%] [32m[1mLinking CXX shared library libgrid_map_msgs__rosidl_typesupport_introspection_cpp.so[0m
[5.554s] [ 77%] Built target grid_map_msgs__rosidl_typesupport_introspection_c
[5.632s] [ 77%] Built target grid_map_msgs__rosidl_typesupport_introspection_cpp
[5.855s] [ 78%] [32m[1mLinking CXX shared library libgrid_map_msgs__rosidl_typesupport_fastrtps_c.so[0m
[5.887s] [ 80%] [32m[1mLinking CXX shared library libgrid_map_msgs__rosidl_typesupport_fastrtps_cpp.so[0m
[5.932s] [ 80%] Built target grid_map_msgs__rosidl_typesupport_fastrtps_c
[5.957s] [ 80%] Built target grid_map_msgs__rosidl_typesupport_fastrtps_cpp
[5.976s] [ 80%] Built target grid_map_msgs
[5.996s] [ 81%] [34m[1mGenerating Python code for ROS interfaces[0m
[6.888s] [ 81%] Built target grid_map_msgs__py
[6.907s] [ 83%] [32mBuilding C object CMakeFiles/grid_map_msgs__rosidl_generator_py.dir/rosidl_generator_py/grid_map_msgs/srv/_set_grid_map_s.c.o[0m
[6.909s] [ 84%] [32mBuilding C object CMakeFiles/grid_map_msgs__rosidl_generator_py.dir/rosidl_generator_py/grid_map_msgs/srv/_process_file_s.c.o[0m
[6.909s] [ 85%] [32mBuilding C object CMakeFiles/grid_map_msgs__rosidl_generator_py.dir/rosidl_generator_py/grid_map_msgs/msg/_grid_map_s.c.o[0m
[6.910s] [ 87%] [32mBuilding C object CMakeFiles/grid_map_msgs__rosidl_generator_py.dir/rosidl_generator_py/grid_map_msgs/msg/_grid_map_info_s.c.o[0m
[6.910s] [ 88%] [32mBuilding C object CMakeFiles/grid_map_msgs__rosidl_generator_py.dir/rosidl_generator_py/grid_map_msgs/srv/_get_grid_map_s.c.o[0m
[6.911s] [ 90%] [32mBuilding C object CMakeFiles/grid_map_msgs__rosidl_generator_py.dir/rosidl_generator_py/grid_map_msgs/srv/_get_grid_map_info_s.c.o[0m
[7.087s] [ 91%] [32m[1mLinking C shared library rosidl_generator_py/grid_map_msgs/libgrid_map_msgs__rosidl_generator_py.so[0m
[7.128s] [ 91%] Built target grid_map_msgs__rosidl_generator_py
[7.143s] [ 92%] [32mBuilding C object CMakeFiles/grid_map_msgs__rosidl_typesupport_c__pyext.dir/rosidl_generator_py/grid_map_msgs/_grid_map_msgs_s.ep.rosidl_typesupport_c.c.o[0m
[7.148s] [ 94%] [32mBuilding C object CMakeFiles/grid_map_msgs__rosidl_typesupport_introspection_c__pyext.dir/rosidl_generator_py/grid_map_msgs/_grid_map_msgs_s.ep.rosidl_typesupport_introspection_c.c.o[0m
[7.149s] [ 95%] [32mBuilding C object CMakeFiles/grid_map_msgs__rosidl_typesupport_fastrtps_c__pyext.dir/rosidl_generator_py/grid_map_msgs/_grid_map_msgs_s.ep.rosidl_typesupport_fastrtps_c.c.o[0m
[7.297s] [ 97%] [32m[1mLinking C shared library rosidl_generator_py/grid_map_msgs/grid_map_msgs_s__rosidl_typesupport_c.cpython-310-x86_64-linux-gnu.so[0m
[7.305s] [ 98%] [32m[1mLinking C shared library rosidl_generator_py/grid_map_msgs/grid_map_msgs_s__rosidl_typesupport_introspection_c.cpython-310-x86_64-linux-gnu.so[0m
[7.343s] [ 98%] Built target grid_map_msgs__rosidl_typesupport_c__pyext
[7.345s] [ 98%] Built target grid_map_msgs__rosidl_typesupport_introspection_c__pyext
[7.364s] [100%] [32m[1mLinking C shared library rosidl_generator_py/grid_map_msgs/grid_map_msgs_s__rosidl_typesupport_fastrtps_c.cpython-310-x86_64-linux-gnu.so[0m
[7.399s] [100%] Built target grid_map_msgs__rosidl_typesupport_fastrtps_c__pyext
[7.409s] Invoked command in '/home/williamfbx/Lunar-ROADSTER/lr_ws/build/grid_map_msgs' returned '0': AMENT_PREFIX_PATH=/home/williamfbx/Lunar-ROADSTER/lr_ws/install/grid_map_cmake_helpers:${AMENT_PREFIX_PATH} CMAKE_PREFIX_PATH=/home/williamfbx/Lunar-ROADSTER/lr_ws/install/grid_map_cmake_helpers:/opt/ros/humble /usr/bin/cmake --build /home/williamfbx/Lunar-ROADSTER/lr_ws/build/grid_map_msgs -- -j12 -l12
[7.411s] Invoking command in '/home/williamfbx/Lunar-ROADSTER/lr_ws/build/grid_map_msgs': AMENT_PREFIX_PATH=/home/williamfbx/Lunar-ROADSTER/lr_ws/install/grid_map_cmake_helpers:${AMENT_PREFIX_PATH} CMAKE_PREFIX_PATH=/home/williamfbx/Lunar-ROADSTER/lr_ws/install/grid_map_cmake_helpers:/opt/ros/humble /usr/bin/cmake --install /home/williamfbx/Lunar-ROADSTER/lr_ws/build/grid_map_msgs
[7.418s] -- Install configuration: "Release"
[7.418s] -- Installing: /home/williamfbx/Lunar-ROADSTER/lr_ws/install/grid_map_msgs/share/ament_index/resource_index/rosidl_interfaces/grid_map_msgs
[7.418s] -- Installing: /home/williamfbx/Lunar-ROADSTER/lr_ws/install/grid_map_msgs/include/grid_map_msgs/grid_map_msgs
[7.418s] -- Installing: /home/williamfbx/Lunar-ROADSTER/lr_ws/install/grid_map_msgs/include/grid_map_msgs/grid_map_msgs/srv
[7.418s] -- Installing: /home/williamfbx/Lunar-ROADSTER/lr_ws/install/grid_map_msgs/include/grid_map_msgs/grid_map_msgs/srv/get_grid_map.h
[7.418s] -- Installing: /home/williamfbx/Lunar-ROADSTER/lr_ws/install/grid_map_msgs/include/grid_map_msgs/grid_map_msgs/srv/get_grid_map_info.h
[7.418s] -- Installing: /home/williamfbx/Lunar-ROADSTER/lr_ws/install/grid_map_msgs/include/grid_map_msgs/grid_map_msgs/srv/process_file.h
[7.419s] -- Installing: /home/williamfbx/Lunar-ROADSTER/lr_ws/install/grid_map_msgs/include/grid_map_msgs/grid_map_msgs/srv/detail
[7.419s] -- Installing: /home/williamfbx/Lunar-ROADSTER/lr_ws/install/grid_map_msgs/include/grid_map_msgs/grid_map_msgs/srv/detail/get_grid_map_info__type_support.h
[7.419s] -- Installing: /home/williamfbx/Lunar-ROADSTER/lr_ws/install/grid_map_msgs/include/grid_map_msgs/grid_map_msgs/srv/detail/process_file__struct.h
[7.419s] -- Installing: /home/williamfbx/Lunar-ROADSTER/lr_ws/install/grid_map_msgs/include/grid_map_msgs/grid_map_msgs/srv/detail/set_grid_map__functions.h
[7.419s] -- Installing: /home/williamfbx/Lunar-ROADSTER/lr_ws/install/grid_map_msgs/include/grid_map_msgs/grid_map_msgs/srv/detail/get_grid_map__type_support.h
[7.419s] -- Installing: /home/williamfbx/Lunar-ROADSTER/lr_ws/install/grid_map_msgs/include/grid_map_msgs/grid_map_msgs/srv/detail/get_grid_map__functions.h
[7.419s] -- Installing: /home/williamfbx/Lunar-ROADSTER/lr_ws/install/grid_map_msgs/include/grid_map_msgs/grid_map_msgs/srv/detail/get_grid_map_info__functions.h
[7.419s] -- Installing: /home/williamfbx/Lunar-ROADSTER/lr_ws/install/grid_map_msgs/include/grid_map_msgs/grid_map_msgs/srv/detail/process_file__functions.h
[7.419s] -- Installing: /home/williamfbx/Lunar-ROADSTER/lr_ws/install/grid_map_msgs/include/grid_map_msgs/grid_map_msgs/srv/detail/get_grid_map__struct.h
[7.419s] -- Installing: /home/williamfbx/Lunar-ROADSTER/lr_ws/install/grid_map_msgs/include/grid_map_msgs/grid_map_msgs/srv/detail/set_grid_map__struct.h
[7.419s] -- Installing: /home/williamfbx/Lunar-ROADSTER/lr_ws/install/grid_map_msgs/include/grid_map_msgs/grid_map_msgs/srv/detail/get_grid_map_info__struct.h
[7.419s] -- Installing: /home/williamfbx/Lunar-ROADSTER/lr_ws/install/grid_map_msgs/include/grid_map_msgs/grid_map_msgs/srv/detail/process_file__type_support.h
[7.419s] -- Installing: /home/williamfbx/Lunar-ROADSTER/lr_ws/install/grid_map_msgs/include/grid_map_msgs/grid_map_msgs/srv/detail/set_grid_map__type_support.h
[7.419s] -- Installing: /home/williamfbx/Lunar-ROADSTER/lr_ws/install/grid_map_msgs/include/grid_map_msgs/grid_map_msgs/srv/detail/process_file__functions.c
[7.419s] -- Installing: /home/williamfbx/Lunar-ROADSTER/lr_ws/install/grid_map_msgs/include/grid_map_msgs/grid_map_msgs/srv/detail/set_grid_map__functions.c
[7.419s] -- Installing: /home/williamfbx/Lunar-ROADSTER/lr_ws/install/grid_map_msgs/include/grid_map_msgs/grid_map_msgs/srv/detail/get_grid_map__functions.c
[7.419s] -- Installing: /home/williamfbx/Lunar-ROADSTER/lr_ws/install/grid_map_msgs/include/grid_map_msgs/grid_map_msgs/srv/detail/get_grid_map_info__functions.c
[7.420s] -- Installing: /home/williamfbx/Lunar-ROADSTER/lr_ws/install/grid_map_msgs/include/grid_map_msgs/grid_map_msgs/srv/set_grid_map.h
[7.420s] -- Installing: /home/williamfbx/Lunar-ROADSTER/lr_ws/install/grid_map_msgs/include/grid_map_msgs/grid_map_msgs/msg
[7.420s] -- Installing: /home/williamfbx/Lunar-ROADSTER/lr_ws/install/grid_map_msgs/include/grid_map_msgs/grid_map_msgs/msg/grid_map.h
[7.420s] -- Installing: /home/williamfbx/Lunar-ROADSTER/lr_ws/install/grid_map_msgs/include/grid_map_msgs/grid_map_msgs/msg/detail
[7.420s] -- Installing: /home/williamfbx/Lunar-ROADSTER/lr_ws/install/grid_map_msgs/include/grid_map_msgs/grid_map_msgs/msg/detail/grid_map__type_support.h
[7.420s] -- Installing: /home/williamfbx/Lunar-ROADSTER/lr_ws/install/grid_map_msgs/include/grid_map_msgs/grid_map_msgs/msg/detail/grid_map__struct.h
[7.420s] -- Installing: /home/williamfbx/Lunar-ROADSTER/lr_ws/install/grid_map_msgs/include/grid_map_msgs/grid_map_msgs/msg/detail/grid_map_info__struct.h
[7.420s] -- Installing: /home/williamfbx/Lunar-ROADSTER/lr_ws/install/grid_map_msgs/include/grid_map_msgs/grid_map_msgs/msg/detail/grid_map_info__functions.h
[7.420s] -- Installing: /home/williamfbx/Lunar-ROADSTER/lr_ws/install/grid_map_msgs/include/grid_map_msgs/grid_map_msgs/msg/detail/grid_map__functions.h
[7.420s] -- Installing: /home/williamfbx/Lunar-ROADSTER/lr_ws/install/grid_map_msgs/include/grid_map_msgs/grid_map_msgs/msg/detail/grid_map__functions.c
[7.420s] -- Installing: /home/williamfbx/Lunar-ROADSTER/lr_ws/install/grid_map_msgs/include/grid_map_msgs/grid_map_msgs/msg/detail/grid_map_info__functions.c
[7.420s] -- Installing: /home/williamfbx/Lunar-ROADSTER/lr_ws/install/grid_map_msgs/include/grid_map_msgs/grid_map_msgs/msg/detail/grid_map_info__type_support.h
[7.420s] -- Installing: /home/williamfbx/Lunar-ROADSTER/lr_ws/install/grid_map_msgs/include/grid_map_msgs/grid_map_msgs/msg/rosidl_generator_c__visibility_control.h
[7.420s] -- Installing: /home/williamfbx/Lunar-ROADSTER/lr_ws/install/grid_map_msgs/include/grid_map_msgs/grid_map_msgs/msg/grid_map_info.h
[7.420s] -- Installing: /home/williamfbx/Lunar-ROADSTER/lr_ws/install/grid_map_msgs/share/grid_map_msgs/environment/library_path.sh
[7.420s] -- Installing: /home/williamfbx/Lunar-ROADSTER/lr_ws/install/grid_map_msgs/share/grid_map_msgs/environment/library_path.dsv
[7.420s] -- Installing: /home/williamfbx/Lunar-ROADSTER/lr_ws/install/grid_map_msgs/lib/libgrid_map_msgs__rosidl_generator_c.so
[7.420s] -- Set runtime path of "/home/williamfbx/Lunar-ROADSTER/lr_ws/install/grid_map_msgs/lib/libgrid_map_msgs__rosidl_generator_c.so" to ""
[7.420s] -- Up-to-date: /home/williamfbx/Lunar-ROADSTER/lr_ws/install/grid_map_msgs/include/grid_map_msgs/grid_map_msgs
[7.420s] -- Up-to-date: /home/williamfbx/Lunar-ROADSTER/lr_ws/install/grid_map_msgs/include/grid_map_msgs/grid_map_msgs/srv
[7.420s] -- Up-to-date: /home/williamfbx/Lunar-ROADSTER/lr_ws/install/grid_map_msgs/include/grid_map_msgs/grid_map_msgs/srv/detail
[7.420s] -- Installing: /home/williamfbx/Lunar-ROADSTER/lr_ws/install/grid_map_msgs/include/grid_map_msgs/grid_map_msgs/srv/detail/get_grid_map__rosidl_typesupport_fastrtps_c.h
[7.420s] -- Installing: /home/williamfbx/Lunar-ROADSTER/lr_ws/install/grid_map_msgs/include/grid_map_msgs/grid_map_msgs/srv/detail/set_grid_map__rosidl_typesupport_fastrtps_c.h
[7.420s] -- Installing: /home/williamfbx/Lunar-ROADSTER/lr_ws/install/grid_map_msgs/include/grid_map_msgs/grid_map_msgs/srv/detail/process_file__rosidl_typesupport_fastrtps_c.h
[7.420s] -- Installing: /home/williamfbx/Lunar-ROADSTER/lr_ws/install/grid_map_msgs/include/grid_map_msgs/grid_map_msgs/srv/detail/get_grid_map_info__rosidl_typesupport_fastrtps_c.h
[7.420s] -- Up-to-date: /home/williamfbx/Lunar-ROADSTER/lr_ws/install/grid_map_msgs/include/grid_map_msgs/grid_map_msgs/msg
[7.420s] -- Up-to-date: /home/williamfbx/Lunar-ROADSTER/lr_ws/install/grid_map_msgs/include/grid_map_msgs/grid_map_msgs/msg/detail
[7.421s] -- Installing: /home/williamfbx/Lunar-ROADSTER/lr_ws/install/grid_map_msgs/include/grid_map_msgs/grid_map_msgs/msg/detail/grid_map__rosidl_typesupport_fastrtps_c.h
[7.421s] -- Installing: /home/williamfbx/Lunar-ROADSTER/lr_ws/install/grid_map_msgs/include/grid_map_msgs/grid_map_msgs/msg/detail/grid_map_info__rosidl_typesupport_fastrtps_c.h
[7.421s] -- Installing: /home/williamfbx/Lunar-ROADSTER/lr_ws/install/grid_map_msgs/include/grid_map_msgs/grid_map_msgs/msg/rosidl_typesupport_fastrtps_c__visibility_control.h
[7.421s] -- Installing: /home/williamfbx/Lunar-ROADSTER/lr_ws/install/grid_map_msgs/lib/libgrid_map_msgs__rosidl_typesupport_fastrtps_c.so
[7.421s] -- Set runtime path of "/home/williamfbx/Lunar-ROADSTER/lr_ws/install/grid_map_msgs/lib/libgrid_map_msgs__rosidl_typesupport_fastrtps_c.so" to ""
[7.421s] -- Up-to-date: /home/williamfbx/Lunar-ROADSTER/lr_ws/install/grid_map_msgs/include/grid_map_msgs/grid_map_msgs
[7.421s] -- Up-to-date: /home/williamfbx/Lunar-ROADSTER/lr_ws/install/grid_map_msgs/include/grid_map_msgs/grid_map_msgs/srv
[7.421s] -- Installing: /home/williamfbx/Lunar-ROADSTER/lr_ws/install/grid_map_msgs/include/grid_map_msgs/grid_map_msgs/srv/get_grid_map_info.hpp
[7.421s] -- Installing: /home/williamfbx/Lunar-ROADSTER/lr_ws/install/grid_map_msgs/include/grid_map_msgs/grid_map_msgs/srv/get_grid_map.hpp
[7.421s] -- Up-to-date: /home/williamfbx/Lunar-ROADSTER/lr_ws/install/grid_map_msgs/include/grid_map_msgs/grid_map_msgs/srv/detail
[7.421s] -- Installing: /home/williamfbx/Lunar-ROADSTER/lr_ws/install/grid_map_msgs/include/grid_map_msgs/grid_map_msgs/srv/detail/set_grid_map__type_support.hpp
[7.421s] -- Installing: /home/williamfbx/Lunar-ROADSTER/lr_ws/install/grid_map_msgs/include/grid_map_msgs/grid_map_msgs/srv/detail/set_grid_map__struct.hpp
[7.421s] -- Installing: /home/williamfbx/Lunar-ROADSTER/lr_ws/install/grid_map_msgs/include/grid_map_msgs/grid_map_msgs/srv/detail/process_file__struct.hpp
[7.421s] -- Installing: /home/williamfbx/Lunar-ROADSTER/lr_ws/install/grid_map_msgs/include/grid_map_msgs/grid_map_msgs/srv/detail/get_grid_map__builder.hpp
[7.421s] -- Installing: /home/williamfbx/Lunar-ROADSTER/lr_ws/install/grid_map_msgs/include/grid_map_msgs/grid_map_msgs/srv/detail/get_grid_map_info__traits.hpp
[7.421s] -- Installing: /home/williamfbx/Lunar-ROADSTER/lr_ws/install/grid_map_msgs/include/grid_map_msgs/grid_map_msgs/srv/detail/set_grid_map__traits.hpp
[7.421s] -- Installing: /home/williamfbx/Lunar-ROADSTER/lr_ws/install/grid_map_msgs/include/grid_map_msgs/grid_map_msgs/srv/detail/get_grid_map_info__builder.hpp
[7.421s] -- Installing: /home/williamfbx/Lunar-ROADSTER/lr_ws/install/grid_map_msgs/include/grid_map_msgs/grid_map_msgs/srv/detail/get_grid_map__struct.hpp
[7.421s] -- Installing: /home/williamfbx/Lunar-ROADSTER/lr_ws/install/grid_map_msgs/include/grid_map_msgs/grid_map_msgs/srv/detail/get_grid_map_info__type_support.hpp
[7.421s] -- Installing: /home/williamfbx/Lunar-ROADSTER/lr_ws/install/grid_map_msgs/include/grid_map_msgs/grid_map_msgs/srv/detail/get_grid_map_info__struct.hpp
[7.421s] -- Installing: /home/williamfbx/Lunar-ROADSTER/lr_ws/install/grid_map_msgs/include/grid_map_msgs/grid_map_msgs/srv/detail/process_file__type_support.hpp
[7.421s] -- Installing: /home/williamfbx/Lunar-ROADSTER/lr_ws/install/grid_map_msgs/include/grid_map_msgs/grid_map_msgs/srv/detail/process_file__builder.hpp
[7.421s] -- Installing: /home/williamfbx/Lunar-ROADSTER/lr_ws/install/grid_map_msgs/include/grid_map_msgs/grid_map_msgs/srv/detail/process_file__traits.hpp
[7.421s] -- Installing: /home/williamfbx/Lunar-ROADSTER/lr_ws/install/grid_map_msgs/include/grid_map_msgs/grid_map_msgs/srv/detail/set_grid_map__builder.hpp
[7.421s] -- Installing: /home/williamfbx/Lunar-ROADSTER/lr_ws/install/grid_map_msgs/include/grid_map_msgs/grid_map_msgs/srv/detail/get_grid_map__traits.hpp
[7.421s] -- Installing: /home/williamfbx/Lunar-ROADSTER/lr_ws/install/grid_map_msgs/include/grid_map_msgs/grid_map_msgs/srv/detail/get_grid_map__type_support.hpp
[7.421s] -- Installing: /home/williamfbx/Lunar-ROADSTER/lr_ws/install/grid_map_msgs/include/grid_map_msgs/grid_map_msgs/srv/set_grid_map.hpp
[7.422s] -- Installing: /home/williamfbx/Lunar-ROADSTER/lr_ws/install/grid_map_msgs/include/grid_map_msgs/grid_map_msgs/srv/process_file.hpp
[7.422s] -- Up-to-date: /home/williamfbx/Lunar-ROADSTER/lr_ws/install/grid_map_msgs/include/grid_map_msgs/grid_map_msgs/msg
[7.422s] -- Installing: /home/williamfbx/Lunar-ROADSTER/lr_ws/install/grid_map_msgs/include/grid_map_msgs/grid_map_msgs/msg/grid_map.hpp
[7.422s] -- Installing: /home/williamfbx/Lunar-ROADSTER/lr_ws/install/grid_map_msgs/include/grid_map_msgs/grid_map_msgs/msg/rosidl_generator_cpp__visibility_control.hpp
[7.422s] -- Installing: /home/williamfbx/Lunar-ROADSTER/lr_ws/install/grid_map_msgs/include/grid_map_msgs/grid_map_msgs/msg/grid_map_info.hpp
[7.422s] -- Up-to-date: /home/williamfbx/Lunar-ROADSTER/lr_ws/install/grid_map_msgs/include/grid_map_msgs/grid_map_msgs/msg/detail
[7.422s] -- Installing: /home/williamfbx/Lunar-ROADSTER/lr_ws/install/grid_map_msgs/include/grid_map_msgs/grid_map_msgs/msg/detail/grid_map_info__struct.hpp
[7.422s] -- Installing: /home/williamfbx/Lunar-ROADSTER/lr_ws/install/grid_map_msgs/include/grid_map_msgs/grid_map_msgs/msg/detail/grid_map__type_support.hpp
[7.422s] -- Installing: /home/williamfbx/Lunar-ROADSTER/lr_ws/install/grid_map_msgs/include/grid_map_msgs/grid_map_msgs/msg/detail/grid_map_info__type_support.hpp
[7.422s] -- Installing: /home/williamfbx/Lunar-ROADSTER/lr_ws/install/grid_map_msgs/include/grid_map_msgs/grid_map_msgs/msg/detail/grid_map_info__traits.hpp
[7.422s] -- Installing: /home/williamfbx/Lunar-ROADSTER/lr_ws/install/grid_map_msgs/include/grid_map_msgs/grid_map_msgs/msg/detail/grid_map__traits.hpp
[7.422s] -- Installing: /home/williamfbx/Lunar-ROADSTER/lr_ws/install/grid_map_msgs/include/grid_map_msgs/grid_map_msgs/msg/detail/grid_map_info__builder.hpp
[7.422s] -- Installing: /home/williamfbx/Lunar-ROADSTER/lr_ws/install/grid_map_msgs/include/grid_map_msgs/grid_map_msgs/msg/detail/grid_map__builder.hpp
[7.422s] -- Installing: /home/williamfbx/Lunar-ROADSTER/lr_ws/install/grid_map_msgs/include/grid_map_msgs/grid_map_msgs/msg/detail/grid_map__struct.hpp
[7.422s] -- Up-to-date: /home/williamfbx/Lunar-ROADSTER/lr_ws/install/grid_map_msgs/include/grid_map_msgs/grid_map_msgs
[7.422s] -- Up-to-date: /home/williamfbx/Lunar-ROADSTER/lr_ws/install/grid_map_msgs/include/grid_map_msgs/grid_map_msgs/srv
[7.422s] -- Up-to-date: /home/williamfbx/Lunar-ROADSTER/lr_ws/install/grid_map_msgs/include/grid_map_msgs/grid_map_msgs/srv/detail
[7.422s] -- Installing: /home/williamfbx/Lunar-ROADSTER/lr_ws/install/grid_map_msgs/include/grid_map_msgs/grid_map_msgs/srv/detail/dds_fastrtps
[7.422s] -- Installing: /home/williamfbx/Lunar-ROADSTER/lr_ws/install/grid_map_msgs/include/grid_map_msgs/grid_map_msgs/srv/detail/get_grid_map__rosidl_typesupport_fastrtps_cpp.hpp
[7.422s] -- Installing: /home/williamfbx/Lunar-ROADSTER/lr_ws/install/grid_map_msgs/include/grid_map_msgs/grid_map_msgs/srv/detail/get_grid_map_info__rosidl_typesupport_fastrtps_cpp.hpp
[7.422s] -- Installing: /home/williamfbx/Lunar-ROADSTER/lr_ws/install/grid_map_msgs/include/grid_map_msgs/grid_map_msgs/srv/detail/set_grid_map__rosidl_typesupport_fastrtps_cpp.hpp
[7.422s] -- Installing: /home/williamfbx/Lunar-ROADSTER/lr_ws/install/grid_map_msgs/include/grid_map_msgs/grid_map_msgs/srv/detail/process_file__rosidl_typesupport_fastrtps_cpp.hpp
[7.422s] -- Up-to-date: /home/williamfbx/Lunar-ROADSTER/lr_ws/install/grid_map_msgs/include/grid_map_msgs/grid_map_msgs/msg
[7.422s] -- Installing: /home/williamfbx/Lunar-ROADSTER/lr_ws/install/grid_map_msgs/include/grid_map_msgs/grid_map_msgs/msg/rosidl_typesupport_fastrtps_cpp__visibility_control.h
[7.422s] -- Up-to-date: /home/williamfbx/Lunar-ROADSTER/lr_ws/install/grid_map_msgs/include/grid_map_msgs/grid_map_msgs/msg/detail
[7.422s] -- Installing: /home/williamfbx/Lunar-ROADSTER/lr_ws/install/grid_map_msgs/include/grid_map_msgs/grid_map_msgs/msg/detail/dds_fastrtps
[7.422s] -- Installing: /home/williamfbx/Lunar-ROADSTER/lr_ws/install/grid_map_msgs/include/grid_map_msgs/grid_map_msgs/msg/detail/grid_map__rosidl_typesupport_fastrtps_cpp.hpp
[7.423s] -- Installing: /home/williamfbx/Lunar-ROADSTER/lr_ws/install/grid_map_msgs/include/grid_map_msgs/grid_map_msgs/msg/detail/grid_map_info__rosidl_typesupport_fastrtps_cpp.hpp
[7.423s] -- Installing: /home/williamfbx/Lunar-ROADSTER/lr_ws/install/grid_map_msgs/lib/libgrid_map_msgs__rosidl_typesupport_fastrtps_cpp.so
[7.423s] -- Set runtime path of "/home/williamfbx/Lunar-ROADSTER/lr_ws/install/grid_map_msgs/lib/libgrid_map_msgs__rosidl_typesupport_fastrtps_cpp.so" to ""
[7.423s] -- Up-to-date: /home/williamfbx/Lunar-ROADSTER/lr_ws/install/grid_map_msgs/include/grid_map_msgs/grid_map_msgs
[7.423s] -- Up-to-date: /home/williamfbx/Lunar-ROADSTER/lr_ws/install/grid_map_msgs/include/grid_map_msgs/grid_map_msgs/srv
[7.423s] -- Up-to-date: /home/williamfbx/Lunar-ROADSTER/lr_ws/install/grid_map_msgs/include/grid_map_msgs/grid_map_msgs/srv/detail
[7.423s] -- Installing: /home/williamfbx/Lunar-ROADSTER/lr_ws/install/grid_map_msgs/include/grid_map_msgs/grid_map_msgs/srv/detail/get_grid_map_info__type_support.c
[7.423s] -- Installing: /home/williamfbx/Lunar-ROADSTER/lr_ws/install/grid_map_msgs/include/grid_map_msgs/grid_map_msgs/srv/detail/set_grid_map__rosidl_typesupport_introspection_c.h
[7.423s] -- Installing: /home/williamfbx/Lunar-ROADSTER/lr_ws/install/grid_map_msgs/include/grid_map_msgs/grid_map_msgs/srv/detail/process_file__type_support.c
[7.423s] -- Installing: /home/williamfbx/Lunar-ROADSTER/lr_ws/install/grid_map_msgs/include/grid_map_msgs/grid_map_msgs/srv/detail/set_grid_map__type_support.c
[7.423s] -- Installing: /home/williamfbx/Lunar-ROADSTER/lr_ws/install/grid_map_msgs/include/grid_map_msgs/grid_map_msgs/srv/detail/get_grid_map__rosidl_typesupport_introspection_c.h
[7.423s] -- Installing: /home/williamfbx/Lunar-ROADSTER/lr_ws/install/grid_map_msgs/include/grid_map_msgs/grid_map_msgs/srv/detail/get_grid_map__type_support.c
[7.423s] -- Installing: /home/williamfbx/Lunar-ROADSTER/lr_ws/install/grid_map_msgs/include/grid_map_msgs/grid_map_msgs/srv/detail/get_grid_map_info__rosidl_typesupport_introspection_c.h
[7.423s] -- Installing: /home/williamfbx/Lunar-ROADSTER/lr_ws/install/grid_map_msgs/include/grid_map_msgs/grid_map_msgs/srv/detail/process_file__rosidl_typesupport_introspection_c.h
[7.423s] -- Up-to-date: /home/williamfbx/Lunar-ROADSTER/lr_ws/install/grid_map_msgs/include/grid_map_msgs/grid_map_msgs/msg
[7.423s] -- Up-to-date: /home/williamfbx/Lunar-ROADSTER/lr_ws/install/grid_map_msgs/include/grid_map_msgs/grid_map_msgs/msg/detail
[7.423s] -- Installing: /home/williamfbx/Lunar-ROADSTER/lr_ws/install/grid_map_msgs/include/grid_map_msgs/grid_map_msgs/msg/detail/grid_map__type_support.c
[7.423s] -- Installing: /home/williamfbx/Lunar-ROADSTER/lr_ws/install/grid_map_msgs/include/grid_map_msgs/grid_map_msgs/msg/detail/grid_map_info__rosidl_typesupport_introspection_c.h
[7.423s] -- Installing: /home/williamfbx/Lunar-ROADSTER/lr_ws/install/grid_map_msgs/include/grid_map_msgs/grid_map_msgs/msg/detail/grid_map__rosidl_typesupport_introspection_c.h
[7.423s] -- Installing: /home/williamfbx/Lunar-ROADSTER/lr_ws/install/grid_map_msgs/include/grid_map_msgs/grid_map_msgs/msg/detail/grid_map_info__type_support.c
[7.423s] -- Installing: /home/williamfbx/Lunar-ROADSTER/lr_ws/install/grid_map_msgs/include/grid_map_msgs/grid_map_msgs/msg/rosidl_typesupport_introspection_c__visibility_control.h
[7.423s] -- Installing: /home/williamfbx/Lunar-ROADSTER/lr_ws/install/grid_map_msgs/lib/libgrid_map_msgs__rosidl_typesupport_introspection_c.so
[7.423s] -- Set runtime path of "/home/williamfbx/Lunar-ROADSTER/lr_ws/install/grid_map_msgs/lib/libgrid_map_msgs__rosidl_typesupport_introspection_c.so" to ""
[7.423s] -- Installing: /home/williamfbx/Lunar-ROADSTER/lr_ws/install/grid_map_msgs/lib/libgrid_map_msgs__rosidl_typesupport_c.so
[7.423s] -- Set runtime path of "/home/williamfbx/Lunar-ROADSTER/lr_ws/install/grid_map_msgs/lib/libgrid_map_msgs__rosidl_typesupport_c.so" to ""
[7.424s] -- Up-to-date: /home/williamfbx/Lunar-ROADSTER/lr_ws/install/grid_map_msgs/include/grid_map_msgs/grid_map_msgs
[7.424s] -- Up-to-date: /home/williamfbx/Lunar-ROADSTER/lr_ws/install/grid_map_msgs/include/grid_map_msgs/grid_map_msgs/srv
[7.424s] -- Up-to-date: /home/williamfbx/Lunar-ROADSTER/lr_ws/install/grid_map_msgs/include/grid_map_msgs/grid_map_msgs/srv/detail
[7.424s] -- Installing: /home/williamfbx/Lunar-ROADSTER/lr_ws/install/grid_map_msgs/include/grid_map_msgs/grid_map_msgs/srv/detail/set_grid_map__rosidl_typesupport_introspection_cpp.hpp
[7.424s] -- Installing: /home/williamfbx/Lunar-ROADSTER/lr_ws/install/grid_map_msgs/include/grid_map_msgs/grid_map_msgs/srv/detail/get_grid_map__rosidl_typesupport_introspection_cpp.hpp
[7.424s] -- Installing: /home/williamfbx/Lunar-ROADSTER/lr_ws/install/grid_map_msgs/include/grid_map_msgs/grid_map_msgs/srv/detail/process_file__type_support.cpp
[7.424s] -- Installing: /home/williamfbx/Lunar-ROADSTER/lr_ws/install/grid_map_msgs/include/grid_map_msgs/grid_map_msgs/srv/detail/get_grid_map_info__rosidl_typesupport_introspection_cpp.hpp
[7.424s] -- Installing: /home/williamfbx/Lunar-ROADSTER/lr_ws/install/grid_map_msgs/include/grid_map_msgs/grid_map_msgs/srv/detail/get_grid_map__type_support.cpp
[7.424s] -- Installing: /home/williamfbx/Lunar-ROADSTER/lr_ws/install/grid_map_msgs/include/grid_map_msgs/grid_map_msgs/srv/detail/process_file__rosidl_typesupport_introspection_cpp.hpp
[7.424s] -- Installing: /home/williamfbx/Lunar-ROADSTER/lr_ws/install/grid_map_msgs/include/grid_map_msgs/grid_map_msgs/srv/detail/set_grid_map__type_support.cpp
[7.424s] -- Installing: /home/williamfbx/Lunar-ROADSTER/lr_ws/install/grid_map_msgs/include/grid_map_msgs/grid_map_msgs/srv/detail/get_grid_map_info__type_support.cpp
[7.424s] -- Up-to-date: /home/williamfbx/Lunar-ROADSTER/lr_ws/install/grid_map_msgs/include/grid_map_msgs/grid_map_msgs/msg
[7.424s] -- Up-to-date: /home/williamfbx/Lunar-ROADSTER/lr_ws/install/grid_map_msgs/include/grid_map_msgs/grid_map_msgs/msg/detail
[7.424s] -- Installing: /home/williamfbx/Lunar-ROADSTER/lr_ws/install/grid_map_msgs/include/grid_map_msgs/grid_map_msgs/msg/detail/grid_map_info__rosidl_typesupport_introspection_cpp.hpp
[7.424s] -- Installing: /home/williamfbx/Lunar-ROADSTER/lr_ws/install/grid_map_msgs/include/grid_map_msgs/grid_map_msgs/msg/detail/grid_map__type_support.cpp
[7.424s] -- Installing: /home/williamfbx/Lunar-ROADSTER/lr_ws/install/grid_map_msgs/include/grid_map_msgs/grid_map_msgs/msg/detail/grid_map__rosidl_typesupport_introspection_cpp.hpp
[7.424s] -- Installing: /home/williamfbx/Lunar-ROADSTER/lr_ws/install/grid_map_msgs/include/grid_map_msgs/grid_map_msgs/msg/detail/grid_map_info__type_support.cpp
[7.424s] -- Installing: /home/williamfbx/Lunar-ROADSTER/lr_ws/install/grid_map_msgs/lib/libgrid_map_msgs__rosidl_typesupport_introspection_cpp.so
[7.424s] -- Set runtime path of "/home/williamfbx/Lunar-ROADSTER/lr_ws/install/grid_map_msgs/lib/libgrid_map_msgs__rosidl_typesupport_introspection_cpp.so" to ""
[7.424s] -- Installing: /home/williamfbx/Lunar-ROADSTER/lr_ws/install/grid_map_msgs/lib/libgrid_map_msgs__rosidl_typesupport_cpp.so
[7.424s] -- Set runtime path of "/home/williamfbx/Lunar-ROADSTER/lr_ws/install/grid_map_msgs/lib/libgrid_map_msgs__rosidl_typesupport_cpp.so" to ""
[7.424s] -- Installing: /home/williamfbx/Lunar-ROADSTER/lr_ws/install/grid_map_msgs/share/grid_map_msgs/environment/pythonpath.sh
[7.425s] -- Installing: /home/williamfbx/Lunar-ROADSTER/lr_ws/install/grid_map_msgs/share/grid_map_msgs/environment/pythonpath.dsv
[7.425s] -- Installing: /home/williamfbx/Lunar-ROADSTER/lr_ws/install/grid_map_msgs/local/lib/python3.10/dist-packages/grid_map_msgs-2.0.1-py3.10.egg-info
[7.425s] -- Installing: /home/williamfbx/Lunar-ROADSTER/lr_ws/install/grid_map_msgs/local/lib/python3.10/dist-packages/grid_map_msgs-2.0.1-py3.10.egg-info/dependency_links.txt
[7.425s] -- Installing: /home/williamfbx/Lunar-ROADSTER/lr_ws/install/grid_map_msgs/local/lib/python3.10/dist-packages/grid_map_msgs-2.0.1-py3.10.egg-info/SOURCES.txt
[7.425s] -- Installing: /home/williamfbx/Lunar-ROADSTER/lr_ws/install/grid_map_msgs/local/lib/python3.10/dist-packages/grid_map_msgs-2.0.1-py3.10.egg-info/PKG-INFO
[7.425s] -- Installing: /home/williamfbx/Lunar-ROADSTER/lr_ws/install/grid_map_msgs/local/lib/python3.10/dist-packages/grid_map_msgs-2.0.1-py3.10.egg-info/top_level.txt
[7.425s] -- Installing: /home/williamfbx/Lunar-ROADSTER/lr_ws/install/grid_map_msgs/local/lib/python3.10/dist-packages/grid_map_msgs
[7.425s] -- Installing: /home/williamfbx/Lunar-ROADSTER/lr_ws/install/grid_map_msgs/local/lib/python3.10/dist-packages/grid_map_msgs/srv
[7.425s] -- Installing: /home/williamfbx/Lunar-ROADSTER/lr_ws/install/grid_map_msgs/local/lib/python3.10/dist-packages/grid_map_msgs/srv/_get_grid_map_info_s.c
[7.425s] -- Installing: /home/williamfbx/Lunar-ROADSTER/lr_ws/install/grid_map_msgs/local/lib/python3.10/dist-packages/grid_map_msgs/srv/_process_file_s.c
[7.425s] -- Installing: /home/williamfbx/Lunar-ROADSTER/lr_ws/install/grid_map_msgs/local/lib/python3.10/dist-packages/grid_map_msgs/srv/_set_grid_map_s.c
[7.425s] -- Installing: /home/williamfbx/Lunar-ROADSTER/lr_ws/install/grid_map_msgs/local/lib/python3.10/dist-packages/grid_map_msgs/srv/_get_grid_map_s.c
[7.425s] -- Installing: /home/williamfbx/Lunar-ROADSTER/lr_ws/install/grid_map_msgs/local/lib/python3.10/dist-packages/grid_map_msgs/srv/_set_grid_map.py
[7.425s] -- Installing: /home/williamfbx/Lunar-ROADSTER/lr_ws/install/grid_map_msgs/local/lib/python3.10/dist-packages/grid_map_msgs/srv/_get_grid_map_info.py
[7.425s] -- Installing: /home/williamfbx/Lunar-ROADSTER/lr_ws/install/grid_map_msgs/local/lib/python3.10/dist-packages/grid_map_msgs/srv/_get_grid_map.py
[7.425s] -- Installing: /home/williamfbx/Lunar-ROADSTER/lr_ws/install/grid_map_msgs/local/lib/python3.10/dist-packages/grid_map_msgs/srv/_process_file.py
[7.425s] -- Installing: /home/williamfbx/Lunar-ROADSTER/lr_ws/install/grid_map_msgs/local/lib/python3.10/dist-packages/grid_map_msgs/srv/__init__.py
[7.425s] -- Installing: /home/williamfbx/Lunar-ROADSTER/lr_ws/install/grid_map_msgs/local/lib/python3.10/dist-packages/grid_map_msgs/libgrid_map_msgs__rosidl_generator_py.so
[7.425s] -- Installing: /home/williamfbx/Lunar-ROADSTER/lr_ws/install/grid_map_msgs/local/lib/python3.10/dist-packages/grid_map_msgs/grid_map_msgs_s__rosidl_typesupport_fastrtps_c.cpython-310-x86_64-linux-gnu.so
[7.425s] -- Installing: /home/williamfbx/Lunar-ROADSTER/lr_ws/install/grid_map_msgs/local/lib/python3.10/dist-packages/grid_map_msgs/_grid_map_msgs_s.ep.rosidl_typesupport_introspection_c.c
[7.425s] -- Installing: /home/williamfbx/Lunar-ROADSTER/lr_ws/install/grid_map_msgs/local/lib/python3.10/dist-packages/grid_map_msgs/_grid_map_msgs_s.ep.rosidl_typesupport_fastrtps_c.c
[7.425s] -- Installing: /home/williamfbx/Lunar-ROADSTER/lr_ws/install/grid_map_msgs/local/lib/python3.10/dist-packages/grid_map_msgs/_grid_map_msgs_s.ep.rosidl_typesupport_c.c
[7.426s] -- Installing: /home/williamfbx/Lunar-ROADSTER/lr_ws/install/grid_map_msgs/local/lib/python3.10/dist-packages/grid_map_msgs/grid_map_msgs_s__rosidl_typesupport_c.cpython-310-x86_64-linux-gnu.so
[7.426s] -- Installing: /home/williamfbx/Lunar-ROADSTER/lr_ws/install/grid_map_msgs/local/lib/python3.10/dist-packages/grid_map_msgs/grid_map_msgs_s__rosidl_typesupport_introspection_c.cpython-310-x86_64-linux-gnu.so
[7.426s] -- Installing: /home/williamfbx/Lunar-ROADSTER/lr_ws/install/grid_map_msgs/local/lib/python3.10/dist-packages/grid_map_msgs/__init__.py
[7.426s] -- Installing: /home/williamfbx/Lunar-ROADSTER/lr_ws/install/grid_map_msgs/local/lib/python3.10/dist-packages/grid_map_msgs/msg
[7.426s] -- Installing: /home/williamfbx/Lunar-ROADSTER/lr_ws/install/grid_map_msgs/local/lib/python3.10/dist-packages/grid_map_msgs/msg/_grid_map.py
[7.426s] -- Installing: /home/williamfbx/Lunar-ROADSTER/lr_ws/install/grid_map_msgs/local/lib/python3.10/dist-packages/grid_map_msgs/msg/_grid_map_info.py
[7.426s] -- Installing: /home/williamfbx/Lunar-ROADSTER/lr_ws/install/grid_map_msgs/local/lib/python3.10/dist-packages/grid_map_msgs/msg/_grid_map_info_s.c
[7.426s] -- Installing: /home/williamfbx/Lunar-ROADSTER/lr_ws/install/grid_map_msgs/local/lib/python3.10/dist-packages/grid_map_msgs/msg/_grid_map_s.c
[7.426s] -- Installing: /home/williamfbx/Lunar-ROADSTER/lr_ws/install/grid_map_msgs/local/lib/python3.10/dist-packages/grid_map_msgs/msg/__init__.py
[7.455s] Listing '/home/williamfbx/Lunar-ROADSTER/lr_ws/install/grid_map_msgs/local/lib/python3.10/dist-packages/grid_map_msgs'...
[7.455s] Compiling '/home/williamfbx/Lunar-ROADSTER/lr_ws/install/grid_map_msgs/local/lib/python3.10/dist-packages/grid_map_msgs/__init__.py'...
[7.455s] Listing '/home/williamfbx/Lunar-ROADSTER/lr_ws/install/grid_map_msgs/local/lib/python3.10/dist-packages/grid_map_msgs/msg'...
[7.455s] Compiling '/home/williamfbx/Lunar-ROADSTER/lr_ws/install/grid_map_msgs/local/lib/python3.10/dist-packages/grid_map_msgs/msg/__init__.py'...
[7.455s] Compiling '/home/williamfbx/Lunar-ROADSTER/lr_ws/install/grid_map_msgs/local/lib/python3.10/dist-packages/grid_map_msgs/msg/_grid_map.py'...
[7.455s] Compiling '/home/williamfbx/Lunar-ROADSTER/lr_ws/install/grid_map_msgs/local/lib/python3.10/dist-packages/grid_map_msgs/msg/_grid_map_info.py'...
[7.455s] Listing '/home/williamfbx/Lunar-ROADSTER/lr_ws/install/grid_map_msgs/local/lib/python3.10/dist-packages/grid_map_msgs/srv'...
[7.455s] Compiling '/home/williamfbx/Lunar-ROADSTER/lr_ws/install/grid_map_msgs/local/lib/python3.10/dist-packages/grid_map_msgs/srv/__init__.py'...
[7.455s] Compiling '/home/williamfbx/Lunar-ROADSTER/lr_ws/install/grid_map_msgs/local/lib/python3.10/dist-packages/grid_map_msgs/srv/_get_grid_map.py'...
[7.455s] Compiling '/home/williamfbx/Lunar-ROADSTER/lr_ws/install/grid_map_msgs/local/lib/python3.10/dist-packages/grid_map_msgs/srv/_get_grid_map_info.py'...
[7.455s] Compiling '/home/williamfbx/Lunar-ROADSTER/lr_ws/install/grid_map_msgs/local/lib/python3.10/dist-packages/grid_map_msgs/srv/_process_file.py'...
[7.455s] Compiling '/home/williamfbx/Lunar-ROADSTER/lr_ws/install/grid_map_msgs/local/lib/python3.10/dist-packages/grid_map_msgs/srv/_set_grid_map.py'...
[7.458s] -- Installing: /home/williamfbx/Lunar-ROADSTER/lr_ws/install/grid_map_msgs/local/lib/python3.10/dist-packages/grid_map_msgs/grid_map_msgs_s__rosidl_typesupport_fastrtps_c.cpython-310-x86_64-linux-gnu.so
[7.458s] -- Set runtime path of "/home/williamfbx/Lunar-ROADSTER/lr_ws/install/grid_map_msgs/local/lib/python3.10/dist-packages/grid_map_msgs/grid_map_msgs_s__rosidl_typesupport_fastrtps_c.cpython-310-x86_64-linux-gnu.so" to ""
[7.459s] -- Installing: /home/williamfbx/Lunar-ROADSTER/lr_ws/install/grid_map_msgs/local/lib/python3.10/dist-packages/grid_map_msgs/grid_map_msgs_s__rosidl_typesupport_introspection_c.cpython-310-x86_64-linux-gnu.so
[7.459s] -- Set runtime path of "/home/williamfbx/Lunar-ROADSTER/lr_ws/install/grid_map_msgs/local/lib/python3.10/dist-packages/grid_map_msgs/grid_map_msgs_s__rosidl_typesupport_introspection_c.cpython-310-x86_64-linux-gnu.so" to ""
[7.459s] -- Installing: /home/williamfbx/Lunar-ROADSTER/lr_ws/install/grid_map_msgs/local/lib/python3.10/dist-packages/grid_map_msgs/grid_map_msgs_s__rosidl_typesupport_c.cpython-310-x86_64-linux-gnu.so
[7.459s] -- Set runtime path of "/home/williamfbx/Lunar-ROADSTER/lr_ws/install/grid_map_msgs/local/lib/python3.10/dist-packages/grid_map_msgs/grid_map_msgs_s__rosidl_typesupport_c.cpython-310-x86_64-linux-gnu.so" to ""
[7.459s] -- Installing: /home/williamfbx/Lunar-ROADSTER/lr_ws/install/grid_map_msgs/lib/libgrid_map_msgs__rosidl_generator_py.so
[7.459s] -- Set runtime path of "/home/williamfbx/Lunar-ROADSTER/lr_ws/install/grid_map_msgs/lib/libgrid_map_msgs__rosidl_generator_py.so" to ""
[7.459s] -- Installing: /home/williamfbx/Lunar-ROADSTER/lr_ws/install/grid_map_msgs/share/grid_map_msgs/msg/GridMapInfo.idl
[7.459s] -- Installing: /home/williamfbx/Lunar-ROADSTER/lr_ws/install/grid_map_msgs/share/grid_map_msgs/msg/GridMap.idl
[7.459s] -- Installing: /home/williamfbx/Lunar-ROADSTER/lr_ws/install/grid_map_msgs/share/grid_map_msgs/srv/SetGridMap.idl
[7.459s] -- Installing: /home/williamfbx/Lunar-ROADSTER/lr_ws/install/grid_map_msgs/share/grid_map_msgs/srv/GetGridMap.idl
[7.459s] -- Installing: /home/williamfbx/Lunar-ROADSTER/lr_ws/install/grid_map_msgs/share/grid_map_msgs/srv/GetGridMapInfo.idl
[7.459s] -- Installing: /home/williamfbx/Lunar-ROADSTER/lr_ws/install/grid_map_msgs/share/grid_map_msgs/srv/ProcessFile.idl
[7.460s] -- Installing: /home/williamfbx/Lunar-ROADSTER/lr_ws/install/grid_map_msgs/share/grid_map_msgs/msg/GridMapInfo.msg
[7.460s] -- Installing: /home/williamfbx/Lunar-ROADSTER/lr_ws/install/grid_map_msgs/share/grid_map_msgs/msg/GridMap.msg
[7.460s] -- Installing: /home/williamfbx/Lunar-ROADSTER/lr_ws/install/grid_map_msgs/share/grid_map_msgs/srv/SetGridMap.srv
[7.460s] -- Installing: /home/williamfbx/Lunar-ROADSTER/lr_ws/install/grid_map_msgs/share/grid_map_msgs/srv/SetGridMap_Request.msg
[7.460s] -- Installing: /home/williamfbx/Lunar-ROADSTER/lr_ws/install/grid_map_msgs/share/grid_map_msgs/srv/SetGridMap_Response.msg
[7.460s] -- Installing: /home/williamfbx/Lunar-ROADSTER/lr_ws/install/grid_map_msgs/share/grid_map_msgs/srv/GetGridMap.srv
[7.460s] -- Installing: /home/williamfbx/Lunar-ROADSTER/lr_ws/install/grid_map_msgs/share/grid_map_msgs/srv/GetGridMap_Request.msg
[7.460s] -- Installing: /home/williamfbx/Lunar-ROADSTER/lr_ws/install/grid_map_msgs/share/grid_map_msgs/srv/GetGridMap_Response.msg
[7.460s] -- Installing: /home/williamfbx/Lunar-ROADSTER/lr_ws/install/grid_map_msgs/share/grid_map_msgs/srv/GetGridMapInfo.srv
[7.460s] -- Installing: /home/williamfbx/Lunar-ROADSTER/lr_ws/install/grid_map_msgs/share/grid_map_msgs/srv/GetGridMapInfo_Request.msg
[7.460s] -- Installing: /home/williamfbx/Lunar-ROADSTER/lr_ws/install/grid_map_msgs/share/grid_map_msgs/srv/GetGridMapInfo_Response.msg
[7.460s] -- Installing: /home/williamfbx/Lunar-ROADSTER/lr_ws/install/grid_map_msgs/share/grid_map_msgs/srv/ProcessFile.srv
[7.460s] -- Installing: /home/williamfbx/Lunar-ROADSTER/lr_ws/install/grid_map_msgs/share/grid_map_msgs/srv/ProcessFile_Request.msg
[7.460s] -- Installing: /home/williamfbx/Lunar-ROADSTER/lr_ws/install/grid_map_msgs/share/grid_map_msgs/srv/ProcessFile_Response.msg
[7.460s] -- Installing: /home/williamfbx/Lunar-ROADSTER/lr_ws/install/grid_map_msgs/share/ament_index/resource_index/package_run_dependencies/grid_map_msgs
[7.460s] -- Installing: /home/williamfbx/Lunar-ROADSTER/lr_ws/install/grid_map_msgs/share/ament_index/resource_index/parent_prefix_path/grid_map_msgs
[7.460s] -- Installing: /home/williamfbx/Lunar-ROADSTER/lr_ws/install/grid_map_msgs/share/grid_map_msgs/environment/ament_prefix_path.sh
[7.460s] -- Installing: /home/williamfbx/Lunar-ROADSTER/lr_ws/install/grid_map_msgs/share/grid_map_msgs/environment/ament_prefix_path.dsv
[7.460s] -- Installing: /home/williamfbx/Lunar-ROADSTER/lr_ws/install/grid_map_msgs/share/grid_map_msgs/environment/path.sh
[7.460s] -- Installing: /home/williamfbx/Lunar-ROADSTER/lr_ws/install/grid_map_msgs/share/grid_map_msgs/environment/path.dsv
[7.460s] -- Installing: /home/williamfbx/Lunar-ROADSTER/lr_ws/install/grid_map_msgs/share/grid_map_msgs/local_setup.bash
[7.460s] -- Installing: /home/williamfbx/Lunar-ROADSTER/lr_ws/install/grid_map_msgs/share/grid_map_msgs/local_setup.sh
[7.460s] -- Installing: /home/williamfbx/Lunar-ROADSTER/lr_ws/install/grid_map_msgs/share/grid_map_msgs/local_setup.zsh
[7.461s] -- Installing: /home/williamfbx/Lunar-ROADSTER/lr_ws/install/grid_map_msgs/share/grid_map_msgs/local_setup.dsv
[7.461s] -- Installing: /home/williamfbx/Lunar-ROADSTER/lr_ws/install/grid_map_msgs/share/grid_map_msgs/package.dsv
[7.461s] -- Installing: /home/williamfbx/Lunar-ROADSTER/lr_ws/install/grid_map_msgs/share/ament_index/resource_index/packages/grid_map_msgs
[7.461s] -- Installing: /home/williamfbx/Lunar-ROADSTER/lr_ws/install/grid_map_msgs/share/grid_map_msgs/cmake/export_grid_map_msgs__rosidl_generator_cExport.cmake
[7.461s] -- Installing: /home/williamfbx/Lunar-ROADSTER/lr_ws/install/grid_map_msgs/share/grid_map_msgs/cmake/export_grid_map_msgs__rosidl_generator_cExport-release.cmake
[7.461s] -- Installing: /home/williamfbx/Lunar-ROADSTER/lr_ws/install/grid_map_msgs/share/grid_map_msgs/cmake/export_grid_map_msgs__rosidl_typesupport_fastrtps_cExport.cmake
[7.461s] -- Installing: /home/williamfbx/Lunar-ROADSTER/lr_ws/install/grid_map_msgs/share/grid_map_msgs/cmake/export_grid_map_msgs__rosidl_typesupport_fastrtps_cExport-release.cmake
[7.461s] -- Installing: /home/williamfbx/Lunar-ROADSTER/lr_ws/install/grid_map_msgs/share/grid_map_msgs/cmake/export_grid_map_msgs__rosidl_generator_cppExport.cmake
[7.461s] -- Installing: /home/williamfbx/Lunar-ROADSTER/lr_ws/install/grid_map_msgs/share/grid_map_msgs/cmake/export_grid_map_msgs__rosidl_typesupport_fastrtps_cppExport.cmake
[7.461s] -- Installing: /home/williamfbx/Lunar-ROADSTER/lr_ws/install/grid_map_msgs/share/grid_map_msgs/cmake/export_grid_map_msgs__rosidl_typesupport_fastrtps_cppExport-release.cmake
[7.461s] -- Installing: /home/williamfbx/Lunar-ROADSTER/lr_ws/install/grid_map_msgs/share/grid_map_msgs/cmake/grid_map_msgs__rosidl_typesupport_introspection_cExport.cmake
[7.461s] -- Installing: /home/williamfbx/Lunar-ROADSTER/lr_ws/install/grid_map_msgs/share/grid_map_msgs/cmake/grid_map_msgs__rosidl_typesupport_introspection_cExport-release.cmake
[7.461s] -- Installing: /home/williamfbx/Lunar-ROADSTER/lr_ws/install/grid_map_msgs/share/grid_map_msgs/cmake/grid_map_msgs__rosidl_typesupport_cExport.cmake
[7.461s] -- Installing: /home/williamfbx/Lunar-ROADSTER/lr_ws/install/grid_map_msgs/share/grid_map_msgs/cmake/grid_map_msgs__rosidl_typesupport_cExport-release.cmake
[7.461s] -- Installing: /home/williamfbx/Lunar-ROADSTER/lr_ws/install/grid_map_msgs/share/grid_map_msgs/cmake/grid_map_msgs__rosidl_typesupport_introspection_cppExport.cmake
[7.461s] -- Installing: /home/williamfbx/Lunar-ROADSTER/lr_ws/install/grid_map_msgs/share/grid_map_msgs/cmake/grid_map_msgs__rosidl_typesupport_introspection_cppExport-release.cmake
[7.461s] -- Installing: /home/williamfbx/Lunar-ROADSTER/lr_ws/install/grid_map_msgs/share/grid_map_msgs/cmake/grid_map_msgs__rosidl_typesupport_cppExport.cmake
[7.462s] -- Installing: /home/williamfbx/Lunar-ROADSTER/lr_ws/install/grid_map_msgs/share/grid_map_msgs/cmake/grid_map_msgs__rosidl_typesupport_cppExport-release.cmake
[7.462s] -- Installing: /home/williamfbx/Lunar-ROADSTER/lr_ws/install/grid_map_msgs/share/grid_map_msgs/cmake/export_grid_map_msgs__rosidl_generator_pyExport.cmake
[7.462s] -- Installing: /home/williamfbx/Lunar-ROADSTER/lr_ws/install/grid_map_msgs/share/grid_map_msgs/cmake/export_grid_map_msgs__rosidl_generator_pyExport-release.cmake
[7.462s] -- Installing: /home/williamfbx/Lunar-ROADSTER/lr_ws/install/grid_map_msgs/share/grid_map_msgs/cmake/rosidl_cmake-extras.cmake
[7.462s] -- Installing: /home/williamfbx/Lunar-ROADSTER/lr_ws/install/grid_map_msgs/share/grid_map_msgs/cmake/ament_cmake_export_dependencies-extras.cmake
[7.462s] -- Installing: /home/williamfbx/Lunar-ROADSTER/lr_ws/install/grid_map_msgs/share/grid_map_msgs/cmake/ament_cmake_export_include_directories-extras.cmake
[7.462s] -- Installing: /home/williamfbx/Lunar-ROADSTER/lr_ws/install/grid_map_msgs/share/grid_map_msgs/cmake/ament_cmake_export_libraries-extras.cmake
[7.462s] -- Installing: /home/williamfbx/Lunar-ROADSTER/lr_ws/install/grid_map_msgs/share/grid_map_msgs/cmake/ament_cmake_export_targets-extras.cmake
[7.462s] -- Installing: /home/williamfbx/Lunar-ROADSTER/lr_ws/install/grid_map_msgs/share/grid_map_msgs/cmake/rosidl_cmake_export_typesupport_targets-extras.cmake
[7.462s] -- Installing: /home/williamfbx/Lunar-ROADSTER/lr_ws/install/grid_map_msgs/share/grid_map_msgs/cmake/rosidl_cmake_export_typesupport_libraries-extras.cmake
[7.462s] -- Installing: /home/williamfbx/Lunar-ROADSTER/lr_ws/install/grid_map_msgs/share/grid_map_msgs/cmake/grid_map_msgsConfig.cmake
[7.462s] -- Installing: /home/williamfbx/Lunar-ROADSTER/lr_ws/install/grid_map_msgs/share/grid_map_msgs/cmake/grid_map_msgsConfig-version.cmake
[7.462s] -- Installing: /home/williamfbx/Lunar-ROADSTER/lr_ws/install/grid_map_msgs/share/grid_map_msgs/package.xml
[7.464s] Invoked command in '/home/williamfbx/Lunar-ROADSTER/lr_ws/build/grid_map_msgs' returned '0': AMENT_PREFIX_PATH=/home/williamfbx/Lunar-ROADSTER/lr_ws/install/grid_map_cmake_helpers:${AMENT_PREFIX_PATH} CMAKE_PREFIX_PATH=/home/williamfbx/Lunar-ROADSTER/lr_ws/install/grid_map_cmake_helpers:/opt/ros/humble /usr/bin/cmake --install /home/williamfbx/Lunar-ROADSTER/lr_ws/build/grid_map_msgs
