[2.885s] Invoking command in '/root/Lunar_ROADSTER/lr_ws/src/drivers/total_station': CMAKE_PREFIX_PATH=/root/Lunar_ROADSTER/lr_ws/install/cg_msgs:/root/Lunar_ROADSTER/lr_ws/install/vectornav:/root/Lunar_ROADSTER/lr_ws/install/vectornav_msgs:/root/Lunar_ROADSTER/lr_ws/install/localization LD_LIBRARY_PATH=/root/Lunar_ROADSTER/lr_ws/install/cg_msgs/lib:/root/Lunar_ROADSTER/lr_ws/install/vectornav/lib:/root/Lunar_ROADSTER/lr_ws/install/vectornav_msgs/lib:/opt/ros/humble/opt/rviz_ogre_vendor/lib:/opt/ros/humble/lib/aarch64-linux-gnu:/opt/ros/humble/lib:/usr/local/cuda/lib64 PYTHONPATH=/root/Lunar_ROADSTER/lr_ws/build/total_station/prefix_override:/usr/lib/python3/dist-packages/colcon_core/task/python/colcon_distutils_commands:/root/Lunar_ROADSTER/lr_ws/install/total_station/lib/python3.10/site-packages:${PYTHONPATH} /usr/bin/python3 -W ignore:setup.py install is deprecated -W ignore:easy_install command is deprecated setup.py egg_info --egg-base ../../../build/total_station build --build-base /root/Lunar_ROADSTER/lr_ws/build/total_station/build install --record /root/Lunar_ROADSTER/lr_ws/build/total_station/install.log --single-version-externally-managed install_data
[3.750s] running egg_info
[3.754s] creating ../../../build/total_station/total_station.egg-info
[3.755s] writing ../../../build/total_station/total_station.egg-info/PKG-INFO
[3.756s] writing dependency_links to ../../../build/total_station/total_station.egg-info/dependency_links.txt
[3.757s] writing entry points to ../../../build/total_station/total_station.egg-info/entry_points.txt
[3.758s] writing requirements to ../../../build/total_station/total_station.egg-info/requires.txt
[3.758s] writing top-level names to ../../../build/total_station/total_station.egg-info/top_level.txt
[3.759s] writing manifest file '../../../build/total_station/total_station.egg-info/SOURCES.txt'
[3.769s] reading manifest file '../../../build/total_station/total_station.egg-info/SOURCES.txt'
[3.779s] writing manifest file '../../../build/total_station/total_station.egg-info/SOURCES.txt'
[3.779s] running build
[3.779s] running build_py
[3.780s] creating /root/Lunar_ROADSTER/lr_ws/build/total_station/build
[3.780s] creating /root/Lunar_ROADSTER/lr_ws/build/total_station/build/lib
[3.780s] creating /root/Lunar_ROADSTER/lr_ws/build/total_station/build/lib/total_station
[3.780s] copying total_station/__init__.py -> /root/Lunar_ROADSTER/lr_ws/build/total_station/build/lib/total_station
[3.781s] copying total_station/total_station_node.py -> /root/Lunar_ROADSTER/lr_ws/build/total_station/build/lib/total_station
[3.781s] running install
[3.783s] running install_lib
[3.783s] creating /root/Lunar_ROADSTER/lr_ws/install/total_station/lib/python3.10/site-packages/total_station
[3.784s] copying /root/Lunar_ROADSTER/lr_ws/build/total_station/build/lib/total_station/__init__.py -> /root/Lunar_ROADSTER/lr_ws/install/total_station/lib/python3.10/site-packages/total_station
[3.786s] copying /root/Lunar_ROADSTER/lr_ws/build/total_station/build/lib/total_station/total_station_node.py -> /root/Lunar_ROADSTER/lr_ws/install/total_station/lib/python3.10/site-packages/total_station
[3.789s] byte-compiling /root/Lunar_ROADSTER/lr_ws/install/total_station/lib/python3.10/site-packages/total_station/__init__.py to __init__.cpython-310.pyc
[3.791s] byte-compiling /root/Lunar_ROADSTER/lr_ws/install/total_station/lib/python3.10/site-packages/total_station/total_station_node.py to total_station_node.cpython-310.pyc
[3.804s] running install_data
[3.804s] creating /root/Lunar_ROADSTER/lr_ws/install/total_station/share/ament_index
[3.808s] creating /root/Lunar_ROADSTER/lr_ws/install/total_station/share/ament_index/resource_index
[3.809s] creating /root/Lunar_ROADSTER/lr_ws/install/total_station/share/ament_index/resource_index/packages
[3.810s] copying resource/total_station -> /root/Lunar_ROADSTER/lr_ws/install/total_station/share/ament_index/resource_index/packages
[3.811s] copying package.xml -> /root/Lunar_ROADSTER/lr_ws/install/total_station/share/total_station
[3.814s] creating /root/Lunar_ROADSTER/lr_ws/install/total_station/share/total_station/launch
[3.815s] copying launch/total_station_launch.py -> /root/Lunar_ROADSTER/lr_ws/install/total_station/share/total_station/launch
[3.816s] creating /root/Lunar_ROADSTER/lr_ws/install/total_station/share/total_station/config
[3.817s] copying config/total_station.yaml -> /root/Lunar_ROADSTER/lr_ws/install/total_station/share/total_station/config
[3.818s] copying config/total_station_beacon_static_tf_params.yaml -> /root/Lunar_ROADSTER/lr_ws/install/total_station/share/total_station/config
[3.818s] running install_egg_info
[3.829s] Copying ../../../build/total_station/total_station.egg-info to /root/Lunar_ROADSTER/lr_ws/install/total_station/lib/python3.10/site-packages/total_station-0.0.0-py3.10.egg-info
[3.836s] running install_scripts
[3.932s] Installing total_station_node script to /root/Lunar_ROADSTER/lr_ws/install/total_station/lib/total_station
[3.935s] writing list of installed files to '/root/Lunar_ROADSTER/lr_ws/build/total_station/install.log'
[4.034s] Invoked command in '/root/Lunar_ROADSTER/lr_ws/src/drivers/total_station' returned '0': CMAKE_PREFIX_PATH=/root/Lunar_ROADSTER/lr_ws/install/cg_msgs:/root/Lunar_ROADSTER/lr_ws/install/vectornav:/root/Lunar_ROADSTER/lr_ws/install/vectornav_msgs:/root/Lunar_ROADSTER/lr_ws/install/localization LD_LIBRARY_PATH=/root/Lunar_ROADSTER/lr_ws/install/cg_msgs/lib:/root/Lunar_ROADSTER/lr_ws/install/vectornav/lib:/root/Lunar_ROADSTER/lr_ws/install/vectornav_msgs/lib:/opt/ros/humble/opt/rviz_ogre_vendor/lib:/opt/ros/humble/lib/aarch64-linux-gnu:/opt/ros/humble/lib:/usr/local/cuda/lib64 PYTHONPATH=/root/Lunar_ROADSTER/lr_ws/build/total_station/prefix_override:/usr/lib/python3/dist-packages/colcon_core/task/python/colcon_distutils_commands:/root/Lunar_ROADSTER/lr_ws/install/total_station/lib/python3.10/site-packages:${PYTHONPATH} /usr/bin/python3 -W ignore:setup.py install is deprecated -W ignore:easy_install command is deprecated setup.py egg_info --egg-base ../../../build/total_station build --build-base /root/Lunar_ROADSTER/lr_ws/build/total_station/build install --record /root/Lunar_ROADSTER/lr_ws/build/total_station/install.log --single-version-externally-managed install_data
