[0.351s] Invoking command in '/root/Lunar_ROADSTER/lr_ws/build/realsense': CMAKE_PREFIX_PATH=${CMAKE_PREFIX_PATH}:/root/Lunar_ROADSTER/lr_ws/install/nav2_simple_commander:/opt/ros/humble /usr/local/bin/cmake --build /root/Lunar_ROADSTER/lr_ws/build/realsense -- -j4 -l4
[0.624s] Invoked command in '/root/Lunar_ROADSTER/lr_ws/build/realsense' returned '0': CMAKE_PREFIX_PATH=${CMAKE_PREFIX_PATH}:/root/Lunar_ROADSTER/lr_ws/install/nav2_simple_commander:/opt/ros/humble /usr/local/bin/cmake --build /root/Lunar_ROADSTER/lr_ws/build/realsense -- -j4 -l4
[0.676s] Invoking command in '/root/Lunar_ROADSTER/lr_ws/build/realsense': CMAKE_PREFIX_PATH=${CMAKE_PREFIX_PATH}:/root/Lunar_ROADSTER/lr_ws/install/nav2_simple_commander:/opt/ros/humble /usr/local/bin/cmake --install /root/Lunar_ROADSTER/lr_ws/build/realsense
[0.719s] -- Install configuration: ""
[0.730s] -- Up-to-date: /root/Lunar_ROADSTER/lr_ws/install/realsense/share/realsense/launch
[0.730s] -- Up-to-date: /root/Lunar_ROADSTER/lr_ws/install/realsense/share/realsense/launch/realsense_launch.py
[0.731s] -- Up-to-date: /root/Lunar_ROADSTER/lr_ws/install/realsense/share/realsense//config
[0.731s] -- Up-to-date: /root/Lunar_ROADSTER/lr_ws/install/realsense/share/realsense//config/d435i_params.yaml
[0.731s] -- Up-to-date: /root/Lunar_ROADSTER/lr_ws/install/realsense/share/realsense//config/realsense_static_tf_params.yaml
[0.732s] -- Up-to-date: /root/Lunar_ROADSTER/lr_ws/install/realsense/share/ament_index/resource_index/package_run_dependencies/realsense
[0.732s] -- Up-to-date: /root/Lunar_ROADSTER/lr_ws/install/realsense/share/ament_index/resource_index/parent_prefix_path/realsense
[0.732s] -- Up-to-date: /root/Lunar_ROADSTER/lr_ws/install/realsense/share/realsense/environment/ament_prefix_path.sh
[0.732s] -- Up-to-date: /root/Lunar_ROADSTER/lr_ws/install/realsense/share/realsense/environment/ament_prefix_path.dsv
[0.733s] -- Up-to-date: /root/Lunar_ROADSTER/lr_ws/install/realsense/share/realsense/environment/path.sh
[0.735s] -- Up-to-date: /root/Lunar_ROADSTER/lr_ws/install/realsense/share/realsense/environment/path.dsv
[0.735s] -- Up-to-date: /root/Lunar_ROADSTER/lr_ws/install/realsense/share/realsense/local_setup.bash
[0.736s] -- Up-to-date: /root/Lunar_ROADSTER/lr_ws/install/realsense/share/realsense/local_setup.sh
[0.737s] -- Up-to-date: /root/Lunar_ROADSTER/lr_ws/install/realsense/share/realsense/local_setup.zsh
[0.737s] -- Up-to-date: /root/Lunar_ROADSTER/lr_ws/install/realsense/share/realsense/local_setup.dsv
[0.737s] -- Installing: /root/Lunar_ROADSTER/lr_ws/install/realsense/share/realsense/package.dsv
[0.739s] -- Up-to-date: /root/Lunar_ROADSTER/lr_ws/install/realsense/share/ament_index/resource_index/packages/realsense
[0.739s] -- Up-to-date: /root/Lunar_ROADSTER/lr_ws/install/realsense/share/realsense/cmake/realsenseConfig.cmake
[0.739s] -- Up-to-date: /root/Lunar_ROADSTER/lr_ws/install/realsense/share/realsense/cmake/realsenseConfig-version.cmake
[0.740s] -- Up-to-date: /root/Lunar_ROADSTER/lr_ws/install/realsense/share/realsense/package.xml
[0.773s] Invoked command in '/root/Lunar_ROADSTER/lr_ws/build/realsense' returned '0': CMAKE_PREFIX_PATH=${CMAKE_PREFIX_PATH}:/root/Lunar_ROADSTER/lr_ws/install/nav2_simple_commander:/opt/ros/humble /usr/local/bin/cmake --install /root/Lunar_ROADSTER/lr_ws/build/realsense
