[0.034s] Invoking command in '/home/williamfbx/Lunar-ROADSTER/lr_ws/build/arduino': AMENT_PREFIX_PATH=/home/williamfbx/Lunar-ROADSTER/lr_ws/install/cg_msgs:${AMENT_PREFIX_PATH} CMAKE_PREFIX_PATH=/home/williamfbx/Lunar-ROADSTER/lr_ws/install/cg_msgs:/opt/ros/humble LD_LIBRARY_PATH=/home/williamfbx/Lunar-ROADSTER/lr_ws/install/cg_msgs/lib:${LD_LIBRARY_PATH} PYTHONPATH=/home/williamfbx/Lunar-ROADSTER/lr_ws/install/cg_msgs/local/lib/python3.10/dist-packages:${PYTHONPATH} /usr/bin/cmake --build /home/williamfbx/Lunar-ROADSTER/lr_ws/build/arduino -- -j12 -l12
[0.097s] [100%] Built target serial_interface_node
[0.122s] Invoked command in '/home/williamfbx/Lunar-ROADSTER/lr_ws/build/arduino' returned '0': AMENT_PREFIX_PATH=/home/williamfbx/Lunar-ROADSTER/lr_ws/install/cg_msgs:${AMENT_PREFIX_PATH} CMAKE_PREFIX_PATH=/home/williamfbx/Lunar-ROADSTER/lr_ws/install/cg_msgs:/opt/ros/humble LD_LIBRARY_PATH=/home/williamfbx/Lunar-ROADSTER/lr_ws/install/cg_msgs/lib:${LD_LIBRARY_PATH} PYTHONPATH=/home/williamfbx/Lunar-ROADSTER/lr_ws/install/cg_msgs/local/lib/python3.10/dist-packages:${PYTHONPATH} /usr/bin/cmake --build /home/williamfbx/Lunar-ROADSTER/lr_ws/build/arduino -- -j12 -l12
[0.127s] Invoking command in '/home/williamfbx/Lunar-ROADSTER/lr_ws/build/arduino': AMENT_PREFIX_PATH=/home/williamfbx/Lunar-ROADSTER/lr_ws/install/cg_msgs:${AMENT_PREFIX_PATH} CMAKE_PREFIX_PATH=/home/williamfbx/Lunar-ROADSTER/lr_ws/install/cg_msgs:/opt/ros/humble LD_LIBRARY_PATH=/home/williamfbx/Lunar-ROADSTER/lr_ws/install/cg_msgs/lib:${LD_LIBRARY_PATH} PYTHONPATH=/home/williamfbx/Lunar-ROADSTER/lr_ws/install/cg_msgs/local/lib/python3.10/dist-packages:${PYTHONPATH} /usr/bin/cmake --install /home/williamfbx/Lunar-ROADSTER/lr_ws/build/arduino
[0.129s] -- Install configuration: ""
[0.129s] -- Up-to-date: /home/williamfbx/Lunar-ROADSTER/lr_ws/install/arduino/lib/arduino/serial_interface_node
[0.129s] -- Up-to-date: /home/williamfbx/Lunar-ROADSTER/lr_ws/install/arduino/include/arduino
[0.129s] -- Up-to-date: /home/williamfbx/Lunar-ROADSTER/lr_ws/install/arduino/include/arduino/serial_interface_node.hpp
[0.129s] -- Up-to-date: /home/williamfbx/Lunar-ROADSTER/lr_ws/install/arduino/share/arduino//config
[0.129s] -- Up-to-date: /home/williamfbx/Lunar-ROADSTER/lr_ws/install/arduino/share/arduino//config/device_params.yaml
[0.129s] -- Up-to-date: /home/williamfbx/Lunar-ROADSTER/lr_ws/install/arduino/share/arduino//config/scale_offset_params.yaml
[0.129s] -- Up-to-date: /home/williamfbx/Lunar-ROADSTER/lr_ws/install/arduino/share/arduino//config/diagnostic_params.yaml
[0.129s] -- Up-to-date: /home/williamfbx/Lunar-ROADSTER/lr_ws/install/arduino/share/ament_index/resource_index/package_run_dependencies/arduino
[0.129s] -- Up-to-date: /home/williamfbx/Lunar-ROADSTER/lr_ws/install/arduino/share/ament_index/resource_index/parent_prefix_path/arduino
[0.129s] -- Up-to-date: /home/williamfbx/Lunar-ROADSTER/lr_ws/install/arduino/share/arduino/environment/ament_prefix_path.sh
[0.129s] -- Up-to-date: /home/williamfbx/Lunar-ROADSTER/lr_ws/install/arduino/share/arduino/environment/ament_prefix_path.dsv
[0.129s] -- Up-to-date: /home/williamfbx/Lunar-ROADSTER/lr_ws/install/arduino/share/arduino/environment/path.sh
[0.129s] -- Up-to-date: /home/williamfbx/Lunar-ROADSTER/lr_ws/install/arduino/share/arduino/environment/path.dsv
[0.129s] -- Up-to-date: /home/williamfbx/Lunar-ROADSTER/lr_ws/install/arduino/share/arduino/local_setup.bash
[0.129s] -- Up-to-date: /home/williamfbx/Lunar-ROADSTER/lr_ws/install/arduino/share/arduino/local_setup.sh
[0.129s] -- Up-to-date: /home/williamfbx/Lunar-ROADSTER/lr_ws/install/arduino/share/arduino/local_setup.zsh
[0.129s] -- Up-to-date: /home/williamfbx/Lunar-ROADSTER/lr_ws/install/arduino/share/arduino/local_setup.dsv
[0.129s] -- Installing: /home/williamfbx/Lunar-ROADSTER/lr_ws/install/arduino/share/arduino/package.dsv
[0.130s] -- Up-to-date: /home/williamfbx/Lunar-ROADSTER/lr_ws/install/arduino/share/ament_index/resource_index/packages/arduino
[0.130s] -- Up-to-date: /home/williamfbx/Lunar-ROADSTER/lr_ws/install/arduino/share/arduino/cmake/arduinoConfig.cmake
[0.130s] -- Up-to-date: /home/williamfbx/Lunar-ROADSTER/lr_ws/install/arduino/share/arduino/cmake/arduinoConfig-version.cmake
[0.130s] -- Up-to-date: /home/williamfbx/Lunar-ROADSTER/lr_ws/install/arduino/share/arduino/package.xml
[0.151s] Invoked command in '/home/williamfbx/Lunar-ROADSTER/lr_ws/build/arduino' returned '0': AMENT_PREFIX_PATH=/home/williamfbx/Lunar-ROADSTER/lr_ws/install/cg_msgs:${AMENT_PREFIX_PATH} CMAKE_PREFIX_PATH=/home/williamfbx/Lunar-ROADSTER/lr_ws/install/cg_msgs:/opt/ros/humble LD_LIBRARY_PATH=/home/williamfbx/Lunar-ROADSTER/lr_ws/install/cg_msgs/lib:${LD_LIBRARY_PATH} PYTHONPATH=/home/williamfbx/Lunar-ROADSTER/lr_ws/install/cg_msgs/local/lib/python3.10/dist-packages:${PYTHONPATH} /usr/bin/cmake --install /home/williamfbx/Lunar-ROADSTER/lr_ws/build/arduino
