[01m[K/home/williamfbx/Lunar-ROADSTER/lr_ws/src/planning/src/behavior_executive_node.cpp:[m[K In member function ‘[01m[Kvoid cg::planning::BehaviorExecutive::fsmTimerCallback()[m[K’:
[01m[K/home/williamfbx/Lunar-ROADSTER/lr_ws/src/planning/src/behavior_executive_node.cpp:168:49:[m[K [01;31m[Kerror: [m[Kqualified-id in declaration before ‘[01m[K([m[K’ token
  168 | void BehaviorExecutive::globalRobotStateCallback[01;31m[K([m[Kconst nav_msgs::msg::Odometry::SharedPtr msg) {
      |                                                 [01;31m[K^[m[K
[01m[K/home/williamfbx/Lunar-ROADSTER/lr_ws/src/planning/src/behavior_executive_node.cpp:189:47:[m[K [01;31m[Kerror: [m[Kqualified-id in declaration before ‘[01m[K([m[K’ token
  189 | void BehaviorExecutive::odomRobotStateCallback[01;31m[K([m[Kconst nav_msgs::msg::Odometry::SharedPtr msg) {
      |                                               [01;31m[K^[m[K
[01m[K/home/williamfbx/Lunar-ROADSTER/lr_ws/src/planning/src/behavior_executive_node.cpp:193:41:[m[K [01;31m[Kerror: [m[Kqualified-id in declaration before ‘[01m[K([m[K’ token
  193 | void BehaviorExecutive::vizTimerCallback[01;31m[K([m[K) {
      |                                         [01;31m[K^[m[K
[01m[K/home/williamfbx/Lunar-ROADSTER/lr_ws/src/planning/src/behavior_executive_node.cpp:198:45:[m[K [01;31m[Kerror: [m[Kqualified-id in declaration before ‘[01m[K([m[K’ token
  198 | void BehaviorExecutive::debugTriggerCallback[01;31m[K([m[Kconst std_msgs::msg::Bool::SharedPtr msg) {
      |                                             [01;31m[K^[m[K
[01m[K/home/williamfbx/Lunar-ROADSTER/lr_ws/src/planning/src/behavior_executive_node.cpp:205:45:[m[K [01;31m[Kerror: [m[Kqualified-id in declaration before ‘[01m[K([m[K’ token
  205 | bool BehaviorExecutive::updateMapFromService[01;31m[K([m[Kbool verbose = false) {
      |                                             [01;31m[K^[m[K
[01m[K/home/williamfbx/Lunar-ROADSTER/lr_ws/src/planning/src/behavior_executive_node.cpp:210:48:[m[K [01;31m[Kerror: [m[Kqualified-id in declaration before ‘[01m[K([m[K’ token
  210 | bool BehaviorExecutive::enableWorksystemService[01;31m[K([m[Kconst bool enable_worksystem, bool verbose = false) {
      |                                                [01;31m[K^[m[K
[01m[K/home/williamfbx/Lunar-ROADSTER/lr_ws/src/planning/src/behavior_executive_node.cpp:[m[K At global scope:
[01m[K/home/williamfbx/Lunar-ROADSTER/lr_ws/src/planning/src/behavior_executive_node.cpp:219:2:[m[K [01;31m[Kerror: [m[Kexpected ‘[01m[K}[m[K’ at end of input
  219 | }[01;31m[K [m[K// namespace cg
      |  [01;31m[K^[m[K
[01m[K/home/williamfbx/Lunar-ROADSTER/lr_ws/src/planning/src/behavior_executive_node.cpp:3:14:[m[K [01;36m[Knote: [m[Kto match this ‘[01m[K{[m[K’
    3 | namespace cg [01;36m[K{[m[K
      |              [01;36m[K^[m[K
gmake[2]: *** [CMakeFiles/behavior_executive_node.dir/build.make:90: CMakeFiles/behavior_executive_node.dir/src/behavior_executive_node.cpp.o] Error 1
gmake[1]: *** [CMakeFiles/Makefile2:137: CMakeFiles/behavior_executive_node.dir/all] Error 2
gmake: *** [Makefile:146: all] Error 2
