[0.314s] Invoking command in '/root/Lunar_ROADSTER/lr_ws/build/motion_control': AMENT_PREFIX_PATH=/root/Lunar_ROADSTER/lr_ws/install/cg_msgs:${AMENT_PREFIX_PATH} CMAKE_PREFIX_PATH=/root/Lunar_ROADSTER/lr_ws/install/cg_msgs:/opt/ros/humble LD_LIBRARY_PATH=/root/Lunar_ROADSTER/lr_ws/install/cg_msgs/lib:/opt/ros/humble/opt/rviz_ogre_vendor/lib:/opt/ros/humble/lib/aarch64-linux-gnu:/opt/ros/humble/lib:/usr/local/cuda/lib64 PYTHONPATH=/root/Lunar_ROADSTER/lr_ws/install/cg_msgs/local/lib/python3.10/dist-packages:${PYTHONPATH} /usr/local/bin/cmake --build /root/Lunar_ROADSTER/lr_ws/build/motion_control -- -j4 -l4
[1.263s] [ 50%] Built target cmd_mux
[1.795s] [100%] Built target odom_node
[1.835s] Invoked command in '/root/Lunar_ROADSTER/lr_ws/build/motion_control' returned '0': AMENT_PREFIX_PATH=/root/Lunar_ROADSTER/lr_ws/install/cg_msgs:${AMENT_PREFIX_PATH} CMAKE_PREFIX_PATH=/root/Lunar_ROADSTER/lr_ws/install/cg_msgs:/opt/ros/humble LD_LIBRARY_PATH=/root/Lunar_ROADSTER/lr_ws/install/cg_msgs/lib:/opt/ros/humble/opt/rviz_ogre_vendor/lib:/opt/ros/humble/lib/aarch64-linux-gnu:/opt/ros/humble/lib:/usr/local/cuda/lib64 PYTHONPATH=/root/Lunar_ROADSTER/lr_ws/install/cg_msgs/local/lib/python3.10/dist-packages:${PYTHONPATH} /usr/local/bin/cmake --build /root/Lunar_ROADSTER/lr_ws/build/motion_control -- -j4 -l4
[1.998s] Invoking command in '/root/Lunar_ROADSTER/lr_ws/build/motion_control': AMENT_PREFIX_PATH=/root/Lunar_ROADSTER/lr_ws/install/cg_msgs:${AMENT_PREFIX_PATH} CMAKE_PREFIX_PATH=/root/Lunar_ROADSTER/lr_ws/install/cg_msgs:/opt/ros/humble LD_LIBRARY_PATH=/root/Lunar_ROADSTER/lr_ws/install/cg_msgs/lib:/opt/ros/humble/opt/rviz_ogre_vendor/lib:/opt/ros/humble/lib/aarch64-linux-gnu:/opt/ros/humble/lib:/usr/local/cuda/lib64 PYTHONPATH=/root/Lunar_ROADSTER/lr_ws/install/cg_msgs/local/lib/python3.10/dist-packages:${PYTHONPATH} /usr/local/bin/cmake --install /root/Lunar_ROADSTER/lr_ws/build/motion_control
[2.027s] -- Install configuration: ""
[2.029s] -- Up-to-date: /root/Lunar_ROADSTER/lr_ws/install/motion_control/lib/motion_control/cmd_mux
[2.079s] -- Up-to-date: /root/Lunar_ROADSTER/lr_ws/install/motion_control/lib/motion_control/odom_node
[2.083s] -- Up-to-date: /root/Lunar_ROADSTER/lr_ws/install/motion_control/include/motion_control
[2.088s] -- Up-to-date: /root/Lunar_ROADSTER/lr_ws/install/motion_control/include/motion_control/cmdmux_node.hpp
[2.099s] -- Up-to-date: /root/Lunar_ROADSTER/lr_ws/install/motion_control/include/motion_control/odom_node.hpp
[2.103s] -- Up-to-date: /root/Lunar_ROADSTER/lr_ws/install/motion_control/share/motion_control/launch
[2.148s] -- Up-to-date: /root/Lunar_ROADSTER/lr_ws/install/motion_control/share/motion_control/launch/cmdmux_launch.py
[2.148s] -- Up-to-date: /root/Lunar_ROADSTER/lr_ws/install/motion_control/share/motion_control/launch/motion_control_launch.py
[2.148s] -- Up-to-date: /root/Lunar_ROADSTER/lr_ws/install/motion_control/share/motion_control/launch/odom_launch.py
[2.161s] -- Up-to-date: /root/Lunar_ROADSTER/lr_ws/install/motion_control/share/motion_control/launch/__pycache__
[2.161s] -- Up-to-date: /root/Lunar_ROADSTER/lr_ws/install/motion_control/share/motion_control/launch/__pycache__/motion_control_launch.cpython-310.pyc
[2.170s] -- Up-to-date: /root/Lunar_ROADSTER/lr_ws/install/motion_control/share/motion_control/config
[2.232s] -- Up-to-date: /root/Lunar_ROADSTER/lr_ws/install/motion_control/share/motion_control/config/diagnostic_params.yaml
[2.243s] -- Up-to-date: /root/Lunar_ROADSTER/lr_ws/install/motion_control/share/motion_control/config/odom_node_params.yaml
[2.255s] -- Up-to-date: /root/Lunar_ROADSTER/lr_ws/install/motion_control/share/ament_index/resource_index/package_run_dependencies/motion_control
[2.256s] -- Up-to-date: /root/Lunar_ROADSTER/lr_ws/install/motion_control/share/ament_index/resource_index/parent_prefix_path/motion_control
[2.264s] -- Up-to-date: /root/Lunar_ROADSTER/lr_ws/install/motion_control/share/motion_control/environment/ament_prefix_path.sh
[2.267s] -- Up-to-date: /root/Lunar_ROADSTER/lr_ws/install/motion_control/share/motion_control/environment/ament_prefix_path.dsv
[2.273s] -- Up-to-date: /root/Lunar_ROADSTER/lr_ws/install/motion_control/share/motion_control/environment/path.sh
[2.283s] -- Up-to-date: /root/Lunar_ROADSTER/lr_ws/install/motion_control/share/motion_control/environment/path.dsv
[2.284s] -- Up-to-date: /root/Lunar_ROADSTER/lr_ws/install/motion_control/share/motion_control/local_setup.bash
[2.284s] -- Up-to-date: /root/Lunar_ROADSTER/lr_ws/install/motion_control/share/motion_control/local_setup.sh
[2.284s] -- Up-to-date: /root/Lunar_ROADSTER/lr_ws/install/motion_control/share/motion_control/local_setup.zsh
[2.285s] -- Up-to-date: /root/Lunar_ROADSTER/lr_ws/install/motion_control/share/motion_control/local_setup.dsv
[2.285s] -- Installing: /root/Lunar_ROADSTER/lr_ws/install/motion_control/share/motion_control/package.dsv
[2.308s] -- Up-to-date: /root/Lunar_ROADSTER/lr_ws/install/motion_control/share/ament_index/resource_index/packages/motion_control
[2.316s] -- Up-to-date: /root/Lunar_ROADSTER/lr_ws/install/motion_control/share/motion_control/cmake/motion_controlConfig.cmake
[2.336s] -- Up-to-date: /root/Lunar_ROADSTER/lr_ws/install/motion_control/share/motion_control/cmake/motion_controlConfig-version.cmake
[2.341s] -- Up-to-date: /root/Lunar_ROADSTER/lr_ws/install/motion_control/share/motion_control/package.xml
[2.378s] Invoked command in '/root/Lunar_ROADSTER/lr_ws/build/motion_control' returned '0': AMENT_PREFIX_PATH=/root/Lunar_ROADSTER/lr_ws/install/cg_msgs:${AMENT_PREFIX_PATH} CMAKE_PREFIX_PATH=/root/Lunar_ROADSTER/lr_ws/install/cg_msgs:/opt/ros/humble LD_LIBRARY_PATH=/root/Lunar_ROADSTER/lr_ws/install/cg_msgs/lib:/opt/ros/humble/opt/rviz_ogre_vendor/lib:/opt/ros/humble/lib/aarch64-linux-gnu:/opt/ros/humble/lib:/usr/local/cuda/lib64 PYTHONPATH=/root/Lunar_ROADSTER/lr_ws/install/cg_msgs/local/lib/python3.10/dist-packages:${PYTHONPATH} /usr/local/bin/cmake --install /root/Lunar_ROADSTER/lr_ws/build/motion_control
