[1.239s] Invoking command in '/root/Lunar_ROADSTER/lr_ws/build/mapping': CMAKE_PREFIX_PATH=/opt/ros/humble /usr/local/bin/cmake --build /root/Lunar_ROADSTER/lr_ws/build/mapping -- -j4 -l4
[1.405s] Invoked command in '/root/Lunar_ROADSTER/lr_ws/build/mapping' returned '0': CMAKE_PREFIX_PATH=/opt/ros/humble /usr/local/bin/cmake --build /root/Lunar_ROADSTER/lr_ws/build/mapping -- -j4 -l4
[1.406s] Invoking command in '/root/Lunar_ROADSTER/lr_ws/build/mapping': CMAKE_PREFIX_PATH=/opt/ros/humble /usr/local/bin/cmake --install /root/Lunar_ROADSTER/lr_ws/build/mapping
[1.445s] -- Install configuration: ""
[1.446s] -- Up-to-date: /root/Lunar_ROADSTER/lr_ws/install/mapping/share/mapping/launch
[1.446s] -- Up-to-date: /root/Lunar_ROADSTER/lr_ws/install/mapping/share/mapping/launch/mapping_launch.py
[1.447s] -- Up-to-date: /root/Lunar_ROADSTER/lr_ws/install/mapping/share/ament_index/resource_index/package_run_dependencies/mapping
[1.448s] -- Up-to-date: /root/Lunar_ROADSTER/lr_ws/install/mapping/share/ament_index/resource_index/parent_prefix_path/mapping
[1.448s] -- Up-to-date: /root/Lunar_ROADSTER/lr_ws/install/mapping/share/mapping/environment/ament_prefix_path.sh
[1.448s] -- Up-to-date: /root/Lunar_ROADSTER/lr_ws/install/mapping/share/mapping/environment/ament_prefix_path.dsv
[1.449s] -- Up-to-date: /root/Lunar_ROADSTER/lr_ws/install/mapping/share/mapping/environment/path.sh
[1.449s] -- Up-to-date: /root/Lunar_ROADSTER/lr_ws/install/mapping/share/mapping/environment/path.dsv
[1.449s] -- Up-to-date: /root/Lunar_ROADSTER/lr_ws/install/mapping/share/mapping/local_setup.bash
[1.449s] -- Up-to-date: /root/Lunar_ROADSTER/lr_ws/install/mapping/share/mapping/local_setup.sh
[1.449s] -- Up-to-date: /root/Lunar_ROADSTER/lr_ws/install/mapping/share/mapping/local_setup.zsh
[1.450s] -- Up-to-date: /root/Lunar_ROADSTER/lr_ws/install/mapping/share/mapping/local_setup.dsv
[1.450s] -- Up-to-date: /root/Lunar_ROADSTER/lr_ws/install/mapping/share/mapping/package.dsv
[1.450s] -- Up-to-date: /root/Lunar_ROADSTER/lr_ws/install/mapping/share/ament_index/resource_index/packages/mapping
[1.450s] -- Up-to-date: /root/Lunar_ROADSTER/lr_ws/install/mapping/share/mapping/cmake/mappingConfig.cmake
[1.451s] -- Up-to-date: /root/Lunar_ROADSTER/lr_ws/install/mapping/share/mapping/cmake/mappingConfig-version.cmake
[1.451s] -- Up-to-date: /root/Lunar_ROADSTER/lr_ws/install/mapping/share/mapping/package.xml
[1.460s] Invoked command in '/root/Lunar_ROADSTER/lr_ws/build/mapping' returned '0': CMAKE_PREFIX_PATH=/opt/ros/humble /usr/local/bin/cmake --install /root/Lunar_ROADSTER/lr_ws/build/mapping
