[0.092s] Invoking command in '/root/Lunar_ROADSTER/lr_ws/build/cg_msgs': CMAKE_PREFIX_PATH=/opt/ros/humble /usr/local/bin/cmake /root/Lunar_ROADSTER/lr_ws/src/cg_msgs -DCMAKE_INSTALL_PREFIX=/root/Lunar_ROADSTER/lr_ws/install/cg_msgs
[0.361s] -- The C compiler identification is GNU 11.4.0
[0.643s] -- The CXX compiler identification is GNU 11.4.0
[0.680s] -- Detecting C compiler ABI info
[0.981s] -- Detecting C compiler ABI info - done
[1.032s] -- Check for working C compiler: /usr/bin/cc - skipped
[1.033s] -- Detecting C compile features
[1.035s] -- Detecting C compile features - done
[1.051s] -- Detecting CXX compiler ABI info
[1.376s] -- Detecting CXX compiler ABI info - done
[1.414s] -- Check for working CXX compiler: /usr/bin/c++ - skipped
[1.414s] -- Detecting CXX compile features
[1.416s] -- Detecting CXX compile features - done
[1.423s] -- Found rosidl_cmake: 3.1.6 (/opt/ros/humble/share/rosidl_cmake/cmake)
[1.432s] -- Found rosidl_adapter: 3.1.6 (/opt/ros/humble/share/rosidl_adapter/cmake)
[1.441s] -- Found builtin_interfaces: 1.2.1 (/opt/ros/humble/share/builtin_interfaces/cmake)
[1.965s] -- Found Python3: /usr/bin/python3 (found version "3.10.12") found components: Interpreter 
[2.490s] -- Found rosidl_generator_c: 3.1.6 (/opt/ros/humble/share/rosidl_generator_c/cmake)
[2.533s] -- Found rosidl_generator_cpp: 3.1.6 (/opt/ros/humble/share/rosidl_generator_cpp/cmake)
[2.592s] -- Using all available rosidl_typesupport_c: rosidl_typesupport_fastrtps_c;rosidl_typesupport_introspection_c
[2.661s] -- Using all available rosidl_typesupport_cpp: rosidl_typesupport_fastrtps_cpp;rosidl_typesupport_introspection_cpp
[2.726s] -- Found rosidl_default_generators: 1.2.0 (/opt/ros/humble/share/rosidl_default_generators/cmake)
[2.771s] -- Found std_msgs: 4.2.4 (/opt/ros/humble/share/std_msgs/cmake)
[3.950s] -- Found ament_cmake_ros: 0.10.0 (/opt/ros/humble/share/ament_cmake_ros/cmake)
[5.020s] -- Using all available rosidl_typesupport_c: rosidl_typesupport_fastrtps_c;rosidl_typesupport_introspection_c
[5.415s] -- Using all available rosidl_typesupport_cpp: rosidl_typesupport_fastrtps_cpp;rosidl_typesupport_introspection_cpp
[5.516s] -- Found PythonInterp: /usr/bin/python3 (found suitable version "3.10.12", minimum required is "3.6") 
[5.525s] -- Found python_cmake_module: 0.10.0 (/opt/ros/humble/share/python_cmake_module/cmake)
[5.655s] -- Found PythonLibs: /usr/lib/aarch64-linux-gnu/libpython3.10.so (found suitable version "3.10.12", minimum required is "3.5") 
[5.657s] -- Using PYTHON_EXECUTABLE: /usr/bin/python3
[5.658s] -- Using PYTHON_INCLUDE_DIRS: /usr/include/python3.10
[5.660s] -- Using PYTHON_LIBRARIES: /usr/lib/aarch64-linux-gnu/libpython3.10.so
[5.765s] -- Found PythonExtra: .so  
[6.077s] -- Found ament_lint_auto: 0.12.11 (/opt/ros/humble/share/ament_lint_auto/cmake)
[6.224s] -- Added test 'copyright' to check source files copyright and LICENSE
[6.248s] -- Added test 'lint_cmake' to check CMake code style
[6.269s] -- Added test 'xmllint' to check XML markup files
[6.294s] -- Configuring done
[6.814s] -- Generating done
[6.928s] -- Build files have been written to: /root/Lunar_ROADSTER/lr_ws/build/cg_msgs
[6.959s] Invoked command in '/root/Lunar_ROADSTER/lr_ws/build/cg_msgs' returned '0': CMAKE_PREFIX_PATH=/opt/ros/humble /usr/local/bin/cmake /root/Lunar_ROADSTER/lr_ws/src/cg_msgs -DCMAKE_INSTALL_PREFIX=/root/Lunar_ROADSTER/lr_ws/install/cg_msgs
[6.963s] Invoking command in '/root/Lunar_ROADSTER/lr_ws/build/cg_msgs': CMAKE_PREFIX_PATH=/opt/ros/humble /usr/local/bin/cmake --build /root/Lunar_ROADSTER/lr_ws/build/cg_msgs -- -j4 -l4
[7.148s] [  1%] [34m[1mGenerating C code for ROS interfaces[0m
[7.192s] [  1%] [34m[1mGenerating C++ code for ROS interfaces[0m
[7.239s] [  1%] Built target ament_cmake_python_copy_cg_msgs
[9.173s] running egg_info
[9.174s] creating cg_msgs.egg-info
[9.175s] writing cg_msgs.egg-info/PKG-INFO
[9.177s] writing dependency_links to cg_msgs.egg-info/dependency_links.txt
[9.181s] writing top-level names to cg_msgs.egg-info/top_level.txt
[9.181s] writing manifest file 'cg_msgs.egg-info/SOURCES.txt'
[9.182s] reading manifest file 'cg_msgs.egg-info/SOURCES.txt'
[9.195s] writing manifest file 'cg_msgs.egg-info/SOURCES.txt'
[9.528s] [  1%] Built target ament_cmake_python_build_cg_msgs_egg
[16.119s] [  1%] Built target cg_msgs__cpp
[16.173s] [  2%] [34m[1mGenerating C++ type support dispatch for ROS interfaces[0m
[16.279s] [  3%] [34m[1mGenerating C++ type support for eProsima Fast-RTPS[0m
[16.761s] [  3%] [34m[1mGenerating C++ introspection for ROS interfaces[0m
[18.450s] [  3%] [32mBuilding C object CMakeFiles/cg_msgs__rosidl_generator_c.dir/rosidl_generator_c/cg_msgs/msg/detail/actuator_command__functions.c.o[0m
[19.191s] [  4%] [32mBuilding C object CMakeFiles/cg_msgs__rosidl_generator_c.dir/rosidl_generator_c/cg_msgs/msg/detail/beacon_tag__functions.c.o[0m
[19.546s] [  5%] [32mBuilding C object CMakeFiles/cg_msgs__rosidl_generator_c.dir/rosidl_generator_c/cg_msgs/msg/detail/beacon_multi_tag__functions.c.o[0m
[19.928s] [  5%] [32mBuilding C object CMakeFiles/cg_msgs__rosidl_generator_c.dir/rosidl_generator_c/cg_msgs/msg/detail/encoder_telemetry__functions.c.o[0m
[20.470s] [  6%] [32mBuilding C object CMakeFiles/cg_msgs__rosidl_generator_c.dir/rosidl_generator_c/cg_msgs/msg/detail/point2_d__functions.c.o[0m
[21.017s] [  7%] [32mBuilding C object CMakeFiles/cg_msgs__rosidl_generator_c.dir/rosidl_generator_c/cg_msgs/msg/detail/pose2_d__functions.c.o[0m
[21.578s] [  7%] [32mBuilding C object CMakeFiles/cg_msgs__rosidl_generator_c.dir/rosidl_generator_c/cg_msgs/msg/detail/slip__functions.c.o[0m
[22.151s] [  8%] [32mBuilding C object CMakeFiles/cg_msgs__rosidl_generator_c.dir/rosidl_generator_c/cg_msgs/msg/detail/mux_mode__functions.c.o[0m
[22.618s] [  9%] [32mBuilding C object CMakeFiles/cg_msgs__rosidl_generator_c.dir/rosidl_generator_c/cg_msgs/msg/detail/actuator_state__functions.c.o[0m
[23.170s] [ 10%] [32mBuilding C object CMakeFiles/cg_msgs__rosidl_generator_c.dir/rosidl_generator_c/cg_msgs/msg/detail/site_map__functions.c.o[0m
[23.803s] [ 10%] [32mBuilding C object CMakeFiles/cg_msgs__rosidl_generator_c.dir/rosidl_generator_c/cg_msgs/msg/detail/trajectory__functions.c.o[0m
[24.456s] [ 11%] [32mBuilding C object CMakeFiles/cg_msgs__rosidl_generator_c.dir/rosidl_generator_c/cg_msgs/srv/detail/site_map__functions.c.o[0m
[24.913s] [ 12%] [32mBuilding CXX object CMakeFiles/cg_msgs__rosidl_typesupport_cpp.dir/rosidl_typesupport_cpp/cg_msgs/msg/actuator_command__type_support.cpp.o[0m
[25.336s] [ 13%] [32mBuilding C object CMakeFiles/cg_msgs__rosidl_generator_c.dir/rosidl_generator_c/cg_msgs/srv/detail/update_trajectory__functions.c.o[0m
[26.037s] [ 14%] [32mBuilding CXX object CMakeFiles/cg_msgs__rosidl_typesupport_introspection_cpp.dir/rosidl_typesupport_introspection_cpp/cg_msgs/msg/detail/actuator_command__type_support.cpp.o[0m
[26.132s] [ 14%] [32mBuilding C object CMakeFiles/cg_msgs__rosidl_generator_c.dir/rosidl_generator_c/cg_msgs/srv/detail/enable_worksystem__functions.c.o[0m
[26.943s] [ 15%] [32mBuilding C object CMakeFiles/cg_msgs__rosidl_generator_c.dir/rosidl_generator_c/cg_msgs/srv/detail/save_map__functions.c.o[0m
[27.651s] [ 16%] [32m[1mLinking C shared library libcg_msgs__rosidl_generator_c.so[0m
[27.758s] [ 17%] [32mBuilding CXX object CMakeFiles/cg_msgs__rosidl_typesupport_fastrtps_cpp.dir/rosidl_typesupport_fastrtps_cpp/cg_msgs/msg/detail/dds_fastrtps/actuator_command__type_support.cpp.o[0m
[27.988s] [ 17%] [32mBuilding CXX object CMakeFiles/cg_msgs__rosidl_typesupport_cpp.dir/rosidl_typesupport_cpp/cg_msgs/msg/beacon_tag__type_support.cpp.o[0m
[28.146s] [ 17%] Built target cg_msgs__rosidl_generator_c
[28.198s] [ 18%] [32mBuilding CXX object CMakeFiles/cg_msgs__rosidl_typesupport_introspection_cpp.dir/rosidl_typesupport_introspection_cpp/cg_msgs/msg/detail/beacon_tag__type_support.cpp.o[0m
[29.993s] [ 18%] [32mBuilding CXX object CMakeFiles/cg_msgs__rosidl_typesupport_introspection_cpp.dir/rosidl_typesupport_introspection_cpp/cg_msgs/msg/detail/beacon_multi_tag__type_support.cpp.o[0m
[30.478s] [ 19%] [32mBuilding CXX object CMakeFiles/cg_msgs__rosidl_typesupport_cpp.dir/rosidl_typesupport_cpp/cg_msgs/msg/beacon_multi_tag__type_support.cpp.o[0m
[32.193s] [ 20%] [32mBuilding CXX object CMakeFiles/cg_msgs__rosidl_typesupport_fastrtps_cpp.dir/rosidl_typesupport_fastrtps_cpp/cg_msgs/msg/detail/dds_fastrtps/beacon_tag__type_support.cpp.o[0m
[33.523s] [ 21%] [32mBuilding CXX object CMakeFiles/cg_msgs__rosidl_typesupport_cpp.dir/rosidl_typesupport_cpp/cg_msgs/msg/encoder_telemetry__type_support.cpp.o[0m
[34.691s] [ 22%] [32mBuilding CXX object CMakeFiles/cg_msgs__rosidl_typesupport_introspection_cpp.dir/rosidl_typesupport_introspection_cpp/cg_msgs/msg/detail/encoder_telemetry__type_support.cpp.o[0m
[36.332s] [ 22%] [32mBuilding CXX object CMakeFiles/cg_msgs__rosidl_typesupport_cpp.dir/rosidl_typesupport_cpp/cg_msgs/msg/point2_d__type_support.cpp.o[0m
[36.370s] [ 22%] [32mBuilding CXX object CMakeFiles/cg_msgs__rosidl_typesupport_fastrtps_cpp.dir/rosidl_typesupport_fastrtps_cpp/cg_msgs/msg/detail/dds_fastrtps/beacon_multi_tag__type_support.cpp.o[0m
[39.025s] [ 23%] [32mBuilding CXX object CMakeFiles/cg_msgs__rosidl_typesupport_cpp.dir/rosidl_typesupport_cpp/cg_msgs/msg/pose2_d__type_support.cpp.o[0m
[39.471s] [ 24%] [32mBuilding CXX object CMakeFiles/cg_msgs__rosidl_typesupport_introspection_cpp.dir/rosidl_typesupport_introspection_cpp/cg_msgs/msg/detail/point2_d__type_support.cpp.o[0m
[39.995s] [ 25%] [32mBuilding CXX object CMakeFiles/cg_msgs__rosidl_typesupport_fastrtps_cpp.dir/rosidl_typesupport_fastrtps_cpp/cg_msgs/msg/detail/dds_fastrtps/encoder_telemetry__type_support.cpp.o[0m
[42.093s] [ 26%] [32mBuilding CXX object CMakeFiles/cg_msgs__rosidl_typesupport_cpp.dir/rosidl_typesupport_cpp/cg_msgs/msg/slip__type_support.cpp.o[0m
[43.383s] [ 27%] [32mBuilding CXX object CMakeFiles/cg_msgs__rosidl_typesupport_introspection_cpp.dir/rosidl_typesupport_introspection_cpp/cg_msgs/msg/detail/pose2_d__type_support.cpp.o[0m
[44.901s] [ 28%] [32mBuilding CXX object CMakeFiles/cg_msgs__rosidl_typesupport_fastrtps_cpp.dir/rosidl_typesupport_fastrtps_cpp/cg_msgs/msg/detail/dds_fastrtps/point2_d__type_support.cpp.o[0m
[45.553s] [ 29%] [32mBuilding CXX object CMakeFiles/cg_msgs__rosidl_typesupport_cpp.dir/rosidl_typesupport_cpp/cg_msgs/msg/mux_mode__type_support.cpp.o[0m
[48.210s] [ 29%] [32mBuilding CXX object CMakeFiles/cg_msgs__rosidl_typesupport_introspection_cpp.dir/rosidl_typesupport_introspection_cpp/cg_msgs/msg/detail/slip__type_support.cpp.o[0m
[48.489s] [ 29%] [32mBuilding CXX object CMakeFiles/cg_msgs__rosidl_typesupport_cpp.dir/rosidl_typesupport_cpp/cg_msgs/msg/actuator_state__type_support.cpp.o[0m
[48.722s] [ 29%] [32mBuilding CXX object CMakeFiles/cg_msgs__rosidl_typesupport_fastrtps_cpp.dir/rosidl_typesupport_fastrtps_cpp/cg_msgs/msg/detail/dds_fastrtps/pose2_d__type_support.cpp.o[0m
[51.685s] [ 30%] [32mBuilding CXX object CMakeFiles/cg_msgs__rosidl_typesupport_cpp.dir/rosidl_typesupport_cpp/cg_msgs/msg/site_map__type_support.cpp.o[0m
[51.943s] [ 31%] [32mBuilding CXX object CMakeFiles/cg_msgs__rosidl_typesupport_fastrtps_cpp.dir/rosidl_typesupport_fastrtps_cpp/cg_msgs/msg/detail/dds_fastrtps/slip__type_support.cpp.o[0m
[53.010s] [ 32%] [32mBuilding CXX object CMakeFiles/cg_msgs__rosidl_typesupport_introspection_cpp.dir/rosidl_typesupport_introspection_cpp/cg_msgs/msg/detail/mux_mode__type_support.cpp.o[0m
[54.678s] [ 33%] [32mBuilding CXX object CMakeFiles/cg_msgs__rosidl_typesupport_cpp.dir/rosidl_typesupport_cpp/cg_msgs/msg/trajectory__type_support.cpp.o[0m
[54.891s] [ 34%] [32mBuilding CXX object CMakeFiles/cg_msgs__rosidl_typesupport_fastrtps_cpp.dir/rosidl_typesupport_fastrtps_cpp/cg_msgs/msg/detail/dds_fastrtps/mux_mode__type_support.cpp.o[0m
[57.336s] [ 35%] [32mBuilding CXX object CMakeFiles/cg_msgs__rosidl_typesupport_introspection_cpp.dir/rosidl_typesupport_introspection_cpp/cg_msgs/msg/detail/actuator_state__type_support.cpp.o[0m
[57.595s] [ 35%] [32mBuilding CXX object CMakeFiles/cg_msgs__rosidl_typesupport_cpp.dir/rosidl_typesupport_cpp/cg_msgs/srv/site_map__type_support.cpp.o[0m
[58.657s] [ 35%] [32mBuilding CXX object CMakeFiles/cg_msgs__rosidl_typesupport_fastrtps_cpp.dir/rosidl_typesupport_fastrtps_cpp/cg_msgs/msg/detail/dds_fastrtps/actuator_state__type_support.cpp.o[0m
[60.142s] [ 36%] [32mBuilding CXX object CMakeFiles/cg_msgs__rosidl_typesupport_cpp.dir/rosidl_typesupport_cpp/cg_msgs/srv/update_trajectory__type_support.cpp.o[0m
[61.045s] [ 36%] [32mBuilding CXX object CMakeFiles/cg_msgs__rosidl_typesupport_introspection_cpp.dir/rosidl_typesupport_introspection_cpp/cg_msgs/msg/detail/site_map__type_support.cpp.o[0m
[62.422s] [ 37%] [32mBuilding CXX object CMakeFiles/cg_msgs__rosidl_typesupport_fastrtps_cpp.dir/rosidl_typesupport_fastrtps_cpp/cg_msgs/msg/detail/dds_fastrtps/site_map__type_support.cpp.o[0m
[63.509s] [ 38%] [32mBuilding CXX object CMakeFiles/cg_msgs__rosidl_typesupport_cpp.dir/rosidl_typesupport_cpp/cg_msgs/srv/enable_worksystem__type_support.cpp.o[0m
[65.259s] [ 39%] [32mBuilding CXX object CMakeFiles/cg_msgs__rosidl_typesupport_introspection_cpp.dir/rosidl_typesupport_introspection_cpp/cg_msgs/msg/detail/trajectory__type_support.cpp.o[0m
[66.544s] [ 39%] [32mBuilding CXX object CMakeFiles/cg_msgs__rosidl_typesupport_cpp.dir/rosidl_typesupport_cpp/cg_msgs/srv/save_map__type_support.cpp.o[0m
[67.103s] [ 40%] [32mBuilding CXX object CMakeFiles/cg_msgs__rosidl_typesupport_fastrtps_cpp.dir/rosidl_typesupport_fastrtps_cpp/cg_msgs/msg/detail/dds_fastrtps/trajectory__type_support.cpp.o[0m
[69.465s] [ 41%] [32m[1mLinking CXX shared library libcg_msgs__rosidl_typesupport_cpp.so[0m
[69.944s] [ 41%] Built target cg_msgs__rosidl_typesupport_cpp
[70.287s] [ 42%] [32mBuilding CXX object CMakeFiles/cg_msgs__rosidl_typesupport_introspection_cpp.dir/rosidl_typesupport_introspection_cpp/cg_msgs/srv/detail/site_map__type_support.cpp.o[0m
[71.995s] [ 43%] [32mBuilding CXX object CMakeFiles/cg_msgs__rosidl_typesupport_fastrtps_cpp.dir/rosidl_typesupport_fastrtps_cpp/cg_msgs/srv/detail/dds_fastrtps/site_map__type_support.cpp.o[0m
[74.010s] [ 43%] [32mBuilding CXX object CMakeFiles/cg_msgs__rosidl_typesupport_introspection_cpp.dir/rosidl_typesupport_introspection_cpp/cg_msgs/srv/detail/update_trajectory__type_support.cpp.o[0m
[75.505s] [ 43%] [32mBuilding CXX object CMakeFiles/cg_msgs__rosidl_typesupport_fastrtps_cpp.dir/rosidl_typesupport_fastrtps_cpp/cg_msgs/srv/detail/dds_fastrtps/update_trajectory__type_support.cpp.o[0m
[77.516s] [ 44%] [32mBuilding CXX object CMakeFiles/cg_msgs__rosidl_typesupport_introspection_cpp.dir/rosidl_typesupport_introspection_cpp/cg_msgs/srv/detail/enable_worksystem__type_support.cpp.o[0m
[78.552s] [ 45%] [32mBuilding CXX object CMakeFiles/cg_msgs__rosidl_typesupport_fastrtps_cpp.dir/rosidl_typesupport_fastrtps_cpp/cg_msgs/srv/detail/dds_fastrtps/enable_worksystem__type_support.cpp.o[0m
[80.793s] [ 46%] [32mBuilding CXX object CMakeFiles/cg_msgs__rosidl_typesupport_introspection_cpp.dir/rosidl_typesupport_introspection_cpp/cg_msgs/srv/detail/save_map__type_support.cpp.o[0m
[81.144s] [ 47%] [32mBuilding CXX object CMakeFiles/cg_msgs__rosidl_typesupport_fastrtps_cpp.dir/rosidl_typesupport_fastrtps_cpp/cg_msgs/srv/detail/dds_fastrtps/save_map__type_support.cpp.o[0m
[83.483s] [ 48%] [32m[1mLinking CXX shared library libcg_msgs__rosidl_typesupport_introspection_cpp.so[0m
[84.084s] [ 48%] Built target cg_msgs__rosidl_typesupport_introspection_cpp
[84.254s] [ 48%] [32m[1mLinking CXX shared library libcg_msgs__rosidl_typesupport_fastrtps_cpp.so[0m
[84.802s] [ 48%] Built target cg_msgs__rosidl_typesupport_fastrtps_cpp
[84.882s] [ 49%] [34m[1mGenerating C type support dispatch for ROS interfaces[0m
[89.500s] [ 49%] [32mBuilding CXX object CMakeFiles/cg_msgs__rosidl_typesupport_c.dir/rosidl_typesupport_c/cg_msgs/msg/actuator_command__type_support.cpp.o[0m
[89.662s] [ 50%] [32mBuilding CXX object CMakeFiles/cg_msgs__rosidl_typesupport_c.dir/rosidl_typesupport_c/cg_msgs/msg/beacon_tag__type_support.cpp.o[0m
[89.833s] [ 51%] [32mBuilding CXX object CMakeFiles/cg_msgs__rosidl_typesupport_c.dir/rosidl_typesupport_c/cg_msgs/msg/beacon_multi_tag__type_support.cpp.o[0m
[89.991s] [ 51%] [32mBuilding CXX object CMakeFiles/cg_msgs__rosidl_typesupport_c.dir/rosidl_typesupport_c/cg_msgs/msg/encoder_telemetry__type_support.cpp.o[0m
[90.164s] [ 52%] [32mBuilding CXX object CMakeFiles/cg_msgs__rosidl_typesupport_c.dir/rosidl_typesupport_c/cg_msgs/msg/point2_d__type_support.cpp.o[0m
[90.316s] [ 53%] [32mBuilding CXX object CMakeFiles/cg_msgs__rosidl_typesupport_c.dir/rosidl_typesupport_c/cg_msgs/msg/pose2_d__type_support.cpp.o[0m
[90.446s] [ 54%] [32mBuilding CXX object CMakeFiles/cg_msgs__rosidl_typesupport_c.dir/rosidl_typesupport_c/cg_msgs/msg/slip__type_support.cpp.o[0m
[90.583s] [ 54%] [32mBuilding CXX object CMakeFiles/cg_msgs__rosidl_typesupport_c.dir/rosidl_typesupport_c/cg_msgs/msg/mux_mode__type_support.cpp.o[0m
[90.716s] [ 55%] [32mBuilding CXX object CMakeFiles/cg_msgs__rosidl_typesupport_c.dir/rosidl_typesupport_c/cg_msgs/msg/actuator_state__type_support.cpp.o[0m
[90.863s] [ 56%] [32mBuilding CXX object CMakeFiles/cg_msgs__rosidl_typesupport_c.dir/rosidl_typesupport_c/cg_msgs/msg/site_map__type_support.cpp.o[0m
[91.011s] [ 56%] [32mBuilding CXX object CMakeFiles/cg_msgs__rosidl_typesupport_c.dir/rosidl_typesupport_c/cg_msgs/msg/trajectory__type_support.cpp.o[0m
[91.166s] [ 57%] [32mBuilding CXX object CMakeFiles/cg_msgs__rosidl_typesupport_c.dir/rosidl_typesupport_c/cg_msgs/srv/site_map__type_support.cpp.o[0m
[91.347s] [ 58%] [32mBuilding CXX object CMakeFiles/cg_msgs__rosidl_typesupport_c.dir/rosidl_typesupport_c/cg_msgs/srv/update_trajectory__type_support.cpp.o[0m
[91.514s] [ 58%] [32mBuilding CXX object CMakeFiles/cg_msgs__rosidl_typesupport_c.dir/rosidl_typesupport_c/cg_msgs/srv/enable_worksystem__type_support.cpp.o[0m
[91.677s] [ 59%] [32mBuilding CXX object CMakeFiles/cg_msgs__rosidl_typesupport_c.dir/rosidl_typesupport_c/cg_msgs/srv/save_map__type_support.cpp.o[0m
[91.848s] [ 60%] [32m[1mLinking CXX shared library libcg_msgs__rosidl_typesupport_c.so[0m
[92.023s] [ 60%] Built target cg_msgs__rosidl_typesupport_c
[92.062s] [ 61%] [34m[1mGenerating C introspection for ROS interfaces[0m
[96.048s] [ 62%] [32mBuilding C object CMakeFiles/cg_msgs__rosidl_typesupport_introspection_c.dir/rosidl_typesupport_introspection_c/cg_msgs/msg/detail/actuator_command__type_support.c.o[0m
[96.256s] [ 63%] [32mBuilding C object CMakeFiles/cg_msgs__rosidl_typesupport_introspection_c.dir/rosidl_typesupport_introspection_c/cg_msgs/msg/detail/beacon_multi_tag__type_support.c.o[0m
[96.468s] [ 64%] [32mBuilding C object CMakeFiles/cg_msgs__rosidl_typesupport_introspection_c.dir/rosidl_typesupport_introspection_c/cg_msgs/msg/detail/encoder_telemetry__type_support.c.o[0m
[96.649s] [ 65%] [32mBuilding C object CMakeFiles/cg_msgs__rosidl_typesupport_introspection_c.dir/rosidl_typesupport_introspection_c/cg_msgs/msg/detail/point2_d__type_support.c.o[0m
[96.809s] [ 65%] [32mBuilding C object CMakeFiles/cg_msgs__rosidl_typesupport_introspection_c.dir/rosidl_typesupport_introspection_c/cg_msgs/msg/detail/pose2_d__type_support.c.o[0m
[96.988s] [ 66%] [32mBuilding C object CMakeFiles/cg_msgs__rosidl_typesupport_introspection_c.dir/rosidl_typesupport_introspection_c/cg_msgs/msg/detail/slip__type_support.c.o[0m
[97.157s] [ 67%] [32mBuilding C object CMakeFiles/cg_msgs__rosidl_typesupport_introspection_c.dir/rosidl_typesupport_introspection_c/cg_msgs/msg/detail/mux_mode__type_support.c.o[0m
[97.316s] [ 67%] [32mBuilding C object CMakeFiles/cg_msgs__rosidl_typesupport_introspection_c.dir/rosidl_typesupport_introspection_c/cg_msgs/msg/detail/actuator_state__type_support.c.o[0m
[97.485s] [ 68%] [32mBuilding C object CMakeFiles/cg_msgs__rosidl_typesupport_introspection_c.dir/rosidl_typesupport_introspection_c/cg_msgs/msg/detail/site_map__type_support.c.o[0m
[97.671s] [ 69%] [32mBuilding C object CMakeFiles/cg_msgs__rosidl_typesupport_introspection_c.dir/rosidl_typesupport_introspection_c/cg_msgs/msg/detail/trajectory__type_support.c.o[0m
[97.888s] [ 69%] [32mBuilding C object CMakeFiles/cg_msgs__rosidl_typesupport_introspection_c.dir/rosidl_typesupport_introspection_c/cg_msgs/srv/detail/site_map__type_support.c.o[0m
[98.072s] [ 70%] [32mBuilding C object CMakeFiles/cg_msgs__rosidl_typesupport_introspection_c.dir/rosidl_typesupport_introspection_c/cg_msgs/srv/detail/update_trajectory__type_support.c.o[0m
[98.262s] [ 71%] [32mBuilding C object CMakeFiles/cg_msgs__rosidl_typesupport_introspection_c.dir/rosidl_typesupport_introspection_c/cg_msgs/srv/detail/enable_worksystem__type_support.c.o[0m
[98.443s] [ 72%] [32mBuilding C object CMakeFiles/cg_msgs__rosidl_typesupport_introspection_c.dir/rosidl_typesupport_introspection_c/cg_msgs/srv/detail/save_map__type_support.c.o[0m
[98.616s] [ 72%] [32mBuilding C object CMakeFiles/cg_msgs__rosidl_typesupport_introspection_c.dir/rosidl_typesupport_introspection_c/cg_msgs/msg/detail/beacon_tag__type_support.c.o[0m
[98.803s] [ 72%] [32m[1mLinking C shared library libcg_msgs__rosidl_typesupport_introspection_c.so[0m
[98.949s] [ 72%] Built target cg_msgs__rosidl_typesupport_introspection_c
[98.990s] [ 73%] [34m[1mGenerating C type support for eProsima Fast-RTPS[0m
[103.258s] [ 74%] [32mBuilding CXX object CMakeFiles/cg_msgs__rosidl_typesupport_fastrtps_c.dir/rosidl_typesupport_fastrtps_c/cg_msgs/msg/detail/actuator_command__type_support_c.cpp.o[0m
[105.254s] [ 75%] [32mBuilding CXX object CMakeFiles/cg_msgs__rosidl_typesupport_fastrtps_c.dir/rosidl_typesupport_fastrtps_c/cg_msgs/msg/detail/encoder_telemetry__type_support_c.cpp.o[0m
[106.817s] [ 75%] [32mBuilding CXX object CMakeFiles/cg_msgs__rosidl_typesupport_fastrtps_c.dir/rosidl_typesupport_fastrtps_c/cg_msgs/msg/detail/point2_d__type_support_c.cpp.o[0m
[108.242s] [ 76%] [32mBuilding CXX object CMakeFiles/cg_msgs__rosidl_typesupport_fastrtps_c.dir/rosidl_typesupport_fastrtps_c/cg_msgs/msg/detail/pose2_d__type_support_c.cpp.o[0m
[109.645s] [ 77%] [32mBuilding CXX object CMakeFiles/cg_msgs__rosidl_typesupport_fastrtps_c.dir/rosidl_typesupport_fastrtps_c/cg_msgs/msg/detail/slip__type_support_c.cpp.o[0m
[111.072s] [ 77%] [32mBuilding CXX object CMakeFiles/cg_msgs__rosidl_typesupport_fastrtps_c.dir/rosidl_typesupport_fastrtps_c/cg_msgs/msg/detail/mux_mode__type_support_c.cpp.o[0m
[112.486s] [ 78%] [32mBuilding CXX object CMakeFiles/cg_msgs__rosidl_typesupport_fastrtps_c.dir/rosidl_typesupport_fastrtps_c/cg_msgs/msg/detail/actuator_state__type_support_c.cpp.o[0m
[113.907s] [ 79%] [32mBuilding CXX object CMakeFiles/cg_msgs__rosidl_typesupport_fastrtps_c.dir/rosidl_typesupport_fastrtps_c/cg_msgs/msg/detail/site_map__type_support_c.cpp.o[0m
[115.306s] [ 80%] [32mBuilding CXX object CMakeFiles/cg_msgs__rosidl_typesupport_fastrtps_c.dir/rosidl_typesupport_fastrtps_c/cg_msgs/msg/detail/trajectory__type_support_c.cpp.o[0m
[116.708s] [ 80%] [32mBuilding CXX object CMakeFiles/cg_msgs__rosidl_typesupport_fastrtps_c.dir/rosidl_typesupport_fastrtps_c/cg_msgs/srv/detail/site_map__type_support_c.cpp.o[0m
[118.119s] [ 81%] [32mBuilding CXX object CMakeFiles/cg_msgs__rosidl_typesupport_fastrtps_c.dir/rosidl_typesupport_fastrtps_c/cg_msgs/srv/detail/update_trajectory__type_support_c.cpp.o[0m
[119.562s] [ 82%] [32mBuilding CXX object CMakeFiles/cg_msgs__rosidl_typesupport_fastrtps_c.dir/rosidl_typesupport_fastrtps_c/cg_msgs/srv/detail/enable_worksystem__type_support_c.cpp.o[0m
[121.052s] [ 82%] [32mBuilding CXX object CMakeFiles/cg_msgs__rosidl_typesupport_fastrtps_c.dir/rosidl_typesupport_fastrtps_c/cg_msgs/srv/detail/save_map__type_support_c.cpp.o[0m
[122.547s] [ 83%] [32mBuilding CXX object CMakeFiles/cg_msgs__rosidl_typesupport_fastrtps_c.dir/rosidl_typesupport_fastrtps_c/cg_msgs/msg/detail/beacon_multi_tag__type_support_c.cpp.o[0m
[124.086s] [ 83%] [32mBuilding CXX object CMakeFiles/cg_msgs__rosidl_typesupport_fastrtps_c.dir/rosidl_typesupport_fastrtps_c/cg_msgs/msg/detail/beacon_tag__type_support_c.cpp.o[0m
[125.695s] [ 84%] [32m[1mLinking CXX shared library libcg_msgs__rosidl_typesupport_fastrtps_c.so[0m
[125.946s] [ 84%] Built target cg_msgs__rosidl_typesupport_fastrtps_c
[125.991s] [ 84%] Built target cg_msgs
[126.046s] [ 85%] [34m[1mGenerating Python code for ROS interfaces[0m
[133.642s] [ 85%] Built target cg_msgs__py
[133.695s] [ 85%] [32mBuilding C object CMakeFiles/cg_msgs__rosidl_generator_py.dir/rosidl_generator_py/cg_msgs/msg/_actuator_command_s.c.o[0m
[134.171s] [ 86%] [32mBuilding C object CMakeFiles/cg_msgs__rosidl_generator_py.dir/rosidl_generator_py/cg_msgs/msg/_encoder_telemetry_s.c.o[0m
[134.667s] [ 86%] [32mBuilding C object CMakeFiles/cg_msgs__rosidl_generator_py.dir/rosidl_generator_py/cg_msgs/msg/_point2_d_s.c.o[0m
[135.098s] [ 87%] [32mBuilding C object CMakeFiles/cg_msgs__rosidl_generator_py.dir/rosidl_generator_py/cg_msgs/msg/_pose2_d_s.c.o[0m
[135.530s] [ 88%] [32mBuilding C object CMakeFiles/cg_msgs__rosidl_generator_py.dir/rosidl_generator_py/cg_msgs/msg/_slip_s.c.o[0m
[135.991s] [ 88%] [32mBuilding C object CMakeFiles/cg_msgs__rosidl_generator_py.dir/rosidl_generator_py/cg_msgs/msg/_mux_mode_s.c.o[0m
[136.418s] [ 89%] [32mBuilding C object CMakeFiles/cg_msgs__rosidl_generator_py.dir/rosidl_generator_py/cg_msgs/msg/_actuator_state_s.c.o[0m
[136.897s] [ 90%] [32mBuilding C object CMakeFiles/cg_msgs__rosidl_generator_py.dir/rosidl_generator_py/cg_msgs/msg/_site_map_s.c.o[0m
[137.375s] [ 90%] [32mBuilding C object CMakeFiles/cg_msgs__rosidl_generator_py.dir/rosidl_generator_py/cg_msgs/msg/_trajectory_s.c.o[0m
[137.904s] [ 91%] [32mBuilding C object CMakeFiles/cg_msgs__rosidl_generator_py.dir/rosidl_generator_py/cg_msgs/srv/_site_map_s.c.o[0m
[138.375s] [ 92%] [32mBuilding C object CMakeFiles/cg_msgs__rosidl_generator_py.dir/rosidl_generator_py/cg_msgs/srv/_update_trajectory_s.c.o[0m
[138.834s] [ 93%] [32mBuilding C object CMakeFiles/cg_msgs__rosidl_generator_py.dir/rosidl_generator_py/cg_msgs/srv/_enable_worksystem_s.c.o[0m
[139.294s] [ 93%] [32mBuilding C object CMakeFiles/cg_msgs__rosidl_generator_py.dir/rosidl_generator_py/cg_msgs/srv/_save_map_s.c.o[0m
[139.770s] [ 94%] [32mBuilding C object CMakeFiles/cg_msgs__rosidl_generator_py.dir/rosidl_generator_py/cg_msgs/msg/_beacon_multi_tag_s.c.o[0m
[140.220s] [ 95%] [32mBuilding C object CMakeFiles/cg_msgs__rosidl_generator_py.dir/rosidl_generator_py/cg_msgs/msg/_beacon_tag_s.c.o[0m
[140.694s] [ 96%] [32m[1mLinking C shared library rosidl_generator_py/cg_msgs/libcg_msgs__rosidl_generator_py.so[0m
[140.846s] [ 96%] Built target cg_msgs__rosidl_generator_py
[140.894s] [ 97%] [32mBuilding C object CMakeFiles/cg_msgs__rosidl_typesupport_fastrtps_c__pyext.dir/rosidl_generator_py/cg_msgs/_cg_msgs_s.ep.rosidl_typesupport_fastrtps_c.c.o[0m
[141.629s] [ 97%] [32m[1mLinking C shared library rosidl_generator_py/cg_msgs/cg_msgs_s__rosidl_typesupport_fastrtps_c.cpython-310-aarch64-linux-gnu.so[0m
[141.754s] [ 97%] Built target cg_msgs__rosidl_typesupport_fastrtps_c__pyext
[141.798s] [ 98%] [32mBuilding C object CMakeFiles/cg_msgs__rosidl_typesupport_c__pyext.dir/rosidl_generator_py/cg_msgs/_cg_msgs_s.ep.rosidl_typesupport_c.c.o[0m
[142.548s] [ 98%] [32m[1mLinking C shared library rosidl_generator_py/cg_msgs/cg_msgs_s__rosidl_typesupport_c.cpython-310-aarch64-linux-gnu.so[0m
[142.675s] [ 98%] Built target cg_msgs__rosidl_typesupport_c__pyext
[142.722s] [ 99%] [32mBuilding C object CMakeFiles/cg_msgs__rosidl_typesupport_introspection_c__pyext.dir/rosidl_generator_py/cg_msgs/_cg_msgs_s.ep.rosidl_typesupport_introspection_c.c.o[0m
[143.480s] [100%] [32m[1mLinking C shared library rosidl_generator_py/cg_msgs/cg_msgs_s__rosidl_typesupport_introspection_c.cpython-310-aarch64-linux-gnu.so[0m
[143.609s] [100%] Built target cg_msgs__rosidl_typesupport_introspection_c__pyext
[143.638s] Invoked command in '/root/Lunar_ROADSTER/lr_ws/build/cg_msgs' returned '0': CMAKE_PREFIX_PATH=/opt/ros/humble /usr/local/bin/cmake --build /root/Lunar_ROADSTER/lr_ws/build/cg_msgs -- -j4 -l4
[143.651s] Invoking command in '/root/Lunar_ROADSTER/lr_ws/build/cg_msgs': CMAKE_PREFIX_PATH=/opt/ros/humble /usr/local/bin/cmake --install /root/Lunar_ROADSTER/lr_ws/build/cg_msgs
[143.667s] -- Install configuration: ""
[143.674s] -- Installing: /root/Lunar_ROADSTER/lr_ws/install/cg_msgs/share/ament_index/resource_index/rosidl_interfaces/cg_msgs
[143.678s] -- Installing: /root/Lunar_ROADSTER/lr_ws/install/cg_msgs/include/cg_msgs/cg_msgs
[143.683s] -- Installing: /root/Lunar_ROADSTER/lr_ws/install/cg_msgs/include/cg_msgs/cg_msgs/msg
[143.684s] -- Installing: /root/Lunar_ROADSTER/lr_ws/install/cg_msgs/include/cg_msgs/cg_msgs/msg/actuator_command.h
[143.685s] -- Installing: /root/Lunar_ROADSTER/lr_ws/install/cg_msgs/include/cg_msgs/cg_msgs/msg/rosidl_generator_c__visibility_control.h
[143.687s] -- Installing: /root/Lunar_ROADSTER/lr_ws/install/cg_msgs/include/cg_msgs/cg_msgs/msg/detail
[143.689s] -- Installing: /root/Lunar_ROADSTER/lr_ws/install/cg_msgs/include/cg_msgs/cg_msgs/msg/detail/actuator_command__functions.c
[143.689s] -- Installing: /root/Lunar_ROADSTER/lr_ws/install/cg_msgs/include/cg_msgs/cg_msgs/msg/detail/actuator_command__functions.h
[143.689s] -- Installing: /root/Lunar_ROADSTER/lr_ws/install/cg_msgs/include/cg_msgs/cg_msgs/msg/detail/actuator_command__struct.h
[143.692s] -- Installing: /root/Lunar_ROADSTER/lr_ws/install/cg_msgs/include/cg_msgs/cg_msgs/msg/detail/actuator_command__type_support.h
[143.694s] -- Installing: /root/Lunar_ROADSTER/lr_ws/install/cg_msgs/include/cg_msgs/cg_msgs/msg/detail/beacon_tag__functions.c
[143.694s] -- Installing: /root/Lunar_ROADSTER/lr_ws/install/cg_msgs/include/cg_msgs/cg_msgs/msg/detail/beacon_tag__functions.h
[143.695s] -- Installing: /root/Lunar_ROADSTER/lr_ws/install/cg_msgs/include/cg_msgs/cg_msgs/msg/detail/beacon_tag__struct.h
[143.695s] -- Installing: /root/Lunar_ROADSTER/lr_ws/install/cg_msgs/include/cg_msgs/cg_msgs/msg/detail/beacon_tag__type_support.h
[143.696s] -- Installing: /root/Lunar_ROADSTER/lr_ws/install/cg_msgs/include/cg_msgs/cg_msgs/msg/detail/beacon_multi_tag__functions.c
[143.696s] -- Installing: /root/Lunar_ROADSTER/lr_ws/install/cg_msgs/include/cg_msgs/cg_msgs/msg/detail/beacon_multi_tag__functions.h
[143.697s] -- Installing: /root/Lunar_ROADSTER/lr_ws/install/cg_msgs/include/cg_msgs/cg_msgs/msg/detail/beacon_multi_tag__struct.h
[143.701s] -- Installing: /root/Lunar_ROADSTER/lr_ws/install/cg_msgs/include/cg_msgs/cg_msgs/msg/detail/beacon_multi_tag__type_support.h
[143.701s] -- Installing: /root/Lunar_ROADSTER/lr_ws/install/cg_msgs/include/cg_msgs/cg_msgs/msg/detail/encoder_telemetry__functions.c
[143.701s] -- Installing: /root/Lunar_ROADSTER/lr_ws/install/cg_msgs/include/cg_msgs/cg_msgs/msg/detail/encoder_telemetry__functions.h
[143.702s] -- Installing: /root/Lunar_ROADSTER/lr_ws/install/cg_msgs/include/cg_msgs/cg_msgs/msg/detail/encoder_telemetry__struct.h
[143.702s] -- Installing: /root/Lunar_ROADSTER/lr_ws/install/cg_msgs/include/cg_msgs/cg_msgs/msg/detail/encoder_telemetry__type_support.h
[143.703s] -- Installing: /root/Lunar_ROADSTER/lr_ws/install/cg_msgs/include/cg_msgs/cg_msgs/msg/detail/point2_d__functions.c
[143.703s] -- Installing: /root/Lunar_ROADSTER/lr_ws/install/cg_msgs/include/cg_msgs/cg_msgs/msg/detail/point2_d__functions.h
[143.703s] -- Installing: /root/Lunar_ROADSTER/lr_ws/install/cg_msgs/include/cg_msgs/cg_msgs/msg/detail/point2_d__struct.h
[143.704s] -- Installing: /root/Lunar_ROADSTER/lr_ws/install/cg_msgs/include/cg_msgs/cg_msgs/msg/detail/point2_d__type_support.h
[143.704s] -- Installing: /root/Lunar_ROADSTER/lr_ws/install/cg_msgs/include/cg_msgs/cg_msgs/msg/detail/pose2_d__functions.c
[143.705s] -- Installing: /root/Lunar_ROADSTER/lr_ws/install/cg_msgs/include/cg_msgs/cg_msgs/msg/detail/pose2_d__functions.h
[143.705s] -- Installing: /root/Lunar_ROADSTER/lr_ws/install/cg_msgs/include/cg_msgs/cg_msgs/msg/detail/pose2_d__struct.h
[143.706s] -- Installing: /root/Lunar_ROADSTER/lr_ws/install/cg_msgs/include/cg_msgs/cg_msgs/msg/detail/pose2_d__type_support.h
[143.706s] -- Installing: /root/Lunar_ROADSTER/lr_ws/install/cg_msgs/include/cg_msgs/cg_msgs/msg/detail/slip__functions.c
[143.706s] -- Installing: /root/Lunar_ROADSTER/lr_ws/install/cg_msgs/include/cg_msgs/cg_msgs/msg/detail/slip__functions.h
[143.707s] -- Installing: /root/Lunar_ROADSTER/lr_ws/install/cg_msgs/include/cg_msgs/cg_msgs/msg/detail/slip__struct.h
[143.708s] -- Installing: /root/Lunar_ROADSTER/lr_ws/install/cg_msgs/include/cg_msgs/cg_msgs/msg/detail/slip__type_support.h
[143.709s] -- Installing: /root/Lunar_ROADSTER/lr_ws/install/cg_msgs/include/cg_msgs/cg_msgs/msg/detail/mux_mode__functions.c
[143.711s] -- Installing: /root/Lunar_ROADSTER/lr_ws/install/cg_msgs/include/cg_msgs/cg_msgs/msg/detail/mux_mode__functions.h
[143.712s] -- Installing: /root/Lunar_ROADSTER/lr_ws/install/cg_msgs/include/cg_msgs/cg_msgs/msg/detail/mux_mode__struct.h
[143.712s] -- Installing: /root/Lunar_ROADSTER/lr_ws/install/cg_msgs/include/cg_msgs/cg_msgs/msg/detail/mux_mode__type_support.h
[143.713s] -- Installing: /root/Lunar_ROADSTER/lr_ws/install/cg_msgs/include/cg_msgs/cg_msgs/msg/detail/actuator_state__functions.c
[143.713s] -- Installing: /root/Lunar_ROADSTER/lr_ws/install/cg_msgs/include/cg_msgs/cg_msgs/msg/detail/actuator_state__functions.h
[143.713s] -- Installing: /root/Lunar_ROADSTER/lr_ws/install/cg_msgs/include/cg_msgs/cg_msgs/msg/detail/actuator_state__struct.h
[143.714s] -- Installing: /root/Lunar_ROADSTER/lr_ws/install/cg_msgs/include/cg_msgs/cg_msgs/msg/detail/actuator_state__type_support.h
[143.716s] -- Installing: /root/Lunar_ROADSTER/lr_ws/install/cg_msgs/include/cg_msgs/cg_msgs/msg/detail/site_map__functions.c
[143.717s] -- Installing: /root/Lunar_ROADSTER/lr_ws/install/cg_msgs/include/cg_msgs/cg_msgs/msg/detail/site_map__functions.h
[143.717s] -- Installing: /root/Lunar_ROADSTER/lr_ws/install/cg_msgs/include/cg_msgs/cg_msgs/msg/detail/site_map__struct.h
[143.720s] -- Installing: /root/Lunar_ROADSTER/lr_ws/install/cg_msgs/include/cg_msgs/cg_msgs/msg/detail/site_map__type_support.h
[143.720s] -- Installing: /root/Lunar_ROADSTER/lr_ws/install/cg_msgs/include/cg_msgs/cg_msgs/msg/detail/trajectory__functions.c
[143.721s] -- Installing: /root/Lunar_ROADSTER/lr_ws/install/cg_msgs/include/cg_msgs/cg_msgs/msg/detail/trajectory__functions.h
[143.722s] -- Installing: /root/Lunar_ROADSTER/lr_ws/install/cg_msgs/include/cg_msgs/cg_msgs/msg/detail/trajectory__struct.h
[143.723s] -- Installing: /root/Lunar_ROADSTER/lr_ws/install/cg_msgs/include/cg_msgs/cg_msgs/msg/detail/trajectory__type_support.h
[143.724s] -- Installing: /root/Lunar_ROADSTER/lr_ws/install/cg_msgs/include/cg_msgs/cg_msgs/msg/beacon_tag.h
[143.724s] -- Installing: /root/Lunar_ROADSTER/lr_ws/install/cg_msgs/include/cg_msgs/cg_msgs/msg/beacon_multi_tag.h
[143.725s] -- Installing: /root/Lunar_ROADSTER/lr_ws/install/cg_msgs/include/cg_msgs/cg_msgs/msg/encoder_telemetry.h
[143.728s] -- Installing: /root/Lunar_ROADSTER/lr_ws/install/cg_msgs/include/cg_msgs/cg_msgs/msg/point2_d.h
[143.728s] -- Installing: /root/Lunar_ROADSTER/lr_ws/install/cg_msgs/include/cg_msgs/cg_msgs/msg/pose2_d.h
[143.729s] -- Installing: /root/Lunar_ROADSTER/lr_ws/install/cg_msgs/include/cg_msgs/cg_msgs/msg/slip.h
[143.730s] -- Installing: /root/Lunar_ROADSTER/lr_ws/install/cg_msgs/include/cg_msgs/cg_msgs/msg/mux_mode.h
[143.733s] -- Installing: /root/Lunar_ROADSTER/lr_ws/install/cg_msgs/include/cg_msgs/cg_msgs/msg/actuator_state.h
[143.734s] -- Installing: /root/Lunar_ROADSTER/lr_ws/install/cg_msgs/include/cg_msgs/cg_msgs/msg/site_map.h
[143.735s] -- Installing: /root/Lunar_ROADSTER/lr_ws/install/cg_msgs/include/cg_msgs/cg_msgs/msg/trajectory.h
[143.735s] -- Installing: /root/Lunar_ROADSTER/lr_ws/install/cg_msgs/include/cg_msgs/cg_msgs/srv
[143.736s] -- Installing: /root/Lunar_ROADSTER/lr_ws/install/cg_msgs/include/cg_msgs/cg_msgs/srv/site_map.h
[143.736s] -- Installing: /root/Lunar_ROADSTER/lr_ws/install/cg_msgs/include/cg_msgs/cg_msgs/srv/detail
[143.737s] -- Installing: /root/Lunar_ROADSTER/lr_ws/install/cg_msgs/include/cg_msgs/cg_msgs/srv/detail/site_map__functions.c
[143.737s] -- Installing: /root/Lunar_ROADSTER/lr_ws/install/cg_msgs/include/cg_msgs/cg_msgs/srv/detail/site_map__functions.h
[143.737s] -- Installing: /root/Lunar_ROADSTER/lr_ws/install/cg_msgs/include/cg_msgs/cg_msgs/srv/detail/site_map__struct.h
[143.738s] -- Installing: /root/Lunar_ROADSTER/lr_ws/install/cg_msgs/include/cg_msgs/cg_msgs/srv/detail/site_map__type_support.h
[143.739s] -- Installing: /root/Lunar_ROADSTER/lr_ws/install/cg_msgs/include/cg_msgs/cg_msgs/srv/detail/update_trajectory__functions.c
[143.741s] -- Installing: /root/Lunar_ROADSTER/lr_ws/install/cg_msgs/include/cg_msgs/cg_msgs/srv/detail/update_trajectory__functions.h
[143.743s] -- Installing: /root/Lunar_ROADSTER/lr_ws/install/cg_msgs/include/cg_msgs/cg_msgs/srv/detail/update_trajectory__struct.h
[143.744s] -- Installing: /root/Lunar_ROADSTER/lr_ws/install/cg_msgs/include/cg_msgs/cg_msgs/srv/detail/update_trajectory__type_support.h
[143.745s] -- Installing: /root/Lunar_ROADSTER/lr_ws/install/cg_msgs/include/cg_msgs/cg_msgs/srv/detail/enable_worksystem__functions.c
[143.745s] -- Installing: /root/Lunar_ROADSTER/lr_ws/install/cg_msgs/include/cg_msgs/cg_msgs/srv/detail/enable_worksystem__functions.h
[143.746s] -- Installing: /root/Lunar_ROADSTER/lr_ws/install/cg_msgs/include/cg_msgs/cg_msgs/srv/detail/enable_worksystem__struct.h
[143.747s] -- Installing: /root/Lunar_ROADSTER/lr_ws/install/cg_msgs/include/cg_msgs/cg_msgs/srv/detail/enable_worksystem__type_support.h
[143.747s] -- Installing: /root/Lunar_ROADSTER/lr_ws/install/cg_msgs/include/cg_msgs/cg_msgs/srv/detail/save_map__functions.c
[143.748s] -- Installing: /root/Lunar_ROADSTER/lr_ws/install/cg_msgs/include/cg_msgs/cg_msgs/srv/detail/save_map__functions.h
[143.749s] -- Installing: /root/Lunar_ROADSTER/lr_ws/install/cg_msgs/include/cg_msgs/cg_msgs/srv/detail/save_map__struct.h
[143.750s] -- Installing: /root/Lunar_ROADSTER/lr_ws/install/cg_msgs/include/cg_msgs/cg_msgs/srv/detail/save_map__type_support.h
[143.750s] -- Installing: /root/Lunar_ROADSTER/lr_ws/install/cg_msgs/include/cg_msgs/cg_msgs/srv/update_trajectory.h
[143.751s] -- Installing: /root/Lunar_ROADSTER/lr_ws/install/cg_msgs/include/cg_msgs/cg_msgs/srv/enable_worksystem.h
[143.752s] -- Installing: /root/Lunar_ROADSTER/lr_ws/install/cg_msgs/include/cg_msgs/cg_msgs/srv/save_map.h
[143.755s] -- Installing: /root/Lunar_ROADSTER/lr_ws/install/cg_msgs/share/cg_msgs/environment/library_path.sh
[143.757s] -- Installing: /root/Lunar_ROADSTER/lr_ws/install/cg_msgs/share/cg_msgs/environment/library_path.dsv
[143.759s] -- Installing: /root/Lunar_ROADSTER/lr_ws/install/cg_msgs/lib/libcg_msgs__rosidl_generator_c.so
[143.763s] -- Set runtime path of "/root/Lunar_ROADSTER/lr_ws/install/cg_msgs/lib/libcg_msgs__rosidl_generator_c.so" to ""
[143.764s] -- Up-to-date: /root/Lunar_ROADSTER/lr_ws/install/cg_msgs/include/cg_msgs/cg_msgs
[143.764s] -- Up-to-date: /root/Lunar_ROADSTER/lr_ws/install/cg_msgs/include/cg_msgs/cg_msgs/msg
[143.765s] -- Up-to-date: /root/Lunar_ROADSTER/lr_ws/install/cg_msgs/include/cg_msgs/cg_msgs/msg/detail
[143.765s] -- Installing: /root/Lunar_ROADSTER/lr_ws/install/cg_msgs/include/cg_msgs/cg_msgs/msg/detail/actuator_command__rosidl_typesupport_fastrtps_c.h
[143.766s] -- Installing: /root/Lunar_ROADSTER/lr_ws/install/cg_msgs/include/cg_msgs/cg_msgs/msg/detail/beacon_tag__rosidl_typesupport_fastrtps_c.h
[143.768s] -- Installing: /root/Lunar_ROADSTER/lr_ws/install/cg_msgs/include/cg_msgs/cg_msgs/msg/detail/beacon_multi_tag__rosidl_typesupport_fastrtps_c.h
[143.768s] -- Installing: /root/Lunar_ROADSTER/lr_ws/install/cg_msgs/include/cg_msgs/cg_msgs/msg/detail/encoder_telemetry__rosidl_typesupport_fastrtps_c.h
[143.769s] -- Installing: /root/Lunar_ROADSTER/lr_ws/install/cg_msgs/include/cg_msgs/cg_msgs/msg/detail/point2_d__rosidl_typesupport_fastrtps_c.h
[143.770s] -- Installing: /root/Lunar_ROADSTER/lr_ws/install/cg_msgs/include/cg_msgs/cg_msgs/msg/detail/pose2_d__rosidl_typesupport_fastrtps_c.h
[143.770s] -- Installing: /root/Lunar_ROADSTER/lr_ws/install/cg_msgs/include/cg_msgs/cg_msgs/msg/detail/slip__rosidl_typesupport_fastrtps_c.h
[143.771s] -- Installing: /root/Lunar_ROADSTER/lr_ws/install/cg_msgs/include/cg_msgs/cg_msgs/msg/detail/mux_mode__rosidl_typesupport_fastrtps_c.h
[143.772s] -- Installing: /root/Lunar_ROADSTER/lr_ws/install/cg_msgs/include/cg_msgs/cg_msgs/msg/detail/actuator_state__rosidl_typesupport_fastrtps_c.h
[143.773s] -- Installing: /root/Lunar_ROADSTER/lr_ws/install/cg_msgs/include/cg_msgs/cg_msgs/msg/detail/site_map__rosidl_typesupport_fastrtps_c.h
[143.774s] -- Installing: /root/Lunar_ROADSTER/lr_ws/install/cg_msgs/include/cg_msgs/cg_msgs/msg/detail/trajectory__rosidl_typesupport_fastrtps_c.h
[143.775s] -- Installing: /root/Lunar_ROADSTER/lr_ws/install/cg_msgs/include/cg_msgs/cg_msgs/msg/rosidl_typesupport_fastrtps_c__visibility_control.h
[143.776s] -- Up-to-date: /root/Lunar_ROADSTER/lr_ws/install/cg_msgs/include/cg_msgs/cg_msgs/srv
[143.776s] -- Up-to-date: /root/Lunar_ROADSTER/lr_ws/install/cg_msgs/include/cg_msgs/cg_msgs/srv/detail
[143.777s] -- Installing: /root/Lunar_ROADSTER/lr_ws/install/cg_msgs/include/cg_msgs/cg_msgs/srv/detail/site_map__rosidl_typesupport_fastrtps_c.h
[143.777s] -- Installing: /root/Lunar_ROADSTER/lr_ws/install/cg_msgs/include/cg_msgs/cg_msgs/srv/detail/update_trajectory__rosidl_typesupport_fastrtps_c.h
[143.779s] -- Installing: /root/Lunar_ROADSTER/lr_ws/install/cg_msgs/include/cg_msgs/cg_msgs/srv/detail/enable_worksystem__rosidl_typesupport_fastrtps_c.h
[143.779s] -- Installing: /root/Lunar_ROADSTER/lr_ws/install/cg_msgs/include/cg_msgs/cg_msgs/srv/detail/save_map__rosidl_typesupport_fastrtps_c.h
[143.781s] -- Installing: /root/Lunar_ROADSTER/lr_ws/install/cg_msgs/lib/libcg_msgs__rosidl_typesupport_fastrtps_c.so
[143.784s] -- Set runtime path of "/root/Lunar_ROADSTER/lr_ws/install/cg_msgs/lib/libcg_msgs__rosidl_typesupport_fastrtps_c.so" to ""
[143.785s] -- Up-to-date: /root/Lunar_ROADSTER/lr_ws/install/cg_msgs/include/cg_msgs/cg_msgs
[143.785s] -- Up-to-date: /root/Lunar_ROADSTER/lr_ws/install/cg_msgs/include/cg_msgs/cg_msgs/msg
[143.786s] -- Installing: /root/Lunar_ROADSTER/lr_ws/install/cg_msgs/include/cg_msgs/cg_msgs/msg/actuator_command.hpp
[143.787s] -- Installing: /root/Lunar_ROADSTER/lr_ws/install/cg_msgs/include/cg_msgs/cg_msgs/msg/rosidl_generator_cpp__visibility_control.hpp
[143.787s] -- Up-to-date: /root/Lunar_ROADSTER/lr_ws/install/cg_msgs/include/cg_msgs/cg_msgs/msg/detail
[143.787s] -- Installing: /root/Lunar_ROADSTER/lr_ws/install/cg_msgs/include/cg_msgs/cg_msgs/msg/detail/actuator_command__builder.hpp
[143.788s] -- Installing: /root/Lunar_ROADSTER/lr_ws/install/cg_msgs/include/cg_msgs/cg_msgs/msg/detail/actuator_command__struct.hpp
[143.789s] -- Installing: /root/Lunar_ROADSTER/lr_ws/install/cg_msgs/include/cg_msgs/cg_msgs/msg/detail/actuator_command__traits.hpp
[143.789s] -- Installing: /root/Lunar_ROADSTER/lr_ws/install/cg_msgs/include/cg_msgs/cg_msgs/msg/detail/actuator_command__type_support.hpp
[143.790s] -- Installing: /root/Lunar_ROADSTER/lr_ws/install/cg_msgs/include/cg_msgs/cg_msgs/msg/detail/beacon_tag__builder.hpp
[143.791s] -- Installing: /root/Lunar_ROADSTER/lr_ws/install/cg_msgs/include/cg_msgs/cg_msgs/msg/detail/beacon_tag__struct.hpp
[143.792s] -- Installing: /root/Lunar_ROADSTER/lr_ws/install/cg_msgs/include/cg_msgs/cg_msgs/msg/detail/beacon_tag__traits.hpp
[143.793s] -- Installing: /root/Lunar_ROADSTER/lr_ws/install/cg_msgs/include/cg_msgs/cg_msgs/msg/detail/beacon_tag__type_support.hpp
[143.794s] -- Installing: /root/Lunar_ROADSTER/lr_ws/install/cg_msgs/include/cg_msgs/cg_msgs/msg/detail/beacon_multi_tag__builder.hpp
[143.795s] -- Installing: /root/Lunar_ROADSTER/lr_ws/install/cg_msgs/include/cg_msgs/cg_msgs/msg/detail/beacon_multi_tag__struct.hpp
[143.796s] -- Installing: /root/Lunar_ROADSTER/lr_ws/install/cg_msgs/include/cg_msgs/cg_msgs/msg/detail/beacon_multi_tag__traits.hpp
[143.797s] -- Installing: /root/Lunar_ROADSTER/lr_ws/install/cg_msgs/include/cg_msgs/cg_msgs/msg/detail/beacon_multi_tag__type_support.hpp
[143.801s] -- Installing: /root/Lunar_ROADSTER/lr_ws/install/cg_msgs/include/cg_msgs/cg_msgs/msg/detail/encoder_telemetry__builder.hpp
[143.801s] -- Installing: /root/Lunar_ROADSTER/lr_ws/install/cg_msgs/include/cg_msgs/cg_msgs/msg/detail/encoder_telemetry__struct.hpp
[143.942s] -- Installing: /root/Lunar_ROADSTER/lr_ws/install/cg_msgs/include/cg_msgs/cg_msgs/msg/detail/encoder_telemetry__traits.hpp
[143.943s] -- Installing: /root/Lunar_ROADSTER/lr_ws/install/cg_msgs/include/cg_msgs/cg_msgs/msg/detail/encoder_telemetry__type_support.hpp
[143.944s] -- Installing: /root/Lunar_ROADSTER/lr_ws/install/cg_msgs/include/cg_msgs/cg_msgs/msg/detail/point2_d__builder.hpp
[143.944s] -- Installing: /root/Lunar_ROADSTER/lr_ws/install/cg_msgs/include/cg_msgs/cg_msgs/msg/detail/point2_d__struct.hpp
[143.945s] -- Installing: /root/Lunar_ROADSTER/lr_ws/install/cg_msgs/include/cg_msgs/cg_msgs/msg/detail/point2_d__traits.hpp
[143.946s] -- Installing: /root/Lunar_ROADSTER/lr_ws/install/cg_msgs/include/cg_msgs/cg_msgs/msg/detail/point2_d__type_support.hpp
[143.948s] -- Installing: /root/Lunar_ROADSTER/lr_ws/install/cg_msgs/include/cg_msgs/cg_msgs/msg/detail/pose2_d__builder.hpp
[143.949s] -- Installing: /root/Lunar_ROADSTER/lr_ws/install/cg_msgs/include/cg_msgs/cg_msgs/msg/detail/pose2_d__struct.hpp
[143.950s] -- Installing: /root/Lunar_ROADSTER/lr_ws/install/cg_msgs/include/cg_msgs/cg_msgs/msg/detail/pose2_d__traits.hpp
[143.951s] -- Installing: /root/Lunar_ROADSTER/lr_ws/install/cg_msgs/include/cg_msgs/cg_msgs/msg/detail/pose2_d__type_support.hpp
[143.952s] -- Installing: /root/Lunar_ROADSTER/lr_ws/install/cg_msgs/include/cg_msgs/cg_msgs/msg/detail/slip__builder.hpp
[143.953s] -- Installing: /root/Lunar_ROADSTER/lr_ws/install/cg_msgs/include/cg_msgs/cg_msgs/msg/detail/slip__struct.hpp
[143.955s] -- Installing: /root/Lunar_ROADSTER/lr_ws/install/cg_msgs/include/cg_msgs/cg_msgs/msg/detail/slip__traits.hpp
[143.956s] -- Installing: /root/Lunar_ROADSTER/lr_ws/install/cg_msgs/include/cg_msgs/cg_msgs/msg/detail/slip__type_support.hpp
[143.956s] -- Installing: /root/Lunar_ROADSTER/lr_ws/install/cg_msgs/include/cg_msgs/cg_msgs/msg/detail/mux_mode__builder.hpp
[143.957s] -- Installing: /root/Lunar_ROADSTER/lr_ws/install/cg_msgs/include/cg_msgs/cg_msgs/msg/detail/mux_mode__struct.hpp
[143.958s] -- Installing: /root/Lunar_ROADSTER/lr_ws/install/cg_msgs/include/cg_msgs/cg_msgs/msg/detail/mux_mode__traits.hpp
[143.959s] -- Installing: /root/Lunar_ROADSTER/lr_ws/install/cg_msgs/include/cg_msgs/cg_msgs/msg/detail/mux_mode__type_support.hpp
[143.960s] -- Installing: /root/Lunar_ROADSTER/lr_ws/install/cg_msgs/include/cg_msgs/cg_msgs/msg/detail/actuator_state__builder.hpp
[143.961s] -- Installing: /root/Lunar_ROADSTER/lr_ws/install/cg_msgs/include/cg_msgs/cg_msgs/msg/detail/actuator_state__struct.hpp
[143.962s] -- Installing: /root/Lunar_ROADSTER/lr_ws/install/cg_msgs/include/cg_msgs/cg_msgs/msg/detail/actuator_state__traits.hpp
[143.963s] -- Installing: /root/Lunar_ROADSTER/lr_ws/install/cg_msgs/include/cg_msgs/cg_msgs/msg/detail/actuator_state__type_support.hpp
[143.964s] -- Installing: /root/Lunar_ROADSTER/lr_ws/install/cg_msgs/include/cg_msgs/cg_msgs/msg/detail/site_map__builder.hpp
[143.965s] -- Installing: /root/Lunar_ROADSTER/lr_ws/install/cg_msgs/include/cg_msgs/cg_msgs/msg/detail/site_map__struct.hpp
[143.966s] -- Installing: /root/Lunar_ROADSTER/lr_ws/install/cg_msgs/include/cg_msgs/cg_msgs/msg/detail/site_map__traits.hpp
[143.969s] -- Installing: /root/Lunar_ROADSTER/lr_ws/install/cg_msgs/include/cg_msgs/cg_msgs/msg/detail/site_map__type_support.hpp
[143.972s] -- Installing: /root/Lunar_ROADSTER/lr_ws/install/cg_msgs/include/cg_msgs/cg_msgs/msg/detail/trajectory__builder.hpp
[143.980s] -- Installing: /root/Lunar_ROADSTER/lr_ws/install/cg_msgs/include/cg_msgs/cg_msgs/msg/detail/trajectory__struct.hpp
[143.981s] -- Installing: /root/Lunar_ROADSTER/lr_ws/install/cg_msgs/include/cg_msgs/cg_msgs/msg/detail/trajectory__traits.hpp
[143.981s] -- Installing: /root/Lunar_ROADSTER/lr_ws/install/cg_msgs/include/cg_msgs/cg_msgs/msg/detail/trajectory__type_support.hpp
[143.984s] -- Installing: /root/Lunar_ROADSTER/lr_ws/install/cg_msgs/include/cg_msgs/cg_msgs/msg/beacon_tag.hpp
[143.984s] -- Installing: /root/Lunar_ROADSTER/lr_ws/install/cg_msgs/include/cg_msgs/cg_msgs/msg/beacon_multi_tag.hpp
[143.984s] -- Installing: /root/Lunar_ROADSTER/lr_ws/install/cg_msgs/include/cg_msgs/cg_msgs/msg/encoder_telemetry.hpp
[143.985s] -- Installing: /root/Lunar_ROADSTER/lr_ws/install/cg_msgs/include/cg_msgs/cg_msgs/msg/point2_d.hpp
[143.986s] -- Installing: /root/Lunar_ROADSTER/lr_ws/install/cg_msgs/include/cg_msgs/cg_msgs/msg/pose2_d.hpp
[143.986s] -- Installing: /root/Lunar_ROADSTER/lr_ws/install/cg_msgs/include/cg_msgs/cg_msgs/msg/slip.hpp
[143.987s] -- Installing: /root/Lunar_ROADSTER/lr_ws/install/cg_msgs/include/cg_msgs/cg_msgs/msg/mux_mode.hpp
[143.988s] -- Installing: /root/Lunar_ROADSTER/lr_ws/install/cg_msgs/include/cg_msgs/cg_msgs/msg/actuator_state.hpp
[143.989s] -- Installing: /root/Lunar_ROADSTER/lr_ws/install/cg_msgs/include/cg_msgs/cg_msgs/msg/site_map.hpp
[143.989s] -- Installing: /root/Lunar_ROADSTER/lr_ws/install/cg_msgs/include/cg_msgs/cg_msgs/msg/trajectory.hpp
[143.990s] -- Up-to-date: /root/Lunar_ROADSTER/lr_ws/install/cg_msgs/include/cg_msgs/cg_msgs/srv
[143.990s] -- Installing: /root/Lunar_ROADSTER/lr_ws/install/cg_msgs/include/cg_msgs/cg_msgs/srv/site_map.hpp
[143.991s] -- Up-to-date: /root/Lunar_ROADSTER/lr_ws/install/cg_msgs/include/cg_msgs/cg_msgs/srv/detail
[143.992s] -- Installing: /root/Lunar_ROADSTER/lr_ws/install/cg_msgs/include/cg_msgs/cg_msgs/srv/detail/site_map__builder.hpp
[143.992s] -- Installing: /root/Lunar_ROADSTER/lr_ws/install/cg_msgs/include/cg_msgs/cg_msgs/srv/detail/site_map__struct.hpp
[143.993s] -- Installing: /root/Lunar_ROADSTER/lr_ws/install/cg_msgs/include/cg_msgs/cg_msgs/srv/detail/site_map__traits.hpp
[143.994s] -- Installing: /root/Lunar_ROADSTER/lr_ws/install/cg_msgs/include/cg_msgs/cg_msgs/srv/detail/site_map__type_support.hpp
[143.995s] -- Installing: /root/Lunar_ROADSTER/lr_ws/install/cg_msgs/include/cg_msgs/cg_msgs/srv/detail/update_trajectory__builder.hpp
[143.995s] -- Installing: /root/Lunar_ROADSTER/lr_ws/install/cg_msgs/include/cg_msgs/cg_msgs/srv/detail/update_trajectory__struct.hpp
[143.996s] -- Installing: /root/Lunar_ROADSTER/lr_ws/install/cg_msgs/include/cg_msgs/cg_msgs/srv/detail/update_trajectory__traits.hpp
[143.997s] -- Installing: /root/Lunar_ROADSTER/lr_ws/install/cg_msgs/include/cg_msgs/cg_msgs/srv/detail/update_trajectory__type_support.hpp
[143.997s] -- Installing: /root/Lunar_ROADSTER/lr_ws/install/cg_msgs/include/cg_msgs/cg_msgs/srv/detail/enable_worksystem__builder.hpp
[143.998s] -- Installing: /root/Lunar_ROADSTER/lr_ws/install/cg_msgs/include/cg_msgs/cg_msgs/srv/detail/enable_worksystem__struct.hpp
[143.999s] -- Installing: /root/Lunar_ROADSTER/lr_ws/install/cg_msgs/include/cg_msgs/cg_msgs/srv/detail/enable_worksystem__traits.hpp
[144.005s] -- Installing: /root/Lunar_ROADSTER/lr_ws/install/cg_msgs/include/cg_msgs/cg_msgs/srv/detail/enable_worksystem__type_support.hpp
[144.005s] -- Installing: /root/Lunar_ROADSTER/lr_ws/install/cg_msgs/include/cg_msgs/cg_msgs/srv/detail/save_map__builder.hpp
[144.005s] -- Installing: /root/Lunar_ROADSTER/lr_ws/install/cg_msgs/include/cg_msgs/cg_msgs/srv/detail/save_map__struct.hpp
[144.006s] -- Installing: /root/Lunar_ROADSTER/lr_ws/install/cg_msgs/include/cg_msgs/cg_msgs/srv/detail/save_map__traits.hpp
[144.007s] -- Installing: /root/Lunar_ROADSTER/lr_ws/install/cg_msgs/include/cg_msgs/cg_msgs/srv/detail/save_map__type_support.hpp
[144.010s] -- Installing: /root/Lunar_ROADSTER/lr_ws/install/cg_msgs/include/cg_msgs/cg_msgs/srv/update_trajectory.hpp
[144.011s] -- Installing: /root/Lunar_ROADSTER/lr_ws/install/cg_msgs/include/cg_msgs/cg_msgs/srv/enable_worksystem.hpp
[144.011s] -- Installing: /root/Lunar_ROADSTER/lr_ws/install/cg_msgs/include/cg_msgs/cg_msgs/srv/save_map.hpp
[144.012s] -- Up-to-date: /root/Lunar_ROADSTER/lr_ws/install/cg_msgs/include/cg_msgs/cg_msgs
[144.012s] -- Up-to-date: /root/Lunar_ROADSTER/lr_ws/install/cg_msgs/include/cg_msgs/cg_msgs/msg
[144.012s] -- Up-to-date: /root/Lunar_ROADSTER/lr_ws/install/cg_msgs/include/cg_msgs/cg_msgs/msg/detail
[144.013s] -- Installing: /root/Lunar_ROADSTER/lr_ws/install/cg_msgs/include/cg_msgs/cg_msgs/msg/detail/actuator_command__rosidl_typesupport_fastrtps_cpp.hpp
[144.023s] -- Installing: /root/Lunar_ROADSTER/lr_ws/install/cg_msgs/include/cg_msgs/cg_msgs/msg/detail/dds_fastrtps
[144.024s] -- Installing: /root/Lunar_ROADSTER/lr_ws/install/cg_msgs/include/cg_msgs/cg_msgs/msg/detail/beacon_tag__rosidl_typesupport_fastrtps_cpp.hpp
[144.036s] -- Installing: /root/Lunar_ROADSTER/lr_ws/install/cg_msgs/include/cg_msgs/cg_msgs/msg/detail/beacon_multi_tag__rosidl_typesupport_fastrtps_cpp.hpp
[144.036s] -- Installing: /root/Lunar_ROADSTER/lr_ws/install/cg_msgs/include/cg_msgs/cg_msgs/msg/detail/encoder_telemetry__rosidl_typesupport_fastrtps_cpp.hpp
[144.037s] -- Installing: /root/Lunar_ROADSTER/lr_ws/install/cg_msgs/include/cg_msgs/cg_msgs/msg/detail/point2_d__rosidl_typesupport_fastrtps_cpp.hpp
[144.039s] -- Installing: /root/Lunar_ROADSTER/lr_ws/install/cg_msgs/include/cg_msgs/cg_msgs/msg/detail/pose2_d__rosidl_typesupport_fastrtps_cpp.hpp
[144.040s] -- Installing: /root/Lunar_ROADSTER/lr_ws/install/cg_msgs/include/cg_msgs/cg_msgs/msg/detail/slip__rosidl_typesupport_fastrtps_cpp.hpp
[144.042s] -- Installing: /root/Lunar_ROADSTER/lr_ws/install/cg_msgs/include/cg_msgs/cg_msgs/msg/detail/mux_mode__rosidl_typesupport_fastrtps_cpp.hpp
[144.044s] -- Installing: /root/Lunar_ROADSTER/lr_ws/install/cg_msgs/include/cg_msgs/cg_msgs/msg/detail/actuator_state__rosidl_typesupport_fastrtps_cpp.hpp
[144.045s] -- Installing: /root/Lunar_ROADSTER/lr_ws/install/cg_msgs/include/cg_msgs/cg_msgs/msg/detail/site_map__rosidl_typesupport_fastrtps_cpp.hpp
[144.045s] -- Installing: /root/Lunar_ROADSTER/lr_ws/install/cg_msgs/include/cg_msgs/cg_msgs/msg/detail/trajectory__rosidl_typesupport_fastrtps_cpp.hpp
[144.045s] -- Installing: /root/Lunar_ROADSTER/lr_ws/install/cg_msgs/include/cg_msgs/cg_msgs/msg/rosidl_typesupport_fastrtps_cpp__visibility_control.h
[144.046s] -- Up-to-date: /root/Lunar_ROADSTER/lr_ws/install/cg_msgs/include/cg_msgs/cg_msgs/srv
[144.046s] -- Up-to-date: /root/Lunar_ROADSTER/lr_ws/install/cg_msgs/include/cg_msgs/cg_msgs/srv/detail
[144.046s] -- Installing: /root/Lunar_ROADSTER/lr_ws/install/cg_msgs/include/cg_msgs/cg_msgs/srv/detail/site_map__rosidl_typesupport_fastrtps_cpp.hpp
[144.047s] -- Installing: /root/Lunar_ROADSTER/lr_ws/install/cg_msgs/include/cg_msgs/cg_msgs/srv/detail/dds_fastrtps
[144.047s] -- Installing: /root/Lunar_ROADSTER/lr_ws/install/cg_msgs/include/cg_msgs/cg_msgs/srv/detail/update_trajectory__rosidl_typesupport_fastrtps_cpp.hpp
[144.047s] -- Installing: /root/Lunar_ROADSTER/lr_ws/install/cg_msgs/include/cg_msgs/cg_msgs/srv/detail/enable_worksystem__rosidl_typesupport_fastrtps_cpp.hpp
[144.049s] -- Installing: /root/Lunar_ROADSTER/lr_ws/install/cg_msgs/include/cg_msgs/cg_msgs/srv/detail/save_map__rosidl_typesupport_fastrtps_cpp.hpp
[144.049s] -- Installing: /root/Lunar_ROADSTER/lr_ws/install/cg_msgs/lib/libcg_msgs__rosidl_typesupport_fastrtps_cpp.so
[144.050s] -- Set runtime path of "/root/Lunar_ROADSTER/lr_ws/install/cg_msgs/lib/libcg_msgs__rosidl_typesupport_fastrtps_cpp.so" to ""
[144.050s] -- Up-to-date: /root/Lunar_ROADSTER/lr_ws/install/cg_msgs/include/cg_msgs/cg_msgs
[144.050s] -- Up-to-date: /root/Lunar_ROADSTER/lr_ws/install/cg_msgs/include/cg_msgs/cg_msgs/msg
[144.051s] -- Up-to-date: /root/Lunar_ROADSTER/lr_ws/install/cg_msgs/include/cg_msgs/cg_msgs/msg/detail
[144.051s] -- Installing: /root/Lunar_ROADSTER/lr_ws/install/cg_msgs/include/cg_msgs/cg_msgs/msg/detail/actuator_command__rosidl_typesupport_introspection_c.h
[144.051s] -- Installing: /root/Lunar_ROADSTER/lr_ws/install/cg_msgs/include/cg_msgs/cg_msgs/msg/detail/actuator_command__type_support.c
[144.052s] -- Installing: /root/Lunar_ROADSTER/lr_ws/install/cg_msgs/include/cg_msgs/cg_msgs/msg/detail/beacon_tag__rosidl_typesupport_introspection_c.h
[144.052s] -- Installing: /root/Lunar_ROADSTER/lr_ws/install/cg_msgs/include/cg_msgs/cg_msgs/msg/detail/beacon_tag__type_support.c
[144.052s] -- Installing: /root/Lunar_ROADSTER/lr_ws/install/cg_msgs/include/cg_msgs/cg_msgs/msg/detail/beacon_multi_tag__rosidl_typesupport_introspection_c.h
[144.052s] -- Installing: /root/Lunar_ROADSTER/lr_ws/install/cg_msgs/include/cg_msgs/cg_msgs/msg/detail/beacon_multi_tag__type_support.c
[144.056s] -- Installing: /root/Lunar_ROADSTER/lr_ws/install/cg_msgs/include/cg_msgs/cg_msgs/msg/detail/encoder_telemetry__rosidl_typesupport_introspection_c.h
[144.058s] -- Installing: /root/Lunar_ROADSTER/lr_ws/install/cg_msgs/include/cg_msgs/cg_msgs/msg/detail/encoder_telemetry__type_support.c
[144.059s] -- Installing: /root/Lunar_ROADSTER/lr_ws/install/cg_msgs/include/cg_msgs/cg_msgs/msg/detail/point2_d__rosidl_typesupport_introspection_c.h
[144.060s] -- Installing: /root/Lunar_ROADSTER/lr_ws/install/cg_msgs/include/cg_msgs/cg_msgs/msg/detail/point2_d__type_support.c
[144.061s] -- Installing: /root/Lunar_ROADSTER/lr_ws/install/cg_msgs/include/cg_msgs/cg_msgs/msg/detail/pose2_d__rosidl_typesupport_introspection_c.h
[144.063s] -- Installing: /root/Lunar_ROADSTER/lr_ws/install/cg_msgs/include/cg_msgs/cg_msgs/msg/detail/pose2_d__type_support.c
[144.064s] -- Installing: /root/Lunar_ROADSTER/lr_ws/install/cg_msgs/include/cg_msgs/cg_msgs/msg/detail/slip__rosidl_typesupport_introspection_c.h
[144.065s] -- Installing: /root/Lunar_ROADSTER/lr_ws/install/cg_msgs/include/cg_msgs/cg_msgs/msg/detail/slip__type_support.c
[144.066s] -- Installing: /root/Lunar_ROADSTER/lr_ws/install/cg_msgs/include/cg_msgs/cg_msgs/msg/detail/mux_mode__rosidl_typesupport_introspection_c.h
[144.068s] -- Installing: /root/Lunar_ROADSTER/lr_ws/install/cg_msgs/include/cg_msgs/cg_msgs/msg/detail/mux_mode__type_support.c
[144.069s] -- Installing: /root/Lunar_ROADSTER/lr_ws/install/cg_msgs/include/cg_msgs/cg_msgs/msg/detail/actuator_state__rosidl_typesupport_introspection_c.h
[144.070s] -- Installing: /root/Lunar_ROADSTER/lr_ws/install/cg_msgs/include/cg_msgs/cg_msgs/msg/detail/actuator_state__type_support.c
[144.078s] -- Installing: /root/Lunar_ROADSTER/lr_ws/install/cg_msgs/include/cg_msgs/cg_msgs/msg/detail/site_map__rosidl_typesupport_introspection_c.h
[144.079s] -- Installing: /root/Lunar_ROADSTER/lr_ws/install/cg_msgs/include/cg_msgs/cg_msgs/msg/detail/site_map__type_support.c
[144.079s] -- Installing: /root/Lunar_ROADSTER/lr_ws/install/cg_msgs/include/cg_msgs/cg_msgs/msg/detail/trajectory__rosidl_typesupport_introspection_c.h
[144.080s] -- Installing: /root/Lunar_ROADSTER/lr_ws/install/cg_msgs/include/cg_msgs/cg_msgs/msg/detail/trajectory__type_support.c
[144.082s] -- Installing: /root/Lunar_ROADSTER/lr_ws/install/cg_msgs/include/cg_msgs/cg_msgs/msg/rosidl_typesupport_introspection_c__visibility_control.h
[144.083s] -- Up-to-date: /root/Lunar_ROADSTER/lr_ws/install/cg_msgs/include/cg_msgs/cg_msgs/srv
[144.083s] -- Up-to-date: /root/Lunar_ROADSTER/lr_ws/install/cg_msgs/include/cg_msgs/cg_msgs/srv/detail
[144.084s] -- Installing: /root/Lunar_ROADSTER/lr_ws/install/cg_msgs/include/cg_msgs/cg_msgs/srv/detail/site_map__rosidl_typesupport_introspection_c.h
[144.085s] -- Installing: /root/Lunar_ROADSTER/lr_ws/install/cg_msgs/include/cg_msgs/cg_msgs/srv/detail/site_map__type_support.c
[144.086s] -- Installing: /root/Lunar_ROADSTER/lr_ws/install/cg_msgs/include/cg_msgs/cg_msgs/srv/detail/update_trajectory__rosidl_typesupport_introspection_c.h
[144.087s] -- Installing: /root/Lunar_ROADSTER/lr_ws/install/cg_msgs/include/cg_msgs/cg_msgs/srv/detail/update_trajectory__type_support.c
[144.088s] -- Installing: /root/Lunar_ROADSTER/lr_ws/install/cg_msgs/include/cg_msgs/cg_msgs/srv/detail/enable_worksystem__rosidl_typesupport_introspection_c.h
[144.089s] -- Installing: /root/Lunar_ROADSTER/lr_ws/install/cg_msgs/include/cg_msgs/cg_msgs/srv/detail/enable_worksystem__type_support.c
[144.090s] -- Installing: /root/Lunar_ROADSTER/lr_ws/install/cg_msgs/include/cg_msgs/cg_msgs/srv/detail/save_map__rosidl_typesupport_introspection_c.h
[144.091s] -- Installing: /root/Lunar_ROADSTER/lr_ws/install/cg_msgs/include/cg_msgs/cg_msgs/srv/detail/save_map__type_support.c
[144.093s] -- Installing: /root/Lunar_ROADSTER/lr_ws/install/cg_msgs/lib/libcg_msgs__rosidl_typesupport_introspection_c.so
[144.096s] -- Set runtime path of "/root/Lunar_ROADSTER/lr_ws/install/cg_msgs/lib/libcg_msgs__rosidl_typesupport_introspection_c.so" to ""
[144.096s] -- Installing: /root/Lunar_ROADSTER/lr_ws/install/cg_msgs/lib/libcg_msgs__rosidl_typesupport_c.so
[144.099s] -- Set runtime path of "/root/Lunar_ROADSTER/lr_ws/install/cg_msgs/lib/libcg_msgs__rosidl_typesupport_c.so" to ""
[144.100s] -- Up-to-date: /root/Lunar_ROADSTER/lr_ws/install/cg_msgs/include/cg_msgs/cg_msgs
[144.101s] -- Up-to-date: /root/Lunar_ROADSTER/lr_ws/install/cg_msgs/include/cg_msgs/cg_msgs/msg
[144.102s] -- Up-to-date: /root/Lunar_ROADSTER/lr_ws/install/cg_msgs/include/cg_msgs/cg_msgs/msg/detail
[144.103s] -- Installing: /root/Lunar_ROADSTER/lr_ws/install/cg_msgs/include/cg_msgs/cg_msgs/msg/detail/actuator_command__rosidl_typesupport_introspection_cpp.hpp
[144.104s] -- Installing: /root/Lunar_ROADSTER/lr_ws/install/cg_msgs/include/cg_msgs/cg_msgs/msg/detail/actuator_command__type_support.cpp
[144.106s] -- Installing: /root/Lunar_ROADSTER/lr_ws/install/cg_msgs/include/cg_msgs/cg_msgs/msg/detail/beacon_tag__rosidl_typesupport_introspection_cpp.hpp
[144.107s] -- Installing: /root/Lunar_ROADSTER/lr_ws/install/cg_msgs/include/cg_msgs/cg_msgs/msg/detail/beacon_tag__type_support.cpp
[144.111s] -- Installing: /root/Lunar_ROADSTER/lr_ws/install/cg_msgs/include/cg_msgs/cg_msgs/msg/detail/beacon_multi_tag__rosidl_typesupport_introspection_cpp.hpp
[144.112s] -- Installing: /root/Lunar_ROADSTER/lr_ws/install/cg_msgs/include/cg_msgs/cg_msgs/msg/detail/beacon_multi_tag__type_support.cpp
[144.112s] -- Installing: /root/Lunar_ROADSTER/lr_ws/install/cg_msgs/include/cg_msgs/cg_msgs/msg/detail/encoder_telemetry__rosidl_typesupport_introspection_cpp.hpp
[144.113s] -- Installing: /root/Lunar_ROADSTER/lr_ws/install/cg_msgs/include/cg_msgs/cg_msgs/msg/detail/encoder_telemetry__type_support.cpp
[144.115s] -- Installing: /root/Lunar_ROADSTER/lr_ws/install/cg_msgs/include/cg_msgs/cg_msgs/msg/detail/point2_d__rosidl_typesupport_introspection_cpp.hpp
[144.116s] -- Installing: /root/Lunar_ROADSTER/lr_ws/install/cg_msgs/include/cg_msgs/cg_msgs/msg/detail/point2_d__type_support.cpp
[144.118s] -- Installing: /root/Lunar_ROADSTER/lr_ws/install/cg_msgs/include/cg_msgs/cg_msgs/msg/detail/pose2_d__rosidl_typesupport_introspection_cpp.hpp
[144.119s] -- Installing: /root/Lunar_ROADSTER/lr_ws/install/cg_msgs/include/cg_msgs/cg_msgs/msg/detail/pose2_d__type_support.cpp
[144.121s] -- Installing: /root/Lunar_ROADSTER/lr_ws/install/cg_msgs/include/cg_msgs/cg_msgs/msg/detail/slip__rosidl_typesupport_introspection_cpp.hpp
[144.122s] -- Installing: /root/Lunar_ROADSTER/lr_ws/install/cg_msgs/include/cg_msgs/cg_msgs/msg/detail/slip__type_support.cpp
[144.123s] -- Installing: /root/Lunar_ROADSTER/lr_ws/install/cg_msgs/include/cg_msgs/cg_msgs/msg/detail/mux_mode__rosidl_typesupport_introspection_cpp.hpp
[144.125s] -- Installing: /root/Lunar_ROADSTER/lr_ws/install/cg_msgs/include/cg_msgs/cg_msgs/msg/detail/mux_mode__type_support.cpp
[144.126s] -- Installing: /root/Lunar_ROADSTER/lr_ws/install/cg_msgs/include/cg_msgs/cg_msgs/msg/detail/actuator_state__rosidl_typesupport_introspection_cpp.hpp
[144.128s] -- Installing: /root/Lunar_ROADSTER/lr_ws/install/cg_msgs/include/cg_msgs/cg_msgs/msg/detail/actuator_state__type_support.cpp
[144.129s] -- Installing: /root/Lunar_ROADSTER/lr_ws/install/cg_msgs/include/cg_msgs/cg_msgs/msg/detail/site_map__rosidl_typesupport_introspection_cpp.hpp
[144.130s] -- Installing: /root/Lunar_ROADSTER/lr_ws/install/cg_msgs/include/cg_msgs/cg_msgs/msg/detail/site_map__type_support.cpp
[144.132s] -- Installing: /root/Lunar_ROADSTER/lr_ws/install/cg_msgs/include/cg_msgs/cg_msgs/msg/detail/trajectory__rosidl_typesupport_introspection_cpp.hpp
[144.133s] -- Installing: /root/Lunar_ROADSTER/lr_ws/install/cg_msgs/include/cg_msgs/cg_msgs/msg/detail/trajectory__type_support.cpp
[144.134s] -- Up-to-date: /root/Lunar_ROADSTER/lr_ws/install/cg_msgs/include/cg_msgs/cg_msgs/srv
[144.135s] -- Up-to-date: /root/Lunar_ROADSTER/lr_ws/install/cg_msgs/include/cg_msgs/cg_msgs/srv/detail
[144.135s] -- Installing: /root/Lunar_ROADSTER/lr_ws/install/cg_msgs/include/cg_msgs/cg_msgs/srv/detail/site_map__rosidl_typesupport_introspection_cpp.hpp
[144.137s] -- Installing: /root/Lunar_ROADSTER/lr_ws/install/cg_msgs/include/cg_msgs/cg_msgs/srv/detail/site_map__type_support.cpp
[144.138s] -- Installing: /root/Lunar_ROADSTER/lr_ws/install/cg_msgs/include/cg_msgs/cg_msgs/srv/detail/update_trajectory__rosidl_typesupport_introspection_cpp.hpp
[144.139s] -- Installing: /root/Lunar_ROADSTER/lr_ws/install/cg_msgs/include/cg_msgs/cg_msgs/srv/detail/update_trajectory__type_support.cpp
[144.140s] -- Installing: /root/Lunar_ROADSTER/lr_ws/install/cg_msgs/include/cg_msgs/cg_msgs/srv/detail/enable_worksystem__rosidl_typesupport_introspection_cpp.hpp
[144.141s] -- Installing: /root/Lunar_ROADSTER/lr_ws/install/cg_msgs/include/cg_msgs/cg_msgs/srv/detail/enable_worksystem__type_support.cpp
[144.142s] -- Installing: /root/Lunar_ROADSTER/lr_ws/install/cg_msgs/include/cg_msgs/cg_msgs/srv/detail/save_map__rosidl_typesupport_introspection_cpp.hpp
[144.144s] -- Installing: /root/Lunar_ROADSTER/lr_ws/install/cg_msgs/include/cg_msgs/cg_msgs/srv/detail/save_map__type_support.cpp
[144.146s] -- Installing: /root/Lunar_ROADSTER/lr_ws/install/cg_msgs/lib/libcg_msgs__rosidl_typesupport_introspection_cpp.so
[144.152s] -- Set runtime path of "/root/Lunar_ROADSTER/lr_ws/install/cg_msgs/lib/libcg_msgs__rosidl_typesupport_introspection_cpp.so" to ""
[144.152s] -- Installing: /root/Lunar_ROADSTER/lr_ws/install/cg_msgs/lib/libcg_msgs__rosidl_typesupport_cpp.so
[144.154s] -- Set runtime path of "/root/Lunar_ROADSTER/lr_ws/install/cg_msgs/lib/libcg_msgs__rosidl_typesupport_cpp.so" to ""
[144.155s] -- Installing: /root/Lunar_ROADSTER/lr_ws/install/cg_msgs/share/cg_msgs/environment/pythonpath.sh
[144.156s] -- Installing: /root/Lunar_ROADSTER/lr_ws/install/cg_msgs/share/cg_msgs/environment/pythonpath.dsv
[144.156s] -- Installing: /root/Lunar_ROADSTER/lr_ws/install/cg_msgs/local/lib/python3.10/dist-packages/cg_msgs-0.0.0-py3.10.egg-info
[144.164s] -- Installing: /root/Lunar_ROADSTER/lr_ws/install/cg_msgs/local/lib/python3.10/dist-packages/cg_msgs-0.0.0-py3.10.egg-info/PKG-INFO
[144.168s] -- Installing: /root/Lunar_ROADSTER/lr_ws/install/cg_msgs/local/lib/python3.10/dist-packages/cg_msgs-0.0.0-py3.10.egg-info/dependency_links.txt
[144.169s] -- Installing: /root/Lunar_ROADSTER/lr_ws/install/cg_msgs/local/lib/python3.10/dist-packages/cg_msgs-0.0.0-py3.10.egg-info/top_level.txt
[144.171s] -- Installing: /root/Lunar_ROADSTER/lr_ws/install/cg_msgs/local/lib/python3.10/dist-packages/cg_msgs-0.0.0-py3.10.egg-info/SOURCES.txt
[144.174s] -- Installing: /root/Lunar_ROADSTER/lr_ws/install/cg_msgs/local/lib/python3.10/dist-packages/cg_msgs
[144.174s] -- Installing: /root/Lunar_ROADSTER/lr_ws/install/cg_msgs/local/lib/python3.10/dist-packages/cg_msgs/__init__.py
[144.175s] -- Installing: /root/Lunar_ROADSTER/lr_ws/install/cg_msgs/local/lib/python3.10/dist-packages/cg_msgs/msg
[144.175s] -- Installing: /root/Lunar_ROADSTER/lr_ws/install/cg_msgs/local/lib/python3.10/dist-packages/cg_msgs/msg/_actuator_command.py
[144.177s] -- Installing: /root/Lunar_ROADSTER/lr_ws/install/cg_msgs/local/lib/python3.10/dist-packages/cg_msgs/msg/_actuator_command_s.c
[144.178s] -- Installing: /root/Lunar_ROADSTER/lr_ws/install/cg_msgs/local/lib/python3.10/dist-packages/cg_msgs/msg/_beacon_tag.py
[144.179s] -- Installing: /root/Lunar_ROADSTER/lr_ws/install/cg_msgs/local/lib/python3.10/dist-packages/cg_msgs/msg/_beacon_tag_s.c
[144.180s] -- Installing: /root/Lunar_ROADSTER/lr_ws/install/cg_msgs/local/lib/python3.10/dist-packages/cg_msgs/msg/_beacon_multi_tag.py
[144.182s] -- Installing: /root/Lunar_ROADSTER/lr_ws/install/cg_msgs/local/lib/python3.10/dist-packages/cg_msgs/msg/_beacon_multi_tag_s.c
[144.184s] -- Installing: /root/Lunar_ROADSTER/lr_ws/install/cg_msgs/local/lib/python3.10/dist-packages/cg_msgs/msg/_encoder_telemetry.py
[144.186s] -- Installing: /root/Lunar_ROADSTER/lr_ws/install/cg_msgs/local/lib/python3.10/dist-packages/cg_msgs/msg/_encoder_telemetry_s.c
[144.186s] -- Installing: /root/Lunar_ROADSTER/lr_ws/install/cg_msgs/local/lib/python3.10/dist-packages/cg_msgs/msg/_point2_d.py
[144.192s] -- Installing: /root/Lunar_ROADSTER/lr_ws/install/cg_msgs/local/lib/python3.10/dist-packages/cg_msgs/msg/_point2_d_s.c
[144.193s] -- Installing: /root/Lunar_ROADSTER/lr_ws/install/cg_msgs/local/lib/python3.10/dist-packages/cg_msgs/msg/_pose2_d.py
[144.195s] -- Installing: /root/Lunar_ROADSTER/lr_ws/install/cg_msgs/local/lib/python3.10/dist-packages/cg_msgs/msg/_pose2_d_s.c
[144.196s] -- Installing: /root/Lunar_ROADSTER/lr_ws/install/cg_msgs/local/lib/python3.10/dist-packages/cg_msgs/msg/_slip.py
[144.197s] -- Installing: /root/Lunar_ROADSTER/lr_ws/install/cg_msgs/local/lib/python3.10/dist-packages/cg_msgs/msg/_slip_s.c
[144.203s] -- Installing: /root/Lunar_ROADSTER/lr_ws/install/cg_msgs/local/lib/python3.10/dist-packages/cg_msgs/msg/_mux_mode.py
[144.204s] -- Installing: /root/Lunar_ROADSTER/lr_ws/install/cg_msgs/local/lib/python3.10/dist-packages/cg_msgs/msg/_mux_mode_s.c
[144.204s] -- Installing: /root/Lunar_ROADSTER/lr_ws/install/cg_msgs/local/lib/python3.10/dist-packages/cg_msgs/msg/_actuator_state.py
[144.204s] -- Installing: /root/Lunar_ROADSTER/lr_ws/install/cg_msgs/local/lib/python3.10/dist-packages/cg_msgs/msg/_actuator_state_s.c
[144.205s] -- Installing: /root/Lunar_ROADSTER/lr_ws/install/cg_msgs/local/lib/python3.10/dist-packages/cg_msgs/msg/_site_map.py
[144.205s] -- Installing: /root/Lunar_ROADSTER/lr_ws/install/cg_msgs/local/lib/python3.10/dist-packages/cg_msgs/msg/_site_map_s.c
[144.206s] -- Installing: /root/Lunar_ROADSTER/lr_ws/install/cg_msgs/local/lib/python3.10/dist-packages/cg_msgs/msg/_trajectory.py
[144.207s] -- Installing: /root/Lunar_ROADSTER/lr_ws/install/cg_msgs/local/lib/python3.10/dist-packages/cg_msgs/msg/_trajectory_s.c
[144.207s] -- Installing: /root/Lunar_ROADSTER/lr_ws/install/cg_msgs/local/lib/python3.10/dist-packages/cg_msgs/msg/__init__.py
[144.207s] -- Installing: /root/Lunar_ROADSTER/lr_ws/install/cg_msgs/local/lib/python3.10/dist-packages/cg_msgs/srv
[144.208s] -- Installing: /root/Lunar_ROADSTER/lr_ws/install/cg_msgs/local/lib/python3.10/dist-packages/cg_msgs/srv/_site_map.py
[144.208s] -- Installing: /root/Lunar_ROADSTER/lr_ws/install/cg_msgs/local/lib/python3.10/dist-packages/cg_msgs/srv/_site_map_s.c
[144.208s] -- Installing: /root/Lunar_ROADSTER/lr_ws/install/cg_msgs/local/lib/python3.10/dist-packages/cg_msgs/srv/_update_trajectory.py
[144.209s] -- Installing: /root/Lunar_ROADSTER/lr_ws/install/cg_msgs/local/lib/python3.10/dist-packages/cg_msgs/srv/_update_trajectory_s.c
[144.209s] -- Installing: /root/Lunar_ROADSTER/lr_ws/install/cg_msgs/local/lib/python3.10/dist-packages/cg_msgs/srv/_enable_worksystem.py
[144.209s] -- Installing: /root/Lunar_ROADSTER/lr_ws/install/cg_msgs/local/lib/python3.10/dist-packages/cg_msgs/srv/_enable_worksystem_s.c
[144.210s] -- Installing: /root/Lunar_ROADSTER/lr_ws/install/cg_msgs/local/lib/python3.10/dist-packages/cg_msgs/srv/_save_map.py
[144.210s] -- Installing: /root/Lunar_ROADSTER/lr_ws/install/cg_msgs/local/lib/python3.10/dist-packages/cg_msgs/srv/_save_map_s.c
[144.211s] -- Installing: /root/Lunar_ROADSTER/lr_ws/install/cg_msgs/local/lib/python3.10/dist-packages/cg_msgs/srv/__init__.py
[144.212s] -- Installing: /root/Lunar_ROADSTER/lr_ws/install/cg_msgs/local/lib/python3.10/dist-packages/cg_msgs/_cg_msgs_s.ep.rosidl_typesupport_fastrtps_c.c
[144.212s] -- Installing: /root/Lunar_ROADSTER/lr_ws/install/cg_msgs/local/lib/python3.10/dist-packages/cg_msgs/_cg_msgs_s.ep.rosidl_typesupport_introspection_c.c
[144.212s] -- Installing: /root/Lunar_ROADSTER/lr_ws/install/cg_msgs/local/lib/python3.10/dist-packages/cg_msgs/_cg_msgs_s.ep.rosidl_typesupport_c.c
[144.212s] -- Installing: /root/Lunar_ROADSTER/lr_ws/install/cg_msgs/local/lib/python3.10/dist-packages/cg_msgs/libcg_msgs__rosidl_generator_py.so
[144.214s] -- Installing: /root/Lunar_ROADSTER/lr_ws/install/cg_msgs/local/lib/python3.10/dist-packages/cg_msgs/cg_msgs_s__rosidl_typesupport_fastrtps_c.cpython-310-aarch64-linux-gnu.so
[144.215s] -- Installing: /root/Lunar_ROADSTER/lr_ws/install/cg_msgs/local/lib/python3.10/dist-packages/cg_msgs/cg_msgs_s__rosidl_typesupport_c.cpython-310-aarch64-linux-gnu.so
[144.217s] -- Installing: /root/Lunar_ROADSTER/lr_ws/install/cg_msgs/local/lib/python3.10/dist-packages/cg_msgs/cg_msgs_s__rosidl_typesupport_introspection_c.cpython-310-aarch64-linux-gnu.so
[144.467s] Listing '/root/Lunar_ROADSTER/lr_ws/install/cg_msgs/local/lib/python3.10/dist-packages/cg_msgs'...
[144.467s] Compiling '/root/Lunar_ROADSTER/lr_ws/install/cg_msgs/local/lib/python3.10/dist-packages/cg_msgs/__init__.py'...
[144.468s] Listing '/root/Lunar_ROADSTER/lr_ws/install/cg_msgs/local/lib/python3.10/dist-packages/cg_msgs/msg'...
[144.468s] Compiling '/root/Lunar_ROADSTER/lr_ws/install/cg_msgs/local/lib/python3.10/dist-packages/cg_msgs/msg/__init__.py'...
[144.468s] Compiling '/root/Lunar_ROADSTER/lr_ws/install/cg_msgs/local/lib/python3.10/dist-packages/cg_msgs/msg/_actuator_command.py'...
[144.469s] Compiling '/root/Lunar_ROADSTER/lr_ws/install/cg_msgs/local/lib/python3.10/dist-packages/cg_msgs/msg/_actuator_state.py'...
[144.469s] Compiling '/root/Lunar_ROADSTER/lr_ws/install/cg_msgs/local/lib/python3.10/dist-packages/cg_msgs/msg/_beacon_multi_tag.py'...
[144.469s] Compiling '/root/Lunar_ROADSTER/lr_ws/install/cg_msgs/local/lib/python3.10/dist-packages/cg_msgs/msg/_beacon_tag.py'...
[144.470s] Compiling '/root/Lunar_ROADSTER/lr_ws/install/cg_msgs/local/lib/python3.10/dist-packages/cg_msgs/msg/_encoder_telemetry.py'...
[144.470s] Compiling '/root/Lunar_ROADSTER/lr_ws/install/cg_msgs/local/lib/python3.10/dist-packages/cg_msgs/msg/_mux_mode.py'...
[144.470s] Compiling '/root/Lunar_ROADSTER/lr_ws/install/cg_msgs/local/lib/python3.10/dist-packages/cg_msgs/msg/_point2_d.py'...
[144.470s] Compiling '/root/Lunar_ROADSTER/lr_ws/install/cg_msgs/local/lib/python3.10/dist-packages/cg_msgs/msg/_pose2_d.py'...
[144.471s] Compiling '/root/Lunar_ROADSTER/lr_ws/install/cg_msgs/local/lib/python3.10/dist-packages/cg_msgs/msg/_site_map.py'...
[144.489s] Compiling '/root/Lunar_ROADSTER/lr_ws/install/cg_msgs/local/lib/python3.10/dist-packages/cg_msgs/msg/_slip.py'...
[144.489s] Compiling '/root/Lunar_ROADSTER/lr_ws/install/cg_msgs/local/lib/python3.10/dist-packages/cg_msgs/msg/_trajectory.py'...
[144.490s] Listing '/root/Lunar_ROADSTER/lr_ws/install/cg_msgs/local/lib/python3.10/dist-packages/cg_msgs/srv'...
[144.490s] Compiling '/root/Lunar_ROADSTER/lr_ws/install/cg_msgs/local/lib/python3.10/dist-packages/cg_msgs/srv/__init__.py'...
[144.490s] Compiling '/root/Lunar_ROADSTER/lr_ws/install/cg_msgs/local/lib/python3.10/dist-packages/cg_msgs/srv/_enable_worksystem.py'...
[144.491s] Compiling '/root/Lunar_ROADSTER/lr_ws/install/cg_msgs/local/lib/python3.10/dist-packages/cg_msgs/srv/_save_map.py'...
[144.491s] Compiling '/root/Lunar_ROADSTER/lr_ws/install/cg_msgs/local/lib/python3.10/dist-packages/cg_msgs/srv/_site_map.py'...
[144.504s] Compiling '/root/Lunar_ROADSTER/lr_ws/install/cg_msgs/local/lib/python3.10/dist-packages/cg_msgs/srv/_update_trajectory.py'...
[144.504s] -- Installing: /root/Lunar_ROADSTER/lr_ws/install/cg_msgs/local/lib/python3.10/dist-packages/cg_msgs/cg_msgs_s__rosidl_typesupport_fastrtps_c.cpython-310-aarch64-linux-gnu.so
[144.505s] -- Set runtime path of "/root/Lunar_ROADSTER/lr_ws/install/cg_msgs/local/lib/python3.10/dist-packages/cg_msgs/cg_msgs_s__rosidl_typesupport_fastrtps_c.cpython-310-aarch64-linux-gnu.so" to ""
[144.505s] -- Installing: /root/Lunar_ROADSTER/lr_ws/install/cg_msgs/local/lib/python3.10/dist-packages/cg_msgs/cg_msgs_s__rosidl_typesupport_introspection_c.cpython-310-aarch64-linux-gnu.so
[144.506s] -- Set runtime path of "/root/Lunar_ROADSTER/lr_ws/install/cg_msgs/local/lib/python3.10/dist-packages/cg_msgs/cg_msgs_s__rosidl_typesupport_introspection_c.cpython-310-aarch64-linux-gnu.so" to ""
[144.506s] -- Installing: /root/Lunar_ROADSTER/lr_ws/install/cg_msgs/local/lib/python3.10/dist-packages/cg_msgs/cg_msgs_s__rosidl_typesupport_c.cpython-310-aarch64-linux-gnu.so
[144.506s] -- Set runtime path of "/root/Lunar_ROADSTER/lr_ws/install/cg_msgs/local/lib/python3.10/dist-packages/cg_msgs/cg_msgs_s__rosidl_typesupport_c.cpython-310-aarch64-linux-gnu.so" to ""
[144.507s] -- Installing: /root/Lunar_ROADSTER/lr_ws/install/cg_msgs/lib/libcg_msgs__rosidl_generator_py.so
[144.507s] -- Set runtime path of "/root/Lunar_ROADSTER/lr_ws/install/cg_msgs/lib/libcg_msgs__rosidl_generator_py.so" to ""
[144.508s] -- Installing: /root/Lunar_ROADSTER/lr_ws/install/cg_msgs/share/cg_msgs/msg/ActuatorCommand.idl
[144.508s] -- Installing: /root/Lunar_ROADSTER/lr_ws/install/cg_msgs/share/cg_msgs/msg/BeaconTag.idl
[144.517s] -- Installing: /root/Lunar_ROADSTER/lr_ws/install/cg_msgs/share/cg_msgs/msg/BeaconMultiTag.idl
[144.523s] -- Installing: /root/Lunar_ROADSTER/lr_ws/install/cg_msgs/share/cg_msgs/msg/EncoderTelemetry.idl
[144.525s] -- Installing: /root/Lunar_ROADSTER/lr_ws/install/cg_msgs/share/cg_msgs/msg/Point2D.idl
[144.536s] -- Installing: /root/Lunar_ROADSTER/lr_ws/install/cg_msgs/share/cg_msgs/msg/Pose2D.idl
[144.536s] -- Installing: /root/Lunar_ROADSTER/lr_ws/install/cg_msgs/share/cg_msgs/msg/Slip.idl
[144.536s] -- Installing: /root/Lunar_ROADSTER/lr_ws/install/cg_msgs/share/cg_msgs/msg/MuxMode.idl
[144.537s] -- Installing: /root/Lunar_ROADSTER/lr_ws/install/cg_msgs/share/cg_msgs/msg/ActuatorState.idl
[144.537s] -- Installing: /root/Lunar_ROADSTER/lr_ws/install/cg_msgs/share/cg_msgs/msg/SiteMap.idl
[144.537s] -- Installing: /root/Lunar_ROADSTER/lr_ws/install/cg_msgs/share/cg_msgs/msg/Trajectory.idl
[144.538s] -- Installing: /root/Lunar_ROADSTER/lr_ws/install/cg_msgs/share/cg_msgs/srv/SiteMap.idl
[144.551s] -- Installing: /root/Lunar_ROADSTER/lr_ws/install/cg_msgs/share/cg_msgs/srv/UpdateTrajectory.idl
[144.552s] -- Installing: /root/Lunar_ROADSTER/lr_ws/install/cg_msgs/share/cg_msgs/srv/EnableWorksystem.idl
[144.553s] -- Installing: /root/Lunar_ROADSTER/lr_ws/install/cg_msgs/share/cg_msgs/srv/SaveMap.idl
[144.553s] -- Installing: /root/Lunar_ROADSTER/lr_ws/install/cg_msgs/share/cg_msgs/srv/SiteMap.srv
[144.554s] -- Installing: /root/Lunar_ROADSTER/lr_ws/install/cg_msgs/share/cg_msgs/srv/SiteMap_Request.msg
[144.554s] -- Installing: /root/Lunar_ROADSTER/lr_ws/install/cg_msgs/share/cg_msgs/srv/SiteMap_Response.msg
[144.554s] -- Installing: /root/Lunar_ROADSTER/lr_ws/install/cg_msgs/share/cg_msgs/srv/UpdateTrajectory.srv
[144.555s] -- Installing: /root/Lunar_ROADSTER/lr_ws/install/cg_msgs/share/cg_msgs/srv/UpdateTrajectory_Request.msg
[144.555s] -- Installing: /root/Lunar_ROADSTER/lr_ws/install/cg_msgs/share/cg_msgs/srv/UpdateTrajectory_Response.msg
[144.555s] -- Installing: /root/Lunar_ROADSTER/lr_ws/install/cg_msgs/share/cg_msgs/srv/EnableWorksystem.srv
[144.556s] -- Installing: /root/Lunar_ROADSTER/lr_ws/install/cg_msgs/share/cg_msgs/srv/EnableWorksystem_Request.msg
[144.556s] -- Installing: /root/Lunar_ROADSTER/lr_ws/install/cg_msgs/share/cg_msgs/srv/EnableWorksystem_Response.msg
[144.557s] -- Installing: /root/Lunar_ROADSTER/lr_ws/install/cg_msgs/share/cg_msgs/srv/SaveMap.srv
[144.557s] -- Installing: /root/Lunar_ROADSTER/lr_ws/install/cg_msgs/share/cg_msgs/srv/SaveMap_Request.msg
[144.557s] -- Installing: /root/Lunar_ROADSTER/lr_ws/install/cg_msgs/share/cg_msgs/srv/SaveMap_Response.msg
[144.557s] -- Installing: /root/Lunar_ROADSTER/lr_ws/install/cg_msgs/share/ament_index/resource_index/package_run_dependencies/cg_msgs
[144.558s] -- Installing: /root/Lunar_ROADSTER/lr_ws/install/cg_msgs/share/ament_index/resource_index/parent_prefix_path/cg_msgs
[144.558s] -- Installing: /root/Lunar_ROADSTER/lr_ws/install/cg_msgs/share/cg_msgs/environment/ament_prefix_path.sh
[144.558s] -- Installing: /root/Lunar_ROADSTER/lr_ws/install/cg_msgs/share/cg_msgs/environment/ament_prefix_path.dsv
[144.559s] -- Installing: /root/Lunar_ROADSTER/lr_ws/install/cg_msgs/share/cg_msgs/environment/path.sh
[144.559s] -- Installing: /root/Lunar_ROADSTER/lr_ws/install/cg_msgs/share/cg_msgs/environment/path.dsv
[144.559s] -- Installing: /root/Lunar_ROADSTER/lr_ws/install/cg_msgs/share/cg_msgs/local_setup.bash
[144.560s] -- Installing: /root/Lunar_ROADSTER/lr_ws/install/cg_msgs/share/cg_msgs/local_setup.sh
[144.560s] -- Installing: /root/Lunar_ROADSTER/lr_ws/install/cg_msgs/share/cg_msgs/local_setup.zsh
[144.560s] -- Installing: /root/Lunar_ROADSTER/lr_ws/install/cg_msgs/share/cg_msgs/local_setup.dsv
[144.561s] -- Installing: /root/Lunar_ROADSTER/lr_ws/install/cg_msgs/share/cg_msgs/package.dsv
[144.561s] -- Installing: /root/Lunar_ROADSTER/lr_ws/install/cg_msgs/share/ament_index/resource_index/packages/cg_msgs
[144.561s] -- Installing: /root/Lunar_ROADSTER/lr_ws/install/cg_msgs/share/cg_msgs/cmake/export_cg_msgs__rosidl_generator_cExport.cmake
[144.562s] -- Installing: /root/Lunar_ROADSTER/lr_ws/install/cg_msgs/share/cg_msgs/cmake/export_cg_msgs__rosidl_generator_cExport-noconfig.cmake
[144.568s] -- Installing: /root/Lunar_ROADSTER/lr_ws/install/cg_msgs/share/cg_msgs/cmake/export_cg_msgs__rosidl_typesupport_fastrtps_cExport.cmake
[144.568s] -- Installing: /root/Lunar_ROADSTER/lr_ws/install/cg_msgs/share/cg_msgs/cmake/export_cg_msgs__rosidl_typesupport_fastrtps_cExport-noconfig.cmake
[144.569s] -- Installing: /root/Lunar_ROADSTER/lr_ws/install/cg_msgs/share/cg_msgs/cmake/export_cg_msgs__rosidl_generator_cppExport.cmake
[144.569s] -- Installing: /root/Lunar_ROADSTER/lr_ws/install/cg_msgs/share/cg_msgs/cmake/export_cg_msgs__rosidl_typesupport_fastrtps_cppExport.cmake
[144.570s] -- Installing: /root/Lunar_ROADSTER/lr_ws/install/cg_msgs/share/cg_msgs/cmake/export_cg_msgs__rosidl_typesupport_fastrtps_cppExport-noconfig.cmake
[144.571s] -- Installing: /root/Lunar_ROADSTER/lr_ws/install/cg_msgs/share/cg_msgs/cmake/cg_msgs__rosidl_typesupport_introspection_cExport.cmake
[144.571s] -- Installing: /root/Lunar_ROADSTER/lr_ws/install/cg_msgs/share/cg_msgs/cmake/cg_msgs__rosidl_typesupport_introspection_cExport-noconfig.cmake
[144.571s] -- Installing: /root/Lunar_ROADSTER/lr_ws/install/cg_msgs/share/cg_msgs/cmake/cg_msgs__rosidl_typesupport_cExport.cmake
[144.572s] -- Installing: /root/Lunar_ROADSTER/lr_ws/install/cg_msgs/share/cg_msgs/cmake/cg_msgs__rosidl_typesupport_cExport-noconfig.cmake
[144.572s] -- Installing: /root/Lunar_ROADSTER/lr_ws/install/cg_msgs/share/cg_msgs/cmake/cg_msgs__rosidl_typesupport_introspection_cppExport.cmake
[144.572s] -- Installing: /root/Lunar_ROADSTER/lr_ws/install/cg_msgs/share/cg_msgs/cmake/cg_msgs__rosidl_typesupport_introspection_cppExport-noconfig.cmake
[144.573s] -- Installing: /root/Lunar_ROADSTER/lr_ws/install/cg_msgs/share/cg_msgs/cmake/cg_msgs__rosidl_typesupport_cppExport.cmake
[144.573s] -- Installing: /root/Lunar_ROADSTER/lr_ws/install/cg_msgs/share/cg_msgs/cmake/cg_msgs__rosidl_typesupport_cppExport-noconfig.cmake
[144.573s] -- Installing: /root/Lunar_ROADSTER/lr_ws/install/cg_msgs/share/cg_msgs/cmake/export_cg_msgs__rosidl_generator_pyExport.cmake
[144.573s] -- Installing: /root/Lunar_ROADSTER/lr_ws/install/cg_msgs/share/cg_msgs/cmake/export_cg_msgs__rosidl_generator_pyExport-noconfig.cmake
[144.574s] -- Installing: /root/Lunar_ROADSTER/lr_ws/install/cg_msgs/share/cg_msgs/cmake/rosidl_cmake-extras.cmake
[144.574s] -- Installing: /root/Lunar_ROADSTER/lr_ws/install/cg_msgs/share/cg_msgs/cmake/ament_cmake_export_dependencies-extras.cmake
[144.574s] -- Installing: /root/Lunar_ROADSTER/lr_ws/install/cg_msgs/share/cg_msgs/cmake/ament_cmake_export_include_directories-extras.cmake
[144.574s] -- Installing: /root/Lunar_ROADSTER/lr_ws/install/cg_msgs/share/cg_msgs/cmake/ament_cmake_export_libraries-extras.cmake
[144.575s] -- Installing: /root/Lunar_ROADSTER/lr_ws/install/cg_msgs/share/cg_msgs/cmake/ament_cmake_export_targets-extras.cmake
[144.575s] -- Installing: /root/Lunar_ROADSTER/lr_ws/install/cg_msgs/share/cg_msgs/cmake/rosidl_cmake_export_typesupport_targets-extras.cmake
[144.575s] -- Installing: /root/Lunar_ROADSTER/lr_ws/install/cg_msgs/share/cg_msgs/cmake/rosidl_cmake_export_typesupport_libraries-extras.cmake
[144.576s] -- Installing: /root/Lunar_ROADSTER/lr_ws/install/cg_msgs/share/cg_msgs/cmake/cg_msgsConfig.cmake
[144.576s] -- Installing: /root/Lunar_ROADSTER/lr_ws/install/cg_msgs/share/cg_msgs/cmake/cg_msgsConfig-version.cmake
[144.577s] -- Installing: /root/Lunar_ROADSTER/lr_ws/install/cg_msgs/share/cg_msgs/package.xml
[144.582s] Invoked command in '/root/Lunar_ROADSTER/lr_ws/build/cg_msgs' returned '0': CMAKE_PREFIX_PATH=/opt/ros/humble /usr/local/bin/cmake --install /root/Lunar_ROADSTER/lr_ws/build/cg_msgs
