[0.545s] Invoking command in '/root/Lunar_ROADSTER/lr_ws/build/dwb_msgs': CMAKE_PREFIX_PATH=/root/Lunar_ROADSTER/lr_ws/install/nav_2d_msgs:/root/Lunar_ROADSTER/lr_ws/install/vectornav:/root/Lunar_ROADSTER/lr_ws/install/vectornav_msgs:/root/Lunar_ROADSTER/lr_ws/install/teleop:/root/Lunar_ROADSTER/lr_ws/install/sensing:/root/Lunar_ROADSTER/lr_ws/install/realsense2_description:/root/Lunar_ROADSTER/lr_ws/install/realsense2_camera:/root/Lunar_ROADSTER/lr_ws/install/realsense2_camera_msgs:/root/Lunar_ROADSTER/lr_ws/install/realsense:/root/Lunar_ROADSTER/lr_ws/install/nav2_system_tests:/root/Lunar_ROADSTER/lr_ws/install/nav2_bringup:/root/Lunar_ROADSTER/lr_ws/install/navigation2:/root/Lunar_ROADSTER/lr_ws/install/nav2_smoother:/root/Lunar_ROADSTER/lr_ws/install/nav2_graceful_controller:/root/Lunar_ROADSTER/lr_ws/install/nav2_dwb_controller:/root/Lunar_ROADSTER/lr_ws/install/nav2_controller:/root/Lunar_ROADSTER/lr_ws/install/dwb_plugins:/root/Lunar_ROADSTER/lr_ws/install/dwb_critics:/root/Lunar_ROADSTER/lr_ws/install/dwb_core:/root/Lunar_ROADSTER/lr_ws/install/nav_2d_utils:/root/Lunar_ROADSTER/lr_ws/install/dwb_msgs:/root/Lunar_ROADSTER/lr_ws/install/nav2_waypoint_follower:/root/Lunar_ROADSTER/lr_ws/install/nav2_theta_star_planner:/root/Lunar_ROADSTER/lr_ws/install/nav2_smac_planner:/root/Lunar_ROADSTER/lr_ws/install/nav2_rotation_shim_controller:/root/Lunar_ROADSTER/lr_ws/install/nav2_regulated_pure_pursuit_controller:/root/Lunar_ROADSTER/lr_ws/install/nav2_planner:/root/Lunar_ROADSTER/lr_ws/install/nav2_navfn_planner:/root/Lunar_ROADSTER/lr_ws/install/nav2_mppi_controller:/root/Lunar_ROADSTER/lr_ws/install/nav2_constrained_smoother:/root/Lunar_ROADSTER/lr_ws/install/nav2_bt_navigator:/root/Lunar_ROADSTER/lr_ws/install/nav2_behaviors:/root/Lunar_ROADSTER/lr_ws/install/nav2_core:/root/Lunar_ROADSTER/lr_ws/install/nav2_collision_monitor:/root/Lunar_ROADSTER/lr_ws/install/costmap_queue:/root/Lunar_ROADSTER/lr_ws/install/nav2_costmap_2d:/root/Lunar_ROADSTER/lr_ws/install/nav2_voxel_grid:/root/Lunar_ROADSTER/lr_ws/install/nav2_velocity_smoother:/root/Lunar_ROADSTER/lr_ws/install/nav2_rviz_plugins:/root/Lunar_ROADSTER/lr_ws/install/nav2_map_server:/root/Lunar_ROADSTER/lr_ws/install/nav2_lifecycle_manager:/root/Lunar_ROADSTER/lr_ws/install/nav2_behavior_tree:/root/Lunar_ROADSTER/lr_ws/install/nav2_amcl:/root/Lunar_ROADSTER/lr_ws/install/nav2_util:/root/Lunar_ROADSTER/lr_ws/install/nav2_msgs:/root/Lunar_ROADSTER/lr_ws/install/nav2_common:/root/Lunar_ROADSTER/lr_ws/install/motion_control:/root/Lunar_ROADSTER/lr_ws/install/mapping:/root/Lunar_ROADSTER/lr_ws/install/lx_mapping:/root/Lunar_ROADSTER/lr_ws/install/lx_library:/root/Lunar_ROADSTER/lr_ws/install/lx_msgs:/root/Lunar_ROADSTER/lr_ws/install/localization:/root/Lunar_ROADSTER/lr_ws/install/imu:/root/Lunar_ROADSTER/lr_ws/install/gazebo_msgs:/root/Lunar_ROADSTER/lr_ws/install/gazebo_dev:/root/Lunar_ROADSTER/lr_ws/install/arduino:/root/Lunar_ROADSTER/lr_ws/install/cg_msgs:/root/Lunar_ROADSTER/lr_ws/install/nav2_simple_commander:/opt/ros/humble LD_LIBRARY_PATH=/root/Lunar_ROADSTER/lr_ws/install/nav_2d_msgs/lib:/root/Lunar_ROADSTER/lr_ws/install/vectornav/lib:/root/Lunar_ROADSTER/lr_ws/install/vectornav_msgs/lib:/root/Lunar_ROADSTER/lr_ws/install/realsense2_camera/lib:/root/Lunar_ROADSTER/lr_ws/install/realsense2_camera_msgs/lib:/root/Lunar_ROADSTER/lr_ws/install/nav2_smoother/lib:/root/Lunar_ROADSTER/lr_ws/install/nav2_graceful_controller/lib:/root/Lunar_ROADSTER/lr_ws/install/nav2_controller/lib:/root/Lunar_ROADSTER/lr_ws/install/dwb_plugins/lib:/root/Lunar_ROADSTER/lr_ws/install/dwb_critics/lib:/root/Lunar_ROADSTER/lr_ws/install/dwb_core/lib:/root/Lunar_ROADSTER/lr_ws/install/nav_2d_utils/lib:/root/Lunar_ROADSTER/lr_ws/install/dwb_msgs/lib:/root/Lunar_ROADSTER/lr_ws/install/nav2_waypoint_follower/lib:/root/Lunar_ROADSTER/lr_ws/install/nav2_theta_star_planner/lib:/root/Lunar_ROADSTER/lr_ws/install/nav2_smac_planner/lib:/root/Lunar_ROADSTER/lr_ws/install/nav2_rotation_shim_controller/lib:/root/Lunar_ROADSTER/lr_ws/install/nav2_regulated_pure_pursuit_controller/lib:/root/Lunar_ROADSTER/lr_ws/install/nav2_planner/lib:/root/Lunar_ROADSTER/lr_ws/install/nav2_navfn_planner/lib:/root/Lunar_ROADSTER/lr_ws/install/nav2_mppi_controller/lib:/root/Lunar_ROADSTER/lr_ws/install/nav2_constrained_smoother/lib:/root/Lunar_ROADSTER/lr_ws/install/nav2_bt_navigator/lib:/root/Lunar_ROADSTER/lr_ws/install/nav2_behaviors/lib:/root/Lunar_ROADSTER/lr_ws/install/nav2_collision_monitor/lib:/root/Lunar_ROADSTER/lr_ws/install/costmap_queue/lib:/root/Lunar_ROADSTER/lr_ws/install/nav2_costmap_2d/lib:/root/Lunar_ROADSTER/lr_ws/install/nav2_voxel_grid/lib:/root/Lunar_ROADSTER/lr_ws/install/nav2_velocity_smoother/lib:/root/Lunar_ROADSTER/lr_ws/install/nav2_rviz_plugins/lib:/root/Lunar_ROADSTER/lr_ws/install/nav2_map_server/lib:/root/Lunar_ROADSTER/lr_ws/install/nav2_lifecycle_manager/lib:/root/Lunar_ROADSTER/lr_ws/install/nav2_behavior_tree/lib:/root/Lunar_ROADSTER/lr_ws/install/nav2_amcl/lib:/root/Lunar_ROADSTER/lr_ws/install/nav2_util/lib:/root/Lunar_ROADSTER/lr_ws/install/nav2_msgs/lib:/root/Lunar_ROADSTER/lr_ws/install/lx_library/lib:/root/Lunar_ROADSTER/lr_ws/install/lx_msgs/lib:/root/Lunar_ROADSTER/lr_ws/install/gazebo_msgs/lib:/root/Lunar_ROADSTER/lr_ws/install/cg_msgs/lib:/opt/ros/humble/opt/rviz_ogre_vendor/lib:/opt/ros/humble/lib/aarch64-linux-gnu:/opt/ros/humble/lib:/usr/local/cuda/lib64 /usr/local/bin/cmake --build /root/Lunar_ROADSTER/lr_ws/build/dwb_msgs -- -j4 -l4
[1.045s] [  1%] Built target dwb_msgs__cpp
[1.089s] [ 12%] Built target dwb_msgs__rosidl_generator_c
[1.450s] [ 12%] Built target ament_cmake_python_copy_dwb_msgs
[1.618s] [ 24%] Built target dwb_msgs__rosidl_typesupport_fastrtps_cpp
[1.647s] [ 35%] Built target dwb_msgs__rosidl_typesupport_introspection_cpp
[1.695s] [ 47%] Built target dwb_msgs__rosidl_typesupport_cpp
[2.050s] [ 58%] Built target dwb_msgs__rosidl_typesupport_c
[2.091s] [ 70%] Built target dwb_msgs__rosidl_typesupport_introspection_c
[2.116s] [ 82%] Built target dwb_msgs__rosidl_typesupport_fastrtps_c
[2.288s] [ 82%] Built target dwb_msgs
[2.506s] [ 83%] Built target dwb_msgs__py
[2.891s] [ 93%] Built target dwb_msgs__rosidl_generator_py
[3.247s] [ 95%] Built target dwb_msgs__rosidl_typesupport_fastrtps_c__pyext
[3.294s] [ 97%] Built target dwb_msgs__rosidl_typesupport_c__pyext
[3.382s] [100%] Built target dwb_msgs__rosidl_typesupport_introspection_c__pyext
[4.230s] running egg_info
[4.238s] writing dwb_msgs.egg-info/PKG-INFO
[4.238s] writing dependency_links to dwb_msgs.egg-info/dependency_links.txt
[4.238s] writing top-level names to dwb_msgs.egg-info/top_level.txt
[4.283s] reading manifest file 'dwb_msgs.egg-info/SOURCES.txt'
[4.287s] writing manifest file 'dwb_msgs.egg-info/SOURCES.txt'
[4.512s] [100%] Built target ament_cmake_python_build_dwb_msgs_egg
[4.580s] Invoked command in '/root/Lunar_ROADSTER/lr_ws/build/dwb_msgs' returned '0': CMAKE_PREFIX_PATH=/root/Lunar_ROADSTER/lr_ws/install/nav_2d_msgs:/root/Lunar_ROADSTER/lr_ws/install/vectornav:/root/Lunar_ROADSTER/lr_ws/install/vectornav_msgs:/root/Lunar_ROADSTER/lr_ws/install/teleop:/root/Lunar_ROADSTER/lr_ws/install/sensing:/root/Lunar_ROADSTER/lr_ws/install/realsense2_description:/root/Lunar_ROADSTER/lr_ws/install/realsense2_camera:/root/Lunar_ROADSTER/lr_ws/install/realsense2_camera_msgs:/root/Lunar_ROADSTER/lr_ws/install/realsense:/root/Lunar_ROADSTER/lr_ws/install/nav2_system_tests:/root/Lunar_ROADSTER/lr_ws/install/nav2_bringup:/root/Lunar_ROADSTER/lr_ws/install/navigation2:/root/Lunar_ROADSTER/lr_ws/install/nav2_smoother:/root/Lunar_ROADSTER/lr_ws/install/nav2_graceful_controller:/root/Lunar_ROADSTER/lr_ws/install/nav2_dwb_controller:/root/Lunar_ROADSTER/lr_ws/install/nav2_controller:/root/Lunar_ROADSTER/lr_ws/install/dwb_plugins:/root/Lunar_ROADSTER/lr_ws/install/dwb_critics:/root/Lunar_ROADSTER/lr_ws/install/dwb_core:/root/Lunar_ROADSTER/lr_ws/install/nav_2d_utils:/root/Lunar_ROADSTER/lr_ws/install/dwb_msgs:/root/Lunar_ROADSTER/lr_ws/install/nav2_waypoint_follower:/root/Lunar_ROADSTER/lr_ws/install/nav2_theta_star_planner:/root/Lunar_ROADSTER/lr_ws/install/nav2_smac_planner:/root/Lunar_ROADSTER/lr_ws/install/nav2_rotation_shim_controller:/root/Lunar_ROADSTER/lr_ws/install/nav2_regulated_pure_pursuit_controller:/root/Lunar_ROADSTER/lr_ws/install/nav2_planner:/root/Lunar_ROADSTER/lr_ws/install/nav2_navfn_planner:/root/Lunar_ROADSTER/lr_ws/install/nav2_mppi_controller:/root/Lunar_ROADSTER/lr_ws/install/nav2_constrained_smoother:/root/Lunar_ROADSTER/lr_ws/install/nav2_bt_navigator:/root/Lunar_ROADSTER/lr_ws/install/nav2_behaviors:/root/Lunar_ROADSTER/lr_ws/install/nav2_core:/root/Lunar_ROADSTER/lr_ws/install/nav2_collision_monitor:/root/Lunar_ROADSTER/lr_ws/install/costmap_queue:/root/Lunar_ROADSTER/lr_ws/install/nav2_costmap_2d:/root/Lunar_ROADSTER/lr_ws/install/nav2_voxel_grid:/root/Lunar_ROADSTER/lr_ws/install/nav2_velocity_smoother:/root/Lunar_ROADSTER/lr_ws/install/nav2_rviz_plugins:/root/Lunar_ROADSTER/lr_ws/install/nav2_map_server:/root/Lunar_ROADSTER/lr_ws/install/nav2_lifecycle_manager:/root/Lunar_ROADSTER/lr_ws/install/nav2_behavior_tree:/root/Lunar_ROADSTER/lr_ws/install/nav2_amcl:/root/Lunar_ROADSTER/lr_ws/install/nav2_util:/root/Lunar_ROADSTER/lr_ws/install/nav2_msgs:/root/Lunar_ROADSTER/lr_ws/install/nav2_common:/root/Lunar_ROADSTER/lr_ws/install/motion_control:/root/Lunar_ROADSTER/lr_ws/install/mapping:/root/Lunar_ROADSTER/lr_ws/install/lx_mapping:/root/Lunar_ROADSTER/lr_ws/install/lx_library:/root/Lunar_ROADSTER/lr_ws/install/lx_msgs:/root/Lunar_ROADSTER/lr_ws/install/localization:/root/Lunar_ROADSTER/lr_ws/install/imu:/root/Lunar_ROADSTER/lr_ws/install/gazebo_msgs:/root/Lunar_ROADSTER/lr_ws/install/gazebo_dev:/root/Lunar_ROADSTER/lr_ws/install/arduino:/root/Lunar_ROADSTER/lr_ws/install/cg_msgs:/root/Lunar_ROADSTER/lr_ws/install/nav2_simple_commander:/opt/ros/humble LD_LIBRARY_PATH=/root/Lunar_ROADSTER/lr_ws/install/nav_2d_msgs/lib:/root/Lunar_ROADSTER/lr_ws/install/vectornav/lib:/root/Lunar_ROADSTER/lr_ws/install/vectornav_msgs/lib:/root/Lunar_ROADSTER/lr_ws/install/realsense2_camera/lib:/root/Lunar_ROADSTER/lr_ws/install/realsense2_camera_msgs/lib:/root/Lunar_ROADSTER/lr_ws/install/nav2_smoother/lib:/root/Lunar_ROADSTER/lr_ws/install/nav2_graceful_controller/lib:/root/Lunar_ROADSTER/lr_ws/install/nav2_controller/lib:/root/Lunar_ROADSTER/lr_ws/install/dwb_plugins/lib:/root/Lunar_ROADSTER/lr_ws/install/dwb_critics/lib:/root/Lunar_ROADSTER/lr_ws/install/dwb_core/lib:/root/Lunar_ROADSTER/lr_ws/install/nav_2d_utils/lib:/root/Lunar_ROADSTER/lr_ws/install/dwb_msgs/lib:/root/Lunar_ROADSTER/lr_ws/install/nav2_waypoint_follower/lib:/root/Lunar_ROADSTER/lr_ws/install/nav2_theta_star_planner/lib:/root/Lunar_ROADSTER/lr_ws/install/nav2_smac_planner/lib:/root/Lunar_ROADSTER/lr_ws/install/nav2_rotation_shim_controller/lib:/root/Lunar_ROADSTER/lr_ws/install/nav2_regulated_pure_pursuit_controller/lib:/root/Lunar_ROADSTER/lr_ws/install/nav2_planner/lib:/root/Lunar_ROADSTER/lr_ws/install/nav2_navfn_planner/lib:/root/Lunar_ROADSTER/lr_ws/install/nav2_mppi_controller/lib:/root/Lunar_ROADSTER/lr_ws/install/nav2_constrained_smoother/lib:/root/Lunar_ROADSTER/lr_ws/install/nav2_bt_navigator/lib:/root/Lunar_ROADSTER/lr_ws/install/nav2_behaviors/lib:/root/Lunar_ROADSTER/lr_ws/install/nav2_collision_monitor/lib:/root/Lunar_ROADSTER/lr_ws/install/costmap_queue/lib:/root/Lunar_ROADSTER/lr_ws/install/nav2_costmap_2d/lib:/root/Lunar_ROADSTER/lr_ws/install/nav2_voxel_grid/lib:/root/Lunar_ROADSTER/lr_ws/install/nav2_velocity_smoother/lib:/root/Lunar_ROADSTER/lr_ws/install/nav2_rviz_plugins/lib:/root/Lunar_ROADSTER/lr_ws/install/nav2_map_server/lib:/root/Lunar_ROADSTER/lr_ws/install/nav2_lifecycle_manager/lib:/root/Lunar_ROADSTER/lr_ws/install/nav2_behavior_tree/lib:/root/Lunar_ROADSTER/lr_ws/install/nav2_amcl/lib:/root/Lunar_ROADSTER/lr_ws/install/nav2_util/lib:/root/Lunar_ROADSTER/lr_ws/install/nav2_msgs/lib:/root/Lunar_ROADSTER/lr_ws/install/lx_library/lib:/root/Lunar_ROADSTER/lr_ws/install/lx_msgs/lib:/root/Lunar_ROADSTER/lr_ws/install/gazebo_msgs/lib:/root/Lunar_ROADSTER/lr_ws/install/cg_msgs/lib:/opt/ros/humble/opt/rviz_ogre_vendor/lib:/opt/ros/humble/lib/aarch64-linux-gnu:/opt/ros/humble/lib:/usr/local/cuda/lib64 /usr/local/bin/cmake --build /root/Lunar_ROADSTER/lr_ws/build/dwb_msgs -- -j4 -l4
[4.592s] Invoking command in '/root/Lunar_ROADSTER/lr_ws/build/dwb_msgs': CMAKE_PREFIX_PATH=/root/Lunar_ROADSTER/lr_ws/install/nav_2d_msgs:/root/Lunar_ROADSTER/lr_ws/install/vectornav:/root/Lunar_ROADSTER/lr_ws/install/vectornav_msgs:/root/Lunar_ROADSTER/lr_ws/install/teleop:/root/Lunar_ROADSTER/lr_ws/install/sensing:/root/Lunar_ROADSTER/lr_ws/install/realsense2_description:/root/Lunar_ROADSTER/lr_ws/install/realsense2_camera:/root/Lunar_ROADSTER/lr_ws/install/realsense2_camera_msgs:/root/Lunar_ROADSTER/lr_ws/install/realsense:/root/Lunar_ROADSTER/lr_ws/install/nav2_system_tests:/root/Lunar_ROADSTER/lr_ws/install/nav2_bringup:/root/Lunar_ROADSTER/lr_ws/install/navigation2:/root/Lunar_ROADSTER/lr_ws/install/nav2_smoother:/root/Lunar_ROADSTER/lr_ws/install/nav2_graceful_controller:/root/Lunar_ROADSTER/lr_ws/install/nav2_dwb_controller:/root/Lunar_ROADSTER/lr_ws/install/nav2_controller:/root/Lunar_ROADSTER/lr_ws/install/dwb_plugins:/root/Lunar_ROADSTER/lr_ws/install/dwb_critics:/root/Lunar_ROADSTER/lr_ws/install/dwb_core:/root/Lunar_ROADSTER/lr_ws/install/nav_2d_utils:/root/Lunar_ROADSTER/lr_ws/install/dwb_msgs:/root/Lunar_ROADSTER/lr_ws/install/nav2_waypoint_follower:/root/Lunar_ROADSTER/lr_ws/install/nav2_theta_star_planner:/root/Lunar_ROADSTER/lr_ws/install/nav2_smac_planner:/root/Lunar_ROADSTER/lr_ws/install/nav2_rotation_shim_controller:/root/Lunar_ROADSTER/lr_ws/install/nav2_regulated_pure_pursuit_controller:/root/Lunar_ROADSTER/lr_ws/install/nav2_planner:/root/Lunar_ROADSTER/lr_ws/install/nav2_navfn_planner:/root/Lunar_ROADSTER/lr_ws/install/nav2_mppi_controller:/root/Lunar_ROADSTER/lr_ws/install/nav2_constrained_smoother:/root/Lunar_ROADSTER/lr_ws/install/nav2_bt_navigator:/root/Lunar_ROADSTER/lr_ws/install/nav2_behaviors:/root/Lunar_ROADSTER/lr_ws/install/nav2_core:/root/Lunar_ROADSTER/lr_ws/install/nav2_collision_monitor:/root/Lunar_ROADSTER/lr_ws/install/costmap_queue:/root/Lunar_ROADSTER/lr_ws/install/nav2_costmap_2d:/root/Lunar_ROADSTER/lr_ws/install/nav2_voxel_grid:/root/Lunar_ROADSTER/lr_ws/install/nav2_velocity_smoother:/root/Lunar_ROADSTER/lr_ws/install/nav2_rviz_plugins:/root/Lunar_ROADSTER/lr_ws/install/nav2_map_server:/root/Lunar_ROADSTER/lr_ws/install/nav2_lifecycle_manager:/root/Lunar_ROADSTER/lr_ws/install/nav2_behavior_tree:/root/Lunar_ROADSTER/lr_ws/install/nav2_amcl:/root/Lunar_ROADSTER/lr_ws/install/nav2_util:/root/Lunar_ROADSTER/lr_ws/install/nav2_msgs:/root/Lunar_ROADSTER/lr_ws/install/nav2_common:/root/Lunar_ROADSTER/lr_ws/install/motion_control:/root/Lunar_ROADSTER/lr_ws/install/mapping:/root/Lunar_ROADSTER/lr_ws/install/lx_mapping:/root/Lunar_ROADSTER/lr_ws/install/lx_library:/root/Lunar_ROADSTER/lr_ws/install/lx_msgs:/root/Lunar_ROADSTER/lr_ws/install/localization:/root/Lunar_ROADSTER/lr_ws/install/imu:/root/Lunar_ROADSTER/lr_ws/install/gazebo_msgs:/root/Lunar_ROADSTER/lr_ws/install/gazebo_dev:/root/Lunar_ROADSTER/lr_ws/install/arduino:/root/Lunar_ROADSTER/lr_ws/install/cg_msgs:/root/Lunar_ROADSTER/lr_ws/install/nav2_simple_commander:/opt/ros/humble LD_LIBRARY_PATH=/root/Lunar_ROADSTER/lr_ws/install/nav_2d_msgs/lib:/root/Lunar_ROADSTER/lr_ws/install/vectornav/lib:/root/Lunar_ROADSTER/lr_ws/install/vectornav_msgs/lib:/root/Lunar_ROADSTER/lr_ws/install/realsense2_camera/lib:/root/Lunar_ROADSTER/lr_ws/install/realsense2_camera_msgs/lib:/root/Lunar_ROADSTER/lr_ws/install/nav2_smoother/lib:/root/Lunar_ROADSTER/lr_ws/install/nav2_graceful_controller/lib:/root/Lunar_ROADSTER/lr_ws/install/nav2_controller/lib:/root/Lunar_ROADSTER/lr_ws/install/dwb_plugins/lib:/root/Lunar_ROADSTER/lr_ws/install/dwb_critics/lib:/root/Lunar_ROADSTER/lr_ws/install/dwb_core/lib:/root/Lunar_ROADSTER/lr_ws/install/nav_2d_utils/lib:/root/Lunar_ROADSTER/lr_ws/install/dwb_msgs/lib:/root/Lunar_ROADSTER/lr_ws/install/nav2_waypoint_follower/lib:/root/Lunar_ROADSTER/lr_ws/install/nav2_theta_star_planner/lib:/root/Lunar_ROADSTER/lr_ws/install/nav2_smac_planner/lib:/root/Lunar_ROADSTER/lr_ws/install/nav2_rotation_shim_controller/lib:/root/Lunar_ROADSTER/lr_ws/install/nav2_regulated_pure_pursuit_controller/lib:/root/Lunar_ROADSTER/lr_ws/install/nav2_planner/lib:/root/Lunar_ROADSTER/lr_ws/install/nav2_navfn_planner/lib:/root/Lunar_ROADSTER/lr_ws/install/nav2_mppi_controller/lib:/root/Lunar_ROADSTER/lr_ws/install/nav2_constrained_smoother/lib:/root/Lunar_ROADSTER/lr_ws/install/nav2_bt_navigator/lib:/root/Lunar_ROADSTER/lr_ws/install/nav2_behaviors/lib:/root/Lunar_ROADSTER/lr_ws/install/nav2_collision_monitor/lib:/root/Lunar_ROADSTER/lr_ws/install/costmap_queue/lib:/root/Lunar_ROADSTER/lr_ws/install/nav2_costmap_2d/lib:/root/Lunar_ROADSTER/lr_ws/install/nav2_voxel_grid/lib:/root/Lunar_ROADSTER/lr_ws/install/nav2_velocity_smoother/lib:/root/Lunar_ROADSTER/lr_ws/install/nav2_rviz_plugins/lib:/root/Lunar_ROADSTER/lr_ws/install/nav2_map_server/lib:/root/Lunar_ROADSTER/lr_ws/install/nav2_lifecycle_manager/lib:/root/Lunar_ROADSTER/lr_ws/install/nav2_behavior_tree/lib:/root/Lunar_ROADSTER/lr_ws/install/nav2_amcl/lib:/root/Lunar_ROADSTER/lr_ws/install/nav2_util/lib:/root/Lunar_ROADSTER/lr_ws/install/nav2_msgs/lib:/root/Lunar_ROADSTER/lr_ws/install/lx_library/lib:/root/Lunar_ROADSTER/lr_ws/install/lx_msgs/lib:/root/Lunar_ROADSTER/lr_ws/install/gazebo_msgs/lib:/root/Lunar_ROADSTER/lr_ws/install/cg_msgs/lib:/opt/ros/humble/opt/rviz_ogre_vendor/lib:/opt/ros/humble/lib/aarch64-linux-gnu:/opt/ros/humble/lib:/usr/local/cuda/lib64 /usr/local/bin/cmake --install /root/Lunar_ROADSTER/lr_ws/build/dwb_msgs
[4.627s] -- Install configuration: ""
[4.628s] -- Up-to-date: /root/Lunar_ROADSTER/lr_ws/install/dwb_msgs/share/ament_index/resource_index/rosidl_interfaces/dwb_msgs
[4.629s] -- Up-to-date: /root/Lunar_ROADSTER/lr_ws/install/dwb_msgs/include/dwb_msgs/dwb_msgs
[4.630s] -- Up-to-date: /root/Lunar_ROADSTER/lr_ws/install/dwb_msgs/include/dwb_msgs/dwb_msgs/msg
[4.633s] -- Up-to-date: /root/Lunar_ROADSTER/lr_ws/install/dwb_msgs/include/dwb_msgs/dwb_msgs/msg/critic_score.h
[4.641s] -- Up-to-date: /root/Lunar_ROADSTER/lr_ws/install/dwb_msgs/include/dwb_msgs/dwb_msgs/msg/rosidl_generator_c__visibility_control.h
[4.641s] -- Up-to-date: /root/Lunar_ROADSTER/lr_ws/install/dwb_msgs/include/dwb_msgs/dwb_msgs/msg/detail
[4.645s] -- Up-to-date: /root/Lunar_ROADSTER/lr_ws/install/dwb_msgs/include/dwb_msgs/dwb_msgs/msg/detail/critic_score__functions.c
[4.646s] -- Up-to-date: /root/Lunar_ROADSTER/lr_ws/install/dwb_msgs/include/dwb_msgs/dwb_msgs/msg/detail/critic_score__functions.h
[4.646s] -- Up-to-date: /root/Lunar_ROADSTER/lr_ws/install/dwb_msgs/include/dwb_msgs/dwb_msgs/msg/detail/critic_score__struct.h
[4.648s] -- Up-to-date: /root/Lunar_ROADSTER/lr_ws/install/dwb_msgs/include/dwb_msgs/dwb_msgs/msg/detail/critic_score__type_support.h
[4.648s] -- Up-to-date: /root/Lunar_ROADSTER/lr_ws/install/dwb_msgs/include/dwb_msgs/dwb_msgs/msg/detail/local_plan_evaluation__functions.c
[4.649s] -- Up-to-date: /root/Lunar_ROADSTER/lr_ws/install/dwb_msgs/include/dwb_msgs/dwb_msgs/msg/detail/local_plan_evaluation__functions.h
[4.649s] -- Up-to-date: /root/Lunar_ROADSTER/lr_ws/install/dwb_msgs/include/dwb_msgs/dwb_msgs/msg/detail/local_plan_evaluation__struct.h
[4.653s] -- Up-to-date: /root/Lunar_ROADSTER/lr_ws/install/dwb_msgs/include/dwb_msgs/dwb_msgs/msg/detail/local_plan_evaluation__type_support.h
[4.654s] -- Up-to-date: /root/Lunar_ROADSTER/lr_ws/install/dwb_msgs/include/dwb_msgs/dwb_msgs/msg/detail/trajectory2_d__functions.c
[4.655s] -- Up-to-date: /root/Lunar_ROADSTER/lr_ws/install/dwb_msgs/include/dwb_msgs/dwb_msgs/msg/detail/trajectory2_d__functions.h
[4.655s] -- Up-to-date: /root/Lunar_ROADSTER/lr_ws/install/dwb_msgs/include/dwb_msgs/dwb_msgs/msg/detail/trajectory2_d__struct.h
[4.655s] -- Up-to-date: /root/Lunar_ROADSTER/lr_ws/install/dwb_msgs/include/dwb_msgs/dwb_msgs/msg/detail/trajectory2_d__type_support.h
[4.656s] -- Up-to-date: /root/Lunar_ROADSTER/lr_ws/install/dwb_msgs/include/dwb_msgs/dwb_msgs/msg/detail/trajectory_score__functions.c
[4.656s] -- Up-to-date: /root/Lunar_ROADSTER/lr_ws/install/dwb_msgs/include/dwb_msgs/dwb_msgs/msg/detail/trajectory_score__functions.h
[4.656s] -- Up-to-date: /root/Lunar_ROADSTER/lr_ws/install/dwb_msgs/include/dwb_msgs/dwb_msgs/msg/detail/trajectory_score__struct.h
[4.656s] -- Up-to-date: /root/Lunar_ROADSTER/lr_ws/install/dwb_msgs/include/dwb_msgs/dwb_msgs/msg/detail/trajectory_score__type_support.h
[4.657s] -- Up-to-date: /root/Lunar_ROADSTER/lr_ws/install/dwb_msgs/include/dwb_msgs/dwb_msgs/msg/local_plan_evaluation.h
[4.657s] -- Up-to-date: /root/Lunar_ROADSTER/lr_ws/install/dwb_msgs/include/dwb_msgs/dwb_msgs/msg/trajectory2_d.h
[4.663s] -- Up-to-date: /root/Lunar_ROADSTER/lr_ws/install/dwb_msgs/include/dwb_msgs/dwb_msgs/msg/trajectory_score.h
[4.677s] -- Up-to-date: /root/Lunar_ROADSTER/lr_ws/install/dwb_msgs/include/dwb_msgs/dwb_msgs/srv
[4.677s] -- Up-to-date: /root/Lunar_ROADSTER/lr_ws/install/dwb_msgs/include/dwb_msgs/dwb_msgs/srv/debug_local_plan.h
[4.677s] -- Up-to-date: /root/Lunar_ROADSTER/lr_ws/install/dwb_msgs/include/dwb_msgs/dwb_msgs/srv/detail
[4.682s] -- Up-to-date: /root/Lunar_ROADSTER/lr_ws/install/dwb_msgs/include/dwb_msgs/dwb_msgs/srv/detail/debug_local_plan__functions.c
[4.682s] -- Up-to-date: /root/Lunar_ROADSTER/lr_ws/install/dwb_msgs/include/dwb_msgs/dwb_msgs/srv/detail/debug_local_plan__functions.h
[4.682s] -- Up-to-date: /root/Lunar_ROADSTER/lr_ws/install/dwb_msgs/include/dwb_msgs/dwb_msgs/srv/detail/debug_local_plan__struct.h
[4.683s] -- Up-to-date: /root/Lunar_ROADSTER/lr_ws/install/dwb_msgs/include/dwb_msgs/dwb_msgs/srv/detail/debug_local_plan__type_support.h
[4.683s] -- Up-to-date: /root/Lunar_ROADSTER/lr_ws/install/dwb_msgs/include/dwb_msgs/dwb_msgs/srv/detail/generate_trajectory__functions.c
[4.683s] -- Up-to-date: /root/Lunar_ROADSTER/lr_ws/install/dwb_msgs/include/dwb_msgs/dwb_msgs/srv/detail/generate_trajectory__functions.h
[4.683s] -- Up-to-date: /root/Lunar_ROADSTER/lr_ws/install/dwb_msgs/include/dwb_msgs/dwb_msgs/srv/detail/generate_trajectory__struct.h
[4.684s] -- Up-to-date: /root/Lunar_ROADSTER/lr_ws/install/dwb_msgs/include/dwb_msgs/dwb_msgs/srv/detail/generate_trajectory__type_support.h
[4.684s] -- Up-to-date: /root/Lunar_ROADSTER/lr_ws/install/dwb_msgs/include/dwb_msgs/dwb_msgs/srv/detail/generate_twists__functions.c
[4.684s] -- Up-to-date: /root/Lunar_ROADSTER/lr_ws/install/dwb_msgs/include/dwb_msgs/dwb_msgs/srv/detail/generate_twists__functions.h
[4.685s] -- Up-to-date: /root/Lunar_ROADSTER/lr_ws/install/dwb_msgs/include/dwb_msgs/dwb_msgs/srv/detail/generate_twists__struct.h
[4.685s] -- Up-to-date: /root/Lunar_ROADSTER/lr_ws/install/dwb_msgs/include/dwb_msgs/dwb_msgs/srv/detail/generate_twists__type_support.h
[4.685s] -- Up-to-date: /root/Lunar_ROADSTER/lr_ws/install/dwb_msgs/include/dwb_msgs/dwb_msgs/srv/detail/get_critic_score__functions.c
[4.685s] -- Up-to-date: /root/Lunar_ROADSTER/lr_ws/install/dwb_msgs/include/dwb_msgs/dwb_msgs/srv/detail/get_critic_score__functions.h
[4.686s] -- Up-to-date: /root/Lunar_ROADSTER/lr_ws/install/dwb_msgs/include/dwb_msgs/dwb_msgs/srv/detail/get_critic_score__struct.h
[4.686s] -- Up-to-date: /root/Lunar_ROADSTER/lr_ws/install/dwb_msgs/include/dwb_msgs/dwb_msgs/srv/detail/get_critic_score__type_support.h
[4.686s] -- Up-to-date: /root/Lunar_ROADSTER/lr_ws/install/dwb_msgs/include/dwb_msgs/dwb_msgs/srv/detail/score_trajectory__functions.c
[4.693s] -- Up-to-date: /root/Lunar_ROADSTER/lr_ws/install/dwb_msgs/include/dwb_msgs/dwb_msgs/srv/detail/score_trajectory__functions.h
[4.695s] -- Up-to-date: /root/Lunar_ROADSTER/lr_ws/install/dwb_msgs/include/dwb_msgs/dwb_msgs/srv/detail/score_trajectory__struct.h
[4.697s] -- Up-to-date: /root/Lunar_ROADSTER/lr_ws/install/dwb_msgs/include/dwb_msgs/dwb_msgs/srv/detail/score_trajectory__type_support.h
[4.697s] -- Up-to-date: /root/Lunar_ROADSTER/lr_ws/install/dwb_msgs/include/dwb_msgs/dwb_msgs/srv/generate_trajectory.h
[4.704s] -- Up-to-date: /root/Lunar_ROADSTER/lr_ws/install/dwb_msgs/include/dwb_msgs/dwb_msgs/srv/generate_twists.h
[4.708s] -- Up-to-date: /root/Lunar_ROADSTER/lr_ws/install/dwb_msgs/include/dwb_msgs/dwb_msgs/srv/get_critic_score.h
[4.710s] -- Up-to-date: /root/Lunar_ROADSTER/lr_ws/install/dwb_msgs/include/dwb_msgs/dwb_msgs/srv/score_trajectory.h
[4.710s] -- Up-to-date: /root/Lunar_ROADSTER/lr_ws/install/dwb_msgs/share/dwb_msgs/environment/library_path.sh
[4.711s] -- Up-to-date: /root/Lunar_ROADSTER/lr_ws/install/dwb_msgs/share/dwb_msgs/environment/library_path.dsv
[4.712s] -- Up-to-date: /root/Lunar_ROADSTER/lr_ws/install/dwb_msgs/lib/libdwb_msgs__rosidl_generator_c.so
[4.712s] -- Up-to-date: /root/Lunar_ROADSTER/lr_ws/install/dwb_msgs/include/dwb_msgs/dwb_msgs
[4.712s] -- Up-to-date: /root/Lunar_ROADSTER/lr_ws/install/dwb_msgs/include/dwb_msgs/dwb_msgs/msg
[4.713s] -- Up-to-date: /root/Lunar_ROADSTER/lr_ws/install/dwb_msgs/include/dwb_msgs/dwb_msgs/msg/detail
[4.714s] -- Up-to-date: /root/Lunar_ROADSTER/lr_ws/install/dwb_msgs/include/dwb_msgs/dwb_msgs/msg/detail/critic_score__rosidl_typesupport_fastrtps_c.h
[4.715s] -- Up-to-date: /root/Lunar_ROADSTER/lr_ws/install/dwb_msgs/include/dwb_msgs/dwb_msgs/msg/detail/local_plan_evaluation__rosidl_typesupport_fastrtps_c.h
[4.715s] -- Up-to-date: /root/Lunar_ROADSTER/lr_ws/install/dwb_msgs/include/dwb_msgs/dwb_msgs/msg/detail/trajectory2_d__rosidl_typesupport_fastrtps_c.h
[4.715s] -- Up-to-date: /root/Lunar_ROADSTER/lr_ws/install/dwb_msgs/include/dwb_msgs/dwb_msgs/msg/detail/trajectory_score__rosidl_typesupport_fastrtps_c.h
[4.716s] -- Up-to-date: /root/Lunar_ROADSTER/lr_ws/install/dwb_msgs/include/dwb_msgs/dwb_msgs/msg/rosidl_typesupport_fastrtps_c__visibility_control.h
[4.716s] -- Up-to-date: /root/Lunar_ROADSTER/lr_ws/install/dwb_msgs/include/dwb_msgs/dwb_msgs/srv
[4.716s] -- Up-to-date: /root/Lunar_ROADSTER/lr_ws/install/dwb_msgs/include/dwb_msgs/dwb_msgs/srv/detail
[4.719s] -- Up-to-date: /root/Lunar_ROADSTER/lr_ws/install/dwb_msgs/include/dwb_msgs/dwb_msgs/srv/detail/debug_local_plan__rosidl_typesupport_fastrtps_c.h
[4.720s] -- Up-to-date: /root/Lunar_ROADSTER/lr_ws/install/dwb_msgs/include/dwb_msgs/dwb_msgs/srv/detail/generate_trajectory__rosidl_typesupport_fastrtps_c.h
[4.722s] -- Up-to-date: /root/Lunar_ROADSTER/lr_ws/install/dwb_msgs/include/dwb_msgs/dwb_msgs/srv/detail/generate_twists__rosidl_typesupport_fastrtps_c.h
[4.722s] -- Up-to-date: /root/Lunar_ROADSTER/lr_ws/install/dwb_msgs/include/dwb_msgs/dwb_msgs/srv/detail/get_critic_score__rosidl_typesupport_fastrtps_c.h
[4.724s] -- Up-to-date: /root/Lunar_ROADSTER/lr_ws/install/dwb_msgs/include/dwb_msgs/dwb_msgs/srv/detail/score_trajectory__rosidl_typesupport_fastrtps_c.h
[4.724s] -- Up-to-date: /root/Lunar_ROADSTER/lr_ws/install/dwb_msgs/lib/libdwb_msgs__rosidl_typesupport_fastrtps_c.so
[4.725s] -- Up-to-date: /root/Lunar_ROADSTER/lr_ws/install/dwb_msgs/include/dwb_msgs/dwb_msgs
[4.726s] -- Up-to-date: /root/Lunar_ROADSTER/lr_ws/install/dwb_msgs/include/dwb_msgs/dwb_msgs/msg
[4.727s] -- Up-to-date: /root/Lunar_ROADSTER/lr_ws/install/dwb_msgs/include/dwb_msgs/dwb_msgs/msg/critic_score.hpp
[4.729s] -- Up-to-date: /root/Lunar_ROADSTER/lr_ws/install/dwb_msgs/include/dwb_msgs/dwb_msgs/msg/rosidl_generator_cpp__visibility_control.hpp
[4.730s] -- Up-to-date: /root/Lunar_ROADSTER/lr_ws/install/dwb_msgs/include/dwb_msgs/dwb_msgs/msg/detail
[4.730s] -- Up-to-date: /root/Lunar_ROADSTER/lr_ws/install/dwb_msgs/include/dwb_msgs/dwb_msgs/msg/detail/critic_score__builder.hpp
[4.730s] -- Up-to-date: /root/Lunar_ROADSTER/lr_ws/install/dwb_msgs/include/dwb_msgs/dwb_msgs/msg/detail/critic_score__struct.hpp
[4.747s] -- Up-to-date: /root/Lunar_ROADSTER/lr_ws/install/dwb_msgs/include/dwb_msgs/dwb_msgs/msg/detail/critic_score__traits.hpp
[4.749s] -- Up-to-date: /root/Lunar_ROADSTER/lr_ws/install/dwb_msgs/include/dwb_msgs/dwb_msgs/msg/detail/critic_score__type_support.hpp
[4.754s] -- Up-to-date: /root/Lunar_ROADSTER/lr_ws/install/dwb_msgs/include/dwb_msgs/dwb_msgs/msg/detail/local_plan_evaluation__builder.hpp
[4.754s] -- Up-to-date: /root/Lunar_ROADSTER/lr_ws/install/dwb_msgs/include/dwb_msgs/dwb_msgs/msg/detail/local_plan_evaluation__struct.hpp
[4.755s] -- Up-to-date: /root/Lunar_ROADSTER/lr_ws/install/dwb_msgs/include/dwb_msgs/dwb_msgs/msg/detail/local_plan_evaluation__traits.hpp
[4.756s] -- Up-to-date: /root/Lunar_ROADSTER/lr_ws/install/dwb_msgs/include/dwb_msgs/dwb_msgs/msg/detail/local_plan_evaluation__type_support.hpp
[4.757s] -- Up-to-date: /root/Lunar_ROADSTER/lr_ws/install/dwb_msgs/include/dwb_msgs/dwb_msgs/msg/detail/trajectory2_d__builder.hpp
[4.757s] -- Up-to-date: /root/Lunar_ROADSTER/lr_ws/install/dwb_msgs/include/dwb_msgs/dwb_msgs/msg/detail/trajectory2_d__struct.hpp
[4.757s] -- Up-to-date: /root/Lunar_ROADSTER/lr_ws/install/dwb_msgs/include/dwb_msgs/dwb_msgs/msg/detail/trajectory2_d__traits.hpp
[4.759s] -- Up-to-date: /root/Lunar_ROADSTER/lr_ws/install/dwb_msgs/include/dwb_msgs/dwb_msgs/msg/detail/trajectory2_d__type_support.hpp
[4.761s] -- Up-to-date: /root/Lunar_ROADSTER/lr_ws/install/dwb_msgs/include/dwb_msgs/dwb_msgs/msg/detail/trajectory_score__builder.hpp
[4.776s] -- Up-to-date: /root/Lunar_ROADSTER/lr_ws/install/dwb_msgs/include/dwb_msgs/dwb_msgs/msg/detail/trajectory_score__struct.hpp
[4.776s] -- Up-to-date: /root/Lunar_ROADSTER/lr_ws/install/dwb_msgs/include/dwb_msgs/dwb_msgs/msg/detail/trajectory_score__traits.hpp
[4.778s] -- Up-to-date: /root/Lunar_ROADSTER/lr_ws/install/dwb_msgs/include/dwb_msgs/dwb_msgs/msg/detail/trajectory_score__type_support.hpp
[4.790s] -- Up-to-date: /root/Lunar_ROADSTER/lr_ws/install/dwb_msgs/include/dwb_msgs/dwb_msgs/msg/local_plan_evaluation.hpp
[4.790s] -- Up-to-date: /root/Lunar_ROADSTER/lr_ws/install/dwb_msgs/include/dwb_msgs/dwb_msgs/msg/trajectory2_d.hpp
[4.790s] -- Up-to-date: /root/Lunar_ROADSTER/lr_ws/install/dwb_msgs/include/dwb_msgs/dwb_msgs/msg/trajectory_score.hpp
[4.791s] -- Up-to-date: /root/Lunar_ROADSTER/lr_ws/install/dwb_msgs/include/dwb_msgs/dwb_msgs/srv
[4.791s] -- Up-to-date: /root/Lunar_ROADSTER/lr_ws/install/dwb_msgs/include/dwb_msgs/dwb_msgs/srv/debug_local_plan.hpp
[4.791s] -- Up-to-date: /root/Lunar_ROADSTER/lr_ws/install/dwb_msgs/include/dwb_msgs/dwb_msgs/srv/detail
[4.792s] -- Up-to-date: /root/Lunar_ROADSTER/lr_ws/install/dwb_msgs/include/dwb_msgs/dwb_msgs/srv/detail/debug_local_plan__builder.hpp
[4.792s] -- Up-to-date: /root/Lunar_ROADSTER/lr_ws/install/dwb_msgs/include/dwb_msgs/dwb_msgs/srv/detail/debug_local_plan__struct.hpp
[4.792s] -- Up-to-date: /root/Lunar_ROADSTER/lr_ws/install/dwb_msgs/include/dwb_msgs/dwb_msgs/srv/detail/debug_local_plan__traits.hpp
[4.792s] -- Up-to-date: /root/Lunar_ROADSTER/lr_ws/install/dwb_msgs/include/dwb_msgs/dwb_msgs/srv/detail/debug_local_plan__type_support.hpp
[4.793s] -- Up-to-date: /root/Lunar_ROADSTER/lr_ws/install/dwb_msgs/include/dwb_msgs/dwb_msgs/srv/detail/generate_trajectory__builder.hpp
[4.793s] -- Up-to-date: /root/Lunar_ROADSTER/lr_ws/install/dwb_msgs/include/dwb_msgs/dwb_msgs/srv/detail/generate_trajectory__struct.hpp
[4.793s] -- Up-to-date: /root/Lunar_ROADSTER/lr_ws/install/dwb_msgs/include/dwb_msgs/dwb_msgs/srv/detail/generate_trajectory__traits.hpp
[4.794s] -- Up-to-date: /root/Lunar_ROADSTER/lr_ws/install/dwb_msgs/include/dwb_msgs/dwb_msgs/srv/detail/generate_trajectory__type_support.hpp
[4.794s] -- Up-to-date: /root/Lunar_ROADSTER/lr_ws/install/dwb_msgs/include/dwb_msgs/dwb_msgs/srv/detail/generate_twists__builder.hpp
[4.795s] -- Up-to-date: /root/Lunar_ROADSTER/lr_ws/install/dwb_msgs/include/dwb_msgs/dwb_msgs/srv/detail/generate_twists__struct.hpp
[4.795s] -- Up-to-date: /root/Lunar_ROADSTER/lr_ws/install/dwb_msgs/include/dwb_msgs/dwb_msgs/srv/detail/generate_twists__traits.hpp
[4.796s] -- Up-to-date: /root/Lunar_ROADSTER/lr_ws/install/dwb_msgs/include/dwb_msgs/dwb_msgs/srv/detail/generate_twists__type_support.hpp
[4.796s] -- Up-to-date: /root/Lunar_ROADSTER/lr_ws/install/dwb_msgs/include/dwb_msgs/dwb_msgs/srv/detail/get_critic_score__builder.hpp
[4.797s] -- Up-to-date: /root/Lunar_ROADSTER/lr_ws/install/dwb_msgs/include/dwb_msgs/dwb_msgs/srv/detail/get_critic_score__struct.hpp
[4.798s] -- Up-to-date: /root/Lunar_ROADSTER/lr_ws/install/dwb_msgs/include/dwb_msgs/dwb_msgs/srv/detail/get_critic_score__traits.hpp
[4.798s] -- Up-to-date: /root/Lunar_ROADSTER/lr_ws/install/dwb_msgs/include/dwb_msgs/dwb_msgs/srv/detail/get_critic_score__type_support.hpp
[4.799s] -- Up-to-date: /root/Lunar_ROADSTER/lr_ws/install/dwb_msgs/include/dwb_msgs/dwb_msgs/srv/detail/score_trajectory__builder.hpp
[4.804s] -- Up-to-date: /root/Lunar_ROADSTER/lr_ws/install/dwb_msgs/include/dwb_msgs/dwb_msgs/srv/detail/score_trajectory__struct.hpp
[4.805s] -- Up-to-date: /root/Lunar_ROADSTER/lr_ws/install/dwb_msgs/include/dwb_msgs/dwb_msgs/srv/detail/score_trajectory__traits.hpp
[4.805s] -- Up-to-date: /root/Lunar_ROADSTER/lr_ws/install/dwb_msgs/include/dwb_msgs/dwb_msgs/srv/detail/score_trajectory__type_support.hpp
[4.805s] -- Up-to-date: /root/Lunar_ROADSTER/lr_ws/install/dwb_msgs/include/dwb_msgs/dwb_msgs/srv/generate_trajectory.hpp
[4.812s] -- Up-to-date: /root/Lunar_ROADSTER/lr_ws/install/dwb_msgs/include/dwb_msgs/dwb_msgs/srv/generate_twists.hpp
[4.819s] -- Up-to-date: /root/Lunar_ROADSTER/lr_ws/install/dwb_msgs/include/dwb_msgs/dwb_msgs/srv/get_critic_score.hpp
[4.819s] -- Up-to-date: /root/Lunar_ROADSTER/lr_ws/install/dwb_msgs/include/dwb_msgs/dwb_msgs/srv/score_trajectory.hpp
[4.819s] -- Up-to-date: /root/Lunar_ROADSTER/lr_ws/install/dwb_msgs/include/dwb_msgs/dwb_msgs
[4.820s] -- Up-to-date: /root/Lunar_ROADSTER/lr_ws/install/dwb_msgs/include/dwb_msgs/dwb_msgs/msg
[4.820s] -- Up-to-date: /root/Lunar_ROADSTER/lr_ws/install/dwb_msgs/include/dwb_msgs/dwb_msgs/msg/detail
[4.821s] -- Up-to-date: /root/Lunar_ROADSTER/lr_ws/install/dwb_msgs/include/dwb_msgs/dwb_msgs/msg/detail/critic_score__rosidl_typesupport_fastrtps_cpp.hpp
[4.821s] -- Up-to-date: /root/Lunar_ROADSTER/lr_ws/install/dwb_msgs/include/dwb_msgs/dwb_msgs/msg/detail/dds_fastrtps
[4.821s] -- Up-to-date: /root/Lunar_ROADSTER/lr_ws/install/dwb_msgs/include/dwb_msgs/dwb_msgs/msg/detail/local_plan_evaluation__rosidl_typesupport_fastrtps_cpp.hpp
[4.822s] -- Up-to-date: /root/Lunar_ROADSTER/lr_ws/install/dwb_msgs/include/dwb_msgs/dwb_msgs/msg/detail/trajectory2_d__rosidl_typesupport_fastrtps_cpp.hpp
[4.822s] -- Up-to-date: /root/Lunar_ROADSTER/lr_ws/install/dwb_msgs/include/dwb_msgs/dwb_msgs/msg/detail/trajectory_score__rosidl_typesupport_fastrtps_cpp.hpp
[4.822s] -- Up-to-date: /root/Lunar_ROADSTER/lr_ws/install/dwb_msgs/include/dwb_msgs/dwb_msgs/msg/rosidl_typesupport_fastrtps_cpp__visibility_control.h
[4.822s] -- Up-to-date: /root/Lunar_ROADSTER/lr_ws/install/dwb_msgs/include/dwb_msgs/dwb_msgs/srv
[4.823s] -- Up-to-date: /root/Lunar_ROADSTER/lr_ws/install/dwb_msgs/include/dwb_msgs/dwb_msgs/srv/detail
[4.828s] -- Up-to-date: /root/Lunar_ROADSTER/lr_ws/install/dwb_msgs/include/dwb_msgs/dwb_msgs/srv/detail/debug_local_plan__rosidl_typesupport_fastrtps_cpp.hpp
[4.829s] -- Up-to-date: /root/Lunar_ROADSTER/lr_ws/install/dwb_msgs/include/dwb_msgs/dwb_msgs/srv/detail/dds_fastrtps
[4.844s] -- Up-to-date: /root/Lunar_ROADSTER/lr_ws/install/dwb_msgs/include/dwb_msgs/dwb_msgs/srv/detail/generate_trajectory__rosidl_typesupport_fastrtps_cpp.hpp
[4.845s] -- Up-to-date: /root/Lunar_ROADSTER/lr_ws/install/dwb_msgs/include/dwb_msgs/dwb_msgs/srv/detail/generate_twists__rosidl_typesupport_fastrtps_cpp.hpp
[4.845s] -- Up-to-date: /root/Lunar_ROADSTER/lr_ws/install/dwb_msgs/include/dwb_msgs/dwb_msgs/srv/detail/get_critic_score__rosidl_typesupport_fastrtps_cpp.hpp
[4.846s] -- Up-to-date: /root/Lunar_ROADSTER/lr_ws/install/dwb_msgs/include/dwb_msgs/dwb_msgs/srv/detail/score_trajectory__rosidl_typesupport_fastrtps_cpp.hpp
[4.846s] -- Up-to-date: /root/Lunar_ROADSTER/lr_ws/install/dwb_msgs/lib/libdwb_msgs__rosidl_typesupport_fastrtps_cpp.so
[4.846s] -- Up-to-date: /root/Lunar_ROADSTER/lr_ws/install/dwb_msgs/include/dwb_msgs/dwb_msgs
[4.847s] -- Up-to-date: /root/Lunar_ROADSTER/lr_ws/install/dwb_msgs/include/dwb_msgs/dwb_msgs/msg
[4.847s] -- Up-to-date: /root/Lunar_ROADSTER/lr_ws/install/dwb_msgs/include/dwb_msgs/dwb_msgs/msg/detail
[4.847s] -- Up-to-date: /root/Lunar_ROADSTER/lr_ws/install/dwb_msgs/include/dwb_msgs/dwb_msgs/msg/detail/critic_score__rosidl_typesupport_introspection_c.h
[4.848s] -- Up-to-date: /root/Lunar_ROADSTER/lr_ws/install/dwb_msgs/include/dwb_msgs/dwb_msgs/msg/detail/critic_score__type_support.c
[4.848s] -- Up-to-date: /root/Lunar_ROADSTER/lr_ws/install/dwb_msgs/include/dwb_msgs/dwb_msgs/msg/detail/local_plan_evaluation__rosidl_typesupport_introspection_c.h
[4.848s] -- Up-to-date: /root/Lunar_ROADSTER/lr_ws/install/dwb_msgs/include/dwb_msgs/dwb_msgs/msg/detail/local_plan_evaluation__type_support.c
[4.849s] -- Up-to-date: /root/Lunar_ROADSTER/lr_ws/install/dwb_msgs/include/dwb_msgs/dwb_msgs/msg/detail/trajectory2_d__rosidl_typesupport_introspection_c.h
[4.849s] -- Up-to-date: /root/Lunar_ROADSTER/lr_ws/install/dwb_msgs/include/dwb_msgs/dwb_msgs/msg/detail/trajectory2_d__type_support.c
[4.849s] -- Up-to-date: /root/Lunar_ROADSTER/lr_ws/install/dwb_msgs/include/dwb_msgs/dwb_msgs/msg/detail/trajectory_score__rosidl_typesupport_introspection_c.h
[4.860s] -- Up-to-date: /root/Lunar_ROADSTER/lr_ws/install/dwb_msgs/include/dwb_msgs/dwb_msgs/msg/detail/trajectory_score__type_support.c
[4.861s] -- Up-to-date: /root/Lunar_ROADSTER/lr_ws/install/dwb_msgs/include/dwb_msgs/dwb_msgs/msg/rosidl_typesupport_introspection_c__visibility_control.h
[4.861s] -- Up-to-date: /root/Lunar_ROADSTER/lr_ws/install/dwb_msgs/include/dwb_msgs/dwb_msgs/srv
[4.861s] -- Up-to-date: /root/Lunar_ROADSTER/lr_ws/install/dwb_msgs/include/dwb_msgs/dwb_msgs/srv/detail
[4.862s] -- Up-to-date: /root/Lunar_ROADSTER/lr_ws/install/dwb_msgs/include/dwb_msgs/dwb_msgs/srv/detail/debug_local_plan__rosidl_typesupport_introspection_c.h
[4.862s] -- Up-to-date: /root/Lunar_ROADSTER/lr_ws/install/dwb_msgs/include/dwb_msgs/dwb_msgs/srv/detail/debug_local_plan__type_support.c
[4.863s] -- Up-to-date: /root/Lunar_ROADSTER/lr_ws/install/dwb_msgs/include/dwb_msgs/dwb_msgs/srv/detail/generate_trajectory__rosidl_typesupport_introspection_c.h
[4.863s] -- Up-to-date: /root/Lunar_ROADSTER/lr_ws/install/dwb_msgs/include/dwb_msgs/dwb_msgs/srv/detail/generate_trajectory__type_support.c
[4.863s] -- Up-to-date: /root/Lunar_ROADSTER/lr_ws/install/dwb_msgs/include/dwb_msgs/dwb_msgs/srv/detail/generate_twists__rosidl_typesupport_introspection_c.h
[4.864s] -- Up-to-date: /root/Lunar_ROADSTER/lr_ws/install/dwb_msgs/include/dwb_msgs/dwb_msgs/srv/detail/generate_twists__type_support.c
[4.864s] -- Up-to-date: /root/Lunar_ROADSTER/lr_ws/install/dwb_msgs/include/dwb_msgs/dwb_msgs/srv/detail/get_critic_score__rosidl_typesupport_introspection_c.h
[4.864s] -- Up-to-date: /root/Lunar_ROADSTER/lr_ws/install/dwb_msgs/include/dwb_msgs/dwb_msgs/srv/detail/get_critic_score__type_support.c
[4.865s] -- Up-to-date: /root/Lunar_ROADSTER/lr_ws/install/dwb_msgs/include/dwb_msgs/dwb_msgs/srv/detail/score_trajectory__rosidl_typesupport_introspection_c.h
[4.865s] -- Up-to-date: /root/Lunar_ROADSTER/lr_ws/install/dwb_msgs/include/dwb_msgs/dwb_msgs/srv/detail/score_trajectory__type_support.c
[4.868s] -- Up-to-date: /root/Lunar_ROADSTER/lr_ws/install/dwb_msgs/lib/libdwb_msgs__rosidl_typesupport_introspection_c.so
[4.869s] -- Up-to-date: /root/Lunar_ROADSTER/lr_ws/install/dwb_msgs/lib/libdwb_msgs__rosidl_typesupport_c.so
[4.869s] -- Up-to-date: /root/Lunar_ROADSTER/lr_ws/install/dwb_msgs/include/dwb_msgs/dwb_msgs
[4.869s] -- Up-to-date: /root/Lunar_ROADSTER/lr_ws/install/dwb_msgs/include/dwb_msgs/dwb_msgs/msg
[4.870s] -- Up-to-date: /root/Lunar_ROADSTER/lr_ws/install/dwb_msgs/include/dwb_msgs/dwb_msgs/msg/detail
[4.870s] -- Up-to-date: /root/Lunar_ROADSTER/lr_ws/install/dwb_msgs/include/dwb_msgs/dwb_msgs/msg/detail/critic_score__rosidl_typesupport_introspection_cpp.hpp
[4.870s] -- Up-to-date: /root/Lunar_ROADSTER/lr_ws/install/dwb_msgs/include/dwb_msgs/dwb_msgs/msg/detail/critic_score__type_support.cpp
[4.870s] -- Up-to-date: /root/Lunar_ROADSTER/lr_ws/install/dwb_msgs/include/dwb_msgs/dwb_msgs/msg/detail/local_plan_evaluation__rosidl_typesupport_introspection_cpp.hpp
[4.871s] -- Up-to-date: /root/Lunar_ROADSTER/lr_ws/install/dwb_msgs/include/dwb_msgs/dwb_msgs/msg/detail/local_plan_evaluation__type_support.cpp
[4.871s] -- Up-to-date: /root/Lunar_ROADSTER/lr_ws/install/dwb_msgs/include/dwb_msgs/dwb_msgs/msg/detail/trajectory2_d__rosidl_typesupport_introspection_cpp.hpp
[4.871s] -- Up-to-date: /root/Lunar_ROADSTER/lr_ws/install/dwb_msgs/include/dwb_msgs/dwb_msgs/msg/detail/trajectory2_d__type_support.cpp
[4.872s] -- Up-to-date: /root/Lunar_ROADSTER/lr_ws/install/dwb_msgs/include/dwb_msgs/dwb_msgs/msg/detail/trajectory_score__rosidl_typesupport_introspection_cpp.hpp
[4.872s] -- Up-to-date: /root/Lunar_ROADSTER/lr_ws/install/dwb_msgs/include/dwb_msgs/dwb_msgs/msg/detail/trajectory_score__type_support.cpp
[4.872s] -- Up-to-date: /root/Lunar_ROADSTER/lr_ws/install/dwb_msgs/include/dwb_msgs/dwb_msgs/srv
[4.874s] -- Up-to-date: /root/Lunar_ROADSTER/lr_ws/install/dwb_msgs/include/dwb_msgs/dwb_msgs/srv/detail
[4.874s] -- Up-to-date: /root/Lunar_ROADSTER/lr_ws/install/dwb_msgs/include/dwb_msgs/dwb_msgs/srv/detail/debug_local_plan__rosidl_typesupport_introspection_cpp.hpp
[4.875s] -- Up-to-date: /root/Lunar_ROADSTER/lr_ws/install/dwb_msgs/include/dwb_msgs/dwb_msgs/srv/detail/debug_local_plan__type_support.cpp
[4.875s] -- Up-to-date: /root/Lunar_ROADSTER/lr_ws/install/dwb_msgs/include/dwb_msgs/dwb_msgs/srv/detail/generate_trajectory__rosidl_typesupport_introspection_cpp.hpp
[4.876s] -- Up-to-date: /root/Lunar_ROADSTER/lr_ws/install/dwb_msgs/include/dwb_msgs/dwb_msgs/srv/detail/generate_trajectory__type_support.cpp
[4.876s] -- Up-to-date: /root/Lunar_ROADSTER/lr_ws/install/dwb_msgs/include/dwb_msgs/dwb_msgs/srv/detail/generate_twists__rosidl_typesupport_introspection_cpp.hpp
[4.876s] -- Up-to-date: /root/Lunar_ROADSTER/lr_ws/install/dwb_msgs/include/dwb_msgs/dwb_msgs/srv/detail/generate_twists__type_support.cpp
[4.877s] -- Up-to-date: /root/Lunar_ROADSTER/lr_ws/install/dwb_msgs/include/dwb_msgs/dwb_msgs/srv/detail/get_critic_score__rosidl_typesupport_introspection_cpp.hpp
[4.877s] -- Up-to-date: /root/Lunar_ROADSTER/lr_ws/install/dwb_msgs/include/dwb_msgs/dwb_msgs/srv/detail/get_critic_score__type_support.cpp
[4.877s] -- Up-to-date: /root/Lunar_ROADSTER/lr_ws/install/dwb_msgs/include/dwb_msgs/dwb_msgs/srv/detail/score_trajectory__rosidl_typesupport_introspection_cpp.hpp
[4.886s] -- Up-to-date: /root/Lunar_ROADSTER/lr_ws/install/dwb_msgs/include/dwb_msgs/dwb_msgs/srv/detail/score_trajectory__type_support.cpp
[4.887s] -- Up-to-date: /root/Lunar_ROADSTER/lr_ws/install/dwb_msgs/lib/libdwb_msgs__rosidl_typesupport_introspection_cpp.so
[4.888s] -- Up-to-date: /root/Lunar_ROADSTER/lr_ws/install/dwb_msgs/lib/libdwb_msgs__rosidl_typesupport_cpp.so
[4.888s] -- Up-to-date: /root/Lunar_ROADSTER/lr_ws/install/dwb_msgs/share/dwb_msgs/environment/pythonpath.sh
[4.891s] -- Up-to-date: /root/Lunar_ROADSTER/lr_ws/install/dwb_msgs/share/dwb_msgs/environment/pythonpath.dsv
[4.892s] -- Up-to-date: /root/Lunar_ROADSTER/lr_ws/install/dwb_msgs/local/lib/python3.10/dist-packages/dwb_msgs-1.1.18-py3.10.egg-info
[4.892s] -- Installing: /root/Lunar_ROADSTER/lr_ws/install/dwb_msgs/local/lib/python3.10/dist-packages/dwb_msgs-1.1.18-py3.10.egg-info/PKG-INFO
[4.894s] -- Installing: /root/Lunar_ROADSTER/lr_ws/install/dwb_msgs/local/lib/python3.10/dist-packages/dwb_msgs-1.1.18-py3.10.egg-info/dependency_links.txt
[4.903s] -- Installing: /root/Lunar_ROADSTER/lr_ws/install/dwb_msgs/local/lib/python3.10/dist-packages/dwb_msgs-1.1.18-py3.10.egg-info/top_level.txt
[4.905s] -- Installing: /root/Lunar_ROADSTER/lr_ws/install/dwb_msgs/local/lib/python3.10/dist-packages/dwb_msgs-1.1.18-py3.10.egg-info/SOURCES.txt
[4.914s] -- Up-to-date: /root/Lunar_ROADSTER/lr_ws/install/dwb_msgs/local/lib/python3.10/dist-packages/dwb_msgs
[4.915s] -- Up-to-date: /root/Lunar_ROADSTER/lr_ws/install/dwb_msgs/local/lib/python3.10/dist-packages/dwb_msgs/__init__.py
[4.915s] -- Up-to-date: /root/Lunar_ROADSTER/lr_ws/install/dwb_msgs/local/lib/python3.10/dist-packages/dwb_msgs/msg
[4.917s] -- Up-to-date: /root/Lunar_ROADSTER/lr_ws/install/dwb_msgs/local/lib/python3.10/dist-packages/dwb_msgs/msg/_critic_score.py
[4.917s] -- Up-to-date: /root/Lunar_ROADSTER/lr_ws/install/dwb_msgs/local/lib/python3.10/dist-packages/dwb_msgs/msg/_critic_score_s.c
[4.917s] -- Up-to-date: /root/Lunar_ROADSTER/lr_ws/install/dwb_msgs/local/lib/python3.10/dist-packages/dwb_msgs/msg/_local_plan_evaluation.py
[4.918s] -- Up-to-date: /root/Lunar_ROADSTER/lr_ws/install/dwb_msgs/local/lib/python3.10/dist-packages/dwb_msgs/msg/_local_plan_evaluation_s.c
[4.918s] -- Up-to-date: /root/Lunar_ROADSTER/lr_ws/install/dwb_msgs/local/lib/python3.10/dist-packages/dwb_msgs/msg/_trajectory2_d.py
[4.918s] -- Up-to-date: /root/Lunar_ROADSTER/lr_ws/install/dwb_msgs/local/lib/python3.10/dist-packages/dwb_msgs/msg/_trajectory2_d_s.c
[4.919s] -- Up-to-date: /root/Lunar_ROADSTER/lr_ws/install/dwb_msgs/local/lib/python3.10/dist-packages/dwb_msgs/msg/_trajectory_score.py
[4.919s] -- Up-to-date: /root/Lunar_ROADSTER/lr_ws/install/dwb_msgs/local/lib/python3.10/dist-packages/dwb_msgs/msg/_trajectory_score_s.c
[4.919s] -- Up-to-date: /root/Lunar_ROADSTER/lr_ws/install/dwb_msgs/local/lib/python3.10/dist-packages/dwb_msgs/msg/__init__.py
[4.920s] -- Up-to-date: /root/Lunar_ROADSTER/lr_ws/install/dwb_msgs/local/lib/python3.10/dist-packages/dwb_msgs/srv
[4.920s] -- Up-to-date: /root/Lunar_ROADSTER/lr_ws/install/dwb_msgs/local/lib/python3.10/dist-packages/dwb_msgs/srv/_debug_local_plan.py
[4.921s] -- Up-to-date: /root/Lunar_ROADSTER/lr_ws/install/dwb_msgs/local/lib/python3.10/dist-packages/dwb_msgs/srv/_debug_local_plan_s.c
[4.921s] -- Up-to-date: /root/Lunar_ROADSTER/lr_ws/install/dwb_msgs/local/lib/python3.10/dist-packages/dwb_msgs/srv/_generate_trajectory.py
[4.921s] -- Up-to-date: /root/Lunar_ROADSTER/lr_ws/install/dwb_msgs/local/lib/python3.10/dist-packages/dwb_msgs/srv/_generate_trajectory_s.c
[4.921s] -- Up-to-date: /root/Lunar_ROADSTER/lr_ws/install/dwb_msgs/local/lib/python3.10/dist-packages/dwb_msgs/srv/_generate_twists.py
[4.922s] -- Up-to-date: /root/Lunar_ROADSTER/lr_ws/install/dwb_msgs/local/lib/python3.10/dist-packages/dwb_msgs/srv/_generate_twists_s.c
[4.922s] -- Up-to-date: /root/Lunar_ROADSTER/lr_ws/install/dwb_msgs/local/lib/python3.10/dist-packages/dwb_msgs/srv/_get_critic_score.py
[4.923s] -- Up-to-date: /root/Lunar_ROADSTER/lr_ws/install/dwb_msgs/local/lib/python3.10/dist-packages/dwb_msgs/srv/_get_critic_score_s.c
[4.924s] -- Up-to-date: /root/Lunar_ROADSTER/lr_ws/install/dwb_msgs/local/lib/python3.10/dist-packages/dwb_msgs/srv/_score_trajectory.py
[4.924s] -- Up-to-date: /root/Lunar_ROADSTER/lr_ws/install/dwb_msgs/local/lib/python3.10/dist-packages/dwb_msgs/srv/_score_trajectory_s.c
[4.924s] -- Up-to-date: /root/Lunar_ROADSTER/lr_ws/install/dwb_msgs/local/lib/python3.10/dist-packages/dwb_msgs/srv/__init__.py
[4.924s] -- Up-to-date: /root/Lunar_ROADSTER/lr_ws/install/dwb_msgs/local/lib/python3.10/dist-packages/dwb_msgs/_dwb_msgs_s.ep.rosidl_typesupport_fastrtps_c.c
[4.928s] -- Up-to-date: /root/Lunar_ROADSTER/lr_ws/install/dwb_msgs/local/lib/python3.10/dist-packages/dwb_msgs/_dwb_msgs_s.ep.rosidl_typesupport_introspection_c.c
[4.929s] -- Up-to-date: /root/Lunar_ROADSTER/lr_ws/install/dwb_msgs/local/lib/python3.10/dist-packages/dwb_msgs/_dwb_msgs_s.ep.rosidl_typesupport_c.c
[4.929s] -- Up-to-date: /root/Lunar_ROADSTER/lr_ws/install/dwb_msgs/local/lib/python3.10/dist-packages/dwb_msgs/libdwb_msgs__rosidl_generator_py.so
[4.929s] -- Up-to-date: /root/Lunar_ROADSTER/lr_ws/install/dwb_msgs/local/lib/python3.10/dist-packages/dwb_msgs/dwb_msgs_s__rosidl_typesupport_fastrtps_c.cpython-310-aarch64-linux-gnu.so
[4.967s] -- Up-to-date: /root/Lunar_ROADSTER/lr_ws/install/dwb_msgs/local/lib/python3.10/dist-packages/dwb_msgs/dwb_msgs_s__rosidl_typesupport_c.cpython-310-aarch64-linux-gnu.so
[4.967s] -- Up-to-date: /root/Lunar_ROADSTER/lr_ws/install/dwb_msgs/local/lib/python3.10/dist-packages/dwb_msgs/dwb_msgs_s__rosidl_typesupport_introspection_c.cpython-310-aarch64-linux-gnu.so
[5.198s] Listing '/root/Lunar_ROADSTER/lr_ws/install/dwb_msgs/local/lib/python3.10/dist-packages/dwb_msgs'...
[5.199s] Listing '/root/Lunar_ROADSTER/lr_ws/install/dwb_msgs/local/lib/python3.10/dist-packages/dwb_msgs/msg'...
[5.199s] Listing '/root/Lunar_ROADSTER/lr_ws/install/dwb_msgs/local/lib/python3.10/dist-packages/dwb_msgs/srv'...
[5.223s] -- Up-to-date: /root/Lunar_ROADSTER/lr_ws/install/dwb_msgs/local/lib/python3.10/dist-packages/dwb_msgs/dwb_msgs_s__rosidl_typesupport_fastrtps_c.cpython-310-aarch64-linux-gnu.so
[5.228s] -- Up-to-date: /root/Lunar_ROADSTER/lr_ws/install/dwb_msgs/local/lib/python3.10/dist-packages/dwb_msgs/dwb_msgs_s__rosidl_typesupport_introspection_c.cpython-310-aarch64-linux-gnu.so
[5.229s] -- Up-to-date: /root/Lunar_ROADSTER/lr_ws/install/dwb_msgs/local/lib/python3.10/dist-packages/dwb_msgs/dwb_msgs_s__rosidl_typesupport_c.cpython-310-aarch64-linux-gnu.so
[5.232s] -- Up-to-date: /root/Lunar_ROADSTER/lr_ws/install/dwb_msgs/lib/libdwb_msgs__rosidl_generator_py.so
[5.235s] -- Up-to-date: /root/Lunar_ROADSTER/lr_ws/install/dwb_msgs/share/dwb_msgs/msg/CriticScore.idl
[5.237s] -- Up-to-date: /root/Lunar_ROADSTER/lr_ws/install/dwb_msgs/share/dwb_msgs/msg/LocalPlanEvaluation.idl
[5.247s] -- Up-to-date: /root/Lunar_ROADSTER/lr_ws/install/dwb_msgs/share/dwb_msgs/msg/Trajectory2D.idl
[5.247s] -- Up-to-date: /root/Lunar_ROADSTER/lr_ws/install/dwb_msgs/share/dwb_msgs/msg/TrajectoryScore.idl
[5.248s] -- Up-to-date: /root/Lunar_ROADSTER/lr_ws/install/dwb_msgs/share/dwb_msgs/srv/DebugLocalPlan.idl
[5.248s] -- Up-to-date: /root/Lunar_ROADSTER/lr_ws/install/dwb_msgs/share/dwb_msgs/srv/GenerateTrajectory.idl
[5.248s] -- Up-to-date: /root/Lunar_ROADSTER/lr_ws/install/dwb_msgs/share/dwb_msgs/srv/GenerateTwists.idl
[5.248s] -- Up-to-date: /root/Lunar_ROADSTER/lr_ws/install/dwb_msgs/share/dwb_msgs/srv/GetCriticScore.idl
[5.249s] -- Up-to-date: /root/Lunar_ROADSTER/lr_ws/install/dwb_msgs/share/dwb_msgs/srv/ScoreTrajectory.idl
[5.249s] -- Up-to-date: /root/Lunar_ROADSTER/lr_ws/install/dwb_msgs/share/dwb_msgs/msg/CriticScore.msg
[5.249s] -- Up-to-date: /root/Lunar_ROADSTER/lr_ws/install/dwb_msgs/share/dwb_msgs/msg/LocalPlanEvaluation.msg
[5.249s] -- Up-to-date: /root/Lunar_ROADSTER/lr_ws/install/dwb_msgs/share/dwb_msgs/msg/Trajectory2D.msg
[5.255s] -- Up-to-date: /root/Lunar_ROADSTER/lr_ws/install/dwb_msgs/share/dwb_msgs/msg/TrajectoryScore.msg
[5.255s] -- Up-to-date: /root/Lunar_ROADSTER/lr_ws/install/dwb_msgs/share/dwb_msgs/srv/DebugLocalPlan.srv
[5.255s] -- Up-to-date: /root/Lunar_ROADSTER/lr_ws/install/dwb_msgs/share/dwb_msgs/srv/DebugLocalPlan_Request.msg
[5.256s] -- Up-to-date: /root/Lunar_ROADSTER/lr_ws/install/dwb_msgs/share/dwb_msgs/srv/DebugLocalPlan_Response.msg
[5.256s] -- Up-to-date: /root/Lunar_ROADSTER/lr_ws/install/dwb_msgs/share/dwb_msgs/srv/GenerateTrajectory.srv
[5.259s] -- Up-to-date: /root/Lunar_ROADSTER/lr_ws/install/dwb_msgs/share/dwb_msgs/srv/GenerateTrajectory_Request.msg
[5.259s] -- Up-to-date: /root/Lunar_ROADSTER/lr_ws/install/dwb_msgs/share/dwb_msgs/srv/GenerateTrajectory_Response.msg
[5.262s] -- Up-to-date: /root/Lunar_ROADSTER/lr_ws/install/dwb_msgs/share/dwb_msgs/srv/GenerateTwists.srv
[5.264s] -- Up-to-date: /root/Lunar_ROADSTER/lr_ws/install/dwb_msgs/share/dwb_msgs/srv/GenerateTwists_Request.msg
[5.265s] -- Up-to-date: /root/Lunar_ROADSTER/lr_ws/install/dwb_msgs/share/dwb_msgs/srv/GenerateTwists_Response.msg
[5.266s] -- Up-to-date: /root/Lunar_ROADSTER/lr_ws/install/dwb_msgs/share/dwb_msgs/srv/GetCriticScore.srv
[5.267s] -- Up-to-date: /root/Lunar_ROADSTER/lr_ws/install/dwb_msgs/share/dwb_msgs/srv/GetCriticScore_Request.msg
[5.269s] -- Up-to-date: /root/Lunar_ROADSTER/lr_ws/install/dwb_msgs/share/dwb_msgs/srv/GetCriticScore_Response.msg
[5.270s] -- Up-to-date: /root/Lunar_ROADSTER/lr_ws/install/dwb_msgs/share/dwb_msgs/srv/ScoreTrajectory.srv
[5.271s] -- Up-to-date: /root/Lunar_ROADSTER/lr_ws/install/dwb_msgs/share/dwb_msgs/srv/ScoreTrajectory_Request.msg
[5.272s] -- Up-to-date: /root/Lunar_ROADSTER/lr_ws/install/dwb_msgs/share/dwb_msgs/srv/ScoreTrajectory_Response.msg
[5.273s] -- Up-to-date: /root/Lunar_ROADSTER/lr_ws/install/dwb_msgs/share/ament_index/resource_index/package_run_dependencies/dwb_msgs
[5.274s] -- Up-to-date: /root/Lunar_ROADSTER/lr_ws/install/dwb_msgs/share/ament_index/resource_index/parent_prefix_path/dwb_msgs
[5.278s] -- Up-to-date: /root/Lunar_ROADSTER/lr_ws/install/dwb_msgs/share/dwb_msgs/environment/ament_prefix_path.sh
[5.283s] -- Up-to-date: /root/Lunar_ROADSTER/lr_ws/install/dwb_msgs/share/dwb_msgs/environment/ament_prefix_path.dsv
[5.284s] -- Up-to-date: /root/Lunar_ROADSTER/lr_ws/install/dwb_msgs/share/dwb_msgs/environment/path.sh
[5.285s] -- Up-to-date: /root/Lunar_ROADSTER/lr_ws/install/dwb_msgs/share/dwb_msgs/environment/path.dsv
[5.286s] -- Up-to-date: /root/Lunar_ROADSTER/lr_ws/install/dwb_msgs/share/dwb_msgs/local_setup.bash
[5.287s] -- Up-to-date: /root/Lunar_ROADSTER/lr_ws/install/dwb_msgs/share/dwb_msgs/local_setup.sh
[5.299s] -- Up-to-date: /root/Lunar_ROADSTER/lr_ws/install/dwb_msgs/share/dwb_msgs/local_setup.zsh
[5.301s] -- Up-to-date: /root/Lunar_ROADSTER/lr_ws/install/dwb_msgs/share/dwb_msgs/local_setup.dsv
[5.302s] -- Installing: /root/Lunar_ROADSTER/lr_ws/install/dwb_msgs/share/dwb_msgs/package.dsv
[5.307s] -- Up-to-date: /root/Lunar_ROADSTER/lr_ws/install/dwb_msgs/share/ament_index/resource_index/packages/dwb_msgs
[5.310s] -- Up-to-date: /root/Lunar_ROADSTER/lr_ws/install/dwb_msgs/share/dwb_msgs/cmake/export_dwb_msgs__rosidl_generator_cExport.cmake
[5.310s] -- Up-to-date: /root/Lunar_ROADSTER/lr_ws/install/dwb_msgs/share/dwb_msgs/cmake/export_dwb_msgs__rosidl_generator_cExport-noconfig.cmake
[5.311s] -- Up-to-date: /root/Lunar_ROADSTER/lr_ws/install/dwb_msgs/share/dwb_msgs/cmake/export_dwb_msgs__rosidl_typesupport_fastrtps_cExport.cmake
[5.312s] -- Up-to-date: /root/Lunar_ROADSTER/lr_ws/install/dwb_msgs/share/dwb_msgs/cmake/export_dwb_msgs__rosidl_typesupport_fastrtps_cExport-noconfig.cmake
[5.314s] -- Up-to-date: /root/Lunar_ROADSTER/lr_ws/install/dwb_msgs/share/dwb_msgs/cmake/export_dwb_msgs__rosidl_generator_cppExport.cmake
[5.315s] -- Up-to-date: /root/Lunar_ROADSTER/lr_ws/install/dwb_msgs/share/dwb_msgs/cmake/export_dwb_msgs__rosidl_typesupport_fastrtps_cppExport.cmake
[5.316s] -- Up-to-date: /root/Lunar_ROADSTER/lr_ws/install/dwb_msgs/share/dwb_msgs/cmake/export_dwb_msgs__rosidl_typesupport_fastrtps_cppExport-noconfig.cmake
[5.318s] -- Up-to-date: /root/Lunar_ROADSTER/lr_ws/install/dwb_msgs/share/dwb_msgs/cmake/dwb_msgs__rosidl_typesupport_introspection_cExport.cmake
[5.319s] -- Up-to-date: /root/Lunar_ROADSTER/lr_ws/install/dwb_msgs/share/dwb_msgs/cmake/dwb_msgs__rosidl_typesupport_introspection_cExport-noconfig.cmake
[5.324s] -- Up-to-date: /root/Lunar_ROADSTER/lr_ws/install/dwb_msgs/share/dwb_msgs/cmake/dwb_msgs__rosidl_typesupport_cExport.cmake
[5.325s] -- Up-to-date: /root/Lunar_ROADSTER/lr_ws/install/dwb_msgs/share/dwb_msgs/cmake/dwb_msgs__rosidl_typesupport_cExport-noconfig.cmake
[5.327s] -- Up-to-date: /root/Lunar_ROADSTER/lr_ws/install/dwb_msgs/share/dwb_msgs/cmake/dwb_msgs__rosidl_typesupport_introspection_cppExport.cmake
[5.328s] -- Up-to-date: /root/Lunar_ROADSTER/lr_ws/install/dwb_msgs/share/dwb_msgs/cmake/dwb_msgs__rosidl_typesupport_introspection_cppExport-noconfig.cmake
[5.329s] -- Up-to-date: /root/Lunar_ROADSTER/lr_ws/install/dwb_msgs/share/dwb_msgs/cmake/dwb_msgs__rosidl_typesupport_cppExport.cmake
[5.330s] -- Up-to-date: /root/Lunar_ROADSTER/lr_ws/install/dwb_msgs/share/dwb_msgs/cmake/dwb_msgs__rosidl_typesupport_cppExport-noconfig.cmake
[5.333s] -- Up-to-date: /root/Lunar_ROADSTER/lr_ws/install/dwb_msgs/share/dwb_msgs/cmake/export_dwb_msgs__rosidl_generator_pyExport.cmake
[5.334s] -- Up-to-date: /root/Lunar_ROADSTER/lr_ws/install/dwb_msgs/share/dwb_msgs/cmake/export_dwb_msgs__rosidl_generator_pyExport-noconfig.cmake
[5.335s] -- Up-to-date: /root/Lunar_ROADSTER/lr_ws/install/dwb_msgs/share/dwb_msgs/cmake/rosidl_cmake-extras.cmake
[5.336s] -- Up-to-date: /root/Lunar_ROADSTER/lr_ws/install/dwb_msgs/share/dwb_msgs/cmake/ament_cmake_export_dependencies-extras.cmake
[5.337s] -- Up-to-date: /root/Lunar_ROADSTER/lr_ws/install/dwb_msgs/share/dwb_msgs/cmake/ament_cmake_export_include_directories-extras.cmake
[5.340s] -- Up-to-date: /root/Lunar_ROADSTER/lr_ws/install/dwb_msgs/share/dwb_msgs/cmake/ament_cmake_export_libraries-extras.cmake
[5.341s] -- Up-to-date: /root/Lunar_ROADSTER/lr_ws/install/dwb_msgs/share/dwb_msgs/cmake/ament_cmake_export_targets-extras.cmake
[5.342s] -- Up-to-date: /root/Lunar_ROADSTER/lr_ws/install/dwb_msgs/share/dwb_msgs/cmake/rosidl_cmake_export_typesupport_targets-extras.cmake
[5.344s] -- Up-to-date: /root/Lunar_ROADSTER/lr_ws/install/dwb_msgs/share/dwb_msgs/cmake/rosidl_cmake_export_typesupport_libraries-extras.cmake
[5.345s] -- Up-to-date: /root/Lunar_ROADSTER/lr_ws/install/dwb_msgs/share/dwb_msgs/cmake/dwb_msgsConfig.cmake
[5.346s] -- Up-to-date: /root/Lunar_ROADSTER/lr_ws/install/dwb_msgs/share/dwb_msgs/cmake/dwb_msgsConfig-version.cmake
[5.347s] -- Up-to-date: /root/Lunar_ROADSTER/lr_ws/install/dwb_msgs/share/dwb_msgs/package.xml
[5.358s] Invoked command in '/root/Lunar_ROADSTER/lr_ws/build/dwb_msgs' returned '0': CMAKE_PREFIX_PATH=/root/Lunar_ROADSTER/lr_ws/install/nav_2d_msgs:/root/Lunar_ROADSTER/lr_ws/install/vectornav:/root/Lunar_ROADSTER/lr_ws/install/vectornav_msgs:/root/Lunar_ROADSTER/lr_ws/install/teleop:/root/Lunar_ROADSTER/lr_ws/install/sensing:/root/Lunar_ROADSTER/lr_ws/install/realsense2_description:/root/Lunar_ROADSTER/lr_ws/install/realsense2_camera:/root/Lunar_ROADSTER/lr_ws/install/realsense2_camera_msgs:/root/Lunar_ROADSTER/lr_ws/install/realsense:/root/Lunar_ROADSTER/lr_ws/install/nav2_system_tests:/root/Lunar_ROADSTER/lr_ws/install/nav2_bringup:/root/Lunar_ROADSTER/lr_ws/install/navigation2:/root/Lunar_ROADSTER/lr_ws/install/nav2_smoother:/root/Lunar_ROADSTER/lr_ws/install/nav2_graceful_controller:/root/Lunar_ROADSTER/lr_ws/install/nav2_dwb_controller:/root/Lunar_ROADSTER/lr_ws/install/nav2_controller:/root/Lunar_ROADSTER/lr_ws/install/dwb_plugins:/root/Lunar_ROADSTER/lr_ws/install/dwb_critics:/root/Lunar_ROADSTER/lr_ws/install/dwb_core:/root/Lunar_ROADSTER/lr_ws/install/nav_2d_utils:/root/Lunar_ROADSTER/lr_ws/install/dwb_msgs:/root/Lunar_ROADSTER/lr_ws/install/nav2_waypoint_follower:/root/Lunar_ROADSTER/lr_ws/install/nav2_theta_star_planner:/root/Lunar_ROADSTER/lr_ws/install/nav2_smac_planner:/root/Lunar_ROADSTER/lr_ws/install/nav2_rotation_shim_controller:/root/Lunar_ROADSTER/lr_ws/install/nav2_regulated_pure_pursuit_controller:/root/Lunar_ROADSTER/lr_ws/install/nav2_planner:/root/Lunar_ROADSTER/lr_ws/install/nav2_navfn_planner:/root/Lunar_ROADSTER/lr_ws/install/nav2_mppi_controller:/root/Lunar_ROADSTER/lr_ws/install/nav2_constrained_smoother:/root/Lunar_ROADSTER/lr_ws/install/nav2_bt_navigator:/root/Lunar_ROADSTER/lr_ws/install/nav2_behaviors:/root/Lunar_ROADSTER/lr_ws/install/nav2_core:/root/Lunar_ROADSTER/lr_ws/install/nav2_collision_monitor:/root/Lunar_ROADSTER/lr_ws/install/costmap_queue:/root/Lunar_ROADSTER/lr_ws/install/nav2_costmap_2d:/root/Lunar_ROADSTER/lr_ws/install/nav2_voxel_grid:/root/Lunar_ROADSTER/lr_ws/install/nav2_velocity_smoother:/root/Lunar_ROADSTER/lr_ws/install/nav2_rviz_plugins:/root/Lunar_ROADSTER/lr_ws/install/nav2_map_server:/root/Lunar_ROADSTER/lr_ws/install/nav2_lifecycle_manager:/root/Lunar_ROADSTER/lr_ws/install/nav2_behavior_tree:/root/Lunar_ROADSTER/lr_ws/install/nav2_amcl:/root/Lunar_ROADSTER/lr_ws/install/nav2_util:/root/Lunar_ROADSTER/lr_ws/install/nav2_msgs:/root/Lunar_ROADSTER/lr_ws/install/nav2_common:/root/Lunar_ROADSTER/lr_ws/install/motion_control:/root/Lunar_ROADSTER/lr_ws/install/mapping:/root/Lunar_ROADSTER/lr_ws/install/lx_mapping:/root/Lunar_ROADSTER/lr_ws/install/lx_library:/root/Lunar_ROADSTER/lr_ws/install/lx_msgs:/root/Lunar_ROADSTER/lr_ws/install/localization:/root/Lunar_ROADSTER/lr_ws/install/imu:/root/Lunar_ROADSTER/lr_ws/install/gazebo_msgs:/root/Lunar_ROADSTER/lr_ws/install/gazebo_dev:/root/Lunar_ROADSTER/lr_ws/install/arduino:/root/Lunar_ROADSTER/lr_ws/install/cg_msgs:/root/Lunar_ROADSTER/lr_ws/install/nav2_simple_commander:/opt/ros/humble LD_LIBRARY_PATH=/root/Lunar_ROADSTER/lr_ws/install/nav_2d_msgs/lib:/root/Lunar_ROADSTER/lr_ws/install/vectornav/lib:/root/Lunar_ROADSTER/lr_ws/install/vectornav_msgs/lib:/root/Lunar_ROADSTER/lr_ws/install/realsense2_camera/lib:/root/Lunar_ROADSTER/lr_ws/install/realsense2_camera_msgs/lib:/root/Lunar_ROADSTER/lr_ws/install/nav2_smoother/lib:/root/Lunar_ROADSTER/lr_ws/install/nav2_graceful_controller/lib:/root/Lunar_ROADSTER/lr_ws/install/nav2_controller/lib:/root/Lunar_ROADSTER/lr_ws/install/dwb_plugins/lib:/root/Lunar_ROADSTER/lr_ws/install/dwb_critics/lib:/root/Lunar_ROADSTER/lr_ws/install/dwb_core/lib:/root/Lunar_ROADSTER/lr_ws/install/nav_2d_utils/lib:/root/Lunar_ROADSTER/lr_ws/install/dwb_msgs/lib:/root/Lunar_ROADSTER/lr_ws/install/nav2_waypoint_follower/lib:/root/Lunar_ROADSTER/lr_ws/install/nav2_theta_star_planner/lib:/root/Lunar_ROADSTER/lr_ws/install/nav2_smac_planner/lib:/root/Lunar_ROADSTER/lr_ws/install/nav2_rotation_shim_controller/lib:/root/Lunar_ROADSTER/lr_ws/install/nav2_regulated_pure_pursuit_controller/lib:/root/Lunar_ROADSTER/lr_ws/install/nav2_planner/lib:/root/Lunar_ROADSTER/lr_ws/install/nav2_navfn_planner/lib:/root/Lunar_ROADSTER/lr_ws/install/nav2_mppi_controller/lib:/root/Lunar_ROADSTER/lr_ws/install/nav2_constrained_smoother/lib:/root/Lunar_ROADSTER/lr_ws/install/nav2_bt_navigator/lib:/root/Lunar_ROADSTER/lr_ws/install/nav2_behaviors/lib:/root/Lunar_ROADSTER/lr_ws/install/nav2_collision_monitor/lib:/root/Lunar_ROADSTER/lr_ws/install/costmap_queue/lib:/root/Lunar_ROADSTER/lr_ws/install/nav2_costmap_2d/lib:/root/Lunar_ROADSTER/lr_ws/install/nav2_voxel_grid/lib:/root/Lunar_ROADSTER/lr_ws/install/nav2_velocity_smoother/lib:/root/Lunar_ROADSTER/lr_ws/install/nav2_rviz_plugins/lib:/root/Lunar_ROADSTER/lr_ws/install/nav2_map_server/lib:/root/Lunar_ROADSTER/lr_ws/install/nav2_lifecycle_manager/lib:/root/Lunar_ROADSTER/lr_ws/install/nav2_behavior_tree/lib:/root/Lunar_ROADSTER/lr_ws/install/nav2_amcl/lib:/root/Lunar_ROADSTER/lr_ws/install/nav2_util/lib:/root/Lunar_ROADSTER/lr_ws/install/nav2_msgs/lib:/root/Lunar_ROADSTER/lr_ws/install/lx_library/lib:/root/Lunar_ROADSTER/lr_ws/install/lx_msgs/lib:/root/Lunar_ROADSTER/lr_ws/install/gazebo_msgs/lib:/root/Lunar_ROADSTER/lr_ws/install/cg_msgs/lib:/opt/ros/humble/opt/rviz_ogre_vendor/lib:/opt/ros/humble/lib/aarch64-linux-gnu:/opt/ros/humble/lib:/usr/local/cuda/lib64 /usr/local/bin/cmake --install /root/Lunar_ROADSTER/lr_ws/build/dwb_msgs
