[0.034s] Invoking command in '/home/williamfbx/Lunar-ROADSTER/lr_ws/build/mapping': CMAKE_PREFIX_PATH=${CMAKE_PREFIX_PATH}:/opt/ros/humble /usr/bin/cmake --build /home/williamfbx/Lunar-ROADSTER/lr_ws/build/mapping -- -j12 -l12
[0.135s] [35m[1mConsolidate compiler generated dependencies of target global_mapping_node[0m
[0.175s] [ 33%] Built target local_mapping_node
[0.175s] [ 58%] Built target pc_handler_node
[0.189s] [ 66%] [32mBuilding CXX object CMakeFiles/global_mapping_node.dir/src/global_mapping.cpp.o[0m
[9.657s] [ 75%] [32m[1mLinking CXX executable global_mapping_node[0m
[10.421s] [100%] Built target global_mapping_node
[10.432s] Invoked command in '/home/williamfbx/Lunar-ROADSTER/lr_ws/build/mapping' returned '0': CMAKE_PREFIX_PATH=${CMAKE_PREFIX_PATH}:/opt/ros/humble /usr/bin/cmake --build /home/williamfbx/Lunar-ROADSTER/lr_ws/build/mapping -- -j12 -l12
[10.434s] Invoking command in '/home/williamfbx/Lunar-ROADSTER/lr_ws/build/mapping': CMAKE_PREFIX_PATH=${CMAKE_PREFIX_PATH}:/opt/ros/humble /usr/bin/cmake --install /home/williamfbx/Lunar-ROADSTER/lr_ws/build/mapping
[10.449s] -- Install configuration: ""
[10.449s] -- Installing: /home/williamfbx/Lunar-ROADSTER/lr_ws/install/mapping/lib/mapping/global_mapping_node
[10.452s] -- Set runtime path of "/home/williamfbx/Lunar-ROADSTER/lr_ws/install/mapping/lib/mapping/global_mapping_node" to ""
[10.452s] -- Up-to-date: /home/williamfbx/Lunar-ROADSTER/lr_ws/install/mapping/lib/mapping/local_mapping_node
[10.452s] -- Up-to-date: /home/williamfbx/Lunar-ROADSTER/lr_ws/install/mapping/lib/mapping/pc_handler_node
[10.452s] -- Up-to-date: /home/williamfbx/Lunar-ROADSTER/lr_ws/install/mapping/share/mapping/launch
[10.452s] -- Up-to-date: /home/williamfbx/Lunar-ROADSTER/lr_ws/install/mapping/share/mapping/launch/mapping.launch.py
[10.452s] -- Up-to-date: /home/williamfbx/Lunar-ROADSTER/lr_ws/install/mapping/share/mapping/launch/rviz_config.rviz
[10.452s] -- Up-to-date: /home/williamfbx/Lunar-ROADSTER/lr_ws/install/mapping/share/ament_index/resource_index/package_run_dependencies/mapping
[10.453s] -- Up-to-date: /home/williamfbx/Lunar-ROADSTER/lr_ws/install/mapping/share/ament_index/resource_index/parent_prefix_path/mapping
[10.453s] -- Up-to-date: /home/williamfbx/Lunar-ROADSTER/lr_ws/install/mapping/share/mapping/environment/ament_prefix_path.sh
[10.453s] -- Up-to-date: /home/williamfbx/Lunar-ROADSTER/lr_ws/install/mapping/share/mapping/environment/ament_prefix_path.dsv
[10.453s] -- Up-to-date: /home/williamfbx/Lunar-ROADSTER/lr_ws/install/mapping/share/mapping/environment/path.sh
[10.453s] -- Up-to-date: /home/williamfbx/Lunar-ROADSTER/lr_ws/install/mapping/share/mapping/environment/path.dsv
[10.453s] -- Up-to-date: /home/williamfbx/Lunar-ROADSTER/lr_ws/install/mapping/share/mapping/local_setup.bash
[10.453s] -- Up-to-date: /home/williamfbx/Lunar-ROADSTER/lr_ws/install/mapping/share/mapping/local_setup.sh
[10.453s] -- Up-to-date: /home/williamfbx/Lunar-ROADSTER/lr_ws/install/mapping/share/mapping/local_setup.zsh
[10.453s] -- Up-to-date: /home/williamfbx/Lunar-ROADSTER/lr_ws/install/mapping/share/mapping/local_setup.dsv
[10.453s] -- Installing: /home/williamfbx/Lunar-ROADSTER/lr_ws/install/mapping/share/mapping/package.dsv
[10.453s] -- Up-to-date: /home/williamfbx/Lunar-ROADSTER/lr_ws/install/mapping/share/ament_index/resource_index/packages/mapping
[10.453s] -- Up-to-date: /home/williamfbx/Lunar-ROADSTER/lr_ws/install/mapping/share/mapping/cmake/mappingConfig.cmake
[10.453s] -- Up-to-date: /home/williamfbx/Lunar-ROADSTER/lr_ws/install/mapping/share/mapping/cmake/mappingConfig-version.cmake
[10.453s] -- Up-to-date: /home/williamfbx/Lunar-ROADSTER/lr_ws/install/mapping/share/mapping/package.xml
[10.454s] Invoked command in '/home/williamfbx/Lunar-ROADSTER/lr_ws/build/mapping' returned '0': CMAKE_PREFIX_PATH=${CMAKE_PREFIX_PATH}:/opt/ros/humble /usr/bin/cmake --install /home/williamfbx/Lunar-ROADSTER/lr_ws/build/mapping
