[0.018s] Invoking command in '/home/williamfbx/Lunar-ROADSTER/lr_ws/build/mapping': CMAKE_PREFIX_PATH=${CMAKE_PREFIX_PATH}:/opt/ros/humble /usr/bin/cmake --build /home/williamfbx/Lunar-ROADSTER/lr_ws/build/mapping -- -j12 -l12
[0.079s] [35m[1mConsolidate compiler generated dependencies of target global_mapping_node[0m
[0.131s] [ 25%] Built target pc_handler_node
[0.135s] [ 58%] Built target local_mapping_node
[0.145s] [ 66%] [32mBuilding CXX object CMakeFiles/global_mapping_node.dir/src/global_mapping_node.cpp.o[0m
[0.150s] [ 75%] [32mBuilding CXX object CMakeFiles/global_mapping_node.dir/src/global_mapping.cpp.o[0m
[0.151s] [ 83%] [32mBuilding CXX object CMakeFiles/global_mapping_node.dir/src/init_map.cpp.o[0m
[1.501s] In file included from [01m[K/home/williamfbx/Lunar-ROADSTER/lr_ws/src/mapping/src/init_map.cpp:6[m[K:
[1.501s] [01m[K/home/williamfbx/Lunar-ROADSTER/lr_ws/src/mapping/include/mapping/init_map.hpp:11:1:[m[K [01;31m[Kerror: [m[Kexpected initializer before ‘[01m[Ksensor_msgs[m[K’
[1.501s]    11 | [01;31m[Ksensor_msgs[m[K::msg::PointCloud2::SharedPtr cloud_msg
[1.501s]       | [01;31m[K^~~~~~~~~~~[m[K
[2.836s] In file included from [01m[K/home/williamfbx/Lunar-ROADSTER/lr_ws/src/mapping/include/mapping/global_mapping.hpp:6[m[K,
[2.836s]                  from [01m[K/home/williamfbx/Lunar-ROADSTER/lr_ws/src/mapping/src/global_mapping.cpp:12[m[K:
[2.836s] [01m[K/home/williamfbx/Lunar-ROADSTER/lr_ws/src/mapping/include/mapping/init_map.hpp:11:1:[m[K [01;31m[Kerror: [m[Kexpected initializer before ‘[01m[Ksensor_msgs[m[K’
[2.836s]    11 | [01;31m[Ksensor_msgs[m[K::msg::PointCloud2::SharedPtr cloud_msg
[2.837s]       | [01;31m[K^~~~~~~~~~~[m[K
[3.031s] In file included from [01m[K/home/williamfbx/Lunar-ROADSTER/lr_ws/src/mapping/include/mapping/global_mapping.hpp:6[m[K,
[3.031s]                  from [01m[K/home/williamfbx/Lunar-ROADSTER/lr_ws/src/mapping/src/global_mapping_node.cpp:1[m[K:
[3.031s] [01m[K/home/williamfbx/Lunar-ROADSTER/lr_ws/src/mapping/include/mapping/init_map.hpp:11:1:[m[K [01;31m[Kerror: [m[Kexpected initializer before ‘[01m[Ksensor_msgs[m[K’
[3.031s]    11 | [01;31m[Ksensor_msgs[m[K::msg::PointCloud2::SharedPtr cloud_msg
[3.031s]       | [01;31m[K^~~~~~~~~~~[m[K
[3.490s] [01m[K/home/williamfbx/Lunar-ROADSTER/lr_ws/src/mapping/src/init_map.cpp:[m[K In function ‘[01m[Kconst SharedPtr lr::mapping::getMapFromPCD()[m[K’:
[3.490s] [01m[K/home/williamfbx/Lunar-ROADSTER/lr_ws/src/mapping/src/init_map.cpp:19:5:[m[K [01;31m[Kerror: [m[K‘[01m[Kfilename[m[K’ was not declared in this scope; did you mean ‘[01m[Krename[m[K’?
[3.490s]    19 |     [01;31m[Kfilename[m[K = std::string(MAPPING_SOURCE_DIR) + "/saved_maps/map.pcd";
[3.490s]       |     [01;31m[K^~~~~~~~[m[K
[3.490s]       |     [32m[Krename[m[K
[3.503s] [01m[K/home/williamfbx/Lunar-ROADSTER/lr_ws/src/mapping/src/init_map.cpp:35:5:[m[K [01;31m[Kerror: [m[K‘[01m[Kcloud_msg[m[K’ was not declared in this scope
[3.503s]    35 |     [01;31m[Kcloud_msg[m[K = std::make_shared<sensor_msgs::msg::PointCloud2>();
[3.503s]       |     [01;31m[K^~~~~~~~~[m[K
[3.952s] gmake[2]: *** [CMakeFiles/global_mapping_node.dir/build.make:118: CMakeFiles/global_mapping_node.dir/src/init_map.cpp.o] Error 1
[3.952s] gmake[2]: *** Waiting for unfinished jobs....
[4.147s] [01m[K/home/williamfbx/Lunar-ROADSTER/lr_ws/src/mapping/src/global_mapping.cpp:[m[K In member function ‘[01m[Kvoid WorldModel::configureMaps()[m[K’:
[4.147s] [01m[K/home/williamfbx/Lunar-ROADSTER/lr_ws/src/mapping/src/global_mapping.cpp:82:33:[m[K [01;31m[Kerror: [m[K‘[01m[KgetMapFromPCD[m[K’ is not a member of ‘[01m[Klr::mapping[m[K’
[4.147s]    82 |     auto map_msg = lr::mapping::[01;31m[KgetMapFromPCD[m[K();
[4.147s]       |                                 [01;31m[K^~~~~~~~~~~~~[m[K
[5.244s] gmake[2]: *** [CMakeFiles/global_mapping_node.dir/build.make:76: CMakeFiles/global_mapping_node.dir/src/global_mapping_node.cpp.o] Error 1
[6.807s] gmake[2]: *** [CMakeFiles/global_mapping_node.dir/build.make:90: CMakeFiles/global_mapping_node.dir/src/global_mapping.cpp.o] Error 1
[6.807s] gmake[1]: *** [CMakeFiles/Makefile2:141: CMakeFiles/global_mapping_node.dir/all] Error 2
[6.807s] gmake: *** [Makefile:146: all] Error 2
[6.810s] Invoked command in '/home/williamfbx/Lunar-ROADSTER/lr_ws/build/mapping' returned '2': CMAKE_PREFIX_PATH=${CMAKE_PREFIX_PATH}:/opt/ros/humble /usr/bin/cmake --build /home/williamfbx/Lunar-ROADSTER/lr_ws/build/mapping -- -j12 -l12
