[0.065s] Invoking command in '/home/williamfbx/Lunar-ROADSTER/lr_ws/build/mapping': CMAKE_PREFIX_PATH=${CMAKE_PREFIX_PATH}:/opt/ros/humble /usr/bin/cmake /home/williamfbx/Lunar-ROADSTER/lr_ws/src/mapping -DCMAKE_INSTALL_PREFIX=/home/williamfbx/Lunar-ROADSTER/lr_ws/install/mapping
[0.190s] -- The C compiler identification is GNU 11.4.0
[0.304s] -- The CXX compiler identification is GNU 11.4.0
[0.314s] -- Detecting C compiler ABI info
[0.406s] -- Detecting C compiler ABI info - done
[0.417s] -- Check for working C compiler: /usr/bin/cc - skipped
[0.418s] -- Detecting C compile features
[0.418s] -- Detecting C compile features - done
[0.422s] -- Detecting CXX compiler ABI info
[0.556s] -- Detecting CXX compiler ABI info - done
[0.584s] -- Check for working CXX compiler: /usr/bin/c++ - skipped
[0.584s] -- Detecting CXX compile features
[0.584s] -- Detecting CXX compile features - done
[0.587s] -- Found ament_cmake: 1.3.11 (/opt/ros/humble/share/ament_cmake/cmake)
[0.786s] -- Found Python3: /usr/bin/python3 (found version "3.10.12") found components: Interpreter 
[0.900s] -- Found ament_lint_auto: 0.12.11 (/opt/ros/humble/share/ament_lint_auto/cmake)
[0.947s] -- Configuring done
[0.949s] -- Generating done
[0.950s] -- Build files have been written to: /home/williamfbx/Lunar-ROADSTER/lr_ws/build/mapping
[1.016s] Invoked command in '/home/williamfbx/Lunar-ROADSTER/lr_ws/build/mapping' returned '0': CMAKE_PREFIX_PATH=${CMAKE_PREFIX_PATH}:/opt/ros/humble /usr/bin/cmake /home/williamfbx/Lunar-ROADSTER/lr_ws/src/mapping -DCMAKE_INSTALL_PREFIX=/home/williamfbx/Lunar-ROADSTER/lr_ws/install/mapping
[1.018s] Invoking command in '/home/williamfbx/Lunar-ROADSTER/lr_ws/build/mapping': CMAKE_PREFIX_PATH=${CMAKE_PREFIX_PATH}:/opt/ros/humble /usr/bin/cmake --build /home/williamfbx/Lunar-ROADSTER/lr_ws/build/mapping -- -j12 -l12
[1.124s] Invoked command in '/home/williamfbx/Lunar-ROADSTER/lr_ws/build/mapping' returned '0': CMAKE_PREFIX_PATH=${CMAKE_PREFIX_PATH}:/opt/ros/humble /usr/bin/cmake --build /home/williamfbx/Lunar-ROADSTER/lr_ws/build/mapping -- -j12 -l12
[1.125s] Invoking command in '/home/williamfbx/Lunar-ROADSTER/lr_ws/build/mapping': CMAKE_PREFIX_PATH=${CMAKE_PREFIX_PATH}:/opt/ros/humble /usr/bin/cmake --install /home/williamfbx/Lunar-ROADSTER/lr_ws/build/mapping
[1.130s] -- Install configuration: ""
[1.130s] -- Installing: /home/williamfbx/Lunar-ROADSTER/lr_ws/install/mapping/share/mapping/launch
[1.130s] -- Installing: /home/williamfbx/Lunar-ROADSTER/lr_ws/install/mapping/share/mapping/launch/mapping_launch.py
[1.130s] -- Installing: /home/williamfbx/Lunar-ROADSTER/lr_ws/install/mapping/share/ament_index/resource_index/package_run_dependencies/mapping
[1.130s] -- Installing: /home/williamfbx/Lunar-ROADSTER/lr_ws/install/mapping/share/ament_index/resource_index/parent_prefix_path/mapping
[1.131s] -- Installing: /home/williamfbx/Lunar-ROADSTER/lr_ws/install/mapping/share/mapping/environment/ament_prefix_path.sh
[1.131s] -- Installing: /home/williamfbx/Lunar-ROADSTER/lr_ws/install/mapping/share/mapping/environment/ament_prefix_path.dsv
[1.131s] -- Installing: /home/williamfbx/Lunar-ROADSTER/lr_ws/install/mapping/share/mapping/environment/path.sh
[1.131s] -- Installing: /home/williamfbx/Lunar-ROADSTER/lr_ws/install/mapping/share/mapping/environment/path.dsv
[1.131s] -- Installing: /home/williamfbx/Lunar-ROADSTER/lr_ws/install/mapping/share/mapping/local_setup.bash
[1.131s] -- Installing: /home/williamfbx/Lunar-ROADSTER/lr_ws/install/mapping/share/mapping/local_setup.sh
[1.131s] -- Installing: /home/williamfbx/Lunar-ROADSTER/lr_ws/install/mapping/share/mapping/local_setup.zsh
[1.132s] -- Installing: /home/williamfbx/Lunar-ROADSTER/lr_ws/install/mapping/share/mapping/local_setup.dsv
[1.132s] -- Installing: /home/williamfbx/Lunar-ROADSTER/lr_ws/install/mapping/share/mapping/package.dsv
[1.132s] -- Installing: /home/williamfbx/Lunar-ROADSTER/lr_ws/install/mapping/share/ament_index/resource_index/packages/mapping
[1.132s] -- Installing: /home/williamfbx/Lunar-ROADSTER/lr_ws/install/mapping/share/mapping/cmake/mappingConfig.cmake
[1.132s] -- Installing: /home/williamfbx/Lunar-ROADSTER/lr_ws/install/mapping/share/mapping/cmake/mappingConfig-version.cmake
[1.132s] -- Installing: /home/williamfbx/Lunar-ROADSTER/lr_ws/install/mapping/share/mapping/package.xml
[1.164s] Invoked command in '/home/williamfbx/Lunar-ROADSTER/lr_ws/build/mapping' returned '0': CMAKE_PREFIX_PATH=${CMAKE_PREFIX_PATH}:/opt/ros/humble /usr/bin/cmake --install /home/williamfbx/Lunar-ROADSTER/lr_ws/build/mapping
