[0.096s] Invoking command in '/root/Lunar_ROADSTER/lr_ws/build/vectornav_msgs': CMAKE_PREFIX_PATH=${CMAKE_PREFIX_PATH}:/opt/ros/humble /usr/local/bin/cmake --build /root/Lunar_ROADSTER/lr_ws/build/vectornav_msgs -- -j4 -l4
[0.362s] [ 12%] Built target vectornav_msgs__rosidl_generator_c
[0.376s] [ 12%] Built target vectornav_msgs__cpp
[0.404s] [ 12%] Built target ament_cmake_python_copy_vectornav_msgs
[0.538s] [ 24%] Built target vectornav_msgs__rosidl_typesupport_c
[0.600s] [ 36%] Built target vectornav_msgs__rosidl_typesupport_introspection_c
[0.610s] [ 48%] Built target vectornav_msgs__rosidl_typesupport_introspection_cpp
[0.650s] [ 60%] Built target vectornav_msgs__rosidl_typesupport_fastrtps_c
[0.768s] [ 72%] Built target vectornav_msgs__rosidl_typesupport_cpp
[0.785s] [ 83%] Built target vectornav_msgs__rosidl_typesupport_fastrtps_cpp
[0.852s] [ 83%] Built target vectornav_msgs
[0.937s] [ 84%] Built target vectornav_msgs__py
[1.101s] [ 95%] Built target vectornav_msgs__rosidl_generator_py
[1.236s] [ 97%] Built target vectornav_msgs__rosidl_typesupport_introspection_c__pyext
[1.240s] [ 99%] Built target vectornav_msgs__rosidl_typesupport_fastrtps_c__pyext
[1.266s] [100%] Built target vectornav_msgs__rosidl_typesupport_c__pyext
[1.667s] running egg_info
[1.669s] writing vectornav_msgs.egg-info/PKG-INFO
[1.671s] writing dependency_links to vectornav_msgs.egg-info/dependency_links.txt
[1.672s] writing top-level names to vectornav_msgs.egg-info/top_level.txt
[1.682s] reading manifest file 'vectornav_msgs.egg-info/SOURCES.txt'
[1.685s] writing manifest file 'vectornav_msgs.egg-info/SOURCES.txt'
[1.775s] [100%] Built target ament_cmake_python_build_vectornav_msgs_egg
[1.806s] Invoked command in '/root/Lunar_ROADSTER/lr_ws/build/vectornav_msgs' returned '0': CMAKE_PREFIX_PATH=${CMAKE_PREFIX_PATH}:/opt/ros/humble /usr/local/bin/cmake --build /root/Lunar_ROADSTER/lr_ws/build/vectornav_msgs -- -j4 -l4
[1.832s] Invoking command in '/root/Lunar_ROADSTER/lr_ws/build/vectornav_msgs': CMAKE_PREFIX_PATH=${CMAKE_PREFIX_PATH}:/opt/ros/humble /usr/local/bin/cmake --install /root/Lunar_ROADSTER/lr_ws/build/vectornav_msgs
[1.849s] -- Install configuration: ""
[1.850s] -- Up-to-date: /root/Lunar_ROADSTER/lr_ws/install/vectornav_msgs/share/ament_index/resource_index/rosidl_interfaces/vectornav_msgs
[1.851s] -- Up-to-date: /root/Lunar_ROADSTER/lr_ws/install/vectornav_msgs/include/vectornav_msgs/vectornav_msgs
[1.853s] -- Up-to-date: /root/Lunar_ROADSTER/lr_ws/install/vectornav_msgs/include/vectornav_msgs/vectornav_msgs/msg
[1.855s] -- Up-to-date: /root/Lunar_ROADSTER/lr_ws/install/vectornav_msgs/include/vectornav_msgs/vectornav_msgs/msg/attitude_group.h
[1.856s] -- Up-to-date: /root/Lunar_ROADSTER/lr_ws/install/vectornav_msgs/include/vectornav_msgs/vectornav_msgs/msg/rosidl_generator_c__visibility_control.h
[1.857s] -- Up-to-date: /root/Lunar_ROADSTER/lr_ws/install/vectornav_msgs/include/vectornav_msgs/vectornav_msgs/msg/detail
[1.865s] -- Up-to-date: /root/Lunar_ROADSTER/lr_ws/install/vectornav_msgs/include/vectornav_msgs/vectornav_msgs/msg/detail/attitude_group__functions.c
[1.872s] -- Up-to-date: /root/Lunar_ROADSTER/lr_ws/install/vectornav_msgs/include/vectornav_msgs/vectornav_msgs/msg/detail/attitude_group__functions.h
[1.873s] -- Up-to-date: /root/Lunar_ROADSTER/lr_ws/install/vectornav_msgs/include/vectornav_msgs/vectornav_msgs/msg/detail/attitude_group__struct.h
[1.873s] -- Up-to-date: /root/Lunar_ROADSTER/lr_ws/install/vectornav_msgs/include/vectornav_msgs/vectornav_msgs/msg/detail/attitude_group__type_support.h
[1.874s] -- Up-to-date: /root/Lunar_ROADSTER/lr_ws/install/vectornav_msgs/include/vectornav_msgs/vectornav_msgs/msg/detail/common_group__functions.c
[1.874s] -- Up-to-date: /root/Lunar_ROADSTER/lr_ws/install/vectornav_msgs/include/vectornav_msgs/vectornav_msgs/msg/detail/common_group__functions.h
[1.874s] -- Up-to-date: /root/Lunar_ROADSTER/lr_ws/install/vectornav_msgs/include/vectornav_msgs/vectornav_msgs/msg/detail/common_group__struct.h
[1.875s] -- Up-to-date: /root/Lunar_ROADSTER/lr_ws/install/vectornav_msgs/include/vectornav_msgs/vectornav_msgs/msg/detail/common_group__type_support.h
[1.876s] -- Up-to-date: /root/Lunar_ROADSTER/lr_ws/install/vectornav_msgs/include/vectornav_msgs/vectornav_msgs/msg/detail/dop__functions.c
[1.876s] -- Up-to-date: /root/Lunar_ROADSTER/lr_ws/install/vectornav_msgs/include/vectornav_msgs/vectornav_msgs/msg/detail/dop__functions.h
[1.880s] -- Up-to-date: /root/Lunar_ROADSTER/lr_ws/install/vectornav_msgs/include/vectornav_msgs/vectornav_msgs/msg/detail/dop__struct.h
[1.881s] -- Up-to-date: /root/Lunar_ROADSTER/lr_ws/install/vectornav_msgs/include/vectornav_msgs/vectornav_msgs/msg/detail/dop__type_support.h
[1.882s] -- Up-to-date: /root/Lunar_ROADSTER/lr_ws/install/vectornav_msgs/include/vectornav_msgs/vectornav_msgs/msg/detail/gps_group__functions.c
[1.882s] -- Up-to-date: /root/Lunar_ROADSTER/lr_ws/install/vectornav_msgs/include/vectornav_msgs/vectornav_msgs/msg/detail/gps_group__functions.h
[1.883s] -- Up-to-date: /root/Lunar_ROADSTER/lr_ws/install/vectornav_msgs/include/vectornav_msgs/vectornav_msgs/msg/detail/gps_group__struct.h
[1.883s] -- Up-to-date: /root/Lunar_ROADSTER/lr_ws/install/vectornav_msgs/include/vectornav_msgs/vectornav_msgs/msg/detail/gps_group__type_support.h
[1.884s] -- Up-to-date: /root/Lunar_ROADSTER/lr_ws/install/vectornav_msgs/include/vectornav_msgs/vectornav_msgs/msg/detail/imu_group__functions.c
[1.884s] -- Up-to-date: /root/Lunar_ROADSTER/lr_ws/install/vectornav_msgs/include/vectornav_msgs/vectornav_msgs/msg/detail/imu_group__functions.h
[1.884s] -- Up-to-date: /root/Lunar_ROADSTER/lr_ws/install/vectornav_msgs/include/vectornav_msgs/vectornav_msgs/msg/detail/imu_group__struct.h
[1.885s] -- Up-to-date: /root/Lunar_ROADSTER/lr_ws/install/vectornav_msgs/include/vectornav_msgs/vectornav_msgs/msg/detail/imu_group__type_support.h
[1.885s] -- Up-to-date: /root/Lunar_ROADSTER/lr_ws/install/vectornav_msgs/include/vectornav_msgs/vectornav_msgs/msg/detail/ins_group__functions.c
[1.885s] -- Up-to-date: /root/Lunar_ROADSTER/lr_ws/install/vectornav_msgs/include/vectornav_msgs/vectornav_msgs/msg/detail/ins_group__functions.h
[1.886s] -- Up-to-date: /root/Lunar_ROADSTER/lr_ws/install/vectornav_msgs/include/vectornav_msgs/vectornav_msgs/msg/detail/ins_group__struct.h
[1.886s] -- Up-to-date: /root/Lunar_ROADSTER/lr_ws/install/vectornav_msgs/include/vectornav_msgs/vectornav_msgs/msg/detail/ins_group__type_support.h
[1.886s] -- Up-to-date: /root/Lunar_ROADSTER/lr_ws/install/vectornav_msgs/include/vectornav_msgs/vectornav_msgs/msg/detail/ins_status__functions.c
[1.887s] -- Up-to-date: /root/Lunar_ROADSTER/lr_ws/install/vectornav_msgs/include/vectornav_msgs/vectornav_msgs/msg/detail/ins_status__functions.h
[1.888s] -- Up-to-date: /root/Lunar_ROADSTER/lr_ws/install/vectornav_msgs/include/vectornav_msgs/vectornav_msgs/msg/detail/ins_status__struct.h
[1.889s] -- Up-to-date: /root/Lunar_ROADSTER/lr_ws/install/vectornav_msgs/include/vectornav_msgs/vectornav_msgs/msg/detail/ins_status__type_support.h
[1.889s] -- Up-to-date: /root/Lunar_ROADSTER/lr_ws/install/vectornav_msgs/include/vectornav_msgs/vectornav_msgs/msg/detail/time_group__functions.c
[1.890s] -- Up-to-date: /root/Lunar_ROADSTER/lr_ws/install/vectornav_msgs/include/vectornav_msgs/vectornav_msgs/msg/detail/time_group__functions.h
[1.890s] -- Up-to-date: /root/Lunar_ROADSTER/lr_ws/install/vectornav_msgs/include/vectornav_msgs/vectornav_msgs/msg/detail/time_group__struct.h
[1.891s] -- Up-to-date: /root/Lunar_ROADSTER/lr_ws/install/vectornav_msgs/include/vectornav_msgs/vectornav_msgs/msg/detail/time_group__type_support.h
[1.892s] -- Up-to-date: /root/Lunar_ROADSTER/lr_ws/install/vectornav_msgs/include/vectornav_msgs/vectornav_msgs/msg/detail/time_status__functions.c
[1.892s] -- Up-to-date: /root/Lunar_ROADSTER/lr_ws/install/vectornav_msgs/include/vectornav_msgs/vectornav_msgs/msg/detail/time_status__functions.h
[1.893s] -- Up-to-date: /root/Lunar_ROADSTER/lr_ws/install/vectornav_msgs/include/vectornav_msgs/vectornav_msgs/msg/detail/time_status__struct.h
[1.899s] -- Up-to-date: /root/Lunar_ROADSTER/lr_ws/install/vectornav_msgs/include/vectornav_msgs/vectornav_msgs/msg/detail/time_status__type_support.h
[1.900s] -- Up-to-date: /root/Lunar_ROADSTER/lr_ws/install/vectornav_msgs/include/vectornav_msgs/vectornav_msgs/msg/detail/time_utc__functions.c
[1.900s] -- Up-to-date: /root/Lunar_ROADSTER/lr_ws/install/vectornav_msgs/include/vectornav_msgs/vectornav_msgs/msg/detail/time_utc__functions.h
[1.901s] -- Up-to-date: /root/Lunar_ROADSTER/lr_ws/install/vectornav_msgs/include/vectornav_msgs/vectornav_msgs/msg/detail/time_utc__struct.h
[1.901s] -- Up-to-date: /root/Lunar_ROADSTER/lr_ws/install/vectornav_msgs/include/vectornav_msgs/vectornav_msgs/msg/detail/time_utc__type_support.h
[1.902s] -- Up-to-date: /root/Lunar_ROADSTER/lr_ws/install/vectornav_msgs/include/vectornav_msgs/vectornav_msgs/msg/detail/vpe_status__functions.c
[1.902s] -- Up-to-date: /root/Lunar_ROADSTER/lr_ws/install/vectornav_msgs/include/vectornav_msgs/vectornav_msgs/msg/detail/vpe_status__functions.h
[1.902s] -- Up-to-date: /root/Lunar_ROADSTER/lr_ws/install/vectornav_msgs/include/vectornav_msgs/vectornav_msgs/msg/detail/vpe_status__struct.h
[1.903s] -- Up-to-date: /root/Lunar_ROADSTER/lr_ws/install/vectornav_msgs/include/vectornav_msgs/vectornav_msgs/msg/detail/vpe_status__type_support.h
[1.904s] -- Up-to-date: /root/Lunar_ROADSTER/lr_ws/install/vectornav_msgs/include/vectornav_msgs/vectornav_msgs/msg/common_group.h
[1.904s] -- Up-to-date: /root/Lunar_ROADSTER/lr_ws/install/vectornav_msgs/include/vectornav_msgs/vectornav_msgs/msg/dop.h
[1.904s] -- Up-to-date: /root/Lunar_ROADSTER/lr_ws/install/vectornav_msgs/include/vectornav_msgs/vectornav_msgs/msg/gps_group.h
[1.905s] -- Up-to-date: /root/Lunar_ROADSTER/lr_ws/install/vectornav_msgs/include/vectornav_msgs/vectornav_msgs/msg/imu_group.h
[1.905s] -- Up-to-date: /root/Lunar_ROADSTER/lr_ws/install/vectornav_msgs/include/vectornav_msgs/vectornav_msgs/msg/ins_group.h
[1.906s] -- Up-to-date: /root/Lunar_ROADSTER/lr_ws/install/vectornav_msgs/include/vectornav_msgs/vectornav_msgs/msg/ins_status.h
[1.906s] -- Up-to-date: /root/Lunar_ROADSTER/lr_ws/install/vectornav_msgs/include/vectornav_msgs/vectornav_msgs/msg/time_group.h
[1.907s] -- Up-to-date: /root/Lunar_ROADSTER/lr_ws/install/vectornav_msgs/include/vectornav_msgs/vectornav_msgs/msg/time_status.h
[1.907s] -- Up-to-date: /root/Lunar_ROADSTER/lr_ws/install/vectornav_msgs/include/vectornav_msgs/vectornav_msgs/msg/time_utc.h
[1.910s] -- Up-to-date: /root/Lunar_ROADSTER/lr_ws/install/vectornav_msgs/include/vectornav_msgs/vectornav_msgs/msg/vpe_status.h
[1.911s] -- Up-to-date: /root/Lunar_ROADSTER/lr_ws/install/vectornav_msgs/include/vectornav_msgs/vectornav_msgs/action
[1.911s] -- Up-to-date: /root/Lunar_ROADSTER/lr_ws/install/vectornav_msgs/include/vectornav_msgs/vectornav_msgs/action/mag_cal.h
[1.912s] -- Up-to-date: /root/Lunar_ROADSTER/lr_ws/install/vectornav_msgs/include/vectornav_msgs/vectornav_msgs/action/detail
[1.912s] -- Up-to-date: /root/Lunar_ROADSTER/lr_ws/install/vectornav_msgs/include/vectornav_msgs/vectornav_msgs/action/detail/mag_cal__functions.c
[1.912s] -- Up-to-date: /root/Lunar_ROADSTER/lr_ws/install/vectornav_msgs/include/vectornav_msgs/vectornav_msgs/action/detail/mag_cal__functions.h
[1.913s] -- Up-to-date: /root/Lunar_ROADSTER/lr_ws/install/vectornav_msgs/include/vectornav_msgs/vectornav_msgs/action/detail/mag_cal__struct.h
[1.913s] -- Up-to-date: /root/Lunar_ROADSTER/lr_ws/install/vectornav_msgs/include/vectornav_msgs/vectornav_msgs/action/detail/mag_cal__type_support.h
[1.913s] -- Up-to-date: /root/Lunar_ROADSTER/lr_ws/install/vectornav_msgs/share/vectornav_msgs/environment/library_path.sh
[1.913s] -- Up-to-date: /root/Lunar_ROADSTER/lr_ws/install/vectornav_msgs/share/vectornav_msgs/environment/library_path.dsv
[1.914s] -- Up-to-date: /root/Lunar_ROADSTER/lr_ws/install/vectornav_msgs/lib/libvectornav_msgs__rosidl_generator_c.so
[1.914s] -- Up-to-date: /root/Lunar_ROADSTER/lr_ws/install/vectornav_msgs/include/vectornav_msgs/vectornav_msgs
[1.914s] -- Up-to-date: /root/Lunar_ROADSTER/lr_ws/install/vectornav_msgs/include/vectornav_msgs/vectornav_msgs/msg
[1.914s] -- Up-to-date: /root/Lunar_ROADSTER/lr_ws/install/vectornav_msgs/include/vectornav_msgs/vectornav_msgs/msg/detail
[1.915s] -- Up-to-date: /root/Lunar_ROADSTER/lr_ws/install/vectornav_msgs/include/vectornav_msgs/vectornav_msgs/msg/detail/attitude_group__rosidl_typesupport_fastrtps_c.h
[1.915s] -- Up-to-date: /root/Lunar_ROADSTER/lr_ws/install/vectornav_msgs/include/vectornav_msgs/vectornav_msgs/msg/detail/common_group__rosidl_typesupport_fastrtps_c.h
[1.917s] -- Up-to-date: /root/Lunar_ROADSTER/lr_ws/install/vectornav_msgs/include/vectornav_msgs/vectornav_msgs/msg/detail/dop__rosidl_typesupport_fastrtps_c.h
[1.918s] -- Up-to-date: /root/Lunar_ROADSTER/lr_ws/install/vectornav_msgs/include/vectornav_msgs/vectornav_msgs/msg/detail/gps_group__rosidl_typesupport_fastrtps_c.h
[1.918s] -- Up-to-date: /root/Lunar_ROADSTER/lr_ws/install/vectornav_msgs/include/vectornav_msgs/vectornav_msgs/msg/detail/imu_group__rosidl_typesupport_fastrtps_c.h
[1.918s] -- Up-to-date: /root/Lunar_ROADSTER/lr_ws/install/vectornav_msgs/include/vectornav_msgs/vectornav_msgs/msg/detail/ins_group__rosidl_typesupport_fastrtps_c.h
[1.919s] -- Up-to-date: /root/Lunar_ROADSTER/lr_ws/install/vectornav_msgs/include/vectornav_msgs/vectornav_msgs/msg/detail/ins_status__rosidl_typesupport_fastrtps_c.h
[1.919s] -- Up-to-date: /root/Lunar_ROADSTER/lr_ws/install/vectornav_msgs/include/vectornav_msgs/vectornav_msgs/msg/detail/time_group__rosidl_typesupport_fastrtps_c.h
[1.923s] -- Up-to-date: /root/Lunar_ROADSTER/lr_ws/install/vectornav_msgs/include/vectornav_msgs/vectornav_msgs/msg/detail/time_status__rosidl_typesupport_fastrtps_c.h
[1.932s] -- Up-to-date: /root/Lunar_ROADSTER/lr_ws/install/vectornav_msgs/include/vectornav_msgs/vectornav_msgs/msg/detail/time_utc__rosidl_typesupport_fastrtps_c.h
[1.932s] -- Up-to-date: /root/Lunar_ROADSTER/lr_ws/install/vectornav_msgs/include/vectornav_msgs/vectornav_msgs/msg/detail/vpe_status__rosidl_typesupport_fastrtps_c.h
[1.933s] -- Up-to-date: /root/Lunar_ROADSTER/lr_ws/install/vectornav_msgs/include/vectornav_msgs/vectornav_msgs/msg/rosidl_typesupport_fastrtps_c__visibility_control.h
[1.933s] -- Up-to-date: /root/Lunar_ROADSTER/lr_ws/install/vectornav_msgs/include/vectornav_msgs/vectornav_msgs/action
[1.934s] -- Up-to-date: /root/Lunar_ROADSTER/lr_ws/install/vectornav_msgs/include/vectornav_msgs/vectornav_msgs/action/detail
[1.934s] -- Up-to-date: /root/Lunar_ROADSTER/lr_ws/install/vectornav_msgs/include/vectornav_msgs/vectornav_msgs/action/detail/mag_cal__rosidl_typesupport_fastrtps_c.h
[1.934s] -- Up-to-date: /root/Lunar_ROADSTER/lr_ws/install/vectornav_msgs/lib/libvectornav_msgs__rosidl_typesupport_fastrtps_c.so
[1.934s] -- Up-to-date: /root/Lunar_ROADSTER/lr_ws/install/vectornav_msgs/include/vectornav_msgs/vectornav_msgs
[1.935s] -- Up-to-date: /root/Lunar_ROADSTER/lr_ws/install/vectornav_msgs/include/vectornav_msgs/vectornav_msgs/msg
[1.935s] -- Up-to-date: /root/Lunar_ROADSTER/lr_ws/install/vectornav_msgs/include/vectornav_msgs/vectornav_msgs/msg/attitude_group.hpp
[1.939s] -- Up-to-date: /root/Lunar_ROADSTER/lr_ws/install/vectornav_msgs/include/vectornav_msgs/vectornav_msgs/msg/rosidl_generator_cpp__visibility_control.hpp
[1.940s] -- Up-to-date: /root/Lunar_ROADSTER/lr_ws/install/vectornav_msgs/include/vectornav_msgs/vectornav_msgs/msg/detail
[1.942s] -- Up-to-date: /root/Lunar_ROADSTER/lr_ws/install/vectornav_msgs/include/vectornav_msgs/vectornav_msgs/msg/detail/attitude_group__builder.hpp
[1.942s] -- Up-to-date: /root/Lunar_ROADSTER/lr_ws/install/vectornav_msgs/include/vectornav_msgs/vectornav_msgs/msg/detail/attitude_group__struct.hpp
[1.943s] -- Up-to-date: /root/Lunar_ROADSTER/lr_ws/install/vectornav_msgs/include/vectornav_msgs/vectornav_msgs/msg/detail/attitude_group__traits.hpp
[1.943s] -- Up-to-date: /root/Lunar_ROADSTER/lr_ws/install/vectornav_msgs/include/vectornav_msgs/vectornav_msgs/msg/detail/attitude_group__type_support.hpp
[1.944s] -- Up-to-date: /root/Lunar_ROADSTER/lr_ws/install/vectornav_msgs/include/vectornav_msgs/vectornav_msgs/msg/detail/common_group__builder.hpp
[1.946s] -- Up-to-date: /root/Lunar_ROADSTER/lr_ws/install/vectornav_msgs/include/vectornav_msgs/vectornav_msgs/msg/detail/common_group__struct.hpp
[1.947s] -- Up-to-date: /root/Lunar_ROADSTER/lr_ws/install/vectornav_msgs/include/vectornav_msgs/vectornav_msgs/msg/detail/common_group__traits.hpp
[1.948s] -- Up-to-date: /root/Lunar_ROADSTER/lr_ws/install/vectornav_msgs/include/vectornav_msgs/vectornav_msgs/msg/detail/common_group__type_support.hpp
[1.948s] -- Up-to-date: /root/Lunar_ROADSTER/lr_ws/install/vectornav_msgs/include/vectornav_msgs/vectornav_msgs/msg/detail/dop__builder.hpp
[1.949s] -- Up-to-date: /root/Lunar_ROADSTER/lr_ws/install/vectornav_msgs/include/vectornav_msgs/vectornav_msgs/msg/detail/dop__struct.hpp
[1.950s] -- Up-to-date: /root/Lunar_ROADSTER/lr_ws/install/vectornav_msgs/include/vectornav_msgs/vectornav_msgs/msg/detail/dop__traits.hpp
[1.950s] -- Up-to-date: /root/Lunar_ROADSTER/lr_ws/install/vectornav_msgs/include/vectornav_msgs/vectornav_msgs/msg/detail/dop__type_support.hpp
[1.951s] -- Up-to-date: /root/Lunar_ROADSTER/lr_ws/install/vectornav_msgs/include/vectornav_msgs/vectornav_msgs/msg/detail/gps_group__builder.hpp
[1.951s] -- Up-to-date: /root/Lunar_ROADSTER/lr_ws/install/vectornav_msgs/include/vectornav_msgs/vectornav_msgs/msg/detail/gps_group__struct.hpp
[1.952s] -- Up-to-date: /root/Lunar_ROADSTER/lr_ws/install/vectornav_msgs/include/vectornav_msgs/vectornav_msgs/msg/detail/gps_group__traits.hpp
[1.952s] -- Up-to-date: /root/Lunar_ROADSTER/lr_ws/install/vectornav_msgs/include/vectornav_msgs/vectornav_msgs/msg/detail/gps_group__type_support.hpp
[1.953s] -- Up-to-date: /root/Lunar_ROADSTER/lr_ws/install/vectornav_msgs/include/vectornav_msgs/vectornav_msgs/msg/detail/imu_group__builder.hpp
[1.954s] -- Up-to-date: /root/Lunar_ROADSTER/lr_ws/install/vectornav_msgs/include/vectornav_msgs/vectornav_msgs/msg/detail/imu_group__struct.hpp
[1.955s] -- Up-to-date: /root/Lunar_ROADSTER/lr_ws/install/vectornav_msgs/include/vectornav_msgs/vectornav_msgs/msg/detail/imu_group__traits.hpp
[1.956s] -- Up-to-date: /root/Lunar_ROADSTER/lr_ws/install/vectornav_msgs/include/vectornav_msgs/vectornav_msgs/msg/detail/imu_group__type_support.hpp
[1.957s] -- Up-to-date: /root/Lunar_ROADSTER/lr_ws/install/vectornav_msgs/include/vectornav_msgs/vectornav_msgs/msg/detail/ins_group__builder.hpp
[1.957s] -- Up-to-date: /root/Lunar_ROADSTER/lr_ws/install/vectornav_msgs/include/vectornav_msgs/vectornav_msgs/msg/detail/ins_group__struct.hpp
[1.958s] -- Up-to-date: /root/Lunar_ROADSTER/lr_ws/install/vectornav_msgs/include/vectornav_msgs/vectornav_msgs/msg/detail/ins_group__traits.hpp
[1.958s] -- Up-to-date: /root/Lunar_ROADSTER/lr_ws/install/vectornav_msgs/include/vectornav_msgs/vectornav_msgs/msg/detail/ins_group__type_support.hpp
[1.958s] -- Up-to-date: /root/Lunar_ROADSTER/lr_ws/install/vectornav_msgs/include/vectornav_msgs/vectornav_msgs/msg/detail/ins_status__builder.hpp
[1.958s] -- Up-to-date: /root/Lunar_ROADSTER/lr_ws/install/vectornav_msgs/include/vectornav_msgs/vectornav_msgs/msg/detail/ins_status__struct.hpp
[1.960s] -- Up-to-date: /root/Lunar_ROADSTER/lr_ws/install/vectornav_msgs/include/vectornav_msgs/vectornav_msgs/msg/detail/ins_status__traits.hpp
[1.960s] -- Up-to-date: /root/Lunar_ROADSTER/lr_ws/install/vectornav_msgs/include/vectornav_msgs/vectornav_msgs/msg/detail/ins_status__type_support.hpp
[1.961s] -- Up-to-date: /root/Lunar_ROADSTER/lr_ws/install/vectornav_msgs/include/vectornav_msgs/vectornav_msgs/msg/detail/time_group__builder.hpp
[1.961s] -- Up-to-date: /root/Lunar_ROADSTER/lr_ws/install/vectornav_msgs/include/vectornav_msgs/vectornav_msgs/msg/detail/time_group__struct.hpp
[1.961s] -- Up-to-date: /root/Lunar_ROADSTER/lr_ws/install/vectornav_msgs/include/vectornav_msgs/vectornav_msgs/msg/detail/time_group__traits.hpp
[1.961s] -- Up-to-date: /root/Lunar_ROADSTER/lr_ws/install/vectornav_msgs/include/vectornav_msgs/vectornav_msgs/msg/detail/time_group__type_support.hpp
[1.962s] -- Up-to-date: /root/Lunar_ROADSTER/lr_ws/install/vectornav_msgs/include/vectornav_msgs/vectornav_msgs/msg/detail/time_status__builder.hpp
[1.962s] -- Up-to-date: /root/Lunar_ROADSTER/lr_ws/install/vectornav_msgs/include/vectornav_msgs/vectornav_msgs/msg/detail/time_status__struct.hpp
[1.963s] -- Up-to-date: /root/Lunar_ROADSTER/lr_ws/install/vectornav_msgs/include/vectornav_msgs/vectornav_msgs/msg/detail/time_status__traits.hpp
[1.963s] -- Up-to-date: /root/Lunar_ROADSTER/lr_ws/install/vectornav_msgs/include/vectornav_msgs/vectornav_msgs/msg/detail/time_status__type_support.hpp
[1.963s] -- Up-to-date: /root/Lunar_ROADSTER/lr_ws/install/vectornav_msgs/include/vectornav_msgs/vectornav_msgs/msg/detail/time_utc__builder.hpp
[1.964s] -- Up-to-date: /root/Lunar_ROADSTER/lr_ws/install/vectornav_msgs/include/vectornav_msgs/vectornav_msgs/msg/detail/time_utc__struct.hpp
[1.964s] -- Up-to-date: /root/Lunar_ROADSTER/lr_ws/install/vectornav_msgs/include/vectornav_msgs/vectornav_msgs/msg/detail/time_utc__traits.hpp
[1.964s] -- Up-to-date: /root/Lunar_ROADSTER/lr_ws/install/vectornav_msgs/include/vectornav_msgs/vectornav_msgs/msg/detail/time_utc__type_support.hpp
[1.965s] -- Up-to-date: /root/Lunar_ROADSTER/lr_ws/install/vectornav_msgs/include/vectornav_msgs/vectornav_msgs/msg/detail/vpe_status__builder.hpp
[1.965s] -- Up-to-date: /root/Lunar_ROADSTER/lr_ws/install/vectornav_msgs/include/vectornav_msgs/vectornav_msgs/msg/detail/vpe_status__struct.hpp
[1.967s] -- Up-to-date: /root/Lunar_ROADSTER/lr_ws/install/vectornav_msgs/include/vectornav_msgs/vectornav_msgs/msg/detail/vpe_status__traits.hpp
[1.967s] -- Up-to-date: /root/Lunar_ROADSTER/lr_ws/install/vectornav_msgs/include/vectornav_msgs/vectornav_msgs/msg/detail/vpe_status__type_support.hpp
[1.968s] -- Up-to-date: /root/Lunar_ROADSTER/lr_ws/install/vectornav_msgs/include/vectornav_msgs/vectornav_msgs/msg/common_group.hpp
[1.968s] -- Up-to-date: /root/Lunar_ROADSTER/lr_ws/install/vectornav_msgs/include/vectornav_msgs/vectornav_msgs/msg/dop.hpp
[1.968s] -- Up-to-date: /root/Lunar_ROADSTER/lr_ws/install/vectornav_msgs/include/vectornav_msgs/vectornav_msgs/msg/gps_group.hpp
[1.969s] -- Up-to-date: /root/Lunar_ROADSTER/lr_ws/install/vectornav_msgs/include/vectornav_msgs/vectornav_msgs/msg/imu_group.hpp
[1.969s] -- Up-to-date: /root/Lunar_ROADSTER/lr_ws/install/vectornav_msgs/include/vectornav_msgs/vectornav_msgs/msg/ins_group.hpp
[1.970s] -- Up-to-date: /root/Lunar_ROADSTER/lr_ws/install/vectornav_msgs/include/vectornav_msgs/vectornav_msgs/msg/ins_status.hpp
[1.970s] -- Up-to-date: /root/Lunar_ROADSTER/lr_ws/install/vectornav_msgs/include/vectornav_msgs/vectornav_msgs/msg/time_group.hpp
[1.971s] -- Up-to-date: /root/Lunar_ROADSTER/lr_ws/install/vectornav_msgs/include/vectornav_msgs/vectornav_msgs/msg/time_status.hpp
[1.972s] -- Up-to-date: /root/Lunar_ROADSTER/lr_ws/install/vectornav_msgs/include/vectornav_msgs/vectornav_msgs/msg/time_utc.hpp
[1.973s] -- Up-to-date: /root/Lunar_ROADSTER/lr_ws/install/vectornav_msgs/include/vectornav_msgs/vectornav_msgs/msg/vpe_status.hpp
[1.974s] -- Up-to-date: /root/Lunar_ROADSTER/lr_ws/install/vectornav_msgs/include/vectornav_msgs/vectornav_msgs/action
[1.974s] -- Up-to-date: /root/Lunar_ROADSTER/lr_ws/install/vectornav_msgs/include/vectornav_msgs/vectornav_msgs/action/mag_cal.hpp
[1.974s] -- Up-to-date: /root/Lunar_ROADSTER/lr_ws/install/vectornav_msgs/include/vectornav_msgs/vectornav_msgs/action/detail
[1.975s] -- Up-to-date: /root/Lunar_ROADSTER/lr_ws/install/vectornav_msgs/include/vectornav_msgs/vectornav_msgs/action/detail/mag_cal__builder.hpp
[1.975s] -- Up-to-date: /root/Lunar_ROADSTER/lr_ws/install/vectornav_msgs/include/vectornav_msgs/vectornav_msgs/action/detail/mag_cal__struct.hpp
[1.976s] -- Up-to-date: /root/Lunar_ROADSTER/lr_ws/install/vectornav_msgs/include/vectornav_msgs/vectornav_msgs/action/detail/mag_cal__traits.hpp
[1.976s] -- Up-to-date: /root/Lunar_ROADSTER/lr_ws/install/vectornav_msgs/include/vectornav_msgs/vectornav_msgs/action/detail/mag_cal__type_support.hpp
[1.976s] -- Up-to-date: /root/Lunar_ROADSTER/lr_ws/install/vectornav_msgs/include/vectornav_msgs/vectornav_msgs
[1.977s] -- Up-to-date: /root/Lunar_ROADSTER/lr_ws/install/vectornav_msgs/include/vectornav_msgs/vectornav_msgs/msg
[1.977s] -- Up-to-date: /root/Lunar_ROADSTER/lr_ws/install/vectornav_msgs/include/vectornav_msgs/vectornav_msgs/msg/detail
[1.978s] -- Up-to-date: /root/Lunar_ROADSTER/lr_ws/install/vectornav_msgs/include/vectornav_msgs/vectornav_msgs/msg/detail/attitude_group__rosidl_typesupport_fastrtps_cpp.hpp
[1.978s] -- Up-to-date: /root/Lunar_ROADSTER/lr_ws/install/vectornav_msgs/include/vectornav_msgs/vectornav_msgs/msg/detail/dds_fastrtps
[1.979s] -- Up-to-date: /root/Lunar_ROADSTER/lr_ws/install/vectornav_msgs/include/vectornav_msgs/vectornav_msgs/msg/detail/common_group__rosidl_typesupport_fastrtps_cpp.hpp
[1.979s] -- Up-to-date: /root/Lunar_ROADSTER/lr_ws/install/vectornav_msgs/include/vectornav_msgs/vectornav_msgs/msg/detail/dop__rosidl_typesupport_fastrtps_cpp.hpp
[1.979s] -- Up-to-date: /root/Lunar_ROADSTER/lr_ws/install/vectornav_msgs/include/vectornav_msgs/vectornav_msgs/msg/detail/gps_group__rosidl_typesupport_fastrtps_cpp.hpp
[1.980s] -- Up-to-date: /root/Lunar_ROADSTER/lr_ws/install/vectornav_msgs/include/vectornav_msgs/vectornav_msgs/msg/detail/imu_group__rosidl_typesupport_fastrtps_cpp.hpp
[1.980s] -- Up-to-date: /root/Lunar_ROADSTER/lr_ws/install/vectornav_msgs/include/vectornav_msgs/vectornav_msgs/msg/detail/ins_group__rosidl_typesupport_fastrtps_cpp.hpp
[1.981s] -- Up-to-date: /root/Lunar_ROADSTER/lr_ws/install/vectornav_msgs/include/vectornav_msgs/vectornav_msgs/msg/detail/ins_status__rosidl_typesupport_fastrtps_cpp.hpp
[1.982s] -- Up-to-date: /root/Lunar_ROADSTER/lr_ws/install/vectornav_msgs/include/vectornav_msgs/vectornav_msgs/msg/detail/time_group__rosidl_typesupport_fastrtps_cpp.hpp
[1.982s] -- Up-to-date: /root/Lunar_ROADSTER/lr_ws/install/vectornav_msgs/include/vectornav_msgs/vectornav_msgs/msg/detail/time_status__rosidl_typesupport_fastrtps_cpp.hpp
[1.982s] -- Up-to-date: /root/Lunar_ROADSTER/lr_ws/install/vectornav_msgs/include/vectornav_msgs/vectornav_msgs/msg/detail/time_utc__rosidl_typesupport_fastrtps_cpp.hpp
[1.983s] -- Up-to-date: /root/Lunar_ROADSTER/lr_ws/install/vectornav_msgs/include/vectornav_msgs/vectornav_msgs/msg/detail/vpe_status__rosidl_typesupport_fastrtps_cpp.hpp
[1.983s] -- Up-to-date: /root/Lunar_ROADSTER/lr_ws/install/vectornav_msgs/include/vectornav_msgs/vectornav_msgs/msg/rosidl_typesupport_fastrtps_cpp__visibility_control.h
[1.983s] -- Up-to-date: /root/Lunar_ROADSTER/lr_ws/install/vectornav_msgs/include/vectornav_msgs/vectornav_msgs/action
[1.984s] -- Up-to-date: /root/Lunar_ROADSTER/lr_ws/install/vectornav_msgs/include/vectornav_msgs/vectornav_msgs/action/detail
[1.984s] -- Up-to-date: /root/Lunar_ROADSTER/lr_ws/install/vectornav_msgs/include/vectornav_msgs/vectornav_msgs/action/detail/mag_cal__rosidl_typesupport_fastrtps_cpp.hpp
[1.984s] -- Up-to-date: /root/Lunar_ROADSTER/lr_ws/install/vectornav_msgs/include/vectornav_msgs/vectornav_msgs/action/detail/dds_fastrtps
[1.985s] -- Up-to-date: /root/Lunar_ROADSTER/lr_ws/install/vectornav_msgs/lib/libvectornav_msgs__rosidl_typesupport_fastrtps_cpp.so
[1.985s] -- Up-to-date: /root/Lunar_ROADSTER/lr_ws/install/vectornav_msgs/include/vectornav_msgs/vectornav_msgs
[1.985s] -- Up-to-date: /root/Lunar_ROADSTER/lr_ws/install/vectornav_msgs/include/vectornav_msgs/vectornav_msgs/msg
[1.986s] -- Up-to-date: /root/Lunar_ROADSTER/lr_ws/install/vectornav_msgs/include/vectornav_msgs/vectornav_msgs/msg/detail
[1.986s] -- Up-to-date: /root/Lunar_ROADSTER/lr_ws/install/vectornav_msgs/include/vectornav_msgs/vectornav_msgs/msg/detail/attitude_group__rosidl_typesupport_introspection_c.h
[1.987s] -- Up-to-date: /root/Lunar_ROADSTER/lr_ws/install/vectornav_msgs/include/vectornav_msgs/vectornav_msgs/msg/detail/attitude_group__type_support.c
[1.988s] -- Up-to-date: /root/Lunar_ROADSTER/lr_ws/install/vectornav_msgs/include/vectornav_msgs/vectornav_msgs/msg/detail/common_group__rosidl_typesupport_introspection_c.h
[1.988s] -- Up-to-date: /root/Lunar_ROADSTER/lr_ws/install/vectornav_msgs/include/vectornav_msgs/vectornav_msgs/msg/detail/common_group__type_support.c
[1.988s] -- Up-to-date: /root/Lunar_ROADSTER/lr_ws/install/vectornav_msgs/include/vectornav_msgs/vectornav_msgs/msg/detail/dop__rosidl_typesupport_introspection_c.h
[1.989s] -- Up-to-date: /root/Lunar_ROADSTER/lr_ws/install/vectornav_msgs/include/vectornav_msgs/vectornav_msgs/msg/detail/dop__type_support.c
[1.990s] -- Up-to-date: /root/Lunar_ROADSTER/lr_ws/install/vectornav_msgs/include/vectornav_msgs/vectornav_msgs/msg/detail/gps_group__rosidl_typesupport_introspection_c.h
[1.990s] -- Up-to-date: /root/Lunar_ROADSTER/lr_ws/install/vectornav_msgs/include/vectornav_msgs/vectornav_msgs/msg/detail/gps_group__type_support.c
[1.990s] -- Up-to-date: /root/Lunar_ROADSTER/lr_ws/install/vectornav_msgs/include/vectornav_msgs/vectornav_msgs/msg/detail/imu_group__rosidl_typesupport_introspection_c.h
[1.991s] -- Up-to-date: /root/Lunar_ROADSTER/lr_ws/install/vectornav_msgs/include/vectornav_msgs/vectornav_msgs/msg/detail/imu_group__type_support.c
[1.992s] -- Up-to-date: /root/Lunar_ROADSTER/lr_ws/install/vectornav_msgs/include/vectornav_msgs/vectornav_msgs/msg/detail/ins_group__rosidl_typesupport_introspection_c.h
[1.992s] -- Up-to-date: /root/Lunar_ROADSTER/lr_ws/install/vectornav_msgs/include/vectornav_msgs/vectornav_msgs/msg/detail/ins_group__type_support.c
[1.993s] -- Up-to-date: /root/Lunar_ROADSTER/lr_ws/install/vectornav_msgs/include/vectornav_msgs/vectornav_msgs/msg/detail/ins_status__rosidl_typesupport_introspection_c.h
[1.993s] -- Up-to-date: /root/Lunar_ROADSTER/lr_ws/install/vectornav_msgs/include/vectornav_msgs/vectornav_msgs/msg/detail/ins_status__type_support.c
[1.993s] -- Up-to-date: /root/Lunar_ROADSTER/lr_ws/install/vectornav_msgs/include/vectornav_msgs/vectornav_msgs/msg/detail/time_group__rosidl_typesupport_introspection_c.h
[1.993s] -- Up-to-date: /root/Lunar_ROADSTER/lr_ws/install/vectornav_msgs/include/vectornav_msgs/vectornav_msgs/msg/detail/time_group__type_support.c
[1.994s] -- Up-to-date: /root/Lunar_ROADSTER/lr_ws/install/vectornav_msgs/include/vectornav_msgs/vectornav_msgs/msg/detail/time_status__rosidl_typesupport_introspection_c.h
[1.994s] -- Up-to-date: /root/Lunar_ROADSTER/lr_ws/install/vectornav_msgs/include/vectornav_msgs/vectornav_msgs/msg/detail/time_status__type_support.c
[2.003s] -- Up-to-date: /root/Lunar_ROADSTER/lr_ws/install/vectornav_msgs/include/vectornav_msgs/vectornav_msgs/msg/detail/time_utc__rosidl_typesupport_introspection_c.h
[2.003s] -- Up-to-date: /root/Lunar_ROADSTER/lr_ws/install/vectornav_msgs/include/vectornav_msgs/vectornav_msgs/msg/detail/time_utc__type_support.c
[2.005s] -- Up-to-date: /root/Lunar_ROADSTER/lr_ws/install/vectornav_msgs/include/vectornav_msgs/vectornav_msgs/msg/detail/vpe_status__rosidl_typesupport_introspection_c.h
[2.011s] -- Up-to-date: /root/Lunar_ROADSTER/lr_ws/install/vectornav_msgs/include/vectornav_msgs/vectornav_msgs/msg/detail/vpe_status__type_support.c
[2.012s] -- Up-to-date: /root/Lunar_ROADSTER/lr_ws/install/vectornav_msgs/include/vectornav_msgs/vectornav_msgs/msg/rosidl_typesupport_introspection_c__visibility_control.h
[2.017s] -- Up-to-date: /root/Lunar_ROADSTER/lr_ws/install/vectornav_msgs/include/vectornav_msgs/vectornav_msgs/action
[2.017s] -- Up-to-date: /root/Lunar_ROADSTER/lr_ws/install/vectornav_msgs/include/vectornav_msgs/vectornav_msgs/action/detail
[2.018s] -- Up-to-date: /root/Lunar_ROADSTER/lr_ws/install/vectornav_msgs/include/vectornav_msgs/vectornav_msgs/action/detail/mag_cal__rosidl_typesupport_introspection_c.h
[2.020s] -- Up-to-date: /root/Lunar_ROADSTER/lr_ws/install/vectornav_msgs/include/vectornav_msgs/vectornav_msgs/action/detail/mag_cal__type_support.c
[2.020s] -- Up-to-date: /root/Lunar_ROADSTER/lr_ws/install/vectornav_msgs/lib/libvectornav_msgs__rosidl_typesupport_introspection_c.so
[2.021s] -- Up-to-date: /root/Lunar_ROADSTER/lr_ws/install/vectornav_msgs/lib/libvectornav_msgs__rosidl_typesupport_c.so
[2.023s] -- Up-to-date: /root/Lunar_ROADSTER/lr_ws/install/vectornav_msgs/include/vectornav_msgs/vectornav_msgs
[2.023s] -- Up-to-date: /root/Lunar_ROADSTER/lr_ws/install/vectornav_msgs/include/vectornav_msgs/vectornav_msgs/msg
[2.024s] -- Up-to-date: /root/Lunar_ROADSTER/lr_ws/install/vectornav_msgs/include/vectornav_msgs/vectornav_msgs/msg/detail
[2.024s] -- Up-to-date: /root/Lunar_ROADSTER/lr_ws/install/vectornav_msgs/include/vectornav_msgs/vectornav_msgs/msg/detail/attitude_group__rosidl_typesupport_introspection_cpp.hpp
[2.025s] -- Up-to-date: /root/Lunar_ROADSTER/lr_ws/install/vectornav_msgs/include/vectornav_msgs/vectornav_msgs/msg/detail/attitude_group__type_support.cpp
[2.026s] -- Up-to-date: /root/Lunar_ROADSTER/lr_ws/install/vectornav_msgs/include/vectornav_msgs/vectornav_msgs/msg/detail/common_group__rosidl_typesupport_introspection_cpp.hpp
[2.026s] -- Up-to-date: /root/Lunar_ROADSTER/lr_ws/install/vectornav_msgs/include/vectornav_msgs/vectornav_msgs/msg/detail/common_group__type_support.cpp
[2.028s] -- Up-to-date: /root/Lunar_ROADSTER/lr_ws/install/vectornav_msgs/include/vectornav_msgs/vectornav_msgs/msg/detail/dop__rosidl_typesupport_introspection_cpp.hpp
[2.028s] -- Up-to-date: /root/Lunar_ROADSTER/lr_ws/install/vectornav_msgs/include/vectornav_msgs/vectornav_msgs/msg/detail/dop__type_support.cpp
[2.029s] -- Up-to-date: /root/Lunar_ROADSTER/lr_ws/install/vectornav_msgs/include/vectornav_msgs/vectornav_msgs/msg/detail/gps_group__rosidl_typesupport_introspection_cpp.hpp
[2.029s] -- Up-to-date: /root/Lunar_ROADSTER/lr_ws/install/vectornav_msgs/include/vectornav_msgs/vectornav_msgs/msg/detail/gps_group__type_support.cpp
[2.030s] -- Up-to-date: /root/Lunar_ROADSTER/lr_ws/install/vectornav_msgs/include/vectornav_msgs/vectornav_msgs/msg/detail/imu_group__rosidl_typesupport_introspection_cpp.hpp
[2.030s] -- Up-to-date: /root/Lunar_ROADSTER/lr_ws/install/vectornav_msgs/include/vectornav_msgs/vectornav_msgs/msg/detail/imu_group__type_support.cpp
[2.031s] -- Up-to-date: /root/Lunar_ROADSTER/lr_ws/install/vectornav_msgs/include/vectornav_msgs/vectornav_msgs/msg/detail/ins_group__rosidl_typesupport_introspection_cpp.hpp
[2.031s] -- Up-to-date: /root/Lunar_ROADSTER/lr_ws/install/vectornav_msgs/include/vectornav_msgs/vectornav_msgs/msg/detail/ins_group__type_support.cpp
[2.032s] -- Up-to-date: /root/Lunar_ROADSTER/lr_ws/install/vectornav_msgs/include/vectornav_msgs/vectornav_msgs/msg/detail/ins_status__rosidl_typesupport_introspection_cpp.hpp
[2.032s] -- Up-to-date: /root/Lunar_ROADSTER/lr_ws/install/vectornav_msgs/include/vectornav_msgs/vectornav_msgs/msg/detail/ins_status__type_support.cpp
[2.033s] -- Up-to-date: /root/Lunar_ROADSTER/lr_ws/install/vectornav_msgs/include/vectornav_msgs/vectornav_msgs/msg/detail/time_group__rosidl_typesupport_introspection_cpp.hpp
[2.033s] -- Up-to-date: /root/Lunar_ROADSTER/lr_ws/install/vectornav_msgs/include/vectornav_msgs/vectornav_msgs/msg/detail/time_group__type_support.cpp
[2.034s] -- Up-to-date: /root/Lunar_ROADSTER/lr_ws/install/vectornav_msgs/include/vectornav_msgs/vectornav_msgs/msg/detail/time_status__rosidl_typesupport_introspection_cpp.hpp
[2.034s] -- Up-to-date: /root/Lunar_ROADSTER/lr_ws/install/vectornav_msgs/include/vectornav_msgs/vectornav_msgs/msg/detail/time_status__type_support.cpp
[2.035s] -- Up-to-date: /root/Lunar_ROADSTER/lr_ws/install/vectornav_msgs/include/vectornav_msgs/vectornav_msgs/msg/detail/time_utc__rosidl_typesupport_introspection_cpp.hpp
[2.035s] -- Up-to-date: /root/Lunar_ROADSTER/lr_ws/install/vectornav_msgs/include/vectornav_msgs/vectornav_msgs/msg/detail/time_utc__type_support.cpp
[2.035s] -- Up-to-date: /root/Lunar_ROADSTER/lr_ws/install/vectornav_msgs/include/vectornav_msgs/vectornav_msgs/msg/detail/vpe_status__rosidl_typesupport_introspection_cpp.hpp
[2.036s] -- Up-to-date: /root/Lunar_ROADSTER/lr_ws/install/vectornav_msgs/include/vectornav_msgs/vectornav_msgs/msg/detail/vpe_status__type_support.cpp
[2.036s] -- Up-to-date: /root/Lunar_ROADSTER/lr_ws/install/vectornav_msgs/include/vectornav_msgs/vectornav_msgs/action
[2.036s] -- Up-to-date: /root/Lunar_ROADSTER/lr_ws/install/vectornav_msgs/include/vectornav_msgs/vectornav_msgs/action/detail
[2.036s] -- Up-to-date: /root/Lunar_ROADSTER/lr_ws/install/vectornav_msgs/include/vectornav_msgs/vectornav_msgs/action/detail/mag_cal__rosidl_typesupport_introspection_cpp.hpp
[2.036s] -- Up-to-date: /root/Lunar_ROADSTER/lr_ws/install/vectornav_msgs/include/vectornav_msgs/vectornav_msgs/action/detail/mag_cal__type_support.cpp
[2.037s] -- Up-to-date: /root/Lunar_ROADSTER/lr_ws/install/vectornav_msgs/lib/libvectornav_msgs__rosidl_typesupport_introspection_cpp.so
[2.037s] -- Up-to-date: /root/Lunar_ROADSTER/lr_ws/install/vectornav_msgs/lib/libvectornav_msgs__rosidl_typesupport_cpp.so
[2.038s] -- Up-to-date: /root/Lunar_ROADSTER/lr_ws/install/vectornav_msgs/share/vectornav_msgs/environment/pythonpath.sh
[2.038s] -- Up-to-date: /root/Lunar_ROADSTER/lr_ws/install/vectornav_msgs/share/vectornav_msgs/environment/pythonpath.dsv
[2.038s] -- Up-to-date: /root/Lunar_ROADSTER/lr_ws/install/vectornav_msgs/local/lib/python3.10/dist-packages/vectornav_msgs-3.0.0-py3.10.egg-info
[2.039s] -- Installing: /root/Lunar_ROADSTER/lr_ws/install/vectornav_msgs/local/lib/python3.10/dist-packages/vectornav_msgs-3.0.0-py3.10.egg-info/PKG-INFO
[2.039s] -- Installing: /root/Lunar_ROADSTER/lr_ws/install/vectornav_msgs/local/lib/python3.10/dist-packages/vectornav_msgs-3.0.0-py3.10.egg-info/dependency_links.txt
[2.039s] -- Installing: /root/Lunar_ROADSTER/lr_ws/install/vectornav_msgs/local/lib/python3.10/dist-packages/vectornav_msgs-3.0.0-py3.10.egg-info/top_level.txt
[2.039s] -- Installing: /root/Lunar_ROADSTER/lr_ws/install/vectornav_msgs/local/lib/python3.10/dist-packages/vectornav_msgs-3.0.0-py3.10.egg-info/SOURCES.txt
[2.040s] -- Up-to-date: /root/Lunar_ROADSTER/lr_ws/install/vectornav_msgs/local/lib/python3.10/dist-packages/vectornav_msgs
[2.040s] -- Up-to-date: /root/Lunar_ROADSTER/lr_ws/install/vectornav_msgs/local/lib/python3.10/dist-packages/vectornav_msgs/__init__.py
[2.040s] -- Up-to-date: /root/Lunar_ROADSTER/lr_ws/install/vectornav_msgs/local/lib/python3.10/dist-packages/vectornav_msgs/msg
[2.041s] -- Up-to-date: /root/Lunar_ROADSTER/lr_ws/install/vectornav_msgs/local/lib/python3.10/dist-packages/vectornav_msgs/msg/_attitude_group.py
[2.041s] -- Up-to-date: /root/Lunar_ROADSTER/lr_ws/install/vectornav_msgs/local/lib/python3.10/dist-packages/vectornav_msgs/msg/_attitude_group_s.c
[2.041s] -- Up-to-date: /root/Lunar_ROADSTER/lr_ws/install/vectornav_msgs/local/lib/python3.10/dist-packages/vectornav_msgs/msg/_common_group.py
[2.042s] -- Up-to-date: /root/Lunar_ROADSTER/lr_ws/install/vectornav_msgs/local/lib/python3.10/dist-packages/vectornav_msgs/msg/_common_group_s.c
[2.042s] -- Up-to-date: /root/Lunar_ROADSTER/lr_ws/install/vectornav_msgs/local/lib/python3.10/dist-packages/vectornav_msgs/msg/_dop.py
[2.044s] -- Up-to-date: /root/Lunar_ROADSTER/lr_ws/install/vectornav_msgs/local/lib/python3.10/dist-packages/vectornav_msgs/msg/_dop_s.c
[2.044s] -- Up-to-date: /root/Lunar_ROADSTER/lr_ws/install/vectornav_msgs/local/lib/python3.10/dist-packages/vectornav_msgs/msg/_gps_group.py
[2.045s] -- Up-to-date: /root/Lunar_ROADSTER/lr_ws/install/vectornav_msgs/local/lib/python3.10/dist-packages/vectornav_msgs/msg/_gps_group_s.c
[2.045s] -- Up-to-date: /root/Lunar_ROADSTER/lr_ws/install/vectornav_msgs/local/lib/python3.10/dist-packages/vectornav_msgs/msg/_imu_group.py
[2.046s] -- Up-to-date: /root/Lunar_ROADSTER/lr_ws/install/vectornav_msgs/local/lib/python3.10/dist-packages/vectornav_msgs/msg/_imu_group_s.c
[2.048s] -- Up-to-date: /root/Lunar_ROADSTER/lr_ws/install/vectornav_msgs/local/lib/python3.10/dist-packages/vectornav_msgs/msg/_ins_group.py
[2.049s] -- Up-to-date: /root/Lunar_ROADSTER/lr_ws/install/vectornav_msgs/local/lib/python3.10/dist-packages/vectornav_msgs/msg/_ins_group_s.c
[2.049s] -- Up-to-date: /root/Lunar_ROADSTER/lr_ws/install/vectornav_msgs/local/lib/python3.10/dist-packages/vectornav_msgs/msg/_ins_status.py
[2.050s] -- Up-to-date: /root/Lunar_ROADSTER/lr_ws/install/vectornav_msgs/local/lib/python3.10/dist-packages/vectornav_msgs/msg/_ins_status_s.c
[2.050s] -- Up-to-date: /root/Lunar_ROADSTER/lr_ws/install/vectornav_msgs/local/lib/python3.10/dist-packages/vectornav_msgs/msg/_time_group.py
[2.051s] -- Up-to-date: /root/Lunar_ROADSTER/lr_ws/install/vectornav_msgs/local/lib/python3.10/dist-packages/vectornav_msgs/msg/_time_group_s.c
[2.052s] -- Up-to-date: /root/Lunar_ROADSTER/lr_ws/install/vectornav_msgs/local/lib/python3.10/dist-packages/vectornav_msgs/msg/_time_status.py
[2.053s] -- Up-to-date: /root/Lunar_ROADSTER/lr_ws/install/vectornav_msgs/local/lib/python3.10/dist-packages/vectornav_msgs/msg/_time_status_s.c
[2.053s] -- Up-to-date: /root/Lunar_ROADSTER/lr_ws/install/vectornav_msgs/local/lib/python3.10/dist-packages/vectornav_msgs/msg/_time_utc.py
[2.053s] -- Up-to-date: /root/Lunar_ROADSTER/lr_ws/install/vectornav_msgs/local/lib/python3.10/dist-packages/vectornav_msgs/msg/_time_utc_s.c
[2.054s] -- Up-to-date: /root/Lunar_ROADSTER/lr_ws/install/vectornav_msgs/local/lib/python3.10/dist-packages/vectornav_msgs/msg/_vpe_status.py
[2.055s] -- Up-to-date: /root/Lunar_ROADSTER/lr_ws/install/vectornav_msgs/local/lib/python3.10/dist-packages/vectornav_msgs/msg/_vpe_status_s.c
[2.056s] -- Up-to-date: /root/Lunar_ROADSTER/lr_ws/install/vectornav_msgs/local/lib/python3.10/dist-packages/vectornav_msgs/msg/__init__.py
[2.056s] -- Up-to-date: /root/Lunar_ROADSTER/lr_ws/install/vectornav_msgs/local/lib/python3.10/dist-packages/vectornav_msgs/action
[2.057s] -- Up-to-date: /root/Lunar_ROADSTER/lr_ws/install/vectornav_msgs/local/lib/python3.10/dist-packages/vectornav_msgs/action/_mag_cal.py
[2.057s] -- Up-to-date: /root/Lunar_ROADSTER/lr_ws/install/vectornav_msgs/local/lib/python3.10/dist-packages/vectornav_msgs/action/_mag_cal_s.c
[2.058s] -- Up-to-date: /root/Lunar_ROADSTER/lr_ws/install/vectornav_msgs/local/lib/python3.10/dist-packages/vectornav_msgs/action/__init__.py
[2.058s] -- Up-to-date: /root/Lunar_ROADSTER/lr_ws/install/vectornav_msgs/local/lib/python3.10/dist-packages/vectornav_msgs/_vectornav_msgs_s.ep.rosidl_typesupport_fastrtps_c.c
[2.059s] -- Up-to-date: /root/Lunar_ROADSTER/lr_ws/install/vectornav_msgs/local/lib/python3.10/dist-packages/vectornav_msgs/_vectornav_msgs_s.ep.rosidl_typesupport_introspection_c.c
[2.059s] -- Up-to-date: /root/Lunar_ROADSTER/lr_ws/install/vectornav_msgs/local/lib/python3.10/dist-packages/vectornav_msgs/_vectornav_msgs_s.ep.rosidl_typesupport_c.c
[2.059s] -- Up-to-date: /root/Lunar_ROADSTER/lr_ws/install/vectornav_msgs/local/lib/python3.10/dist-packages/vectornav_msgs/libvectornav_msgs__rosidl_generator_py.so
[2.060s] -- Up-to-date: /root/Lunar_ROADSTER/lr_ws/install/vectornav_msgs/local/lib/python3.10/dist-packages/vectornav_msgs/vectornav_msgs_s__rosidl_typesupport_fastrtps_c.cpython-310-aarch64-linux-gnu.so
[2.060s] -- Up-to-date: /root/Lunar_ROADSTER/lr_ws/install/vectornav_msgs/local/lib/python3.10/dist-packages/vectornav_msgs/vectornav_msgs_s__rosidl_typesupport_c.cpython-310-aarch64-linux-gnu.so
[2.064s] -- Up-to-date: /root/Lunar_ROADSTER/lr_ws/install/vectornav_msgs/local/lib/python3.10/dist-packages/vectornav_msgs/vectornav_msgs_s__rosidl_typesupport_introspection_c.cpython-310-aarch64-linux-gnu.so
[2.190s] Listing '/root/Lunar_ROADSTER/lr_ws/install/vectornav_msgs/local/lib/python3.10/dist-packages/vectornav_msgs'...
[2.191s] Listing '/root/Lunar_ROADSTER/lr_ws/install/vectornav_msgs/local/lib/python3.10/dist-packages/vectornav_msgs/action'...
[2.191s] Listing '/root/Lunar_ROADSTER/lr_ws/install/vectornav_msgs/local/lib/python3.10/dist-packages/vectornav_msgs/msg'...
[2.198s] -- Up-to-date: /root/Lunar_ROADSTER/lr_ws/install/vectornav_msgs/local/lib/python3.10/dist-packages/vectornav_msgs/vectornav_msgs_s__rosidl_typesupport_fastrtps_c.cpython-310-aarch64-linux-gnu.so
[2.200s] -- Up-to-date: /root/Lunar_ROADSTER/lr_ws/install/vectornav_msgs/local/lib/python3.10/dist-packages/vectornav_msgs/vectornav_msgs_s__rosidl_typesupport_introspection_c.cpython-310-aarch64-linux-gnu.so
[2.202s] -- Up-to-date: /root/Lunar_ROADSTER/lr_ws/install/vectornav_msgs/local/lib/python3.10/dist-packages/vectornav_msgs/vectornav_msgs_s__rosidl_typesupport_c.cpython-310-aarch64-linux-gnu.so
[2.204s] -- Up-to-date: /root/Lunar_ROADSTER/lr_ws/install/vectornav_msgs/lib/libvectornav_msgs__rosidl_generator_py.so
[2.207s] -- Up-to-date: /root/Lunar_ROADSTER/lr_ws/install/vectornav_msgs/share/vectornav_msgs/msg/AttitudeGroup.idl
[2.208s] -- Up-to-date: /root/Lunar_ROADSTER/lr_ws/install/vectornav_msgs/share/vectornav_msgs/msg/CommonGroup.idl
[2.214s] -- Up-to-date: /root/Lunar_ROADSTER/lr_ws/install/vectornav_msgs/share/vectornav_msgs/msg/DOP.idl
[2.214s] -- Up-to-date: /root/Lunar_ROADSTER/lr_ws/install/vectornav_msgs/share/vectornav_msgs/msg/GpsGroup.idl
[2.214s] -- Up-to-date: /root/Lunar_ROADSTER/lr_ws/install/vectornav_msgs/share/vectornav_msgs/msg/ImuGroup.idl
[2.215s] -- Up-to-date: /root/Lunar_ROADSTER/lr_ws/install/vectornav_msgs/share/vectornav_msgs/msg/InsGroup.idl
[2.215s] -- Up-to-date: /root/Lunar_ROADSTER/lr_ws/install/vectornav_msgs/share/vectornav_msgs/msg/InsStatus.idl
[2.216s] -- Up-to-date: /root/Lunar_ROADSTER/lr_ws/install/vectornav_msgs/share/vectornav_msgs/msg/TimeGroup.idl
[2.216s] -- Up-to-date: /root/Lunar_ROADSTER/lr_ws/install/vectornav_msgs/share/vectornav_msgs/msg/TimeStatus.idl
[2.217s] -- Up-to-date: /root/Lunar_ROADSTER/lr_ws/install/vectornav_msgs/share/vectornav_msgs/msg/TimeUTC.idl
[2.217s] -- Up-to-date: /root/Lunar_ROADSTER/lr_ws/install/vectornav_msgs/share/vectornav_msgs/msg/VpeStatus.idl
[2.217s] -- Up-to-date: /root/Lunar_ROADSTER/lr_ws/install/vectornav_msgs/share/vectornav_msgs/action/MagCal.idl
[2.217s] -- Up-to-date: /root/Lunar_ROADSTER/lr_ws/install/vectornav_msgs/share/vectornav_msgs/msg/AttitudeGroup.msg
[2.218s] -- Up-to-date: /root/Lunar_ROADSTER/lr_ws/install/vectornav_msgs/share/vectornav_msgs/msg/CommonGroup.msg
[2.218s] -- Up-to-date: /root/Lunar_ROADSTER/lr_ws/install/vectornav_msgs/share/vectornav_msgs/msg/DOP.msg
[2.218s] -- Up-to-date: /root/Lunar_ROADSTER/lr_ws/install/vectornav_msgs/share/vectornav_msgs/msg/GpsGroup.msg
[2.219s] -- Up-to-date: /root/Lunar_ROADSTER/lr_ws/install/vectornav_msgs/share/vectornav_msgs/msg/ImuGroup.msg
[2.219s] -- Up-to-date: /root/Lunar_ROADSTER/lr_ws/install/vectornav_msgs/share/vectornav_msgs/msg/InsGroup.msg
[2.220s] -- Up-to-date: /root/Lunar_ROADSTER/lr_ws/install/vectornav_msgs/share/vectornav_msgs/msg/InsStatus.msg
[2.220s] -- Up-to-date: /root/Lunar_ROADSTER/lr_ws/install/vectornav_msgs/share/vectornav_msgs/msg/TimeGroup.msg
[2.220s] -- Up-to-date: /root/Lunar_ROADSTER/lr_ws/install/vectornav_msgs/share/vectornav_msgs/msg/TimeStatus.msg
[2.221s] -- Up-to-date: /root/Lunar_ROADSTER/lr_ws/install/vectornav_msgs/share/vectornav_msgs/msg/TimeUTC.msg
[2.222s] -- Up-to-date: /root/Lunar_ROADSTER/lr_ws/install/vectornav_msgs/share/vectornav_msgs/msg/VpeStatus.msg
[2.222s] -- Up-to-date: /root/Lunar_ROADSTER/lr_ws/install/vectornav_msgs/share/vectornav_msgs/action/MagCal.action
[2.223s] -- Up-to-date: /root/Lunar_ROADSTER/lr_ws/install/vectornav_msgs/share/ament_index/resource_index/package_run_dependencies/vectornav_msgs
[2.223s] -- Up-to-date: /root/Lunar_ROADSTER/lr_ws/install/vectornav_msgs/share/ament_index/resource_index/parent_prefix_path/vectornav_msgs
[2.224s] -- Up-to-date: /root/Lunar_ROADSTER/lr_ws/install/vectornav_msgs/share/vectornav_msgs/environment/ament_prefix_path.sh
[2.225s] -- Up-to-date: /root/Lunar_ROADSTER/lr_ws/install/vectornav_msgs/share/vectornav_msgs/environment/ament_prefix_path.dsv
[2.226s] -- Up-to-date: /root/Lunar_ROADSTER/lr_ws/install/vectornav_msgs/share/vectornav_msgs/environment/path.sh
[2.226s] -- Up-to-date: /root/Lunar_ROADSTER/lr_ws/install/vectornav_msgs/share/vectornav_msgs/environment/path.dsv
[2.228s] -- Up-to-date: /root/Lunar_ROADSTER/lr_ws/install/vectornav_msgs/share/vectornav_msgs/local_setup.bash
[2.228s] -- Up-to-date: /root/Lunar_ROADSTER/lr_ws/install/vectornav_msgs/share/vectornav_msgs/local_setup.sh
[2.229s] -- Up-to-date: /root/Lunar_ROADSTER/lr_ws/install/vectornav_msgs/share/vectornav_msgs/local_setup.zsh
[2.230s] -- Up-to-date: /root/Lunar_ROADSTER/lr_ws/install/vectornav_msgs/share/vectornav_msgs/local_setup.dsv
[2.231s] -- Installing: /root/Lunar_ROADSTER/lr_ws/install/vectornav_msgs/share/vectornav_msgs/package.dsv
[2.232s] -- Up-to-date: /root/Lunar_ROADSTER/lr_ws/install/vectornav_msgs/share/ament_index/resource_index/packages/vectornav_msgs
[2.236s] -- Up-to-date: /root/Lunar_ROADSTER/lr_ws/install/vectornav_msgs/share/vectornav_msgs/cmake/export_vectornav_msgs__rosidl_generator_cExport.cmake
[2.239s] -- Up-to-date: /root/Lunar_ROADSTER/lr_ws/install/vectornav_msgs/share/vectornav_msgs/cmake/export_vectornav_msgs__rosidl_generator_cExport-noconfig.cmake
[2.241s] -- Up-to-date: /root/Lunar_ROADSTER/lr_ws/install/vectornav_msgs/share/vectornav_msgs/cmake/export_vectornav_msgs__rosidl_typesupport_fastrtps_cExport.cmake
[2.243s] -- Up-to-date: /root/Lunar_ROADSTER/lr_ws/install/vectornav_msgs/share/vectornav_msgs/cmake/export_vectornav_msgs__rosidl_typesupport_fastrtps_cExport-noconfig.cmake
[2.245s] -- Up-to-date: /root/Lunar_ROADSTER/lr_ws/install/vectornav_msgs/share/vectornav_msgs/cmake/export_vectornav_msgs__rosidl_generator_cppExport.cmake
[2.247s] -- Up-to-date: /root/Lunar_ROADSTER/lr_ws/install/vectornav_msgs/share/vectornav_msgs/cmake/export_vectornav_msgs__rosidl_typesupport_fastrtps_cppExport.cmake
[2.247s] -- Up-to-date: /root/Lunar_ROADSTER/lr_ws/install/vectornav_msgs/share/vectornav_msgs/cmake/export_vectornav_msgs__rosidl_typesupport_fastrtps_cppExport-noconfig.cmake
[2.248s] -- Up-to-date: /root/Lunar_ROADSTER/lr_ws/install/vectornav_msgs/share/vectornav_msgs/cmake/vectornav_msgs__rosidl_typesupport_introspection_cExport.cmake
[2.248s] -- Up-to-date: /root/Lunar_ROADSTER/lr_ws/install/vectornav_msgs/share/vectornav_msgs/cmake/vectornav_msgs__rosidl_typesupport_introspection_cExport-noconfig.cmake
[2.251s] -- Up-to-date: /root/Lunar_ROADSTER/lr_ws/install/vectornav_msgs/share/vectornav_msgs/cmake/vectornav_msgs__rosidl_typesupport_cExport.cmake
[2.251s] -- Up-to-date: /root/Lunar_ROADSTER/lr_ws/install/vectornav_msgs/share/vectornav_msgs/cmake/vectornav_msgs__rosidl_typesupport_cExport-noconfig.cmake
[2.254s] -- Up-to-date: /root/Lunar_ROADSTER/lr_ws/install/vectornav_msgs/share/vectornav_msgs/cmake/vectornav_msgs__rosidl_typesupport_introspection_cppExport.cmake
[2.255s] -- Up-to-date: /root/Lunar_ROADSTER/lr_ws/install/vectornav_msgs/share/vectornav_msgs/cmake/vectornav_msgs__rosidl_typesupport_introspection_cppExport-noconfig.cmake
[2.261s] -- Up-to-date: /root/Lunar_ROADSTER/lr_ws/install/vectornav_msgs/share/vectornav_msgs/cmake/vectornav_msgs__rosidl_typesupport_cppExport.cmake
[2.264s] -- Up-to-date: /root/Lunar_ROADSTER/lr_ws/install/vectornav_msgs/share/vectornav_msgs/cmake/vectornav_msgs__rosidl_typesupport_cppExport-noconfig.cmake
[2.268s] -- Up-to-date: /root/Lunar_ROADSTER/lr_ws/install/vectornav_msgs/share/vectornav_msgs/cmake/export_vectornav_msgs__rosidl_generator_pyExport.cmake
[2.270s] -- Up-to-date: /root/Lunar_ROADSTER/lr_ws/install/vectornav_msgs/share/vectornav_msgs/cmake/export_vectornav_msgs__rosidl_generator_pyExport-noconfig.cmake
[2.276s] -- Up-to-date: /root/Lunar_ROADSTER/lr_ws/install/vectornav_msgs/share/vectornav_msgs/cmake/rosidl_cmake-extras.cmake
[2.278s] -- Up-to-date: /root/Lunar_ROADSTER/lr_ws/install/vectornav_msgs/share/vectornav_msgs/cmake/ament_cmake_export_dependencies-extras.cmake
[2.281s] -- Up-to-date: /root/Lunar_ROADSTER/lr_ws/install/vectornav_msgs/share/vectornav_msgs/cmake/ament_cmake_export_include_directories-extras.cmake
[2.282s] -- Up-to-date: /root/Lunar_ROADSTER/lr_ws/install/vectornav_msgs/share/vectornav_msgs/cmake/ament_cmake_export_libraries-extras.cmake
[2.284s] -- Up-to-date: /root/Lunar_ROADSTER/lr_ws/install/vectornav_msgs/share/vectornav_msgs/cmake/ament_cmake_export_targets-extras.cmake
[2.285s] -- Up-to-date: /root/Lunar_ROADSTER/lr_ws/install/vectornav_msgs/share/vectornav_msgs/cmake/rosidl_cmake_export_typesupport_targets-extras.cmake
[2.287s] -- Up-to-date: /root/Lunar_ROADSTER/lr_ws/install/vectornav_msgs/share/vectornav_msgs/cmake/rosidl_cmake_export_typesupport_libraries-extras.cmake
[2.287s] -- Up-to-date: /root/Lunar_ROADSTER/lr_ws/install/vectornav_msgs/share/vectornav_msgs/cmake/vectornav_msgsConfig.cmake
[2.288s] -- Up-to-date: /root/Lunar_ROADSTER/lr_ws/install/vectornav_msgs/share/vectornav_msgs/cmake/vectornav_msgsConfig-version.cmake
[2.291s] -- Up-to-date: /root/Lunar_ROADSTER/lr_ws/install/vectornav_msgs/share/vectornav_msgs/package.xml
[2.305s] Invoked command in '/root/Lunar_ROADSTER/lr_ws/build/vectornav_msgs' returned '0': CMAKE_PREFIX_PATH=${CMAKE_PREFIX_PATH}:/opt/ros/humble /usr/local/bin/cmake --install /root/Lunar_ROADSTER/lr_ws/build/vectornav_msgs
