[0.079s] Invoking command in '/home/williamfbx/Lunar-ROADSTER/lr_ws/build/grid_map_cv': AMENT_PREFIX_PATH=/home/williamfbx/Lunar-ROADSTER/lr_ws/install/grid_map_core:/home/williamfbx/Lunar-ROADSTER/lr_ws/install/grid_map_cmake_helpers:${AMENT_PREFIX_PATH} CMAKE_PREFIX_PATH=/home/williamfbx/Lunar-ROADSTER/lr_ws/install/grid_map_core:/home/williamfbx/Lunar-ROADSTER/lr_ws/install/grid_map_cmake_helpers:/opt/ros/humble LD_LIBRARY_PATH=/home/williamfbx/Lunar-ROADSTER/lr_ws/install/grid_map_core/lib:${LD_LIBRARY_PATH} /usr/bin/cmake --build /home/williamfbx/Lunar-ROADSTER/lr_ws/build/grid_map_cv -- -j12 -l12
[0.184s] [ 18%] Built target gtest_main
[0.185s] [ 36%] Built target gtest
[0.197s] [ 63%] Built target grid_map_cv
[0.235s] [100%] Built target grid_map_cv-test
[0.248s] Invoked command in '/home/williamfbx/Lunar-ROADSTER/lr_ws/build/grid_map_cv' returned '0': AMENT_PREFIX_PATH=/home/williamfbx/Lunar-ROADSTER/lr_ws/install/grid_map_core:/home/williamfbx/Lunar-ROADSTER/lr_ws/install/grid_map_cmake_helpers:${AMENT_PREFIX_PATH} CMAKE_PREFIX_PATH=/home/williamfbx/Lunar-ROADSTER/lr_ws/install/grid_map_core:/home/williamfbx/Lunar-ROADSTER/lr_ws/install/grid_map_cmake_helpers:/opt/ros/humble LD_LIBRARY_PATH=/home/williamfbx/Lunar-ROADSTER/lr_ws/install/grid_map_core/lib:${LD_LIBRARY_PATH} /usr/bin/cmake --build /home/williamfbx/Lunar-ROADSTER/lr_ws/build/grid_map_cv -- -j12 -l12
[0.251s] Invoking command in '/home/williamfbx/Lunar-ROADSTER/lr_ws/build/grid_map_cv': AMENT_PREFIX_PATH=/home/williamfbx/Lunar-ROADSTER/lr_ws/install/grid_map_core:/home/williamfbx/Lunar-ROADSTER/lr_ws/install/grid_map_cmake_helpers:${AMENT_PREFIX_PATH} CMAKE_PREFIX_PATH=/home/williamfbx/Lunar-ROADSTER/lr_ws/install/grid_map_core:/home/williamfbx/Lunar-ROADSTER/lr_ws/install/grid_map_cmake_helpers:/opt/ros/humble LD_LIBRARY_PATH=/home/williamfbx/Lunar-ROADSTER/lr_ws/install/grid_map_core/lib:${LD_LIBRARY_PATH} /usr/bin/cmake --install /home/williamfbx/Lunar-ROADSTER/lr_ws/build/grid_map_cv
[0.271s] -- Install configuration: "Release"
[0.271s] -- Up-to-date: /home/williamfbx/Lunar-ROADSTER/lr_ws/install/grid_map_cv/lib/libgrid_map_cv.so
[0.271s] -- Up-to-date: /home/williamfbx/Lunar-ROADSTER/lr_ws/install/grid_map_cv/include/grid_map_cv
[0.271s] -- Up-to-date: /home/williamfbx/Lunar-ROADSTER/lr_ws/install/grid_map_cv/include/grid_map_cv/GridMapCvProcessing.hpp
[0.271s] -- Up-to-date: /home/williamfbx/Lunar-ROADSTER/lr_ws/install/grid_map_cv/include/grid_map_cv/grid_map_cv.hpp
[0.271s] -- Up-to-date: /home/williamfbx/Lunar-ROADSTER/lr_ws/install/grid_map_cv/include/grid_map_cv/GridMapCvConverter.hpp
[0.271s] -- Up-to-date: /home/williamfbx/Lunar-ROADSTER/lr_ws/install/grid_map_cv/include/grid_map_cv/InpaintFilter.hpp
[0.271s] -- Up-to-date: /home/williamfbx/Lunar-ROADSTER/lr_ws/install/grid_map_cv/include/grid_map_cv/utilities.hpp
[0.271s] -- Up-to-date: /home/williamfbx/Lunar-ROADSTER/lr_ws/install/grid_map_cv/share/grid_map_cv/filter_plugins.xml
[0.271s] -- Up-to-date: /home/williamfbx/Lunar-ROADSTER/lr_ws/install/grid_map_cv/share/grid_map_cv/environment/library_path.sh
[0.272s] -- Up-to-date: /home/williamfbx/Lunar-ROADSTER/lr_ws/install/grid_map_cv/share/grid_map_cv/environment/library_path.dsv
[0.272s] -- Up-to-date: /home/williamfbx/Lunar-ROADSTER/lr_ws/install/grid_map_cv/share/grid_map_cv/filter_plugins.xml
[0.272s] -- Up-to-date: /home/williamfbx/Lunar-ROADSTER/lr_ws/install/grid_map_cv/share/ament_index/resource_index/package_run_dependencies/grid_map_cv
[0.272s] -- Up-to-date: /home/williamfbx/Lunar-ROADSTER/lr_ws/install/grid_map_cv/share/ament_index/resource_index/parent_prefix_path/grid_map_cv
[0.272s] -- Up-to-date: /home/williamfbx/Lunar-ROADSTER/lr_ws/install/grid_map_cv/share/grid_map_cv/environment/ament_prefix_path.sh
[0.272s] -- Up-to-date: /home/williamfbx/Lunar-ROADSTER/lr_ws/install/grid_map_cv/share/grid_map_cv/environment/ament_prefix_path.dsv
[0.272s] -- Up-to-date: /home/williamfbx/Lunar-ROADSTER/lr_ws/install/grid_map_cv/share/grid_map_cv/environment/path.sh
[0.272s] -- Up-to-date: /home/williamfbx/Lunar-ROADSTER/lr_ws/install/grid_map_cv/share/grid_map_cv/environment/path.dsv
[0.272s] -- Up-to-date: /home/williamfbx/Lunar-ROADSTER/lr_ws/install/grid_map_cv/share/grid_map_cv/local_setup.bash
[0.272s] -- Up-to-date: /home/williamfbx/Lunar-ROADSTER/lr_ws/install/grid_map_cv/share/grid_map_cv/local_setup.sh
[0.272s] -- Up-to-date: /home/williamfbx/Lunar-ROADSTER/lr_ws/install/grid_map_cv/share/grid_map_cv/local_setup.zsh
[0.273s] -- Up-to-date: /home/williamfbx/Lunar-ROADSTER/lr_ws/install/grid_map_cv/share/grid_map_cv/local_setup.dsv
[0.273s] -- Installing: /home/williamfbx/Lunar-ROADSTER/lr_ws/install/grid_map_cv/share/grid_map_cv/package.dsv
[0.273s] -- Up-to-date: /home/williamfbx/Lunar-ROADSTER/lr_ws/install/grid_map_cv/share/ament_index/resource_index/packages/grid_map_cv
[0.273s] -- Up-to-date: /home/williamfbx/Lunar-ROADSTER/lr_ws/install/grid_map_cv/share/ament_index/resource_index/filters__pluginlib__plugin/grid_map_cv
[0.273s] -- Up-to-date: /home/williamfbx/Lunar-ROADSTER/lr_ws/install/grid_map_cv/share/grid_map_cv/cmake/ament_cmake_export_include_directories-extras.cmake
[0.273s] -- Up-to-date: /home/williamfbx/Lunar-ROADSTER/lr_ws/install/grid_map_cv/share/grid_map_cv/cmake/ament_cmake_export_libraries-extras.cmake
[0.273s] -- Up-to-date: /home/williamfbx/Lunar-ROADSTER/lr_ws/install/grid_map_cv/share/grid_map_cv/cmake/ament_cmake_export_dependencies-extras.cmake
[0.273s] -- Up-to-date: /home/williamfbx/Lunar-ROADSTER/lr_ws/install/grid_map_cv/share/grid_map_cv/cmake/grid_map_cvConfig.cmake
[0.273s] -- Up-to-date: /home/williamfbx/Lunar-ROADSTER/lr_ws/install/grid_map_cv/share/grid_map_cv/cmake/grid_map_cvConfig-version.cmake
[0.273s] -- Up-to-date: /home/williamfbx/Lunar-ROADSTER/lr_ws/install/grid_map_cv/share/grid_map_cv/package.xml
[0.356s] Invoked command in '/home/williamfbx/Lunar-ROADSTER/lr_ws/build/grid_map_cv' returned '0': AMENT_PREFIX_PATH=/home/williamfbx/Lunar-ROADSTER/lr_ws/install/grid_map_core:/home/williamfbx/Lunar-ROADSTER/lr_ws/install/grid_map_cmake_helpers:${AMENT_PREFIX_PATH} CMAKE_PREFIX_PATH=/home/williamfbx/Lunar-ROADSTER/lr_ws/install/grid_map_core:/home/williamfbx/Lunar-ROADSTER/lr_ws/install/grid_map_cmake_helpers:/opt/ros/humble LD_LIBRARY_PATH=/home/williamfbx/Lunar-ROADSTER/lr_ws/install/grid_map_core/lib:${LD_LIBRARY_PATH} /usr/bin/cmake --install /home/williamfbx/Lunar-ROADSTER/lr_ws/build/grid_map_cv
