[1.879s] Invoking command in '/root/Lunar_ROADSTER/lr_ws/build/launcher': CMAKE_PREFIX_PATH=${CMAKE_PREFIX_PATH}:/root/Lunar_ROADSTER/lr_ws/install/nav2_simple_commander:/opt/ros/humble /usr/local/bin/cmake --build /root/Lunar_ROADSTER/lr_ws/build/launcher -- -j4 -l4
[1.886s] Invoked command in '/root/Lunar_ROADSTER/lr_ws/build/launcher' returned '0': CMAKE_PREFIX_PATH=${CMAKE_PREFIX_PATH}:/root/Lunar_ROADSTER/lr_ws/install/nav2_simple_commander:/opt/ros/humble /usr/local/bin/cmake --build /root/Lunar_ROADSTER/lr_ws/build/launcher -- -j4 -l4
[2.031s] Invoking command in '/root/Lunar_ROADSTER/lr_ws/build/launcher': CMAKE_PREFIX_PATH=${CMAKE_PREFIX_PATH}:/root/Lunar_ROADSTER/lr_ws/install/nav2_simple_commander:/opt/ros/humble /usr/local/bin/cmake --install /root/Lunar_ROADSTER/lr_ws/build/launcher
[2.035s] -- Install configuration: ""
[2.035s] -- Up-to-date: /root/Lunar_ROADSTER/lr_ws/install/launcher/share/launcher/launch
[2.036s] -- Installing: /root/Lunar_ROADSTER/lr_ws/install/launcher/share/launcher/launch/launch.py
[2.037s] -- Up-to-date: /root/Lunar_ROADSTER/lr_ws/install/launcher/share/launcher/launch/svd_viz.rviz
[2.038s] -- Up-to-date: /root/Lunar_ROADSTER/lr_ws/install/launcher/share/launcher/launch/svd_local_map_viz.rviz
[2.038s] -- Up-to-date: /root/Lunar_ROADSTER/lr_ws/install/launcher/share/ament_index/resource_index/package_run_dependencies/launcher
[2.041s] -- Up-to-date: /root/Lunar_ROADSTER/lr_ws/install/launcher/share/ament_index/resource_index/parent_prefix_path/launcher
[2.042s] -- Up-to-date: /root/Lunar_ROADSTER/lr_ws/install/launcher/share/launcher/environment/ament_prefix_path.sh
[2.043s] -- Up-to-date: /root/Lunar_ROADSTER/lr_ws/install/launcher/share/launcher/environment/ament_prefix_path.dsv
[2.188s] -- Up-to-date: /root/Lunar_ROADSTER/lr_ws/install/launcher/share/launcher/environment/path.sh
[2.190s] -- Up-to-date: /root/Lunar_ROADSTER/lr_ws/install/launcher/share/launcher/environment/path.dsv
[2.192s] -- Up-to-date: /root/Lunar_ROADSTER/lr_ws/install/launcher/share/launcher/local_setup.bash
[2.196s] -- Up-to-date: /root/Lunar_ROADSTER/lr_ws/install/launcher/share/launcher/local_setup.sh
[2.197s] -- Up-to-date: /root/Lunar_ROADSTER/lr_ws/install/launcher/share/launcher/local_setup.zsh
[2.197s] -- Up-to-date: /root/Lunar_ROADSTER/lr_ws/install/launcher/share/launcher/local_setup.dsv
[2.197s] -- Installing: /root/Lunar_ROADSTER/lr_ws/install/launcher/share/launcher/package.dsv
[2.198s] -- Up-to-date: /root/Lunar_ROADSTER/lr_ws/install/launcher/share/ament_index/resource_index/packages/launcher
[2.199s] -- Up-to-date: /root/Lunar_ROADSTER/lr_ws/install/launcher/share/launcher/cmake/launcherConfig.cmake
[2.199s] -- Up-to-date: /root/Lunar_ROADSTER/lr_ws/install/launcher/share/launcher/cmake/launcherConfig-version.cmake
[2.199s] -- Up-to-date: /root/Lunar_ROADSTER/lr_ws/install/launcher/share/launcher/package.xml
[2.215s] Invoked command in '/root/Lunar_ROADSTER/lr_ws/build/launcher' returned '0': CMAKE_PREFIX_PATH=${CMAKE_PREFIX_PATH}:/root/Lunar_ROADSTER/lr_ws/install/nav2_simple_commander:/opt/ros/humble /usr/local/bin/cmake --install /root/Lunar_ROADSTER/lr_ws/build/launcher
