[0.528s] Invoking command in '/root/Lunar_ROADSTER/lr_ws/build/nav2_collision_monitor': AMENT_PREFIX_PATH=/root/Lunar_ROADSTER/lr_ws/install/nav2_costmap_2d:/root/Lunar_ROADSTER/lr_ws/install/nav2_map_server:/root/Lunar_ROADSTER/lr_ws/install/nav2_lifecycle_manager:/root/Lunar_ROADSTER/lr_ws/install/nav2_util:/root/Lunar_ROADSTER/lr_ws/install/nav2_voxel_grid:/root/Lunar_ROADSTER/lr_ws/install/nav2_msgs:/root/Lunar_ROADSTER/lr_ws/install/nav2_common:${AMENT_PREFIX_PATH} CMAKE_PREFIX_PATH=/root/Lunar_ROADSTER/lr_ws/install/nav2_costmap_2d:/root/Lunar_ROADSTER/lr_ws/install/nav2_map_server:/root/Lunar_ROADSTER/lr_ws/install/nav2_lifecycle_manager:/root/Lunar_ROADSTER/lr_ws/install/nav2_util:/root/Lunar_ROADSTER/lr_ws/install/nav2_voxel_grid:/root/Lunar_ROADSTER/lr_ws/install/nav2_msgs:/root/Lunar_ROADSTER/lr_ws/install/nav2_common:/opt/ros/humble LD_LIBRARY_PATH=/root/Lunar_ROADSTER/lr_ws/install/nav2_costmap_2d/lib:/root/Lunar_ROADSTER/lr_ws/install/nav2_map_server/lib:/root/Lunar_ROADSTER/lr_ws/install/nav2_lifecycle_manager/lib:/root/Lunar_ROADSTER/lr_ws/install/nav2_util/lib:/root/Lunar_ROADSTER/lr_ws/install/nav2_voxel_grid/lib:/root/Lunar_ROADSTER/lr_ws/install/nav2_msgs/lib:/opt/ros/humble/opt/rviz_ogre_vendor/lib:/opt/ros/humble/lib/aarch64-linux-gnu:/opt/ros/humble/lib:/usr/local/cuda/lib64 PYTHONPATH=/root/Lunar_ROADSTER/lr_ws/install/nav2_msgs/local/lib/python3.10/dist-packages:/root/Lunar_ROADSTER/lr_ws/install/nav2_common/local/lib/python3.10/dist-packages:${PYTHONPATH} /usr/local/bin/cmake /root/Lunar_ROADSTER/lr_ws/src/navigation2/nav2_collision_monitor -DCMAKE_INSTALL_PREFIX=/root/Lunar_ROADSTER/lr_ws/install/nav2_collision_monitor
[1.148s] -- The C compiler identification is GNU 11.4.0
[1.607s] -- The CXX compiler identification is GNU 11.4.0
[1.701s] -- Detecting C compiler ABI info
[2.363s] -- Detecting C compiler ABI info - done
[2.480s] -- Check for working C compiler: /usr/bin/cc - skipped
[2.481s] -- Detecting C compile features
[2.489s] -- Detecting C compile features - done
[2.553s] -- Detecting CXX compiler ABI info
[3.425s] -- Detecting CXX compiler ABI info - done
[3.507s] -- Check for working CXX compiler: /usr/bin/c++ - skipped
[3.509s] -- Detecting CXX compile features
[3.511s] -- Detecting CXX compile features - done
[3.564s] -- Found ament_cmake: 1.3.11 (/opt/ros/humble/share/ament_cmake/cmake)
[4.618s] -- Found Python3: /usr/bin/python3 (found version "3.10.12") found components: Interpreter 
[5.442s] -- Found rclcpp: 16.0.11 (/opt/ros/humble/share/rclcpp/cmake)
[5.805s] -- Found rosidl_generator_c: 3.1.6 (/opt/ros/humble/share/rosidl_generator_c/cmake)
[5.918s] -- Found rosidl_adapter: 3.1.6 (/opt/ros/humble/share/rosidl_adapter/cmake)
[6.049s] -- Found rosidl_generator_cpp: 3.1.6 (/opt/ros/humble/share/rosidl_generator_cpp/cmake)
[6.161s] -- Using all available rosidl_typesupport_c: rosidl_typesupport_fastrtps_c;rosidl_typesupport_introspection_c
[6.289s] -- Using all available rosidl_typesupport_cpp: rosidl_typesupport_fastrtps_cpp;rosidl_typesupport_introspection_cpp
[6.936s] -- Found rmw_implementation_cmake: 6.1.2 (/opt/ros/humble/share/rmw_implementation_cmake/cmake)
[6.994s] -- Found rmw_fastrtps_cpp: 6.2.7 (/opt/ros/humble/share/rmw_fastrtps_cpp/cmake)
[7.835s] -- Found OpenSSL: /usr/lib/aarch64-linux-gnu/libcrypto.so (found version "3.0.2")  
[8.027s] -- Found FastRTPS: /opt/ros/humble/include  
[8.318s] -- Using RMW implementation 'rmw_fastrtps_cpp' as default
[8.417s] -- Looking for pthread.h
[9.113s] -- Looking for pthread.h - found
[9.116s] -- Performing Test CMAKE_HAVE_LIBC_PTHREAD
[9.762s] -- Performing Test CMAKE_HAVE_LIBC_PTHREAD - Success
[9.768s] -- Found Threads: TRUE  
[10.443s] -- Found rclcpp_components: 16.0.11 (/opt/ros/humble/share/rclcpp_components/cmake)
[10.814s] -- Found sensor_msgs: 4.2.4 (/opt/ros/humble/share/sensor_msgs/cmake)
[11.149s] -- Found tf2: 0.25.12 (/opt/ros/humble/share/tf2/cmake)
[11.189s] -- Found tf2_ros: 0.25.12 (/opt/ros/humble/share/tf2_ros/cmake)
[11.708s] -- Found tf2_geometry_msgs: 0.25.12 (/opt/ros/humble/share/tf2_geometry_msgs/cmake)
[11.851s] -- Found eigen3_cmake_module: 0.1.1 (/opt/ros/humble/share/eigen3_cmake_module/cmake)
[11.857s] -- Found Eigen3: TRUE (found version "3.4.0") 
[11.858s] -- Ensuring Eigen3 include directory is part of orocos-kdl CMake target
[11.878s] -- Found nav2_common: 1.1.18 (/root/Lunar_ROADSTER/lr_ws/install/nav2_common/share/nav2_common/cmake)
[11.885s] -- Found nav2_util: 1.1.18 (/root/Lunar_ROADSTER/lr_ws/install/nav2_util/share/nav2_util/cmake)
[12.751s] -- Found nav2_costmap_2d: 1.1.18 (/root/Lunar_ROADSTER/lr_ws/install/nav2_costmap_2d/share/nav2_costmap_2d/cmake)
[13.358s] -- Setting build type to Release as none was specified.
[13.682s] -- Found ament_lint_auto: 0.12.11 (/opt/ros/humble/share/ament_lint_auto/cmake)
[14.525s] -- Found gtest sources under '/opt/ros/humble/src/gtest_vendor': C++ tests using 'Google Test' will be built
[15.153s] -- Added test 'cppcheck' to perform static code analysis on C / C++ code
[15.156s] -- Configured cppcheck include dirs: /root/Lunar_ROADSTER/lr_ws/src/navigation2/nav2_collision_monitor/include
[15.156s] -- Configured cppcheck exclude dirs and/or files: 
[15.168s] -- Added test 'flake8' to check Python code syntax and style conventions
[15.203s] -- Added test 'lint_cmake' to check CMake code style
[15.222s] -- Added test 'pep257' to check Python code against some of the docstring style conventions in PEP 257
[15.289s] -- Added test 'uncrustify' to check C / C++ code style
[15.290s] -- Configured uncrustify additional arguments: 
[15.295s] -- Added test 'xmllint' to check XML markup files
[15.371s] -- Configuring done
[17.579s] -- Generating done
[17.742s] -- Build files have been written to: /root/Lunar_ROADSTER/lr_ws/build/nav2_collision_monitor
[17.854s] Invoked command in '/root/Lunar_ROADSTER/lr_ws/build/nav2_collision_monitor' returned '0': AMENT_PREFIX_PATH=/root/Lunar_ROADSTER/lr_ws/install/nav2_costmap_2d:/root/Lunar_ROADSTER/lr_ws/install/nav2_map_server:/root/Lunar_ROADSTER/lr_ws/install/nav2_lifecycle_manager:/root/Lunar_ROADSTER/lr_ws/install/nav2_util:/root/Lunar_ROADSTER/lr_ws/install/nav2_voxel_grid:/root/Lunar_ROADSTER/lr_ws/install/nav2_msgs:/root/Lunar_ROADSTER/lr_ws/install/nav2_common:${AMENT_PREFIX_PATH} CMAKE_PREFIX_PATH=/root/Lunar_ROADSTER/lr_ws/install/nav2_costmap_2d:/root/Lunar_ROADSTER/lr_ws/install/nav2_map_server:/root/Lunar_ROADSTER/lr_ws/install/nav2_lifecycle_manager:/root/Lunar_ROADSTER/lr_ws/install/nav2_util:/root/Lunar_ROADSTER/lr_ws/install/nav2_voxel_grid:/root/Lunar_ROADSTER/lr_ws/install/nav2_msgs:/root/Lunar_ROADSTER/lr_ws/install/nav2_common:/opt/ros/humble LD_LIBRARY_PATH=/root/Lunar_ROADSTER/lr_ws/install/nav2_costmap_2d/lib:/root/Lunar_ROADSTER/lr_ws/install/nav2_map_server/lib:/root/Lunar_ROADSTER/lr_ws/install/nav2_lifecycle_manager/lib:/root/Lunar_ROADSTER/lr_ws/install/nav2_util/lib:/root/Lunar_ROADSTER/lr_ws/install/nav2_voxel_grid/lib:/root/Lunar_ROADSTER/lr_ws/install/nav2_msgs/lib:/opt/ros/humble/opt/rviz_ogre_vendor/lib:/opt/ros/humble/lib/aarch64-linux-gnu:/opt/ros/humble/lib:/usr/local/cuda/lib64 PYTHONPATH=/root/Lunar_ROADSTER/lr_ws/install/nav2_msgs/local/lib/python3.10/dist-packages:/root/Lunar_ROADSTER/lr_ws/install/nav2_common/local/lib/python3.10/dist-packages:${PYTHONPATH} /usr/local/bin/cmake /root/Lunar_ROADSTER/lr_ws/src/navigation2/nav2_collision_monitor -DCMAKE_INSTALL_PREFIX=/root/Lunar_ROADSTER/lr_ws/install/nav2_collision_monitor
[17.857s] Invoking command in '/root/Lunar_ROADSTER/lr_ws/build/nav2_collision_monitor': AMENT_PREFIX_PATH=/root/Lunar_ROADSTER/lr_ws/install/nav2_costmap_2d:/root/Lunar_ROADSTER/lr_ws/install/nav2_map_server:/root/Lunar_ROADSTER/lr_ws/install/nav2_lifecycle_manager:/root/Lunar_ROADSTER/lr_ws/install/nav2_util:/root/Lunar_ROADSTER/lr_ws/install/nav2_voxel_grid:/root/Lunar_ROADSTER/lr_ws/install/nav2_msgs:/root/Lunar_ROADSTER/lr_ws/install/nav2_common:${AMENT_PREFIX_PATH} CMAKE_PREFIX_PATH=/root/Lunar_ROADSTER/lr_ws/install/nav2_costmap_2d:/root/Lunar_ROADSTER/lr_ws/install/nav2_map_server:/root/Lunar_ROADSTER/lr_ws/install/nav2_lifecycle_manager:/root/Lunar_ROADSTER/lr_ws/install/nav2_util:/root/Lunar_ROADSTER/lr_ws/install/nav2_voxel_grid:/root/Lunar_ROADSTER/lr_ws/install/nav2_msgs:/root/Lunar_ROADSTER/lr_ws/install/nav2_common:/opt/ros/humble LD_LIBRARY_PATH=/root/Lunar_ROADSTER/lr_ws/install/nav2_costmap_2d/lib:/root/Lunar_ROADSTER/lr_ws/install/nav2_map_server/lib:/root/Lunar_ROADSTER/lr_ws/install/nav2_lifecycle_manager/lib:/root/Lunar_ROADSTER/lr_ws/install/nav2_util/lib:/root/Lunar_ROADSTER/lr_ws/install/nav2_voxel_grid/lib:/root/Lunar_ROADSTER/lr_ws/install/nav2_msgs/lib:/opt/ros/humble/opt/rviz_ogre_vendor/lib:/opt/ros/humble/lib/aarch64-linux-gnu:/opt/ros/humble/lib:/usr/local/cuda/lib64 PYTHONPATH=/root/Lunar_ROADSTER/lr_ws/install/nav2_msgs/local/lib/python3.10/dist-packages:/root/Lunar_ROADSTER/lr_ws/install/nav2_common/local/lib/python3.10/dist-packages:${PYTHONPATH} /usr/local/bin/cmake --build /root/Lunar_ROADSTER/lr_ws/build/nav2_collision_monitor -- -j4 -l4
[18.176s] [  4%] [32mBuilding CXX object CMakeFiles/collision_monitor_core.dir/src/collision_monitor_node.cpp.o[0m
[85.815s] [  8%] [32mBuilding CXX object CMakeFiles/collision_monitor_core.dir/src/polygon.cpp.o[0m
[121.310s] [ 13%] [32mBuilding CXX object CMakeFiles/collision_monitor_core.dir/src/circle.cpp.o[0m
[141.705s] [ 17%] [32mBuilding CXX object CMakeFiles/collision_monitor_core.dir/src/source.cpp.o[0m
[161.420s] [ 21%] [32mBuilding CXX object CMakeFiles/collision_monitor_core.dir/src/scan.cpp.o[0m
[219.560s] [ 26%] [32mBuilding CXX object CMakeFiles/collision_monitor_core.dir/src/pointcloud.cpp.o[0m
[282.014s] [ 30%] [32mBuilding CXX object CMakeFiles/collision_monitor_core.dir/src/range.cpp.o[0m
[334.872s] [ 34%] [32mBuilding CXX object CMakeFiles/collision_monitor_core.dir/src/kinematics.cpp.o[0m
[336.214s] [ 39%] [32m[1mLinking CXX shared library libcollision_monitor_core.so[0m
[338.321s] [ 39%] Built target collision_monitor_core
[338.382s] [ 43%] [32mBuilding CXX object gtest/CMakeFiles/gtest.dir/src/gtest-all.cc.o[0m
[383.173s] [ 47%] [32m[1mLinking CXX static library libgtest.a[0m
[383.468s] [ 47%] Built target gtest
[383.546s] [ 52%] [32mBuilding CXX object CMakeFiles/collision_monitor.dir/src/main.cpp.o[0m
[403.448s] [ 56%] [32m[1mLinking CXX executable collision_monitor[0m
[404.908s] [ 56%] Built target collision_monitor
[404.970s] [ 60%] [32mBuilding CXX object gtest/CMakeFiles/gtest_main.dir/src/gtest_main.cc.o[0m
[409.700s] [ 65%] [32m[1mLinking CXX static library libgtest_main.a[0m
[409.925s] [ 65%] Built target gtest_main
[409.998s] [ 69%] [32mBuilding CXX object test/CMakeFiles/kinematics_test.dir/kinematics_test.cpp.o[0m
[429.679s] [ 73%] [32m[1mLinking CXX executable kinematics_test[0m
[431.190s] [ 73%] Built target kinematics_test
[431.261s] [ 78%] [32mBuilding CXX object test/CMakeFiles/collision_monitor_node_test.dir/collision_monitor_node_test.cpp.o[0m
[556.158s] [ 82%] [32m[1mLinking CXX executable collision_monitor_node_test[0m
[558.426s] [ 82%] Built target collision_monitor_node_test
[558.497s] [ 86%] [32mBuilding CXX object test/CMakeFiles/polygons_test.dir/polygons_test.cpp.o[0m
[636.096s] [ 91%] [32m[1mLinking CXX executable polygons_test[0m
[638.267s] [ 91%] Built target polygons_test
[638.339s] [ 95%] [32mBuilding CXX object test/CMakeFiles/sources_test.dir/sources_test.cpp.o[0m
[693.964s] [100%] [32m[1mLinking CXX executable sources_test[0m
[695.769s] [100%] Built target sources_test
[695.798s] Invoked command in '/root/Lunar_ROADSTER/lr_ws/build/nav2_collision_monitor' returned '0': AMENT_PREFIX_PATH=/root/Lunar_ROADSTER/lr_ws/install/nav2_costmap_2d:/root/Lunar_ROADSTER/lr_ws/install/nav2_map_server:/root/Lunar_ROADSTER/lr_ws/install/nav2_lifecycle_manager:/root/Lunar_ROADSTER/lr_ws/install/nav2_util:/root/Lunar_ROADSTER/lr_ws/install/nav2_voxel_grid:/root/Lunar_ROADSTER/lr_ws/install/nav2_msgs:/root/Lunar_ROADSTER/lr_ws/install/nav2_common:${AMENT_PREFIX_PATH} CMAKE_PREFIX_PATH=/root/Lunar_ROADSTER/lr_ws/install/nav2_costmap_2d:/root/Lunar_ROADSTER/lr_ws/install/nav2_map_server:/root/Lunar_ROADSTER/lr_ws/install/nav2_lifecycle_manager:/root/Lunar_ROADSTER/lr_ws/install/nav2_util:/root/Lunar_ROADSTER/lr_ws/install/nav2_voxel_grid:/root/Lunar_ROADSTER/lr_ws/install/nav2_msgs:/root/Lunar_ROADSTER/lr_ws/install/nav2_common:/opt/ros/humble LD_LIBRARY_PATH=/root/Lunar_ROADSTER/lr_ws/install/nav2_costmap_2d/lib:/root/Lunar_ROADSTER/lr_ws/install/nav2_map_server/lib:/root/Lunar_ROADSTER/lr_ws/install/nav2_lifecycle_manager/lib:/root/Lunar_ROADSTER/lr_ws/install/nav2_util/lib:/root/Lunar_ROADSTER/lr_ws/install/nav2_voxel_grid/lib:/root/Lunar_ROADSTER/lr_ws/install/nav2_msgs/lib:/opt/ros/humble/opt/rviz_ogre_vendor/lib:/opt/ros/humble/lib/aarch64-linux-gnu:/opt/ros/humble/lib:/usr/local/cuda/lib64 PYTHONPATH=/root/Lunar_ROADSTER/lr_ws/install/nav2_msgs/local/lib/python3.10/dist-packages:/root/Lunar_ROADSTER/lr_ws/install/nav2_common/local/lib/python3.10/dist-packages:${PYTHONPATH} /usr/local/bin/cmake --build /root/Lunar_ROADSTER/lr_ws/build/nav2_collision_monitor -- -j4 -l4
[695.804s] Invoking command in '/root/Lunar_ROADSTER/lr_ws/build/nav2_collision_monitor': AMENT_PREFIX_PATH=/root/Lunar_ROADSTER/lr_ws/install/nav2_costmap_2d:/root/Lunar_ROADSTER/lr_ws/install/nav2_map_server:/root/Lunar_ROADSTER/lr_ws/install/nav2_lifecycle_manager:/root/Lunar_ROADSTER/lr_ws/install/nav2_util:/root/Lunar_ROADSTER/lr_ws/install/nav2_voxel_grid:/root/Lunar_ROADSTER/lr_ws/install/nav2_msgs:/root/Lunar_ROADSTER/lr_ws/install/nav2_common:${AMENT_PREFIX_PATH} CMAKE_PREFIX_PATH=/root/Lunar_ROADSTER/lr_ws/install/nav2_costmap_2d:/root/Lunar_ROADSTER/lr_ws/install/nav2_map_server:/root/Lunar_ROADSTER/lr_ws/install/nav2_lifecycle_manager:/root/Lunar_ROADSTER/lr_ws/install/nav2_util:/root/Lunar_ROADSTER/lr_ws/install/nav2_voxel_grid:/root/Lunar_ROADSTER/lr_ws/install/nav2_msgs:/root/Lunar_ROADSTER/lr_ws/install/nav2_common:/opt/ros/humble LD_LIBRARY_PATH=/root/Lunar_ROADSTER/lr_ws/install/nav2_costmap_2d/lib:/root/Lunar_ROADSTER/lr_ws/install/nav2_map_server/lib:/root/Lunar_ROADSTER/lr_ws/install/nav2_lifecycle_manager/lib:/root/Lunar_ROADSTER/lr_ws/install/nav2_util/lib:/root/Lunar_ROADSTER/lr_ws/install/nav2_voxel_grid/lib:/root/Lunar_ROADSTER/lr_ws/install/nav2_msgs/lib:/opt/ros/humble/opt/rviz_ogre_vendor/lib:/opt/ros/humble/lib/aarch64-linux-gnu:/opt/ros/humble/lib:/usr/local/cuda/lib64 PYTHONPATH=/root/Lunar_ROADSTER/lr_ws/install/nav2_msgs/local/lib/python3.10/dist-packages:/root/Lunar_ROADSTER/lr_ws/install/nav2_common/local/lib/python3.10/dist-packages:${PYTHONPATH} /usr/local/bin/cmake --install /root/Lunar_ROADSTER/lr_ws/build/nav2_collision_monitor
[695.824s] -- Install configuration: "Release"
[695.830s] -- Installing: /root/Lunar_ROADSTER/lr_ws/install/nav2_collision_monitor/lib/libcollision_monitor_core.so
[695.857s] -- Set runtime path of "/root/Lunar_ROADSTER/lr_ws/install/nav2_collision_monitor/lib/libcollision_monitor_core.so" to ""
[695.862s] -- Installing: /root/Lunar_ROADSTER/lr_ws/install/nav2_collision_monitor/lib/nav2_collision_monitor/collision_monitor
[695.869s] -- Set runtime path of "/root/Lunar_ROADSTER/lr_ws/install/nav2_collision_monitor/lib/nav2_collision_monitor/collision_monitor" to ""
[695.870s] -- Installing: /root/Lunar_ROADSTER/lr_ws/install/nav2_collision_monitor/include/
[695.874s] -- Installing: /root/Lunar_ROADSTER/lr_ws/install/nav2_collision_monitor/include//nav2_collision_monitor
[695.880s] -- Installing: /root/Lunar_ROADSTER/lr_ws/install/nav2_collision_monitor/include//nav2_collision_monitor/circle.hpp
[695.883s] -- Installing: /root/Lunar_ROADSTER/lr_ws/install/nav2_collision_monitor/include//nav2_collision_monitor/collision_monitor_node.hpp
[695.885s] -- Installing: /root/Lunar_ROADSTER/lr_ws/install/nav2_collision_monitor/include//nav2_collision_monitor/kinematics.hpp
[695.887s] -- Installing: /root/Lunar_ROADSTER/lr_ws/install/nav2_collision_monitor/include//nav2_collision_monitor/pointcloud.hpp
[695.890s] -- Installing: /root/Lunar_ROADSTER/lr_ws/install/nav2_collision_monitor/include//nav2_collision_monitor/polygon.hpp
[695.892s] -- Installing: /root/Lunar_ROADSTER/lr_ws/install/nav2_collision_monitor/include//nav2_collision_monitor/range.hpp
[695.894s] -- Installing: /root/Lunar_ROADSTER/lr_ws/install/nav2_collision_monitor/include//nav2_collision_monitor/scan.hpp
[695.896s] -- Installing: /root/Lunar_ROADSTER/lr_ws/install/nav2_collision_monitor/include//nav2_collision_monitor/source.hpp
[695.898s] -- Installing: /root/Lunar_ROADSTER/lr_ws/install/nav2_collision_monitor/include//nav2_collision_monitor/types.hpp
[695.899s] -- Installing: /root/Lunar_ROADSTER/lr_ws/install/nav2_collision_monitor/share/nav2_collision_monitor/launch
[695.907s] -- Installing: /root/Lunar_ROADSTER/lr_ws/install/nav2_collision_monitor/share/nav2_collision_monitor/launch/collision_monitor_node.launch.py
[695.912s] -- Installing: /root/Lunar_ROADSTER/lr_ws/install/nav2_collision_monitor/share/nav2_collision_monitor/params
[695.916s] -- Installing: /root/Lunar_ROADSTER/lr_ws/install/nav2_collision_monitor/share/nav2_collision_monitor/params/collision_monitor_params.yaml
[695.921s] -- Installing: /root/Lunar_ROADSTER/lr_ws/install/nav2_collision_monitor/share/nav2_collision_monitor/environment/library_path.sh
[695.925s] -- Installing: /root/Lunar_ROADSTER/lr_ws/install/nav2_collision_monitor/share/nav2_collision_monitor/environment/library_path.dsv
[695.934s] -- Installing: /root/Lunar_ROADSTER/lr_ws/install/nav2_collision_monitor/share/ament_index/resource_index/package_run_dependencies/nav2_collision_monitor
[695.939s] -- Installing: /root/Lunar_ROADSTER/lr_ws/install/nav2_collision_monitor/share/ament_index/resource_index/parent_prefix_path/nav2_collision_monitor
[695.943s] -- Installing: /root/Lunar_ROADSTER/lr_ws/install/nav2_collision_monitor/share/nav2_collision_monitor/environment/ament_prefix_path.sh
[695.945s] -- Installing: /root/Lunar_ROADSTER/lr_ws/install/nav2_collision_monitor/share/nav2_collision_monitor/environment/ament_prefix_path.dsv
[695.947s] -- Installing: /root/Lunar_ROADSTER/lr_ws/install/nav2_collision_monitor/share/nav2_collision_monitor/environment/path.sh
[695.952s] -- Installing: /root/Lunar_ROADSTER/lr_ws/install/nav2_collision_monitor/share/nav2_collision_monitor/environment/path.dsv
[695.954s] -- Installing: /root/Lunar_ROADSTER/lr_ws/install/nav2_collision_monitor/share/nav2_collision_monitor/local_setup.bash
[695.957s] -- Installing: /root/Lunar_ROADSTER/lr_ws/install/nav2_collision_monitor/share/nav2_collision_monitor/local_setup.sh
[695.959s] -- Installing: /root/Lunar_ROADSTER/lr_ws/install/nav2_collision_monitor/share/nav2_collision_monitor/local_setup.zsh
[695.961s] -- Installing: /root/Lunar_ROADSTER/lr_ws/install/nav2_collision_monitor/share/nav2_collision_monitor/local_setup.dsv
[695.964s] -- Installing: /root/Lunar_ROADSTER/lr_ws/install/nav2_collision_monitor/share/nav2_collision_monitor/package.dsv
[695.968s] -- Installing: /root/Lunar_ROADSTER/lr_ws/install/nav2_collision_monitor/share/ament_index/resource_index/packages/nav2_collision_monitor
[695.974s] -- Installing: /root/Lunar_ROADSTER/lr_ws/install/nav2_collision_monitor/share/ament_index/resource_index/rclcpp_components/nav2_collision_monitor
[695.980s] -- Installing: /root/Lunar_ROADSTER/lr_ws/install/nav2_collision_monitor/share/nav2_collision_monitor/cmake/ament_cmake_export_include_directories-extras.cmake
[695.984s] -- Installing: /root/Lunar_ROADSTER/lr_ws/install/nav2_collision_monitor/share/nav2_collision_monitor/cmake/ament_cmake_export_libraries-extras.cmake
[695.986s] -- Installing: /root/Lunar_ROADSTER/lr_ws/install/nav2_collision_monitor/share/nav2_collision_monitor/cmake/ament_cmake_export_dependencies-extras.cmake
[695.988s] -- Installing: /root/Lunar_ROADSTER/lr_ws/install/nav2_collision_monitor/share/nav2_collision_monitor/cmake/nav2_collision_monitorConfig.cmake
[695.990s] -- Installing: /root/Lunar_ROADSTER/lr_ws/install/nav2_collision_monitor/share/nav2_collision_monitor/cmake/nav2_collision_monitorConfig-version.cmake
[695.992s] -- Installing: /root/Lunar_ROADSTER/lr_ws/install/nav2_collision_monitor/share/nav2_collision_monitor/package.xml
[696.009s] Invoked command in '/root/Lunar_ROADSTER/lr_ws/build/nav2_collision_monitor' returned '0': AMENT_PREFIX_PATH=/root/Lunar_ROADSTER/lr_ws/install/nav2_costmap_2d:/root/Lunar_ROADSTER/lr_ws/install/nav2_map_server:/root/Lunar_ROADSTER/lr_ws/install/nav2_lifecycle_manager:/root/Lunar_ROADSTER/lr_ws/install/nav2_util:/root/Lunar_ROADSTER/lr_ws/install/nav2_voxel_grid:/root/Lunar_ROADSTER/lr_ws/install/nav2_msgs:/root/Lunar_ROADSTER/lr_ws/install/nav2_common:${AMENT_PREFIX_PATH} CMAKE_PREFIX_PATH=/root/Lunar_ROADSTER/lr_ws/install/nav2_costmap_2d:/root/Lunar_ROADSTER/lr_ws/install/nav2_map_server:/root/Lunar_ROADSTER/lr_ws/install/nav2_lifecycle_manager:/root/Lunar_ROADSTER/lr_ws/install/nav2_util:/root/Lunar_ROADSTER/lr_ws/install/nav2_voxel_grid:/root/Lunar_ROADSTER/lr_ws/install/nav2_msgs:/root/Lunar_ROADSTER/lr_ws/install/nav2_common:/opt/ros/humble LD_LIBRARY_PATH=/root/Lunar_ROADSTER/lr_ws/install/nav2_costmap_2d/lib:/root/Lunar_ROADSTER/lr_ws/install/nav2_map_server/lib:/root/Lunar_ROADSTER/lr_ws/install/nav2_lifecycle_manager/lib:/root/Lunar_ROADSTER/lr_ws/install/nav2_util/lib:/root/Lunar_ROADSTER/lr_ws/install/nav2_voxel_grid/lib:/root/Lunar_ROADSTER/lr_ws/install/nav2_msgs/lib:/opt/ros/humble/opt/rviz_ogre_vendor/lib:/opt/ros/humble/lib/aarch64-linux-gnu:/opt/ros/humble/lib:/usr/local/cuda/lib64 PYTHONPATH=/root/Lunar_ROADSTER/lr_ws/install/nav2_msgs/local/lib/python3.10/dist-packages:/root/Lunar_ROADSTER/lr_ws/install/nav2_common/local/lib/python3.10/dist-packages:${PYTHONPATH} /usr/local/bin/cmake --install /root/Lunar_ROADSTER/lr_ws/build/nav2_collision_monitor
