[0.091s] Invoking command in '/home/williamfbx/Lunar-ROADSTER/lr_ws/build/grid_map_msgs': CMAKE_PREFIX_PATH=/home/williamfbx/Lunar-ROADSTER/lr_ws/install/grid_map_cmake_helpers:/home/williamfbx/Lunar-ROADSTER/lr_ws/install/zed_ros2:/home/williamfbx/Lunar-ROADSTER/lr_ws/install/zed_robot_integration:/home/williamfbx/Lunar-ROADSTER/lr_ws/install/zed_ipc:/home/williamfbx/Lunar-ROADSTER/lr_ws/install/zed_multi_camera:/home/williamfbx/Lunar-ROADSTER/lr_ws/install/zed_display_rviz2:/home/williamfbx/Lunar-ROADSTER/lr_ws/install/zed_depth_to_laserscan:/home/williamfbx/Lunar-ROADSTER/lr_ws/install/zed_wrapper:/home/williamfbx/Lunar-ROADSTER/lr_ws/install/zed_tutorial_video:/home/williamfbx/Lunar-ROADSTER/lr_ws/install/zed_tutorial_pos_tracking:/home/williamfbx/Lunar-ROADSTER/lr_ws/install/zed_tutorial_depth:/home/williamfbx/Lunar-ROADSTER/lr_ws/install/zed_topic_benchmark:/home/williamfbx/Lunar-ROADSTER/lr_ws/install/zed_topic_benchmark_component:/home/williamfbx/Lunar-ROADSTER/lr_ws/install/zed_topic_benchmark_interfaces:/home/williamfbx/Lunar-ROADSTER/lr_ws/install/zed_rgb_convert:/home/williamfbx/Lunar-ROADSTER/lr_ws/install/zed_aruco_localization:/home/williamfbx/Lunar-ROADSTER/lr_ws/install/zed_components:/home/williamfbx/Lunar-ROADSTER/lr_ws/install/teleop:/home/williamfbx/Lunar-ROADSTER/lr_ws/install/sensing:/home/williamfbx/Lunar-ROADSTER/lr_ws/install/rviz_plugin_zed_od:/home/williamfbx/Lunar-ROADSTER/lr_ws/install/motion_control:/home/williamfbx/Lunar-ROADSTER/lr_ws/install/mapping:/home/williamfbx/Lunar-ROADSTER/lr_ws/install/localization:/home/williamfbx/Lunar-ROADSTER/lr_ws/install/elevation_mapping:/home/williamfbx/Lunar-ROADSTER/lr_ws/install/kindr_ros:/home/williamfbx/Lunar-ROADSTER/lr_ws/install/kindr_msgs:/home/williamfbx/Lunar-ROADSTER/lr_ws/install/kindr:/home/williamfbx/Lunar-ROADSTER/lr_ws/install/imu:/home/williamfbx/Lunar-ROADSTER/lr_ws/install/grid_map:/home/williamfbx/Lunar-ROADSTER/lr_ws/install/grid_map_demos:/home/williamfbx/Lunar-ROADSTER/lr_ws/install/grid_map_visualization:/home/williamfbx/Lunar-ROADSTER/lr_ws/install/grid_map_sdf:/home/williamfbx/Lunar-ROADSTER/lr_ws/install/grid_map_rviz_plugin:/home/williamfbx/Lunar-ROADSTER/lr_ws/install/grid_map_pcl:/home/williamfbx/Lunar-ROADSTER/lr_ws/install/grid_map_loader:/home/williamfbx/Lunar-ROADSTER/lr_ws/install/grid_map_filters:/home/williamfbx/Lunar-ROADSTER/lr_ws/install/grid_map_ros:/home/williamfbx/Lunar-ROADSTER/lr_ws/install/grid_map_octomap:/home/williamfbx/Lunar-ROADSTER/lr_ws/install/grid_map_msgs:/home/williamfbx/Lunar-ROADSTER/lr_ws/install/grid_map_cv:/home/williamfbx/Lunar-ROADSTER/lr_ws/install/grid_map_costmap_2d:/home/williamfbx/Lunar-ROADSTER/lr_ws/install/grid_map_core:/home/williamfbx/Lunar-ROADSTER/lr_ws/install/arduino:/home/williamfbx/Lunar-ROADSTER/lr_ws/install/cg_msgs:/opt/ros/humble /usr/bin/cmake --build /home/williamfbx/Lunar-ROADSTER/lr_ws/build/grid_map_msgs -- -j12 -l12
[0.154s] [  2%] Built target grid_map_msgs__cpp
[0.154s] [ 12%] Built target grid_map_msgs__rosidl_generator_c
[0.167s] [ 12%] Built target ament_cmake_python_copy_grid_map_msgs
[0.182s] [ 23%] Built target grid_map_msgs__rosidl_typesupport_introspection_c
[0.189s] [ 35%] Built target grid_map_msgs__rosidl_typesupport_cpp
[0.189s] [ 46%] Built target grid_map_msgs__rosidl_typesupport_c
[0.189s] [ 57%] Built target grid_map_msgs__rosidl_typesupport_fastrtps_c
[0.193s] [ 69%] Built target grid_map_msgs__rosidl_typesupport_fastrtps_cpp
[0.193s] [ 80%] Built target grid_map_msgs__rosidl_typesupport_introspection_cpp
[0.224s] [ 80%] Built target grid_map_msgs
[0.243s] [ 81%] Built target grid_map_msgs__py
[0.265s] [ 91%] Built target grid_map_msgs__rosidl_generator_py
[0.283s] [ 94%] Built target grid_map_msgs__rosidl_typesupport_introspection_c__pyext
[0.287s] [ 97%] Built target grid_map_msgs__rosidl_typesupport_fastrtps_c__pyext
[0.294s] [100%] Built target grid_map_msgs__rosidl_typesupport_c__pyext
[0.365s] running egg_info
[0.366s] writing grid_map_msgs.egg-info/PKG-INFO
[0.366s] writing dependency_links to grid_map_msgs.egg-info/dependency_links.txt
[0.366s] writing top-level names to grid_map_msgs.egg-info/top_level.txt
[0.367s] reading manifest file 'grid_map_msgs.egg-info/SOURCES.txt'
[0.368s] writing manifest file 'grid_map_msgs.egg-info/SOURCES.txt'
[0.395s] [100%] Built target ament_cmake_python_build_grid_map_msgs_egg
[0.488s] Invoked command in '/home/williamfbx/Lunar-ROADSTER/lr_ws/build/grid_map_msgs' returned '0': CMAKE_PREFIX_PATH=/home/williamfbx/Lunar-ROADSTER/lr_ws/install/grid_map_cmake_helpers:/home/williamfbx/Lunar-ROADSTER/lr_ws/install/zed_ros2:/home/williamfbx/Lunar-ROADSTER/lr_ws/install/zed_robot_integration:/home/williamfbx/Lunar-ROADSTER/lr_ws/install/zed_ipc:/home/williamfbx/Lunar-ROADSTER/lr_ws/install/zed_multi_camera:/home/williamfbx/Lunar-ROADSTER/lr_ws/install/zed_display_rviz2:/home/williamfbx/Lunar-ROADSTER/lr_ws/install/zed_depth_to_laserscan:/home/williamfbx/Lunar-ROADSTER/lr_ws/install/zed_wrapper:/home/williamfbx/Lunar-ROADSTER/lr_ws/install/zed_tutorial_video:/home/williamfbx/Lunar-ROADSTER/lr_ws/install/zed_tutorial_pos_tracking:/home/williamfbx/Lunar-ROADSTER/lr_ws/install/zed_tutorial_depth:/home/williamfbx/Lunar-ROADSTER/lr_ws/install/zed_topic_benchmark:/home/williamfbx/Lunar-ROADSTER/lr_ws/install/zed_topic_benchmark_component:/home/williamfbx/Lunar-ROADSTER/lr_ws/install/zed_topic_benchmark_interfaces:/home/williamfbx/Lunar-ROADSTER/lr_ws/install/zed_rgb_convert:/home/williamfbx/Lunar-ROADSTER/lr_ws/install/zed_aruco_localization:/home/williamfbx/Lunar-ROADSTER/lr_ws/install/zed_components:/home/williamfbx/Lunar-ROADSTER/lr_ws/install/teleop:/home/williamfbx/Lunar-ROADSTER/lr_ws/install/sensing:/home/williamfbx/Lunar-ROADSTER/lr_ws/install/rviz_plugin_zed_od:/home/williamfbx/Lunar-ROADSTER/lr_ws/install/motion_control:/home/williamfbx/Lunar-ROADSTER/lr_ws/install/mapping:/home/williamfbx/Lunar-ROADSTER/lr_ws/install/localization:/home/williamfbx/Lunar-ROADSTER/lr_ws/install/elevation_mapping:/home/williamfbx/Lunar-ROADSTER/lr_ws/install/kindr_ros:/home/williamfbx/Lunar-ROADSTER/lr_ws/install/kindr_msgs:/home/williamfbx/Lunar-ROADSTER/lr_ws/install/kindr:/home/williamfbx/Lunar-ROADSTER/lr_ws/install/imu:/home/williamfbx/Lunar-ROADSTER/lr_ws/install/grid_map:/home/williamfbx/Lunar-ROADSTER/lr_ws/install/grid_map_demos:/home/williamfbx/Lunar-ROADSTER/lr_ws/install/grid_map_visualization:/home/williamfbx/Lunar-ROADSTER/lr_ws/install/grid_map_sdf:/home/williamfbx/Lunar-ROADSTER/lr_ws/install/grid_map_rviz_plugin:/home/williamfbx/Lunar-ROADSTER/lr_ws/install/grid_map_pcl:/home/williamfbx/Lunar-ROADSTER/lr_ws/install/grid_map_loader:/home/williamfbx/Lunar-ROADSTER/lr_ws/install/grid_map_filters:/home/williamfbx/Lunar-ROADSTER/lr_ws/install/grid_map_ros:/home/williamfbx/Lunar-ROADSTER/lr_ws/install/grid_map_octomap:/home/williamfbx/Lunar-ROADSTER/lr_ws/install/grid_map_msgs:/home/williamfbx/Lunar-ROADSTER/lr_ws/install/grid_map_cv:/home/williamfbx/Lunar-ROADSTER/lr_ws/install/grid_map_costmap_2d:/home/williamfbx/Lunar-ROADSTER/lr_ws/install/grid_map_core:/home/williamfbx/Lunar-ROADSTER/lr_ws/install/arduino:/home/williamfbx/Lunar-ROADSTER/lr_ws/install/cg_msgs:/opt/ros/humble /usr/bin/cmake --build /home/williamfbx/Lunar-ROADSTER/lr_ws/build/grid_map_msgs -- -j12 -l12
[0.490s] Invoking command in '/home/williamfbx/Lunar-ROADSTER/lr_ws/build/grid_map_msgs': CMAKE_PREFIX_PATH=/home/williamfbx/Lunar-ROADSTER/lr_ws/install/grid_map_cmake_helpers:/home/williamfbx/Lunar-ROADSTER/lr_ws/install/zed_ros2:/home/williamfbx/Lunar-ROADSTER/lr_ws/install/zed_robot_integration:/home/williamfbx/Lunar-ROADSTER/lr_ws/install/zed_ipc:/home/williamfbx/Lunar-ROADSTER/lr_ws/install/zed_multi_camera:/home/williamfbx/Lunar-ROADSTER/lr_ws/install/zed_display_rviz2:/home/williamfbx/Lunar-ROADSTER/lr_ws/install/zed_depth_to_laserscan:/home/williamfbx/Lunar-ROADSTER/lr_ws/install/zed_wrapper:/home/williamfbx/Lunar-ROADSTER/lr_ws/install/zed_tutorial_video:/home/williamfbx/Lunar-ROADSTER/lr_ws/install/zed_tutorial_pos_tracking:/home/williamfbx/Lunar-ROADSTER/lr_ws/install/zed_tutorial_depth:/home/williamfbx/Lunar-ROADSTER/lr_ws/install/zed_topic_benchmark:/home/williamfbx/Lunar-ROADSTER/lr_ws/install/zed_topic_benchmark_component:/home/williamfbx/Lunar-ROADSTER/lr_ws/install/zed_topic_benchmark_interfaces:/home/williamfbx/Lunar-ROADSTER/lr_ws/install/zed_rgb_convert:/home/williamfbx/Lunar-ROADSTER/lr_ws/install/zed_aruco_localization:/home/williamfbx/Lunar-ROADSTER/lr_ws/install/zed_components:/home/williamfbx/Lunar-ROADSTER/lr_ws/install/teleop:/home/williamfbx/Lunar-ROADSTER/lr_ws/install/sensing:/home/williamfbx/Lunar-ROADSTER/lr_ws/install/rviz_plugin_zed_od:/home/williamfbx/Lunar-ROADSTER/lr_ws/install/motion_control:/home/williamfbx/Lunar-ROADSTER/lr_ws/install/mapping:/home/williamfbx/Lunar-ROADSTER/lr_ws/install/localization:/home/williamfbx/Lunar-ROADSTER/lr_ws/install/elevation_mapping:/home/williamfbx/Lunar-ROADSTER/lr_ws/install/kindr_ros:/home/williamfbx/Lunar-ROADSTER/lr_ws/install/kindr_msgs:/home/williamfbx/Lunar-ROADSTER/lr_ws/install/kindr:/home/williamfbx/Lunar-ROADSTER/lr_ws/install/imu:/home/williamfbx/Lunar-ROADSTER/lr_ws/install/grid_map:/home/williamfbx/Lunar-ROADSTER/lr_ws/install/grid_map_demos:/home/williamfbx/Lunar-ROADSTER/lr_ws/install/grid_map_visualization:/home/williamfbx/Lunar-ROADSTER/lr_ws/install/grid_map_sdf:/home/williamfbx/Lunar-ROADSTER/lr_ws/install/grid_map_rviz_plugin:/home/williamfbx/Lunar-ROADSTER/lr_ws/install/grid_map_pcl:/home/williamfbx/Lunar-ROADSTER/lr_ws/install/grid_map_loader:/home/williamfbx/Lunar-ROADSTER/lr_ws/install/grid_map_filters:/home/williamfbx/Lunar-ROADSTER/lr_ws/install/grid_map_ros:/home/williamfbx/Lunar-ROADSTER/lr_ws/install/grid_map_octomap:/home/williamfbx/Lunar-ROADSTER/lr_ws/install/grid_map_msgs:/home/williamfbx/Lunar-ROADSTER/lr_ws/install/grid_map_cv:/home/williamfbx/Lunar-ROADSTER/lr_ws/install/grid_map_costmap_2d:/home/williamfbx/Lunar-ROADSTER/lr_ws/install/grid_map_core:/home/williamfbx/Lunar-ROADSTER/lr_ws/install/arduino:/home/williamfbx/Lunar-ROADSTER/lr_ws/install/cg_msgs:/opt/ros/humble /usr/bin/cmake --install /home/williamfbx/Lunar-ROADSTER/lr_ws/build/grid_map_msgs
[0.504s] -- Install configuration: "Release"
[0.506s] -- Up-to-date: /home/williamfbx/Lunar-ROADSTER/lr_ws/install/grid_map_msgs/share/ament_index/resource_index/rosidl_interfaces/grid_map_msgs
[0.506s] -- Up-to-date: /home/williamfbx/Lunar-ROADSTER/lr_ws/install/grid_map_msgs/include/grid_map_msgs/grid_map_msgs
[0.506s] -- Up-to-date: /home/williamfbx/Lunar-ROADSTER/lr_ws/install/grid_map_msgs/include/grid_map_msgs/grid_map_msgs/srv
[0.506s] -- Up-to-date: /home/williamfbx/Lunar-ROADSTER/lr_ws/install/grid_map_msgs/include/grid_map_msgs/grid_map_msgs/srv/get_grid_map.h
[0.506s] -- Up-to-date: /home/williamfbx/Lunar-ROADSTER/lr_ws/install/grid_map_msgs/include/grid_map_msgs/grid_map_msgs/srv/get_grid_map_info.h
[0.506s] -- Up-to-date: /home/williamfbx/Lunar-ROADSTER/lr_ws/install/grid_map_msgs/include/grid_map_msgs/grid_map_msgs/srv/process_file.h
[0.506s] -- Up-to-date: /home/williamfbx/Lunar-ROADSTER/lr_ws/install/grid_map_msgs/include/grid_map_msgs/grid_map_msgs/srv/detail
[0.506s] -- Up-to-date: /home/williamfbx/Lunar-ROADSTER/lr_ws/install/grid_map_msgs/include/grid_map_msgs/grid_map_msgs/srv/detail/get_grid_map_info__type_support.h
[0.506s] -- Up-to-date: /home/williamfbx/Lunar-ROADSTER/lr_ws/install/grid_map_msgs/include/grid_map_msgs/grid_map_msgs/srv/detail/process_file__struct.h
[0.506s] -- Up-to-date: /home/williamfbx/Lunar-ROADSTER/lr_ws/install/grid_map_msgs/include/grid_map_msgs/grid_map_msgs/srv/detail/set_grid_map__functions.h
[0.507s] -- Up-to-date: /home/williamfbx/Lunar-ROADSTER/lr_ws/install/grid_map_msgs/include/grid_map_msgs/grid_map_msgs/srv/detail/get_grid_map__type_support.h
[0.507s] -- Up-to-date: /home/williamfbx/Lunar-ROADSTER/lr_ws/install/grid_map_msgs/include/grid_map_msgs/grid_map_msgs/srv/detail/get_grid_map__functions.h
[0.507s] -- Up-to-date: /home/williamfbx/Lunar-ROADSTER/lr_ws/install/grid_map_msgs/include/grid_map_msgs/grid_map_msgs/srv/detail/get_grid_map_info__functions.h
[0.507s] -- Up-to-date: /home/williamfbx/Lunar-ROADSTER/lr_ws/install/grid_map_msgs/include/grid_map_msgs/grid_map_msgs/srv/detail/process_file__functions.h
[0.507s] -- Up-to-date: /home/williamfbx/Lunar-ROADSTER/lr_ws/install/grid_map_msgs/include/grid_map_msgs/grid_map_msgs/srv/detail/get_grid_map__struct.h
[0.507s] -- Up-to-date: /home/williamfbx/Lunar-ROADSTER/lr_ws/install/grid_map_msgs/include/grid_map_msgs/grid_map_msgs/srv/detail/set_grid_map__struct.h
[0.507s] -- Up-to-date: /home/williamfbx/Lunar-ROADSTER/lr_ws/install/grid_map_msgs/include/grid_map_msgs/grid_map_msgs/srv/detail/get_grid_map_info__struct.h
[0.507s] -- Up-to-date: /home/williamfbx/Lunar-ROADSTER/lr_ws/install/grid_map_msgs/include/grid_map_msgs/grid_map_msgs/srv/detail/process_file__type_support.h
[0.507s] -- Up-to-date: /home/williamfbx/Lunar-ROADSTER/lr_ws/install/grid_map_msgs/include/grid_map_msgs/grid_map_msgs/srv/detail/set_grid_map__type_support.h
[0.508s] -- Up-to-date: /home/williamfbx/Lunar-ROADSTER/lr_ws/install/grid_map_msgs/include/grid_map_msgs/grid_map_msgs/srv/detail/process_file__functions.c
[0.508s] -- Up-to-date: /home/williamfbx/Lunar-ROADSTER/lr_ws/install/grid_map_msgs/include/grid_map_msgs/grid_map_msgs/srv/detail/set_grid_map__functions.c
[0.508s] -- Up-to-date: /home/williamfbx/Lunar-ROADSTER/lr_ws/install/grid_map_msgs/include/grid_map_msgs/grid_map_msgs/srv/detail/get_grid_map__functions.c
[0.508s] -- Up-to-date: /home/williamfbx/Lunar-ROADSTER/lr_ws/install/grid_map_msgs/include/grid_map_msgs/grid_map_msgs/srv/detail/get_grid_map_info__functions.c
[0.508s] -- Up-to-date: /home/williamfbx/Lunar-ROADSTER/lr_ws/install/grid_map_msgs/include/grid_map_msgs/grid_map_msgs/srv/set_grid_map.h
[0.508s] -- Up-to-date: /home/williamfbx/Lunar-ROADSTER/lr_ws/install/grid_map_msgs/include/grid_map_msgs/grid_map_msgs/msg
[0.511s] -- Up-to-date: /home/williamfbx/Lunar-ROADSTER/lr_ws/install/grid_map_msgs/include/grid_map_msgs/grid_map_msgs/msg/grid_map.h
[0.514s] -- Up-to-date: /home/williamfbx/Lunar-ROADSTER/lr_ws/install/grid_map_msgs/include/grid_map_msgs/grid_map_msgs/msg/detail
[0.515s] -- Up-to-date: /home/williamfbx/Lunar-ROADSTER/lr_ws/install/grid_map_msgs/include/grid_map_msgs/grid_map_msgs/msg/detail/grid_map__type_support.h
[0.515s] -- Up-to-date: /home/williamfbx/Lunar-ROADSTER/lr_ws/install/grid_map_msgs/include/grid_map_msgs/grid_map_msgs/msg/detail/grid_map__struct.h
[0.515s] -- Up-to-date: /home/williamfbx/Lunar-ROADSTER/lr_ws/install/grid_map_msgs/include/grid_map_msgs/grid_map_msgs/msg/detail/grid_map_info__struct.h
[0.515s] -- Up-to-date: /home/williamfbx/Lunar-ROADSTER/lr_ws/install/grid_map_msgs/include/grid_map_msgs/grid_map_msgs/msg/detail/grid_map_info__functions.h
[0.515s] -- Up-to-date: /home/williamfbx/Lunar-ROADSTER/lr_ws/install/grid_map_msgs/include/grid_map_msgs/grid_map_msgs/msg/detail/grid_map__functions.h
[0.515s] -- Up-to-date: /home/williamfbx/Lunar-ROADSTER/lr_ws/install/grid_map_msgs/include/grid_map_msgs/grid_map_msgs/msg/detail/grid_map__functions.c
[0.515s] -- Up-to-date: /home/williamfbx/Lunar-ROADSTER/lr_ws/install/grid_map_msgs/include/grid_map_msgs/grid_map_msgs/msg/detail/grid_map_info__functions.c
[0.515s] -- Up-to-date: /home/williamfbx/Lunar-ROADSTER/lr_ws/install/grid_map_msgs/include/grid_map_msgs/grid_map_msgs/msg/detail/grid_map_info__type_support.h
[0.515s] -- Up-to-date: /home/williamfbx/Lunar-ROADSTER/lr_ws/install/grid_map_msgs/include/grid_map_msgs/grid_map_msgs/msg/rosidl_generator_c__visibility_control.h
[0.515s] -- Up-to-date: /home/williamfbx/Lunar-ROADSTER/lr_ws/install/grid_map_msgs/include/grid_map_msgs/grid_map_msgs/msg/grid_map_info.h
[0.515s] -- Up-to-date: /home/williamfbx/Lunar-ROADSTER/lr_ws/install/grid_map_msgs/share/grid_map_msgs/environment/library_path.sh
[0.515s] -- Up-to-date: /home/williamfbx/Lunar-ROADSTER/lr_ws/install/grid_map_msgs/share/grid_map_msgs/environment/library_path.dsv
[0.515s] -- Up-to-date: /home/williamfbx/Lunar-ROADSTER/lr_ws/install/grid_map_msgs/lib/libgrid_map_msgs__rosidl_generator_c.so
[0.515s] -- Up-to-date: /home/williamfbx/Lunar-ROADSTER/lr_ws/install/grid_map_msgs/include/grid_map_msgs/grid_map_msgs
[0.515s] -- Up-to-date: /home/williamfbx/Lunar-ROADSTER/lr_ws/install/grid_map_msgs/include/grid_map_msgs/grid_map_msgs/srv
[0.516s] -- Up-to-date: /home/williamfbx/Lunar-ROADSTER/lr_ws/install/grid_map_msgs/include/grid_map_msgs/grid_map_msgs/srv/detail
[0.516s] -- Up-to-date: /home/williamfbx/Lunar-ROADSTER/lr_ws/install/grid_map_msgs/include/grid_map_msgs/grid_map_msgs/srv/detail/get_grid_map__rosidl_typesupport_fastrtps_c.h
[0.516s] -- Up-to-date: /home/williamfbx/Lunar-ROADSTER/lr_ws/install/grid_map_msgs/include/grid_map_msgs/grid_map_msgs/srv/detail/set_grid_map__rosidl_typesupport_fastrtps_c.h
[0.516s] -- Up-to-date: /home/williamfbx/Lunar-ROADSTER/lr_ws/install/grid_map_msgs/include/grid_map_msgs/grid_map_msgs/srv/detail/process_file__rosidl_typesupport_fastrtps_c.h
[0.516s] -- Up-to-date: /home/williamfbx/Lunar-ROADSTER/lr_ws/install/grid_map_msgs/include/grid_map_msgs/grid_map_msgs/srv/detail/get_grid_map_info__rosidl_typesupport_fastrtps_c.h
[0.516s] -- Up-to-date: /home/williamfbx/Lunar-ROADSTER/lr_ws/install/grid_map_msgs/include/grid_map_msgs/grid_map_msgs/msg
[0.516s] -- Up-to-date: /home/williamfbx/Lunar-ROADSTER/lr_ws/install/grid_map_msgs/include/grid_map_msgs/grid_map_msgs/msg/detail
[0.516s] -- Up-to-date: /home/williamfbx/Lunar-ROADSTER/lr_ws/install/grid_map_msgs/include/grid_map_msgs/grid_map_msgs/msg/detail/grid_map__rosidl_typesupport_fastrtps_c.h
[0.516s] -- Up-to-date: /home/williamfbx/Lunar-ROADSTER/lr_ws/install/grid_map_msgs/include/grid_map_msgs/grid_map_msgs/msg/detail/grid_map_info__rosidl_typesupport_fastrtps_c.h
[0.516s] -- Up-to-date: /home/williamfbx/Lunar-ROADSTER/lr_ws/install/grid_map_msgs/include/grid_map_msgs/grid_map_msgs/msg/rosidl_typesupport_fastrtps_c__visibility_control.h
[0.517s] -- Up-to-date: /home/williamfbx/Lunar-ROADSTER/lr_ws/install/grid_map_msgs/lib/libgrid_map_msgs__rosidl_typesupport_fastrtps_c.so
[0.517s] -- Up-to-date: /home/williamfbx/Lunar-ROADSTER/lr_ws/install/grid_map_msgs/include/grid_map_msgs/grid_map_msgs
[0.517s] -- Up-to-date: /home/williamfbx/Lunar-ROADSTER/lr_ws/install/grid_map_msgs/include/grid_map_msgs/grid_map_msgs/srv
[0.517s] -- Up-to-date: /home/williamfbx/Lunar-ROADSTER/lr_ws/install/grid_map_msgs/include/grid_map_msgs/grid_map_msgs/srv/get_grid_map_info.hpp
[0.518s] -- Up-to-date: /home/williamfbx/Lunar-ROADSTER/lr_ws/install/grid_map_msgs/include/grid_map_msgs/grid_map_msgs/srv/get_grid_map.hpp
[0.518s] -- Up-to-date: /home/williamfbx/Lunar-ROADSTER/lr_ws/install/grid_map_msgs/include/grid_map_msgs/grid_map_msgs/srv/detail
[0.518s] -- Up-to-date: /home/williamfbx/Lunar-ROADSTER/lr_ws/install/grid_map_msgs/include/grid_map_msgs/grid_map_msgs/srv/detail/set_grid_map__type_support.hpp
[0.519s] -- Up-to-date: /home/williamfbx/Lunar-ROADSTER/lr_ws/install/grid_map_msgs/include/grid_map_msgs/grid_map_msgs/srv/detail/set_grid_map__struct.hpp
[0.519s] -- Up-to-date: /home/williamfbx/Lunar-ROADSTER/lr_ws/install/grid_map_msgs/include/grid_map_msgs/grid_map_msgs/srv/detail/process_file__struct.hpp
[0.519s] -- Up-to-date: /home/williamfbx/Lunar-ROADSTER/lr_ws/install/grid_map_msgs/include/grid_map_msgs/grid_map_msgs/srv/detail/get_grid_map__builder.hpp
[0.519s] -- Up-to-date: /home/williamfbx/Lunar-ROADSTER/lr_ws/install/grid_map_msgs/include/grid_map_msgs/grid_map_msgs/srv/detail/get_grid_map_info__traits.hpp
[0.519s] -- Up-to-date: /home/williamfbx/Lunar-ROADSTER/lr_ws/install/grid_map_msgs/include/grid_map_msgs/grid_map_msgs/srv/detail/set_grid_map__traits.hpp
[0.519s] -- Up-to-date: /home/williamfbx/Lunar-ROADSTER/lr_ws/install/grid_map_msgs/include/grid_map_msgs/grid_map_msgs/srv/detail/get_grid_map_info__builder.hpp
[0.519s] -- Up-to-date: /home/williamfbx/Lunar-ROADSTER/lr_ws/install/grid_map_msgs/include/grid_map_msgs/grid_map_msgs/srv/detail/get_grid_map__struct.hpp
[0.519s] -- Up-to-date: /home/williamfbx/Lunar-ROADSTER/lr_ws/install/grid_map_msgs/include/grid_map_msgs/grid_map_msgs/srv/detail/get_grid_map_info__type_support.hpp
[0.519s] -- Up-to-date: /home/williamfbx/Lunar-ROADSTER/lr_ws/install/grid_map_msgs/include/grid_map_msgs/grid_map_msgs/srv/detail/get_grid_map_info__struct.hpp
[0.519s] -- Up-to-date: /home/williamfbx/Lunar-ROADSTER/lr_ws/install/grid_map_msgs/include/grid_map_msgs/grid_map_msgs/srv/detail/process_file__type_support.hpp
[0.519s] -- Up-to-date: /home/williamfbx/Lunar-ROADSTER/lr_ws/install/grid_map_msgs/include/grid_map_msgs/grid_map_msgs/srv/detail/process_file__builder.hpp
[0.519s] -- Up-to-date: /home/williamfbx/Lunar-ROADSTER/lr_ws/install/grid_map_msgs/include/grid_map_msgs/grid_map_msgs/srv/detail/process_file__traits.hpp
[0.519s] -- Up-to-date: /home/williamfbx/Lunar-ROADSTER/lr_ws/install/grid_map_msgs/include/grid_map_msgs/grid_map_msgs/srv/detail/set_grid_map__builder.hpp
[0.519s] -- Up-to-date: /home/williamfbx/Lunar-ROADSTER/lr_ws/install/grid_map_msgs/include/grid_map_msgs/grid_map_msgs/srv/detail/get_grid_map__traits.hpp
[0.520s] -- Up-to-date: /home/williamfbx/Lunar-ROADSTER/lr_ws/install/grid_map_msgs/include/grid_map_msgs/grid_map_msgs/srv/detail/get_grid_map__type_support.hpp
[0.520s] -- Up-to-date: /home/williamfbx/Lunar-ROADSTER/lr_ws/install/grid_map_msgs/include/grid_map_msgs/grid_map_msgs/srv/set_grid_map.hpp
[0.520s] -- Up-to-date: /home/williamfbx/Lunar-ROADSTER/lr_ws/install/grid_map_msgs/include/grid_map_msgs/grid_map_msgs/srv/process_file.hpp
[0.520s] -- Up-to-date: /home/williamfbx/Lunar-ROADSTER/lr_ws/install/grid_map_msgs/include/grid_map_msgs/grid_map_msgs/msg
[0.520s] -- Up-to-date: /home/williamfbx/Lunar-ROADSTER/lr_ws/install/grid_map_msgs/include/grid_map_msgs/grid_map_msgs/msg/grid_map.hpp
[0.520s] -- Up-to-date: /home/williamfbx/Lunar-ROADSTER/lr_ws/install/grid_map_msgs/include/grid_map_msgs/grid_map_msgs/msg/rosidl_generator_cpp__visibility_control.hpp
[0.520s] -- Up-to-date: /home/williamfbx/Lunar-ROADSTER/lr_ws/install/grid_map_msgs/include/grid_map_msgs/grid_map_msgs/msg/grid_map_info.hpp
[0.520s] -- Up-to-date: /home/williamfbx/Lunar-ROADSTER/lr_ws/install/grid_map_msgs/include/grid_map_msgs/grid_map_msgs/msg/detail
[0.520s] -- Up-to-date: /home/williamfbx/Lunar-ROADSTER/lr_ws/install/grid_map_msgs/include/grid_map_msgs/grid_map_msgs/msg/detail/grid_map_info__struct.hpp
[0.520s] -- Up-to-date: /home/williamfbx/Lunar-ROADSTER/lr_ws/install/grid_map_msgs/include/grid_map_msgs/grid_map_msgs/msg/detail/grid_map__type_support.hpp
[0.520s] -- Up-to-date: /home/williamfbx/Lunar-ROADSTER/lr_ws/install/grid_map_msgs/include/grid_map_msgs/grid_map_msgs/msg/detail/grid_map_info__type_support.hpp
[0.520s] -- Up-to-date: /home/williamfbx/Lunar-ROADSTER/lr_ws/install/grid_map_msgs/include/grid_map_msgs/grid_map_msgs/msg/detail/grid_map_info__traits.hpp
[0.520s] -- Up-to-date: /home/williamfbx/Lunar-ROADSTER/lr_ws/install/grid_map_msgs/include/grid_map_msgs/grid_map_msgs/msg/detail/grid_map__traits.hpp
[0.520s] -- Up-to-date: /home/williamfbx/Lunar-ROADSTER/lr_ws/install/grid_map_msgs/include/grid_map_msgs/grid_map_msgs/msg/detail/grid_map_info__builder.hpp
[0.520s] -- Up-to-date: /home/williamfbx/Lunar-ROADSTER/lr_ws/install/grid_map_msgs/include/grid_map_msgs/grid_map_msgs/msg/detail/grid_map__builder.hpp
[0.520s] -- Up-to-date: /home/williamfbx/Lunar-ROADSTER/lr_ws/install/grid_map_msgs/include/grid_map_msgs/grid_map_msgs/msg/detail/grid_map__struct.hpp
[0.521s] -- Up-to-date: /home/williamfbx/Lunar-ROADSTER/lr_ws/install/grid_map_msgs/include/grid_map_msgs/grid_map_msgs
[0.523s] -- Up-to-date: /home/williamfbx/Lunar-ROADSTER/lr_ws/install/grid_map_msgs/include/grid_map_msgs/grid_map_msgs/srv
[0.524s] -- Up-to-date: /home/williamfbx/Lunar-ROADSTER/lr_ws/install/grid_map_msgs/include/grid_map_msgs/grid_map_msgs/srv/detail
[0.524s] -- Up-to-date: /home/williamfbx/Lunar-ROADSTER/lr_ws/install/grid_map_msgs/include/grid_map_msgs/grid_map_msgs/srv/detail/dds_fastrtps
[0.524s] -- Up-to-date: /home/williamfbx/Lunar-ROADSTER/lr_ws/install/grid_map_msgs/include/grid_map_msgs/grid_map_msgs/srv/detail/get_grid_map__rosidl_typesupport_fastrtps_cpp.hpp
[0.524s] -- Up-to-date: /home/williamfbx/Lunar-ROADSTER/lr_ws/install/grid_map_msgs/include/grid_map_msgs/grid_map_msgs/srv/detail/get_grid_map_info__rosidl_typesupport_fastrtps_cpp.hpp
[0.524s] -- Up-to-date: /home/williamfbx/Lunar-ROADSTER/lr_ws/install/grid_map_msgs/include/grid_map_msgs/grid_map_msgs/srv/detail/set_grid_map__rosidl_typesupport_fastrtps_cpp.hpp
[0.524s] -- Up-to-date: /home/williamfbx/Lunar-ROADSTER/lr_ws/install/grid_map_msgs/include/grid_map_msgs/grid_map_msgs/srv/detail/process_file__rosidl_typesupport_fastrtps_cpp.hpp
[0.524s] -- Up-to-date: /home/williamfbx/Lunar-ROADSTER/lr_ws/install/grid_map_msgs/include/grid_map_msgs/grid_map_msgs/msg
[0.525s] -- Up-to-date: /home/williamfbx/Lunar-ROADSTER/lr_ws/install/grid_map_msgs/include/grid_map_msgs/grid_map_msgs/msg/rosidl_typesupport_fastrtps_cpp__visibility_control.h
[0.526s] -- Up-to-date: /home/williamfbx/Lunar-ROADSTER/lr_ws/install/grid_map_msgs/include/grid_map_msgs/grid_map_msgs/msg/detail
[0.526s] -- Up-to-date: /home/williamfbx/Lunar-ROADSTER/lr_ws/install/grid_map_msgs/include/grid_map_msgs/grid_map_msgs/msg/detail/dds_fastrtps
[0.526s] -- Up-to-date: /home/williamfbx/Lunar-ROADSTER/lr_ws/install/grid_map_msgs/include/grid_map_msgs/grid_map_msgs/msg/detail/grid_map__rosidl_typesupport_fastrtps_cpp.hpp
[0.526s] -- Up-to-date: /home/williamfbx/Lunar-ROADSTER/lr_ws/install/grid_map_msgs/include/grid_map_msgs/grid_map_msgs/msg/detail/grid_map_info__rosidl_typesupport_fastrtps_cpp.hpp
[0.526s] -- Up-to-date: /home/williamfbx/Lunar-ROADSTER/lr_ws/install/grid_map_msgs/lib/libgrid_map_msgs__rosidl_typesupport_fastrtps_cpp.so
[0.526s] -- Up-to-date: /home/williamfbx/Lunar-ROADSTER/lr_ws/install/grid_map_msgs/include/grid_map_msgs/grid_map_msgs
[0.526s] -- Up-to-date: /home/williamfbx/Lunar-ROADSTER/lr_ws/install/grid_map_msgs/include/grid_map_msgs/grid_map_msgs/srv
[0.526s] -- Up-to-date: /home/williamfbx/Lunar-ROADSTER/lr_ws/install/grid_map_msgs/include/grid_map_msgs/grid_map_msgs/srv/detail
[0.526s] -- Up-to-date: /home/williamfbx/Lunar-ROADSTER/lr_ws/install/grid_map_msgs/include/grid_map_msgs/grid_map_msgs/srv/detail/get_grid_map_info__type_support.c
[0.526s] -- Up-to-date: /home/williamfbx/Lunar-ROADSTER/lr_ws/install/grid_map_msgs/include/grid_map_msgs/grid_map_msgs/srv/detail/set_grid_map__rosidl_typesupport_introspection_c.h
[0.526s] -- Up-to-date: /home/williamfbx/Lunar-ROADSTER/lr_ws/install/grid_map_msgs/include/grid_map_msgs/grid_map_msgs/srv/detail/process_file__type_support.c
[0.526s] -- Up-to-date: /home/williamfbx/Lunar-ROADSTER/lr_ws/install/grid_map_msgs/include/grid_map_msgs/grid_map_msgs/srv/detail/set_grid_map__type_support.c
[0.526s] -- Up-to-date: /home/williamfbx/Lunar-ROADSTER/lr_ws/install/grid_map_msgs/include/grid_map_msgs/grid_map_msgs/srv/detail/get_grid_map__rosidl_typesupport_introspection_c.h
[0.526s] -- Up-to-date: /home/williamfbx/Lunar-ROADSTER/lr_ws/install/grid_map_msgs/include/grid_map_msgs/grid_map_msgs/srv/detail/get_grid_map__type_support.c
[0.526s] -- Up-to-date: /home/williamfbx/Lunar-ROADSTER/lr_ws/install/grid_map_msgs/include/grid_map_msgs/grid_map_msgs/srv/detail/get_grid_map_info__rosidl_typesupport_introspection_c.h
[0.526s] -- Up-to-date: /home/williamfbx/Lunar-ROADSTER/lr_ws/install/grid_map_msgs/include/grid_map_msgs/grid_map_msgs/srv/detail/process_file__rosidl_typesupport_introspection_c.h
[0.526s] -- Up-to-date: /home/williamfbx/Lunar-ROADSTER/lr_ws/install/grid_map_msgs/include/grid_map_msgs/grid_map_msgs/msg
[0.526s] -- Up-to-date: /home/williamfbx/Lunar-ROADSTER/lr_ws/install/grid_map_msgs/include/grid_map_msgs/grid_map_msgs/msg/detail
[0.526s] -- Up-to-date: /home/williamfbx/Lunar-ROADSTER/lr_ws/install/grid_map_msgs/include/grid_map_msgs/grid_map_msgs/msg/detail/grid_map__type_support.c
[0.526s] -- Up-to-date: /home/williamfbx/Lunar-ROADSTER/lr_ws/install/grid_map_msgs/include/grid_map_msgs/grid_map_msgs/msg/detail/grid_map_info__rosidl_typesupport_introspection_c.h
[0.527s] -- Up-to-date: /home/williamfbx/Lunar-ROADSTER/lr_ws/install/grid_map_msgs/include/grid_map_msgs/grid_map_msgs/msg/detail/grid_map__rosidl_typesupport_introspection_c.h
[0.527s] -- Up-to-date: /home/williamfbx/Lunar-ROADSTER/lr_ws/install/grid_map_msgs/include/grid_map_msgs/grid_map_msgs/msg/detail/grid_map_info__type_support.c
[0.527s] -- Up-to-date: /home/williamfbx/Lunar-ROADSTER/lr_ws/install/grid_map_msgs/include/grid_map_msgs/grid_map_msgs/msg/rosidl_typesupport_introspection_c__visibility_control.h
[0.533s] -- Up-to-date: /home/williamfbx/Lunar-ROADSTER/lr_ws/install/grid_map_msgs/lib/libgrid_map_msgs__rosidl_typesupport_introspection_c.so
[0.533s] -- Up-to-date: /home/williamfbx/Lunar-ROADSTER/lr_ws/install/grid_map_msgs/lib/libgrid_map_msgs__rosidl_typesupport_c.so
[0.533s] -- Up-to-date: /home/williamfbx/Lunar-ROADSTER/lr_ws/install/grid_map_msgs/include/grid_map_msgs/grid_map_msgs
[0.533s] -- Up-to-date: /home/williamfbx/Lunar-ROADSTER/lr_ws/install/grid_map_msgs/include/grid_map_msgs/grid_map_msgs/srv
[0.533s] -- Up-to-date: /home/williamfbx/Lunar-ROADSTER/lr_ws/install/grid_map_msgs/include/grid_map_msgs/grid_map_msgs/srv/detail
[0.533s] -- Up-to-date: /home/williamfbx/Lunar-ROADSTER/lr_ws/install/grid_map_msgs/include/grid_map_msgs/grid_map_msgs/srv/detail/set_grid_map__rosidl_typesupport_introspection_cpp.hpp
[0.533s] -- Up-to-date: /home/williamfbx/Lunar-ROADSTER/lr_ws/install/grid_map_msgs/include/grid_map_msgs/grid_map_msgs/srv/detail/get_grid_map__rosidl_typesupport_introspection_cpp.hpp
[0.533s] -- Up-to-date: /home/williamfbx/Lunar-ROADSTER/lr_ws/install/grid_map_msgs/include/grid_map_msgs/grid_map_msgs/srv/detail/process_file__type_support.cpp
[0.533s] -- Up-to-date: /home/williamfbx/Lunar-ROADSTER/lr_ws/install/grid_map_msgs/include/grid_map_msgs/grid_map_msgs/srv/detail/get_grid_map_info__rosidl_typesupport_introspection_cpp.hpp
[0.533s] -- Up-to-date: /home/williamfbx/Lunar-ROADSTER/lr_ws/install/grid_map_msgs/include/grid_map_msgs/grid_map_msgs/srv/detail/get_grid_map__type_support.cpp
[0.533s] -- Up-to-date: /home/williamfbx/Lunar-ROADSTER/lr_ws/install/grid_map_msgs/include/grid_map_msgs/grid_map_msgs/srv/detail/process_file__rosidl_typesupport_introspection_cpp.hpp
[0.533s] -- Up-to-date: /home/williamfbx/Lunar-ROADSTER/lr_ws/install/grid_map_msgs/include/grid_map_msgs/grid_map_msgs/srv/detail/set_grid_map__type_support.cpp
[0.533s] -- Up-to-date: /home/williamfbx/Lunar-ROADSTER/lr_ws/install/grid_map_msgs/include/grid_map_msgs/grid_map_msgs/srv/detail/get_grid_map_info__type_support.cpp
[0.534s] -- Up-to-date: /home/williamfbx/Lunar-ROADSTER/lr_ws/install/grid_map_msgs/include/grid_map_msgs/grid_map_msgs/msg
[0.534s] -- Up-to-date: /home/williamfbx/Lunar-ROADSTER/lr_ws/install/grid_map_msgs/include/grid_map_msgs/grid_map_msgs/msg/detail
[0.534s] -- Up-to-date: /home/williamfbx/Lunar-ROADSTER/lr_ws/install/grid_map_msgs/include/grid_map_msgs/grid_map_msgs/msg/detail/grid_map_info__rosidl_typesupport_introspection_cpp.hpp
[0.534s] -- Up-to-date: /home/williamfbx/Lunar-ROADSTER/lr_ws/install/grid_map_msgs/include/grid_map_msgs/grid_map_msgs/msg/detail/grid_map__type_support.cpp
[0.534s] -- Up-to-date: /home/williamfbx/Lunar-ROADSTER/lr_ws/install/grid_map_msgs/include/grid_map_msgs/grid_map_msgs/msg/detail/grid_map__rosidl_typesupport_introspection_cpp.hpp
[0.534s] -- Up-to-date: /home/williamfbx/Lunar-ROADSTER/lr_ws/install/grid_map_msgs/include/grid_map_msgs/grid_map_msgs/msg/detail/grid_map_info__type_support.cpp
[0.534s] -- Up-to-date: /home/williamfbx/Lunar-ROADSTER/lr_ws/install/grid_map_msgs/lib/libgrid_map_msgs__rosidl_typesupport_introspection_cpp.so
[0.534s] -- Up-to-date: /home/williamfbx/Lunar-ROADSTER/lr_ws/install/grid_map_msgs/lib/libgrid_map_msgs__rosidl_typesupport_cpp.so
[0.534s] -- Up-to-date: /home/williamfbx/Lunar-ROADSTER/lr_ws/install/grid_map_msgs/share/grid_map_msgs/environment/pythonpath.sh
[0.534s] -- Up-to-date: /home/williamfbx/Lunar-ROADSTER/lr_ws/install/grid_map_msgs/share/grid_map_msgs/environment/pythonpath.dsv
[0.534s] -- Up-to-date: /home/williamfbx/Lunar-ROADSTER/lr_ws/install/grid_map_msgs/local/lib/python3.10/dist-packages/grid_map_msgs-2.0.1-py3.10.egg-info
[0.534s] -- Installing: /home/williamfbx/Lunar-ROADSTER/lr_ws/install/grid_map_msgs/local/lib/python3.10/dist-packages/grid_map_msgs-2.0.1-py3.10.egg-info/dependency_links.txt
[0.534s] -- Installing: /home/williamfbx/Lunar-ROADSTER/lr_ws/install/grid_map_msgs/local/lib/python3.10/dist-packages/grid_map_msgs-2.0.1-py3.10.egg-info/SOURCES.txt
[0.534s] -- Installing: /home/williamfbx/Lunar-ROADSTER/lr_ws/install/grid_map_msgs/local/lib/python3.10/dist-packages/grid_map_msgs-2.0.1-py3.10.egg-info/PKG-INFO
[0.534s] -- Installing: /home/williamfbx/Lunar-ROADSTER/lr_ws/install/grid_map_msgs/local/lib/python3.10/dist-packages/grid_map_msgs-2.0.1-py3.10.egg-info/top_level.txt
[0.534s] -- Up-to-date: /home/williamfbx/Lunar-ROADSTER/lr_ws/install/grid_map_msgs/local/lib/python3.10/dist-packages/grid_map_msgs
[0.534s] -- Up-to-date: /home/williamfbx/Lunar-ROADSTER/lr_ws/install/grid_map_msgs/local/lib/python3.10/dist-packages/grid_map_msgs/srv
[0.534s] -- Up-to-date: /home/williamfbx/Lunar-ROADSTER/lr_ws/install/grid_map_msgs/local/lib/python3.10/dist-packages/grid_map_msgs/srv/_get_grid_map_info_s.c
[0.534s] -- Up-to-date: /home/williamfbx/Lunar-ROADSTER/lr_ws/install/grid_map_msgs/local/lib/python3.10/dist-packages/grid_map_msgs/srv/_process_file_s.c
[0.534s] -- Up-to-date: /home/williamfbx/Lunar-ROADSTER/lr_ws/install/grid_map_msgs/local/lib/python3.10/dist-packages/grid_map_msgs/srv/_set_grid_map_s.c
[0.534s] -- Up-to-date: /home/williamfbx/Lunar-ROADSTER/lr_ws/install/grid_map_msgs/local/lib/python3.10/dist-packages/grid_map_msgs/srv/_get_grid_map_s.c
[0.535s] -- Up-to-date: /home/williamfbx/Lunar-ROADSTER/lr_ws/install/grid_map_msgs/local/lib/python3.10/dist-packages/grid_map_msgs/srv/_set_grid_map.py
[0.535s] -- Up-to-date: /home/williamfbx/Lunar-ROADSTER/lr_ws/install/grid_map_msgs/local/lib/python3.10/dist-packages/grid_map_msgs/srv/_get_grid_map_info.py
[0.535s] -- Up-to-date: /home/williamfbx/Lunar-ROADSTER/lr_ws/install/grid_map_msgs/local/lib/python3.10/dist-packages/grid_map_msgs/srv/_get_grid_map.py
[0.535s] -- Up-to-date: /home/williamfbx/Lunar-ROADSTER/lr_ws/install/grid_map_msgs/local/lib/python3.10/dist-packages/grid_map_msgs/srv/_process_file.py
[0.535s] -- Up-to-date: /home/williamfbx/Lunar-ROADSTER/lr_ws/install/grid_map_msgs/local/lib/python3.10/dist-packages/grid_map_msgs/srv/__init__.py
[0.535s] -- Up-to-date: /home/williamfbx/Lunar-ROADSTER/lr_ws/install/grid_map_msgs/local/lib/python3.10/dist-packages/grid_map_msgs/libgrid_map_msgs__rosidl_generator_py.so
[0.535s] -- Up-to-date: /home/williamfbx/Lunar-ROADSTER/lr_ws/install/grid_map_msgs/local/lib/python3.10/dist-packages/grid_map_msgs/grid_map_msgs_s__rosidl_typesupport_fastrtps_c.cpython-310-x86_64-linux-gnu.so
[0.535s] -- Up-to-date: /home/williamfbx/Lunar-ROADSTER/lr_ws/install/grid_map_msgs/local/lib/python3.10/dist-packages/grid_map_msgs/_grid_map_msgs_s.ep.rosidl_typesupport_introspection_c.c
[0.535s] -- Up-to-date: /home/williamfbx/Lunar-ROADSTER/lr_ws/install/grid_map_msgs/local/lib/python3.10/dist-packages/grid_map_msgs/_grid_map_msgs_s.ep.rosidl_typesupport_fastrtps_c.c
[0.535s] -- Up-to-date: /home/williamfbx/Lunar-ROADSTER/lr_ws/install/grid_map_msgs/local/lib/python3.10/dist-packages/grid_map_msgs/_grid_map_msgs_s.ep.rosidl_typesupport_c.c
[0.535s] -- Up-to-date: /home/williamfbx/Lunar-ROADSTER/lr_ws/install/grid_map_msgs/local/lib/python3.10/dist-packages/grid_map_msgs/grid_map_msgs_s__rosidl_typesupport_c.cpython-310-x86_64-linux-gnu.so
[0.535s] -- Up-to-date: /home/williamfbx/Lunar-ROADSTER/lr_ws/install/grid_map_msgs/local/lib/python3.10/dist-packages/grid_map_msgs/grid_map_msgs_s__rosidl_typesupport_introspection_c.cpython-310-x86_64-linux-gnu.so
[0.535s] -- Up-to-date: /home/williamfbx/Lunar-ROADSTER/lr_ws/install/grid_map_msgs/local/lib/python3.10/dist-packages/grid_map_msgs/__init__.py
[0.535s] -- Up-to-date: /home/williamfbx/Lunar-ROADSTER/lr_ws/install/grid_map_msgs/local/lib/python3.10/dist-packages/grid_map_msgs/msg
[0.535s] -- Up-to-date: /home/williamfbx/Lunar-ROADSTER/lr_ws/install/grid_map_msgs/local/lib/python3.10/dist-packages/grid_map_msgs/msg/_grid_map.py
[0.535s] -- Up-to-date: /home/williamfbx/Lunar-ROADSTER/lr_ws/install/grid_map_msgs/local/lib/python3.10/dist-packages/grid_map_msgs/msg/_grid_map_info.py
[0.535s] -- Up-to-date: /home/williamfbx/Lunar-ROADSTER/lr_ws/install/grid_map_msgs/local/lib/python3.10/dist-packages/grid_map_msgs/msg/_grid_map_info_s.c
[0.535s] -- Up-to-date: /home/williamfbx/Lunar-ROADSTER/lr_ws/install/grid_map_msgs/local/lib/python3.10/dist-packages/grid_map_msgs/msg/_grid_map_s.c
[0.536s] -- Up-to-date: /home/williamfbx/Lunar-ROADSTER/lr_ws/install/grid_map_msgs/local/lib/python3.10/dist-packages/grid_map_msgs/msg/__init__.py
[0.555s] Listing '/home/williamfbx/Lunar-ROADSTER/lr_ws/install/grid_map_msgs/local/lib/python3.10/dist-packages/grid_map_msgs'...
[0.555s] Listing '/home/williamfbx/Lunar-ROADSTER/lr_ws/install/grid_map_msgs/local/lib/python3.10/dist-packages/grid_map_msgs/msg'...
[0.555s] Listing '/home/williamfbx/Lunar-ROADSTER/lr_ws/install/grid_map_msgs/local/lib/python3.10/dist-packages/grid_map_msgs/srv'...
[0.562s] -- Up-to-date: /home/williamfbx/Lunar-ROADSTER/lr_ws/install/grid_map_msgs/local/lib/python3.10/dist-packages/grid_map_msgs/grid_map_msgs_s__rosidl_typesupport_fastrtps_c.cpython-310-x86_64-linux-gnu.so
[0.562s] -- Up-to-date: /home/williamfbx/Lunar-ROADSTER/lr_ws/install/grid_map_msgs/local/lib/python3.10/dist-packages/grid_map_msgs/grid_map_msgs_s__rosidl_typesupport_introspection_c.cpython-310-x86_64-linux-gnu.so
[0.563s] -- Up-to-date: /home/williamfbx/Lunar-ROADSTER/lr_ws/install/grid_map_msgs/local/lib/python3.10/dist-packages/grid_map_msgs/grid_map_msgs_s__rosidl_typesupport_c.cpython-310-x86_64-linux-gnu.so
[0.563s] -- Up-to-date: /home/williamfbx/Lunar-ROADSTER/lr_ws/install/grid_map_msgs/lib/libgrid_map_msgs__rosidl_generator_py.so
[0.563s] -- Up-to-date: /home/williamfbx/Lunar-ROADSTER/lr_ws/install/grid_map_msgs/share/grid_map_msgs/msg/GridMapInfo.idl
[0.563s] -- Up-to-date: /home/williamfbx/Lunar-ROADSTER/lr_ws/install/grid_map_msgs/share/grid_map_msgs/msg/GridMap.idl
[0.563s] -- Up-to-date: /home/williamfbx/Lunar-ROADSTER/lr_ws/install/grid_map_msgs/share/grid_map_msgs/srv/SetGridMap.idl
[0.563s] -- Up-to-date: /home/williamfbx/Lunar-ROADSTER/lr_ws/install/grid_map_msgs/share/grid_map_msgs/srv/GetGridMap.idl
[0.563s] -- Up-to-date: /home/williamfbx/Lunar-ROADSTER/lr_ws/install/grid_map_msgs/share/grid_map_msgs/srv/GetGridMapInfo.idl
[0.563s] -- Up-to-date: /home/williamfbx/Lunar-ROADSTER/lr_ws/install/grid_map_msgs/share/grid_map_msgs/srv/ProcessFile.idl
[0.564s] -- Up-to-date: /home/williamfbx/Lunar-ROADSTER/lr_ws/install/grid_map_msgs/share/grid_map_msgs/msg/GridMapInfo.msg
[0.564s] -- Up-to-date: /home/williamfbx/Lunar-ROADSTER/lr_ws/install/grid_map_msgs/share/grid_map_msgs/msg/GridMap.msg
[0.564s] -- Up-to-date: /home/williamfbx/Lunar-ROADSTER/lr_ws/install/grid_map_msgs/share/grid_map_msgs/srv/SetGridMap.srv
[0.564s] -- Up-to-date: /home/williamfbx/Lunar-ROADSTER/lr_ws/install/grid_map_msgs/share/grid_map_msgs/srv/SetGridMap_Request.msg
[0.564s] -- Up-to-date: /home/williamfbx/Lunar-ROADSTER/lr_ws/install/grid_map_msgs/share/grid_map_msgs/srv/SetGridMap_Response.msg
[0.564s] -- Up-to-date: /home/williamfbx/Lunar-ROADSTER/lr_ws/install/grid_map_msgs/share/grid_map_msgs/srv/GetGridMap.srv
[0.564s] -- Up-to-date: /home/williamfbx/Lunar-ROADSTER/lr_ws/install/grid_map_msgs/share/grid_map_msgs/srv/GetGridMap_Request.msg
[0.564s] -- Up-to-date: /home/williamfbx/Lunar-ROADSTER/lr_ws/install/grid_map_msgs/share/grid_map_msgs/srv/GetGridMap_Response.msg
[0.564s] -- Up-to-date: /home/williamfbx/Lunar-ROADSTER/lr_ws/install/grid_map_msgs/share/grid_map_msgs/srv/GetGridMapInfo.srv
[0.564s] -- Up-to-date: /home/williamfbx/Lunar-ROADSTER/lr_ws/install/grid_map_msgs/share/grid_map_msgs/srv/GetGridMapInfo_Request.msg
[0.564s] -- Up-to-date: /home/williamfbx/Lunar-ROADSTER/lr_ws/install/grid_map_msgs/share/grid_map_msgs/srv/GetGridMapInfo_Response.msg
[0.565s] -- Up-to-date: /home/williamfbx/Lunar-ROADSTER/lr_ws/install/grid_map_msgs/share/grid_map_msgs/srv/ProcessFile.srv
[0.565s] -- Up-to-date: /home/williamfbx/Lunar-ROADSTER/lr_ws/install/grid_map_msgs/share/grid_map_msgs/srv/ProcessFile_Request.msg
[0.565s] -- Up-to-date: /home/williamfbx/Lunar-ROADSTER/lr_ws/install/grid_map_msgs/share/grid_map_msgs/srv/ProcessFile_Response.msg
[0.565s] -- Up-to-date: /home/williamfbx/Lunar-ROADSTER/lr_ws/install/grid_map_msgs/share/ament_index/resource_index/package_run_dependencies/grid_map_msgs
[0.565s] -- Up-to-date: /home/williamfbx/Lunar-ROADSTER/lr_ws/install/grid_map_msgs/share/ament_index/resource_index/parent_prefix_path/grid_map_msgs
[0.566s] -- Up-to-date: /home/williamfbx/Lunar-ROADSTER/lr_ws/install/grid_map_msgs/share/grid_map_msgs/environment/ament_prefix_path.sh
[0.566s] -- Up-to-date: /home/williamfbx/Lunar-ROADSTER/lr_ws/install/grid_map_msgs/share/grid_map_msgs/environment/ament_prefix_path.dsv
[0.566s] -- Up-to-date: /home/williamfbx/Lunar-ROADSTER/lr_ws/install/grid_map_msgs/share/grid_map_msgs/environment/path.sh
[0.566s] -- Up-to-date: /home/williamfbx/Lunar-ROADSTER/lr_ws/install/grid_map_msgs/share/grid_map_msgs/environment/path.dsv
[0.566s] -- Up-to-date: /home/williamfbx/Lunar-ROADSTER/lr_ws/install/grid_map_msgs/share/grid_map_msgs/local_setup.bash
[0.566s] -- Up-to-date: /home/williamfbx/Lunar-ROADSTER/lr_ws/install/grid_map_msgs/share/grid_map_msgs/local_setup.sh
[0.566s] -- Up-to-date: /home/williamfbx/Lunar-ROADSTER/lr_ws/install/grid_map_msgs/share/grid_map_msgs/local_setup.zsh
[0.566s] -- Up-to-date: /home/williamfbx/Lunar-ROADSTER/lr_ws/install/grid_map_msgs/share/grid_map_msgs/local_setup.dsv
[0.566s] -- Installing: /home/williamfbx/Lunar-ROADSTER/lr_ws/install/grid_map_msgs/share/grid_map_msgs/package.dsv
[0.567s] -- Up-to-date: /home/williamfbx/Lunar-ROADSTER/lr_ws/install/grid_map_msgs/share/ament_index/resource_index/packages/grid_map_msgs
[0.567s] -- Up-to-date: /home/williamfbx/Lunar-ROADSTER/lr_ws/install/grid_map_msgs/share/grid_map_msgs/cmake/export_grid_map_msgs__rosidl_generator_cExport.cmake
[0.567s] -- Up-to-date: /home/williamfbx/Lunar-ROADSTER/lr_ws/install/grid_map_msgs/share/grid_map_msgs/cmake/export_grid_map_msgs__rosidl_generator_cExport-release.cmake
[0.567s] -- Up-to-date: /home/williamfbx/Lunar-ROADSTER/lr_ws/install/grid_map_msgs/share/grid_map_msgs/cmake/export_grid_map_msgs__rosidl_typesupport_fastrtps_cExport.cmake
[0.567s] -- Up-to-date: /home/williamfbx/Lunar-ROADSTER/lr_ws/install/grid_map_msgs/share/grid_map_msgs/cmake/export_grid_map_msgs__rosidl_typesupport_fastrtps_cExport-release.cmake
[0.567s] -- Up-to-date: /home/williamfbx/Lunar-ROADSTER/lr_ws/install/grid_map_msgs/share/grid_map_msgs/cmake/export_grid_map_msgs__rosidl_generator_cppExport.cmake
[0.567s] -- Up-to-date: /home/williamfbx/Lunar-ROADSTER/lr_ws/install/grid_map_msgs/share/grid_map_msgs/cmake/export_grid_map_msgs__rosidl_typesupport_fastrtps_cppExport.cmake
[0.567s] -- Up-to-date: /home/williamfbx/Lunar-ROADSTER/lr_ws/install/grid_map_msgs/share/grid_map_msgs/cmake/export_grid_map_msgs__rosidl_typesupport_fastrtps_cppExport-release.cmake
[0.567s] -- Up-to-date: /home/williamfbx/Lunar-ROADSTER/lr_ws/install/grid_map_msgs/share/grid_map_msgs/cmake/grid_map_msgs__rosidl_typesupport_introspection_cExport.cmake
[0.568s] -- Up-to-date: /home/williamfbx/Lunar-ROADSTER/lr_ws/install/grid_map_msgs/share/grid_map_msgs/cmake/grid_map_msgs__rosidl_typesupport_introspection_cExport-release.cmake
[0.568s] -- Up-to-date: /home/williamfbx/Lunar-ROADSTER/lr_ws/install/grid_map_msgs/share/grid_map_msgs/cmake/grid_map_msgs__rosidl_typesupport_cExport.cmake
[0.568s] -- Up-to-date: /home/williamfbx/Lunar-ROADSTER/lr_ws/install/grid_map_msgs/share/grid_map_msgs/cmake/grid_map_msgs__rosidl_typesupport_cExport-release.cmake
[0.568s] -- Up-to-date: /home/williamfbx/Lunar-ROADSTER/lr_ws/install/grid_map_msgs/share/grid_map_msgs/cmake/grid_map_msgs__rosidl_typesupport_introspection_cppExport.cmake
[0.568s] -- Up-to-date: /home/williamfbx/Lunar-ROADSTER/lr_ws/install/grid_map_msgs/share/grid_map_msgs/cmake/grid_map_msgs__rosidl_typesupport_introspection_cppExport-release.cmake
[0.568s] -- Up-to-date: /home/williamfbx/Lunar-ROADSTER/lr_ws/install/grid_map_msgs/share/grid_map_msgs/cmake/grid_map_msgs__rosidl_typesupport_cppExport.cmake
[0.568s] -- Up-to-date: /home/williamfbx/Lunar-ROADSTER/lr_ws/install/grid_map_msgs/share/grid_map_msgs/cmake/grid_map_msgs__rosidl_typesupport_cppExport-release.cmake
[0.569s] -- Up-to-date: /home/williamfbx/Lunar-ROADSTER/lr_ws/install/grid_map_msgs/share/grid_map_msgs/cmake/export_grid_map_msgs__rosidl_generator_pyExport.cmake
[0.569s] -- Up-to-date: /home/williamfbx/Lunar-ROADSTER/lr_ws/install/grid_map_msgs/share/grid_map_msgs/cmake/export_grid_map_msgs__rosidl_generator_pyExport-release.cmake
[0.569s] -- Up-to-date: /home/williamfbx/Lunar-ROADSTER/lr_ws/install/grid_map_msgs/share/grid_map_msgs/cmake/rosidl_cmake-extras.cmake
[0.569s] -- Up-to-date: /home/williamfbx/Lunar-ROADSTER/lr_ws/install/grid_map_msgs/share/grid_map_msgs/cmake/ament_cmake_export_dependencies-extras.cmake
[0.570s] -- Up-to-date: /home/williamfbx/Lunar-ROADSTER/lr_ws/install/grid_map_msgs/share/grid_map_msgs/cmake/ament_cmake_export_include_directories-extras.cmake
[0.571s] -- Up-to-date: /home/williamfbx/Lunar-ROADSTER/lr_ws/install/grid_map_msgs/share/grid_map_msgs/cmake/ament_cmake_export_libraries-extras.cmake
[0.572s] -- Up-to-date: /home/williamfbx/Lunar-ROADSTER/lr_ws/install/grid_map_msgs/share/grid_map_msgs/cmake/ament_cmake_export_targets-extras.cmake
[0.572s] -- Up-to-date: /home/williamfbx/Lunar-ROADSTER/lr_ws/install/grid_map_msgs/share/grid_map_msgs/cmake/rosidl_cmake_export_typesupport_targets-extras.cmake
[0.572s] -- Up-to-date: /home/williamfbx/Lunar-ROADSTER/lr_ws/install/grid_map_msgs/share/grid_map_msgs/cmake/rosidl_cmake_export_typesupport_libraries-extras.cmake
[0.572s] -- Up-to-date: /home/williamfbx/Lunar-ROADSTER/lr_ws/install/grid_map_msgs/share/grid_map_msgs/cmake/grid_map_msgsConfig.cmake
[0.572s] -- Up-to-date: /home/williamfbx/Lunar-ROADSTER/lr_ws/install/grid_map_msgs/share/grid_map_msgs/cmake/grid_map_msgsConfig-version.cmake
[0.572s] -- Up-to-date: /home/williamfbx/Lunar-ROADSTER/lr_ws/install/grid_map_msgs/share/grid_map_msgs/package.xml
[0.601s] Invoked command in '/home/williamfbx/Lunar-ROADSTER/lr_ws/build/grid_map_msgs' returned '0': CMAKE_PREFIX_PATH=/home/williamfbx/Lunar-ROADSTER/lr_ws/install/grid_map_cmake_helpers:/home/williamfbx/Lunar-ROADSTER/lr_ws/install/zed_ros2:/home/williamfbx/Lunar-ROADSTER/lr_ws/install/zed_robot_integration:/home/williamfbx/Lunar-ROADSTER/lr_ws/install/zed_ipc:/home/williamfbx/Lunar-ROADSTER/lr_ws/install/zed_multi_camera:/home/williamfbx/Lunar-ROADSTER/lr_ws/install/zed_display_rviz2:/home/williamfbx/Lunar-ROADSTER/lr_ws/install/zed_depth_to_laserscan:/home/williamfbx/Lunar-ROADSTER/lr_ws/install/zed_wrapper:/home/williamfbx/Lunar-ROADSTER/lr_ws/install/zed_tutorial_video:/home/williamfbx/Lunar-ROADSTER/lr_ws/install/zed_tutorial_pos_tracking:/home/williamfbx/Lunar-ROADSTER/lr_ws/install/zed_tutorial_depth:/home/williamfbx/Lunar-ROADSTER/lr_ws/install/zed_topic_benchmark:/home/williamfbx/Lunar-ROADSTER/lr_ws/install/zed_topic_benchmark_component:/home/williamfbx/Lunar-ROADSTER/lr_ws/install/zed_topic_benchmark_interfaces:/home/williamfbx/Lunar-ROADSTER/lr_ws/install/zed_rgb_convert:/home/williamfbx/Lunar-ROADSTER/lr_ws/install/zed_aruco_localization:/home/williamfbx/Lunar-ROADSTER/lr_ws/install/zed_components:/home/williamfbx/Lunar-ROADSTER/lr_ws/install/teleop:/home/williamfbx/Lunar-ROADSTER/lr_ws/install/sensing:/home/williamfbx/Lunar-ROADSTER/lr_ws/install/rviz_plugin_zed_od:/home/williamfbx/Lunar-ROADSTER/lr_ws/install/motion_control:/home/williamfbx/Lunar-ROADSTER/lr_ws/install/mapping:/home/williamfbx/Lunar-ROADSTER/lr_ws/install/localization:/home/williamfbx/Lunar-ROADSTER/lr_ws/install/elevation_mapping:/home/williamfbx/Lunar-ROADSTER/lr_ws/install/kindr_ros:/home/williamfbx/Lunar-ROADSTER/lr_ws/install/kindr_msgs:/home/williamfbx/Lunar-ROADSTER/lr_ws/install/kindr:/home/williamfbx/Lunar-ROADSTER/lr_ws/install/imu:/home/williamfbx/Lunar-ROADSTER/lr_ws/install/grid_map:/home/williamfbx/Lunar-ROADSTER/lr_ws/install/grid_map_demos:/home/williamfbx/Lunar-ROADSTER/lr_ws/install/grid_map_visualization:/home/williamfbx/Lunar-ROADSTER/lr_ws/install/grid_map_sdf:/home/williamfbx/Lunar-ROADSTER/lr_ws/install/grid_map_rviz_plugin:/home/williamfbx/Lunar-ROADSTER/lr_ws/install/grid_map_pcl:/home/williamfbx/Lunar-ROADSTER/lr_ws/install/grid_map_loader:/home/williamfbx/Lunar-ROADSTER/lr_ws/install/grid_map_filters:/home/williamfbx/Lunar-ROADSTER/lr_ws/install/grid_map_ros:/home/williamfbx/Lunar-ROADSTER/lr_ws/install/grid_map_octomap:/home/williamfbx/Lunar-ROADSTER/lr_ws/install/grid_map_msgs:/home/williamfbx/Lunar-ROADSTER/lr_ws/install/grid_map_cv:/home/williamfbx/Lunar-ROADSTER/lr_ws/install/grid_map_costmap_2d:/home/williamfbx/Lunar-ROADSTER/lr_ws/install/grid_map_core:/home/williamfbx/Lunar-ROADSTER/lr_ws/install/arduino:/home/williamfbx/Lunar-ROADSTER/lr_ws/install/cg_msgs:/opt/ros/humble /usr/bin/cmake --install /home/williamfbx/Lunar-ROADSTER/lr_ws/build/grid_map_msgs
