[0.459s] DEBUG:colcon:Command line arguments: ['/usr/bin/colcon', 'build']
[0.459s] DEBUG:colcon:Parsed command line arguments: Namespace(log_base=None, log_level=None, verb_name='build', build_base='build', install_base='install', merge_install=False, symlink_install=False, test_result_base=None, continue_on_error=False, executor='parallel', parallel_workers=4, event_handlers=None, ignore_user_meta=False, metas=['./colcon.meta'], base_paths=['.'], packages_ignore=None, packages_ignore_regex=None, paths=None, packages_up_to=None, packages_up_to_regex=None, packages_above=None, packages_above_and_dependencies=None, packages_above_depth=None, packages_select_by_dep=None, packages_skip_by_dep=None, packages_skip_up_to=None, packages_select_build_failed=False, packages_skip_build_finished=False, packages_select_test_failures=False, packages_skip_test_passed=False, packages_select=None, packages_skip=None, packages_select_regex=None, packages_skip_regex=None, packages_start=None, packages_end=None, cmake_args=None, cmake_target=None, cmake_target_skip_unavailable=False, cmake_clean_cache=False, cmake_clean_first=False, cmake_force_configure=False, ament_cmake_args=None, catkin_cmake_args=None, catkin_skip_building_tests=False, verb_parser=<colcon_defaults.argument_parser.defaults.DefaultArgumentsDecorator object at 0xffff7ea5a1a0>, verb_extension=<colcon_core.verb.build.BuildVerb object at 0xffff7ebef610>, main=<bound method BuildVerb.main of <colcon_core.verb.build.BuildVerb object at 0xffff7ebef610>>)
[1.053s] Level 1:colcon.colcon_core.package_discovery:discover_packages(colcon_meta) check parameters
[1.054s] Level 1:colcon.colcon_core.package_discovery:discover_packages(recursive) check parameters
[1.054s] Level 1:colcon.colcon_core.package_discovery:discover_packages(ignore) check parameters
[1.054s] Level 1:colcon.colcon_core.package_discovery:discover_packages(path) check parameters
[1.054s] Level 1:colcon.colcon_core.package_discovery:discover_packages(colcon_meta) discover
[1.055s] Level 1:colcon.colcon_core.package_discovery:discover_packages(recursive) discover
[1.055s] INFO:colcon.colcon_core.package_discovery:Crawling recursively for packages in '/root/Lunar_ROADSTER/lr_ws'
[1.056s] Level 1:colcon.colcon_core.package_identification:_identify(.) by extensions ['ignore', 'ignore_ament_install']
[1.056s] Level 1:colcon.colcon_core.package_identification:_identify(.) by extension 'ignore'
[1.056s] Level 1:colcon.colcon_core.package_identification:_identify(.) by extension 'ignore_ament_install'
[1.057s] Level 1:colcon.colcon_core.package_identification:_identify(.) by extensions ['colcon_pkg']
[1.057s] Level 1:colcon.colcon_core.package_identification:_identify(.) by extension 'colcon_pkg'
[1.057s] Level 1:colcon.colcon_core.package_identification:_identify(.) by extensions ['colcon_meta']
[1.057s] Level 1:colcon.colcon_core.package_identification:_identify(.) by extension 'colcon_meta'
[1.057s] Level 1:colcon.colcon_core.package_identification:_identify(.) by extensions ['ros']
[1.058s] Level 1:colcon.colcon_core.package_identification:_identify(.) by extension 'ros'
[1.112s] Level 1:colcon.colcon_core.package_identification:_identify(.) by extensions ['cmake', 'python']
[1.112s] Level 1:colcon.colcon_core.package_identification:_identify(.) by extension 'cmake'
[1.112s] Level 1:colcon.colcon_core.package_identification:_identify(.) by extension 'python'
[1.113s] Level 1:colcon.colcon_core.package_identification:_identify(.) by extensions ['python_setup_py']
[1.113s] Level 1:colcon.colcon_core.package_identification:_identify(.) by extension 'python_setup_py'
[1.114s] Level 1:colcon.colcon_core.package_identification:_identify(build) by extensions ['ignore', 'ignore_ament_install']
[1.114s] Level 1:colcon.colcon_core.package_identification:_identify(build) by extension 'ignore'
[1.114s] Level 1:colcon.colcon_core.package_identification:_identify(build) ignored
[1.115s] Level 1:colcon.colcon_core.package_identification:_identify(docker) by extensions ['ignore', 'ignore_ament_install']
[1.115s] Level 1:colcon.colcon_core.package_identification:_identify(docker) by extension 'ignore'
[1.116s] Level 1:colcon.colcon_core.package_identification:_identify(docker) by extension 'ignore_ament_install'
[1.116s] Level 1:colcon.colcon_core.package_identification:_identify(docker) by extensions ['colcon_pkg']
[1.116s] Level 1:colcon.colcon_core.package_identification:_identify(docker) by extension 'colcon_pkg'
[1.116s] Level 1:colcon.colcon_core.package_identification:_identify(docker) by extensions ['colcon_meta']
[1.117s] Level 1:colcon.colcon_core.package_identification:_identify(docker) by extension 'colcon_meta'
[1.117s] Level 1:colcon.colcon_core.package_identification:_identify(docker) by extensions ['ros']
[1.117s] Level 1:colcon.colcon_core.package_identification:_identify(docker) by extension 'ros'
[1.117s] Level 1:colcon.colcon_core.package_identification:_identify(docker) by extensions ['cmake', 'python']
[1.117s] Level 1:colcon.colcon_core.package_identification:_identify(docker) by extension 'cmake'
[1.118s] Level 1:colcon.colcon_core.package_identification:_identify(docker) by extension 'python'
[1.118s] Level 1:colcon.colcon_core.package_identification:_identify(docker) by extensions ['python_setup_py']
[1.118s] Level 1:colcon.colcon_core.package_identification:_identify(docker) by extension 'python_setup_py'
[1.119s] Level 1:colcon.colcon_core.package_identification:_identify(install) by extensions ['ignore', 'ignore_ament_install']
[1.119s] Level 1:colcon.colcon_core.package_identification:_identify(install) by extension 'ignore'
[1.119s] Level 1:colcon.colcon_core.package_identification:_identify(install) ignored
[1.120s] Level 1:colcon.colcon_core.package_identification:_identify(log) by extensions ['ignore', 'ignore_ament_install']
[1.120s] Level 1:colcon.colcon_core.package_identification:_identify(log) by extension 'ignore'
[1.121s] Level 1:colcon.colcon_core.package_identification:_identify(log) ignored
[1.121s] Level 1:colcon.colcon_core.package_identification:_identify(src) by extensions ['ignore', 'ignore_ament_install']
[1.121s] Level 1:colcon.colcon_core.package_identification:_identify(src) by extension 'ignore'
[1.122s] Level 1:colcon.colcon_core.package_identification:_identify(src) by extension 'ignore_ament_install'
[1.122s] Level 1:colcon.colcon_core.package_identification:_identify(src) by extensions ['colcon_pkg']
[1.122s] Level 1:colcon.colcon_core.package_identification:_identify(src) by extension 'colcon_pkg'
[1.122s] Level 1:colcon.colcon_core.package_identification:_identify(src) by extensions ['colcon_meta']
[1.122s] Level 1:colcon.colcon_core.package_identification:_identify(src) by extension 'colcon_meta'
[1.122s] Level 1:colcon.colcon_core.package_identification:_identify(src) by extensions ['ros']
[1.123s] Level 1:colcon.colcon_core.package_identification:_identify(src) by extension 'ros'
[1.123s] Level 1:colcon.colcon_core.package_identification:_identify(src) by extensions ['cmake', 'python']
[1.123s] Level 1:colcon.colcon_core.package_identification:_identify(src) by extension 'cmake'
[1.123s] Level 1:colcon.colcon_core.package_identification:_identify(src) by extension 'python'
[1.123s] Level 1:colcon.colcon_core.package_identification:_identify(src) by extensions ['python_setup_py']
[1.123s] Level 1:colcon.colcon_core.package_identification:_identify(src) by extension 'python_setup_py'
[1.124s] Level 1:colcon.colcon_core.package_identification:_identify(src/arduino) by extensions ['ignore', 'ignore_ament_install']
[1.124s] Level 1:colcon.colcon_core.package_identification:_identify(src/arduino) by extension 'ignore'
[1.125s] Level 1:colcon.colcon_core.package_identification:_identify(src/arduino) by extension 'ignore_ament_install'
[1.125s] Level 1:colcon.colcon_core.package_identification:_identify(src/arduino) by extensions ['colcon_pkg']
[1.125s] Level 1:colcon.colcon_core.package_identification:_identify(src/arduino) by extension 'colcon_pkg'
[1.126s] Level 1:colcon.colcon_core.package_identification:_identify(src/arduino) by extensions ['colcon_meta']
[1.126s] Level 1:colcon.colcon_core.package_identification:_identify(src/arduino) by extension 'colcon_meta'
[1.126s] Level 1:colcon.colcon_core.package_identification:_identify(src/arduino) by extensions ['ros']
[1.126s] Level 1:colcon.colcon_core.package_identification:_identify(src/arduino) by extension 'ros'
[1.139s] DEBUG:colcon.colcon_core.package_identification:Package 'src/arduino' with type 'ros.ament_cmake' and name 'arduino'
[1.139s] Level 1:colcon.colcon_core.package_identification:_identify(src/cg_msgs) by extensions ['ignore', 'ignore_ament_install']
[1.140s] Level 1:colcon.colcon_core.package_identification:_identify(src/cg_msgs) by extension 'ignore'
[1.140s] Level 1:colcon.colcon_core.package_identification:_identify(src/cg_msgs) by extension 'ignore_ament_install'
[1.141s] Level 1:colcon.colcon_core.package_identification:_identify(src/cg_msgs) by extensions ['colcon_pkg']
[1.141s] Level 1:colcon.colcon_core.package_identification:_identify(src/cg_msgs) by extension 'colcon_pkg'
[1.141s] Level 1:colcon.colcon_core.package_identification:_identify(src/cg_msgs) by extensions ['colcon_meta']
[1.141s] Level 1:colcon.colcon_core.package_identification:_identify(src/cg_msgs) by extension 'colcon_meta'
[1.141s] Level 1:colcon.colcon_core.package_identification:_identify(src/cg_msgs) by extensions ['ros']
[1.141s] Level 1:colcon.colcon_core.package_identification:_identify(src/cg_msgs) by extension 'ros'
[1.145s] DEBUG:colcon.colcon_core.package_identification:Package 'src/cg_msgs' with type 'ros.ament_cmake' and name 'cg_msgs'
[1.146s] Level 1:colcon.colcon_core.package_identification:_identify(src/imu) by extensions ['ignore', 'ignore_ament_install']
[1.147s] Level 1:colcon.colcon_core.package_identification:_identify(src/imu) by extension 'ignore'
[1.147s] Level 1:colcon.colcon_core.package_identification:_identify(src/imu) by extension 'ignore_ament_install'
[1.147s] Level 1:colcon.colcon_core.package_identification:_identify(src/imu) by extensions ['colcon_pkg']
[1.147s] Level 1:colcon.colcon_core.package_identification:_identify(src/imu) by extension 'colcon_pkg'
[1.148s] Level 1:colcon.colcon_core.package_identification:_identify(src/imu) by extensions ['colcon_meta']
[1.148s] Level 1:colcon.colcon_core.package_identification:_identify(src/imu) by extension 'colcon_meta'
[1.148s] Level 1:colcon.colcon_core.package_identification:_identify(src/imu) by extensions ['ros']
[1.148s] Level 1:colcon.colcon_core.package_identification:_identify(src/imu) by extension 'ros'
[1.153s] DEBUG:colcon.colcon_core.package_identification:Package 'src/imu' with type 'ros.ament_cmake' and name 'imu'
[1.154s] Level 1:colcon.colcon_core.package_identification:_identify(src/localization) by extensions ['ignore', 'ignore_ament_install']
[1.155s] Level 1:colcon.colcon_core.package_identification:_identify(src/localization) by extension 'ignore'
[1.155s] Level 1:colcon.colcon_core.package_identification:_identify(src/localization) by extension 'ignore_ament_install'
[1.155s] Level 1:colcon.colcon_core.package_identification:_identify(src/localization) by extensions ['colcon_pkg']
[1.155s] Level 1:colcon.colcon_core.package_identification:_identify(src/localization) by extension 'colcon_pkg'
[1.155s] Level 1:colcon.colcon_core.package_identification:_identify(src/localization) by extensions ['colcon_meta']
[1.156s] Level 1:colcon.colcon_core.package_identification:_identify(src/localization) by extension 'colcon_meta'
[1.156s] Level 1:colcon.colcon_core.package_identification:_identify(src/localization) by extensions ['ros']
[1.156s] Level 1:colcon.colcon_core.package_identification:_identify(src/localization) by extension 'ros'
[1.161s] DEBUG:colcon.colcon_core.package_identification:Package 'src/localization' with type 'ros.ament_cmake' and name 'localization'
[1.162s] Level 1:colcon.colcon_core.package_identification:_identify(src/motion_control) by extensions ['ignore', 'ignore_ament_install']
[1.162s] Level 1:colcon.colcon_core.package_identification:_identify(src/motion_control) by extension 'ignore'
[1.162s] Level 1:colcon.colcon_core.package_identification:_identify(src/motion_control) by extension 'ignore_ament_install'
[1.163s] Level 1:colcon.colcon_core.package_identification:_identify(src/motion_control) by extensions ['colcon_pkg']
[1.163s] Level 1:colcon.colcon_core.package_identification:_identify(src/motion_control) by extension 'colcon_pkg'
[1.163s] Level 1:colcon.colcon_core.package_identification:_identify(src/motion_control) by extensions ['colcon_meta']
[1.163s] Level 1:colcon.colcon_core.package_identification:_identify(src/motion_control) by extension 'colcon_meta'
[1.163s] Level 1:colcon.colcon_core.package_identification:_identify(src/motion_control) by extensions ['ros']
[1.163s] Level 1:colcon.colcon_core.package_identification:_identify(src/motion_control) by extension 'ros'
[1.167s] DEBUG:colcon.colcon_core.package_identification:Package 'src/motion_control' with type 'ros.ament_cmake' and name 'motion_control'
[1.169s] Level 1:colcon.colcon_core.package_identification:_identify(src/teleop) by extensions ['ignore', 'ignore_ament_install']
[1.169s] Level 1:colcon.colcon_core.package_identification:_identify(src/teleop) by extension 'ignore'
[1.170s] Level 1:colcon.colcon_core.package_identification:_identify(src/teleop) by extension 'ignore_ament_install'
[1.170s] Level 1:colcon.colcon_core.package_identification:_identify(src/teleop) by extensions ['colcon_pkg']
[1.170s] Level 1:colcon.colcon_core.package_identification:_identify(src/teleop) by extension 'colcon_pkg'
[1.170s] Level 1:colcon.colcon_core.package_identification:_identify(src/teleop) by extensions ['colcon_meta']
[1.171s] Level 1:colcon.colcon_core.package_identification:_identify(src/teleop) by extension 'colcon_meta'
[1.171s] Level 1:colcon.colcon_core.package_identification:_identify(src/teleop) by extensions ['ros']
[1.171s] Level 1:colcon.colcon_core.package_identification:_identify(src/teleop) by extension 'ros'
[1.174s] DEBUG:colcon.colcon_core.package_identification:Package 'src/teleop' with type 'ros.ament_cmake' and name 'teleop'
[1.175s] Level 1:colcon.colcon_core.package_identification:_identify(src/vectornav) by extensions ['ignore', 'ignore_ament_install']
[1.175s] Level 1:colcon.colcon_core.package_identification:_identify(src/vectornav) by extension 'ignore'
[1.176s] Level 1:colcon.colcon_core.package_identification:_identify(src/vectornav) by extension 'ignore_ament_install'
[1.176s] Level 1:colcon.colcon_core.package_identification:_identify(src/vectornav) by extensions ['colcon_pkg']
[1.176s] Level 1:colcon.colcon_core.package_identification:_identify(src/vectornav) by extension 'colcon_pkg'
[1.176s] Level 1:colcon.colcon_core.package_identification:_identify(src/vectornav) by extensions ['colcon_meta']
[1.176s] Level 1:colcon.colcon_core.package_identification:_identify(src/vectornav) by extension 'colcon_meta'
[1.177s] Level 1:colcon.colcon_core.package_identification:_identify(src/vectornav) by extensions ['ros']
[1.177s] Level 1:colcon.colcon_core.package_identification:_identify(src/vectornav) by extension 'ros'
[1.177s] Level 1:colcon.colcon_core.package_identification:_identify(src/vectornav) by extensions ['cmake', 'python']
[1.177s] Level 1:colcon.colcon_core.package_identification:_identify(src/vectornav) by extension 'cmake'
[1.177s] Level 1:colcon.colcon_core.package_identification:_identify(src/vectornav) by extension 'python'
[1.178s] Level 1:colcon.colcon_core.package_identification:_identify(src/vectornav) by extensions ['python_setup_py']
[1.178s] Level 1:colcon.colcon_core.package_identification:_identify(src/vectornav) by extension 'python_setup_py'
[1.178s] Level 1:colcon.colcon_core.package_discovery:discover_packages(recursive) using defaults
[1.178s] Level 1:colcon.colcon_core.package_discovery:discover_packages(ignore) discover
[1.178s] Level 1:colcon.colcon_core.package_discovery:discover_packages(ignore) using defaults
[1.178s] Level 1:colcon.colcon_core.package_discovery:discover_packages(path) discover
[1.179s] Level 1:colcon.colcon_core.package_discovery:discover_packages(path) using defaults
[1.278s] Level 5:colcon.colcon_core.verb:set package 'cg_msgs' build argument 'cmake_args' from command line to 'None'
[1.279s] Level 5:colcon.colcon_core.verb:set package 'cg_msgs' build argument 'cmake_target' from command line to 'None'
[1.279s] Level 5:colcon.colcon_core.verb:set package 'cg_msgs' build argument 'cmake_target_skip_unavailable' from command line to 'False'
[1.279s] Level 5:colcon.colcon_core.verb:set package 'cg_msgs' build argument 'cmake_clean_cache' from command line to 'False'
[1.279s] Level 5:colcon.colcon_core.verb:set package 'cg_msgs' build argument 'cmake_clean_first' from command line to 'False'
[1.279s] Level 5:colcon.colcon_core.verb:set package 'cg_msgs' build argument 'cmake_force_configure' from command line to 'False'
[1.279s] Level 5:colcon.colcon_core.verb:set package 'cg_msgs' build argument 'ament_cmake_args' from command line to 'None'
[1.279s] Level 5:colcon.colcon_core.verb:set package 'cg_msgs' build argument 'catkin_cmake_args' from command line to 'None'
[1.280s] Level 5:colcon.colcon_core.verb:set package 'cg_msgs' build argument 'catkin_skip_building_tests' from command line to 'False'
[1.280s] DEBUG:colcon.colcon_core.verb:Building package 'cg_msgs' with the following arguments: {'ament_cmake_args': None, 'build_base': '/root/Lunar_ROADSTER/lr_ws/build/cg_msgs', 'catkin_cmake_args': None, 'catkin_skip_building_tests': False, 'cmake_args': None, 'cmake_clean_cache': False, 'cmake_clean_first': False, 'cmake_force_configure': False, 'cmake_target': None, 'cmake_target_skip_unavailable': False, 'install_base': '/root/Lunar_ROADSTER/lr_ws/install/cg_msgs', 'merge_install': False, 'path': '/root/Lunar_ROADSTER/lr_ws/src/cg_msgs', 'symlink_install': False, 'test_result_base': None}
[1.281s] Level 5:colcon.colcon_core.verb:set package 'imu' build argument 'cmake_args' from command line to 'None'
[1.282s] Level 5:colcon.colcon_core.verb:set package 'imu' build argument 'cmake_target' from command line to 'None'
[1.282s] Level 5:colcon.colcon_core.verb:set package 'imu' build argument 'cmake_target_skip_unavailable' from command line to 'False'
[1.282s] Level 5:colcon.colcon_core.verb:set package 'imu' build argument 'cmake_clean_cache' from command line to 'False'
[1.282s] Level 5:colcon.colcon_core.verb:set package 'imu' build argument 'cmake_clean_first' from command line to 'False'
[1.282s] Level 5:colcon.colcon_core.verb:set package 'imu' build argument 'cmake_force_configure' from command line to 'False'
[1.282s] Level 5:colcon.colcon_core.verb:set package 'imu' build argument 'ament_cmake_args' from command line to 'None'
[1.282s] Level 5:colcon.colcon_core.verb:set package 'imu' build argument 'catkin_cmake_args' from command line to 'None'
[1.284s] Level 5:colcon.colcon_core.verb:set package 'imu' build argument 'catkin_skip_building_tests' from command line to 'False'
[1.284s] DEBUG:colcon.colcon_core.verb:Building package 'imu' with the following arguments: {'ament_cmake_args': None, 'build_base': '/root/Lunar_ROADSTER/lr_ws/build/imu', 'catkin_cmake_args': None, 'catkin_skip_building_tests': False, 'cmake_args': None, 'cmake_clean_cache': False, 'cmake_clean_first': False, 'cmake_force_configure': False, 'cmake_target': None, 'cmake_target_skip_unavailable': False, 'install_base': '/root/Lunar_ROADSTER/lr_ws/install/imu', 'merge_install': False, 'path': '/root/Lunar_ROADSTER/lr_ws/src/imu', 'symlink_install': False, 'test_result_base': None}
[1.286s] Level 5:colcon.colcon_core.verb:set package 'arduino' build argument 'cmake_args' from command line to 'None'
[1.286s] Level 5:colcon.colcon_core.verb:set package 'arduino' build argument 'cmake_target' from command line to 'None'
[1.286s] Level 5:colcon.colcon_core.verb:set package 'arduino' build argument 'cmake_target_skip_unavailable' from command line to 'False'
[1.287s] Level 5:colcon.colcon_core.verb:set package 'arduino' build argument 'cmake_clean_cache' from command line to 'False'
[1.287s] Level 5:colcon.colcon_core.verb:set package 'arduino' build argument 'cmake_clean_first' from command line to 'False'
[1.287s] Level 5:colcon.colcon_core.verb:set package 'arduino' build argument 'cmake_force_configure' from command line to 'False'
[1.287s] Level 5:colcon.colcon_core.verb:set package 'arduino' build argument 'ament_cmake_args' from command line to 'None'
[1.287s] Level 5:colcon.colcon_core.verb:set package 'arduino' build argument 'catkin_cmake_args' from command line to 'None'
[1.287s] Level 5:colcon.colcon_core.verb:set package 'arduino' build argument 'catkin_skip_building_tests' from command line to 'False'
[1.287s] DEBUG:colcon.colcon_core.verb:Building package 'arduino' with the following arguments: {'ament_cmake_args': None, 'build_base': '/root/Lunar_ROADSTER/lr_ws/build/arduino', 'catkin_cmake_args': None, 'catkin_skip_building_tests': False, 'cmake_args': None, 'cmake_clean_cache': False, 'cmake_clean_first': False, 'cmake_force_configure': False, 'cmake_target': None, 'cmake_target_skip_unavailable': False, 'install_base': '/root/Lunar_ROADSTER/lr_ws/install/arduino', 'merge_install': False, 'path': '/root/Lunar_ROADSTER/lr_ws/src/arduino', 'symlink_install': False, 'test_result_base': None}
[1.289s] Level 5:colcon.colcon_core.verb:set package 'localization' build argument 'cmake_args' from command line to 'None'
[1.289s] Level 5:colcon.colcon_core.verb:set package 'localization' build argument 'cmake_target' from command line to 'None'
[1.290s] Level 5:colcon.colcon_core.verb:set package 'localization' build argument 'cmake_target_skip_unavailable' from command line to 'False'
[1.290s] Level 5:colcon.colcon_core.verb:set package 'localization' build argument 'cmake_clean_cache' from command line to 'False'
[1.290s] Level 5:colcon.colcon_core.verb:set package 'localization' build argument 'cmake_clean_first' from command line to 'False'
[1.290s] Level 5:colcon.colcon_core.verb:set package 'localization' build argument 'cmake_force_configure' from command line to 'False'
[1.290s] Level 5:colcon.colcon_core.verb:set package 'localization' build argument 'ament_cmake_args' from command line to 'None'
[1.290s] Level 5:colcon.colcon_core.verb:set package 'localization' build argument 'catkin_cmake_args' from command line to 'None'
[1.290s] Level 5:colcon.colcon_core.verb:set package 'localization' build argument 'catkin_skip_building_tests' from command line to 'False'
[1.290s] DEBUG:colcon.colcon_core.verb:Building package 'localization' with the following arguments: {'ament_cmake_args': None, 'build_base': '/root/Lunar_ROADSTER/lr_ws/build/localization', 'catkin_cmake_args': None, 'catkin_skip_building_tests': False, 'cmake_args': None, 'cmake_clean_cache': False, 'cmake_clean_first': False, 'cmake_force_configure': False, 'cmake_target': None, 'cmake_target_skip_unavailable': False, 'install_base': '/root/Lunar_ROADSTER/lr_ws/install/localization', 'merge_install': False, 'path': '/root/Lunar_ROADSTER/lr_ws/src/localization', 'symlink_install': False, 'test_result_base': None}
[1.292s] Level 5:colcon.colcon_core.verb:set package 'motion_control' build argument 'cmake_args' from command line to 'None'
[1.292s] Level 5:colcon.colcon_core.verb:set package 'motion_control' build argument 'cmake_target' from command line to 'None'
[1.292s] Level 5:colcon.colcon_core.verb:set package 'motion_control' build argument 'cmake_target_skip_unavailable' from command line to 'False'
[1.293s] Level 5:colcon.colcon_core.verb:set package 'motion_control' build argument 'cmake_clean_cache' from command line to 'False'
[1.293s] Level 5:colcon.colcon_core.verb:set package 'motion_control' build argument 'cmake_clean_first' from command line to 'False'
[1.293s] Level 5:colcon.colcon_core.verb:set package 'motion_control' build argument 'cmake_force_configure' from command line to 'False'
[1.293s] Level 5:colcon.colcon_core.verb:set package 'motion_control' build argument 'ament_cmake_args' from command line to 'None'
[1.293s] Level 5:colcon.colcon_core.verb:set package 'motion_control' build argument 'catkin_cmake_args' from command line to 'None'
[1.293s] Level 5:colcon.colcon_core.verb:set package 'motion_control' build argument 'catkin_skip_building_tests' from command line to 'False'
[1.293s] DEBUG:colcon.colcon_core.verb:Building package 'motion_control' with the following arguments: {'ament_cmake_args': None, 'build_base': '/root/Lunar_ROADSTER/lr_ws/build/motion_control', 'catkin_cmake_args': None, 'catkin_skip_building_tests': False, 'cmake_args': None, 'cmake_clean_cache': False, 'cmake_clean_first': False, 'cmake_force_configure': False, 'cmake_target': None, 'cmake_target_skip_unavailable': False, 'install_base': '/root/Lunar_ROADSTER/lr_ws/install/motion_control', 'merge_install': False, 'path': '/root/Lunar_ROADSTER/lr_ws/src/motion_control', 'symlink_install': False, 'test_result_base': None}
[1.295s] Level 5:colcon.colcon_core.verb:set package 'teleop' build argument 'cmake_args' from command line to 'None'
[1.295s] Level 5:colcon.colcon_core.verb:set package 'teleop' build argument 'cmake_target' from command line to 'None'
[1.295s] Level 5:colcon.colcon_core.verb:set package 'teleop' build argument 'cmake_target_skip_unavailable' from command line to 'False'
[1.295s] Level 5:colcon.colcon_core.verb:set package 'teleop' build argument 'cmake_clean_cache' from command line to 'False'
[1.295s] Level 5:colcon.colcon_core.verb:set package 'teleop' build argument 'cmake_clean_first' from command line to 'False'
[1.295s] Level 5:colcon.colcon_core.verb:set package 'teleop' build argument 'cmake_force_configure' from command line to 'False'
[1.295s] Level 5:colcon.colcon_core.verb:set package 'teleop' build argument 'ament_cmake_args' from command line to 'None'
[1.295s] Level 5:colcon.colcon_core.verb:set package 'teleop' build argument 'catkin_cmake_args' from command line to 'None'
[1.296s] Level 5:colcon.colcon_core.verb:set package 'teleop' build argument 'catkin_skip_building_tests' from command line to 'False'
[1.296s] DEBUG:colcon.colcon_core.verb:Building package 'teleop' with the following arguments: {'ament_cmake_args': None, 'build_base': '/root/Lunar_ROADSTER/lr_ws/build/teleop', 'catkin_cmake_args': None, 'catkin_skip_building_tests': False, 'cmake_args': None, 'cmake_clean_cache': False, 'cmake_clean_first': False, 'cmake_force_configure': False, 'cmake_target': None, 'cmake_target_skip_unavailable': False, 'install_base': '/root/Lunar_ROADSTER/lr_ws/install/teleop', 'merge_install': False, 'path': '/root/Lunar_ROADSTER/lr_ws/src/teleop', 'symlink_install': False, 'test_result_base': None}
[1.296s] INFO:colcon.colcon_core.executor:Executing jobs using 'parallel' executor
[1.301s] DEBUG:colcon.colcon_parallel_executor.executor.parallel:run_until_complete
[1.303s] INFO:colcon.colcon_ros.task.ament_cmake.build:Building ROS package in '/root/Lunar_ROADSTER/lr_ws/src/cg_msgs' with build type 'ament_cmake'
[1.303s] INFO:colcon.colcon_cmake.task.cmake.build:Building CMake package in '/root/Lunar_ROADSTER/lr_ws/src/cg_msgs'
[1.316s] INFO:colcon.colcon_core.plugin_system:Skipping extension 'colcon_core.shell.bat': Not used on non-Windows systems
[1.317s] INFO:colcon.colcon_core.shell:Skip shell extension 'powershell' for command environment: Not usable outside of PowerShell
[1.317s] DEBUG:colcon.colcon_core.shell:Skip shell extension 'dsv' for command environment
[1.340s] INFO:colcon.colcon_ros.task.ament_cmake.build:Building ROS package in '/root/Lunar_ROADSTER/lr_ws/src/imu' with build type 'ament_cmake'
[1.341s] INFO:colcon.colcon_cmake.task.cmake.build:Building CMake package in '/root/Lunar_ROADSTER/lr_ws/src/imu'
[1.343s] INFO:colcon.colcon_core.shell:Skip shell extension 'powershell' for command environment: Not usable outside of PowerShell
[1.343s] DEBUG:colcon.colcon_core.shell:Skip shell extension 'dsv' for command environment
[1.374s] DEBUG:colcon.colcon_core.event_handler.log_command:Invoking command in '/root/Lunar_ROADSTER/lr_ws/build/cg_msgs': CMAKE_PREFIX_PATH=/opt/ros/humble /usr/local/bin/cmake --build /root/Lunar_ROADSTER/lr_ws/build/cg_msgs -- -j4 -l4
[1.412s] DEBUG:colcon.colcon_core.event_handler.log_command:Invoking command in '/root/Lunar_ROADSTER/lr_ws/build/imu': CMAKE_PREFIX_PATH=/opt/ros/humble /usr/local/bin/cmake --build /root/Lunar_ROADSTER/lr_ws/build/imu -- -j4 -l4
[1.766s] DEBUG:colcon.colcon_core.event_handler.log_command:Invoked command in '/root/Lunar_ROADSTER/lr_ws/build/imu' returned '0': CMAKE_PREFIX_PATH=/opt/ros/humble /usr/local/bin/cmake --build /root/Lunar_ROADSTER/lr_ws/build/imu -- -j4 -l4
[1.783s] DEBUG:colcon.colcon_core.event_handler.log_command:Invoking command in '/root/Lunar_ROADSTER/lr_ws/build/imu': CMAKE_PREFIX_PATH=/opt/ros/humble /usr/local/bin/cmake --install /root/Lunar_ROADSTER/lr_ws/build/imu
[1.820s] Level 1:colcon.colcon_core.environment:create_environment_scripts_only(imu)
[1.822s] DEBUG:colcon.colcon_core.event_handler.log_command:Invoked command in '/root/Lunar_ROADSTER/lr_ws/build/imu' returned '0': CMAKE_PREFIX_PATH=/opt/ros/humble /usr/local/bin/cmake --install /root/Lunar_ROADSTER/lr_ws/build/imu
[1.836s] Level 1:colcon.colcon_core.environment:checking '/root/Lunar_ROADSTER/lr_ws/install/imu' for CMake module files
[1.839s] Level 1:colcon.colcon_core.environment:checking '/root/Lunar_ROADSTER/lr_ws/install/imu' for CMake config files
[1.841s] Level 1:colcon.colcon_core.shell:create_environment_hook('imu', 'cmake_prefix_path')
[1.842s] INFO:colcon.colcon_core.shell:Creating environment hook '/root/Lunar_ROADSTER/lr_ws/install/imu/share/imu/hook/cmake_prefix_path.ps1'
[1.858s] INFO:colcon.colcon_core.shell:Creating environment descriptor '/root/Lunar_ROADSTER/lr_ws/install/imu/share/imu/hook/cmake_prefix_path.dsv'
[1.860s] INFO:colcon.colcon_core.shell:Creating environment hook '/root/Lunar_ROADSTER/lr_ws/install/imu/share/imu/hook/cmake_prefix_path.sh'
[1.863s] Level 1:colcon.colcon_core.environment:checking '/root/Lunar_ROADSTER/lr_ws/install/imu/lib'
[1.864s] Level 1:colcon.colcon_core.environment:checking '/root/Lunar_ROADSTER/lr_ws/install/imu/bin'
[1.864s] Level 1:colcon.colcon_core.environment:checking '/root/Lunar_ROADSTER/lr_ws/install/imu/lib/pkgconfig/imu.pc'
[1.882s] Level 1:colcon.colcon_core.environment:checking '/root/Lunar_ROADSTER/lr_ws/install/imu/lib/python3.10/site-packages'
[1.890s] Level 1:colcon.colcon_core.environment:checking '/root/Lunar_ROADSTER/lr_ws/install/imu/bin'
[1.892s] INFO:colcon.colcon_core.shell:Creating package script '/root/Lunar_ROADSTER/lr_ws/install/imu/share/imu/package.ps1'
[1.896s] INFO:colcon.colcon_core.shell:Creating package descriptor '/root/Lunar_ROADSTER/lr_ws/install/imu/share/imu/package.dsv'
[1.898s] INFO:colcon.colcon_core.shell:Creating package script '/root/Lunar_ROADSTER/lr_ws/install/imu/share/imu/package.sh'
[1.902s] INFO:colcon.colcon_core.shell:Creating package script '/root/Lunar_ROADSTER/lr_ws/install/imu/share/imu/package.bash'
[1.905s] INFO:colcon.colcon_core.shell:Creating package script '/root/Lunar_ROADSTER/lr_ws/install/imu/share/imu/package.zsh'
[1.907s] Level 1:colcon.colcon_core.environment:create_file_with_runtime_dependencies(/root/Lunar_ROADSTER/lr_ws/install/imu/share/colcon-core/packages/imu)
[1.910s] Level 1:colcon.colcon_core.environment:create_environment_scripts_only(imu)
[1.911s] Level 1:colcon.colcon_core.environment:checking '/root/Lunar_ROADSTER/lr_ws/install/imu' for CMake module files
[1.913s] Level 1:colcon.colcon_core.environment:checking '/root/Lunar_ROADSTER/lr_ws/install/imu' for CMake config files
[1.917s] Level 1:colcon.colcon_core.shell:create_environment_hook('imu', 'cmake_prefix_path')
[1.919s] INFO:colcon.colcon_core.shell:Creating environment hook '/root/Lunar_ROADSTER/lr_ws/install/imu/share/imu/hook/cmake_prefix_path.ps1'
[1.922s] INFO:colcon.colcon_core.shell:Creating environment descriptor '/root/Lunar_ROADSTER/lr_ws/install/imu/share/imu/hook/cmake_prefix_path.dsv'
[1.923s] INFO:colcon.colcon_core.shell:Creating environment hook '/root/Lunar_ROADSTER/lr_ws/install/imu/share/imu/hook/cmake_prefix_path.sh'
[1.926s] Level 1:colcon.colcon_core.environment:checking '/root/Lunar_ROADSTER/lr_ws/install/imu/lib'
[1.927s] Level 1:colcon.colcon_core.environment:checking '/root/Lunar_ROADSTER/lr_ws/install/imu/bin'
[1.927s] Level 1:colcon.colcon_core.environment:checking '/root/Lunar_ROADSTER/lr_ws/install/imu/lib/pkgconfig/imu.pc'
[1.928s] Level 1:colcon.colcon_core.environment:checking '/root/Lunar_ROADSTER/lr_ws/install/imu/lib/python3.10/site-packages'
[1.929s] Level 1:colcon.colcon_core.environment:checking '/root/Lunar_ROADSTER/lr_ws/install/imu/bin'
[1.930s] INFO:colcon.colcon_core.shell:Creating package script '/root/Lunar_ROADSTER/lr_ws/install/imu/share/imu/package.ps1'
[1.932s] INFO:colcon.colcon_core.shell:Creating package descriptor '/root/Lunar_ROADSTER/lr_ws/install/imu/share/imu/package.dsv'
[1.933s] INFO:colcon.colcon_core.shell:Creating package script '/root/Lunar_ROADSTER/lr_ws/install/imu/share/imu/package.sh'
[1.935s] INFO:colcon.colcon_core.shell:Creating package script '/root/Lunar_ROADSTER/lr_ws/install/imu/share/imu/package.bash'
[1.936s] INFO:colcon.colcon_core.shell:Creating package script '/root/Lunar_ROADSTER/lr_ws/install/imu/share/imu/package.zsh'
[1.938s] Level 1:colcon.colcon_core.environment:create_file_with_runtime_dependencies(/root/Lunar_ROADSTER/lr_ws/install/imu/share/colcon-core/packages/imu)
[2.920s] DEBUG:colcon.colcon_core.event_handler.log_command:Invoked command in '/root/Lunar_ROADSTER/lr_ws/build/cg_msgs' returned '0': CMAKE_PREFIX_PATH=/opt/ros/humble /usr/local/bin/cmake --build /root/Lunar_ROADSTER/lr_ws/build/cg_msgs -- -j4 -l4
[2.921s] DEBUG:colcon.colcon_core.event_handler.log_command:Invoking command in '/root/Lunar_ROADSTER/lr_ws/build/cg_msgs': CMAKE_PREFIX_PATH=/opt/ros/humble /usr/local/bin/cmake --install /root/Lunar_ROADSTER/lr_ws/build/cg_msgs
[3.253s] Level 1:colcon.colcon_core.environment:create_environment_scripts_only(cg_msgs)
[3.254s] Level 1:colcon.colcon_core.environment:checking '/root/Lunar_ROADSTER/lr_ws/install/cg_msgs' for CMake module files
[3.256s] DEBUG:colcon.colcon_core.event_handler.log_command:Invoked command in '/root/Lunar_ROADSTER/lr_ws/build/cg_msgs' returned '0': CMAKE_PREFIX_PATH=/opt/ros/humble /usr/local/bin/cmake --install /root/Lunar_ROADSTER/lr_ws/build/cg_msgs
[3.261s] Level 1:colcon.colcon_core.environment:checking '/root/Lunar_ROADSTER/lr_ws/install/cg_msgs' for CMake config files
[3.266s] Level 1:colcon.colcon_core.shell:create_environment_hook('cg_msgs', 'cmake_prefix_path')
[3.267s] INFO:colcon.colcon_core.shell:Creating environment hook '/root/Lunar_ROADSTER/lr_ws/install/cg_msgs/share/cg_msgs/hook/cmake_prefix_path.ps1'
[3.270s] INFO:colcon.colcon_core.shell:Creating environment descriptor '/root/Lunar_ROADSTER/lr_ws/install/cg_msgs/share/cg_msgs/hook/cmake_prefix_path.dsv'
[3.273s] INFO:colcon.colcon_core.shell:Creating environment hook '/root/Lunar_ROADSTER/lr_ws/install/cg_msgs/share/cg_msgs/hook/cmake_prefix_path.sh'
[3.277s] Level 1:colcon.colcon_core.environment:checking '/root/Lunar_ROADSTER/lr_ws/install/cg_msgs/lib'
[3.277s] Level 1:colcon.colcon_core.shell:create_environment_hook('cg_msgs', 'ld_library_path_lib')
[3.278s] INFO:colcon.colcon_core.shell:Creating environment hook '/root/Lunar_ROADSTER/lr_ws/install/cg_msgs/share/cg_msgs/hook/ld_library_path_lib.ps1'
[3.280s] INFO:colcon.colcon_core.shell:Creating environment descriptor '/root/Lunar_ROADSTER/lr_ws/install/cg_msgs/share/cg_msgs/hook/ld_library_path_lib.dsv'
[3.281s] INFO:colcon.colcon_core.shell:Creating environment hook '/root/Lunar_ROADSTER/lr_ws/install/cg_msgs/share/cg_msgs/hook/ld_library_path_lib.sh'
[3.283s] Level 1:colcon.colcon_core.environment:checking '/root/Lunar_ROADSTER/lr_ws/install/cg_msgs/bin'
[3.283s] Level 1:colcon.colcon_core.environment:checking '/root/Lunar_ROADSTER/lr_ws/install/cg_msgs/lib/pkgconfig/cg_msgs.pc'
[3.284s] Level 1:colcon.colcon_core.environment:checking '/root/Lunar_ROADSTER/lr_ws/install/cg_msgs/lib/python3.10/site-packages'
[3.285s] Level 1:colcon.colcon_core.environment:checking '/root/Lunar_ROADSTER/lr_ws/install/cg_msgs/bin'
[3.286s] INFO:colcon.colcon_core.shell:Creating package script '/root/Lunar_ROADSTER/lr_ws/install/cg_msgs/share/cg_msgs/package.ps1'
[3.289s] INFO:colcon.colcon_core.shell:Creating package descriptor '/root/Lunar_ROADSTER/lr_ws/install/cg_msgs/share/cg_msgs/package.dsv'
[3.290s] INFO:colcon.colcon_core.shell:Creating package script '/root/Lunar_ROADSTER/lr_ws/install/cg_msgs/share/cg_msgs/package.sh'
[3.292s] INFO:colcon.colcon_core.shell:Creating package script '/root/Lunar_ROADSTER/lr_ws/install/cg_msgs/share/cg_msgs/package.bash'
[3.293s] INFO:colcon.colcon_core.shell:Creating package script '/root/Lunar_ROADSTER/lr_ws/install/cg_msgs/share/cg_msgs/package.zsh'
[3.295s] Level 1:colcon.colcon_core.environment:create_file_with_runtime_dependencies(/root/Lunar_ROADSTER/lr_ws/install/cg_msgs/share/colcon-core/packages/cg_msgs)
[3.298s] Level 1:colcon.colcon_core.environment:create_environment_scripts_only(cg_msgs)
[3.299s] Level 1:colcon.colcon_core.environment:checking '/root/Lunar_ROADSTER/lr_ws/install/cg_msgs' for CMake module files
[3.303s] Level 1:colcon.colcon_core.environment:checking '/root/Lunar_ROADSTER/lr_ws/install/cg_msgs' for CMake config files
[3.308s] Level 1:colcon.colcon_core.shell:create_environment_hook('cg_msgs', 'cmake_prefix_path')
[3.309s] INFO:colcon.colcon_core.shell:Creating environment hook '/root/Lunar_ROADSTER/lr_ws/install/cg_msgs/share/cg_msgs/hook/cmake_prefix_path.ps1'
[3.311s] INFO:colcon.colcon_core.shell:Creating environment descriptor '/root/Lunar_ROADSTER/lr_ws/install/cg_msgs/share/cg_msgs/hook/cmake_prefix_path.dsv'
[3.312s] INFO:colcon.colcon_core.shell:Creating environment hook '/root/Lunar_ROADSTER/lr_ws/install/cg_msgs/share/cg_msgs/hook/cmake_prefix_path.sh'
[3.314s] Level 1:colcon.colcon_core.environment:checking '/root/Lunar_ROADSTER/lr_ws/install/cg_msgs/lib'
[3.315s] Level 1:colcon.colcon_core.shell:create_environment_hook('cg_msgs', 'ld_library_path_lib')
[3.316s] INFO:colcon.colcon_core.shell:Creating environment hook '/root/Lunar_ROADSTER/lr_ws/install/cg_msgs/share/cg_msgs/hook/ld_library_path_lib.ps1'
[3.317s] INFO:colcon.colcon_core.shell:Creating environment descriptor '/root/Lunar_ROADSTER/lr_ws/install/cg_msgs/share/cg_msgs/hook/ld_library_path_lib.dsv'
[3.318s] INFO:colcon.colcon_core.shell:Creating environment hook '/root/Lunar_ROADSTER/lr_ws/install/cg_msgs/share/cg_msgs/hook/ld_library_path_lib.sh'
[3.320s] Level 1:colcon.colcon_core.environment:checking '/root/Lunar_ROADSTER/lr_ws/install/cg_msgs/bin'
[3.320s] Level 1:colcon.colcon_core.environment:checking '/root/Lunar_ROADSTER/lr_ws/install/cg_msgs/lib/pkgconfig/cg_msgs.pc'
[3.321s] Level 1:colcon.colcon_core.environment:checking '/root/Lunar_ROADSTER/lr_ws/install/cg_msgs/lib/python3.10/site-packages'
[3.322s] Level 1:colcon.colcon_core.environment:checking '/root/Lunar_ROADSTER/lr_ws/install/cg_msgs/bin'
[3.323s] INFO:colcon.colcon_core.shell:Creating package script '/root/Lunar_ROADSTER/lr_ws/install/cg_msgs/share/cg_msgs/package.ps1'
[3.325s] INFO:colcon.colcon_core.shell:Creating package descriptor '/root/Lunar_ROADSTER/lr_ws/install/cg_msgs/share/cg_msgs/package.dsv'
[3.327s] INFO:colcon.colcon_core.shell:Creating package script '/root/Lunar_ROADSTER/lr_ws/install/cg_msgs/share/cg_msgs/package.sh'
[3.329s] INFO:colcon.colcon_core.shell:Creating package script '/root/Lunar_ROADSTER/lr_ws/install/cg_msgs/share/cg_msgs/package.bash'
[3.330s] INFO:colcon.colcon_core.shell:Creating package script '/root/Lunar_ROADSTER/lr_ws/install/cg_msgs/share/cg_msgs/package.zsh'
[3.332s] Level 1:colcon.colcon_core.environment:create_file_with_runtime_dependencies(/root/Lunar_ROADSTER/lr_ws/install/cg_msgs/share/colcon-core/packages/cg_msgs)
[3.334s] INFO:colcon.colcon_ros.task.ament_cmake.build:Building ROS package in '/root/Lunar_ROADSTER/lr_ws/src/arduino' with build type 'ament_cmake'
[3.334s] INFO:colcon.colcon_cmake.task.cmake.build:Building CMake package in '/root/Lunar_ROADSTER/lr_ws/src/arduino'
[3.335s] INFO:colcon.colcon_core.shell:Skip shell extension 'powershell' for command environment: Not usable outside of PowerShell
[3.336s] DEBUG:colcon.colcon_core.shell:Skip shell extension 'dsv' for command environment
[3.350s] INFO:colcon.colcon_ros.task.ament_cmake.build:Building ROS package in '/root/Lunar_ROADSTER/lr_ws/src/localization' with build type 'ament_cmake'
[3.350s] INFO:colcon.colcon_cmake.task.cmake.build:Building CMake package in '/root/Lunar_ROADSTER/lr_ws/src/localization'
[3.352s] INFO:colcon.colcon_core.shell:Skip shell extension 'powershell' for command environment: Not usable outside of PowerShell
[3.352s] DEBUG:colcon.colcon_core.shell:Skip shell extension 'dsv' for command environment
[3.368s] INFO:colcon.colcon_ros.task.ament_cmake.build:Building ROS package in '/root/Lunar_ROADSTER/lr_ws/src/motion_control' with build type 'ament_cmake'
[3.370s] INFO:colcon.colcon_cmake.task.cmake.build:Building CMake package in '/root/Lunar_ROADSTER/lr_ws/src/motion_control'
[3.372s] INFO:colcon.colcon_core.shell:Skip shell extension 'powershell' for command environment: Not usable outside of PowerShell
[3.373s] DEBUG:colcon.colcon_core.shell:Skip shell extension 'dsv' for command environment
[3.396s] INFO:colcon.colcon_ros.task.ament_cmake.build:Building ROS package in '/root/Lunar_ROADSTER/lr_ws/src/teleop' with build type 'ament_cmake'
[3.397s] INFO:colcon.colcon_cmake.task.cmake.build:Building CMake package in '/root/Lunar_ROADSTER/lr_ws/src/teleop'
[3.398s] INFO:colcon.colcon_core.shell:Skip shell extension 'powershell' for command environment: Not usable outside of PowerShell
[3.398s] DEBUG:colcon.colcon_core.shell:Skip shell extension 'dsv' for command environment
[3.439s] DEBUG:colcon.colcon_core.event_handler.log_command:Invoking command in '/root/Lunar_ROADSTER/lr_ws/build/arduino': AMENT_PREFIX_PATH=/root/Lunar_ROADSTER/lr_ws/install/cg_msgs:${AMENT_PREFIX_PATH} CMAKE_PREFIX_PATH=/root/Lunar_ROADSTER/lr_ws/install/cg_msgs:/opt/ros/humble LD_LIBRARY_PATH=/root/Lunar_ROADSTER/lr_ws/install/cg_msgs/lib:/opt/ros/humble/opt/rviz_ogre_vendor/lib:/opt/ros/humble/lib/aarch64-linux-gnu:/opt/ros/humble/lib:/usr/local/cuda/lib64 PYTHONPATH=/root/Lunar_ROADSTER/lr_ws/install/cg_msgs/local/lib/python3.10/dist-packages:${PYTHONPATH} /usr/local/bin/cmake --build /root/Lunar_ROADSTER/lr_ws/build/arduino -- -j4 -l4
[3.468s] DEBUG:colcon.colcon_core.event_handler.log_command:Invoking command in '/root/Lunar_ROADSTER/lr_ws/build/localization': AMENT_PREFIX_PATH=/root/Lunar_ROADSTER/lr_ws/install/cg_msgs:${AMENT_PREFIX_PATH} CMAKE_PREFIX_PATH=/root/Lunar_ROADSTER/lr_ws/install/cg_msgs:/opt/ros/humble LD_LIBRARY_PATH=/root/Lunar_ROADSTER/lr_ws/install/cg_msgs/lib:/opt/ros/humble/opt/rviz_ogre_vendor/lib:/opt/ros/humble/lib/aarch64-linux-gnu:/opt/ros/humble/lib:/usr/local/cuda/lib64 PYTHONPATH=/root/Lunar_ROADSTER/lr_ws/install/cg_msgs/local/lib/python3.10/dist-packages:${PYTHONPATH} /usr/local/bin/cmake --build /root/Lunar_ROADSTER/lr_ws/build/localization -- -j4 -l4
[3.481s] DEBUG:colcon.colcon_core.event_handler.log_command:Invoking command in '/root/Lunar_ROADSTER/lr_ws/build/motion_control': AMENT_PREFIX_PATH=/root/Lunar_ROADSTER/lr_ws/install/cg_msgs:${AMENT_PREFIX_PATH} CMAKE_PREFIX_PATH=/root/Lunar_ROADSTER/lr_ws/install/cg_msgs:/opt/ros/humble LD_LIBRARY_PATH=/root/Lunar_ROADSTER/lr_ws/install/cg_msgs/lib:/opt/ros/humble/opt/rviz_ogre_vendor/lib:/opt/ros/humble/lib/aarch64-linux-gnu:/opt/ros/humble/lib:/usr/local/cuda/lib64 PYTHONPATH=/root/Lunar_ROADSTER/lr_ws/install/cg_msgs/local/lib/python3.10/dist-packages:${PYTHONPATH} /usr/local/bin/cmake /root/Lunar_ROADSTER/lr_ws/src/motion_control -DCMAKE_INSTALL_PREFIX=/root/Lunar_ROADSTER/lr_ws/install/motion_control
[3.532s] DEBUG:colcon.colcon_core.event_handler.log_command:Invoking command in '/root/Lunar_ROADSTER/lr_ws/build/teleop': AMENT_PREFIX_PATH=/root/Lunar_ROADSTER/lr_ws/install/cg_msgs:${AMENT_PREFIX_PATH} CMAKE_PREFIX_PATH=/root/Lunar_ROADSTER/lr_ws/install/cg_msgs:/opt/ros/humble LD_LIBRARY_PATH=/root/Lunar_ROADSTER/lr_ws/install/cg_msgs/lib:/opt/ros/humble/opt/rviz_ogre_vendor/lib:/opt/ros/humble/lib/aarch64-linux-gnu:/opt/ros/humble/lib:/usr/local/cuda/lib64 PYTHONPATH=/root/Lunar_ROADSTER/lr_ws/install/cg_msgs/local/lib/python3.10/dist-packages:${PYTHONPATH} /usr/local/bin/cmake --build /root/Lunar_ROADSTER/lr_ws/build/teleop -- -j4 -l4
[4.237s] DEBUG:colcon.colcon_core.event_handler.log_command:Invoked command in '/root/Lunar_ROADSTER/lr_ws/build/localization' returned '0': AMENT_PREFIX_PATH=/root/Lunar_ROADSTER/lr_ws/install/cg_msgs:${AMENT_PREFIX_PATH} CMAKE_PREFIX_PATH=/root/Lunar_ROADSTER/lr_ws/install/cg_msgs:/opt/ros/humble LD_LIBRARY_PATH=/root/Lunar_ROADSTER/lr_ws/install/cg_msgs/lib:/opt/ros/humble/opt/rviz_ogre_vendor/lib:/opt/ros/humble/lib/aarch64-linux-gnu:/opt/ros/humble/lib:/usr/local/cuda/lib64 PYTHONPATH=/root/Lunar_ROADSTER/lr_ws/install/cg_msgs/local/lib/python3.10/dist-packages:${PYTHONPATH} /usr/local/bin/cmake --build /root/Lunar_ROADSTER/lr_ws/build/localization -- -j4 -l4
[4.239s] DEBUG:colcon.colcon_core.event_handler.log_command:Invoking command in '/root/Lunar_ROADSTER/lr_ws/build/localization': AMENT_PREFIX_PATH=/root/Lunar_ROADSTER/lr_ws/install/cg_msgs:${AMENT_PREFIX_PATH} CMAKE_PREFIX_PATH=/root/Lunar_ROADSTER/lr_ws/install/cg_msgs:/opt/ros/humble LD_LIBRARY_PATH=/root/Lunar_ROADSTER/lr_ws/install/cg_msgs/lib:/opt/ros/humble/opt/rviz_ogre_vendor/lib:/opt/ros/humble/lib/aarch64-linux-gnu:/opt/ros/humble/lib:/usr/local/cuda/lib64 PYTHONPATH=/root/Lunar_ROADSTER/lr_ws/install/cg_msgs/local/lib/python3.10/dist-packages:${PYTHONPATH} /usr/local/bin/cmake --install /root/Lunar_ROADSTER/lr_ws/build/localization
[4.946s] Level 1:colcon.colcon_core.environment:create_environment_scripts_only(localization)
[4.947s] Level 1:colcon.colcon_core.environment:checking '/root/Lunar_ROADSTER/lr_ws/install/localization' for CMake module files
[4.951s] Level 1:colcon.colcon_core.environment:checking '/root/Lunar_ROADSTER/lr_ws/install/localization' for CMake config files
[4.953s] DEBUG:colcon.colcon_core.event_handler.log_command:Invoked command in '/root/Lunar_ROADSTER/lr_ws/build/localization' returned '0': AMENT_PREFIX_PATH=/root/Lunar_ROADSTER/lr_ws/install/cg_msgs:${AMENT_PREFIX_PATH} CMAKE_PREFIX_PATH=/root/Lunar_ROADSTER/lr_ws/install/cg_msgs:/opt/ros/humble LD_LIBRARY_PATH=/root/Lunar_ROADSTER/lr_ws/install/cg_msgs/lib:/opt/ros/humble/opt/rviz_ogre_vendor/lib:/opt/ros/humble/lib/aarch64-linux-gnu:/opt/ros/humble/lib:/usr/local/cuda/lib64 PYTHONPATH=/root/Lunar_ROADSTER/lr_ws/install/cg_msgs/local/lib/python3.10/dist-packages:${PYTHONPATH} /usr/local/bin/cmake --install /root/Lunar_ROADSTER/lr_ws/build/localization
[4.954s] Level 1:colcon.colcon_core.shell:create_environment_hook('localization', 'cmake_prefix_path')
[4.955s] INFO:colcon.colcon_core.shell:Creating environment hook '/root/Lunar_ROADSTER/lr_ws/install/localization/share/localization/hook/cmake_prefix_path.ps1'
[4.957s] INFO:colcon.colcon_core.shell:Creating environment descriptor '/root/Lunar_ROADSTER/lr_ws/install/localization/share/localization/hook/cmake_prefix_path.dsv'
[4.959s] INFO:colcon.colcon_core.shell:Creating environment hook '/root/Lunar_ROADSTER/lr_ws/install/localization/share/localization/hook/cmake_prefix_path.sh'
[4.962s] Level 1:colcon.colcon_core.environment:checking '/root/Lunar_ROADSTER/lr_ws/install/localization/lib'
[4.963s] Level 1:colcon.colcon_core.environment:checking '/root/Lunar_ROADSTER/lr_ws/install/localization/bin'
[4.963s] Level 1:colcon.colcon_core.environment:checking '/root/Lunar_ROADSTER/lr_ws/install/localization/lib/pkgconfig/localization.pc'
[4.964s] Level 1:colcon.colcon_core.environment:checking '/root/Lunar_ROADSTER/lr_ws/install/localization/lib/python3.10/site-packages'
[4.965s] Level 1:colcon.colcon_core.environment:checking '/root/Lunar_ROADSTER/lr_ws/install/localization/bin'
[4.966s] INFO:colcon.colcon_core.shell:Creating package script '/root/Lunar_ROADSTER/lr_ws/install/localization/share/localization/package.ps1'
[4.993s] INFO:colcon.colcon_core.shell:Creating package descriptor '/root/Lunar_ROADSTER/lr_ws/install/localization/share/localization/package.dsv'
[4.995s] INFO:colcon.colcon_core.shell:Creating package script '/root/Lunar_ROADSTER/lr_ws/install/localization/share/localization/package.sh'
[4.998s] INFO:colcon.colcon_core.shell:Creating package script '/root/Lunar_ROADSTER/lr_ws/install/localization/share/localization/package.bash'
[4.999s] INFO:colcon.colcon_core.shell:Creating package script '/root/Lunar_ROADSTER/lr_ws/install/localization/share/localization/package.zsh'
[5.006s] Level 1:colcon.colcon_core.environment:create_file_with_runtime_dependencies(/root/Lunar_ROADSTER/lr_ws/install/localization/share/colcon-core/packages/localization)
[5.010s] Level 1:colcon.colcon_core.environment:create_environment_scripts_only(localization)
[5.016s] Level 1:colcon.colcon_core.environment:checking '/root/Lunar_ROADSTER/lr_ws/install/localization' for CMake module files
[5.030s] Level 1:colcon.colcon_core.environment:checking '/root/Lunar_ROADSTER/lr_ws/install/localization' for CMake config files
[5.042s] Level 1:colcon.colcon_core.shell:create_environment_hook('localization', 'cmake_prefix_path')
[5.043s] INFO:colcon.colcon_core.shell:Creating environment hook '/root/Lunar_ROADSTER/lr_ws/install/localization/share/localization/hook/cmake_prefix_path.ps1'
[5.047s] INFO:colcon.colcon_core.shell:Creating environment descriptor '/root/Lunar_ROADSTER/lr_ws/install/localization/share/localization/hook/cmake_prefix_path.dsv'
[5.048s] INFO:colcon.colcon_core.shell:Creating environment hook '/root/Lunar_ROADSTER/lr_ws/install/localization/share/localization/hook/cmake_prefix_path.sh'
[5.061s] Level 1:colcon.colcon_core.environment:checking '/root/Lunar_ROADSTER/lr_ws/install/localization/lib'
[5.061s] Level 1:colcon.colcon_core.environment:checking '/root/Lunar_ROADSTER/lr_ws/install/localization/bin'
[5.062s] Level 1:colcon.colcon_core.environment:checking '/root/Lunar_ROADSTER/lr_ws/install/localization/lib/pkgconfig/localization.pc'
[5.063s] Level 1:colcon.colcon_core.environment:checking '/root/Lunar_ROADSTER/lr_ws/install/localization/lib/python3.10/site-packages'
[5.070s] Level 1:colcon.colcon_core.environment:checking '/root/Lunar_ROADSTER/lr_ws/install/localization/bin'
[5.071s] INFO:colcon.colcon_core.shell:Creating package script '/root/Lunar_ROADSTER/lr_ws/install/localization/share/localization/package.ps1'
[5.074s] INFO:colcon.colcon_core.shell:Creating package descriptor '/root/Lunar_ROADSTER/lr_ws/install/localization/share/localization/package.dsv'
[5.082s] INFO:colcon.colcon_core.shell:Creating package script '/root/Lunar_ROADSTER/lr_ws/install/localization/share/localization/package.sh'
[5.084s] INFO:colcon.colcon_core.shell:Creating package script '/root/Lunar_ROADSTER/lr_ws/install/localization/share/localization/package.bash'
[5.095s] INFO:colcon.colcon_core.shell:Creating package script '/root/Lunar_ROADSTER/lr_ws/install/localization/share/localization/package.zsh'
[5.101s] Level 1:colcon.colcon_core.environment:create_file_with_runtime_dependencies(/root/Lunar_ROADSTER/lr_ws/install/localization/share/colcon-core/packages/localization)
[7.910s] DEBUG:colcon.colcon_core.event_handler.log_command:Invoked command in '/root/Lunar_ROADSTER/lr_ws/build/motion_control' returned '0': AMENT_PREFIX_PATH=/root/Lunar_ROADSTER/lr_ws/install/cg_msgs:${AMENT_PREFIX_PATH} CMAKE_PREFIX_PATH=/root/Lunar_ROADSTER/lr_ws/install/cg_msgs:/opt/ros/humble LD_LIBRARY_PATH=/root/Lunar_ROADSTER/lr_ws/install/cg_msgs/lib:/opt/ros/humble/opt/rviz_ogre_vendor/lib:/opt/ros/humble/lib/aarch64-linux-gnu:/opt/ros/humble/lib:/usr/local/cuda/lib64 PYTHONPATH=/root/Lunar_ROADSTER/lr_ws/install/cg_msgs/local/lib/python3.10/dist-packages:${PYTHONPATH} /usr/local/bin/cmake /root/Lunar_ROADSTER/lr_ws/src/motion_control -DCMAKE_INSTALL_PREFIX=/root/Lunar_ROADSTER/lr_ws/install/motion_control
[7.912s] DEBUG:colcon.colcon_core.event_handler.log_command:Invoking command in '/root/Lunar_ROADSTER/lr_ws/build/motion_control': AMENT_PREFIX_PATH=/root/Lunar_ROADSTER/lr_ws/install/cg_msgs:${AMENT_PREFIX_PATH} CMAKE_PREFIX_PATH=/root/Lunar_ROADSTER/lr_ws/install/cg_msgs:/opt/ros/humble LD_LIBRARY_PATH=/root/Lunar_ROADSTER/lr_ws/install/cg_msgs/lib:/opt/ros/humble/opt/rviz_ogre_vendor/lib:/opt/ros/humble/lib/aarch64-linux-gnu:/opt/ros/humble/lib:/usr/local/cuda/lib64 PYTHONPATH=/root/Lunar_ROADSTER/lr_ws/install/cg_msgs/local/lib/python3.10/dist-packages:${PYTHONPATH} /usr/local/bin/cmake --build /root/Lunar_ROADSTER/lr_ws/build/motion_control -- -j4 -l4
[90.203s] DEBUG:colcon.colcon_core.event_handler.log_command:Invoked command in '/root/Lunar_ROADSTER/lr_ws/build/arduino' returned '0': AMENT_PREFIX_PATH=/root/Lunar_ROADSTER/lr_ws/install/cg_msgs:${AMENT_PREFIX_PATH} CMAKE_PREFIX_PATH=/root/Lunar_ROADSTER/lr_ws/install/cg_msgs:/opt/ros/humble LD_LIBRARY_PATH=/root/Lunar_ROADSTER/lr_ws/install/cg_msgs/lib:/opt/ros/humble/opt/rviz_ogre_vendor/lib:/opt/ros/humble/lib/aarch64-linux-gnu:/opt/ros/humble/lib:/usr/local/cuda/lib64 PYTHONPATH=/root/Lunar_ROADSTER/lr_ws/install/cg_msgs/local/lib/python3.10/dist-packages:${PYTHONPATH} /usr/local/bin/cmake --build /root/Lunar_ROADSTER/lr_ws/build/arduino -- -j4 -l4
[90.213s] DEBUG:colcon.colcon_core.event_handler.log_command:Invoking command in '/root/Lunar_ROADSTER/lr_ws/build/arduino': AMENT_PREFIX_PATH=/root/Lunar_ROADSTER/lr_ws/install/cg_msgs:${AMENT_PREFIX_PATH} CMAKE_PREFIX_PATH=/root/Lunar_ROADSTER/lr_ws/install/cg_msgs:/opt/ros/humble LD_LIBRARY_PATH=/root/Lunar_ROADSTER/lr_ws/install/cg_msgs/lib:/opt/ros/humble/opt/rviz_ogre_vendor/lib:/opt/ros/humble/lib/aarch64-linux-gnu:/opt/ros/humble/lib:/usr/local/cuda/lib64 PYTHONPATH=/root/Lunar_ROADSTER/lr_ws/install/cg_msgs/local/lib/python3.10/dist-packages:${PYTHONPATH} /usr/local/bin/cmake --install /root/Lunar_ROADSTER/lr_ws/build/arduino
[90.385s] Level 1:colcon.colcon_core.environment:create_environment_scripts_only(arduino)
[90.386s] Level 1:colcon.colcon_core.environment:checking '/root/Lunar_ROADSTER/lr_ws/install/arduino' for CMake module files
[90.391s] Level 1:colcon.colcon_core.environment:checking '/root/Lunar_ROADSTER/lr_ws/install/arduino' for CMake config files
[90.391s] DEBUG:colcon.colcon_core.event_handler.log_command:Invoked command in '/root/Lunar_ROADSTER/lr_ws/build/arduino' returned '0': AMENT_PREFIX_PATH=/root/Lunar_ROADSTER/lr_ws/install/cg_msgs:${AMENT_PREFIX_PATH} CMAKE_PREFIX_PATH=/root/Lunar_ROADSTER/lr_ws/install/cg_msgs:/opt/ros/humble LD_LIBRARY_PATH=/root/Lunar_ROADSTER/lr_ws/install/cg_msgs/lib:/opt/ros/humble/opt/rviz_ogre_vendor/lib:/opt/ros/humble/lib/aarch64-linux-gnu:/opt/ros/humble/lib:/usr/local/cuda/lib64 PYTHONPATH=/root/Lunar_ROADSTER/lr_ws/install/cg_msgs/local/lib/python3.10/dist-packages:${PYTHONPATH} /usr/local/bin/cmake --install /root/Lunar_ROADSTER/lr_ws/build/arduino
[90.394s] Level 1:colcon.colcon_core.shell:create_environment_hook('arduino', 'cmake_prefix_path')
[90.395s] INFO:colcon.colcon_core.shell:Creating environment hook '/root/Lunar_ROADSTER/lr_ws/install/arduino/share/arduino/hook/cmake_prefix_path.ps1'
[90.400s] INFO:colcon.colcon_core.shell:Creating environment descriptor '/root/Lunar_ROADSTER/lr_ws/install/arduino/share/arduino/hook/cmake_prefix_path.dsv'
[90.403s] INFO:colcon.colcon_core.shell:Creating environment hook '/root/Lunar_ROADSTER/lr_ws/install/arduino/share/arduino/hook/cmake_prefix_path.sh'
[90.407s] Level 1:colcon.colcon_core.environment:checking '/root/Lunar_ROADSTER/lr_ws/install/arduino/lib'
[90.408s] Level 1:colcon.colcon_core.environment:checking '/root/Lunar_ROADSTER/lr_ws/install/arduino/bin'
[90.409s] Level 1:colcon.colcon_core.environment:checking '/root/Lunar_ROADSTER/lr_ws/install/arduino/lib/pkgconfig/arduino.pc'
[90.410s] Level 1:colcon.colcon_core.environment:checking '/root/Lunar_ROADSTER/lr_ws/install/arduino/lib/python3.10/site-packages'
[90.411s] Level 1:colcon.colcon_core.environment:checking '/root/Lunar_ROADSTER/lr_ws/install/arduino/bin'
[90.413s] INFO:colcon.colcon_core.shell:Creating package script '/root/Lunar_ROADSTER/lr_ws/install/arduino/share/arduino/package.ps1'
[90.416s] INFO:colcon.colcon_core.shell:Creating package descriptor '/root/Lunar_ROADSTER/lr_ws/install/arduino/share/arduino/package.dsv'
[90.418s] INFO:colcon.colcon_core.shell:Creating package script '/root/Lunar_ROADSTER/lr_ws/install/arduino/share/arduino/package.sh'
[90.423s] INFO:colcon.colcon_core.shell:Creating package script '/root/Lunar_ROADSTER/lr_ws/install/arduino/share/arduino/package.bash'
[90.425s] INFO:colcon.colcon_core.shell:Creating package script '/root/Lunar_ROADSTER/lr_ws/install/arduino/share/arduino/package.zsh'
[90.427s] Level 1:colcon.colcon_core.environment:create_file_with_runtime_dependencies(/root/Lunar_ROADSTER/lr_ws/install/arduino/share/colcon-core/packages/arduino)
[90.433s] Level 1:colcon.colcon_core.environment:create_environment_scripts_only(arduino)
[90.434s] Level 1:colcon.colcon_core.environment:checking '/root/Lunar_ROADSTER/lr_ws/install/arduino' for CMake module files
[90.437s] Level 1:colcon.colcon_core.environment:checking '/root/Lunar_ROADSTER/lr_ws/install/arduino' for CMake config files
[90.439s] Level 1:colcon.colcon_core.shell:create_environment_hook('arduino', 'cmake_prefix_path')
[90.440s] INFO:colcon.colcon_core.shell:Creating environment hook '/root/Lunar_ROADSTER/lr_ws/install/arduino/share/arduino/hook/cmake_prefix_path.ps1'
[90.442s] INFO:colcon.colcon_core.shell:Creating environment descriptor '/root/Lunar_ROADSTER/lr_ws/install/arduino/share/arduino/hook/cmake_prefix_path.dsv'
[90.444s] INFO:colcon.colcon_core.shell:Creating environment hook '/root/Lunar_ROADSTER/lr_ws/install/arduino/share/arduino/hook/cmake_prefix_path.sh'
[90.448s] Level 1:colcon.colcon_core.environment:checking '/root/Lunar_ROADSTER/lr_ws/install/arduino/lib'
[90.448s] Level 1:colcon.colcon_core.environment:checking '/root/Lunar_ROADSTER/lr_ws/install/arduino/bin'
[90.449s] Level 1:colcon.colcon_core.environment:checking '/root/Lunar_ROADSTER/lr_ws/install/arduino/lib/pkgconfig/arduino.pc'
[90.451s] Level 1:colcon.colcon_core.environment:checking '/root/Lunar_ROADSTER/lr_ws/install/arduino/lib/python3.10/site-packages'
[90.456s] Level 1:colcon.colcon_core.environment:checking '/root/Lunar_ROADSTER/lr_ws/install/arduino/bin'
[90.460s] INFO:colcon.colcon_core.shell:Creating package script '/root/Lunar_ROADSTER/lr_ws/install/arduino/share/arduino/package.ps1'
[90.463s] INFO:colcon.colcon_core.shell:Creating package descriptor '/root/Lunar_ROADSTER/lr_ws/install/arduino/share/arduino/package.dsv'
[90.466s] INFO:colcon.colcon_core.shell:Creating package script '/root/Lunar_ROADSTER/lr_ws/install/arduino/share/arduino/package.sh'
[90.468s] INFO:colcon.colcon_core.shell:Creating package script '/root/Lunar_ROADSTER/lr_ws/install/arduino/share/arduino/package.bash'
[90.471s] INFO:colcon.colcon_core.shell:Creating package script '/root/Lunar_ROADSTER/lr_ws/install/arduino/share/arduino/package.zsh'
[90.474s] Level 1:colcon.colcon_core.environment:create_file_with_runtime_dependencies(/root/Lunar_ROADSTER/lr_ws/install/arduino/share/colcon-core/packages/arduino)
[90.959s] DEBUG:colcon.colcon_core.event_handler.log_command:Invoked command in '/root/Lunar_ROADSTER/lr_ws/build/motion_control' returned '0': AMENT_PREFIX_PATH=/root/Lunar_ROADSTER/lr_ws/install/cg_msgs:${AMENT_PREFIX_PATH} CMAKE_PREFIX_PATH=/root/Lunar_ROADSTER/lr_ws/install/cg_msgs:/opt/ros/humble LD_LIBRARY_PATH=/root/Lunar_ROADSTER/lr_ws/install/cg_msgs/lib:/opt/ros/humble/opt/rviz_ogre_vendor/lib:/opt/ros/humble/lib/aarch64-linux-gnu:/opt/ros/humble/lib:/usr/local/cuda/lib64 PYTHONPATH=/root/Lunar_ROADSTER/lr_ws/install/cg_msgs/local/lib/python3.10/dist-packages:${PYTHONPATH} /usr/local/bin/cmake --build /root/Lunar_ROADSTER/lr_ws/build/motion_control -- -j4 -l4
[90.962s] DEBUG:colcon.colcon_core.event_handler.log_command:Invoking command in '/root/Lunar_ROADSTER/lr_ws/build/motion_control': AMENT_PREFIX_PATH=/root/Lunar_ROADSTER/lr_ws/install/cg_msgs:${AMENT_PREFIX_PATH} CMAKE_PREFIX_PATH=/root/Lunar_ROADSTER/lr_ws/install/cg_msgs:/opt/ros/humble LD_LIBRARY_PATH=/root/Lunar_ROADSTER/lr_ws/install/cg_msgs/lib:/opt/ros/humble/opt/rviz_ogre_vendor/lib:/opt/ros/humble/lib/aarch64-linux-gnu:/opt/ros/humble/lib:/usr/local/cuda/lib64 PYTHONPATH=/root/Lunar_ROADSTER/lr_ws/install/cg_msgs/local/lib/python3.10/dist-packages:${PYTHONPATH} /usr/local/bin/cmake --install /root/Lunar_ROADSTER/lr_ws/build/motion_control
[91.123s] Level 1:colcon.colcon_core.environment:create_environment_scripts_only(motion_control)
[91.126s] Level 1:colcon.colcon_core.environment:checking '/root/Lunar_ROADSTER/lr_ws/install/motion_control' for CMake module files
[91.129s] Level 1:colcon.colcon_core.environment:checking '/root/Lunar_ROADSTER/lr_ws/install/motion_control' for CMake config files
[91.130s] Level 1:colcon.colcon_core.shell:create_environment_hook('motion_control', 'cmake_prefix_path')
[91.131s] INFO:colcon.colcon_core.shell:Creating environment hook '/root/Lunar_ROADSTER/lr_ws/install/motion_control/share/motion_control/hook/cmake_prefix_path.ps1'
[91.125s] DEBUG:colcon.colcon_core.event_handler.log_command:Invoked command in '/root/Lunar_ROADSTER/lr_ws/build/motion_control' returned '0': AMENT_PREFIX_PATH=/root/Lunar_ROADSTER/lr_ws/install/cg_msgs:${AMENT_PREFIX_PATH} CMAKE_PREFIX_PATH=/root/Lunar_ROADSTER/lr_ws/install/cg_msgs:/opt/ros/humble LD_LIBRARY_PATH=/root/Lunar_ROADSTER/lr_ws/install/cg_msgs/lib:/opt/ros/humble/opt/rviz_ogre_vendor/lib:/opt/ros/humble/lib/aarch64-linux-gnu:/opt/ros/humble/lib:/usr/local/cuda/lib64 PYTHONPATH=/root/Lunar_ROADSTER/lr_ws/install/cg_msgs/local/lib/python3.10/dist-packages:${PYTHONPATH} /usr/local/bin/cmake --install /root/Lunar_ROADSTER/lr_ws/build/motion_control
[91.135s] INFO:colcon.colcon_core.shell:Creating environment descriptor '/root/Lunar_ROADSTER/lr_ws/install/motion_control/share/motion_control/hook/cmake_prefix_path.dsv'
[91.137s] INFO:colcon.colcon_core.shell:Creating environment hook '/root/Lunar_ROADSTER/lr_ws/install/motion_control/share/motion_control/hook/cmake_prefix_path.sh'
[91.140s] Level 1:colcon.colcon_core.environment:checking '/root/Lunar_ROADSTER/lr_ws/install/motion_control/lib'
[91.140s] Level 1:colcon.colcon_core.environment:checking '/root/Lunar_ROADSTER/lr_ws/install/motion_control/bin'
[91.140s] Level 1:colcon.colcon_core.environment:checking '/root/Lunar_ROADSTER/lr_ws/install/motion_control/lib/pkgconfig/motion_control.pc'
[91.142s] Level 1:colcon.colcon_core.environment:checking '/root/Lunar_ROADSTER/lr_ws/install/motion_control/lib/python3.10/site-packages'
[91.143s] Level 1:colcon.colcon_core.environment:checking '/root/Lunar_ROADSTER/lr_ws/install/motion_control/bin'
[91.144s] INFO:colcon.colcon_core.shell:Creating package script '/root/Lunar_ROADSTER/lr_ws/install/motion_control/share/motion_control/package.ps1'
[91.146s] INFO:colcon.colcon_core.shell:Creating package descriptor '/root/Lunar_ROADSTER/lr_ws/install/motion_control/share/motion_control/package.dsv'
[91.148s] INFO:colcon.colcon_core.shell:Creating package script '/root/Lunar_ROADSTER/lr_ws/install/motion_control/share/motion_control/package.sh'
[91.149s] INFO:colcon.colcon_core.shell:Creating package script '/root/Lunar_ROADSTER/lr_ws/install/motion_control/share/motion_control/package.bash'
[91.151s] INFO:colcon.colcon_core.shell:Creating package script '/root/Lunar_ROADSTER/lr_ws/install/motion_control/share/motion_control/package.zsh'
[91.153s] Level 1:colcon.colcon_core.environment:create_file_with_runtime_dependencies(/root/Lunar_ROADSTER/lr_ws/install/motion_control/share/colcon-core/packages/motion_control)
[91.155s] Level 1:colcon.colcon_core.environment:create_environment_scripts_only(motion_control)
[91.156s] Level 1:colcon.colcon_core.environment:checking '/root/Lunar_ROADSTER/lr_ws/install/motion_control' for CMake module files
[91.159s] Level 1:colcon.colcon_core.environment:checking '/root/Lunar_ROADSTER/lr_ws/install/motion_control' for CMake config files
[91.160s] Level 1:colcon.colcon_core.shell:create_environment_hook('motion_control', 'cmake_prefix_path')
[91.161s] INFO:colcon.colcon_core.shell:Creating environment hook '/root/Lunar_ROADSTER/lr_ws/install/motion_control/share/motion_control/hook/cmake_prefix_path.ps1'
[91.163s] INFO:colcon.colcon_core.shell:Creating environment descriptor '/root/Lunar_ROADSTER/lr_ws/install/motion_control/share/motion_control/hook/cmake_prefix_path.dsv'
[91.167s] INFO:colcon.colcon_core.shell:Creating environment hook '/root/Lunar_ROADSTER/lr_ws/install/motion_control/share/motion_control/hook/cmake_prefix_path.sh'
[91.171s] Level 1:colcon.colcon_core.environment:checking '/root/Lunar_ROADSTER/lr_ws/install/motion_control/lib'
[91.172s] Level 1:colcon.colcon_core.environment:checking '/root/Lunar_ROADSTER/lr_ws/install/motion_control/bin'
[91.173s] Level 1:colcon.colcon_core.environment:checking '/root/Lunar_ROADSTER/lr_ws/install/motion_control/lib/pkgconfig/motion_control.pc'
[91.174s] Level 1:colcon.colcon_core.environment:checking '/root/Lunar_ROADSTER/lr_ws/install/motion_control/lib/python3.10/site-packages'
[91.175s] Level 1:colcon.colcon_core.environment:checking '/root/Lunar_ROADSTER/lr_ws/install/motion_control/bin'
[91.176s] INFO:colcon.colcon_core.shell:Creating package script '/root/Lunar_ROADSTER/lr_ws/install/motion_control/share/motion_control/package.ps1'
[91.179s] INFO:colcon.colcon_core.shell:Creating package descriptor '/root/Lunar_ROADSTER/lr_ws/install/motion_control/share/motion_control/package.dsv'
[91.181s] INFO:colcon.colcon_core.shell:Creating package script '/root/Lunar_ROADSTER/lr_ws/install/motion_control/share/motion_control/package.sh'
[91.184s] INFO:colcon.colcon_core.shell:Creating package script '/root/Lunar_ROADSTER/lr_ws/install/motion_control/share/motion_control/package.bash'
[91.186s] INFO:colcon.colcon_core.shell:Creating package script '/root/Lunar_ROADSTER/lr_ws/install/motion_control/share/motion_control/package.zsh'
[91.190s] Level 1:colcon.colcon_core.environment:create_file_with_runtime_dependencies(/root/Lunar_ROADSTER/lr_ws/install/motion_control/share/colcon-core/packages/motion_control)
[95.644s] DEBUG:colcon.colcon_core.event_handler.log_command:Invoked command in '/root/Lunar_ROADSTER/lr_ws/build/teleop' returned '0': AMENT_PREFIX_PATH=/root/Lunar_ROADSTER/lr_ws/install/cg_msgs:${AMENT_PREFIX_PATH} CMAKE_PREFIX_PATH=/root/Lunar_ROADSTER/lr_ws/install/cg_msgs:/opt/ros/humble LD_LIBRARY_PATH=/root/Lunar_ROADSTER/lr_ws/install/cg_msgs/lib:/opt/ros/humble/opt/rviz_ogre_vendor/lib:/opt/ros/humble/lib/aarch64-linux-gnu:/opt/ros/humble/lib:/usr/local/cuda/lib64 PYTHONPATH=/root/Lunar_ROADSTER/lr_ws/install/cg_msgs/local/lib/python3.10/dist-packages:${PYTHONPATH} /usr/local/bin/cmake --build /root/Lunar_ROADSTER/lr_ws/build/teleop -- -j4 -l4
[95.655s] DEBUG:colcon.colcon_core.event_handler.log_command:Invoking command in '/root/Lunar_ROADSTER/lr_ws/build/teleop': AMENT_PREFIX_PATH=/root/Lunar_ROADSTER/lr_ws/install/cg_msgs:${AMENT_PREFIX_PATH} CMAKE_PREFIX_PATH=/root/Lunar_ROADSTER/lr_ws/install/cg_msgs:/opt/ros/humble LD_LIBRARY_PATH=/root/Lunar_ROADSTER/lr_ws/install/cg_msgs/lib:/opt/ros/humble/opt/rviz_ogre_vendor/lib:/opt/ros/humble/lib/aarch64-linux-gnu:/opt/ros/humble/lib:/usr/local/cuda/lib64 PYTHONPATH=/root/Lunar_ROADSTER/lr_ws/install/cg_msgs/local/lib/python3.10/dist-packages:${PYTHONPATH} /usr/local/bin/cmake --install /root/Lunar_ROADSTER/lr_ws/build/teleop
[95.771s] Level 1:colcon.colcon_core.environment:create_environment_scripts_only(teleop)
[95.773s] Level 1:colcon.colcon_core.environment:checking '/root/Lunar_ROADSTER/lr_ws/install/teleop' for CMake module files
[95.775s] DEBUG:colcon.colcon_core.event_handler.log_command:Invoked command in '/root/Lunar_ROADSTER/lr_ws/build/teleop' returned '0': AMENT_PREFIX_PATH=/root/Lunar_ROADSTER/lr_ws/install/cg_msgs:${AMENT_PREFIX_PATH} CMAKE_PREFIX_PATH=/root/Lunar_ROADSTER/lr_ws/install/cg_msgs:/opt/ros/humble LD_LIBRARY_PATH=/root/Lunar_ROADSTER/lr_ws/install/cg_msgs/lib:/opt/ros/humble/opt/rviz_ogre_vendor/lib:/opt/ros/humble/lib/aarch64-linux-gnu:/opt/ros/humble/lib:/usr/local/cuda/lib64 PYTHONPATH=/root/Lunar_ROADSTER/lr_ws/install/cg_msgs/local/lib/python3.10/dist-packages:${PYTHONPATH} /usr/local/bin/cmake --install /root/Lunar_ROADSTER/lr_ws/build/teleop
[95.777s] Level 1:colcon.colcon_core.environment:checking '/root/Lunar_ROADSTER/lr_ws/install/teleop' for CMake config files
[95.779s] Level 1:colcon.colcon_core.shell:create_environment_hook('teleop', 'cmake_prefix_path')
[95.780s] INFO:colcon.colcon_core.shell:Creating environment hook '/root/Lunar_ROADSTER/lr_ws/install/teleop/share/teleop/hook/cmake_prefix_path.ps1'
[95.786s] INFO:colcon.colcon_core.shell:Creating environment descriptor '/root/Lunar_ROADSTER/lr_ws/install/teleop/share/teleop/hook/cmake_prefix_path.dsv'
[95.788s] INFO:colcon.colcon_core.shell:Creating environment hook '/root/Lunar_ROADSTER/lr_ws/install/teleop/share/teleop/hook/cmake_prefix_path.sh'
[95.792s] Level 1:colcon.colcon_core.environment:checking '/root/Lunar_ROADSTER/lr_ws/install/teleop/lib'
[95.793s] Level 1:colcon.colcon_core.environment:checking '/root/Lunar_ROADSTER/lr_ws/install/teleop/bin'
[95.793s] Level 1:colcon.colcon_core.environment:checking '/root/Lunar_ROADSTER/lr_ws/install/teleop/lib/pkgconfig/teleop.pc'
[95.794s] Level 1:colcon.colcon_core.environment:checking '/root/Lunar_ROADSTER/lr_ws/install/teleop/lib/python3.10/site-packages'
[95.795s] Level 1:colcon.colcon_core.environment:checking '/root/Lunar_ROADSTER/lr_ws/install/teleop/bin'
[95.796s] INFO:colcon.colcon_core.shell:Creating package script '/root/Lunar_ROADSTER/lr_ws/install/teleop/share/teleop/package.ps1'
[95.798s] INFO:colcon.colcon_core.shell:Creating package descriptor '/root/Lunar_ROADSTER/lr_ws/install/teleop/share/teleop/package.dsv'
[95.801s] INFO:colcon.colcon_core.shell:Creating package script '/root/Lunar_ROADSTER/lr_ws/install/teleop/share/teleop/package.sh'
[95.803s] INFO:colcon.colcon_core.shell:Creating package script '/root/Lunar_ROADSTER/lr_ws/install/teleop/share/teleop/package.bash'
[95.805s] INFO:colcon.colcon_core.shell:Creating package script '/root/Lunar_ROADSTER/lr_ws/install/teleop/share/teleop/package.zsh'
[95.806s] Level 1:colcon.colcon_core.environment:create_file_with_runtime_dependencies(/root/Lunar_ROADSTER/lr_ws/install/teleop/share/colcon-core/packages/teleop)
[95.811s] Level 1:colcon.colcon_core.environment:create_environment_scripts_only(teleop)
[95.812s] Level 1:colcon.colcon_core.environment:checking '/root/Lunar_ROADSTER/lr_ws/install/teleop' for CMake module files
[95.815s] Level 1:colcon.colcon_core.environment:checking '/root/Lunar_ROADSTER/lr_ws/install/teleop' for CMake config files
[95.816s] Level 1:colcon.colcon_core.shell:create_environment_hook('teleop', 'cmake_prefix_path')
[95.817s] INFO:colcon.colcon_core.shell:Creating environment hook '/root/Lunar_ROADSTER/lr_ws/install/teleop/share/teleop/hook/cmake_prefix_path.ps1'
[95.819s] INFO:colcon.colcon_core.shell:Creating environment descriptor '/root/Lunar_ROADSTER/lr_ws/install/teleop/share/teleop/hook/cmake_prefix_path.dsv'
[95.820s] INFO:colcon.colcon_core.shell:Creating environment hook '/root/Lunar_ROADSTER/lr_ws/install/teleop/share/teleop/hook/cmake_prefix_path.sh'
[95.824s] Level 1:colcon.colcon_core.environment:checking '/root/Lunar_ROADSTER/lr_ws/install/teleop/lib'
[95.824s] Level 1:colcon.colcon_core.environment:checking '/root/Lunar_ROADSTER/lr_ws/install/teleop/bin'
[95.825s] Level 1:colcon.colcon_core.environment:checking '/root/Lunar_ROADSTER/lr_ws/install/teleop/lib/pkgconfig/teleop.pc'
[95.826s] Level 1:colcon.colcon_core.environment:checking '/root/Lunar_ROADSTER/lr_ws/install/teleop/lib/python3.10/site-packages'
[95.826s] Level 1:colcon.colcon_core.environment:checking '/root/Lunar_ROADSTER/lr_ws/install/teleop/bin'
[95.828s] INFO:colcon.colcon_core.shell:Creating package script '/root/Lunar_ROADSTER/lr_ws/install/teleop/share/teleop/package.ps1'
[95.830s] INFO:colcon.colcon_core.shell:Creating package descriptor '/root/Lunar_ROADSTER/lr_ws/install/teleop/share/teleop/package.dsv'
[95.832s] INFO:colcon.colcon_core.shell:Creating package script '/root/Lunar_ROADSTER/lr_ws/install/teleop/share/teleop/package.sh'
[95.833s] INFO:colcon.colcon_core.shell:Creating package script '/root/Lunar_ROADSTER/lr_ws/install/teleop/share/teleop/package.bash'
[95.835s] INFO:colcon.colcon_core.shell:Creating package script '/root/Lunar_ROADSTER/lr_ws/install/teleop/share/teleop/package.zsh'
[95.837s] Level 1:colcon.colcon_core.environment:create_file_with_runtime_dependencies(/root/Lunar_ROADSTER/lr_ws/install/teleop/share/colcon-core/packages/teleop)
[95.837s] DEBUG:colcon.colcon_parallel_executor.executor.parallel:closing loop
[95.839s] DEBUG:colcon.colcon_parallel_executor.executor.parallel:loop closed
[95.839s] DEBUG:colcon.colcon_parallel_executor.executor.parallel:run_until_complete finished with '0'
[95.840s] DEBUG:colcon.colcon_core.event_reactor:joining thread
[95.870s] INFO:colcon.colcon_core.plugin_system:Skipping extension 'colcon_notification.desktop_notification.notify_send': Could not find 'notify-send'
[95.871s] INFO:colcon.colcon_core.plugin_system:Skipping extension 'colcon_notification.desktop_notification.terminal_notifier': Not used on non-Darwin systems
[95.871s] INFO:colcon.colcon_core.plugin_system:Skipping extension 'colcon_notification.desktop_notification.win32': Not used on non-Windows systems
[95.871s] INFO:colcon.colcon_notification.desktop_notification:Sending desktop notification using 'notify2'
[95.882s] DEBUG:colcon.colcon_notification.desktop_notification.notify2:Failed to initialize notify2: org.freedesktop.DBus.Error.Spawn.ExecFailed: /usr/bin/dbus-launch terminated abnormally without any error message
[95.885s] DEBUG:colcon.colcon_core.event_reactor:joined thread
[95.888s] INFO:colcon.colcon_core.shell:Creating prefix script '/root/Lunar_ROADSTER/lr_ws/install/local_setup.ps1'
[95.896s] INFO:colcon.colcon_core.shell:Creating prefix util module '/root/Lunar_ROADSTER/lr_ws/install/_local_setup_util_ps1.py'
[95.902s] INFO:colcon.colcon_core.shell:Creating prefix chain script '/root/Lunar_ROADSTER/lr_ws/install/setup.ps1'
[95.906s] INFO:colcon.colcon_core.shell:Creating prefix script '/root/Lunar_ROADSTER/lr_ws/install/local_setup.sh'
[95.909s] INFO:colcon.colcon_core.shell:Creating prefix util module '/root/Lunar_ROADSTER/lr_ws/install/_local_setup_util_sh.py'
[95.912s] INFO:colcon.colcon_core.shell:Creating prefix chain script '/root/Lunar_ROADSTER/lr_ws/install/setup.sh'
[95.919s] INFO:colcon.colcon_core.shell:Creating prefix script '/root/Lunar_ROADSTER/lr_ws/install/local_setup.bash'
[95.929s] INFO:colcon.colcon_core.shell:Creating prefix chain script '/root/Lunar_ROADSTER/lr_ws/install/setup.bash'
[95.934s] INFO:colcon.colcon_core.shell:Creating prefix script '/root/Lunar_ROADSTER/lr_ws/install/local_setup.zsh'
[95.938s] INFO:colcon.colcon_core.shell:Creating prefix chain script '/root/Lunar_ROADSTER/lr_ws/install/setup.zsh'
