[0.163s] Invoking command in '/root/Lunar_ROADSTER/lr_ws/build/teleop': AMENT_PREFIX_PATH=/root/Lunar_ROADSTER/lr_ws/install/cg_msgs:${AMENT_PREFIX_PATH} CMAKE_PREFIX_PATH=/root/Lunar_ROADSTER/lr_ws/install/cg_msgs:/opt/ros/humble LD_LIBRARY_PATH=/root/Lunar_ROADSTER/lr_ws/install/cg_msgs/lib:/opt/ros/humble/opt/rviz_ogre_vendor/lib:/opt/ros/humble/lib/aarch64-linux-gnu:/opt/ros/humble/lib:/usr/local/cuda/lib64 PYTHONPATH=/root/Lunar_ROADSTER/lr_ws/install/cg_msgs/local/lib/python3.10/dist-packages:${PYTHONPATH} /usr/local/bin/cmake --build /root/Lunar_ROADSTER/lr_ws/build/teleop -- -j4 -l4
[0.652s] [35m[1mConsolidate compiler generated dependencies of target teleop_node[0m
[0.736s] [100%] Built target teleop_node
[0.754s] Invoked command in '/root/Lunar_ROADSTER/lr_ws/build/teleop' returned '0': AMENT_PREFIX_PATH=/root/Lunar_ROADSTER/lr_ws/install/cg_msgs:${AMENT_PREFIX_PATH} CMAKE_PREFIX_PATH=/root/Lunar_ROADSTER/lr_ws/install/cg_msgs:/opt/ros/humble LD_LIBRARY_PATH=/root/Lunar_ROADSTER/lr_ws/install/cg_msgs/lib:/opt/ros/humble/opt/rviz_ogre_vendor/lib:/opt/ros/humble/lib/aarch64-linux-gnu:/opt/ros/humble/lib:/usr/local/cuda/lib64 PYTHONPATH=/root/Lunar_ROADSTER/lr_ws/install/cg_msgs/local/lib/python3.10/dist-packages:${PYTHONPATH} /usr/local/bin/cmake --build /root/Lunar_ROADSTER/lr_ws/build/teleop -- -j4 -l4
[0.802s] Invoking command in '/root/Lunar_ROADSTER/lr_ws/build/teleop': AMENT_PREFIX_PATH=/root/Lunar_ROADSTER/lr_ws/install/cg_msgs:${AMENT_PREFIX_PATH} CMAKE_PREFIX_PATH=/root/Lunar_ROADSTER/lr_ws/install/cg_msgs:/opt/ros/humble LD_LIBRARY_PATH=/root/Lunar_ROADSTER/lr_ws/install/cg_msgs/lib:/opt/ros/humble/opt/rviz_ogre_vendor/lib:/opt/ros/humble/lib/aarch64-linux-gnu:/opt/ros/humble/lib:/usr/local/cuda/lib64 PYTHONPATH=/root/Lunar_ROADSTER/lr_ws/install/cg_msgs/local/lib/python3.10/dist-packages:${PYTHONPATH} /usr/local/bin/cmake --install /root/Lunar_ROADSTER/lr_ws/build/teleop
[0.818s] -- Install configuration: ""
[0.819s] -- Up-to-date: /root/Lunar_ROADSTER/lr_ws/install/teleop/lib/teleop/teleop_node
[0.822s] -- Up-to-date: /root/Lunar_ROADSTER/lr_ws/install/teleop/include/teleop
[0.822s] -- Up-to-date: /root/Lunar_ROADSTER/lr_ws/install/teleop/include/teleop/teleop_node.hpp
[0.822s] -- Up-to-date: /root/Lunar_ROADSTER/lr_ws/install/teleop/share/teleop/launch
[0.823s] -- Up-to-date: /root/Lunar_ROADSTER/lr_ws/install/teleop/share/teleop/launch/joystick_launch.py
[0.823s] -- Up-to-date: /root/Lunar_ROADSTER/lr_ws/install/teleop/share/teleop//config
[0.824s] -- Up-to-date: /root/Lunar_ROADSTER/lr_ws/install/teleop/share/teleop//config/teleop_node_params.yaml
[0.824s] -- Up-to-date: /root/Lunar_ROADSTER/lr_ws/install/teleop/share/ament_index/resource_index/package_run_dependencies/teleop
[0.825s] -- Up-to-date: /root/Lunar_ROADSTER/lr_ws/install/teleop/share/ament_index/resource_index/parent_prefix_path/teleop
[0.832s] -- Up-to-date: /root/Lunar_ROADSTER/lr_ws/install/teleop/share/teleop/environment/ament_prefix_path.sh
[0.832s] -- Up-to-date: /root/Lunar_ROADSTER/lr_ws/install/teleop/share/teleop/environment/ament_prefix_path.dsv
[0.832s] -- Up-to-date: /root/Lunar_ROADSTER/lr_ws/install/teleop/share/teleop/environment/path.sh
[0.833s] -- Up-to-date: /root/Lunar_ROADSTER/lr_ws/install/teleop/share/teleop/environment/path.dsv
[0.833s] -- Up-to-date: /root/Lunar_ROADSTER/lr_ws/install/teleop/share/teleop/local_setup.bash
[0.833s] -- Up-to-date: /root/Lunar_ROADSTER/lr_ws/install/teleop/share/teleop/local_setup.sh
[0.834s] -- Up-to-date: /root/Lunar_ROADSTER/lr_ws/install/teleop/share/teleop/local_setup.zsh
[0.834s] -- Up-to-date: /root/Lunar_ROADSTER/lr_ws/install/teleop/share/teleop/local_setup.dsv
[0.834s] -- Installing: /root/Lunar_ROADSTER/lr_ws/install/teleop/share/teleop/package.dsv
[0.836s] -- Up-to-date: /root/Lunar_ROADSTER/lr_ws/install/teleop/share/ament_index/resource_index/packages/teleop
[0.836s] -- Up-to-date: /root/Lunar_ROADSTER/lr_ws/install/teleop/share/teleop/cmake/teleopConfig.cmake
[0.836s] -- Up-to-date: /root/Lunar_ROADSTER/lr_ws/install/teleop/share/teleop/cmake/teleopConfig-version.cmake
[0.837s] -- Up-to-date: /root/Lunar_ROADSTER/lr_ws/install/teleop/share/teleop/package.xml
[0.841s] Invoked command in '/root/Lunar_ROADSTER/lr_ws/build/teleop' returned '0': AMENT_PREFIX_PATH=/root/Lunar_ROADSTER/lr_ws/install/cg_msgs:${AMENT_PREFIX_PATH} CMAKE_PREFIX_PATH=/root/Lunar_ROADSTER/lr_ws/install/cg_msgs:/opt/ros/humble LD_LIBRARY_PATH=/root/Lunar_ROADSTER/lr_ws/install/cg_msgs/lib:/opt/ros/humble/opt/rviz_ogre_vendor/lib:/opt/ros/humble/lib/aarch64-linux-gnu:/opt/ros/humble/lib:/usr/local/cuda/lib64 PYTHONPATH=/root/Lunar_ROADSTER/lr_ws/install/cg_msgs/local/lib/python3.10/dist-packages:${PYTHONPATH} /usr/local/bin/cmake --install /root/Lunar_ROADSTER/lr_ws/build/teleop
