[0.247s] Invoking command in '/root/Lunar_ROADSTER/lr_ws/build/mapping': CMAKE_PREFIX_PATH=${CMAKE_PREFIX_PATH}:/root/Lunar_ROADSTER/lr_ws/install/nav2_simple_commander:/opt/ros/humble /usr/local/bin/cmake --build /root/Lunar_ROADSTER/lr_ws/build/mapping -- -j4 -l4
[0.596s] [35m[1mConsolidate compiler generated dependencies of target pc_handler_node[0m
[0.774s] [ 33%] Built target local_mapping_node
[0.814s] [ 75%] Built target global_mapping_node
[0.906s] [ 83%] [32mBuilding CXX object CMakeFiles/pc_handler_node.dir/src/pc_handler.cpp.o[0m
[55.098s] [ 91%] [32m[1mLinking CXX executable pc_handler_node[0m
[61.075s] [100%] Built target pc_handler_node
[61.109s] Invoked command in '/root/Lunar_ROADSTER/lr_ws/build/mapping' returned '0': CMAKE_PREFIX_PATH=${CMAKE_PREFIX_PATH}:/root/Lunar_ROADSTER/lr_ws/install/nav2_simple_commander:/opt/ros/humble /usr/local/bin/cmake --build /root/Lunar_ROADSTER/lr_ws/build/mapping -- -j4 -l4
[61.122s] Invoking command in '/root/Lunar_ROADSTER/lr_ws/build/mapping': CMAKE_PREFIX_PATH=${CMAKE_PREFIX_PATH}:/root/Lunar_ROADSTER/lr_ws/install/nav2_simple_commander:/opt/ros/humble /usr/local/bin/cmake --install /root/Lunar_ROADSTER/lr_ws/build/mapping
[61.150s] -- Install configuration: ""
[61.151s] -- Up-to-date: /root/Lunar_ROADSTER/lr_ws/install/mapping/lib/mapping/global_mapping_node
[61.153s] -- Up-to-date: /root/Lunar_ROADSTER/lr_ws/install/mapping/lib/mapping/local_mapping_node
[61.156s] -- Installing: /root/Lunar_ROADSTER/lr_ws/install/mapping/lib/mapping/pc_handler_node
[61.205s] -- Set runtime path of "/root/Lunar_ROADSTER/lr_ws/install/mapping/lib/mapping/pc_handler_node" to ""
[61.206s] -- Up-to-date: /root/Lunar_ROADSTER/lr_ws/install/mapping/share/mapping/launch
[61.209s] -- Up-to-date: /root/Lunar_ROADSTER/lr_ws/install/mapping/share/mapping/launch/mapping.launch.py
[61.209s] -- Up-to-date: /root/Lunar_ROADSTER/lr_ws/install/mapping/share/mapping/launch/rviz_config.rviz
[61.210s] -- Up-to-date: /root/Lunar_ROADSTER/lr_ws/install/mapping/share/ament_index/resource_index/package_run_dependencies/mapping
[61.210s] -- Up-to-date: /root/Lunar_ROADSTER/lr_ws/install/mapping/share/ament_index/resource_index/parent_prefix_path/mapping
[61.210s] -- Up-to-date: /root/Lunar_ROADSTER/lr_ws/install/mapping/share/mapping/environment/ament_prefix_path.sh
[61.211s] -- Up-to-date: /root/Lunar_ROADSTER/lr_ws/install/mapping/share/mapping/environment/ament_prefix_path.dsv
[61.211s] -- Up-to-date: /root/Lunar_ROADSTER/lr_ws/install/mapping/share/mapping/environment/path.sh
[61.212s] -- Up-to-date: /root/Lunar_ROADSTER/lr_ws/install/mapping/share/mapping/environment/path.dsv
[61.212s] -- Up-to-date: /root/Lunar_ROADSTER/lr_ws/install/mapping/share/mapping/local_setup.bash
[61.213s] -- Up-to-date: /root/Lunar_ROADSTER/lr_ws/install/mapping/share/mapping/local_setup.sh
[61.213s] -- Up-to-date: /root/Lunar_ROADSTER/lr_ws/install/mapping/share/mapping/local_setup.zsh
[61.213s] -- Up-to-date: /root/Lunar_ROADSTER/lr_ws/install/mapping/share/mapping/local_setup.dsv
[61.213s] -- Installing: /root/Lunar_ROADSTER/lr_ws/install/mapping/share/mapping/package.dsv
[61.214s] -- Up-to-date: /root/Lunar_ROADSTER/lr_ws/install/mapping/share/ament_index/resource_index/packages/mapping
[61.214s] -- Up-to-date: /root/Lunar_ROADSTER/lr_ws/install/mapping/share/mapping/cmake/mappingConfig.cmake
[61.214s] -- Up-to-date: /root/Lunar_ROADSTER/lr_ws/install/mapping/share/mapping/cmake/mappingConfig-version.cmake
[61.215s] -- Up-to-date: /root/Lunar_ROADSTER/lr_ws/install/mapping/share/mapping/package.xml
[61.220s] Invoked command in '/root/Lunar_ROADSTER/lr_ws/build/mapping' returned '0': CMAKE_PREFIX_PATH=${CMAKE_PREFIX_PATH}:/root/Lunar_ROADSTER/lr_ws/install/nav2_simple_commander:/opt/ros/humble /usr/local/bin/cmake --install /root/Lunar_ROADSTER/lr_ws/build/mapping
