[0.028s] Invoking command in '/home/williamfbx/Lunar-ROADSTER/lr_ws/build/cg_msgs': CMAKE_PREFIX_PATH=${CMAKE_PREFIX_PATH}:/opt/ros/humble /usr/bin/cmake --build /home/williamfbx/Lunar-ROADSTER/lr_ws/build/cg_msgs -- -j12 -l12
[0.101s] [  0%] Built target cg_msgs__cpp
[0.101s] [ 12%] Built target cg_msgs__rosidl_generator_c
[0.107s] [ 12%] Built target ament_cmake_python_copy_cg_msgs
[0.142s] [ 24%] Built target cg_msgs__rosidl_typesupport_fastrtps_cpp
[0.147s] [ 36%] Built target cg_msgs__rosidl_typesupport_introspection_cpp
[0.155s] [ 48%] Built target cg_msgs__rosidl_typesupport_cpp
[0.176s] [ 60%] Built target cg_msgs__rosidl_typesupport_c
[0.182s] [ 72%] Built target cg_msgs__rosidl_typesupport_introspection_c
[0.186s] [ 84%] Built target cg_msgs__rosidl_typesupport_fastrtps_c
[0.206s] [ 84%] Built target cg_msgs
[0.224s] [ 85%] Built target cg_msgs__py
[0.245s] [ 96%] Built target cg_msgs__rosidl_generator_py
[0.268s] [ 98%] Built target cg_msgs__rosidl_typesupport_introspection_c__pyext
[0.268s] [100%] Built target cg_msgs__rosidl_typesupport_c__pyext
[0.268s] [100%] Built target cg_msgs__rosidl_typesupport_fastrtps_c__pyext
[0.358s] running egg_info
[0.359s] writing cg_msgs.egg-info/PKG-INFO
[0.359s] writing dependency_links to cg_msgs.egg-info/dependency_links.txt
[0.359s] writing top-level names to cg_msgs.egg-info/top_level.txt
[0.361s] reading manifest file 'cg_msgs.egg-info/SOURCES.txt'
[0.361s] writing manifest file 'cg_msgs.egg-info/SOURCES.txt'
[0.408s] [100%] Built target ament_cmake_python_build_cg_msgs_egg
[0.409s] Invoked command in '/home/williamfbx/Lunar-ROADSTER/lr_ws/build/cg_msgs' returned '0': CMAKE_PREFIX_PATH=${CMAKE_PREFIX_PATH}:/opt/ros/humble /usr/bin/cmake --build /home/williamfbx/Lunar-ROADSTER/lr_ws/build/cg_msgs -- -j12 -l12
[0.409s] Invoking command in '/home/williamfbx/Lunar-ROADSTER/lr_ws/build/cg_msgs': CMAKE_PREFIX_PATH=${CMAKE_PREFIX_PATH}:/opt/ros/humble /usr/bin/cmake --install /home/williamfbx/Lunar-ROADSTER/lr_ws/build/cg_msgs
[0.418s] -- Install configuration: ""
[0.418s] -- Up-to-date: /home/williamfbx/Lunar-ROADSTER/lr_ws/install/cg_msgs/share/ament_index/resource_index/rosidl_interfaces/cg_msgs
[0.418s] -- Up-to-date: /home/williamfbx/Lunar-ROADSTER/lr_ws/install/cg_msgs/include/cg_msgs/cg_msgs
[0.418s] -- Up-to-date: /home/williamfbx/Lunar-ROADSTER/lr_ws/install/cg_msgs/include/cg_msgs/cg_msgs/srv
[0.418s] -- Up-to-date: /home/williamfbx/Lunar-ROADSTER/lr_ws/install/cg_msgs/include/cg_msgs/cg_msgs/srv/update_trajectory.h
[0.418s] -- Up-to-date: /home/williamfbx/Lunar-ROADSTER/lr_ws/install/cg_msgs/include/cg_msgs/cg_msgs/srv/site_map.h
[0.418s] -- Up-to-date: /home/williamfbx/Lunar-ROADSTER/lr_ws/install/cg_msgs/include/cg_msgs/cg_msgs/srv/detail
[0.418s] -- Up-to-date: /home/williamfbx/Lunar-ROADSTER/lr_ws/install/cg_msgs/include/cg_msgs/cg_msgs/srv/detail/site_map__functions.h
[0.418s] -- Up-to-date: /home/williamfbx/Lunar-ROADSTER/lr_ws/install/cg_msgs/include/cg_msgs/cg_msgs/srv/detail/site_map__functions.c
[0.418s] -- Up-to-date: /home/williamfbx/Lunar-ROADSTER/lr_ws/install/cg_msgs/include/cg_msgs/cg_msgs/srv/detail/site_map__type_support.h
[0.418s] -- Up-to-date: /home/williamfbx/Lunar-ROADSTER/lr_ws/install/cg_msgs/include/cg_msgs/cg_msgs/srv/detail/save_map__functions.h
[0.418s] -- Up-to-date: /home/williamfbx/Lunar-ROADSTER/lr_ws/install/cg_msgs/include/cg_msgs/cg_msgs/srv/detail/save_map__type_support.h
[0.418s] -- Up-to-date: /home/williamfbx/Lunar-ROADSTER/lr_ws/install/cg_msgs/include/cg_msgs/cg_msgs/srv/detail/save_map__struct.h
[0.418s] -- Up-to-date: /home/williamfbx/Lunar-ROADSTER/lr_ws/install/cg_msgs/include/cg_msgs/cg_msgs/srv/detail/enable_worksystem__functions.h
[0.418s] -- Up-to-date: /home/williamfbx/Lunar-ROADSTER/lr_ws/install/cg_msgs/include/cg_msgs/cg_msgs/srv/detail/site_map__struct.h
[0.419s] -- Up-to-date: /home/williamfbx/Lunar-ROADSTER/lr_ws/install/cg_msgs/include/cg_msgs/cg_msgs/srv/detail/save_map__functions.c
[0.419s] -- Up-to-date: /home/williamfbx/Lunar-ROADSTER/lr_ws/install/cg_msgs/include/cg_msgs/cg_msgs/srv/detail/update_trajectory__functions.h
[0.419s] -- Up-to-date: /home/williamfbx/Lunar-ROADSTER/lr_ws/install/cg_msgs/include/cg_msgs/cg_msgs/srv/detail/enable_worksystem__struct.h
[0.419s] -- Up-to-date: /home/williamfbx/Lunar-ROADSTER/lr_ws/install/cg_msgs/include/cg_msgs/cg_msgs/srv/detail/enable_worksystem__type_support.h
[0.419s] -- Up-to-date: /home/williamfbx/Lunar-ROADSTER/lr_ws/install/cg_msgs/include/cg_msgs/cg_msgs/srv/detail/update_trajectory__type_support.h
[0.419s] -- Up-to-date: /home/williamfbx/Lunar-ROADSTER/lr_ws/install/cg_msgs/include/cg_msgs/cg_msgs/srv/detail/update_trajectory__struct.h
[0.419s] -- Up-to-date: /home/williamfbx/Lunar-ROADSTER/lr_ws/install/cg_msgs/include/cg_msgs/cg_msgs/srv/detail/enable_worksystem__functions.c
[0.419s] -- Up-to-date: /home/williamfbx/Lunar-ROADSTER/lr_ws/install/cg_msgs/include/cg_msgs/cg_msgs/srv/detail/update_trajectory__functions.c
[0.419s] -- Up-to-date: /home/williamfbx/Lunar-ROADSTER/lr_ws/install/cg_msgs/include/cg_msgs/cg_msgs/srv/save_map.h
[0.419s] -- Up-to-date: /home/williamfbx/Lunar-ROADSTER/lr_ws/install/cg_msgs/include/cg_msgs/cg_msgs/srv/enable_worksystem.h
[0.419s] -- Up-to-date: /home/williamfbx/Lunar-ROADSTER/lr_ws/install/cg_msgs/include/cg_msgs/cg_msgs/msg
[0.419s] -- Up-to-date: /home/williamfbx/Lunar-ROADSTER/lr_ws/install/cg_msgs/include/cg_msgs/cg_msgs/msg/mux_mode.h
[0.419s] -- Up-to-date: /home/williamfbx/Lunar-ROADSTER/lr_ws/install/cg_msgs/include/cg_msgs/cg_msgs/msg/actuator_command.h
[0.419s] -- Up-to-date: /home/williamfbx/Lunar-ROADSTER/lr_ws/install/cg_msgs/include/cg_msgs/cg_msgs/msg/trajectory.h
[0.419s] -- Up-to-date: /home/williamfbx/Lunar-ROADSTER/lr_ws/install/cg_msgs/include/cg_msgs/cg_msgs/msg/encoder_telemetry.h
[0.419s] -- Up-to-date: /home/williamfbx/Lunar-ROADSTER/lr_ws/install/cg_msgs/include/cg_msgs/cg_msgs/msg/point2_d.h
[0.419s] -- Up-to-date: /home/williamfbx/Lunar-ROADSTER/lr_ws/install/cg_msgs/include/cg_msgs/cg_msgs/msg/beacon_multi_tag.h
[0.419s] -- Up-to-date: /home/williamfbx/Lunar-ROADSTER/lr_ws/install/cg_msgs/include/cg_msgs/cg_msgs/msg/site_map.h
[0.419s] -- Up-to-date: /home/williamfbx/Lunar-ROADSTER/lr_ws/install/cg_msgs/include/cg_msgs/cg_msgs/msg/detail
[0.419s] -- Up-to-date: /home/williamfbx/Lunar-ROADSTER/lr_ws/install/cg_msgs/include/cg_msgs/cg_msgs/msg/detail/slip__struct.h
[0.419s] -- Up-to-date: /home/williamfbx/Lunar-ROADSTER/lr_ws/install/cg_msgs/include/cg_msgs/cg_msgs/msg/detail/actuator_state__type_support.h
[0.419s] -- Up-to-date: /home/williamfbx/Lunar-ROADSTER/lr_ws/install/cg_msgs/include/cg_msgs/cg_msgs/msg/detail/beacon_multi_tag__functions.h
[0.419s] -- Up-to-date: /home/williamfbx/Lunar-ROADSTER/lr_ws/install/cg_msgs/include/cg_msgs/cg_msgs/msg/detail/encoder_telemetry__functions.h
[0.419s] -- Up-to-date: /home/williamfbx/Lunar-ROADSTER/lr_ws/install/cg_msgs/include/cg_msgs/cg_msgs/msg/detail/actuator_command__struct.h
[0.419s] -- Up-to-date: /home/williamfbx/Lunar-ROADSTER/lr_ws/install/cg_msgs/include/cg_msgs/cg_msgs/msg/detail/actuator_command__functions.c
[0.419s] -- Up-to-date: /home/williamfbx/Lunar-ROADSTER/lr_ws/install/cg_msgs/include/cg_msgs/cg_msgs/msg/detail/site_map__functions.h
[0.420s] -- Up-to-date: /home/williamfbx/Lunar-ROADSTER/lr_ws/install/cg_msgs/include/cg_msgs/cg_msgs/msg/detail/point2_d__functions.h
[0.420s] -- Up-to-date: /home/williamfbx/Lunar-ROADSTER/lr_ws/install/cg_msgs/include/cg_msgs/cg_msgs/msg/detail/beacon_multi_tag__type_support.h
[0.420s] -- Up-to-date: /home/williamfbx/Lunar-ROADSTER/lr_ws/install/cg_msgs/include/cg_msgs/cg_msgs/msg/detail/beacon_multi_tag__functions.c
[0.420s] -- Up-to-date: /home/williamfbx/Lunar-ROADSTER/lr_ws/install/cg_msgs/include/cg_msgs/cg_msgs/msg/detail/encoder_telemetry__type_support.h
[0.420s] -- Up-to-date: /home/williamfbx/Lunar-ROADSTER/lr_ws/install/cg_msgs/include/cg_msgs/cg_msgs/msg/detail/beacon_tag__functions.h
[0.420s] -- Up-to-date: /home/williamfbx/Lunar-ROADSTER/lr_ws/install/cg_msgs/include/cg_msgs/cg_msgs/msg/detail/site_map__functions.c
[0.420s] -- Up-to-date: /home/williamfbx/Lunar-ROADSTER/lr_ws/install/cg_msgs/include/cg_msgs/cg_msgs/msg/detail/actuator_state__struct.h
[0.420s] -- Up-to-date: /home/williamfbx/Lunar-ROADSTER/lr_ws/install/cg_msgs/include/cg_msgs/cg_msgs/msg/detail/pose2_d__functions.h
[0.420s] -- Up-to-date: /home/williamfbx/Lunar-ROADSTER/lr_ws/install/cg_msgs/include/cg_msgs/cg_msgs/msg/detail/site_map__type_support.h
[0.420s] -- Up-to-date: /home/williamfbx/Lunar-ROADSTER/lr_ws/install/cg_msgs/include/cg_msgs/cg_msgs/msg/detail/beacon_multi_tag__struct.h
[0.420s] -- Up-to-date: /home/williamfbx/Lunar-ROADSTER/lr_ws/install/cg_msgs/include/cg_msgs/cg_msgs/msg/detail/beacon_tag__type_support.h
[0.420s] -- Up-to-date: /home/williamfbx/Lunar-ROADSTER/lr_ws/install/cg_msgs/include/cg_msgs/cg_msgs/msg/detail/actuator_command__type_support.h
[0.420s] -- Up-to-date: /home/williamfbx/Lunar-ROADSTER/lr_ws/install/cg_msgs/include/cg_msgs/cg_msgs/msg/detail/pose2_d__struct.h
[0.420s] -- Up-to-date: /home/williamfbx/Lunar-ROADSTER/lr_ws/install/cg_msgs/include/cg_msgs/cg_msgs/msg/detail/point2_d__type_support.h
[0.420s] -- Up-to-date: /home/williamfbx/Lunar-ROADSTER/lr_ws/install/cg_msgs/include/cg_msgs/cg_msgs/msg/detail/mux_mode__struct.h
[0.420s] -- Up-to-date: /home/williamfbx/Lunar-ROADSTER/lr_ws/install/cg_msgs/include/cg_msgs/cg_msgs/msg/detail/actuator_command__functions.h
[0.420s] -- Up-to-date: /home/williamfbx/Lunar-ROADSTER/lr_ws/install/cg_msgs/include/cg_msgs/cg_msgs/msg/detail/encoder_telemetry__functions.c
[0.420s] -- Up-to-date: /home/williamfbx/Lunar-ROADSTER/lr_ws/install/cg_msgs/include/cg_msgs/cg_msgs/msg/detail/slip__functions.h
[0.420s] -- Up-to-date: /home/williamfbx/Lunar-ROADSTER/lr_ws/install/cg_msgs/include/cg_msgs/cg_msgs/msg/detail/trajectory__functions.c
[0.420s] -- Up-to-date: /home/williamfbx/Lunar-ROADSTER/lr_ws/install/cg_msgs/include/cg_msgs/cg_msgs/msg/detail/trajectory__functions.h
[0.420s] -- Up-to-date: /home/williamfbx/Lunar-ROADSTER/lr_ws/install/cg_msgs/include/cg_msgs/cg_msgs/msg/detail/encoder_telemetry__struct.h
[0.420s] -- Up-to-date: /home/williamfbx/Lunar-ROADSTER/lr_ws/install/cg_msgs/include/cg_msgs/cg_msgs/msg/detail/site_map__struct.h
[0.420s] -- Up-to-date: /home/williamfbx/Lunar-ROADSTER/lr_ws/install/cg_msgs/include/cg_msgs/cg_msgs/msg/detail/beacon_tag__functions.c
[0.420s] -- Up-to-date: /home/williamfbx/Lunar-ROADSTER/lr_ws/install/cg_msgs/include/cg_msgs/cg_msgs/msg/detail/point2_d__functions.c
[0.420s] -- Up-to-date: /home/williamfbx/Lunar-ROADSTER/lr_ws/install/cg_msgs/include/cg_msgs/cg_msgs/msg/detail/slip__type_support.h
[0.420s] -- Up-to-date: /home/williamfbx/Lunar-ROADSTER/lr_ws/install/cg_msgs/include/cg_msgs/cg_msgs/msg/detail/point2_d__struct.h
[0.421s] -- Up-to-date: /home/williamfbx/Lunar-ROADSTER/lr_ws/install/cg_msgs/include/cg_msgs/cg_msgs/msg/detail/mux_mode__functions.h
[0.421s] -- Up-to-date: /home/williamfbx/Lunar-ROADSTER/lr_ws/install/cg_msgs/include/cg_msgs/cg_msgs/msg/detail/actuator_state__functions.c
[0.421s] -- Up-to-date: /home/williamfbx/Lunar-ROADSTER/lr_ws/install/cg_msgs/include/cg_msgs/cg_msgs/msg/detail/mux_mode__functions.c
[0.421s] -- Up-to-date: /home/williamfbx/Lunar-ROADSTER/lr_ws/install/cg_msgs/include/cg_msgs/cg_msgs/msg/detail/pose2_d__functions.c
[0.421s] -- Up-to-date: /home/williamfbx/Lunar-ROADSTER/lr_ws/install/cg_msgs/include/cg_msgs/cg_msgs/msg/detail/actuator_state__functions.h
[0.421s] -- Up-to-date: /home/williamfbx/Lunar-ROADSTER/lr_ws/install/cg_msgs/include/cg_msgs/cg_msgs/msg/detail/pose2_d__type_support.h
[0.421s] -- Up-to-date: /home/williamfbx/Lunar-ROADSTER/lr_ws/install/cg_msgs/include/cg_msgs/cg_msgs/msg/detail/mux_mode__type_support.h
[0.421s] -- Up-to-date: /home/williamfbx/Lunar-ROADSTER/lr_ws/install/cg_msgs/include/cg_msgs/cg_msgs/msg/detail/slip__functions.c
[0.421s] -- Up-to-date: /home/williamfbx/Lunar-ROADSTER/lr_ws/install/cg_msgs/include/cg_msgs/cg_msgs/msg/detail/trajectory__type_support.h
[0.421s] -- Up-to-date: /home/williamfbx/Lunar-ROADSTER/lr_ws/install/cg_msgs/include/cg_msgs/cg_msgs/msg/detail/beacon_tag__struct.h
[0.421s] -- Up-to-date: /home/williamfbx/Lunar-ROADSTER/lr_ws/install/cg_msgs/include/cg_msgs/cg_msgs/msg/detail/trajectory__struct.h
[0.421s] -- Up-to-date: /home/williamfbx/Lunar-ROADSTER/lr_ws/install/cg_msgs/include/cg_msgs/cg_msgs/msg/rosidl_generator_c__visibility_control.h
[0.421s] -- Up-to-date: /home/williamfbx/Lunar-ROADSTER/lr_ws/install/cg_msgs/include/cg_msgs/cg_msgs/msg/beacon_tag.h
[0.421s] -- Up-to-date: /home/williamfbx/Lunar-ROADSTER/lr_ws/install/cg_msgs/include/cg_msgs/cg_msgs/msg/slip.h
[0.421s] -- Up-to-date: /home/williamfbx/Lunar-ROADSTER/lr_ws/install/cg_msgs/include/cg_msgs/cg_msgs/msg/pose2_d.h
[0.421s] -- Up-to-date: /home/williamfbx/Lunar-ROADSTER/lr_ws/install/cg_msgs/include/cg_msgs/cg_msgs/msg/actuator_state.h
[0.421s] -- Up-to-date: /home/williamfbx/Lunar-ROADSTER/lr_ws/install/cg_msgs/share/cg_msgs/environment/library_path.sh
[0.421s] -- Up-to-date: /home/williamfbx/Lunar-ROADSTER/lr_ws/install/cg_msgs/share/cg_msgs/environment/library_path.dsv
[0.421s] -- Up-to-date: /home/williamfbx/Lunar-ROADSTER/lr_ws/install/cg_msgs/lib/libcg_msgs__rosidl_generator_c.so
[0.421s] -- Up-to-date: /home/williamfbx/Lunar-ROADSTER/lr_ws/install/cg_msgs/include/cg_msgs/cg_msgs
[0.421s] -- Up-to-date: /home/williamfbx/Lunar-ROADSTER/lr_ws/install/cg_msgs/include/cg_msgs/cg_msgs/srv
[0.421s] -- Up-to-date: /home/williamfbx/Lunar-ROADSTER/lr_ws/install/cg_msgs/include/cg_msgs/cg_msgs/srv/detail
[0.421s] -- Up-to-date: /home/williamfbx/Lunar-ROADSTER/lr_ws/install/cg_msgs/include/cg_msgs/cg_msgs/srv/detail/site_map__rosidl_typesupport_fastrtps_c.h
[0.421s] -- Up-to-date: /home/williamfbx/Lunar-ROADSTER/lr_ws/install/cg_msgs/include/cg_msgs/cg_msgs/srv/detail/enable_worksystem__rosidl_typesupport_fastrtps_c.h
[0.421s] -- Up-to-date: /home/williamfbx/Lunar-ROADSTER/lr_ws/install/cg_msgs/include/cg_msgs/cg_msgs/srv/detail/save_map__rosidl_typesupport_fastrtps_c.h
[0.421s] -- Up-to-date: /home/williamfbx/Lunar-ROADSTER/lr_ws/install/cg_msgs/include/cg_msgs/cg_msgs/srv/detail/update_trajectory__rosidl_typesupport_fastrtps_c.h
[0.421s] -- Up-to-date: /home/williamfbx/Lunar-ROADSTER/lr_ws/install/cg_msgs/include/cg_msgs/cg_msgs/msg
[0.422s] -- Up-to-date: /home/williamfbx/Lunar-ROADSTER/lr_ws/install/cg_msgs/include/cg_msgs/cg_msgs/msg/detail
[0.422s] -- Up-to-date: /home/williamfbx/Lunar-ROADSTER/lr_ws/install/cg_msgs/include/cg_msgs/cg_msgs/msg/detail/mux_mode__rosidl_typesupport_fastrtps_c.h
[0.422s] -- Up-to-date: /home/williamfbx/Lunar-ROADSTER/lr_ws/install/cg_msgs/include/cg_msgs/cg_msgs/msg/detail/slip__rosidl_typesupport_fastrtps_c.h
[0.422s] -- Up-to-date: /home/williamfbx/Lunar-ROADSTER/lr_ws/install/cg_msgs/include/cg_msgs/cg_msgs/msg/detail/actuator_command__rosidl_typesupport_fastrtps_c.h
[0.422s] -- Up-to-date: /home/williamfbx/Lunar-ROADSTER/lr_ws/install/cg_msgs/include/cg_msgs/cg_msgs/msg/detail/point2_d__rosidl_typesupport_fastrtps_c.h
[0.422s] -- Up-to-date: /home/williamfbx/Lunar-ROADSTER/lr_ws/install/cg_msgs/include/cg_msgs/cg_msgs/msg/detail/site_map__rosidl_typesupport_fastrtps_c.h
[0.422s] -- Up-to-date: /home/williamfbx/Lunar-ROADSTER/lr_ws/install/cg_msgs/include/cg_msgs/cg_msgs/msg/detail/actuator_state__rosidl_typesupport_fastrtps_c.h
[0.422s] -- Up-to-date: /home/williamfbx/Lunar-ROADSTER/lr_ws/install/cg_msgs/include/cg_msgs/cg_msgs/msg/detail/trajectory__rosidl_typesupport_fastrtps_c.h
[0.422s] -- Up-to-date: /home/williamfbx/Lunar-ROADSTER/lr_ws/install/cg_msgs/include/cg_msgs/cg_msgs/msg/detail/beacon_tag__rosidl_typesupport_fastrtps_c.h
[0.422s] -- Up-to-date: /home/williamfbx/Lunar-ROADSTER/lr_ws/install/cg_msgs/include/cg_msgs/cg_msgs/msg/detail/beacon_multi_tag__rosidl_typesupport_fastrtps_c.h
[0.422s] -- Up-to-date: /home/williamfbx/Lunar-ROADSTER/lr_ws/install/cg_msgs/include/cg_msgs/cg_msgs/msg/detail/pose2_d__rosidl_typesupport_fastrtps_c.h
[0.422s] -- Up-to-date: /home/williamfbx/Lunar-ROADSTER/lr_ws/install/cg_msgs/include/cg_msgs/cg_msgs/msg/detail/encoder_telemetry__rosidl_typesupport_fastrtps_c.h
[0.422s] -- Up-to-date: /home/williamfbx/Lunar-ROADSTER/lr_ws/install/cg_msgs/include/cg_msgs/cg_msgs/msg/rosidl_typesupport_fastrtps_c__visibility_control.h
[0.422s] -- Up-to-date: /home/williamfbx/Lunar-ROADSTER/lr_ws/install/cg_msgs/lib/libcg_msgs__rosidl_typesupport_fastrtps_c.so
[0.422s] -- Up-to-date: /home/williamfbx/Lunar-ROADSTER/lr_ws/install/cg_msgs/include/cg_msgs/cg_msgs
[0.422s] -- Up-to-date: /home/williamfbx/Lunar-ROADSTER/lr_ws/install/cg_msgs/include/cg_msgs/cg_msgs/srv
[0.422s] -- Up-to-date: /home/williamfbx/Lunar-ROADSTER/lr_ws/install/cg_msgs/include/cg_msgs/cg_msgs/srv/update_trajectory.hpp
[0.422s] -- Up-to-date: /home/williamfbx/Lunar-ROADSTER/lr_ws/install/cg_msgs/include/cg_msgs/cg_msgs/srv/detail
[0.422s] -- Up-to-date: /home/williamfbx/Lunar-ROADSTER/lr_ws/install/cg_msgs/include/cg_msgs/cg_msgs/srv/detail/enable_worksystem__struct.hpp
[0.422s] -- Up-to-date: /home/williamfbx/Lunar-ROADSTER/lr_ws/install/cg_msgs/include/cg_msgs/cg_msgs/srv/detail/update_trajectory__type_support.hpp
[0.422s] -- Up-to-date: /home/williamfbx/Lunar-ROADSTER/lr_ws/install/cg_msgs/include/cg_msgs/cg_msgs/srv/detail/update_trajectory__struct.hpp
[0.422s] -- Up-to-date: /home/williamfbx/Lunar-ROADSTER/lr_ws/install/cg_msgs/include/cg_msgs/cg_msgs/srv/detail/enable_worksystem__type_support.hpp
[0.422s] -- Up-to-date: /home/williamfbx/Lunar-ROADSTER/lr_ws/install/cg_msgs/include/cg_msgs/cg_msgs/srv/detail/save_map__type_support.hpp
[0.422s] -- Up-to-date: /home/williamfbx/Lunar-ROADSTER/lr_ws/install/cg_msgs/include/cg_msgs/cg_msgs/srv/detail/update_trajectory__traits.hpp
[0.422s] -- Up-to-date: /home/williamfbx/Lunar-ROADSTER/lr_ws/install/cg_msgs/include/cg_msgs/cg_msgs/srv/detail/save_map__traits.hpp
[0.422s] -- Up-to-date: /home/williamfbx/Lunar-ROADSTER/lr_ws/install/cg_msgs/include/cg_msgs/cg_msgs/srv/detail/site_map__type_support.hpp
[0.422s] -- Up-to-date: /home/williamfbx/Lunar-ROADSTER/lr_ws/install/cg_msgs/include/cg_msgs/cg_msgs/srv/detail/save_map__struct.hpp
[0.423s] -- Up-to-date: /home/williamfbx/Lunar-ROADSTER/lr_ws/install/cg_msgs/include/cg_msgs/cg_msgs/srv/detail/site_map__builder.hpp
[0.423s] -- Up-to-date: /home/williamfbx/Lunar-ROADSTER/lr_ws/install/cg_msgs/include/cg_msgs/cg_msgs/srv/detail/site_map__struct.hpp
[0.423s] -- Up-to-date: /home/williamfbx/Lunar-ROADSTER/lr_ws/install/cg_msgs/include/cg_msgs/cg_msgs/srv/detail/enable_worksystem__builder.hpp
[0.423s] -- Up-to-date: /home/williamfbx/Lunar-ROADSTER/lr_ws/install/cg_msgs/include/cg_msgs/cg_msgs/srv/detail/save_map__builder.hpp
[0.423s] -- Up-to-date: /home/williamfbx/Lunar-ROADSTER/lr_ws/install/cg_msgs/include/cg_msgs/cg_msgs/srv/detail/update_trajectory__builder.hpp
[0.423s] -- Up-to-date: /home/williamfbx/Lunar-ROADSTER/lr_ws/install/cg_msgs/include/cg_msgs/cg_msgs/srv/detail/enable_worksystem__traits.hpp
[0.423s] -- Up-to-date: /home/williamfbx/Lunar-ROADSTER/lr_ws/install/cg_msgs/include/cg_msgs/cg_msgs/srv/detail/site_map__traits.hpp
[0.423s] -- Up-to-date: /home/williamfbx/Lunar-ROADSTER/lr_ws/install/cg_msgs/include/cg_msgs/cg_msgs/srv/enable_worksystem.hpp
[0.423s] -- Up-to-date: /home/williamfbx/Lunar-ROADSTER/lr_ws/install/cg_msgs/include/cg_msgs/cg_msgs/srv/site_map.hpp
[0.423s] -- Up-to-date: /home/williamfbx/Lunar-ROADSTER/lr_ws/install/cg_msgs/include/cg_msgs/cg_msgs/srv/save_map.hpp
[0.423s] -- Up-to-date: /home/williamfbx/Lunar-ROADSTER/lr_ws/install/cg_msgs/include/cg_msgs/cg_msgs/msg
[0.423s] -- Up-to-date: /home/williamfbx/Lunar-ROADSTER/lr_ws/install/cg_msgs/include/cg_msgs/cg_msgs/msg/beacon_tag.hpp
[0.423s] -- Up-to-date: /home/williamfbx/Lunar-ROADSTER/lr_ws/install/cg_msgs/include/cg_msgs/cg_msgs/msg/beacon_multi_tag.hpp
[0.423s] -- Up-to-date: /home/williamfbx/Lunar-ROADSTER/lr_ws/install/cg_msgs/include/cg_msgs/cg_msgs/msg/slip.hpp
[0.423s] -- Up-to-date: /home/williamfbx/Lunar-ROADSTER/lr_ws/install/cg_msgs/include/cg_msgs/cg_msgs/msg/rosidl_generator_cpp__visibility_control.hpp
[0.423s] -- Up-to-date: /home/williamfbx/Lunar-ROADSTER/lr_ws/install/cg_msgs/include/cg_msgs/cg_msgs/msg/detail
[0.423s] -- Up-to-date: /home/williamfbx/Lunar-ROADSTER/lr_ws/install/cg_msgs/include/cg_msgs/cg_msgs/msg/detail/encoder_telemetry__struct.hpp
[0.423s] -- Up-to-date: /home/williamfbx/Lunar-ROADSTER/lr_ws/install/cg_msgs/include/cg_msgs/cg_msgs/msg/detail/actuator_command__type_support.hpp
[0.423s] -- Up-to-date: /home/williamfbx/Lunar-ROADSTER/lr_ws/install/cg_msgs/include/cg_msgs/cg_msgs/msg/detail/actuator_command__struct.hpp
[0.423s] -- Up-to-date: /home/williamfbx/Lunar-ROADSTER/lr_ws/install/cg_msgs/include/cg_msgs/cg_msgs/msg/detail/pose2_d__builder.hpp
[0.423s] -- Up-to-date: /home/williamfbx/Lunar-ROADSTER/lr_ws/install/cg_msgs/include/cg_msgs/cg_msgs/msg/detail/mux_mode__builder.hpp
[0.423s] -- Up-to-date: /home/williamfbx/Lunar-ROADSTER/lr_ws/install/cg_msgs/include/cg_msgs/cg_msgs/msg/detail/actuator_command__builder.hpp
[0.423s] -- Up-to-date: /home/williamfbx/Lunar-ROADSTER/lr_ws/install/cg_msgs/include/cg_msgs/cg_msgs/msg/detail/trajectory__type_support.hpp
[0.423s] -- Up-to-date: /home/williamfbx/Lunar-ROADSTER/lr_ws/install/cg_msgs/include/cg_msgs/cg_msgs/msg/detail/slip__traits.hpp
[0.423s] -- Up-to-date: /home/williamfbx/Lunar-ROADSTER/lr_ws/install/cg_msgs/include/cg_msgs/cg_msgs/msg/detail/beacon_tag__builder.hpp
[0.423s] -- Up-to-date: /home/williamfbx/Lunar-ROADSTER/lr_ws/install/cg_msgs/include/cg_msgs/cg_msgs/msg/detail/pose2_d__traits.hpp
[0.423s] -- Up-to-date: /home/williamfbx/Lunar-ROADSTER/lr_ws/install/cg_msgs/include/cg_msgs/cg_msgs/msg/detail/actuator_state__type_support.hpp
[0.423s] -- Up-to-date: /home/williamfbx/Lunar-ROADSTER/lr_ws/install/cg_msgs/include/cg_msgs/cg_msgs/msg/detail/mux_mode__struct.hpp
[0.423s] -- Up-to-date: /home/williamfbx/Lunar-ROADSTER/lr_ws/install/cg_msgs/include/cg_msgs/cg_msgs/msg/detail/point2_d__builder.hpp
[0.424s] -- Up-to-date: /home/williamfbx/Lunar-ROADSTER/lr_ws/install/cg_msgs/include/cg_msgs/cg_msgs/msg/detail/pose2_d__type_support.hpp
[0.424s] -- Up-to-date: /home/williamfbx/Lunar-ROADSTER/lr_ws/install/cg_msgs/include/cg_msgs/cg_msgs/msg/detail/encoder_telemetry__builder.hpp
[0.424s] -- Up-to-date: /home/williamfbx/Lunar-ROADSTER/lr_ws/install/cg_msgs/include/cg_msgs/cg_msgs/msg/detail/beacon_tag__traits.hpp
[0.424s] -- Up-to-date: /home/williamfbx/Lunar-ROADSTER/lr_ws/install/cg_msgs/include/cg_msgs/cg_msgs/msg/detail/slip__builder.hpp
[0.424s] -- Up-to-date: /home/williamfbx/Lunar-ROADSTER/lr_ws/install/cg_msgs/include/cg_msgs/cg_msgs/msg/detail/beacon_multi_tag__type_support.hpp
[0.424s] -- Up-to-date: /home/williamfbx/Lunar-ROADSTER/lr_ws/install/cg_msgs/include/cg_msgs/cg_msgs/msg/detail/beacon_multi_tag__struct.hpp
[0.424s] -- Up-to-date: /home/williamfbx/Lunar-ROADSTER/lr_ws/install/cg_msgs/include/cg_msgs/cg_msgs/msg/detail/actuator_state__traits.hpp
[0.424s] -- Up-to-date: /home/williamfbx/Lunar-ROADSTER/lr_ws/install/cg_msgs/include/cg_msgs/cg_msgs/msg/detail/pose2_d__struct.hpp
[0.424s] -- Up-to-date: /home/williamfbx/Lunar-ROADSTER/lr_ws/install/cg_msgs/include/cg_msgs/cg_msgs/msg/detail/actuator_state__struct.hpp
[0.424s] -- Up-to-date: /home/williamfbx/Lunar-ROADSTER/lr_ws/install/cg_msgs/include/cg_msgs/cg_msgs/msg/detail/point2_d__struct.hpp
[0.424s] -- Up-to-date: /home/williamfbx/Lunar-ROADSTER/lr_ws/install/cg_msgs/include/cg_msgs/cg_msgs/msg/detail/trajectory__struct.hpp
[0.424s] -- Up-to-date: /home/williamfbx/Lunar-ROADSTER/lr_ws/install/cg_msgs/include/cg_msgs/cg_msgs/msg/detail/trajectory__builder.hpp
[0.424s] -- Up-to-date: /home/williamfbx/Lunar-ROADSTER/lr_ws/install/cg_msgs/include/cg_msgs/cg_msgs/msg/detail/encoder_telemetry__type_support.hpp
[0.424s] -- Up-to-date: /home/williamfbx/Lunar-ROADSTER/lr_ws/install/cg_msgs/include/cg_msgs/cg_msgs/msg/detail/slip__struct.hpp
[0.424s] -- Up-to-date: /home/williamfbx/Lunar-ROADSTER/lr_ws/install/cg_msgs/include/cg_msgs/cg_msgs/msg/detail/encoder_telemetry__traits.hpp
[0.424s] -- Up-to-date: /home/williamfbx/Lunar-ROADSTER/lr_ws/install/cg_msgs/include/cg_msgs/cg_msgs/msg/detail/slip__type_support.hpp
[0.424s] -- Up-to-date: /home/williamfbx/Lunar-ROADSTER/lr_ws/install/cg_msgs/include/cg_msgs/cg_msgs/msg/detail/mux_mode__type_support.hpp
[0.424s] -- Up-to-date: /home/williamfbx/Lunar-ROADSTER/lr_ws/install/cg_msgs/include/cg_msgs/cg_msgs/msg/detail/site_map__type_support.hpp
[0.424s] -- Up-to-date: /home/williamfbx/Lunar-ROADSTER/lr_ws/install/cg_msgs/include/cg_msgs/cg_msgs/msg/detail/beacon_tag__struct.hpp
[0.424s] -- Up-to-date: /home/williamfbx/Lunar-ROADSTER/lr_ws/install/cg_msgs/include/cg_msgs/cg_msgs/msg/detail/trajectory__traits.hpp
[0.424s] -- Up-to-date: /home/williamfbx/Lunar-ROADSTER/lr_ws/install/cg_msgs/include/cg_msgs/cg_msgs/msg/detail/site_map__builder.hpp
[0.424s] -- Up-to-date: /home/williamfbx/Lunar-ROADSTER/lr_ws/install/cg_msgs/include/cg_msgs/cg_msgs/msg/detail/actuator_command__traits.hpp
[0.424s] -- Up-to-date: /home/williamfbx/Lunar-ROADSTER/lr_ws/install/cg_msgs/include/cg_msgs/cg_msgs/msg/detail/beacon_multi_tag__builder.hpp
[0.424s] -- Up-to-date: /home/williamfbx/Lunar-ROADSTER/lr_ws/install/cg_msgs/include/cg_msgs/cg_msgs/msg/detail/site_map__struct.hpp
[0.424s] -- Up-to-date: /home/williamfbx/Lunar-ROADSTER/lr_ws/install/cg_msgs/include/cg_msgs/cg_msgs/msg/detail/beacon_multi_tag__traits.hpp
[0.424s] -- Up-to-date: /home/williamfbx/Lunar-ROADSTER/lr_ws/install/cg_msgs/include/cg_msgs/cg_msgs/msg/detail/point2_d__traits.hpp
[0.424s] -- Up-to-date: /home/williamfbx/Lunar-ROADSTER/lr_ws/install/cg_msgs/include/cg_msgs/cg_msgs/msg/detail/mux_mode__traits.hpp
[0.424s] -- Up-to-date: /home/williamfbx/Lunar-ROADSTER/lr_ws/install/cg_msgs/include/cg_msgs/cg_msgs/msg/detail/point2_d__type_support.hpp
[0.424s] -- Up-to-date: /home/williamfbx/Lunar-ROADSTER/lr_ws/install/cg_msgs/include/cg_msgs/cg_msgs/msg/detail/beacon_tag__type_support.hpp
[0.425s] -- Up-to-date: /home/williamfbx/Lunar-ROADSTER/lr_ws/install/cg_msgs/include/cg_msgs/cg_msgs/msg/detail/actuator_state__builder.hpp
[0.425s] -- Up-to-date: /home/williamfbx/Lunar-ROADSTER/lr_ws/install/cg_msgs/include/cg_msgs/cg_msgs/msg/detail/site_map__traits.hpp
[0.425s] -- Up-to-date: /home/williamfbx/Lunar-ROADSTER/lr_ws/install/cg_msgs/include/cg_msgs/cg_msgs/msg/actuator_state.hpp
[0.425s] -- Up-to-date: /home/williamfbx/Lunar-ROADSTER/lr_ws/install/cg_msgs/include/cg_msgs/cg_msgs/msg/trajectory.hpp
[0.425s] -- Up-to-date: /home/williamfbx/Lunar-ROADSTER/lr_ws/install/cg_msgs/include/cg_msgs/cg_msgs/msg/site_map.hpp
[0.425s] -- Up-to-date: /home/williamfbx/Lunar-ROADSTER/lr_ws/install/cg_msgs/include/cg_msgs/cg_msgs/msg/pose2_d.hpp
[0.425s] -- Up-to-date: /home/williamfbx/Lunar-ROADSTER/lr_ws/install/cg_msgs/include/cg_msgs/cg_msgs/msg/encoder_telemetry.hpp
[0.425s] -- Up-to-date: /home/williamfbx/Lunar-ROADSTER/lr_ws/install/cg_msgs/include/cg_msgs/cg_msgs/msg/point2_d.hpp
[0.425s] -- Up-to-date: /home/williamfbx/Lunar-ROADSTER/lr_ws/install/cg_msgs/include/cg_msgs/cg_msgs/msg/mux_mode.hpp
[0.425s] -- Up-to-date: /home/williamfbx/Lunar-ROADSTER/lr_ws/install/cg_msgs/include/cg_msgs/cg_msgs/msg/actuator_command.hpp
[0.425s] -- Up-to-date: /home/williamfbx/Lunar-ROADSTER/lr_ws/install/cg_msgs/include/cg_msgs/cg_msgs
[0.425s] -- Up-to-date: /home/williamfbx/Lunar-ROADSTER/lr_ws/install/cg_msgs/include/cg_msgs/cg_msgs/srv
[0.425s] -- Up-to-date: /home/williamfbx/Lunar-ROADSTER/lr_ws/install/cg_msgs/include/cg_msgs/cg_msgs/srv/detail
[0.425s] -- Up-to-date: /home/williamfbx/Lunar-ROADSTER/lr_ws/install/cg_msgs/include/cg_msgs/cg_msgs/srv/detail/dds_fastrtps
[0.425s] -- Up-to-date: /home/williamfbx/Lunar-ROADSTER/lr_ws/install/cg_msgs/include/cg_msgs/cg_msgs/srv/detail/update_trajectory__rosidl_typesupport_fastrtps_cpp.hpp
[0.425s] -- Up-to-date: /home/williamfbx/Lunar-ROADSTER/lr_ws/install/cg_msgs/include/cg_msgs/cg_msgs/srv/detail/save_map__rosidl_typesupport_fastrtps_cpp.hpp
[0.425s] -- Up-to-date: /home/williamfbx/Lunar-ROADSTER/lr_ws/install/cg_msgs/include/cg_msgs/cg_msgs/srv/detail/enable_worksystem__rosidl_typesupport_fastrtps_cpp.hpp
[0.425s] -- Up-to-date: /home/williamfbx/Lunar-ROADSTER/lr_ws/install/cg_msgs/include/cg_msgs/cg_msgs/srv/detail/site_map__rosidl_typesupport_fastrtps_cpp.hpp
[0.425s] -- Up-to-date: /home/williamfbx/Lunar-ROADSTER/lr_ws/install/cg_msgs/include/cg_msgs/cg_msgs/msg
[0.425s] -- Up-to-date: /home/williamfbx/Lunar-ROADSTER/lr_ws/install/cg_msgs/include/cg_msgs/cg_msgs/msg/rosidl_typesupport_fastrtps_cpp__visibility_control.h
[0.425s] -- Up-to-date: /home/williamfbx/Lunar-ROADSTER/lr_ws/install/cg_msgs/include/cg_msgs/cg_msgs/msg/detail
[0.425s] -- Up-to-date: /home/williamfbx/Lunar-ROADSTER/lr_ws/install/cg_msgs/include/cg_msgs/cg_msgs/msg/detail/dds_fastrtps
[0.425s] -- Up-to-date: /home/williamfbx/Lunar-ROADSTER/lr_ws/install/cg_msgs/include/cg_msgs/cg_msgs/msg/detail/beacon_multi_tag__rosidl_typesupport_fastrtps_cpp.hpp
[0.425s] -- Up-to-date: /home/williamfbx/Lunar-ROADSTER/lr_ws/install/cg_msgs/include/cg_msgs/cg_msgs/msg/detail/actuator_command__rosidl_typesupport_fastrtps_cpp.hpp
[0.426s] -- Up-to-date: /home/williamfbx/Lunar-ROADSTER/lr_ws/install/cg_msgs/include/cg_msgs/cg_msgs/msg/detail/slip__rosidl_typesupport_fastrtps_cpp.hpp
[0.426s] -- Up-to-date: /home/williamfbx/Lunar-ROADSTER/lr_ws/install/cg_msgs/include/cg_msgs/cg_msgs/msg/detail/mux_mode__rosidl_typesupport_fastrtps_cpp.hpp
[0.426s] -- Up-to-date: /home/williamfbx/Lunar-ROADSTER/lr_ws/install/cg_msgs/include/cg_msgs/cg_msgs/msg/detail/actuator_state__rosidl_typesupport_fastrtps_cpp.hpp
[0.426s] -- Up-to-date: /home/williamfbx/Lunar-ROADSTER/lr_ws/install/cg_msgs/include/cg_msgs/cg_msgs/msg/detail/beacon_tag__rosidl_typesupport_fastrtps_cpp.hpp
[0.426s] -- Up-to-date: /home/williamfbx/Lunar-ROADSTER/lr_ws/install/cg_msgs/include/cg_msgs/cg_msgs/msg/detail/encoder_telemetry__rosidl_typesupport_fastrtps_cpp.hpp
[0.426s] -- Up-to-date: /home/williamfbx/Lunar-ROADSTER/lr_ws/install/cg_msgs/include/cg_msgs/cg_msgs/msg/detail/trajectory__rosidl_typesupport_fastrtps_cpp.hpp
[0.426s] -- Up-to-date: /home/williamfbx/Lunar-ROADSTER/lr_ws/install/cg_msgs/include/cg_msgs/cg_msgs/msg/detail/pose2_d__rosidl_typesupport_fastrtps_cpp.hpp
[0.426s] -- Up-to-date: /home/williamfbx/Lunar-ROADSTER/lr_ws/install/cg_msgs/include/cg_msgs/cg_msgs/msg/detail/site_map__rosidl_typesupport_fastrtps_cpp.hpp
[0.426s] -- Up-to-date: /home/williamfbx/Lunar-ROADSTER/lr_ws/install/cg_msgs/include/cg_msgs/cg_msgs/msg/detail/point2_d__rosidl_typesupport_fastrtps_cpp.hpp
[0.426s] -- Up-to-date: /home/williamfbx/Lunar-ROADSTER/lr_ws/install/cg_msgs/lib/libcg_msgs__rosidl_typesupport_fastrtps_cpp.so
[0.426s] -- Up-to-date: /home/williamfbx/Lunar-ROADSTER/lr_ws/install/cg_msgs/include/cg_msgs/cg_msgs
[0.426s] -- Up-to-date: /home/williamfbx/Lunar-ROADSTER/lr_ws/install/cg_msgs/include/cg_msgs/cg_msgs/srv
[0.426s] -- Up-to-date: /home/williamfbx/Lunar-ROADSTER/lr_ws/install/cg_msgs/include/cg_msgs/cg_msgs/srv/detail
[0.426s] -- Up-to-date: /home/williamfbx/Lunar-ROADSTER/lr_ws/install/cg_msgs/include/cg_msgs/cg_msgs/srv/detail/enable_worksystem__type_support.c
[0.426s] -- Up-to-date: /home/williamfbx/Lunar-ROADSTER/lr_ws/install/cg_msgs/include/cg_msgs/cg_msgs/srv/detail/enable_worksystem__rosidl_typesupport_introspection_c.h
[0.426s] -- Up-to-date: /home/williamfbx/Lunar-ROADSTER/lr_ws/install/cg_msgs/include/cg_msgs/cg_msgs/srv/detail/update_trajectory__rosidl_typesupport_introspection_c.h
[0.426s] -- Up-to-date: /home/williamfbx/Lunar-ROADSTER/lr_ws/install/cg_msgs/include/cg_msgs/cg_msgs/srv/detail/update_trajectory__type_support.c
[0.426s] -- Up-to-date: /home/williamfbx/Lunar-ROADSTER/lr_ws/install/cg_msgs/include/cg_msgs/cg_msgs/srv/detail/save_map__type_support.c
[0.426s] -- Up-to-date: /home/williamfbx/Lunar-ROADSTER/lr_ws/install/cg_msgs/include/cg_msgs/cg_msgs/srv/detail/site_map__rosidl_typesupport_introspection_c.h
[0.426s] -- Up-to-date: /home/williamfbx/Lunar-ROADSTER/lr_ws/install/cg_msgs/include/cg_msgs/cg_msgs/srv/detail/site_map__type_support.c
[0.426s] -- Up-to-date: /home/williamfbx/Lunar-ROADSTER/lr_ws/install/cg_msgs/include/cg_msgs/cg_msgs/srv/detail/save_map__rosidl_typesupport_introspection_c.h
[0.426s] -- Up-to-date: /home/williamfbx/Lunar-ROADSTER/lr_ws/install/cg_msgs/include/cg_msgs/cg_msgs/msg
[0.426s] -- Up-to-date: /home/williamfbx/Lunar-ROADSTER/lr_ws/install/cg_msgs/include/cg_msgs/cg_msgs/msg/detail
[0.426s] -- Up-to-date: /home/williamfbx/Lunar-ROADSTER/lr_ws/install/cg_msgs/include/cg_msgs/cg_msgs/msg/detail/beacon_multi_tag__type_support.c
[0.426s] -- Up-to-date: /home/williamfbx/Lunar-ROADSTER/lr_ws/install/cg_msgs/include/cg_msgs/cg_msgs/msg/detail/slip__type_support.c
[0.427s] -- Up-to-date: /home/williamfbx/Lunar-ROADSTER/lr_ws/install/cg_msgs/include/cg_msgs/cg_msgs/msg/detail/mux_mode__type_support.c
[0.427s] -- Up-to-date: /home/williamfbx/Lunar-ROADSTER/lr_ws/install/cg_msgs/include/cg_msgs/cg_msgs/msg/detail/mux_mode__rosidl_typesupport_introspection_c.h
[0.427s] -- Up-to-date: /home/williamfbx/Lunar-ROADSTER/lr_ws/install/cg_msgs/include/cg_msgs/cg_msgs/msg/detail/actuator_command__rosidl_typesupport_introspection_c.h
[0.427s] -- Up-to-date: /home/williamfbx/Lunar-ROADSTER/lr_ws/install/cg_msgs/include/cg_msgs/cg_msgs/msg/detail/actuator_state__rosidl_typesupport_introspection_c.h
[0.427s] -- Up-to-date: /home/williamfbx/Lunar-ROADSTER/lr_ws/install/cg_msgs/include/cg_msgs/cg_msgs/msg/detail/pose2_d__type_support.c
[0.427s] -- Up-to-date: /home/williamfbx/Lunar-ROADSTER/lr_ws/install/cg_msgs/include/cg_msgs/cg_msgs/msg/detail/slip__rosidl_typesupport_introspection_c.h
[0.427s] -- Up-to-date: /home/williamfbx/Lunar-ROADSTER/lr_ws/install/cg_msgs/include/cg_msgs/cg_msgs/msg/detail/encoder_telemetry__type_support.c
[0.427s] -- Up-to-date: /home/williamfbx/Lunar-ROADSTER/lr_ws/install/cg_msgs/include/cg_msgs/cg_msgs/msg/detail/actuator_command__type_support.c
[0.427s] -- Up-to-date: /home/williamfbx/Lunar-ROADSTER/lr_ws/install/cg_msgs/include/cg_msgs/cg_msgs/msg/detail/point2_d__rosidl_typesupport_introspection_c.h
[0.427s] -- Up-to-date: /home/williamfbx/Lunar-ROADSTER/lr_ws/install/cg_msgs/include/cg_msgs/cg_msgs/msg/detail/actuator_state__type_support.c
[0.427s] -- Up-to-date: /home/williamfbx/Lunar-ROADSTER/lr_ws/install/cg_msgs/include/cg_msgs/cg_msgs/msg/detail/site_map__rosidl_typesupport_introspection_c.h
[0.427s] -- Up-to-date: /home/williamfbx/Lunar-ROADSTER/lr_ws/install/cg_msgs/include/cg_msgs/cg_msgs/msg/detail/trajectory__rosidl_typesupport_introspection_c.h
[0.427s] -- Up-to-date: /home/williamfbx/Lunar-ROADSTER/lr_ws/install/cg_msgs/include/cg_msgs/cg_msgs/msg/detail/beacon_multi_tag__rosidl_typesupport_introspection_c.h
[0.427s] -- Up-to-date: /home/williamfbx/Lunar-ROADSTER/lr_ws/install/cg_msgs/include/cg_msgs/cg_msgs/msg/detail/point2_d__type_support.c
[0.427s] -- Up-to-date: /home/williamfbx/Lunar-ROADSTER/lr_ws/install/cg_msgs/include/cg_msgs/cg_msgs/msg/detail/pose2_d__rosidl_typesupport_introspection_c.h
[0.427s] -- Up-to-date: /home/williamfbx/Lunar-ROADSTER/lr_ws/install/cg_msgs/include/cg_msgs/cg_msgs/msg/detail/trajectory__type_support.c
[0.427s] -- Up-to-date: /home/williamfbx/Lunar-ROADSTER/lr_ws/install/cg_msgs/include/cg_msgs/cg_msgs/msg/detail/encoder_telemetry__rosidl_typesupport_introspection_c.h
[0.427s] -- Up-to-date: /home/williamfbx/Lunar-ROADSTER/lr_ws/install/cg_msgs/include/cg_msgs/cg_msgs/msg/detail/site_map__type_support.c
[0.427s] -- Up-to-date: /home/williamfbx/Lunar-ROADSTER/lr_ws/install/cg_msgs/include/cg_msgs/cg_msgs/msg/detail/beacon_tag__type_support.c
[0.427s] -- Up-to-date: /home/williamfbx/Lunar-ROADSTER/lr_ws/install/cg_msgs/include/cg_msgs/cg_msgs/msg/detail/beacon_tag__rosidl_typesupport_introspection_c.h
[0.427s] -- Up-to-date: /home/williamfbx/Lunar-ROADSTER/lr_ws/install/cg_msgs/include/cg_msgs/cg_msgs/msg/rosidl_typesupport_introspection_c__visibility_control.h
[0.427s] -- Up-to-date: /home/williamfbx/Lunar-ROADSTER/lr_ws/install/cg_msgs/lib/libcg_msgs__rosidl_typesupport_introspection_c.so
[0.427s] -- Up-to-date: /home/williamfbx/Lunar-ROADSTER/lr_ws/install/cg_msgs/lib/libcg_msgs__rosidl_typesupport_c.so
[0.427s] -- Up-to-date: /home/williamfbx/Lunar-ROADSTER/lr_ws/install/cg_msgs/include/cg_msgs/cg_msgs
[0.427s] -- Up-to-date: /home/williamfbx/Lunar-ROADSTER/lr_ws/install/cg_msgs/include/cg_msgs/cg_msgs/srv
[0.427s] -- Up-to-date: /home/williamfbx/Lunar-ROADSTER/lr_ws/install/cg_msgs/include/cg_msgs/cg_msgs/srv/detail
[0.427s] -- Up-to-date: /home/williamfbx/Lunar-ROADSTER/lr_ws/install/cg_msgs/include/cg_msgs/cg_msgs/srv/detail/enable_worksystem__rosidl_typesupport_introspection_cpp.hpp
[0.427s] -- Up-to-date: /home/williamfbx/Lunar-ROADSTER/lr_ws/install/cg_msgs/include/cg_msgs/cg_msgs/srv/detail/site_map__type_support.cpp
[0.427s] -- Up-to-date: /home/williamfbx/Lunar-ROADSTER/lr_ws/install/cg_msgs/include/cg_msgs/cg_msgs/srv/detail/update_trajectory__type_support.cpp
[0.427s] -- Up-to-date: /home/williamfbx/Lunar-ROADSTER/lr_ws/install/cg_msgs/include/cg_msgs/cg_msgs/srv/detail/enable_worksystem__type_support.cpp
[0.427s] -- Up-to-date: /home/williamfbx/Lunar-ROADSTER/lr_ws/install/cg_msgs/include/cg_msgs/cg_msgs/srv/detail/update_trajectory__rosidl_typesupport_introspection_cpp.hpp
[0.427s] -- Up-to-date: /home/williamfbx/Lunar-ROADSTER/lr_ws/install/cg_msgs/include/cg_msgs/cg_msgs/srv/detail/save_map__type_support.cpp
[0.427s] -- Up-to-date: /home/williamfbx/Lunar-ROADSTER/lr_ws/install/cg_msgs/include/cg_msgs/cg_msgs/srv/detail/site_map__rosidl_typesupport_introspection_cpp.hpp
[0.428s] -- Up-to-date: /home/williamfbx/Lunar-ROADSTER/lr_ws/install/cg_msgs/include/cg_msgs/cg_msgs/srv/detail/save_map__rosidl_typesupport_introspection_cpp.hpp
[0.428s] -- Up-to-date: /home/williamfbx/Lunar-ROADSTER/lr_ws/install/cg_msgs/include/cg_msgs/cg_msgs/msg
[0.428s] -- Up-to-date: /home/williamfbx/Lunar-ROADSTER/lr_ws/install/cg_msgs/include/cg_msgs/cg_msgs/msg/detail
[0.428s] -- Up-to-date: /home/williamfbx/Lunar-ROADSTER/lr_ws/install/cg_msgs/include/cg_msgs/cg_msgs/msg/detail/actuator_state__rosidl_typesupport_introspection_cpp.hpp
[0.428s] -- Up-to-date: /home/williamfbx/Lunar-ROADSTER/lr_ws/install/cg_msgs/include/cg_msgs/cg_msgs/msg/detail/point2_d__type_support.cpp
[0.428s] -- Up-to-date: /home/williamfbx/Lunar-ROADSTER/lr_ws/install/cg_msgs/include/cg_msgs/cg_msgs/msg/detail/mux_mode__rosidl_typesupport_introspection_cpp.hpp
[0.428s] -- Up-to-date: /home/williamfbx/Lunar-ROADSTER/lr_ws/install/cg_msgs/include/cg_msgs/cg_msgs/msg/detail/beacon_multi_tag__rosidl_typesupport_introspection_cpp.hpp
[0.428s] -- Up-to-date: /home/williamfbx/Lunar-ROADSTER/lr_ws/install/cg_msgs/include/cg_msgs/cg_msgs/msg/detail/site_map__type_support.cpp
[0.428s] -- Up-to-date: /home/williamfbx/Lunar-ROADSTER/lr_ws/install/cg_msgs/include/cg_msgs/cg_msgs/msg/detail/encoder_telemetry__rosidl_typesupport_introspection_cpp.hpp
[0.428s] -- Up-to-date: /home/williamfbx/Lunar-ROADSTER/lr_ws/install/cg_msgs/include/cg_msgs/cg_msgs/msg/detail/trajectory__type_support.cpp
[0.428s] -- Up-to-date: /home/williamfbx/Lunar-ROADSTER/lr_ws/install/cg_msgs/include/cg_msgs/cg_msgs/msg/detail/slip__rosidl_typesupport_introspection_cpp.hpp
[0.428s] -- Up-to-date: /home/williamfbx/Lunar-ROADSTER/lr_ws/install/cg_msgs/include/cg_msgs/cg_msgs/msg/detail/actuator_command__type_support.cpp
[0.428s] -- Up-to-date: /home/williamfbx/Lunar-ROADSTER/lr_ws/install/cg_msgs/include/cg_msgs/cg_msgs/msg/detail/actuator_command__rosidl_typesupport_introspection_cpp.hpp
[0.428s] -- Up-to-date: /home/williamfbx/Lunar-ROADSTER/lr_ws/install/cg_msgs/include/cg_msgs/cg_msgs/msg/detail/beacon_tag__type_support.cpp
[0.428s] -- Up-to-date: /home/williamfbx/Lunar-ROADSTER/lr_ws/install/cg_msgs/include/cg_msgs/cg_msgs/msg/detail/encoder_telemetry__type_support.cpp
[0.428s] -- Up-to-date: /home/williamfbx/Lunar-ROADSTER/lr_ws/install/cg_msgs/include/cg_msgs/cg_msgs/msg/detail/site_map__rosidl_typesupport_introspection_cpp.hpp
[0.428s] -- Up-to-date: /home/williamfbx/Lunar-ROADSTER/lr_ws/install/cg_msgs/include/cg_msgs/cg_msgs/msg/detail/mux_mode__type_support.cpp
[0.428s] -- Up-to-date: /home/williamfbx/Lunar-ROADSTER/lr_ws/install/cg_msgs/include/cg_msgs/cg_msgs/msg/detail/pose2_d__rosidl_typesupport_introspection_cpp.hpp
[0.428s] -- Up-to-date: /home/williamfbx/Lunar-ROADSTER/lr_ws/install/cg_msgs/include/cg_msgs/cg_msgs/msg/detail/slip__type_support.cpp
[0.428s] -- Up-to-date: /home/williamfbx/Lunar-ROADSTER/lr_ws/install/cg_msgs/include/cg_msgs/cg_msgs/msg/detail/pose2_d__type_support.cpp
[0.428s] -- Up-to-date: /home/williamfbx/Lunar-ROADSTER/lr_ws/install/cg_msgs/include/cg_msgs/cg_msgs/msg/detail/actuator_state__type_support.cpp
[0.428s] -- Up-to-date: /home/williamfbx/Lunar-ROADSTER/lr_ws/install/cg_msgs/include/cg_msgs/cg_msgs/msg/detail/beacon_multi_tag__type_support.cpp
[0.428s] -- Up-to-date: /home/williamfbx/Lunar-ROADSTER/lr_ws/install/cg_msgs/include/cg_msgs/cg_msgs/msg/detail/trajectory__rosidl_typesupport_introspection_cpp.hpp
[0.428s] -- Up-to-date: /home/williamfbx/Lunar-ROADSTER/lr_ws/install/cg_msgs/include/cg_msgs/cg_msgs/msg/detail/point2_d__rosidl_typesupport_introspection_cpp.hpp
[0.429s] -- Up-to-date: /home/williamfbx/Lunar-ROADSTER/lr_ws/install/cg_msgs/include/cg_msgs/cg_msgs/msg/detail/beacon_tag__rosidl_typesupport_introspection_cpp.hpp
[0.429s] -- Up-to-date: /home/williamfbx/Lunar-ROADSTER/lr_ws/install/cg_msgs/lib/libcg_msgs__rosidl_typesupport_introspection_cpp.so
[0.429s] -- Up-to-date: /home/williamfbx/Lunar-ROADSTER/lr_ws/install/cg_msgs/lib/libcg_msgs__rosidl_typesupport_cpp.so
[0.429s] -- Up-to-date: /home/williamfbx/Lunar-ROADSTER/lr_ws/install/cg_msgs/share/cg_msgs/environment/pythonpath.sh
[0.429s] -- Up-to-date: /home/williamfbx/Lunar-ROADSTER/lr_ws/install/cg_msgs/share/cg_msgs/environment/pythonpath.dsv
[0.429s] -- Up-to-date: /home/williamfbx/Lunar-ROADSTER/lr_ws/install/cg_msgs/local/lib/python3.10/dist-packages/cg_msgs-0.0.0-py3.10.egg-info
[0.429s] -- Installing: /home/williamfbx/Lunar-ROADSTER/lr_ws/install/cg_msgs/local/lib/python3.10/dist-packages/cg_msgs-0.0.0-py3.10.egg-info/dependency_links.txt
[0.429s] -- Installing: /home/williamfbx/Lunar-ROADSTER/lr_ws/install/cg_msgs/local/lib/python3.10/dist-packages/cg_msgs-0.0.0-py3.10.egg-info/SOURCES.txt
[0.429s] -- Installing: /home/williamfbx/Lunar-ROADSTER/lr_ws/install/cg_msgs/local/lib/python3.10/dist-packages/cg_msgs-0.0.0-py3.10.egg-info/PKG-INFO
[0.429s] -- Installing: /home/williamfbx/Lunar-ROADSTER/lr_ws/install/cg_msgs/local/lib/python3.10/dist-packages/cg_msgs-0.0.0-py3.10.egg-info/top_level.txt
[0.429s] -- Up-to-date: /home/williamfbx/Lunar-ROADSTER/lr_ws/install/cg_msgs/local/lib/python3.10/dist-packages/cg_msgs
[0.429s] -- Up-to-date: /home/williamfbx/Lunar-ROADSTER/lr_ws/install/cg_msgs/local/lib/python3.10/dist-packages/cg_msgs/cg_msgs_s__rosidl_typesupport_c.cpython-310-x86_64-linux-gnu.so
[0.429s] -- Up-to-date: /home/williamfbx/Lunar-ROADSTER/lr_ws/install/cg_msgs/local/lib/python3.10/dist-packages/cg_msgs/libcg_msgs__rosidl_generator_py.so
[0.429s] -- Up-to-date: /home/williamfbx/Lunar-ROADSTER/lr_ws/install/cg_msgs/local/lib/python3.10/dist-packages/cg_msgs/cg_msgs_s__rosidl_typesupport_fastrtps_c.cpython-310-x86_64-linux-gnu.so
[0.429s] -- Up-to-date: /home/williamfbx/Lunar-ROADSTER/lr_ws/install/cg_msgs/local/lib/python3.10/dist-packages/cg_msgs/_cg_msgs_s.ep.rosidl_typesupport_fastrtps_c.c
[0.429s] -- Up-to-date: /home/williamfbx/Lunar-ROADSTER/lr_ws/install/cg_msgs/local/lib/python3.10/dist-packages/cg_msgs/srv
[0.429s] -- Up-to-date: /home/williamfbx/Lunar-ROADSTER/lr_ws/install/cg_msgs/local/lib/python3.10/dist-packages/cg_msgs/srv/_save_map.py
[0.429s] -- Up-to-date: /home/williamfbx/Lunar-ROADSTER/lr_ws/install/cg_msgs/local/lib/python3.10/dist-packages/cg_msgs/srv/_site_map.py
[0.429s] -- Up-to-date: /home/williamfbx/Lunar-ROADSTER/lr_ws/install/cg_msgs/local/lib/python3.10/dist-packages/cg_msgs/srv/_enable_worksystem_s.c
[0.429s] -- Up-to-date: /home/williamfbx/Lunar-ROADSTER/lr_ws/install/cg_msgs/local/lib/python3.10/dist-packages/cg_msgs/srv/_enable_worksystem.py
[0.429s] -- Up-to-date: /home/williamfbx/Lunar-ROADSTER/lr_ws/install/cg_msgs/local/lib/python3.10/dist-packages/cg_msgs/srv/_save_map_s.c
[0.429s] -- Up-to-date: /home/williamfbx/Lunar-ROADSTER/lr_ws/install/cg_msgs/local/lib/python3.10/dist-packages/cg_msgs/srv/_update_trajectory.py
[0.430s] -- Up-to-date: /home/williamfbx/Lunar-ROADSTER/lr_ws/install/cg_msgs/local/lib/python3.10/dist-packages/cg_msgs/srv/_site_map_s.c
[0.430s] -- Up-to-date: /home/williamfbx/Lunar-ROADSTER/lr_ws/install/cg_msgs/local/lib/python3.10/dist-packages/cg_msgs/srv/_update_trajectory_s.c
[0.430s] -- Up-to-date: /home/williamfbx/Lunar-ROADSTER/lr_ws/install/cg_msgs/local/lib/python3.10/dist-packages/cg_msgs/srv/__init__.py
[0.430s] -- Up-to-date: /home/williamfbx/Lunar-ROADSTER/lr_ws/install/cg_msgs/local/lib/python3.10/dist-packages/cg_msgs/_cg_msgs_s.ep.rosidl_typesupport_introspection_c.c
[0.430s] -- Up-to-date: /home/williamfbx/Lunar-ROADSTER/lr_ws/install/cg_msgs/local/lib/python3.10/dist-packages/cg_msgs/cg_msgs_s__rosidl_typesupport_introspection_c.cpython-310-x86_64-linux-gnu.so
[0.430s] -- Up-to-date: /home/williamfbx/Lunar-ROADSTER/lr_ws/install/cg_msgs/local/lib/python3.10/dist-packages/cg_msgs/__init__.py
[0.430s] -- Up-to-date: /home/williamfbx/Lunar-ROADSTER/lr_ws/install/cg_msgs/local/lib/python3.10/dist-packages/cg_msgs/_cg_msgs_s.ep.rosidl_typesupport_c.c
[0.430s] -- Up-to-date: /home/williamfbx/Lunar-ROADSTER/lr_ws/install/cg_msgs/local/lib/python3.10/dist-packages/cg_msgs/msg
[0.430s] -- Up-to-date: /home/williamfbx/Lunar-ROADSTER/lr_ws/install/cg_msgs/local/lib/python3.10/dist-packages/cg_msgs/msg/_trajectory_s.c
[0.430s] -- Up-to-date: /home/williamfbx/Lunar-ROADSTER/lr_ws/install/cg_msgs/local/lib/python3.10/dist-packages/cg_msgs/msg/_actuator_command_s.c
[0.430s] -- Up-to-date: /home/williamfbx/Lunar-ROADSTER/lr_ws/install/cg_msgs/local/lib/python3.10/dist-packages/cg_msgs/msg/_slip.py
[0.430s] -- Up-to-date: /home/williamfbx/Lunar-ROADSTER/lr_ws/install/cg_msgs/local/lib/python3.10/dist-packages/cg_msgs/msg/_mux_mode_s.c
[0.430s] -- Up-to-date: /home/williamfbx/Lunar-ROADSTER/lr_ws/install/cg_msgs/local/lib/python3.10/dist-packages/cg_msgs/msg/_point2_d.py
[0.430s] -- Up-to-date: /home/williamfbx/Lunar-ROADSTER/lr_ws/install/cg_msgs/local/lib/python3.10/dist-packages/cg_msgs/msg/_slip_s.c
[0.430s] -- Up-to-date: /home/williamfbx/Lunar-ROADSTER/lr_ws/install/cg_msgs/local/lib/python3.10/dist-packages/cg_msgs/msg/_site_map.py
[0.430s] -- Up-to-date: /home/williamfbx/Lunar-ROADSTER/lr_ws/install/cg_msgs/local/lib/python3.10/dist-packages/cg_msgs/msg/_encoder_telemetry.py
[0.430s] -- Up-to-date: /home/williamfbx/Lunar-ROADSTER/lr_ws/install/cg_msgs/local/lib/python3.10/dist-packages/cg_msgs/msg/_actuator_command.py
[0.430s] -- Up-to-date: /home/williamfbx/Lunar-ROADSTER/lr_ws/install/cg_msgs/local/lib/python3.10/dist-packages/cg_msgs/msg/_trajectory.py
[0.430s] -- Up-to-date: /home/williamfbx/Lunar-ROADSTER/lr_ws/install/cg_msgs/local/lib/python3.10/dist-packages/cg_msgs/msg/_mux_mode.py
[0.430s] -- Up-to-date: /home/williamfbx/Lunar-ROADSTER/lr_ws/install/cg_msgs/local/lib/python3.10/dist-packages/cg_msgs/msg/_beacon_multi_tag_s.c
[0.430s] -- Up-to-date: /home/williamfbx/Lunar-ROADSTER/lr_ws/install/cg_msgs/local/lib/python3.10/dist-packages/cg_msgs/msg/_beacon_tag.py
[0.430s] -- Up-to-date: /home/williamfbx/Lunar-ROADSTER/lr_ws/install/cg_msgs/local/lib/python3.10/dist-packages/cg_msgs/msg/_pose2_d.py
[0.430s] -- Up-to-date: /home/williamfbx/Lunar-ROADSTER/lr_ws/install/cg_msgs/local/lib/python3.10/dist-packages/cg_msgs/msg/_site_map_s.c
[0.430s] -- Up-to-date: /home/williamfbx/Lunar-ROADSTER/lr_ws/install/cg_msgs/local/lib/python3.10/dist-packages/cg_msgs/msg/_beacon_multi_tag.py
[0.430s] -- Up-to-date: /home/williamfbx/Lunar-ROADSTER/lr_ws/install/cg_msgs/local/lib/python3.10/dist-packages/cg_msgs/msg/_pose2_d_s.c
[0.430s] -- Up-to-date: /home/williamfbx/Lunar-ROADSTER/lr_ws/install/cg_msgs/local/lib/python3.10/dist-packages/cg_msgs/msg/_beacon_tag_s.c
[0.430s] -- Up-to-date: /home/williamfbx/Lunar-ROADSTER/lr_ws/install/cg_msgs/local/lib/python3.10/dist-packages/cg_msgs/msg/_actuator_state.py
[0.431s] -- Up-to-date: /home/williamfbx/Lunar-ROADSTER/lr_ws/install/cg_msgs/local/lib/python3.10/dist-packages/cg_msgs/msg/_actuator_state_s.c
[0.431s] -- Up-to-date: /home/williamfbx/Lunar-ROADSTER/lr_ws/install/cg_msgs/local/lib/python3.10/dist-packages/cg_msgs/msg/_encoder_telemetry_s.c
[0.431s] -- Up-to-date: /home/williamfbx/Lunar-ROADSTER/lr_ws/install/cg_msgs/local/lib/python3.10/dist-packages/cg_msgs/msg/__init__.py
[0.431s] -- Up-to-date: /home/williamfbx/Lunar-ROADSTER/lr_ws/install/cg_msgs/local/lib/python3.10/dist-packages/cg_msgs/msg/_point2_d_s.c
[0.436s] Listing '/home/williamfbx/Lunar-ROADSTER/lr_ws/install/cg_msgs/local/lib/python3.10/dist-packages/cg_msgs'...
[0.436s] Listing '/home/williamfbx/Lunar-ROADSTER/lr_ws/install/cg_msgs/local/lib/python3.10/dist-packages/cg_msgs/msg'...
[0.436s] Listing '/home/williamfbx/Lunar-ROADSTER/lr_ws/install/cg_msgs/local/lib/python3.10/dist-packages/cg_msgs/srv'...
[0.436s] -- Up-to-date: /home/williamfbx/Lunar-ROADSTER/lr_ws/install/cg_msgs/local/lib/python3.10/dist-packages/cg_msgs/cg_msgs_s__rosidl_typesupport_fastrtps_c.cpython-310-x86_64-linux-gnu.so
[0.436s] -- Up-to-date: /home/williamfbx/Lunar-ROADSTER/lr_ws/install/cg_msgs/local/lib/python3.10/dist-packages/cg_msgs/cg_msgs_s__rosidl_typesupport_introspection_c.cpython-310-x86_64-linux-gnu.so
[0.436s] -- Up-to-date: /home/williamfbx/Lunar-ROADSTER/lr_ws/install/cg_msgs/local/lib/python3.10/dist-packages/cg_msgs/cg_msgs_s__rosidl_typesupport_c.cpython-310-x86_64-linux-gnu.so
[0.436s] -- Up-to-date: /home/williamfbx/Lunar-ROADSTER/lr_ws/install/cg_msgs/lib/libcg_msgs__rosidl_generator_py.so
[0.436s] -- Up-to-date: /home/williamfbx/Lunar-ROADSTER/lr_ws/install/cg_msgs/share/cg_msgs/msg/ActuatorCommand.idl
[0.436s] -- Up-to-date: /home/williamfbx/Lunar-ROADSTER/lr_ws/install/cg_msgs/share/cg_msgs/msg/BeaconTag.idl
[0.436s] -- Up-to-date: /home/williamfbx/Lunar-ROADSTER/lr_ws/install/cg_msgs/share/cg_msgs/msg/BeaconMultiTag.idl
[0.436s] -- Up-to-date: /home/williamfbx/Lunar-ROADSTER/lr_ws/install/cg_msgs/share/cg_msgs/msg/EncoderTelemetry.idl
[0.436s] -- Up-to-date: /home/williamfbx/Lunar-ROADSTER/lr_ws/install/cg_msgs/share/cg_msgs/msg/Point2D.idl
[0.436s] -- Up-to-date: /home/williamfbx/Lunar-ROADSTER/lr_ws/install/cg_msgs/share/cg_msgs/msg/Pose2D.idl
[0.436s] -- Up-to-date: /home/williamfbx/Lunar-ROADSTER/lr_ws/install/cg_msgs/share/cg_msgs/msg/Slip.idl
[0.436s] -- Up-to-date: /home/williamfbx/Lunar-ROADSTER/lr_ws/install/cg_msgs/share/cg_msgs/msg/MuxMode.idl
[0.436s] -- Up-to-date: /home/williamfbx/Lunar-ROADSTER/lr_ws/install/cg_msgs/share/cg_msgs/msg/ActuatorState.idl
[0.436s] -- Up-to-date: /home/williamfbx/Lunar-ROADSTER/lr_ws/install/cg_msgs/share/cg_msgs/msg/SiteMap.idl
[0.437s] -- Up-to-date: /home/williamfbx/Lunar-ROADSTER/lr_ws/install/cg_msgs/share/cg_msgs/msg/Trajectory.idl
[0.437s] -- Up-to-date: /home/williamfbx/Lunar-ROADSTER/lr_ws/install/cg_msgs/share/cg_msgs/srv/SiteMap.idl
[0.437s] -- Up-to-date: /home/williamfbx/Lunar-ROADSTER/lr_ws/install/cg_msgs/share/cg_msgs/srv/UpdateTrajectory.idl
[0.437s] -- Up-to-date: /home/williamfbx/Lunar-ROADSTER/lr_ws/install/cg_msgs/share/cg_msgs/srv/EnableWorksystem.idl
[0.437s] -- Up-to-date: /home/williamfbx/Lunar-ROADSTER/lr_ws/install/cg_msgs/share/cg_msgs/srv/SaveMap.idl
[0.437s] -- Up-to-date: /home/williamfbx/Lunar-ROADSTER/lr_ws/install/cg_msgs/share/cg_msgs/srv/SiteMap.srv
[0.437s] -- Up-to-date: /home/williamfbx/Lunar-ROADSTER/lr_ws/install/cg_msgs/share/cg_msgs/srv/SiteMap_Request.msg
[0.437s] -- Up-to-date: /home/williamfbx/Lunar-ROADSTER/lr_ws/install/cg_msgs/share/cg_msgs/srv/SiteMap_Response.msg
[0.437s] -- Up-to-date: /home/williamfbx/Lunar-ROADSTER/lr_ws/install/cg_msgs/share/cg_msgs/srv/UpdateTrajectory.srv
[0.437s] -- Up-to-date: /home/williamfbx/Lunar-ROADSTER/lr_ws/install/cg_msgs/share/cg_msgs/srv/UpdateTrajectory_Request.msg
[0.437s] -- Up-to-date: /home/williamfbx/Lunar-ROADSTER/lr_ws/install/cg_msgs/share/cg_msgs/srv/UpdateTrajectory_Response.msg
[0.437s] -- Up-to-date: /home/williamfbx/Lunar-ROADSTER/lr_ws/install/cg_msgs/share/cg_msgs/srv/EnableWorksystem.srv
[0.437s] -- Up-to-date: /home/williamfbx/Lunar-ROADSTER/lr_ws/install/cg_msgs/share/cg_msgs/srv/EnableWorksystem_Request.msg
[0.437s] -- Up-to-date: /home/williamfbx/Lunar-ROADSTER/lr_ws/install/cg_msgs/share/cg_msgs/srv/EnableWorksystem_Response.msg
[0.437s] -- Up-to-date: /home/williamfbx/Lunar-ROADSTER/lr_ws/install/cg_msgs/share/cg_msgs/srv/SaveMap.srv
[0.437s] -- Up-to-date: /home/williamfbx/Lunar-ROADSTER/lr_ws/install/cg_msgs/share/cg_msgs/srv/SaveMap_Request.msg
[0.437s] -- Up-to-date: /home/williamfbx/Lunar-ROADSTER/lr_ws/install/cg_msgs/share/cg_msgs/srv/SaveMap_Response.msg
[0.437s] -- Up-to-date: /home/williamfbx/Lunar-ROADSTER/lr_ws/install/cg_msgs/share/ament_index/resource_index/package_run_dependencies/cg_msgs
[0.437s] -- Up-to-date: /home/williamfbx/Lunar-ROADSTER/lr_ws/install/cg_msgs/share/ament_index/resource_index/parent_prefix_path/cg_msgs
[0.437s] -- Up-to-date: /home/williamfbx/Lunar-ROADSTER/lr_ws/install/cg_msgs/share/cg_msgs/environment/ament_prefix_path.sh
[0.437s] -- Up-to-date: /home/williamfbx/Lunar-ROADSTER/lr_ws/install/cg_msgs/share/cg_msgs/environment/ament_prefix_path.dsv
[0.437s] -- Up-to-date: /home/williamfbx/Lunar-ROADSTER/lr_ws/install/cg_msgs/share/cg_msgs/environment/path.sh
[0.437s] -- Up-to-date: /home/williamfbx/Lunar-ROADSTER/lr_ws/install/cg_msgs/share/cg_msgs/environment/path.dsv
[0.437s] -- Up-to-date: /home/williamfbx/Lunar-ROADSTER/lr_ws/install/cg_msgs/share/cg_msgs/local_setup.bash
[0.437s] -- Up-to-date: /home/williamfbx/Lunar-ROADSTER/lr_ws/install/cg_msgs/share/cg_msgs/local_setup.sh
[0.438s] -- Up-to-date: /home/williamfbx/Lunar-ROADSTER/lr_ws/install/cg_msgs/share/cg_msgs/local_setup.zsh
[0.438s] -- Up-to-date: /home/williamfbx/Lunar-ROADSTER/lr_ws/install/cg_msgs/share/cg_msgs/local_setup.dsv
[0.438s] -- Installing: /home/williamfbx/Lunar-ROADSTER/lr_ws/install/cg_msgs/share/cg_msgs/package.dsv
[0.438s] -- Up-to-date: /home/williamfbx/Lunar-ROADSTER/lr_ws/install/cg_msgs/share/ament_index/resource_index/packages/cg_msgs
[0.438s] -- Up-to-date: /home/williamfbx/Lunar-ROADSTER/lr_ws/install/cg_msgs/share/cg_msgs/cmake/export_cg_msgs__rosidl_generator_cExport.cmake
[0.438s] -- Up-to-date: /home/williamfbx/Lunar-ROADSTER/lr_ws/install/cg_msgs/share/cg_msgs/cmake/export_cg_msgs__rosidl_generator_cExport-noconfig.cmake
[0.438s] -- Up-to-date: /home/williamfbx/Lunar-ROADSTER/lr_ws/install/cg_msgs/share/cg_msgs/cmake/export_cg_msgs__rosidl_typesupport_fastrtps_cExport.cmake
[0.438s] -- Up-to-date: /home/williamfbx/Lunar-ROADSTER/lr_ws/install/cg_msgs/share/cg_msgs/cmake/export_cg_msgs__rosidl_typesupport_fastrtps_cExport-noconfig.cmake
[0.438s] -- Up-to-date: /home/williamfbx/Lunar-ROADSTER/lr_ws/install/cg_msgs/share/cg_msgs/cmake/export_cg_msgs__rosidl_generator_cppExport.cmake
[0.438s] -- Up-to-date: /home/williamfbx/Lunar-ROADSTER/lr_ws/install/cg_msgs/share/cg_msgs/cmake/export_cg_msgs__rosidl_typesupport_fastrtps_cppExport.cmake
[0.438s] -- Up-to-date: /home/williamfbx/Lunar-ROADSTER/lr_ws/install/cg_msgs/share/cg_msgs/cmake/export_cg_msgs__rosidl_typesupport_fastrtps_cppExport-noconfig.cmake
[0.438s] -- Up-to-date: /home/williamfbx/Lunar-ROADSTER/lr_ws/install/cg_msgs/share/cg_msgs/cmake/cg_msgs__rosidl_typesupport_introspection_cExport.cmake
[0.438s] -- Up-to-date: /home/williamfbx/Lunar-ROADSTER/lr_ws/install/cg_msgs/share/cg_msgs/cmake/cg_msgs__rosidl_typesupport_introspection_cExport-noconfig.cmake
[0.438s] -- Up-to-date: /home/williamfbx/Lunar-ROADSTER/lr_ws/install/cg_msgs/share/cg_msgs/cmake/cg_msgs__rosidl_typesupport_cExport.cmake
[0.438s] -- Up-to-date: /home/williamfbx/Lunar-ROADSTER/lr_ws/install/cg_msgs/share/cg_msgs/cmake/cg_msgs__rosidl_typesupport_cExport-noconfig.cmake
[0.438s] -- Up-to-date: /home/williamfbx/Lunar-ROADSTER/lr_ws/install/cg_msgs/share/cg_msgs/cmake/cg_msgs__rosidl_typesupport_introspection_cppExport.cmake
[0.438s] -- Up-to-date: /home/williamfbx/Lunar-ROADSTER/lr_ws/install/cg_msgs/share/cg_msgs/cmake/cg_msgs__rosidl_typesupport_introspection_cppExport-noconfig.cmake
[0.438s] -- Up-to-date: /home/williamfbx/Lunar-ROADSTER/lr_ws/install/cg_msgs/share/cg_msgs/cmake/cg_msgs__rosidl_typesupport_cppExport.cmake
[0.438s] -- Up-to-date: /home/williamfbx/Lunar-ROADSTER/lr_ws/install/cg_msgs/share/cg_msgs/cmake/cg_msgs__rosidl_typesupport_cppExport-noconfig.cmake
[0.438s] -- Up-to-date: /home/williamfbx/Lunar-ROADSTER/lr_ws/install/cg_msgs/share/cg_msgs/cmake/export_cg_msgs__rosidl_generator_pyExport.cmake
[0.438s] -- Up-to-date: /home/williamfbx/Lunar-ROADSTER/lr_ws/install/cg_msgs/share/cg_msgs/cmake/export_cg_msgs__rosidl_generator_pyExport-noconfig.cmake
[0.438s] -- Up-to-date: /home/williamfbx/Lunar-ROADSTER/lr_ws/install/cg_msgs/share/cg_msgs/cmake/rosidl_cmake-extras.cmake
[0.438s] -- Up-to-date: /home/williamfbx/Lunar-ROADSTER/lr_ws/install/cg_msgs/share/cg_msgs/cmake/ament_cmake_export_dependencies-extras.cmake
[0.438s] -- Up-to-date: /home/williamfbx/Lunar-ROADSTER/lr_ws/install/cg_msgs/share/cg_msgs/cmake/ament_cmake_export_include_directories-extras.cmake
[0.438s] -- Up-to-date: /home/williamfbx/Lunar-ROADSTER/lr_ws/install/cg_msgs/share/cg_msgs/cmake/ament_cmake_export_libraries-extras.cmake
[0.438s] -- Up-to-date: /home/williamfbx/Lunar-ROADSTER/lr_ws/install/cg_msgs/share/cg_msgs/cmake/ament_cmake_export_targets-extras.cmake
[0.438s] -- Up-to-date: /home/williamfbx/Lunar-ROADSTER/lr_ws/install/cg_msgs/share/cg_msgs/cmake/rosidl_cmake_export_typesupport_targets-extras.cmake
[0.439s] -- Up-to-date: /home/williamfbx/Lunar-ROADSTER/lr_ws/install/cg_msgs/share/cg_msgs/cmake/rosidl_cmake_export_typesupport_libraries-extras.cmake
[0.439s] -- Up-to-date: /home/williamfbx/Lunar-ROADSTER/lr_ws/install/cg_msgs/share/cg_msgs/cmake/cg_msgsConfig.cmake
[0.439s] -- Up-to-date: /home/williamfbx/Lunar-ROADSTER/lr_ws/install/cg_msgs/share/cg_msgs/cmake/cg_msgsConfig-version.cmake
[0.439s] -- Up-to-date: /home/williamfbx/Lunar-ROADSTER/lr_ws/install/cg_msgs/share/cg_msgs/package.xml
[0.452s] Invoked command in '/home/williamfbx/Lunar-ROADSTER/lr_ws/build/cg_msgs' returned '0': CMAKE_PREFIX_PATH=${CMAKE_PREFIX_PATH}:/opt/ros/humble /usr/bin/cmake --install /home/williamfbx/Lunar-ROADSTER/lr_ws/build/cg_msgs
