[0.248s] Invoking command in '/root/Lunar_ROADSTER/lr_ws/build/mapping': CMAKE_PREFIX_PATH=${CMAKE_PREFIX_PATH}:/root/Lunar_ROADSTER/lr_ws/install/nav2_simple_commander:/root/microros_ws/install/sensor_msgs_py:/opt/ros/humble /usr/local/bin/cmake --build /root/Lunar_ROADSTER/lr_ws/build/mapping -- -j4 -l4
[1.061s] [ 75%] Built target local_mapping_node
[1.062s] [ 75%] Built target global_mapping_node
[1.064s] [100%] Built target pc_handler_node
[1.111s] Invoked command in '/root/Lunar_ROADSTER/lr_ws/build/mapping' returned '0': CMAKE_PREFIX_PATH=${CMAKE_PREFIX_PATH}:/root/Lunar_ROADSTER/lr_ws/install/nav2_simple_commander:/root/microros_ws/install/sensor_msgs_py:/opt/ros/humble /usr/local/bin/cmake --build /root/Lunar_ROADSTER/lr_ws/build/mapping -- -j4 -l4
[1.151s] Invoking command in '/root/Lunar_ROADSTER/lr_ws/build/mapping': CMAKE_PREFIX_PATH=${CMAKE_PREFIX_PATH}:/root/Lunar_ROADSTER/lr_ws/install/nav2_simple_commander:/root/microros_ws/install/sensor_msgs_py:/opt/ros/humble /usr/local/bin/cmake --install /root/Lunar_ROADSTER/lr_ws/build/mapping
[1.185s] -- Install configuration: ""
[1.186s] -- Up-to-date: /root/Lunar_ROADSTER/lr_ws/install/mapping/lib/mapping/global_mapping_node
[1.189s] -- Up-to-date: /root/Lunar_ROADSTER/lr_ws/install/mapping/lib/mapping/local_mapping_node
[1.191s] -- Up-to-date: /root/Lunar_ROADSTER/lr_ws/install/mapping/lib/mapping/pc_handler_node
[1.192s] -- Up-to-date: /root/Lunar_ROADSTER/lr_ws/install/mapping/share/mapping/launch
[1.194s] -- Up-to-date: /root/Lunar_ROADSTER/lr_ws/install/mapping/share/mapping/launch/mapping.launch.py
[1.195s] -- Up-to-date: /root/Lunar_ROADSTER/lr_ws/install/mapping/share/mapping/launch/rviz_config.rviz
[1.196s] -- Up-to-date: /root/Lunar_ROADSTER/lr_ws/install/mapping/share/ament_index/resource_index/package_run_dependencies/mapping
[1.196s] -- Up-to-date: /root/Lunar_ROADSTER/lr_ws/install/mapping/share/ament_index/resource_index/parent_prefix_path/mapping
[1.197s] -- Up-to-date: /root/Lunar_ROADSTER/lr_ws/install/mapping/share/mapping/environment/ament_prefix_path.sh
[1.197s] -- Up-to-date: /root/Lunar_ROADSTER/lr_ws/install/mapping/share/mapping/environment/ament_prefix_path.dsv
[1.197s] -- Up-to-date: /root/Lunar_ROADSTER/lr_ws/install/mapping/share/mapping/environment/path.sh
[1.198s] -- Up-to-date: /root/Lunar_ROADSTER/lr_ws/install/mapping/share/mapping/environment/path.dsv
[1.199s] -- Up-to-date: /root/Lunar_ROADSTER/lr_ws/install/mapping/share/mapping/local_setup.bash
[1.199s] -- Up-to-date: /root/Lunar_ROADSTER/lr_ws/install/mapping/share/mapping/local_setup.sh
[1.199s] -- Up-to-date: /root/Lunar_ROADSTER/lr_ws/install/mapping/share/mapping/local_setup.zsh
[1.199s] -- Up-to-date: /root/Lunar_ROADSTER/lr_ws/install/mapping/share/mapping/local_setup.dsv
[1.200s] -- Installing: /root/Lunar_ROADSTER/lr_ws/install/mapping/share/mapping/package.dsv
[1.200s] -- Up-to-date: /root/Lunar_ROADSTER/lr_ws/install/mapping/share/ament_index/resource_index/packages/mapping
[1.200s] -- Up-to-date: /root/Lunar_ROADSTER/lr_ws/install/mapping/share/mapping/cmake/mappingConfig.cmake
[1.200s] -- Up-to-date: /root/Lunar_ROADSTER/lr_ws/install/mapping/share/mapping/cmake/mappingConfig-version.cmake
[1.201s] -- Up-to-date: /root/Lunar_ROADSTER/lr_ws/install/mapping/share/mapping/package.xml
[1.207s] Invoked command in '/root/Lunar_ROADSTER/lr_ws/build/mapping' returned '0': CMAKE_PREFIX_PATH=${CMAKE_PREFIX_PATH}:/root/Lunar_ROADSTER/lr_ws/install/nav2_simple_commander:/root/microros_ws/install/sensor_msgs_py:/opt/ros/humble /usr/local/bin/cmake --install /root/Lunar_ROADSTER/lr_ws/build/mapping
