[0.084s] Invoking command in '/root/Lunar_ROADSTER/lr_ws/build/vectornav': CMAKE_PREFIX_PATH=/root/Lunar_ROADSTER/lr_ws/install/vectornav_msgs:/root/Lunar_ROADSTER/lr_ws/install/vectornav:/root/Lunar_ROADSTER/lr_ws/install/localization:/root/Lunar_ROADSTER/lr_ws/install/cg_msgs:/opt/ros/humble LD_LIBRARY_PATH=/root/Lunar_ROADSTER/lr_ws/install/vectornav_msgs/lib:/root/Lunar_ROADSTER/lr_ws/install/vectornav/lib:/root/Lunar_ROADSTER/lr_ws/install/cg_msgs/lib:/opt/ros/humble/opt/rviz_ogre_vendor/lib:/opt/ros/humble/lib/aarch64-linux-gnu:/opt/ros/humble/lib:/usr/local/cuda/lib64 /usr/local/bin/cmake --build /root/Lunar_ROADSTER/lr_ws/build/vectornav -- -j4 -l4
[0.322s] [ 21%] Built target vn_sensor_msgs_lib
[0.326s] [ 81%] Built target vncxx
[0.441s] [ 87%] Built target vectornav_lib
[0.491s] [ 93%] Built target vn_sensor_msgs
[0.546s] [100%] Built target vectornav
[0.588s] Invoked command in '/root/Lunar_ROADSTER/lr_ws/build/vectornav' returned '0': CMAKE_PREFIX_PATH=/root/Lunar_ROADSTER/lr_ws/install/vectornav_msgs:/root/Lunar_ROADSTER/lr_ws/install/vectornav:/root/Lunar_ROADSTER/lr_ws/install/localization:/root/Lunar_ROADSTER/lr_ws/install/cg_msgs:/opt/ros/humble LD_LIBRARY_PATH=/root/Lunar_ROADSTER/lr_ws/install/vectornav_msgs/lib:/root/Lunar_ROADSTER/lr_ws/install/vectornav/lib:/root/Lunar_ROADSTER/lr_ws/install/cg_msgs/lib:/opt/ros/humble/opt/rviz_ogre_vendor/lib:/opt/ros/humble/lib/aarch64-linux-gnu:/opt/ros/humble/lib:/usr/local/cuda/lib64 /usr/local/bin/cmake --build /root/Lunar_ROADSTER/lr_ws/build/vectornav -- -j4 -l4
[0.593s] Invoking command in '/root/Lunar_ROADSTER/lr_ws/build/vectornav': CMAKE_PREFIX_PATH=/root/Lunar_ROADSTER/lr_ws/install/vectornav_msgs:/root/Lunar_ROADSTER/lr_ws/install/vectornav:/root/Lunar_ROADSTER/lr_ws/install/localization:/root/Lunar_ROADSTER/lr_ws/install/cg_msgs:/opt/ros/humble LD_LIBRARY_PATH=/root/Lunar_ROADSTER/lr_ws/install/vectornav_msgs/lib:/root/Lunar_ROADSTER/lr_ws/install/vectornav/lib:/root/Lunar_ROADSTER/lr_ws/install/cg_msgs/lib:/opt/ros/humble/opt/rviz_ogre_vendor/lib:/opt/ros/humble/lib/aarch64-linux-gnu:/opt/ros/humble/lib:/usr/local/cuda/lib64 /usr/local/bin/cmake --install /root/Lunar_ROADSTER/lr_ws/build/vectornav
[0.607s] -- Install configuration: ""
[0.608s] -- Up-to-date: /root/Lunar_ROADSTER/lr_ws/install/vectornav/lib/libvectornav_lib.so
[0.612s] -- Up-to-date: /root/Lunar_ROADSTER/lr_ws/install/vectornav/lib/libvn_sensor_msgs_lib.so
[0.615s] -- Up-to-date: /root/Lunar_ROADSTER/lr_ws/install/vectornav/lib/vectornav/vectornav
[0.620s] -- Up-to-date: /root/Lunar_ROADSTER/lr_ws/install/vectornav/lib/vectornav/vn_sensor_msgs
[0.621s] -- Up-to-date: /root/Lunar_ROADSTER/lr_ws/install/vectornav/share/vectornav//config
[0.622s] -- Up-to-date: /root/Lunar_ROADSTER/lr_ws/install/vectornav/share/vectornav//config/vectornav.yaml
[0.623s] -- Up-to-date: /root/Lunar_ROADSTER/lr_ws/install/vectornav/share/vectornav//config/vectornav_composable.yaml
[0.623s] -- Up-to-date: /root/Lunar_ROADSTER/lr_ws/install/vectornav/share/vectornav//config/vn_100_800hz.yaml
[0.624s] -- Up-to-date: /root/Lunar_ROADSTER/lr_ws/install/vectornav/share/vectornav//config/vn_sensor_msgs_composable.yaml
[0.624s] -- Up-to-date: /root/Lunar_ROADSTER/lr_ws/install/vectornav/share/vectornav//launch
[0.625s] -- Up-to-date: /root/Lunar_ROADSTER/lr_ws/install/vectornav/share/vectornav//launch/vectornav.launch.py
[0.625s] -- Up-to-date: /root/Lunar_ROADSTER/lr_ws/install/vectornav/share/vectornav//launch/vectornav_composable.launch.py
[0.625s] -- Up-to-date: /root/Lunar_ROADSTER/lr_ws/install/vectornav/share/ament_index/resource_index/package_run_dependencies/vectornav
[0.630s] -- Up-to-date: /root/Lunar_ROADSTER/lr_ws/install/vectornav/share/ament_index/resource_index/parent_prefix_path/vectornav
[0.631s] -- Up-to-date: /root/Lunar_ROADSTER/lr_ws/install/vectornav/share/vectornav/environment/ament_prefix_path.sh
[0.631s] -- Up-to-date: /root/Lunar_ROADSTER/lr_ws/install/vectornav/share/vectornav/environment/ament_prefix_path.dsv
[0.632s] -- Up-to-date: /root/Lunar_ROADSTER/lr_ws/install/vectornav/share/vectornav/environment/path.sh
[0.634s] -- Up-to-date: /root/Lunar_ROADSTER/lr_ws/install/vectornav/share/vectornav/environment/path.dsv
[0.634s] -- Up-to-date: /root/Lunar_ROADSTER/lr_ws/install/vectornav/share/vectornav/local_setup.bash
[0.634s] -- Up-to-date: /root/Lunar_ROADSTER/lr_ws/install/vectornav/share/vectornav/local_setup.sh
[0.635s] -- Up-to-date: /root/Lunar_ROADSTER/lr_ws/install/vectornav/share/vectornav/local_setup.zsh
[0.635s] -- Up-to-date: /root/Lunar_ROADSTER/lr_ws/install/vectornav/share/vectornav/local_setup.dsv
[0.636s] -- Installing: /root/Lunar_ROADSTER/lr_ws/install/vectornav/share/vectornav/package.dsv
[0.641s] -- Up-to-date: /root/Lunar_ROADSTER/lr_ws/install/vectornav/share/ament_index/resource_index/packages/vectornav
[0.642s] -- Up-to-date: /root/Lunar_ROADSTER/lr_ws/install/vectornav/share/ament_index/resource_index/rclcpp_components/vectornav
[0.643s] -- Up-to-date: /root/Lunar_ROADSTER/lr_ws/install/vectornav/share/vectornav/cmake/ament_cmake_export_dependencies-extras.cmake
[0.644s] -- Up-to-date: /root/Lunar_ROADSTER/lr_ws/install/vectornav/share/vectornav/cmake/vectornavConfig.cmake
[0.644s] -- Up-to-date: /root/Lunar_ROADSTER/lr_ws/install/vectornav/share/vectornav/cmake/vectornavConfig-version.cmake
[0.644s] -- Up-to-date: /root/Lunar_ROADSTER/lr_ws/install/vectornav/share/vectornav/package.xml
[0.646s] -- Up-to-date: /root/Lunar_ROADSTER/lr_ws/install/vectornav/lib/libvncxx.so
[0.651s] -- Up-to-date: /root/Lunar_ROADSTER/lr_ws/install/vectornav/include/vn
[0.651s] -- Up-to-date: /root/Lunar_ROADSTER/lr_ws/install/vectornav/include/vn/attitude.h
[0.651s] -- Up-to-date: /root/Lunar_ROADSTER/lr_ws/install/vectornav/include/vn/boostpython.h
[0.651s] -- Up-to-date: /root/Lunar_ROADSTER/lr_ws/install/vectornav/include/vn/compiler.h
[0.652s] -- Up-to-date: /root/Lunar_ROADSTER/lr_ws/install/vectornav/include/vn/compositedata.h
[0.652s] -- Up-to-date: /root/Lunar_ROADSTER/lr_ws/install/vectornav/include/vn/consts.h
[0.652s] -- Up-to-date: /root/Lunar_ROADSTER/lr_ws/install/vectornav/include/vn/conversions.h
[0.653s] -- Up-to-date: /root/Lunar_ROADSTER/lr_ws/install/vectornav/include/vn/criticalsection.h
[0.653s] -- Up-to-date: /root/Lunar_ROADSTER/lr_ws/install/vectornav/include/vn/dllvalidator.h
[0.653s] -- Up-to-date: /root/Lunar_ROADSTER/lr_ws/install/vectornav/include/vn/error_detection.h
[0.654s] -- Up-to-date: /root/Lunar_ROADSTER/lr_ws/install/vectornav/include/vn/event.h
[0.654s] -- Up-to-date: /root/Lunar_ROADSTER/lr_ws/install/vectornav/include/vn/exceptions.h
[0.654s] -- Up-to-date: /root/Lunar_ROADSTER/lr_ws/install/vectornav/include/vn/export.h
[0.654s] -- Up-to-date: /root/Lunar_ROADSTER/lr_ws/install/vectornav/include/vn/ezasyncdata.h
[0.655s] -- Up-to-date: /root/Lunar_ROADSTER/lr_ws/install/vectornav/include/vn/int.h
[0.655s] -- Up-to-date: /root/Lunar_ROADSTER/lr_ws/install/vectornav/include/vn/matrix.h
[0.655s] -- Up-to-date: /root/Lunar_ROADSTER/lr_ws/install/vectornav/include/vn/memoryport.h
[0.655s] -- Up-to-date: /root/Lunar_ROADSTER/lr_ws/install/vectornav/include/vn/mock.h
[0.656s] -- Up-to-date: /root/Lunar_ROADSTER/lr_ws/install/vectornav/include/vn/nocopy.h
[0.656s] -- Up-to-date: /root/Lunar_ROADSTER/lr_ws/install/vectornav/include/vn/packet.h
[0.656s] -- Up-to-date: /root/Lunar_ROADSTER/lr_ws/install/vectornav/include/vn/packetfinder.h
[0.657s] -- Up-to-date: /root/Lunar_ROADSTER/lr_ws/install/vectornav/include/vn/port.h
[0.662s] -- Up-to-date: /root/Lunar_ROADSTER/lr_ws/install/vectornav/include/vn/position.h
[0.663s] -- Up-to-date: /root/Lunar_ROADSTER/lr_ws/install/vectornav/include/vn/registers.h
[0.663s] -- Up-to-date: /root/Lunar_ROADSTER/lr_ws/install/vectornav/include/vn/rtcmlistener.h
[0.663s] -- Up-to-date: /root/Lunar_ROADSTER/lr_ws/install/vectornav/include/vn/rtcmmessage.h
[0.664s] -- Up-to-date: /root/Lunar_ROADSTER/lr_ws/install/vectornav/include/vn/searcher.h
[0.664s] -- Up-to-date: /root/Lunar_ROADSTER/lr_ws/install/vectornav/include/vn/sensors.h
[0.664s] -- Up-to-date: /root/Lunar_ROADSTER/lr_ws/install/vectornav/include/vn/serialport.h
[0.664s] -- Up-to-date: /root/Lunar_ROADSTER/lr_ws/install/vectornav/include/vn/signal.h
[0.667s] -- Up-to-date: /root/Lunar_ROADSTER/lr_ws/install/vectornav/include/vn/thread.h
[0.675s] -- Up-to-date: /root/Lunar_ROADSTER/lr_ws/install/vectornav/include/vn/types.h
[0.677s] -- Up-to-date: /root/Lunar_ROADSTER/lr_ws/install/vectornav/include/vn/util.h
[0.679s] -- Up-to-date: /root/Lunar_ROADSTER/lr_ws/install/vectornav/include/vn/utilities.h
[0.679s] -- Up-to-date: /root/Lunar_ROADSTER/lr_ws/install/vectornav/include/vn/vector.h
[0.685s] -- Up-to-date: /root/Lunar_ROADSTER/lr_ws/install/vectornav/include/vn/vntime.h
[0.688s] Invoked command in '/root/Lunar_ROADSTER/lr_ws/build/vectornav' returned '0': CMAKE_PREFIX_PATH=/root/Lunar_ROADSTER/lr_ws/install/vectornav_msgs:/root/Lunar_ROADSTER/lr_ws/install/vectornav:/root/Lunar_ROADSTER/lr_ws/install/localization:/root/Lunar_ROADSTER/lr_ws/install/cg_msgs:/opt/ros/humble LD_LIBRARY_PATH=/root/Lunar_ROADSTER/lr_ws/install/vectornav_msgs/lib:/root/Lunar_ROADSTER/lr_ws/install/vectornav/lib:/root/Lunar_ROADSTER/lr_ws/install/cg_msgs/lib:/opt/ros/humble/opt/rviz_ogre_vendor/lib:/opt/ros/humble/lib/aarch64-linux-gnu:/opt/ros/humble/lib:/usr/local/cuda/lib64 /usr/local/bin/cmake --install /root/Lunar_ROADSTER/lr_ws/build/vectornav
