[0.294s] Invoking command in '/root/Lunar_ROADSTER/lr_ws/build/vectornav': AMENT_PREFIX_PATH=/root/Lunar_ROADSTER/lr_ws/install/vectornav_msgs:${AMENT_PREFIX_PATH} CMAKE_PREFIX_PATH=/root/Lunar_ROADSTER/lr_ws/install/vectornav_msgs:/opt/ros/humble LD_LIBRARY_PATH=/root/Lunar_ROADSTER/lr_ws/install/vectornav_msgs/lib:/opt/ros/humble/opt/rviz_ogre_vendor/lib:/opt/ros/humble/lib/aarch64-linux-gnu:/opt/ros/humble/lib:/usr/local/cuda/lib64 PYTHONPATH=/root/Lunar_ROADSTER/lr_ws/install/vectornav_msgs/local/lib/python3.10/dist-packages:${PYTHONPATH} /usr/local/bin/cmake --build /root/Lunar_ROADSTER/lr_ws/build/vectornav -- -j4 -l4
[1.051s] [ 75%] Built target vncxx
[1.058s] [ 81%] Built target vn_sensor_msgs_lib
[1.442s] [ 87%] Built target vn_sensor_msgs
[1.447s] [ 93%] Built target vectornav_lib
[1.689s] [100%] Built target vectornav
[1.730s] Invoked command in '/root/Lunar_ROADSTER/lr_ws/build/vectornav' returned '0': AMENT_PREFIX_PATH=/root/Lunar_ROADSTER/lr_ws/install/vectornav_msgs:${AMENT_PREFIX_PATH} CMAKE_PREFIX_PATH=/root/Lunar_ROADSTER/lr_ws/install/vectornav_msgs:/opt/ros/humble LD_LIBRARY_PATH=/root/Lunar_ROADSTER/lr_ws/install/vectornav_msgs/lib:/opt/ros/humble/opt/rviz_ogre_vendor/lib:/opt/ros/humble/lib/aarch64-linux-gnu:/opt/ros/humble/lib:/usr/local/cuda/lib64 PYTHONPATH=/root/Lunar_ROADSTER/lr_ws/install/vectornav_msgs/local/lib/python3.10/dist-packages:${PYTHONPATH} /usr/local/bin/cmake --build /root/Lunar_ROADSTER/lr_ws/build/vectornav -- -j4 -l4
[1.875s] Invoking command in '/root/Lunar_ROADSTER/lr_ws/build/vectornav': AMENT_PREFIX_PATH=/root/Lunar_ROADSTER/lr_ws/install/vectornav_msgs:${AMENT_PREFIX_PATH} CMAKE_PREFIX_PATH=/root/Lunar_ROADSTER/lr_ws/install/vectornav_msgs:/opt/ros/humble LD_LIBRARY_PATH=/root/Lunar_ROADSTER/lr_ws/install/vectornav_msgs/lib:/opt/ros/humble/opt/rviz_ogre_vendor/lib:/opt/ros/humble/lib/aarch64-linux-gnu:/opt/ros/humble/lib:/usr/local/cuda/lib64 PYTHONPATH=/root/Lunar_ROADSTER/lr_ws/install/vectornav_msgs/local/lib/python3.10/dist-packages:${PYTHONPATH} /usr/local/bin/cmake --install /root/Lunar_ROADSTER/lr_ws/build/vectornav
[2.028s] -- Install configuration: ""
[2.032s] -- Up-to-date: /root/Lunar_ROADSTER/lr_ws/install/vectornav/lib/libvectornav_lib.so
[2.037s] -- Up-to-date: /root/Lunar_ROADSTER/lr_ws/install/vectornav/lib/libvn_sensor_msgs_lib.so
[2.042s] -- Up-to-date: /root/Lunar_ROADSTER/lr_ws/install/vectornav/lib/vectornav/vectornav
[2.047s] -- Up-to-date: /root/Lunar_ROADSTER/lr_ws/install/vectornav/lib/vectornav/vn_sensor_msgs
[2.048s] -- Up-to-date: /root/Lunar_ROADSTER/lr_ws/install/vectornav/share/vectornav//config
[2.049s] -- Up-to-date: /root/Lunar_ROADSTER/lr_ws/install/vectornav/share/vectornav//config/vectornav.yaml
[2.049s] -- Up-to-date: /root/Lunar_ROADSTER/lr_ws/install/vectornav/share/vectornav//config/vectornav_composable.yaml
[2.050s] -- Up-to-date: /root/Lunar_ROADSTER/lr_ws/install/vectornav/share/vectornav//config/vn_100_800hz.yaml
[2.050s] -- Up-to-date: /root/Lunar_ROADSTER/lr_ws/install/vectornav/share/vectornav//config/vn_sensor_msgs_composable.yaml
[2.051s] -- Up-to-date: /root/Lunar_ROADSTER/lr_ws/install/vectornav/share/vectornav//launch
[2.051s] -- Up-to-date: /root/Lunar_ROADSTER/lr_ws/install/vectornav/share/vectornav//launch/vectornav.launch.py
[2.052s] -- Up-to-date: /root/Lunar_ROADSTER/lr_ws/install/vectornav/share/vectornav//launch/vectornav_composable.launch.py
[2.052s] -- Up-to-date: /root/Lunar_ROADSTER/lr_ws/install/vectornav/share/ament_index/resource_index/package_run_dependencies/vectornav
[2.053s] -- Up-to-date: /root/Lunar_ROADSTER/lr_ws/install/vectornav/share/ament_index/resource_index/parent_prefix_path/vectornav
[2.053s] -- Up-to-date: /root/Lunar_ROADSTER/lr_ws/install/vectornav/share/vectornav/environment/ament_prefix_path.sh
[2.053s] -- Up-to-date: /root/Lunar_ROADSTER/lr_ws/install/vectornav/share/vectornav/environment/ament_prefix_path.dsv
[2.054s] -- Up-to-date: /root/Lunar_ROADSTER/lr_ws/install/vectornav/share/vectornav/environment/path.sh
[2.054s] -- Up-to-date: /root/Lunar_ROADSTER/lr_ws/install/vectornav/share/vectornav/environment/path.dsv
[2.055s] -- Up-to-date: /root/Lunar_ROADSTER/lr_ws/install/vectornav/share/vectornav/local_setup.bash
[2.055s] -- Up-to-date: /root/Lunar_ROADSTER/lr_ws/install/vectornav/share/vectornav/local_setup.sh
[2.056s] -- Up-to-date: /root/Lunar_ROADSTER/lr_ws/install/vectornav/share/vectornav/local_setup.zsh
[2.057s] -- Up-to-date: /root/Lunar_ROADSTER/lr_ws/install/vectornav/share/vectornav/local_setup.dsv
[2.057s] -- Installing: /root/Lunar_ROADSTER/lr_ws/install/vectornav/share/vectornav/package.dsv
[2.058s] -- Up-to-date: /root/Lunar_ROADSTER/lr_ws/install/vectornav/share/ament_index/resource_index/packages/vectornav
[2.058s] -- Up-to-date: /root/Lunar_ROADSTER/lr_ws/install/vectornav/share/ament_index/resource_index/rclcpp_components/vectornav
[2.059s] -- Up-to-date: /root/Lunar_ROADSTER/lr_ws/install/vectornav/share/vectornav/cmake/ament_cmake_export_dependencies-extras.cmake
[2.059s] -- Up-to-date: /root/Lunar_ROADSTER/lr_ws/install/vectornav/share/vectornav/cmake/vectornavConfig.cmake
[2.060s] -- Up-to-date: /root/Lunar_ROADSTER/lr_ws/install/vectornav/share/vectornav/cmake/vectornavConfig-version.cmake
[2.060s] -- Up-to-date: /root/Lunar_ROADSTER/lr_ws/install/vectornav/share/vectornav/package.xml
[2.063s] -- Up-to-date: /root/Lunar_ROADSTER/lr_ws/install/vectornav/lib/libvncxx.so
[2.063s] -- Up-to-date: /root/Lunar_ROADSTER/lr_ws/install/vectornav/include/vn
[2.064s] -- Up-to-date: /root/Lunar_ROADSTER/lr_ws/install/vectornav/include/vn/attitude.h
[2.065s] -- Up-to-date: /root/Lunar_ROADSTER/lr_ws/install/vectornav/include/vn/boostpython.h
[2.065s] -- Up-to-date: /root/Lunar_ROADSTER/lr_ws/install/vectornav/include/vn/compiler.h
[2.065s] -- Up-to-date: /root/Lunar_ROADSTER/lr_ws/install/vectornav/include/vn/compositedata.h
[2.066s] -- Up-to-date: /root/Lunar_ROADSTER/lr_ws/install/vectornav/include/vn/consts.h
[2.066s] -- Up-to-date: /root/Lunar_ROADSTER/lr_ws/install/vectornav/include/vn/conversions.h
[2.067s] -- Up-to-date: /root/Lunar_ROADSTER/lr_ws/install/vectornav/include/vn/criticalsection.h
[2.068s] -- Up-to-date: /root/Lunar_ROADSTER/lr_ws/install/vectornav/include/vn/dllvalidator.h
[2.068s] -- Up-to-date: /root/Lunar_ROADSTER/lr_ws/install/vectornav/include/vn/error_detection.h
[2.069s] -- Up-to-date: /root/Lunar_ROADSTER/lr_ws/install/vectornav/include/vn/event.h
[2.069s] -- Up-to-date: /root/Lunar_ROADSTER/lr_ws/install/vectornav/include/vn/exceptions.h
[2.069s] -- Up-to-date: /root/Lunar_ROADSTER/lr_ws/install/vectornav/include/vn/export.h
[2.070s] -- Up-to-date: /root/Lunar_ROADSTER/lr_ws/install/vectornav/include/vn/ezasyncdata.h
[2.070s] -- Up-to-date: /root/Lunar_ROADSTER/lr_ws/install/vectornav/include/vn/int.h
[2.070s] -- Up-to-date: /root/Lunar_ROADSTER/lr_ws/install/vectornav/include/vn/matrix.h
[2.071s] -- Up-to-date: /root/Lunar_ROADSTER/lr_ws/install/vectornav/include/vn/memoryport.h
[2.072s] -- Up-to-date: /root/Lunar_ROADSTER/lr_ws/install/vectornav/include/vn/mock.h
[2.072s] -- Up-to-date: /root/Lunar_ROADSTER/lr_ws/install/vectornav/include/vn/nocopy.h
[2.073s] -- Up-to-date: /root/Lunar_ROADSTER/lr_ws/install/vectornav/include/vn/packet.h
[2.077s] -- Up-to-date: /root/Lunar_ROADSTER/lr_ws/install/vectornav/include/vn/packetfinder.h
[2.078s] -- Up-to-date: /root/Lunar_ROADSTER/lr_ws/install/vectornav/include/vn/port.h
[2.078s] -- Up-to-date: /root/Lunar_ROADSTER/lr_ws/install/vectornav/include/vn/position.h
[2.079s] -- Up-to-date: /root/Lunar_ROADSTER/lr_ws/install/vectornav/include/vn/registers.h
[2.080s] -- Up-to-date: /root/Lunar_ROADSTER/lr_ws/install/vectornav/include/vn/rtcmlistener.h
[2.080s] -- Up-to-date: /root/Lunar_ROADSTER/lr_ws/install/vectornav/include/vn/rtcmmessage.h
[2.081s] -- Up-to-date: /root/Lunar_ROADSTER/lr_ws/install/vectornav/include/vn/searcher.h
[2.081s] -- Up-to-date: /root/Lunar_ROADSTER/lr_ws/install/vectornav/include/vn/sensors.h
[2.081s] -- Up-to-date: /root/Lunar_ROADSTER/lr_ws/install/vectornav/include/vn/serialport.h
[2.082s] -- Up-to-date: /root/Lunar_ROADSTER/lr_ws/install/vectornav/include/vn/signal.h
[2.083s] -- Up-to-date: /root/Lunar_ROADSTER/lr_ws/install/vectornav/include/vn/thread.h
[2.083s] -- Up-to-date: /root/Lunar_ROADSTER/lr_ws/install/vectornav/include/vn/types.h
[2.084s] -- Up-to-date: /root/Lunar_ROADSTER/lr_ws/install/vectornav/include/vn/util.h
[2.084s] -- Up-to-date: /root/Lunar_ROADSTER/lr_ws/install/vectornav/include/vn/utilities.h
[2.085s] -- Up-to-date: /root/Lunar_ROADSTER/lr_ws/install/vectornav/include/vn/vector.h
[2.086s] -- Up-to-date: /root/Lunar_ROADSTER/lr_ws/install/vectornav/include/vn/vntime.h
[2.087s] Invoked command in '/root/Lunar_ROADSTER/lr_ws/build/vectornav' returned '0': AMENT_PREFIX_PATH=/root/Lunar_ROADSTER/lr_ws/install/vectornav_msgs:${AMENT_PREFIX_PATH} CMAKE_PREFIX_PATH=/root/Lunar_ROADSTER/lr_ws/install/vectornav_msgs:/opt/ros/humble LD_LIBRARY_PATH=/root/Lunar_ROADSTER/lr_ws/install/vectornav_msgs/lib:/opt/ros/humble/opt/rviz_ogre_vendor/lib:/opt/ros/humble/lib/aarch64-linux-gnu:/opt/ros/humble/lib:/usr/local/cuda/lib64 PYTHONPATH=/root/Lunar_ROADSTER/lr_ws/install/vectornav_msgs/local/lib/python3.10/dist-packages:${PYTHONPATH} /usr/local/bin/cmake --install /root/Lunar_ROADSTER/lr_ws/build/vectornav
