[0.297s] Invoking command in '/root/Lunar_ROADSTER/lr_ws/build/nav_2d_utils': AMENT_PREFIX_PATH=/root/Lunar_ROADSTER/lr_ws/install/nav2_util:/root/Lunar_ROADSTER/lr_ws/install/nav2_msgs:/root/Lunar_ROADSTER/lr_ws/install/nav_2d_msgs:/root/Lunar_ROADSTER/lr_ws/install/nav2_common:${AMENT_PREFIX_PATH} CMAKE_PREFIX_PATH=/root/Lunar_ROADSTER/lr_ws/install/nav2_util:/root/Lunar_ROADSTER/lr_ws/install/nav2_msgs:/root/Lunar_ROADSTER/lr_ws/install/nav_2d_msgs:/root/Lunar_ROADSTER/lr_ws/install/nav2_common:/opt/ros/humble LD_LIBRARY_PATH=/root/Lunar_ROADSTER/lr_ws/install/nav2_util/lib:/root/Lunar_ROADSTER/lr_ws/install/nav2_msgs/lib:/root/Lunar_ROADSTER/lr_ws/install/nav_2d_msgs/lib:/opt/ros/humble/opt/rviz_ogre_vendor/lib:/opt/ros/humble/lib/aarch64-linux-gnu:/opt/ros/humble/lib:/usr/local/cuda/lib64 PYTHONPATH=/root/Lunar_ROADSTER/lr_ws/install/nav2_msgs/local/lib/python3.10/dist-packages:/root/Lunar_ROADSTER/lr_ws/install/nav_2d_msgs/local/lib/python3.10/dist-packages:/root/Lunar_ROADSTER/lr_ws/install/nav2_common/local/lib/python3.10/dist-packages:${PYTHONPATH} /usr/local/bin/cmake --build /root/Lunar_ROADSTER/lr_ws/build/nav_2d_utils -- -j4 -l4
[0.683s] [35m[1mConsolidate compiler generated dependencies of target gtest_main[0m
[0.697s] [35m[1mConsolidate compiler generated dependencies of target conversions[0m
[0.700s] [35m[1mConsolidate compiler generated dependencies of target path_ops[0m
[0.892s] [35m[1mConsolidate compiler generated dependencies of target gtest[0m
[0.919s] [ 12%] Built target gtest_main
[0.936s] [ 25%] Built target path_ops
[1.166s] [ 37%] Built target gtest
[1.327s] [ 50%] Built target conversions
[1.516s] [35m[1mConsolidate compiler generated dependencies of target path_ops_tests[0m
[1.521s] [35m[1mConsolidate compiler generated dependencies of target tf_help[0m
[1.524s] [35m[1mConsolidate compiler generated dependencies of target 2d_utils_tests[0m
[1.600s] [ 62%] Built target path_ops_tests
[1.706s] [ 87%] Built target 2d_utils_tests
[1.706s] [ 87%] Built target tf_help
[1.955s] [35m[1mConsolidate compiler generated dependencies of target tf_help_tests[0m
[2.278s] [100%] Built target tf_help_tests
[2.460s] Invoked command in '/root/Lunar_ROADSTER/lr_ws/build/nav_2d_utils' returned '0': AMENT_PREFIX_PATH=/root/Lunar_ROADSTER/lr_ws/install/nav2_util:/root/Lunar_ROADSTER/lr_ws/install/nav2_msgs:/root/Lunar_ROADSTER/lr_ws/install/nav_2d_msgs:/root/Lunar_ROADSTER/lr_ws/install/nav2_common:${AMENT_PREFIX_PATH} CMAKE_PREFIX_PATH=/root/Lunar_ROADSTER/lr_ws/install/nav2_util:/root/Lunar_ROADSTER/lr_ws/install/nav2_msgs:/root/Lunar_ROADSTER/lr_ws/install/nav_2d_msgs:/root/Lunar_ROADSTER/lr_ws/install/nav2_common:/opt/ros/humble LD_LIBRARY_PATH=/root/Lunar_ROADSTER/lr_ws/install/nav2_util/lib:/root/Lunar_ROADSTER/lr_ws/install/nav2_msgs/lib:/root/Lunar_ROADSTER/lr_ws/install/nav_2d_msgs/lib:/opt/ros/humble/opt/rviz_ogre_vendor/lib:/opt/ros/humble/lib/aarch64-linux-gnu:/opt/ros/humble/lib:/usr/local/cuda/lib64 PYTHONPATH=/root/Lunar_ROADSTER/lr_ws/install/nav2_msgs/local/lib/python3.10/dist-packages:/root/Lunar_ROADSTER/lr_ws/install/nav_2d_msgs/local/lib/python3.10/dist-packages:/root/Lunar_ROADSTER/lr_ws/install/nav2_common/local/lib/python3.10/dist-packages:${PYTHONPATH} /usr/local/bin/cmake --build /root/Lunar_ROADSTER/lr_ws/build/nav_2d_utils -- -j4 -l4
[2.487s] Invoking command in '/root/Lunar_ROADSTER/lr_ws/build/nav_2d_utils': AMENT_PREFIX_PATH=/root/Lunar_ROADSTER/lr_ws/install/nav2_util:/root/Lunar_ROADSTER/lr_ws/install/nav2_msgs:/root/Lunar_ROADSTER/lr_ws/install/nav_2d_msgs:/root/Lunar_ROADSTER/lr_ws/install/nav2_common:${AMENT_PREFIX_PATH} CMAKE_PREFIX_PATH=/root/Lunar_ROADSTER/lr_ws/install/nav2_util:/root/Lunar_ROADSTER/lr_ws/install/nav2_msgs:/root/Lunar_ROADSTER/lr_ws/install/nav_2d_msgs:/root/Lunar_ROADSTER/lr_ws/install/nav2_common:/opt/ros/humble LD_LIBRARY_PATH=/root/Lunar_ROADSTER/lr_ws/install/nav2_util/lib:/root/Lunar_ROADSTER/lr_ws/install/nav2_msgs/lib:/root/Lunar_ROADSTER/lr_ws/install/nav_2d_msgs/lib:/opt/ros/humble/opt/rviz_ogre_vendor/lib:/opt/ros/humble/lib/aarch64-linux-gnu:/opt/ros/humble/lib:/usr/local/cuda/lib64 PYTHONPATH=/root/Lunar_ROADSTER/lr_ws/install/nav2_msgs/local/lib/python3.10/dist-packages:/root/Lunar_ROADSTER/lr_ws/install/nav_2d_msgs/local/lib/python3.10/dist-packages:/root/Lunar_ROADSTER/lr_ws/install/nav2_common/local/lib/python3.10/dist-packages:${PYTHONPATH} /usr/local/bin/cmake --install /root/Lunar_ROADSTER/lr_ws/build/nav_2d_utils
[2.657s] -- Install configuration: "Release"
[2.658s] -- Up-to-date: /root/Lunar_ROADSTER/lr_ws/install/nav_2d_utils/lib/libconversions.so
[2.660s] -- Up-to-date: /root/Lunar_ROADSTER/lr_ws/install/nav_2d_utils/lib/libpath_ops.so
[2.669s] -- Up-to-date: /root/Lunar_ROADSTER/lr_ws/install/nav_2d_utils/lib/libtf_help.so
[2.679s] -- Up-to-date: /root/Lunar_ROADSTER/lr_ws/install/nav_2d_utils/include/
[2.730s] -- Up-to-date: /root/Lunar_ROADSTER/lr_ws/install/nav_2d_utils/include//nav_2d_utils
[2.730s] -- Up-to-date: /root/Lunar_ROADSTER/lr_ws/install/nav_2d_utils/include//nav_2d_utils/conversions.hpp
[2.731s] -- Up-to-date: /root/Lunar_ROADSTER/lr_ws/install/nav_2d_utils/include//nav_2d_utils/odom_subscriber.hpp
[2.737s] -- Up-to-date: /root/Lunar_ROADSTER/lr_ws/install/nav_2d_utils/include//nav_2d_utils/parameters.hpp
[2.738s] -- Up-to-date: /root/Lunar_ROADSTER/lr_ws/install/nav_2d_utils/include//nav_2d_utils/path_ops.hpp
[2.738s] -- Up-to-date: /root/Lunar_ROADSTER/lr_ws/install/nav_2d_utils/include//nav_2d_utils/tf_help.hpp
[2.739s] -- Up-to-date: /root/Lunar_ROADSTER/lr_ws/install/nav_2d_utils/share/nav_2d_utils/environment/library_path.sh
[2.739s] -- Up-to-date: /root/Lunar_ROADSTER/lr_ws/install/nav_2d_utils/share/nav_2d_utils/environment/library_path.dsv
[2.747s] -- Up-to-date: /root/Lunar_ROADSTER/lr_ws/install/nav_2d_utils/share/ament_index/resource_index/package_run_dependencies/nav_2d_utils
[2.747s] -- Up-to-date: /root/Lunar_ROADSTER/lr_ws/install/nav_2d_utils/share/ament_index/resource_index/parent_prefix_path/nav_2d_utils
[2.748s] -- Up-to-date: /root/Lunar_ROADSTER/lr_ws/install/nav_2d_utils/share/nav_2d_utils/environment/ament_prefix_path.sh
[2.748s] -- Up-to-date: /root/Lunar_ROADSTER/lr_ws/install/nav_2d_utils/share/nav_2d_utils/environment/ament_prefix_path.dsv
[2.748s] -- Up-to-date: /root/Lunar_ROADSTER/lr_ws/install/nav_2d_utils/share/nav_2d_utils/environment/path.sh
[2.748s] -- Up-to-date: /root/Lunar_ROADSTER/lr_ws/install/nav_2d_utils/share/nav_2d_utils/environment/path.dsv
[2.749s] -- Up-to-date: /root/Lunar_ROADSTER/lr_ws/install/nav_2d_utils/share/nav_2d_utils/local_setup.bash
[2.749s] -- Up-to-date: /root/Lunar_ROADSTER/lr_ws/install/nav_2d_utils/share/nav_2d_utils/local_setup.sh
[2.749s] -- Up-to-date: /root/Lunar_ROADSTER/lr_ws/install/nav_2d_utils/share/nav_2d_utils/local_setup.zsh
[2.749s] -- Up-to-date: /root/Lunar_ROADSTER/lr_ws/install/nav_2d_utils/share/nav_2d_utils/local_setup.dsv
[2.750s] -- Installing: /root/Lunar_ROADSTER/lr_ws/install/nav_2d_utils/share/nav_2d_utils/package.dsv
[2.750s] -- Up-to-date: /root/Lunar_ROADSTER/lr_ws/install/nav_2d_utils/share/ament_index/resource_index/packages/nav_2d_utils
[2.750s] -- Up-to-date: /root/Lunar_ROADSTER/lr_ws/install/nav_2d_utils/share/nav_2d_utils/cmake/ament_cmake_export_include_directories-extras.cmake
[2.750s] -- Up-to-date: /root/Lunar_ROADSTER/lr_ws/install/nav_2d_utils/share/nav_2d_utils/cmake/ament_cmake_export_libraries-extras.cmake
[2.751s] -- Up-to-date: /root/Lunar_ROADSTER/lr_ws/install/nav_2d_utils/share/nav_2d_utils/cmake/ament_cmake_export_dependencies-extras.cmake
[2.751s] -- Up-to-date: /root/Lunar_ROADSTER/lr_ws/install/nav_2d_utils/share/nav_2d_utils/cmake/nav_2d_utilsConfig.cmake
[2.751s] -- Up-to-date: /root/Lunar_ROADSTER/lr_ws/install/nav_2d_utils/share/nav_2d_utils/cmake/nav_2d_utilsConfig-version.cmake
[2.752s] -- Up-to-date: /root/Lunar_ROADSTER/lr_ws/install/nav_2d_utils/share/nav_2d_utils/package.xml
[3.016s] Invoked command in '/root/Lunar_ROADSTER/lr_ws/build/nav_2d_utils' returned '0': AMENT_PREFIX_PATH=/root/Lunar_ROADSTER/lr_ws/install/nav2_util:/root/Lunar_ROADSTER/lr_ws/install/nav2_msgs:/root/Lunar_ROADSTER/lr_ws/install/nav_2d_msgs:/root/Lunar_ROADSTER/lr_ws/install/nav2_common:${AMENT_PREFIX_PATH} CMAKE_PREFIX_PATH=/root/Lunar_ROADSTER/lr_ws/install/nav2_util:/root/Lunar_ROADSTER/lr_ws/install/nav2_msgs:/root/Lunar_ROADSTER/lr_ws/install/nav_2d_msgs:/root/Lunar_ROADSTER/lr_ws/install/nav2_common:/opt/ros/humble LD_LIBRARY_PATH=/root/Lunar_ROADSTER/lr_ws/install/nav2_util/lib:/root/Lunar_ROADSTER/lr_ws/install/nav2_msgs/lib:/root/Lunar_ROADSTER/lr_ws/install/nav_2d_msgs/lib:/opt/ros/humble/opt/rviz_ogre_vendor/lib:/opt/ros/humble/lib/aarch64-linux-gnu:/opt/ros/humble/lib:/usr/local/cuda/lib64 PYTHONPATH=/root/Lunar_ROADSTER/lr_ws/install/nav2_msgs/local/lib/python3.10/dist-packages:/root/Lunar_ROADSTER/lr_ws/install/nav_2d_msgs/local/lib/python3.10/dist-packages:/root/Lunar_ROADSTER/lr_ws/install/nav2_common/local/lib/python3.10/dist-packages:${PYTHONPATH} /usr/local/bin/cmake --install /root/Lunar_ROADSTER/lr_ws/build/nav_2d_utils
