[0.381s] Invoking command in '/root/Lunar_ROADSTER/lr_ws/build/realsense': CMAKE_PREFIX_PATH=${CMAKE_PREFIX_PATH}:/root/Lunar_ROADSTER/lr_ws/install/nav2_simple_commander:/opt/ros/humble /usr/local/bin/cmake --build /root/Lunar_ROADSTER/lr_ws/build/realsense -- -j4 -l4
[0.678s] Invoked command in '/root/Lunar_ROADSTER/lr_ws/build/realsense' returned '0': CMAKE_PREFIX_PATH=${CMAKE_PREFIX_PATH}:/root/Lunar_ROADSTER/lr_ws/install/nav2_simple_commander:/opt/ros/humble /usr/local/bin/cmake --build /root/Lunar_ROADSTER/lr_ws/build/realsense -- -j4 -l4
[0.687s] Invoking command in '/root/Lunar_ROADSTER/lr_ws/build/realsense': CMAKE_PREFIX_PATH=${CMAKE_PREFIX_PATH}:/root/Lunar_ROADSTER/lr_ws/install/nav2_simple_commander:/opt/ros/humble /usr/local/bin/cmake --install /root/Lunar_ROADSTER/lr_ws/build/realsense
[0.792s] -- Install configuration: ""
[0.792s] -- Up-to-date: /root/Lunar_ROADSTER/lr_ws/install/realsense/share/realsense/launch
[0.793s] -- Up-to-date: /root/Lunar_ROADSTER/lr_ws/install/realsense/share/realsense/launch/realsense_launch.py
[0.795s] -- Up-to-date: /root/Lunar_ROADSTER/lr_ws/install/realsense/share/realsense//config
[0.801s] -- Up-to-date: /root/Lunar_ROADSTER/lr_ws/install/realsense/share/realsense//config/d435i_params.yaml
[0.802s] -- Up-to-date: /root/Lunar_ROADSTER/lr_ws/install/realsense/share/realsense//config/realsense_static_tf_params.yaml
[0.802s] -- Up-to-date: /root/Lunar_ROADSTER/lr_ws/install/realsense/share/ament_index/resource_index/package_run_dependencies/realsense
[0.802s] -- Up-to-date: /root/Lunar_ROADSTER/lr_ws/install/realsense/share/ament_index/resource_index/parent_prefix_path/realsense
[0.803s] -- Up-to-date: /root/Lunar_ROADSTER/lr_ws/install/realsense/share/realsense/environment/ament_prefix_path.sh
[0.803s] -- Up-to-date: /root/Lunar_ROADSTER/lr_ws/install/realsense/share/realsense/environment/ament_prefix_path.dsv
[0.803s] -- Up-to-date: /root/Lunar_ROADSTER/lr_ws/install/realsense/share/realsense/environment/path.sh
[0.804s] -- Up-to-date: /root/Lunar_ROADSTER/lr_ws/install/realsense/share/realsense/environment/path.dsv
[0.804s] -- Up-to-date: /root/Lunar_ROADSTER/lr_ws/install/realsense/share/realsense/local_setup.bash
[0.805s] -- Up-to-date: /root/Lunar_ROADSTER/lr_ws/install/realsense/share/realsense/local_setup.sh
[0.805s] -- Up-to-date: /root/Lunar_ROADSTER/lr_ws/install/realsense/share/realsense/local_setup.zsh
[0.805s] -- Up-to-date: /root/Lunar_ROADSTER/lr_ws/install/realsense/share/realsense/local_setup.dsv
[0.805s] -- Installing: /root/Lunar_ROADSTER/lr_ws/install/realsense/share/realsense/package.dsv
[0.807s] -- Up-to-date: /root/Lunar_ROADSTER/lr_ws/install/realsense/share/ament_index/resource_index/packages/realsense
[0.807s] -- Up-to-date: /root/Lunar_ROADSTER/lr_ws/install/realsense/share/realsense/cmake/realsenseConfig.cmake
[0.808s] -- Up-to-date: /root/Lunar_ROADSTER/lr_ws/install/realsense/share/realsense/cmake/realsenseConfig-version.cmake
[0.808s] -- Up-to-date: /root/Lunar_ROADSTER/lr_ws/install/realsense/share/realsense/package.xml
[0.863s] Invoked command in '/root/Lunar_ROADSTER/lr_ws/build/realsense' returned '0': CMAKE_PREFIX_PATH=${CMAKE_PREFIX_PATH}:/root/Lunar_ROADSTER/lr_ws/install/nav2_simple_commander:/opt/ros/humble /usr/local/bin/cmake --install /root/Lunar_ROADSTER/lr_ws/build/realsense
