[0.297s] Invoking command in '/root/Lunar_ROADSTER/lr_ws/build/nav_2d_utils': AMENT_PREFIX_PATH=/root/Lunar_ROADSTER/lr_ws/install/nav2_util:/root/Lunar_ROADSTER/lr_ws/install/nav2_msgs:/root/Lunar_ROADSTER/lr_ws/install/nav_2d_msgs:/root/Lunar_ROADSTER/lr_ws/install/nav2_common:${AMENT_PREFIX_PATH} CMAKE_PREFIX_PATH=/root/Lunar_ROADSTER/lr_ws/install/nav2_util:/root/Lunar_ROADSTER/lr_ws/install/nav2_msgs:/root/Lunar_ROADSTER/lr_ws/install/nav_2d_msgs:/root/Lunar_ROADSTER/lr_ws/install/nav2_common:/opt/ros/humble LD_LIBRARY_PATH=/root/Lunar_ROADSTER/lr_ws/install/nav2_util/lib:/root/Lunar_ROADSTER/lr_ws/install/nav2_msgs/lib:/root/Lunar_ROADSTER/lr_ws/install/nav_2d_msgs/lib:/opt/ros/humble/opt/rviz_ogre_vendor/lib:/opt/ros/humble/lib/aarch64-linux-gnu:/opt/ros/humble/lib:/usr/local/cuda/lib64 PYTHONPATH=/root/Lunar_ROADSTER/lr_ws/install/nav2_msgs/local/lib/python3.10/dist-packages:/root/Lunar_ROADSTER/lr_ws/install/nav_2d_msgs/local/lib/python3.10/dist-packages:/root/Lunar_ROADSTER/lr_ws/install/nav2_common/local/lib/python3.10/dist-packages:${PYTHONPATH} /usr/local/bin/cmake --build /root/Lunar_ROADSTER/lr_ws/build/nav_2d_utils -- -j4 -l4
[0.641s] [ 12%] Built target path_ops
[0.656s] [ 25%] Built target gtest
[0.663s] [ 37%] Built target gtest_main
[0.739s] [ 50%] Built target conversions
[0.854s] [ 62%] Built target path_ops_tests
[0.979s] [ 75%] Built target tf_help
[0.997s] [ 87%] Built target 2d_utils_tests
[1.096s] [100%] Built target tf_help_tests
[1.130s] Invoked command in '/root/Lunar_ROADSTER/lr_ws/build/nav_2d_utils' returned '0': AMENT_PREFIX_PATH=/root/Lunar_ROADSTER/lr_ws/install/nav2_util:/root/Lunar_ROADSTER/lr_ws/install/nav2_msgs:/root/Lunar_ROADSTER/lr_ws/install/nav_2d_msgs:/root/Lunar_ROADSTER/lr_ws/install/nav2_common:${AMENT_PREFIX_PATH} CMAKE_PREFIX_PATH=/root/Lunar_ROADSTER/lr_ws/install/nav2_util:/root/Lunar_ROADSTER/lr_ws/install/nav2_msgs:/root/Lunar_ROADSTER/lr_ws/install/nav_2d_msgs:/root/Lunar_ROADSTER/lr_ws/install/nav2_common:/opt/ros/humble LD_LIBRARY_PATH=/root/Lunar_ROADSTER/lr_ws/install/nav2_util/lib:/root/Lunar_ROADSTER/lr_ws/install/nav2_msgs/lib:/root/Lunar_ROADSTER/lr_ws/install/nav_2d_msgs/lib:/opt/ros/humble/opt/rviz_ogre_vendor/lib:/opt/ros/humble/lib/aarch64-linux-gnu:/opt/ros/humble/lib:/usr/local/cuda/lib64 PYTHONPATH=/root/Lunar_ROADSTER/lr_ws/install/nav2_msgs/local/lib/python3.10/dist-packages:/root/Lunar_ROADSTER/lr_ws/install/nav_2d_msgs/local/lib/python3.10/dist-packages:/root/Lunar_ROADSTER/lr_ws/install/nav2_common/local/lib/python3.10/dist-packages:${PYTHONPATH} /usr/local/bin/cmake --build /root/Lunar_ROADSTER/lr_ws/build/nav_2d_utils -- -j4 -l4
[1.131s] Invoking command in '/root/Lunar_ROADSTER/lr_ws/build/nav_2d_utils': AMENT_PREFIX_PATH=/root/Lunar_ROADSTER/lr_ws/install/nav2_util:/root/Lunar_ROADSTER/lr_ws/install/nav2_msgs:/root/Lunar_ROADSTER/lr_ws/install/nav_2d_msgs:/root/Lunar_ROADSTER/lr_ws/install/nav2_common:${AMENT_PREFIX_PATH} CMAKE_PREFIX_PATH=/root/Lunar_ROADSTER/lr_ws/install/nav2_util:/root/Lunar_ROADSTER/lr_ws/install/nav2_msgs:/root/Lunar_ROADSTER/lr_ws/install/nav_2d_msgs:/root/Lunar_ROADSTER/lr_ws/install/nav2_common:/opt/ros/humble LD_LIBRARY_PATH=/root/Lunar_ROADSTER/lr_ws/install/nav2_util/lib:/root/Lunar_ROADSTER/lr_ws/install/nav2_msgs/lib:/root/Lunar_ROADSTER/lr_ws/install/nav_2d_msgs/lib:/opt/ros/humble/opt/rviz_ogre_vendor/lib:/opt/ros/humble/lib/aarch64-linux-gnu:/opt/ros/humble/lib:/usr/local/cuda/lib64 PYTHONPATH=/root/Lunar_ROADSTER/lr_ws/install/nav2_msgs/local/lib/python3.10/dist-packages:/root/Lunar_ROADSTER/lr_ws/install/nav_2d_msgs/local/lib/python3.10/dist-packages:/root/Lunar_ROADSTER/lr_ws/install/nav2_common/local/lib/python3.10/dist-packages:${PYTHONPATH} /usr/local/bin/cmake --install /root/Lunar_ROADSTER/lr_ws/build/nav_2d_utils
[1.152s] -- Install configuration: "Release"
[1.152s] -- Up-to-date: /root/Lunar_ROADSTER/lr_ws/install/nav_2d_utils/lib/libconversions.so
[1.157s] -- Up-to-date: /root/Lunar_ROADSTER/lr_ws/install/nav_2d_utils/lib/libpath_ops.so
[1.159s] -- Up-to-date: /root/Lunar_ROADSTER/lr_ws/install/nav_2d_utils/lib/libtf_help.so
[1.160s] -- Up-to-date: /root/Lunar_ROADSTER/lr_ws/install/nav_2d_utils/include/
[1.160s] -- Up-to-date: /root/Lunar_ROADSTER/lr_ws/install/nav_2d_utils/include//nav_2d_utils
[1.160s] -- Up-to-date: /root/Lunar_ROADSTER/lr_ws/install/nav_2d_utils/include//nav_2d_utils/conversions.hpp
[1.172s] -- Up-to-date: /root/Lunar_ROADSTER/lr_ws/install/nav_2d_utils/include//nav_2d_utils/odom_subscriber.hpp
[1.173s] -- Up-to-date: /root/Lunar_ROADSTER/lr_ws/install/nav_2d_utils/include//nav_2d_utils/parameters.hpp
[1.174s] -- Up-to-date: /root/Lunar_ROADSTER/lr_ws/install/nav_2d_utils/include//nav_2d_utils/path_ops.hpp
[1.174s] -- Up-to-date: /root/Lunar_ROADSTER/lr_ws/install/nav_2d_utils/include//nav_2d_utils/tf_help.hpp
[1.174s] -- Up-to-date: /root/Lunar_ROADSTER/lr_ws/install/nav_2d_utils/share/nav_2d_utils/environment/library_path.sh
[1.174s] -- Up-to-date: /root/Lunar_ROADSTER/lr_ws/install/nav_2d_utils/share/nav_2d_utils/environment/library_path.dsv
[1.175s] -- Up-to-date: /root/Lunar_ROADSTER/lr_ws/install/nav_2d_utils/share/ament_index/resource_index/package_run_dependencies/nav_2d_utils
[1.175s] -- Up-to-date: /root/Lunar_ROADSTER/lr_ws/install/nav_2d_utils/share/ament_index/resource_index/parent_prefix_path/nav_2d_utils
[1.175s] -- Up-to-date: /root/Lunar_ROADSTER/lr_ws/install/nav_2d_utils/share/nav_2d_utils/environment/ament_prefix_path.sh
[1.176s] -- Up-to-date: /root/Lunar_ROADSTER/lr_ws/install/nav_2d_utils/share/nav_2d_utils/environment/ament_prefix_path.dsv
[1.176s] -- Up-to-date: /root/Lunar_ROADSTER/lr_ws/install/nav_2d_utils/share/nav_2d_utils/environment/path.sh
[1.177s] -- Up-to-date: /root/Lunar_ROADSTER/lr_ws/install/nav_2d_utils/share/nav_2d_utils/environment/path.dsv
[1.178s] -- Up-to-date: /root/Lunar_ROADSTER/lr_ws/install/nav_2d_utils/share/nav_2d_utils/local_setup.bash
[1.178s] -- Up-to-date: /root/Lunar_ROADSTER/lr_ws/install/nav_2d_utils/share/nav_2d_utils/local_setup.sh
[1.178s] -- Up-to-date: /root/Lunar_ROADSTER/lr_ws/install/nav_2d_utils/share/nav_2d_utils/local_setup.zsh
[1.179s] -- Up-to-date: /root/Lunar_ROADSTER/lr_ws/install/nav_2d_utils/share/nav_2d_utils/local_setup.dsv
[1.179s] -- Installing: /root/Lunar_ROADSTER/lr_ws/install/nav_2d_utils/share/nav_2d_utils/package.dsv
[1.179s] -- Up-to-date: /root/Lunar_ROADSTER/lr_ws/install/nav_2d_utils/share/ament_index/resource_index/packages/nav_2d_utils
[1.180s] -- Up-to-date: /root/Lunar_ROADSTER/lr_ws/install/nav_2d_utils/share/nav_2d_utils/cmake/ament_cmake_export_include_directories-extras.cmake
[1.180s] -- Up-to-date: /root/Lunar_ROADSTER/lr_ws/install/nav_2d_utils/share/nav_2d_utils/cmake/ament_cmake_export_libraries-extras.cmake
[1.180s] -- Up-to-date: /root/Lunar_ROADSTER/lr_ws/install/nav_2d_utils/share/nav_2d_utils/cmake/ament_cmake_export_dependencies-extras.cmake
[1.181s] -- Up-to-date: /root/Lunar_ROADSTER/lr_ws/install/nav_2d_utils/share/nav_2d_utils/cmake/nav_2d_utilsConfig.cmake
[1.181s] -- Up-to-date: /root/Lunar_ROADSTER/lr_ws/install/nav_2d_utils/share/nav_2d_utils/cmake/nav_2d_utilsConfig-version.cmake
[1.181s] -- Up-to-date: /root/Lunar_ROADSTER/lr_ws/install/nav_2d_utils/share/nav_2d_utils/package.xml
[1.316s] Invoked command in '/root/Lunar_ROADSTER/lr_ws/build/nav_2d_utils' returned '0': AMENT_PREFIX_PATH=/root/Lunar_ROADSTER/lr_ws/install/nav2_util:/root/Lunar_ROADSTER/lr_ws/install/nav2_msgs:/root/Lunar_ROADSTER/lr_ws/install/nav_2d_msgs:/root/Lunar_ROADSTER/lr_ws/install/nav2_common:${AMENT_PREFIX_PATH} CMAKE_PREFIX_PATH=/root/Lunar_ROADSTER/lr_ws/install/nav2_util:/root/Lunar_ROADSTER/lr_ws/install/nav2_msgs:/root/Lunar_ROADSTER/lr_ws/install/nav_2d_msgs:/root/Lunar_ROADSTER/lr_ws/install/nav2_common:/opt/ros/humble LD_LIBRARY_PATH=/root/Lunar_ROADSTER/lr_ws/install/nav2_util/lib:/root/Lunar_ROADSTER/lr_ws/install/nav2_msgs/lib:/root/Lunar_ROADSTER/lr_ws/install/nav_2d_msgs/lib:/opt/ros/humble/opt/rviz_ogre_vendor/lib:/opt/ros/humble/lib/aarch64-linux-gnu:/opt/ros/humble/lib:/usr/local/cuda/lib64 PYTHONPATH=/root/Lunar_ROADSTER/lr_ws/install/nav2_msgs/local/lib/python3.10/dist-packages:/root/Lunar_ROADSTER/lr_ws/install/nav_2d_msgs/local/lib/python3.10/dist-packages:/root/Lunar_ROADSTER/lr_ws/install/nav2_common/local/lib/python3.10/dist-packages:${PYTHONPATH} /usr/local/bin/cmake --install /root/Lunar_ROADSTER/lr_ws/build/nav_2d_utils
