[0.172s] Invoking command in '/root/Lunar_ROADSTER/lr_ws/build/nav2_collision_monitor': AMENT_PREFIX_PATH=/root/Lunar_ROADSTER/lr_ws/install/nav2_costmap_2d:/root/Lunar_ROADSTER/lr_ws/install/nav2_map_server:/root/Lunar_ROADSTER/lr_ws/install/nav2_lifecycle_manager:/root/Lunar_ROADSTER/lr_ws/install/nav2_util:/root/Lunar_ROADSTER/lr_ws/install/nav2_voxel_grid:/root/Lunar_ROADSTER/lr_ws/install/nav2_msgs:/root/Lunar_ROADSTER/lr_ws/install/nav2_common:${AMENT_PREFIX_PATH} CMAKE_PREFIX_PATH=/root/Lunar_ROADSTER/lr_ws/install/nav2_costmap_2d:/root/Lunar_ROADSTER/lr_ws/install/nav2_map_server:/root/Lunar_ROADSTER/lr_ws/install/nav2_lifecycle_manager:/root/Lunar_ROADSTER/lr_ws/install/nav2_util:/root/Lunar_ROADSTER/lr_ws/install/nav2_voxel_grid:/root/Lunar_ROADSTER/lr_ws/install/nav2_msgs:/root/Lunar_ROADSTER/lr_ws/install/nav2_common:/opt/ros/humble LD_LIBRARY_PATH=/root/Lunar_ROADSTER/lr_ws/install/nav2_costmap_2d/lib:/root/Lunar_ROADSTER/lr_ws/install/nav2_map_server/lib:/root/Lunar_ROADSTER/lr_ws/install/nav2_lifecycle_manager/lib:/root/Lunar_ROADSTER/lr_ws/install/nav2_util/lib:/root/Lunar_ROADSTER/lr_ws/install/nav2_voxel_grid/lib:/root/Lunar_ROADSTER/lr_ws/install/nav2_msgs/lib:/opt/ros/humble/opt/rviz_ogre_vendor/lib:/opt/ros/humble/lib/aarch64-linux-gnu:/opt/ros/humble/lib:/usr/local/cuda/lib64 PYTHONPATH=/root/Lunar_ROADSTER/lr_ws/install/nav2_msgs/local/lib/python3.10/dist-packages:/root/Lunar_ROADSTER/lr_ws/install/nav2_common/local/lib/python3.10/dist-packages:${PYTHONPATH} /usr/local/bin/cmake --build /root/Lunar_ROADSTER/lr_ws/build/nav2_collision_monitor -- -j4 -l4
[0.759s] [  8%] Built target gtest_main
[0.855s] [ 17%] Built target gtest
[1.034s] [ 56%] Built target collision_monitor_core
[1.468s] [ 65%] Built target kinematics_test
[1.481s] [ 73%] Built target sources_test
[1.535s] [ 82%] Built target collision_monitor
[1.631s] [ 91%] Built target polygons_test
[1.846s] [100%] Built target collision_monitor_node_test
[1.868s] Invoked command in '/root/Lunar_ROADSTER/lr_ws/build/nav2_collision_monitor' returned '0': AMENT_PREFIX_PATH=/root/Lunar_ROADSTER/lr_ws/install/nav2_costmap_2d:/root/Lunar_ROADSTER/lr_ws/install/nav2_map_server:/root/Lunar_ROADSTER/lr_ws/install/nav2_lifecycle_manager:/root/Lunar_ROADSTER/lr_ws/install/nav2_util:/root/Lunar_ROADSTER/lr_ws/install/nav2_voxel_grid:/root/Lunar_ROADSTER/lr_ws/install/nav2_msgs:/root/Lunar_ROADSTER/lr_ws/install/nav2_common:${AMENT_PREFIX_PATH} CMAKE_PREFIX_PATH=/root/Lunar_ROADSTER/lr_ws/install/nav2_costmap_2d:/root/Lunar_ROADSTER/lr_ws/install/nav2_map_server:/root/Lunar_ROADSTER/lr_ws/install/nav2_lifecycle_manager:/root/Lunar_ROADSTER/lr_ws/install/nav2_util:/root/Lunar_ROADSTER/lr_ws/install/nav2_voxel_grid:/root/Lunar_ROADSTER/lr_ws/install/nav2_msgs:/root/Lunar_ROADSTER/lr_ws/install/nav2_common:/opt/ros/humble LD_LIBRARY_PATH=/root/Lunar_ROADSTER/lr_ws/install/nav2_costmap_2d/lib:/root/Lunar_ROADSTER/lr_ws/install/nav2_map_server/lib:/root/Lunar_ROADSTER/lr_ws/install/nav2_lifecycle_manager/lib:/root/Lunar_ROADSTER/lr_ws/install/nav2_util/lib:/root/Lunar_ROADSTER/lr_ws/install/nav2_voxel_grid/lib:/root/Lunar_ROADSTER/lr_ws/install/nav2_msgs/lib:/opt/ros/humble/opt/rviz_ogre_vendor/lib:/opt/ros/humble/lib/aarch64-linux-gnu:/opt/ros/humble/lib:/usr/local/cuda/lib64 PYTHONPATH=/root/Lunar_ROADSTER/lr_ws/install/nav2_msgs/local/lib/python3.10/dist-packages:/root/Lunar_ROADSTER/lr_ws/install/nav2_common/local/lib/python3.10/dist-packages:${PYTHONPATH} /usr/local/bin/cmake --build /root/Lunar_ROADSTER/lr_ws/build/nav2_collision_monitor -- -j4 -l4
[1.933s] Invoking command in '/root/Lunar_ROADSTER/lr_ws/build/nav2_collision_monitor': AMENT_PREFIX_PATH=/root/Lunar_ROADSTER/lr_ws/install/nav2_costmap_2d:/root/Lunar_ROADSTER/lr_ws/install/nav2_map_server:/root/Lunar_ROADSTER/lr_ws/install/nav2_lifecycle_manager:/root/Lunar_ROADSTER/lr_ws/install/nav2_util:/root/Lunar_ROADSTER/lr_ws/install/nav2_voxel_grid:/root/Lunar_ROADSTER/lr_ws/install/nav2_msgs:/root/Lunar_ROADSTER/lr_ws/install/nav2_common:${AMENT_PREFIX_PATH} CMAKE_PREFIX_PATH=/root/Lunar_ROADSTER/lr_ws/install/nav2_costmap_2d:/root/Lunar_ROADSTER/lr_ws/install/nav2_map_server:/root/Lunar_ROADSTER/lr_ws/install/nav2_lifecycle_manager:/root/Lunar_ROADSTER/lr_ws/install/nav2_util:/root/Lunar_ROADSTER/lr_ws/install/nav2_voxel_grid:/root/Lunar_ROADSTER/lr_ws/install/nav2_msgs:/root/Lunar_ROADSTER/lr_ws/install/nav2_common:/opt/ros/humble LD_LIBRARY_PATH=/root/Lunar_ROADSTER/lr_ws/install/nav2_costmap_2d/lib:/root/Lunar_ROADSTER/lr_ws/install/nav2_map_server/lib:/root/Lunar_ROADSTER/lr_ws/install/nav2_lifecycle_manager/lib:/root/Lunar_ROADSTER/lr_ws/install/nav2_util/lib:/root/Lunar_ROADSTER/lr_ws/install/nav2_voxel_grid/lib:/root/Lunar_ROADSTER/lr_ws/install/nav2_msgs/lib:/opt/ros/humble/opt/rviz_ogre_vendor/lib:/opt/ros/humble/lib/aarch64-linux-gnu:/opt/ros/humble/lib:/usr/local/cuda/lib64 PYTHONPATH=/root/Lunar_ROADSTER/lr_ws/install/nav2_msgs/local/lib/python3.10/dist-packages:/root/Lunar_ROADSTER/lr_ws/install/nav2_common/local/lib/python3.10/dist-packages:${PYTHONPATH} /usr/local/bin/cmake --install /root/Lunar_ROADSTER/lr_ws/build/nav2_collision_monitor
[2.084s] -- Install configuration: "Release"
[2.101s] -- Up-to-date: /root/Lunar_ROADSTER/lr_ws/install/nav2_collision_monitor/lib/libcollision_monitor_core.so
[2.105s] -- Up-to-date: /root/Lunar_ROADSTER/lr_ws/install/nav2_collision_monitor/lib/nav2_collision_monitor/collision_monitor
[2.109s] -- Up-to-date: /root/Lunar_ROADSTER/lr_ws/install/nav2_collision_monitor/include/
[2.110s] -- Up-to-date: /root/Lunar_ROADSTER/lr_ws/install/nav2_collision_monitor/include//nav2_collision_monitor
[2.112s] -- Up-to-date: /root/Lunar_ROADSTER/lr_ws/install/nav2_collision_monitor/include//nav2_collision_monitor/circle.hpp
[2.115s] -- Up-to-date: /root/Lunar_ROADSTER/lr_ws/install/nav2_collision_monitor/include//nav2_collision_monitor/collision_monitor_node.hpp
[2.116s] -- Up-to-date: /root/Lunar_ROADSTER/lr_ws/install/nav2_collision_monitor/include//nav2_collision_monitor/kinematics.hpp
[2.117s] -- Up-to-date: /root/Lunar_ROADSTER/lr_ws/install/nav2_collision_monitor/include//nav2_collision_monitor/pointcloud.hpp
[2.117s] -- Up-to-date: /root/Lunar_ROADSTER/lr_ws/install/nav2_collision_monitor/include//nav2_collision_monitor/polygon.hpp
[2.117s] -- Up-to-date: /root/Lunar_ROADSTER/lr_ws/install/nav2_collision_monitor/include//nav2_collision_monitor/range.hpp
[2.118s] -- Up-to-date: /root/Lunar_ROADSTER/lr_ws/install/nav2_collision_monitor/include//nav2_collision_monitor/scan.hpp
[2.120s] -- Up-to-date: /root/Lunar_ROADSTER/lr_ws/install/nav2_collision_monitor/include//nav2_collision_monitor/source.hpp
[2.120s] -- Up-to-date: /root/Lunar_ROADSTER/lr_ws/install/nav2_collision_monitor/include//nav2_collision_monitor/types.hpp
[2.122s] -- Up-to-date: /root/Lunar_ROADSTER/lr_ws/install/nav2_collision_monitor/share/nav2_collision_monitor/launch
[2.125s] -- Up-to-date: /root/Lunar_ROADSTER/lr_ws/install/nav2_collision_monitor/share/nav2_collision_monitor/launch/collision_monitor_node.launch.py
[2.129s] -- Up-to-date: /root/Lunar_ROADSTER/lr_ws/install/nav2_collision_monitor/share/nav2_collision_monitor/params
[2.131s] -- Up-to-date: /root/Lunar_ROADSTER/lr_ws/install/nav2_collision_monitor/share/nav2_collision_monitor/params/collision_monitor_params.yaml
[2.131s] -- Up-to-date: /root/Lunar_ROADSTER/lr_ws/install/nav2_collision_monitor/share/nav2_collision_monitor/environment/library_path.sh
[2.131s] -- Up-to-date: /root/Lunar_ROADSTER/lr_ws/install/nav2_collision_monitor/share/nav2_collision_monitor/environment/library_path.dsv
[2.132s] -- Up-to-date: /root/Lunar_ROADSTER/lr_ws/install/nav2_collision_monitor/share/ament_index/resource_index/package_run_dependencies/nav2_collision_monitor
[2.135s] -- Up-to-date: /root/Lunar_ROADSTER/lr_ws/install/nav2_collision_monitor/share/ament_index/resource_index/parent_prefix_path/nav2_collision_monitor
[2.136s] -- Up-to-date: /root/Lunar_ROADSTER/lr_ws/install/nav2_collision_monitor/share/nav2_collision_monitor/environment/ament_prefix_path.sh
[2.137s] -- Up-to-date: /root/Lunar_ROADSTER/lr_ws/install/nav2_collision_monitor/share/nav2_collision_monitor/environment/ament_prefix_path.dsv
[2.139s] -- Up-to-date: /root/Lunar_ROADSTER/lr_ws/install/nav2_collision_monitor/share/nav2_collision_monitor/environment/path.sh
[2.154s] -- Up-to-date: /root/Lunar_ROADSTER/lr_ws/install/nav2_collision_monitor/share/nav2_collision_monitor/environment/path.dsv
[2.154s] -- Up-to-date: /root/Lunar_ROADSTER/lr_ws/install/nav2_collision_monitor/share/nav2_collision_monitor/local_setup.bash
[2.156s] -- Up-to-date: /root/Lunar_ROADSTER/lr_ws/install/nav2_collision_monitor/share/nav2_collision_monitor/local_setup.sh
[2.157s] -- Up-to-date: /root/Lunar_ROADSTER/lr_ws/install/nav2_collision_monitor/share/nav2_collision_monitor/local_setup.zsh
[2.158s] -- Up-to-date: /root/Lunar_ROADSTER/lr_ws/install/nav2_collision_monitor/share/nav2_collision_monitor/local_setup.dsv
[2.159s] -- Installing: /root/Lunar_ROADSTER/lr_ws/install/nav2_collision_monitor/share/nav2_collision_monitor/package.dsv
[2.269s] -- Up-to-date: /root/Lunar_ROADSTER/lr_ws/install/nav2_collision_monitor/share/ament_index/resource_index/packages/nav2_collision_monitor
[2.269s] -- Up-to-date: /root/Lunar_ROADSTER/lr_ws/install/nav2_collision_monitor/share/ament_index/resource_index/rclcpp_components/nav2_collision_monitor
[2.270s] -- Up-to-date: /root/Lunar_ROADSTER/lr_ws/install/nav2_collision_monitor/share/nav2_collision_monitor/cmake/ament_cmake_export_include_directories-extras.cmake
[2.270s] -- Up-to-date: /root/Lunar_ROADSTER/lr_ws/install/nav2_collision_monitor/share/nav2_collision_monitor/cmake/ament_cmake_export_libraries-extras.cmake
[2.270s] -- Up-to-date: /root/Lunar_ROADSTER/lr_ws/install/nav2_collision_monitor/share/nav2_collision_monitor/cmake/ament_cmake_export_dependencies-extras.cmake
[2.271s] -- Up-to-date: /root/Lunar_ROADSTER/lr_ws/install/nav2_collision_monitor/share/nav2_collision_monitor/cmake/nav2_collision_monitorConfig.cmake
[2.271s] -- Up-to-date: /root/Lunar_ROADSTER/lr_ws/install/nav2_collision_monitor/share/nav2_collision_monitor/cmake/nav2_collision_monitorConfig-version.cmake
[2.272s] -- Up-to-date: /root/Lunar_ROADSTER/lr_ws/install/nav2_collision_monitor/share/nav2_collision_monitor/package.xml
[2.301s] Invoked command in '/root/Lunar_ROADSTER/lr_ws/build/nav2_collision_monitor' returned '0': AMENT_PREFIX_PATH=/root/Lunar_ROADSTER/lr_ws/install/nav2_costmap_2d:/root/Lunar_ROADSTER/lr_ws/install/nav2_map_server:/root/Lunar_ROADSTER/lr_ws/install/nav2_lifecycle_manager:/root/Lunar_ROADSTER/lr_ws/install/nav2_util:/root/Lunar_ROADSTER/lr_ws/install/nav2_voxel_grid:/root/Lunar_ROADSTER/lr_ws/install/nav2_msgs:/root/Lunar_ROADSTER/lr_ws/install/nav2_common:${AMENT_PREFIX_PATH} CMAKE_PREFIX_PATH=/root/Lunar_ROADSTER/lr_ws/install/nav2_costmap_2d:/root/Lunar_ROADSTER/lr_ws/install/nav2_map_server:/root/Lunar_ROADSTER/lr_ws/install/nav2_lifecycle_manager:/root/Lunar_ROADSTER/lr_ws/install/nav2_util:/root/Lunar_ROADSTER/lr_ws/install/nav2_voxel_grid:/root/Lunar_ROADSTER/lr_ws/install/nav2_msgs:/root/Lunar_ROADSTER/lr_ws/install/nav2_common:/opt/ros/humble LD_LIBRARY_PATH=/root/Lunar_ROADSTER/lr_ws/install/nav2_costmap_2d/lib:/root/Lunar_ROADSTER/lr_ws/install/nav2_map_server/lib:/root/Lunar_ROADSTER/lr_ws/install/nav2_lifecycle_manager/lib:/root/Lunar_ROADSTER/lr_ws/install/nav2_util/lib:/root/Lunar_ROADSTER/lr_ws/install/nav2_voxel_grid/lib:/root/Lunar_ROADSTER/lr_ws/install/nav2_msgs/lib:/opt/ros/humble/opt/rviz_ogre_vendor/lib:/opt/ros/humble/lib/aarch64-linux-gnu:/opt/ros/humble/lib:/usr/local/cuda/lib64 PYTHONPATH=/root/Lunar_ROADSTER/lr_ws/install/nav2_msgs/local/lib/python3.10/dist-packages:/root/Lunar_ROADSTER/lr_ws/install/nav2_common/local/lib/python3.10/dist-packages:${PYTHONPATH} /usr/local/bin/cmake --install /root/Lunar_ROADSTER/lr_ws/build/nav2_collision_monitor
