[0.066s] Invoking command in '/root/Lunar_ROADSTER/lr_ws/build/vectornav': AMENT_PREFIX_PATH=/root/Lunar_ROADSTER/lr_ws/install/vectornav_msgs:${AMENT_PREFIX_PATH} CMAKE_PREFIX_PATH=/root/Lunar_ROADSTER/lr_ws/install/vectornav_msgs:/opt/ros/humble LD_LIBRARY_PATH=/root/Lunar_ROADSTER/lr_ws/install/vectornav_msgs/lib:/opt/ros/humble/opt/rviz_ogre_vendor/lib:/opt/ros/humble/lib/aarch64-linux-gnu:/opt/ros/humble/lib:/usr/local/cuda/lib64 PYTHONPATH=/root/Lunar_ROADSTER/lr_ws/install/vectornav_msgs/local/lib/python3.10/dist-packages:${PYTHONPATH} /usr/local/bin/cmake /root/Lunar_ROADSTER/lr_ws/src/vectornav/vectornav -DCMAKE_INSTALL_PREFIX=/root/Lunar_ROADSTER/lr_ws/install/vectornav
[0.290s] -- The C compiler identification is GNU 11.4.0
[0.525s] -- The CXX compiler identification is GNU 11.4.0
[0.553s] -- Detecting C compiler ABI info
[0.795s] -- Detecting C compiler ABI info - done
[0.828s] -- Check for working C compiler: /usr/bin/cc - skipped
[0.830s] -- Detecting C compile features
[0.833s] -- Detecting C compile features - done
[0.845s] -- Detecting CXX compiler ABI info
[1.136s] -- Detecting CXX compiler ABI info - done
[1.169s] -- Check for working CXX compiler: /usr/bin/c++ - skipped
[1.170s] -- Detecting CXX compile features
[1.172s] -- Detecting CXX compile features - done
[1.182s] -- Found ament_cmake: 1.3.11 (/opt/ros/humble/share/ament_cmake/cmake)
[1.658s] -- Found Python3: /usr/bin/python3 (found version "3.10.12") found components: Interpreter 
[2.015s] -- Found rclcpp: 16.0.11 (/opt/ros/humble/share/rclcpp/cmake)
[2.182s] -- Found rosidl_generator_c: 3.1.6 (/opt/ros/humble/share/rosidl_generator_c/cmake)
[2.205s] -- Found rosidl_adapter: 3.1.6 (/opt/ros/humble/share/rosidl_adapter/cmake)
[2.238s] -- Found rosidl_generator_cpp: 3.1.6 (/opt/ros/humble/share/rosidl_generator_cpp/cmake)
[2.289s] -- Using all available rosidl_typesupport_c: rosidl_typesupport_fastrtps_c;rosidl_typesupport_introspection_c
[2.360s] -- Using all available rosidl_typesupport_cpp: rosidl_typesupport_fastrtps_cpp;rosidl_typesupport_introspection_cpp
[2.541s] -- Found rmw_implementation_cmake: 6.1.2 (/opt/ros/humble/share/rmw_implementation_cmake/cmake)
[2.553s] -- Found rmw_fastrtps_cpp: 6.2.7 (/opt/ros/humble/share/rmw_fastrtps_cpp/cmake)
[2.912s] -- Found OpenSSL: /usr/lib/aarch64-linux-gnu/libcrypto.so (found version "3.0.2")  
[3.023s] -- Found FastRTPS: /opt/ros/humble/include  
[3.193s] -- Using RMW implementation 'rmw_fastrtps_cpp' as default
[3.230s] -- Looking for pthread.h
[3.480s] -- Looking for pthread.h - found
[3.483s] -- Performing Test CMAKE_HAVE_LIBC_PTHREAD
[3.745s] -- Performing Test CMAKE_HAVE_LIBC_PTHREAD - Success
[3.753s] -- Found Threads: TRUE  
[3.961s] -- Found rclcpp_action: 16.0.11 (/opt/ros/humble/share/rclcpp_action/cmake)
[4.096s] -- Found rclcpp_components: 16.0.11 (/opt/ros/humble/share/rclcpp_components/cmake)
[4.205s] -- Found sensor_msgs: 4.2.4 (/opt/ros/humble/share/sensor_msgs/cmake)
[4.323s] -- Found vectornav_msgs: 3.0.0 (/root/Lunar_ROADSTER/lr_ws/install/vectornav_msgs/share/vectornav_msgs/cmake)
[4.389s] -- Found tf2_geometry_msgs: 0.25.9 (/opt/ros/humble/share/tf2_geometry_msgs/cmake)
[4.450s] -- Found eigen3_cmake_module: 0.1.1 (/opt/ros/humble/share/eigen3_cmake_module/cmake)
[4.463s] -- Found Eigen3: TRUE (found version "3.4.0") 
[4.464s] -- Ensuring Eigen3 include directory is part of orocos-kdl CMake target
[4.639s] -- Found ament_lint_auto: 0.12.11 (/opt/ros/humble/share/ament_lint_auto/cmake)
[5.020s] -- Added test 'cppcheck' to perform static code analysis on C / C++ code
[5.023s] -- Configured cppcheck include dirs: 
[5.027s] -- Configured cppcheck exclude dirs and/or files: 
[5.053s] -- Added test 'cpplint' to check C / C++ code against the Google style
[5.055s] -- Configured cpplint exclude dirs and/or files: 
[5.062s] -- Added test 'flake8' to check Python code syntax and style conventions
[5.074s] -- Added test 'lint_cmake' to check CMake code style
[5.081s] -- Added test 'pep257' to check Python code against some of the docstring style conventions in PEP 257
[5.108s] -- Added test 'uncrustify' to check C / C++ code style
[5.110s] -- Configured uncrustify additional arguments: 
[5.115s] -- Added test 'xmllint' to check XML markup files
[5.128s] -- Configuring done
[5.343s] -- Generating done
[5.406s] -- Build files have been written to: /root/Lunar_ROADSTER/lr_ws/build/vectornav
[5.459s] Invoked command in '/root/Lunar_ROADSTER/lr_ws/build/vectornav' returned '0': AMENT_PREFIX_PATH=/root/Lunar_ROADSTER/lr_ws/install/vectornav_msgs:${AMENT_PREFIX_PATH} CMAKE_PREFIX_PATH=/root/Lunar_ROADSTER/lr_ws/install/vectornav_msgs:/opt/ros/humble LD_LIBRARY_PATH=/root/Lunar_ROADSTER/lr_ws/install/vectornav_msgs/lib:/opt/ros/humble/opt/rviz_ogre_vendor/lib:/opt/ros/humble/lib/aarch64-linux-gnu:/opt/ros/humble/lib:/usr/local/cuda/lib64 PYTHONPATH=/root/Lunar_ROADSTER/lr_ws/install/vectornav_msgs/local/lib/python3.10/dist-packages:${PYTHONPATH} /usr/local/bin/cmake /root/Lunar_ROADSTER/lr_ws/src/vectornav/vectornav -DCMAKE_INSTALL_PREFIX=/root/Lunar_ROADSTER/lr_ws/install/vectornav
[5.463s] Invoking command in '/root/Lunar_ROADSTER/lr_ws/build/vectornav': AMENT_PREFIX_PATH=/root/Lunar_ROADSTER/lr_ws/install/vectornav_msgs:${AMENT_PREFIX_PATH} CMAKE_PREFIX_PATH=/root/Lunar_ROADSTER/lr_ws/install/vectornav_msgs:/opt/ros/humble LD_LIBRARY_PATH=/root/Lunar_ROADSTER/lr_ws/install/vectornav_msgs/lib:/opt/ros/humble/opt/rviz_ogre_vendor/lib:/opt/ros/humble/lib/aarch64-linux-gnu:/opt/ros/humble/lib:/usr/local/cuda/lib64 PYTHONPATH=/root/Lunar_ROADSTER/lr_ws/install/vectornav_msgs/local/lib/python3.10/dist-packages:${PYTHONPATH} /usr/local/bin/cmake --build /root/Lunar_ROADSTER/lr_ws/build/vectornav -- -j4 -l4
[5.583s] [  3%] [32mBuilding CXX object vnproglib-1.2.0.0/cpp/CMakeFiles/vncxx.dir/src/attitude.cpp.o[0m
[6.795s] [  6%] [32mBuilding CXX object vnproglib-1.2.0.0/cpp/CMakeFiles/vncxx.dir/src/conversions.cpp.o[0m
[8.094s] [  9%] [32mBuilding CXX object vnproglib-1.2.0.0/cpp/CMakeFiles/vncxx.dir/src/criticalsection.cpp.o[0m
[8.795s] [ 12%] [32mBuilding CXX object vnproglib-1.2.0.0/cpp/CMakeFiles/vncxx.dir/src/dllvalidator.cpp.o[0m
[8.875s] [ 15%] [32mBuilding CXX object vnproglib-1.2.0.0/cpp/CMakeFiles/vncxx.dir/src/error_detection.cpp.o[0m
[9.824s] [ 18%] [32mBuilding CXX object vnproglib-1.2.0.0/cpp/CMakeFiles/vncxx.dir/src/event.cpp.o[0m
[10.540s] [ 21%] [32mBuilding CXX object vnproglib-1.2.0.0/cpp/CMakeFiles/vncxx.dir/src/ezasyncdata.cpp.o[0m
[11.958s] [ 25%] [32mBuilding CXX object vnproglib-1.2.0.0/cpp/CMakeFiles/vncxx.dir/src/memoryport.cpp.o[0m
[12.917s] [ 28%] [32mBuilding CXX object vnproglib-1.2.0.0/cpp/CMakeFiles/vncxx.dir/src/packet.cpp.o[0m
[15.868s] [ 31%] [32mBuilding CXX object vnproglib-1.2.0.0/cpp/CMakeFiles/vncxx.dir/src/packetfinder.cpp.o[0m
[17.732s] [ 34%] [32mBuilding CXX object vnproglib-1.2.0.0/cpp/CMakeFiles/vncxx.dir/src/port.cpp.o[0m
[17.837s] [ 37%] [32mBuilding CXX object vnproglib-1.2.0.0/cpp/CMakeFiles/vncxx.dir/src/position.cpp.o[0m
[18.891s] [ 40%] [32mBuilding CXX object vnproglib-1.2.0.0/cpp/CMakeFiles/vncxx.dir/src/rtcmlistener.cpp.o[0m
[19.852s] [ 43%] [32mBuilding CXX object vnproglib-1.2.0.0/cpp/CMakeFiles/vncxx.dir/src/rtcmmessage.cpp.o[0m
[20.571s] [ 46%] [32mBuilding CXX object vnproglib-1.2.0.0/cpp/CMakeFiles/vncxx.dir/src/searcher.cpp.o[0m
[22.509s] [ 50%] [32mBuilding CXX object vnproglib-1.2.0.0/cpp/CMakeFiles/vncxx.dir/src/sensors.cpp.o[0m
[24.532s] [ 53%] [32mBuilding CXX object vnproglib-1.2.0.0/cpp/CMakeFiles/vncxx.dir/src/serialport.cpp.o[0m
[25.594s] [ 56%] [32mBuilding CXX object vnproglib-1.2.0.0/cpp/CMakeFiles/vncxx.dir/src/compositedata.cpp.o[0m
[26.165s] [ 59%] [32mBuilding CXX object vnproglib-1.2.0.0/cpp/CMakeFiles/vncxx.dir/src/thread.cpp.o[0m
[26.278s] [ 62%] [32mBuilding CXX object vnproglib-1.2.0.0/cpp/CMakeFiles/vncxx.dir/src/types.cpp.o[0m
[26.412s] [ 65%] [32mBuilding CXX object vnproglib-1.2.0.0/cpp/CMakeFiles/vncxx.dir/src/util.cpp.o[0m
[26.931s] [ 68%] [32mBuilding CXX object vnproglib-1.2.0.0/cpp/CMakeFiles/vncxx.dir/src/utilities.cpp.o[0m
[28.000s] [ 71%] [32mBuilding CXX object vnproglib-1.2.0.0/cpp/CMakeFiles/vncxx.dir/src/vntime.cpp.o[0m
[28.769s] [ 75%] [32m[1mLinking CXX shared library libvncxx.so[0m
[29.293s] [ 75%] Built target vncxx
[29.344s] [ 78%] [32mBuilding CXX object CMakeFiles/vn_sensor_msgs_lib.dir/src/vn_sensor_msgs.cc.o[0m
[29.348s] [ 81%] [32mBuilding CXX object CMakeFiles/vectornav_lib.dir/src/vectornav.cc.o[0m
[88.525s] [ 84%] [32m[1mLinking CXX shared library libvectornav_lib.so[0m
[90.904s] [ 84%] Built target vectornav_lib
[153.921s] [ 87%] [32m[1mLinking CXX shared library libvn_sensor_msgs_lib.so[0m
[159.944s] [ 87%] Built target vn_sensor_msgs_lib
[160.011s] [ 90%] [32mBuilding CXX object CMakeFiles/vectornav.dir/src/vectornav_node.cc.o[0m
[173.746s] [ 93%] [32m[1mLinking CXX executable vectornav[0m
[174.575s] [ 93%] Built target vectornav
[174.627s] [ 96%] [32mBuilding CXX object CMakeFiles/vn_sensor_msgs.dir/src/vn_sensor_msgs_node.cc.o[0m
[187.307s] [100%] [32m[1mLinking CXX executable vn_sensor_msgs[0m
[188.896s] [100%] Built target vn_sensor_msgs
[188.923s] Invoked command in '/root/Lunar_ROADSTER/lr_ws/build/vectornav' returned '0': AMENT_PREFIX_PATH=/root/Lunar_ROADSTER/lr_ws/install/vectornav_msgs:${AMENT_PREFIX_PATH} CMAKE_PREFIX_PATH=/root/Lunar_ROADSTER/lr_ws/install/vectornav_msgs:/opt/ros/humble LD_LIBRARY_PATH=/root/Lunar_ROADSTER/lr_ws/install/vectornav_msgs/lib:/opt/ros/humble/opt/rviz_ogre_vendor/lib:/opt/ros/humble/lib/aarch64-linux-gnu:/opt/ros/humble/lib:/usr/local/cuda/lib64 PYTHONPATH=/root/Lunar_ROADSTER/lr_ws/install/vectornav_msgs/local/lib/python3.10/dist-packages:${PYTHONPATH} /usr/local/bin/cmake --build /root/Lunar_ROADSTER/lr_ws/build/vectornav -- -j4 -l4
[188.931s] Invoking command in '/root/Lunar_ROADSTER/lr_ws/build/vectornav': AMENT_PREFIX_PATH=/root/Lunar_ROADSTER/lr_ws/install/vectornav_msgs:${AMENT_PREFIX_PATH} CMAKE_PREFIX_PATH=/root/Lunar_ROADSTER/lr_ws/install/vectornav_msgs:/opt/ros/humble LD_LIBRARY_PATH=/root/Lunar_ROADSTER/lr_ws/install/vectornav_msgs/lib:/opt/ros/humble/opt/rviz_ogre_vendor/lib:/opt/ros/humble/lib/aarch64-linux-gnu:/opt/ros/humble/lib:/usr/local/cuda/lib64 PYTHONPATH=/root/Lunar_ROADSTER/lr_ws/install/vectornav_msgs/local/lib/python3.10/dist-packages:${PYTHONPATH} /usr/local/bin/cmake --install /root/Lunar_ROADSTER/lr_ws/build/vectornav
[188.945s] -- Install configuration: ""
[188.948s] -- Installing: /root/Lunar_ROADSTER/lr_ws/install/vectornav/lib/libvectornav_lib.so
[189.039s] -- Set runtime path of "/root/Lunar_ROADSTER/lr_ws/install/vectornav/lib/libvectornav_lib.so" to ""
[189.039s] -- Installing: /root/Lunar_ROADSTER/lr_ws/install/vectornav/lib/libvn_sensor_msgs_lib.so
[189.277s] -- Set runtime path of "/root/Lunar_ROADSTER/lr_ws/install/vectornav/lib/libvn_sensor_msgs_lib.so" to ""
[189.278s] -- Installing: /root/Lunar_ROADSTER/lr_ws/install/vectornav/lib/vectornav/vectornav
[189.282s] -- Set runtime path of "/root/Lunar_ROADSTER/lr_ws/install/vectornav/lib/vectornav/vectornav" to ""
[189.283s] -- Installing: /root/Lunar_ROADSTER/lr_ws/install/vectornav/lib/vectornav/vn_sensor_msgs
[189.287s] -- Set runtime path of "/root/Lunar_ROADSTER/lr_ws/install/vectornav/lib/vectornav/vn_sensor_msgs" to ""
[189.294s] -- Installing: /root/Lunar_ROADSTER/lr_ws/install/vectornav/share/vectornav//config
[189.295s] -- Installing: /root/Lunar_ROADSTER/lr_ws/install/vectornav/share/vectornav//config/vectornav.yaml
[189.296s] -- Installing: /root/Lunar_ROADSTER/lr_ws/install/vectornav/share/vectornav//config/vectornav_composable.yaml
[189.297s] -- Installing: /root/Lunar_ROADSTER/lr_ws/install/vectornav/share/vectornav//config/vn_100_800hz.yaml
[189.298s] -- Installing: /root/Lunar_ROADSTER/lr_ws/install/vectornav/share/vectornav//config/vn_sensor_msgs_composable.yaml
[189.301s] -- Installing: /root/Lunar_ROADSTER/lr_ws/install/vectornav/share/vectornav//launch
[189.301s] -- Installing: /root/Lunar_ROADSTER/lr_ws/install/vectornav/share/vectornav//launch/vectornav.launch.py
[189.303s] -- Installing: /root/Lunar_ROADSTER/lr_ws/install/vectornav/share/vectornav//launch/vectornav_composable.launch.py
[189.307s] -- Installing: /root/Lunar_ROADSTER/lr_ws/install/vectornav/share/ament_index/resource_index/package_run_dependencies/vectornav
[189.310s] -- Installing: /root/Lunar_ROADSTER/lr_ws/install/vectornav/share/ament_index/resource_index/parent_prefix_path/vectornav
[189.312s] -- Installing: /root/Lunar_ROADSTER/lr_ws/install/vectornav/share/vectornav/environment/ament_prefix_path.sh
[189.313s] -- Installing: /root/Lunar_ROADSTER/lr_ws/install/vectornav/share/vectornav/environment/ament_prefix_path.dsv
[189.314s] -- Installing: /root/Lunar_ROADSTER/lr_ws/install/vectornav/share/vectornav/environment/path.sh
[189.315s] -- Installing: /root/Lunar_ROADSTER/lr_ws/install/vectornav/share/vectornav/environment/path.dsv
[189.316s] -- Installing: /root/Lunar_ROADSTER/lr_ws/install/vectornav/share/vectornav/local_setup.bash
[189.316s] -- Installing: /root/Lunar_ROADSTER/lr_ws/install/vectornav/share/vectornav/local_setup.sh
[189.317s] -- Installing: /root/Lunar_ROADSTER/lr_ws/install/vectornav/share/vectornav/local_setup.zsh
[189.318s] -- Installing: /root/Lunar_ROADSTER/lr_ws/install/vectornav/share/vectornav/local_setup.dsv
[189.319s] -- Installing: /root/Lunar_ROADSTER/lr_ws/install/vectornav/share/vectornav/package.dsv
[189.321s] -- Installing: /root/Lunar_ROADSTER/lr_ws/install/vectornav/share/ament_index/resource_index/packages/vectornav
[189.323s] -- Installing: /root/Lunar_ROADSTER/lr_ws/install/vectornav/share/ament_index/resource_index/rclcpp_components/vectornav
[189.325s] -- Installing: /root/Lunar_ROADSTER/lr_ws/install/vectornav/share/vectornav/cmake/ament_cmake_export_dependencies-extras.cmake
[189.331s] -- Installing: /root/Lunar_ROADSTER/lr_ws/install/vectornav/share/vectornav/cmake/vectornavConfig.cmake
[189.331s] -- Installing: /root/Lunar_ROADSTER/lr_ws/install/vectornav/share/vectornav/cmake/vectornavConfig-version.cmake
[189.331s] -- Installing: /root/Lunar_ROADSTER/lr_ws/install/vectornav/share/vectornav/package.xml
[189.335s] -- Installing: /root/Lunar_ROADSTER/lr_ws/install/vectornav/lib/libvncxx.so
[189.342s] -- Installing: /root/Lunar_ROADSTER/lr_ws/install/vectornav/include/vn
[189.347s] -- Installing: /root/Lunar_ROADSTER/lr_ws/install/vectornav/include/vn/attitude.h
[189.350s] -- Installing: /root/Lunar_ROADSTER/lr_ws/install/vectornav/include/vn/boostpython.h
[189.351s] -- Installing: /root/Lunar_ROADSTER/lr_ws/install/vectornav/include/vn/compiler.h
[189.351s] -- Installing: /root/Lunar_ROADSTER/lr_ws/install/vectornav/include/vn/compositedata.h
[189.352s] -- Installing: /root/Lunar_ROADSTER/lr_ws/install/vectornav/include/vn/consts.h
[189.352s] -- Installing: /root/Lunar_ROADSTER/lr_ws/install/vectornav/include/vn/conversions.h
[189.355s] -- Installing: /root/Lunar_ROADSTER/lr_ws/install/vectornav/include/vn/criticalsection.h
[189.355s] -- Installing: /root/Lunar_ROADSTER/lr_ws/install/vectornav/include/vn/dllvalidator.h
[189.356s] -- Installing: /root/Lunar_ROADSTER/lr_ws/install/vectornav/include/vn/error_detection.h
[189.358s] -- Installing: /root/Lunar_ROADSTER/lr_ws/install/vectornav/include/vn/event.h
[189.359s] -- Installing: /root/Lunar_ROADSTER/lr_ws/install/vectornav/include/vn/exceptions.h
[189.359s] -- Installing: /root/Lunar_ROADSTER/lr_ws/install/vectornav/include/vn/export.h
[189.359s] -- Installing: /root/Lunar_ROADSTER/lr_ws/install/vectornav/include/vn/ezasyncdata.h
[189.360s] -- Installing: /root/Lunar_ROADSTER/lr_ws/install/vectornav/include/vn/int.h
[189.360s] -- Installing: /root/Lunar_ROADSTER/lr_ws/install/vectornav/include/vn/matrix.h
[189.360s] -- Installing: /root/Lunar_ROADSTER/lr_ws/install/vectornav/include/vn/memoryport.h
[189.361s] -- Installing: /root/Lunar_ROADSTER/lr_ws/install/vectornav/include/vn/mock.h
[189.361s] -- Installing: /root/Lunar_ROADSTER/lr_ws/install/vectornav/include/vn/nocopy.h
[189.362s] -- Installing: /root/Lunar_ROADSTER/lr_ws/install/vectornav/include/vn/packet.h
[189.364s] -- Installing: /root/Lunar_ROADSTER/lr_ws/install/vectornav/include/vn/packetfinder.h
[189.365s] -- Installing: /root/Lunar_ROADSTER/lr_ws/install/vectornav/include/vn/port.h
[189.365s] -- Installing: /root/Lunar_ROADSTER/lr_ws/install/vectornav/include/vn/position.h
[189.367s] -- Installing: /root/Lunar_ROADSTER/lr_ws/install/vectornav/include/vn/registers.h
[189.370s] -- Installing: /root/Lunar_ROADSTER/lr_ws/install/vectornav/include/vn/rtcmlistener.h
[189.370s] -- Installing: /root/Lunar_ROADSTER/lr_ws/install/vectornav/include/vn/rtcmmessage.h
[189.371s] -- Installing: /root/Lunar_ROADSTER/lr_ws/install/vectornav/include/vn/searcher.h
[189.371s] -- Installing: /root/Lunar_ROADSTER/lr_ws/install/vectornav/include/vn/sensors.h
[189.372s] -- Installing: /root/Lunar_ROADSTER/lr_ws/install/vectornav/include/vn/serialport.h
[189.372s] -- Installing: /root/Lunar_ROADSTER/lr_ws/install/vectornav/include/vn/signal.h
[189.373s] -- Installing: /root/Lunar_ROADSTER/lr_ws/install/vectornav/include/vn/thread.h
[189.373s] -- Installing: /root/Lunar_ROADSTER/lr_ws/install/vectornav/include/vn/types.h
[189.374s] -- Installing: /root/Lunar_ROADSTER/lr_ws/install/vectornav/include/vn/util.h
[189.375s] -- Installing: /root/Lunar_ROADSTER/lr_ws/install/vectornav/include/vn/utilities.h
[189.376s] -- Installing: /root/Lunar_ROADSTER/lr_ws/install/vectornav/include/vn/vector.h
[189.377s] -- Installing: /root/Lunar_ROADSTER/lr_ws/install/vectornav/include/vn/vntime.h
[189.385s] Invoked command in '/root/Lunar_ROADSTER/lr_ws/build/vectornav' returned '0': AMENT_PREFIX_PATH=/root/Lunar_ROADSTER/lr_ws/install/vectornav_msgs:${AMENT_PREFIX_PATH} CMAKE_PREFIX_PATH=/root/Lunar_ROADSTER/lr_ws/install/vectornav_msgs:/opt/ros/humble LD_LIBRARY_PATH=/root/Lunar_ROADSTER/lr_ws/install/vectornav_msgs/lib:/opt/ros/humble/opt/rviz_ogre_vendor/lib:/opt/ros/humble/lib/aarch64-linux-gnu:/opt/ros/humble/lib:/usr/local/cuda/lib64 PYTHONPATH=/root/Lunar_ROADSTER/lr_ws/install/vectornav_msgs/local/lib/python3.10/dist-packages:${PYTHONPATH} /usr/local/bin/cmake --install /root/Lunar_ROADSTER/lr_ws/build/vectornav
