-- The C compiler identification is GNU 11.4.0
-- The CXX compiler identification is GNU 11.4.0
-- Detecting C compiler ABI info
-- Detecting C compiler ABI info - done
-- Check for working C compiler: /usr/bin/cc - skipped
-- Detecting C compile features
-- Detecting C compile features - done
-- Detecting CXX compiler ABI info
-- Detecting CXX compiler ABI info - done
-- Check for working CXX compiler: /usr/bin/c++ - skipped
-- Detecting CXX compile features
-- Detecting CXX compile features - done
-- Found rosidl_cmake: 3.1.6 (/opt/ros/humble/share/rosidl_cmake/cmake)
-- Found rosidl_adapter: 3.1.6 (/opt/ros/humble/share/rosidl_adapter/cmake)
-- Found builtin_interfaces: 1.2.1 (/opt/ros/humble/share/builtin_interfaces/cmake)
-- Found Python3: /home/bhaswanth_a/miniconda3/bin/python3 (found version "3.12.5") found components: Interpreter 
-- Found rosidl_generator_c: 3.1.6 (/opt/ros/humble/share/rosidl_generator_c/cmake)
-- Found rosidl_generator_cpp: 3.1.6 (/opt/ros/humble/share/rosidl_generator_cpp/cmake)
-- Using all available rosidl_typesupport_c: rosidl_typesupport_fastrtps_c;rosidl_typesupport_introspection_c
-- Using all available rosidl_typesupport_cpp: rosidl_typesupport_fastrtps_cpp;rosidl_typesupport_introspection_cpp
-- Found rosidl_default_generators: 1.2.0 (/opt/ros/humble/share/rosidl_default_generators/cmake)
-- Found std_msgs: 4.2.4 (/opt/ros/humble/share/std_msgs/cmake)
-- Found ament_cmake_ros: 0.10.0 (/opt/ros/humble/share/ament_cmake_ros/cmake)
-- Using all available rosidl_typesupport_c: rosidl_typesupport_fastrtps_c;rosidl_typesupport_introspection_c
-- Using all available rosidl_typesupport_cpp: rosidl_typesupport_fastrtps_cpp;rosidl_typesupport_introspection_cpp
-- Found PythonInterp: /home/bhaswanth_a/miniconda3/bin/python3 (found suitable version "3.12.5", minimum required is "3.6") 
-- Found python_cmake_module: 0.10.0 (/opt/ros/humble/share/python_cmake_module/cmake)
-- Found PythonLibs: /home/bhaswanth_a/miniconda3/lib/libpython3.12.so (found suitable version "3.12.5", minimum required is "3.5") 
-- Using PYTHON_EXECUTABLE: /home/bhaswanth_a/miniconda3/bin/python3
-- Using PYTHON_INCLUDE_DIRS: /home/bhaswanth_a/miniconda3/include/python3.12
-- Using PYTHON_LIBRARIES: /home/bhaswanth_a/miniconda3/lib/libpython3.12.so
-- Found PythonExtra: .so  
-- Using numpy include directory: /home/bhaswanth_a/miniconda3/lib/python3.12/site-packages/numpy/_core/include
-- Found ament_lint_auto: 0.12.11 (/opt/ros/humble/share/ament_lint_auto/cmake)
-- Added test 'copyright' to check source files copyright and LICENSE
-- Added test 'lint_cmake' to check CMake code style
-- Added test 'xmllint' to check XML markup files
-- Configuring done
-- Generating done
-- Build files have been written to: /home/bhaswanth_a/Lunar_ROADSTER/lr_ws/build/cg_msgs
[  1%] [34m[1mGenerating C code for ROS interfaces[0m
[  1%] [34m[1mGenerating C++ code for ROS interfaces[0m
[  1%] Built target ament_cmake_python_copy_cg_msgs
running egg_info
creating cg_msgs.egg-info
writing cg_msgs.egg-info/PKG-INFO
writing dependency_links to cg_msgs.egg-info/dependency_links.txt
writing top-level names to cg_msgs.egg-info/top_level.txt
writing manifest file 'cg_msgs.egg-info/SOURCES.txt'
reading manifest file 'cg_msgs.egg-info/SOURCES.txt'
writing manifest file 'cg_msgs.egg-info/SOURCES.txt'
[  1%] Built target ament_cmake_python_build_cg_msgs_egg
[  2%] [32mBuilding C object CMakeFiles/cg_msgs__rosidl_generator_c.dir/rosidl_generator_c/cg_msgs/msg/detail/actuator_command__functions.c.o[0m
[  2%] [32mBuilding C object CMakeFiles/cg_msgs__rosidl_generator_c.dir/rosidl_generator_c/cg_msgs/msg/detail/beacon_tag__functions.c.o[0m
[  2%] [32mBuilding C object CMakeFiles/cg_msgs__rosidl_generator_c.dir/rosidl_generator_c/cg_msgs/msg/detail/encoder_telemetry__functions.c.o[0m
[  3%] [32mBuilding C object CMakeFiles/cg_msgs__rosidl_generator_c.dir/rosidl_generator_c/cg_msgs/msg/detail/beacon_multi_tag__functions.c.o[0m
[  4%] [32mBuilding C object CMakeFiles/cg_msgs__rosidl_generator_c.dir/rosidl_generator_c/cg_msgs/msg/detail/point2_d__functions.c.o[0m
[  5%] [32mBuilding C object CMakeFiles/cg_msgs__rosidl_generator_c.dir/rosidl_generator_c/cg_msgs/msg/detail/pose2_d__functions.c.o[0m
[  5%] [32mBuilding C object CMakeFiles/cg_msgs__rosidl_generator_c.dir/rosidl_generator_c/cg_msgs/msg/detail/slip__functions.c.o[0m
[  6%] [32mBuilding C object CMakeFiles/cg_msgs__rosidl_generator_c.dir/rosidl_generator_c/cg_msgs/msg/detail/mux_mode__functions.c.o[0m
[  7%] [32mBuilding C object CMakeFiles/cg_msgs__rosidl_generator_c.dir/rosidl_generator_c/cg_msgs/msg/detail/actuator_state__functions.c.o[0m
[  8%] [32mBuilding C object CMakeFiles/cg_msgs__rosidl_generator_c.dir/rosidl_generator_c/cg_msgs/msg/detail/site_map__functions.c.o[0m
[  8%] [32mBuilding C object CMakeFiles/cg_msgs__rosidl_generator_c.dir/rosidl_generator_c/cg_msgs/msg/detail/trajectory__functions.c.o[0m
[  9%] [32mBuilding C object CMakeFiles/cg_msgs__rosidl_generator_c.dir/rosidl_generator_c/cg_msgs/srv/detail/site_map__functions.c.o[0m
[  9%] [32mBuilding C object CMakeFiles/cg_msgs__rosidl_generator_c.dir/rosidl_generator_c/cg_msgs/srv/detail/enable_worksystem__functions.c.o[0m
[ 10%] [32mBuilding C object CMakeFiles/cg_msgs__rosidl_generator_c.dir/rosidl_generator_c/cg_msgs/srv/detail/save_map__functions.c.o[0m
[ 11%] [32mBuilding C object CMakeFiles/cg_msgs__rosidl_generator_c.dir/rosidl_generator_c/cg_msgs/srv/detail/update_trajectory__functions.c.o[0m
[ 11%] Built target cg_msgs__cpp
[ 12%] [34m[1mGenerating C++ type support dispatch for ROS interfaces[0m
[ 13%] [34m[1mGenerating C++ introspection for ROS interfaces[0m
[ 13%] [34m[1mGenerating C++ type support for eProsima Fast-RTPS[0m
[ 14%] [32m[1mLinking C shared library libcg_msgs__rosidl_generator_c.so[0m
[ 14%] Built target cg_msgs__rosidl_generator_c
[ 17%] [34m[1mGenerating C type support for eProsima Fast-RTPS[0m
[ 17%] [34m[1mGenerating C introspection for ROS interfaces[0m
[ 17%] [34m[1mGenerating C type support dispatch for ROS interfaces[0m
[ 22%] [32mBuilding CXX object CMakeFiles/cg_msgs__rosidl_typesupport_cpp.dir/rosidl_typesupport_cpp/cg_msgs/msg/slip__type_support.cpp.o[0m
[ 22%] [32mBuilding CXX object CMakeFiles/cg_msgs__rosidl_typesupport_cpp.dir/rosidl_typesupport_cpp/cg_msgs/msg/mux_mode__type_support.cpp.o[0m
[ 22%] [32mBuilding CXX object CMakeFiles/cg_msgs__rosidl_typesupport_cpp.dir/rosidl_typesupport_cpp/cg_msgs/msg/beacon_tag__type_support.cpp.o[0m
[ 22%] [32mBuilding CXX object CMakeFiles/cg_msgs__rosidl_typesupport_cpp.dir/rosidl_typesupport_cpp/cg_msgs/msg/actuator_command__type_support.cpp.o[0m
[ 22%] [32mBuilding CXX object CMakeFiles/cg_msgs__rosidl_typesupport_cpp.dir/rosidl_typesupport_cpp/cg_msgs/msg/beacon_multi_tag__type_support.cpp.o[0m
[ 22%] [32mBuilding CXX object CMakeFiles/cg_msgs__rosidl_typesupport_cpp.dir/rosidl_typesupport_cpp/cg_msgs/msg/point2_d__type_support.cpp.o[0m
[ 23%] [32mBuilding CXX object CMakeFiles/cg_msgs__rosidl_typesupport_cpp.dir/rosidl_typesupport_cpp/cg_msgs/msg/pose2_d__type_support.cpp.o[0m
[ 25%] [32mBuilding CXX object CMakeFiles/cg_msgs__rosidl_typesupport_cpp.dir/rosidl_typesupport_cpp/cg_msgs/msg/site_map__type_support.cpp.o[0m
[ 25%] [32mBuilding CXX object CMakeFiles/cg_msgs__rosidl_typesupport_cpp.dir/rosidl_typesupport_cpp/cg_msgs/msg/trajectory__type_support.cpp.o[0m
[ 22%] [32mBuilding CXX object CMakeFiles/cg_msgs__rosidl_typesupport_cpp.dir/rosidl_typesupport_cpp/cg_msgs/msg/encoder_telemetry__type_support.cpp.o[0m
[ 25%] [32mBuilding CXX object CMakeFiles/cg_msgs__rosidl_typesupport_cpp.dir/rosidl_typesupport_cpp/cg_msgs/msg/actuator_state__type_support.cpp.o[0m
[ 25%] [32mBuilding CXX object CMakeFiles/cg_msgs__rosidl_typesupport_c.dir/rosidl_typesupport_c/cg_msgs/msg/actuator_command__type_support.cpp.o[0m
[ 26%] [32mBuilding CXX object CMakeFiles/cg_msgs__rosidl_typesupport_c.dir/rosidl_typesupport_c/cg_msgs/msg/beacon_tag__type_support.cpp.o[0m
[ 27%] [32mBuilding CXX object CMakeFiles/cg_msgs__rosidl_typesupport_c.dir/rosidl_typesupport_c/cg_msgs/msg/beacon_multi_tag__type_support.cpp.o[0m
[ 27%] [32mBuilding CXX object CMakeFiles/cg_msgs__rosidl_typesupport_c.dir/rosidl_typesupport_c/cg_msgs/msg/encoder_telemetry__type_support.cpp.o[0m
[ 27%] [32mBuilding CXX object CMakeFiles/cg_msgs__rosidl_typesupport_cpp.dir/rosidl_typesupport_cpp/cg_msgs/srv/site_map__type_support.cpp.o[0m
[ 29%] [32mBuilding CXX object CMakeFiles/cg_msgs__rosidl_typesupport_c.dir/rosidl_typesupport_c/cg_msgs/msg/point2_d__type_support.cpp.o[0m
[ 29%] [32mBuilding CXX object CMakeFiles/cg_msgs__rosidl_typesupport_c.dir/rosidl_typesupport_c/cg_msgs/msg/pose2_d__type_support.cpp.o[0m
[ 30%] [32mBuilding CXX object CMakeFiles/cg_msgs__rosidl_typesupport_c.dir/rosidl_typesupport_c/cg_msgs/msg/slip__type_support.cpp.o[0m
[ 31%] [32mBuilding CXX object CMakeFiles/cg_msgs__rosidl_typesupport_cpp.dir/rosidl_typesupport_cpp/cg_msgs/srv/update_trajectory__type_support.cpp.o[0m
[ 32%] [32mBuilding CXX object CMakeFiles/cg_msgs__rosidl_typesupport_cpp.dir/rosidl_typesupport_cpp/cg_msgs/srv/enable_worksystem__type_support.cpp.o[0m
[ 32%] [32mBuilding CXX object CMakeFiles/cg_msgs__rosidl_typesupport_c.dir/rosidl_typesupport_c/cg_msgs/msg/mux_mode__type_support.cpp.o[0m
[ 32%] [32mBuilding CXX object CMakeFiles/cg_msgs__rosidl_typesupport_cpp.dir/rosidl_typesupport_cpp/cg_msgs/srv/save_map__type_support.cpp.o[0m
[ 33%] [32mBuilding CXX object CMakeFiles/cg_msgs__rosidl_typesupport_c.dir/rosidl_typesupport_c/cg_msgs/msg/actuator_state__type_support.cpp.o[0m
[ 34%] [32mBuilding CXX object CMakeFiles/cg_msgs__rosidl_typesupport_c.dir/rosidl_typesupport_c/cg_msgs/msg/site_map__type_support.cpp.o[0m
[ 34%] [32mBuilding CXX object CMakeFiles/cg_msgs__rosidl_typesupport_c.dir/rosidl_typesupport_c/cg_msgs/msg/trajectory__type_support.cpp.o[0m
[ 35%] [32mBuilding CXX object CMakeFiles/cg_msgs__rosidl_typesupport_c.dir/rosidl_typesupport_c/cg_msgs/srv/site_map__type_support.cpp.o[0m
[ 36%] [32mBuilding CXX object CMakeFiles/cg_msgs__rosidl_typesupport_c.dir/rosidl_typesupport_c/cg_msgs/srv/update_trajectory__type_support.cpp.o[0m
[ 36%] [32mBuilding CXX object CMakeFiles/cg_msgs__rosidl_typesupport_c.dir/rosidl_typesupport_c/cg_msgs/srv/enable_worksystem__type_support.cpp.o[0m
[ 37%] [32mBuilding CXX object CMakeFiles/cg_msgs__rosidl_typesupport_introspection_cpp.dir/rosidl_typesupport_introspection_cpp/cg_msgs/msg/detail/actuator_command__type_support.cpp.o[0m
[ 38%] [32mBuilding CXX object CMakeFiles/cg_msgs__rosidl_typesupport_introspection_cpp.dir/rosidl_typesupport_introspection_cpp/cg_msgs/msg/detail/beacon_tag__type_support.cpp.o[0m
[ 39%] [32mBuilding CXX object CMakeFiles/cg_msgs__rosidl_typesupport_introspection_cpp.dir/rosidl_typesupport_introspection_cpp/cg_msgs/msg/detail/beacon_multi_tag__type_support.cpp.o[0m
[ 39%] [32mBuilding CXX object CMakeFiles/cg_msgs__rosidl_typesupport_c.dir/rosidl_typesupport_c/cg_msgs/srv/save_map__type_support.cpp.o[0m
[ 40%] [32mBuilding CXX object CMakeFiles/cg_msgs__rosidl_typesupport_introspection_cpp.dir/rosidl_typesupport_introspection_cpp/cg_msgs/msg/detail/encoder_telemetry__type_support.cpp.o[0m
[ 41%] [32mBuilding CXX object CMakeFiles/cg_msgs__rosidl_typesupport_introspection_cpp.dir/rosidl_typesupport_introspection_cpp/cg_msgs/msg/detail/point2_d__type_support.cpp.o[0m
[ 41%] [32mBuilding CXX object CMakeFiles/cg_msgs__rosidl_typesupport_introspection_cpp.dir/rosidl_typesupport_introspection_cpp/cg_msgs/msg/detail/slip__type_support.cpp.o[0m
[ 42%] [32mBuilding CXX object CMakeFiles/cg_msgs__rosidl_typesupport_introspection_cpp.dir/rosidl_typesupport_introspection_cpp/cg_msgs/msg/detail/pose2_d__type_support.cpp.o[0m
[ 43%] [32mBuilding CXX object CMakeFiles/cg_msgs__rosidl_typesupport_fastrtps_cpp.dir/rosidl_typesupport_fastrtps_cpp/cg_msgs/msg/detail/dds_fastrtps/actuator_command__type_support.cpp.o[0m
[ 44%] [32mBuilding CXX object CMakeFiles/cg_msgs__rosidl_typesupport_fastrtps_cpp.dir/rosidl_typesupport_fastrtps_cpp/cg_msgs/msg/detail/dds_fastrtps/beacon_tag__type_support.cpp.o[0m
[ 45%] [32m[1mLinking CXX shared library libcg_msgs__rosidl_typesupport_c.so[0m
[ 46%] [32mBuilding C object CMakeFiles/cg_msgs__rosidl_typesupport_introspection_c.dir/rosidl_typesupport_introspection_c/cg_msgs/msg/detail/actuator_command__type_support.c.o[0m
[ 46%] Built target cg_msgs__rosidl_typesupport_c
[ 46%] [32mBuilding CXX object CMakeFiles/cg_msgs__rosidl_typesupport_fastrtps_cpp.dir/rosidl_typesupport_fastrtps_cpp/cg_msgs/msg/detail/dds_fastrtps/beacon_multi_tag__type_support.cpp.o[0m
[ 46%] [32mBuilding C object CMakeFiles/cg_msgs__rosidl_typesupport_introspection_c.dir/rosidl_typesupport_introspection_c/cg_msgs/msg/detail/beacon_tag__type_support.c.o[0m
[ 47%] [32mBuilding CXX object CMakeFiles/cg_msgs__rosidl_typesupport_fastrtps_c.dir/rosidl_typesupport_fastrtps_c/cg_msgs/msg/detail/actuator_command__type_support_c.cpp.o[0m
[ 48%] [32mBuilding C object CMakeFiles/cg_msgs__rosidl_typesupport_introspection_c.dir/rosidl_typesupport_introspection_c/cg_msgs/msg/detail/beacon_multi_tag__type_support.c.o[0m
[ 49%] [32mBuilding CXX object CMakeFiles/cg_msgs__rosidl_typesupport_fastrtps_cpp.dir/rosidl_typesupport_fastrtps_cpp/cg_msgs/msg/detail/dds_fastrtps/encoder_telemetry__type_support.cpp.o[0m
[ 50%] [32mBuilding C object CMakeFiles/cg_msgs__rosidl_typesupport_introspection_c.dir/rosidl_typesupport_introspection_c/cg_msgs/msg/detail/encoder_telemetry__type_support.c.o[0m
[ 50%] [32mBuilding CXX object CMakeFiles/cg_msgs__rosidl_typesupport_fastrtps_c.dir/rosidl_typesupport_fastrtps_c/cg_msgs/msg/detail/beacon_tag__type_support_c.cpp.o[0m
[ 51%] [32mBuilding CXX object CMakeFiles/cg_msgs__rosidl_typesupport_introspection_cpp.dir/rosidl_typesupport_introspection_cpp/cg_msgs/msg/detail/mux_mode__type_support.cpp.o[0m
[ 52%] [32m[1mLinking CXX shared library libcg_msgs__rosidl_typesupport_cpp.so[0m
[ 53%] [32mBuilding C object CMakeFiles/cg_msgs__rosidl_typesupport_introspection_c.dir/rosidl_typesupport_introspection_c/cg_msgs/msg/detail/point2_d__type_support.c.o[0m
[ 53%] [32mBuilding C object CMakeFiles/cg_msgs__rosidl_typesupport_introspection_c.dir/rosidl_typesupport_introspection_c/cg_msgs/msg/detail/pose2_d__type_support.c.o[0m
[ 53%] Built target cg_msgs__rosidl_typesupport_cpp
[ 54%] [32mBuilding CXX object CMakeFiles/cg_msgs__rosidl_typesupport_fastrtps_c.dir/rosidl_typesupport_fastrtps_c/cg_msgs/msg/detail/beacon_multi_tag__type_support_c.cpp.o[0m
[ 55%] [32mBuilding C object CMakeFiles/cg_msgs__rosidl_typesupport_introspection_c.dir/rosidl_typesupport_introspection_c/cg_msgs/msg/detail/slip__type_support.c.o[0m
[ 56%] [32mBuilding C object CMakeFiles/cg_msgs__rosidl_typesupport_introspection_c.dir/rosidl_typesupport_introspection_c/cg_msgs/msg/detail/mux_mode__type_support.c.o[0m
[ 57%] [32mBuilding CXX object CMakeFiles/cg_msgs__rosidl_typesupport_fastrtps_cpp.dir/rosidl_typesupport_fastrtps_cpp/cg_msgs/msg/detail/dds_fastrtps/point2_d__type_support.cpp.o[0m
[ 57%] [32mBuilding CXX object CMakeFiles/cg_msgs__rosidl_typesupport_fastrtps_cpp.dir/rosidl_typesupport_fastrtps_cpp/cg_msgs/msg/detail/dds_fastrtps/pose2_d__type_support.cpp.o[0m
[ 58%] [32mBuilding CXX object CMakeFiles/cg_msgs__rosidl_typesupport_fastrtps_c.dir/rosidl_typesupport_fastrtps_c/cg_msgs/msg/detail/encoder_telemetry__type_support_c.cpp.o[0m
[ 58%] [32mBuilding CXX object CMakeFiles/cg_msgs__rosidl_typesupport_fastrtps_c.dir/rosidl_typesupport_fastrtps_c/cg_msgs/msg/detail/point2_d__type_support_c.cpp.o[0m
[ 58%] [32mBuilding C object CMakeFiles/cg_msgs__rosidl_typesupport_introspection_c.dir/rosidl_typesupport_introspection_c/cg_msgs/msg/detail/actuator_state__type_support.c.o[0m
[ 59%] [32mBuilding CXX object CMakeFiles/cg_msgs__rosidl_typesupport_fastrtps_cpp.dir/rosidl_typesupport_fastrtps_cpp/cg_msgs/msg/detail/dds_fastrtps/slip__type_support.cpp.o[0m
[ 60%] [32mBuilding C object CMakeFiles/cg_msgs__rosidl_typesupport_introspection_c.dir/rosidl_typesupport_introspection_c/cg_msgs/msg/detail/site_map__type_support.c.o[0m
[ 61%] [32mBuilding CXX object CMakeFiles/cg_msgs__rosidl_typesupport_fastrtps_cpp.dir/rosidl_typesupport_fastrtps_cpp/cg_msgs/msg/detail/dds_fastrtps/mux_mode__type_support.cpp.o[0m
[ 62%] [32mBuilding CXX object CMakeFiles/cg_msgs__rosidl_typesupport_fastrtps_c.dir/rosidl_typesupport_fastrtps_c/cg_msgs/msg/detail/pose2_d__type_support_c.cpp.o[0m
[ 63%] [32mBuilding CXX object CMakeFiles/cg_msgs__rosidl_typesupport_fastrtps_c.dir/rosidl_typesupport_fastrtps_c/cg_msgs/msg/detail/slip__type_support_c.cpp.o[0m
[ 63%] [32mBuilding CXX object CMakeFiles/cg_msgs__rosidl_typesupport_fastrtps_cpp.dir/rosidl_typesupport_fastrtps_cpp/cg_msgs/msg/detail/dds_fastrtps/actuator_state__type_support.cpp.o[0m
[ 64%] [32mBuilding C object CMakeFiles/cg_msgs__rosidl_typesupport_introspection_c.dir/rosidl_typesupport_introspection_c/cg_msgs/msg/detail/trajectory__type_support.c.o[0m
[ 64%] [32mBuilding C object CMakeFiles/cg_msgs__rosidl_typesupport_introspection_c.dir/rosidl_typesupport_introspection_c/cg_msgs/srv/detail/site_map__type_support.c.o[0m
[ 65%] [32mBuilding C object CMakeFiles/cg_msgs__rosidl_typesupport_introspection_c.dir/rosidl_typesupport_introspection_c/cg_msgs/srv/detail/update_trajectory__type_support.c.o[0m
[ 66%] [32mBuilding C object CMakeFiles/cg_msgs__rosidl_typesupport_introspection_c.dir/rosidl_typesupport_introspection_c/cg_msgs/srv/detail/enable_worksystem__type_support.c.o[0m
[ 67%] [32mBuilding CXX object CMakeFiles/cg_msgs__rosidl_typesupport_introspection_cpp.dir/rosidl_typesupport_introspection_cpp/cg_msgs/msg/detail/actuator_state__type_support.cpp.o[0m
[ 67%] [32mBuilding CXX object CMakeFiles/cg_msgs__rosidl_typesupport_introspection_cpp.dir/rosidl_typesupport_introspection_cpp/cg_msgs/msg/detail/site_map__type_support.cpp.o[0m
[ 68%] [32mBuilding C object CMakeFiles/cg_msgs__rosidl_typesupport_introspection_c.dir/rosidl_typesupport_introspection_c/cg_msgs/srv/detail/save_map__type_support.c.o[0m
[ 69%] [32mBuilding CXX object CMakeFiles/cg_msgs__rosidl_typesupport_introspection_cpp.dir/rosidl_typesupport_introspection_cpp/cg_msgs/msg/detail/trajectory__type_support.cpp.o[0m
[ 70%] [32mBuilding CXX object CMakeFiles/cg_msgs__rosidl_typesupport_fastrtps_cpp.dir/rosidl_typesupport_fastrtps_cpp/cg_msgs/msg/detail/dds_fastrtps/site_map__type_support.cpp.o[0m
[ 71%] [32mBuilding CXX object CMakeFiles/cg_msgs__rosidl_typesupport_introspection_cpp.dir/rosidl_typesupport_introspection_cpp/cg_msgs/srv/detail/site_map__type_support.cpp.o[0m
[ 71%] [32m[1mLinking C shared library libcg_msgs__rosidl_typesupport_introspection_c.so[0m
[ 71%] [32mBuilding CXX object CMakeFiles/cg_msgs__rosidl_typesupport_introspection_cpp.dir/rosidl_typesupport_introspection_cpp/cg_msgs/srv/detail/update_trajectory__type_support.cpp.o[0m
[ 71%] Built target cg_msgs__rosidl_typesupport_introspection_c
[ 72%] [32mBuilding CXX object CMakeFiles/cg_msgs__rosidl_typesupport_fastrtps_cpp.dir/rosidl_typesupport_fastrtps_cpp/cg_msgs/msg/detail/dds_fastrtps/trajectory__type_support.cpp.o[0m
[ 73%] [32mBuilding CXX object CMakeFiles/cg_msgs__rosidl_typesupport_fastrtps_cpp.dir/rosidl_typesupport_fastrtps_cpp/cg_msgs/srv/detail/dds_fastrtps/site_map__type_support.cpp.o[0m
[ 73%] [32mBuilding CXX object CMakeFiles/cg_msgs__rosidl_typesupport_fastrtps_cpp.dir/rosidl_typesupport_fastrtps_cpp/cg_msgs/srv/detail/dds_fastrtps/update_trajectory__type_support.cpp.o[0m
[ 74%] [32mBuilding CXX object CMakeFiles/cg_msgs__rosidl_typesupport_introspection_cpp.dir/rosidl_typesupport_introspection_cpp/cg_msgs/srv/detail/enable_worksystem__type_support.cpp.o[0m
[ 74%] [32mBuilding CXX object CMakeFiles/cg_msgs__rosidl_typesupport_fastrtps_c.dir/rosidl_typesupport_fastrtps_c/cg_msgs/msg/detail/mux_mode__type_support_c.cpp.o[0m
[ 75%] [32mBuilding CXX object CMakeFiles/cg_msgs__rosidl_typesupport_introspection_cpp.dir/rosidl_typesupport_introspection_cpp/cg_msgs/srv/detail/save_map__type_support.cpp.o[0m
[ 76%] [32mBuilding CXX object CMakeFiles/cg_msgs__rosidl_typesupport_fastrtps_cpp.dir/rosidl_typesupport_fastrtps_cpp/cg_msgs/srv/detail/dds_fastrtps/enable_worksystem__type_support.cpp.o[0m
[ 77%] [32mBuilding CXX object CMakeFiles/cg_msgs__rosidl_typesupport_fastrtps_cpp.dir/rosidl_typesupport_fastrtps_cpp/cg_msgs/srv/detail/dds_fastrtps/save_map__type_support.cpp.o[0m
[ 78%] [32mBuilding CXX object CMakeFiles/cg_msgs__rosidl_typesupport_fastrtps_c.dir/rosidl_typesupport_fastrtps_c/cg_msgs/msg/detail/actuator_state__type_support_c.cpp.o[0m
[ 79%] [32mBuilding CXX object CMakeFiles/cg_msgs__rosidl_typesupport_fastrtps_c.dir/rosidl_typesupport_fastrtps_c/cg_msgs/msg/detail/site_map__type_support_c.cpp.o[0m
[ 80%] [32mBuilding CXX object CMakeFiles/cg_msgs__rosidl_typesupport_fastrtps_c.dir/rosidl_typesupport_fastrtps_c/cg_msgs/msg/detail/trajectory__type_support_c.cpp.o[0m
[ 80%] [32mBuilding CXX object CMakeFiles/cg_msgs__rosidl_typesupport_fastrtps_c.dir/rosidl_typesupport_fastrtps_c/cg_msgs/srv/detail/site_map__type_support_c.cpp.o[0m
[ 81%] [32mBuilding CXX object CMakeFiles/cg_msgs__rosidl_typesupport_fastrtps_c.dir/rosidl_typesupport_fastrtps_c/cg_msgs/srv/detail/update_trajectory__type_support_c.cpp.o[0m
[ 82%] [32mBuilding CXX object CMakeFiles/cg_msgs__rosidl_typesupport_fastrtps_c.dir/rosidl_typesupport_fastrtps_c/cg_msgs/srv/detail/enable_worksystem__type_support_c.cpp.o[0m
[ 82%] [32mBuilding CXX object CMakeFiles/cg_msgs__rosidl_typesupport_fastrtps_c.dir/rosidl_typesupport_fastrtps_c/cg_msgs/srv/detail/save_map__type_support_c.cpp.o[0m
[ 83%] [32m[1mLinking CXX shared library libcg_msgs__rosidl_typesupport_introspection_cpp.so[0m
[ 83%] [32m[1mLinking CXX shared library libcg_msgs__rosidl_typesupport_fastrtps_cpp.so[0m
[ 83%] Built target cg_msgs__rosidl_typesupport_introspection_cpp
[ 83%] Built target cg_msgs__rosidl_typesupport_fastrtps_cpp
[ 84%] [32m[1mLinking CXX shared library libcg_msgs__rosidl_typesupport_fastrtps_c.so[0m
[ 84%] Built target cg_msgs__rosidl_typesupport_fastrtps_c
[ 84%] Built target cg_msgs
[ 85%] [34m[1mGenerating Python code for ROS interfaces[0m
[ 85%] Built target cg_msgs__py
[ 88%] [32mBuilding C object CMakeFiles/cg_msgs__rosidl_generator_py.dir/rosidl_generator_py/cg_msgs/msg/_mux_mode_s.c.o[0m
[ 91%] [32mBuilding C object CMakeFiles/cg_msgs__rosidl_generator_py.dir/rosidl_generator_py/cg_msgs/msg/_encoder_telemetry_s.c.o[0m
[ 88%] [32mBuilding C object CMakeFiles/cg_msgs__rosidl_generator_py.dir/rosidl_generator_py/cg_msgs/msg/_beacon_tag_s.c.o[0m
[ 88%] [32mBuilding C object CMakeFiles/cg_msgs__rosidl_generator_py.dir/rosidl_generator_py/cg_msgs/msg/_actuator_state_s.c.o[0m
[ 88%] [32mBuilding C object CMakeFiles/cg_msgs__rosidl_generator_py.dir/rosidl_generator_py/cg_msgs/msg/_point2_d_s.c.o[0m
[ 88%] [32mBuilding C object CMakeFiles/cg_msgs__rosidl_generator_py.dir/rosidl_generator_py/cg_msgs/msg/_actuator_command_s.c.o[0m
[ 92%] [32mBuilding C object CMakeFiles/cg_msgs__rosidl_generator_py.dir/rosidl_generator_py/cg_msgs/msg/_pose2_d_s.c.o[0m
[ 92%] [32mBuilding C object CMakeFiles/cg_msgs__rosidl_generator_py.dir/rosidl_generator_py/cg_msgs/msg/_slip_s.c.o[0m
[ 92%] [32mBuilding C object CMakeFiles/cg_msgs__rosidl_generator_py.dir/rosidl_generator_py/cg_msgs/msg/_site_map_s.c.o[0m
[ 92%] [32mBuilding C object CMakeFiles/cg_msgs__rosidl_generator_py.dir/rosidl_generator_py/cg_msgs/msg/_beacon_multi_tag_s.c.o[0m
[ 94%] [32mBuilding C object CMakeFiles/cg_msgs__rosidl_generator_py.dir/rosidl_generator_py/cg_msgs/srv/_save_map_s.c.o[0m
[ 94%] [32mBuilding C object CMakeFiles/cg_msgs__rosidl_generator_py.dir/rosidl_generator_py/cg_msgs/srv/_update_trajectory_s.c.o[0m
[ 95%] [32mBuilding C object CMakeFiles/cg_msgs__rosidl_generator_py.dir/rosidl_generator_py/cg_msgs/srv/_site_map_s.c.o[0m
[ 95%] [32mBuilding C object CMakeFiles/cg_msgs__rosidl_generator_py.dir/rosidl_generator_py/cg_msgs/srv/_enable_worksystem_s.c.o[0m
[ 94%] [32mBuilding C object CMakeFiles/cg_msgs__rosidl_generator_py.dir/rosidl_generator_py/cg_msgs/msg/_trajectory_s.c.o[0m
[ 96%] [32m[1mLinking C shared library rosidl_generator_py/cg_msgs/libcg_msgs__rosidl_generator_py.so[0m
[ 96%] Built target cg_msgs__rosidl_generator_py
[ 98%] [32mBuilding C object CMakeFiles/cg_msgs__rosidl_typesupport_c__pyext.dir/rosidl_generator_py/cg_msgs/_cg_msgs_s.ep.rosidl_typesupport_c.c.o[0m
[ 98%] [32mBuilding C object CMakeFiles/cg_msgs__rosidl_typesupport_introspection_c__pyext.dir/rosidl_generator_py/cg_msgs/_cg_msgs_s.ep.rosidl_typesupport_introspection_c.c.o[0m
[ 99%] [32mBuilding C object CMakeFiles/cg_msgs__rosidl_typesupport_fastrtps_c__pyext.dir/rosidl_generator_py/cg_msgs/_cg_msgs_s.ep.rosidl_typesupport_fastrtps_c.c.o[0m
[100%] [32m[1mLinking C shared library rosidl_generator_py/cg_msgs/cg_msgs_s__rosidl_typesupport_c.cpython-312-x86_64-linux-gnu.so[0m
[100%] [32m[1mLinking C shared library rosidl_generator_py/cg_msgs/cg_msgs_s__rosidl_typesupport_fastrtps_c.cpython-312-x86_64-linux-gnu.so[0m
[100%] [32m[1mLinking C shared library rosidl_generator_py/cg_msgs/cg_msgs_s__rosidl_typesupport_introspection_c.cpython-312-x86_64-linux-gnu.so[0m
[100%] Built target cg_msgs__rosidl_typesupport_c__pyext
[100%] Built target cg_msgs__rosidl_typesupport_fastrtps_c__pyext
[100%] Built target cg_msgs__rosidl_typesupport_introspection_c__pyext
-- Install configuration: ""
-- Installing: /home/bhaswanth_a/Lunar_ROADSTER/lr_ws/install/cg_msgs/share/ament_index/resource_index/rosidl_interfaces/cg_msgs
-- Installing: /home/bhaswanth_a/Lunar_ROADSTER/lr_ws/install/cg_msgs/include/cg_msgs/cg_msgs
-- Installing: /home/bhaswanth_a/Lunar_ROADSTER/lr_ws/install/cg_msgs/include/cg_msgs/cg_msgs/msg
-- Installing: /home/bhaswanth_a/Lunar_ROADSTER/lr_ws/install/cg_msgs/include/cg_msgs/cg_msgs/msg/mux_mode.h
-- Installing: /home/bhaswanth_a/Lunar_ROADSTER/lr_ws/install/cg_msgs/include/cg_msgs/cg_msgs/msg/encoder_telemetry.h
-- Installing: /home/bhaswanth_a/Lunar_ROADSTER/lr_ws/install/cg_msgs/include/cg_msgs/cg_msgs/msg/beacon_multi_tag.h
-- Installing: /home/bhaswanth_a/Lunar_ROADSTER/lr_ws/install/cg_msgs/include/cg_msgs/cg_msgs/msg/actuator_state.h
-- Installing: /home/bhaswanth_a/Lunar_ROADSTER/lr_ws/install/cg_msgs/include/cg_msgs/cg_msgs/msg/rosidl_generator_c__visibility_control.h
-- Installing: /home/bhaswanth_a/Lunar_ROADSTER/lr_ws/install/cg_msgs/include/cg_msgs/cg_msgs/msg/pose2_d.h
-- Installing: /home/bhaswanth_a/Lunar_ROADSTER/lr_ws/install/cg_msgs/include/cg_msgs/cg_msgs/msg/actuator_command.h
-- Installing: /home/bhaswanth_a/Lunar_ROADSTER/lr_ws/install/cg_msgs/include/cg_msgs/cg_msgs/msg/slip.h
-- Installing: /home/bhaswanth_a/Lunar_ROADSTER/lr_ws/install/cg_msgs/include/cg_msgs/cg_msgs/msg/point2_d.h
-- Installing: /home/bhaswanth_a/Lunar_ROADSTER/lr_ws/install/cg_msgs/include/cg_msgs/cg_msgs/msg/trajectory.h
-- Installing: /home/bhaswanth_a/Lunar_ROADSTER/lr_ws/install/cg_msgs/include/cg_msgs/cg_msgs/msg/site_map.h
-- Installing: /home/bhaswanth_a/Lunar_ROADSTER/lr_ws/install/cg_msgs/include/cg_msgs/cg_msgs/msg/detail
-- Installing: /home/bhaswanth_a/Lunar_ROADSTER/lr_ws/install/cg_msgs/include/cg_msgs/cg_msgs/msg/detail/site_map__functions.c
-- Installing: /home/bhaswanth_a/Lunar_ROADSTER/lr_ws/install/cg_msgs/include/cg_msgs/cg_msgs/msg/detail/slip__functions.c
-- Installing: /home/bhaswanth_a/Lunar_ROADSTER/lr_ws/install/cg_msgs/include/cg_msgs/cg_msgs/msg/detail/beacon_tag__functions.c
-- Installing: /home/bhaswanth_a/Lunar_ROADSTER/lr_ws/install/cg_msgs/include/cg_msgs/cg_msgs/msg/detail/actuator_state__functions.h
-- Installing: /home/bhaswanth_a/Lunar_ROADSTER/lr_ws/install/cg_msgs/include/cg_msgs/cg_msgs/msg/detail/pose2_d__type_support.h
-- Installing: /home/bhaswanth_a/Lunar_ROADSTER/lr_ws/install/cg_msgs/include/cg_msgs/cg_msgs/msg/detail/beacon_tag__struct.h
-- Installing: /home/bhaswanth_a/Lunar_ROADSTER/lr_ws/install/cg_msgs/include/cg_msgs/cg_msgs/msg/detail/trajectory__functions.c
-- Installing: /home/bhaswanth_a/Lunar_ROADSTER/lr_ws/install/cg_msgs/include/cg_msgs/cg_msgs/msg/detail/slip__functions.h
-- Installing: /home/bhaswanth_a/Lunar_ROADSTER/lr_ws/install/cg_msgs/include/cg_msgs/cg_msgs/msg/detail/actuator_command__struct.h
-- Installing: /home/bhaswanth_a/Lunar_ROADSTER/lr_ws/install/cg_msgs/include/cg_msgs/cg_msgs/msg/detail/beacon_tag__type_support.h
-- Installing: /home/bhaswanth_a/Lunar_ROADSTER/lr_ws/install/cg_msgs/include/cg_msgs/cg_msgs/msg/detail/trajectory__type_support.h
-- Installing: /home/bhaswanth_a/Lunar_ROADSTER/lr_ws/install/cg_msgs/include/cg_msgs/cg_msgs/msg/detail/point2_d__functions.c
-- Installing: /home/bhaswanth_a/Lunar_ROADSTER/lr_ws/install/cg_msgs/include/cg_msgs/cg_msgs/msg/detail/mux_mode__type_support.h
-- Installing: /home/bhaswanth_a/Lunar_ROADSTER/lr_ws/install/cg_msgs/include/cg_msgs/cg_msgs/msg/detail/pose2_d__struct.h
-- Installing: /home/bhaswanth_a/Lunar_ROADSTER/lr_ws/install/cg_msgs/include/cg_msgs/cg_msgs/msg/detail/point2_d__struct.h
-- Installing: /home/bhaswanth_a/Lunar_ROADSTER/lr_ws/install/cg_msgs/include/cg_msgs/cg_msgs/msg/detail/mux_mode__functions.h
-- Installing: /home/bhaswanth_a/Lunar_ROADSTER/lr_ws/install/cg_msgs/include/cg_msgs/cg_msgs/msg/detail/beacon_multi_tag__type_support.h
-- Installing: /home/bhaswanth_a/Lunar_ROADSTER/lr_ws/install/cg_msgs/include/cg_msgs/cg_msgs/msg/detail/beacon_tag__functions.h
-- Installing: /home/bhaswanth_a/Lunar_ROADSTER/lr_ws/install/cg_msgs/include/cg_msgs/cg_msgs/msg/detail/actuator_state__struct.h
-- Installing: /home/bhaswanth_a/Lunar_ROADSTER/lr_ws/install/cg_msgs/include/cg_msgs/cg_msgs/msg/detail/trajectory__functions.h
-- Installing: /home/bhaswanth_a/Lunar_ROADSTER/lr_ws/install/cg_msgs/include/cg_msgs/cg_msgs/msg/detail/encoder_telemetry__functions.c
-- Installing: /home/bhaswanth_a/Lunar_ROADSTER/lr_ws/install/cg_msgs/include/cg_msgs/cg_msgs/msg/detail/pose2_d__functions.h
-- Installing: /home/bhaswanth_a/Lunar_ROADSTER/lr_ws/install/cg_msgs/include/cg_msgs/cg_msgs/msg/detail/encoder_telemetry__functions.h
-- Installing: /home/bhaswanth_a/Lunar_ROADSTER/lr_ws/install/cg_msgs/include/cg_msgs/cg_msgs/msg/detail/slip__struct.h
-- Installing: /home/bhaswanth_a/Lunar_ROADSTER/lr_ws/install/cg_msgs/include/cg_msgs/cg_msgs/msg/detail/pose2_d__functions.c
-- Installing: /home/bhaswanth_a/Lunar_ROADSTER/lr_ws/install/cg_msgs/include/cg_msgs/cg_msgs/msg/detail/actuator_command__functions.h
-- Installing: /home/bhaswanth_a/Lunar_ROADSTER/lr_ws/install/cg_msgs/include/cg_msgs/cg_msgs/msg/detail/point2_d__functions.h
-- Installing: /home/bhaswanth_a/Lunar_ROADSTER/lr_ws/install/cg_msgs/include/cg_msgs/cg_msgs/msg/detail/actuator_command__type_support.h
-- Installing: /home/bhaswanth_a/Lunar_ROADSTER/lr_ws/install/cg_msgs/include/cg_msgs/cg_msgs/msg/detail/actuator_command__functions.c
-- Installing: /home/bhaswanth_a/Lunar_ROADSTER/lr_ws/install/cg_msgs/include/cg_msgs/cg_msgs/msg/detail/actuator_state__functions.c
-- Installing: /home/bhaswanth_a/Lunar_ROADSTER/lr_ws/install/cg_msgs/include/cg_msgs/cg_msgs/msg/detail/actuator_state__type_support.h
-- Installing: /home/bhaswanth_a/Lunar_ROADSTER/lr_ws/install/cg_msgs/include/cg_msgs/cg_msgs/msg/detail/slip__type_support.h
-- Installing: /home/bhaswanth_a/Lunar_ROADSTER/lr_ws/install/cg_msgs/include/cg_msgs/cg_msgs/msg/detail/site_map__functions.h
-- Installing: /home/bhaswanth_a/Lunar_ROADSTER/lr_ws/install/cg_msgs/include/cg_msgs/cg_msgs/msg/detail/mux_mode__struct.h
-- Installing: /home/bhaswanth_a/Lunar_ROADSTER/lr_ws/install/cg_msgs/include/cg_msgs/cg_msgs/msg/detail/encoder_telemetry__type_support.h
-- Installing: /home/bhaswanth_a/Lunar_ROADSTER/lr_ws/install/cg_msgs/include/cg_msgs/cg_msgs/msg/detail/encoder_telemetry__struct.h
-- Installing: /home/bhaswanth_a/Lunar_ROADSTER/lr_ws/install/cg_msgs/include/cg_msgs/cg_msgs/msg/detail/trajectory__struct.h
-- Installing: /home/bhaswanth_a/Lunar_ROADSTER/lr_ws/install/cg_msgs/include/cg_msgs/cg_msgs/msg/detail/beacon_multi_tag__functions.c
-- Installing: /home/bhaswanth_a/Lunar_ROADSTER/lr_ws/install/cg_msgs/include/cg_msgs/cg_msgs/msg/detail/point2_d__type_support.h
-- Installing: /home/bhaswanth_a/Lunar_ROADSTER/lr_ws/install/cg_msgs/include/cg_msgs/cg_msgs/msg/detail/beacon_multi_tag__functions.h
-- Installing: /home/bhaswanth_a/Lunar_ROADSTER/lr_ws/install/cg_msgs/include/cg_msgs/cg_msgs/msg/detail/site_map__struct.h
-- Installing: /home/bhaswanth_a/Lunar_ROADSTER/lr_ws/install/cg_msgs/include/cg_msgs/cg_msgs/msg/detail/beacon_multi_tag__struct.h
-- Installing: /home/bhaswanth_a/Lunar_ROADSTER/lr_ws/install/cg_msgs/include/cg_msgs/cg_msgs/msg/detail/site_map__type_support.h
-- Installing: /home/bhaswanth_a/Lunar_ROADSTER/lr_ws/install/cg_msgs/include/cg_msgs/cg_msgs/msg/detail/mux_mode__functions.c
-- Installing: /home/bhaswanth_a/Lunar_ROADSTER/lr_ws/install/cg_msgs/include/cg_msgs/cg_msgs/msg/beacon_tag.h
-- Installing: /home/bhaswanth_a/Lunar_ROADSTER/lr_ws/install/cg_msgs/include/cg_msgs/cg_msgs/srv
-- Installing: /home/bhaswanth_a/Lunar_ROADSTER/lr_ws/install/cg_msgs/include/cg_msgs/cg_msgs/srv/save_map.h
-- Installing: /home/bhaswanth_a/Lunar_ROADSTER/lr_ws/install/cg_msgs/include/cg_msgs/cg_msgs/srv/update_trajectory.h
-- Installing: /home/bhaswanth_a/Lunar_ROADSTER/lr_ws/install/cg_msgs/include/cg_msgs/cg_msgs/srv/site_map.h
-- Installing: /home/bhaswanth_a/Lunar_ROADSTER/lr_ws/install/cg_msgs/include/cg_msgs/cg_msgs/srv/detail
-- Installing: /home/bhaswanth_a/Lunar_ROADSTER/lr_ws/install/cg_msgs/include/cg_msgs/cg_msgs/srv/detail/enable_worksystem__type_support.h
-- Installing: /home/bhaswanth_a/Lunar_ROADSTER/lr_ws/install/cg_msgs/include/cg_msgs/cg_msgs/srv/detail/site_map__functions.c
-- Installing: /home/bhaswanth_a/Lunar_ROADSTER/lr_ws/install/cg_msgs/include/cg_msgs/cg_msgs/srv/detail/enable_worksystem__functions.c
-- Installing: /home/bhaswanth_a/Lunar_ROADSTER/lr_ws/install/cg_msgs/include/cg_msgs/cg_msgs/srv/detail/enable_worksystem__functions.h
-- Installing: /home/bhaswanth_a/Lunar_ROADSTER/lr_ws/install/cg_msgs/include/cg_msgs/cg_msgs/srv/detail/save_map__functions.c
-- Installing: /home/bhaswanth_a/Lunar_ROADSTER/lr_ws/install/cg_msgs/include/cg_msgs/cg_msgs/srv/detail/enable_worksystem__struct.h
-- Installing: /home/bhaswanth_a/Lunar_ROADSTER/lr_ws/install/cg_msgs/include/cg_msgs/cg_msgs/srv/detail/update_trajectory__type_support.h
-- Installing: /home/bhaswanth_a/Lunar_ROADSTER/lr_ws/install/cg_msgs/include/cg_msgs/cg_msgs/srv/detail/update_trajectory__functions.c
-- Installing: /home/bhaswanth_a/Lunar_ROADSTER/lr_ws/install/cg_msgs/include/cg_msgs/cg_msgs/srv/detail/save_map__functions.h
-- Installing: /home/bhaswanth_a/Lunar_ROADSTER/lr_ws/install/cg_msgs/include/cg_msgs/cg_msgs/srv/detail/save_map__struct.h
-- Installing: /home/bhaswanth_a/Lunar_ROADSTER/lr_ws/install/cg_msgs/include/cg_msgs/cg_msgs/srv/detail/update_trajectory__functions.h
-- Installing: /home/bhaswanth_a/Lunar_ROADSTER/lr_ws/install/cg_msgs/include/cg_msgs/cg_msgs/srv/detail/save_map__type_support.h
-- Installing: /home/bhaswanth_a/Lunar_ROADSTER/lr_ws/install/cg_msgs/include/cg_msgs/cg_msgs/srv/detail/site_map__functions.h
-- Installing: /home/bhaswanth_a/Lunar_ROADSTER/lr_ws/install/cg_msgs/include/cg_msgs/cg_msgs/srv/detail/site_map__struct.h
-- Installing: /home/bhaswanth_a/Lunar_ROADSTER/lr_ws/install/cg_msgs/include/cg_msgs/cg_msgs/srv/detail/site_map__type_support.h
-- Installing: /home/bhaswanth_a/Lunar_ROADSTER/lr_ws/install/cg_msgs/include/cg_msgs/cg_msgs/srv/detail/update_trajectory__struct.h
-- Installing: /home/bhaswanth_a/Lunar_ROADSTER/lr_ws/install/cg_msgs/include/cg_msgs/cg_msgs/srv/enable_worksystem.h
-- Installing: /home/bhaswanth_a/Lunar_ROADSTER/lr_ws/install/cg_msgs/share/cg_msgs/environment/library_path.sh
-- Installing: /home/bhaswanth_a/Lunar_ROADSTER/lr_ws/install/cg_msgs/share/cg_msgs/environment/library_path.dsv
-- Installing: /home/bhaswanth_a/Lunar_ROADSTER/lr_ws/install/cg_msgs/lib/libcg_msgs__rosidl_generator_c.so
-- Set runtime path of "/home/bhaswanth_a/Lunar_ROADSTER/lr_ws/install/cg_msgs/lib/libcg_msgs__rosidl_generator_c.so" to ""
-- Up-to-date: /home/bhaswanth_a/Lunar_ROADSTER/lr_ws/install/cg_msgs/include/cg_msgs/cg_msgs
-- Up-to-date: /home/bhaswanth_a/Lunar_ROADSTER/lr_ws/install/cg_msgs/include/cg_msgs/cg_msgs/msg
-- Installing: /home/bhaswanth_a/Lunar_ROADSTER/lr_ws/install/cg_msgs/include/cg_msgs/cg_msgs/msg/rosidl_typesupport_fastrtps_c__visibility_control.h
-- Up-to-date: /home/bhaswanth_a/Lunar_ROADSTER/lr_ws/install/cg_msgs/include/cg_msgs/cg_msgs/msg/detail
-- Installing: /home/bhaswanth_a/Lunar_ROADSTER/lr_ws/install/cg_msgs/include/cg_msgs/cg_msgs/msg/detail/site_map__rosidl_typesupport_fastrtps_c.h
-- Installing: /home/bhaswanth_a/Lunar_ROADSTER/lr_ws/install/cg_msgs/include/cg_msgs/cg_msgs/msg/detail/beacon_tag__rosidl_typesupport_fastrtps_c.h
-- Installing: /home/bhaswanth_a/Lunar_ROADSTER/lr_ws/install/cg_msgs/include/cg_msgs/cg_msgs/msg/detail/slip__rosidl_typesupport_fastrtps_c.h
-- Installing: /home/bhaswanth_a/Lunar_ROADSTER/lr_ws/install/cg_msgs/include/cg_msgs/cg_msgs/msg/detail/beacon_multi_tag__rosidl_typesupport_fastrtps_c.h
-- Installing: /home/bhaswanth_a/Lunar_ROADSTER/lr_ws/install/cg_msgs/include/cg_msgs/cg_msgs/msg/detail/mux_mode__rosidl_typesupport_fastrtps_c.h
-- Installing: /home/bhaswanth_a/Lunar_ROADSTER/lr_ws/install/cg_msgs/include/cg_msgs/cg_msgs/msg/detail/encoder_telemetry__rosidl_typesupport_fastrtps_c.h
-- Installing: /home/bhaswanth_a/Lunar_ROADSTER/lr_ws/install/cg_msgs/include/cg_msgs/cg_msgs/msg/detail/actuator_state__rosidl_typesupport_fastrtps_c.h
-- Installing: /home/bhaswanth_a/Lunar_ROADSTER/lr_ws/install/cg_msgs/include/cg_msgs/cg_msgs/msg/detail/actuator_command__rosidl_typesupport_fastrtps_c.h
-- Installing: /home/bhaswanth_a/Lunar_ROADSTER/lr_ws/install/cg_msgs/include/cg_msgs/cg_msgs/msg/detail/point2_d__rosidl_typesupport_fastrtps_c.h
-- Installing: /home/bhaswanth_a/Lunar_ROADSTER/lr_ws/install/cg_msgs/include/cg_msgs/cg_msgs/msg/detail/trajectory__rosidl_typesupport_fastrtps_c.h
-- Installing: /home/bhaswanth_a/Lunar_ROADSTER/lr_ws/install/cg_msgs/include/cg_msgs/cg_msgs/msg/detail/pose2_d__rosidl_typesupport_fastrtps_c.h
-- Up-to-date: /home/bhaswanth_a/Lunar_ROADSTER/lr_ws/install/cg_msgs/include/cg_msgs/cg_msgs/srv
-- Up-to-date: /home/bhaswanth_a/Lunar_ROADSTER/lr_ws/install/cg_msgs/include/cg_msgs/cg_msgs/srv/detail
-- Installing: /home/bhaswanth_a/Lunar_ROADSTER/lr_ws/install/cg_msgs/include/cg_msgs/cg_msgs/srv/detail/enable_worksystem__rosidl_typesupport_fastrtps_c.h
-- Installing: /home/bhaswanth_a/Lunar_ROADSTER/lr_ws/install/cg_msgs/include/cg_msgs/cg_msgs/srv/detail/site_map__rosidl_typesupport_fastrtps_c.h
-- Installing: /home/bhaswanth_a/Lunar_ROADSTER/lr_ws/install/cg_msgs/include/cg_msgs/cg_msgs/srv/detail/update_trajectory__rosidl_typesupport_fastrtps_c.h
-- Installing: /home/bhaswanth_a/Lunar_ROADSTER/lr_ws/install/cg_msgs/include/cg_msgs/cg_msgs/srv/detail/save_map__rosidl_typesupport_fastrtps_c.h
-- Installing: /home/bhaswanth_a/Lunar_ROADSTER/lr_ws/install/cg_msgs/lib/libcg_msgs__rosidl_typesupport_fastrtps_c.so
-- Set runtime path of "/home/bhaswanth_a/Lunar_ROADSTER/lr_ws/install/cg_msgs/lib/libcg_msgs__rosidl_typesupport_fastrtps_c.so" to ""
-- Up-to-date: /home/bhaswanth_a/Lunar_ROADSTER/lr_ws/install/cg_msgs/include/cg_msgs/cg_msgs
-- Up-to-date: /home/bhaswanth_a/Lunar_ROADSTER/lr_ws/install/cg_msgs/include/cg_msgs/cg_msgs/msg
-- Installing: /home/bhaswanth_a/Lunar_ROADSTER/lr_ws/install/cg_msgs/include/cg_msgs/cg_msgs/msg/encoder_telemetry.hpp
-- Installing: /home/bhaswanth_a/Lunar_ROADSTER/lr_ws/install/cg_msgs/include/cg_msgs/cg_msgs/msg/slip.hpp
-- Installing: /home/bhaswanth_a/Lunar_ROADSTER/lr_ws/install/cg_msgs/include/cg_msgs/cg_msgs/msg/beacon_multi_tag.hpp
-- Installing: /home/bhaswanth_a/Lunar_ROADSTER/lr_ws/install/cg_msgs/include/cg_msgs/cg_msgs/msg/beacon_tag.hpp
-- Installing: /home/bhaswanth_a/Lunar_ROADSTER/lr_ws/install/cg_msgs/include/cg_msgs/cg_msgs/msg/point2_d.hpp
-- Installing: /home/bhaswanth_a/Lunar_ROADSTER/lr_ws/install/cg_msgs/include/cg_msgs/cg_msgs/msg/mux_mode.hpp
-- Installing: /home/bhaswanth_a/Lunar_ROADSTER/lr_ws/install/cg_msgs/include/cg_msgs/cg_msgs/msg/rosidl_generator_cpp__visibility_control.hpp
-- Installing: /home/bhaswanth_a/Lunar_ROADSTER/lr_ws/install/cg_msgs/include/cg_msgs/cg_msgs/msg/trajectory.hpp
-- Installing: /home/bhaswanth_a/Lunar_ROADSTER/lr_ws/install/cg_msgs/include/cg_msgs/cg_msgs/msg/actuator_command.hpp
-- Up-to-date: /home/bhaswanth_a/Lunar_ROADSTER/lr_ws/install/cg_msgs/include/cg_msgs/cg_msgs/msg/detail
-- Installing: /home/bhaswanth_a/Lunar_ROADSTER/lr_ws/install/cg_msgs/include/cg_msgs/cg_msgs/msg/detail/encoder_telemetry__struct.hpp
-- Installing: /home/bhaswanth_a/Lunar_ROADSTER/lr_ws/install/cg_msgs/include/cg_msgs/cg_msgs/msg/detail/pose2_d__struct.hpp
-- Installing: /home/bhaswanth_a/Lunar_ROADSTER/lr_ws/install/cg_msgs/include/cg_msgs/cg_msgs/msg/detail/encoder_telemetry__type_support.hpp
-- Installing: /home/bhaswanth_a/Lunar_ROADSTER/lr_ws/install/cg_msgs/include/cg_msgs/cg_msgs/msg/detail/actuator_command__struct.hpp
-- Installing: /home/bhaswanth_a/Lunar_ROADSTER/lr_ws/install/cg_msgs/include/cg_msgs/cg_msgs/msg/detail/encoder_telemetry__builder.hpp
-- Installing: /home/bhaswanth_a/Lunar_ROADSTER/lr_ws/install/cg_msgs/include/cg_msgs/cg_msgs/msg/detail/trajectory__type_support.hpp
-- Installing: /home/bhaswanth_a/Lunar_ROADSTER/lr_ws/install/cg_msgs/include/cg_msgs/cg_msgs/msg/detail/pose2_d__builder.hpp
-- Installing: /home/bhaswanth_a/Lunar_ROADSTER/lr_ws/install/cg_msgs/include/cg_msgs/cg_msgs/msg/detail/site_map__traits.hpp
-- Installing: /home/bhaswanth_a/Lunar_ROADSTER/lr_ws/install/cg_msgs/include/cg_msgs/cg_msgs/msg/detail/actuator_state__traits.hpp
-- Installing: /home/bhaswanth_a/Lunar_ROADSTER/lr_ws/install/cg_msgs/include/cg_msgs/cg_msgs/msg/detail/site_map__builder.hpp
-- Installing: /home/bhaswanth_a/Lunar_ROADSTER/lr_ws/install/cg_msgs/include/cg_msgs/cg_msgs/msg/detail/mux_mode__traits.hpp
-- Installing: /home/bhaswanth_a/Lunar_ROADSTER/lr_ws/install/cg_msgs/include/cg_msgs/cg_msgs/msg/detail/actuator_state__builder.hpp
-- Installing: /home/bhaswanth_a/Lunar_ROADSTER/lr_ws/install/cg_msgs/include/cg_msgs/cg_msgs/msg/detail/point2_d__traits.hpp
-- Installing: /home/bhaswanth_a/Lunar_ROADSTER/lr_ws/install/cg_msgs/include/cg_msgs/cg_msgs/msg/detail/beacon_tag__type_support.hpp
-- Installing: /home/bhaswanth_a/Lunar_ROADSTER/lr_ws/install/cg_msgs/include/cg_msgs/cg_msgs/msg/detail/mux_mode__type_support.hpp
-- Installing: /home/bhaswanth_a/Lunar_ROADSTER/lr_ws/install/cg_msgs/include/cg_msgs/cg_msgs/msg/detail/beacon_tag__traits.hpp
-- Installing: /home/bhaswanth_a/Lunar_ROADSTER/lr_ws/install/cg_msgs/include/cg_msgs/cg_msgs/msg/detail/site_map__struct.hpp
-- Installing: /home/bhaswanth_a/Lunar_ROADSTER/lr_ws/install/cg_msgs/include/cg_msgs/cg_msgs/msg/detail/pose2_d__traits.hpp
-- Installing: /home/bhaswanth_a/Lunar_ROADSTER/lr_ws/install/cg_msgs/include/cg_msgs/cg_msgs/msg/detail/point2_d__struct.hpp
-- Installing: /home/bhaswanth_a/Lunar_ROADSTER/lr_ws/install/cg_msgs/include/cg_msgs/cg_msgs/msg/detail/point2_d__builder.hpp
-- Installing: /home/bhaswanth_a/Lunar_ROADSTER/lr_ws/install/cg_msgs/include/cg_msgs/cg_msgs/msg/detail/slip__traits.hpp
-- Installing: /home/bhaswanth_a/Lunar_ROADSTER/lr_ws/install/cg_msgs/include/cg_msgs/cg_msgs/msg/detail/actuator_command__type_support.hpp
-- Installing: /home/bhaswanth_a/Lunar_ROADSTER/lr_ws/install/cg_msgs/include/cg_msgs/cg_msgs/msg/detail/beacon_tag__struct.hpp
-- Installing: /home/bhaswanth_a/Lunar_ROADSTER/lr_ws/install/cg_msgs/include/cg_msgs/cg_msgs/msg/detail/actuator_command__builder.hpp
-- Installing: /home/bhaswanth_a/Lunar_ROADSTER/lr_ws/install/cg_msgs/include/cg_msgs/cg_msgs/msg/detail/beacon_multi_tag__type_support.hpp
-- Installing: /home/bhaswanth_a/Lunar_ROADSTER/lr_ws/install/cg_msgs/include/cg_msgs/cg_msgs/msg/detail/actuator_state__struct.hpp
-- Installing: /home/bhaswanth_a/Lunar_ROADSTER/lr_ws/install/cg_msgs/include/cg_msgs/cg_msgs/msg/detail/point2_d__type_support.hpp
-- Installing: /home/bhaswanth_a/Lunar_ROADSTER/lr_ws/install/cg_msgs/include/cg_msgs/cg_msgs/msg/detail/slip__struct.hpp
-- Installing: /home/bhaswanth_a/Lunar_ROADSTER/lr_ws/install/cg_msgs/include/cg_msgs/cg_msgs/msg/detail/beacon_tag__builder.hpp
-- Installing: /home/bhaswanth_a/Lunar_ROADSTER/lr_ws/install/cg_msgs/include/cg_msgs/cg_msgs/msg/detail/pose2_d__type_support.hpp
-- Installing: /home/bhaswanth_a/Lunar_ROADSTER/lr_ws/install/cg_msgs/include/cg_msgs/cg_msgs/msg/detail/mux_mode__builder.hpp
-- Installing: /home/bhaswanth_a/Lunar_ROADSTER/lr_ws/install/cg_msgs/include/cg_msgs/cg_msgs/msg/detail/encoder_telemetry__traits.hpp
-- Installing: /home/bhaswanth_a/Lunar_ROADSTER/lr_ws/install/cg_msgs/include/cg_msgs/cg_msgs/msg/detail/beacon_multi_tag__traits.hpp
-- Installing: /home/bhaswanth_a/Lunar_ROADSTER/lr_ws/install/cg_msgs/include/cg_msgs/cg_msgs/msg/detail/actuator_state__type_support.hpp
-- Installing: /home/bhaswanth_a/Lunar_ROADSTER/lr_ws/install/cg_msgs/include/cg_msgs/cg_msgs/msg/detail/trajectory__struct.hpp
-- Installing: /home/bhaswanth_a/Lunar_ROADSTER/lr_ws/install/cg_msgs/include/cg_msgs/cg_msgs/msg/detail/mux_mode__struct.hpp
-- Installing: /home/bhaswanth_a/Lunar_ROADSTER/lr_ws/install/cg_msgs/include/cg_msgs/cg_msgs/msg/detail/actuator_command__traits.hpp
-- Installing: /home/bhaswanth_a/Lunar_ROADSTER/lr_ws/install/cg_msgs/include/cg_msgs/cg_msgs/msg/detail/beacon_multi_tag__builder.hpp
-- Installing: /home/bhaswanth_a/Lunar_ROADSTER/lr_ws/install/cg_msgs/include/cg_msgs/cg_msgs/msg/detail/trajectory__traits.hpp
-- Installing: /home/bhaswanth_a/Lunar_ROADSTER/lr_ws/install/cg_msgs/include/cg_msgs/cg_msgs/msg/detail/slip__type_support.hpp
-- Installing: /home/bhaswanth_a/Lunar_ROADSTER/lr_ws/install/cg_msgs/include/cg_msgs/cg_msgs/msg/detail/trajectory__builder.hpp
-- Installing: /home/bhaswanth_a/Lunar_ROADSTER/lr_ws/install/cg_msgs/include/cg_msgs/cg_msgs/msg/detail/site_map__type_support.hpp
-- Installing: /home/bhaswanth_a/Lunar_ROADSTER/lr_ws/install/cg_msgs/include/cg_msgs/cg_msgs/msg/detail/beacon_multi_tag__struct.hpp
-- Installing: /home/bhaswanth_a/Lunar_ROADSTER/lr_ws/install/cg_msgs/include/cg_msgs/cg_msgs/msg/detail/slip__builder.hpp
-- Installing: /home/bhaswanth_a/Lunar_ROADSTER/lr_ws/install/cg_msgs/include/cg_msgs/cg_msgs/msg/actuator_state.hpp
-- Installing: /home/bhaswanth_a/Lunar_ROADSTER/lr_ws/install/cg_msgs/include/cg_msgs/cg_msgs/msg/site_map.hpp
-- Installing: /home/bhaswanth_a/Lunar_ROADSTER/lr_ws/install/cg_msgs/include/cg_msgs/cg_msgs/msg/pose2_d.hpp
-- Up-to-date: /home/bhaswanth_a/Lunar_ROADSTER/lr_ws/install/cg_msgs/include/cg_msgs/cg_msgs/srv
-- Installing: /home/bhaswanth_a/Lunar_ROADSTER/lr_ws/install/cg_msgs/include/cg_msgs/cg_msgs/srv/update_trajectory.hpp
-- Up-to-date: /home/bhaswanth_a/Lunar_ROADSTER/lr_ws/install/cg_msgs/include/cg_msgs/cg_msgs/srv/detail
-- Installing: /home/bhaswanth_a/Lunar_ROADSTER/lr_ws/install/cg_msgs/include/cg_msgs/cg_msgs/srv/detail/update_trajectory__builder.hpp
-- Installing: /home/bhaswanth_a/Lunar_ROADSTER/lr_ws/install/cg_msgs/include/cg_msgs/cg_msgs/srv/detail/update_trajectory__traits.hpp
-- Installing: /home/bhaswanth_a/Lunar_ROADSTER/lr_ws/install/cg_msgs/include/cg_msgs/cg_msgs/srv/detail/site_map__traits.hpp
-- Installing: /home/bhaswanth_a/Lunar_ROADSTER/lr_ws/install/cg_msgs/include/cg_msgs/cg_msgs/srv/detail/site_map__builder.hpp
-- Installing: /home/bhaswanth_a/Lunar_ROADSTER/lr_ws/install/cg_msgs/include/cg_msgs/cg_msgs/srv/detail/site_map__struct.hpp
-- Installing: /home/bhaswanth_a/Lunar_ROADSTER/lr_ws/install/cg_msgs/include/cg_msgs/cg_msgs/srv/detail/enable_worksystem__traits.hpp
-- Installing: /home/bhaswanth_a/Lunar_ROADSTER/lr_ws/install/cg_msgs/include/cg_msgs/cg_msgs/srv/detail/save_map__type_support.hpp
-- Installing: /home/bhaswanth_a/Lunar_ROADSTER/lr_ws/install/cg_msgs/include/cg_msgs/cg_msgs/srv/detail/enable_worksystem__builder.hpp
-- Installing: /home/bhaswanth_a/Lunar_ROADSTER/lr_ws/install/cg_msgs/include/cg_msgs/cg_msgs/srv/detail/save_map__builder.hpp
-- Installing: /home/bhaswanth_a/Lunar_ROADSTER/lr_ws/install/cg_msgs/include/cg_msgs/cg_msgs/srv/detail/enable_worksystem__type_support.hpp
-- Installing: /home/bhaswanth_a/Lunar_ROADSTER/lr_ws/install/cg_msgs/include/cg_msgs/cg_msgs/srv/detail/update_trajectory__struct.hpp
-- Installing: /home/bhaswanth_a/Lunar_ROADSTER/lr_ws/install/cg_msgs/include/cg_msgs/cg_msgs/srv/detail/save_map__struct.hpp
-- Installing: /home/bhaswanth_a/Lunar_ROADSTER/lr_ws/install/cg_msgs/include/cg_msgs/cg_msgs/srv/detail/update_trajectory__type_support.hpp
-- Installing: /home/bhaswanth_a/Lunar_ROADSTER/lr_ws/install/cg_msgs/include/cg_msgs/cg_msgs/srv/detail/enable_worksystem__struct.hpp
-- Installing: /home/bhaswanth_a/Lunar_ROADSTER/lr_ws/install/cg_msgs/include/cg_msgs/cg_msgs/srv/detail/save_map__traits.hpp
-- Installing: /home/bhaswanth_a/Lunar_ROADSTER/lr_ws/install/cg_msgs/include/cg_msgs/cg_msgs/srv/detail/site_map__type_support.hpp
-- Installing: /home/bhaswanth_a/Lunar_ROADSTER/lr_ws/install/cg_msgs/include/cg_msgs/cg_msgs/srv/save_map.hpp
-- Installing: /home/bhaswanth_a/Lunar_ROADSTER/lr_ws/install/cg_msgs/include/cg_msgs/cg_msgs/srv/enable_worksystem.hpp
-- Installing: /home/bhaswanth_a/Lunar_ROADSTER/lr_ws/install/cg_msgs/include/cg_msgs/cg_msgs/srv/site_map.hpp
-- Up-to-date: /home/bhaswanth_a/Lunar_ROADSTER/lr_ws/install/cg_msgs/include/cg_msgs/cg_msgs
-- Up-to-date: /home/bhaswanth_a/Lunar_ROADSTER/lr_ws/install/cg_msgs/include/cg_msgs/cg_msgs/msg
-- Installing: /home/bhaswanth_a/Lunar_ROADSTER/lr_ws/install/cg_msgs/include/cg_msgs/cg_msgs/msg/rosidl_typesupport_fastrtps_cpp__visibility_control.h
-- Up-to-date: /home/bhaswanth_a/Lunar_ROADSTER/lr_ws/install/cg_msgs/include/cg_msgs/cg_msgs/msg/detail
-- Installing: /home/bhaswanth_a/Lunar_ROADSTER/lr_ws/install/cg_msgs/include/cg_msgs/cg_msgs/msg/detail/actuator_command__rosidl_typesupport_fastrtps_cpp.hpp
-- Installing: /home/bhaswanth_a/Lunar_ROADSTER/lr_ws/install/cg_msgs/include/cg_msgs/cg_msgs/msg/detail/actuator_state__rosidl_typesupport_fastrtps_cpp.hpp
-- Installing: /home/bhaswanth_a/Lunar_ROADSTER/lr_ws/install/cg_msgs/include/cg_msgs/cg_msgs/msg/detail/trajectory__rosidl_typesupport_fastrtps_cpp.hpp
-- Installing: /home/bhaswanth_a/Lunar_ROADSTER/lr_ws/install/cg_msgs/include/cg_msgs/cg_msgs/msg/detail/beacon_multi_tag__rosidl_typesupport_fastrtps_cpp.hpp
-- Installing: /home/bhaswanth_a/Lunar_ROADSTER/lr_ws/install/cg_msgs/include/cg_msgs/cg_msgs/msg/detail/beacon_tag__rosidl_typesupport_fastrtps_cpp.hpp
-- Installing: /home/bhaswanth_a/Lunar_ROADSTER/lr_ws/install/cg_msgs/include/cg_msgs/cg_msgs/msg/detail/site_map__rosidl_typesupport_fastrtps_cpp.hpp
-- Installing: /home/bhaswanth_a/Lunar_ROADSTER/lr_ws/install/cg_msgs/include/cg_msgs/cg_msgs/msg/detail/point2_d__rosidl_typesupport_fastrtps_cpp.hpp
-- Installing: /home/bhaswanth_a/Lunar_ROADSTER/lr_ws/install/cg_msgs/include/cg_msgs/cg_msgs/msg/detail/pose2_d__rosidl_typesupport_fastrtps_cpp.hpp
-- Installing: /home/bhaswanth_a/Lunar_ROADSTER/lr_ws/install/cg_msgs/include/cg_msgs/cg_msgs/msg/detail/dds_fastrtps
-- Installing: /home/bhaswanth_a/Lunar_ROADSTER/lr_ws/install/cg_msgs/include/cg_msgs/cg_msgs/msg/detail/slip__rosidl_typesupport_fastrtps_cpp.hpp
-- Installing: /home/bhaswanth_a/Lunar_ROADSTER/lr_ws/install/cg_msgs/include/cg_msgs/cg_msgs/msg/detail/encoder_telemetry__rosidl_typesupport_fastrtps_cpp.hpp
-- Installing: /home/bhaswanth_a/Lunar_ROADSTER/lr_ws/install/cg_msgs/include/cg_msgs/cg_msgs/msg/detail/mux_mode__rosidl_typesupport_fastrtps_cpp.hpp
-- Up-to-date: /home/bhaswanth_a/Lunar_ROADSTER/lr_ws/install/cg_msgs/include/cg_msgs/cg_msgs/srv
-- Up-to-date: /home/bhaswanth_a/Lunar_ROADSTER/lr_ws/install/cg_msgs/include/cg_msgs/cg_msgs/srv/detail
-- Installing: /home/bhaswanth_a/Lunar_ROADSTER/lr_ws/install/cg_msgs/include/cg_msgs/cg_msgs/srv/detail/update_trajectory__rosidl_typesupport_fastrtps_cpp.hpp
-- Installing: /home/bhaswanth_a/Lunar_ROADSTER/lr_ws/install/cg_msgs/include/cg_msgs/cg_msgs/srv/detail/enable_worksystem__rosidl_typesupport_fastrtps_cpp.hpp
-- Installing: /home/bhaswanth_a/Lunar_ROADSTER/lr_ws/install/cg_msgs/include/cg_msgs/cg_msgs/srv/detail/save_map__rosidl_typesupport_fastrtps_cpp.hpp
-- Installing: /home/bhaswanth_a/Lunar_ROADSTER/lr_ws/install/cg_msgs/include/cg_msgs/cg_msgs/srv/detail/site_map__rosidl_typesupport_fastrtps_cpp.hpp
-- Installing: /home/bhaswanth_a/Lunar_ROADSTER/lr_ws/install/cg_msgs/include/cg_msgs/cg_msgs/srv/detail/dds_fastrtps
-- Installing: /home/bhaswanth_a/Lunar_ROADSTER/lr_ws/install/cg_msgs/lib/libcg_msgs__rosidl_typesupport_fastrtps_cpp.so
-- Set runtime path of "/home/bhaswanth_a/Lunar_ROADSTER/lr_ws/install/cg_msgs/lib/libcg_msgs__rosidl_typesupport_fastrtps_cpp.so" to ""
-- Up-to-date: /home/bhaswanth_a/Lunar_ROADSTER/lr_ws/install/cg_msgs/include/cg_msgs/cg_msgs
-- Up-to-date: /home/bhaswanth_a/Lunar_ROADSTER/lr_ws/install/cg_msgs/include/cg_msgs/cg_msgs/msg
-- Up-to-date: /home/bhaswanth_a/Lunar_ROADSTER/lr_ws/install/cg_msgs/include/cg_msgs/cg_msgs/msg/detail
-- Installing: /home/bhaswanth_a/Lunar_ROADSTER/lr_ws/install/cg_msgs/include/cg_msgs/cg_msgs/msg/detail/point2_d__type_support.c
-- Installing: /home/bhaswanth_a/Lunar_ROADSTER/lr_ws/install/cg_msgs/include/cg_msgs/cg_msgs/msg/detail/encoder_telemetry__type_support.c
-- Installing: /home/bhaswanth_a/Lunar_ROADSTER/lr_ws/install/cg_msgs/include/cg_msgs/cg_msgs/msg/detail/beacon_tag__type_support.c
-- Installing: /home/bhaswanth_a/Lunar_ROADSTER/lr_ws/install/cg_msgs/include/cg_msgs/cg_msgs/msg/detail/actuator_command__rosidl_typesupport_introspection_c.h
-- Installing: /home/bhaswanth_a/Lunar_ROADSTER/lr_ws/install/cg_msgs/include/cg_msgs/cg_msgs/msg/detail/site_map__type_support.c
-- Installing: /home/bhaswanth_a/Lunar_ROADSTER/lr_ws/install/cg_msgs/include/cg_msgs/cg_msgs/msg/detail/trajectory__type_support.c
-- Installing: /home/bhaswanth_a/Lunar_ROADSTER/lr_ws/install/cg_msgs/include/cg_msgs/cg_msgs/msg/detail/site_map__rosidl_typesupport_introspection_c.h
-- Installing: /home/bhaswanth_a/Lunar_ROADSTER/lr_ws/install/cg_msgs/include/cg_msgs/cg_msgs/msg/detail/pose2_d__type_support.c
-- Installing: /home/bhaswanth_a/Lunar_ROADSTER/lr_ws/install/cg_msgs/include/cg_msgs/cg_msgs/msg/detail/trajectory__rosidl_typesupport_introspection_c.h
-- Installing: /home/bhaswanth_a/Lunar_ROADSTER/lr_ws/install/cg_msgs/include/cg_msgs/cg_msgs/msg/detail/slip__rosidl_typesupport_introspection_c.h
-- Installing: /home/bhaswanth_a/Lunar_ROADSTER/lr_ws/install/cg_msgs/include/cg_msgs/cg_msgs/msg/detail/actuator_command__type_support.c
-- Installing: /home/bhaswanth_a/Lunar_ROADSTER/lr_ws/install/cg_msgs/include/cg_msgs/cg_msgs/msg/detail/mux_mode__type_support.c
-- Installing: /home/bhaswanth_a/Lunar_ROADSTER/lr_ws/install/cg_msgs/include/cg_msgs/cg_msgs/msg/detail/beacon_multi_tag__rosidl_typesupport_introspection_c.h
-- Installing: /home/bhaswanth_a/Lunar_ROADSTER/lr_ws/install/cg_msgs/include/cg_msgs/cg_msgs/msg/detail/slip__type_support.c
-- Installing: /home/bhaswanth_a/Lunar_ROADSTER/lr_ws/install/cg_msgs/include/cg_msgs/cg_msgs/msg/detail/actuator_state__type_support.c
-- Installing: /home/bhaswanth_a/Lunar_ROADSTER/lr_ws/install/cg_msgs/include/cg_msgs/cg_msgs/msg/detail/point2_d__rosidl_typesupport_introspection_c.h
-- Installing: /home/bhaswanth_a/Lunar_ROADSTER/lr_ws/install/cg_msgs/include/cg_msgs/cg_msgs/msg/detail/actuator_state__rosidl_typesupport_introspection_c.h
-- Installing: /home/bhaswanth_a/Lunar_ROADSTER/lr_ws/install/cg_msgs/include/cg_msgs/cg_msgs/msg/detail/mux_mode__rosidl_typesupport_introspection_c.h
-- Installing: /home/bhaswanth_a/Lunar_ROADSTER/lr_ws/install/cg_msgs/include/cg_msgs/cg_msgs/msg/detail/beacon_tag__rosidl_typesupport_introspection_c.h
-- Installing: /home/bhaswanth_a/Lunar_ROADSTER/lr_ws/install/cg_msgs/include/cg_msgs/cg_msgs/msg/detail/pose2_d__rosidl_typesupport_introspection_c.h
-- Installing: /home/bhaswanth_a/Lunar_ROADSTER/lr_ws/install/cg_msgs/include/cg_msgs/cg_msgs/msg/detail/encoder_telemetry__rosidl_typesupport_introspection_c.h
-- Installing: /home/bhaswanth_a/Lunar_ROADSTER/lr_ws/install/cg_msgs/include/cg_msgs/cg_msgs/msg/detail/beacon_multi_tag__type_support.c
-- Installing: /home/bhaswanth_a/Lunar_ROADSTER/lr_ws/install/cg_msgs/include/cg_msgs/cg_msgs/msg/rosidl_typesupport_introspection_c__visibility_control.h
-- Up-to-date: /home/bhaswanth_a/Lunar_ROADSTER/lr_ws/install/cg_msgs/include/cg_msgs/cg_msgs/srv
-- Up-to-date: /home/bhaswanth_a/Lunar_ROADSTER/lr_ws/install/cg_msgs/include/cg_msgs/cg_msgs/srv/detail
-- Installing: /home/bhaswanth_a/Lunar_ROADSTER/lr_ws/install/cg_msgs/include/cg_msgs/cg_msgs/srv/detail/save_map__type_support.c
-- Installing: /home/bhaswanth_a/Lunar_ROADSTER/lr_ws/install/cg_msgs/include/cg_msgs/cg_msgs/srv/detail/update_trajectory__type_support.c
-- Installing: /home/bhaswanth_a/Lunar_ROADSTER/lr_ws/install/cg_msgs/include/cg_msgs/cg_msgs/srv/detail/enable_worksystem__type_support.c
-- Installing: /home/bhaswanth_a/Lunar_ROADSTER/lr_ws/install/cg_msgs/include/cg_msgs/cg_msgs/srv/detail/site_map__type_support.c
-- Installing: /home/bhaswanth_a/Lunar_ROADSTER/lr_ws/install/cg_msgs/include/cg_msgs/cg_msgs/srv/detail/site_map__rosidl_typesupport_introspection_c.h
-- Installing: /home/bhaswanth_a/Lunar_ROADSTER/lr_ws/install/cg_msgs/include/cg_msgs/cg_msgs/srv/detail/update_trajectory__rosidl_typesupport_introspection_c.h
-- Installing: /home/bhaswanth_a/Lunar_ROADSTER/lr_ws/install/cg_msgs/include/cg_msgs/cg_msgs/srv/detail/save_map__rosidl_typesupport_introspection_c.h
-- Installing: /home/bhaswanth_a/Lunar_ROADSTER/lr_ws/install/cg_msgs/include/cg_msgs/cg_msgs/srv/detail/enable_worksystem__rosidl_typesupport_introspection_c.h
-- Installing: /home/bhaswanth_a/Lunar_ROADSTER/lr_ws/install/cg_msgs/lib/libcg_msgs__rosidl_typesupport_introspection_c.so
-- Set runtime path of "/home/bhaswanth_a/Lunar_ROADSTER/lr_ws/install/cg_msgs/lib/libcg_msgs__rosidl_typesupport_introspection_c.so" to ""
-- Installing: /home/bhaswanth_a/Lunar_ROADSTER/lr_ws/install/cg_msgs/lib/libcg_msgs__rosidl_typesupport_c.so
-- Set runtime path of "/home/bhaswanth_a/Lunar_ROADSTER/lr_ws/install/cg_msgs/lib/libcg_msgs__rosidl_typesupport_c.so" to ""
-- Up-to-date: /home/bhaswanth_a/Lunar_ROADSTER/lr_ws/install/cg_msgs/include/cg_msgs/cg_msgs
-- Up-to-date: /home/bhaswanth_a/Lunar_ROADSTER/lr_ws/install/cg_msgs/include/cg_msgs/cg_msgs/msg
-- Up-to-date: /home/bhaswanth_a/Lunar_ROADSTER/lr_ws/install/cg_msgs/include/cg_msgs/cg_msgs/msg/detail
-- Installing: /home/bhaswanth_a/Lunar_ROADSTER/lr_ws/install/cg_msgs/include/cg_msgs/cg_msgs/msg/detail/beacon_tag__type_support.cpp
-- Installing: /home/bhaswanth_a/Lunar_ROADSTER/lr_ws/install/cg_msgs/include/cg_msgs/cg_msgs/msg/detail/mux_mode__type_support.cpp
-- Installing: /home/bhaswanth_a/Lunar_ROADSTER/lr_ws/install/cg_msgs/include/cg_msgs/cg_msgs/msg/detail/site_map__type_support.cpp
-- Installing: /home/bhaswanth_a/Lunar_ROADSTER/lr_ws/install/cg_msgs/include/cg_msgs/cg_msgs/msg/detail/slip__rosidl_typesupport_introspection_cpp.hpp
-- Installing: /home/bhaswanth_a/Lunar_ROADSTER/lr_ws/install/cg_msgs/include/cg_msgs/cg_msgs/msg/detail/encoder_telemetry__rosidl_typesupport_introspection_cpp.hpp
-- Installing: /home/bhaswanth_a/Lunar_ROADSTER/lr_ws/install/cg_msgs/include/cg_msgs/cg_msgs/msg/detail/pose2_d__rosidl_typesupport_introspection_cpp.hpp
-- Installing: /home/bhaswanth_a/Lunar_ROADSTER/lr_ws/install/cg_msgs/include/cg_msgs/cg_msgs/msg/detail/mux_mode__rosidl_typesupport_introspection_cpp.hpp
-- Installing: /home/bhaswanth_a/Lunar_ROADSTER/lr_ws/install/cg_msgs/include/cg_msgs/cg_msgs/msg/detail/actuator_command__rosidl_typesupport_introspection_cpp.hpp
-- Installing: /home/bhaswanth_a/Lunar_ROADSTER/lr_ws/install/cg_msgs/include/cg_msgs/cg_msgs/msg/detail/beacon_multi_tag__type_support.cpp
-- Installing: /home/bhaswanth_a/Lunar_ROADSTER/lr_ws/install/cg_msgs/include/cg_msgs/cg_msgs/msg/detail/point2_d__type_support.cpp
-- Installing: /home/bhaswanth_a/Lunar_ROADSTER/lr_ws/install/cg_msgs/include/cg_msgs/cg_msgs/msg/detail/site_map__rosidl_typesupport_introspection_cpp.hpp
-- Installing: /home/bhaswanth_a/Lunar_ROADSTER/lr_ws/install/cg_msgs/include/cg_msgs/cg_msgs/msg/detail/actuator_state__type_support.cpp
-- Installing: /home/bhaswanth_a/Lunar_ROADSTER/lr_ws/install/cg_msgs/include/cg_msgs/cg_msgs/msg/detail/encoder_telemetry__type_support.cpp
-- Installing: /home/bhaswanth_a/Lunar_ROADSTER/lr_ws/install/cg_msgs/include/cg_msgs/cg_msgs/msg/detail/trajectory__type_support.cpp
-- Installing: /home/bhaswanth_a/Lunar_ROADSTER/lr_ws/install/cg_msgs/include/cg_msgs/cg_msgs/msg/detail/trajectory__rosidl_typesupport_introspection_cpp.hpp
-- Installing: /home/bhaswanth_a/Lunar_ROADSTER/lr_ws/install/cg_msgs/include/cg_msgs/cg_msgs/msg/detail/actuator_command__type_support.cpp
-- Installing: /home/bhaswanth_a/Lunar_ROADSTER/lr_ws/install/cg_msgs/include/cg_msgs/cg_msgs/msg/detail/beacon_tag__rosidl_typesupport_introspection_cpp.hpp
-- Installing: /home/bhaswanth_a/Lunar_ROADSTER/lr_ws/install/cg_msgs/include/cg_msgs/cg_msgs/msg/detail/point2_d__rosidl_typesupport_introspection_cpp.hpp
-- Installing: /home/bhaswanth_a/Lunar_ROADSTER/lr_ws/install/cg_msgs/include/cg_msgs/cg_msgs/msg/detail/pose2_d__type_support.cpp
-- Installing: /home/bhaswanth_a/Lunar_ROADSTER/lr_ws/install/cg_msgs/include/cg_msgs/cg_msgs/msg/detail/slip__type_support.cpp
-- Installing: /home/bhaswanth_a/Lunar_ROADSTER/lr_ws/install/cg_msgs/include/cg_msgs/cg_msgs/msg/detail/beacon_multi_tag__rosidl_typesupport_introspection_cpp.hpp
-- Installing: /home/bhaswanth_a/Lunar_ROADSTER/lr_ws/install/cg_msgs/include/cg_msgs/cg_msgs/msg/detail/actuator_state__rosidl_typesupport_introspection_cpp.hpp
-- Up-to-date: /home/bhaswanth_a/Lunar_ROADSTER/lr_ws/install/cg_msgs/include/cg_msgs/cg_msgs/srv
-- Up-to-date: /home/bhaswanth_a/Lunar_ROADSTER/lr_ws/install/cg_msgs/include/cg_msgs/cg_msgs/srv/detail
-- Installing: /home/bhaswanth_a/Lunar_ROADSTER/lr_ws/install/cg_msgs/include/cg_msgs/cg_msgs/srv/detail/site_map__type_support.cpp
-- Installing: /home/bhaswanth_a/Lunar_ROADSTER/lr_ws/install/cg_msgs/include/cg_msgs/cg_msgs/srv/detail/save_map__rosidl_typesupport_introspection_cpp.hpp
-- Installing: /home/bhaswanth_a/Lunar_ROADSTER/lr_ws/install/cg_msgs/include/cg_msgs/cg_msgs/srv/detail/site_map__rosidl_typesupport_introspection_cpp.hpp
-- Installing: /home/bhaswanth_a/Lunar_ROADSTER/lr_ws/install/cg_msgs/include/cg_msgs/cg_msgs/srv/detail/enable_worksystem__type_support.cpp
-- Installing: /home/bhaswanth_a/Lunar_ROADSTER/lr_ws/install/cg_msgs/include/cg_msgs/cg_msgs/srv/detail/save_map__type_support.cpp
-- Installing: /home/bhaswanth_a/Lunar_ROADSTER/lr_ws/install/cg_msgs/include/cg_msgs/cg_msgs/srv/detail/enable_worksystem__rosidl_typesupport_introspection_cpp.hpp
-- Installing: /home/bhaswanth_a/Lunar_ROADSTER/lr_ws/install/cg_msgs/include/cg_msgs/cg_msgs/srv/detail/update_trajectory__rosidl_typesupport_introspection_cpp.hpp
-- Installing: /home/bhaswanth_a/Lunar_ROADSTER/lr_ws/install/cg_msgs/include/cg_msgs/cg_msgs/srv/detail/update_trajectory__type_support.cpp
-- Installing: /home/bhaswanth_a/Lunar_ROADSTER/lr_ws/install/cg_msgs/lib/libcg_msgs__rosidl_typesupport_introspection_cpp.so
-- Set runtime path of "/home/bhaswanth_a/Lunar_ROADSTER/lr_ws/install/cg_msgs/lib/libcg_msgs__rosidl_typesupport_introspection_cpp.so" to ""
-- Installing: /home/bhaswanth_a/Lunar_ROADSTER/lr_ws/install/cg_msgs/lib/libcg_msgs__rosidl_typesupport_cpp.so
-- Set runtime path of "/home/bhaswanth_a/Lunar_ROADSTER/lr_ws/install/cg_msgs/lib/libcg_msgs__rosidl_typesupport_cpp.so" to ""
-- Installing: /home/bhaswanth_a/Lunar_ROADSTER/lr_ws/install/cg_msgs/share/cg_msgs/environment/pythonpath.sh
-- Installing: /home/bhaswanth_a/Lunar_ROADSTER/lr_ws/install/cg_msgs/share/cg_msgs/environment/pythonpath.dsv
-- Installing: /home/bhaswanth_a/Lunar_ROADSTER/lr_ws/install/cg_msgs/lib/python3.12/site-packages/cg_msgs-0.0.0-py3.12.egg-info
-- Installing: /home/bhaswanth_a/Lunar_ROADSTER/lr_ws/install/cg_msgs/lib/python3.12/site-packages/cg_msgs-0.0.0-py3.12.egg-info/top_level.txt
-- Installing: /home/bhaswanth_a/Lunar_ROADSTER/lr_ws/install/cg_msgs/lib/python3.12/site-packages/cg_msgs-0.0.0-py3.12.egg-info/PKG-INFO
-- Installing: /home/bhaswanth_a/Lunar_ROADSTER/lr_ws/install/cg_msgs/lib/python3.12/site-packages/cg_msgs-0.0.0-py3.12.egg-info/dependency_links.txt
-- Installing: /home/bhaswanth_a/Lunar_ROADSTER/lr_ws/install/cg_msgs/lib/python3.12/site-packages/cg_msgs-0.0.0-py3.12.egg-info/SOURCES.txt
-- Installing: /home/bhaswanth_a/Lunar_ROADSTER/lr_ws/install/cg_msgs/lib/python3.12/site-packages/cg_msgs
-- Installing: /home/bhaswanth_a/Lunar_ROADSTER/lr_ws/install/cg_msgs/lib/python3.12/site-packages/cg_msgs/_cg_msgs_s.ep.rosidl_typesupport_introspection_c.c
-- Installing: /home/bhaswanth_a/Lunar_ROADSTER/lr_ws/install/cg_msgs/lib/python3.12/site-packages/cg_msgs/cg_msgs_s__rosidl_typesupport_introspection_c.cpython-312-x86_64-linux-gnu.so
-- Installing: /home/bhaswanth_a/Lunar_ROADSTER/lr_ws/install/cg_msgs/lib/python3.12/site-packages/cg_msgs/msg
-- Installing: /home/bhaswanth_a/Lunar_ROADSTER/lr_ws/install/cg_msgs/lib/python3.12/site-packages/cg_msgs/msg/_actuator_state_s.c
-- Installing: /home/bhaswanth_a/Lunar_ROADSTER/lr_ws/install/cg_msgs/lib/python3.12/site-packages/cg_msgs/msg/_actuator_command.py
-- Installing: /home/bhaswanth_a/Lunar_ROADSTER/lr_ws/install/cg_msgs/lib/python3.12/site-packages/cg_msgs/msg/_beacon_tag_s.c
-- Installing: /home/bhaswanth_a/Lunar_ROADSTER/lr_ws/install/cg_msgs/lib/python3.12/site-packages/cg_msgs/msg/_slip_s.c
-- Installing: /home/bhaswanth_a/Lunar_ROADSTER/lr_ws/install/cg_msgs/lib/python3.12/site-packages/cg_msgs/msg/_site_map.py
-- Installing: /home/bhaswanth_a/Lunar_ROADSTER/lr_ws/install/cg_msgs/lib/python3.12/site-packages/cg_msgs/msg/_slip.py
-- Installing: /home/bhaswanth_a/Lunar_ROADSTER/lr_ws/install/cg_msgs/lib/python3.12/site-packages/cg_msgs/msg/_point2_d.py
-- Installing: /home/bhaswanth_a/Lunar_ROADSTER/lr_ws/install/cg_msgs/lib/python3.12/site-packages/cg_msgs/msg/_pose2_d_s.c
-- Installing: /home/bhaswanth_a/Lunar_ROADSTER/lr_ws/install/cg_msgs/lib/python3.12/site-packages/cg_msgs/msg/_site_map_s.c
-- Installing: /home/bhaswanth_a/Lunar_ROADSTER/lr_ws/install/cg_msgs/lib/python3.12/site-packages/cg_msgs/msg/_mux_mode.py
-- Installing: /home/bhaswanth_a/Lunar_ROADSTER/lr_ws/install/cg_msgs/lib/python3.12/site-packages/cg_msgs/msg/_actuator_command_s.c
-- Installing: /home/bhaswanth_a/Lunar_ROADSTER/lr_ws/install/cg_msgs/lib/python3.12/site-packages/cg_msgs/msg/_encoder_telemetry_s.c
-- Installing: /home/bhaswanth_a/Lunar_ROADSTER/lr_ws/install/cg_msgs/lib/python3.12/site-packages/cg_msgs/msg/_beacon_multi_tag.py
-- Installing: /home/bhaswanth_a/Lunar_ROADSTER/lr_ws/install/cg_msgs/lib/python3.12/site-packages/cg_msgs/msg/_pose2_d.py
-- Installing: /home/bhaswanth_a/Lunar_ROADSTER/lr_ws/install/cg_msgs/lib/python3.12/site-packages/cg_msgs/msg/_point2_d_s.c
-- Installing: /home/bhaswanth_a/Lunar_ROADSTER/lr_ws/install/cg_msgs/lib/python3.12/site-packages/cg_msgs/msg/_encoder_telemetry.py
-- Installing: /home/bhaswanth_a/Lunar_ROADSTER/lr_ws/install/cg_msgs/lib/python3.12/site-packages/cg_msgs/msg/_mux_mode_s.c
-- Installing: /home/bhaswanth_a/Lunar_ROADSTER/lr_ws/install/cg_msgs/lib/python3.12/site-packages/cg_msgs/msg/_trajectory.py
-- Installing: /home/bhaswanth_a/Lunar_ROADSTER/lr_ws/install/cg_msgs/lib/python3.12/site-packages/cg_msgs/msg/_actuator_state.py
-- Installing: /home/bhaswanth_a/Lunar_ROADSTER/lr_ws/install/cg_msgs/lib/python3.12/site-packages/cg_msgs/msg/_beacon_multi_tag_s.c
-- Installing: /home/bhaswanth_a/Lunar_ROADSTER/lr_ws/install/cg_msgs/lib/python3.12/site-packages/cg_msgs/msg/_beacon_tag.py
-- Installing: /home/bhaswanth_a/Lunar_ROADSTER/lr_ws/install/cg_msgs/lib/python3.12/site-packages/cg_msgs/msg/_trajectory_s.c
-- Installing: /home/bhaswanth_a/Lunar_ROADSTER/lr_ws/install/cg_msgs/lib/python3.12/site-packages/cg_msgs/msg/__init__.py
-- Installing: /home/bhaswanth_a/Lunar_ROADSTER/lr_ws/install/cg_msgs/lib/python3.12/site-packages/cg_msgs/srv
-- Installing: /home/bhaswanth_a/Lunar_ROADSTER/lr_ws/install/cg_msgs/lib/python3.12/site-packages/cg_msgs/srv/_enable_worksystem.py
-- Installing: /home/bhaswanth_a/Lunar_ROADSTER/lr_ws/install/cg_msgs/lib/python3.12/site-packages/cg_msgs/srv/_save_map.py
-- Installing: /home/bhaswanth_a/Lunar_ROADSTER/lr_ws/install/cg_msgs/lib/python3.12/site-packages/cg_msgs/srv/_site_map.py
-- Installing: /home/bhaswanth_a/Lunar_ROADSTER/lr_ws/install/cg_msgs/lib/python3.12/site-packages/cg_msgs/srv/_site_map_s.c
-- Installing: /home/bhaswanth_a/Lunar_ROADSTER/lr_ws/install/cg_msgs/lib/python3.12/site-packages/cg_msgs/srv/_enable_worksystem_s.c
-- Installing: /home/bhaswanth_a/Lunar_ROADSTER/lr_ws/install/cg_msgs/lib/python3.12/site-packages/cg_msgs/srv/_update_trajectory.py
-- Installing: /home/bhaswanth_a/Lunar_ROADSTER/lr_ws/install/cg_msgs/lib/python3.12/site-packages/cg_msgs/srv/_save_map_s.c
-- Installing: /home/bhaswanth_a/Lunar_ROADSTER/lr_ws/install/cg_msgs/lib/python3.12/site-packages/cg_msgs/srv/_update_trajectory_s.c
-- Installing: /home/bhaswanth_a/Lunar_ROADSTER/lr_ws/install/cg_msgs/lib/python3.12/site-packages/cg_msgs/srv/__init__.py
-- Installing: /home/bhaswanth_a/Lunar_ROADSTER/lr_ws/install/cg_msgs/lib/python3.12/site-packages/cg_msgs/cg_msgs_s__rosidl_typesupport_c.cpython-312-x86_64-linux-gnu.so
-- Installing: /home/bhaswanth_a/Lunar_ROADSTER/lr_ws/install/cg_msgs/lib/python3.12/site-packages/cg_msgs/libcg_msgs__rosidl_generator_py.so
-- Installing: /home/bhaswanth_a/Lunar_ROADSTER/lr_ws/install/cg_msgs/lib/python3.12/site-packages/cg_msgs/_cg_msgs_s.ep.rosidl_typesupport_c.c
-- Installing: /home/bhaswanth_a/Lunar_ROADSTER/lr_ws/install/cg_msgs/lib/python3.12/site-packages/cg_msgs/cg_msgs_s__rosidl_typesupport_fastrtps_c.cpython-312-x86_64-linux-gnu.so
-- Installing: /home/bhaswanth_a/Lunar_ROADSTER/lr_ws/install/cg_msgs/lib/python3.12/site-packages/cg_msgs/__init__.py
-- Installing: /home/bhaswanth_a/Lunar_ROADSTER/lr_ws/install/cg_msgs/lib/python3.12/site-packages/cg_msgs/_cg_msgs_s.ep.rosidl_typesupport_fastrtps_c.c
Listing '/home/bhaswanth_a/Lunar_ROADSTER/lr_ws/install/cg_msgs/lib/python3.12/site-packages/cg_msgs'...
Compiling '/home/bhaswanth_a/Lunar_ROADSTER/lr_ws/install/cg_msgs/lib/python3.12/site-packages/cg_msgs/__init__.py'...
Listing '/home/bhaswanth_a/Lunar_ROADSTER/lr_ws/install/cg_msgs/lib/python3.12/site-packages/cg_msgs/msg'...
Compiling '/home/bhaswanth_a/Lunar_ROADSTER/lr_ws/install/cg_msgs/lib/python3.12/site-packages/cg_msgs/msg/__init__.py'...
Compiling '/home/bhaswanth_a/Lunar_ROADSTER/lr_ws/install/cg_msgs/lib/python3.12/site-packages/cg_msgs/msg/_actuator_command.py'...
Compiling '/home/bhaswanth_a/Lunar_ROADSTER/lr_ws/install/cg_msgs/lib/python3.12/site-packages/cg_msgs/msg/_actuator_state.py'...
Compiling '/home/bhaswanth_a/Lunar_ROADSTER/lr_ws/install/cg_msgs/lib/python3.12/site-packages/cg_msgs/msg/_beacon_multi_tag.py'...
Compiling '/home/bhaswanth_a/Lunar_ROADSTER/lr_ws/install/cg_msgs/lib/python3.12/site-packages/cg_msgs/msg/_beacon_tag.py'...
Compiling '/home/bhaswanth_a/Lunar_ROADSTER/lr_ws/install/cg_msgs/lib/python3.12/site-packages/cg_msgs/msg/_encoder_telemetry.py'...
Compiling '/home/bhaswanth_a/Lunar_ROADSTER/lr_ws/install/cg_msgs/lib/python3.12/site-packages/cg_msgs/msg/_mux_mode.py'...
Compiling '/home/bhaswanth_a/Lunar_ROADSTER/lr_ws/install/cg_msgs/lib/python3.12/site-packages/cg_msgs/msg/_point2_d.py'...
Compiling '/home/bhaswanth_a/Lunar_ROADSTER/lr_ws/install/cg_msgs/lib/python3.12/site-packages/cg_msgs/msg/_pose2_d.py'...
Compiling '/home/bhaswanth_a/Lunar_ROADSTER/lr_ws/install/cg_msgs/lib/python3.12/site-packages/cg_msgs/msg/_site_map.py'...
Compiling '/home/bhaswanth_a/Lunar_ROADSTER/lr_ws/install/cg_msgs/lib/python3.12/site-packages/cg_msgs/msg/_slip.py'...
Compiling '/home/bhaswanth_a/Lunar_ROADSTER/lr_ws/install/cg_msgs/lib/python3.12/site-packages/cg_msgs/msg/_trajectory.py'...
Listing '/home/bhaswanth_a/Lunar_ROADSTER/lr_ws/install/cg_msgs/lib/python3.12/site-packages/cg_msgs/srv'...
Compiling '/home/bhaswanth_a/Lunar_ROADSTER/lr_ws/install/cg_msgs/lib/python3.12/site-packages/cg_msgs/srv/__init__.py'...
Compiling '/home/bhaswanth_a/Lunar_ROADSTER/lr_ws/install/cg_msgs/lib/python3.12/site-packages/cg_msgs/srv/_enable_worksystem.py'...
Compiling '/home/bhaswanth_a/Lunar_ROADSTER/lr_ws/install/cg_msgs/lib/python3.12/site-packages/cg_msgs/srv/_save_map.py'...
Compiling '/home/bhaswanth_a/Lunar_ROADSTER/lr_ws/install/cg_msgs/lib/python3.12/site-packages/cg_msgs/srv/_site_map.py'...
Compiling '/home/bhaswanth_a/Lunar_ROADSTER/lr_ws/install/cg_msgs/lib/python3.12/site-packages/cg_msgs/srv/_update_trajectory.py'...
-- Installing: /home/bhaswanth_a/Lunar_ROADSTER/lr_ws/install/cg_msgs/lib/python3.12/site-packages/cg_msgs/cg_msgs_s__rosidl_typesupport_fastrtps_c.cpython-312-x86_64-linux-gnu.so
-- Set runtime path of "/home/bhaswanth_a/Lunar_ROADSTER/lr_ws/install/cg_msgs/lib/python3.12/site-packages/cg_msgs/cg_msgs_s__rosidl_typesupport_fastrtps_c.cpython-312-x86_64-linux-gnu.so" to ""
-- Installing: /home/bhaswanth_a/Lunar_ROADSTER/lr_ws/install/cg_msgs/lib/python3.12/site-packages/cg_msgs/cg_msgs_s__rosidl_typesupport_introspection_c.cpython-312-x86_64-linux-gnu.so
-- Set runtime path of "/home/bhaswanth_a/Lunar_ROADSTER/lr_ws/install/cg_msgs/lib/python3.12/site-packages/cg_msgs/cg_msgs_s__rosidl_typesupport_introspection_c.cpython-312-x86_64-linux-gnu.so" to ""
-- Installing: /home/bhaswanth_a/Lunar_ROADSTER/lr_ws/install/cg_msgs/lib/python3.12/site-packages/cg_msgs/cg_msgs_s__rosidl_typesupport_c.cpython-312-x86_64-linux-gnu.so
-- Set runtime path of "/home/bhaswanth_a/Lunar_ROADSTER/lr_ws/install/cg_msgs/lib/python3.12/site-packages/cg_msgs/cg_msgs_s__rosidl_typesupport_c.cpython-312-x86_64-linux-gnu.so" to ""
-- Installing: /home/bhaswanth_a/Lunar_ROADSTER/lr_ws/install/cg_msgs/lib/libcg_msgs__rosidl_generator_py.so
-- Set runtime path of "/home/bhaswanth_a/Lunar_ROADSTER/lr_ws/install/cg_msgs/lib/libcg_msgs__rosidl_generator_py.so" to ""
-- Installing: /home/bhaswanth_a/Lunar_ROADSTER/lr_ws/install/cg_msgs/share/cg_msgs/msg/ActuatorCommand.idl
-- Installing: /home/bhaswanth_a/Lunar_ROADSTER/lr_ws/install/cg_msgs/share/cg_msgs/msg/BeaconTag.idl
-- Installing: /home/bhaswanth_a/Lunar_ROADSTER/lr_ws/install/cg_msgs/share/cg_msgs/msg/BeaconMultiTag.idl
-- Installing: /home/bhaswanth_a/Lunar_ROADSTER/lr_ws/install/cg_msgs/share/cg_msgs/msg/EncoderTelemetry.idl
-- Installing: /home/bhaswanth_a/Lunar_ROADSTER/lr_ws/install/cg_msgs/share/cg_msgs/msg/Point2D.idl
-- Installing: /home/bhaswanth_a/Lunar_ROADSTER/lr_ws/install/cg_msgs/share/cg_msgs/msg/Pose2D.idl
-- Installing: /home/bhaswanth_a/Lunar_ROADSTER/lr_ws/install/cg_msgs/share/cg_msgs/msg/Slip.idl
-- Installing: /home/bhaswanth_a/Lunar_ROADSTER/lr_ws/install/cg_msgs/share/cg_msgs/msg/MuxMode.idl
-- Installing: /home/bhaswanth_a/Lunar_ROADSTER/lr_ws/install/cg_msgs/share/cg_msgs/msg/ActuatorState.idl
-- Installing: /home/bhaswanth_a/Lunar_ROADSTER/lr_ws/install/cg_msgs/share/cg_msgs/msg/SiteMap.idl
-- Installing: /home/bhaswanth_a/Lunar_ROADSTER/lr_ws/install/cg_msgs/share/cg_msgs/msg/Trajectory.idl
-- Installing: /home/bhaswanth_a/Lunar_ROADSTER/lr_ws/install/cg_msgs/share/cg_msgs/srv/SiteMap.idl
-- Installing: /home/bhaswanth_a/Lunar_ROADSTER/lr_ws/install/cg_msgs/share/cg_msgs/srv/UpdateTrajectory.idl
-- Installing: /home/bhaswanth_a/Lunar_ROADSTER/lr_ws/install/cg_msgs/share/cg_msgs/srv/EnableWorksystem.idl
-- Installing: /home/bhaswanth_a/Lunar_ROADSTER/lr_ws/install/cg_msgs/share/cg_msgs/srv/SaveMap.idl
-- Installing: /home/bhaswanth_a/Lunar_ROADSTER/lr_ws/install/cg_msgs/share/cg_msgs/srv/SiteMap.srv
-- Installing: /home/bhaswanth_a/Lunar_ROADSTER/lr_ws/install/cg_msgs/share/cg_msgs/srv/SiteMap_Request.msg
-- Installing: /home/bhaswanth_a/Lunar_ROADSTER/lr_ws/install/cg_msgs/share/cg_msgs/srv/SiteMap_Response.msg
-- Installing: /home/bhaswanth_a/Lunar_ROADSTER/lr_ws/install/cg_msgs/share/cg_msgs/srv/UpdateTrajectory.srv
-- Installing: /home/bhaswanth_a/Lunar_ROADSTER/lr_ws/install/cg_msgs/share/cg_msgs/srv/UpdateTrajectory_Request.msg
-- Installing: /home/bhaswanth_a/Lunar_ROADSTER/lr_ws/install/cg_msgs/share/cg_msgs/srv/UpdateTrajectory_Response.msg
-- Installing: /home/bhaswanth_a/Lunar_ROADSTER/lr_ws/install/cg_msgs/share/cg_msgs/srv/EnableWorksystem.srv
-- Installing: /home/bhaswanth_a/Lunar_ROADSTER/lr_ws/install/cg_msgs/share/cg_msgs/srv/EnableWorksystem_Request.msg
-- Installing: /home/bhaswanth_a/Lunar_ROADSTER/lr_ws/install/cg_msgs/share/cg_msgs/srv/EnableWorksystem_Response.msg
-- Installing: /home/bhaswanth_a/Lunar_ROADSTER/lr_ws/install/cg_msgs/share/cg_msgs/srv/SaveMap.srv
-- Installing: /home/bhaswanth_a/Lunar_ROADSTER/lr_ws/install/cg_msgs/share/cg_msgs/srv/SaveMap_Request.msg
-- Installing: /home/bhaswanth_a/Lunar_ROADSTER/lr_ws/install/cg_msgs/share/cg_msgs/srv/SaveMap_Response.msg
-- Installing: /home/bhaswanth_a/Lunar_ROADSTER/lr_ws/install/cg_msgs/share/ament_index/resource_index/package_run_dependencies/cg_msgs
-- Installing: /home/bhaswanth_a/Lunar_ROADSTER/lr_ws/install/cg_msgs/share/ament_index/resource_index/parent_prefix_path/cg_msgs
-- Installing: /home/bhaswanth_a/Lunar_ROADSTER/lr_ws/install/cg_msgs/share/cg_msgs/environment/ament_prefix_path.sh
-- Installing: /home/bhaswanth_a/Lunar_ROADSTER/lr_ws/install/cg_msgs/share/cg_msgs/environment/ament_prefix_path.dsv
-- Installing: /home/bhaswanth_a/Lunar_ROADSTER/lr_ws/install/cg_msgs/share/cg_msgs/environment/path.sh
-- Installing: /home/bhaswanth_a/Lunar_ROADSTER/lr_ws/install/cg_msgs/share/cg_msgs/environment/path.dsv
-- Installing: /home/bhaswanth_a/Lunar_ROADSTER/lr_ws/install/cg_msgs/share/cg_msgs/local_setup.bash
-- Installing: /home/bhaswanth_a/Lunar_ROADSTER/lr_ws/install/cg_msgs/share/cg_msgs/local_setup.sh
-- Installing: /home/bhaswanth_a/Lunar_ROADSTER/lr_ws/install/cg_msgs/share/cg_msgs/local_setup.zsh
-- Installing: /home/bhaswanth_a/Lunar_ROADSTER/lr_ws/install/cg_msgs/share/cg_msgs/local_setup.dsv
-- Installing: /home/bhaswanth_a/Lunar_ROADSTER/lr_ws/install/cg_msgs/share/cg_msgs/package.dsv
-- Installing: /home/bhaswanth_a/Lunar_ROADSTER/lr_ws/install/cg_msgs/share/ament_index/resource_index/packages/cg_msgs
-- Installing: /home/bhaswanth_a/Lunar_ROADSTER/lr_ws/install/cg_msgs/share/cg_msgs/cmake/export_cg_msgs__rosidl_generator_cExport.cmake
-- Installing: /home/bhaswanth_a/Lunar_ROADSTER/lr_ws/install/cg_msgs/share/cg_msgs/cmake/export_cg_msgs__rosidl_generator_cExport-noconfig.cmake
-- Installing: /home/bhaswanth_a/Lunar_ROADSTER/lr_ws/install/cg_msgs/share/cg_msgs/cmake/export_cg_msgs__rosidl_typesupport_fastrtps_cExport.cmake
-- Installing: /home/bhaswanth_a/Lunar_ROADSTER/lr_ws/install/cg_msgs/share/cg_msgs/cmake/export_cg_msgs__rosidl_typesupport_fastrtps_cExport-noconfig.cmake
-- Installing: /home/bhaswanth_a/Lunar_ROADSTER/lr_ws/install/cg_msgs/share/cg_msgs/cmake/export_cg_msgs__rosidl_generator_cppExport.cmake
-- Installing: /home/bhaswanth_a/Lunar_ROADSTER/lr_ws/install/cg_msgs/share/cg_msgs/cmake/export_cg_msgs__rosidl_typesupport_fastrtps_cppExport.cmake
-- Installing: /home/bhaswanth_a/Lunar_ROADSTER/lr_ws/install/cg_msgs/share/cg_msgs/cmake/export_cg_msgs__rosidl_typesupport_fastrtps_cppExport-noconfig.cmake
-- Installing: /home/bhaswanth_a/Lunar_ROADSTER/lr_ws/install/cg_msgs/share/cg_msgs/cmake/cg_msgs__rosidl_typesupport_introspection_cExport.cmake
-- Installing: /home/bhaswanth_a/Lunar_ROADSTER/lr_ws/install/cg_msgs/share/cg_msgs/cmake/cg_msgs__rosidl_typesupport_introspection_cExport-noconfig.cmake
-- Installing: /home/bhaswanth_a/Lunar_ROADSTER/lr_ws/install/cg_msgs/share/cg_msgs/cmake/cg_msgs__rosidl_typesupport_cExport.cmake
-- Installing: /home/bhaswanth_a/Lunar_ROADSTER/lr_ws/install/cg_msgs/share/cg_msgs/cmake/cg_msgs__rosidl_typesupport_cExport-noconfig.cmake
-- Installing: /home/bhaswanth_a/Lunar_ROADSTER/lr_ws/install/cg_msgs/share/cg_msgs/cmake/cg_msgs__rosidl_typesupport_introspection_cppExport.cmake
-- Installing: /home/bhaswanth_a/Lunar_ROADSTER/lr_ws/install/cg_msgs/share/cg_msgs/cmake/cg_msgs__rosidl_typesupport_introspection_cppExport-noconfig.cmake
-- Installing: /home/bhaswanth_a/Lunar_ROADSTER/lr_ws/install/cg_msgs/share/cg_msgs/cmake/cg_msgs__rosidl_typesupport_cppExport.cmake
-- Installing: /home/bhaswanth_a/Lunar_ROADSTER/lr_ws/install/cg_msgs/share/cg_msgs/cmake/cg_msgs__rosidl_typesupport_cppExport-noconfig.cmake
-- Installing: /home/bhaswanth_a/Lunar_ROADSTER/lr_ws/install/cg_msgs/share/cg_msgs/cmake/export_cg_msgs__rosidl_generator_pyExport.cmake
-- Installing: /home/bhaswanth_a/Lunar_ROADSTER/lr_ws/install/cg_msgs/share/cg_msgs/cmake/export_cg_msgs__rosidl_generator_pyExport-noconfig.cmake
-- Installing: /home/bhaswanth_a/Lunar_ROADSTER/lr_ws/install/cg_msgs/share/cg_msgs/cmake/rosidl_cmake-extras.cmake
-- Installing: /home/bhaswanth_a/Lunar_ROADSTER/lr_ws/install/cg_msgs/share/cg_msgs/cmake/ament_cmake_export_dependencies-extras.cmake
-- Installing: /home/bhaswanth_a/Lunar_ROADSTER/lr_ws/install/cg_msgs/share/cg_msgs/cmake/ament_cmake_export_include_directories-extras.cmake
-- Installing: /home/bhaswanth_a/Lunar_ROADSTER/lr_ws/install/cg_msgs/share/cg_msgs/cmake/ament_cmake_export_libraries-extras.cmake
-- Installing: /home/bhaswanth_a/Lunar_ROADSTER/lr_ws/install/cg_msgs/share/cg_msgs/cmake/ament_cmake_export_targets-extras.cmake
-- Installing: /home/bhaswanth_a/Lunar_ROADSTER/lr_ws/install/cg_msgs/share/cg_msgs/cmake/rosidl_cmake_export_typesupport_targets-extras.cmake
-- Installing: /home/bhaswanth_a/Lunar_ROADSTER/lr_ws/install/cg_msgs/share/cg_msgs/cmake/rosidl_cmake_export_typesupport_libraries-extras.cmake
-- Installing: /home/bhaswanth_a/Lunar_ROADSTER/lr_ws/install/cg_msgs/share/cg_msgs/cmake/cg_msgsConfig.cmake
-- Installing: /home/bhaswanth_a/Lunar_ROADSTER/lr_ws/install/cg_msgs/share/cg_msgs/cmake/cg_msgsConfig-version.cmake
-- Installing: /home/bhaswanth_a/Lunar_ROADSTER/lr_ws/install/cg_msgs/share/cg_msgs/package.xml
