[0.137s] Invoking command in '/root/Lunar_ROADSTER/lr_ws/build/localization': CMAKE_PREFIX_PATH=/root/Lunar_ROADSTER/lr_ws/install/cg_msgs:/root/Lunar_ROADSTER/lr_ws/install/vectornav:/root/Lunar_ROADSTER/lr_ws/install/vectornav_msgs:/root/Lunar_ROADSTER/lr_ws/install/localization:/root/Lunar_ROADSTER/lr_ws/install/imu:/root/Lunar_ROADSTER/lr_ws/install/total_station:/opt/ros/humble LD_LIBRARY_PATH=/root/Lunar_ROADSTER/lr_ws/install/cg_msgs/lib:/root/Lunar_ROADSTER/lr_ws/install/vectornav/lib:/root/Lunar_ROADSTER/lr_ws/install/vectornav_msgs/lib:/opt/ros/humble/opt/rviz_ogre_vendor/lib:/opt/ros/humble/lib/aarch64-linux-gnu:/opt/ros/humble/lib:/usr/local/cuda/lib64 /usr/local/bin/cmake --build /root/Lunar_ROADSTER/lr_ws/build/localization -- -j4 -l4
[0.336s] [ 20%] Built target kalman_filter_linear
[0.383s] [ 50%] Built target ts_prism_transformer
[0.402s] [ 70%] Built target imu_tf_publisher
[0.484s] [100%] Built target slip_estimate_node
[1.225s] Invoked command in '/root/Lunar_ROADSTER/lr_ws/build/localization' returned '0': CMAKE_PREFIX_PATH=/root/Lunar_ROADSTER/lr_ws/install/cg_msgs:/root/Lunar_ROADSTER/lr_ws/install/vectornav:/root/Lunar_ROADSTER/lr_ws/install/vectornav_msgs:/root/Lunar_ROADSTER/lr_ws/install/localization:/root/Lunar_ROADSTER/lr_ws/install/imu:/root/Lunar_ROADSTER/lr_ws/install/total_station:/opt/ros/humble LD_LIBRARY_PATH=/root/Lunar_ROADSTER/lr_ws/install/cg_msgs/lib:/root/Lunar_ROADSTER/lr_ws/install/vectornav/lib:/root/Lunar_ROADSTER/lr_ws/install/vectornav_msgs/lib:/opt/ros/humble/opt/rviz_ogre_vendor/lib:/opt/ros/humble/lib/aarch64-linux-gnu:/opt/ros/humble/lib:/usr/local/cuda/lib64 /usr/local/bin/cmake --build /root/Lunar_ROADSTER/lr_ws/build/localization -- -j4 -l4
[1.231s] Invoking command in '/root/Lunar_ROADSTER/lr_ws/build/localization': CMAKE_PREFIX_PATH=/root/Lunar_ROADSTER/lr_ws/install/cg_msgs:/root/Lunar_ROADSTER/lr_ws/install/vectornav:/root/Lunar_ROADSTER/lr_ws/install/vectornav_msgs:/root/Lunar_ROADSTER/lr_ws/install/localization:/root/Lunar_ROADSTER/lr_ws/install/imu:/root/Lunar_ROADSTER/lr_ws/install/total_station:/opt/ros/humble LD_LIBRARY_PATH=/root/Lunar_ROADSTER/lr_ws/install/cg_msgs/lib:/root/Lunar_ROADSTER/lr_ws/install/vectornav/lib:/root/Lunar_ROADSTER/lr_ws/install/vectornav_msgs/lib:/opt/ros/humble/opt/rviz_ogre_vendor/lib:/opt/ros/humble/lib/aarch64-linux-gnu:/opt/ros/humble/lib:/usr/local/cuda/lib64 /usr/local/bin/cmake --install /root/Lunar_ROADSTER/lr_ws/build/localization
[1.246s] -- Install configuration: ""
[1.248s] -- Up-to-date: /root/Lunar_ROADSTER/lr_ws/install/localization/lib/localization/slip_estimate_node
[1.252s] -- Up-to-date: /root/Lunar_ROADSTER/lr_ws/install/localization/lib/localization/ts_prism_transformer
[1.252s] -- Up-to-date: /root/Lunar_ROADSTER/lr_ws/install/localization/lib/localization/imu_tf_publisher
[1.254s] -- Up-to-date: /root/Lunar_ROADSTER/lr_ws/install/localization/include/localization
[1.256s] -- Up-to-date: /root/Lunar_ROADSTER/lr_ws/install/localization/include/localization/imu_tf_publisher.hpp
[1.257s] -- Up-to-date: /root/Lunar_ROADSTER/lr_ws/install/localization/include/localization/kalman_filter_linear.hpp
[1.257s] -- Up-to-date: /root/Lunar_ROADSTER/lr_ws/install/localization/include/localization/slip_estimate_node.hpp
[1.257s] -- Up-to-date: /root/Lunar_ROADSTER/lr_ws/install/localization/include/localization/ts_prism_transformer.hpp
[1.257s] -- Up-to-date: /root/Lunar_ROADSTER/lr_ws/install/localization/share/localization/launch
[1.258s] -- Up-to-date: /root/Lunar_ROADSTER/lr_ws/install/localization/share/localization/launch/imu_tf_publisher.launch.py
[1.259s] -- Up-to-date: /root/Lunar_ROADSTER/lr_ws/install/localization/share/localization/launch/slip_estimate_launch.py
[1.259s] -- Up-to-date: /root/Lunar_ROADSTER/lr_ws/install/localization/share/localization/launch/__pycache__
[1.260s] -- Up-to-date: /root/Lunar_ROADSTER/lr_ws/install/localization/share/localization/launch/__pycache__/imu_tf_publisher.launch.cpython-310.pyc
[1.260s] -- Up-to-date: /root/Lunar_ROADSTER/lr_ws/install/localization/share/localization/launch/__pycache__/ekf_localization.launch.cpython-38.pyc
[1.260s] -- Installing: /root/Lunar_ROADSTER/lr_ws/install/localization/share/localization/launch/ekf_localization.launch.py
[1.261s] -- Up-to-date: /root/Lunar_ROADSTER/lr_ws/install/localization/share/localization//config
[1.261s] -- Up-to-date: /root/Lunar_ROADSTER/lr_ws/install/localization/share/localization//config/ekf_slip_node_params.yaml
[1.261s] -- Up-to-date: /root/Lunar_ROADSTER/lr_ws/install/localization/share/localization//config/slip_estimate_params.yaml
[1.261s] -- Installing: /root/Lunar_ROADSTER/lr_ws/install/localization/share/localization//config/ekf_global_node_params.yaml
[1.262s] -- Up-to-date: /root/Lunar_ROADSTER/lr_ws/install/localization/share/localization//config/ekf_odom_node_params.yaml
[1.263s] -- Up-to-date: /root/Lunar_ROADSTER/lr_ws/install/localization/share/ament_index/resource_index/package_run_dependencies/localization
[1.263s] -- Up-to-date: /root/Lunar_ROADSTER/lr_ws/install/localization/share/ament_index/resource_index/parent_prefix_path/localization
[1.263s] -- Up-to-date: /root/Lunar_ROADSTER/lr_ws/install/localization/share/localization/environment/ament_prefix_path.sh
[1.264s] -- Up-to-date: /root/Lunar_ROADSTER/lr_ws/install/localization/share/localization/environment/ament_prefix_path.dsv
[1.264s] -- Up-to-date: /root/Lunar_ROADSTER/lr_ws/install/localization/share/localization/environment/path.sh
[1.264s] -- Up-to-date: /root/Lunar_ROADSTER/lr_ws/install/localization/share/localization/environment/path.dsv
[1.265s] -- Up-to-date: /root/Lunar_ROADSTER/lr_ws/install/localization/share/localization/local_setup.bash
[1.270s] -- Up-to-date: /root/Lunar_ROADSTER/lr_ws/install/localization/share/localization/local_setup.sh
[1.270s] -- Up-to-date: /root/Lunar_ROADSTER/lr_ws/install/localization/share/localization/local_setup.zsh
[1.271s] -- Up-to-date: /root/Lunar_ROADSTER/lr_ws/install/localization/share/localization/local_setup.dsv
[1.272s] -- Installing: /root/Lunar_ROADSTER/lr_ws/install/localization/share/localization/package.dsv
[1.272s] -- Up-to-date: /root/Lunar_ROADSTER/lr_ws/install/localization/share/ament_index/resource_index/packages/localization
[1.275s] -- Up-to-date: /root/Lunar_ROADSTER/lr_ws/install/localization/share/localization/cmake/localizationConfig.cmake
[1.276s] -- Up-to-date: /root/Lunar_ROADSTER/lr_ws/install/localization/share/localization/cmake/localizationConfig-version.cmake
[1.276s] -- Up-to-date: /root/Lunar_ROADSTER/lr_ws/install/localization/share/localization/package.xml
[1.279s] Invoked command in '/root/Lunar_ROADSTER/lr_ws/build/localization' returned '0': CMAKE_PREFIX_PATH=/root/Lunar_ROADSTER/lr_ws/install/cg_msgs:/root/Lunar_ROADSTER/lr_ws/install/vectornav:/root/Lunar_ROADSTER/lr_ws/install/vectornav_msgs:/root/Lunar_ROADSTER/lr_ws/install/localization:/root/Lunar_ROADSTER/lr_ws/install/imu:/root/Lunar_ROADSTER/lr_ws/install/total_station:/opt/ros/humble LD_LIBRARY_PATH=/root/Lunar_ROADSTER/lr_ws/install/cg_msgs/lib:/root/Lunar_ROADSTER/lr_ws/install/vectornav/lib:/root/Lunar_ROADSTER/lr_ws/install/vectornav_msgs/lib:/opt/ros/humble/opt/rviz_ogre_vendor/lib:/opt/ros/humble/lib/aarch64-linux-gnu:/opt/ros/humble/lib:/usr/local/cuda/lib64 /usr/local/bin/cmake --install /root/Lunar_ROADSTER/lr_ws/build/localization
