[0.206s] Invoking command in '/root/Lunar_ROADSTER/lr_ws/build/mapping_static': CMAKE_PREFIX_PATH=${CMAKE_PREFIX_PATH}:/root/Lunar_ROADSTER/lr_ws/install/nav2_simple_commander:/root/microros_ws/install/sensor_msgs_py:/opt/ros/humble /usr/local/bin/cmake --build /root/Lunar_ROADSTER/lr_ws/build/mapping_static -- -j4 -l4
[0.834s] [100%] Built target global_mapping_node
[1.007s] Invoked command in '/root/Lunar_ROADSTER/lr_ws/build/mapping_static' returned '0': CMAKE_PREFIX_PATH=${CMAKE_PREFIX_PATH}:/root/Lunar_ROADSTER/lr_ws/install/nav2_simple_commander:/root/microros_ws/install/sensor_msgs_py:/opt/ros/humble /usr/local/bin/cmake --build /root/Lunar_ROADSTER/lr_ws/build/mapping_static -- -j4 -l4
[1.114s] Invoking command in '/root/Lunar_ROADSTER/lr_ws/build/mapping_static': CMAKE_PREFIX_PATH=${CMAKE_PREFIX_PATH}:/root/Lunar_ROADSTER/lr_ws/install/nav2_simple_commander:/root/microros_ws/install/sensor_msgs_py:/opt/ros/humble /usr/local/bin/cmake --install /root/Lunar_ROADSTER/lr_ws/build/mapping_static
[1.187s] -- Install configuration: ""
[1.191s] -- Up-to-date: /root/Lunar_ROADSTER/lr_ws/install/mapping_static/lib/mapping_static/global_mapping_node
[1.205s] -- Up-to-date: /root/Lunar_ROADSTER/lr_ws/install/mapping_static/share/mapping_static/launch
[1.213s] -- Up-to-date: /root/Lunar_ROADSTER/lr_ws/install/mapping_static/share/mapping_static/launch/mapping.launch.py
[1.214s] -- Up-to-date: /root/Lunar_ROADSTER/lr_ws/install/mapping_static/share/ament_index/resource_index/package_run_dependencies/mapping_static
[1.232s] -- Up-to-date: /root/Lunar_ROADSTER/lr_ws/install/mapping_static/share/ament_index/resource_index/parent_prefix_path/mapping_static
[1.234s] -- Up-to-date: /root/Lunar_ROADSTER/lr_ws/install/mapping_static/share/mapping_static/environment/ament_prefix_path.sh
[1.235s] -- Up-to-date: /root/Lunar_ROADSTER/lr_ws/install/mapping_static/share/mapping_static/environment/ament_prefix_path.dsv
[1.246s] -- Up-to-date: /root/Lunar_ROADSTER/lr_ws/install/mapping_static/share/mapping_static/environment/path.sh
[1.252s] -- Up-to-date: /root/Lunar_ROADSTER/lr_ws/install/mapping_static/share/mapping_static/environment/path.dsv
[1.252s] -- Up-to-date: /root/Lunar_ROADSTER/lr_ws/install/mapping_static/share/mapping_static/local_setup.bash
[1.252s] -- Up-to-date: /root/Lunar_ROADSTER/lr_ws/install/mapping_static/share/mapping_static/local_setup.sh
[1.253s] -- Up-to-date: /root/Lunar_ROADSTER/lr_ws/install/mapping_static/share/mapping_static/local_setup.zsh
[1.253s] -- Up-to-date: /root/Lunar_ROADSTER/lr_ws/install/mapping_static/share/mapping_static/local_setup.dsv
[1.254s] -- Installing: /root/Lunar_ROADSTER/lr_ws/install/mapping_static/share/mapping_static/package.dsv
[1.254s] -- Up-to-date: /root/Lunar_ROADSTER/lr_ws/install/mapping_static/share/ament_index/resource_index/packages/mapping_static
[1.275s] -- Up-to-date: /root/Lunar_ROADSTER/lr_ws/install/mapping_static/share/mapping_static/cmake/mapping_staticConfig.cmake
[1.276s] -- Up-to-date: /root/Lunar_ROADSTER/lr_ws/install/mapping_static/share/mapping_static/cmake/mapping_staticConfig-version.cmake
[1.276s] -- Up-to-date: /root/Lunar_ROADSTER/lr_ws/install/mapping_static/share/mapping_static/package.xml
[1.277s] Invoked command in '/root/Lunar_ROADSTER/lr_ws/build/mapping_static' returned '0': CMAKE_PREFIX_PATH=${CMAKE_PREFIX_PATH}:/root/Lunar_ROADSTER/lr_ws/install/nav2_simple_commander:/root/microros_ws/install/sensor_msgs_py:/opt/ros/humble /usr/local/bin/cmake --install /root/Lunar_ROADSTER/lr_ws/build/mapping_static
