[0.022s] Invoking command in '/home/williamfbx/Lunar-ROADSTER/lr_ws/build/mapping': CMAKE_PREFIX_PATH=${CMAKE_PREFIX_PATH}:/opt/ros/humble /usr/bin/cmake --build /home/williamfbx/Lunar-ROADSTER/lr_ws/build/mapping -- -j12 -l12
[0.143s] [ 25%] Built target pc_handler_node
[0.151s] [ 58%] Built target local_mapping_node
[0.161s] [100%] Built target global_mapping_node
[0.180s] Invoked command in '/home/williamfbx/Lunar-ROADSTER/lr_ws/build/mapping' returned '0': CMAKE_PREFIX_PATH=${CMAKE_PREFIX_PATH}:/opt/ros/humble /usr/bin/cmake --build /home/williamfbx/Lunar-ROADSTER/lr_ws/build/mapping -- -j12 -l12
[0.182s] Invoking command in '/home/williamfbx/Lunar-ROADSTER/lr_ws/build/mapping': CMAKE_PREFIX_PATH=${CMAKE_PREFIX_PATH}:/opt/ros/humble /usr/bin/cmake --install /home/williamfbx/Lunar-ROADSTER/lr_ws/build/mapping
[0.190s] -- Install configuration: ""
[0.191s] -- Up-to-date: /home/williamfbx/Lunar-ROADSTER/lr_ws/install/mapping/lib/mapping/global_mapping_node
[0.191s] -- Up-to-date: /home/williamfbx/Lunar-ROADSTER/lr_ws/install/mapping/lib/mapping/local_mapping_node
[0.191s] -- Up-to-date: /home/williamfbx/Lunar-ROADSTER/lr_ws/install/mapping/lib/mapping/pc_handler_node
[0.191s] -- Up-to-date: /home/williamfbx/Lunar-ROADSTER/lr_ws/install/mapping/share/mapping/launch
[0.191s] -- Up-to-date: /home/williamfbx/Lunar-ROADSTER/lr_ws/install/mapping/share/mapping/launch/mapping.launch.py
[0.191s] -- Up-to-date: /home/williamfbx/Lunar-ROADSTER/lr_ws/install/mapping/share/mapping/launch/rviz_config.rviz
[0.192s] -- Up-to-date: /home/williamfbx/Lunar-ROADSTER/lr_ws/install/mapping/share/ament_index/resource_index/package_run_dependencies/mapping
[0.192s] -- Up-to-date: /home/williamfbx/Lunar-ROADSTER/lr_ws/install/mapping/share/ament_index/resource_index/parent_prefix_path/mapping
[0.192s] -- Up-to-date: /home/williamfbx/Lunar-ROADSTER/lr_ws/install/mapping/share/mapping/environment/ament_prefix_path.sh
[0.192s] -- Up-to-date: /home/williamfbx/Lunar-ROADSTER/lr_ws/install/mapping/share/mapping/environment/ament_prefix_path.dsv
[0.192s] -- Up-to-date: /home/williamfbx/Lunar-ROADSTER/lr_ws/install/mapping/share/mapping/environment/path.sh
[0.192s] -- Up-to-date: /home/williamfbx/Lunar-ROADSTER/lr_ws/install/mapping/share/mapping/environment/path.dsv
[0.192s] -- Up-to-date: /home/williamfbx/Lunar-ROADSTER/lr_ws/install/mapping/share/mapping/local_setup.bash
[0.192s] -- Up-to-date: /home/williamfbx/Lunar-ROADSTER/lr_ws/install/mapping/share/mapping/local_setup.sh
[0.192s] -- Up-to-date: /home/williamfbx/Lunar-ROADSTER/lr_ws/install/mapping/share/mapping/local_setup.zsh
[0.192s] -- Up-to-date: /home/williamfbx/Lunar-ROADSTER/lr_ws/install/mapping/share/mapping/local_setup.dsv
[0.192s] -- Installing: /home/williamfbx/Lunar-ROADSTER/lr_ws/install/mapping/share/mapping/package.dsv
[0.192s] -- Up-to-date: /home/williamfbx/Lunar-ROADSTER/lr_ws/install/mapping/share/ament_index/resource_index/packages/mapping
[0.193s] -- Up-to-date: /home/williamfbx/Lunar-ROADSTER/lr_ws/install/mapping/share/mapping/cmake/mappingConfig.cmake
[0.193s] -- Up-to-date: /home/williamfbx/Lunar-ROADSTER/lr_ws/install/mapping/share/mapping/cmake/mappingConfig-version.cmake
[0.193s] -- Up-to-date: /home/williamfbx/Lunar-ROADSTER/lr_ws/install/mapping/share/mapping/package.xml
[0.208s] Invoked command in '/home/williamfbx/Lunar-ROADSTER/lr_ws/build/mapping' returned '0': CMAKE_PREFIX_PATH=${CMAKE_PREFIX_PATH}:/opt/ros/humble /usr/bin/cmake --install /home/williamfbx/Lunar-ROADSTER/lr_ws/build/mapping
