[0.221s] Invoking command in '/root/Lunar_ROADSTER/lr_ws/build/imu': CMAKE_PREFIX_PATH=/opt/ros/humble /usr/local/bin/cmake --build /root/Lunar_ROADSTER/lr_ws/build/imu -- -j4 -l4
[0.687s] [35m[1mConsolidate compiler generated dependencies of target imu_base_link_conversion_node[0m
[0.902s] [100%] Built target imu_base_link_conversion_node
[0.971s] Invoked command in '/root/Lunar_ROADSTER/lr_ws/build/imu' returned '0': CMAKE_PREFIX_PATH=/opt/ros/humble /usr/local/bin/cmake --build /root/Lunar_ROADSTER/lr_ws/build/imu -- -j4 -l4
[1.118s] Invoking command in '/root/Lunar_ROADSTER/lr_ws/build/imu': CMAKE_PREFIX_PATH=/opt/ros/humble /usr/local/bin/cmake --install /root/Lunar_ROADSTER/lr_ws/build/imu
[1.141s] -- Install configuration: ""
[1.141s] -- Up-to-date: /root/Lunar_ROADSTER/lr_ws/install/imu/lib/imu/imu_base_link_conversion_node
[1.142s] -- Up-to-date: /root/Lunar_ROADSTER/lr_ws/install/imu/include/imu
[1.142s] -- Up-to-date: /root/Lunar_ROADSTER/lr_ws/install/imu/include/imu/imu_base_link_conversion_node.hpp
[1.142s] -- Up-to-date: /root/Lunar_ROADSTER/lr_ws/install/imu/share/imu/launch
[1.143s] -- Up-to-date: /root/Lunar_ROADSTER/lr_ws/install/imu/share/imu/launch/imu_launch.py
[1.143s] -- Up-to-date: /root/Lunar_ROADSTER/lr_ws/install/imu/share/imu/launch/__pycache__
[1.144s] -- Up-to-date: /root/Lunar_ROADSTER/lr_ws/install/imu/share/imu/launch/__pycache__/imu_launch.cpython-310.pyc
[1.144s] -- Up-to-date: /root/Lunar_ROADSTER/lr_ws/install/imu/share/imu//config
[1.147s] -- Up-to-date: /root/Lunar_ROADSTER/lr_ws/install/imu/share/imu//config/imu_node_params.yaml
[1.148s] -- Up-to-date: /root/Lunar_ROADSTER/lr_ws/install/imu/share/imu//config/imu_static_tf_params.yaml
[1.149s] -- Up-to-date: /root/Lunar_ROADSTER/lr_ws/install/imu/share/ament_index/resource_index/package_run_dependencies/imu
[1.150s] -- Up-to-date: /root/Lunar_ROADSTER/lr_ws/install/imu/share/ament_index/resource_index/parent_prefix_path/imu
[1.150s] -- Up-to-date: /root/Lunar_ROADSTER/lr_ws/install/imu/share/imu/environment/ament_prefix_path.sh
[1.150s] -- Up-to-date: /root/Lunar_ROADSTER/lr_ws/install/imu/share/imu/environment/ament_prefix_path.dsv
[1.151s] -- Up-to-date: /root/Lunar_ROADSTER/lr_ws/install/imu/share/imu/environment/path.sh
[1.151s] -- Up-to-date: /root/Lunar_ROADSTER/lr_ws/install/imu/share/imu/environment/path.dsv
[1.154s] -- Up-to-date: /root/Lunar_ROADSTER/lr_ws/install/imu/share/imu/local_setup.bash
[1.154s] -- Up-to-date: /root/Lunar_ROADSTER/lr_ws/install/imu/share/imu/local_setup.sh
[1.154s] -- Up-to-date: /root/Lunar_ROADSTER/lr_ws/install/imu/share/imu/local_setup.zsh
[1.155s] -- Up-to-date: /root/Lunar_ROADSTER/lr_ws/install/imu/share/imu/local_setup.dsv
[1.156s] -- Installing: /root/Lunar_ROADSTER/lr_ws/install/imu/share/imu/package.dsv
[1.157s] -- Up-to-date: /root/Lunar_ROADSTER/lr_ws/install/imu/share/ament_index/resource_index/packages/imu
[1.157s] -- Up-to-date: /root/Lunar_ROADSTER/lr_ws/install/imu/share/imu/cmake/imuConfig.cmake
[1.158s] -- Up-to-date: /root/Lunar_ROADSTER/lr_ws/install/imu/share/imu/cmake/imuConfig-version.cmake
[1.158s] -- Up-to-date: /root/Lunar_ROADSTER/lr_ws/install/imu/share/imu/package.xml
[1.311s] Invoked command in '/root/Lunar_ROADSTER/lr_ws/build/imu' returned '0': CMAKE_PREFIX_PATH=/opt/ros/humble /usr/local/bin/cmake --install /root/Lunar_ROADSTER/lr_ws/build/imu
