[0.158s] Invoking command in '/root/Lunar_ROADSTER/lr_ws/build/vectornav': CMAKE_PREFIX_PATH=/root/Lunar_ROADSTER/lr_ws/install/vectornav_msgs:/root/Lunar_ROADSTER/lr_ws/install/vectornav:/root/Lunar_ROADSTER/lr_ws/install/localization:/root/Lunar_ROADSTER/lr_ws/install/cg_msgs:/opt/ros/humble LD_LIBRARY_PATH=/root/Lunar_ROADSTER/lr_ws/install/vectornav_msgs/lib:/root/Lunar_ROADSTER/lr_ws/install/vectornav/lib:/root/Lunar_ROADSTER/lr_ws/install/cg_msgs/lib:/opt/ros/humble/opt/rviz_ogre_vendor/lib:/opt/ros/humble/lib/aarch64-linux-gnu:/opt/ros/humble/lib:/usr/local/cuda/lib64 /usr/local/bin/cmake --build /root/Lunar_ROADSTER/lr_ws/build/vectornav -- -j4 -l4
[0.496s] [ 81%] Built target vn_sensor_msgs_lib
[0.498s] [ 81%] Built target vncxx
[0.690s] [ 87%] Built target vn_sensor_msgs
[0.728s] [ 93%] Built target vectornav_lib
[0.880s] [100%] Built target vectornav
[0.948s] Invoked command in '/root/Lunar_ROADSTER/lr_ws/build/vectornav' returned '0': CMAKE_PREFIX_PATH=/root/Lunar_ROADSTER/lr_ws/install/vectornav_msgs:/root/Lunar_ROADSTER/lr_ws/install/vectornav:/root/Lunar_ROADSTER/lr_ws/install/localization:/root/Lunar_ROADSTER/lr_ws/install/cg_msgs:/opt/ros/humble LD_LIBRARY_PATH=/root/Lunar_ROADSTER/lr_ws/install/vectornav_msgs/lib:/root/Lunar_ROADSTER/lr_ws/install/vectornav/lib:/root/Lunar_ROADSTER/lr_ws/install/cg_msgs/lib:/opt/ros/humble/opt/rviz_ogre_vendor/lib:/opt/ros/humble/lib/aarch64-linux-gnu:/opt/ros/humble/lib:/usr/local/cuda/lib64 /usr/local/bin/cmake --build /root/Lunar_ROADSTER/lr_ws/build/vectornav -- -j4 -l4
[0.950s] Invoking command in '/root/Lunar_ROADSTER/lr_ws/build/vectornav': CMAKE_PREFIX_PATH=/root/Lunar_ROADSTER/lr_ws/install/vectornav_msgs:/root/Lunar_ROADSTER/lr_ws/install/vectornav:/root/Lunar_ROADSTER/lr_ws/install/localization:/root/Lunar_ROADSTER/lr_ws/install/cg_msgs:/opt/ros/humble LD_LIBRARY_PATH=/root/Lunar_ROADSTER/lr_ws/install/vectornav_msgs/lib:/root/Lunar_ROADSTER/lr_ws/install/vectornav/lib:/root/Lunar_ROADSTER/lr_ws/install/cg_msgs/lib:/opt/ros/humble/opt/rviz_ogre_vendor/lib:/opt/ros/humble/lib/aarch64-linux-gnu:/opt/ros/humble/lib:/usr/local/cuda/lib64 /usr/local/bin/cmake --install /root/Lunar_ROADSTER/lr_ws/build/vectornav
[0.987s] -- Install configuration: ""
[0.993s] -- Up-to-date: /root/Lunar_ROADSTER/lr_ws/install/vectornav/lib/libvectornav_lib.so
[0.996s] -- Up-to-date: /root/Lunar_ROADSTER/lr_ws/install/vectornav/lib/libvn_sensor_msgs_lib.so
[1.000s] -- Up-to-date: /root/Lunar_ROADSTER/lr_ws/install/vectornav/lib/vectornav/vectornav
[1.000s] -- Up-to-date: /root/Lunar_ROADSTER/lr_ws/install/vectornav/lib/vectornav/vn_sensor_msgs
[1.019s] -- Up-to-date: /root/Lunar_ROADSTER/lr_ws/install/vectornav/share/vectornav//config
[1.019s] -- Up-to-date: /root/Lunar_ROADSTER/lr_ws/install/vectornav/share/vectornav//config/vectornav.yaml
[1.020s] -- Up-to-date: /root/Lunar_ROADSTER/lr_ws/install/vectornav/share/vectornav//config/vectornav_composable.yaml
[1.025s] -- Up-to-date: /root/Lunar_ROADSTER/lr_ws/install/vectornav/share/vectornav//config/vn_100_800hz.yaml
[1.028s] -- Up-to-date: /root/Lunar_ROADSTER/lr_ws/install/vectornav/share/vectornav//config/vn_sensor_msgs_composable.yaml
[1.031s] -- Up-to-date: /root/Lunar_ROADSTER/lr_ws/install/vectornav/share/vectornav//launch
[1.032s] -- Up-to-date: /root/Lunar_ROADSTER/lr_ws/install/vectornav/share/vectornav//launch/vectornav.launch.py
[1.034s] -- Up-to-date: /root/Lunar_ROADSTER/lr_ws/install/vectornav/share/vectornav//launch/vectornav_composable.launch.py
[1.035s] -- Up-to-date: /root/Lunar_ROADSTER/lr_ws/install/vectornav/share/ament_index/resource_index/package_run_dependencies/vectornav
[1.037s] -- Up-to-date: /root/Lunar_ROADSTER/lr_ws/install/vectornav/share/ament_index/resource_index/parent_prefix_path/vectornav
[1.041s] -- Up-to-date: /root/Lunar_ROADSTER/lr_ws/install/vectornav/share/vectornav/environment/ament_prefix_path.sh
[1.042s] -- Up-to-date: /root/Lunar_ROADSTER/lr_ws/install/vectornav/share/vectornav/environment/ament_prefix_path.dsv
[1.042s] -- Up-to-date: /root/Lunar_ROADSTER/lr_ws/install/vectornav/share/vectornav/environment/path.sh
[1.043s] -- Up-to-date: /root/Lunar_ROADSTER/lr_ws/install/vectornav/share/vectornav/environment/path.dsv
[1.045s] -- Up-to-date: /root/Lunar_ROADSTER/lr_ws/install/vectornav/share/vectornav/local_setup.bash
[1.046s] -- Up-to-date: /root/Lunar_ROADSTER/lr_ws/install/vectornav/share/vectornav/local_setup.sh
[1.048s] -- Up-to-date: /root/Lunar_ROADSTER/lr_ws/install/vectornav/share/vectornav/local_setup.zsh
[1.050s] -- Up-to-date: /root/Lunar_ROADSTER/lr_ws/install/vectornav/share/vectornav/local_setup.dsv
[1.050s] -- Installing: /root/Lunar_ROADSTER/lr_ws/install/vectornav/share/vectornav/package.dsv
[1.051s] -- Up-to-date: /root/Lunar_ROADSTER/lr_ws/install/vectornav/share/ament_index/resource_index/packages/vectornav
[1.056s] -- Up-to-date: /root/Lunar_ROADSTER/lr_ws/install/vectornav/share/ament_index/resource_index/rclcpp_components/vectornav
[1.057s] -- Up-to-date: /root/Lunar_ROADSTER/lr_ws/install/vectornav/share/vectornav/cmake/ament_cmake_export_dependencies-extras.cmake
[1.058s] -- Up-to-date: /root/Lunar_ROADSTER/lr_ws/install/vectornav/share/vectornav/cmake/vectornavConfig.cmake
[1.059s] -- Up-to-date: /root/Lunar_ROADSTER/lr_ws/install/vectornav/share/vectornav/cmake/vectornavConfig-version.cmake
[1.059s] -- Up-to-date: /root/Lunar_ROADSTER/lr_ws/install/vectornav/share/vectornav/package.xml
[1.060s] -- Up-to-date: /root/Lunar_ROADSTER/lr_ws/install/vectornav/lib/libvncxx.so
[1.062s] -- Up-to-date: /root/Lunar_ROADSTER/lr_ws/install/vectornav/include/vn
[1.064s] -- Up-to-date: /root/Lunar_ROADSTER/lr_ws/install/vectornav/include/vn/attitude.h
[1.065s] -- Up-to-date: /root/Lunar_ROADSTER/lr_ws/install/vectornav/include/vn/boostpython.h
[1.065s] -- Up-to-date: /root/Lunar_ROADSTER/lr_ws/install/vectornav/include/vn/compiler.h
[1.065s] -- Up-to-date: /root/Lunar_ROADSTER/lr_ws/install/vectornav/include/vn/compositedata.h
[1.067s] -- Up-to-date: /root/Lunar_ROADSTER/lr_ws/install/vectornav/include/vn/consts.h
[1.068s] -- Up-to-date: /root/Lunar_ROADSTER/lr_ws/install/vectornav/include/vn/conversions.h
[1.072s] -- Up-to-date: /root/Lunar_ROADSTER/lr_ws/install/vectornav/include/vn/criticalsection.h
[1.072s] -- Up-to-date: /root/Lunar_ROADSTER/lr_ws/install/vectornav/include/vn/dllvalidator.h
[1.073s] -- Up-to-date: /root/Lunar_ROADSTER/lr_ws/install/vectornav/include/vn/error_detection.h
[1.075s] -- Up-to-date: /root/Lunar_ROADSTER/lr_ws/install/vectornav/include/vn/event.h
[1.076s] -- Up-to-date: /root/Lunar_ROADSTER/lr_ws/install/vectornav/include/vn/exceptions.h
[1.076s] -- Up-to-date: /root/Lunar_ROADSTER/lr_ws/install/vectornav/include/vn/export.h
[1.076s] -- Up-to-date: /root/Lunar_ROADSTER/lr_ws/install/vectornav/include/vn/ezasyncdata.h
[1.077s] -- Up-to-date: /root/Lunar_ROADSTER/lr_ws/install/vectornav/include/vn/int.h
[1.077s] -- Up-to-date: /root/Lunar_ROADSTER/lr_ws/install/vectornav/include/vn/matrix.h
[1.077s] -- Up-to-date: /root/Lunar_ROADSTER/lr_ws/install/vectornav/include/vn/memoryport.h
[1.078s] -- Up-to-date: /root/Lunar_ROADSTER/lr_ws/install/vectornav/include/vn/mock.h
[1.079s] -- Up-to-date: /root/Lunar_ROADSTER/lr_ws/install/vectornav/include/vn/nocopy.h
[1.080s] -- Up-to-date: /root/Lunar_ROADSTER/lr_ws/install/vectornav/include/vn/packet.h
[1.081s] -- Up-to-date: /root/Lunar_ROADSTER/lr_ws/install/vectornav/include/vn/packetfinder.h
[1.083s] -- Up-to-date: /root/Lunar_ROADSTER/lr_ws/install/vectornav/include/vn/port.h
[1.084s] -- Up-to-date: /root/Lunar_ROADSTER/lr_ws/install/vectornav/include/vn/position.h
[1.085s] -- Up-to-date: /root/Lunar_ROADSTER/lr_ws/install/vectornav/include/vn/registers.h
[1.088s] -- Up-to-date: /root/Lunar_ROADSTER/lr_ws/install/vectornav/include/vn/rtcmlistener.h
[1.088s] -- Up-to-date: /root/Lunar_ROADSTER/lr_ws/install/vectornav/include/vn/rtcmmessage.h
[1.089s] -- Up-to-date: /root/Lunar_ROADSTER/lr_ws/install/vectornav/include/vn/searcher.h
[1.089s] -- Up-to-date: /root/Lunar_ROADSTER/lr_ws/install/vectornav/include/vn/sensors.h
[1.090s] -- Up-to-date: /root/Lunar_ROADSTER/lr_ws/install/vectornav/include/vn/serialport.h
[1.091s] -- Up-to-date: /root/Lunar_ROADSTER/lr_ws/install/vectornav/include/vn/signal.h
[1.096s] -- Up-to-date: /root/Lunar_ROADSTER/lr_ws/install/vectornav/include/vn/thread.h
[1.097s] -- Up-to-date: /root/Lunar_ROADSTER/lr_ws/install/vectornav/include/vn/types.h
[1.097s] -- Up-to-date: /root/Lunar_ROADSTER/lr_ws/install/vectornav/include/vn/util.h
[1.098s] -- Up-to-date: /root/Lunar_ROADSTER/lr_ws/install/vectornav/include/vn/utilities.h
[1.099s] -- Up-to-date: /root/Lunar_ROADSTER/lr_ws/install/vectornav/include/vn/vector.h
[1.100s] -- Up-to-date: /root/Lunar_ROADSTER/lr_ws/install/vectornav/include/vn/vntime.h
[1.102s] Invoked command in '/root/Lunar_ROADSTER/lr_ws/build/vectornav' returned '0': CMAKE_PREFIX_PATH=/root/Lunar_ROADSTER/lr_ws/install/vectornav_msgs:/root/Lunar_ROADSTER/lr_ws/install/vectornav:/root/Lunar_ROADSTER/lr_ws/install/localization:/root/Lunar_ROADSTER/lr_ws/install/cg_msgs:/opt/ros/humble LD_LIBRARY_PATH=/root/Lunar_ROADSTER/lr_ws/install/vectornav_msgs/lib:/root/Lunar_ROADSTER/lr_ws/install/vectornav/lib:/root/Lunar_ROADSTER/lr_ws/install/cg_msgs/lib:/opt/ros/humble/opt/rviz_ogre_vendor/lib:/opt/ros/humble/lib/aarch64-linux-gnu:/opt/ros/humble/lib:/usr/local/cuda/lib64 /usr/local/bin/cmake --install /root/Lunar_ROADSTER/lr_ws/build/vectornav
