[0.241s] Invoking command in '/root/Lunar_ROADSTER/lr_ws/build/nav2_voxel_grid': AMENT_PREFIX_PATH=/root/Lunar_ROADSTER/lr_ws/install/nav2_common:${AMENT_PREFIX_PATH} CMAKE_PREFIX_PATH=/root/Lunar_ROADSTER/lr_ws/install/nav2_common:/opt/ros/humble PYTHONPATH=/root/Lunar_ROADSTER/lr_ws/install/nav2_common/local/lib/python3.10/dist-packages:${PYTHONPATH} /usr/local/bin/cmake --build /root/Lunar_ROADSTER/lr_ws/build/nav2_voxel_grid -- -j4 -l4
[0.426s] [ 20%] Built target voxel_grid
[0.446s] [ 40%] Built target gtest_main
[0.469s] [ 60%] Built target gtest
[0.584s] [ 80%] Built target voxel_grid_tests
[0.594s] [100%] Built target voxel_grid_bresenham_3d
[0.626s] Invoked command in '/root/Lunar_ROADSTER/lr_ws/build/nav2_voxel_grid' returned '0': AMENT_PREFIX_PATH=/root/Lunar_ROADSTER/lr_ws/install/nav2_common:${AMENT_PREFIX_PATH} CMAKE_PREFIX_PATH=/root/Lunar_ROADSTER/lr_ws/install/nav2_common:/opt/ros/humble PYTHONPATH=/root/Lunar_ROADSTER/lr_ws/install/nav2_common/local/lib/python3.10/dist-packages:${PYTHONPATH} /usr/local/bin/cmake --build /root/Lunar_ROADSTER/lr_ws/build/nav2_voxel_grid -- -j4 -l4
[0.627s] Invoking command in '/root/Lunar_ROADSTER/lr_ws/build/nav2_voxel_grid': AMENT_PREFIX_PATH=/root/Lunar_ROADSTER/lr_ws/install/nav2_common:${AMENT_PREFIX_PATH} CMAKE_PREFIX_PATH=/root/Lunar_ROADSTER/lr_ws/install/nav2_common:/opt/ros/humble PYTHONPATH=/root/Lunar_ROADSTER/lr_ws/install/nav2_common/local/lib/python3.10/dist-packages:${PYTHONPATH} /usr/local/bin/cmake --install /root/Lunar_ROADSTER/lr_ws/build/nav2_voxel_grid
[0.646s] -- Install configuration: "Release"
[0.657s] -- Up-to-date: /root/Lunar_ROADSTER/lr_ws/install/nav2_voxel_grid/lib/libvoxel_grid.so
[0.659s] -- Up-to-date: /root/Lunar_ROADSTER/lr_ws/install/nav2_voxel_grid/include
[0.661s] -- Up-to-date: /root/Lunar_ROADSTER/lr_ws/install/nav2_voxel_grid/include/nav2_voxel_grid
[0.662s] -- Up-to-date: /root/Lunar_ROADSTER/lr_ws/install/nav2_voxel_grid/include/nav2_voxel_grid/voxel_grid.hpp
[0.663s] -- Up-to-date: /root/Lunar_ROADSTER/lr_ws/install/nav2_voxel_grid/share/nav2_voxel_grid/environment/library_path.sh
[0.664s] -- Up-to-date: /root/Lunar_ROADSTER/lr_ws/install/nav2_voxel_grid/share/nav2_voxel_grid/environment/library_path.dsv
[0.665s] -- Up-to-date: /root/Lunar_ROADSTER/lr_ws/install/nav2_voxel_grid/share/ament_index/resource_index/package_run_dependencies/nav2_voxel_grid
[0.666s] -- Up-to-date: /root/Lunar_ROADSTER/lr_ws/install/nav2_voxel_grid/share/ament_index/resource_index/parent_prefix_path/nav2_voxel_grid
[0.667s] -- Up-to-date: /root/Lunar_ROADSTER/lr_ws/install/nav2_voxel_grid/share/nav2_voxel_grid/environment/ament_prefix_path.sh
[0.671s] -- Up-to-date: /root/Lunar_ROADSTER/lr_ws/install/nav2_voxel_grid/share/nav2_voxel_grid/environment/ament_prefix_path.dsv
[0.672s] -- Up-to-date: /root/Lunar_ROADSTER/lr_ws/install/nav2_voxel_grid/share/nav2_voxel_grid/environment/path.sh
[0.676s] -- Up-to-date: /root/Lunar_ROADSTER/lr_ws/install/nav2_voxel_grid/share/nav2_voxel_grid/environment/path.dsv
[0.677s] -- Up-to-date: /root/Lunar_ROADSTER/lr_ws/install/nav2_voxel_grid/share/nav2_voxel_grid/local_setup.bash
[0.678s] -- Up-to-date: /root/Lunar_ROADSTER/lr_ws/install/nav2_voxel_grid/share/nav2_voxel_grid/local_setup.sh
[0.678s] -- Up-to-date: /root/Lunar_ROADSTER/lr_ws/install/nav2_voxel_grid/share/nav2_voxel_grid/local_setup.zsh
[0.685s] -- Up-to-date: /root/Lunar_ROADSTER/lr_ws/install/nav2_voxel_grid/share/nav2_voxel_grid/local_setup.dsv
[0.688s] -- Installing: /root/Lunar_ROADSTER/lr_ws/install/nav2_voxel_grid/share/nav2_voxel_grid/package.dsv
[0.689s] -- Up-to-date: /root/Lunar_ROADSTER/lr_ws/install/nav2_voxel_grid/share/ament_index/resource_index/packages/nav2_voxel_grid
[0.690s] -- Up-to-date: /root/Lunar_ROADSTER/lr_ws/install/nav2_voxel_grid/share/nav2_voxel_grid/cmake/ament_cmake_export_dependencies-extras.cmake
[0.691s] -- Up-to-date: /root/Lunar_ROADSTER/lr_ws/install/nav2_voxel_grid/share/nav2_voxel_grid/cmake/ament_cmake_export_include_directories-extras.cmake
[0.693s] -- Up-to-date: /root/Lunar_ROADSTER/lr_ws/install/nav2_voxel_grid/share/nav2_voxel_grid/cmake/ament_cmake_export_libraries-extras.cmake
[0.694s] -- Up-to-date: /root/Lunar_ROADSTER/lr_ws/install/nav2_voxel_grid/share/nav2_voxel_grid/cmake/nav2_voxel_gridConfig.cmake
[0.695s] -- Up-to-date: /root/Lunar_ROADSTER/lr_ws/install/nav2_voxel_grid/share/nav2_voxel_grid/cmake/nav2_voxel_gridConfig-version.cmake
[0.696s] -- Up-to-date: /root/Lunar_ROADSTER/lr_ws/install/nav2_voxel_grid/share/nav2_voxel_grid/package.xml
[0.711s] Invoked command in '/root/Lunar_ROADSTER/lr_ws/build/nav2_voxel_grid' returned '0': AMENT_PREFIX_PATH=/root/Lunar_ROADSTER/lr_ws/install/nav2_common:${AMENT_PREFIX_PATH} CMAKE_PREFIX_PATH=/root/Lunar_ROADSTER/lr_ws/install/nav2_common:/opt/ros/humble PYTHONPATH=/root/Lunar_ROADSTER/lr_ws/install/nav2_common/local/lib/python3.10/dist-packages:${PYTHONPATH} /usr/local/bin/cmake --install /root/Lunar_ROADSTER/lr_ws/build/nav2_voxel_grid
