[0.027s] Invoking command in '/home/williamfbx/Lunar-ROADSTER/lr_ws/build/grid_map_core': CMAKE_PREFIX_PATH=/home/williamfbx/Lunar-ROADSTER/lr_ws/install/grid_map_cmake_helpers:/home/williamfbx/Lunar-ROADSTER/lr_ws/install/zed_ros2:/home/williamfbx/Lunar-ROADSTER/lr_ws/install/zed_robot_integration:/home/williamfbx/Lunar-ROADSTER/lr_ws/install/zed_ipc:/home/williamfbx/Lunar-ROADSTER/lr_ws/install/zed_multi_camera:/home/williamfbx/Lunar-ROADSTER/lr_ws/install/zed_display_rviz2:/home/williamfbx/Lunar-ROADSTER/lr_ws/install/zed_depth_to_laserscan:/home/williamfbx/Lunar-ROADSTER/lr_ws/install/zed_wrapper:/home/williamfbx/Lunar-ROADSTER/lr_ws/install/zed_tutorial_video:/home/williamfbx/Lunar-ROADSTER/lr_ws/install/zed_tutorial_pos_tracking:/home/williamfbx/Lunar-ROADSTER/lr_ws/install/zed_tutorial_depth:/home/williamfbx/Lunar-ROADSTER/lr_ws/install/zed_topic_benchmark:/home/williamfbx/Lunar-ROADSTER/lr_ws/install/zed_topic_benchmark_component:/home/williamfbx/Lunar-ROADSTER/lr_ws/install/zed_topic_benchmark_interfaces:/home/williamfbx/Lunar-ROADSTER/lr_ws/install/zed_rgb_convert:/home/williamfbx/Lunar-ROADSTER/lr_ws/install/zed_aruco_localization:/home/williamfbx/Lunar-ROADSTER/lr_ws/install/zed_components:/home/williamfbx/Lunar-ROADSTER/lr_ws/install/teleop:/home/williamfbx/Lunar-ROADSTER/lr_ws/install/sensing:/home/williamfbx/Lunar-ROADSTER/lr_ws/install/rviz_plugin_zed_od:/home/williamfbx/Lunar-ROADSTER/lr_ws/install/motion_control:/home/williamfbx/Lunar-ROADSTER/lr_ws/install/mapping:/home/williamfbx/Lunar-ROADSTER/lr_ws/install/localization:/home/williamfbx/Lunar-ROADSTER/lr_ws/install/elevation_mapping:/home/williamfbx/Lunar-ROADSTER/lr_ws/install/kindr_ros:/home/williamfbx/Lunar-ROADSTER/lr_ws/install/kindr_msgs:/home/williamfbx/Lunar-ROADSTER/lr_ws/install/kindr:/home/williamfbx/Lunar-ROADSTER/lr_ws/install/imu:/home/williamfbx/Lunar-ROADSTER/lr_ws/install/grid_map:/home/williamfbx/Lunar-ROADSTER/lr_ws/install/grid_map_demos:/home/williamfbx/Lunar-ROADSTER/lr_ws/install/grid_map_visualization:/home/williamfbx/Lunar-ROADSTER/lr_ws/install/grid_map_sdf:/home/williamfbx/Lunar-ROADSTER/lr_ws/install/grid_map_rviz_plugin:/home/williamfbx/Lunar-ROADSTER/lr_ws/install/grid_map_pcl:/home/williamfbx/Lunar-ROADSTER/lr_ws/install/grid_map_loader:/home/williamfbx/Lunar-ROADSTER/lr_ws/install/grid_map_filters:/home/williamfbx/Lunar-ROADSTER/lr_ws/install/grid_map_ros:/home/williamfbx/Lunar-ROADSTER/lr_ws/install/grid_map_octomap:/home/williamfbx/Lunar-ROADSTER/lr_ws/install/grid_map_msgs:/home/williamfbx/Lunar-ROADSTER/lr_ws/install/grid_map_cv:/home/williamfbx/Lunar-ROADSTER/lr_ws/install/grid_map_costmap_2d:/home/williamfbx/Lunar-ROADSTER/lr_ws/install/grid_map_core:/home/williamfbx/Lunar-ROADSTER/lr_ws/install/arduino:/home/williamfbx/Lunar-ROADSTER/lr_ws/install/cg_msgs:/opt/ros/humble /usr/bin/cmake /home/williamfbx/Lunar-ROADSTER/lr_ws/src/drivers/grid_map/grid_map_core -DCMAKE_INSTALL_PREFIX=/home/williamfbx/Lunar-ROADSTER/lr_ws/install/grid_map_core
[0.401s] -- The C compiler identification is GNU 11.4.0
[0.401s] -- The CXX compiler identification is GNU 11.4.0
[0.402s] -- Detecting C compiler ABI info
[0.402s] -- Detecting C compiler ABI info - done
[0.402s] -- Check for working C compiler: /usr/bin/cc - skipped
[0.402s] -- Detecting C compile features
[0.402s] -- Detecting C compile features - done
[0.402s] -- Detecting CXX compiler ABI info
[0.402s] -- Detecting CXX compiler ABI info - done
[0.402s] -- Check for working CXX compiler: /usr/bin/c++ - skipped
[0.402s] -- Detecting CXX compile features
[0.402s] -- Detecting CXX compile features - done
[0.402s] -- Found ament_cmake: 1.3.11 (/opt/ros/humble/share/ament_cmake/cmake)
[0.723s] -- Found Python3: /usr/bin/python3 (found version "3.10.12") found components: Interpreter 
[0.932s] -- Found grid_map_cmake_helpers: 2.0.1 (/home/williamfbx/Lunar-ROADSTER/lr_ws/install/grid_map_cmake_helpers/share/grid_map_cmake_helpers/cmake)
[0.942s] -- Setting build type to Release as none was specified.
[0.947s] -- Found ament_lint_auto: 0.12.11 (/opt/ros/humble/share/ament_lint_auto/cmake)
[1.080s] -- Found gtest sources under '/opt/ros/humble/src/gtest_vendor': C++ tests using 'Google Test' will be built
[1.087s] -- Looking for pthread.h
[1.194s] -- Looking for pthread.h - found
[1.195s] -- Performing Test CMAKE_HAVE_LIBC_PTHREAD
[1.394s] -- Performing Test CMAKE_HAVE_LIBC_PTHREAD - Success
[1.395s] -- Found Threads: TRUE  
[1.419s] -- Added test 'cppcheck' to perform static code analysis on C / C++ code
[1.419s] -- Configured cppcheck include dirs: $<BUILD_INTERFACE:/home/williamfbx/Lunar-ROADSTER/lr_ws/src/drivers/grid_map/grid_map_core/include>
[1.419s] -- Configured cppcheck exclude dirs and/or files: 
[1.436s] -- Added test 'lint_cmake' to check CMake code style
[1.460s] -- Added test 'uncrustify' to check C / C++ code style
[1.460s] -- Configured uncrustify additional arguments: 
[1.461s] -- Added test 'xmllint' to check XML markup files
[1.480s] -- Configuring done
[1.548s] -- Generating done
[1.562s] -- Build files have been written to: /home/williamfbx/Lunar-ROADSTER/lr_ws/build/grid_map_core
[1.610s] Invoked command in '/home/williamfbx/Lunar-ROADSTER/lr_ws/build/grid_map_core' returned '0': CMAKE_PREFIX_PATH=/home/williamfbx/Lunar-ROADSTER/lr_ws/install/grid_map_cmake_helpers:/home/williamfbx/Lunar-ROADSTER/lr_ws/install/zed_ros2:/home/williamfbx/Lunar-ROADSTER/lr_ws/install/zed_robot_integration:/home/williamfbx/Lunar-ROADSTER/lr_ws/install/zed_ipc:/home/williamfbx/Lunar-ROADSTER/lr_ws/install/zed_multi_camera:/home/williamfbx/Lunar-ROADSTER/lr_ws/install/zed_display_rviz2:/home/williamfbx/Lunar-ROADSTER/lr_ws/install/zed_depth_to_laserscan:/home/williamfbx/Lunar-ROADSTER/lr_ws/install/zed_wrapper:/home/williamfbx/Lunar-ROADSTER/lr_ws/install/zed_tutorial_video:/home/williamfbx/Lunar-ROADSTER/lr_ws/install/zed_tutorial_pos_tracking:/home/williamfbx/Lunar-ROADSTER/lr_ws/install/zed_tutorial_depth:/home/williamfbx/Lunar-ROADSTER/lr_ws/install/zed_topic_benchmark:/home/williamfbx/Lunar-ROADSTER/lr_ws/install/zed_topic_benchmark_component:/home/williamfbx/Lunar-ROADSTER/lr_ws/install/zed_topic_benchmark_interfaces:/home/williamfbx/Lunar-ROADSTER/lr_ws/install/zed_rgb_convert:/home/williamfbx/Lunar-ROADSTER/lr_ws/install/zed_aruco_localization:/home/williamfbx/Lunar-ROADSTER/lr_ws/install/zed_components:/home/williamfbx/Lunar-ROADSTER/lr_ws/install/teleop:/home/williamfbx/Lunar-ROADSTER/lr_ws/install/sensing:/home/williamfbx/Lunar-ROADSTER/lr_ws/install/rviz_plugin_zed_od:/home/williamfbx/Lunar-ROADSTER/lr_ws/install/motion_control:/home/williamfbx/Lunar-ROADSTER/lr_ws/install/mapping:/home/williamfbx/Lunar-ROADSTER/lr_ws/install/localization:/home/williamfbx/Lunar-ROADSTER/lr_ws/install/elevation_mapping:/home/williamfbx/Lunar-ROADSTER/lr_ws/install/kindr_ros:/home/williamfbx/Lunar-ROADSTER/lr_ws/install/kindr_msgs:/home/williamfbx/Lunar-ROADSTER/lr_ws/install/kindr:/home/williamfbx/Lunar-ROADSTER/lr_ws/install/imu:/home/williamfbx/Lunar-ROADSTER/lr_ws/install/grid_map:/home/williamfbx/Lunar-ROADSTER/lr_ws/install/grid_map_demos:/home/williamfbx/Lunar-ROADSTER/lr_ws/install/grid_map_visualization:/home/williamfbx/Lunar-ROADSTER/lr_ws/install/grid_map_sdf:/home/williamfbx/Lunar-ROADSTER/lr_ws/install/grid_map_rviz_plugin:/home/williamfbx/Lunar-ROADSTER/lr_ws/install/grid_map_pcl:/home/williamfbx/Lunar-ROADSTER/lr_ws/install/grid_map_loader:/home/williamfbx/Lunar-ROADSTER/lr_ws/install/grid_map_filters:/home/williamfbx/Lunar-ROADSTER/lr_ws/install/grid_map_ros:/home/williamfbx/Lunar-ROADSTER/lr_ws/install/grid_map_octomap:/home/williamfbx/Lunar-ROADSTER/lr_ws/install/grid_map_msgs:/home/williamfbx/Lunar-ROADSTER/lr_ws/install/grid_map_cv:/home/williamfbx/Lunar-ROADSTER/lr_ws/install/grid_map_costmap_2d:/home/williamfbx/Lunar-ROADSTER/lr_ws/install/grid_map_core:/home/williamfbx/Lunar-ROADSTER/lr_ws/install/arduino:/home/williamfbx/Lunar-ROADSTER/lr_ws/install/cg_msgs:/opt/ros/humble /usr/bin/cmake /home/williamfbx/Lunar-ROADSTER/lr_ws/src/drivers/grid_map/grid_map_core -DCMAKE_INSTALL_PREFIX=/home/williamfbx/Lunar-ROADSTER/lr_ws/install/grid_map_core
[1.610s] Invoking command in '/home/williamfbx/Lunar-ROADSTER/lr_ws/build/grid_map_core': CMAKE_PREFIX_PATH=/home/williamfbx/Lunar-ROADSTER/lr_ws/install/grid_map_cmake_helpers:/home/williamfbx/Lunar-ROADSTER/lr_ws/install/zed_ros2:/home/williamfbx/Lunar-ROADSTER/lr_ws/install/zed_robot_integration:/home/williamfbx/Lunar-ROADSTER/lr_ws/install/zed_ipc:/home/williamfbx/Lunar-ROADSTER/lr_ws/install/zed_multi_camera:/home/williamfbx/Lunar-ROADSTER/lr_ws/install/zed_display_rviz2:/home/williamfbx/Lunar-ROADSTER/lr_ws/install/zed_depth_to_laserscan:/home/williamfbx/Lunar-ROADSTER/lr_ws/install/zed_wrapper:/home/williamfbx/Lunar-ROADSTER/lr_ws/install/zed_tutorial_video:/home/williamfbx/Lunar-ROADSTER/lr_ws/install/zed_tutorial_pos_tracking:/home/williamfbx/Lunar-ROADSTER/lr_ws/install/zed_tutorial_depth:/home/williamfbx/Lunar-ROADSTER/lr_ws/install/zed_topic_benchmark:/home/williamfbx/Lunar-ROADSTER/lr_ws/install/zed_topic_benchmark_component:/home/williamfbx/Lunar-ROADSTER/lr_ws/install/zed_topic_benchmark_interfaces:/home/williamfbx/Lunar-ROADSTER/lr_ws/install/zed_rgb_convert:/home/williamfbx/Lunar-ROADSTER/lr_ws/install/zed_aruco_localization:/home/williamfbx/Lunar-ROADSTER/lr_ws/install/zed_components:/home/williamfbx/Lunar-ROADSTER/lr_ws/install/teleop:/home/williamfbx/Lunar-ROADSTER/lr_ws/install/sensing:/home/williamfbx/Lunar-ROADSTER/lr_ws/install/rviz_plugin_zed_od:/home/williamfbx/Lunar-ROADSTER/lr_ws/install/motion_control:/home/williamfbx/Lunar-ROADSTER/lr_ws/install/mapping:/home/williamfbx/Lunar-ROADSTER/lr_ws/install/localization:/home/williamfbx/Lunar-ROADSTER/lr_ws/install/elevation_mapping:/home/williamfbx/Lunar-ROADSTER/lr_ws/install/kindr_ros:/home/williamfbx/Lunar-ROADSTER/lr_ws/install/kindr_msgs:/home/williamfbx/Lunar-ROADSTER/lr_ws/install/kindr:/home/williamfbx/Lunar-ROADSTER/lr_ws/install/imu:/home/williamfbx/Lunar-ROADSTER/lr_ws/install/grid_map:/home/williamfbx/Lunar-ROADSTER/lr_ws/install/grid_map_demos:/home/williamfbx/Lunar-ROADSTER/lr_ws/install/grid_map_visualization:/home/williamfbx/Lunar-ROADSTER/lr_ws/install/grid_map_sdf:/home/williamfbx/Lunar-ROADSTER/lr_ws/install/grid_map_rviz_plugin:/home/williamfbx/Lunar-ROADSTER/lr_ws/install/grid_map_pcl:/home/williamfbx/Lunar-ROADSTER/lr_ws/install/grid_map_loader:/home/williamfbx/Lunar-ROADSTER/lr_ws/install/grid_map_filters:/home/williamfbx/Lunar-ROADSTER/lr_ws/install/grid_map_ros:/home/williamfbx/Lunar-ROADSTER/lr_ws/install/grid_map_octomap:/home/williamfbx/Lunar-ROADSTER/lr_ws/install/grid_map_msgs:/home/williamfbx/Lunar-ROADSTER/lr_ws/install/grid_map_cv:/home/williamfbx/Lunar-ROADSTER/lr_ws/install/grid_map_costmap_2d:/home/williamfbx/Lunar-ROADSTER/lr_ws/install/grid_map_core:/home/williamfbx/Lunar-ROADSTER/lr_ws/install/arduino:/home/williamfbx/Lunar-ROADSTER/lr_ws/install/cg_msgs:/opt/ros/humble /usr/bin/cmake --build /home/williamfbx/Lunar-ROADSTER/lr_ws/build/grid_map_core -- -j12 -l12
[8.278s] [  2%] [32mBuilding CXX object gtest/CMakeFiles/gtest_main.dir/src/gtest_main.cc.o[0m
[8.278s] [  5%] [32mBuilding CXX object CMakeFiles/grid_map_core.dir/src/GridMap.cpp.o[0m
[8.278s] [  8%] [32mBuilding CXX object CMakeFiles/grid_map_core.dir/src/BufferRegion.cpp.o[0m
[8.279s] [ 11%] [32mBuilding CXX object CMakeFiles/grid_map_core.dir/src/GridMapMath.cpp.o[0m
[8.279s] [ 14%] [32mBuilding CXX object CMakeFiles/grid_map_core.dir/src/Polygon.cpp.o[0m
[8.279s] [ 17%] [32mBuilding CXX object gtest/CMakeFiles/gtest.dir/src/gtest-all.cc.o[0m
[8.279s] [ 20%] [32mBuilding CXX object CMakeFiles/grid_map_core.dir/src/iterators/SubmapIterator.cpp.o[0m
[8.279s] [ 22%] [32mBuilding CXX object CMakeFiles/grid_map_core.dir/src/SubmapGeometry.cpp.o[0m
[8.279s] [ 25%] [32mBuilding CXX object CMakeFiles/grid_map_core.dir/src/iterators/GridMapIterator.cpp.o[0m
[8.279s] [ 31%] [32mBuilding CXX object CMakeFiles/grid_map_core.dir/src/iterators/CircleIterator.cpp.o[0m
[8.279s] [ 34%] [32mBuilding CXX object CMakeFiles/grid_map_core.dir/src/iterators/EllipseIterator.cpp.o[0m
[8.279s] [ 28%] [32mBuilding CXX object CMakeFiles/grid_map_core.dir/src/CubicInterpolation.cpp.o[0m
[8.279s] [ 37%] [32m[1mLinking CXX static library libgtest_main.a[0m
[8.279s] [ 37%] Built target gtest_main
[8.280s] [ 40%] [32mBuilding CXX object CMakeFiles/grid_map_core.dir/src/iterators/SpiralIterator.cpp.o[0m
[8.280s] [ 42%] [32mBuilding CXX object CMakeFiles/grid_map_core.dir/src/iterators/PolygonIterator.cpp.o[0m
[8.280s] [ 45%] [32mBuilding CXX object CMakeFiles/grid_map_core.dir/src/iterators/LineIterator.cpp.o[0m
[8.280s] [ 48%] [32mBuilding CXX object CMakeFiles/grid_map_core.dir/src/iterators/SlidingWindowIterator.cpp.o[0m
[29.508s] [ 51%] [32m[1mLinking CXX static library libgtest.a[0m
[29.602s] [ 51%] Built target gtest
[30.546s] [ 54%] [32m[1mLinking CXX static library libgrid_map_core.a[0m
[30.641s] [ 54%] Built target grid_map_core
[30.701s] [ 57%] [32mBuilding CXX object CMakeFiles/grid_map_core-test.dir/test/test_grid_map_core.cpp.o[0m
[32.671s] [ 60%] [32mBuilding CXX object CMakeFiles/grid_map_core-test.dir/test/PolygonTest.cpp.o[0m
[38.902s] [ 62%] [32mBuilding CXX object CMakeFiles/grid_map_core-test.dir/test/EigenPluginsTest.cpp.o[0m
[44.634s] [ 65%] [32mBuilding CXX object CMakeFiles/grid_map_core-test.dir/test/SpiralIteratorTest.cpp.o[0m
[48.631s] [ 68%] [32mBuilding CXX object CMakeFiles/grid_map_core-test.dir/test/SlidingWindowIteratorTest.cpp.o[0m
[53.833s] [ 71%] [32mBuilding CXX object CMakeFiles/grid_map_core-test.dir/test/PolygonIteratorTest.cpp.o[0m
[58.537s] [ 74%] [32mBuilding CXX object CMakeFiles/grid_map_core-test.dir/test/SubmapIteratorTest.cpp.o[0m
[61.984s] [ 77%] [32mBuilding CXX object CMakeFiles/grid_map_core-test.dir/test/EllipseIteratorTest.cpp.o[0m
[63.849s] [ 80%] [32mBuilding CXX object CMakeFiles/grid_map_core-test.dir/test/LineIteratorTest.cpp.o[0m
[66.264s] [ 82%] [32mBuilding CXX object CMakeFiles/grid_map_core-test.dir/test/GridMapIteratorTest.cpp.o[0m
[68.878s] [ 85%] [32mBuilding CXX object CMakeFiles/grid_map_core-test.dir/test/GridMapTest.cpp.o[0m
[71.868s] [ 88%] [32mBuilding CXX object CMakeFiles/grid_map_core-test.dir/test/GridMapMathTest.cpp.o[0m
[76.209s] [ 91%] [32mBuilding CXX object CMakeFiles/grid_map_core-test.dir/test/CubicInterpolationTest.cpp.o[0m
[79.023s] [ 94%] [32mBuilding CXX object CMakeFiles/grid_map_core-test.dir/test/CubicConvolutionInterpolationTest.cpp.o[0m
[81.130s] [ 97%] [32mBuilding CXX object CMakeFiles/grid_map_core-test.dir/test/test_helpers.cpp.o[0m
[82.877s] [100%] [32m[1mLinking CXX executable grid_map_core-test[0m
[82.998s] [100%] Built target grid_map_core-test
[83.012s] Invoked command in '/home/williamfbx/Lunar-ROADSTER/lr_ws/build/grid_map_core' returned '0': CMAKE_PREFIX_PATH=/home/williamfbx/Lunar-ROADSTER/lr_ws/install/grid_map_cmake_helpers:/home/williamfbx/Lunar-ROADSTER/lr_ws/install/zed_ros2:/home/williamfbx/Lunar-ROADSTER/lr_ws/install/zed_robot_integration:/home/williamfbx/Lunar-ROADSTER/lr_ws/install/zed_ipc:/home/williamfbx/Lunar-ROADSTER/lr_ws/install/zed_multi_camera:/home/williamfbx/Lunar-ROADSTER/lr_ws/install/zed_display_rviz2:/home/williamfbx/Lunar-ROADSTER/lr_ws/install/zed_depth_to_laserscan:/home/williamfbx/Lunar-ROADSTER/lr_ws/install/zed_wrapper:/home/williamfbx/Lunar-ROADSTER/lr_ws/install/zed_tutorial_video:/home/williamfbx/Lunar-ROADSTER/lr_ws/install/zed_tutorial_pos_tracking:/home/williamfbx/Lunar-ROADSTER/lr_ws/install/zed_tutorial_depth:/home/williamfbx/Lunar-ROADSTER/lr_ws/install/zed_topic_benchmark:/home/williamfbx/Lunar-ROADSTER/lr_ws/install/zed_topic_benchmark_component:/home/williamfbx/Lunar-ROADSTER/lr_ws/install/zed_topic_benchmark_interfaces:/home/williamfbx/Lunar-ROADSTER/lr_ws/install/zed_rgb_convert:/home/williamfbx/Lunar-ROADSTER/lr_ws/install/zed_aruco_localization:/home/williamfbx/Lunar-ROADSTER/lr_ws/install/zed_components:/home/williamfbx/Lunar-ROADSTER/lr_ws/install/teleop:/home/williamfbx/Lunar-ROADSTER/lr_ws/install/sensing:/home/williamfbx/Lunar-ROADSTER/lr_ws/install/rviz_plugin_zed_od:/home/williamfbx/Lunar-ROADSTER/lr_ws/install/motion_control:/home/williamfbx/Lunar-ROADSTER/lr_ws/install/mapping:/home/williamfbx/Lunar-ROADSTER/lr_ws/install/localization:/home/williamfbx/Lunar-ROADSTER/lr_ws/install/elevation_mapping:/home/williamfbx/Lunar-ROADSTER/lr_ws/install/kindr_ros:/home/williamfbx/Lunar-ROADSTER/lr_ws/install/kindr_msgs:/home/williamfbx/Lunar-ROADSTER/lr_ws/install/kindr:/home/williamfbx/Lunar-ROADSTER/lr_ws/install/imu:/home/williamfbx/Lunar-ROADSTER/lr_ws/install/grid_map:/home/williamfbx/Lunar-ROADSTER/lr_ws/install/grid_map_demos:/home/williamfbx/Lunar-ROADSTER/lr_ws/install/grid_map_visualization:/home/williamfbx/Lunar-ROADSTER/lr_ws/install/grid_map_sdf:/home/williamfbx/Lunar-ROADSTER/lr_ws/install/grid_map_rviz_plugin:/home/williamfbx/Lunar-ROADSTER/lr_ws/install/grid_map_pcl:/home/williamfbx/Lunar-ROADSTER/lr_ws/install/grid_map_loader:/home/williamfbx/Lunar-ROADSTER/lr_ws/install/grid_map_filters:/home/williamfbx/Lunar-ROADSTER/lr_ws/install/grid_map_ros:/home/williamfbx/Lunar-ROADSTER/lr_ws/install/grid_map_octomap:/home/williamfbx/Lunar-ROADSTER/lr_ws/install/grid_map_msgs:/home/williamfbx/Lunar-ROADSTER/lr_ws/install/grid_map_cv:/home/williamfbx/Lunar-ROADSTER/lr_ws/install/grid_map_costmap_2d:/home/williamfbx/Lunar-ROADSTER/lr_ws/install/grid_map_core:/home/williamfbx/Lunar-ROADSTER/lr_ws/install/arduino:/home/williamfbx/Lunar-ROADSTER/lr_ws/install/cg_msgs:/opt/ros/humble /usr/bin/cmake --build /home/williamfbx/Lunar-ROADSTER/lr_ws/build/grid_map_core -- -j12 -l12
[83.014s] Invoking command in '/home/williamfbx/Lunar-ROADSTER/lr_ws/build/grid_map_core': CMAKE_PREFIX_PATH=/home/williamfbx/Lunar-ROADSTER/lr_ws/install/grid_map_cmake_helpers:/home/williamfbx/Lunar-ROADSTER/lr_ws/install/zed_ros2:/home/williamfbx/Lunar-ROADSTER/lr_ws/install/zed_robot_integration:/home/williamfbx/Lunar-ROADSTER/lr_ws/install/zed_ipc:/home/williamfbx/Lunar-ROADSTER/lr_ws/install/zed_multi_camera:/home/williamfbx/Lunar-ROADSTER/lr_ws/install/zed_display_rviz2:/home/williamfbx/Lunar-ROADSTER/lr_ws/install/zed_depth_to_laserscan:/home/williamfbx/Lunar-ROADSTER/lr_ws/install/zed_wrapper:/home/williamfbx/Lunar-ROADSTER/lr_ws/install/zed_tutorial_video:/home/williamfbx/Lunar-ROADSTER/lr_ws/install/zed_tutorial_pos_tracking:/home/williamfbx/Lunar-ROADSTER/lr_ws/install/zed_tutorial_depth:/home/williamfbx/Lunar-ROADSTER/lr_ws/install/zed_topic_benchmark:/home/williamfbx/Lunar-ROADSTER/lr_ws/install/zed_topic_benchmark_component:/home/williamfbx/Lunar-ROADSTER/lr_ws/install/zed_topic_benchmark_interfaces:/home/williamfbx/Lunar-ROADSTER/lr_ws/install/zed_rgb_convert:/home/williamfbx/Lunar-ROADSTER/lr_ws/install/zed_aruco_localization:/home/williamfbx/Lunar-ROADSTER/lr_ws/install/zed_components:/home/williamfbx/Lunar-ROADSTER/lr_ws/install/teleop:/home/williamfbx/Lunar-ROADSTER/lr_ws/install/sensing:/home/williamfbx/Lunar-ROADSTER/lr_ws/install/rviz_plugin_zed_od:/home/williamfbx/Lunar-ROADSTER/lr_ws/install/motion_control:/home/williamfbx/Lunar-ROADSTER/lr_ws/install/mapping:/home/williamfbx/Lunar-ROADSTER/lr_ws/install/localization:/home/williamfbx/Lunar-ROADSTER/lr_ws/install/elevation_mapping:/home/williamfbx/Lunar-ROADSTER/lr_ws/install/kindr_ros:/home/williamfbx/Lunar-ROADSTER/lr_ws/install/kindr_msgs:/home/williamfbx/Lunar-ROADSTER/lr_ws/install/kindr:/home/williamfbx/Lunar-ROADSTER/lr_ws/install/imu:/home/williamfbx/Lunar-ROADSTER/lr_ws/install/grid_map:/home/williamfbx/Lunar-ROADSTER/lr_ws/install/grid_map_demos:/home/williamfbx/Lunar-ROADSTER/lr_ws/install/grid_map_visualization:/home/williamfbx/Lunar-ROADSTER/lr_ws/install/grid_map_sdf:/home/williamfbx/Lunar-ROADSTER/lr_ws/install/grid_map_rviz_plugin:/home/williamfbx/Lunar-ROADSTER/lr_ws/install/grid_map_pcl:/home/williamfbx/Lunar-ROADSTER/lr_ws/install/grid_map_loader:/home/williamfbx/Lunar-ROADSTER/lr_ws/install/grid_map_filters:/home/williamfbx/Lunar-ROADSTER/lr_ws/install/grid_map_ros:/home/williamfbx/Lunar-ROADSTER/lr_ws/install/grid_map_octomap:/home/williamfbx/Lunar-ROADSTER/lr_ws/install/grid_map_msgs:/home/williamfbx/Lunar-ROADSTER/lr_ws/install/grid_map_cv:/home/williamfbx/Lunar-ROADSTER/lr_ws/install/grid_map_costmap_2d:/home/williamfbx/Lunar-ROADSTER/lr_ws/install/grid_map_core:/home/williamfbx/Lunar-ROADSTER/lr_ws/install/arduino:/home/williamfbx/Lunar-ROADSTER/lr_ws/install/cg_msgs:/opt/ros/humble /usr/bin/cmake --install /home/williamfbx/Lunar-ROADSTER/lr_ws/build/grid_map_core
[83.023s] -- Install configuration: "Release"
[83.023s] -- Installing: /home/williamfbx/Lunar-ROADSTER/lr_ws/install/grid_map_core/lib/libgrid_map_core.a
[83.024s] -- Installing: /home/williamfbx/Lunar-ROADSTER/lr_ws/install/grid_map_core/include/grid_map_core
[83.024s] -- Installing: /home/williamfbx/Lunar-ROADSTER/lr_ws/install/grid_map_core/include/grid_map_core/grid_map_core
[83.024s] -- Installing: /home/williamfbx/Lunar-ROADSTER/lr_ws/install/grid_map_core/include/grid_map_core/grid_map_core/grid_map_core.hpp
[83.024s] -- Installing: /home/williamfbx/Lunar-ROADSTER/lr_ws/install/grid_map_core/include/grid_map_core/grid_map_core/GridMapMath.hpp
[83.025s] -- Installing: /home/williamfbx/Lunar-ROADSTER/lr_ws/install/grid_map_core/include/grid_map_core/grid_map_core/Polygon.hpp
[83.025s] -- Installing: /home/williamfbx/Lunar-ROADSTER/lr_ws/install/grid_map_core/include/grid_map_core/grid_map_core/iterators
[83.025s] -- Installing: /home/williamfbx/Lunar-ROADSTER/lr_ws/install/grid_map_core/include/grid_map_core/grid_map_core/iterators/EllipseIterator.hpp
[83.025s] -- Installing: /home/williamfbx/Lunar-ROADSTER/lr_ws/install/grid_map_core/include/grid_map_core/grid_map_core/iterators/SubmapIterator.hpp
[83.025s] -- Installing: /home/williamfbx/Lunar-ROADSTER/lr_ws/install/grid_map_core/include/grid_map_core/grid_map_core/iterators/SlidingWindowIterator.hpp
[83.025s] -- Installing: /home/williamfbx/Lunar-ROADSTER/lr_ws/install/grid_map_core/include/grid_map_core/grid_map_core/iterators/LineIterator.hpp
[83.025s] -- Installing: /home/williamfbx/Lunar-ROADSTER/lr_ws/install/grid_map_core/include/grid_map_core/grid_map_core/iterators/iterators.hpp
[83.025s] -- Installing: /home/williamfbx/Lunar-ROADSTER/lr_ws/install/grid_map_core/include/grid_map_core/grid_map_core/iterators/CircleIterator.hpp
[83.025s] -- Installing: /home/williamfbx/Lunar-ROADSTER/lr_ws/install/grid_map_core/include/grid_map_core/grid_map_core/iterators/PolygonIterator.hpp
[83.025s] -- Installing: /home/williamfbx/Lunar-ROADSTER/lr_ws/install/grid_map_core/include/grid_map_core/grid_map_core/iterators/GridMapIterator.hpp
[83.025s] -- Installing: /home/williamfbx/Lunar-ROADSTER/lr_ws/install/grid_map_core/include/grid_map_core/grid_map_core/iterators/SpiralIterator.hpp
[83.026s] -- Installing: /home/williamfbx/Lunar-ROADSTER/lr_ws/install/grid_map_core/include/grid_map_core/grid_map_core/GridMap.hpp
[83.026s] -- Installing: /home/williamfbx/Lunar-ROADSTER/lr_ws/install/grid_map_core/include/grid_map_core/grid_map_core/TypeDefs.hpp
[83.026s] -- Installing: /home/williamfbx/Lunar-ROADSTER/lr_ws/install/grid_map_core/include/grid_map_core/grid_map_core/CubicInterpolation.hpp
[83.026s] -- Installing: /home/williamfbx/Lunar-ROADSTER/lr_ws/install/grid_map_core/include/grid_map_core/grid_map_core/eigen_plugins
[83.026s] -- Installing: /home/williamfbx/Lunar-ROADSTER/lr_ws/install/grid_map_core/include/grid_map_core/grid_map_core/eigen_plugins/DenseBasePlugin.hpp
[83.026s] -- Installing: /home/williamfbx/Lunar-ROADSTER/lr_ws/install/grid_map_core/include/grid_map_core/grid_map_core/eigen_plugins/FunctorsPlugin.hpp
[83.026s] -- Installing: /home/williamfbx/Lunar-ROADSTER/lr_ws/install/grid_map_core/include/grid_map_core/grid_map_core/eigen_plugins/Functors.hpp
[83.027s] -- Installing: /home/williamfbx/Lunar-ROADSTER/lr_ws/install/grid_map_core/include/grid_map_core/grid_map_core/BufferRegion.hpp
[83.027s] -- Installing: /home/williamfbx/Lunar-ROADSTER/lr_ws/install/grid_map_core/include/grid_map_core/grid_map_core/gtest_eigen.hpp
[83.027s] -- Installing: /home/williamfbx/Lunar-ROADSTER/lr_ws/install/grid_map_core/include/grid_map_core/grid_map_core/SubmapGeometry.hpp
[83.027s] -- Installing: /home/williamfbx/Lunar-ROADSTER/lr_ws/install/grid_map_core/share/grid_map_core/doc
[83.027s] -- Installing: /home/williamfbx/Lunar-ROADSTER/lr_ws/install/grid_map_core/share/grid_map_core/doc/move_method.gif
[83.028s] -- Installing: /home/williamfbx/Lunar-ROADSTER/lr_ws/install/grid_map_core/share/grid_map_core/doc/interpolationSineWorld.gif
[83.029s] -- Installing: /home/williamfbx/Lunar-ROADSTER/lr_ws/install/grid_map_core/share/grid_map_core/doc/iterators
[83.029s] -- Installing: /home/williamfbx/Lunar-ROADSTER/lr_ws/install/grid_map_core/share/grid_map_core/doc/iterators/spiral_iterator_preview.gif
[83.029s] -- Installing: /home/williamfbx/Lunar-ROADSTER/lr_ws/install/grid_map_core/share/grid_map_core/doc/iterators/ellipse_iterator_preview.gif
[83.030s] -- Installing: /home/williamfbx/Lunar-ROADSTER/lr_ws/install/grid_map_core/share/grid_map_core/doc/iterators/grid_map_iterator_preview.gif
[83.030s] -- Installing: /home/williamfbx/Lunar-ROADSTER/lr_ws/install/grid_map_core/share/grid_map_core/doc/iterators/line_iterator_preview.gif
[83.030s] -- Installing: /home/williamfbx/Lunar-ROADSTER/lr_ws/install/grid_map_core/share/grid_map_core/doc/iterators/submap_iterator_preview.gif
[83.030s] -- Installing: /home/williamfbx/Lunar-ROADSTER/lr_ws/install/grid_map_core/share/grid_map_core/doc/iterators/polygon_iterator.gif
[83.031s] -- Installing: /home/williamfbx/Lunar-ROADSTER/lr_ws/install/grid_map_core/share/grid_map_core/doc/iterators/submap_iterator.gif
[83.031s] -- Installing: /home/williamfbx/Lunar-ROADSTER/lr_ws/install/grid_map_core/share/grid_map_core/doc/iterators/spiral_iterator.gif
[83.032s] -- Installing: /home/williamfbx/Lunar-ROADSTER/lr_ws/install/grid_map_core/share/grid_map_core/doc/iterators/ellipse_iterator.gif
[83.032s] -- Installing: /home/williamfbx/Lunar-ROADSTER/lr_ws/install/grid_map_core/share/grid_map_core/doc/iterators/line_iterator.gif
[83.032s] -- Installing: /home/williamfbx/Lunar-ROADSTER/lr_ws/install/grid_map_core/share/grid_map_core/doc/iterators/circle_iterator_preview.gif
[83.033s] -- Installing: /home/williamfbx/Lunar-ROADSTER/lr_ws/install/grid_map_core/share/grid_map_core/doc/iterators/grid_map_iterator.gif
[83.033s] -- Installing: /home/williamfbx/Lunar-ROADSTER/lr_ws/install/grid_map_core/share/grid_map_core/doc/iterators/polygon_iterator_preview.gif
[83.033s] -- Installing: /home/williamfbx/Lunar-ROADSTER/lr_ws/install/grid_map_core/share/grid_map_core/doc/iterators/circle_iterator.gif
[83.034s] -- Installing: /home/williamfbx/Lunar-ROADSTER/lr_ws/install/grid_map_core/share/grid_map_core/doc/grid_map_layers.pdf
[83.034s] -- Installing: /home/williamfbx/Lunar-ROADSTER/lr_ws/install/grid_map_core/share/grid_map_core/doc/grid_map_conventions.pdf
[83.035s] -- Installing: /home/williamfbx/Lunar-ROADSTER/lr_ws/install/grid_map_core/share/grid_map_core/doc/grid_map_layers.png
[83.035s] -- Installing: /home/williamfbx/Lunar-ROADSTER/lr_ws/install/grid_map_core/share/grid_map_core/doc/setposition_method.gif
[83.036s] -- Installing: /home/williamfbx/Lunar-ROADSTER/lr_ws/install/grid_map_core/share/grid_map_core/doc/grid_map_conventions.png
[83.037s] -- Installing: /home/williamfbx/Lunar-ROADSTER/lr_ws/install/grid_map_core/share/grid_map_core/doc/interpolationGaussWorld.gif
[83.038s] -- Installing: /home/williamfbx/Lunar-ROADSTER/lr_ws/install/grid_map_core/share/grid_map_core/environment/library_path.sh
[83.038s] -- Installing: /home/williamfbx/Lunar-ROADSTER/lr_ws/install/grid_map_core/share/grid_map_core/environment/library_path.dsv
[83.038s] -- Installing: /home/williamfbx/Lunar-ROADSTER/lr_ws/install/grid_map_core/share/ament_index/resource_index/package_run_dependencies/grid_map_core
[83.038s] -- Installing: /home/williamfbx/Lunar-ROADSTER/lr_ws/install/grid_map_core/share/ament_index/resource_index/parent_prefix_path/grid_map_core
[83.038s] -- Installing: /home/williamfbx/Lunar-ROADSTER/lr_ws/install/grid_map_core/share/grid_map_core/environment/ament_prefix_path.sh
[83.038s] -- Installing: /home/williamfbx/Lunar-ROADSTER/lr_ws/install/grid_map_core/share/grid_map_core/environment/ament_prefix_path.dsv
[83.038s] -- Installing: /home/williamfbx/Lunar-ROADSTER/lr_ws/install/grid_map_core/share/grid_map_core/environment/path.sh
[83.038s] -- Installing: /home/williamfbx/Lunar-ROADSTER/lr_ws/install/grid_map_core/share/grid_map_core/environment/path.dsv
[83.038s] -- Installing: /home/williamfbx/Lunar-ROADSTER/lr_ws/install/grid_map_core/share/grid_map_core/local_setup.bash
[83.038s] -- Installing: /home/williamfbx/Lunar-ROADSTER/lr_ws/install/grid_map_core/share/grid_map_core/local_setup.sh
[83.039s] -- Installing: /home/williamfbx/Lunar-ROADSTER/lr_ws/install/grid_map_core/share/grid_map_core/local_setup.zsh
[83.039s] -- Installing: /home/williamfbx/Lunar-ROADSTER/lr_ws/install/grid_map_core/share/grid_map_core/local_setup.dsv
[83.039s] -- Installing: /home/williamfbx/Lunar-ROADSTER/lr_ws/install/grid_map_core/share/grid_map_core/package.dsv
[83.039s] -- Installing: /home/williamfbx/Lunar-ROADSTER/lr_ws/install/grid_map_core/share/ament_index/resource_index/packages/grid_map_core
[83.039s] -- Installing: /home/williamfbx/Lunar-ROADSTER/lr_ws/install/grid_map_core/share/grid_map_core/cmake/export_grid_map_coreExport.cmake
[83.039s] -- Installing: /home/williamfbx/Lunar-ROADSTER/lr_ws/install/grid_map_core/share/grid_map_core/cmake/export_grid_map_coreExport-release.cmake
[83.039s] -- Installing: /home/williamfbx/Lunar-ROADSTER/lr_ws/install/grid_map_core/share/grid_map_core/cmake/grid_map_core-extras.cmake
[83.039s] -- Installing: /home/williamfbx/Lunar-ROADSTER/lr_ws/install/grid_map_core/share/grid_map_core/cmake/ament_cmake_export_targets-extras.cmake
[83.039s] -- Installing: /home/williamfbx/Lunar-ROADSTER/lr_ws/install/grid_map_core/share/grid_map_core/cmake/ament_cmake_export_dependencies-extras.cmake
[83.039s] -- Installing: /home/williamfbx/Lunar-ROADSTER/lr_ws/install/grid_map_core/share/grid_map_core/cmake/grid_map_coreConfig.cmake
[83.039s] -- Installing: /home/williamfbx/Lunar-ROADSTER/lr_ws/install/grid_map_core/share/grid_map_core/cmake/grid_map_coreConfig-version.cmake
[83.040s] -- Installing: /home/williamfbx/Lunar-ROADSTER/lr_ws/install/grid_map_core/share/grid_map_core/package.xml
[83.041s] Invoked command in '/home/williamfbx/Lunar-ROADSTER/lr_ws/build/grid_map_core' returned '0': CMAKE_PREFIX_PATH=/home/williamfbx/Lunar-ROADSTER/lr_ws/install/grid_map_cmake_helpers:/home/williamfbx/Lunar-ROADSTER/lr_ws/install/zed_ros2:/home/williamfbx/Lunar-ROADSTER/lr_ws/install/zed_robot_integration:/home/williamfbx/Lunar-ROADSTER/lr_ws/install/zed_ipc:/home/williamfbx/Lunar-ROADSTER/lr_ws/install/zed_multi_camera:/home/williamfbx/Lunar-ROADSTER/lr_ws/install/zed_display_rviz2:/home/williamfbx/Lunar-ROADSTER/lr_ws/install/zed_depth_to_laserscan:/home/williamfbx/Lunar-ROADSTER/lr_ws/install/zed_wrapper:/home/williamfbx/Lunar-ROADSTER/lr_ws/install/zed_tutorial_video:/home/williamfbx/Lunar-ROADSTER/lr_ws/install/zed_tutorial_pos_tracking:/home/williamfbx/Lunar-ROADSTER/lr_ws/install/zed_tutorial_depth:/home/williamfbx/Lunar-ROADSTER/lr_ws/install/zed_topic_benchmark:/home/williamfbx/Lunar-ROADSTER/lr_ws/install/zed_topic_benchmark_component:/home/williamfbx/Lunar-ROADSTER/lr_ws/install/zed_topic_benchmark_interfaces:/home/williamfbx/Lunar-ROADSTER/lr_ws/install/zed_rgb_convert:/home/williamfbx/Lunar-ROADSTER/lr_ws/install/zed_aruco_localization:/home/williamfbx/Lunar-ROADSTER/lr_ws/install/zed_components:/home/williamfbx/Lunar-ROADSTER/lr_ws/install/teleop:/home/williamfbx/Lunar-ROADSTER/lr_ws/install/sensing:/home/williamfbx/Lunar-ROADSTER/lr_ws/install/rviz_plugin_zed_od:/home/williamfbx/Lunar-ROADSTER/lr_ws/install/motion_control:/home/williamfbx/Lunar-ROADSTER/lr_ws/install/mapping:/home/williamfbx/Lunar-ROADSTER/lr_ws/install/localization:/home/williamfbx/Lunar-ROADSTER/lr_ws/install/elevation_mapping:/home/williamfbx/Lunar-ROADSTER/lr_ws/install/kindr_ros:/home/williamfbx/Lunar-ROADSTER/lr_ws/install/kindr_msgs:/home/williamfbx/Lunar-ROADSTER/lr_ws/install/kindr:/home/williamfbx/Lunar-ROADSTER/lr_ws/install/imu:/home/williamfbx/Lunar-ROADSTER/lr_ws/install/grid_map:/home/williamfbx/Lunar-ROADSTER/lr_ws/install/grid_map_demos:/home/williamfbx/Lunar-ROADSTER/lr_ws/install/grid_map_visualization:/home/williamfbx/Lunar-ROADSTER/lr_ws/install/grid_map_sdf:/home/williamfbx/Lunar-ROADSTER/lr_ws/install/grid_map_rviz_plugin:/home/williamfbx/Lunar-ROADSTER/lr_ws/install/grid_map_pcl:/home/williamfbx/Lunar-ROADSTER/lr_ws/install/grid_map_loader:/home/williamfbx/Lunar-ROADSTER/lr_ws/install/grid_map_filters:/home/williamfbx/Lunar-ROADSTER/lr_ws/install/grid_map_ros:/home/williamfbx/Lunar-ROADSTER/lr_ws/install/grid_map_octomap:/home/williamfbx/Lunar-ROADSTER/lr_ws/install/grid_map_msgs:/home/williamfbx/Lunar-ROADSTER/lr_ws/install/grid_map_cv:/home/williamfbx/Lunar-ROADSTER/lr_ws/install/grid_map_costmap_2d:/home/williamfbx/Lunar-ROADSTER/lr_ws/install/grid_map_core:/home/williamfbx/Lunar-ROADSTER/lr_ws/install/arduino:/home/williamfbx/Lunar-ROADSTER/lr_ws/install/cg_msgs:/opt/ros/humble /usr/bin/cmake --install /home/williamfbx/Lunar-ROADSTER/lr_ws/build/grid_map_core
