[0.238s] Invoking command in '/root/Lunar_ROADSTER/lr_ws/build/nav2_core': AMENT_PREFIX_PATH=/root/Lunar_ROADSTER/lr_ws/install/nav2_costmap_2d:/root/Lunar_ROADSTER/lr_ws/install/nav2_map_server:/root/Lunar_ROADSTER/lr_ws/install/nav2_lifecycle_manager:/root/Lunar_ROADSTER/lr_ws/install/nav2_util:/root/Lunar_ROADSTER/lr_ws/install/nav2_voxel_grid:/root/Lunar_ROADSTER/lr_ws/install/nav2_msgs:/root/Lunar_ROADSTER/lr_ws/install/nav2_common:${AMENT_PREFIX_PATH} CMAKE_PREFIX_PATH=/root/Lunar_ROADSTER/lr_ws/install/nav2_costmap_2d:/root/Lunar_ROADSTER/lr_ws/install/nav2_map_server:/root/Lunar_ROADSTER/lr_ws/install/nav2_lifecycle_manager:/root/Lunar_ROADSTER/lr_ws/install/nav2_util:/root/Lunar_ROADSTER/lr_ws/install/nav2_voxel_grid:/root/Lunar_ROADSTER/lr_ws/install/nav2_msgs:/root/Lunar_ROADSTER/lr_ws/install/nav2_common:/opt/ros/humble LD_LIBRARY_PATH=/root/Lunar_ROADSTER/lr_ws/install/nav2_costmap_2d/lib:/root/Lunar_ROADSTER/lr_ws/install/nav2_map_server/lib:/root/Lunar_ROADSTER/lr_ws/install/nav2_lifecycle_manager/lib:/root/Lunar_ROADSTER/lr_ws/install/nav2_util/lib:/root/Lunar_ROADSTER/lr_ws/install/nav2_voxel_grid/lib:/root/Lunar_ROADSTER/lr_ws/install/nav2_msgs/lib:/opt/ros/humble/opt/rviz_ogre_vendor/lib:/opt/ros/humble/lib/aarch64-linux-gnu:/opt/ros/humble/lib:/usr/local/cuda/lib64 PYTHONPATH=/root/Lunar_ROADSTER/lr_ws/install/nav2_msgs/local/lib/python3.10/dist-packages:/root/Lunar_ROADSTER/lr_ws/install/nav2_common/local/lib/python3.10/dist-packages:${PYTHONPATH} /usr/local/bin/cmake --build /root/Lunar_ROADSTER/lr_ws/build/nav2_core -- -j4 -l4
[0.370s] Invoked command in '/root/Lunar_ROADSTER/lr_ws/build/nav2_core' returned '0': AMENT_PREFIX_PATH=/root/Lunar_ROADSTER/lr_ws/install/nav2_costmap_2d:/root/Lunar_ROADSTER/lr_ws/install/nav2_map_server:/root/Lunar_ROADSTER/lr_ws/install/nav2_lifecycle_manager:/root/Lunar_ROADSTER/lr_ws/install/nav2_util:/root/Lunar_ROADSTER/lr_ws/install/nav2_voxel_grid:/root/Lunar_ROADSTER/lr_ws/install/nav2_msgs:/root/Lunar_ROADSTER/lr_ws/install/nav2_common:${AMENT_PREFIX_PATH} CMAKE_PREFIX_PATH=/root/Lunar_ROADSTER/lr_ws/install/nav2_costmap_2d:/root/Lunar_ROADSTER/lr_ws/install/nav2_map_server:/root/Lunar_ROADSTER/lr_ws/install/nav2_lifecycle_manager:/root/Lunar_ROADSTER/lr_ws/install/nav2_util:/root/Lunar_ROADSTER/lr_ws/install/nav2_voxel_grid:/root/Lunar_ROADSTER/lr_ws/install/nav2_msgs:/root/Lunar_ROADSTER/lr_ws/install/nav2_common:/opt/ros/humble LD_LIBRARY_PATH=/root/Lunar_ROADSTER/lr_ws/install/nav2_costmap_2d/lib:/root/Lunar_ROADSTER/lr_ws/install/nav2_map_server/lib:/root/Lunar_ROADSTER/lr_ws/install/nav2_lifecycle_manager/lib:/root/Lunar_ROADSTER/lr_ws/install/nav2_util/lib:/root/Lunar_ROADSTER/lr_ws/install/nav2_voxel_grid/lib:/root/Lunar_ROADSTER/lr_ws/install/nav2_msgs/lib:/opt/ros/humble/opt/rviz_ogre_vendor/lib:/opt/ros/humble/lib/aarch64-linux-gnu:/opt/ros/humble/lib:/usr/local/cuda/lib64 PYTHONPATH=/root/Lunar_ROADSTER/lr_ws/install/nav2_msgs/local/lib/python3.10/dist-packages:/root/Lunar_ROADSTER/lr_ws/install/nav2_common/local/lib/python3.10/dist-packages:${PYTHONPATH} /usr/local/bin/cmake --build /root/Lunar_ROADSTER/lr_ws/build/nav2_core -- -j4 -l4
[0.523s] Invoking command in '/root/Lunar_ROADSTER/lr_ws/build/nav2_core': AMENT_PREFIX_PATH=/root/Lunar_ROADSTER/lr_ws/install/nav2_costmap_2d:/root/Lunar_ROADSTER/lr_ws/install/nav2_map_server:/root/Lunar_ROADSTER/lr_ws/install/nav2_lifecycle_manager:/root/Lunar_ROADSTER/lr_ws/install/nav2_util:/root/Lunar_ROADSTER/lr_ws/install/nav2_voxel_grid:/root/Lunar_ROADSTER/lr_ws/install/nav2_msgs:/root/Lunar_ROADSTER/lr_ws/install/nav2_common:${AMENT_PREFIX_PATH} CMAKE_PREFIX_PATH=/root/Lunar_ROADSTER/lr_ws/install/nav2_costmap_2d:/root/Lunar_ROADSTER/lr_ws/install/nav2_map_server:/root/Lunar_ROADSTER/lr_ws/install/nav2_lifecycle_manager:/root/Lunar_ROADSTER/lr_ws/install/nav2_util:/root/Lunar_ROADSTER/lr_ws/install/nav2_voxel_grid:/root/Lunar_ROADSTER/lr_ws/install/nav2_msgs:/root/Lunar_ROADSTER/lr_ws/install/nav2_common:/opt/ros/humble LD_LIBRARY_PATH=/root/Lunar_ROADSTER/lr_ws/install/nav2_costmap_2d/lib:/root/Lunar_ROADSTER/lr_ws/install/nav2_map_server/lib:/root/Lunar_ROADSTER/lr_ws/install/nav2_lifecycle_manager/lib:/root/Lunar_ROADSTER/lr_ws/install/nav2_util/lib:/root/Lunar_ROADSTER/lr_ws/install/nav2_voxel_grid/lib:/root/Lunar_ROADSTER/lr_ws/install/nav2_msgs/lib:/opt/ros/humble/opt/rviz_ogre_vendor/lib:/opt/ros/humble/lib/aarch64-linux-gnu:/opt/ros/humble/lib:/usr/local/cuda/lib64 PYTHONPATH=/root/Lunar_ROADSTER/lr_ws/install/nav2_msgs/local/lib/python3.10/dist-packages:/root/Lunar_ROADSTER/lr_ws/install/nav2_common/local/lib/python3.10/dist-packages:${PYTHONPATH} /usr/local/bin/cmake --install /root/Lunar_ROADSTER/lr_ws/build/nav2_core
[0.528s] -- Install configuration: "Release"
[0.529s] -- Up-to-date: /root/Lunar_ROADSTER/lr_ws/install/nav2_core/include/
[0.533s] -- Up-to-date: /root/Lunar_ROADSTER/lr_ws/install/nav2_core/include//nav2_core
[0.538s] -- Up-to-date: /root/Lunar_ROADSTER/lr_ws/install/nav2_core/include//nav2_core/behavior.hpp
[0.539s] -- Up-to-date: /root/Lunar_ROADSTER/lr_ws/install/nav2_core/include//nav2_core/controller.hpp
[0.539s] -- Up-to-date: /root/Lunar_ROADSTER/lr_ws/install/nav2_core/include//nav2_core/exceptions.hpp
[0.540s] -- Up-to-date: /root/Lunar_ROADSTER/lr_ws/install/nav2_core/include//nav2_core/global_planner.hpp
[0.540s] -- Up-to-date: /root/Lunar_ROADSTER/lr_ws/install/nav2_core/include//nav2_core/goal_checker.hpp
[0.540s] -- Up-to-date: /root/Lunar_ROADSTER/lr_ws/install/nav2_core/include//nav2_core/progress_checker.hpp
[0.541s] -- Up-to-date: /root/Lunar_ROADSTER/lr_ws/install/nav2_core/include//nav2_core/smoother.hpp
[0.541s] -- Up-to-date: /root/Lunar_ROADSTER/lr_ws/install/nav2_core/include//nav2_core/waypoint_task_executor.hpp
[0.541s] -- Up-to-date: /root/Lunar_ROADSTER/lr_ws/install/nav2_core/share/ament_index/resource_index/package_run_dependencies/nav2_core
[0.542s] -- Up-to-date: /root/Lunar_ROADSTER/lr_ws/install/nav2_core/share/ament_index/resource_index/parent_prefix_path/nav2_core
[0.542s] -- Up-to-date: /root/Lunar_ROADSTER/lr_ws/install/nav2_core/share/nav2_core/environment/ament_prefix_path.sh
[0.542s] -- Up-to-date: /root/Lunar_ROADSTER/lr_ws/install/nav2_core/share/nav2_core/environment/ament_prefix_path.dsv
[0.543s] -- Up-to-date: /root/Lunar_ROADSTER/lr_ws/install/nav2_core/share/nav2_core/environment/path.sh
[0.543s] -- Up-to-date: /root/Lunar_ROADSTER/lr_ws/install/nav2_core/share/nav2_core/environment/path.dsv
[0.544s] -- Up-to-date: /root/Lunar_ROADSTER/lr_ws/install/nav2_core/share/nav2_core/local_setup.bash
[0.544s] -- Up-to-date: /root/Lunar_ROADSTER/lr_ws/install/nav2_core/share/nav2_core/local_setup.sh
[0.544s] -- Up-to-date: /root/Lunar_ROADSTER/lr_ws/install/nav2_core/share/nav2_core/local_setup.zsh
[0.544s] -- Up-to-date: /root/Lunar_ROADSTER/lr_ws/install/nav2_core/share/nav2_core/local_setup.dsv
[0.545s] -- Installing: /root/Lunar_ROADSTER/lr_ws/install/nav2_core/share/nav2_core/package.dsv
[0.545s] -- Up-to-date: /root/Lunar_ROADSTER/lr_ws/install/nav2_core/share/ament_index/resource_index/packages/nav2_core
[0.545s] -- Up-to-date: /root/Lunar_ROADSTER/lr_ws/install/nav2_core/share/nav2_core/cmake/ament_cmake_export_include_directories-extras.cmake
[0.546s] -- Up-to-date: /root/Lunar_ROADSTER/lr_ws/install/nav2_core/share/nav2_core/cmake/ament_cmake_export_dependencies-extras.cmake
[0.548s] -- Up-to-date: /root/Lunar_ROADSTER/lr_ws/install/nav2_core/share/nav2_core/cmake/nav2_coreConfig.cmake
[0.549s] -- Up-to-date: /root/Lunar_ROADSTER/lr_ws/install/nav2_core/share/nav2_core/cmake/nav2_coreConfig-version.cmake
[0.549s] -- Up-to-date: /root/Lunar_ROADSTER/lr_ws/install/nav2_core/share/nav2_core/package.xml
[0.567s] Invoked command in '/root/Lunar_ROADSTER/lr_ws/build/nav2_core' returned '0': AMENT_PREFIX_PATH=/root/Lunar_ROADSTER/lr_ws/install/nav2_costmap_2d:/root/Lunar_ROADSTER/lr_ws/install/nav2_map_server:/root/Lunar_ROADSTER/lr_ws/install/nav2_lifecycle_manager:/root/Lunar_ROADSTER/lr_ws/install/nav2_util:/root/Lunar_ROADSTER/lr_ws/install/nav2_voxel_grid:/root/Lunar_ROADSTER/lr_ws/install/nav2_msgs:/root/Lunar_ROADSTER/lr_ws/install/nav2_common:${AMENT_PREFIX_PATH} CMAKE_PREFIX_PATH=/root/Lunar_ROADSTER/lr_ws/install/nav2_costmap_2d:/root/Lunar_ROADSTER/lr_ws/install/nav2_map_server:/root/Lunar_ROADSTER/lr_ws/install/nav2_lifecycle_manager:/root/Lunar_ROADSTER/lr_ws/install/nav2_util:/root/Lunar_ROADSTER/lr_ws/install/nav2_voxel_grid:/root/Lunar_ROADSTER/lr_ws/install/nav2_msgs:/root/Lunar_ROADSTER/lr_ws/install/nav2_common:/opt/ros/humble LD_LIBRARY_PATH=/root/Lunar_ROADSTER/lr_ws/install/nav2_costmap_2d/lib:/root/Lunar_ROADSTER/lr_ws/install/nav2_map_server/lib:/root/Lunar_ROADSTER/lr_ws/install/nav2_lifecycle_manager/lib:/root/Lunar_ROADSTER/lr_ws/install/nav2_util/lib:/root/Lunar_ROADSTER/lr_ws/install/nav2_voxel_grid/lib:/root/Lunar_ROADSTER/lr_ws/install/nav2_msgs/lib:/opt/ros/humble/opt/rviz_ogre_vendor/lib:/opt/ros/humble/lib/aarch64-linux-gnu:/opt/ros/humble/lib:/usr/local/cuda/lib64 PYTHONPATH=/root/Lunar_ROADSTER/lr_ws/install/nav2_msgs/local/lib/python3.10/dist-packages:/root/Lunar_ROADSTER/lr_ws/install/nav2_common/local/lib/python3.10/dist-packages:${PYTHONPATH} /usr/local/bin/cmake --install /root/Lunar_ROADSTER/lr_ws/build/nav2_core
