[0.087s] Invoking command in '/root/Lunar_ROADSTER/lr_ws/build/nav2_voxel_grid': AMENT_PREFIX_PATH=/root/Lunar_ROADSTER/lr_ws/install/nav2_common:${AMENT_PREFIX_PATH} CMAKE_PREFIX_PATH=/root/Lunar_ROADSTER/lr_ws/install/nav2_common:/opt/ros/humble PYTHONPATH=/root/Lunar_ROADSTER/lr_ws/install/nav2_common/local/lib/python3.10/dist-packages:${PYTHONPATH} /usr/local/bin/cmake --build /root/Lunar_ROADSTER/lr_ws/build/nav2_voxel_grid -- -j4 -l4
[0.310s] [35m[1mConsolidate compiler generated dependencies of target gtest_main[0m
[0.312s] [35m[1mConsolidate compiler generated dependencies of target voxel_grid[0m
[0.312s] [35m[1mConsolidate compiler generated dependencies of target gtest[0m
[0.418s] [ 20%] Built target gtest
[0.432s] [ 40%] Built target gtest_main
[0.441s] [ 60%] Built target voxel_grid
[0.528s] [35m[1mConsolidate compiler generated dependencies of target voxel_grid_tests[0m
[0.550s] [35m[1mConsolidate compiler generated dependencies of target voxel_grid_bresenham_3d[0m
[0.683s] [ 80%] Built target voxel_grid_tests
[0.703s] [100%] Built target voxel_grid_bresenham_3d
[0.776s] Invoked command in '/root/Lunar_ROADSTER/lr_ws/build/nav2_voxel_grid' returned '0': AMENT_PREFIX_PATH=/root/Lunar_ROADSTER/lr_ws/install/nav2_common:${AMENT_PREFIX_PATH} CMAKE_PREFIX_PATH=/root/Lunar_ROADSTER/lr_ws/install/nav2_common:/opt/ros/humble PYTHONPATH=/root/Lunar_ROADSTER/lr_ws/install/nav2_common/local/lib/python3.10/dist-packages:${PYTHONPATH} /usr/local/bin/cmake --build /root/Lunar_ROADSTER/lr_ws/build/nav2_voxel_grid -- -j4 -l4
[0.777s] Invoking command in '/root/Lunar_ROADSTER/lr_ws/build/nav2_voxel_grid': AMENT_PREFIX_PATH=/root/Lunar_ROADSTER/lr_ws/install/nav2_common:${AMENT_PREFIX_PATH} CMAKE_PREFIX_PATH=/root/Lunar_ROADSTER/lr_ws/install/nav2_common:/opt/ros/humble PYTHONPATH=/root/Lunar_ROADSTER/lr_ws/install/nav2_common/local/lib/python3.10/dist-packages:${PYTHONPATH} /usr/local/bin/cmake --install /root/Lunar_ROADSTER/lr_ws/build/nav2_voxel_grid
[0.813s] -- Install configuration: "Release"
[0.816s] -- Up-to-date: /root/Lunar_ROADSTER/lr_ws/install/nav2_voxel_grid/lib/libvoxel_grid.so
[0.819s] -- Up-to-date: /root/Lunar_ROADSTER/lr_ws/install/nav2_voxel_grid/include
[0.821s] -- Up-to-date: /root/Lunar_ROADSTER/lr_ws/install/nav2_voxel_grid/include/nav2_voxel_grid
[0.821s] -- Up-to-date: /root/Lunar_ROADSTER/lr_ws/install/nav2_voxel_grid/include/nav2_voxel_grid/voxel_grid.hpp
[0.822s] -- Up-to-date: /root/Lunar_ROADSTER/lr_ws/install/nav2_voxel_grid/share/nav2_voxel_grid/environment/library_path.sh
[0.823s] -- Up-to-date: /root/Lunar_ROADSTER/lr_ws/install/nav2_voxel_grid/share/nav2_voxel_grid/environment/library_path.dsv
[0.824s] -- Up-to-date: /root/Lunar_ROADSTER/lr_ws/install/nav2_voxel_grid/share/ament_index/resource_index/package_run_dependencies/nav2_voxel_grid
[0.826s] -- Up-to-date: /root/Lunar_ROADSTER/lr_ws/install/nav2_voxel_grid/share/ament_index/resource_index/parent_prefix_path/nav2_voxel_grid
[0.827s] -- Up-to-date: /root/Lunar_ROADSTER/lr_ws/install/nav2_voxel_grid/share/nav2_voxel_grid/environment/ament_prefix_path.sh
[0.828s] -- Up-to-date: /root/Lunar_ROADSTER/lr_ws/install/nav2_voxel_grid/share/nav2_voxel_grid/environment/ament_prefix_path.dsv
[0.829s] -- Up-to-date: /root/Lunar_ROADSTER/lr_ws/install/nav2_voxel_grid/share/nav2_voxel_grid/environment/path.sh
[0.839s] -- Up-to-date: /root/Lunar_ROADSTER/lr_ws/install/nav2_voxel_grid/share/nav2_voxel_grid/environment/path.dsv
[0.839s] -- Up-to-date: /root/Lunar_ROADSTER/lr_ws/install/nav2_voxel_grid/share/nav2_voxel_grid/local_setup.bash
[0.840s] -- Up-to-date: /root/Lunar_ROADSTER/lr_ws/install/nav2_voxel_grid/share/nav2_voxel_grid/local_setup.sh
[0.843s] -- Up-to-date: /root/Lunar_ROADSTER/lr_ws/install/nav2_voxel_grid/share/nav2_voxel_grid/local_setup.zsh
[0.843s] -- Up-to-date: /root/Lunar_ROADSTER/lr_ws/install/nav2_voxel_grid/share/nav2_voxel_grid/local_setup.dsv
[0.844s] -- Installing: /root/Lunar_ROADSTER/lr_ws/install/nav2_voxel_grid/share/nav2_voxel_grid/package.dsv
[0.845s] -- Up-to-date: /root/Lunar_ROADSTER/lr_ws/install/nav2_voxel_grid/share/ament_index/resource_index/packages/nav2_voxel_grid
[0.846s] -- Up-to-date: /root/Lunar_ROADSTER/lr_ws/install/nav2_voxel_grid/share/nav2_voxel_grid/cmake/ament_cmake_export_dependencies-extras.cmake
[0.848s] -- Up-to-date: /root/Lunar_ROADSTER/lr_ws/install/nav2_voxel_grid/share/nav2_voxel_grid/cmake/ament_cmake_export_include_directories-extras.cmake
[0.849s] -- Up-to-date: /root/Lunar_ROADSTER/lr_ws/install/nav2_voxel_grid/share/nav2_voxel_grid/cmake/ament_cmake_export_libraries-extras.cmake
[0.850s] -- Up-to-date: /root/Lunar_ROADSTER/lr_ws/install/nav2_voxel_grid/share/nav2_voxel_grid/cmake/nav2_voxel_gridConfig.cmake
[0.850s] -- Up-to-date: /root/Lunar_ROADSTER/lr_ws/install/nav2_voxel_grid/share/nav2_voxel_grid/cmake/nav2_voxel_gridConfig-version.cmake
[0.851s] -- Up-to-date: /root/Lunar_ROADSTER/lr_ws/install/nav2_voxel_grid/share/nav2_voxel_grid/package.xml
[0.864s] Invoked command in '/root/Lunar_ROADSTER/lr_ws/build/nav2_voxel_grid' returned '0': AMENT_PREFIX_PATH=/root/Lunar_ROADSTER/lr_ws/install/nav2_common:${AMENT_PREFIX_PATH} CMAKE_PREFIX_PATH=/root/Lunar_ROADSTER/lr_ws/install/nav2_common:/opt/ros/humble PYTHONPATH=/root/Lunar_ROADSTER/lr_ws/install/nav2_common/local/lib/python3.10/dist-packages:${PYTHONPATH} /usr/local/bin/cmake --install /root/Lunar_ROADSTER/lr_ws/build/nav2_voxel_grid
