[0.021s] Invoking command in '/home/williamfbx/Lunar-ROADSTER/lr_ws/build/grid_map_msgs': CMAKE_PREFIX_PATH=/home/williamfbx/Lunar-ROADSTER/lr_ws/install/grid_map_cmake_helpers:/home/williamfbx/Lunar-ROADSTER/lr_ws/install/teleop:/home/williamfbx/Lunar-ROADSTER/lr_ws/install/sensing:/home/williamfbx/Lunar-ROADSTER/lr_ws/install/motion_control:/home/williamfbx/Lunar-ROADSTER/lr_ws/install/localization:/home/williamfbx/Lunar-ROADSTER/lr_ws/install/imu:/home/williamfbx/Lunar-ROADSTER/lr_ws/install/grid_map:/home/williamfbx/Lunar-ROADSTER/lr_ws/install/grid_map_demos:/home/williamfbx/Lunar-ROADSTER/lr_ws/install/grid_map_visualization:/home/williamfbx/Lunar-ROADSTER/lr_ws/install/grid_map_sdf:/home/williamfbx/Lunar-ROADSTER/lr_ws/install/grid_map_rviz_plugin:/home/williamfbx/Lunar-ROADSTER/lr_ws/install/grid_map_pcl:/home/williamfbx/Lunar-ROADSTER/lr_ws/install/grid_map_loader:/home/williamfbx/Lunar-ROADSTER/lr_ws/install/grid_map_filters:/home/williamfbx/Lunar-ROADSTER/lr_ws/install/grid_map_ros:/home/williamfbx/Lunar-ROADSTER/lr_ws/install/grid_map_octomap:/home/williamfbx/Lunar-ROADSTER/lr_ws/install/grid_map_msgs:/home/williamfbx/Lunar-ROADSTER/lr_ws/install/grid_map_cv:/home/williamfbx/Lunar-ROADSTER/lr_ws/install/grid_map_costmap_2d:/home/williamfbx/Lunar-ROADSTER/lr_ws/install/grid_map_core:/home/williamfbx/Lunar-ROADSTER/lr_ws/install/arduino:/home/williamfbx/Lunar-ROADSTER/lr_ws/install/cg_msgs:/opt/ros/humble /usr/bin/cmake --build /home/williamfbx/Lunar-ROADSTER/lr_ws/build/grid_map_msgs -- -j12 -l12
[0.069s] [35m[1mConsolidate compiler generated dependencies of target grid_map_msgs__rosidl_generator_c[0m
[0.072s] [  1%] Built target grid_map_msgs__cpp
[0.076s] [  1%] Built target ament_cmake_python_copy_grid_map_msgs
[0.083s] [35m[1mConsolidate compiler generated dependencies of target grid_map_msgs__rosidl_typesupport_fastrtps_cpp[0m
[0.084s] [35m[1mConsolidate compiler generated dependencies of target grid_map_msgs__rosidl_typesupport_cpp[0m
[0.084s] [35m[1mConsolidate compiler generated dependencies of target grid_map_msgs__rosidl_typesupport_introspection_cpp[0m
[0.084s] [ 12%] Built target grid_map_msgs__rosidl_generator_c
[0.094s] [35m[1mConsolidate compiler generated dependencies of target grid_map_msgs__rosidl_typesupport_introspection_c[0m
[0.096s] [35m[1mConsolidate compiler generated dependencies of target grid_map_msgs__rosidl_typesupport_c[0m
[0.098s] [35m[1mConsolidate compiler generated dependencies of target grid_map_msgs__rosidl_typesupport_fastrtps_c[0m
[0.099s] [ 23%] Built target grid_map_msgs__rosidl_typesupport_cpp
[0.100s] [ 35%] Built target grid_map_msgs__rosidl_typesupport_fastrtps_cpp
[0.103s] [ 46%] Built target grid_map_msgs__rosidl_typesupport_introspection_cpp
[0.105s] [ 57%] Built target grid_map_msgs__rosidl_typesupport_introspection_c
[0.109s] [ 69%] Built target grid_map_msgs__rosidl_typesupport_c
[0.116s] [ 80%] Built target grid_map_msgs__rosidl_typesupport_fastrtps_c
[0.133s] [ 80%] Built target grid_map_msgs
[0.160s] [ 81%] Built target grid_map_msgs__py
[0.169s] [35m[1mConsolidate compiler generated dependencies of target grid_map_msgs__rosidl_generator_py[0m
[0.185s] [ 91%] Built target grid_map_msgs__rosidl_generator_py
[0.193s] [35m[1mConsolidate compiler generated dependencies of target grid_map_msgs__rosidl_typesupport_fastrtps_c__pyext[0m
[0.200s] [35m[1mConsolidate compiler generated dependencies of target grid_map_msgs__rosidl_typesupport_introspection_c__pyext[0m
[0.206s] [35m[1mConsolidate compiler generated dependencies of target grid_map_msgs__rosidl_typesupport_c__pyext[0m
[0.217s] [ 94%] Built target grid_map_msgs__rosidl_typesupport_fastrtps_c__pyext
[0.217s] [ 97%] Built target grid_map_msgs__rosidl_typesupport_introspection_c__pyext
[0.217s] [100%] Built target grid_map_msgs__rosidl_typesupport_c__pyext
[0.257s] running egg_info
[0.260s] writing grid_map_msgs.egg-info/PKG-INFO
[0.260s] writing dependency_links to grid_map_msgs.egg-info/dependency_links.txt
[0.260s] writing top-level names to grid_map_msgs.egg-info/top_level.txt
[0.262s] reading manifest file 'grid_map_msgs.egg-info/SOURCES.txt'
[0.262s] writing manifest file 'grid_map_msgs.egg-info/SOURCES.txt'
[0.283s] [100%] Built target ament_cmake_python_build_grid_map_msgs_egg
[0.308s] Invoked command in '/home/williamfbx/Lunar-ROADSTER/lr_ws/build/grid_map_msgs' returned '0': CMAKE_PREFIX_PATH=/home/williamfbx/Lunar-ROADSTER/lr_ws/install/grid_map_cmake_helpers:/home/williamfbx/Lunar-ROADSTER/lr_ws/install/teleop:/home/williamfbx/Lunar-ROADSTER/lr_ws/install/sensing:/home/williamfbx/Lunar-ROADSTER/lr_ws/install/motion_control:/home/williamfbx/Lunar-ROADSTER/lr_ws/install/localization:/home/williamfbx/Lunar-ROADSTER/lr_ws/install/imu:/home/williamfbx/Lunar-ROADSTER/lr_ws/install/grid_map:/home/williamfbx/Lunar-ROADSTER/lr_ws/install/grid_map_demos:/home/williamfbx/Lunar-ROADSTER/lr_ws/install/grid_map_visualization:/home/williamfbx/Lunar-ROADSTER/lr_ws/install/grid_map_sdf:/home/williamfbx/Lunar-ROADSTER/lr_ws/install/grid_map_rviz_plugin:/home/williamfbx/Lunar-ROADSTER/lr_ws/install/grid_map_pcl:/home/williamfbx/Lunar-ROADSTER/lr_ws/install/grid_map_loader:/home/williamfbx/Lunar-ROADSTER/lr_ws/install/grid_map_filters:/home/williamfbx/Lunar-ROADSTER/lr_ws/install/grid_map_ros:/home/williamfbx/Lunar-ROADSTER/lr_ws/install/grid_map_octomap:/home/williamfbx/Lunar-ROADSTER/lr_ws/install/grid_map_msgs:/home/williamfbx/Lunar-ROADSTER/lr_ws/install/grid_map_cv:/home/williamfbx/Lunar-ROADSTER/lr_ws/install/grid_map_costmap_2d:/home/williamfbx/Lunar-ROADSTER/lr_ws/install/grid_map_core:/home/williamfbx/Lunar-ROADSTER/lr_ws/install/arduino:/home/williamfbx/Lunar-ROADSTER/lr_ws/install/cg_msgs:/opt/ros/humble /usr/bin/cmake --build /home/williamfbx/Lunar-ROADSTER/lr_ws/build/grid_map_msgs -- -j12 -l12
[0.310s] Invoking command in '/home/williamfbx/Lunar-ROADSTER/lr_ws/build/grid_map_msgs': CMAKE_PREFIX_PATH=/home/williamfbx/Lunar-ROADSTER/lr_ws/install/grid_map_cmake_helpers:/home/williamfbx/Lunar-ROADSTER/lr_ws/install/teleop:/home/williamfbx/Lunar-ROADSTER/lr_ws/install/sensing:/home/williamfbx/Lunar-ROADSTER/lr_ws/install/motion_control:/home/williamfbx/Lunar-ROADSTER/lr_ws/install/localization:/home/williamfbx/Lunar-ROADSTER/lr_ws/install/imu:/home/williamfbx/Lunar-ROADSTER/lr_ws/install/grid_map:/home/williamfbx/Lunar-ROADSTER/lr_ws/install/grid_map_demos:/home/williamfbx/Lunar-ROADSTER/lr_ws/install/grid_map_visualization:/home/williamfbx/Lunar-ROADSTER/lr_ws/install/grid_map_sdf:/home/williamfbx/Lunar-ROADSTER/lr_ws/install/grid_map_rviz_plugin:/home/williamfbx/Lunar-ROADSTER/lr_ws/install/grid_map_pcl:/home/williamfbx/Lunar-ROADSTER/lr_ws/install/grid_map_loader:/home/williamfbx/Lunar-ROADSTER/lr_ws/install/grid_map_filters:/home/williamfbx/Lunar-ROADSTER/lr_ws/install/grid_map_ros:/home/williamfbx/Lunar-ROADSTER/lr_ws/install/grid_map_octomap:/home/williamfbx/Lunar-ROADSTER/lr_ws/install/grid_map_msgs:/home/williamfbx/Lunar-ROADSTER/lr_ws/install/grid_map_cv:/home/williamfbx/Lunar-ROADSTER/lr_ws/install/grid_map_costmap_2d:/home/williamfbx/Lunar-ROADSTER/lr_ws/install/grid_map_core:/home/williamfbx/Lunar-ROADSTER/lr_ws/install/arduino:/home/williamfbx/Lunar-ROADSTER/lr_ws/install/cg_msgs:/opt/ros/humble /usr/bin/cmake --install /home/williamfbx/Lunar-ROADSTER/lr_ws/build/grid_map_msgs
[0.322s] -- Install configuration: "Release"
[0.322s] -- Up-to-date: /home/williamfbx/Lunar-ROADSTER/lr_ws/install/grid_map_msgs/share/ament_index/resource_index/rosidl_interfaces/grid_map_msgs
[0.322s] -- Up-to-date: /home/williamfbx/Lunar-ROADSTER/lr_ws/install/grid_map_msgs/include/grid_map_msgs/grid_map_msgs
[0.322s] -- Up-to-date: /home/williamfbx/Lunar-ROADSTER/lr_ws/install/grid_map_msgs/include/grid_map_msgs/grid_map_msgs/srv
[0.322s] -- Up-to-date: /home/williamfbx/Lunar-ROADSTER/lr_ws/install/grid_map_msgs/include/grid_map_msgs/grid_map_msgs/srv/get_grid_map.h
[0.322s] -- Up-to-date: /home/williamfbx/Lunar-ROADSTER/lr_ws/install/grid_map_msgs/include/grid_map_msgs/grid_map_msgs/srv/get_grid_map_info.h
[0.322s] -- Up-to-date: /home/williamfbx/Lunar-ROADSTER/lr_ws/install/grid_map_msgs/include/grid_map_msgs/grid_map_msgs/srv/process_file.h
[0.323s] -- Up-to-date: /home/williamfbx/Lunar-ROADSTER/lr_ws/install/grid_map_msgs/include/grid_map_msgs/grid_map_msgs/srv/detail
[0.323s] -- Up-to-date: /home/williamfbx/Lunar-ROADSTER/lr_ws/install/grid_map_msgs/include/grid_map_msgs/grid_map_msgs/srv/detail/get_grid_map_info__type_support.h
[0.323s] -- Up-to-date: /home/williamfbx/Lunar-ROADSTER/lr_ws/install/grid_map_msgs/include/grid_map_msgs/grid_map_msgs/srv/detail/process_file__struct.h
[0.323s] -- Up-to-date: /home/williamfbx/Lunar-ROADSTER/lr_ws/install/grid_map_msgs/include/grid_map_msgs/grid_map_msgs/srv/detail/set_grid_map__functions.h
[0.323s] -- Up-to-date: /home/williamfbx/Lunar-ROADSTER/lr_ws/install/grid_map_msgs/include/grid_map_msgs/grid_map_msgs/srv/detail/get_grid_map__type_support.h
[0.323s] -- Up-to-date: /home/williamfbx/Lunar-ROADSTER/lr_ws/install/grid_map_msgs/include/grid_map_msgs/grid_map_msgs/srv/detail/get_grid_map__functions.h
[0.323s] -- Up-to-date: /home/williamfbx/Lunar-ROADSTER/lr_ws/install/grid_map_msgs/include/grid_map_msgs/grid_map_msgs/srv/detail/get_grid_map_info__functions.h
[0.323s] -- Up-to-date: /home/williamfbx/Lunar-ROADSTER/lr_ws/install/grid_map_msgs/include/grid_map_msgs/grid_map_msgs/srv/detail/process_file__functions.h
[0.323s] -- Up-to-date: /home/williamfbx/Lunar-ROADSTER/lr_ws/install/grid_map_msgs/include/grid_map_msgs/grid_map_msgs/srv/detail/get_grid_map__struct.h
[0.323s] -- Up-to-date: /home/williamfbx/Lunar-ROADSTER/lr_ws/install/grid_map_msgs/include/grid_map_msgs/grid_map_msgs/srv/detail/set_grid_map__struct.h
[0.323s] -- Up-to-date: /home/williamfbx/Lunar-ROADSTER/lr_ws/install/grid_map_msgs/include/grid_map_msgs/grid_map_msgs/srv/detail/get_grid_map_info__struct.h
[0.323s] -- Up-to-date: /home/williamfbx/Lunar-ROADSTER/lr_ws/install/grid_map_msgs/include/grid_map_msgs/grid_map_msgs/srv/detail/process_file__type_support.h
[0.324s] -- Up-to-date: /home/williamfbx/Lunar-ROADSTER/lr_ws/install/grid_map_msgs/include/grid_map_msgs/grid_map_msgs/srv/detail/set_grid_map__type_support.h
[0.324s] -- Up-to-date: /home/williamfbx/Lunar-ROADSTER/lr_ws/install/grid_map_msgs/include/grid_map_msgs/grid_map_msgs/srv/detail/process_file__functions.c
[0.324s] -- Up-to-date: /home/williamfbx/Lunar-ROADSTER/lr_ws/install/grid_map_msgs/include/grid_map_msgs/grid_map_msgs/srv/detail/set_grid_map__functions.c
[0.324s] -- Up-to-date: /home/williamfbx/Lunar-ROADSTER/lr_ws/install/grid_map_msgs/include/grid_map_msgs/grid_map_msgs/srv/detail/get_grid_map__functions.c
[0.324s] -- Up-to-date: /home/williamfbx/Lunar-ROADSTER/lr_ws/install/grid_map_msgs/include/grid_map_msgs/grid_map_msgs/srv/detail/get_grid_map_info__functions.c
[0.324s] -- Up-to-date: /home/williamfbx/Lunar-ROADSTER/lr_ws/install/grid_map_msgs/include/grid_map_msgs/grid_map_msgs/srv/set_grid_map.h
[0.324s] -- Up-to-date: /home/williamfbx/Lunar-ROADSTER/lr_ws/install/grid_map_msgs/include/grid_map_msgs/grid_map_msgs/msg
[0.324s] -- Up-to-date: /home/williamfbx/Lunar-ROADSTER/lr_ws/install/grid_map_msgs/include/grid_map_msgs/grid_map_msgs/msg/grid_map.h
[0.324s] -- Up-to-date: /home/williamfbx/Lunar-ROADSTER/lr_ws/install/grid_map_msgs/include/grid_map_msgs/grid_map_msgs/msg/detail
[0.324s] -- Up-to-date: /home/williamfbx/Lunar-ROADSTER/lr_ws/install/grid_map_msgs/include/grid_map_msgs/grid_map_msgs/msg/detail/grid_map__type_support.h
[0.329s] -- Up-to-date: /home/williamfbx/Lunar-ROADSTER/lr_ws/install/grid_map_msgs/include/grid_map_msgs/grid_map_msgs/msg/detail/grid_map__struct.h
[0.329s] -- Up-to-date: /home/williamfbx/Lunar-ROADSTER/lr_ws/install/grid_map_msgs/include/grid_map_msgs/grid_map_msgs/msg/detail/grid_map_info__struct.h
[0.329s] -- Up-to-date: /home/williamfbx/Lunar-ROADSTER/lr_ws/install/grid_map_msgs/include/grid_map_msgs/grid_map_msgs/msg/detail/grid_map_info__functions.h
[0.329s] -- Up-to-date: /home/williamfbx/Lunar-ROADSTER/lr_ws/install/grid_map_msgs/include/grid_map_msgs/grid_map_msgs/msg/detail/grid_map__functions.h
[0.329s] -- Up-to-date: /home/williamfbx/Lunar-ROADSTER/lr_ws/install/grid_map_msgs/include/grid_map_msgs/grid_map_msgs/msg/detail/grid_map__functions.c
[0.329s] -- Up-to-date: /home/williamfbx/Lunar-ROADSTER/lr_ws/install/grid_map_msgs/include/grid_map_msgs/grid_map_msgs/msg/detail/grid_map_info__functions.c
[0.329s] -- Up-to-date: /home/williamfbx/Lunar-ROADSTER/lr_ws/install/grid_map_msgs/include/grid_map_msgs/grid_map_msgs/msg/detail/grid_map_info__type_support.h
[0.329s] -- Up-to-date: /home/williamfbx/Lunar-ROADSTER/lr_ws/install/grid_map_msgs/include/grid_map_msgs/grid_map_msgs/msg/rosidl_generator_c__visibility_control.h
[0.329s] -- Up-to-date: /home/williamfbx/Lunar-ROADSTER/lr_ws/install/grid_map_msgs/include/grid_map_msgs/grid_map_msgs/msg/grid_map_info.h
[0.330s] -- Up-to-date: /home/williamfbx/Lunar-ROADSTER/lr_ws/install/grid_map_msgs/share/grid_map_msgs/environment/library_path.sh
[0.330s] -- Up-to-date: /home/williamfbx/Lunar-ROADSTER/lr_ws/install/grid_map_msgs/share/grid_map_msgs/environment/library_path.dsv
[0.330s] -- Up-to-date: /home/williamfbx/Lunar-ROADSTER/lr_ws/install/grid_map_msgs/lib/libgrid_map_msgs__rosidl_generator_c.so
[0.330s] -- Up-to-date: /home/williamfbx/Lunar-ROADSTER/lr_ws/install/grid_map_msgs/include/grid_map_msgs/grid_map_msgs
[0.330s] -- Up-to-date: /home/williamfbx/Lunar-ROADSTER/lr_ws/install/grid_map_msgs/include/grid_map_msgs/grid_map_msgs/srv
[0.330s] -- Up-to-date: /home/williamfbx/Lunar-ROADSTER/lr_ws/install/grid_map_msgs/include/grid_map_msgs/grid_map_msgs/srv/detail
[0.330s] -- Up-to-date: /home/williamfbx/Lunar-ROADSTER/lr_ws/install/grid_map_msgs/include/grid_map_msgs/grid_map_msgs/srv/detail/get_grid_map__rosidl_typesupport_fastrtps_c.h
[0.330s] -- Up-to-date: /home/williamfbx/Lunar-ROADSTER/lr_ws/install/grid_map_msgs/include/grid_map_msgs/grid_map_msgs/srv/detail/set_grid_map__rosidl_typesupport_fastrtps_c.h
[0.330s] -- Up-to-date: /home/williamfbx/Lunar-ROADSTER/lr_ws/install/grid_map_msgs/include/grid_map_msgs/grid_map_msgs/srv/detail/process_file__rosidl_typesupport_fastrtps_c.h
[0.331s] -- Up-to-date: /home/williamfbx/Lunar-ROADSTER/lr_ws/install/grid_map_msgs/include/grid_map_msgs/grid_map_msgs/srv/detail/get_grid_map_info__rosidl_typesupport_fastrtps_c.h
[0.331s] -- Up-to-date: /home/williamfbx/Lunar-ROADSTER/lr_ws/install/grid_map_msgs/include/grid_map_msgs/grid_map_msgs/msg
[0.331s] -- Up-to-date: /home/williamfbx/Lunar-ROADSTER/lr_ws/install/grid_map_msgs/include/grid_map_msgs/grid_map_msgs/msg/detail
[0.331s] -- Up-to-date: /home/williamfbx/Lunar-ROADSTER/lr_ws/install/grid_map_msgs/include/grid_map_msgs/grid_map_msgs/msg/detail/grid_map__rosidl_typesupport_fastrtps_c.h
[0.331s] -- Up-to-date: /home/williamfbx/Lunar-ROADSTER/lr_ws/install/grid_map_msgs/include/grid_map_msgs/grid_map_msgs/msg/detail/grid_map_info__rosidl_typesupport_fastrtps_c.h
[0.331s] -- Up-to-date: /home/williamfbx/Lunar-ROADSTER/lr_ws/install/grid_map_msgs/include/grid_map_msgs/grid_map_msgs/msg/rosidl_typesupport_fastrtps_c__visibility_control.h
[0.331s] -- Up-to-date: /home/williamfbx/Lunar-ROADSTER/lr_ws/install/grid_map_msgs/lib/libgrid_map_msgs__rosidl_typesupport_fastrtps_c.so
[0.331s] -- Up-to-date: /home/williamfbx/Lunar-ROADSTER/lr_ws/install/grid_map_msgs/include/grid_map_msgs/grid_map_msgs
[0.331s] -- Up-to-date: /home/williamfbx/Lunar-ROADSTER/lr_ws/install/grid_map_msgs/include/grid_map_msgs/grid_map_msgs/srv
[0.332s] -- Up-to-date: /home/williamfbx/Lunar-ROADSTER/lr_ws/install/grid_map_msgs/include/grid_map_msgs/grid_map_msgs/srv/get_grid_map_info.hpp
[0.332s] -- Up-to-date: /home/williamfbx/Lunar-ROADSTER/lr_ws/install/grid_map_msgs/include/grid_map_msgs/grid_map_msgs/srv/get_grid_map.hpp
[0.332s] -- Up-to-date: /home/williamfbx/Lunar-ROADSTER/lr_ws/install/grid_map_msgs/include/grid_map_msgs/grid_map_msgs/srv/detail
[0.332s] -- Up-to-date: /home/williamfbx/Lunar-ROADSTER/lr_ws/install/grid_map_msgs/include/grid_map_msgs/grid_map_msgs/srv/detail/set_grid_map__type_support.hpp
[0.332s] -- Up-to-date: /home/williamfbx/Lunar-ROADSTER/lr_ws/install/grid_map_msgs/include/grid_map_msgs/grid_map_msgs/srv/detail/set_grid_map__struct.hpp
[0.332s] -- Up-to-date: /home/williamfbx/Lunar-ROADSTER/lr_ws/install/grid_map_msgs/include/grid_map_msgs/grid_map_msgs/srv/detail/process_file__struct.hpp
[0.333s] -- Up-to-date: /home/williamfbx/Lunar-ROADSTER/lr_ws/install/grid_map_msgs/include/grid_map_msgs/grid_map_msgs/srv/detail/get_grid_map__builder.hpp
[0.333s] -- Up-to-date: /home/williamfbx/Lunar-ROADSTER/lr_ws/install/grid_map_msgs/include/grid_map_msgs/grid_map_msgs/srv/detail/get_grid_map_info__traits.hpp
[0.334s] -- Up-to-date: /home/williamfbx/Lunar-ROADSTER/lr_ws/install/grid_map_msgs/include/grid_map_msgs/grid_map_msgs/srv/detail/set_grid_map__traits.hpp
[0.334s] -- Up-to-date: /home/williamfbx/Lunar-ROADSTER/lr_ws/install/grid_map_msgs/include/grid_map_msgs/grid_map_msgs/srv/detail/get_grid_map_info__builder.hpp
[0.334s] -- Up-to-date: /home/williamfbx/Lunar-ROADSTER/lr_ws/install/grid_map_msgs/include/grid_map_msgs/grid_map_msgs/srv/detail/get_grid_map__struct.hpp
[0.334s] -- Up-to-date: /home/williamfbx/Lunar-ROADSTER/lr_ws/install/grid_map_msgs/include/grid_map_msgs/grid_map_msgs/srv/detail/get_grid_map_info__type_support.hpp
[0.334s] -- Up-to-date: /home/williamfbx/Lunar-ROADSTER/lr_ws/install/grid_map_msgs/include/grid_map_msgs/grid_map_msgs/srv/detail/get_grid_map_info__struct.hpp
[0.334s] -- Up-to-date: /home/williamfbx/Lunar-ROADSTER/lr_ws/install/grid_map_msgs/include/grid_map_msgs/grid_map_msgs/srv/detail/process_file__type_support.hpp
[0.335s] -- Up-to-date: /home/williamfbx/Lunar-ROADSTER/lr_ws/install/grid_map_msgs/include/grid_map_msgs/grid_map_msgs/srv/detail/process_file__builder.hpp
[0.336s] -- Up-to-date: /home/williamfbx/Lunar-ROADSTER/lr_ws/install/grid_map_msgs/include/grid_map_msgs/grid_map_msgs/srv/detail/process_file__traits.hpp
[0.336s] -- Up-to-date: /home/williamfbx/Lunar-ROADSTER/lr_ws/install/grid_map_msgs/include/grid_map_msgs/grid_map_msgs/srv/detail/set_grid_map__builder.hpp
[0.336s] -- Up-to-date: /home/williamfbx/Lunar-ROADSTER/lr_ws/install/grid_map_msgs/include/grid_map_msgs/grid_map_msgs/srv/detail/get_grid_map__traits.hpp
[0.336s] -- Up-to-date: /home/williamfbx/Lunar-ROADSTER/lr_ws/install/grid_map_msgs/include/grid_map_msgs/grid_map_msgs/srv/detail/get_grid_map__type_support.hpp
[0.336s] -- Up-to-date: /home/williamfbx/Lunar-ROADSTER/lr_ws/install/grid_map_msgs/include/grid_map_msgs/grid_map_msgs/srv/set_grid_map.hpp
[0.336s] -- Up-to-date: /home/williamfbx/Lunar-ROADSTER/lr_ws/install/grid_map_msgs/include/grid_map_msgs/grid_map_msgs/srv/process_file.hpp
[0.336s] -- Up-to-date: /home/williamfbx/Lunar-ROADSTER/lr_ws/install/grid_map_msgs/include/grid_map_msgs/grid_map_msgs/msg
[0.336s] -- Up-to-date: /home/williamfbx/Lunar-ROADSTER/lr_ws/install/grid_map_msgs/include/grid_map_msgs/grid_map_msgs/msg/grid_map.hpp
[0.336s] -- Up-to-date: /home/williamfbx/Lunar-ROADSTER/lr_ws/install/grid_map_msgs/include/grid_map_msgs/grid_map_msgs/msg/rosidl_generator_cpp__visibility_control.hpp
[0.336s] -- Up-to-date: /home/williamfbx/Lunar-ROADSTER/lr_ws/install/grid_map_msgs/include/grid_map_msgs/grid_map_msgs/msg/grid_map_info.hpp
[0.336s] -- Up-to-date: /home/williamfbx/Lunar-ROADSTER/lr_ws/install/grid_map_msgs/include/grid_map_msgs/grid_map_msgs/msg/detail
[0.336s] -- Up-to-date: /home/williamfbx/Lunar-ROADSTER/lr_ws/install/grid_map_msgs/include/grid_map_msgs/grid_map_msgs/msg/detail/grid_map_info__struct.hpp
[0.336s] -- Up-to-date: /home/williamfbx/Lunar-ROADSTER/lr_ws/install/grid_map_msgs/include/grid_map_msgs/grid_map_msgs/msg/detail/grid_map__type_support.hpp
[0.336s] -- Up-to-date: /home/williamfbx/Lunar-ROADSTER/lr_ws/install/grid_map_msgs/include/grid_map_msgs/grid_map_msgs/msg/detail/grid_map_info__type_support.hpp
[0.336s] -- Up-to-date: /home/williamfbx/Lunar-ROADSTER/lr_ws/install/grid_map_msgs/include/grid_map_msgs/grid_map_msgs/msg/detail/grid_map_info__traits.hpp
[0.336s] -- Up-to-date: /home/williamfbx/Lunar-ROADSTER/lr_ws/install/grid_map_msgs/include/grid_map_msgs/grid_map_msgs/msg/detail/grid_map__traits.hpp
[0.336s] -- Up-to-date: /home/williamfbx/Lunar-ROADSTER/lr_ws/install/grid_map_msgs/include/grid_map_msgs/grid_map_msgs/msg/detail/grid_map_info__builder.hpp
[0.336s] -- Up-to-date: /home/williamfbx/Lunar-ROADSTER/lr_ws/install/grid_map_msgs/include/grid_map_msgs/grid_map_msgs/msg/detail/grid_map__builder.hpp
[0.336s] -- Up-to-date: /home/williamfbx/Lunar-ROADSTER/lr_ws/install/grid_map_msgs/include/grid_map_msgs/grid_map_msgs/msg/detail/grid_map__struct.hpp
[0.336s] -- Up-to-date: /home/williamfbx/Lunar-ROADSTER/lr_ws/install/grid_map_msgs/include/grid_map_msgs/grid_map_msgs
[0.337s] -- Up-to-date: /home/williamfbx/Lunar-ROADSTER/lr_ws/install/grid_map_msgs/include/grid_map_msgs/grid_map_msgs/srv
[0.337s] -- Up-to-date: /home/williamfbx/Lunar-ROADSTER/lr_ws/install/grid_map_msgs/include/grid_map_msgs/grid_map_msgs/srv/detail
[0.337s] -- Up-to-date: /home/williamfbx/Lunar-ROADSTER/lr_ws/install/grid_map_msgs/include/grid_map_msgs/grid_map_msgs/srv/detail/dds_fastrtps
[0.337s] -- Up-to-date: /home/williamfbx/Lunar-ROADSTER/lr_ws/install/grid_map_msgs/include/grid_map_msgs/grid_map_msgs/srv/detail/get_grid_map__rosidl_typesupport_fastrtps_cpp.hpp
[0.337s] -- Up-to-date: /home/williamfbx/Lunar-ROADSTER/lr_ws/install/grid_map_msgs/include/grid_map_msgs/grid_map_msgs/srv/detail/get_grid_map_info__rosidl_typesupport_fastrtps_cpp.hpp
[0.337s] -- Up-to-date: /home/williamfbx/Lunar-ROADSTER/lr_ws/install/grid_map_msgs/include/grid_map_msgs/grid_map_msgs/srv/detail/set_grid_map__rosidl_typesupport_fastrtps_cpp.hpp
[0.337s] -- Up-to-date: /home/williamfbx/Lunar-ROADSTER/lr_ws/install/grid_map_msgs/include/grid_map_msgs/grid_map_msgs/srv/detail/process_file__rosidl_typesupport_fastrtps_cpp.hpp
[0.337s] -- Up-to-date: /home/williamfbx/Lunar-ROADSTER/lr_ws/install/grid_map_msgs/include/grid_map_msgs/grid_map_msgs/msg
[0.337s] -- Up-to-date: /home/williamfbx/Lunar-ROADSTER/lr_ws/install/grid_map_msgs/include/grid_map_msgs/grid_map_msgs/msg/rosidl_typesupport_fastrtps_cpp__visibility_control.h
[0.337s] -- Up-to-date: /home/williamfbx/Lunar-ROADSTER/lr_ws/install/grid_map_msgs/include/grid_map_msgs/grid_map_msgs/msg/detail
[0.337s] -- Up-to-date: /home/williamfbx/Lunar-ROADSTER/lr_ws/install/grid_map_msgs/include/grid_map_msgs/grid_map_msgs/msg/detail/dds_fastrtps
[0.337s] -- Up-to-date: /home/williamfbx/Lunar-ROADSTER/lr_ws/install/grid_map_msgs/include/grid_map_msgs/grid_map_msgs/msg/detail/grid_map__rosidl_typesupport_fastrtps_cpp.hpp
[0.337s] -- Up-to-date: /home/williamfbx/Lunar-ROADSTER/lr_ws/install/grid_map_msgs/include/grid_map_msgs/grid_map_msgs/msg/detail/grid_map_info__rosidl_typesupport_fastrtps_cpp.hpp
[0.337s] -- Up-to-date: /home/williamfbx/Lunar-ROADSTER/lr_ws/install/grid_map_msgs/lib/libgrid_map_msgs__rosidl_typesupport_fastrtps_cpp.so
[0.337s] -- Up-to-date: /home/williamfbx/Lunar-ROADSTER/lr_ws/install/grid_map_msgs/include/grid_map_msgs/grid_map_msgs
[0.337s] -- Up-to-date: /home/williamfbx/Lunar-ROADSTER/lr_ws/install/grid_map_msgs/include/grid_map_msgs/grid_map_msgs/srv
[0.337s] -- Up-to-date: /home/williamfbx/Lunar-ROADSTER/lr_ws/install/grid_map_msgs/include/grid_map_msgs/grid_map_msgs/srv/detail
[0.337s] -- Up-to-date: /home/williamfbx/Lunar-ROADSTER/lr_ws/install/grid_map_msgs/include/grid_map_msgs/grid_map_msgs/srv/detail/get_grid_map_info__type_support.c
[0.337s] -- Up-to-date: /home/williamfbx/Lunar-ROADSTER/lr_ws/install/grid_map_msgs/include/grid_map_msgs/grid_map_msgs/srv/detail/set_grid_map__rosidl_typesupport_introspection_c.h
[0.337s] -- Up-to-date: /home/williamfbx/Lunar-ROADSTER/lr_ws/install/grid_map_msgs/include/grid_map_msgs/grid_map_msgs/srv/detail/process_file__type_support.c
[0.337s] -- Up-to-date: /home/williamfbx/Lunar-ROADSTER/lr_ws/install/grid_map_msgs/include/grid_map_msgs/grid_map_msgs/srv/detail/set_grid_map__type_support.c
[0.338s] -- Up-to-date: /home/williamfbx/Lunar-ROADSTER/lr_ws/install/grid_map_msgs/include/grid_map_msgs/grid_map_msgs/srv/detail/get_grid_map__rosidl_typesupport_introspection_c.h
[0.338s] -- Up-to-date: /home/williamfbx/Lunar-ROADSTER/lr_ws/install/grid_map_msgs/include/grid_map_msgs/grid_map_msgs/srv/detail/get_grid_map__type_support.c
[0.338s] -- Up-to-date: /home/williamfbx/Lunar-ROADSTER/lr_ws/install/grid_map_msgs/include/grid_map_msgs/grid_map_msgs/srv/detail/get_grid_map_info__rosidl_typesupport_introspection_c.h
[0.338s] -- Up-to-date: /home/williamfbx/Lunar-ROADSTER/lr_ws/install/grid_map_msgs/include/grid_map_msgs/grid_map_msgs/srv/detail/process_file__rosidl_typesupport_introspection_c.h
[0.338s] -- Up-to-date: /home/williamfbx/Lunar-ROADSTER/lr_ws/install/grid_map_msgs/include/grid_map_msgs/grid_map_msgs/msg
[0.338s] -- Up-to-date: /home/williamfbx/Lunar-ROADSTER/lr_ws/install/grid_map_msgs/include/grid_map_msgs/grid_map_msgs/msg/detail
[0.338s] -- Up-to-date: /home/williamfbx/Lunar-ROADSTER/lr_ws/install/grid_map_msgs/include/grid_map_msgs/grid_map_msgs/msg/detail/grid_map__type_support.c
[0.338s] -- Up-to-date: /home/williamfbx/Lunar-ROADSTER/lr_ws/install/grid_map_msgs/include/grid_map_msgs/grid_map_msgs/msg/detail/grid_map_info__rosidl_typesupport_introspection_c.h
[0.338s] -- Up-to-date: /home/williamfbx/Lunar-ROADSTER/lr_ws/install/grid_map_msgs/include/grid_map_msgs/grid_map_msgs/msg/detail/grid_map__rosidl_typesupport_introspection_c.h
[0.338s] -- Up-to-date: /home/williamfbx/Lunar-ROADSTER/lr_ws/install/grid_map_msgs/include/grid_map_msgs/grid_map_msgs/msg/detail/grid_map_info__type_support.c
[0.338s] -- Up-to-date: /home/williamfbx/Lunar-ROADSTER/lr_ws/install/grid_map_msgs/include/grid_map_msgs/grid_map_msgs/msg/rosidl_typesupport_introspection_c__visibility_control.h
[0.338s] -- Up-to-date: /home/williamfbx/Lunar-ROADSTER/lr_ws/install/grid_map_msgs/lib/libgrid_map_msgs__rosidl_typesupport_introspection_c.so
[0.338s] -- Up-to-date: /home/williamfbx/Lunar-ROADSTER/lr_ws/install/grid_map_msgs/lib/libgrid_map_msgs__rosidl_typesupport_c.so
[0.338s] -- Up-to-date: /home/williamfbx/Lunar-ROADSTER/lr_ws/install/grid_map_msgs/include/grid_map_msgs/grid_map_msgs
[0.339s] -- Up-to-date: /home/williamfbx/Lunar-ROADSTER/lr_ws/install/grid_map_msgs/include/grid_map_msgs/grid_map_msgs/srv
[0.339s] -- Up-to-date: /home/williamfbx/Lunar-ROADSTER/lr_ws/install/grid_map_msgs/include/grid_map_msgs/grid_map_msgs/srv/detail
[0.339s] -- Up-to-date: /home/williamfbx/Lunar-ROADSTER/lr_ws/install/grid_map_msgs/include/grid_map_msgs/grid_map_msgs/srv/detail/set_grid_map__rosidl_typesupport_introspection_cpp.hpp
[0.339s] -- Up-to-date: /home/williamfbx/Lunar-ROADSTER/lr_ws/install/grid_map_msgs/include/grid_map_msgs/grid_map_msgs/srv/detail/get_grid_map__rosidl_typesupport_introspection_cpp.hpp
[0.339s] -- Up-to-date: /home/williamfbx/Lunar-ROADSTER/lr_ws/install/grid_map_msgs/include/grid_map_msgs/grid_map_msgs/srv/detail/process_file__type_support.cpp
[0.339s] -- Up-to-date: /home/williamfbx/Lunar-ROADSTER/lr_ws/install/grid_map_msgs/include/grid_map_msgs/grid_map_msgs/srv/detail/get_grid_map_info__rosidl_typesupport_introspection_cpp.hpp
[0.339s] -- Up-to-date: /home/williamfbx/Lunar-ROADSTER/lr_ws/install/grid_map_msgs/include/grid_map_msgs/grid_map_msgs/srv/detail/get_grid_map__type_support.cpp
[0.339s] -- Up-to-date: /home/williamfbx/Lunar-ROADSTER/lr_ws/install/grid_map_msgs/include/grid_map_msgs/grid_map_msgs/srv/detail/process_file__rosidl_typesupport_introspection_cpp.hpp
[0.339s] -- Up-to-date: /home/williamfbx/Lunar-ROADSTER/lr_ws/install/grid_map_msgs/include/grid_map_msgs/grid_map_msgs/srv/detail/set_grid_map__type_support.cpp
[0.339s] -- Up-to-date: /home/williamfbx/Lunar-ROADSTER/lr_ws/install/grid_map_msgs/include/grid_map_msgs/grid_map_msgs/srv/detail/get_grid_map_info__type_support.cpp
[0.339s] -- Up-to-date: /home/williamfbx/Lunar-ROADSTER/lr_ws/install/grid_map_msgs/include/grid_map_msgs/grid_map_msgs/msg
[0.339s] -- Up-to-date: /home/williamfbx/Lunar-ROADSTER/lr_ws/install/grid_map_msgs/include/grid_map_msgs/grid_map_msgs/msg/detail
[0.339s] -- Up-to-date: /home/williamfbx/Lunar-ROADSTER/lr_ws/install/grid_map_msgs/include/grid_map_msgs/grid_map_msgs/msg/detail/grid_map_info__rosidl_typesupport_introspection_cpp.hpp
[0.339s] -- Up-to-date: /home/williamfbx/Lunar-ROADSTER/lr_ws/install/grid_map_msgs/include/grid_map_msgs/grid_map_msgs/msg/detail/grid_map__type_support.cpp
[0.339s] -- Up-to-date: /home/williamfbx/Lunar-ROADSTER/lr_ws/install/grid_map_msgs/include/grid_map_msgs/grid_map_msgs/msg/detail/grid_map__rosidl_typesupport_introspection_cpp.hpp
[0.339s] -- Up-to-date: /home/williamfbx/Lunar-ROADSTER/lr_ws/install/grid_map_msgs/include/grid_map_msgs/grid_map_msgs/msg/detail/grid_map_info__type_support.cpp
[0.339s] -- Up-to-date: /home/williamfbx/Lunar-ROADSTER/lr_ws/install/grid_map_msgs/lib/libgrid_map_msgs__rosidl_typesupport_introspection_cpp.so
[0.339s] -- Up-to-date: /home/williamfbx/Lunar-ROADSTER/lr_ws/install/grid_map_msgs/lib/libgrid_map_msgs__rosidl_typesupport_cpp.so
[0.339s] -- Up-to-date: /home/williamfbx/Lunar-ROADSTER/lr_ws/install/grid_map_msgs/share/grid_map_msgs/environment/pythonpath.sh
[0.339s] -- Up-to-date: /home/williamfbx/Lunar-ROADSTER/lr_ws/install/grid_map_msgs/share/grid_map_msgs/environment/pythonpath.dsv
[0.339s] -- Up-to-date: /home/williamfbx/Lunar-ROADSTER/lr_ws/install/grid_map_msgs/local/lib/python3.10/dist-packages/grid_map_msgs-2.0.1-py3.10.egg-info
[0.340s] -- Installing: /home/williamfbx/Lunar-ROADSTER/lr_ws/install/grid_map_msgs/local/lib/python3.10/dist-packages/grid_map_msgs-2.0.1-py3.10.egg-info/dependency_links.txt
[0.340s] -- Installing: /home/williamfbx/Lunar-ROADSTER/lr_ws/install/grid_map_msgs/local/lib/python3.10/dist-packages/grid_map_msgs-2.0.1-py3.10.egg-info/SOURCES.txt
[0.340s] -- Installing: /home/williamfbx/Lunar-ROADSTER/lr_ws/install/grid_map_msgs/local/lib/python3.10/dist-packages/grid_map_msgs-2.0.1-py3.10.egg-info/PKG-INFO
[0.340s] -- Installing: /home/williamfbx/Lunar-ROADSTER/lr_ws/install/grid_map_msgs/local/lib/python3.10/dist-packages/grid_map_msgs-2.0.1-py3.10.egg-info/top_level.txt
[0.340s] -- Up-to-date: /home/williamfbx/Lunar-ROADSTER/lr_ws/install/grid_map_msgs/local/lib/python3.10/dist-packages/grid_map_msgs
[0.340s] -- Up-to-date: /home/williamfbx/Lunar-ROADSTER/lr_ws/install/grid_map_msgs/local/lib/python3.10/dist-packages/grid_map_msgs/srv
[0.340s] -- Up-to-date: /home/williamfbx/Lunar-ROADSTER/lr_ws/install/grid_map_msgs/local/lib/python3.10/dist-packages/grid_map_msgs/srv/_get_grid_map_info_s.c
[0.340s] -- Up-to-date: /home/williamfbx/Lunar-ROADSTER/lr_ws/install/grid_map_msgs/local/lib/python3.10/dist-packages/grid_map_msgs/srv/_process_file_s.c
[0.340s] -- Up-to-date: /home/williamfbx/Lunar-ROADSTER/lr_ws/install/grid_map_msgs/local/lib/python3.10/dist-packages/grid_map_msgs/srv/_set_grid_map_s.c
[0.340s] -- Up-to-date: /home/williamfbx/Lunar-ROADSTER/lr_ws/install/grid_map_msgs/local/lib/python3.10/dist-packages/grid_map_msgs/srv/_get_grid_map_s.c
[0.340s] -- Up-to-date: /home/williamfbx/Lunar-ROADSTER/lr_ws/install/grid_map_msgs/local/lib/python3.10/dist-packages/grid_map_msgs/srv/_set_grid_map.py
[0.340s] -- Up-to-date: /home/williamfbx/Lunar-ROADSTER/lr_ws/install/grid_map_msgs/local/lib/python3.10/dist-packages/grid_map_msgs/srv/_get_grid_map_info.py
[0.340s] -- Up-to-date: /home/williamfbx/Lunar-ROADSTER/lr_ws/install/grid_map_msgs/local/lib/python3.10/dist-packages/grid_map_msgs/srv/_get_grid_map.py
[0.340s] -- Up-to-date: /home/williamfbx/Lunar-ROADSTER/lr_ws/install/grid_map_msgs/local/lib/python3.10/dist-packages/grid_map_msgs/srv/_process_file.py
[0.340s] -- Up-to-date: /home/williamfbx/Lunar-ROADSTER/lr_ws/install/grid_map_msgs/local/lib/python3.10/dist-packages/grid_map_msgs/srv/__init__.py
[0.340s] -- Up-to-date: /home/williamfbx/Lunar-ROADSTER/lr_ws/install/grid_map_msgs/local/lib/python3.10/dist-packages/grid_map_msgs/libgrid_map_msgs__rosidl_generator_py.so
[0.340s] -- Up-to-date: /home/williamfbx/Lunar-ROADSTER/lr_ws/install/grid_map_msgs/local/lib/python3.10/dist-packages/grid_map_msgs/grid_map_msgs_s__rosidl_typesupport_fastrtps_c.cpython-310-x86_64-linux-gnu.so
[0.340s] -- Up-to-date: /home/williamfbx/Lunar-ROADSTER/lr_ws/install/grid_map_msgs/local/lib/python3.10/dist-packages/grid_map_msgs/_grid_map_msgs_s.ep.rosidl_typesupport_introspection_c.c
[0.340s] -- Up-to-date: /home/williamfbx/Lunar-ROADSTER/lr_ws/install/grid_map_msgs/local/lib/python3.10/dist-packages/grid_map_msgs/_grid_map_msgs_s.ep.rosidl_typesupport_fastrtps_c.c
[0.340s] -- Up-to-date: /home/williamfbx/Lunar-ROADSTER/lr_ws/install/grid_map_msgs/local/lib/python3.10/dist-packages/grid_map_msgs/_grid_map_msgs_s.ep.rosidl_typesupport_c.c
[0.340s] -- Up-to-date: /home/williamfbx/Lunar-ROADSTER/lr_ws/install/grid_map_msgs/local/lib/python3.10/dist-packages/grid_map_msgs/grid_map_msgs_s__rosidl_typesupport_c.cpython-310-x86_64-linux-gnu.so
[0.340s] -- Up-to-date: /home/williamfbx/Lunar-ROADSTER/lr_ws/install/grid_map_msgs/local/lib/python3.10/dist-packages/grid_map_msgs/grid_map_msgs_s__rosidl_typesupport_introspection_c.cpython-310-x86_64-linux-gnu.so
[0.341s] -- Up-to-date: /home/williamfbx/Lunar-ROADSTER/lr_ws/install/grid_map_msgs/local/lib/python3.10/dist-packages/grid_map_msgs/__init__.py
[0.341s] -- Up-to-date: /home/williamfbx/Lunar-ROADSTER/lr_ws/install/grid_map_msgs/local/lib/python3.10/dist-packages/grid_map_msgs/msg
[0.341s] -- Up-to-date: /home/williamfbx/Lunar-ROADSTER/lr_ws/install/grid_map_msgs/local/lib/python3.10/dist-packages/grid_map_msgs/msg/_grid_map.py
[0.341s] -- Up-to-date: /home/williamfbx/Lunar-ROADSTER/lr_ws/install/grid_map_msgs/local/lib/python3.10/dist-packages/grid_map_msgs/msg/_grid_map_info.py
[0.341s] -- Up-to-date: /home/williamfbx/Lunar-ROADSTER/lr_ws/install/grid_map_msgs/local/lib/python3.10/dist-packages/grid_map_msgs/msg/_grid_map_info_s.c
[0.341s] -- Up-to-date: /home/williamfbx/Lunar-ROADSTER/lr_ws/install/grid_map_msgs/local/lib/python3.10/dist-packages/grid_map_msgs/msg/_grid_map_s.c
[0.341s] -- Up-to-date: /home/williamfbx/Lunar-ROADSTER/lr_ws/install/grid_map_msgs/local/lib/python3.10/dist-packages/grid_map_msgs/msg/__init__.py
[0.347s] Listing '/home/williamfbx/Lunar-ROADSTER/lr_ws/install/grid_map_msgs/local/lib/python3.10/dist-packages/grid_map_msgs'...
[0.347s] Listing '/home/williamfbx/Lunar-ROADSTER/lr_ws/install/grid_map_msgs/local/lib/python3.10/dist-packages/grid_map_msgs/msg'...
[0.347s] Listing '/home/williamfbx/Lunar-ROADSTER/lr_ws/install/grid_map_msgs/local/lib/python3.10/dist-packages/grid_map_msgs/srv'...
[0.350s] -- Up-to-date: /home/williamfbx/Lunar-ROADSTER/lr_ws/install/grid_map_msgs/local/lib/python3.10/dist-packages/grid_map_msgs/grid_map_msgs_s__rosidl_typesupport_fastrtps_c.cpython-310-x86_64-linux-gnu.so
[0.350s] -- Up-to-date: /home/williamfbx/Lunar-ROADSTER/lr_ws/install/grid_map_msgs/local/lib/python3.10/dist-packages/grid_map_msgs/grid_map_msgs_s__rosidl_typesupport_introspection_c.cpython-310-x86_64-linux-gnu.so
[0.350s] -- Up-to-date: /home/williamfbx/Lunar-ROADSTER/lr_ws/install/grid_map_msgs/local/lib/python3.10/dist-packages/grid_map_msgs/grid_map_msgs_s__rosidl_typesupport_c.cpython-310-x86_64-linux-gnu.so
[0.351s] -- Up-to-date: /home/williamfbx/Lunar-ROADSTER/lr_ws/install/grid_map_msgs/lib/libgrid_map_msgs__rosidl_generator_py.so
[0.351s] -- Up-to-date: /home/williamfbx/Lunar-ROADSTER/lr_ws/install/grid_map_msgs/share/grid_map_msgs/msg/GridMapInfo.idl
[0.351s] -- Up-to-date: /home/williamfbx/Lunar-ROADSTER/lr_ws/install/grid_map_msgs/share/grid_map_msgs/msg/GridMap.idl
[0.351s] -- Up-to-date: /home/williamfbx/Lunar-ROADSTER/lr_ws/install/grid_map_msgs/share/grid_map_msgs/srv/SetGridMap.idl
[0.351s] -- Up-to-date: /home/williamfbx/Lunar-ROADSTER/lr_ws/install/grid_map_msgs/share/grid_map_msgs/srv/GetGridMap.idl
[0.351s] -- Up-to-date: /home/williamfbx/Lunar-ROADSTER/lr_ws/install/grid_map_msgs/share/grid_map_msgs/srv/GetGridMapInfo.idl
[0.351s] -- Up-to-date: /home/williamfbx/Lunar-ROADSTER/lr_ws/install/grid_map_msgs/share/grid_map_msgs/srv/ProcessFile.idl
[0.351s] -- Up-to-date: /home/williamfbx/Lunar-ROADSTER/lr_ws/install/grid_map_msgs/share/grid_map_msgs/msg/GridMapInfo.msg
[0.351s] -- Up-to-date: /home/williamfbx/Lunar-ROADSTER/lr_ws/install/grid_map_msgs/share/grid_map_msgs/msg/GridMap.msg
[0.351s] -- Up-to-date: /home/williamfbx/Lunar-ROADSTER/lr_ws/install/grid_map_msgs/share/grid_map_msgs/srv/SetGridMap.srv
[0.351s] -- Up-to-date: /home/williamfbx/Lunar-ROADSTER/lr_ws/install/grid_map_msgs/share/grid_map_msgs/srv/SetGridMap_Request.msg
[0.351s] -- Up-to-date: /home/williamfbx/Lunar-ROADSTER/lr_ws/install/grid_map_msgs/share/grid_map_msgs/srv/SetGridMap_Response.msg
[0.351s] -- Up-to-date: /home/williamfbx/Lunar-ROADSTER/lr_ws/install/grid_map_msgs/share/grid_map_msgs/srv/GetGridMap.srv
[0.352s] -- Up-to-date: /home/williamfbx/Lunar-ROADSTER/lr_ws/install/grid_map_msgs/share/grid_map_msgs/srv/GetGridMap_Request.msg
[0.352s] -- Up-to-date: /home/williamfbx/Lunar-ROADSTER/lr_ws/install/grid_map_msgs/share/grid_map_msgs/srv/GetGridMap_Response.msg
[0.352s] -- Up-to-date: /home/williamfbx/Lunar-ROADSTER/lr_ws/install/grid_map_msgs/share/grid_map_msgs/srv/GetGridMapInfo.srv
[0.352s] -- Up-to-date: /home/williamfbx/Lunar-ROADSTER/lr_ws/install/grid_map_msgs/share/grid_map_msgs/srv/GetGridMapInfo_Request.msg
[0.352s] -- Up-to-date: /home/williamfbx/Lunar-ROADSTER/lr_ws/install/grid_map_msgs/share/grid_map_msgs/srv/GetGridMapInfo_Response.msg
[0.352s] -- Up-to-date: /home/williamfbx/Lunar-ROADSTER/lr_ws/install/grid_map_msgs/share/grid_map_msgs/srv/ProcessFile.srv
[0.352s] -- Up-to-date: /home/williamfbx/Lunar-ROADSTER/lr_ws/install/grid_map_msgs/share/grid_map_msgs/srv/ProcessFile_Request.msg
[0.352s] -- Up-to-date: /home/williamfbx/Lunar-ROADSTER/lr_ws/install/grid_map_msgs/share/grid_map_msgs/srv/ProcessFile_Response.msg
[0.352s] -- Up-to-date: /home/williamfbx/Lunar-ROADSTER/lr_ws/install/grid_map_msgs/share/ament_index/resource_index/package_run_dependencies/grid_map_msgs
[0.352s] -- Up-to-date: /home/williamfbx/Lunar-ROADSTER/lr_ws/install/grid_map_msgs/share/ament_index/resource_index/parent_prefix_path/grid_map_msgs
[0.352s] -- Up-to-date: /home/williamfbx/Lunar-ROADSTER/lr_ws/install/grid_map_msgs/share/grid_map_msgs/environment/ament_prefix_path.sh
[0.352s] -- Up-to-date: /home/williamfbx/Lunar-ROADSTER/lr_ws/install/grid_map_msgs/share/grid_map_msgs/environment/ament_prefix_path.dsv
[0.352s] -- Up-to-date: /home/williamfbx/Lunar-ROADSTER/lr_ws/install/grid_map_msgs/share/grid_map_msgs/environment/path.sh
[0.352s] -- Up-to-date: /home/williamfbx/Lunar-ROADSTER/lr_ws/install/grid_map_msgs/share/grid_map_msgs/environment/path.dsv
[0.352s] -- Up-to-date: /home/williamfbx/Lunar-ROADSTER/lr_ws/install/grid_map_msgs/share/grid_map_msgs/local_setup.bash
[0.352s] -- Up-to-date: /home/williamfbx/Lunar-ROADSTER/lr_ws/install/grid_map_msgs/share/grid_map_msgs/local_setup.sh
[0.352s] -- Up-to-date: /home/williamfbx/Lunar-ROADSTER/lr_ws/install/grid_map_msgs/share/grid_map_msgs/local_setup.zsh
[0.352s] -- Up-to-date: /home/williamfbx/Lunar-ROADSTER/lr_ws/install/grid_map_msgs/share/grid_map_msgs/local_setup.dsv
[0.352s] -- Installing: /home/williamfbx/Lunar-ROADSTER/lr_ws/install/grid_map_msgs/share/grid_map_msgs/package.dsv
[0.353s] -- Up-to-date: /home/williamfbx/Lunar-ROADSTER/lr_ws/install/grid_map_msgs/share/ament_index/resource_index/packages/grid_map_msgs
[0.354s] -- Up-to-date: /home/williamfbx/Lunar-ROADSTER/lr_ws/install/grid_map_msgs/share/grid_map_msgs/cmake/export_grid_map_msgs__rosidl_generator_cExport.cmake
[0.354s] -- Up-to-date: /home/williamfbx/Lunar-ROADSTER/lr_ws/install/grid_map_msgs/share/grid_map_msgs/cmake/export_grid_map_msgs__rosidl_generator_cExport-release.cmake
[0.354s] -- Up-to-date: /home/williamfbx/Lunar-ROADSTER/lr_ws/install/grid_map_msgs/share/grid_map_msgs/cmake/export_grid_map_msgs__rosidl_typesupport_fastrtps_cExport.cmake
[0.354s] -- Up-to-date: /home/williamfbx/Lunar-ROADSTER/lr_ws/install/grid_map_msgs/share/grid_map_msgs/cmake/export_grid_map_msgs__rosidl_typesupport_fastrtps_cExport-release.cmake
[0.354s] -- Up-to-date: /home/williamfbx/Lunar-ROADSTER/lr_ws/install/grid_map_msgs/share/grid_map_msgs/cmake/export_grid_map_msgs__rosidl_generator_cppExport.cmake
[0.354s] -- Up-to-date: /home/williamfbx/Lunar-ROADSTER/lr_ws/install/grid_map_msgs/share/grid_map_msgs/cmake/export_grid_map_msgs__rosidl_typesupport_fastrtps_cppExport.cmake
[0.354s] -- Up-to-date: /home/williamfbx/Lunar-ROADSTER/lr_ws/install/grid_map_msgs/share/grid_map_msgs/cmake/export_grid_map_msgs__rosidl_typesupport_fastrtps_cppExport-release.cmake
[0.354s] -- Up-to-date: /home/williamfbx/Lunar-ROADSTER/lr_ws/install/grid_map_msgs/share/grid_map_msgs/cmake/grid_map_msgs__rosidl_typesupport_introspection_cExport.cmake
[0.355s] -- Up-to-date: /home/williamfbx/Lunar-ROADSTER/lr_ws/install/grid_map_msgs/share/grid_map_msgs/cmake/grid_map_msgs__rosidl_typesupport_introspection_cExport-release.cmake
[0.355s] -- Up-to-date: /home/williamfbx/Lunar-ROADSTER/lr_ws/install/grid_map_msgs/share/grid_map_msgs/cmake/grid_map_msgs__rosidl_typesupport_cExport.cmake
[0.355s] -- Up-to-date: /home/williamfbx/Lunar-ROADSTER/lr_ws/install/grid_map_msgs/share/grid_map_msgs/cmake/grid_map_msgs__rosidl_typesupport_cExport-release.cmake
[0.355s] -- Up-to-date: /home/williamfbx/Lunar-ROADSTER/lr_ws/install/grid_map_msgs/share/grid_map_msgs/cmake/grid_map_msgs__rosidl_typesupport_introspection_cppExport.cmake
[0.355s] -- Up-to-date: /home/williamfbx/Lunar-ROADSTER/lr_ws/install/grid_map_msgs/share/grid_map_msgs/cmake/grid_map_msgs__rosidl_typesupport_introspection_cppExport-release.cmake
[0.355s] -- Up-to-date: /home/williamfbx/Lunar-ROADSTER/lr_ws/install/grid_map_msgs/share/grid_map_msgs/cmake/grid_map_msgs__rosidl_typesupport_cppExport.cmake
[0.355s] -- Up-to-date: /home/williamfbx/Lunar-ROADSTER/lr_ws/install/grid_map_msgs/share/grid_map_msgs/cmake/grid_map_msgs__rosidl_typesupport_cppExport-release.cmake
[0.355s] -- Up-to-date: /home/williamfbx/Lunar-ROADSTER/lr_ws/install/grid_map_msgs/share/grid_map_msgs/cmake/export_grid_map_msgs__rosidl_generator_pyExport.cmake
[0.355s] -- Up-to-date: /home/williamfbx/Lunar-ROADSTER/lr_ws/install/grid_map_msgs/share/grid_map_msgs/cmake/export_grid_map_msgs__rosidl_generator_pyExport-release.cmake
[0.355s] -- Up-to-date: /home/williamfbx/Lunar-ROADSTER/lr_ws/install/grid_map_msgs/share/grid_map_msgs/cmake/rosidl_cmake-extras.cmake
[0.355s] -- Up-to-date: /home/williamfbx/Lunar-ROADSTER/lr_ws/install/grid_map_msgs/share/grid_map_msgs/cmake/ament_cmake_export_dependencies-extras.cmake
[0.355s] -- Up-to-date: /home/williamfbx/Lunar-ROADSTER/lr_ws/install/grid_map_msgs/share/grid_map_msgs/cmake/ament_cmake_export_include_directories-extras.cmake
[0.355s] -- Up-to-date: /home/williamfbx/Lunar-ROADSTER/lr_ws/install/grid_map_msgs/share/grid_map_msgs/cmake/ament_cmake_export_libraries-extras.cmake
[0.355s] -- Up-to-date: /home/williamfbx/Lunar-ROADSTER/lr_ws/install/grid_map_msgs/share/grid_map_msgs/cmake/ament_cmake_export_targets-extras.cmake
[0.355s] -- Up-to-date: /home/williamfbx/Lunar-ROADSTER/lr_ws/install/grid_map_msgs/share/grid_map_msgs/cmake/rosidl_cmake_export_typesupport_targets-extras.cmake
[0.355s] -- Up-to-date: /home/williamfbx/Lunar-ROADSTER/lr_ws/install/grid_map_msgs/share/grid_map_msgs/cmake/rosidl_cmake_export_typesupport_libraries-extras.cmake
[0.355s] -- Up-to-date: /home/williamfbx/Lunar-ROADSTER/lr_ws/install/grid_map_msgs/share/grid_map_msgs/cmake/grid_map_msgsConfig.cmake
[0.355s] -- Up-to-date: /home/williamfbx/Lunar-ROADSTER/lr_ws/install/grid_map_msgs/share/grid_map_msgs/cmake/grid_map_msgsConfig-version.cmake
[0.355s] -- Up-to-date: /home/williamfbx/Lunar-ROADSTER/lr_ws/install/grid_map_msgs/share/grid_map_msgs/package.xml
[0.405s] Invoked command in '/home/williamfbx/Lunar-ROADSTER/lr_ws/build/grid_map_msgs' returned '0': CMAKE_PREFIX_PATH=/home/williamfbx/Lunar-ROADSTER/lr_ws/install/grid_map_cmake_helpers:/home/williamfbx/Lunar-ROADSTER/lr_ws/install/teleop:/home/williamfbx/Lunar-ROADSTER/lr_ws/install/sensing:/home/williamfbx/Lunar-ROADSTER/lr_ws/install/motion_control:/home/williamfbx/Lunar-ROADSTER/lr_ws/install/localization:/home/williamfbx/Lunar-ROADSTER/lr_ws/install/imu:/home/williamfbx/Lunar-ROADSTER/lr_ws/install/grid_map:/home/williamfbx/Lunar-ROADSTER/lr_ws/install/grid_map_demos:/home/williamfbx/Lunar-ROADSTER/lr_ws/install/grid_map_visualization:/home/williamfbx/Lunar-ROADSTER/lr_ws/install/grid_map_sdf:/home/williamfbx/Lunar-ROADSTER/lr_ws/install/grid_map_rviz_plugin:/home/williamfbx/Lunar-ROADSTER/lr_ws/install/grid_map_pcl:/home/williamfbx/Lunar-ROADSTER/lr_ws/install/grid_map_loader:/home/williamfbx/Lunar-ROADSTER/lr_ws/install/grid_map_filters:/home/williamfbx/Lunar-ROADSTER/lr_ws/install/grid_map_ros:/home/williamfbx/Lunar-ROADSTER/lr_ws/install/grid_map_octomap:/home/williamfbx/Lunar-ROADSTER/lr_ws/install/grid_map_msgs:/home/williamfbx/Lunar-ROADSTER/lr_ws/install/grid_map_cv:/home/williamfbx/Lunar-ROADSTER/lr_ws/install/grid_map_costmap_2d:/home/williamfbx/Lunar-ROADSTER/lr_ws/install/grid_map_core:/home/williamfbx/Lunar-ROADSTER/lr_ws/install/arduino:/home/williamfbx/Lunar-ROADSTER/lr_ws/install/cg_msgs:/opt/ros/humble /usr/bin/cmake --install /home/williamfbx/Lunar-ROADSTER/lr_ws/build/grid_map_msgs
