[0.031s] Invoking command in '/home/williamfbx/Lunar-ROADSTER/lr_ws/build/motion_control': AMENT_PREFIX_PATH=/home/williamfbx/Lunar-ROADSTER/lr_ws/install/cg_msgs:${AMENT_PREFIX_PATH} CMAKE_PREFIX_PATH=/home/williamfbx/Lunar-ROADSTER/lr_ws/install/cg_msgs:/opt/ros/humble LD_LIBRARY_PATH=/home/williamfbx/Lunar-ROADSTER/lr_ws/install/cg_msgs/lib:${LD_LIBRARY_PATH} PYTHONPATH=/home/williamfbx/Lunar-ROADSTER/lr_ws/install/cg_msgs/local/lib/python3.10/dist-packages:${PYTHONPATH} /usr/bin/cmake --build /home/williamfbx/Lunar-ROADSTER/lr_ws/build/motion_control -- -j12 -l12
[0.111s] [ 50%] Built target cmd_mux
[0.116s] [100%] Built target odom_node
[0.128s] Invoked command in '/home/williamfbx/Lunar-ROADSTER/lr_ws/build/motion_control' returned '0': AMENT_PREFIX_PATH=/home/williamfbx/Lunar-ROADSTER/lr_ws/install/cg_msgs:${AMENT_PREFIX_PATH} CMAKE_PREFIX_PATH=/home/williamfbx/Lunar-ROADSTER/lr_ws/install/cg_msgs:/opt/ros/humble LD_LIBRARY_PATH=/home/williamfbx/Lunar-ROADSTER/lr_ws/install/cg_msgs/lib:${LD_LIBRARY_PATH} PYTHONPATH=/home/williamfbx/Lunar-ROADSTER/lr_ws/install/cg_msgs/local/lib/python3.10/dist-packages:${PYTHONPATH} /usr/bin/cmake --build /home/williamfbx/Lunar-ROADSTER/lr_ws/build/motion_control -- -j12 -l12
[0.130s] Invoking command in '/home/williamfbx/Lunar-ROADSTER/lr_ws/build/motion_control': AMENT_PREFIX_PATH=/home/williamfbx/Lunar-ROADSTER/lr_ws/install/cg_msgs:${AMENT_PREFIX_PATH} CMAKE_PREFIX_PATH=/home/williamfbx/Lunar-ROADSTER/lr_ws/install/cg_msgs:/opt/ros/humble LD_LIBRARY_PATH=/home/williamfbx/Lunar-ROADSTER/lr_ws/install/cg_msgs/lib:${LD_LIBRARY_PATH} PYTHONPATH=/home/williamfbx/Lunar-ROADSTER/lr_ws/install/cg_msgs/local/lib/python3.10/dist-packages:${PYTHONPATH} /usr/bin/cmake --install /home/williamfbx/Lunar-ROADSTER/lr_ws/build/motion_control
[0.136s] -- Install configuration: ""
[0.137s] -- Up-to-date: /home/williamfbx/Lunar-ROADSTER/lr_ws/install/motion_control/lib/motion_control/cmd_mux
[0.137s] -- Up-to-date: /home/williamfbx/Lunar-ROADSTER/lr_ws/install/motion_control/lib/motion_control/odom_node
[0.137s] -- Up-to-date: /home/williamfbx/Lunar-ROADSTER/lr_ws/install/motion_control/include/motion_control
[0.137s] -- Up-to-date: /home/williamfbx/Lunar-ROADSTER/lr_ws/install/motion_control/include/motion_control/odom_node.hpp
[0.138s] -- Up-to-date: /home/williamfbx/Lunar-ROADSTER/lr_ws/install/motion_control/include/motion_control/cmdmux_node.hpp
[0.138s] -- Up-to-date: /home/williamfbx/Lunar-ROADSTER/lr_ws/install/motion_control/share/motion_control/launch
[0.138s] -- Up-to-date: /home/williamfbx/Lunar-ROADSTER/lr_ws/install/motion_control/share/motion_control/launch/motion_control_launch.py
[0.138s] -- Up-to-date: /home/williamfbx/Lunar-ROADSTER/lr_ws/install/motion_control/share/motion_control/launch/cmdmux_launch.py
[0.138s] -- Up-to-date: /home/williamfbx/Lunar-ROADSTER/lr_ws/install/motion_control/share/motion_control/launch/__pycache__
[0.138s] -- Up-to-date: /home/williamfbx/Lunar-ROADSTER/lr_ws/install/motion_control/share/motion_control/launch/__pycache__/motion_control_launch.cpython-310.pyc
[0.139s] -- Up-to-date: /home/williamfbx/Lunar-ROADSTER/lr_ws/install/motion_control/share/motion_control/launch/odom_launch.py
[0.139s] -- Up-to-date: /home/williamfbx/Lunar-ROADSTER/lr_ws/install/motion_control/share/motion_control/config
[0.139s] -- Up-to-date: /home/williamfbx/Lunar-ROADSTER/lr_ws/install/motion_control/share/motion_control/config/odom_node_params.yaml
[0.139s] -- Up-to-date: /home/williamfbx/Lunar-ROADSTER/lr_ws/install/motion_control/share/motion_control/config/diagnostic_params.yaml
[0.139s] -- Up-to-date: /home/williamfbx/Lunar-ROADSTER/lr_ws/install/motion_control/share/ament_index/resource_index/package_run_dependencies/motion_control
[0.139s] -- Up-to-date: /home/williamfbx/Lunar-ROADSTER/lr_ws/install/motion_control/share/ament_index/resource_index/parent_prefix_path/motion_control
[0.140s] -- Up-to-date: /home/williamfbx/Lunar-ROADSTER/lr_ws/install/motion_control/share/motion_control/environment/ament_prefix_path.sh
[0.140s] -- Up-to-date: /home/williamfbx/Lunar-ROADSTER/lr_ws/install/motion_control/share/motion_control/environment/ament_prefix_path.dsv
[0.140s] -- Up-to-date: /home/williamfbx/Lunar-ROADSTER/lr_ws/install/motion_control/share/motion_control/environment/path.sh
[0.140s] -- Up-to-date: /home/williamfbx/Lunar-ROADSTER/lr_ws/install/motion_control/share/motion_control/environment/path.dsv
[0.140s] -- Up-to-date: /home/williamfbx/Lunar-ROADSTER/lr_ws/install/motion_control/share/motion_control/local_setup.bash
[0.141s] -- Up-to-date: /home/williamfbx/Lunar-ROADSTER/lr_ws/install/motion_control/share/motion_control/local_setup.sh
[0.141s] -- Up-to-date: /home/williamfbx/Lunar-ROADSTER/lr_ws/install/motion_control/share/motion_control/local_setup.zsh
[0.141s] -- Up-to-date: /home/williamfbx/Lunar-ROADSTER/lr_ws/install/motion_control/share/motion_control/local_setup.dsv
[0.141s] -- Installing: /home/williamfbx/Lunar-ROADSTER/lr_ws/install/motion_control/share/motion_control/package.dsv
[0.142s] -- Up-to-date: /home/williamfbx/Lunar-ROADSTER/lr_ws/install/motion_control/share/ament_index/resource_index/packages/motion_control
[0.142s] -- Up-to-date: /home/williamfbx/Lunar-ROADSTER/lr_ws/install/motion_control/share/motion_control/cmake/motion_controlConfig.cmake
[0.142s] -- Up-to-date: /home/williamfbx/Lunar-ROADSTER/lr_ws/install/motion_control/share/motion_control/cmake/motion_controlConfig-version.cmake
[0.142s] -- Up-to-date: /home/williamfbx/Lunar-ROADSTER/lr_ws/install/motion_control/share/motion_control/package.xml
[0.159s] Invoked command in '/home/williamfbx/Lunar-ROADSTER/lr_ws/build/motion_control' returned '0': AMENT_PREFIX_PATH=/home/williamfbx/Lunar-ROADSTER/lr_ws/install/cg_msgs:${AMENT_PREFIX_PATH} CMAKE_PREFIX_PATH=/home/williamfbx/Lunar-ROADSTER/lr_ws/install/cg_msgs:/opt/ros/humble LD_LIBRARY_PATH=/home/williamfbx/Lunar-ROADSTER/lr_ws/install/cg_msgs/lib:${LD_LIBRARY_PATH} PYTHONPATH=/home/williamfbx/Lunar-ROADSTER/lr_ws/install/cg_msgs/local/lib/python3.10/dist-packages:${PYTHONPATH} /usr/bin/cmake --install /home/williamfbx/Lunar-ROADSTER/lr_ws/build/motion_control
