[0.254s] Invoking command in '/root/Lunar_ROADSTER/lr_ws/build/nav2_constrained_smoother': AMENT_PREFIX_PATH=/root/Lunar_ROADSTER/lr_ws/install/nav2_core:/root/Lunar_ROADSTER/lr_ws/install/nav2_costmap_2d:/root/Lunar_ROADSTER/lr_ws/install/nav2_map_server:/root/Lunar_ROADSTER/lr_ws/install/nav2_lifecycle_manager:/root/Lunar_ROADSTER/lr_ws/install/nav2_util:/root/Lunar_ROADSTER/lr_ws/install/nav2_voxel_grid:/root/Lunar_ROADSTER/lr_ws/install/nav2_msgs:/root/Lunar_ROADSTER/lr_ws/install/nav2_common:${AMENT_PREFIX_PATH} CMAKE_PREFIX_PATH=/root/Lunar_ROADSTER/lr_ws/install/nav2_core:/root/Lunar_ROADSTER/lr_ws/install/nav2_costmap_2d:/root/Lunar_ROADSTER/lr_ws/install/nav2_map_server:/root/Lunar_ROADSTER/lr_ws/install/nav2_lifecycle_manager:/root/Lunar_ROADSTER/lr_ws/install/nav2_util:/root/Lunar_ROADSTER/lr_ws/install/nav2_voxel_grid:/root/Lunar_ROADSTER/lr_ws/install/nav2_msgs:/root/Lunar_ROADSTER/lr_ws/install/nav2_common:/opt/ros/humble LD_LIBRARY_PATH=/root/Lunar_ROADSTER/lr_ws/install/nav2_costmap_2d/lib:/root/Lunar_ROADSTER/lr_ws/install/nav2_map_server/lib:/root/Lunar_ROADSTER/lr_ws/install/nav2_lifecycle_manager/lib:/root/Lunar_ROADSTER/lr_ws/install/nav2_util/lib:/root/Lunar_ROADSTER/lr_ws/install/nav2_voxel_grid/lib:/root/Lunar_ROADSTER/lr_ws/install/nav2_msgs/lib:/opt/ros/humble/opt/rviz_ogre_vendor/lib:/opt/ros/humble/lib/aarch64-linux-gnu:/opt/ros/humble/lib:/usr/local/cuda/lib64 PYTHONPATH=/root/Lunar_ROADSTER/lr_ws/install/nav2_msgs/local/lib/python3.10/dist-packages:/root/Lunar_ROADSTER/lr_ws/install/nav2_common/local/lib/python3.10/dist-packages:${PYTHONPATH} /usr/local/bin/cmake --build /root/Lunar_ROADSTER/lr_ws/build/nav2_constrained_smoother -- -j4 -l4
[1.219s] [ 20%] Built target nav2_constrained_smoother
[1.398s] [ 40%] Built target gtest
[1.740s] [ 60%] Built target gtest_main
[2.002s] [ 80%] Built target test_constrained_smoother
[2.377s] [100%] Built target test_smoother_cost_function
[2.399s] Invoked command in '/root/Lunar_ROADSTER/lr_ws/build/nav2_constrained_smoother' returned '0': AMENT_PREFIX_PATH=/root/Lunar_ROADSTER/lr_ws/install/nav2_core:/root/Lunar_ROADSTER/lr_ws/install/nav2_costmap_2d:/root/Lunar_ROADSTER/lr_ws/install/nav2_map_server:/root/Lunar_ROADSTER/lr_ws/install/nav2_lifecycle_manager:/root/Lunar_ROADSTER/lr_ws/install/nav2_util:/root/Lunar_ROADSTER/lr_ws/install/nav2_voxel_grid:/root/Lunar_ROADSTER/lr_ws/install/nav2_msgs:/root/Lunar_ROADSTER/lr_ws/install/nav2_common:${AMENT_PREFIX_PATH} CMAKE_PREFIX_PATH=/root/Lunar_ROADSTER/lr_ws/install/nav2_core:/root/Lunar_ROADSTER/lr_ws/install/nav2_costmap_2d:/root/Lunar_ROADSTER/lr_ws/install/nav2_map_server:/root/Lunar_ROADSTER/lr_ws/install/nav2_lifecycle_manager:/root/Lunar_ROADSTER/lr_ws/install/nav2_util:/root/Lunar_ROADSTER/lr_ws/install/nav2_voxel_grid:/root/Lunar_ROADSTER/lr_ws/install/nav2_msgs:/root/Lunar_ROADSTER/lr_ws/install/nav2_common:/opt/ros/humble LD_LIBRARY_PATH=/root/Lunar_ROADSTER/lr_ws/install/nav2_costmap_2d/lib:/root/Lunar_ROADSTER/lr_ws/install/nav2_map_server/lib:/root/Lunar_ROADSTER/lr_ws/install/nav2_lifecycle_manager/lib:/root/Lunar_ROADSTER/lr_ws/install/nav2_util/lib:/root/Lunar_ROADSTER/lr_ws/install/nav2_voxel_grid/lib:/root/Lunar_ROADSTER/lr_ws/install/nav2_msgs/lib:/opt/ros/humble/opt/rviz_ogre_vendor/lib:/opt/ros/humble/lib/aarch64-linux-gnu:/opt/ros/humble/lib:/usr/local/cuda/lib64 PYTHONPATH=/root/Lunar_ROADSTER/lr_ws/install/nav2_msgs/local/lib/python3.10/dist-packages:/root/Lunar_ROADSTER/lr_ws/install/nav2_common/local/lib/python3.10/dist-packages:${PYTHONPATH} /usr/local/bin/cmake --build /root/Lunar_ROADSTER/lr_ws/build/nav2_constrained_smoother -- -j4 -l4
[2.513s] Invoking command in '/root/Lunar_ROADSTER/lr_ws/build/nav2_constrained_smoother': AMENT_PREFIX_PATH=/root/Lunar_ROADSTER/lr_ws/install/nav2_core:/root/Lunar_ROADSTER/lr_ws/install/nav2_costmap_2d:/root/Lunar_ROADSTER/lr_ws/install/nav2_map_server:/root/Lunar_ROADSTER/lr_ws/install/nav2_lifecycle_manager:/root/Lunar_ROADSTER/lr_ws/install/nav2_util:/root/Lunar_ROADSTER/lr_ws/install/nav2_voxel_grid:/root/Lunar_ROADSTER/lr_ws/install/nav2_msgs:/root/Lunar_ROADSTER/lr_ws/install/nav2_common:${AMENT_PREFIX_PATH} CMAKE_PREFIX_PATH=/root/Lunar_ROADSTER/lr_ws/install/nav2_core:/root/Lunar_ROADSTER/lr_ws/install/nav2_costmap_2d:/root/Lunar_ROADSTER/lr_ws/install/nav2_map_server:/root/Lunar_ROADSTER/lr_ws/install/nav2_lifecycle_manager:/root/Lunar_ROADSTER/lr_ws/install/nav2_util:/root/Lunar_ROADSTER/lr_ws/install/nav2_voxel_grid:/root/Lunar_ROADSTER/lr_ws/install/nav2_msgs:/root/Lunar_ROADSTER/lr_ws/install/nav2_common:/opt/ros/humble LD_LIBRARY_PATH=/root/Lunar_ROADSTER/lr_ws/install/nav2_costmap_2d/lib:/root/Lunar_ROADSTER/lr_ws/install/nav2_map_server/lib:/root/Lunar_ROADSTER/lr_ws/install/nav2_lifecycle_manager/lib:/root/Lunar_ROADSTER/lr_ws/install/nav2_util/lib:/root/Lunar_ROADSTER/lr_ws/install/nav2_voxel_grid/lib:/root/Lunar_ROADSTER/lr_ws/install/nav2_msgs/lib:/opt/ros/humble/opt/rviz_ogre_vendor/lib:/opt/ros/humble/lib/aarch64-linux-gnu:/opt/ros/humble/lib:/usr/local/cuda/lib64 PYTHONPATH=/root/Lunar_ROADSTER/lr_ws/install/nav2_msgs/local/lib/python3.10/dist-packages:/root/Lunar_ROADSTER/lr_ws/install/nav2_common/local/lib/python3.10/dist-packages:${PYTHONPATH} /usr/local/bin/cmake --install /root/Lunar_ROADSTER/lr_ws/build/nav2_constrained_smoother
[2.537s] -- Install configuration: "Release"
[2.538s] -- Up-to-date: /root/Lunar_ROADSTER/lr_ws/install/nav2_constrained_smoother/lib/libnav2_constrained_smoother.so
[2.539s] -- Up-to-date: /root/Lunar_ROADSTER/lr_ws/install/nav2_constrained_smoother/include/
[2.539s] -- Up-to-date: /root/Lunar_ROADSTER/lr_ws/install/nav2_constrained_smoother/include//nav2_constrained_smoother
[2.540s] -- Up-to-date: /root/Lunar_ROADSTER/lr_ws/install/nav2_constrained_smoother/include//nav2_constrained_smoother/constrained_smoother.hpp
[2.541s] -- Up-to-date: /root/Lunar_ROADSTER/lr_ws/install/nav2_constrained_smoother/include//nav2_constrained_smoother/options.hpp
[2.542s] -- Up-to-date: /root/Lunar_ROADSTER/lr_ws/install/nav2_constrained_smoother/include//nav2_constrained_smoother/smoother.hpp
[2.543s] -- Up-to-date: /root/Lunar_ROADSTER/lr_ws/install/nav2_constrained_smoother/include//nav2_constrained_smoother/smoother_cost_function.hpp
[2.544s] -- Up-to-date: /root/Lunar_ROADSTER/lr_ws/install/nav2_constrained_smoother/include//nav2_constrained_smoother/utils.hpp
[2.544s] -- Up-to-date: /root/Lunar_ROADSTER/lr_ws/install/nav2_constrained_smoother/share/nav2_constrained_smoother/environment/library_path.sh
[2.544s] -- Up-to-date: /root/Lunar_ROADSTER/lr_ws/install/nav2_constrained_smoother/share/nav2_constrained_smoother/environment/library_path.dsv
[2.545s] -- Up-to-date: /root/Lunar_ROADSTER/lr_ws/install/nav2_constrained_smoother/share/nav2_constrained_smoother/nav2_constrained_smoother.xml
[2.545s] -- Up-to-date: /root/Lunar_ROADSTER/lr_ws/install/nav2_constrained_smoother/share/ament_index/resource_index/package_run_dependencies/nav2_constrained_smoother
[2.545s] -- Up-to-date: /root/Lunar_ROADSTER/lr_ws/install/nav2_constrained_smoother/share/ament_index/resource_index/parent_prefix_path/nav2_constrained_smoother
[2.546s] -- Up-to-date: /root/Lunar_ROADSTER/lr_ws/install/nav2_constrained_smoother/share/nav2_constrained_smoother/environment/ament_prefix_path.sh
[2.546s] -- Up-to-date: /root/Lunar_ROADSTER/lr_ws/install/nav2_constrained_smoother/share/nav2_constrained_smoother/environment/ament_prefix_path.dsv
[2.546s] -- Up-to-date: /root/Lunar_ROADSTER/lr_ws/install/nav2_constrained_smoother/share/nav2_constrained_smoother/environment/path.sh
[2.546s] -- Up-to-date: /root/Lunar_ROADSTER/lr_ws/install/nav2_constrained_smoother/share/nav2_constrained_smoother/environment/path.dsv
[2.547s] -- Up-to-date: /root/Lunar_ROADSTER/lr_ws/install/nav2_constrained_smoother/share/nav2_constrained_smoother/local_setup.bash
[2.547s] -- Up-to-date: /root/Lunar_ROADSTER/lr_ws/install/nav2_constrained_smoother/share/nav2_constrained_smoother/local_setup.sh
[2.547s] -- Up-to-date: /root/Lunar_ROADSTER/lr_ws/install/nav2_constrained_smoother/share/nav2_constrained_smoother/local_setup.zsh
[2.547s] -- Up-to-date: /root/Lunar_ROADSTER/lr_ws/install/nav2_constrained_smoother/share/nav2_constrained_smoother/local_setup.dsv
[2.548s] -- Installing: /root/Lunar_ROADSTER/lr_ws/install/nav2_constrained_smoother/share/nav2_constrained_smoother/package.dsv
[2.552s] -- Up-to-date: /root/Lunar_ROADSTER/lr_ws/install/nav2_constrained_smoother/share/ament_index/resource_index/packages/nav2_constrained_smoother
[2.553s] -- Up-to-date: /root/Lunar_ROADSTER/lr_ws/install/nav2_constrained_smoother/share/ament_index/resource_index/nav2_core__pluginlib__plugin/nav2_constrained_smoother
[2.553s] -- Up-to-date: /root/Lunar_ROADSTER/lr_ws/install/nav2_constrained_smoother/share/nav2_constrained_smoother/cmake/ament_cmake_export_include_directories-extras.cmake
[2.557s] -- Up-to-date: /root/Lunar_ROADSTER/lr_ws/install/nav2_constrained_smoother/share/nav2_constrained_smoother/cmake/ament_cmake_export_libraries-extras.cmake
[2.558s] -- Up-to-date: /root/Lunar_ROADSTER/lr_ws/install/nav2_constrained_smoother/share/nav2_constrained_smoother/cmake/ament_cmake_export_dependencies-extras.cmake
[2.558s] -- Up-to-date: /root/Lunar_ROADSTER/lr_ws/install/nav2_constrained_smoother/share/nav2_constrained_smoother/cmake/nav2_constrained_smootherConfig.cmake
[2.559s] -- Up-to-date: /root/Lunar_ROADSTER/lr_ws/install/nav2_constrained_smoother/share/nav2_constrained_smoother/cmake/nav2_constrained_smootherConfig-version.cmake
[2.559s] -- Up-to-date: /root/Lunar_ROADSTER/lr_ws/install/nav2_constrained_smoother/share/nav2_constrained_smoother/package.xml
[2.570s] Invoked command in '/root/Lunar_ROADSTER/lr_ws/build/nav2_constrained_smoother' returned '0': AMENT_PREFIX_PATH=/root/Lunar_ROADSTER/lr_ws/install/nav2_core:/root/Lunar_ROADSTER/lr_ws/install/nav2_costmap_2d:/root/Lunar_ROADSTER/lr_ws/install/nav2_map_server:/root/Lunar_ROADSTER/lr_ws/install/nav2_lifecycle_manager:/root/Lunar_ROADSTER/lr_ws/install/nav2_util:/root/Lunar_ROADSTER/lr_ws/install/nav2_voxel_grid:/root/Lunar_ROADSTER/lr_ws/install/nav2_msgs:/root/Lunar_ROADSTER/lr_ws/install/nav2_common:${AMENT_PREFIX_PATH} CMAKE_PREFIX_PATH=/root/Lunar_ROADSTER/lr_ws/install/nav2_core:/root/Lunar_ROADSTER/lr_ws/install/nav2_costmap_2d:/root/Lunar_ROADSTER/lr_ws/install/nav2_map_server:/root/Lunar_ROADSTER/lr_ws/install/nav2_lifecycle_manager:/root/Lunar_ROADSTER/lr_ws/install/nav2_util:/root/Lunar_ROADSTER/lr_ws/install/nav2_voxel_grid:/root/Lunar_ROADSTER/lr_ws/install/nav2_msgs:/root/Lunar_ROADSTER/lr_ws/install/nav2_common:/opt/ros/humble LD_LIBRARY_PATH=/root/Lunar_ROADSTER/lr_ws/install/nav2_costmap_2d/lib:/root/Lunar_ROADSTER/lr_ws/install/nav2_map_server/lib:/root/Lunar_ROADSTER/lr_ws/install/nav2_lifecycle_manager/lib:/root/Lunar_ROADSTER/lr_ws/install/nav2_util/lib:/root/Lunar_ROADSTER/lr_ws/install/nav2_voxel_grid/lib:/root/Lunar_ROADSTER/lr_ws/install/nav2_msgs/lib:/opt/ros/humble/opt/rviz_ogre_vendor/lib:/opt/ros/humble/lib/aarch64-linux-gnu:/opt/ros/humble/lib:/usr/local/cuda/lib64 PYTHONPATH=/root/Lunar_ROADSTER/lr_ws/install/nav2_msgs/local/lib/python3.10/dist-packages:/root/Lunar_ROADSTER/lr_ws/install/nav2_common/local/lib/python3.10/dist-packages:${PYTHONPATH} /usr/local/bin/cmake --install /root/Lunar_ROADSTER/lr_ws/build/nav2_constrained_smoother
