[0.428s] Invoking command in '/root/Lunar_ROADSTER/lr_ws/build/nav_2d_msgs': CMAKE_PREFIX_PATH=${CMAKE_PREFIX_PATH}:/root/Lunar_ROADSTER/lr_ws/install/nav2_simple_commander:/opt/ros/humble /usr/local/bin/cmake --build /root/Lunar_ROADSTER/lr_ws/build/nav_2d_msgs -- -j4 -l4
[1.260s] [  1%] Built target nav_2d_msgs__cpp
[1.330s] [ 12%] Built target nav_2d_msgs__rosidl_generator_c
[1.513s] [ 12%] Built target ament_cmake_python_copy_nav_2d_msgs
[1.806s] [ 23%] Built target nav_2d_msgs__rosidl_typesupport_introspection_cpp
[2.087s] [ 35%] Built target nav_2d_msgs__rosidl_typesupport_fastrtps_c
[2.363s] [ 46%] Built target nav_2d_msgs__rosidl_typesupport_introspection_c
[2.590s] [ 57%] Built target nav_2d_msgs__rosidl_typesupport_c
[6.856s] running egg_info
[6.898s] writing nav_2d_msgs.egg-info/PKG-INFO
[6.905s] writing dependency_links to nav_2d_msgs.egg-info/dependency_links.txt
[6.908s] writing top-level names to nav_2d_msgs.egg-info/top_level.txt
[6.956s] reading manifest file 'nav_2d_msgs.egg-info/SOURCES.txt'
[7.025s] writing manifest file 'nav_2d_msgs.egg-info/SOURCES.txt'
[7.477s] [ 57%] Built target ament_cmake_python_build_nav_2d_msgs_egg
[7.906s] [ 69%] Built target nav_2d_msgs__rosidl_typesupport_fastrtps_cpp
[8.164s] [ 80%] Built target nav_2d_msgs__rosidl_typesupport_cpp
[8.472s] [ 80%] Built target nav_2d_msgs
[8.762s] [ 81%] Built target nav_2d_msgs__py
[9.040s] [ 91%] Built target nav_2d_msgs__rosidl_generator_py
[9.521s] [ 94%] Built target nav_2d_msgs__rosidl_typesupport_fastrtps_c__pyext
[10.800s] [ 97%] Built target nav_2d_msgs__rosidl_typesupport_c__pyext
[10.803s] [100%] Built target nav_2d_msgs__rosidl_typesupport_introspection_c__pyext
[10.818s] Invoked command in '/root/Lunar_ROADSTER/lr_ws/build/nav_2d_msgs' returned '0': CMAKE_PREFIX_PATH=${CMAKE_PREFIX_PATH}:/root/Lunar_ROADSTER/lr_ws/install/nav2_simple_commander:/opt/ros/humble /usr/local/bin/cmake --build /root/Lunar_ROADSTER/lr_ws/build/nav_2d_msgs -- -j4 -l4
[10.849s] Invoking command in '/root/Lunar_ROADSTER/lr_ws/build/nav_2d_msgs': CMAKE_PREFIX_PATH=${CMAKE_PREFIX_PATH}:/root/Lunar_ROADSTER/lr_ws/install/nav2_simple_commander:/opt/ros/humble /usr/local/bin/cmake --install /root/Lunar_ROADSTER/lr_ws/build/nav_2d_msgs
[10.851s] -- Install configuration: ""
[10.851s] -- Up-to-date: /root/Lunar_ROADSTER/lr_ws/install/nav_2d_msgs/share/ament_index/resource_index/rosidl_interfaces/nav_2d_msgs
[10.851s] -- Up-to-date: /root/Lunar_ROADSTER/lr_ws/install/nav_2d_msgs/include/nav_2d_msgs/nav_2d_msgs
[10.852s] -- Up-to-date: /root/Lunar_ROADSTER/lr_ws/install/nav_2d_msgs/include/nav_2d_msgs/nav_2d_msgs/msg
[10.852s] -- Up-to-date: /root/Lunar_ROADSTER/lr_ws/install/nav_2d_msgs/include/nav_2d_msgs/nav_2d_msgs/msg/path2_d.h
[10.852s] -- Up-to-date: /root/Lunar_ROADSTER/lr_ws/install/nav_2d_msgs/include/nav_2d_msgs/nav_2d_msgs/msg/rosidl_generator_c__visibility_control.h
[10.852s] -- Up-to-date: /root/Lunar_ROADSTER/lr_ws/install/nav_2d_msgs/include/nav_2d_msgs/nav_2d_msgs/msg/detail
[10.853s] -- Up-to-date: /root/Lunar_ROADSTER/lr_ws/install/nav_2d_msgs/include/nav_2d_msgs/nav_2d_msgs/msg/detail/path2_d__functions.c
[10.853s] -- Up-to-date: /root/Lunar_ROADSTER/lr_ws/install/nav_2d_msgs/include/nav_2d_msgs/nav_2d_msgs/msg/detail/path2_d__functions.h
[10.853s] -- Up-to-date: /root/Lunar_ROADSTER/lr_ws/install/nav_2d_msgs/include/nav_2d_msgs/nav_2d_msgs/msg/detail/path2_d__struct.h
[10.853s] -- Up-to-date: /root/Lunar_ROADSTER/lr_ws/install/nav_2d_msgs/include/nav_2d_msgs/nav_2d_msgs/msg/detail/path2_d__type_support.h
[10.854s] -- Up-to-date: /root/Lunar_ROADSTER/lr_ws/install/nav_2d_msgs/include/nav_2d_msgs/nav_2d_msgs/msg/detail/pose2_d32__functions.c
[10.854s] -- Up-to-date: /root/Lunar_ROADSTER/lr_ws/install/nav_2d_msgs/include/nav_2d_msgs/nav_2d_msgs/msg/detail/pose2_d32__functions.h
[10.854s] -- Up-to-date: /root/Lunar_ROADSTER/lr_ws/install/nav_2d_msgs/include/nav_2d_msgs/nav_2d_msgs/msg/detail/pose2_d32__struct.h
[10.854s] -- Up-to-date: /root/Lunar_ROADSTER/lr_ws/install/nav_2d_msgs/include/nav_2d_msgs/nav_2d_msgs/msg/detail/pose2_d32__type_support.h
[10.855s] -- Up-to-date: /root/Lunar_ROADSTER/lr_ws/install/nav_2d_msgs/include/nav_2d_msgs/nav_2d_msgs/msg/detail/pose2_d_stamped__functions.c
[10.884s] -- Up-to-date: /root/Lunar_ROADSTER/lr_ws/install/nav_2d_msgs/include/nav_2d_msgs/nav_2d_msgs/msg/detail/pose2_d_stamped__functions.h
[10.900s] -- Up-to-date: /root/Lunar_ROADSTER/lr_ws/install/nav_2d_msgs/include/nav_2d_msgs/nav_2d_msgs/msg/detail/pose2_d_stamped__struct.h
[10.916s] -- Up-to-date: /root/Lunar_ROADSTER/lr_ws/install/nav_2d_msgs/include/nav_2d_msgs/nav_2d_msgs/msg/detail/pose2_d_stamped__type_support.h
[10.922s] -- Up-to-date: /root/Lunar_ROADSTER/lr_ws/install/nav_2d_msgs/include/nav_2d_msgs/nav_2d_msgs/msg/detail/twist2_d__functions.c
[10.923s] -- Up-to-date: /root/Lunar_ROADSTER/lr_ws/install/nav_2d_msgs/include/nav_2d_msgs/nav_2d_msgs/msg/detail/twist2_d__functions.h
[10.923s] -- Up-to-date: /root/Lunar_ROADSTER/lr_ws/install/nav_2d_msgs/include/nav_2d_msgs/nav_2d_msgs/msg/detail/twist2_d__struct.h
[10.923s] -- Up-to-date: /root/Lunar_ROADSTER/lr_ws/install/nav_2d_msgs/include/nav_2d_msgs/nav_2d_msgs/msg/detail/twist2_d__type_support.h
[10.924s] -- Up-to-date: /root/Lunar_ROADSTER/lr_ws/install/nav_2d_msgs/include/nav_2d_msgs/nav_2d_msgs/msg/detail/twist2_d32__functions.c
[10.924s] -- Up-to-date: /root/Lunar_ROADSTER/lr_ws/install/nav_2d_msgs/include/nav_2d_msgs/nav_2d_msgs/msg/detail/twist2_d32__functions.h
[10.924s] -- Up-to-date: /root/Lunar_ROADSTER/lr_ws/install/nav_2d_msgs/include/nav_2d_msgs/nav_2d_msgs/msg/detail/twist2_d32__struct.h
[10.925s] -- Up-to-date: /root/Lunar_ROADSTER/lr_ws/install/nav_2d_msgs/include/nav_2d_msgs/nav_2d_msgs/msg/detail/twist2_d32__type_support.h
[10.925s] -- Up-to-date: /root/Lunar_ROADSTER/lr_ws/install/nav_2d_msgs/include/nav_2d_msgs/nav_2d_msgs/msg/detail/twist2_d_stamped__functions.c
[10.925s] -- Up-to-date: /root/Lunar_ROADSTER/lr_ws/install/nav_2d_msgs/include/nav_2d_msgs/nav_2d_msgs/msg/detail/twist2_d_stamped__functions.h
[10.925s] -- Up-to-date: /root/Lunar_ROADSTER/lr_ws/install/nav_2d_msgs/include/nav_2d_msgs/nav_2d_msgs/msg/detail/twist2_d_stamped__struct.h
[10.926s] -- Up-to-date: /root/Lunar_ROADSTER/lr_ws/install/nav_2d_msgs/include/nav_2d_msgs/nav_2d_msgs/msg/detail/twist2_d_stamped__type_support.h
[10.926s] -- Up-to-date: /root/Lunar_ROADSTER/lr_ws/install/nav_2d_msgs/include/nav_2d_msgs/nav_2d_msgs/msg/pose2_d32.h
[10.926s] -- Up-to-date: /root/Lunar_ROADSTER/lr_ws/install/nav_2d_msgs/include/nav_2d_msgs/nav_2d_msgs/msg/pose2_d_stamped.h
[10.926s] -- Up-to-date: /root/Lunar_ROADSTER/lr_ws/install/nav_2d_msgs/include/nav_2d_msgs/nav_2d_msgs/msg/twist2_d.h
[10.927s] -- Up-to-date: /root/Lunar_ROADSTER/lr_ws/install/nav_2d_msgs/include/nav_2d_msgs/nav_2d_msgs/msg/twist2_d32.h
[10.927s] -- Up-to-date: /root/Lunar_ROADSTER/lr_ws/install/nav_2d_msgs/include/nav_2d_msgs/nav_2d_msgs/msg/twist2_d_stamped.h
[10.936s] -- Up-to-date: /root/Lunar_ROADSTER/lr_ws/install/nav_2d_msgs/share/nav_2d_msgs/environment/library_path.sh
[10.936s] -- Up-to-date: /root/Lunar_ROADSTER/lr_ws/install/nav_2d_msgs/share/nav_2d_msgs/environment/library_path.dsv
[10.937s] -- Up-to-date: /root/Lunar_ROADSTER/lr_ws/install/nav_2d_msgs/lib/libnav_2d_msgs__rosidl_generator_c.so
[10.937s] -- Up-to-date: /root/Lunar_ROADSTER/lr_ws/install/nav_2d_msgs/include/nav_2d_msgs/nav_2d_msgs
[10.937s] -- Up-to-date: /root/Lunar_ROADSTER/lr_ws/install/nav_2d_msgs/include/nav_2d_msgs/nav_2d_msgs/msg
[10.938s] -- Up-to-date: /root/Lunar_ROADSTER/lr_ws/install/nav_2d_msgs/include/nav_2d_msgs/nav_2d_msgs/msg/detail
[10.938s] -- Up-to-date: /root/Lunar_ROADSTER/lr_ws/install/nav_2d_msgs/include/nav_2d_msgs/nav_2d_msgs/msg/detail/path2_d__rosidl_typesupport_fastrtps_c.h
[10.938s] -- Up-to-date: /root/Lunar_ROADSTER/lr_ws/install/nav_2d_msgs/include/nav_2d_msgs/nav_2d_msgs/msg/detail/pose2_d32__rosidl_typesupport_fastrtps_c.h
[10.939s] -- Up-to-date: /root/Lunar_ROADSTER/lr_ws/install/nav_2d_msgs/include/nav_2d_msgs/nav_2d_msgs/msg/detail/pose2_d_stamped__rosidl_typesupport_fastrtps_c.h
[10.939s] -- Up-to-date: /root/Lunar_ROADSTER/lr_ws/install/nav_2d_msgs/include/nav_2d_msgs/nav_2d_msgs/msg/detail/twist2_d__rosidl_typesupport_fastrtps_c.h
[10.949s] -- Up-to-date: /root/Lunar_ROADSTER/lr_ws/install/nav_2d_msgs/include/nav_2d_msgs/nav_2d_msgs/msg/detail/twist2_d32__rosidl_typesupport_fastrtps_c.h
[10.949s] -- Up-to-date: /root/Lunar_ROADSTER/lr_ws/install/nav_2d_msgs/include/nav_2d_msgs/nav_2d_msgs/msg/detail/twist2_d_stamped__rosidl_typesupport_fastrtps_c.h
[10.950s] -- Up-to-date: /root/Lunar_ROADSTER/lr_ws/install/nav_2d_msgs/include/nav_2d_msgs/nav_2d_msgs/msg/rosidl_typesupport_fastrtps_c__visibility_control.h
[10.950s] -- Up-to-date: /root/Lunar_ROADSTER/lr_ws/install/nav_2d_msgs/lib/libnav_2d_msgs__rosidl_typesupport_fastrtps_c.so
[10.950s] -- Up-to-date: /root/Lunar_ROADSTER/lr_ws/install/nav_2d_msgs/include/nav_2d_msgs/nav_2d_msgs
[10.951s] -- Up-to-date: /root/Lunar_ROADSTER/lr_ws/install/nav_2d_msgs/include/nav_2d_msgs/nav_2d_msgs/msg
[10.955s] -- Up-to-date: /root/Lunar_ROADSTER/lr_ws/install/nav_2d_msgs/include/nav_2d_msgs/nav_2d_msgs/msg/path2_d.hpp
[10.955s] -- Up-to-date: /root/Lunar_ROADSTER/lr_ws/install/nav_2d_msgs/include/nav_2d_msgs/nav_2d_msgs/msg/detail
[10.956s] -- Up-to-date: /root/Lunar_ROADSTER/lr_ws/install/nav_2d_msgs/include/nav_2d_msgs/nav_2d_msgs/msg/detail/path2_d__builder.hpp
[10.956s] -- Up-to-date: /root/Lunar_ROADSTER/lr_ws/install/nav_2d_msgs/include/nav_2d_msgs/nav_2d_msgs/msg/detail/path2_d__struct.hpp
[10.956s] -- Up-to-date: /root/Lunar_ROADSTER/lr_ws/install/nav_2d_msgs/include/nav_2d_msgs/nav_2d_msgs/msg/detail/path2_d__traits.hpp
[10.956s] -- Up-to-date: /root/Lunar_ROADSTER/lr_ws/install/nav_2d_msgs/include/nav_2d_msgs/nav_2d_msgs/msg/detail/path2_d__type_support.hpp
[10.958s] -- Up-to-date: /root/Lunar_ROADSTER/lr_ws/install/nav_2d_msgs/include/nav_2d_msgs/nav_2d_msgs/msg/detail/pose2_d32__builder.hpp
[10.958s] -- Up-to-date: /root/Lunar_ROADSTER/lr_ws/install/nav_2d_msgs/include/nav_2d_msgs/nav_2d_msgs/msg/detail/pose2_d32__struct.hpp
[10.958s] -- Up-to-date: /root/Lunar_ROADSTER/lr_ws/install/nav_2d_msgs/include/nav_2d_msgs/nav_2d_msgs/msg/detail/pose2_d32__traits.hpp
[10.991s] -- Up-to-date: /root/Lunar_ROADSTER/lr_ws/install/nav_2d_msgs/include/nav_2d_msgs/nav_2d_msgs/msg/detail/pose2_d32__type_support.hpp
[10.994s] -- Up-to-date: /root/Lunar_ROADSTER/lr_ws/install/nav_2d_msgs/include/nav_2d_msgs/nav_2d_msgs/msg/detail/pose2_d_stamped__builder.hpp
[10.994s] -- Up-to-date: /root/Lunar_ROADSTER/lr_ws/install/nav_2d_msgs/include/nav_2d_msgs/nav_2d_msgs/msg/detail/pose2_d_stamped__struct.hpp
[10.994s] -- Up-to-date: /root/Lunar_ROADSTER/lr_ws/install/nav_2d_msgs/include/nav_2d_msgs/nav_2d_msgs/msg/detail/pose2_d_stamped__traits.hpp
[10.995s] -- Up-to-date: /root/Lunar_ROADSTER/lr_ws/install/nav_2d_msgs/include/nav_2d_msgs/nav_2d_msgs/msg/detail/pose2_d_stamped__type_support.hpp
[10.995s] -- Up-to-date: /root/Lunar_ROADSTER/lr_ws/install/nav_2d_msgs/include/nav_2d_msgs/nav_2d_msgs/msg/detail/twist2_d__builder.hpp
[10.998s] -- Up-to-date: /root/Lunar_ROADSTER/lr_ws/install/nav_2d_msgs/include/nav_2d_msgs/nav_2d_msgs/msg/detail/twist2_d__struct.hpp
[10.998s] -- Up-to-date: /root/Lunar_ROADSTER/lr_ws/install/nav_2d_msgs/include/nav_2d_msgs/nav_2d_msgs/msg/detail/twist2_d__traits.hpp
[10.998s] -- Up-to-date: /root/Lunar_ROADSTER/lr_ws/install/nav_2d_msgs/include/nav_2d_msgs/nav_2d_msgs/msg/detail/twist2_d__type_support.hpp
[10.999s] -- Up-to-date: /root/Lunar_ROADSTER/lr_ws/install/nav_2d_msgs/include/nav_2d_msgs/nav_2d_msgs/msg/detail/twist2_d32__builder.hpp
[10.999s] -- Up-to-date: /root/Lunar_ROADSTER/lr_ws/install/nav_2d_msgs/include/nav_2d_msgs/nav_2d_msgs/msg/detail/twist2_d32__struct.hpp
[11.011s] -- Up-to-date: /root/Lunar_ROADSTER/lr_ws/install/nav_2d_msgs/include/nav_2d_msgs/nav_2d_msgs/msg/detail/twist2_d32__traits.hpp
[11.012s] -- Up-to-date: /root/Lunar_ROADSTER/lr_ws/install/nav_2d_msgs/include/nav_2d_msgs/nav_2d_msgs/msg/detail/twist2_d32__type_support.hpp
[11.012s] -- Up-to-date: /root/Lunar_ROADSTER/lr_ws/install/nav_2d_msgs/include/nav_2d_msgs/nav_2d_msgs/msg/detail/twist2_d_stamped__builder.hpp
[11.012s] -- Up-to-date: /root/Lunar_ROADSTER/lr_ws/install/nav_2d_msgs/include/nav_2d_msgs/nav_2d_msgs/msg/detail/twist2_d_stamped__struct.hpp
[11.027s] -- Up-to-date: /root/Lunar_ROADSTER/lr_ws/install/nav_2d_msgs/include/nav_2d_msgs/nav_2d_msgs/msg/detail/twist2_d_stamped__traits.hpp
[11.027s] -- Up-to-date: /root/Lunar_ROADSTER/lr_ws/install/nav_2d_msgs/include/nav_2d_msgs/nav_2d_msgs/msg/detail/twist2_d_stamped__type_support.hpp
[11.029s] -- Up-to-date: /root/Lunar_ROADSTER/lr_ws/install/nav_2d_msgs/include/nav_2d_msgs/nav_2d_msgs/msg/rosidl_generator_cpp__visibility_control.hpp
[11.029s] -- Up-to-date: /root/Lunar_ROADSTER/lr_ws/install/nav_2d_msgs/include/nav_2d_msgs/nav_2d_msgs/msg/pose2_d32.hpp
[11.031s] -- Up-to-date: /root/Lunar_ROADSTER/lr_ws/install/nav_2d_msgs/include/nav_2d_msgs/nav_2d_msgs/msg/pose2_d_stamped.hpp
[11.031s] -- Up-to-date: /root/Lunar_ROADSTER/lr_ws/install/nav_2d_msgs/include/nav_2d_msgs/nav_2d_msgs/msg/twist2_d.hpp
[11.035s] -- Up-to-date: /root/Lunar_ROADSTER/lr_ws/install/nav_2d_msgs/include/nav_2d_msgs/nav_2d_msgs/msg/twist2_d32.hpp
[11.035s] -- Up-to-date: /root/Lunar_ROADSTER/lr_ws/install/nav_2d_msgs/include/nav_2d_msgs/nav_2d_msgs/msg/twist2_d_stamped.hpp
[11.036s] -- Up-to-date: /root/Lunar_ROADSTER/lr_ws/install/nav_2d_msgs/include/nav_2d_msgs/nav_2d_msgs
[11.036s] -- Up-to-date: /root/Lunar_ROADSTER/lr_ws/install/nav_2d_msgs/include/nav_2d_msgs/nav_2d_msgs/msg
[11.036s] -- Up-to-date: /root/Lunar_ROADSTER/lr_ws/install/nav_2d_msgs/include/nav_2d_msgs/nav_2d_msgs/msg/detail
[11.036s] -- Up-to-date: /root/Lunar_ROADSTER/lr_ws/install/nav_2d_msgs/include/nav_2d_msgs/nav_2d_msgs/msg/detail/path2_d__rosidl_typesupport_fastrtps_cpp.hpp
[11.037s] -- Up-to-date: /root/Lunar_ROADSTER/lr_ws/install/nav_2d_msgs/include/nav_2d_msgs/nav_2d_msgs/msg/detail/dds_fastrtps
[11.053s] -- Up-to-date: /root/Lunar_ROADSTER/lr_ws/install/nav_2d_msgs/include/nav_2d_msgs/nav_2d_msgs/msg/detail/pose2_d32__rosidl_typesupport_fastrtps_cpp.hpp
[11.054s] -- Up-to-date: /root/Lunar_ROADSTER/lr_ws/install/nav_2d_msgs/include/nav_2d_msgs/nav_2d_msgs/msg/detail/pose2_d_stamped__rosidl_typesupport_fastrtps_cpp.hpp
[11.054s] -- Up-to-date: /root/Lunar_ROADSTER/lr_ws/install/nav_2d_msgs/include/nav_2d_msgs/nav_2d_msgs/msg/detail/twist2_d__rosidl_typesupport_fastrtps_cpp.hpp
[11.054s] -- Up-to-date: /root/Lunar_ROADSTER/lr_ws/install/nav_2d_msgs/include/nav_2d_msgs/nav_2d_msgs/msg/detail/twist2_d32__rosidl_typesupport_fastrtps_cpp.hpp
[11.055s] -- Up-to-date: /root/Lunar_ROADSTER/lr_ws/install/nav_2d_msgs/include/nav_2d_msgs/nav_2d_msgs/msg/detail/twist2_d_stamped__rosidl_typesupport_fastrtps_cpp.hpp
[11.055s] -- Up-to-date: /root/Lunar_ROADSTER/lr_ws/install/nav_2d_msgs/include/nav_2d_msgs/nav_2d_msgs/msg/rosidl_typesupport_fastrtps_cpp__visibility_control.h
[11.058s] -- Up-to-date: /root/Lunar_ROADSTER/lr_ws/install/nav_2d_msgs/lib/libnav_2d_msgs__rosidl_typesupport_fastrtps_cpp.so
[11.058s] -- Up-to-date: /root/Lunar_ROADSTER/lr_ws/install/nav_2d_msgs/include/nav_2d_msgs/nav_2d_msgs
[11.059s] -- Up-to-date: /root/Lunar_ROADSTER/lr_ws/install/nav_2d_msgs/include/nav_2d_msgs/nav_2d_msgs/msg
[11.060s] -- Up-to-date: /root/Lunar_ROADSTER/lr_ws/install/nav_2d_msgs/include/nav_2d_msgs/nav_2d_msgs/msg/detail
[11.060s] -- Up-to-date: /root/Lunar_ROADSTER/lr_ws/install/nav_2d_msgs/include/nav_2d_msgs/nav_2d_msgs/msg/detail/path2_d__rosidl_typesupport_introspection_c.h
[11.060s] -- Up-to-date: /root/Lunar_ROADSTER/lr_ws/install/nav_2d_msgs/include/nav_2d_msgs/nav_2d_msgs/msg/detail/path2_d__type_support.c
[11.061s] -- Up-to-date: /root/Lunar_ROADSTER/lr_ws/install/nav_2d_msgs/include/nav_2d_msgs/nav_2d_msgs/msg/detail/pose2_d32__rosidl_typesupport_introspection_c.h
[11.061s] -- Up-to-date: /root/Lunar_ROADSTER/lr_ws/install/nav_2d_msgs/include/nav_2d_msgs/nav_2d_msgs/msg/detail/pose2_d32__type_support.c
[11.079s] -- Up-to-date: /root/Lunar_ROADSTER/lr_ws/install/nav_2d_msgs/include/nav_2d_msgs/nav_2d_msgs/msg/detail/pose2_d_stamped__rosidl_typesupport_introspection_c.h
[11.083s] -- Up-to-date: /root/Lunar_ROADSTER/lr_ws/install/nav_2d_msgs/include/nav_2d_msgs/nav_2d_msgs/msg/detail/pose2_d_stamped__type_support.c
[11.083s] -- Up-to-date: /root/Lunar_ROADSTER/lr_ws/install/nav_2d_msgs/include/nav_2d_msgs/nav_2d_msgs/msg/detail/twist2_d__rosidl_typesupport_introspection_c.h
[11.084s] -- Up-to-date: /root/Lunar_ROADSTER/lr_ws/install/nav_2d_msgs/include/nav_2d_msgs/nav_2d_msgs/msg/detail/twist2_d__type_support.c
[11.084s] -- Up-to-date: /root/Lunar_ROADSTER/lr_ws/install/nav_2d_msgs/include/nav_2d_msgs/nav_2d_msgs/msg/detail/twist2_d32__rosidl_typesupport_introspection_c.h
[11.084s] -- Up-to-date: /root/Lunar_ROADSTER/lr_ws/install/nav_2d_msgs/include/nav_2d_msgs/nav_2d_msgs/msg/detail/twist2_d32__type_support.c
[11.085s] -- Up-to-date: /root/Lunar_ROADSTER/lr_ws/install/nav_2d_msgs/include/nav_2d_msgs/nav_2d_msgs/msg/detail/twist2_d_stamped__rosidl_typesupport_introspection_c.h
[11.085s] -- Up-to-date: /root/Lunar_ROADSTER/lr_ws/install/nav_2d_msgs/include/nav_2d_msgs/nav_2d_msgs/msg/detail/twist2_d_stamped__type_support.c
[11.085s] -- Up-to-date: /root/Lunar_ROADSTER/lr_ws/install/nav_2d_msgs/include/nav_2d_msgs/nav_2d_msgs/msg/rosidl_typesupport_introspection_c__visibility_control.h
[11.085s] -- Up-to-date: /root/Lunar_ROADSTER/lr_ws/install/nav_2d_msgs/lib/libnav_2d_msgs__rosidl_typesupport_introspection_c.so
[11.086s] -- Up-to-date: /root/Lunar_ROADSTER/lr_ws/install/nav_2d_msgs/lib/libnav_2d_msgs__rosidl_typesupport_c.so
[11.086s] -- Up-to-date: /root/Lunar_ROADSTER/lr_ws/install/nav_2d_msgs/include/nav_2d_msgs/nav_2d_msgs
[11.087s] -- Up-to-date: /root/Lunar_ROADSTER/lr_ws/install/nav_2d_msgs/include/nav_2d_msgs/nav_2d_msgs/msg
[11.087s] -- Up-to-date: /root/Lunar_ROADSTER/lr_ws/install/nav_2d_msgs/include/nav_2d_msgs/nav_2d_msgs/msg/detail
[11.094s] -- Up-to-date: /root/Lunar_ROADSTER/lr_ws/install/nav_2d_msgs/include/nav_2d_msgs/nav_2d_msgs/msg/detail/path2_d__rosidl_typesupport_introspection_cpp.hpp
[11.122s] -- Up-to-date: /root/Lunar_ROADSTER/lr_ws/install/nav_2d_msgs/include/nav_2d_msgs/nav_2d_msgs/msg/detail/path2_d__type_support.cpp
[11.122s] -- Up-to-date: /root/Lunar_ROADSTER/lr_ws/install/nav_2d_msgs/include/nav_2d_msgs/nav_2d_msgs/msg/detail/pose2_d32__rosidl_typesupport_introspection_cpp.hpp
[11.123s] -- Up-to-date: /root/Lunar_ROADSTER/lr_ws/install/nav_2d_msgs/include/nav_2d_msgs/nav_2d_msgs/msg/detail/pose2_d32__type_support.cpp
[11.127s] -- Up-to-date: /root/Lunar_ROADSTER/lr_ws/install/nav_2d_msgs/include/nav_2d_msgs/nav_2d_msgs/msg/detail/pose2_d_stamped__rosidl_typesupport_introspection_cpp.hpp
[11.128s] -- Up-to-date: /root/Lunar_ROADSTER/lr_ws/install/nav_2d_msgs/include/nav_2d_msgs/nav_2d_msgs/msg/detail/pose2_d_stamped__type_support.cpp
[11.128s] -- Up-to-date: /root/Lunar_ROADSTER/lr_ws/install/nav_2d_msgs/include/nav_2d_msgs/nav_2d_msgs/msg/detail/twist2_d__rosidl_typesupport_introspection_cpp.hpp
[11.129s] -- Up-to-date: /root/Lunar_ROADSTER/lr_ws/install/nav_2d_msgs/include/nav_2d_msgs/nav_2d_msgs/msg/detail/twist2_d__type_support.cpp
[11.129s] -- Up-to-date: /root/Lunar_ROADSTER/lr_ws/install/nav_2d_msgs/include/nav_2d_msgs/nav_2d_msgs/msg/detail/twist2_d32__rosidl_typesupport_introspection_cpp.hpp
[11.129s] -- Up-to-date: /root/Lunar_ROADSTER/lr_ws/install/nav_2d_msgs/include/nav_2d_msgs/nav_2d_msgs/msg/detail/twist2_d32__type_support.cpp
[11.130s] -- Up-to-date: /root/Lunar_ROADSTER/lr_ws/install/nav_2d_msgs/include/nav_2d_msgs/nav_2d_msgs/msg/detail/twist2_d_stamped__rosidl_typesupport_introspection_cpp.hpp
[11.131s] -- Up-to-date: /root/Lunar_ROADSTER/lr_ws/install/nav_2d_msgs/include/nav_2d_msgs/nav_2d_msgs/msg/detail/twist2_d_stamped__type_support.cpp
[11.147s] -- Up-to-date: /root/Lunar_ROADSTER/lr_ws/install/nav_2d_msgs/lib/libnav_2d_msgs__rosidl_typesupport_introspection_cpp.so
[11.151s] -- Up-to-date: /root/Lunar_ROADSTER/lr_ws/install/nav_2d_msgs/lib/libnav_2d_msgs__rosidl_typesupport_cpp.so
[11.163s] -- Up-to-date: /root/Lunar_ROADSTER/lr_ws/install/nav_2d_msgs/share/nav_2d_msgs/environment/pythonpath.sh
[11.185s] -- Up-to-date: /root/Lunar_ROADSTER/lr_ws/install/nav_2d_msgs/share/nav_2d_msgs/environment/pythonpath.dsv
[11.186s] -- Up-to-date: /root/Lunar_ROADSTER/lr_ws/install/nav_2d_msgs/local/lib/python3.10/dist-packages/nav_2d_msgs-1.1.18-py3.10.egg-info
[11.191s] -- Installing: /root/Lunar_ROADSTER/lr_ws/install/nav_2d_msgs/local/lib/python3.10/dist-packages/nav_2d_msgs-1.1.18-py3.10.egg-info/PKG-INFO
[11.234s] -- Installing: /root/Lunar_ROADSTER/lr_ws/install/nav_2d_msgs/local/lib/python3.10/dist-packages/nav_2d_msgs-1.1.18-py3.10.egg-info/dependency_links.txt
[11.234s] -- Installing: /root/Lunar_ROADSTER/lr_ws/install/nav_2d_msgs/local/lib/python3.10/dist-packages/nav_2d_msgs-1.1.18-py3.10.egg-info/top_level.txt
[11.234s] -- Installing: /root/Lunar_ROADSTER/lr_ws/install/nav_2d_msgs/local/lib/python3.10/dist-packages/nav_2d_msgs-1.1.18-py3.10.egg-info/SOURCES.txt
[11.237s] -- Up-to-date: /root/Lunar_ROADSTER/lr_ws/install/nav_2d_msgs/local/lib/python3.10/dist-packages/nav_2d_msgs
[11.239s] -- Up-to-date: /root/Lunar_ROADSTER/lr_ws/install/nav_2d_msgs/local/lib/python3.10/dist-packages/nav_2d_msgs/__init__.py
[11.240s] -- Up-to-date: /root/Lunar_ROADSTER/lr_ws/install/nav_2d_msgs/local/lib/python3.10/dist-packages/nav_2d_msgs/msg
[11.241s] -- Up-to-date: /root/Lunar_ROADSTER/lr_ws/install/nav_2d_msgs/local/lib/python3.10/dist-packages/nav_2d_msgs/msg/_path2_d.py
[11.255s] -- Up-to-date: /root/Lunar_ROADSTER/lr_ws/install/nav_2d_msgs/local/lib/python3.10/dist-packages/nav_2d_msgs/msg/_path2_d_s.c
[11.256s] -- Up-to-date: /root/Lunar_ROADSTER/lr_ws/install/nav_2d_msgs/local/lib/python3.10/dist-packages/nav_2d_msgs/msg/_pose2_d32.py
[11.256s] -- Up-to-date: /root/Lunar_ROADSTER/lr_ws/install/nav_2d_msgs/local/lib/python3.10/dist-packages/nav_2d_msgs/msg/_pose2_d32_s.c
[11.257s] -- Up-to-date: /root/Lunar_ROADSTER/lr_ws/install/nav_2d_msgs/local/lib/python3.10/dist-packages/nav_2d_msgs/msg/_pose2_d_stamped.py
[11.260s] -- Up-to-date: /root/Lunar_ROADSTER/lr_ws/install/nav_2d_msgs/local/lib/python3.10/dist-packages/nav_2d_msgs/msg/_pose2_d_stamped_s.c
[11.260s] -- Up-to-date: /root/Lunar_ROADSTER/lr_ws/install/nav_2d_msgs/local/lib/python3.10/dist-packages/nav_2d_msgs/msg/_twist2_d.py
[11.260s] -- Up-to-date: /root/Lunar_ROADSTER/lr_ws/install/nav_2d_msgs/local/lib/python3.10/dist-packages/nav_2d_msgs/msg/_twist2_d_s.c
[11.261s] -- Up-to-date: /root/Lunar_ROADSTER/lr_ws/install/nav_2d_msgs/local/lib/python3.10/dist-packages/nav_2d_msgs/msg/_twist2_d32.py
[11.261s] -- Up-to-date: /root/Lunar_ROADSTER/lr_ws/install/nav_2d_msgs/local/lib/python3.10/dist-packages/nav_2d_msgs/msg/_twist2_d32_s.c
[11.261s] -- Up-to-date: /root/Lunar_ROADSTER/lr_ws/install/nav_2d_msgs/local/lib/python3.10/dist-packages/nav_2d_msgs/msg/_twist2_d_stamped.py
[11.262s] -- Up-to-date: /root/Lunar_ROADSTER/lr_ws/install/nav_2d_msgs/local/lib/python3.10/dist-packages/nav_2d_msgs/msg/_twist2_d_stamped_s.c
[11.262s] -- Up-to-date: /root/Lunar_ROADSTER/lr_ws/install/nav_2d_msgs/local/lib/python3.10/dist-packages/nav_2d_msgs/msg/__init__.py
[11.262s] -- Up-to-date: /root/Lunar_ROADSTER/lr_ws/install/nav_2d_msgs/local/lib/python3.10/dist-packages/nav_2d_msgs/_nav_2d_msgs_s.ep.rosidl_typesupport_fastrtps_c.c
[11.262s] -- Up-to-date: /root/Lunar_ROADSTER/lr_ws/install/nav_2d_msgs/local/lib/python3.10/dist-packages/nav_2d_msgs/_nav_2d_msgs_s.ep.rosidl_typesupport_introspection_c.c
[11.263s] -- Up-to-date: /root/Lunar_ROADSTER/lr_ws/install/nav_2d_msgs/local/lib/python3.10/dist-packages/nav_2d_msgs/_nav_2d_msgs_s.ep.rosidl_typesupport_c.c
[11.288s] -- Up-to-date: /root/Lunar_ROADSTER/lr_ws/install/nav_2d_msgs/local/lib/python3.10/dist-packages/nav_2d_msgs/libnav_2d_msgs__rosidl_generator_py.so
[11.289s] -- Up-to-date: /root/Lunar_ROADSTER/lr_ws/install/nav_2d_msgs/local/lib/python3.10/dist-packages/nav_2d_msgs/nav_2d_msgs_s__rosidl_typesupport_fastrtps_c.cpython-310-aarch64-linux-gnu.so
[11.289s] -- Up-to-date: /root/Lunar_ROADSTER/lr_ws/install/nav_2d_msgs/local/lib/python3.10/dist-packages/nav_2d_msgs/nav_2d_msgs_s__rosidl_typesupport_c.cpython-310-aarch64-linux-gnu.so
[11.305s] -- Up-to-date: /root/Lunar_ROADSTER/lr_ws/install/nav_2d_msgs/local/lib/python3.10/dist-packages/nav_2d_msgs/nav_2d_msgs_s__rosidl_typesupport_introspection_c.cpython-310-aarch64-linux-gnu.so
[11.360s] Listing '/root/Lunar_ROADSTER/lr_ws/install/nav_2d_msgs/local/lib/python3.10/dist-packages/nav_2d_msgs'...
[11.361s] Listing '/root/Lunar_ROADSTER/lr_ws/install/nav_2d_msgs/local/lib/python3.10/dist-packages/nav_2d_msgs/msg'...
[11.367s] -- Up-to-date: /root/Lunar_ROADSTER/lr_ws/install/nav_2d_msgs/local/lib/python3.10/dist-packages/nav_2d_msgs/nav_2d_msgs_s__rosidl_typesupport_fastrtps_c.cpython-310-aarch64-linux-gnu.so
[11.367s] -- Up-to-date: /root/Lunar_ROADSTER/lr_ws/install/nav_2d_msgs/local/lib/python3.10/dist-packages/nav_2d_msgs/nav_2d_msgs_s__rosidl_typesupport_introspection_c.cpython-310-aarch64-linux-gnu.so
[11.367s] -- Up-to-date: /root/Lunar_ROADSTER/lr_ws/install/nav_2d_msgs/local/lib/python3.10/dist-packages/nav_2d_msgs/nav_2d_msgs_s__rosidl_typesupport_c.cpython-310-aarch64-linux-gnu.so
[11.368s] -- Up-to-date: /root/Lunar_ROADSTER/lr_ws/install/nav_2d_msgs/lib/libnav_2d_msgs__rosidl_generator_py.so
[11.368s] -- Up-to-date: /root/Lunar_ROADSTER/lr_ws/install/nav_2d_msgs/share/nav_2d_msgs/msg/Path2D.idl
[11.368s] -- Up-to-date: /root/Lunar_ROADSTER/lr_ws/install/nav_2d_msgs/share/nav_2d_msgs/msg/Pose2D32.idl
[11.368s] -- Up-to-date: /root/Lunar_ROADSTER/lr_ws/install/nav_2d_msgs/share/nav_2d_msgs/msg/Pose2DStamped.idl
[11.369s] -- Up-to-date: /root/Lunar_ROADSTER/lr_ws/install/nav_2d_msgs/share/nav_2d_msgs/msg/Twist2D.idl
[11.369s] -- Up-to-date: /root/Lunar_ROADSTER/lr_ws/install/nav_2d_msgs/share/nav_2d_msgs/msg/Twist2D32.idl
[11.369s] -- Up-to-date: /root/Lunar_ROADSTER/lr_ws/install/nav_2d_msgs/share/nav_2d_msgs/msg/Twist2DStamped.idl
[11.370s] -- Up-to-date: /root/Lunar_ROADSTER/lr_ws/install/nav_2d_msgs/share/nav_2d_msgs/msg/Path2D.msg
[11.370s] -- Up-to-date: /root/Lunar_ROADSTER/lr_ws/install/nav_2d_msgs/share/nav_2d_msgs/msg/Pose2D32.msg
[11.370s] -- Up-to-date: /root/Lunar_ROADSTER/lr_ws/install/nav_2d_msgs/share/nav_2d_msgs/msg/Pose2DStamped.msg
[11.370s] -- Up-to-date: /root/Lunar_ROADSTER/lr_ws/install/nav_2d_msgs/share/nav_2d_msgs/msg/Twist2D.msg
[11.371s] -- Up-to-date: /root/Lunar_ROADSTER/lr_ws/install/nav_2d_msgs/share/nav_2d_msgs/msg/Twist2D32.msg
[11.371s] -- Up-to-date: /root/Lunar_ROADSTER/lr_ws/install/nav_2d_msgs/share/nav_2d_msgs/msg/Twist2DStamped.msg
[11.371s] -- Up-to-date: /root/Lunar_ROADSTER/lr_ws/install/nav_2d_msgs/share/ament_index/resource_index/package_run_dependencies/nav_2d_msgs
[11.372s] -- Up-to-date: /root/Lunar_ROADSTER/lr_ws/install/nav_2d_msgs/share/ament_index/resource_index/parent_prefix_path/nav_2d_msgs
[11.372s] -- Up-to-date: /root/Lunar_ROADSTER/lr_ws/install/nav_2d_msgs/share/nav_2d_msgs/environment/ament_prefix_path.sh
[11.379s] -- Up-to-date: /root/Lunar_ROADSTER/lr_ws/install/nav_2d_msgs/share/nav_2d_msgs/environment/ament_prefix_path.dsv
[11.380s] -- Up-to-date: /root/Lunar_ROADSTER/lr_ws/install/nav_2d_msgs/share/nav_2d_msgs/environment/path.sh
[11.388s] -- Up-to-date: /root/Lunar_ROADSTER/lr_ws/install/nav_2d_msgs/share/nav_2d_msgs/environment/path.dsv
[11.389s] -- Up-to-date: /root/Lunar_ROADSTER/lr_ws/install/nav_2d_msgs/share/nav_2d_msgs/local_setup.bash
[11.389s] -- Up-to-date: /root/Lunar_ROADSTER/lr_ws/install/nav_2d_msgs/share/nav_2d_msgs/local_setup.sh
[11.390s] -- Up-to-date: /root/Lunar_ROADSTER/lr_ws/install/nav_2d_msgs/share/nav_2d_msgs/local_setup.zsh
[11.390s] -- Up-to-date: /root/Lunar_ROADSTER/lr_ws/install/nav_2d_msgs/share/nav_2d_msgs/local_setup.dsv
[11.391s] -- Installing: /root/Lunar_ROADSTER/lr_ws/install/nav_2d_msgs/share/nav_2d_msgs/package.dsv
[11.391s] -- Up-to-date: /root/Lunar_ROADSTER/lr_ws/install/nav_2d_msgs/share/ament_index/resource_index/packages/nav_2d_msgs
[11.392s] -- Up-to-date: /root/Lunar_ROADSTER/lr_ws/install/nav_2d_msgs/share/nav_2d_msgs/cmake/export_nav_2d_msgs__rosidl_generator_cExport.cmake
[11.396s] -- Up-to-date: /root/Lunar_ROADSTER/lr_ws/install/nav_2d_msgs/share/nav_2d_msgs/cmake/export_nav_2d_msgs__rosidl_generator_cExport-noconfig.cmake
[11.397s] -- Up-to-date: /root/Lunar_ROADSTER/lr_ws/install/nav_2d_msgs/share/nav_2d_msgs/cmake/export_nav_2d_msgs__rosidl_typesupport_fastrtps_cExport.cmake
[11.397s] -- Up-to-date: /root/Lunar_ROADSTER/lr_ws/install/nav_2d_msgs/share/nav_2d_msgs/cmake/export_nav_2d_msgs__rosidl_typesupport_fastrtps_cExport-noconfig.cmake
[11.406s] -- Up-to-date: /root/Lunar_ROADSTER/lr_ws/install/nav_2d_msgs/share/nav_2d_msgs/cmake/export_nav_2d_msgs__rosidl_generator_cppExport.cmake
[11.412s] -- Up-to-date: /root/Lunar_ROADSTER/lr_ws/install/nav_2d_msgs/share/nav_2d_msgs/cmake/export_nav_2d_msgs__rosidl_typesupport_fastrtps_cppExport.cmake
[11.417s] -- Up-to-date: /root/Lunar_ROADSTER/lr_ws/install/nav_2d_msgs/share/nav_2d_msgs/cmake/export_nav_2d_msgs__rosidl_typesupport_fastrtps_cppExport-noconfig.cmake
[11.421s] -- Up-to-date: /root/Lunar_ROADSTER/lr_ws/install/nav_2d_msgs/share/nav_2d_msgs/cmake/nav_2d_msgs__rosidl_typesupport_introspection_cExport.cmake
[11.422s] -- Up-to-date: /root/Lunar_ROADSTER/lr_ws/install/nav_2d_msgs/share/nav_2d_msgs/cmake/nav_2d_msgs__rosidl_typesupport_introspection_cExport-noconfig.cmake
[11.423s] -- Up-to-date: /root/Lunar_ROADSTER/lr_ws/install/nav_2d_msgs/share/nav_2d_msgs/cmake/nav_2d_msgs__rosidl_typesupport_cExport.cmake
[11.423s] -- Up-to-date: /root/Lunar_ROADSTER/lr_ws/install/nav_2d_msgs/share/nav_2d_msgs/cmake/nav_2d_msgs__rosidl_typesupport_cExport-noconfig.cmake
[11.423s] -- Up-to-date: /root/Lunar_ROADSTER/lr_ws/install/nav_2d_msgs/share/nav_2d_msgs/cmake/nav_2d_msgs__rosidl_typesupport_introspection_cppExport.cmake
[11.429s] -- Up-to-date: /root/Lunar_ROADSTER/lr_ws/install/nav_2d_msgs/share/nav_2d_msgs/cmake/nav_2d_msgs__rosidl_typesupport_introspection_cppExport-noconfig.cmake
[11.432s] -- Up-to-date: /root/Lunar_ROADSTER/lr_ws/install/nav_2d_msgs/share/nav_2d_msgs/cmake/nav_2d_msgs__rosidl_typesupport_cppExport.cmake
[11.432s] -- Up-to-date: /root/Lunar_ROADSTER/lr_ws/install/nav_2d_msgs/share/nav_2d_msgs/cmake/nav_2d_msgs__rosidl_typesupport_cppExport-noconfig.cmake
[11.441s] -- Up-to-date: /root/Lunar_ROADSTER/lr_ws/install/nav_2d_msgs/share/nav_2d_msgs/cmake/export_nav_2d_msgs__rosidl_generator_pyExport.cmake
[11.441s] -- Up-to-date: /root/Lunar_ROADSTER/lr_ws/install/nav_2d_msgs/share/nav_2d_msgs/cmake/export_nav_2d_msgs__rosidl_generator_pyExport-noconfig.cmake
[11.442s] -- Up-to-date: /root/Lunar_ROADSTER/lr_ws/install/nav_2d_msgs/share/nav_2d_msgs/cmake/rosidl_cmake-extras.cmake
[11.442s] -- Up-to-date: /root/Lunar_ROADSTER/lr_ws/install/nav_2d_msgs/share/nav_2d_msgs/cmake/ament_cmake_export_dependencies-extras.cmake
[11.442s] -- Up-to-date: /root/Lunar_ROADSTER/lr_ws/install/nav_2d_msgs/share/nav_2d_msgs/cmake/ament_cmake_export_include_directories-extras.cmake
[11.442s] -- Up-to-date: /root/Lunar_ROADSTER/lr_ws/install/nav_2d_msgs/share/nav_2d_msgs/cmake/ament_cmake_export_libraries-extras.cmake
[11.443s] -- Up-to-date: /root/Lunar_ROADSTER/lr_ws/install/nav_2d_msgs/share/nav_2d_msgs/cmake/ament_cmake_export_targets-extras.cmake
[11.448s] -- Up-to-date: /root/Lunar_ROADSTER/lr_ws/install/nav_2d_msgs/share/nav_2d_msgs/cmake/rosidl_cmake_export_typesupport_targets-extras.cmake
[11.448s] -- Up-to-date: /root/Lunar_ROADSTER/lr_ws/install/nav_2d_msgs/share/nav_2d_msgs/cmake/rosidl_cmake_export_typesupport_libraries-extras.cmake
[11.449s] -- Up-to-date: /root/Lunar_ROADSTER/lr_ws/install/nav_2d_msgs/share/nav_2d_msgs/cmake/nav_2d_msgsConfig.cmake
[11.452s] -- Up-to-date: /root/Lunar_ROADSTER/lr_ws/install/nav_2d_msgs/share/nav_2d_msgs/cmake/nav_2d_msgsConfig-version.cmake
[11.453s] -- Up-to-date: /root/Lunar_ROADSTER/lr_ws/install/nav_2d_msgs/share/nav_2d_msgs/package.xml
[11.577s] Invoked command in '/root/Lunar_ROADSTER/lr_ws/build/nav_2d_msgs' returned '0': CMAKE_PREFIX_PATH=${CMAKE_PREFIX_PATH}:/root/Lunar_ROADSTER/lr_ws/install/nav2_simple_commander:/opt/ros/humble /usr/local/bin/cmake --install /root/Lunar_ROADSTER/lr_ws/build/nav_2d_msgs
