[0.609s] Invoking command in '/root/Lunar_ROADSTER/lr_ws/build/launcher': CMAKE_PREFIX_PATH=${CMAKE_PREFIX_PATH}:/root/Lunar_ROADSTER/lr_ws/install/nav2_simple_commander:/opt/ros/humble /usr/local/bin/cmake --build /root/Lunar_ROADSTER/lr_ws/build/launcher -- -j4 -l4
[0.874s] Invoked command in '/root/Lunar_ROADSTER/lr_ws/build/launcher' returned '0': CMAKE_PREFIX_PATH=${CMAKE_PREFIX_PATH}:/root/Lunar_ROADSTER/lr_ws/install/nav2_simple_commander:/opt/ros/humble /usr/local/bin/cmake --build /root/Lunar_ROADSTER/lr_ws/build/launcher -- -j4 -l4
[0.915s] Invoking command in '/root/Lunar_ROADSTER/lr_ws/build/launcher': CMAKE_PREFIX_PATH=${CMAKE_PREFIX_PATH}:/root/Lunar_ROADSTER/lr_ws/install/nav2_simple_commander:/opt/ros/humble /usr/local/bin/cmake --install /root/Lunar_ROADSTER/lr_ws/build/launcher
[0.955s] -- Install configuration: ""
[0.965s] -- Up-to-date: /root/Lunar_ROADSTER/lr_ws/install/launcher/share/launcher/launch
[0.966s] -- Installing: /root/Lunar_ROADSTER/lr_ws/install/launcher/share/launcher/launch/launch.py
[0.970s] -- Up-to-date: /root/Lunar_ROADSTER/lr_ws/install/launcher/share/launcher/launch/svd_viz.rviz
[0.971s] -- Up-to-date: /root/Lunar_ROADSTER/lr_ws/install/launcher/share/launcher/launch/svd_local_map_viz.rviz
[0.972s] -- Up-to-date: /root/Lunar_ROADSTER/lr_ws/install/launcher/share/ament_index/resource_index/package_run_dependencies/launcher
[0.973s] -- Up-to-date: /root/Lunar_ROADSTER/lr_ws/install/launcher/share/ament_index/resource_index/parent_prefix_path/launcher
[0.974s] -- Up-to-date: /root/Lunar_ROADSTER/lr_ws/install/launcher/share/launcher/environment/ament_prefix_path.sh
[0.976s] -- Up-to-date: /root/Lunar_ROADSTER/lr_ws/install/launcher/share/launcher/environment/ament_prefix_path.dsv
[0.977s] -- Up-to-date: /root/Lunar_ROADSTER/lr_ws/install/launcher/share/launcher/environment/path.sh
[0.977s] -- Up-to-date: /root/Lunar_ROADSTER/lr_ws/install/launcher/share/launcher/environment/path.dsv
[0.978s] -- Up-to-date: /root/Lunar_ROADSTER/lr_ws/install/launcher/share/launcher/local_setup.bash
[0.979s] -- Up-to-date: /root/Lunar_ROADSTER/lr_ws/install/launcher/share/launcher/local_setup.sh
[0.980s] -- Up-to-date: /root/Lunar_ROADSTER/lr_ws/install/launcher/share/launcher/local_setup.zsh
[0.981s] -- Up-to-date: /root/Lunar_ROADSTER/lr_ws/install/launcher/share/launcher/local_setup.dsv
[0.983s] -- Installing: /root/Lunar_ROADSTER/lr_ws/install/launcher/share/launcher/package.dsv
[0.985s] -- Up-to-date: /root/Lunar_ROADSTER/lr_ws/install/launcher/share/ament_index/resource_index/packages/launcher
[0.986s] -- Up-to-date: /root/Lunar_ROADSTER/lr_ws/install/launcher/share/launcher/cmake/launcherConfig.cmake
[0.986s] -- Up-to-date: /root/Lunar_ROADSTER/lr_ws/install/launcher/share/launcher/cmake/launcherConfig-version.cmake
[0.987s] -- Up-to-date: /root/Lunar_ROADSTER/lr_ws/install/launcher/share/launcher/package.xml
[1.001s] Invoked command in '/root/Lunar_ROADSTER/lr_ws/build/launcher' returned '0': CMAKE_PREFIX_PATH=${CMAKE_PREFIX_PATH}:/root/Lunar_ROADSTER/lr_ws/install/nav2_simple_commander:/opt/ros/humble /usr/local/bin/cmake --install /root/Lunar_ROADSTER/lr_ws/build/launcher
