[0.079s] Invoking command in '/root/Lunar_ROADSTER/lr_ws/build/cg_msgs': CMAKE_PREFIX_PATH=${CMAKE_PREFIX_PATH}:/opt/ros/humble /usr/local/bin/cmake --build /root/Lunar_ROADSTER/lr_ws/build/cg_msgs -- -j4 -l4
[0.305s] [  0%] Built target cg_msgs__cpp
[0.318s] [ 12%] Built target cg_msgs__rosidl_generator_c
[0.428s] [ 12%] Built target ament_cmake_python_copy_cg_msgs
[0.525s] [ 24%] Built target cg_msgs__rosidl_typesupport_cpp
[0.549s] [ 45%] Built target cg_msgs__rosidl_typesupport_fastrtps_cpp
[0.553s] [ 48%] Built target cg_msgs__rosidl_typesupport_introspection_cpp
[0.679s] [ 60%] Built target cg_msgs__rosidl_typesupport_fastrtps_c
[0.700s] [ 72%] Built target cg_msgs__rosidl_typesupport_introspection_c
[0.729s] [ 84%] Built target cg_msgs__rosidl_typesupport_c
[0.795s] [ 84%] Built target cg_msgs
[0.879s] [ 85%] Built target cg_msgs__py
[1.020s] [ 96%] Built target cg_msgs__rosidl_generator_py
[1.126s] [ 97%] Built target cg_msgs__rosidl_typesupport_fastrtps_c__pyext
[1.157s] [ 99%] Built target cg_msgs__rosidl_typesupport_introspection_c__pyext
[1.175s] [100%] Built target cg_msgs__rosidl_typesupport_c__pyext
[1.773s] running egg_info
[1.777s] writing cg_msgs.egg-info/PKG-INFO
[1.777s] writing dependency_links to cg_msgs.egg-info/dependency_links.txt
[1.778s] writing top-level names to cg_msgs.egg-info/top_level.txt
[1.790s] reading manifest file 'cg_msgs.egg-info/SOURCES.txt'
[1.798s] writing manifest file 'cg_msgs.egg-info/SOURCES.txt'
[1.898s] [100%] Built target ament_cmake_python_build_cg_msgs_egg
[1.962s] Invoked command in '/root/Lunar_ROADSTER/lr_ws/build/cg_msgs' returned '0': CMAKE_PREFIX_PATH=${CMAKE_PREFIX_PATH}:/opt/ros/humble /usr/local/bin/cmake --build /root/Lunar_ROADSTER/lr_ws/build/cg_msgs -- -j4 -l4
[1.968s] Invoking command in '/root/Lunar_ROADSTER/lr_ws/build/cg_msgs': CMAKE_PREFIX_PATH=${CMAKE_PREFIX_PATH}:/opt/ros/humble /usr/local/bin/cmake --install /root/Lunar_ROADSTER/lr_ws/build/cg_msgs
[2.028s] -- Install configuration: ""
[2.029s] -- Up-to-date: /root/Lunar_ROADSTER/lr_ws/install/cg_msgs/share/ament_index/resource_index/rosidl_interfaces/cg_msgs
[2.030s] -- Up-to-date: /root/Lunar_ROADSTER/lr_ws/install/cg_msgs/include/cg_msgs/cg_msgs
[2.032s] -- Up-to-date: /root/Lunar_ROADSTER/lr_ws/install/cg_msgs/include/cg_msgs/cg_msgs/msg
[2.032s] -- Up-to-date: /root/Lunar_ROADSTER/lr_ws/install/cg_msgs/include/cg_msgs/cg_msgs/msg/actuator_command.h
[2.035s] -- Up-to-date: /root/Lunar_ROADSTER/lr_ws/install/cg_msgs/include/cg_msgs/cg_msgs/msg/rosidl_generator_c__visibility_control.h
[2.036s] -- Up-to-date: /root/Lunar_ROADSTER/lr_ws/install/cg_msgs/include/cg_msgs/cg_msgs/msg/detail
[2.036s] -- Up-to-date: /root/Lunar_ROADSTER/lr_ws/install/cg_msgs/include/cg_msgs/cg_msgs/msg/detail/actuator_command__functions.c
[2.037s] -- Up-to-date: /root/Lunar_ROADSTER/lr_ws/install/cg_msgs/include/cg_msgs/cg_msgs/msg/detail/actuator_command__functions.h
[2.037s] -- Up-to-date: /root/Lunar_ROADSTER/lr_ws/install/cg_msgs/include/cg_msgs/cg_msgs/msg/detail/actuator_command__struct.h
[2.038s] -- Up-to-date: /root/Lunar_ROADSTER/lr_ws/install/cg_msgs/include/cg_msgs/cg_msgs/msg/detail/actuator_command__type_support.h
[2.039s] -- Up-to-date: /root/Lunar_ROADSTER/lr_ws/install/cg_msgs/include/cg_msgs/cg_msgs/msg/detail/beacon_tag__functions.c
[2.039s] -- Up-to-date: /root/Lunar_ROADSTER/lr_ws/install/cg_msgs/include/cg_msgs/cg_msgs/msg/detail/beacon_tag__functions.h
[2.040s] -- Up-to-date: /root/Lunar_ROADSTER/lr_ws/install/cg_msgs/include/cg_msgs/cg_msgs/msg/detail/beacon_tag__struct.h
[2.041s] -- Up-to-date: /root/Lunar_ROADSTER/lr_ws/install/cg_msgs/include/cg_msgs/cg_msgs/msg/detail/beacon_tag__type_support.h
[2.041s] -- Up-to-date: /root/Lunar_ROADSTER/lr_ws/install/cg_msgs/include/cg_msgs/cg_msgs/msg/detail/beacon_multi_tag__functions.c
[2.042s] -- Up-to-date: /root/Lunar_ROADSTER/lr_ws/install/cg_msgs/include/cg_msgs/cg_msgs/msg/detail/beacon_multi_tag__functions.h
[2.044s] -- Up-to-date: /root/Lunar_ROADSTER/lr_ws/install/cg_msgs/include/cg_msgs/cg_msgs/msg/detail/beacon_multi_tag__struct.h
[2.045s] -- Up-to-date: /root/Lunar_ROADSTER/lr_ws/install/cg_msgs/include/cg_msgs/cg_msgs/msg/detail/beacon_multi_tag__type_support.h
[2.046s] -- Up-to-date: /root/Lunar_ROADSTER/lr_ws/install/cg_msgs/include/cg_msgs/cg_msgs/msg/detail/encoder_telemetry__functions.c
[2.051s] -- Up-to-date: /root/Lunar_ROADSTER/lr_ws/install/cg_msgs/include/cg_msgs/cg_msgs/msg/detail/encoder_telemetry__functions.h
[2.053s] -- Up-to-date: /root/Lunar_ROADSTER/lr_ws/install/cg_msgs/include/cg_msgs/cg_msgs/msg/detail/encoder_telemetry__struct.h
[2.054s] -- Up-to-date: /root/Lunar_ROADSTER/lr_ws/install/cg_msgs/include/cg_msgs/cg_msgs/msg/detail/encoder_telemetry__type_support.h
[2.055s] -- Up-to-date: /root/Lunar_ROADSTER/lr_ws/install/cg_msgs/include/cg_msgs/cg_msgs/msg/detail/point2_d__functions.c
[2.059s] -- Up-to-date: /root/Lunar_ROADSTER/lr_ws/install/cg_msgs/include/cg_msgs/cg_msgs/msg/detail/point2_d__functions.h
[2.060s] -- Up-to-date: /root/Lunar_ROADSTER/lr_ws/install/cg_msgs/include/cg_msgs/cg_msgs/msg/detail/point2_d__struct.h
[2.060s] -- Up-to-date: /root/Lunar_ROADSTER/lr_ws/install/cg_msgs/include/cg_msgs/cg_msgs/msg/detail/point2_d__type_support.h
[2.061s] -- Up-to-date: /root/Lunar_ROADSTER/lr_ws/install/cg_msgs/include/cg_msgs/cg_msgs/msg/detail/pose2_d__functions.c
[2.061s] -- Up-to-date: /root/Lunar_ROADSTER/lr_ws/install/cg_msgs/include/cg_msgs/cg_msgs/msg/detail/pose2_d__functions.h
[2.062s] -- Up-to-date: /root/Lunar_ROADSTER/lr_ws/install/cg_msgs/include/cg_msgs/cg_msgs/msg/detail/pose2_d__struct.h
[2.062s] -- Up-to-date: /root/Lunar_ROADSTER/lr_ws/install/cg_msgs/include/cg_msgs/cg_msgs/msg/detail/pose2_d__type_support.h
[2.062s] -- Up-to-date: /root/Lunar_ROADSTER/lr_ws/install/cg_msgs/include/cg_msgs/cg_msgs/msg/detail/slip__functions.c
[2.063s] -- Up-to-date: /root/Lunar_ROADSTER/lr_ws/install/cg_msgs/include/cg_msgs/cg_msgs/msg/detail/slip__functions.h
[2.063s] -- Up-to-date: /root/Lunar_ROADSTER/lr_ws/install/cg_msgs/include/cg_msgs/cg_msgs/msg/detail/slip__struct.h
[2.064s] -- Up-to-date: /root/Lunar_ROADSTER/lr_ws/install/cg_msgs/include/cg_msgs/cg_msgs/msg/detail/slip__type_support.h
[2.064s] -- Up-to-date: /root/Lunar_ROADSTER/lr_ws/install/cg_msgs/include/cg_msgs/cg_msgs/msg/detail/mux_mode__functions.c
[2.065s] -- Up-to-date: /root/Lunar_ROADSTER/lr_ws/install/cg_msgs/include/cg_msgs/cg_msgs/msg/detail/mux_mode__functions.h
[2.065s] -- Up-to-date: /root/Lunar_ROADSTER/lr_ws/install/cg_msgs/include/cg_msgs/cg_msgs/msg/detail/mux_mode__struct.h
[2.066s] -- Up-to-date: /root/Lunar_ROADSTER/lr_ws/install/cg_msgs/include/cg_msgs/cg_msgs/msg/detail/mux_mode__type_support.h
[2.067s] -- Up-to-date: /root/Lunar_ROADSTER/lr_ws/install/cg_msgs/include/cg_msgs/cg_msgs/msg/detail/actuator_state__functions.c
[2.067s] -- Up-to-date: /root/Lunar_ROADSTER/lr_ws/install/cg_msgs/include/cg_msgs/cg_msgs/msg/detail/actuator_state__functions.h
[2.068s] -- Up-to-date: /root/Lunar_ROADSTER/lr_ws/install/cg_msgs/include/cg_msgs/cg_msgs/msg/detail/actuator_state__struct.h
[2.069s] -- Up-to-date: /root/Lunar_ROADSTER/lr_ws/install/cg_msgs/include/cg_msgs/cg_msgs/msg/detail/actuator_state__type_support.h
[2.070s] -- Up-to-date: /root/Lunar_ROADSTER/lr_ws/install/cg_msgs/include/cg_msgs/cg_msgs/msg/detail/site_map__functions.c
[2.070s] -- Up-to-date: /root/Lunar_ROADSTER/lr_ws/install/cg_msgs/include/cg_msgs/cg_msgs/msg/detail/site_map__functions.h
[2.071s] -- Up-to-date: /root/Lunar_ROADSTER/lr_ws/install/cg_msgs/include/cg_msgs/cg_msgs/msg/detail/site_map__struct.h
[2.072s] -- Up-to-date: /root/Lunar_ROADSTER/lr_ws/install/cg_msgs/include/cg_msgs/cg_msgs/msg/detail/site_map__type_support.h
[2.073s] -- Up-to-date: /root/Lunar_ROADSTER/lr_ws/install/cg_msgs/include/cg_msgs/cg_msgs/msg/detail/trajectory__functions.c
[2.073s] -- Up-to-date: /root/Lunar_ROADSTER/lr_ws/install/cg_msgs/include/cg_msgs/cg_msgs/msg/detail/trajectory__functions.h
[2.074s] -- Up-to-date: /root/Lunar_ROADSTER/lr_ws/install/cg_msgs/include/cg_msgs/cg_msgs/msg/detail/trajectory__struct.h
[2.075s] -- Up-to-date: /root/Lunar_ROADSTER/lr_ws/install/cg_msgs/include/cg_msgs/cg_msgs/msg/detail/trajectory__type_support.h
[2.076s] -- Up-to-date: /root/Lunar_ROADSTER/lr_ws/install/cg_msgs/include/cg_msgs/cg_msgs/msg/beacon_tag.h
[2.076s] -- Up-to-date: /root/Lunar_ROADSTER/lr_ws/install/cg_msgs/include/cg_msgs/cg_msgs/msg/beacon_multi_tag.h
[2.077s] -- Up-to-date: /root/Lunar_ROADSTER/lr_ws/install/cg_msgs/include/cg_msgs/cg_msgs/msg/encoder_telemetry.h
[2.077s] -- Up-to-date: /root/Lunar_ROADSTER/lr_ws/install/cg_msgs/include/cg_msgs/cg_msgs/msg/point2_d.h
[2.077s] -- Up-to-date: /root/Lunar_ROADSTER/lr_ws/install/cg_msgs/include/cg_msgs/cg_msgs/msg/pose2_d.h
[2.080s] -- Up-to-date: /root/Lunar_ROADSTER/lr_ws/install/cg_msgs/include/cg_msgs/cg_msgs/msg/slip.h
[2.081s] -- Up-to-date: /root/Lunar_ROADSTER/lr_ws/install/cg_msgs/include/cg_msgs/cg_msgs/msg/mux_mode.h
[2.082s] -- Up-to-date: /root/Lunar_ROADSTER/lr_ws/install/cg_msgs/include/cg_msgs/cg_msgs/msg/actuator_state.h
[2.082s] -- Up-to-date: /root/Lunar_ROADSTER/lr_ws/install/cg_msgs/include/cg_msgs/cg_msgs/msg/site_map.h
[2.083s] -- Up-to-date: /root/Lunar_ROADSTER/lr_ws/install/cg_msgs/include/cg_msgs/cg_msgs/msg/trajectory.h
[2.083s] -- Up-to-date: /root/Lunar_ROADSTER/lr_ws/install/cg_msgs/include/cg_msgs/cg_msgs/srv
[2.085s] -- Up-to-date: /root/Lunar_ROADSTER/lr_ws/install/cg_msgs/include/cg_msgs/cg_msgs/srv/site_map.h
[2.085s] -- Up-to-date: /root/Lunar_ROADSTER/lr_ws/install/cg_msgs/include/cg_msgs/cg_msgs/srv/detail
[2.087s] -- Up-to-date: /root/Lunar_ROADSTER/lr_ws/install/cg_msgs/include/cg_msgs/cg_msgs/srv/detail/site_map__functions.c
[2.088s] -- Up-to-date: /root/Lunar_ROADSTER/lr_ws/install/cg_msgs/include/cg_msgs/cg_msgs/srv/detail/site_map__functions.h
[2.089s] -- Up-to-date: /root/Lunar_ROADSTER/lr_ws/install/cg_msgs/include/cg_msgs/cg_msgs/srv/detail/site_map__struct.h
[2.091s] -- Up-to-date: /root/Lunar_ROADSTER/lr_ws/install/cg_msgs/include/cg_msgs/cg_msgs/srv/detail/site_map__type_support.h
[2.092s] -- Up-to-date: /root/Lunar_ROADSTER/lr_ws/install/cg_msgs/include/cg_msgs/cg_msgs/srv/detail/update_trajectory__functions.c
[2.095s] -- Up-to-date: /root/Lunar_ROADSTER/lr_ws/install/cg_msgs/include/cg_msgs/cg_msgs/srv/detail/update_trajectory__functions.h
[2.096s] -- Up-to-date: /root/Lunar_ROADSTER/lr_ws/install/cg_msgs/include/cg_msgs/cg_msgs/srv/detail/update_trajectory__struct.h
[2.097s] -- Up-to-date: /root/Lunar_ROADSTER/lr_ws/install/cg_msgs/include/cg_msgs/cg_msgs/srv/detail/update_trajectory__type_support.h
[2.097s] -- Up-to-date: /root/Lunar_ROADSTER/lr_ws/install/cg_msgs/include/cg_msgs/cg_msgs/srv/detail/enable_worksystem__functions.c
[2.097s] -- Up-to-date: /root/Lunar_ROADSTER/lr_ws/install/cg_msgs/include/cg_msgs/cg_msgs/srv/detail/enable_worksystem__functions.h
[2.099s] -- Up-to-date: /root/Lunar_ROADSTER/lr_ws/install/cg_msgs/include/cg_msgs/cg_msgs/srv/detail/enable_worksystem__struct.h
[2.099s] -- Up-to-date: /root/Lunar_ROADSTER/lr_ws/install/cg_msgs/include/cg_msgs/cg_msgs/srv/detail/enable_worksystem__type_support.h
[2.100s] -- Up-to-date: /root/Lunar_ROADSTER/lr_ws/install/cg_msgs/include/cg_msgs/cg_msgs/srv/detail/save_map__functions.c
[2.100s] -- Up-to-date: /root/Lunar_ROADSTER/lr_ws/install/cg_msgs/include/cg_msgs/cg_msgs/srv/detail/save_map__functions.h
[2.101s] -- Up-to-date: /root/Lunar_ROADSTER/lr_ws/install/cg_msgs/include/cg_msgs/cg_msgs/srv/detail/save_map__struct.h
[2.102s] -- Up-to-date: /root/Lunar_ROADSTER/lr_ws/install/cg_msgs/include/cg_msgs/cg_msgs/srv/detail/save_map__type_support.h
[2.102s] -- Up-to-date: /root/Lunar_ROADSTER/lr_ws/install/cg_msgs/include/cg_msgs/cg_msgs/srv/update_trajectory.h
[2.103s] -- Up-to-date: /root/Lunar_ROADSTER/lr_ws/install/cg_msgs/include/cg_msgs/cg_msgs/srv/enable_worksystem.h
[2.103s] -- Up-to-date: /root/Lunar_ROADSTER/lr_ws/install/cg_msgs/include/cg_msgs/cg_msgs/srv/save_map.h
[2.103s] -- Up-to-date: /root/Lunar_ROADSTER/lr_ws/install/cg_msgs/share/cg_msgs/environment/library_path.sh
[2.105s] -- Up-to-date: /root/Lunar_ROADSTER/lr_ws/install/cg_msgs/share/cg_msgs/environment/library_path.dsv
[2.108s] -- Up-to-date: /root/Lunar_ROADSTER/lr_ws/install/cg_msgs/lib/libcg_msgs__rosidl_generator_c.so
[2.111s] -- Up-to-date: /root/Lunar_ROADSTER/lr_ws/install/cg_msgs/include/cg_msgs/cg_msgs
[2.111s] -- Up-to-date: /root/Lunar_ROADSTER/lr_ws/install/cg_msgs/include/cg_msgs/cg_msgs/msg
[2.112s] -- Up-to-date: /root/Lunar_ROADSTER/lr_ws/install/cg_msgs/include/cg_msgs/cg_msgs/msg/detail
[2.112s] -- Up-to-date: /root/Lunar_ROADSTER/lr_ws/install/cg_msgs/include/cg_msgs/cg_msgs/msg/detail/actuator_command__rosidl_typesupport_fastrtps_c.h
[2.112s] -- Up-to-date: /root/Lunar_ROADSTER/lr_ws/install/cg_msgs/include/cg_msgs/cg_msgs/msg/detail/beacon_tag__rosidl_typesupport_fastrtps_c.h
[2.113s] -- Up-to-date: /root/Lunar_ROADSTER/lr_ws/install/cg_msgs/include/cg_msgs/cg_msgs/msg/detail/beacon_multi_tag__rosidl_typesupport_fastrtps_c.h
[2.114s] -- Up-to-date: /root/Lunar_ROADSTER/lr_ws/install/cg_msgs/include/cg_msgs/cg_msgs/msg/detail/encoder_telemetry__rosidl_typesupport_fastrtps_c.h
[2.114s] -- Up-to-date: /root/Lunar_ROADSTER/lr_ws/install/cg_msgs/include/cg_msgs/cg_msgs/msg/detail/point2_d__rosidl_typesupport_fastrtps_c.h
[2.115s] -- Up-to-date: /root/Lunar_ROADSTER/lr_ws/install/cg_msgs/include/cg_msgs/cg_msgs/msg/detail/pose2_d__rosidl_typesupport_fastrtps_c.h
[2.115s] -- Up-to-date: /root/Lunar_ROADSTER/lr_ws/install/cg_msgs/include/cg_msgs/cg_msgs/msg/detail/slip__rosidl_typesupport_fastrtps_c.h
[2.115s] -- Up-to-date: /root/Lunar_ROADSTER/lr_ws/install/cg_msgs/include/cg_msgs/cg_msgs/msg/detail/mux_mode__rosidl_typesupport_fastrtps_c.h
[2.117s] -- Up-to-date: /root/Lunar_ROADSTER/lr_ws/install/cg_msgs/include/cg_msgs/cg_msgs/msg/detail/actuator_state__rosidl_typesupport_fastrtps_c.h
[2.117s] -- Up-to-date: /root/Lunar_ROADSTER/lr_ws/install/cg_msgs/include/cg_msgs/cg_msgs/msg/detail/site_map__rosidl_typesupport_fastrtps_c.h
[2.118s] -- Up-to-date: /root/Lunar_ROADSTER/lr_ws/install/cg_msgs/include/cg_msgs/cg_msgs/msg/detail/trajectory__rosidl_typesupport_fastrtps_c.h
[2.118s] -- Up-to-date: /root/Lunar_ROADSTER/lr_ws/install/cg_msgs/include/cg_msgs/cg_msgs/msg/rosidl_typesupport_fastrtps_c__visibility_control.h
[2.118s] -- Up-to-date: /root/Lunar_ROADSTER/lr_ws/install/cg_msgs/include/cg_msgs/cg_msgs/srv
[2.119s] -- Up-to-date: /root/Lunar_ROADSTER/lr_ws/install/cg_msgs/include/cg_msgs/cg_msgs/srv/detail
[2.119s] -- Up-to-date: /root/Lunar_ROADSTER/lr_ws/install/cg_msgs/include/cg_msgs/cg_msgs/srv/detail/site_map__rosidl_typesupport_fastrtps_c.h
[2.120s] -- Up-to-date: /root/Lunar_ROADSTER/lr_ws/install/cg_msgs/include/cg_msgs/cg_msgs/srv/detail/update_trajectory__rosidl_typesupport_fastrtps_c.h
[2.120s] -- Up-to-date: /root/Lunar_ROADSTER/lr_ws/install/cg_msgs/include/cg_msgs/cg_msgs/srv/detail/enable_worksystem__rosidl_typesupport_fastrtps_c.h
[2.121s] -- Up-to-date: /root/Lunar_ROADSTER/lr_ws/install/cg_msgs/include/cg_msgs/cg_msgs/srv/detail/save_map__rosidl_typesupport_fastrtps_c.h
[2.122s] -- Up-to-date: /root/Lunar_ROADSTER/lr_ws/install/cg_msgs/lib/libcg_msgs__rosidl_typesupport_fastrtps_c.so
[2.124s] -- Up-to-date: /root/Lunar_ROADSTER/lr_ws/install/cg_msgs/include/cg_msgs/cg_msgs
[2.125s] -- Up-to-date: /root/Lunar_ROADSTER/lr_ws/install/cg_msgs/include/cg_msgs/cg_msgs/msg
[2.125s] -- Up-to-date: /root/Lunar_ROADSTER/lr_ws/install/cg_msgs/include/cg_msgs/cg_msgs/msg/actuator_command.hpp
[2.126s] -- Up-to-date: /root/Lunar_ROADSTER/lr_ws/install/cg_msgs/include/cg_msgs/cg_msgs/msg/rosidl_generator_cpp__visibility_control.hpp
[2.126s] -- Up-to-date: /root/Lunar_ROADSTER/lr_ws/install/cg_msgs/include/cg_msgs/cg_msgs/msg/detail
[2.126s] -- Up-to-date: /root/Lunar_ROADSTER/lr_ws/install/cg_msgs/include/cg_msgs/cg_msgs/msg/detail/actuator_command__builder.hpp
[2.127s] -- Up-to-date: /root/Lunar_ROADSTER/lr_ws/install/cg_msgs/include/cg_msgs/cg_msgs/msg/detail/actuator_command__struct.hpp
[2.127s] -- Up-to-date: /root/Lunar_ROADSTER/lr_ws/install/cg_msgs/include/cg_msgs/cg_msgs/msg/detail/actuator_command__traits.hpp
[2.127s] -- Up-to-date: /root/Lunar_ROADSTER/lr_ws/install/cg_msgs/include/cg_msgs/cg_msgs/msg/detail/actuator_command__type_support.hpp
[2.128s] -- Up-to-date: /root/Lunar_ROADSTER/lr_ws/install/cg_msgs/include/cg_msgs/cg_msgs/msg/detail/beacon_tag__builder.hpp
[2.128s] -- Up-to-date: /root/Lunar_ROADSTER/lr_ws/install/cg_msgs/include/cg_msgs/cg_msgs/msg/detail/beacon_tag__struct.hpp
[2.128s] -- Up-to-date: /root/Lunar_ROADSTER/lr_ws/install/cg_msgs/include/cg_msgs/cg_msgs/msg/detail/beacon_tag__traits.hpp
[2.129s] -- Up-to-date: /root/Lunar_ROADSTER/lr_ws/install/cg_msgs/include/cg_msgs/cg_msgs/msg/detail/beacon_tag__type_support.hpp
[2.129s] -- Up-to-date: /root/Lunar_ROADSTER/lr_ws/install/cg_msgs/include/cg_msgs/cg_msgs/msg/detail/beacon_multi_tag__builder.hpp
[2.130s] -- Up-to-date: /root/Lunar_ROADSTER/lr_ws/install/cg_msgs/include/cg_msgs/cg_msgs/msg/detail/beacon_multi_tag__struct.hpp
[2.130s] -- Up-to-date: /root/Lunar_ROADSTER/lr_ws/install/cg_msgs/include/cg_msgs/cg_msgs/msg/detail/beacon_multi_tag__traits.hpp
[2.130s] -- Up-to-date: /root/Lunar_ROADSTER/lr_ws/install/cg_msgs/include/cg_msgs/cg_msgs/msg/detail/beacon_multi_tag__type_support.hpp
[2.130s] -- Up-to-date: /root/Lunar_ROADSTER/lr_ws/install/cg_msgs/include/cg_msgs/cg_msgs/msg/detail/encoder_telemetry__builder.hpp
[2.131s] -- Up-to-date: /root/Lunar_ROADSTER/lr_ws/install/cg_msgs/include/cg_msgs/cg_msgs/msg/detail/encoder_telemetry__struct.hpp
[2.136s] -- Up-to-date: /root/Lunar_ROADSTER/lr_ws/install/cg_msgs/include/cg_msgs/cg_msgs/msg/detail/encoder_telemetry__traits.hpp
[2.136s] -- Up-to-date: /root/Lunar_ROADSTER/lr_ws/install/cg_msgs/include/cg_msgs/cg_msgs/msg/detail/encoder_telemetry__type_support.hpp
[2.137s] -- Up-to-date: /root/Lunar_ROADSTER/lr_ws/install/cg_msgs/include/cg_msgs/cg_msgs/msg/detail/point2_d__builder.hpp
[2.137s] -- Up-to-date: /root/Lunar_ROADSTER/lr_ws/install/cg_msgs/include/cg_msgs/cg_msgs/msg/detail/point2_d__struct.hpp
[2.140s] -- Up-to-date: /root/Lunar_ROADSTER/lr_ws/install/cg_msgs/include/cg_msgs/cg_msgs/msg/detail/point2_d__traits.hpp
[2.143s] -- Up-to-date: /root/Lunar_ROADSTER/lr_ws/install/cg_msgs/include/cg_msgs/cg_msgs/msg/detail/point2_d__type_support.hpp
[2.145s] -- Up-to-date: /root/Lunar_ROADSTER/lr_ws/install/cg_msgs/include/cg_msgs/cg_msgs/msg/detail/pose2_d__builder.hpp
[2.145s] -- Up-to-date: /root/Lunar_ROADSTER/lr_ws/install/cg_msgs/include/cg_msgs/cg_msgs/msg/detail/pose2_d__struct.hpp
[2.146s] -- Up-to-date: /root/Lunar_ROADSTER/lr_ws/install/cg_msgs/include/cg_msgs/cg_msgs/msg/detail/pose2_d__traits.hpp
[2.147s] -- Up-to-date: /root/Lunar_ROADSTER/lr_ws/install/cg_msgs/include/cg_msgs/cg_msgs/msg/detail/pose2_d__type_support.hpp
[2.147s] -- Up-to-date: /root/Lunar_ROADSTER/lr_ws/install/cg_msgs/include/cg_msgs/cg_msgs/msg/detail/slip__builder.hpp
[2.148s] -- Up-to-date: /root/Lunar_ROADSTER/lr_ws/install/cg_msgs/include/cg_msgs/cg_msgs/msg/detail/slip__struct.hpp
[2.148s] -- Up-to-date: /root/Lunar_ROADSTER/lr_ws/install/cg_msgs/include/cg_msgs/cg_msgs/msg/detail/slip__traits.hpp
[2.148s] -- Up-to-date: /root/Lunar_ROADSTER/lr_ws/install/cg_msgs/include/cg_msgs/cg_msgs/msg/detail/slip__type_support.hpp
[2.149s] -- Up-to-date: /root/Lunar_ROADSTER/lr_ws/install/cg_msgs/include/cg_msgs/cg_msgs/msg/detail/mux_mode__builder.hpp
[2.151s] -- Up-to-date: /root/Lunar_ROADSTER/lr_ws/install/cg_msgs/include/cg_msgs/cg_msgs/msg/detail/mux_mode__struct.hpp
[2.151s] -- Up-to-date: /root/Lunar_ROADSTER/lr_ws/install/cg_msgs/include/cg_msgs/cg_msgs/msg/detail/mux_mode__traits.hpp
[2.152s] -- Up-to-date: /root/Lunar_ROADSTER/lr_ws/install/cg_msgs/include/cg_msgs/cg_msgs/msg/detail/mux_mode__type_support.hpp
[2.152s] -- Up-to-date: /root/Lunar_ROADSTER/lr_ws/install/cg_msgs/include/cg_msgs/cg_msgs/msg/detail/actuator_state__builder.hpp
[2.153s] -- Up-to-date: /root/Lunar_ROADSTER/lr_ws/install/cg_msgs/include/cg_msgs/cg_msgs/msg/detail/actuator_state__struct.hpp
[2.153s] -- Up-to-date: /root/Lunar_ROADSTER/lr_ws/install/cg_msgs/include/cg_msgs/cg_msgs/msg/detail/actuator_state__traits.hpp
[2.154s] -- Up-to-date: /root/Lunar_ROADSTER/lr_ws/install/cg_msgs/include/cg_msgs/cg_msgs/msg/detail/actuator_state__type_support.hpp
[2.154s] -- Up-to-date: /root/Lunar_ROADSTER/lr_ws/install/cg_msgs/include/cg_msgs/cg_msgs/msg/detail/site_map__builder.hpp
[2.156s] -- Up-to-date: /root/Lunar_ROADSTER/lr_ws/install/cg_msgs/include/cg_msgs/cg_msgs/msg/detail/site_map__struct.hpp
[2.156s] -- Up-to-date: /root/Lunar_ROADSTER/lr_ws/install/cg_msgs/include/cg_msgs/cg_msgs/msg/detail/site_map__traits.hpp
[2.157s] -- Up-to-date: /root/Lunar_ROADSTER/lr_ws/install/cg_msgs/include/cg_msgs/cg_msgs/msg/detail/site_map__type_support.hpp
[2.157s] -- Up-to-date: /root/Lunar_ROADSTER/lr_ws/install/cg_msgs/include/cg_msgs/cg_msgs/msg/detail/trajectory__builder.hpp
[2.159s] -- Up-to-date: /root/Lunar_ROADSTER/lr_ws/install/cg_msgs/include/cg_msgs/cg_msgs/msg/detail/trajectory__struct.hpp
[2.161s] -- Up-to-date: /root/Lunar_ROADSTER/lr_ws/install/cg_msgs/include/cg_msgs/cg_msgs/msg/detail/trajectory__traits.hpp
[2.161s] -- Up-to-date: /root/Lunar_ROADSTER/lr_ws/install/cg_msgs/include/cg_msgs/cg_msgs/msg/detail/trajectory__type_support.hpp
[2.162s] -- Up-to-date: /root/Lunar_ROADSTER/lr_ws/install/cg_msgs/include/cg_msgs/cg_msgs/msg/beacon_tag.hpp
[2.163s] -- Up-to-date: /root/Lunar_ROADSTER/lr_ws/install/cg_msgs/include/cg_msgs/cg_msgs/msg/beacon_multi_tag.hpp
[2.164s] -- Up-to-date: /root/Lunar_ROADSTER/lr_ws/install/cg_msgs/include/cg_msgs/cg_msgs/msg/encoder_telemetry.hpp
[2.165s] -- Up-to-date: /root/Lunar_ROADSTER/lr_ws/install/cg_msgs/include/cg_msgs/cg_msgs/msg/point2_d.hpp
[2.166s] -- Up-to-date: /root/Lunar_ROADSTER/lr_ws/install/cg_msgs/include/cg_msgs/cg_msgs/msg/pose2_d.hpp
[2.166s] -- Up-to-date: /root/Lunar_ROADSTER/lr_ws/install/cg_msgs/include/cg_msgs/cg_msgs/msg/slip.hpp
[2.167s] -- Up-to-date: /root/Lunar_ROADSTER/lr_ws/install/cg_msgs/include/cg_msgs/cg_msgs/msg/mux_mode.hpp
[2.167s] -- Up-to-date: /root/Lunar_ROADSTER/lr_ws/install/cg_msgs/include/cg_msgs/cg_msgs/msg/actuator_state.hpp
[2.168s] -- Up-to-date: /root/Lunar_ROADSTER/lr_ws/install/cg_msgs/include/cg_msgs/cg_msgs/msg/site_map.hpp
[2.168s] -- Up-to-date: /root/Lunar_ROADSTER/lr_ws/install/cg_msgs/include/cg_msgs/cg_msgs/msg/trajectory.hpp
[2.169s] -- Up-to-date: /root/Lunar_ROADSTER/lr_ws/install/cg_msgs/include/cg_msgs/cg_msgs/srv
[2.169s] -- Up-to-date: /root/Lunar_ROADSTER/lr_ws/install/cg_msgs/include/cg_msgs/cg_msgs/srv/site_map.hpp
[2.169s] -- Up-to-date: /root/Lunar_ROADSTER/lr_ws/install/cg_msgs/include/cg_msgs/cg_msgs/srv/detail
[2.171s] -- Up-to-date: /root/Lunar_ROADSTER/lr_ws/install/cg_msgs/include/cg_msgs/cg_msgs/srv/detail/site_map__builder.hpp
[2.171s] -- Up-to-date: /root/Lunar_ROADSTER/lr_ws/install/cg_msgs/include/cg_msgs/cg_msgs/srv/detail/site_map__struct.hpp
[2.172s] -- Up-to-date: /root/Lunar_ROADSTER/lr_ws/install/cg_msgs/include/cg_msgs/cg_msgs/srv/detail/site_map__traits.hpp
[2.174s] -- Up-to-date: /root/Lunar_ROADSTER/lr_ws/install/cg_msgs/include/cg_msgs/cg_msgs/srv/detail/site_map__type_support.hpp
[2.175s] -- Up-to-date: /root/Lunar_ROADSTER/lr_ws/install/cg_msgs/include/cg_msgs/cg_msgs/srv/detail/update_trajectory__builder.hpp
[2.176s] -- Up-to-date: /root/Lunar_ROADSTER/lr_ws/install/cg_msgs/include/cg_msgs/cg_msgs/srv/detail/update_trajectory__struct.hpp
[2.176s] -- Up-to-date: /root/Lunar_ROADSTER/lr_ws/install/cg_msgs/include/cg_msgs/cg_msgs/srv/detail/update_trajectory__traits.hpp
[2.176s] -- Up-to-date: /root/Lunar_ROADSTER/lr_ws/install/cg_msgs/include/cg_msgs/cg_msgs/srv/detail/update_trajectory__type_support.hpp
[2.176s] -- Up-to-date: /root/Lunar_ROADSTER/lr_ws/install/cg_msgs/include/cg_msgs/cg_msgs/srv/detail/enable_worksystem__builder.hpp
[2.177s] -- Up-to-date: /root/Lunar_ROADSTER/lr_ws/install/cg_msgs/include/cg_msgs/cg_msgs/srv/detail/enable_worksystem__struct.hpp
[2.177s] -- Up-to-date: /root/Lunar_ROADSTER/lr_ws/install/cg_msgs/include/cg_msgs/cg_msgs/srv/detail/enable_worksystem__traits.hpp
[2.177s] -- Up-to-date: /root/Lunar_ROADSTER/lr_ws/install/cg_msgs/include/cg_msgs/cg_msgs/srv/detail/enable_worksystem__type_support.hpp
[2.177s] -- Up-to-date: /root/Lunar_ROADSTER/lr_ws/install/cg_msgs/include/cg_msgs/cg_msgs/srv/detail/save_map__builder.hpp
[2.178s] -- Up-to-date: /root/Lunar_ROADSTER/lr_ws/install/cg_msgs/include/cg_msgs/cg_msgs/srv/detail/save_map__struct.hpp
[2.178s] -- Up-to-date: /root/Lunar_ROADSTER/lr_ws/install/cg_msgs/include/cg_msgs/cg_msgs/srv/detail/save_map__traits.hpp
[2.178s] -- Up-to-date: /root/Lunar_ROADSTER/lr_ws/install/cg_msgs/include/cg_msgs/cg_msgs/srv/detail/save_map__type_support.hpp
[2.180s] -- Up-to-date: /root/Lunar_ROADSTER/lr_ws/install/cg_msgs/include/cg_msgs/cg_msgs/srv/update_trajectory.hpp
[2.180s] -- Up-to-date: /root/Lunar_ROADSTER/lr_ws/install/cg_msgs/include/cg_msgs/cg_msgs/srv/enable_worksystem.hpp
[2.180s] -- Up-to-date: /root/Lunar_ROADSTER/lr_ws/install/cg_msgs/include/cg_msgs/cg_msgs/srv/save_map.hpp
[2.181s] -- Up-to-date: /root/Lunar_ROADSTER/lr_ws/install/cg_msgs/include/cg_msgs/cg_msgs
[2.181s] -- Up-to-date: /root/Lunar_ROADSTER/lr_ws/install/cg_msgs/include/cg_msgs/cg_msgs/msg
[2.182s] -- Up-to-date: /root/Lunar_ROADSTER/lr_ws/install/cg_msgs/include/cg_msgs/cg_msgs/msg/detail
[2.182s] -- Up-to-date: /root/Lunar_ROADSTER/lr_ws/install/cg_msgs/include/cg_msgs/cg_msgs/msg/detail/actuator_command__rosidl_typesupport_fastrtps_cpp.hpp
[2.182s] -- Up-to-date: /root/Lunar_ROADSTER/lr_ws/install/cg_msgs/include/cg_msgs/cg_msgs/msg/detail/dds_fastrtps
[2.183s] -- Up-to-date: /root/Lunar_ROADSTER/lr_ws/install/cg_msgs/include/cg_msgs/cg_msgs/msg/detail/beacon_tag__rosidl_typesupport_fastrtps_cpp.hpp
[2.183s] -- Up-to-date: /root/Lunar_ROADSTER/lr_ws/install/cg_msgs/include/cg_msgs/cg_msgs/msg/detail/beacon_multi_tag__rosidl_typesupport_fastrtps_cpp.hpp
[2.183s] -- Up-to-date: /root/Lunar_ROADSTER/lr_ws/install/cg_msgs/include/cg_msgs/cg_msgs/msg/detail/encoder_telemetry__rosidl_typesupport_fastrtps_cpp.hpp
[2.184s] -- Up-to-date: /root/Lunar_ROADSTER/lr_ws/install/cg_msgs/include/cg_msgs/cg_msgs/msg/detail/point2_d__rosidl_typesupport_fastrtps_cpp.hpp
[2.184s] -- Up-to-date: /root/Lunar_ROADSTER/lr_ws/install/cg_msgs/include/cg_msgs/cg_msgs/msg/detail/pose2_d__rosidl_typesupport_fastrtps_cpp.hpp
[2.184s] -- Up-to-date: /root/Lunar_ROADSTER/lr_ws/install/cg_msgs/include/cg_msgs/cg_msgs/msg/detail/slip__rosidl_typesupport_fastrtps_cpp.hpp
[2.185s] -- Up-to-date: /root/Lunar_ROADSTER/lr_ws/install/cg_msgs/include/cg_msgs/cg_msgs/msg/detail/mux_mode__rosidl_typesupport_fastrtps_cpp.hpp
[2.185s] -- Up-to-date: /root/Lunar_ROADSTER/lr_ws/install/cg_msgs/include/cg_msgs/cg_msgs/msg/detail/actuator_state__rosidl_typesupport_fastrtps_cpp.hpp
[2.185s] -- Up-to-date: /root/Lunar_ROADSTER/lr_ws/install/cg_msgs/include/cg_msgs/cg_msgs/msg/detail/site_map__rosidl_typesupport_fastrtps_cpp.hpp
[2.186s] -- Up-to-date: /root/Lunar_ROADSTER/lr_ws/install/cg_msgs/include/cg_msgs/cg_msgs/msg/detail/trajectory__rosidl_typesupport_fastrtps_cpp.hpp
[2.186s] -- Up-to-date: /root/Lunar_ROADSTER/lr_ws/install/cg_msgs/include/cg_msgs/cg_msgs/msg/rosidl_typesupport_fastrtps_cpp__visibility_control.h
[2.186s] -- Up-to-date: /root/Lunar_ROADSTER/lr_ws/install/cg_msgs/include/cg_msgs/cg_msgs/srv
[2.187s] -- Up-to-date: /root/Lunar_ROADSTER/lr_ws/install/cg_msgs/include/cg_msgs/cg_msgs/srv/detail
[2.187s] -- Up-to-date: /root/Lunar_ROADSTER/lr_ws/install/cg_msgs/include/cg_msgs/cg_msgs/srv/detail/site_map__rosidl_typesupport_fastrtps_cpp.hpp
[2.188s] -- Up-to-date: /root/Lunar_ROADSTER/lr_ws/install/cg_msgs/include/cg_msgs/cg_msgs/srv/detail/dds_fastrtps
[2.188s] -- Up-to-date: /root/Lunar_ROADSTER/lr_ws/install/cg_msgs/include/cg_msgs/cg_msgs/srv/detail/update_trajectory__rosidl_typesupport_fastrtps_cpp.hpp
[2.188s] -- Up-to-date: /root/Lunar_ROADSTER/lr_ws/install/cg_msgs/include/cg_msgs/cg_msgs/srv/detail/enable_worksystem__rosidl_typesupport_fastrtps_cpp.hpp
[2.189s] -- Up-to-date: /root/Lunar_ROADSTER/lr_ws/install/cg_msgs/include/cg_msgs/cg_msgs/srv/detail/save_map__rosidl_typesupport_fastrtps_cpp.hpp
[2.189s] -- Up-to-date: /root/Lunar_ROADSTER/lr_ws/install/cg_msgs/lib/libcg_msgs__rosidl_typesupport_fastrtps_cpp.so
[2.190s] -- Up-to-date: /root/Lunar_ROADSTER/lr_ws/install/cg_msgs/include/cg_msgs/cg_msgs
[2.190s] -- Up-to-date: /root/Lunar_ROADSTER/lr_ws/install/cg_msgs/include/cg_msgs/cg_msgs/msg
[2.191s] -- Up-to-date: /root/Lunar_ROADSTER/lr_ws/install/cg_msgs/include/cg_msgs/cg_msgs/msg/detail
[2.191s] -- Up-to-date: /root/Lunar_ROADSTER/lr_ws/install/cg_msgs/include/cg_msgs/cg_msgs/msg/detail/actuator_command__rosidl_typesupport_introspection_c.h
[2.191s] -- Up-to-date: /root/Lunar_ROADSTER/lr_ws/install/cg_msgs/include/cg_msgs/cg_msgs/msg/detail/actuator_command__type_support.c
[2.192s] -- Up-to-date: /root/Lunar_ROADSTER/lr_ws/install/cg_msgs/include/cg_msgs/cg_msgs/msg/detail/beacon_tag__rosidl_typesupport_introspection_c.h
[2.192s] -- Up-to-date: /root/Lunar_ROADSTER/lr_ws/install/cg_msgs/include/cg_msgs/cg_msgs/msg/detail/beacon_tag__type_support.c
[2.193s] -- Up-to-date: /root/Lunar_ROADSTER/lr_ws/install/cg_msgs/include/cg_msgs/cg_msgs/msg/detail/beacon_multi_tag__rosidl_typesupport_introspection_c.h
[2.193s] -- Up-to-date: /root/Lunar_ROADSTER/lr_ws/install/cg_msgs/include/cg_msgs/cg_msgs/msg/detail/beacon_multi_tag__type_support.c
[2.203s] -- Up-to-date: /root/Lunar_ROADSTER/lr_ws/install/cg_msgs/include/cg_msgs/cg_msgs/msg/detail/encoder_telemetry__rosidl_typesupport_introspection_c.h
[2.203s] -- Up-to-date: /root/Lunar_ROADSTER/lr_ws/install/cg_msgs/include/cg_msgs/cg_msgs/msg/detail/encoder_telemetry__type_support.c
[2.203s] -- Up-to-date: /root/Lunar_ROADSTER/lr_ws/install/cg_msgs/include/cg_msgs/cg_msgs/msg/detail/point2_d__rosidl_typesupport_introspection_c.h
[2.203s] -- Up-to-date: /root/Lunar_ROADSTER/lr_ws/install/cg_msgs/include/cg_msgs/cg_msgs/msg/detail/point2_d__type_support.c
[2.204s] -- Up-to-date: /root/Lunar_ROADSTER/lr_ws/install/cg_msgs/include/cg_msgs/cg_msgs/msg/detail/pose2_d__rosidl_typesupport_introspection_c.h
[2.204s] -- Up-to-date: /root/Lunar_ROADSTER/lr_ws/install/cg_msgs/include/cg_msgs/cg_msgs/msg/detail/pose2_d__type_support.c
[2.204s] -- Up-to-date: /root/Lunar_ROADSTER/lr_ws/install/cg_msgs/include/cg_msgs/cg_msgs/msg/detail/slip__rosidl_typesupport_introspection_c.h
[2.205s] -- Up-to-date: /root/Lunar_ROADSTER/lr_ws/install/cg_msgs/include/cg_msgs/cg_msgs/msg/detail/slip__type_support.c
[2.205s] -- Up-to-date: /root/Lunar_ROADSTER/lr_ws/install/cg_msgs/include/cg_msgs/cg_msgs/msg/detail/mux_mode__rosidl_typesupport_introspection_c.h
[2.205s] -- Up-to-date: /root/Lunar_ROADSTER/lr_ws/install/cg_msgs/include/cg_msgs/cg_msgs/msg/detail/mux_mode__type_support.c
[2.206s] -- Up-to-date: /root/Lunar_ROADSTER/lr_ws/install/cg_msgs/include/cg_msgs/cg_msgs/msg/detail/actuator_state__rosidl_typesupport_introspection_c.h
[2.206s] -- Up-to-date: /root/Lunar_ROADSTER/lr_ws/install/cg_msgs/include/cg_msgs/cg_msgs/msg/detail/actuator_state__type_support.c
[2.206s] -- Up-to-date: /root/Lunar_ROADSTER/lr_ws/install/cg_msgs/include/cg_msgs/cg_msgs/msg/detail/site_map__rosidl_typesupport_introspection_c.h
[2.206s] -- Up-to-date: /root/Lunar_ROADSTER/lr_ws/install/cg_msgs/include/cg_msgs/cg_msgs/msg/detail/site_map__type_support.c
[2.207s] -- Up-to-date: /root/Lunar_ROADSTER/lr_ws/install/cg_msgs/include/cg_msgs/cg_msgs/msg/detail/trajectory__rosidl_typesupport_introspection_c.h
[2.207s] -- Up-to-date: /root/Lunar_ROADSTER/lr_ws/install/cg_msgs/include/cg_msgs/cg_msgs/msg/detail/trajectory__type_support.c
[2.207s] -- Up-to-date: /root/Lunar_ROADSTER/lr_ws/install/cg_msgs/include/cg_msgs/cg_msgs/msg/rosidl_typesupport_introspection_c__visibility_control.h
[2.207s] -- Up-to-date: /root/Lunar_ROADSTER/lr_ws/install/cg_msgs/include/cg_msgs/cg_msgs/srv
[2.208s] -- Up-to-date: /root/Lunar_ROADSTER/lr_ws/install/cg_msgs/include/cg_msgs/cg_msgs/srv/detail
[2.208s] -- Up-to-date: /root/Lunar_ROADSTER/lr_ws/install/cg_msgs/include/cg_msgs/cg_msgs/srv/detail/site_map__rosidl_typesupport_introspection_c.h
[2.210s] -- Up-to-date: /root/Lunar_ROADSTER/lr_ws/install/cg_msgs/include/cg_msgs/cg_msgs/srv/detail/site_map__type_support.c
[2.210s] -- Up-to-date: /root/Lunar_ROADSTER/lr_ws/install/cg_msgs/include/cg_msgs/cg_msgs/srv/detail/update_trajectory__rosidl_typesupport_introspection_c.h
[2.210s] -- Up-to-date: /root/Lunar_ROADSTER/lr_ws/install/cg_msgs/include/cg_msgs/cg_msgs/srv/detail/update_trajectory__type_support.c
[2.211s] -- Up-to-date: /root/Lunar_ROADSTER/lr_ws/install/cg_msgs/include/cg_msgs/cg_msgs/srv/detail/enable_worksystem__rosidl_typesupport_introspection_c.h
[2.211s] -- Up-to-date: /root/Lunar_ROADSTER/lr_ws/install/cg_msgs/include/cg_msgs/cg_msgs/srv/detail/enable_worksystem__type_support.c
[2.211s] -- Up-to-date: /root/Lunar_ROADSTER/lr_ws/install/cg_msgs/include/cg_msgs/cg_msgs/srv/detail/save_map__rosidl_typesupport_introspection_c.h
[2.211s] -- Up-to-date: /root/Lunar_ROADSTER/lr_ws/install/cg_msgs/include/cg_msgs/cg_msgs/srv/detail/save_map__type_support.c
[2.212s] -- Up-to-date: /root/Lunar_ROADSTER/lr_ws/install/cg_msgs/lib/libcg_msgs__rosidl_typesupport_introspection_c.so
[2.212s] -- Up-to-date: /root/Lunar_ROADSTER/lr_ws/install/cg_msgs/lib/libcg_msgs__rosidl_typesupport_c.so
[2.212s] -- Up-to-date: /root/Lunar_ROADSTER/lr_ws/install/cg_msgs/include/cg_msgs/cg_msgs
[2.213s] -- Up-to-date: /root/Lunar_ROADSTER/lr_ws/install/cg_msgs/include/cg_msgs/cg_msgs/msg
[2.213s] -- Up-to-date: /root/Lunar_ROADSTER/lr_ws/install/cg_msgs/include/cg_msgs/cg_msgs/msg/detail
[2.213s] -- Up-to-date: /root/Lunar_ROADSTER/lr_ws/install/cg_msgs/include/cg_msgs/cg_msgs/msg/detail/actuator_command__rosidl_typesupport_introspection_cpp.hpp
[2.214s] -- Up-to-date: /root/Lunar_ROADSTER/lr_ws/install/cg_msgs/include/cg_msgs/cg_msgs/msg/detail/actuator_command__type_support.cpp
[2.214s] -- Up-to-date: /root/Lunar_ROADSTER/lr_ws/install/cg_msgs/include/cg_msgs/cg_msgs/msg/detail/beacon_tag__rosidl_typesupport_introspection_cpp.hpp
[2.214s] -- Up-to-date: /root/Lunar_ROADSTER/lr_ws/install/cg_msgs/include/cg_msgs/cg_msgs/msg/detail/beacon_tag__type_support.cpp
[2.215s] -- Up-to-date: /root/Lunar_ROADSTER/lr_ws/install/cg_msgs/include/cg_msgs/cg_msgs/msg/detail/beacon_multi_tag__rosidl_typesupport_introspection_cpp.hpp
[2.215s] -- Up-to-date: /root/Lunar_ROADSTER/lr_ws/install/cg_msgs/include/cg_msgs/cg_msgs/msg/detail/beacon_multi_tag__type_support.cpp
[2.215s] -- Up-to-date: /root/Lunar_ROADSTER/lr_ws/install/cg_msgs/include/cg_msgs/cg_msgs/msg/detail/encoder_telemetry__rosidl_typesupport_introspection_cpp.hpp
[2.216s] -- Up-to-date: /root/Lunar_ROADSTER/lr_ws/install/cg_msgs/include/cg_msgs/cg_msgs/msg/detail/encoder_telemetry__type_support.cpp
[2.216s] -- Up-to-date: /root/Lunar_ROADSTER/lr_ws/install/cg_msgs/include/cg_msgs/cg_msgs/msg/detail/point2_d__rosidl_typesupport_introspection_cpp.hpp
[2.216s] -- Up-to-date: /root/Lunar_ROADSTER/lr_ws/install/cg_msgs/include/cg_msgs/cg_msgs/msg/detail/point2_d__type_support.cpp
[2.216s] -- Up-to-date: /root/Lunar_ROADSTER/lr_ws/install/cg_msgs/include/cg_msgs/cg_msgs/msg/detail/pose2_d__rosidl_typesupport_introspection_cpp.hpp
[2.217s] -- Up-to-date: /root/Lunar_ROADSTER/lr_ws/install/cg_msgs/include/cg_msgs/cg_msgs/msg/detail/pose2_d__type_support.cpp
[2.217s] -- Up-to-date: /root/Lunar_ROADSTER/lr_ws/install/cg_msgs/include/cg_msgs/cg_msgs/msg/detail/slip__rosidl_typesupport_introspection_cpp.hpp
[2.217s] -- Up-to-date: /root/Lunar_ROADSTER/lr_ws/install/cg_msgs/include/cg_msgs/cg_msgs/msg/detail/slip__type_support.cpp
[2.217s] -- Up-to-date: /root/Lunar_ROADSTER/lr_ws/install/cg_msgs/include/cg_msgs/cg_msgs/msg/detail/mux_mode__rosidl_typesupport_introspection_cpp.hpp
[2.218s] -- Up-to-date: /root/Lunar_ROADSTER/lr_ws/install/cg_msgs/include/cg_msgs/cg_msgs/msg/detail/mux_mode__type_support.cpp
[2.218s] -- Up-to-date: /root/Lunar_ROADSTER/lr_ws/install/cg_msgs/include/cg_msgs/cg_msgs/msg/detail/actuator_state__rosidl_typesupport_introspection_cpp.hpp
[2.219s] -- Up-to-date: /root/Lunar_ROADSTER/lr_ws/install/cg_msgs/include/cg_msgs/cg_msgs/msg/detail/actuator_state__type_support.cpp
[2.220s] -- Up-to-date: /root/Lunar_ROADSTER/lr_ws/install/cg_msgs/include/cg_msgs/cg_msgs/msg/detail/site_map__rosidl_typesupport_introspection_cpp.hpp
[2.220s] -- Up-to-date: /root/Lunar_ROADSTER/lr_ws/install/cg_msgs/include/cg_msgs/cg_msgs/msg/detail/site_map__type_support.cpp
[2.220s] -- Up-to-date: /root/Lunar_ROADSTER/lr_ws/install/cg_msgs/include/cg_msgs/cg_msgs/msg/detail/trajectory__rosidl_typesupport_introspection_cpp.hpp
[2.220s] -- Up-to-date: /root/Lunar_ROADSTER/lr_ws/install/cg_msgs/include/cg_msgs/cg_msgs/msg/detail/trajectory__type_support.cpp
[2.221s] -- Up-to-date: /root/Lunar_ROADSTER/lr_ws/install/cg_msgs/include/cg_msgs/cg_msgs/srv
[2.221s] -- Up-to-date: /root/Lunar_ROADSTER/lr_ws/install/cg_msgs/include/cg_msgs/cg_msgs/srv/detail
[2.221s] -- Up-to-date: /root/Lunar_ROADSTER/lr_ws/install/cg_msgs/include/cg_msgs/cg_msgs/srv/detail/site_map__rosidl_typesupport_introspection_cpp.hpp
[2.222s] -- Up-to-date: /root/Lunar_ROADSTER/lr_ws/install/cg_msgs/include/cg_msgs/cg_msgs/srv/detail/site_map__type_support.cpp
[2.222s] -- Up-to-date: /root/Lunar_ROADSTER/lr_ws/install/cg_msgs/include/cg_msgs/cg_msgs/srv/detail/update_trajectory__rosidl_typesupport_introspection_cpp.hpp
[2.222s] -- Up-to-date: /root/Lunar_ROADSTER/lr_ws/install/cg_msgs/include/cg_msgs/cg_msgs/srv/detail/update_trajectory__type_support.cpp
[2.222s] -- Up-to-date: /root/Lunar_ROADSTER/lr_ws/install/cg_msgs/include/cg_msgs/cg_msgs/srv/detail/enable_worksystem__rosidl_typesupport_introspection_cpp.hpp
[2.223s] -- Up-to-date: /root/Lunar_ROADSTER/lr_ws/install/cg_msgs/include/cg_msgs/cg_msgs/srv/detail/enable_worksystem__type_support.cpp
[2.223s] -- Up-to-date: /root/Lunar_ROADSTER/lr_ws/install/cg_msgs/include/cg_msgs/cg_msgs/srv/detail/save_map__rosidl_typesupport_introspection_cpp.hpp
[2.223s] -- Up-to-date: /root/Lunar_ROADSTER/lr_ws/install/cg_msgs/include/cg_msgs/cg_msgs/srv/detail/save_map__type_support.cpp
[2.223s] -- Up-to-date: /root/Lunar_ROADSTER/lr_ws/install/cg_msgs/lib/libcg_msgs__rosidl_typesupport_introspection_cpp.so
[2.224s] -- Up-to-date: /root/Lunar_ROADSTER/lr_ws/install/cg_msgs/lib/libcg_msgs__rosidl_typesupport_cpp.so
[2.224s] -- Up-to-date: /root/Lunar_ROADSTER/lr_ws/install/cg_msgs/share/cg_msgs/environment/pythonpath.sh
[2.224s] -- Up-to-date: /root/Lunar_ROADSTER/lr_ws/install/cg_msgs/share/cg_msgs/environment/pythonpath.dsv
[2.224s] -- Up-to-date: /root/Lunar_ROADSTER/lr_ws/install/cg_msgs/local/lib/python3.10/dist-packages/cg_msgs-0.0.0-py3.10.egg-info
[2.225s] -- Installing: /root/Lunar_ROADSTER/lr_ws/install/cg_msgs/local/lib/python3.10/dist-packages/cg_msgs-0.0.0-py3.10.egg-info/PKG-INFO
[2.225s] -- Installing: /root/Lunar_ROADSTER/lr_ws/install/cg_msgs/local/lib/python3.10/dist-packages/cg_msgs-0.0.0-py3.10.egg-info/dependency_links.txt
[2.225s] -- Installing: /root/Lunar_ROADSTER/lr_ws/install/cg_msgs/local/lib/python3.10/dist-packages/cg_msgs-0.0.0-py3.10.egg-info/top_level.txt
[2.225s] -- Installing: /root/Lunar_ROADSTER/lr_ws/install/cg_msgs/local/lib/python3.10/dist-packages/cg_msgs-0.0.0-py3.10.egg-info/SOURCES.txt
[2.226s] -- Up-to-date: /root/Lunar_ROADSTER/lr_ws/install/cg_msgs/local/lib/python3.10/dist-packages/cg_msgs
[2.226s] -- Up-to-date: /root/Lunar_ROADSTER/lr_ws/install/cg_msgs/local/lib/python3.10/dist-packages/cg_msgs/__init__.py
[2.227s] -- Up-to-date: /root/Lunar_ROADSTER/lr_ws/install/cg_msgs/local/lib/python3.10/dist-packages/cg_msgs/msg
[2.227s] -- Up-to-date: /root/Lunar_ROADSTER/lr_ws/install/cg_msgs/local/lib/python3.10/dist-packages/cg_msgs/msg/_actuator_command.py
[2.227s] -- Up-to-date: /root/Lunar_ROADSTER/lr_ws/install/cg_msgs/local/lib/python3.10/dist-packages/cg_msgs/msg/_actuator_command_s.c
[2.228s] -- Up-to-date: /root/Lunar_ROADSTER/lr_ws/install/cg_msgs/local/lib/python3.10/dist-packages/cg_msgs/msg/_beacon_tag.py
[2.228s] -- Up-to-date: /root/Lunar_ROADSTER/lr_ws/install/cg_msgs/local/lib/python3.10/dist-packages/cg_msgs/msg/_beacon_tag_s.c
[2.228s] -- Up-to-date: /root/Lunar_ROADSTER/lr_ws/install/cg_msgs/local/lib/python3.10/dist-packages/cg_msgs/msg/_beacon_multi_tag.py
[2.228s] -- Up-to-date: /root/Lunar_ROADSTER/lr_ws/install/cg_msgs/local/lib/python3.10/dist-packages/cg_msgs/msg/_beacon_multi_tag_s.c
[2.229s] -- Up-to-date: /root/Lunar_ROADSTER/lr_ws/install/cg_msgs/local/lib/python3.10/dist-packages/cg_msgs/msg/_encoder_telemetry.py
[2.229s] -- Up-to-date: /root/Lunar_ROADSTER/lr_ws/install/cg_msgs/local/lib/python3.10/dist-packages/cg_msgs/msg/_encoder_telemetry_s.c
[2.229s] -- Up-to-date: /root/Lunar_ROADSTER/lr_ws/install/cg_msgs/local/lib/python3.10/dist-packages/cg_msgs/msg/_point2_d.py
[2.230s] -- Up-to-date: /root/Lunar_ROADSTER/lr_ws/install/cg_msgs/local/lib/python3.10/dist-packages/cg_msgs/msg/_point2_d_s.c
[2.230s] -- Up-to-date: /root/Lunar_ROADSTER/lr_ws/install/cg_msgs/local/lib/python3.10/dist-packages/cg_msgs/msg/_pose2_d.py
[2.230s] -- Up-to-date: /root/Lunar_ROADSTER/lr_ws/install/cg_msgs/local/lib/python3.10/dist-packages/cg_msgs/msg/_pose2_d_s.c
[2.230s] -- Up-to-date: /root/Lunar_ROADSTER/lr_ws/install/cg_msgs/local/lib/python3.10/dist-packages/cg_msgs/msg/_slip.py
[2.231s] -- Up-to-date: /root/Lunar_ROADSTER/lr_ws/install/cg_msgs/local/lib/python3.10/dist-packages/cg_msgs/msg/_slip_s.c
[2.231s] -- Up-to-date: /root/Lunar_ROADSTER/lr_ws/install/cg_msgs/local/lib/python3.10/dist-packages/cg_msgs/msg/_mux_mode.py
[2.231s] -- Up-to-date: /root/Lunar_ROADSTER/lr_ws/install/cg_msgs/local/lib/python3.10/dist-packages/cg_msgs/msg/_mux_mode_s.c
[2.231s] -- Up-to-date: /root/Lunar_ROADSTER/lr_ws/install/cg_msgs/local/lib/python3.10/dist-packages/cg_msgs/msg/_actuator_state.py
[2.232s] -- Up-to-date: /root/Lunar_ROADSTER/lr_ws/install/cg_msgs/local/lib/python3.10/dist-packages/cg_msgs/msg/_actuator_state_s.c
[2.232s] -- Up-to-date: /root/Lunar_ROADSTER/lr_ws/install/cg_msgs/local/lib/python3.10/dist-packages/cg_msgs/msg/_site_map.py
[2.232s] -- Up-to-date: /root/Lunar_ROADSTER/lr_ws/install/cg_msgs/local/lib/python3.10/dist-packages/cg_msgs/msg/_site_map_s.c
[2.232s] -- Up-to-date: /root/Lunar_ROADSTER/lr_ws/install/cg_msgs/local/lib/python3.10/dist-packages/cg_msgs/msg/_trajectory.py
[2.233s] -- Up-to-date: /root/Lunar_ROADSTER/lr_ws/install/cg_msgs/local/lib/python3.10/dist-packages/cg_msgs/msg/_trajectory_s.c
[2.233s] -- Up-to-date: /root/Lunar_ROADSTER/lr_ws/install/cg_msgs/local/lib/python3.10/dist-packages/cg_msgs/msg/__init__.py
[2.233s] -- Up-to-date: /root/Lunar_ROADSTER/lr_ws/install/cg_msgs/local/lib/python3.10/dist-packages/cg_msgs/srv
[2.234s] -- Up-to-date: /root/Lunar_ROADSTER/lr_ws/install/cg_msgs/local/lib/python3.10/dist-packages/cg_msgs/srv/_site_map.py
[2.234s] -- Up-to-date: /root/Lunar_ROADSTER/lr_ws/install/cg_msgs/local/lib/python3.10/dist-packages/cg_msgs/srv/_site_map_s.c
[2.234s] -- Up-to-date: /root/Lunar_ROADSTER/lr_ws/install/cg_msgs/local/lib/python3.10/dist-packages/cg_msgs/srv/_update_trajectory.py
[2.234s] -- Up-to-date: /root/Lunar_ROADSTER/lr_ws/install/cg_msgs/local/lib/python3.10/dist-packages/cg_msgs/srv/_update_trajectory_s.c
[2.235s] -- Up-to-date: /root/Lunar_ROADSTER/lr_ws/install/cg_msgs/local/lib/python3.10/dist-packages/cg_msgs/srv/_enable_worksystem.py
[2.235s] -- Up-to-date: /root/Lunar_ROADSTER/lr_ws/install/cg_msgs/local/lib/python3.10/dist-packages/cg_msgs/srv/_enable_worksystem_s.c
[2.235s] -- Up-to-date: /root/Lunar_ROADSTER/lr_ws/install/cg_msgs/local/lib/python3.10/dist-packages/cg_msgs/srv/_save_map.py
[2.236s] -- Up-to-date: /root/Lunar_ROADSTER/lr_ws/install/cg_msgs/local/lib/python3.10/dist-packages/cg_msgs/srv/_save_map_s.c
[2.236s] -- Up-to-date: /root/Lunar_ROADSTER/lr_ws/install/cg_msgs/local/lib/python3.10/dist-packages/cg_msgs/srv/__init__.py
[2.236s] -- Up-to-date: /root/Lunar_ROADSTER/lr_ws/install/cg_msgs/local/lib/python3.10/dist-packages/cg_msgs/_cg_msgs_s.ep.rosidl_typesupport_fastrtps_c.c
[2.236s] -- Up-to-date: /root/Lunar_ROADSTER/lr_ws/install/cg_msgs/local/lib/python3.10/dist-packages/cg_msgs/_cg_msgs_s.ep.rosidl_typesupport_introspection_c.c
[2.237s] -- Up-to-date: /root/Lunar_ROADSTER/lr_ws/install/cg_msgs/local/lib/python3.10/dist-packages/cg_msgs/_cg_msgs_s.ep.rosidl_typesupport_c.c
[2.237s] -- Up-to-date: /root/Lunar_ROADSTER/lr_ws/install/cg_msgs/local/lib/python3.10/dist-packages/cg_msgs/libcg_msgs__rosidl_generator_py.so
[2.237s] -- Up-to-date: /root/Lunar_ROADSTER/lr_ws/install/cg_msgs/local/lib/python3.10/dist-packages/cg_msgs/cg_msgs_s__rosidl_typesupport_fastrtps_c.cpython-310-aarch64-linux-gnu.so
[2.238s] -- Up-to-date: /root/Lunar_ROADSTER/lr_ws/install/cg_msgs/local/lib/python3.10/dist-packages/cg_msgs/cg_msgs_s__rosidl_typesupport_c.cpython-310-aarch64-linux-gnu.so
[2.238s] -- Up-to-date: /root/Lunar_ROADSTER/lr_ws/install/cg_msgs/local/lib/python3.10/dist-packages/cg_msgs/cg_msgs_s__rosidl_typesupport_introspection_c.cpython-310-aarch64-linux-gnu.so
[2.304s] Listing '/root/Lunar_ROADSTER/lr_ws/install/cg_msgs/local/lib/python3.10/dist-packages/cg_msgs'...
[2.304s] Listing '/root/Lunar_ROADSTER/lr_ws/install/cg_msgs/local/lib/python3.10/dist-packages/cg_msgs/msg'...
[2.304s] Listing '/root/Lunar_ROADSTER/lr_ws/install/cg_msgs/local/lib/python3.10/dist-packages/cg_msgs/srv'...
[2.316s] -- Up-to-date: /root/Lunar_ROADSTER/lr_ws/install/cg_msgs/local/lib/python3.10/dist-packages/cg_msgs/cg_msgs_s__rosidl_typesupport_fastrtps_c.cpython-310-aarch64-linux-gnu.so
[2.320s] -- Up-to-date: /root/Lunar_ROADSTER/lr_ws/install/cg_msgs/local/lib/python3.10/dist-packages/cg_msgs/cg_msgs_s__rosidl_typesupport_introspection_c.cpython-310-aarch64-linux-gnu.so
[2.321s] -- Up-to-date: /root/Lunar_ROADSTER/lr_ws/install/cg_msgs/local/lib/python3.10/dist-packages/cg_msgs/cg_msgs_s__rosidl_typesupport_c.cpython-310-aarch64-linux-gnu.so
[2.323s] -- Up-to-date: /root/Lunar_ROADSTER/lr_ws/install/cg_msgs/lib/libcg_msgs__rosidl_generator_py.so
[2.324s] -- Up-to-date: /root/Lunar_ROADSTER/lr_ws/install/cg_msgs/share/cg_msgs/msg/ActuatorCommand.idl
[2.325s] -- Up-to-date: /root/Lunar_ROADSTER/lr_ws/install/cg_msgs/share/cg_msgs/msg/BeaconTag.idl
[2.326s] -- Up-to-date: /root/Lunar_ROADSTER/lr_ws/install/cg_msgs/share/cg_msgs/msg/BeaconMultiTag.idl
[2.326s] -- Up-to-date: /root/Lunar_ROADSTER/lr_ws/install/cg_msgs/share/cg_msgs/msg/EncoderTelemetry.idl
[2.328s] -- Up-to-date: /root/Lunar_ROADSTER/lr_ws/install/cg_msgs/share/cg_msgs/msg/Point2D.idl
[2.330s] -- Up-to-date: /root/Lunar_ROADSTER/lr_ws/install/cg_msgs/share/cg_msgs/msg/Pose2D.idl
[2.330s] -- Up-to-date: /root/Lunar_ROADSTER/lr_ws/install/cg_msgs/share/cg_msgs/msg/Slip.idl
[2.331s] -- Up-to-date: /root/Lunar_ROADSTER/lr_ws/install/cg_msgs/share/cg_msgs/msg/MuxMode.idl
[2.332s] -- Up-to-date: /root/Lunar_ROADSTER/lr_ws/install/cg_msgs/share/cg_msgs/msg/ActuatorState.idl
[2.333s] -- Up-to-date: /root/Lunar_ROADSTER/lr_ws/install/cg_msgs/share/cg_msgs/msg/SiteMap.idl
[2.335s] -- Up-to-date: /root/Lunar_ROADSTER/lr_ws/install/cg_msgs/share/cg_msgs/msg/Trajectory.idl
[2.336s] -- Up-to-date: /root/Lunar_ROADSTER/lr_ws/install/cg_msgs/share/cg_msgs/srv/SiteMap.idl
[2.336s] -- Up-to-date: /root/Lunar_ROADSTER/lr_ws/install/cg_msgs/share/cg_msgs/srv/UpdateTrajectory.idl
[2.337s] -- Up-to-date: /root/Lunar_ROADSTER/lr_ws/install/cg_msgs/share/cg_msgs/srv/EnableWorksystem.idl
[2.340s] -- Up-to-date: /root/Lunar_ROADSTER/lr_ws/install/cg_msgs/share/cg_msgs/srv/SaveMap.idl
[2.341s] -- Up-to-date: /root/Lunar_ROADSTER/lr_ws/install/cg_msgs/share/cg_msgs/srv/SiteMap.srv
[2.341s] -- Up-to-date: /root/Lunar_ROADSTER/lr_ws/install/cg_msgs/share/cg_msgs/srv/SiteMap_Request.msg
[2.342s] -- Up-to-date: /root/Lunar_ROADSTER/lr_ws/install/cg_msgs/share/cg_msgs/srv/SiteMap_Response.msg
[2.342s] -- Up-to-date: /root/Lunar_ROADSTER/lr_ws/install/cg_msgs/share/cg_msgs/srv/UpdateTrajectory.srv
[2.342s] -- Up-to-date: /root/Lunar_ROADSTER/lr_ws/install/cg_msgs/share/cg_msgs/srv/UpdateTrajectory_Request.msg
[2.342s] -- Up-to-date: /root/Lunar_ROADSTER/lr_ws/install/cg_msgs/share/cg_msgs/srv/UpdateTrajectory_Response.msg
[2.344s] -- Up-to-date: /root/Lunar_ROADSTER/lr_ws/install/cg_msgs/share/cg_msgs/srv/EnableWorksystem.srv
[2.344s] -- Up-to-date: /root/Lunar_ROADSTER/lr_ws/install/cg_msgs/share/cg_msgs/srv/EnableWorksystem_Request.msg
[2.344s] -- Up-to-date: /root/Lunar_ROADSTER/lr_ws/install/cg_msgs/share/cg_msgs/srv/EnableWorksystem_Response.msg
[2.345s] -- Up-to-date: /root/Lunar_ROADSTER/lr_ws/install/cg_msgs/share/cg_msgs/srv/SaveMap.srv
[2.345s] -- Up-to-date: /root/Lunar_ROADSTER/lr_ws/install/cg_msgs/share/cg_msgs/srv/SaveMap_Request.msg
[2.345s] -- Up-to-date: /root/Lunar_ROADSTER/lr_ws/install/cg_msgs/share/cg_msgs/srv/SaveMap_Response.msg
[2.346s] -- Up-to-date: /root/Lunar_ROADSTER/lr_ws/install/cg_msgs/share/ament_index/resource_index/package_run_dependencies/cg_msgs
[2.346s] -- Up-to-date: /root/Lunar_ROADSTER/lr_ws/install/cg_msgs/share/ament_index/resource_index/parent_prefix_path/cg_msgs
[2.348s] -- Up-to-date: /root/Lunar_ROADSTER/lr_ws/install/cg_msgs/share/cg_msgs/environment/ament_prefix_path.sh
[2.350s] -- Up-to-date: /root/Lunar_ROADSTER/lr_ws/install/cg_msgs/share/cg_msgs/environment/ament_prefix_path.dsv
[2.351s] -- Up-to-date: /root/Lunar_ROADSTER/lr_ws/install/cg_msgs/share/cg_msgs/environment/path.sh
[2.352s] -- Up-to-date: /root/Lunar_ROADSTER/lr_ws/install/cg_msgs/share/cg_msgs/environment/path.dsv
[2.352s] -- Up-to-date: /root/Lunar_ROADSTER/lr_ws/install/cg_msgs/share/cg_msgs/local_setup.bash
[2.353s] -- Up-to-date: /root/Lunar_ROADSTER/lr_ws/install/cg_msgs/share/cg_msgs/local_setup.sh
[2.353s] -- Up-to-date: /root/Lunar_ROADSTER/lr_ws/install/cg_msgs/share/cg_msgs/local_setup.zsh
[2.353s] -- Up-to-date: /root/Lunar_ROADSTER/lr_ws/install/cg_msgs/share/cg_msgs/local_setup.dsv
[2.354s] -- Installing: /root/Lunar_ROADSTER/lr_ws/install/cg_msgs/share/cg_msgs/package.dsv
[2.355s] -- Up-to-date: /root/Lunar_ROADSTER/lr_ws/install/cg_msgs/share/ament_index/resource_index/packages/cg_msgs
[2.356s] -- Up-to-date: /root/Lunar_ROADSTER/lr_ws/install/cg_msgs/share/cg_msgs/cmake/export_cg_msgs__rosidl_generator_cExport.cmake
[2.356s] -- Up-to-date: /root/Lunar_ROADSTER/lr_ws/install/cg_msgs/share/cg_msgs/cmake/export_cg_msgs__rosidl_generator_cExport-noconfig.cmake
[2.357s] -- Up-to-date: /root/Lunar_ROADSTER/lr_ws/install/cg_msgs/share/cg_msgs/cmake/export_cg_msgs__rosidl_typesupport_fastrtps_cExport.cmake
[2.357s] -- Up-to-date: /root/Lunar_ROADSTER/lr_ws/install/cg_msgs/share/cg_msgs/cmake/export_cg_msgs__rosidl_typesupport_fastrtps_cExport-noconfig.cmake
[2.358s] -- Up-to-date: /root/Lunar_ROADSTER/lr_ws/install/cg_msgs/share/cg_msgs/cmake/export_cg_msgs__rosidl_generator_cppExport.cmake
[2.358s] -- Up-to-date: /root/Lunar_ROADSTER/lr_ws/install/cg_msgs/share/cg_msgs/cmake/export_cg_msgs__rosidl_typesupport_fastrtps_cppExport.cmake
[2.359s] -- Up-to-date: /root/Lunar_ROADSTER/lr_ws/install/cg_msgs/share/cg_msgs/cmake/export_cg_msgs__rosidl_typesupport_fastrtps_cppExport-noconfig.cmake
[2.359s] -- Up-to-date: /root/Lunar_ROADSTER/lr_ws/install/cg_msgs/share/cg_msgs/cmake/cg_msgs__rosidl_typesupport_introspection_cExport.cmake
[2.359s] -- Up-to-date: /root/Lunar_ROADSTER/lr_ws/install/cg_msgs/share/cg_msgs/cmake/cg_msgs__rosidl_typesupport_introspection_cExport-noconfig.cmake
[2.360s] -- Up-to-date: /root/Lunar_ROADSTER/lr_ws/install/cg_msgs/share/cg_msgs/cmake/cg_msgs__rosidl_typesupport_cExport.cmake
[2.360s] -- Up-to-date: /root/Lunar_ROADSTER/lr_ws/install/cg_msgs/share/cg_msgs/cmake/cg_msgs__rosidl_typesupport_cExport-noconfig.cmake
[2.361s] -- Up-to-date: /root/Lunar_ROADSTER/lr_ws/install/cg_msgs/share/cg_msgs/cmake/cg_msgs__rosidl_typesupport_introspection_cppExport.cmake
[2.361s] -- Up-to-date: /root/Lunar_ROADSTER/lr_ws/install/cg_msgs/share/cg_msgs/cmake/cg_msgs__rosidl_typesupport_introspection_cppExport-noconfig.cmake
[2.362s] -- Up-to-date: /root/Lunar_ROADSTER/lr_ws/install/cg_msgs/share/cg_msgs/cmake/cg_msgs__rosidl_typesupport_cppExport.cmake
[2.362s] -- Up-to-date: /root/Lunar_ROADSTER/lr_ws/install/cg_msgs/share/cg_msgs/cmake/cg_msgs__rosidl_typesupport_cppExport-noconfig.cmake
[2.362s] -- Up-to-date: /root/Lunar_ROADSTER/lr_ws/install/cg_msgs/share/cg_msgs/cmake/export_cg_msgs__rosidl_generator_pyExport.cmake
[2.363s] -- Up-to-date: /root/Lunar_ROADSTER/lr_ws/install/cg_msgs/share/cg_msgs/cmake/export_cg_msgs__rosidl_generator_pyExport-noconfig.cmake
[2.363s] -- Up-to-date: /root/Lunar_ROADSTER/lr_ws/install/cg_msgs/share/cg_msgs/cmake/rosidl_cmake-extras.cmake
[2.364s] -- Up-to-date: /root/Lunar_ROADSTER/lr_ws/install/cg_msgs/share/cg_msgs/cmake/ament_cmake_export_dependencies-extras.cmake
[2.364s] -- Up-to-date: /root/Lunar_ROADSTER/lr_ws/install/cg_msgs/share/cg_msgs/cmake/ament_cmake_export_include_directories-extras.cmake
[2.365s] -- Up-to-date: /root/Lunar_ROADSTER/lr_ws/install/cg_msgs/share/cg_msgs/cmake/ament_cmake_export_libraries-extras.cmake
[2.365s] -- Up-to-date: /root/Lunar_ROADSTER/lr_ws/install/cg_msgs/share/cg_msgs/cmake/ament_cmake_export_targets-extras.cmake
[2.366s] -- Up-to-date: /root/Lunar_ROADSTER/lr_ws/install/cg_msgs/share/cg_msgs/cmake/rosidl_cmake_export_typesupport_targets-extras.cmake
[2.366s] -- Up-to-date: /root/Lunar_ROADSTER/lr_ws/install/cg_msgs/share/cg_msgs/cmake/rosidl_cmake_export_typesupport_libraries-extras.cmake
[2.367s] -- Up-to-date: /root/Lunar_ROADSTER/lr_ws/install/cg_msgs/share/cg_msgs/cmake/cg_msgsConfig.cmake
[2.367s] -- Up-to-date: /root/Lunar_ROADSTER/lr_ws/install/cg_msgs/share/cg_msgs/cmake/cg_msgsConfig-version.cmake
[2.368s] -- Up-to-date: /root/Lunar_ROADSTER/lr_ws/install/cg_msgs/share/cg_msgs/package.xml
[2.495s] Invoked command in '/root/Lunar_ROADSTER/lr_ws/build/cg_msgs' returned '0': CMAKE_PREFIX_PATH=${CMAKE_PREFIX_PATH}:/opt/ros/humble /usr/local/bin/cmake --install /root/Lunar_ROADSTER/lr_ws/build/cg_msgs
