[0.203s] Invoking command in '/root/Lunar_ROADSTER/lr_ws/build/realsense2_camera_msgs': CMAKE_PREFIX_PATH=/opt/ros/humble /usr/local/bin/cmake --build /root/Lunar_ROADSTER/lr_ws/build/realsense2_camera_msgs -- -j4 -l4
[1.329s] [  1%] Built target realsense2_camera_msgs__cpp
[2.630s] [  1%] Built target ament_cmake_python_copy_realsense2_camera_msgs
[5.213s] [ 12%] Built target realsense2_camera_msgs__rosidl_typesupport_fastrtps_cpp
[5.476s] [ 23%] Built target realsense2_camera_msgs__rosidl_typesupport_introspection_cpp
[6.972s] running egg_info
[6.975s] writing realsense2_camera_msgs.egg-info/PKG-INFO
[6.977s] writing dependency_links to realsense2_camera_msgs.egg-info/dependency_links.txt
[6.981s] writing top-level names to realsense2_camera_msgs.egg-info/top_level.txt
[6.997s] reading manifest file 'realsense2_camera_msgs.egg-info/SOURCES.txt'
[7.096s] writing manifest file 'realsense2_camera_msgs.egg-info/SOURCES.txt'
[7.338s] [ 23%] Built target ament_cmake_python_build_realsense2_camera_msgs_egg
[7.619s] [ 34%] Built target realsense2_camera_msgs__rosidl_typesupport_cpp
[8.100s] [ 46%] Built target realsense2_camera_msgs__rosidl_generator_c
[8.444s] [ 57%] Built target realsense2_camera_msgs__rosidl_typesupport_fastrtps_c
[8.821s] [ 68%] Built target realsense2_camera_msgs__rosidl_typesupport_c
[9.202s] [ 79%] Built target realsense2_camera_msgs__rosidl_typesupport_introspection_c
[9.556s] [ 79%] Built target realsense2_camera_msgs
[9.889s] [ 80%] Built target realsense2_camera_msgs__py
[10.247s] [ 90%] Built target realsense2_camera_msgs__rosidl_generator_py
[10.598s] [ 93%] Built target realsense2_camera_msgs__rosidl_typesupport_fastrtps_c__pyext
[10.968s] [ 96%] Built target realsense2_camera_msgs__rosidl_typesupport_c__pyext
[11.334s] [100%] Built target realsense2_camera_msgs__rosidl_typesupport_introspection_c__pyext
