-- Found ament_cmake_auto: 1.3.11 (/opt/ros/humble/share/ament_cmake_auto/cmake)
-- Using all available rosidl_typesupport_c: rosidl_typesupport_fastrtps_c;rosidl_typesupport_introspection_c
-- Found rosidl_adapter: 3.1.6 (/opt/ros/humble/share/rosidl_adapter/cmake)
-- Using all available rosidl_typesupport_cpp: rosidl_typesupport_fastrtps_cpp;rosidl_typesupport_introspection_cpp
-- Found ament_cmake_cppcheck: 0.12.11 (/opt/ros/humble/share/ament_cmake_cppcheck/cmake)
-- Found ament_cmake_cpplint: 0.12.11 (/opt/ros/humble/share/ament_cmake_cpplint/cmake)
-- Found ament_cmake_uncrustify: 0.12.11 (/opt/ros/humble/share/ament_cmake_uncrustify/cmake)
-- Found ament_cmake_ros: 0.10.0 (/opt/ros/humble/share/ament_cmake_ros/cmake)
-- Using all available rosidl_typesupport_c: rosidl_typesupport_fastrtps_c;rosidl_typesupport_introspection_c
-- Using all available rosidl_typesupport_cpp: rosidl_typesupport_fastrtps_cpp;rosidl_typesupport_introspection_cpp
-- Found python_cmake_module: 0.10.0 (/opt/ros/humble/share/python_cmake_module/cmake)
-- Using PYTHON_EXECUTABLE: /usr/bin/python3
-- Using PYTHON_INCLUDE_DIRS: /usr/include/python3.10
-- Using PYTHON_LIBRARIES: /usr/lib/aarch64-linux-gnu/libpython3.10.so
-- Found ament_cmake_flake8: 0.12.11 (/opt/ros/humble/share/ament_cmake_flake8/cmake)
-- Found ament_cmake_pep257: 0.12.11 (/opt/ros/humble/share/ament_cmake_pep257/cmake)
-- Found ament_lint_auto: 0.12.11 (/opt/ros/humble/share/ament_lint_auto/cmake)
-- Configuring done
-- Generating done
-- Build files have been written to: /root/Lunar_ROADSTER/lr_ws/build/kindr_msgs
[  3%] [34m[1mGenerating C code for ROS interfaces[0m
[  6%] Built target kindr_msgs__cpp
[  6%] Built target ament_cmake_python_copy_kindr_msgs
[  9%] [34m[1mGenerating C++ type support for eProsima Fast-RTPS[0m
[ 12%] [34m[1mGenerating C++ type support dispatch for ROS interfaces[0m
[ 16%] [32mBuilding CXX object CMakeFiles/kindr_msgs__rosidl_typesupport_introspection_cpp.dir/rosidl_typesupport_introspection_cpp/kindr_msgs/msg/detail/vector_at_position__type_support.cpp.o[0m
[ 19%] [32mBuilding CXX object CMakeFiles/kindr_msgs__rosidl_typesupport_cpp.dir/rosidl_typesupport_cpp/kindr_msgs/msg/vector_at_position__type_support.cpp.o[0m
[ 22%] [32mBuilding C object CMakeFiles/kindr_msgs__rosidl_generator_c.dir/rosidl_generator_c/kindr_msgs/msg/detail/vector_at_position__functions.c.o[0m
[ 25%] [32mBuilding CXX object CMakeFiles/kindr_msgs__rosidl_typesupport_fastrtps_cpp.dir/rosidl_typesupport_fastrtps_cpp/kindr_msgs/msg/detail/dds_fastrtps/vector_at_position__type_support.cpp.o[0m
[ 29%] [32m[1mLinking C shared library libkindr_msgs__rosidl_generator_c.so[0m
[ 32%] [32m[1mLinking CXX shared library libkindr_msgs__rosidl_typesupport_introspection_cpp.so[0m
[ 32%] Built target kindr_msgs__rosidl_generator_c
[ 35%] Built target kindr_msgs__rosidl_typesupport_introspection_cpp
[ 38%] [32m[1mLinking CXX shared library libkindr_msgs__rosidl_typesupport_cpp.so[0m
[ 41%] [34m[1mGenerating C type support for eProsima Fast-RTPS[0m
[ 41%] Built target kindr_msgs__rosidl_typesupport_cpp
[ 45%] [34m[1mGenerating C introspection for ROS interfaces[0m
running egg_info
creating kindr_msgs.egg-info
writing kindr_msgs.egg-info/PKG-INFO
writing dependency_links to kindr_msgs.egg-info/dependency_links.txt
writing top-level names to kindr_msgs.egg-info/top_level.txt
writing manifest file 'kindr_msgs.egg-info/SOURCES.txt'
reading manifest file 'kindr_msgs.egg-info/SOURCES.txt'
writing manifest file 'kindr_msgs.egg-info/SOURCES.txt'
[ 48%] [32m[1mLinking CXX shared library libkindr_msgs__rosidl_typesupport_fastrtps_cpp.so[0m
[ 48%] Built target ament_cmake_python_build_kindr_msgs_egg
[ 51%] [34m[1mGenerating C type support dispatch for ROS interfaces[0m
[ 51%] Built target kindr_msgs__rosidl_typesupport_fastrtps_cpp
[ 54%] [32mBuilding CXX object CMakeFiles/kindr_msgs__rosidl_typesupport_fastrtps_c.dir/rosidl_typesupport_fastrtps_c/kindr_msgs/msg/detail/vector_at_position__type_support_c.cpp.o[0m
[ 58%] [32mBuilding C object CMakeFiles/kindr_msgs__rosidl_typesupport_introspection_c.dir/rosidl_typesupport_introspection_c/kindr_msgs/msg/detail/vector_at_position__type_support.c.o[0m
[ 61%] [32m[1mLinking C shared library libkindr_msgs__rosidl_typesupport_introspection_c.so[0m
[ 61%] Built target kindr_msgs__rosidl_typesupport_introspection_c
[ 64%] [32mBuilding CXX object CMakeFiles/kindr_msgs__rosidl_typesupport_c.dir/rosidl_typesupport_c/kindr_msgs/msg/vector_at_position__type_support.cpp.o[0m
[ 67%] [32m[1mLinking CXX shared library libkindr_msgs__rosidl_typesupport_c.so[0m
[ 67%] Built target kindr_msgs__rosidl_typesupport_c
[ 70%] [32m[1mLinking CXX shared library libkindr_msgs__rosidl_typesupport_fastrtps_c.so[0m
[ 70%] Built target kindr_msgs__rosidl_typesupport_fastrtps_c
[ 70%] Built target kindr_msgs
[ 74%] [34m[1mGenerating Python code for ROS interfaces[0m
[ 74%] Built target kindr_msgs__py
[ 77%] [32mBuilding C object CMakeFiles/kindr_msgs__rosidl_generator_py.dir/rosidl_generator_py/kindr_msgs/msg/_vector_at_position_s.c.o[0m
[ 80%] [32m[1mLinking C shared library rosidl_generator_py/kindr_msgs/libkindr_msgs__rosidl_generator_py.so[0m
[ 80%] Built target kindr_msgs__rosidl_generator_py
[ 83%] [32mBuilding C object CMakeFiles/kindr_msgs__rosidl_typesupport_fastrtps_c__pyext.dir/rosidl_generator_py/kindr_msgs/_kindr_msgs_s.ep.rosidl_typesupport_fastrtps_c.c.o[0m
[ 87%] [32mBuilding C object CMakeFiles/kindr_msgs__rosidl_typesupport_introspection_c__pyext.dir/rosidl_generator_py/kindr_msgs/_kindr_msgs_s.ep.rosidl_typesupport_introspection_c.c.o[0m
[ 90%] [32mBuilding C object CMakeFiles/kindr_msgs__rosidl_typesupport_c__pyext.dir/rosidl_generator_py/kindr_msgs/_kindr_msgs_s.ep.rosidl_typesupport_c.c.o[0m
[ 96%] [32m[1mLinking C shared library rosidl_generator_py/kindr_msgs/kindr_msgs_s__rosidl_typesupport_c.cpython-310-aarch64-linux-gnu.so[0m
[ 96%] [32m[1mLinking C shared library rosidl_generator_py/kindr_msgs/kindr_msgs_s__rosidl_typesupport_introspection_c.cpython-310-aarch64-linux-gnu.so[0m
[100%] [32m[1mLinking C shared library rosidl_generator_py/kindr_msgs/kindr_msgs_s__rosidl_typesupport_fastrtps_c.cpython-310-aarch64-linux-gnu.so[0m
[100%] Built target kindr_msgs__rosidl_typesupport_c__pyext
[100%] Built target kindr_msgs__rosidl_typesupport_introspection_c__pyext
[100%] Built target kindr_msgs__rosidl_typesupport_fastrtps_c__pyext
-- Install configuration: ""
-- Installing: /root/Lunar_ROADSTER/lr_ws/install/kindr_msgs/share/ament_index/resource_index/rosidl_interfaces/kindr_msgs
-- Installing: /root/Lunar_ROADSTER/lr_ws/install/kindr_msgs/include/kindr_msgs/kindr_msgs
-- Installing: /root/Lunar_ROADSTER/lr_ws/install/kindr_msgs/include/kindr_msgs/kindr_msgs/msg
-- Installing: /root/Lunar_ROADSTER/lr_ws/install/kindr_msgs/include/kindr_msgs/kindr_msgs/msg/vector_at_position.h
-- Installing: /root/Lunar_ROADSTER/lr_ws/install/kindr_msgs/include/kindr_msgs/kindr_msgs/msg/rosidl_generator_c__visibility_control.h
-- Installing: /root/Lunar_ROADSTER/lr_ws/install/kindr_msgs/include/kindr_msgs/kindr_msgs/msg/detail
-- Installing: /root/Lunar_ROADSTER/lr_ws/install/kindr_msgs/include/kindr_msgs/kindr_msgs/msg/detail/vector_at_position__functions.c
-- Installing: /root/Lunar_ROADSTER/lr_ws/install/kindr_msgs/include/kindr_msgs/kindr_msgs/msg/detail/vector_at_position__functions.h
-- Installing: /root/Lunar_ROADSTER/lr_ws/install/kindr_msgs/include/kindr_msgs/kindr_msgs/msg/detail/vector_at_position__struct.h
-- Installing: /root/Lunar_ROADSTER/lr_ws/install/kindr_msgs/include/kindr_msgs/kindr_msgs/msg/detail/vector_at_position__type_support.h
-- Installing: /root/Lunar_ROADSTER/lr_ws/install/kindr_msgs/share/kindr_msgs/environment/library_path.sh
-- Installing: /root/Lunar_ROADSTER/lr_ws/install/kindr_msgs/share/kindr_msgs/environment/library_path.dsv
-- Installing: /root/Lunar_ROADSTER/lr_ws/install/kindr_msgs/lib/libkindr_msgs__rosidl_generator_c.so
-- Set runtime path of "/root/Lunar_ROADSTER/lr_ws/install/kindr_msgs/lib/libkindr_msgs__rosidl_generator_c.so" to ""
-- Up-to-date: /root/Lunar_ROADSTER/lr_ws/install/kindr_msgs/include/kindr_msgs/kindr_msgs
-- Up-to-date: /root/Lunar_ROADSTER/lr_ws/install/kindr_msgs/include/kindr_msgs/kindr_msgs/msg
-- Up-to-date: /root/Lunar_ROADSTER/lr_ws/install/kindr_msgs/include/kindr_msgs/kindr_msgs/msg/detail
-- Installing: /root/Lunar_ROADSTER/lr_ws/install/kindr_msgs/include/kindr_msgs/kindr_msgs/msg/detail/vector_at_position__rosidl_typesupport_fastrtps_c.h
-- Installing: /root/Lunar_ROADSTER/lr_ws/install/kindr_msgs/include/kindr_msgs/kindr_msgs/msg/rosidl_typesupport_fastrtps_c__visibility_control.h
-- Installing: /root/Lunar_ROADSTER/lr_ws/install/kindr_msgs/lib/libkindr_msgs__rosidl_typesupport_fastrtps_c.so
-- Set runtime path of "/root/Lunar_ROADSTER/lr_ws/install/kindr_msgs/lib/libkindr_msgs__rosidl_typesupport_fastrtps_c.so" to ""
-- Up-to-date: /root/Lunar_ROADSTER/lr_ws/install/kindr_msgs/include/kindr_msgs/kindr_msgs
-- Up-to-date: /root/Lunar_ROADSTER/lr_ws/install/kindr_msgs/include/kindr_msgs/kindr_msgs/msg
-- Up-to-date: /root/Lunar_ROADSTER/lr_ws/install/kindr_msgs/include/kindr_msgs/kindr_msgs/msg/detail
-- Installing: /root/Lunar_ROADSTER/lr_ws/install/kindr_msgs/include/kindr_msgs/kindr_msgs/msg/detail/vector_at_position__rosidl_typesupport_introspection_c.h
-- Installing: /root/Lunar_ROADSTER/lr_ws/install/kindr_msgs/include/kindr_msgs/kindr_msgs/msg/detail/vector_at_position__type_support.c
-- Installing: /root/Lunar_ROADSTER/lr_ws/install/kindr_msgs/include/kindr_msgs/kindr_msgs/msg/rosidl_typesupport_introspection_c__visibility_control.h
-- Installing: /root/Lunar_ROADSTER/lr_ws/install/kindr_msgs/lib/libkindr_msgs__rosidl_typesupport_introspection_c.so
-- Set runtime path of "/root/Lunar_ROADSTER/lr_ws/install/kindr_msgs/lib/libkindr_msgs__rosidl_typesupport_introspection_c.so" to ""
-- Installing: /root/Lunar_ROADSTER/lr_ws/install/kindr_msgs/lib/libkindr_msgs__rosidl_typesupport_c.so
-- Set runtime path of "/root/Lunar_ROADSTER/lr_ws/install/kindr_msgs/lib/libkindr_msgs__rosidl_typesupport_c.so" to ""
-- Up-to-date: /root/Lunar_ROADSTER/lr_ws/install/kindr_msgs/include/kindr_msgs/kindr_msgs
-- Up-to-date: /root/Lunar_ROADSTER/lr_ws/install/kindr_msgs/include/kindr_msgs/kindr_msgs/msg
-- Installing: /root/Lunar_ROADSTER/lr_ws/install/kindr_msgs/include/kindr_msgs/kindr_msgs/msg/vector_at_position.hpp
-- Installing: /root/Lunar_ROADSTER/lr_ws/install/kindr_msgs/include/kindr_msgs/kindr_msgs/msg/rosidl_generator_cpp__visibility_control.hpp
-- Up-to-date: /root/Lunar_ROADSTER/lr_ws/install/kindr_msgs/include/kindr_msgs/kindr_msgs/msg/detail
-- Installing: /root/Lunar_ROADSTER/lr_ws/install/kindr_msgs/include/kindr_msgs/kindr_msgs/msg/detail/vector_at_position__builder.hpp
-- Installing: /root/Lunar_ROADSTER/lr_ws/install/kindr_msgs/include/kindr_msgs/kindr_msgs/msg/detail/vector_at_position__struct.hpp
-- Installing: /root/Lunar_ROADSTER/lr_ws/install/kindr_msgs/include/kindr_msgs/kindr_msgs/msg/detail/vector_at_position__traits.hpp
-- Installing: /root/Lunar_ROADSTER/lr_ws/install/kindr_msgs/include/kindr_msgs/kindr_msgs/msg/detail/vector_at_position__type_support.hpp
-- Up-to-date: /root/Lunar_ROADSTER/lr_ws/install/kindr_msgs/include/kindr_msgs/kindr_msgs
-- Up-to-date: /root/Lunar_ROADSTER/lr_ws/install/kindr_msgs/include/kindr_msgs/kindr_msgs/msg
-- Up-to-date: /root/Lunar_ROADSTER/lr_ws/install/kindr_msgs/include/kindr_msgs/kindr_msgs/msg/detail
-- Installing: /root/Lunar_ROADSTER/lr_ws/install/kindr_msgs/include/kindr_msgs/kindr_msgs/msg/detail/vector_at_position__rosidl_typesupport_fastrtps_cpp.hpp
-- Installing: /root/Lunar_ROADSTER/lr_ws/install/kindr_msgs/include/kindr_msgs/kindr_msgs/msg/detail/dds_fastrtps
-- Installing: /root/Lunar_ROADSTER/lr_ws/install/kindr_msgs/include/kindr_msgs/kindr_msgs/msg/rosidl_typesupport_fastrtps_cpp__visibility_control.h
-- Installing: /root/Lunar_ROADSTER/lr_ws/install/kindr_msgs/lib/libkindr_msgs__rosidl_typesupport_fastrtps_cpp.so
-- Set runtime path of "/root/Lunar_ROADSTER/lr_ws/install/kindr_msgs/lib/libkindr_msgs__rosidl_typesupport_fastrtps_cpp.so" to ""
-- Up-to-date: /root/Lunar_ROADSTER/lr_ws/install/kindr_msgs/include/kindr_msgs/kindr_msgs
-- Up-to-date: /root/Lunar_ROADSTER/lr_ws/install/kindr_msgs/include/kindr_msgs/kindr_msgs/msg
-- Up-to-date: /root/Lunar_ROADSTER/lr_ws/install/kindr_msgs/include/kindr_msgs/kindr_msgs/msg/detail
-- Installing: /root/Lunar_ROADSTER/lr_ws/install/kindr_msgs/include/kindr_msgs/kindr_msgs/msg/detail/vector_at_position__rosidl_typesupport_introspection_cpp.hpp
-- Installing: /root/Lunar_ROADSTER/lr_ws/install/kindr_msgs/include/kindr_msgs/kindr_msgs/msg/detail/vector_at_position__type_support.cpp
-- Installing: /root/Lunar_ROADSTER/lr_ws/install/kindr_msgs/lib/libkindr_msgs__rosidl_typesupport_introspection_cpp.so
-- Set runtime path of "/root/Lunar_ROADSTER/lr_ws/install/kindr_msgs/lib/libkindr_msgs__rosidl_typesupport_introspection_cpp.so" to ""
-- Installing: /root/Lunar_ROADSTER/lr_ws/install/kindr_msgs/lib/libkindr_msgs__rosidl_typesupport_cpp.so
-- Set runtime path of "/root/Lunar_ROADSTER/lr_ws/install/kindr_msgs/lib/libkindr_msgs__rosidl_typesupport_cpp.so" to ""
-- Installing: /root/Lunar_ROADSTER/lr_ws/install/kindr_msgs/share/kindr_msgs/environment/pythonpath.sh
-- Installing: /root/Lunar_ROADSTER/lr_ws/install/kindr_msgs/share/kindr_msgs/environment/pythonpath.dsv
-- Installing: /root/Lunar_ROADSTER/lr_ws/install/kindr_msgs/local/lib/python3.10/dist-packages/kindr_msgs-0.3.4-py3.10.egg-info
-- Installing: /root/Lunar_ROADSTER/lr_ws/install/kindr_msgs/local/lib/python3.10/dist-packages/kindr_msgs-0.3.4-py3.10.egg-info/PKG-INFO
-- Installing: /root/Lunar_ROADSTER/lr_ws/install/kindr_msgs/local/lib/python3.10/dist-packages/kindr_msgs-0.3.4-py3.10.egg-info/dependency_links.txt
-- Installing: /root/Lunar_ROADSTER/lr_ws/install/kindr_msgs/local/lib/python3.10/dist-packages/kindr_msgs-0.3.4-py3.10.egg-info/top_level.txt
-- Installing: /root/Lunar_ROADSTER/lr_ws/install/kindr_msgs/local/lib/python3.10/dist-packages/kindr_msgs-0.3.4-py3.10.egg-info/SOURCES.txt
-- Installing: /root/Lunar_ROADSTER/lr_ws/install/kindr_msgs/local/lib/python3.10/dist-packages/kindr_msgs
-- Installing: /root/Lunar_ROADSTER/lr_ws/install/kindr_msgs/local/lib/python3.10/dist-packages/kindr_msgs/__init__.py
-- Installing: /root/Lunar_ROADSTER/lr_ws/install/kindr_msgs/local/lib/python3.10/dist-packages/kindr_msgs/msg
-- Installing: /root/Lunar_ROADSTER/lr_ws/install/kindr_msgs/local/lib/python3.10/dist-packages/kindr_msgs/msg/_vector_at_position.py
-- Installing: /root/Lunar_ROADSTER/lr_ws/install/kindr_msgs/local/lib/python3.10/dist-packages/kindr_msgs/msg/_vector_at_position_s.c
-- Installing: /root/Lunar_ROADSTER/lr_ws/install/kindr_msgs/local/lib/python3.10/dist-packages/kindr_msgs/msg/__init__.py
-- Installing: /root/Lunar_ROADSTER/lr_ws/install/kindr_msgs/local/lib/python3.10/dist-packages/kindr_msgs/_kindr_msgs_s.ep.rosidl_typesupport_fastrtps_c.c
-- Installing: /root/Lunar_ROADSTER/lr_ws/install/kindr_msgs/local/lib/python3.10/dist-packages/kindr_msgs/_kindr_msgs_s.ep.rosidl_typesupport_introspection_c.c
-- Installing: /root/Lunar_ROADSTER/lr_ws/install/kindr_msgs/local/lib/python3.10/dist-packages/kindr_msgs/_kindr_msgs_s.ep.rosidl_typesupport_c.c
-- Installing: /root/Lunar_ROADSTER/lr_ws/install/kindr_msgs/local/lib/python3.10/dist-packages/kindr_msgs/libkindr_msgs__rosidl_generator_py.so
-- Installing: /root/Lunar_ROADSTER/lr_ws/install/kindr_msgs/local/lib/python3.10/dist-packages/kindr_msgs/kindr_msgs_s__rosidl_typesupport_introspection_c.cpython-310-aarch64-linux-gnu.so
-- Installing: /root/Lunar_ROADSTER/lr_ws/install/kindr_msgs/local/lib/python3.10/dist-packages/kindr_msgs/kindr_msgs_s__rosidl_typesupport_c.cpython-310-aarch64-linux-gnu.so
-- Installing: /root/Lunar_ROADSTER/lr_ws/install/kindr_msgs/local/lib/python3.10/dist-packages/kindr_msgs/kindr_msgs_s__rosidl_typesupport_fastrtps_c.cpython-310-aarch64-linux-gnu.so
Listing '/root/Lunar_ROADSTER/lr_ws/install/kindr_msgs/local/lib/python3.10/dist-packages/kindr_msgs'...
Compiling '/root/Lunar_ROADSTER/lr_ws/install/kindr_msgs/local/lib/python3.10/dist-packages/kindr_msgs/__init__.py'...
Listing '/root/Lunar_ROADSTER/lr_ws/install/kindr_msgs/local/lib/python3.10/dist-packages/kindr_msgs/msg'...
Compiling '/root/Lunar_ROADSTER/lr_ws/install/kindr_msgs/local/lib/python3.10/dist-packages/kindr_msgs/msg/__init__.py'...
Compiling '/root/Lunar_ROADSTER/lr_ws/install/kindr_msgs/local/lib/python3.10/dist-packages/kindr_msgs/msg/_vector_at_position.py'...
-- Installing: /root/Lunar_ROADSTER/lr_ws/install/kindr_msgs/local/lib/python3.10/dist-packages/kindr_msgs/kindr_msgs_s__rosidl_typesupport_fastrtps_c.cpython-310-aarch64-linux-gnu.so
-- Set runtime path of "/root/Lunar_ROADSTER/lr_ws/install/kindr_msgs/local/lib/python3.10/dist-packages/kindr_msgs/kindr_msgs_s__rosidl_typesupport_fastrtps_c.cpython-310-aarch64-linux-gnu.so" to ""
-- Installing: /root/Lunar_ROADSTER/lr_ws/install/kindr_msgs/local/lib/python3.10/dist-packages/kindr_msgs/kindr_msgs_s__rosidl_typesupport_introspection_c.cpython-310-aarch64-linux-gnu.so
-- Set runtime path of "/root/Lunar_ROADSTER/lr_ws/install/kindr_msgs/local/lib/python3.10/dist-packages/kindr_msgs/kindr_msgs_s__rosidl_typesupport_introspection_c.cpython-310-aarch64-linux-gnu.so" to ""
-- Installing: /root/Lunar_ROADSTER/lr_ws/install/kindr_msgs/local/lib/python3.10/dist-packages/kindr_msgs/kindr_msgs_s__rosidl_typesupport_c.cpython-310-aarch64-linux-gnu.so
-- Set runtime path of "/root/Lunar_ROADSTER/lr_ws/install/kindr_msgs/local/lib/python3.10/dist-packages/kindr_msgs/kindr_msgs_s__rosidl_typesupport_c.cpython-310-aarch64-linux-gnu.so" to ""
-- Installing: /root/Lunar_ROADSTER/lr_ws/install/kindr_msgs/lib/libkindr_msgs__rosidl_generator_py.so
-- Set runtime path of "/root/Lunar_ROADSTER/lr_ws/install/kindr_msgs/lib/libkindr_msgs__rosidl_generator_py.so" to ""
-- Installing: /root/Lunar_ROADSTER/lr_ws/install/kindr_msgs/share/kindr_msgs/msg/VectorAtPosition.idl
-- Installing: /root/Lunar_ROADSTER/lr_ws/install/kindr_msgs/share/kindr_msgs/msg/VectorAtPosition.msg
-- Installing: /root/Lunar_ROADSTER/lr_ws/install/kindr_msgs/share/ament_index/resource_index/package_run_dependencies/kindr_msgs
-- Installing: /root/Lunar_ROADSTER/lr_ws/install/kindr_msgs/share/ament_index/resource_index/parent_prefix_path/kindr_msgs
-- Installing: /root/Lunar_ROADSTER/lr_ws/install/kindr_msgs/share/kindr_msgs/environment/ament_prefix_path.sh
-- Installing: /root/Lunar_ROADSTER/lr_ws/install/kindr_msgs/share/kindr_msgs/environment/ament_prefix_path.dsv
-- Installing: /root/Lunar_ROADSTER/lr_ws/install/kindr_msgs/share/kindr_msgs/environment/path.sh
-- Installing: /root/Lunar_ROADSTER/lr_ws/install/kindr_msgs/share/kindr_msgs/environment/path.dsv
-- Installing: /root/Lunar_ROADSTER/lr_ws/install/kindr_msgs/share/kindr_msgs/local_setup.bash
-- Installing: /root/Lunar_ROADSTER/lr_ws/install/kindr_msgs/share/kindr_msgs/local_setup.sh
-- Installing: /root/Lunar_ROADSTER/lr_ws/install/kindr_msgs/share/kindr_msgs/local_setup.zsh
-- Installing: /root/Lunar_ROADSTER/lr_ws/install/kindr_msgs/share/kindr_msgs/local_setup.dsv
-- Installing: /root/Lunar_ROADSTER/lr_ws/install/kindr_msgs/share/kindr_msgs/package.dsv
-- Installing: /root/Lunar_ROADSTER/lr_ws/install/kindr_msgs/share/ament_index/resource_index/packages/kindr_msgs
-- Installing: /root/Lunar_ROADSTER/lr_ws/install/kindr_msgs/share/kindr_msgs/cmake/export_kindr_msgs__rosidl_generator_cExport.cmake
-- Installing: /root/Lunar_ROADSTER/lr_ws/install/kindr_msgs/share/kindr_msgs/cmake/export_kindr_msgs__rosidl_generator_cExport-noconfig.cmake
-- Installing: /root/Lunar_ROADSTER/lr_ws/install/kindr_msgs/share/kindr_msgs/cmake/export_kindr_msgs__rosidl_typesupport_fastrtps_cExport.cmake
-- Installing: /root/Lunar_ROADSTER/lr_ws/install/kindr_msgs/share/kindr_msgs/cmake/export_kindr_msgs__rosidl_typesupport_fastrtps_cExport-noconfig.cmake
-- Installing: /root/Lunar_ROADSTER/lr_ws/install/kindr_msgs/share/kindr_msgs/cmake/kindr_msgs__rosidl_typesupport_introspection_cExport.cmake
-- Installing: /root/Lunar_ROADSTER/lr_ws/install/kindr_msgs/share/kindr_msgs/cmake/kindr_msgs__rosidl_typesupport_introspection_cExport-noconfig.cmake
-- Installing: /root/Lunar_ROADSTER/lr_ws/install/kindr_msgs/share/kindr_msgs/cmake/kindr_msgs__rosidl_typesupport_cExport.cmake
-- Installing: /root/Lunar_ROADSTER/lr_ws/install/kindr_msgs/share/kindr_msgs/cmake/kindr_msgs__rosidl_typesupport_cExport-noconfig.cmake
-- Installing: /root/Lunar_ROADSTER/lr_ws/install/kindr_msgs/share/kindr_msgs/cmake/export_kindr_msgs__rosidl_generator_cppExport.cmake
-- Installing: /root/Lunar_ROADSTER/lr_ws/install/kindr_msgs/share/kindr_msgs/cmake/export_kindr_msgs__rosidl_typesupport_fastrtps_cppExport.cmake
-- Installing: /root/Lunar_ROADSTER/lr_ws/install/kindr_msgs/share/kindr_msgs/cmake/export_kindr_msgs__rosidl_typesupport_fastrtps_cppExport-noconfig.cmake
-- Installing: /root/Lunar_ROADSTER/lr_ws/install/kindr_msgs/share/kindr_msgs/cmake/kindr_msgs__rosidl_typesupport_introspection_cppExport.cmake
-- Installing: /root/Lunar_ROADSTER/lr_ws/install/kindr_msgs/share/kindr_msgs/cmake/kindr_msgs__rosidl_typesupport_introspection_cppExport-noconfig.cmake
-- Installing: /root/Lunar_ROADSTER/lr_ws/install/kindr_msgs/share/kindr_msgs/cmake/kindr_msgs__rosidl_typesupport_cppExport.cmake
-- Installing: /root/Lunar_ROADSTER/lr_ws/install/kindr_msgs/share/kindr_msgs/cmake/kindr_msgs__rosidl_typesupport_cppExport-noconfig.cmake
-- Installing: /root/Lunar_ROADSTER/lr_ws/install/kindr_msgs/share/kindr_msgs/cmake/export_kindr_msgs__rosidl_generator_pyExport.cmake
-- Installing: /root/Lunar_ROADSTER/lr_ws/install/kindr_msgs/share/kindr_msgs/cmake/export_kindr_msgs__rosidl_generator_pyExport-noconfig.cmake
-- Installing: /root/Lunar_ROADSTER/lr_ws/install/kindr_msgs/share/kindr_msgs/cmake/rosidl_cmake-extras.cmake
-- Installing: /root/Lunar_ROADSTER/lr_ws/install/kindr_msgs/share/kindr_msgs/cmake/ament_cmake_export_dependencies-extras.cmake
-- Installing: /root/Lunar_ROADSTER/lr_ws/install/kindr_msgs/share/kindr_msgs/cmake/ament_cmake_export_include_directories-extras.cmake
-- Installing: /root/Lunar_ROADSTER/lr_ws/install/kindr_msgs/share/kindr_msgs/cmake/ament_cmake_export_libraries-extras.cmake
-- Installing: /root/Lunar_ROADSTER/lr_ws/install/kindr_msgs/share/kindr_msgs/cmake/ament_cmake_export_targets-extras.cmake
-- Installing: /root/Lunar_ROADSTER/lr_ws/install/kindr_msgs/share/kindr_msgs/cmake/rosidl_cmake_export_typesupport_targets-extras.cmake
-- Installing: /root/Lunar_ROADSTER/lr_ws/install/kindr_msgs/share/kindr_msgs/cmake/rosidl_cmake_export_typesupport_libraries-extras.cmake
-- Installing: /root/Lunar_ROADSTER/lr_ws/install/kindr_msgs/share/kindr_msgs/cmake/kindr_msgsConfig.cmake
-- Installing: /root/Lunar_ROADSTER/lr_ws/install/kindr_msgs/share/kindr_msgs/cmake/kindr_msgsConfig-version.cmake
-- Installing: /root/Lunar_ROADSTER/lr_ws/install/kindr_msgs/share/kindr_msgs/package.xml
