[0.482s] Invoking command in '/root/Lunar_ROADSTER/lr_ws/build/realsense2_camera_msgs': CMAKE_PREFIX_PATH=${CMAKE_PREFIX_PATH}:/root/Lunar_ROADSTER/lr_ws/install/nav2_simple_commander:/opt/ros/humble: /usr/local/bin/cmake --build /root/Lunar_ROADSTER/lr_ws/build/realsense2_camera_msgs -- -j4 -l4
[1.007s] [  1%] Built target realsense2_camera_msgs__cpp
[1.063s] [  1%] Built target ament_cmake_python_copy_realsense2_camera_msgs
[1.119s] [ 12%] Built target realsense2_camera_msgs__rosidl_generator_c
[1.501s] [ 25%] Built target realsense2_camera_msgs__rosidl_typesupport_cpp
[1.509s] [ 34%] Built target realsense2_camera_msgs__rosidl_typesupport_fastrtps_cpp
[1.744s] [ 46%] Built target realsense2_camera_msgs__rosidl_typesupport_introspection_cpp
[2.102s] [ 57%] Built target realsense2_camera_msgs__rosidl_typesupport_introspection_c
[2.158s] [ 68%] Built target realsense2_camera_msgs__rosidl_typesupport_fastrtps_c
[2.159s] [ 79%] Built target realsense2_camera_msgs__rosidl_typesupport_c
[2.223s] [ 79%] Built target realsense2_camera_msgs
[2.466s] [ 80%] Built target realsense2_camera_msgs__py
[2.835s] [ 90%] Built target realsense2_camera_msgs__rosidl_generator_py
[3.111s] [ 93%] Built target realsense2_camera_msgs__rosidl_typesupport_introspection_c__pyext
[3.124s] [ 96%] Built target realsense2_camera_msgs__rosidl_typesupport_fastrtps_c__pyext
[3.163s] [100%] Built target realsense2_camera_msgs__rosidl_typesupport_c__pyext
[3.489s] running egg_info
[3.490s] writing realsense2_camera_msgs.egg-info/PKG-INFO
[3.499s] writing dependency_links to realsense2_camera_msgs.egg-info/dependency_links.txt
[3.500s] writing top-level names to realsense2_camera_msgs.egg-info/top_level.txt
[3.708s] reading manifest file 'realsense2_camera_msgs.egg-info/SOURCES.txt'
[3.717s] writing manifest file 'realsense2_camera_msgs.egg-info/SOURCES.txt'
[3.740s] [100%] Built target ament_cmake_python_build_realsense2_camera_msgs_egg
[4.024s] Invoked command in '/root/Lunar_ROADSTER/lr_ws/build/realsense2_camera_msgs' returned '0': CMAKE_PREFIX_PATH=${CMAKE_PREFIX_PATH}:/root/Lunar_ROADSTER/lr_ws/install/nav2_simple_commander:/opt/ros/humble: /usr/local/bin/cmake --build /root/Lunar_ROADSTER/lr_ws/build/realsense2_camera_msgs -- -j4 -l4
[4.033s] Invoking command in '/root/Lunar_ROADSTER/lr_ws/build/realsense2_camera_msgs': CMAKE_PREFIX_PATH=${CMAKE_PREFIX_PATH}:/root/Lunar_ROADSTER/lr_ws/install/nav2_simple_commander:/opt/ros/humble: /usr/local/bin/cmake --install /root/Lunar_ROADSTER/lr_ws/build/realsense2_camera_msgs
[4.081s] -- Install configuration: ""
[4.090s] -- Up-to-date: /root/Lunar_ROADSTER/lr_ws/install/realsense2_camera_msgs/share/ament_index/resource_index/rosidl_interfaces/realsense2_camera_msgs
[4.091s] -- Up-to-date: /root/Lunar_ROADSTER/lr_ws/install/realsense2_camera_msgs/include/realsense2_camera_msgs/realsense2_camera_msgs
[4.097s] -- Up-to-date: /root/Lunar_ROADSTER/lr_ws/install/realsense2_camera_msgs/include/realsense2_camera_msgs/realsense2_camera_msgs/msg
[4.097s] -- Up-to-date: /root/Lunar_ROADSTER/lr_ws/install/realsense2_camera_msgs/include/realsense2_camera_msgs/realsense2_camera_msgs/msg/imu_info.h
[4.099s] -- Up-to-date: /root/Lunar_ROADSTER/lr_ws/install/realsense2_camera_msgs/include/realsense2_camera_msgs/realsense2_camera_msgs/msg/rosidl_generator_c__visibility_control.h
[4.100s] -- Up-to-date: /root/Lunar_ROADSTER/lr_ws/install/realsense2_camera_msgs/include/realsense2_camera_msgs/realsense2_camera_msgs/msg/detail
[4.100s] -- Up-to-date: /root/Lunar_ROADSTER/lr_ws/install/realsense2_camera_msgs/include/realsense2_camera_msgs/realsense2_camera_msgs/msg/detail/imu_info__functions.c
[4.100s] -- Up-to-date: /root/Lunar_ROADSTER/lr_ws/install/realsense2_camera_msgs/include/realsense2_camera_msgs/realsense2_camera_msgs/msg/detail/imu_info__functions.h
[4.101s] -- Up-to-date: /root/Lunar_ROADSTER/lr_ws/install/realsense2_camera_msgs/include/realsense2_camera_msgs/realsense2_camera_msgs/msg/detail/imu_info__struct.h
[4.102s] -- Up-to-date: /root/Lunar_ROADSTER/lr_ws/install/realsense2_camera_msgs/include/realsense2_camera_msgs/realsense2_camera_msgs/msg/detail/imu_info__type_support.h
[4.105s] -- Up-to-date: /root/Lunar_ROADSTER/lr_ws/install/realsense2_camera_msgs/include/realsense2_camera_msgs/realsense2_camera_msgs/msg/detail/extrinsics__functions.c
[4.109s] -- Up-to-date: /root/Lunar_ROADSTER/lr_ws/install/realsense2_camera_msgs/include/realsense2_camera_msgs/realsense2_camera_msgs/msg/detail/extrinsics__functions.h
[4.120s] -- Up-to-date: /root/Lunar_ROADSTER/lr_ws/install/realsense2_camera_msgs/include/realsense2_camera_msgs/realsense2_camera_msgs/msg/detail/extrinsics__struct.h
[4.125s] -- Up-to-date: /root/Lunar_ROADSTER/lr_ws/install/realsense2_camera_msgs/include/realsense2_camera_msgs/realsense2_camera_msgs/msg/detail/extrinsics__type_support.h
[4.125s] -- Up-to-date: /root/Lunar_ROADSTER/lr_ws/install/realsense2_camera_msgs/include/realsense2_camera_msgs/realsense2_camera_msgs/msg/detail/metadata__functions.c
[4.125s] -- Up-to-date: /root/Lunar_ROADSTER/lr_ws/install/realsense2_camera_msgs/include/realsense2_camera_msgs/realsense2_camera_msgs/msg/detail/metadata__functions.h
[4.125s] -- Up-to-date: /root/Lunar_ROADSTER/lr_ws/install/realsense2_camera_msgs/include/realsense2_camera_msgs/realsense2_camera_msgs/msg/detail/metadata__struct.h
[4.126s] -- Up-to-date: /root/Lunar_ROADSTER/lr_ws/install/realsense2_camera_msgs/include/realsense2_camera_msgs/realsense2_camera_msgs/msg/detail/metadata__type_support.h
[4.126s] -- Up-to-date: /root/Lunar_ROADSTER/lr_ws/install/realsense2_camera_msgs/include/realsense2_camera_msgs/realsense2_camera_msgs/msg/detail/rgbd__functions.c
[4.126s] -- Up-to-date: /root/Lunar_ROADSTER/lr_ws/install/realsense2_camera_msgs/include/realsense2_camera_msgs/realsense2_camera_msgs/msg/detail/rgbd__functions.h
[4.126s] -- Up-to-date: /root/Lunar_ROADSTER/lr_ws/install/realsense2_camera_msgs/include/realsense2_camera_msgs/realsense2_camera_msgs/msg/detail/rgbd__struct.h
[4.127s] -- Up-to-date: /root/Lunar_ROADSTER/lr_ws/install/realsense2_camera_msgs/include/realsense2_camera_msgs/realsense2_camera_msgs/msg/detail/rgbd__type_support.h
[4.127s] -- Up-to-date: /root/Lunar_ROADSTER/lr_ws/install/realsense2_camera_msgs/include/realsense2_camera_msgs/realsense2_camera_msgs/msg/extrinsics.h
[4.127s] -- Up-to-date: /root/Lunar_ROADSTER/lr_ws/install/realsense2_camera_msgs/include/realsense2_camera_msgs/realsense2_camera_msgs/msg/metadata.h
[4.127s] -- Up-to-date: /root/Lunar_ROADSTER/lr_ws/install/realsense2_camera_msgs/include/realsense2_camera_msgs/realsense2_camera_msgs/msg/rgbd.h
[4.128s] -- Up-to-date: /root/Lunar_ROADSTER/lr_ws/install/realsense2_camera_msgs/include/realsense2_camera_msgs/realsense2_camera_msgs/srv
[4.128s] -- Up-to-date: /root/Lunar_ROADSTER/lr_ws/install/realsense2_camera_msgs/include/realsense2_camera_msgs/realsense2_camera_msgs/srv/device_info.h
[4.153s] -- Up-to-date: /root/Lunar_ROADSTER/lr_ws/install/realsense2_camera_msgs/include/realsense2_camera_msgs/realsense2_camera_msgs/srv/detail
[4.153s] -- Up-to-date: /root/Lunar_ROADSTER/lr_ws/install/realsense2_camera_msgs/include/realsense2_camera_msgs/realsense2_camera_msgs/srv/detail/device_info__functions.c
[4.154s] -- Up-to-date: /root/Lunar_ROADSTER/lr_ws/install/realsense2_camera_msgs/include/realsense2_camera_msgs/realsense2_camera_msgs/srv/detail/device_info__functions.h
[4.156s] -- Up-to-date: /root/Lunar_ROADSTER/lr_ws/install/realsense2_camera_msgs/include/realsense2_camera_msgs/realsense2_camera_msgs/srv/detail/device_info__struct.h
[4.156s] -- Up-to-date: /root/Lunar_ROADSTER/lr_ws/install/realsense2_camera_msgs/include/realsense2_camera_msgs/realsense2_camera_msgs/srv/detail/device_info__type_support.h
[4.157s] -- Up-to-date: /root/Lunar_ROADSTER/lr_ws/install/realsense2_camera_msgs/share/realsense2_camera_msgs/environment/library_path.sh
[4.157s] -- Up-to-date: /root/Lunar_ROADSTER/lr_ws/install/realsense2_camera_msgs/share/realsense2_camera_msgs/environment/library_path.dsv
[4.158s] -- Up-to-date: /root/Lunar_ROADSTER/lr_ws/install/realsense2_camera_msgs/lib/librealsense2_camera_msgs__rosidl_generator_c.so
[4.158s] -- Up-to-date: /root/Lunar_ROADSTER/lr_ws/install/realsense2_camera_msgs/include/realsense2_camera_msgs/realsense2_camera_msgs
[4.158s] -- Up-to-date: /root/Lunar_ROADSTER/lr_ws/install/realsense2_camera_msgs/include/realsense2_camera_msgs/realsense2_camera_msgs/msg
[4.159s] -- Up-to-date: /root/Lunar_ROADSTER/lr_ws/install/realsense2_camera_msgs/include/realsense2_camera_msgs/realsense2_camera_msgs/msg/detail
[4.159s] -- Up-to-date: /root/Lunar_ROADSTER/lr_ws/install/realsense2_camera_msgs/include/realsense2_camera_msgs/realsense2_camera_msgs/msg/detail/imu_info__rosidl_typesupport_fastrtps_c.h
[4.160s] -- Up-to-date: /root/Lunar_ROADSTER/lr_ws/install/realsense2_camera_msgs/include/realsense2_camera_msgs/realsense2_camera_msgs/msg/detail/extrinsics__rosidl_typesupport_fastrtps_c.h
[4.161s] -- Up-to-date: /root/Lunar_ROADSTER/lr_ws/install/realsense2_camera_msgs/include/realsense2_camera_msgs/realsense2_camera_msgs/msg/detail/metadata__rosidl_typesupport_fastrtps_c.h
[4.162s] -- Up-to-date: /root/Lunar_ROADSTER/lr_ws/install/realsense2_camera_msgs/include/realsense2_camera_msgs/realsense2_camera_msgs/msg/detail/rgbd__rosidl_typesupport_fastrtps_c.h
[4.162s] -- Up-to-date: /root/Lunar_ROADSTER/lr_ws/install/realsense2_camera_msgs/include/realsense2_camera_msgs/realsense2_camera_msgs/msg/rosidl_typesupport_fastrtps_c__visibility_control.h
[4.162s] -- Up-to-date: /root/Lunar_ROADSTER/lr_ws/install/realsense2_camera_msgs/include/realsense2_camera_msgs/realsense2_camera_msgs/srv
[4.163s] -- Up-to-date: /root/Lunar_ROADSTER/lr_ws/install/realsense2_camera_msgs/include/realsense2_camera_msgs/realsense2_camera_msgs/srv/detail
[4.168s] -- Up-to-date: /root/Lunar_ROADSTER/lr_ws/install/realsense2_camera_msgs/include/realsense2_camera_msgs/realsense2_camera_msgs/srv/detail/device_info__rosidl_typesupport_fastrtps_c.h
[4.169s] -- Up-to-date: /root/Lunar_ROADSTER/lr_ws/install/realsense2_camera_msgs/lib/librealsense2_camera_msgs__rosidl_typesupport_fastrtps_c.so
[4.169s] -- Up-to-date: /root/Lunar_ROADSTER/lr_ws/install/realsense2_camera_msgs/include/realsense2_camera_msgs/realsense2_camera_msgs
[4.169s] -- Up-to-date: /root/Lunar_ROADSTER/lr_ws/install/realsense2_camera_msgs/include/realsense2_camera_msgs/realsense2_camera_msgs/msg
[4.169s] -- Up-to-date: /root/Lunar_ROADSTER/lr_ws/install/realsense2_camera_msgs/include/realsense2_camera_msgs/realsense2_camera_msgs/msg/detail
[4.182s] -- Up-to-date: /root/Lunar_ROADSTER/lr_ws/install/realsense2_camera_msgs/include/realsense2_camera_msgs/realsense2_camera_msgs/msg/detail/imu_info__rosidl_typesupport_introspection_c.h
[4.182s] -- Up-to-date: /root/Lunar_ROADSTER/lr_ws/install/realsense2_camera_msgs/include/realsense2_camera_msgs/realsense2_camera_msgs/msg/detail/imu_info__type_support.c
[4.182s] -- Up-to-date: /root/Lunar_ROADSTER/lr_ws/install/realsense2_camera_msgs/include/realsense2_camera_msgs/realsense2_camera_msgs/msg/detail/extrinsics__rosidl_typesupport_introspection_c.h
[4.183s] -- Up-to-date: /root/Lunar_ROADSTER/lr_ws/install/realsense2_camera_msgs/include/realsense2_camera_msgs/realsense2_camera_msgs/msg/detail/extrinsics__type_support.c
[4.183s] -- Up-to-date: /root/Lunar_ROADSTER/lr_ws/install/realsense2_camera_msgs/include/realsense2_camera_msgs/realsense2_camera_msgs/msg/detail/metadata__rosidl_typesupport_introspection_c.h
[4.183s] -- Up-to-date: /root/Lunar_ROADSTER/lr_ws/install/realsense2_camera_msgs/include/realsense2_camera_msgs/realsense2_camera_msgs/msg/detail/metadata__type_support.c
[4.183s] -- Up-to-date: /root/Lunar_ROADSTER/lr_ws/install/realsense2_camera_msgs/include/realsense2_camera_msgs/realsense2_camera_msgs/msg/detail/rgbd__rosidl_typesupport_introspection_c.h
[4.183s] -- Up-to-date: /root/Lunar_ROADSTER/lr_ws/install/realsense2_camera_msgs/include/realsense2_camera_msgs/realsense2_camera_msgs/msg/detail/rgbd__type_support.c
[4.184s] -- Up-to-date: /root/Lunar_ROADSTER/lr_ws/install/realsense2_camera_msgs/include/realsense2_camera_msgs/realsense2_camera_msgs/msg/rosidl_typesupport_introspection_c__visibility_control.h
[4.184s] -- Up-to-date: /root/Lunar_ROADSTER/lr_ws/install/realsense2_camera_msgs/include/realsense2_camera_msgs/realsense2_camera_msgs/srv
[4.184s] -- Up-to-date: /root/Lunar_ROADSTER/lr_ws/install/realsense2_camera_msgs/include/realsense2_camera_msgs/realsense2_camera_msgs/srv/detail
[4.185s] -- Up-to-date: /root/Lunar_ROADSTER/lr_ws/install/realsense2_camera_msgs/include/realsense2_camera_msgs/realsense2_camera_msgs/srv/detail/device_info__rosidl_typesupport_introspection_c.h
[4.185s] -- Up-to-date: /root/Lunar_ROADSTER/lr_ws/install/realsense2_camera_msgs/include/realsense2_camera_msgs/realsense2_camera_msgs/srv/detail/device_info__type_support.c
[4.185s] -- Up-to-date: /root/Lunar_ROADSTER/lr_ws/install/realsense2_camera_msgs/lib/librealsense2_camera_msgs__rosidl_typesupport_introspection_c.so
[4.185s] -- Up-to-date: /root/Lunar_ROADSTER/lr_ws/install/realsense2_camera_msgs/lib/librealsense2_camera_msgs__rosidl_typesupport_c.so
[4.189s] -- Up-to-date: /root/Lunar_ROADSTER/lr_ws/install/realsense2_camera_msgs/include/realsense2_camera_msgs/realsense2_camera_msgs
[4.190s] -- Up-to-date: /root/Lunar_ROADSTER/lr_ws/install/realsense2_camera_msgs/include/realsense2_camera_msgs/realsense2_camera_msgs/msg
[4.190s] -- Up-to-date: /root/Lunar_ROADSTER/lr_ws/install/realsense2_camera_msgs/include/realsense2_camera_msgs/realsense2_camera_msgs/msg/imu_info.hpp
[4.190s] -- Up-to-date: /root/Lunar_ROADSTER/lr_ws/install/realsense2_camera_msgs/include/realsense2_camera_msgs/realsense2_camera_msgs/msg/detail
[4.192s] -- Up-to-date: /root/Lunar_ROADSTER/lr_ws/install/realsense2_camera_msgs/include/realsense2_camera_msgs/realsense2_camera_msgs/msg/detail/imu_info__builder.hpp
[4.192s] -- Up-to-date: /root/Lunar_ROADSTER/lr_ws/install/realsense2_camera_msgs/include/realsense2_camera_msgs/realsense2_camera_msgs/msg/detail/imu_info__struct.hpp
[4.199s] -- Up-to-date: /root/Lunar_ROADSTER/lr_ws/install/realsense2_camera_msgs/include/realsense2_camera_msgs/realsense2_camera_msgs/msg/detail/imu_info__traits.hpp
[4.199s] -- Up-to-date: /root/Lunar_ROADSTER/lr_ws/install/realsense2_camera_msgs/include/realsense2_camera_msgs/realsense2_camera_msgs/msg/detail/imu_info__type_support.hpp
[4.200s] -- Up-to-date: /root/Lunar_ROADSTER/lr_ws/install/realsense2_camera_msgs/include/realsense2_camera_msgs/realsense2_camera_msgs/msg/detail/extrinsics__builder.hpp
[4.200s] -- Up-to-date: /root/Lunar_ROADSTER/lr_ws/install/realsense2_camera_msgs/include/realsense2_camera_msgs/realsense2_camera_msgs/msg/detail/extrinsics__struct.hpp
[4.200s] -- Up-to-date: /root/Lunar_ROADSTER/lr_ws/install/realsense2_camera_msgs/include/realsense2_camera_msgs/realsense2_camera_msgs/msg/detail/extrinsics__traits.hpp
[4.200s] -- Up-to-date: /root/Lunar_ROADSTER/lr_ws/install/realsense2_camera_msgs/include/realsense2_camera_msgs/realsense2_camera_msgs/msg/detail/extrinsics__type_support.hpp
[4.201s] -- Up-to-date: /root/Lunar_ROADSTER/lr_ws/install/realsense2_camera_msgs/include/realsense2_camera_msgs/realsense2_camera_msgs/msg/detail/metadata__builder.hpp
[4.201s] -- Up-to-date: /root/Lunar_ROADSTER/lr_ws/install/realsense2_camera_msgs/include/realsense2_camera_msgs/realsense2_camera_msgs/msg/detail/metadata__struct.hpp
[4.201s] -- Up-to-date: /root/Lunar_ROADSTER/lr_ws/install/realsense2_camera_msgs/include/realsense2_camera_msgs/realsense2_camera_msgs/msg/detail/metadata__traits.hpp
[4.201s] -- Up-to-date: /root/Lunar_ROADSTER/lr_ws/install/realsense2_camera_msgs/include/realsense2_camera_msgs/realsense2_camera_msgs/msg/detail/metadata__type_support.hpp
[4.201s] -- Up-to-date: /root/Lunar_ROADSTER/lr_ws/install/realsense2_camera_msgs/include/realsense2_camera_msgs/realsense2_camera_msgs/msg/detail/rgbd__builder.hpp
[4.202s] -- Up-to-date: /root/Lunar_ROADSTER/lr_ws/install/realsense2_camera_msgs/include/realsense2_camera_msgs/realsense2_camera_msgs/msg/detail/rgbd__struct.hpp
[4.202s] -- Up-to-date: /root/Lunar_ROADSTER/lr_ws/install/realsense2_camera_msgs/include/realsense2_camera_msgs/realsense2_camera_msgs/msg/detail/rgbd__traits.hpp
[4.202s] -- Up-to-date: /root/Lunar_ROADSTER/lr_ws/install/realsense2_camera_msgs/include/realsense2_camera_msgs/realsense2_camera_msgs/msg/detail/rgbd__type_support.hpp
[4.202s] -- Up-to-date: /root/Lunar_ROADSTER/lr_ws/install/realsense2_camera_msgs/include/realsense2_camera_msgs/realsense2_camera_msgs/msg/rosidl_generator_cpp__visibility_control.hpp
[4.203s] -- Up-to-date: /root/Lunar_ROADSTER/lr_ws/install/realsense2_camera_msgs/include/realsense2_camera_msgs/realsense2_camera_msgs/msg/extrinsics.hpp
[4.203s] -- Up-to-date: /root/Lunar_ROADSTER/lr_ws/install/realsense2_camera_msgs/include/realsense2_camera_msgs/realsense2_camera_msgs/msg/metadata.hpp
[4.203s] -- Up-to-date: /root/Lunar_ROADSTER/lr_ws/install/realsense2_camera_msgs/include/realsense2_camera_msgs/realsense2_camera_msgs/msg/rgbd.hpp
[4.203s] -- Up-to-date: /root/Lunar_ROADSTER/lr_ws/install/realsense2_camera_msgs/include/realsense2_camera_msgs/realsense2_camera_msgs/srv
[4.204s] -- Up-to-date: /root/Lunar_ROADSTER/lr_ws/install/realsense2_camera_msgs/include/realsense2_camera_msgs/realsense2_camera_msgs/srv/device_info.hpp
[4.204s] -- Up-to-date: /root/Lunar_ROADSTER/lr_ws/install/realsense2_camera_msgs/include/realsense2_camera_msgs/realsense2_camera_msgs/srv/detail
[4.204s] -- Up-to-date: /root/Lunar_ROADSTER/lr_ws/install/realsense2_camera_msgs/include/realsense2_camera_msgs/realsense2_camera_msgs/srv/detail/device_info__builder.hpp
[4.204s] -- Up-to-date: /root/Lunar_ROADSTER/lr_ws/install/realsense2_camera_msgs/include/realsense2_camera_msgs/realsense2_camera_msgs/srv/detail/device_info__struct.hpp
[4.205s] -- Up-to-date: /root/Lunar_ROADSTER/lr_ws/install/realsense2_camera_msgs/include/realsense2_camera_msgs/realsense2_camera_msgs/srv/detail/device_info__traits.hpp
[4.205s] -- Up-to-date: /root/Lunar_ROADSTER/lr_ws/install/realsense2_camera_msgs/include/realsense2_camera_msgs/realsense2_camera_msgs/srv/detail/device_info__type_support.hpp
[4.205s] -- Up-to-date: /root/Lunar_ROADSTER/lr_ws/install/realsense2_camera_msgs/include/realsense2_camera_msgs/realsense2_camera_msgs
[4.205s] -- Up-to-date: /root/Lunar_ROADSTER/lr_ws/install/realsense2_camera_msgs/include/realsense2_camera_msgs/realsense2_camera_msgs/msg
[4.206s] -- Up-to-date: /root/Lunar_ROADSTER/lr_ws/install/realsense2_camera_msgs/include/realsense2_camera_msgs/realsense2_camera_msgs/msg/detail
[4.206s] -- Up-to-date: /root/Lunar_ROADSTER/lr_ws/install/realsense2_camera_msgs/include/realsense2_camera_msgs/realsense2_camera_msgs/msg/detail/imu_info__rosidl_typesupport_fastrtps_cpp.hpp
[4.206s] -- Up-to-date: /root/Lunar_ROADSTER/lr_ws/install/realsense2_camera_msgs/include/realsense2_camera_msgs/realsense2_camera_msgs/msg/detail/dds_fastrtps
[4.206s] -- Up-to-date: /root/Lunar_ROADSTER/lr_ws/install/realsense2_camera_msgs/include/realsense2_camera_msgs/realsense2_camera_msgs/msg/detail/extrinsics__rosidl_typesupport_fastrtps_cpp.hpp
[4.207s] -- Up-to-date: /root/Lunar_ROADSTER/lr_ws/install/realsense2_camera_msgs/include/realsense2_camera_msgs/realsense2_camera_msgs/msg/detail/metadata__rosidl_typesupport_fastrtps_cpp.hpp
[4.222s] -- Up-to-date: /root/Lunar_ROADSTER/lr_ws/install/realsense2_camera_msgs/include/realsense2_camera_msgs/realsense2_camera_msgs/msg/detail/rgbd__rosidl_typesupport_fastrtps_cpp.hpp
[4.222s] -- Up-to-date: /root/Lunar_ROADSTER/lr_ws/install/realsense2_camera_msgs/include/realsense2_camera_msgs/realsense2_camera_msgs/msg/rosidl_typesupport_fastrtps_cpp__visibility_control.h
[4.223s] -- Up-to-date: /root/Lunar_ROADSTER/lr_ws/install/realsense2_camera_msgs/include/realsense2_camera_msgs/realsense2_camera_msgs/srv
[4.223s] -- Up-to-date: /root/Lunar_ROADSTER/lr_ws/install/realsense2_camera_msgs/include/realsense2_camera_msgs/realsense2_camera_msgs/srv/detail
[4.223s] -- Up-to-date: /root/Lunar_ROADSTER/lr_ws/install/realsense2_camera_msgs/include/realsense2_camera_msgs/realsense2_camera_msgs/srv/detail/device_info__rosidl_typesupport_fastrtps_cpp.hpp
[4.223s] -- Up-to-date: /root/Lunar_ROADSTER/lr_ws/install/realsense2_camera_msgs/include/realsense2_camera_msgs/realsense2_camera_msgs/srv/detail/dds_fastrtps
[4.224s] -- Up-to-date: /root/Lunar_ROADSTER/lr_ws/install/realsense2_camera_msgs/lib/librealsense2_camera_msgs__rosidl_typesupport_fastrtps_cpp.so
[4.224s] -- Up-to-date: /root/Lunar_ROADSTER/lr_ws/install/realsense2_camera_msgs/include/realsense2_camera_msgs/realsense2_camera_msgs
[4.224s] -- Up-to-date: /root/Lunar_ROADSTER/lr_ws/install/realsense2_camera_msgs/include/realsense2_camera_msgs/realsense2_camera_msgs/msg
[4.224s] -- Up-to-date: /root/Lunar_ROADSTER/lr_ws/install/realsense2_camera_msgs/include/realsense2_camera_msgs/realsense2_camera_msgs/msg/detail
[4.225s] -- Up-to-date: /root/Lunar_ROADSTER/lr_ws/install/realsense2_camera_msgs/include/realsense2_camera_msgs/realsense2_camera_msgs/msg/detail/imu_info__rosidl_typesupport_introspection_cpp.hpp
[4.225s] -- Up-to-date: /root/Lunar_ROADSTER/lr_ws/install/realsense2_camera_msgs/include/realsense2_camera_msgs/realsense2_camera_msgs/msg/detail/imu_info__type_support.cpp
[4.225s] -- Up-to-date: /root/Lunar_ROADSTER/lr_ws/install/realsense2_camera_msgs/include/realsense2_camera_msgs/realsense2_camera_msgs/msg/detail/extrinsics__rosidl_typesupport_introspection_cpp.hpp
[4.225s] -- Up-to-date: /root/Lunar_ROADSTER/lr_ws/install/realsense2_camera_msgs/include/realsense2_camera_msgs/realsense2_camera_msgs/msg/detail/extrinsics__type_support.cpp
[4.225s] -- Up-to-date: /root/Lunar_ROADSTER/lr_ws/install/realsense2_camera_msgs/include/realsense2_camera_msgs/realsense2_camera_msgs/msg/detail/metadata__rosidl_typesupport_introspection_cpp.hpp
[4.226s] -- Up-to-date: /root/Lunar_ROADSTER/lr_ws/install/realsense2_camera_msgs/include/realsense2_camera_msgs/realsense2_camera_msgs/msg/detail/metadata__type_support.cpp
[4.226s] -- Up-to-date: /root/Lunar_ROADSTER/lr_ws/install/realsense2_camera_msgs/include/realsense2_camera_msgs/realsense2_camera_msgs/msg/detail/rgbd__rosidl_typesupport_introspection_cpp.hpp
[4.226s] -- Up-to-date: /root/Lunar_ROADSTER/lr_ws/install/realsense2_camera_msgs/include/realsense2_camera_msgs/realsense2_camera_msgs/msg/detail/rgbd__type_support.cpp
[4.226s] -- Up-to-date: /root/Lunar_ROADSTER/lr_ws/install/realsense2_camera_msgs/include/realsense2_camera_msgs/realsense2_camera_msgs/srv
[4.227s] -- Up-to-date: /root/Lunar_ROADSTER/lr_ws/install/realsense2_camera_msgs/include/realsense2_camera_msgs/realsense2_camera_msgs/srv/detail
[4.227s] -- Up-to-date: /root/Lunar_ROADSTER/lr_ws/install/realsense2_camera_msgs/include/realsense2_camera_msgs/realsense2_camera_msgs/srv/detail/device_info__rosidl_typesupport_introspection_cpp.hpp
[4.227s] -- Up-to-date: /root/Lunar_ROADSTER/lr_ws/install/realsense2_camera_msgs/include/realsense2_camera_msgs/realsense2_camera_msgs/srv/detail/device_info__type_support.cpp
[4.227s] -- Up-to-date: /root/Lunar_ROADSTER/lr_ws/install/realsense2_camera_msgs/lib/librealsense2_camera_msgs__rosidl_typesupport_introspection_cpp.so
[4.227s] -- Up-to-date: /root/Lunar_ROADSTER/lr_ws/install/realsense2_camera_msgs/lib/librealsense2_camera_msgs__rosidl_typesupport_cpp.so
[4.228s] -- Up-to-date: /root/Lunar_ROADSTER/lr_ws/install/realsense2_camera_msgs/share/realsense2_camera_msgs/environment/pythonpath.sh
[4.228s] -- Up-to-date: /root/Lunar_ROADSTER/lr_ws/install/realsense2_camera_msgs/share/realsense2_camera_msgs/environment/pythonpath.dsv
[4.228s] -- Up-to-date: /root/Lunar_ROADSTER/lr_ws/install/realsense2_camera_msgs/local/lib/python3.10/dist-packages/realsense2_camera_msgs-4.55.1-py3.10.egg-info
[4.228s] -- Installing: /root/Lunar_ROADSTER/lr_ws/install/realsense2_camera_msgs/local/lib/python3.10/dist-packages/realsense2_camera_msgs-4.55.1-py3.10.egg-info/PKG-INFO
[4.229s] -- Installing: /root/Lunar_ROADSTER/lr_ws/install/realsense2_camera_msgs/local/lib/python3.10/dist-packages/realsense2_camera_msgs-4.55.1-py3.10.egg-info/dependency_links.txt
[4.229s] -- Installing: /root/Lunar_ROADSTER/lr_ws/install/realsense2_camera_msgs/local/lib/python3.10/dist-packages/realsense2_camera_msgs-4.55.1-py3.10.egg-info/top_level.txt
[4.229s] -- Installing: /root/Lunar_ROADSTER/lr_ws/install/realsense2_camera_msgs/local/lib/python3.10/dist-packages/realsense2_camera_msgs-4.55.1-py3.10.egg-info/SOURCES.txt
[4.229s] -- Up-to-date: /root/Lunar_ROADSTER/lr_ws/install/realsense2_camera_msgs/local/lib/python3.10/dist-packages/realsense2_camera_msgs
[4.230s] -- Up-to-date: /root/Lunar_ROADSTER/lr_ws/install/realsense2_camera_msgs/local/lib/python3.10/dist-packages/realsense2_camera_msgs/__init__.py
[4.230s] -- Up-to-date: /root/Lunar_ROADSTER/lr_ws/install/realsense2_camera_msgs/local/lib/python3.10/dist-packages/realsense2_camera_msgs/msg
[4.230s] -- Up-to-date: /root/Lunar_ROADSTER/lr_ws/install/realsense2_camera_msgs/local/lib/python3.10/dist-packages/realsense2_camera_msgs/msg/_imu_info.py
[4.230s] -- Up-to-date: /root/Lunar_ROADSTER/lr_ws/install/realsense2_camera_msgs/local/lib/python3.10/dist-packages/realsense2_camera_msgs/msg/_imu_info_s.c
[4.231s] -- Up-to-date: /root/Lunar_ROADSTER/lr_ws/install/realsense2_camera_msgs/local/lib/python3.10/dist-packages/realsense2_camera_msgs/msg/_extrinsics.py
[4.231s] -- Up-to-date: /root/Lunar_ROADSTER/lr_ws/install/realsense2_camera_msgs/local/lib/python3.10/dist-packages/realsense2_camera_msgs/msg/_extrinsics_s.c
[4.231s] -- Up-to-date: /root/Lunar_ROADSTER/lr_ws/install/realsense2_camera_msgs/local/lib/python3.10/dist-packages/realsense2_camera_msgs/msg/_metadata.py
[4.231s] -- Up-to-date: /root/Lunar_ROADSTER/lr_ws/install/realsense2_camera_msgs/local/lib/python3.10/dist-packages/realsense2_camera_msgs/msg/_metadata_s.c
[4.231s] -- Up-to-date: /root/Lunar_ROADSTER/lr_ws/install/realsense2_camera_msgs/local/lib/python3.10/dist-packages/realsense2_camera_msgs/msg/_rgbd.py
[4.232s] -- Up-to-date: /root/Lunar_ROADSTER/lr_ws/install/realsense2_camera_msgs/local/lib/python3.10/dist-packages/realsense2_camera_msgs/msg/_rgbd_s.c
[4.232s] -- Up-to-date: /root/Lunar_ROADSTER/lr_ws/install/realsense2_camera_msgs/local/lib/python3.10/dist-packages/realsense2_camera_msgs/msg/__init__.py
[4.232s] -- Up-to-date: /root/Lunar_ROADSTER/lr_ws/install/realsense2_camera_msgs/local/lib/python3.10/dist-packages/realsense2_camera_msgs/srv
[4.232s] -- Up-to-date: /root/Lunar_ROADSTER/lr_ws/install/realsense2_camera_msgs/local/lib/python3.10/dist-packages/realsense2_camera_msgs/srv/_device_info.py
[4.233s] -- Up-to-date: /root/Lunar_ROADSTER/lr_ws/install/realsense2_camera_msgs/local/lib/python3.10/dist-packages/realsense2_camera_msgs/srv/_device_info_s.c
[4.233s] -- Up-to-date: /root/Lunar_ROADSTER/lr_ws/install/realsense2_camera_msgs/local/lib/python3.10/dist-packages/realsense2_camera_msgs/srv/__init__.py
[4.233s] -- Up-to-date: /root/Lunar_ROADSTER/lr_ws/install/realsense2_camera_msgs/local/lib/python3.10/dist-packages/realsense2_camera_msgs/_realsense2_camera_msgs_s.ep.rosidl_typesupport_fastrtps_c.c
[4.233s] -- Up-to-date: /root/Lunar_ROADSTER/lr_ws/install/realsense2_camera_msgs/local/lib/python3.10/dist-packages/realsense2_camera_msgs/_realsense2_camera_msgs_s.ep.rosidl_typesupport_introspection_c.c
[4.233s] -- Up-to-date: /root/Lunar_ROADSTER/lr_ws/install/realsense2_camera_msgs/local/lib/python3.10/dist-packages/realsense2_camera_msgs/_realsense2_camera_msgs_s.ep.rosidl_typesupport_c.c
[4.234s] -- Up-to-date: /root/Lunar_ROADSTER/lr_ws/install/realsense2_camera_msgs/local/lib/python3.10/dist-packages/realsense2_camera_msgs/librealsense2_camera_msgs__rosidl_generator_py.so
[4.234s] -- Up-to-date: /root/Lunar_ROADSTER/lr_ws/install/realsense2_camera_msgs/local/lib/python3.10/dist-packages/realsense2_camera_msgs/realsense2_camera_msgs_s__rosidl_typesupport_fastrtps_c.cpython-310-aarch64-linux-gnu.so
[4.234s] -- Up-to-date: /root/Lunar_ROADSTER/lr_ws/install/realsense2_camera_msgs/local/lib/python3.10/dist-packages/realsense2_camera_msgs/realsense2_camera_msgs_s__rosidl_typesupport_c.cpython-310-aarch64-linux-gnu.so
[4.234s] -- Up-to-date: /root/Lunar_ROADSTER/lr_ws/install/realsense2_camera_msgs/local/lib/python3.10/dist-packages/realsense2_camera_msgs/realsense2_camera_msgs_s__rosidl_typesupport_introspection_c.cpython-310-aarch64-linux-gnu.so
[4.527s] Listing '/root/Lunar_ROADSTER/lr_ws/install/realsense2_camera_msgs/local/lib/python3.10/dist-packages/realsense2_camera_msgs'...
[4.527s] Listing '/root/Lunar_ROADSTER/lr_ws/install/realsense2_camera_msgs/local/lib/python3.10/dist-packages/realsense2_camera_msgs/msg'...
[4.528s] Listing '/root/Lunar_ROADSTER/lr_ws/install/realsense2_camera_msgs/local/lib/python3.10/dist-packages/realsense2_camera_msgs/srv'...
[4.562s] -- Up-to-date: /root/Lunar_ROADSTER/lr_ws/install/realsense2_camera_msgs/local/lib/python3.10/dist-packages/realsense2_camera_msgs/realsense2_camera_msgs_s__rosidl_typesupport_fastrtps_c.cpython-310-aarch64-linux-gnu.so
[4.566s] -- Up-to-date: /root/Lunar_ROADSTER/lr_ws/install/realsense2_camera_msgs/local/lib/python3.10/dist-packages/realsense2_camera_msgs/realsense2_camera_msgs_s__rosidl_typesupport_introspection_c.cpython-310-aarch64-linux-gnu.so
[4.570s] -- Up-to-date: /root/Lunar_ROADSTER/lr_ws/install/realsense2_camera_msgs/local/lib/python3.10/dist-packages/realsense2_camera_msgs/realsense2_camera_msgs_s__rosidl_typesupport_c.cpython-310-aarch64-linux-gnu.so
[4.571s] -- Up-to-date: /root/Lunar_ROADSTER/lr_ws/install/realsense2_camera_msgs/lib/librealsense2_camera_msgs__rosidl_generator_py.so
[4.573s] -- Up-to-date: /root/Lunar_ROADSTER/lr_ws/install/realsense2_camera_msgs/share/realsense2_camera_msgs/msg/IMUInfo.idl
[4.574s] -- Up-to-date: /root/Lunar_ROADSTER/lr_ws/install/realsense2_camera_msgs/share/realsense2_camera_msgs/msg/Extrinsics.idl
[4.574s] -- Up-to-date: /root/Lunar_ROADSTER/lr_ws/install/realsense2_camera_msgs/share/realsense2_camera_msgs/msg/Metadata.idl
[4.575s] -- Up-to-date: /root/Lunar_ROADSTER/lr_ws/install/realsense2_camera_msgs/share/realsense2_camera_msgs/msg/RGBD.idl
[4.576s] -- Up-to-date: /root/Lunar_ROADSTER/lr_ws/install/realsense2_camera_msgs/share/realsense2_camera_msgs/srv/DeviceInfo.idl
[4.577s] -- Up-to-date: /root/Lunar_ROADSTER/lr_ws/install/realsense2_camera_msgs/share/realsense2_camera_msgs/msg/IMUInfo.msg
[4.581s] -- Up-to-date: /root/Lunar_ROADSTER/lr_ws/install/realsense2_camera_msgs/share/realsense2_camera_msgs/msg/Extrinsics.msg
[4.582s] -- Up-to-date: /root/Lunar_ROADSTER/lr_ws/install/realsense2_camera_msgs/share/realsense2_camera_msgs/msg/Metadata.msg
[4.583s] -- Up-to-date: /root/Lunar_ROADSTER/lr_ws/install/realsense2_camera_msgs/share/realsense2_camera_msgs/msg/RGBD.msg
[4.584s] -- Up-to-date: /root/Lunar_ROADSTER/lr_ws/install/realsense2_camera_msgs/share/realsense2_camera_msgs/srv/DeviceInfo.srv
[4.585s] -- Up-to-date: /root/Lunar_ROADSTER/lr_ws/install/realsense2_camera_msgs/share/realsense2_camera_msgs/srv/DeviceInfo_Request.msg
[4.586s] -- Up-to-date: /root/Lunar_ROADSTER/lr_ws/install/realsense2_camera_msgs/share/realsense2_camera_msgs/srv/DeviceInfo_Response.msg
[4.587s] -- Up-to-date: /root/Lunar_ROADSTER/lr_ws/install/realsense2_camera_msgs/share/ament_index/resource_index/package_run_dependencies/realsense2_camera_msgs
[4.588s] -- Up-to-date: /root/Lunar_ROADSTER/lr_ws/install/realsense2_camera_msgs/share/ament_index/resource_index/parent_prefix_path/realsense2_camera_msgs
[4.593s] -- Up-to-date: /root/Lunar_ROADSTER/lr_ws/install/realsense2_camera_msgs/share/realsense2_camera_msgs/environment/ament_prefix_path.sh
[4.594s] -- Up-to-date: /root/Lunar_ROADSTER/lr_ws/install/realsense2_camera_msgs/share/realsense2_camera_msgs/environment/ament_prefix_path.dsv
[4.595s] -- Up-to-date: /root/Lunar_ROADSTER/lr_ws/install/realsense2_camera_msgs/share/realsense2_camera_msgs/environment/path.sh
[4.596s] -- Up-to-date: /root/Lunar_ROADSTER/lr_ws/install/realsense2_camera_msgs/share/realsense2_camera_msgs/environment/path.dsv
[4.597s] -- Up-to-date: /root/Lunar_ROADSTER/lr_ws/install/realsense2_camera_msgs/share/realsense2_camera_msgs/local_setup.bash
[4.597s] -- Up-to-date: /root/Lunar_ROADSTER/lr_ws/install/realsense2_camera_msgs/share/realsense2_camera_msgs/local_setup.sh
[4.598s] -- Up-to-date: /root/Lunar_ROADSTER/lr_ws/install/realsense2_camera_msgs/share/realsense2_camera_msgs/local_setup.zsh
[4.599s] -- Up-to-date: /root/Lunar_ROADSTER/lr_ws/install/realsense2_camera_msgs/share/realsense2_camera_msgs/local_setup.dsv
[4.600s] -- Installing: /root/Lunar_ROADSTER/lr_ws/install/realsense2_camera_msgs/share/realsense2_camera_msgs/package.dsv
[4.603s] -- Up-to-date: /root/Lunar_ROADSTER/lr_ws/install/realsense2_camera_msgs/share/ament_index/resource_index/packages/realsense2_camera_msgs
[4.618s] -- Up-to-date: /root/Lunar_ROADSTER/lr_ws/install/realsense2_camera_msgs/share/realsense2_camera_msgs/cmake/export_realsense2_camera_msgs__rosidl_generator_cExport.cmake
[4.619s] -- Up-to-date: /root/Lunar_ROADSTER/lr_ws/install/realsense2_camera_msgs/share/realsense2_camera_msgs/cmake/export_realsense2_camera_msgs__rosidl_generator_cExport-noconfig.cmake
[4.621s] -- Up-to-date: /root/Lunar_ROADSTER/lr_ws/install/realsense2_camera_msgs/share/realsense2_camera_msgs/cmake/export_realsense2_camera_msgs__rosidl_typesupport_fastrtps_cExport.cmake
[4.621s] -- Up-to-date: /root/Lunar_ROADSTER/lr_ws/install/realsense2_camera_msgs/share/realsense2_camera_msgs/cmake/export_realsense2_camera_msgs__rosidl_typesupport_fastrtps_cExport-noconfig.cmake
[4.625s] -- Up-to-date: /root/Lunar_ROADSTER/lr_ws/install/realsense2_camera_msgs/share/realsense2_camera_msgs/cmake/realsense2_camera_msgs__rosidl_typesupport_introspection_cExport.cmake
[4.625s] -- Up-to-date: /root/Lunar_ROADSTER/lr_ws/install/realsense2_camera_msgs/share/realsense2_camera_msgs/cmake/realsense2_camera_msgs__rosidl_typesupport_introspection_cExport-noconfig.cmake
[4.627s] -- Up-to-date: /root/Lunar_ROADSTER/lr_ws/install/realsense2_camera_msgs/share/realsense2_camera_msgs/cmake/realsense2_camera_msgs__rosidl_typesupport_cExport.cmake
[4.628s] -- Up-to-date: /root/Lunar_ROADSTER/lr_ws/install/realsense2_camera_msgs/share/realsense2_camera_msgs/cmake/realsense2_camera_msgs__rosidl_typesupport_cExport-noconfig.cmake
[4.630s] -- Up-to-date: /root/Lunar_ROADSTER/lr_ws/install/realsense2_camera_msgs/share/realsense2_camera_msgs/cmake/export_realsense2_camera_msgs__rosidl_generator_cppExport.cmake
[4.631s] -- Up-to-date: /root/Lunar_ROADSTER/lr_ws/install/realsense2_camera_msgs/share/realsense2_camera_msgs/cmake/export_realsense2_camera_msgs__rosidl_typesupport_fastrtps_cppExport.cmake
[4.632s] -- Up-to-date: /root/Lunar_ROADSTER/lr_ws/install/realsense2_camera_msgs/share/realsense2_camera_msgs/cmake/export_realsense2_camera_msgs__rosidl_typesupport_fastrtps_cppExport-noconfig.cmake
[4.633s] -- Up-to-date: /root/Lunar_ROADSTER/lr_ws/install/realsense2_camera_msgs/share/realsense2_camera_msgs/cmake/realsense2_camera_msgs__rosidl_typesupport_introspection_cppExport.cmake
[4.634s] -- Up-to-date: /root/Lunar_ROADSTER/lr_ws/install/realsense2_camera_msgs/share/realsense2_camera_msgs/cmake/realsense2_camera_msgs__rosidl_typesupport_introspection_cppExport-noconfig.cmake
[4.635s] -- Up-to-date: /root/Lunar_ROADSTER/lr_ws/install/realsense2_camera_msgs/share/realsense2_camera_msgs/cmake/realsense2_camera_msgs__rosidl_typesupport_cppExport.cmake
[4.636s] -- Up-to-date: /root/Lunar_ROADSTER/lr_ws/install/realsense2_camera_msgs/share/realsense2_camera_msgs/cmake/realsense2_camera_msgs__rosidl_typesupport_cppExport-noconfig.cmake
[4.638s] -- Up-to-date: /root/Lunar_ROADSTER/lr_ws/install/realsense2_camera_msgs/share/realsense2_camera_msgs/cmake/export_realsense2_camera_msgs__rosidl_generator_pyExport.cmake
[4.638s] -- Up-to-date: /root/Lunar_ROADSTER/lr_ws/install/realsense2_camera_msgs/share/realsense2_camera_msgs/cmake/export_realsense2_camera_msgs__rosidl_generator_pyExport-noconfig.cmake
[4.639s] -- Up-to-date: /root/Lunar_ROADSTER/lr_ws/install/realsense2_camera_msgs/share/realsense2_camera_msgs/cmake/rosidl_cmake-extras.cmake
[4.640s] -- Up-to-date: /root/Lunar_ROADSTER/lr_ws/install/realsense2_camera_msgs/share/realsense2_camera_msgs/cmake/ament_cmake_export_dependencies-extras.cmake
[4.642s] -- Up-to-date: /root/Lunar_ROADSTER/lr_ws/install/realsense2_camera_msgs/share/realsense2_camera_msgs/cmake/ament_cmake_export_include_directories-extras.cmake
[4.642s] -- Up-to-date: /root/Lunar_ROADSTER/lr_ws/install/realsense2_camera_msgs/share/realsense2_camera_msgs/cmake/ament_cmake_export_libraries-extras.cmake
[4.651s] -- Up-to-date: /root/Lunar_ROADSTER/lr_ws/install/realsense2_camera_msgs/share/realsense2_camera_msgs/cmake/ament_cmake_export_targets-extras.cmake
[4.651s] -- Up-to-date: /root/Lunar_ROADSTER/lr_ws/install/realsense2_camera_msgs/share/realsense2_camera_msgs/cmake/rosidl_cmake_export_typesupport_targets-extras.cmake
[4.651s] -- Up-to-date: /root/Lunar_ROADSTER/lr_ws/install/realsense2_camera_msgs/share/realsense2_camera_msgs/cmake/rosidl_cmake_export_typesupport_libraries-extras.cmake
[4.652s] -- Up-to-date: /root/Lunar_ROADSTER/lr_ws/install/realsense2_camera_msgs/share/realsense2_camera_msgs/cmake/realsense2_camera_msgsConfig.cmake
[4.652s] -- Up-to-date: /root/Lunar_ROADSTER/lr_ws/install/realsense2_camera_msgs/share/realsense2_camera_msgs/cmake/realsense2_camera_msgsConfig-version.cmake
[4.652s] -- Up-to-date: /root/Lunar_ROADSTER/lr_ws/install/realsense2_camera_msgs/share/realsense2_camera_msgs/package.xml
[5.839s] Invoked command in '/root/Lunar_ROADSTER/lr_ws/build/realsense2_camera_msgs' returned '0': CMAKE_PREFIX_PATH=${CMAKE_PREFIX_PATH}:/root/Lunar_ROADSTER/lr_ws/install/nav2_simple_commander:/opt/ros/humble: /usr/local/bin/cmake --install /root/Lunar_ROADSTER/lr_ws/build/realsense2_camera_msgs
