[0.021s] Invoking command in '/home/williamfbx/Lunar-ROADSTER/lr_ws/build/grid_map_costmap_2d': CMAKE_PREFIX_PATH=/home/williamfbx/Lunar-ROADSTER/lr_ws/install/grid_map_core:/home/williamfbx/Lunar-ROADSTER/lr_ws/install/grid_map_cmake_helpers:/home/williamfbx/Lunar-ROADSTER/lr_ws/install/teleop:/home/williamfbx/Lunar-ROADSTER/lr_ws/install/sensing:/home/williamfbx/Lunar-ROADSTER/lr_ws/install/motion_control:/home/williamfbx/Lunar-ROADSTER/lr_ws/install/localization:/home/williamfbx/Lunar-ROADSTER/lr_ws/install/imu:/home/williamfbx/Lunar-ROADSTER/lr_ws/install/grid_map:/home/williamfbx/Lunar-ROADSTER/lr_ws/install/grid_map_demos:/home/williamfbx/Lunar-ROADSTER/lr_ws/install/grid_map_visualization:/home/williamfbx/Lunar-ROADSTER/lr_ws/install/grid_map_sdf:/home/williamfbx/Lunar-ROADSTER/lr_ws/install/grid_map_rviz_plugin:/home/williamfbx/Lunar-ROADSTER/lr_ws/install/grid_map_pcl:/home/williamfbx/Lunar-ROADSTER/lr_ws/install/grid_map_loader:/home/williamfbx/Lunar-ROADSTER/lr_ws/install/grid_map_filters:/home/williamfbx/Lunar-ROADSTER/lr_ws/install/grid_map_ros:/home/williamfbx/Lunar-ROADSTER/lr_ws/install/grid_map_octomap:/home/williamfbx/Lunar-ROADSTER/lr_ws/install/grid_map_msgs:/home/williamfbx/Lunar-ROADSTER/lr_ws/install/grid_map_cv:/home/williamfbx/Lunar-ROADSTER/lr_ws/install/grid_map_costmap_2d:/home/williamfbx/Lunar-ROADSTER/lr_ws/install/arduino:/home/williamfbx/Lunar-ROADSTER/lr_ws/install/cg_msgs:/opt/ros/humble /usr/bin/cmake --build /home/williamfbx/Lunar-ROADSTER/lr_ws/build/grid_map_costmap_2d -- -j12 -l12
[0.084s] [ 22%] Built target gtest
[0.085s] [ 44%] Built target gtest_main
[0.086s] [ 44%] Built target grid_map_costmap_2d
[0.113s] [ 77%] Built target grid_map_costmap_2d-test
[0.118s] [100%] Built target costmap-2d-ros-test
[0.159s] Invoked command in '/home/williamfbx/Lunar-ROADSTER/lr_ws/build/grid_map_costmap_2d' returned '0': CMAKE_PREFIX_PATH=/home/williamfbx/Lunar-ROADSTER/lr_ws/install/grid_map_core:/home/williamfbx/Lunar-ROADSTER/lr_ws/install/grid_map_cmake_helpers:/home/williamfbx/Lunar-ROADSTER/lr_ws/install/teleop:/home/williamfbx/Lunar-ROADSTER/lr_ws/install/sensing:/home/williamfbx/Lunar-ROADSTER/lr_ws/install/motion_control:/home/williamfbx/Lunar-ROADSTER/lr_ws/install/localization:/home/williamfbx/Lunar-ROADSTER/lr_ws/install/imu:/home/williamfbx/Lunar-ROADSTER/lr_ws/install/grid_map:/home/williamfbx/Lunar-ROADSTER/lr_ws/install/grid_map_demos:/home/williamfbx/Lunar-ROADSTER/lr_ws/install/grid_map_visualization:/home/williamfbx/Lunar-ROADSTER/lr_ws/install/grid_map_sdf:/home/williamfbx/Lunar-ROADSTER/lr_ws/install/grid_map_rviz_plugin:/home/williamfbx/Lunar-ROADSTER/lr_ws/install/grid_map_pcl:/home/williamfbx/Lunar-ROADSTER/lr_ws/install/grid_map_loader:/home/williamfbx/Lunar-ROADSTER/lr_ws/install/grid_map_filters:/home/williamfbx/Lunar-ROADSTER/lr_ws/install/grid_map_ros:/home/williamfbx/Lunar-ROADSTER/lr_ws/install/grid_map_octomap:/home/williamfbx/Lunar-ROADSTER/lr_ws/install/grid_map_msgs:/home/williamfbx/Lunar-ROADSTER/lr_ws/install/grid_map_cv:/home/williamfbx/Lunar-ROADSTER/lr_ws/install/grid_map_costmap_2d:/home/williamfbx/Lunar-ROADSTER/lr_ws/install/arduino:/home/williamfbx/Lunar-ROADSTER/lr_ws/install/cg_msgs:/opt/ros/humble /usr/bin/cmake --build /home/williamfbx/Lunar-ROADSTER/lr_ws/build/grid_map_costmap_2d -- -j12 -l12
[0.160s] Invoking command in '/home/williamfbx/Lunar-ROADSTER/lr_ws/build/grid_map_costmap_2d': CMAKE_PREFIX_PATH=/home/williamfbx/Lunar-ROADSTER/lr_ws/install/grid_map_core:/home/williamfbx/Lunar-ROADSTER/lr_ws/install/grid_map_cmake_helpers:/home/williamfbx/Lunar-ROADSTER/lr_ws/install/teleop:/home/williamfbx/Lunar-ROADSTER/lr_ws/install/sensing:/home/williamfbx/Lunar-ROADSTER/lr_ws/install/motion_control:/home/williamfbx/Lunar-ROADSTER/lr_ws/install/localization:/home/williamfbx/Lunar-ROADSTER/lr_ws/install/imu:/home/williamfbx/Lunar-ROADSTER/lr_ws/install/grid_map:/home/williamfbx/Lunar-ROADSTER/lr_ws/install/grid_map_demos:/home/williamfbx/Lunar-ROADSTER/lr_ws/install/grid_map_visualization:/home/williamfbx/Lunar-ROADSTER/lr_ws/install/grid_map_sdf:/home/williamfbx/Lunar-ROADSTER/lr_ws/install/grid_map_rviz_plugin:/home/williamfbx/Lunar-ROADSTER/lr_ws/install/grid_map_pcl:/home/williamfbx/Lunar-ROADSTER/lr_ws/install/grid_map_loader:/home/williamfbx/Lunar-ROADSTER/lr_ws/install/grid_map_filters:/home/williamfbx/Lunar-ROADSTER/lr_ws/install/grid_map_ros:/home/williamfbx/Lunar-ROADSTER/lr_ws/install/grid_map_octomap:/home/williamfbx/Lunar-ROADSTER/lr_ws/install/grid_map_msgs:/home/williamfbx/Lunar-ROADSTER/lr_ws/install/grid_map_cv:/home/williamfbx/Lunar-ROADSTER/lr_ws/install/grid_map_costmap_2d:/home/williamfbx/Lunar-ROADSTER/lr_ws/install/arduino:/home/williamfbx/Lunar-ROADSTER/lr_ws/install/cg_msgs:/opt/ros/humble /usr/bin/cmake --install /home/williamfbx/Lunar-ROADSTER/lr_ws/build/grid_map_costmap_2d
[0.173s] -- Install configuration: "Release"
[0.173s] -- Up-to-date: /home/williamfbx/Lunar-ROADSTER/lr_ws/install/grid_map_costmap_2d/include/grid_map_costmap_2d
[0.173s] -- Up-to-date: /home/williamfbx/Lunar-ROADSTER/lr_ws/install/grid_map_costmap_2d/include/grid_map_costmap_2d/grid_map_costmap_2d
[0.173s] -- Up-to-date: /home/williamfbx/Lunar-ROADSTER/lr_ws/install/grid_map_costmap_2d/include/grid_map_costmap_2d/grid_map_costmap_2d/costmap_2d_converter.hpp
[0.173s] -- Up-to-date: /home/williamfbx/Lunar-ROADSTER/lr_ws/install/grid_map_costmap_2d/include/grid_map_costmap_2d/grid_map_costmap_2d/grid_map_costmap_2d.hpp
[0.173s] -- Up-to-date: /home/williamfbx/Lunar-ROADSTER/lr_ws/install/grid_map_costmap_2d/share/grid_map_costmap_2d/environment/library_path.sh
[0.174s] -- Up-to-date: /home/williamfbx/Lunar-ROADSTER/lr_ws/install/grid_map_costmap_2d/share/grid_map_costmap_2d/environment/library_path.dsv
[0.174s] -- Up-to-date: /home/williamfbx/Lunar-ROADSTER/lr_ws/install/grid_map_costmap_2d/share/ament_index/resource_index/package_run_dependencies/grid_map_costmap_2d
[0.174s] -- Up-to-date: /home/williamfbx/Lunar-ROADSTER/lr_ws/install/grid_map_costmap_2d/share/ament_index/resource_index/parent_prefix_path/grid_map_costmap_2d
[0.174s] -- Up-to-date: /home/williamfbx/Lunar-ROADSTER/lr_ws/install/grid_map_costmap_2d/share/grid_map_costmap_2d/environment/ament_prefix_path.sh
[0.174s] -- Up-to-date: /home/williamfbx/Lunar-ROADSTER/lr_ws/install/grid_map_costmap_2d/share/grid_map_costmap_2d/environment/ament_prefix_path.dsv
[0.174s] -- Up-to-date: /home/williamfbx/Lunar-ROADSTER/lr_ws/install/grid_map_costmap_2d/share/grid_map_costmap_2d/environment/path.sh
[0.174s] -- Up-to-date: /home/williamfbx/Lunar-ROADSTER/lr_ws/install/grid_map_costmap_2d/share/grid_map_costmap_2d/environment/path.dsv
[0.174s] -- Up-to-date: /home/williamfbx/Lunar-ROADSTER/lr_ws/install/grid_map_costmap_2d/share/grid_map_costmap_2d/local_setup.bash
[0.174s] -- Up-to-date: /home/williamfbx/Lunar-ROADSTER/lr_ws/install/grid_map_costmap_2d/share/grid_map_costmap_2d/local_setup.sh
[0.174s] -- Up-to-date: /home/williamfbx/Lunar-ROADSTER/lr_ws/install/grid_map_costmap_2d/share/grid_map_costmap_2d/local_setup.zsh
[0.174s] -- Up-to-date: /home/williamfbx/Lunar-ROADSTER/lr_ws/install/grid_map_costmap_2d/share/grid_map_costmap_2d/local_setup.dsv
[0.174s] -- Installing: /home/williamfbx/Lunar-ROADSTER/lr_ws/install/grid_map_costmap_2d/share/grid_map_costmap_2d/package.dsv
[0.174s] -- Up-to-date: /home/williamfbx/Lunar-ROADSTER/lr_ws/install/grid_map_costmap_2d/share/ament_index/resource_index/packages/grid_map_costmap_2d
[0.174s] -- Up-to-date: /home/williamfbx/Lunar-ROADSTER/lr_ws/install/grid_map_costmap_2d/share/grid_map_costmap_2d/cmake/export_grid_map_costmap_2dExport.cmake
[0.174s] -- Up-to-date: /home/williamfbx/Lunar-ROADSTER/lr_ws/install/grid_map_costmap_2d/share/grid_map_costmap_2d/cmake/ament_cmake_export_targets-extras.cmake
[0.174s] -- Up-to-date: /home/williamfbx/Lunar-ROADSTER/lr_ws/install/grid_map_costmap_2d/share/grid_map_costmap_2d/cmake/ament_cmake_export_dependencies-extras.cmake
[0.174s] -- Up-to-date: /home/williamfbx/Lunar-ROADSTER/lr_ws/install/grid_map_costmap_2d/share/grid_map_costmap_2d/cmake/grid_map_costmap_2dConfig.cmake
[0.174s] -- Up-to-date: /home/williamfbx/Lunar-ROADSTER/lr_ws/install/grid_map_costmap_2d/share/grid_map_costmap_2d/cmake/grid_map_costmap_2dConfig-version.cmake
[0.175s] -- Up-to-date: /home/williamfbx/Lunar-ROADSTER/lr_ws/install/grid_map_costmap_2d/share/grid_map_costmap_2d/package.xml
[0.189s] Invoked command in '/home/williamfbx/Lunar-ROADSTER/lr_ws/build/grid_map_costmap_2d' returned '0': CMAKE_PREFIX_PATH=/home/williamfbx/Lunar-ROADSTER/lr_ws/install/grid_map_core:/home/williamfbx/Lunar-ROADSTER/lr_ws/install/grid_map_cmake_helpers:/home/williamfbx/Lunar-ROADSTER/lr_ws/install/teleop:/home/williamfbx/Lunar-ROADSTER/lr_ws/install/sensing:/home/williamfbx/Lunar-ROADSTER/lr_ws/install/motion_control:/home/williamfbx/Lunar-ROADSTER/lr_ws/install/localization:/home/williamfbx/Lunar-ROADSTER/lr_ws/install/imu:/home/williamfbx/Lunar-ROADSTER/lr_ws/install/grid_map:/home/williamfbx/Lunar-ROADSTER/lr_ws/install/grid_map_demos:/home/williamfbx/Lunar-ROADSTER/lr_ws/install/grid_map_visualization:/home/williamfbx/Lunar-ROADSTER/lr_ws/install/grid_map_sdf:/home/williamfbx/Lunar-ROADSTER/lr_ws/install/grid_map_rviz_plugin:/home/williamfbx/Lunar-ROADSTER/lr_ws/install/grid_map_pcl:/home/williamfbx/Lunar-ROADSTER/lr_ws/install/grid_map_loader:/home/williamfbx/Lunar-ROADSTER/lr_ws/install/grid_map_filters:/home/williamfbx/Lunar-ROADSTER/lr_ws/install/grid_map_ros:/home/williamfbx/Lunar-ROADSTER/lr_ws/install/grid_map_octomap:/home/williamfbx/Lunar-ROADSTER/lr_ws/install/grid_map_msgs:/home/williamfbx/Lunar-ROADSTER/lr_ws/install/grid_map_cv:/home/williamfbx/Lunar-ROADSTER/lr_ws/install/grid_map_costmap_2d:/home/williamfbx/Lunar-ROADSTER/lr_ws/install/arduino:/home/williamfbx/Lunar-ROADSTER/lr_ws/install/cg_msgs:/opt/ros/humble /usr/bin/cmake --install /home/williamfbx/Lunar-ROADSTER/lr_ws/build/grid_map_costmap_2d
