[100%] Built target serial_interface_node
-- Install configuration: ""
-- Up-to-date: /root/Lunar_ROADSTER/lr_ws/install/arduino/lib/arduino/serial_interface_node
-- Up-to-date: /root/Lunar_ROADSTER/lr_ws/install/arduino/include/arduino
-- Up-to-date: /root/Lunar_ROADSTER/lr_ws/install/arduino/include/arduino/serial_interface_node.hpp
-- Up-to-date: /root/Lunar_ROADSTER/lr_ws/install/arduino/share/arduino//config
-- Up-to-date: /root/Lunar_ROADSTER/lr_ws/install/arduino/share/arduino//config/device_params.yaml
-- Up-to-date: /root/Lunar_ROADSTER/lr_ws/install/arduino/share/arduino//config/diagnostic_params.yaml
-- Up-to-date: /root/Lunar_ROADSTER/lr_ws/install/arduino/share/arduino//config/scale_offset_params.yaml
-- Up-to-date: /root/Lunar_ROADSTER/lr_ws/install/arduino/share/ament_index/resource_index/package_run_dependencies/arduino
-- Up-to-date: /root/Lunar_ROADSTER/lr_ws/install/arduino/share/ament_index/resource_index/parent_prefix_path/arduino
-- Up-to-date: /root/Lunar_ROADSTER/lr_ws/install/arduino/share/arduino/environment/ament_prefix_path.sh
-- Up-to-date: /root/Lunar_ROADSTER/lr_ws/install/arduino/share/arduino/environment/ament_prefix_path.dsv
-- Up-to-date: /root/Lunar_ROADSTER/lr_ws/install/arduino/share/arduino/environment/path.sh
-- Up-to-date: /root/Lunar_ROADSTER/lr_ws/install/arduino/share/arduino/environment/path.dsv
-- Up-to-date: /root/Lunar_ROADSTER/lr_ws/install/arduino/share/arduino/local_setup.bash
-- Up-to-date: /root/Lunar_ROADSTER/lr_ws/install/arduino/share/arduino/local_setup.sh
-- Up-to-date: /root/Lunar_ROADSTER/lr_ws/install/arduino/share/arduino/local_setup.zsh
-- Up-to-date: /root/Lunar_ROADSTER/lr_ws/install/arduino/share/arduino/local_setup.dsv
-- Installing: /root/Lunar_ROADSTER/lr_ws/install/arduino/share/arduino/package.dsv
-- Up-to-date: /root/Lunar_ROADSTER/lr_ws/install/arduino/share/ament_index/resource_index/packages/arduino
-- Up-to-date: /root/Lunar_ROADSTER/lr_ws/install/arduino/share/arduino/cmake/arduinoConfig.cmake
-- Up-to-date: /root/Lunar_ROADSTER/lr_ws/install/arduino/share/arduino/cmake/arduinoConfig-version.cmake
-- Up-to-date: /root/Lunar_ROADSTER/lr_ws/install/arduino/share/arduino/package.xml
