[0.017s] Invoking command in '/root/Lunar_ROADSTER/lr_ws/build/sensing': CMAKE_PREFIX_PATH=/opt/ros/humble /usr/local/bin/cmake /root/Lunar_ROADSTER/lr_ws/src/sensing -DCMAKE_INSTALL_PREFIX=/root/Lunar_ROADSTER/lr_ws/install/sensing
[0.405s] -- The C compiler identification is GNU 11.4.0
[0.583s] -- The CXX compiler identification is GNU 11.4.0
[0.594s] -- Detecting C compiler ABI info
[0.652s] -- Detecting C compiler ABI info - done
[0.659s] -- Check for working C compiler: /usr/bin/cc - skipped
[0.659s] -- Detecting C compile features
[0.660s] -- Detecting C compile features - done
[0.662s] -- Detecting CXX compiler ABI info
[0.732s] -- Detecting CXX compiler ABI info - done
[0.738s] -- Check for working CXX compiler: /usr/bin/c++ - skipped
[0.738s] -- Detecting CXX compile features
[0.739s] -- Detecting CXX compile features - done
[0.746s] -- Found ament_cmake: 1.3.10 (/opt/ros/humble/share/ament_cmake/cmake)
[0.860s] -- Found Python3: /usr/bin/python3 (found version "3.10.12") found components: Interpreter 
[0.957s] -- Found ament_lint_auto: 0.12.11 (/opt/ros/humble/share/ament_lint_auto/cmake)
[1.007s] -- Configuring done
[1.009s] -- Generating done
[1.010s] -- Build files have been written to: /root/Lunar_ROADSTER/lr_ws/build/sensing
[1.013s] Invoked command in '/root/Lunar_ROADSTER/lr_ws/build/sensing' returned '0': CMAKE_PREFIX_PATH=/opt/ros/humble /usr/local/bin/cmake /root/Lunar_ROADSTER/lr_ws/src/sensing -DCMAKE_INSTALL_PREFIX=/root/Lunar_ROADSTER/lr_ws/install/sensing
[1.014s] Invoking command in '/root/Lunar_ROADSTER/lr_ws/build/sensing': CMAKE_PREFIX_PATH=/opt/ros/humble /usr/local/bin/cmake --build /root/Lunar_ROADSTER/lr_ws/build/sensing -- -j16 -l16
[1.033s] Invoked command in '/root/Lunar_ROADSTER/lr_ws/build/sensing' returned '0': CMAKE_PREFIX_PATH=/opt/ros/humble /usr/local/bin/cmake --build /root/Lunar_ROADSTER/lr_ws/build/sensing -- -j16 -l16
[1.045s] Invoking command in '/root/Lunar_ROADSTER/lr_ws/build/sensing': CMAKE_PREFIX_PATH=/opt/ros/humble /usr/local/bin/cmake --install /root/Lunar_ROADSTER/lr_ws/build/sensing
[1.048s] -- Install configuration: ""
[1.048s] -- Installing: /root/Lunar_ROADSTER/lr_ws/install/sensing/share/sensing/launch
[1.048s] -- Installing: /root/Lunar_ROADSTER/lr_ws/install/sensing/share/sensing/launch/sensing_launch.py
[1.049s] -- Installing: /root/Lunar_ROADSTER/lr_ws/install/sensing/share/ament_index/resource_index/package_run_dependencies/sensing
[1.049s] -- Installing: /root/Lunar_ROADSTER/lr_ws/install/sensing/share/ament_index/resource_index/parent_prefix_path/sensing
[1.049s] -- Installing: /root/Lunar_ROADSTER/lr_ws/install/sensing/share/sensing/environment/ament_prefix_path.sh
[1.049s] -- Installing: /root/Lunar_ROADSTER/lr_ws/install/sensing/share/sensing/environment/ament_prefix_path.dsv
[1.049s] -- Installing: /root/Lunar_ROADSTER/lr_ws/install/sensing/share/sensing/environment/path.sh
[1.049s] -- Installing: /root/Lunar_ROADSTER/lr_ws/install/sensing/share/sensing/environment/path.dsv
[1.049s] -- Installing: /root/Lunar_ROADSTER/lr_ws/install/sensing/share/sensing/local_setup.bash
[1.049s] -- Installing: /root/Lunar_ROADSTER/lr_ws/install/sensing/share/sensing/local_setup.sh
[1.050s] -- Installing: /root/Lunar_ROADSTER/lr_ws/install/sensing/share/sensing/local_setup.zsh
[1.050s] -- Installing: /root/Lunar_ROADSTER/lr_ws/install/sensing/share/sensing/local_setup.dsv
[1.050s] -- Installing: /root/Lunar_ROADSTER/lr_ws/install/sensing/share/sensing/package.dsv
[1.050s] -- Installing: /root/Lunar_ROADSTER/lr_ws/install/sensing/share/ament_index/resource_index/packages/sensing
[1.050s] -- Installing: /root/Lunar_ROADSTER/lr_ws/install/sensing/share/sensing/cmake/sensingConfig.cmake
[1.050s] -- Installing: /root/Lunar_ROADSTER/lr_ws/install/sensing/share/sensing/cmake/sensingConfig-version.cmake
[1.050s] -- Installing: /root/Lunar_ROADSTER/lr_ws/install/sensing/share/sensing/package.xml
[1.053s] Invoked command in '/root/Lunar_ROADSTER/lr_ws/build/sensing' returned '0': CMAKE_PREFIX_PATH=/opt/ros/humble /usr/local/bin/cmake --install /root/Lunar_ROADSTER/lr_ws/build/sensing
