[0.085s] Invoking command in '/root/Lunar_ROADSTER/lr_ws/build/motion_control': AMENT_PREFIX_PATH=/root/Lunar_ROADSTER/lr_ws/install/cg_msgs:${AMENT_PREFIX_PATH} CMAKE_PREFIX_PATH=/root/Lunar_ROADSTER/lr_ws/install/cg_msgs:/opt/ros/humble LD_LIBRARY_PATH=/root/Lunar_ROADSTER/lr_ws/install/cg_msgs/lib:/opt/ros/humble/opt/rviz_ogre_vendor/lib:/opt/ros/humble/lib/aarch64-linux-gnu:/opt/ros/humble/lib:/usr/local/cuda/lib64 PYTHONPATH=/root/Lunar_ROADSTER/lr_ws/install/cg_msgs/local/lib/python3.10/dist-packages:${PYTHONPATH} /usr/local/bin/cmake --build /root/Lunar_ROADSTER/lr_ws/build/motion_control -- -j4 -l4
[0.480s] [35m[1mConsolidate compiler generated dependencies of target cmd_mux[0m
[0.483s] [35m[1mConsolidate compiler generated dependencies of target odom_node[0m
[0.672s] [ 50%] Built target odom_node
[0.692s] [100%] Built target cmd_mux
[0.781s] Invoked command in '/root/Lunar_ROADSTER/lr_ws/build/motion_control' returned '0': AMENT_PREFIX_PATH=/root/Lunar_ROADSTER/lr_ws/install/cg_msgs:${AMENT_PREFIX_PATH} CMAKE_PREFIX_PATH=/root/Lunar_ROADSTER/lr_ws/install/cg_msgs:/opt/ros/humble LD_LIBRARY_PATH=/root/Lunar_ROADSTER/lr_ws/install/cg_msgs/lib:/opt/ros/humble/opt/rviz_ogre_vendor/lib:/opt/ros/humble/lib/aarch64-linux-gnu:/opt/ros/humble/lib:/usr/local/cuda/lib64 PYTHONPATH=/root/Lunar_ROADSTER/lr_ws/install/cg_msgs/local/lib/python3.10/dist-packages:${PYTHONPATH} /usr/local/bin/cmake --build /root/Lunar_ROADSTER/lr_ws/build/motion_control -- -j4 -l4
[0.784s] Invoking command in '/root/Lunar_ROADSTER/lr_ws/build/motion_control': AMENT_PREFIX_PATH=/root/Lunar_ROADSTER/lr_ws/install/cg_msgs:${AMENT_PREFIX_PATH} CMAKE_PREFIX_PATH=/root/Lunar_ROADSTER/lr_ws/install/cg_msgs:/opt/ros/humble LD_LIBRARY_PATH=/root/Lunar_ROADSTER/lr_ws/install/cg_msgs/lib:/opt/ros/humble/opt/rviz_ogre_vendor/lib:/opt/ros/humble/lib/aarch64-linux-gnu:/opt/ros/humble/lib:/usr/local/cuda/lib64 PYTHONPATH=/root/Lunar_ROADSTER/lr_ws/install/cg_msgs/local/lib/python3.10/dist-packages:${PYTHONPATH} /usr/local/bin/cmake --install /root/Lunar_ROADSTER/lr_ws/build/motion_control
[0.814s] -- Install configuration: ""
[0.814s] -- Up-to-date: /root/Lunar_ROADSTER/lr_ws/install/motion_control/lib/motion_control/cmd_mux
[0.814s] -- Up-to-date: /root/Lunar_ROADSTER/lr_ws/install/motion_control/lib/motion_control/odom_node
[0.815s] -- Up-to-date: /root/Lunar_ROADSTER/lr_ws/install/motion_control/include/motion_control
[0.815s] -- Up-to-date: /root/Lunar_ROADSTER/lr_ws/install/motion_control/include/motion_control/cmdmux_node.hpp
[0.815s] -- Up-to-date: /root/Lunar_ROADSTER/lr_ws/install/motion_control/include/motion_control/odom_node.hpp
[0.815s] -- Up-to-date: /root/Lunar_ROADSTER/lr_ws/install/motion_control/share/motion_control/launch
[0.816s] -- Up-to-date: /root/Lunar_ROADSTER/lr_ws/install/motion_control/share/motion_control/launch/cmdmux_launch.py
[0.816s] -- Up-to-date: /root/Lunar_ROADSTER/lr_ws/install/motion_control/share/motion_control/launch/motion_control_launch.py
[0.816s] -- Up-to-date: /root/Lunar_ROADSTER/lr_ws/install/motion_control/share/motion_control/launch/odom_launch.py
[0.816s] -- Up-to-date: /root/Lunar_ROADSTER/lr_ws/install/motion_control/share/motion_control/launch/__pycache__
[0.817s] -- Up-to-date: /root/Lunar_ROADSTER/lr_ws/install/motion_control/share/motion_control/launch/__pycache__/motion_control_launch.cpython-310.pyc
[0.834s] -- Up-to-date: /root/Lunar_ROADSTER/lr_ws/install/motion_control/share/motion_control/config
[0.836s] -- Up-to-date: /root/Lunar_ROADSTER/lr_ws/install/motion_control/share/motion_control/config/diagnostic_params.yaml
[0.837s] -- Up-to-date: /root/Lunar_ROADSTER/lr_ws/install/motion_control/share/motion_control/config/odom_node_params.yaml
[0.837s] -- Up-to-date: /root/Lunar_ROADSTER/lr_ws/install/motion_control/share/ament_index/resource_index/package_run_dependencies/motion_control
[0.837s] -- Up-to-date: /root/Lunar_ROADSTER/lr_ws/install/motion_control/share/ament_index/resource_index/parent_prefix_path/motion_control
[0.838s] -- Up-to-date: /root/Lunar_ROADSTER/lr_ws/install/motion_control/share/motion_control/environment/ament_prefix_path.sh
[0.838s] -- Up-to-date: /root/Lunar_ROADSTER/lr_ws/install/motion_control/share/motion_control/environment/ament_prefix_path.dsv
[0.838s] -- Up-to-date: /root/Lunar_ROADSTER/lr_ws/install/motion_control/share/motion_control/environment/path.sh
[0.839s] -- Up-to-date: /root/Lunar_ROADSTER/lr_ws/install/motion_control/share/motion_control/environment/path.dsv
[0.839s] -- Up-to-date: /root/Lunar_ROADSTER/lr_ws/install/motion_control/share/motion_control/local_setup.bash
[0.839s] -- Up-to-date: /root/Lunar_ROADSTER/lr_ws/install/motion_control/share/motion_control/local_setup.sh
[0.839s] -- Up-to-date: /root/Lunar_ROADSTER/lr_ws/install/motion_control/share/motion_control/local_setup.zsh
[0.840s] -- Up-to-date: /root/Lunar_ROADSTER/lr_ws/install/motion_control/share/motion_control/local_setup.dsv
[0.840s] -- Installing: /root/Lunar_ROADSTER/lr_ws/install/motion_control/share/motion_control/package.dsv
[0.840s] -- Up-to-date: /root/Lunar_ROADSTER/lr_ws/install/motion_control/share/ament_index/resource_index/packages/motion_control
[0.841s] -- Up-to-date: /root/Lunar_ROADSTER/lr_ws/install/motion_control/share/motion_control/cmake/motion_controlConfig.cmake
[0.841s] -- Up-to-date: /root/Lunar_ROADSTER/lr_ws/install/motion_control/share/motion_control/cmake/motion_controlConfig-version.cmake
[0.842s] -- Up-to-date: /root/Lunar_ROADSTER/lr_ws/install/motion_control/share/motion_control/package.xml
[0.928s] Invoked command in '/root/Lunar_ROADSTER/lr_ws/build/motion_control' returned '0': AMENT_PREFIX_PATH=/root/Lunar_ROADSTER/lr_ws/install/cg_msgs:${AMENT_PREFIX_PATH} CMAKE_PREFIX_PATH=/root/Lunar_ROADSTER/lr_ws/install/cg_msgs:/opt/ros/humble LD_LIBRARY_PATH=/root/Lunar_ROADSTER/lr_ws/install/cg_msgs/lib:/opt/ros/humble/opt/rviz_ogre_vendor/lib:/opt/ros/humble/lib/aarch64-linux-gnu:/opt/ros/humble/lib:/usr/local/cuda/lib64 PYTHONPATH=/root/Lunar_ROADSTER/lr_ws/install/cg_msgs/local/lib/python3.10/dist-packages:${PYTHONPATH} /usr/local/bin/cmake --install /root/Lunar_ROADSTER/lr_ws/build/motion_control
