[0.415s] Invoking command in '/root/Lunar_ROADSTER/lr_ws/build/nav2_behaviors': AMENT_PREFIX_PATH=/root/Lunar_ROADSTER/lr_ws/install/nav2_core:/root/Lunar_ROADSTER/lr_ws/install/nav2_costmap_2d:/root/Lunar_ROADSTER/lr_ws/install/nav2_map_server:/root/Lunar_ROADSTER/lr_ws/install/nav2_lifecycle_manager:/root/Lunar_ROADSTER/lr_ws/install/nav2_behavior_tree:/root/Lunar_ROADSTER/lr_ws/install/nav2_util:/root/Lunar_ROADSTER/lr_ws/install/nav2_voxel_grid:/root/Lunar_ROADSTER/lr_ws/install/nav2_msgs:/root/Lunar_ROADSTER/lr_ws/install/nav2_common:${AMENT_PREFIX_PATH} CMAKE_PREFIX_PATH=/root/Lunar_ROADSTER/lr_ws/install/nav2_core:/root/Lunar_ROADSTER/lr_ws/install/nav2_costmap_2d:/root/Lunar_ROADSTER/lr_ws/install/nav2_map_server:/root/Lunar_ROADSTER/lr_ws/install/nav2_lifecycle_manager:/root/Lunar_ROADSTER/lr_ws/install/nav2_behavior_tree:/root/Lunar_ROADSTER/lr_ws/install/nav2_util:/root/Lunar_ROADSTER/lr_ws/install/nav2_voxel_grid:/root/Lunar_ROADSTER/lr_ws/install/nav2_msgs:/root/Lunar_ROADSTER/lr_ws/install/nav2_common:/opt/ros/humble LD_LIBRARY_PATH=/root/Lunar_ROADSTER/lr_ws/install/nav2_costmap_2d/lib:/root/Lunar_ROADSTER/lr_ws/install/nav2_map_server/lib:/root/Lunar_ROADSTER/lr_ws/install/nav2_lifecycle_manager/lib:/root/Lunar_ROADSTER/lr_ws/install/nav2_behavior_tree/lib:/root/Lunar_ROADSTER/lr_ws/install/nav2_util/lib:/root/Lunar_ROADSTER/lr_ws/install/nav2_voxel_grid/lib:/root/Lunar_ROADSTER/lr_ws/install/nav2_msgs/lib:/opt/ros/humble/opt/rviz_ogre_vendor/lib:/opt/ros/humble/lib/aarch64-linux-gnu:/opt/ros/humble/lib:/usr/local/cuda/lib64 PYTHONPATH=/root/Lunar_ROADSTER/lr_ws/install/nav2_msgs/local/lib/python3.10/dist-packages:/root/Lunar_ROADSTER/lr_ws/install/nav2_common/local/lib/python3.10/dist-packages:${PYTHONPATH} /usr/local/bin/cmake /root/Lunar_ROADSTER/lr_ws/src/navigation2/nav2_behaviors -DCMAKE_INSTALL_PREFIX=/root/Lunar_ROADSTER/lr_ws/install/nav2_behaviors
[1.068s] -- The C compiler identification is GNU 11.4.0
[1.495s] -- The CXX compiler identification is GNU 11.4.0
[1.530s] -- Detecting C compiler ABI info
[1.873s] -- Detecting C compiler ABI info - done
[1.919s] -- Check for working C compiler: /usr/bin/cc - skipped
[1.921s] -- Detecting C compile features
[1.923s] -- Detecting C compile features - done
[1.939s] -- Detecting CXX compiler ABI info
[2.391s] -- Detecting CXX compiler ABI info - done
[2.455s] -- Check for working CXX compiler: /usr/bin/c++ - skipped
[2.458s] -- Detecting CXX compile features
[2.462s] -- Detecting CXX compile features - done
[2.559s] -- Found ament_cmake: 1.3.11 (/opt/ros/humble/share/ament_cmake/cmake)
[3.400s] -- Found Python3: /usr/bin/python3 (found version "3.10.12") found components: Interpreter 
[4.418s] -- Found nav2_common: 1.1.18 (/root/Lunar_ROADSTER/lr_ws/install/nav2_common/share/nav2_common/cmake)
[4.464s] -- Found rclcpp: 16.0.11 (/opt/ros/humble/share/rclcpp/cmake)
[5.073s] -- Found rosidl_generator_c: 3.1.6 (/opt/ros/humble/share/rosidl_generator_c/cmake)
[5.155s] -- Found rosidl_adapter: 3.1.6 (/opt/ros/humble/share/rosidl_adapter/cmake)
[5.253s] -- Found rosidl_generator_cpp: 3.1.6 (/opt/ros/humble/share/rosidl_generator_cpp/cmake)
[5.367s] -- Using all available rosidl_typesupport_c: rosidl_typesupport_fastrtps_c;rosidl_typesupport_introspection_c
[5.539s] -- Using all available rosidl_typesupport_cpp: rosidl_typesupport_fastrtps_cpp;rosidl_typesupport_introspection_cpp
[5.999s] -- Found rmw_implementation_cmake: 6.1.2 (/opt/ros/humble/share/rmw_implementation_cmake/cmake)
[6.049s] -- Found rmw_fastrtps_cpp: 6.2.7 (/opt/ros/humble/share/rmw_fastrtps_cpp/cmake)
[6.757s] -- Found OpenSSL: /usr/lib/aarch64-linux-gnu/libcrypto.so (found version "3.0.2")  
[6.961s] -- Found FastRTPS: /opt/ros/humble/include  
[7.299s] -- Using RMW implementation 'rmw_fastrtps_cpp' as default
[7.479s] -- Looking for pthread.h
[7.819s] -- Looking for pthread.h - found
[7.824s] -- Performing Test CMAKE_HAVE_LIBC_PTHREAD
[8.180s] -- Performing Test CMAKE_HAVE_LIBC_PTHREAD - Success
[8.189s] -- Found Threads: TRUE  
[8.647s] -- Found rclcpp_action: 16.0.11 (/opt/ros/humble/share/rclcpp_action/cmake)
[8.989s] -- Found rclcpp_lifecycle: 16.0.11 (/opt/ros/humble/share/rclcpp_lifecycle/cmake)
[9.190s] -- Found rclcpp_components: 16.0.11 (/opt/ros/humble/share/rclcpp_components/cmake)
[9.444s] -- Found nav2_behavior_tree: 1.1.18 (/root/Lunar_ROADSTER/lr_ws/install/nav2_behavior_tree/share/nav2_behavior_tree/cmake)
[10.489s] -- Found eigen3_cmake_module: 0.1.1 (/opt/ros/humble/share/eigen3_cmake_module/cmake)
[10.498s] -- Found Eigen3: TRUE (found version "3.4.0") 
[10.499s] -- Ensuring Eigen3 include directory is part of orocos-kdl CMake target
[10.898s] -- Found nav2_costmap_2d: 1.1.18 (/root/Lunar_ROADSTER/lr_ws/install/nav2_costmap_2d/share/nav2_costmap_2d/cmake)
[11.577s] -- Found nav2_core: 1.1.18 (/root/Lunar_ROADSTER/lr_ws/install/nav2_core/share/nav2_core/cmake)
[11.626s] -- Setting build type to Release as none was specified.
[15.206s] -- Found ament_lint_auto: 0.12.11 (/opt/ros/humble/share/ament_lint_auto/cmake)
[16.271s] -- Found gtest sources under '/opt/ros/humble/src/gtest_vendor': C++ tests using 'Google Test' will be built
[16.808s] -- Added test 'copyright' to check source files copyright and LICENSE
[16.885s] -- Added test 'cppcheck' to perform static code analysis on C / C++ code
[16.895s] -- Configured cppcheck include dirs: /root/Lunar_ROADSTER/lr_ws/src/navigation2/nav2_behaviors/include
[16.896s] -- Configured cppcheck exclude dirs and/or files: 
[16.910s] -- Added test 'cpplint' to check C / C++ code against the Google style
[16.911s] -- Configured cpplint exclude dirs and/or files: 
[16.919s] -- Added test 'lint_cmake' to check CMake code style
[16.936s] -- Added test 'uncrustify' to check C / C++ code style
[16.936s] -- Configured uncrustify additional arguments: 
[16.942s] -- Added test 'xmllint' to check XML markup files
[16.974s] -- Configuring done
[20.745s] -- Generating done
[20.988s] -- Build files have been written to: /root/Lunar_ROADSTER/lr_ws/build/nav2_behaviors
[21.064s] Invoked command in '/root/Lunar_ROADSTER/lr_ws/build/nav2_behaviors' returned '0': AMENT_PREFIX_PATH=/root/Lunar_ROADSTER/lr_ws/install/nav2_core:/root/Lunar_ROADSTER/lr_ws/install/nav2_costmap_2d:/root/Lunar_ROADSTER/lr_ws/install/nav2_map_server:/root/Lunar_ROADSTER/lr_ws/install/nav2_lifecycle_manager:/root/Lunar_ROADSTER/lr_ws/install/nav2_behavior_tree:/root/Lunar_ROADSTER/lr_ws/install/nav2_util:/root/Lunar_ROADSTER/lr_ws/install/nav2_voxel_grid:/root/Lunar_ROADSTER/lr_ws/install/nav2_msgs:/root/Lunar_ROADSTER/lr_ws/install/nav2_common:${AMENT_PREFIX_PATH} CMAKE_PREFIX_PATH=/root/Lunar_ROADSTER/lr_ws/install/nav2_core:/root/Lunar_ROADSTER/lr_ws/install/nav2_costmap_2d:/root/Lunar_ROADSTER/lr_ws/install/nav2_map_server:/root/Lunar_ROADSTER/lr_ws/install/nav2_lifecycle_manager:/root/Lunar_ROADSTER/lr_ws/install/nav2_behavior_tree:/root/Lunar_ROADSTER/lr_ws/install/nav2_util:/root/Lunar_ROADSTER/lr_ws/install/nav2_voxel_grid:/root/Lunar_ROADSTER/lr_ws/install/nav2_msgs:/root/Lunar_ROADSTER/lr_ws/install/nav2_common:/opt/ros/humble LD_LIBRARY_PATH=/root/Lunar_ROADSTER/lr_ws/install/nav2_costmap_2d/lib:/root/Lunar_ROADSTER/lr_ws/install/nav2_map_server/lib:/root/Lunar_ROADSTER/lr_ws/install/nav2_lifecycle_manager/lib:/root/Lunar_ROADSTER/lr_ws/install/nav2_behavior_tree/lib:/root/Lunar_ROADSTER/lr_ws/install/nav2_util/lib:/root/Lunar_ROADSTER/lr_ws/install/nav2_voxel_grid/lib:/root/Lunar_ROADSTER/lr_ws/install/nav2_msgs/lib:/opt/ros/humble/opt/rviz_ogre_vendor/lib:/opt/ros/humble/lib/aarch64-linux-gnu:/opt/ros/humble/lib:/usr/local/cuda/lib64 PYTHONPATH=/root/Lunar_ROADSTER/lr_ws/install/nav2_msgs/local/lib/python3.10/dist-packages:/root/Lunar_ROADSTER/lr_ws/install/nav2_common/local/lib/python3.10/dist-packages:${PYTHONPATH} /usr/local/bin/cmake /root/Lunar_ROADSTER/lr_ws/src/navigation2/nav2_behaviors -DCMAKE_INSTALL_PREFIX=/root/Lunar_ROADSTER/lr_ws/install/nav2_behaviors
[21.068s] Invoking command in '/root/Lunar_ROADSTER/lr_ws/build/nav2_behaviors': AMENT_PREFIX_PATH=/root/Lunar_ROADSTER/lr_ws/install/nav2_core:/root/Lunar_ROADSTER/lr_ws/install/nav2_costmap_2d:/root/Lunar_ROADSTER/lr_ws/install/nav2_map_server:/root/Lunar_ROADSTER/lr_ws/install/nav2_lifecycle_manager:/root/Lunar_ROADSTER/lr_ws/install/nav2_behavior_tree:/root/Lunar_ROADSTER/lr_ws/install/nav2_util:/root/Lunar_ROADSTER/lr_ws/install/nav2_voxel_grid:/root/Lunar_ROADSTER/lr_ws/install/nav2_msgs:/root/Lunar_ROADSTER/lr_ws/install/nav2_common:${AMENT_PREFIX_PATH} CMAKE_PREFIX_PATH=/root/Lunar_ROADSTER/lr_ws/install/nav2_core:/root/Lunar_ROADSTER/lr_ws/install/nav2_costmap_2d:/root/Lunar_ROADSTER/lr_ws/install/nav2_map_server:/root/Lunar_ROADSTER/lr_ws/install/nav2_lifecycle_manager:/root/Lunar_ROADSTER/lr_ws/install/nav2_behavior_tree:/root/Lunar_ROADSTER/lr_ws/install/nav2_util:/root/Lunar_ROADSTER/lr_ws/install/nav2_voxel_grid:/root/Lunar_ROADSTER/lr_ws/install/nav2_msgs:/root/Lunar_ROADSTER/lr_ws/install/nav2_common:/opt/ros/humble LD_LIBRARY_PATH=/root/Lunar_ROADSTER/lr_ws/install/nav2_costmap_2d/lib:/root/Lunar_ROADSTER/lr_ws/install/nav2_map_server/lib:/root/Lunar_ROADSTER/lr_ws/install/nav2_lifecycle_manager/lib:/root/Lunar_ROADSTER/lr_ws/install/nav2_behavior_tree/lib:/root/Lunar_ROADSTER/lr_ws/install/nav2_util/lib:/root/Lunar_ROADSTER/lr_ws/install/nav2_voxel_grid/lib:/root/Lunar_ROADSTER/lr_ws/install/nav2_msgs/lib:/opt/ros/humble/opt/rviz_ogre_vendor/lib:/opt/ros/humble/lib/aarch64-linux-gnu:/opt/ros/humble/lib:/usr/local/cuda/lib64 PYTHONPATH=/root/Lunar_ROADSTER/lr_ws/install/nav2_msgs/local/lib/python3.10/dist-packages:/root/Lunar_ROADSTER/lr_ws/install/nav2_common/local/lib/python3.10/dist-packages:${PYTHONPATH} /usr/local/bin/cmake --build /root/Lunar_ROADSTER/lr_ws/build/nav2_behaviors -- -j4 -l4
[21.259s] [  5%] [32mBuilding CXX object CMakeFiles/nav2_spin_behavior.dir/plugins/spin.cpp.o[0m
[69.258s] [ 10%] [32m[1mLinking CXX shared library libnav2_spin_behavior.so[0m
[70.928s] [ 10%] Built target nav2_spin_behavior
[71.009s] [ 15%] [32mBuilding CXX object CMakeFiles/nav2_back_up_behavior.dir/plugins/back_up.cpp.o[0m
[120.938s] [ 20%] [32m[1mLinking CXX shared library libnav2_back_up_behavior.so[0m
[122.585s] [ 20%] Built target nav2_back_up_behavior
[122.756s] [ 25%] [32mBuilding CXX object CMakeFiles/nav2_assisted_teleop_behavior.dir/plugins/assisted_teleop.cpp.o[0m
[218.187s] [ 30%] [32m[1mLinking CXX shared library libnav2_assisted_teleop_behavior.so[0m
[220.326s] [ 30%] Built target nav2_assisted_teleop_behavior
[220.400s] [ 35%] [32mBuilding CXX object CMakeFiles/behavior_server_core.dir/src/behavior_server.cpp.o[0m
[273.230s] [ 40%] [32m[1mLinking CXX shared library libbehavior_server_core.so[0m
[274.850s] [ 40%] Built target behavior_server_core
[274.912s] [ 45%] [32mBuilding CXX object gtest/CMakeFiles/gtest_main.dir/src/gtest_main.cc.o[0m
[279.094s] [ 50%] [32m[1mLinking CXX static library libgtest_main.a[0m
[279.312s] [ 50%] Built target gtest_main
[279.374s] [ 55%] [32mBuilding CXX object gtest/CMakeFiles/gtest.dir/src/gtest-all.cc.o[0m
[319.779s] [ 60%] [32m[1mLinking CXX static library libgtest.a[0m
[320.184s] [ 60%] Built target gtest
[320.256s] [ 65%] [32mBuilding CXX object CMakeFiles/behavior_server.dir/src/main.cpp.o[0m
[342.751s] [ 70%] [32m[1mLinking CXX executable behavior_server[0m
[344.463s] [ 70%] Built target behavior_server
[344.547s] [ 75%] [32mBuilding CXX object test/CMakeFiles/test_behaviors.dir/test_behaviors.cpp.o[0m
[407.215s] [ 80%] [32m[1mLinking CXX executable test_behaviors[0m
[409.444s] [ 80%] Built target test_behaviors
[409.516s] [ 85%] [32mBuilding CXX object CMakeFiles/nav2_drive_on_heading_behavior.dir/plugins/drive_on_heading.cpp.o[0m
[458.455s] [ 90%] [32m[1mLinking CXX shared library libnav2_drive_on_heading_behavior.so[0m
[460.233s] [ 90%] Built target nav2_drive_on_heading_behavior
[460.310s] [ 95%] [32mBuilding CXX object CMakeFiles/nav2_wait_behavior.dir/plugins/wait.cpp.o[0m
[507.871s] [100%] [32m[1mLinking CXX shared library libnav2_wait_behavior.so[0m
[509.493s] [100%] Built target nav2_wait_behavior
[509.527s] Invoked command in '/root/Lunar_ROADSTER/lr_ws/build/nav2_behaviors' returned '0': AMENT_PREFIX_PATH=/root/Lunar_ROADSTER/lr_ws/install/nav2_core:/root/Lunar_ROADSTER/lr_ws/install/nav2_costmap_2d:/root/Lunar_ROADSTER/lr_ws/install/nav2_map_server:/root/Lunar_ROADSTER/lr_ws/install/nav2_lifecycle_manager:/root/Lunar_ROADSTER/lr_ws/install/nav2_behavior_tree:/root/Lunar_ROADSTER/lr_ws/install/nav2_util:/root/Lunar_ROADSTER/lr_ws/install/nav2_voxel_grid:/root/Lunar_ROADSTER/lr_ws/install/nav2_msgs:/root/Lunar_ROADSTER/lr_ws/install/nav2_common:${AMENT_PREFIX_PATH} CMAKE_PREFIX_PATH=/root/Lunar_ROADSTER/lr_ws/install/nav2_core:/root/Lunar_ROADSTER/lr_ws/install/nav2_costmap_2d:/root/Lunar_ROADSTER/lr_ws/install/nav2_map_server:/root/Lunar_ROADSTER/lr_ws/install/nav2_lifecycle_manager:/root/Lunar_ROADSTER/lr_ws/install/nav2_behavior_tree:/root/Lunar_ROADSTER/lr_ws/install/nav2_util:/root/Lunar_ROADSTER/lr_ws/install/nav2_voxel_grid:/root/Lunar_ROADSTER/lr_ws/install/nav2_msgs:/root/Lunar_ROADSTER/lr_ws/install/nav2_common:/opt/ros/humble LD_LIBRARY_PATH=/root/Lunar_ROADSTER/lr_ws/install/nav2_costmap_2d/lib:/root/Lunar_ROADSTER/lr_ws/install/nav2_map_server/lib:/root/Lunar_ROADSTER/lr_ws/install/nav2_lifecycle_manager/lib:/root/Lunar_ROADSTER/lr_ws/install/nav2_behavior_tree/lib:/root/Lunar_ROADSTER/lr_ws/install/nav2_util/lib:/root/Lunar_ROADSTER/lr_ws/install/nav2_voxel_grid/lib:/root/Lunar_ROADSTER/lr_ws/install/nav2_msgs/lib:/opt/ros/humble/opt/rviz_ogre_vendor/lib:/opt/ros/humble/lib/aarch64-linux-gnu:/opt/ros/humble/lib:/usr/local/cuda/lib64 PYTHONPATH=/root/Lunar_ROADSTER/lr_ws/install/nav2_msgs/local/lib/python3.10/dist-packages:/root/Lunar_ROADSTER/lr_ws/install/nav2_common/local/lib/python3.10/dist-packages:${PYTHONPATH} /usr/local/bin/cmake --build /root/Lunar_ROADSTER/lr_ws/build/nav2_behaviors -- -j4 -l4
[509.531s] Invoking command in '/root/Lunar_ROADSTER/lr_ws/build/nav2_behaviors': AMENT_PREFIX_PATH=/root/Lunar_ROADSTER/lr_ws/install/nav2_core:/root/Lunar_ROADSTER/lr_ws/install/nav2_costmap_2d:/root/Lunar_ROADSTER/lr_ws/install/nav2_map_server:/root/Lunar_ROADSTER/lr_ws/install/nav2_lifecycle_manager:/root/Lunar_ROADSTER/lr_ws/install/nav2_behavior_tree:/root/Lunar_ROADSTER/lr_ws/install/nav2_util:/root/Lunar_ROADSTER/lr_ws/install/nav2_voxel_grid:/root/Lunar_ROADSTER/lr_ws/install/nav2_msgs:/root/Lunar_ROADSTER/lr_ws/install/nav2_common:${AMENT_PREFIX_PATH} CMAKE_PREFIX_PATH=/root/Lunar_ROADSTER/lr_ws/install/nav2_core:/root/Lunar_ROADSTER/lr_ws/install/nav2_costmap_2d:/root/Lunar_ROADSTER/lr_ws/install/nav2_map_server:/root/Lunar_ROADSTER/lr_ws/install/nav2_lifecycle_manager:/root/Lunar_ROADSTER/lr_ws/install/nav2_behavior_tree:/root/Lunar_ROADSTER/lr_ws/install/nav2_util:/root/Lunar_ROADSTER/lr_ws/install/nav2_voxel_grid:/root/Lunar_ROADSTER/lr_ws/install/nav2_msgs:/root/Lunar_ROADSTER/lr_ws/install/nav2_common:/opt/ros/humble LD_LIBRARY_PATH=/root/Lunar_ROADSTER/lr_ws/install/nav2_costmap_2d/lib:/root/Lunar_ROADSTER/lr_ws/install/nav2_map_server/lib:/root/Lunar_ROADSTER/lr_ws/install/nav2_lifecycle_manager/lib:/root/Lunar_ROADSTER/lr_ws/install/nav2_behavior_tree/lib:/root/Lunar_ROADSTER/lr_ws/install/nav2_util/lib:/root/Lunar_ROADSTER/lr_ws/install/nav2_voxel_grid/lib:/root/Lunar_ROADSTER/lr_ws/install/nav2_msgs/lib:/opt/ros/humble/opt/rviz_ogre_vendor/lib:/opt/ros/humble/lib/aarch64-linux-gnu:/opt/ros/humble/lib:/usr/local/cuda/lib64 PYTHONPATH=/root/Lunar_ROADSTER/lr_ws/install/nav2_msgs/local/lib/python3.10/dist-packages:/root/Lunar_ROADSTER/lr_ws/install/nav2_common/local/lib/python3.10/dist-packages:${PYTHONPATH} /usr/local/bin/cmake --install /root/Lunar_ROADSTER/lr_ws/build/nav2_behaviors
[509.555s] -- Install configuration: "Release"
[509.562s] -- Installing: /root/Lunar_ROADSTER/lr_ws/install/nav2_behaviors/share/nav2_behaviors/behavior_plugin.xml
[509.712s] -- Installing: /root/Lunar_ROADSTER/lr_ws/install/nav2_behaviors/lib/libbehavior_server_core.so
[509.721s] -- Set runtime path of "/root/Lunar_ROADSTER/lr_ws/install/nav2_behaviors/lib/libbehavior_server_core.so" to ""
[509.722s] -- Installing: /root/Lunar_ROADSTER/lr_ws/install/nav2_behaviors/lib/libnav2_spin_behavior.so
[509.730s] -- Set runtime path of "/root/Lunar_ROADSTER/lr_ws/install/nav2_behaviors/lib/libnav2_spin_behavior.so" to ""
[509.731s] -- Installing: /root/Lunar_ROADSTER/lr_ws/install/nav2_behaviors/lib/libnav2_wait_behavior.so
[509.737s] -- Set runtime path of "/root/Lunar_ROADSTER/lr_ws/install/nav2_behaviors/lib/libnav2_wait_behavior.so" to ""
[509.739s] -- Installing: /root/Lunar_ROADSTER/lr_ws/install/nav2_behaviors/lib/libnav2_assisted_teleop_behavior.so
[509.755s] -- Set runtime path of "/root/Lunar_ROADSTER/lr_ws/install/nav2_behaviors/lib/libnav2_assisted_teleop_behavior.so" to ""
[509.756s] -- Installing: /root/Lunar_ROADSTER/lr_ws/install/nav2_behaviors/lib/libnav2_drive_on_heading_behavior.so
[509.764s] -- Set runtime path of "/root/Lunar_ROADSTER/lr_ws/install/nav2_behaviors/lib/libnav2_drive_on_heading_behavior.so" to ""
[509.765s] -- Installing: /root/Lunar_ROADSTER/lr_ws/install/nav2_behaviors/lib/libnav2_back_up_behavior.so
[509.771s] -- Set runtime path of "/root/Lunar_ROADSTER/lr_ws/install/nav2_behaviors/lib/libnav2_back_up_behavior.so" to ""
[509.776s] -- Installing: /root/Lunar_ROADSTER/lr_ws/install/nav2_behaviors/lib/nav2_behaviors/behavior_server
[509.784s] -- Set runtime path of "/root/Lunar_ROADSTER/lr_ws/install/nav2_behaviors/lib/nav2_behaviors/behavior_server" to ""
[509.784s] -- Installing: /root/Lunar_ROADSTER/lr_ws/install/nav2_behaviors/include/
[509.785s] -- Installing: /root/Lunar_ROADSTER/lr_ws/install/nav2_behaviors/include//nav2_behaviors
[509.788s] -- Installing: /root/Lunar_ROADSTER/lr_ws/install/nav2_behaviors/include//nav2_behaviors/behavior_server.hpp
[509.804s] -- Installing: /root/Lunar_ROADSTER/lr_ws/install/nav2_behaviors/include//nav2_behaviors/plugins
[509.807s] -- Installing: /root/Lunar_ROADSTER/lr_ws/install/nav2_behaviors/include//nav2_behaviors/plugins/assisted_teleop.hpp
[509.809s] -- Installing: /root/Lunar_ROADSTER/lr_ws/install/nav2_behaviors/include//nav2_behaviors/plugins/back_up.hpp
[509.811s] -- Installing: /root/Lunar_ROADSTER/lr_ws/install/nav2_behaviors/include//nav2_behaviors/plugins/drive_on_heading.hpp
[509.812s] -- Installing: /root/Lunar_ROADSTER/lr_ws/install/nav2_behaviors/include//nav2_behaviors/plugins/spin.hpp
[509.812s] -- Installing: /root/Lunar_ROADSTER/lr_ws/install/nav2_behaviors/include//nav2_behaviors/plugins/wait.hpp
[509.813s] -- Installing: /root/Lunar_ROADSTER/lr_ws/install/nav2_behaviors/include//nav2_behaviors/timed_behavior.hpp
[509.814s] -- Up-to-date: /root/Lunar_ROADSTER/lr_ws/install/nav2_behaviors/share/nav2_behaviors/behavior_plugin.xml
[509.814s] -- Installing: /root/Lunar_ROADSTER/lr_ws/install/nav2_behaviors/share/nav2_behaviors/plugins/
[509.818s] -- Installing: /root/Lunar_ROADSTER/lr_ws/install/nav2_behaviors/share/nav2_behaviors/plugins//assisted_teleop.cpp
[509.820s] -- Installing: /root/Lunar_ROADSTER/lr_ws/install/nav2_behaviors/share/nav2_behaviors/plugins//back_up.cpp
[509.821s] -- Installing: /root/Lunar_ROADSTER/lr_ws/install/nav2_behaviors/share/nav2_behaviors/plugins//drive_on_heading.cpp
[509.822s] -- Installing: /root/Lunar_ROADSTER/lr_ws/install/nav2_behaviors/share/nav2_behaviors/plugins//spin.cpp
[509.823s] -- Installing: /root/Lunar_ROADSTER/lr_ws/install/nav2_behaviors/share/nav2_behaviors/plugins//wait.cpp
[509.827s] -- Installing: /root/Lunar_ROADSTER/lr_ws/install/nav2_behaviors/share/nav2_behaviors/environment/library_path.sh
[509.829s] -- Installing: /root/Lunar_ROADSTER/lr_ws/install/nav2_behaviors/share/nav2_behaviors/environment/library_path.dsv
[509.836s] -- Installing: /root/Lunar_ROADSTER/lr_ws/install/nav2_behaviors/share/ament_index/resource_index/package_run_dependencies/nav2_behaviors
[509.840s] -- Installing: /root/Lunar_ROADSTER/lr_ws/install/nav2_behaviors/share/ament_index/resource_index/parent_prefix_path/nav2_behaviors
[509.843s] -- Installing: /root/Lunar_ROADSTER/lr_ws/install/nav2_behaviors/share/nav2_behaviors/environment/ament_prefix_path.sh
[509.844s] -- Installing: /root/Lunar_ROADSTER/lr_ws/install/nav2_behaviors/share/nav2_behaviors/environment/ament_prefix_path.dsv
[509.845s] -- Installing: /root/Lunar_ROADSTER/lr_ws/install/nav2_behaviors/share/nav2_behaviors/environment/path.sh
[509.846s] -- Installing: /root/Lunar_ROADSTER/lr_ws/install/nav2_behaviors/share/nav2_behaviors/environment/path.dsv
[509.848s] -- Installing: /root/Lunar_ROADSTER/lr_ws/install/nav2_behaviors/share/nav2_behaviors/local_setup.bash
[509.849s] -- Installing: /root/Lunar_ROADSTER/lr_ws/install/nav2_behaviors/share/nav2_behaviors/local_setup.sh
[509.849s] -- Installing: /root/Lunar_ROADSTER/lr_ws/install/nav2_behaviors/share/nav2_behaviors/local_setup.zsh
[509.850s] -- Installing: /root/Lunar_ROADSTER/lr_ws/install/nav2_behaviors/share/nav2_behaviors/local_setup.dsv
[509.851s] -- Installing: /root/Lunar_ROADSTER/lr_ws/install/nav2_behaviors/share/nav2_behaviors/package.dsv
[509.856s] -- Installing: /root/Lunar_ROADSTER/lr_ws/install/nav2_behaviors/share/ament_index/resource_index/packages/nav2_behaviors
[509.860s] -- Installing: /root/Lunar_ROADSTER/lr_ws/install/nav2_behaviors/share/ament_index/resource_index/nav2_core__pluginlib__plugin/nav2_behaviors
[509.864s] -- Installing: /root/Lunar_ROADSTER/lr_ws/install/nav2_behaviors/share/ament_index/resource_index/rclcpp_components/nav2_behaviors
[509.869s] -- Installing: /root/Lunar_ROADSTER/lr_ws/install/nav2_behaviors/share/nav2_behaviors/cmake/ament_cmake_export_include_directories-extras.cmake
[509.871s] -- Installing: /root/Lunar_ROADSTER/lr_ws/install/nav2_behaviors/share/nav2_behaviors/cmake/ament_cmake_export_libraries-extras.cmake
[509.872s] -- Installing: /root/Lunar_ROADSTER/lr_ws/install/nav2_behaviors/share/nav2_behaviors/cmake/ament_cmake_export_dependencies-extras.cmake
[509.873s] -- Installing: /root/Lunar_ROADSTER/lr_ws/install/nav2_behaviors/share/nav2_behaviors/cmake/nav2_behaviorsConfig.cmake
[509.875s] -- Installing: /root/Lunar_ROADSTER/lr_ws/install/nav2_behaviors/share/nav2_behaviors/cmake/nav2_behaviorsConfig-version.cmake
[509.877s] -- Installing: /root/Lunar_ROADSTER/lr_ws/install/nav2_behaviors/share/nav2_behaviors/package.xml
[509.895s] Invoked command in '/root/Lunar_ROADSTER/lr_ws/build/nav2_behaviors' returned '0': AMENT_PREFIX_PATH=/root/Lunar_ROADSTER/lr_ws/install/nav2_core:/root/Lunar_ROADSTER/lr_ws/install/nav2_costmap_2d:/root/Lunar_ROADSTER/lr_ws/install/nav2_map_server:/root/Lunar_ROADSTER/lr_ws/install/nav2_lifecycle_manager:/root/Lunar_ROADSTER/lr_ws/install/nav2_behavior_tree:/root/Lunar_ROADSTER/lr_ws/install/nav2_util:/root/Lunar_ROADSTER/lr_ws/install/nav2_voxel_grid:/root/Lunar_ROADSTER/lr_ws/install/nav2_msgs:/root/Lunar_ROADSTER/lr_ws/install/nav2_common:${AMENT_PREFIX_PATH} CMAKE_PREFIX_PATH=/root/Lunar_ROADSTER/lr_ws/install/nav2_core:/root/Lunar_ROADSTER/lr_ws/install/nav2_costmap_2d:/root/Lunar_ROADSTER/lr_ws/install/nav2_map_server:/root/Lunar_ROADSTER/lr_ws/install/nav2_lifecycle_manager:/root/Lunar_ROADSTER/lr_ws/install/nav2_behavior_tree:/root/Lunar_ROADSTER/lr_ws/install/nav2_util:/root/Lunar_ROADSTER/lr_ws/install/nav2_voxel_grid:/root/Lunar_ROADSTER/lr_ws/install/nav2_msgs:/root/Lunar_ROADSTER/lr_ws/install/nav2_common:/opt/ros/humble LD_LIBRARY_PATH=/root/Lunar_ROADSTER/lr_ws/install/nav2_costmap_2d/lib:/root/Lunar_ROADSTER/lr_ws/install/nav2_map_server/lib:/root/Lunar_ROADSTER/lr_ws/install/nav2_lifecycle_manager/lib:/root/Lunar_ROADSTER/lr_ws/install/nav2_behavior_tree/lib:/root/Lunar_ROADSTER/lr_ws/install/nav2_util/lib:/root/Lunar_ROADSTER/lr_ws/install/nav2_voxel_grid/lib:/root/Lunar_ROADSTER/lr_ws/install/nav2_msgs/lib:/opt/ros/humble/opt/rviz_ogre_vendor/lib:/opt/ros/humble/lib/aarch64-linux-gnu:/opt/ros/humble/lib:/usr/local/cuda/lib64 PYTHONPATH=/root/Lunar_ROADSTER/lr_ws/install/nav2_msgs/local/lib/python3.10/dist-packages:/root/Lunar_ROADSTER/lr_ws/install/nav2_common/local/lib/python3.10/dist-packages:${PYTHONPATH} /usr/local/bin/cmake --install /root/Lunar_ROADSTER/lr_ws/build/nav2_behaviors
