[0.337s] Invoking command in '/root/Lunar_ROADSTER/lr_ws/build/costmap_queue': AMENT_PREFIX_PATH=/root/Lunar_ROADSTER/lr_ws/install/nav2_costmap_2d:/root/Lunar_ROADSTER/lr_ws/install/nav2_map_server:/root/Lunar_ROADSTER/lr_ws/install/nav2_lifecycle_manager:/root/Lunar_ROADSTER/lr_ws/install/nav2_util:/root/Lunar_ROADSTER/lr_ws/install/nav2_voxel_grid:/root/Lunar_ROADSTER/lr_ws/install/nav2_msgs:/root/Lunar_ROADSTER/lr_ws/install/nav2_common:${AMENT_PREFIX_PATH} CMAKE_PREFIX_PATH=/root/Lunar_ROADSTER/lr_ws/install/nav2_costmap_2d:/root/Lunar_ROADSTER/lr_ws/install/nav2_map_server:/root/Lunar_ROADSTER/lr_ws/install/nav2_lifecycle_manager:/root/Lunar_ROADSTER/lr_ws/install/nav2_util:/root/Lunar_ROADSTER/lr_ws/install/nav2_voxel_grid:/root/Lunar_ROADSTER/lr_ws/install/nav2_msgs:/root/Lunar_ROADSTER/lr_ws/install/nav2_common:/opt/ros/humble LD_LIBRARY_PATH=/root/Lunar_ROADSTER/lr_ws/install/nav2_costmap_2d/lib:/root/Lunar_ROADSTER/lr_ws/install/nav2_map_server/lib:/root/Lunar_ROADSTER/lr_ws/install/nav2_lifecycle_manager/lib:/root/Lunar_ROADSTER/lr_ws/install/nav2_util/lib:/root/Lunar_ROADSTER/lr_ws/install/nav2_voxel_grid/lib:/root/Lunar_ROADSTER/lr_ws/install/nav2_msgs/lib:/opt/ros/humble/opt/rviz_ogre_vendor/lib:/opt/ros/humble/lib/aarch64-linux-gnu:/opt/ros/humble/lib:/usr/local/cuda/lib64 PYTHONPATH=/root/Lunar_ROADSTER/lr_ws/install/nav2_msgs/local/lib/python3.10/dist-packages:/root/Lunar_ROADSTER/lr_ws/install/nav2_common/local/lib/python3.10/dist-packages:${PYTHONPATH} /usr/local/bin/cmake --build /root/Lunar_ROADSTER/lr_ws/build/costmap_queue -- -j4 -l4
[1.100s] [ 27%] Built target costmap_queue
[1.191s] [ 45%] Built target gtest_main
[1.244s] [ 63%] Built target gtest
[1.604s] [ 81%] Built target mbq_test
[1.613s] [100%] Built target utest
[1.665s] Invoked command in '/root/Lunar_ROADSTER/lr_ws/build/costmap_queue' returned '0': AMENT_PREFIX_PATH=/root/Lunar_ROADSTER/lr_ws/install/nav2_costmap_2d:/root/Lunar_ROADSTER/lr_ws/install/nav2_map_server:/root/Lunar_ROADSTER/lr_ws/install/nav2_lifecycle_manager:/root/Lunar_ROADSTER/lr_ws/install/nav2_util:/root/Lunar_ROADSTER/lr_ws/install/nav2_voxel_grid:/root/Lunar_ROADSTER/lr_ws/install/nav2_msgs:/root/Lunar_ROADSTER/lr_ws/install/nav2_common:${AMENT_PREFIX_PATH} CMAKE_PREFIX_PATH=/root/Lunar_ROADSTER/lr_ws/install/nav2_costmap_2d:/root/Lunar_ROADSTER/lr_ws/install/nav2_map_server:/root/Lunar_ROADSTER/lr_ws/install/nav2_lifecycle_manager:/root/Lunar_ROADSTER/lr_ws/install/nav2_util:/root/Lunar_ROADSTER/lr_ws/install/nav2_voxel_grid:/root/Lunar_ROADSTER/lr_ws/install/nav2_msgs:/root/Lunar_ROADSTER/lr_ws/install/nav2_common:/opt/ros/humble LD_LIBRARY_PATH=/root/Lunar_ROADSTER/lr_ws/install/nav2_costmap_2d/lib:/root/Lunar_ROADSTER/lr_ws/install/nav2_map_server/lib:/root/Lunar_ROADSTER/lr_ws/install/nav2_lifecycle_manager/lib:/root/Lunar_ROADSTER/lr_ws/install/nav2_util/lib:/root/Lunar_ROADSTER/lr_ws/install/nav2_voxel_grid/lib:/root/Lunar_ROADSTER/lr_ws/install/nav2_msgs/lib:/opt/ros/humble/opt/rviz_ogre_vendor/lib:/opt/ros/humble/lib/aarch64-linux-gnu:/opt/ros/humble/lib:/usr/local/cuda/lib64 PYTHONPATH=/root/Lunar_ROADSTER/lr_ws/install/nav2_msgs/local/lib/python3.10/dist-packages:/root/Lunar_ROADSTER/lr_ws/install/nav2_common/local/lib/python3.10/dist-packages:${PYTHONPATH} /usr/local/bin/cmake --build /root/Lunar_ROADSTER/lr_ws/build/costmap_queue -- -j4 -l4
[1.716s] Invoking command in '/root/Lunar_ROADSTER/lr_ws/build/costmap_queue': AMENT_PREFIX_PATH=/root/Lunar_ROADSTER/lr_ws/install/nav2_costmap_2d:/root/Lunar_ROADSTER/lr_ws/install/nav2_map_server:/root/Lunar_ROADSTER/lr_ws/install/nav2_lifecycle_manager:/root/Lunar_ROADSTER/lr_ws/install/nav2_util:/root/Lunar_ROADSTER/lr_ws/install/nav2_voxel_grid:/root/Lunar_ROADSTER/lr_ws/install/nav2_msgs:/root/Lunar_ROADSTER/lr_ws/install/nav2_common:${AMENT_PREFIX_PATH} CMAKE_PREFIX_PATH=/root/Lunar_ROADSTER/lr_ws/install/nav2_costmap_2d:/root/Lunar_ROADSTER/lr_ws/install/nav2_map_server:/root/Lunar_ROADSTER/lr_ws/install/nav2_lifecycle_manager:/root/Lunar_ROADSTER/lr_ws/install/nav2_util:/root/Lunar_ROADSTER/lr_ws/install/nav2_voxel_grid:/root/Lunar_ROADSTER/lr_ws/install/nav2_msgs:/root/Lunar_ROADSTER/lr_ws/install/nav2_common:/opt/ros/humble LD_LIBRARY_PATH=/root/Lunar_ROADSTER/lr_ws/install/nav2_costmap_2d/lib:/root/Lunar_ROADSTER/lr_ws/install/nav2_map_server/lib:/root/Lunar_ROADSTER/lr_ws/install/nav2_lifecycle_manager/lib:/root/Lunar_ROADSTER/lr_ws/install/nav2_util/lib:/root/Lunar_ROADSTER/lr_ws/install/nav2_voxel_grid/lib:/root/Lunar_ROADSTER/lr_ws/install/nav2_msgs/lib:/opt/ros/humble/opt/rviz_ogre_vendor/lib:/opt/ros/humble/lib/aarch64-linux-gnu:/opt/ros/humble/lib:/usr/local/cuda/lib64 PYTHONPATH=/root/Lunar_ROADSTER/lr_ws/install/nav2_msgs/local/lib/python3.10/dist-packages:/root/Lunar_ROADSTER/lr_ws/install/nav2_common/local/lib/python3.10/dist-packages:${PYTHONPATH} /usr/local/bin/cmake --install /root/Lunar_ROADSTER/lr_ws/build/costmap_queue
[1.762s] -- Install configuration: "Release"
[1.767s] -- Up-to-date: /root/Lunar_ROADSTER/lr_ws/install/costmap_queue/lib/libcostmap_queue.so
[1.771s] -- Up-to-date: /root/Lunar_ROADSTER/lr_ws/install/costmap_queue/include/
[1.776s] -- Up-to-date: /root/Lunar_ROADSTER/lr_ws/install/costmap_queue/include//costmap_queue
[1.778s] -- Up-to-date: /root/Lunar_ROADSTER/lr_ws/install/costmap_queue/include//costmap_queue/costmap_queue.hpp
[1.781s] -- Up-to-date: /root/Lunar_ROADSTER/lr_ws/install/costmap_queue/include//costmap_queue/limited_costmap_queue.hpp
[1.783s] -- Up-to-date: /root/Lunar_ROADSTER/lr_ws/install/costmap_queue/include//costmap_queue/map_based_queue.hpp
[1.784s] -- Up-to-date: /root/Lunar_ROADSTER/lr_ws/install/costmap_queue/share/costmap_queue/environment/library_path.sh
[1.789s] -- Up-to-date: /root/Lunar_ROADSTER/lr_ws/install/costmap_queue/share/costmap_queue/environment/library_path.dsv
[1.806s] -- Up-to-date: /root/Lunar_ROADSTER/lr_ws/install/costmap_queue/share/ament_index/resource_index/package_run_dependencies/costmap_queue
[1.806s] -- Up-to-date: /root/Lunar_ROADSTER/lr_ws/install/costmap_queue/share/ament_index/resource_index/parent_prefix_path/costmap_queue
[1.806s] -- Up-to-date: /root/Lunar_ROADSTER/lr_ws/install/costmap_queue/share/costmap_queue/environment/ament_prefix_path.sh
[1.807s] -- Up-to-date: /root/Lunar_ROADSTER/lr_ws/install/costmap_queue/share/costmap_queue/environment/ament_prefix_path.dsv
[1.807s] -- Up-to-date: /root/Lunar_ROADSTER/lr_ws/install/costmap_queue/share/costmap_queue/environment/path.sh
[1.808s] -- Up-to-date: /root/Lunar_ROADSTER/lr_ws/install/costmap_queue/share/costmap_queue/environment/path.dsv
[1.808s] -- Up-to-date: /root/Lunar_ROADSTER/lr_ws/install/costmap_queue/share/costmap_queue/local_setup.bash
[1.808s] -- Up-to-date: /root/Lunar_ROADSTER/lr_ws/install/costmap_queue/share/costmap_queue/local_setup.sh
[1.808s] -- Up-to-date: /root/Lunar_ROADSTER/lr_ws/install/costmap_queue/share/costmap_queue/local_setup.zsh
[1.809s] -- Up-to-date: /root/Lunar_ROADSTER/lr_ws/install/costmap_queue/share/costmap_queue/local_setup.dsv
[1.809s] -- Installing: /root/Lunar_ROADSTER/lr_ws/install/costmap_queue/share/costmap_queue/package.dsv
[1.809s] -- Up-to-date: /root/Lunar_ROADSTER/lr_ws/install/costmap_queue/share/ament_index/resource_index/packages/costmap_queue
[1.811s] -- Up-to-date: /root/Lunar_ROADSTER/lr_ws/install/costmap_queue/share/costmap_queue/cmake/ament_cmake_export_include_directories-extras.cmake
[1.811s] -- Up-to-date: /root/Lunar_ROADSTER/lr_ws/install/costmap_queue/share/costmap_queue/cmake/ament_cmake_export_libraries-extras.cmake
[1.811s] -- Up-to-date: /root/Lunar_ROADSTER/lr_ws/install/costmap_queue/share/costmap_queue/cmake/costmap_queueConfig.cmake
[1.812s] -- Up-to-date: /root/Lunar_ROADSTER/lr_ws/install/costmap_queue/share/costmap_queue/cmake/costmap_queueConfig-version.cmake
[1.812s] -- Up-to-date: /root/Lunar_ROADSTER/lr_ws/install/costmap_queue/share/costmap_queue/package.xml
[1.812s] Invoked command in '/root/Lunar_ROADSTER/lr_ws/build/costmap_queue' returned '0': AMENT_PREFIX_PATH=/root/Lunar_ROADSTER/lr_ws/install/nav2_costmap_2d:/root/Lunar_ROADSTER/lr_ws/install/nav2_map_server:/root/Lunar_ROADSTER/lr_ws/install/nav2_lifecycle_manager:/root/Lunar_ROADSTER/lr_ws/install/nav2_util:/root/Lunar_ROADSTER/lr_ws/install/nav2_voxel_grid:/root/Lunar_ROADSTER/lr_ws/install/nav2_msgs:/root/Lunar_ROADSTER/lr_ws/install/nav2_common:${AMENT_PREFIX_PATH} CMAKE_PREFIX_PATH=/root/Lunar_ROADSTER/lr_ws/install/nav2_costmap_2d:/root/Lunar_ROADSTER/lr_ws/install/nav2_map_server:/root/Lunar_ROADSTER/lr_ws/install/nav2_lifecycle_manager:/root/Lunar_ROADSTER/lr_ws/install/nav2_util:/root/Lunar_ROADSTER/lr_ws/install/nav2_voxel_grid:/root/Lunar_ROADSTER/lr_ws/install/nav2_msgs:/root/Lunar_ROADSTER/lr_ws/install/nav2_common:/opt/ros/humble LD_LIBRARY_PATH=/root/Lunar_ROADSTER/lr_ws/install/nav2_costmap_2d/lib:/root/Lunar_ROADSTER/lr_ws/install/nav2_map_server/lib:/root/Lunar_ROADSTER/lr_ws/install/nav2_lifecycle_manager/lib:/root/Lunar_ROADSTER/lr_ws/install/nav2_util/lib:/root/Lunar_ROADSTER/lr_ws/install/nav2_voxel_grid/lib:/root/Lunar_ROADSTER/lr_ws/install/nav2_msgs/lib:/opt/ros/humble/opt/rviz_ogre_vendor/lib:/opt/ros/humble/lib/aarch64-linux-gnu:/opt/ros/humble/lib:/usr/local/cuda/lib64 PYTHONPATH=/root/Lunar_ROADSTER/lr_ws/install/nav2_msgs/local/lib/python3.10/dist-packages:/root/Lunar_ROADSTER/lr_ws/install/nav2_common/local/lib/python3.10/dist-packages:${PYTHONPATH} /usr/local/bin/cmake --install /root/Lunar_ROADSTER/lr_ws/build/costmap_queue
