[0.164s] Invoking command in '/root/Lunar_ROADSTER/lr_ws/build/localization': CMAKE_PREFIX_PATH=/root/Lunar_ROADSTER/lr_ws/install/cg_msgs:/root/Lunar_ROADSTER/lr_ws/install/vectornav:/root/Lunar_ROADSTER/lr_ws/install/vectornav_msgs:/root/Lunar_ROADSTER/lr_ws/install/localization:/opt/ros/humble LD_LIBRARY_PATH=/root/Lunar_ROADSTER/lr_ws/install/cg_msgs/lib:/root/Lunar_ROADSTER/lr_ws/install/vectornav/lib:/root/Lunar_ROADSTER/lr_ws/install/vectornav_msgs/lib:/opt/ros/humble/opt/rviz_ogre_vendor/lib:/opt/ros/humble/lib/aarch64-linux-gnu:/opt/ros/humble/lib:/usr/local/cuda/lib64 /usr/local/bin/cmake --build /root/Lunar_ROADSTER/lr_ws/build/localization -- -j4 -l4
[0.478s] [ 20%] Built target kalman_filter_linear
[0.541s] [ 40%] Built target imu_tf_publisher
[0.547s] [ 70%] Built target ts_prism_transformer
[0.578s] [35m[1mConsolidate compiler generated dependencies of target slip_estimate_node[0m
[0.700s] [ 80%] [32mBuilding CXX object CMakeFiles/slip_estimate_node.dir/src/slip_estimate_main.cpp.o[0m
[0.733s] [ 90%] [32mBuilding CXX object CMakeFiles/slip_estimate_node.dir/src/slip_estimate_node.cpp.o[0m
[2.806s] In file included from [01m[K/root/Lunar_ROADSTER/lr_ws/src/localization/include/localization/slip_estimate_node.hpp:18[m[K,
[2.808s]                  from [01m[K/root/Lunar_ROADSTER/lr_ws/src/localization/src/slip_estimate_main.cpp:3[m[K:
[2.808s] [01m[K/opt/ros/humble/include/tf2_geometry_msgs/tf2_geometry_msgs/tf2_geometry_msgs.h:35:2:[m[K [01;35m[Kwarning: [m[K#warning This header is obsolete, please include tf2_geometry_msgs/tf2_geometry_msgs.hpp instead [[01;35m[K-Wcpp[m[K]
[2.809s]    35 | #[01;35m[Kwarning[m[K This header is obsolete, please include tf2_geometry_msgs/tf2_geometry_msgs.hpp instead
[2.809s]       |  [01;35m[K^~~~~~~[m[K
[2.924s] In file included from [01m[K/root/Lunar_ROADSTER/lr_ws/src/localization/include/localization/slip_estimate_node.hpp:18[m[K,
[2.926s]                  from [01m[K/root/Lunar_ROADSTER/lr_ws/src/localization/src/slip_estimate_node.cpp:1[m[K:
[2.927s] [01m[K/opt/ros/humble/include/tf2_geometry_msgs/tf2_geometry_msgs/tf2_geometry_msgs.h:35:2:[m[K [01;35m[Kwarning: [m[K#warning This header is obsolete, please include tf2_geometry_msgs/tf2_geometry_msgs.hpp instead [[01;35m[K-Wcpp[m[K]
[2.929s]    35 | #[01;35m[Kwarning[m[K This header is obsolete, please include tf2_geometry_msgs/tf2_geometry_msgs.hpp instead
[2.930s]       |  [01;35m[K^~~~~~~[m[K
[50.324s] [100%] [32m[1mLinking CXX executable slip_estimate_node[0m
[52.885s] [100%] Built target slip_estimate_node
[52.914s] Invoked command in '/root/Lunar_ROADSTER/lr_ws/build/localization' returned '0': CMAKE_PREFIX_PATH=/root/Lunar_ROADSTER/lr_ws/install/cg_msgs:/root/Lunar_ROADSTER/lr_ws/install/vectornav:/root/Lunar_ROADSTER/lr_ws/install/vectornav_msgs:/root/Lunar_ROADSTER/lr_ws/install/localization:/opt/ros/humble LD_LIBRARY_PATH=/root/Lunar_ROADSTER/lr_ws/install/cg_msgs/lib:/root/Lunar_ROADSTER/lr_ws/install/vectornav/lib:/root/Lunar_ROADSTER/lr_ws/install/vectornav_msgs/lib:/opt/ros/humble/opt/rviz_ogre_vendor/lib:/opt/ros/humble/lib/aarch64-linux-gnu:/opt/ros/humble/lib:/usr/local/cuda/lib64 /usr/local/bin/cmake --build /root/Lunar_ROADSTER/lr_ws/build/localization -- -j4 -l4
[52.922s] Invoking command in '/root/Lunar_ROADSTER/lr_ws/build/localization': CMAKE_PREFIX_PATH=/root/Lunar_ROADSTER/lr_ws/install/cg_msgs:/root/Lunar_ROADSTER/lr_ws/install/vectornav:/root/Lunar_ROADSTER/lr_ws/install/vectornav_msgs:/root/Lunar_ROADSTER/lr_ws/install/localization:/opt/ros/humble LD_LIBRARY_PATH=/root/Lunar_ROADSTER/lr_ws/install/cg_msgs/lib:/root/Lunar_ROADSTER/lr_ws/install/vectornav/lib:/root/Lunar_ROADSTER/lr_ws/install/vectornav_msgs/lib:/opt/ros/humble/opt/rviz_ogre_vendor/lib:/opt/ros/humble/lib/aarch64-linux-gnu:/opt/ros/humble/lib:/usr/local/cuda/lib64 /usr/local/bin/cmake --install /root/Lunar_ROADSTER/lr_ws/build/localization
[52.935s] -- Install configuration: ""
[52.936s] -- Installing: /root/Lunar_ROADSTER/lr_ws/install/localization/lib/localization/slip_estimate_node
[53.015s] -- Set runtime path of "/root/Lunar_ROADSTER/lr_ws/install/localization/lib/localization/slip_estimate_node" to ""
[53.156s] -- Installing: /root/Lunar_ROADSTER/lr_ws/install/localization/lib/localization/ts_prism_transformer
[53.217s] -- Set runtime path of "/root/Lunar_ROADSTER/lr_ws/install/localization/lib/localization/ts_prism_transformer" to ""
[53.217s] -- Installing: /root/Lunar_ROADSTER/lr_ws/install/localization/lib/localization/imu_tf_publisher
[53.256s] -- Set runtime path of "/root/Lunar_ROADSTER/lr_ws/install/localization/lib/localization/imu_tf_publisher" to ""
[53.256s] -- Up-to-date: /root/Lunar_ROADSTER/lr_ws/install/localization/include/localization
[53.257s] -- Installing: /root/Lunar_ROADSTER/lr_ws/install/localization/include/localization/imu_tf_publisher.hpp
[53.257s] -- Up-to-date: /root/Lunar_ROADSTER/lr_ws/install/localization/include/localization/kalman_filter_linear.hpp
[53.258s] -- Installing: /root/Lunar_ROADSTER/lr_ws/install/localization/include/localization/slip_estimate_node.hpp
[53.258s] -- Up-to-date: /root/Lunar_ROADSTER/lr_ws/install/localization/include/localization/ts_prism_transformer.hpp
[53.259s] -- Up-to-date: /root/Lunar_ROADSTER/lr_ws/install/localization/share/localization/launch
[53.260s] -- Up-to-date: /root/Lunar_ROADSTER/lr_ws/install/localization/share/localization/launch/imu_tf_publisher.launch.py
[53.260s] -- Up-to-date: /root/Lunar_ROADSTER/lr_ws/install/localization/share/localization/launch/slip_estimate_launch.py
[53.261s] -- Up-to-date: /root/Lunar_ROADSTER/lr_ws/install/localization/share/localization/launch/__pycache__
[53.261s] -- Up-to-date: /root/Lunar_ROADSTER/lr_ws/install/localization/share/localization/launch/__pycache__/imu_tf_publisher.launch.cpython-310.pyc
[53.262s] -- Up-to-date: /root/Lunar_ROADSTER/lr_ws/install/localization/share/localization/launch/__pycache__/ekf_localization.launch.cpython-38.pyc
[53.262s] -- Up-to-date: /root/Lunar_ROADSTER/lr_ws/install/localization/share/localization/launch/ekf_localization.launch.py
[53.263s] -- Up-to-date: /root/Lunar_ROADSTER/lr_ws/install/localization/share/localization//config
[53.264s] -- Up-to-date: /root/Lunar_ROADSTER/lr_ws/install/localization/share/localization//config/ekf_slip_node_params.yaml
[53.265s] -- Up-to-date: /root/Lunar_ROADSTER/lr_ws/install/localization/share/localization//config/slip_estimate_params.yaml
[53.265s] -- Up-to-date: /root/Lunar_ROADSTER/lr_ws/install/localization/share/localization//config/ekf_global_node_params.yaml
[53.266s] -- Up-to-date: /root/Lunar_ROADSTER/lr_ws/install/localization/share/localization//config/ekf_odom_node_params.yaml
[53.266s] -- Installing: /root/Lunar_ROADSTER/lr_ws/install/localization/share/ament_index/resource_index/package_run_dependencies/localization
[53.267s] -- Installing: /root/Lunar_ROADSTER/lr_ws/install/localization/share/ament_index/resource_index/parent_prefix_path/localization
[53.267s] -- Up-to-date: /root/Lunar_ROADSTER/lr_ws/install/localization/share/localization/environment/ament_prefix_path.sh
[53.267s] -- Installing: /root/Lunar_ROADSTER/lr_ws/install/localization/share/localization/environment/ament_prefix_path.dsv
[53.268s] -- Up-to-date: /root/Lunar_ROADSTER/lr_ws/install/localization/share/localization/environment/path.sh
[53.268s] -- Installing: /root/Lunar_ROADSTER/lr_ws/install/localization/share/localization/environment/path.dsv
[53.269s] -- Up-to-date: /root/Lunar_ROADSTER/lr_ws/install/localization/share/localization/local_setup.bash
[53.269s] -- Up-to-date: /root/Lunar_ROADSTER/lr_ws/install/localization/share/localization/local_setup.sh
[53.272s] -- Up-to-date: /root/Lunar_ROADSTER/lr_ws/install/localization/share/localization/local_setup.zsh
[53.274s] -- Installing: /root/Lunar_ROADSTER/lr_ws/install/localization/share/localization/local_setup.dsv
[53.275s] -- Installing: /root/Lunar_ROADSTER/lr_ws/install/localization/share/localization/package.dsv
[53.276s] -- Up-to-date: /root/Lunar_ROADSTER/lr_ws/install/localization/share/ament_index/resource_index/packages/localization
[53.276s] -- Up-to-date: /root/Lunar_ROADSTER/lr_ws/install/localization/share/localization/cmake/localizationConfig.cmake
[53.281s] -- Up-to-date: /root/Lunar_ROADSTER/lr_ws/install/localization/share/localization/cmake/localizationConfig-version.cmake
[53.286s] -- Installing: /root/Lunar_ROADSTER/lr_ws/install/localization/share/localization/package.xml
[53.286s] Invoked command in '/root/Lunar_ROADSTER/lr_ws/build/localization' returned '0': CMAKE_PREFIX_PATH=/root/Lunar_ROADSTER/lr_ws/install/cg_msgs:/root/Lunar_ROADSTER/lr_ws/install/vectornav:/root/Lunar_ROADSTER/lr_ws/install/vectornav_msgs:/root/Lunar_ROADSTER/lr_ws/install/localization:/opt/ros/humble LD_LIBRARY_PATH=/root/Lunar_ROADSTER/lr_ws/install/cg_msgs/lib:/root/Lunar_ROADSTER/lr_ws/install/vectornav/lib:/root/Lunar_ROADSTER/lr_ws/install/vectornav_msgs/lib:/opt/ros/humble/opt/rviz_ogre_vendor/lib:/opt/ros/humble/lib/aarch64-linux-gnu:/opt/ros/humble/lib:/usr/local/cuda/lib64 /usr/local/bin/cmake --install /root/Lunar_ROADSTER/lr_ws/build/localization
