[35m[1mConsolidate compiler generated dependencies of target teleop_node[0m
[100%] Built target teleop_node
-- Install configuration: ""
-- Up-to-date: /home/williamfbx/Lunar-ROADSTER/lr_ws/install/teleop/lib/teleop/teleop_node
-- Up-to-date: /home/williamfbx/Lunar-ROADSTER/lr_ws/install/teleop/include/teleop
-- Up-to-date: /home/williamfbx/Lunar-ROADSTER/lr_ws/install/teleop/include/teleop/teleop_node.hpp
-- Up-to-date: /home/williamfbx/Lunar-ROADSTER/lr_ws/install/teleop/share/teleop/launch
-- Up-to-date: /home/williamfbx/Lunar-ROADSTER/lr_ws/install/teleop/share/teleop/launch/joystick_launch.py
-- Up-to-date: /home/williamfbx/Lunar-ROADSTER/lr_ws/install/teleop/share/teleop//config
-- Up-to-date: /home/williamfbx/Lunar-ROADSTER/lr_ws/install/teleop/share/teleop//config/teleop_node_params.yaml
-- Up-to-date: /home/williamfbx/Lunar-ROADSTER/lr_ws/install/teleop/share/ament_index/resource_index/package_run_dependencies/teleop
-- Up-to-date: /home/williamfbx/Lunar-ROADSTER/lr_ws/install/teleop/share/ament_index/resource_index/parent_prefix_path/teleop
-- Up-to-date: /home/williamfbx/Lunar-ROADSTER/lr_ws/install/teleop/share/teleop/environment/ament_prefix_path.sh
-- Up-to-date: /home/williamfbx/Lunar-ROADSTER/lr_ws/install/teleop/share/teleop/environment/ament_prefix_path.dsv
-- Up-to-date: /home/williamfbx/Lunar-ROADSTER/lr_ws/install/teleop/share/teleop/environment/path.sh
-- Up-to-date: /home/williamfbx/Lunar-ROADSTER/lr_ws/install/teleop/share/teleop/environment/path.dsv
-- Up-to-date: /home/williamfbx/Lunar-ROADSTER/lr_ws/install/teleop/share/teleop/local_setup.bash
-- Up-to-date: /home/williamfbx/Lunar-ROADSTER/lr_ws/install/teleop/share/teleop/local_setup.sh
-- Up-to-date: /home/williamfbx/Lunar-ROADSTER/lr_ws/install/teleop/share/teleop/local_setup.zsh
-- Up-to-date: /home/williamfbx/Lunar-ROADSTER/lr_ws/install/teleop/share/teleop/local_setup.dsv
-- Installing: /home/williamfbx/Lunar-ROADSTER/lr_ws/install/teleop/share/teleop/package.dsv
-- Up-to-date: /home/williamfbx/Lunar-ROADSTER/lr_ws/install/teleop/share/ament_index/resource_index/packages/teleop
-- Up-to-date: /home/williamfbx/Lunar-ROADSTER/lr_ws/install/teleop/share/teleop/cmake/teleopConfig.cmake
-- Up-to-date: /home/williamfbx/Lunar-ROADSTER/lr_ws/install/teleop/share/teleop/cmake/teleopConfig-version.cmake
-- Up-to-date: /home/williamfbx/Lunar-ROADSTER/lr_ws/install/teleop/share/teleop/package.xml
