[0.046s] Invoking command in '/home/williamfbx/Lunar-ROADSTER/lr_ws/build/planning': CMAKE_PREFIX_PATH=/home/williamfbx/Lunar-ROADSTER/lr_ws/install/mapping:/home/williamfbx/Lunar-ROADSTER/lr_ws/install/cg_msgs:/home/williamfbx/Lunar-ROADSTER/lr_ws/install/vectornav:/home/williamfbx/Lunar-ROADSTER/lr_ws/install/vectornav_msgs:/home/williamfbx/Lunar-ROADSTER/lr_ws/install/teleop:/home/williamfbx/Lunar-ROADSTER/lr_ws/install/sensing:/home/williamfbx/Lunar-ROADSTER/lr_ws/install/realsense2_description:/home/williamfbx/Lunar-ROADSTER/lr_ws/install/realsense2_camera:/home/williamfbx/Lunar-ROADSTER/lr_ws/install/realsense2_camera_msgs:/home/williamfbx/Lunar-ROADSTER/lr_ws/install/realsense:/home/williamfbx/Lunar-ROADSTER/lr_ws/install/planning:/home/williamfbx/Lunar-ROADSTER/lr_ws/install/motion_control:/home/williamfbx/Lunar-ROADSTER/lr_ws/install/localization:/home/williamfbx/Lunar-ROADSTER/lr_ws/install/imu:/home/williamfbx/Lunar-ROADSTER/lr_ws/install/arduino:/opt/ros/humble LD_LIBRARY_PATH=/home/williamfbx/Lunar-ROADSTER/lr_ws/install/cg_msgs/lib:/home/williamfbx/Lunar-ROADSTER/lr_ws/install/vectornav/lib:/home/williamfbx/Lunar-ROADSTER/lr_ws/install/vectornav_msgs/lib:/home/williamfbx/Lunar-ROADSTER/lr_ws/install/realsense2_camera/lib:/home/williamfbx/Lunar-ROADSTER/lr_ws/install/realsense2_camera_msgs/lib:/usr/lib/x86_64-linux-gnu/gazebo-11/plugins:/opt/ros/humble/opt/rviz_ogre_vendor/lib:/opt/ros/humble/lib/x86_64-linux-gnu:/opt/ros/humble/lib /usr/bin/cmake --build /home/williamfbx/Lunar-ROADSTER/lr_ws/build/planning -- -j12 -l12
[0.088s] [35m[1mConsolidate compiler generated dependencies of target behavior_executive_node[0m
[0.116s] [100%] Built target behavior_executive_node
[0.152s] Invoked command in '/home/williamfbx/Lunar-ROADSTER/lr_ws/build/planning' returned '0': CMAKE_PREFIX_PATH=/home/williamfbx/Lunar-ROADSTER/lr_ws/install/mapping:/home/williamfbx/Lunar-ROADSTER/lr_ws/install/cg_msgs:/home/williamfbx/Lunar-ROADSTER/lr_ws/install/vectornav:/home/williamfbx/Lunar-ROADSTER/lr_ws/install/vectornav_msgs:/home/williamfbx/Lunar-ROADSTER/lr_ws/install/teleop:/home/williamfbx/Lunar-ROADSTER/lr_ws/install/sensing:/home/williamfbx/Lunar-ROADSTER/lr_ws/install/realsense2_description:/home/williamfbx/Lunar-ROADSTER/lr_ws/install/realsense2_camera:/home/williamfbx/Lunar-ROADSTER/lr_ws/install/realsense2_camera_msgs:/home/williamfbx/Lunar-ROADSTER/lr_ws/install/realsense:/home/williamfbx/Lunar-ROADSTER/lr_ws/install/planning:/home/williamfbx/Lunar-ROADSTER/lr_ws/install/motion_control:/home/williamfbx/Lunar-ROADSTER/lr_ws/install/localization:/home/williamfbx/Lunar-ROADSTER/lr_ws/install/imu:/home/williamfbx/Lunar-ROADSTER/lr_ws/install/arduino:/opt/ros/humble LD_LIBRARY_PATH=/home/williamfbx/Lunar-ROADSTER/lr_ws/install/cg_msgs/lib:/home/williamfbx/Lunar-ROADSTER/lr_ws/install/vectornav/lib:/home/williamfbx/Lunar-ROADSTER/lr_ws/install/vectornav_msgs/lib:/home/williamfbx/Lunar-ROADSTER/lr_ws/install/realsense2_camera/lib:/home/williamfbx/Lunar-ROADSTER/lr_ws/install/realsense2_camera_msgs/lib:/usr/lib/x86_64-linux-gnu/gazebo-11/plugins:/opt/ros/humble/opt/rviz_ogre_vendor/lib:/opt/ros/humble/lib/x86_64-linux-gnu:/opt/ros/humble/lib /usr/bin/cmake --build /home/williamfbx/Lunar-ROADSTER/lr_ws/build/planning -- -j12 -l12
[0.152s] Invoking command in '/home/williamfbx/Lunar-ROADSTER/lr_ws/build/planning': CMAKE_PREFIX_PATH=/home/williamfbx/Lunar-ROADSTER/lr_ws/install/mapping:/home/williamfbx/Lunar-ROADSTER/lr_ws/install/cg_msgs:/home/williamfbx/Lunar-ROADSTER/lr_ws/install/vectornav:/home/williamfbx/Lunar-ROADSTER/lr_ws/install/vectornav_msgs:/home/williamfbx/Lunar-ROADSTER/lr_ws/install/teleop:/home/williamfbx/Lunar-ROADSTER/lr_ws/install/sensing:/home/williamfbx/Lunar-ROADSTER/lr_ws/install/realsense2_description:/home/williamfbx/Lunar-ROADSTER/lr_ws/install/realsense2_camera:/home/williamfbx/Lunar-ROADSTER/lr_ws/install/realsense2_camera_msgs:/home/williamfbx/Lunar-ROADSTER/lr_ws/install/realsense:/home/williamfbx/Lunar-ROADSTER/lr_ws/install/planning:/home/williamfbx/Lunar-ROADSTER/lr_ws/install/motion_control:/home/williamfbx/Lunar-ROADSTER/lr_ws/install/localization:/home/williamfbx/Lunar-ROADSTER/lr_ws/install/imu:/home/williamfbx/Lunar-ROADSTER/lr_ws/install/arduino:/opt/ros/humble LD_LIBRARY_PATH=/home/williamfbx/Lunar-ROADSTER/lr_ws/install/cg_msgs/lib:/home/williamfbx/Lunar-ROADSTER/lr_ws/install/vectornav/lib:/home/williamfbx/Lunar-ROADSTER/lr_ws/install/vectornav_msgs/lib:/home/williamfbx/Lunar-ROADSTER/lr_ws/install/realsense2_camera/lib:/home/williamfbx/Lunar-ROADSTER/lr_ws/install/realsense2_camera_msgs/lib:/usr/lib/x86_64-linux-gnu/gazebo-11/plugins:/opt/ros/humble/opt/rviz_ogre_vendor/lib:/opt/ros/humble/lib/x86_64-linux-gnu:/opt/ros/humble/lib /usr/bin/cmake --install /home/williamfbx/Lunar-ROADSTER/lr_ws/build/planning
[0.166s] -- Install configuration: ""
[0.166s] -- Up-to-date: /home/williamfbx/Lunar-ROADSTER/lr_ws/install/planning/lib/planning/behavior_executive_node
[0.166s] -- Up-to-date: /home/williamfbx/Lunar-ROADSTER/lr_ws/install/planning/include/planning
[0.166s] -- Up-to-date: /home/williamfbx/Lunar-ROADSTER/lr_ws/install/planning/include/planning/behavior_executive_node.hpp
[0.166s] -- Up-to-date: /home/williamfbx/Lunar-ROADSTER/lr_ws/install/planning/include/planning/fsm
[0.166s] -- Up-to-date: /home/williamfbx/Lunar-ROADSTER/lr_ws/install/planning/share/planning/launch
[0.167s] -- Installing: /home/williamfbx/Lunar-ROADSTER/lr_ws/install/planning/share/planning/launch/planning_launch.py
[0.167s] -- Up-to-date: /home/williamfbx/Lunar-ROADSTER/lr_ws/install/planning/share/planning//config
[0.167s] -- Up-to-date: /home/williamfbx/Lunar-ROADSTER/lr_ws/install/planning/share/planning//config/autograder_node_params.yaml
[0.167s] -- Up-to-date: /home/williamfbx/Lunar-ROADSTER/lr_ws/install/planning/share/planning//config/50x50_zeros_height_map.csv
[0.167s] -- Installing: /home/williamfbx/Lunar-ROADSTER/lr_ws/install/planning/share/planning//config/site_map_params.yaml
[0.167s] -- Up-to-date: /home/williamfbx/Lunar-ROADSTER/lr_ws/install/planning/share/planning//config/behavior_executive_params.yaml
[0.167s] -- Up-to-date: /home/williamfbx/Lunar-ROADSTER/lr_ws/install/planning/share/ament_index/resource_index/package_run_dependencies/planning
[0.167s] -- Up-to-date: /home/williamfbx/Lunar-ROADSTER/lr_ws/install/planning/share/ament_index/resource_index/parent_prefix_path/planning
[0.167s] -- Up-to-date: /home/williamfbx/Lunar-ROADSTER/lr_ws/install/planning/share/planning/environment/ament_prefix_path.sh
[0.168s] -- Up-to-date: /home/williamfbx/Lunar-ROADSTER/lr_ws/install/planning/share/planning/environment/ament_prefix_path.dsv
[0.168s] -- Up-to-date: /home/williamfbx/Lunar-ROADSTER/lr_ws/install/planning/share/planning/environment/path.sh
[0.168s] -- Up-to-date: /home/williamfbx/Lunar-ROADSTER/lr_ws/install/planning/share/planning/environment/path.dsv
[0.168s] -- Up-to-date: /home/williamfbx/Lunar-ROADSTER/lr_ws/install/planning/share/planning/local_setup.bash
[0.168s] -- Up-to-date: /home/williamfbx/Lunar-ROADSTER/lr_ws/install/planning/share/planning/local_setup.sh
[0.168s] -- Up-to-date: /home/williamfbx/Lunar-ROADSTER/lr_ws/install/planning/share/planning/local_setup.zsh
[0.168s] -- Up-to-date: /home/williamfbx/Lunar-ROADSTER/lr_ws/install/planning/share/planning/local_setup.dsv
[0.168s] -- Installing: /home/williamfbx/Lunar-ROADSTER/lr_ws/install/planning/share/planning/package.dsv
[0.168s] -- Up-to-date: /home/williamfbx/Lunar-ROADSTER/lr_ws/install/planning/share/ament_index/resource_index/packages/planning
[0.168s] -- Up-to-date: /home/williamfbx/Lunar-ROADSTER/lr_ws/install/planning/share/planning/cmake/ament_cmake_export_include_directories-extras.cmake
[0.169s] -- Up-to-date: /home/williamfbx/Lunar-ROADSTER/lr_ws/install/planning/share/planning/cmake/planningConfig.cmake
[0.169s] -- Up-to-date: /home/williamfbx/Lunar-ROADSTER/lr_ws/install/planning/share/planning/cmake/planningConfig-version.cmake
[0.169s] -- Up-to-date: /home/williamfbx/Lunar-ROADSTER/lr_ws/install/planning/share/planning/package.xml
[0.182s] Invoked command in '/home/williamfbx/Lunar-ROADSTER/lr_ws/build/planning' returned '0': CMAKE_PREFIX_PATH=/home/williamfbx/Lunar-ROADSTER/lr_ws/install/mapping:/home/williamfbx/Lunar-ROADSTER/lr_ws/install/cg_msgs:/home/williamfbx/Lunar-ROADSTER/lr_ws/install/vectornav:/home/williamfbx/Lunar-ROADSTER/lr_ws/install/vectornav_msgs:/home/williamfbx/Lunar-ROADSTER/lr_ws/install/teleop:/home/williamfbx/Lunar-ROADSTER/lr_ws/install/sensing:/home/williamfbx/Lunar-ROADSTER/lr_ws/install/realsense2_description:/home/williamfbx/Lunar-ROADSTER/lr_ws/install/realsense2_camera:/home/williamfbx/Lunar-ROADSTER/lr_ws/install/realsense2_camera_msgs:/home/williamfbx/Lunar-ROADSTER/lr_ws/install/realsense:/home/williamfbx/Lunar-ROADSTER/lr_ws/install/planning:/home/williamfbx/Lunar-ROADSTER/lr_ws/install/motion_control:/home/williamfbx/Lunar-ROADSTER/lr_ws/install/localization:/home/williamfbx/Lunar-ROADSTER/lr_ws/install/imu:/home/williamfbx/Lunar-ROADSTER/lr_ws/install/arduino:/opt/ros/humble LD_LIBRARY_PATH=/home/williamfbx/Lunar-ROADSTER/lr_ws/install/cg_msgs/lib:/home/williamfbx/Lunar-ROADSTER/lr_ws/install/vectornav/lib:/home/williamfbx/Lunar-ROADSTER/lr_ws/install/vectornav_msgs/lib:/home/williamfbx/Lunar-ROADSTER/lr_ws/install/realsense2_camera/lib:/home/williamfbx/Lunar-ROADSTER/lr_ws/install/realsense2_camera_msgs/lib:/usr/lib/x86_64-linux-gnu/gazebo-11/plugins:/opt/ros/humble/opt/rviz_ogre_vendor/lib:/opt/ros/humble/lib/x86_64-linux-gnu:/opt/ros/humble/lib /usr/bin/cmake --install /home/williamfbx/Lunar-ROADSTER/lr_ws/build/planning
