[0.025s] Invoking command in '/home/williamfbx/Lunar-ROADSTER/lr_ws/build/planning': CMAKE_PREFIX_PATH=/home/williamfbx/Lunar-ROADSTER/lr_ws/install/mapping:/home/williamfbx/Lunar-ROADSTER/lr_ws/install/cg_msgs:/home/williamfbx/Lunar-ROADSTER/lr_ws/install/vectornav:/home/williamfbx/Lunar-ROADSTER/lr_ws/install/vectornav_msgs:/home/williamfbx/Lunar-ROADSTER/lr_ws/install/teleop:/home/williamfbx/Lunar-ROADSTER/lr_ws/install/sensing:/home/williamfbx/Lunar-ROADSTER/lr_ws/install/realsense2_description:/home/williamfbx/Lunar-ROADSTER/lr_ws/install/realsense2_camera:/home/williamfbx/Lunar-ROADSTER/lr_ws/install/realsense2_camera_msgs:/home/williamfbx/Lunar-ROADSTER/lr_ws/install/realsense:/home/williamfbx/Lunar-ROADSTER/lr_ws/install/planning:/home/williamfbx/Lunar-ROADSTER/lr_ws/install/motion_control:/home/williamfbx/Lunar-ROADSTER/lr_ws/install/localization:/home/williamfbx/Lunar-ROADSTER/lr_ws/install/imu:/home/williamfbx/Lunar-ROADSTER/lr_ws/install/arduino:/opt/ros/humble LD_LIBRARY_PATH=/home/williamfbx/Lunar-ROADSTER/lr_ws/install/cg_msgs/lib:/home/williamfbx/Lunar-ROADSTER/lr_ws/install/vectornav/lib:/home/williamfbx/Lunar-ROADSTER/lr_ws/install/vectornav_msgs/lib:/home/williamfbx/Lunar-ROADSTER/lr_ws/install/realsense2_camera/lib:/home/williamfbx/Lunar-ROADSTER/lr_ws/install/realsense2_camera_msgs/lib:/usr/lib/x86_64-linux-gnu/gazebo-11/plugins:/opt/ros/humble/opt/rviz_ogre_vendor/lib:/opt/ros/humble/lib/x86_64-linux-gnu:/opt/ros/humble/lib /usr/bin/cmake --build /home/williamfbx/Lunar-ROADSTER/lr_ws/build/planning -- -j12 -l12
[0.050s] -- Found ament_cmake: 1.3.11 (/opt/ros/humble/share/ament_cmake/cmake)
[0.177s] -- Found rclcpp: 16.0.11 (/opt/ros/humble/share/rclcpp/cmake)
[0.196s] -- Found rosidl_generator_c: 3.1.6 (/opt/ros/humble/share/rosidl_generator_c/cmake)
[0.198s] -- Found rosidl_adapter: 3.1.6 (/opt/ros/humble/share/rosidl_adapter/cmake)
[0.201s] -- Found rosidl_generator_cpp: 3.1.6 (/opt/ros/humble/share/rosidl_generator_cpp/cmake)
[0.208s] -- Using all available rosidl_typesupport_c: rosidl_typesupport_fastrtps_c;rosidl_typesupport_introspection_c
[0.216s] -- Using all available rosidl_typesupport_cpp: rosidl_typesupport_fastrtps_cpp;rosidl_typesupport_introspection_cpp
[0.237s] -- Found rmw_implementation_cmake: 6.1.2 (/opt/ros/humble/share/rmw_implementation_cmake/cmake)
[0.238s] -- Found rmw_fastrtps_cpp: 6.2.7 (/opt/ros/humble/share/rmw_fastrtps_cpp/cmake)
[0.313s] -- Using RMW implementation 'rmw_fastrtps_cpp' as default
[0.344s] -- Found cg_msgs: 0.0.0 (/home/williamfbx/Lunar-ROADSTER/lr_ws/install/cg_msgs/share/cg_msgs/cmake)
[0.353s] -- Found mapping: 0.0.0 (/home/williamfbx/Lunar-ROADSTER/lr_ws/install/mapping/share/mapping/cmake)
[0.353s] -- Found nav_msgs: 4.2.4 (/opt/ros/humble/share/nav_msgs/cmake)
[0.371s] -- Found tf2_ros: 0.25.12 (/opt/ros/humble/share/tf2_ros/cmake)
[0.472s] -- Configuring done
[0.480s] -- Generating done
[0.484s] -- Build files have been written to: /home/williamfbx/Lunar-ROADSTER/lr_ws/build/planning
[0.513s] [35m[1mConsolidate compiler generated dependencies of target behavior_executive_node[0m
[0.534s] [ 12%] [32mBuilding CXX object CMakeFiles/behavior_executive_node.dir/src/fsm/map_explored.cpp.o[0m
[0.536s] [ 25%] [32mBuilding CXX object CMakeFiles/behavior_executive_node.dir/src/behavior_executive_main.cpp.o[0m
[0.536s] [ 37%] [32mBuilding CXX object CMakeFiles/behavior_executive_node.dir/src/behavior_executive_node.cpp.o[0m
[9.373s] [ 50%] [32m[1mLinking CXX executable behavior_executive_node[0m
[9.871s] [100%] Built target behavior_executive_node
[9.882s] Invoked command in '/home/williamfbx/Lunar-ROADSTER/lr_ws/build/planning' returned '0': CMAKE_PREFIX_PATH=/home/williamfbx/Lunar-ROADSTER/lr_ws/install/mapping:/home/williamfbx/Lunar-ROADSTER/lr_ws/install/cg_msgs:/home/williamfbx/Lunar-ROADSTER/lr_ws/install/vectornav:/home/williamfbx/Lunar-ROADSTER/lr_ws/install/vectornav_msgs:/home/williamfbx/Lunar-ROADSTER/lr_ws/install/teleop:/home/williamfbx/Lunar-ROADSTER/lr_ws/install/sensing:/home/williamfbx/Lunar-ROADSTER/lr_ws/install/realsense2_description:/home/williamfbx/Lunar-ROADSTER/lr_ws/install/realsense2_camera:/home/williamfbx/Lunar-ROADSTER/lr_ws/install/realsense2_camera_msgs:/home/williamfbx/Lunar-ROADSTER/lr_ws/install/realsense:/home/williamfbx/Lunar-ROADSTER/lr_ws/install/planning:/home/williamfbx/Lunar-ROADSTER/lr_ws/install/motion_control:/home/williamfbx/Lunar-ROADSTER/lr_ws/install/localization:/home/williamfbx/Lunar-ROADSTER/lr_ws/install/imu:/home/williamfbx/Lunar-ROADSTER/lr_ws/install/arduino:/opt/ros/humble LD_LIBRARY_PATH=/home/williamfbx/Lunar-ROADSTER/lr_ws/install/cg_msgs/lib:/home/williamfbx/Lunar-ROADSTER/lr_ws/install/vectornav/lib:/home/williamfbx/Lunar-ROADSTER/lr_ws/install/vectornav_msgs/lib:/home/williamfbx/Lunar-ROADSTER/lr_ws/install/realsense2_camera/lib:/home/williamfbx/Lunar-ROADSTER/lr_ws/install/realsense2_camera_msgs/lib:/usr/lib/x86_64-linux-gnu/gazebo-11/plugins:/opt/ros/humble/opt/rviz_ogre_vendor/lib:/opt/ros/humble/lib/x86_64-linux-gnu:/opt/ros/humble/lib /usr/bin/cmake --build /home/williamfbx/Lunar-ROADSTER/lr_ws/build/planning -- -j12 -l12
[9.885s] Invoking command in '/home/williamfbx/Lunar-ROADSTER/lr_ws/build/planning': CMAKE_PREFIX_PATH=/home/williamfbx/Lunar-ROADSTER/lr_ws/install/mapping:/home/williamfbx/Lunar-ROADSTER/lr_ws/install/cg_msgs:/home/williamfbx/Lunar-ROADSTER/lr_ws/install/vectornav:/home/williamfbx/Lunar-ROADSTER/lr_ws/install/vectornav_msgs:/home/williamfbx/Lunar-ROADSTER/lr_ws/install/teleop:/home/williamfbx/Lunar-ROADSTER/lr_ws/install/sensing:/home/williamfbx/Lunar-ROADSTER/lr_ws/install/realsense2_description:/home/williamfbx/Lunar-ROADSTER/lr_ws/install/realsense2_camera:/home/williamfbx/Lunar-ROADSTER/lr_ws/install/realsense2_camera_msgs:/home/williamfbx/Lunar-ROADSTER/lr_ws/install/realsense:/home/williamfbx/Lunar-ROADSTER/lr_ws/install/planning:/home/williamfbx/Lunar-ROADSTER/lr_ws/install/motion_control:/home/williamfbx/Lunar-ROADSTER/lr_ws/install/localization:/home/williamfbx/Lunar-ROADSTER/lr_ws/install/imu:/home/williamfbx/Lunar-ROADSTER/lr_ws/install/arduino:/opt/ros/humble LD_LIBRARY_PATH=/home/williamfbx/Lunar-ROADSTER/lr_ws/install/cg_msgs/lib:/home/williamfbx/Lunar-ROADSTER/lr_ws/install/vectornav/lib:/home/williamfbx/Lunar-ROADSTER/lr_ws/install/vectornav_msgs/lib:/home/williamfbx/Lunar-ROADSTER/lr_ws/install/realsense2_camera/lib:/home/williamfbx/Lunar-ROADSTER/lr_ws/install/realsense2_camera_msgs/lib:/usr/lib/x86_64-linux-gnu/gazebo-11/plugins:/opt/ros/humble/opt/rviz_ogre_vendor/lib:/opt/ros/humble/lib/x86_64-linux-gnu:/opt/ros/humble/lib /usr/bin/cmake --install /home/williamfbx/Lunar-ROADSTER/lr_ws/build/planning
[9.893s] -- Install configuration: ""
[9.893s] -- Installing: /home/williamfbx/Lunar-ROADSTER/lr_ws/install/planning/lib/planning/behavior_executive_node
[9.898s] -- Set runtime path of "/home/williamfbx/Lunar-ROADSTER/lr_ws/install/planning/lib/planning/behavior_executive_node" to ""
[9.898s] -- Up-to-date: /home/williamfbx/Lunar-ROADSTER/lr_ws/install/planning/include/planning
[9.898s] -- Installing: /home/williamfbx/Lunar-ROADSTER/lr_ws/install/planning/include/planning/behavior_executive_node.hpp
[9.898s] -- Up-to-date: /home/williamfbx/Lunar-ROADSTER/lr_ws/install/planning/include/planning/fsm
[9.898s] -- Installing: /home/williamfbx/Lunar-ROADSTER/lr_ws/install/planning/include/planning/fsm/map_explored.hpp
[9.898s] -- Up-to-date: /home/williamfbx/Lunar-ROADSTER/lr_ws/install/planning/include/planning/fsm/ready.hpp
[9.898s] -- Up-to-date: /home/williamfbx/Lunar-ROADSTER/lr_ws/install/planning/include/planning/fsm/update_map.hpp
[9.898s] -- Up-to-date: /home/williamfbx/Lunar-ROADSTER/lr_ws/install/planning/include/planning/fsm/fsm.hpp
[9.898s] -- Up-to-date: /home/williamfbx/Lunar-ROADSTER/lr_ws/install/planning/include/planning/fsm/site_work_done.hpp
[9.899s] -- Up-to-date: /home/williamfbx/Lunar-ROADSTER/lr_ws/install/planning/share/planning/launch
[9.899s] -- Up-to-date: /home/williamfbx/Lunar-ROADSTER/lr_ws/install/planning/share/planning/launch/planning_launch.py
[9.899s] -- Up-to-date: /home/williamfbx/Lunar-ROADSTER/lr_ws/install/planning/share/planning//config
[9.899s] -- Up-to-date: /home/williamfbx/Lunar-ROADSTER/lr_ws/install/planning/share/planning//config/autograder_node_params.yaml
[9.899s] -- Up-to-date: /home/williamfbx/Lunar-ROADSTER/lr_ws/install/planning/share/planning//config/50x50_zeros_height_map.csv
[9.899s] -- Up-to-date: /home/williamfbx/Lunar-ROADSTER/lr_ws/install/planning/share/planning//config/site_map_params.yaml
[9.899s] -- Up-to-date: /home/williamfbx/Lunar-ROADSTER/lr_ws/install/planning/share/planning//config/behavior_executive_params.yaml
[9.899s] -- Up-to-date: /home/williamfbx/Lunar-ROADSTER/lr_ws/install/planning/share/ament_index/resource_index/package_run_dependencies/planning
[9.899s] -- Up-to-date: /home/williamfbx/Lunar-ROADSTER/lr_ws/install/planning/share/ament_index/resource_index/parent_prefix_path/planning
[9.899s] -- Up-to-date: /home/williamfbx/Lunar-ROADSTER/lr_ws/install/planning/share/planning/environment/ament_prefix_path.sh
[9.899s] -- Installing: /home/williamfbx/Lunar-ROADSTER/lr_ws/install/planning/share/planning/environment/ament_prefix_path.dsv
[9.899s] -- Up-to-date: /home/williamfbx/Lunar-ROADSTER/lr_ws/install/planning/share/planning/environment/path.sh
[9.899s] -- Installing: /home/williamfbx/Lunar-ROADSTER/lr_ws/install/planning/share/planning/environment/path.dsv
[9.899s] -- Up-to-date: /home/williamfbx/Lunar-ROADSTER/lr_ws/install/planning/share/planning/local_setup.bash
[9.899s] -- Up-to-date: /home/williamfbx/Lunar-ROADSTER/lr_ws/install/planning/share/planning/local_setup.sh
[9.899s] -- Up-to-date: /home/williamfbx/Lunar-ROADSTER/lr_ws/install/planning/share/planning/local_setup.zsh
[9.899s] -- Installing: /home/williamfbx/Lunar-ROADSTER/lr_ws/install/planning/share/planning/local_setup.dsv
[9.899s] -- Installing: /home/williamfbx/Lunar-ROADSTER/lr_ws/install/planning/share/planning/package.dsv
[9.899s] -- Up-to-date: /home/williamfbx/Lunar-ROADSTER/lr_ws/install/planning/share/ament_index/resource_index/packages/planning
[9.899s] -- Up-to-date: /home/williamfbx/Lunar-ROADSTER/lr_ws/install/planning/share/planning/cmake/ament_cmake_export_include_directories-extras.cmake
[9.899s] -- Up-to-date: /home/williamfbx/Lunar-ROADSTER/lr_ws/install/planning/share/planning/cmake/planningConfig.cmake
[9.899s] -- Up-to-date: /home/williamfbx/Lunar-ROADSTER/lr_ws/install/planning/share/planning/cmake/planningConfig-version.cmake
[9.900s] -- Up-to-date: /home/williamfbx/Lunar-ROADSTER/lr_ws/install/planning/share/planning/package.xml
[9.901s] Invoked command in '/home/williamfbx/Lunar-ROADSTER/lr_ws/build/planning' returned '0': CMAKE_PREFIX_PATH=/home/williamfbx/Lunar-ROADSTER/lr_ws/install/mapping:/home/williamfbx/Lunar-ROADSTER/lr_ws/install/cg_msgs:/home/williamfbx/Lunar-ROADSTER/lr_ws/install/vectornav:/home/williamfbx/Lunar-ROADSTER/lr_ws/install/vectornav_msgs:/home/williamfbx/Lunar-ROADSTER/lr_ws/install/teleop:/home/williamfbx/Lunar-ROADSTER/lr_ws/install/sensing:/home/williamfbx/Lunar-ROADSTER/lr_ws/install/realsense2_description:/home/williamfbx/Lunar-ROADSTER/lr_ws/install/realsense2_camera:/home/williamfbx/Lunar-ROADSTER/lr_ws/install/realsense2_camera_msgs:/home/williamfbx/Lunar-ROADSTER/lr_ws/install/realsense:/home/williamfbx/Lunar-ROADSTER/lr_ws/install/planning:/home/williamfbx/Lunar-ROADSTER/lr_ws/install/motion_control:/home/williamfbx/Lunar-ROADSTER/lr_ws/install/localization:/home/williamfbx/Lunar-ROADSTER/lr_ws/install/imu:/home/williamfbx/Lunar-ROADSTER/lr_ws/install/arduino:/opt/ros/humble LD_LIBRARY_PATH=/home/williamfbx/Lunar-ROADSTER/lr_ws/install/cg_msgs/lib:/home/williamfbx/Lunar-ROADSTER/lr_ws/install/vectornav/lib:/home/williamfbx/Lunar-ROADSTER/lr_ws/install/vectornav_msgs/lib:/home/williamfbx/Lunar-ROADSTER/lr_ws/install/realsense2_camera/lib:/home/williamfbx/Lunar-ROADSTER/lr_ws/install/realsense2_camera_msgs/lib:/usr/lib/x86_64-linux-gnu/gazebo-11/plugins:/opt/ros/humble/opt/rviz_ogre_vendor/lib:/opt/ros/humble/lib/x86_64-linux-gnu:/opt/ros/humble/lib /usr/bin/cmake --install /home/williamfbx/Lunar-ROADSTER/lr_ws/build/planning
