[0.074s] Invoking command in '/root/Lunar_ROADSTER/lr_ws/build/vectornav_msgs': CMAKE_PREFIX_PATH=${CMAKE_PREFIX_PATH}:/opt/ros/humble /usr/local/bin/cmake --build /root/Lunar_ROADSTER/lr_ws/build/vectornav_msgs -- -j4 -l4
[0.292s] [  0%] Built target vectornav_msgs__cpp
[0.332s] [ 12%] Built target vectornav_msgs__rosidl_generator_c
[0.411s] [ 12%] Built target ament_cmake_python_copy_vectornav_msgs
[0.455s] [ 24%] Built target vectornav_msgs__rosidl_typesupport_cpp
[0.515s] [ 35%] Built target vectornav_msgs__rosidl_typesupport_fastrtps_cpp
[0.589s] [ 47%] Built target vectornav_msgs__rosidl_typesupport_introspection_cpp
[0.626s] [ 59%] Built target vectornav_msgs__rosidl_typesupport_fastrtps_c
[0.641s] [ 71%] Built target vectornav_msgs__rosidl_typesupport_introspection_c
[0.667s] [ 83%] Built target vectornav_msgs__rosidl_typesupport_c
[0.721s] [ 83%] Built target vectornav_msgs
[0.792s] [ 84%] Built target vectornav_msgs__py
[0.902s] [ 95%] Built target vectornav_msgs__rosidl_generator_py
[1.040s] [ 97%] Built target vectornav_msgs__rosidl_typesupport_fastrtps_c__pyext
[1.070s] [ 99%] Built target vectornav_msgs__rosidl_typesupport_introspection_c__pyext
[1.076s] [100%] Built target vectornav_msgs__rosidl_typesupport_c__pyext
[1.796s] running egg_info
[1.804s] writing vectornav_msgs.egg-info/PKG-INFO
[1.805s] writing dependency_links to vectornav_msgs.egg-info/dependency_links.txt
[1.807s] writing top-level names to vectornav_msgs.egg-info/top_level.txt
[1.814s] reading manifest file 'vectornav_msgs.egg-info/SOURCES.txt'
[1.819s] writing manifest file 'vectornav_msgs.egg-info/SOURCES.txt'
[2.017s] [100%] Built target ament_cmake_python_build_vectornav_msgs_egg
[2.034s] Invoked command in '/root/Lunar_ROADSTER/lr_ws/build/vectornav_msgs' returned '0': CMAKE_PREFIX_PATH=${CMAKE_PREFIX_PATH}:/opt/ros/humble /usr/local/bin/cmake --build /root/Lunar_ROADSTER/lr_ws/build/vectornav_msgs -- -j4 -l4
[2.042s] Invoking command in '/root/Lunar_ROADSTER/lr_ws/build/vectornav_msgs': CMAKE_PREFIX_PATH=${CMAKE_PREFIX_PATH}:/opt/ros/humble /usr/local/bin/cmake --install /root/Lunar_ROADSTER/lr_ws/build/vectornav_msgs
[2.048s] -- Install configuration: ""
[2.050s] -- Up-to-date: /root/Lunar_ROADSTER/lr_ws/install/vectornav_msgs/share/ament_index/resource_index/rosidl_interfaces/vectornav_msgs
[2.051s] -- Up-to-date: /root/Lunar_ROADSTER/lr_ws/install/vectornav_msgs/include/vectornav_msgs/vectornav_msgs
[2.052s] -- Up-to-date: /root/Lunar_ROADSTER/lr_ws/install/vectornav_msgs/include/vectornav_msgs/vectornav_msgs/msg
[2.052s] -- Up-to-date: /root/Lunar_ROADSTER/lr_ws/install/vectornav_msgs/include/vectornav_msgs/vectornav_msgs/msg/attitude_group.h
[2.053s] -- Up-to-date: /root/Lunar_ROADSTER/lr_ws/install/vectornav_msgs/include/vectornav_msgs/vectornav_msgs/msg/rosidl_generator_c__visibility_control.h
[2.054s] -- Up-to-date: /root/Lunar_ROADSTER/lr_ws/install/vectornav_msgs/include/vectornav_msgs/vectornav_msgs/msg/detail
[2.054s] -- Up-to-date: /root/Lunar_ROADSTER/lr_ws/install/vectornav_msgs/include/vectornav_msgs/vectornav_msgs/msg/detail/attitude_group__functions.c
[2.055s] -- Up-to-date: /root/Lunar_ROADSTER/lr_ws/install/vectornav_msgs/include/vectornav_msgs/vectornav_msgs/msg/detail/attitude_group__functions.h
[2.058s] -- Up-to-date: /root/Lunar_ROADSTER/lr_ws/install/vectornav_msgs/include/vectornav_msgs/vectornav_msgs/msg/detail/attitude_group__struct.h
[2.059s] -- Up-to-date: /root/Lunar_ROADSTER/lr_ws/install/vectornav_msgs/include/vectornav_msgs/vectornav_msgs/msg/detail/attitude_group__type_support.h
[2.059s] -- Up-to-date: /root/Lunar_ROADSTER/lr_ws/install/vectornav_msgs/include/vectornav_msgs/vectornav_msgs/msg/detail/common_group__functions.c
[2.061s] -- Up-to-date: /root/Lunar_ROADSTER/lr_ws/install/vectornav_msgs/include/vectornav_msgs/vectornav_msgs/msg/detail/common_group__functions.h
[2.062s] -- Up-to-date: /root/Lunar_ROADSTER/lr_ws/install/vectornav_msgs/include/vectornav_msgs/vectornav_msgs/msg/detail/common_group__struct.h
[2.062s] -- Up-to-date: /root/Lunar_ROADSTER/lr_ws/install/vectornav_msgs/include/vectornav_msgs/vectornav_msgs/msg/detail/common_group__type_support.h
[2.062s] -- Up-to-date: /root/Lunar_ROADSTER/lr_ws/install/vectornav_msgs/include/vectornav_msgs/vectornav_msgs/msg/detail/dop__functions.c
[2.064s] -- Up-to-date: /root/Lunar_ROADSTER/lr_ws/install/vectornav_msgs/include/vectornav_msgs/vectornav_msgs/msg/detail/dop__functions.h
[2.065s] -- Up-to-date: /root/Lunar_ROADSTER/lr_ws/install/vectornav_msgs/include/vectornav_msgs/vectornav_msgs/msg/detail/dop__struct.h
[2.065s] -- Up-to-date: /root/Lunar_ROADSTER/lr_ws/install/vectornav_msgs/include/vectornav_msgs/vectornav_msgs/msg/detail/dop__type_support.h
[2.065s] -- Up-to-date: /root/Lunar_ROADSTER/lr_ws/install/vectornav_msgs/include/vectornav_msgs/vectornav_msgs/msg/detail/gps_group__functions.c
[2.066s] -- Up-to-date: /root/Lunar_ROADSTER/lr_ws/install/vectornav_msgs/include/vectornav_msgs/vectornav_msgs/msg/detail/gps_group__functions.h
[2.067s] -- Up-to-date: /root/Lunar_ROADSTER/lr_ws/install/vectornav_msgs/include/vectornav_msgs/vectornav_msgs/msg/detail/gps_group__struct.h
[2.068s] -- Up-to-date: /root/Lunar_ROADSTER/lr_ws/install/vectornav_msgs/include/vectornav_msgs/vectornav_msgs/msg/detail/gps_group__type_support.h
[2.069s] -- Up-to-date: /root/Lunar_ROADSTER/lr_ws/install/vectornav_msgs/include/vectornav_msgs/vectornav_msgs/msg/detail/imu_group__functions.c
[2.070s] -- Up-to-date: /root/Lunar_ROADSTER/lr_ws/install/vectornav_msgs/include/vectornav_msgs/vectornav_msgs/msg/detail/imu_group__functions.h
[2.071s] -- Up-to-date: /root/Lunar_ROADSTER/lr_ws/install/vectornav_msgs/include/vectornav_msgs/vectornav_msgs/msg/detail/imu_group__struct.h
[2.072s] -- Up-to-date: /root/Lunar_ROADSTER/lr_ws/install/vectornav_msgs/include/vectornav_msgs/vectornav_msgs/msg/detail/imu_group__type_support.h
[2.073s] -- Up-to-date: /root/Lunar_ROADSTER/lr_ws/install/vectornav_msgs/include/vectornav_msgs/vectornav_msgs/msg/detail/ins_group__functions.c
[2.074s] -- Up-to-date: /root/Lunar_ROADSTER/lr_ws/install/vectornav_msgs/include/vectornav_msgs/vectornav_msgs/msg/detail/ins_group__functions.h
[2.074s] -- Up-to-date: /root/Lunar_ROADSTER/lr_ws/install/vectornav_msgs/include/vectornav_msgs/vectornav_msgs/msg/detail/ins_group__struct.h
[2.074s] -- Up-to-date: /root/Lunar_ROADSTER/lr_ws/install/vectornav_msgs/include/vectornav_msgs/vectornav_msgs/msg/detail/ins_group__type_support.h
[2.077s] -- Up-to-date: /root/Lunar_ROADSTER/lr_ws/install/vectornav_msgs/include/vectornav_msgs/vectornav_msgs/msg/detail/ins_status__functions.c
[2.079s] -- Up-to-date: /root/Lunar_ROADSTER/lr_ws/install/vectornav_msgs/include/vectornav_msgs/vectornav_msgs/msg/detail/ins_status__functions.h
[2.080s] -- Up-to-date: /root/Lunar_ROADSTER/lr_ws/install/vectornav_msgs/include/vectornav_msgs/vectornav_msgs/msg/detail/ins_status__struct.h
[2.080s] -- Up-to-date: /root/Lunar_ROADSTER/lr_ws/install/vectornav_msgs/include/vectornav_msgs/vectornav_msgs/msg/detail/ins_status__type_support.h
[2.080s] -- Up-to-date: /root/Lunar_ROADSTER/lr_ws/install/vectornav_msgs/include/vectornav_msgs/vectornav_msgs/msg/detail/time_group__functions.c
[2.081s] -- Up-to-date: /root/Lunar_ROADSTER/lr_ws/install/vectornav_msgs/include/vectornav_msgs/vectornav_msgs/msg/detail/time_group__functions.h
[2.081s] -- Up-to-date: /root/Lunar_ROADSTER/lr_ws/install/vectornav_msgs/include/vectornav_msgs/vectornav_msgs/msg/detail/time_group__struct.h
[2.081s] -- Up-to-date: /root/Lunar_ROADSTER/lr_ws/install/vectornav_msgs/include/vectornav_msgs/vectornav_msgs/msg/detail/time_group__type_support.h
[2.082s] -- Up-to-date: /root/Lunar_ROADSTER/lr_ws/install/vectornav_msgs/include/vectornav_msgs/vectornav_msgs/msg/detail/time_status__functions.c
[2.083s] -- Up-to-date: /root/Lunar_ROADSTER/lr_ws/install/vectornav_msgs/include/vectornav_msgs/vectornav_msgs/msg/detail/time_status__functions.h
[2.083s] -- Up-to-date: /root/Lunar_ROADSTER/lr_ws/install/vectornav_msgs/include/vectornav_msgs/vectornav_msgs/msg/detail/time_status__struct.h
[2.084s] -- Up-to-date: /root/Lunar_ROADSTER/lr_ws/install/vectornav_msgs/include/vectornav_msgs/vectornav_msgs/msg/detail/time_status__type_support.h
[2.086s] -- Up-to-date: /root/Lunar_ROADSTER/lr_ws/install/vectornav_msgs/include/vectornav_msgs/vectornav_msgs/msg/detail/time_utc__functions.c
[2.086s] -- Up-to-date: /root/Lunar_ROADSTER/lr_ws/install/vectornav_msgs/include/vectornav_msgs/vectornav_msgs/msg/detail/time_utc__functions.h
[2.087s] -- Up-to-date: /root/Lunar_ROADSTER/lr_ws/install/vectornav_msgs/include/vectornav_msgs/vectornav_msgs/msg/detail/time_utc__struct.h
[2.088s] -- Up-to-date: /root/Lunar_ROADSTER/lr_ws/install/vectornav_msgs/include/vectornav_msgs/vectornav_msgs/msg/detail/time_utc__type_support.h
[2.089s] -- Up-to-date: /root/Lunar_ROADSTER/lr_ws/install/vectornav_msgs/include/vectornav_msgs/vectornav_msgs/msg/detail/vpe_status__functions.c
[2.090s] -- Up-to-date: /root/Lunar_ROADSTER/lr_ws/install/vectornav_msgs/include/vectornav_msgs/vectornav_msgs/msg/detail/vpe_status__functions.h
[2.091s] -- Up-to-date: /root/Lunar_ROADSTER/lr_ws/install/vectornav_msgs/include/vectornav_msgs/vectornav_msgs/msg/detail/vpe_status__struct.h
[2.091s] -- Up-to-date: /root/Lunar_ROADSTER/lr_ws/install/vectornav_msgs/include/vectornav_msgs/vectornav_msgs/msg/detail/vpe_status__type_support.h
[2.092s] -- Up-to-date: /root/Lunar_ROADSTER/lr_ws/install/vectornav_msgs/include/vectornav_msgs/vectornav_msgs/msg/common_group.h
[2.092s] -- Up-to-date: /root/Lunar_ROADSTER/lr_ws/install/vectornav_msgs/include/vectornav_msgs/vectornav_msgs/msg/dop.h
[2.092s] -- Up-to-date: /root/Lunar_ROADSTER/lr_ws/install/vectornav_msgs/include/vectornav_msgs/vectornav_msgs/msg/gps_group.h
[2.093s] -- Up-to-date: /root/Lunar_ROADSTER/lr_ws/install/vectornav_msgs/include/vectornav_msgs/vectornav_msgs/msg/imu_group.h
[2.094s] -- Up-to-date: /root/Lunar_ROADSTER/lr_ws/install/vectornav_msgs/include/vectornav_msgs/vectornav_msgs/msg/ins_group.h
[2.094s] -- Up-to-date: /root/Lunar_ROADSTER/lr_ws/install/vectornav_msgs/include/vectornav_msgs/vectornav_msgs/msg/ins_status.h
[2.095s] -- Up-to-date: /root/Lunar_ROADSTER/lr_ws/install/vectornav_msgs/include/vectornav_msgs/vectornav_msgs/msg/time_group.h
[2.096s] -- Up-to-date: /root/Lunar_ROADSTER/lr_ws/install/vectornav_msgs/include/vectornav_msgs/vectornav_msgs/msg/time_status.h
[2.097s] -- Up-to-date: /root/Lunar_ROADSTER/lr_ws/install/vectornav_msgs/include/vectornav_msgs/vectornav_msgs/msg/time_utc.h
[2.097s] -- Up-to-date: /root/Lunar_ROADSTER/lr_ws/install/vectornav_msgs/include/vectornav_msgs/vectornav_msgs/msg/vpe_status.h
[2.098s] -- Up-to-date: /root/Lunar_ROADSTER/lr_ws/install/vectornav_msgs/include/vectornav_msgs/vectornav_msgs/action
[2.101s] -- Up-to-date: /root/Lunar_ROADSTER/lr_ws/install/vectornav_msgs/include/vectornav_msgs/vectornav_msgs/action/mag_cal.h
[2.102s] -- Up-to-date: /root/Lunar_ROADSTER/lr_ws/install/vectornav_msgs/include/vectornav_msgs/vectornav_msgs/action/detail
[2.103s] -- Up-to-date: /root/Lunar_ROADSTER/lr_ws/install/vectornav_msgs/include/vectornav_msgs/vectornav_msgs/action/detail/mag_cal__functions.c
[2.103s] -- Up-to-date: /root/Lunar_ROADSTER/lr_ws/install/vectornav_msgs/include/vectornav_msgs/vectornav_msgs/action/detail/mag_cal__functions.h
[2.104s] -- Up-to-date: /root/Lunar_ROADSTER/lr_ws/install/vectornav_msgs/include/vectornav_msgs/vectornav_msgs/action/detail/mag_cal__struct.h
[2.104s] -- Up-to-date: /root/Lunar_ROADSTER/lr_ws/install/vectornav_msgs/include/vectornav_msgs/vectornav_msgs/action/detail/mag_cal__type_support.h
[2.104s] -- Up-to-date: /root/Lunar_ROADSTER/lr_ws/install/vectornav_msgs/share/vectornav_msgs/environment/library_path.sh
[2.105s] -- Up-to-date: /root/Lunar_ROADSTER/lr_ws/install/vectornav_msgs/share/vectornav_msgs/environment/library_path.dsv
[2.106s] -- Up-to-date: /root/Lunar_ROADSTER/lr_ws/install/vectornav_msgs/lib/libvectornav_msgs__rosidl_generator_c.so
[2.107s] -- Up-to-date: /root/Lunar_ROADSTER/lr_ws/install/vectornav_msgs/include/vectornav_msgs/vectornav_msgs
[2.107s] -- Up-to-date: /root/Lunar_ROADSTER/lr_ws/install/vectornav_msgs/include/vectornav_msgs/vectornav_msgs/msg
[2.108s] -- Up-to-date: /root/Lunar_ROADSTER/lr_ws/install/vectornav_msgs/include/vectornav_msgs/vectornav_msgs/msg/detail
[2.109s] -- Up-to-date: /root/Lunar_ROADSTER/lr_ws/install/vectornav_msgs/include/vectornav_msgs/vectornav_msgs/msg/detail/attitude_group__rosidl_typesupport_fastrtps_c.h
[2.110s] -- Up-to-date: /root/Lunar_ROADSTER/lr_ws/install/vectornav_msgs/include/vectornav_msgs/vectornav_msgs/msg/detail/common_group__rosidl_typesupport_fastrtps_c.h
[2.110s] -- Up-to-date: /root/Lunar_ROADSTER/lr_ws/install/vectornav_msgs/include/vectornav_msgs/vectornav_msgs/msg/detail/dop__rosidl_typesupport_fastrtps_c.h
[2.112s] -- Up-to-date: /root/Lunar_ROADSTER/lr_ws/install/vectornav_msgs/include/vectornav_msgs/vectornav_msgs/msg/detail/gps_group__rosidl_typesupport_fastrtps_c.h
[2.112s] -- Up-to-date: /root/Lunar_ROADSTER/lr_ws/install/vectornav_msgs/include/vectornav_msgs/vectornav_msgs/msg/detail/imu_group__rosidl_typesupport_fastrtps_c.h
[2.113s] -- Up-to-date: /root/Lunar_ROADSTER/lr_ws/install/vectornav_msgs/include/vectornav_msgs/vectornav_msgs/msg/detail/ins_group__rosidl_typesupport_fastrtps_c.h
[2.113s] -- Up-to-date: /root/Lunar_ROADSTER/lr_ws/install/vectornav_msgs/include/vectornav_msgs/vectornav_msgs/msg/detail/ins_status__rosidl_typesupport_fastrtps_c.h
[2.114s] -- Up-to-date: /root/Lunar_ROADSTER/lr_ws/install/vectornav_msgs/include/vectornav_msgs/vectornav_msgs/msg/detail/time_group__rosidl_typesupport_fastrtps_c.h
[2.114s] -- Up-to-date: /root/Lunar_ROADSTER/lr_ws/install/vectornav_msgs/include/vectornav_msgs/vectornav_msgs/msg/detail/time_status__rosidl_typesupport_fastrtps_c.h
[2.116s] -- Up-to-date: /root/Lunar_ROADSTER/lr_ws/install/vectornav_msgs/include/vectornav_msgs/vectornav_msgs/msg/detail/time_utc__rosidl_typesupport_fastrtps_c.h
[2.116s] -- Up-to-date: /root/Lunar_ROADSTER/lr_ws/install/vectornav_msgs/include/vectornav_msgs/vectornav_msgs/msg/detail/vpe_status__rosidl_typesupport_fastrtps_c.h
[2.117s] -- Up-to-date: /root/Lunar_ROADSTER/lr_ws/install/vectornav_msgs/include/vectornav_msgs/vectornav_msgs/msg/rosidl_typesupport_fastrtps_c__visibility_control.h
[2.118s] -- Up-to-date: /root/Lunar_ROADSTER/lr_ws/install/vectornav_msgs/include/vectornav_msgs/vectornav_msgs/action
[2.119s] -- Up-to-date: /root/Lunar_ROADSTER/lr_ws/install/vectornav_msgs/include/vectornav_msgs/vectornav_msgs/action/detail
[2.120s] -- Up-to-date: /root/Lunar_ROADSTER/lr_ws/install/vectornav_msgs/include/vectornav_msgs/vectornav_msgs/action/detail/mag_cal__rosidl_typesupport_fastrtps_c.h
[2.120s] -- Up-to-date: /root/Lunar_ROADSTER/lr_ws/install/vectornav_msgs/lib/libvectornav_msgs__rosidl_typesupport_fastrtps_c.so
[2.120s] -- Up-to-date: /root/Lunar_ROADSTER/lr_ws/install/vectornav_msgs/include/vectornav_msgs/vectornav_msgs
[2.121s] -- Up-to-date: /root/Lunar_ROADSTER/lr_ws/install/vectornav_msgs/include/vectornav_msgs/vectornav_msgs/msg
[2.122s] -- Up-to-date: /root/Lunar_ROADSTER/lr_ws/install/vectornav_msgs/include/vectornav_msgs/vectornav_msgs/msg/attitude_group.hpp
[2.122s] -- Up-to-date: /root/Lunar_ROADSTER/lr_ws/install/vectornav_msgs/include/vectornav_msgs/vectornav_msgs/msg/rosidl_generator_cpp__visibility_control.hpp
[2.123s] -- Up-to-date: /root/Lunar_ROADSTER/lr_ws/install/vectornav_msgs/include/vectornav_msgs/vectornav_msgs/msg/detail
[2.123s] -- Up-to-date: /root/Lunar_ROADSTER/lr_ws/install/vectornav_msgs/include/vectornav_msgs/vectornav_msgs/msg/detail/attitude_group__builder.hpp
[2.124s] -- Up-to-date: /root/Lunar_ROADSTER/lr_ws/install/vectornav_msgs/include/vectornav_msgs/vectornav_msgs/msg/detail/attitude_group__struct.hpp
[2.125s] -- Up-to-date: /root/Lunar_ROADSTER/lr_ws/install/vectornav_msgs/include/vectornav_msgs/vectornav_msgs/msg/detail/attitude_group__traits.hpp
[2.126s] -- Up-to-date: /root/Lunar_ROADSTER/lr_ws/install/vectornav_msgs/include/vectornav_msgs/vectornav_msgs/msg/detail/attitude_group__type_support.hpp
[2.127s] -- Up-to-date: /root/Lunar_ROADSTER/lr_ws/install/vectornav_msgs/include/vectornav_msgs/vectornav_msgs/msg/detail/common_group__builder.hpp
[2.128s] -- Up-to-date: /root/Lunar_ROADSTER/lr_ws/install/vectornav_msgs/include/vectornav_msgs/vectornav_msgs/msg/detail/common_group__struct.hpp
[2.129s] -- Up-to-date: /root/Lunar_ROADSTER/lr_ws/install/vectornav_msgs/include/vectornav_msgs/vectornav_msgs/msg/detail/common_group__traits.hpp
[2.130s] -- Up-to-date: /root/Lunar_ROADSTER/lr_ws/install/vectornav_msgs/include/vectornav_msgs/vectornav_msgs/msg/detail/common_group__type_support.hpp
[2.131s] -- Up-to-date: /root/Lunar_ROADSTER/lr_ws/install/vectornav_msgs/include/vectornav_msgs/vectornav_msgs/msg/detail/dop__builder.hpp
[2.132s] -- Up-to-date: /root/Lunar_ROADSTER/lr_ws/install/vectornav_msgs/include/vectornav_msgs/vectornav_msgs/msg/detail/dop__struct.hpp
[2.132s] -- Up-to-date: /root/Lunar_ROADSTER/lr_ws/install/vectornav_msgs/include/vectornav_msgs/vectornav_msgs/msg/detail/dop__traits.hpp
[2.133s] -- Up-to-date: /root/Lunar_ROADSTER/lr_ws/install/vectornav_msgs/include/vectornav_msgs/vectornav_msgs/msg/detail/dop__type_support.hpp
[2.134s] -- Up-to-date: /root/Lunar_ROADSTER/lr_ws/install/vectornav_msgs/include/vectornav_msgs/vectornav_msgs/msg/detail/gps_group__builder.hpp
[2.137s] -- Up-to-date: /root/Lunar_ROADSTER/lr_ws/install/vectornav_msgs/include/vectornav_msgs/vectornav_msgs/msg/detail/gps_group__struct.hpp
[2.137s] -- Up-to-date: /root/Lunar_ROADSTER/lr_ws/install/vectornav_msgs/include/vectornav_msgs/vectornav_msgs/msg/detail/gps_group__traits.hpp
[2.137s] -- Up-to-date: /root/Lunar_ROADSTER/lr_ws/install/vectornav_msgs/include/vectornav_msgs/vectornav_msgs/msg/detail/gps_group__type_support.hpp
[2.139s] -- Up-to-date: /root/Lunar_ROADSTER/lr_ws/install/vectornav_msgs/include/vectornav_msgs/vectornav_msgs/msg/detail/imu_group__builder.hpp
[2.139s] -- Up-to-date: /root/Lunar_ROADSTER/lr_ws/install/vectornav_msgs/include/vectornav_msgs/vectornav_msgs/msg/detail/imu_group__struct.hpp
[2.141s] -- Up-to-date: /root/Lunar_ROADSTER/lr_ws/install/vectornav_msgs/include/vectornav_msgs/vectornav_msgs/msg/detail/imu_group__traits.hpp
[2.141s] -- Up-to-date: /root/Lunar_ROADSTER/lr_ws/install/vectornav_msgs/include/vectornav_msgs/vectornav_msgs/msg/detail/imu_group__type_support.hpp
[2.142s] -- Up-to-date: /root/Lunar_ROADSTER/lr_ws/install/vectornav_msgs/include/vectornav_msgs/vectornav_msgs/msg/detail/ins_group__builder.hpp
[2.142s] -- Up-to-date: /root/Lunar_ROADSTER/lr_ws/install/vectornav_msgs/include/vectornav_msgs/vectornav_msgs/msg/detail/ins_group__struct.hpp
[2.143s] -- Up-to-date: /root/Lunar_ROADSTER/lr_ws/install/vectornav_msgs/include/vectornav_msgs/vectornav_msgs/msg/detail/ins_group__traits.hpp
[2.145s] -- Up-to-date: /root/Lunar_ROADSTER/lr_ws/install/vectornav_msgs/include/vectornav_msgs/vectornav_msgs/msg/detail/ins_group__type_support.hpp
[2.145s] -- Up-to-date: /root/Lunar_ROADSTER/lr_ws/install/vectornav_msgs/include/vectornav_msgs/vectornav_msgs/msg/detail/ins_status__builder.hpp
[2.145s] -- Up-to-date: /root/Lunar_ROADSTER/lr_ws/install/vectornav_msgs/include/vectornav_msgs/vectornav_msgs/msg/detail/ins_status__struct.hpp
[2.147s] -- Up-to-date: /root/Lunar_ROADSTER/lr_ws/install/vectornav_msgs/include/vectornav_msgs/vectornav_msgs/msg/detail/ins_status__traits.hpp
[2.147s] -- Up-to-date: /root/Lunar_ROADSTER/lr_ws/install/vectornav_msgs/include/vectornav_msgs/vectornav_msgs/msg/detail/ins_status__type_support.hpp
[2.148s] -- Up-to-date: /root/Lunar_ROADSTER/lr_ws/install/vectornav_msgs/include/vectornav_msgs/vectornav_msgs/msg/detail/time_group__builder.hpp
[2.148s] -- Up-to-date: /root/Lunar_ROADSTER/lr_ws/install/vectornav_msgs/include/vectornav_msgs/vectornav_msgs/msg/detail/time_group__struct.hpp
[2.148s] -- Up-to-date: /root/Lunar_ROADSTER/lr_ws/install/vectornav_msgs/include/vectornav_msgs/vectornav_msgs/msg/detail/time_group__traits.hpp
[2.150s] -- Up-to-date: /root/Lunar_ROADSTER/lr_ws/install/vectornav_msgs/include/vectornav_msgs/vectornav_msgs/msg/detail/time_group__type_support.hpp
[2.151s] -- Up-to-date: /root/Lunar_ROADSTER/lr_ws/install/vectornav_msgs/include/vectornav_msgs/vectornav_msgs/msg/detail/time_status__builder.hpp
[2.151s] -- Up-to-date: /root/Lunar_ROADSTER/lr_ws/install/vectornav_msgs/include/vectornav_msgs/vectornav_msgs/msg/detail/time_status__struct.hpp
[2.152s] -- Up-to-date: /root/Lunar_ROADSTER/lr_ws/install/vectornav_msgs/include/vectornav_msgs/vectornav_msgs/msg/detail/time_status__traits.hpp
[2.153s] -- Up-to-date: /root/Lunar_ROADSTER/lr_ws/install/vectornav_msgs/include/vectornav_msgs/vectornav_msgs/msg/detail/time_status__type_support.hpp
[2.153s] -- Up-to-date: /root/Lunar_ROADSTER/lr_ws/install/vectornav_msgs/include/vectornav_msgs/vectornav_msgs/msg/detail/time_utc__builder.hpp
[2.156s] -- Up-to-date: /root/Lunar_ROADSTER/lr_ws/install/vectornav_msgs/include/vectornav_msgs/vectornav_msgs/msg/detail/time_utc__struct.hpp
[2.159s] -- Up-to-date: /root/Lunar_ROADSTER/lr_ws/install/vectornav_msgs/include/vectornav_msgs/vectornav_msgs/msg/detail/time_utc__traits.hpp
[2.160s] -- Up-to-date: /root/Lunar_ROADSTER/lr_ws/install/vectornav_msgs/include/vectornav_msgs/vectornav_msgs/msg/detail/time_utc__type_support.hpp
[2.160s] -- Up-to-date: /root/Lunar_ROADSTER/lr_ws/install/vectornav_msgs/include/vectornav_msgs/vectornav_msgs/msg/detail/vpe_status__builder.hpp
[2.161s] -- Up-to-date: /root/Lunar_ROADSTER/lr_ws/install/vectornav_msgs/include/vectornav_msgs/vectornav_msgs/msg/detail/vpe_status__struct.hpp
[2.162s] -- Up-to-date: /root/Lunar_ROADSTER/lr_ws/install/vectornav_msgs/include/vectornav_msgs/vectornav_msgs/msg/detail/vpe_status__traits.hpp
[2.162s] -- Up-to-date: /root/Lunar_ROADSTER/lr_ws/install/vectornav_msgs/include/vectornav_msgs/vectornav_msgs/msg/detail/vpe_status__type_support.hpp
[2.165s] -- Up-to-date: /root/Lunar_ROADSTER/lr_ws/install/vectornav_msgs/include/vectornav_msgs/vectornav_msgs/msg/common_group.hpp
[2.167s] -- Up-to-date: /root/Lunar_ROADSTER/lr_ws/install/vectornav_msgs/include/vectornav_msgs/vectornav_msgs/msg/dop.hpp
[2.168s] -- Up-to-date: /root/Lunar_ROADSTER/lr_ws/install/vectornav_msgs/include/vectornav_msgs/vectornav_msgs/msg/gps_group.hpp
[2.169s] -- Up-to-date: /root/Lunar_ROADSTER/lr_ws/install/vectornav_msgs/include/vectornav_msgs/vectornav_msgs/msg/imu_group.hpp
[2.172s] -- Up-to-date: /root/Lunar_ROADSTER/lr_ws/install/vectornav_msgs/include/vectornav_msgs/vectornav_msgs/msg/ins_group.hpp
[2.172s] -- Up-to-date: /root/Lunar_ROADSTER/lr_ws/install/vectornav_msgs/include/vectornav_msgs/vectornav_msgs/msg/ins_status.hpp
[2.173s] -- Up-to-date: /root/Lunar_ROADSTER/lr_ws/install/vectornav_msgs/include/vectornav_msgs/vectornav_msgs/msg/time_group.hpp
[2.173s] -- Up-to-date: /root/Lunar_ROADSTER/lr_ws/install/vectornav_msgs/include/vectornav_msgs/vectornav_msgs/msg/time_status.hpp
[2.174s] -- Up-to-date: /root/Lunar_ROADSTER/lr_ws/install/vectornav_msgs/include/vectornav_msgs/vectornav_msgs/msg/time_utc.hpp
[2.175s] -- Up-to-date: /root/Lunar_ROADSTER/lr_ws/install/vectornav_msgs/include/vectornav_msgs/vectornav_msgs/msg/vpe_status.hpp
[2.175s] -- Up-to-date: /root/Lunar_ROADSTER/lr_ws/install/vectornav_msgs/include/vectornav_msgs/vectornav_msgs/action
[2.176s] -- Up-to-date: /root/Lunar_ROADSTER/lr_ws/install/vectornav_msgs/include/vectornav_msgs/vectornav_msgs/action/mag_cal.hpp
[2.177s] -- Up-to-date: /root/Lunar_ROADSTER/lr_ws/install/vectornav_msgs/include/vectornav_msgs/vectornav_msgs/action/detail
[2.181s] -- Up-to-date: /root/Lunar_ROADSTER/lr_ws/install/vectornav_msgs/include/vectornav_msgs/vectornav_msgs/action/detail/mag_cal__builder.hpp
[2.182s] -- Up-to-date: /root/Lunar_ROADSTER/lr_ws/install/vectornav_msgs/include/vectornav_msgs/vectornav_msgs/action/detail/mag_cal__struct.hpp
[2.183s] -- Up-to-date: /root/Lunar_ROADSTER/lr_ws/install/vectornav_msgs/include/vectornav_msgs/vectornav_msgs/action/detail/mag_cal__traits.hpp
[2.183s] -- Up-to-date: /root/Lunar_ROADSTER/lr_ws/install/vectornav_msgs/include/vectornav_msgs/vectornav_msgs/action/detail/mag_cal__type_support.hpp
[2.184s] -- Up-to-date: /root/Lunar_ROADSTER/lr_ws/install/vectornav_msgs/include/vectornav_msgs/vectornav_msgs
[2.186s] -- Up-to-date: /root/Lunar_ROADSTER/lr_ws/install/vectornav_msgs/include/vectornav_msgs/vectornav_msgs/msg
[2.188s] -- Up-to-date: /root/Lunar_ROADSTER/lr_ws/install/vectornav_msgs/include/vectornav_msgs/vectornav_msgs/msg/detail
[2.190s] -- Up-to-date: /root/Lunar_ROADSTER/lr_ws/install/vectornav_msgs/include/vectornav_msgs/vectornav_msgs/msg/detail/attitude_group__rosidl_typesupport_fastrtps_cpp.hpp
[2.192s] -- Up-to-date: /root/Lunar_ROADSTER/lr_ws/install/vectornav_msgs/include/vectornav_msgs/vectornav_msgs/msg/detail/dds_fastrtps
[2.192s] -- Up-to-date: /root/Lunar_ROADSTER/lr_ws/install/vectornav_msgs/include/vectornav_msgs/vectornav_msgs/msg/detail/common_group__rosidl_typesupport_fastrtps_cpp.hpp
[2.193s] -- Up-to-date: /root/Lunar_ROADSTER/lr_ws/install/vectornav_msgs/include/vectornav_msgs/vectornav_msgs/msg/detail/dop__rosidl_typesupport_fastrtps_cpp.hpp
[2.193s] -- Up-to-date: /root/Lunar_ROADSTER/lr_ws/install/vectornav_msgs/include/vectornav_msgs/vectornav_msgs/msg/detail/gps_group__rosidl_typesupport_fastrtps_cpp.hpp
[2.194s] -- Up-to-date: /root/Lunar_ROADSTER/lr_ws/install/vectornav_msgs/include/vectornav_msgs/vectornav_msgs/msg/detail/imu_group__rosidl_typesupport_fastrtps_cpp.hpp
[2.196s] -- Up-to-date: /root/Lunar_ROADSTER/lr_ws/install/vectornav_msgs/include/vectornav_msgs/vectornav_msgs/msg/detail/ins_group__rosidl_typesupport_fastrtps_cpp.hpp
[2.200s] -- Up-to-date: /root/Lunar_ROADSTER/lr_ws/install/vectornav_msgs/include/vectornav_msgs/vectornav_msgs/msg/detail/ins_status__rosidl_typesupport_fastrtps_cpp.hpp
[2.201s] -- Up-to-date: /root/Lunar_ROADSTER/lr_ws/install/vectornav_msgs/include/vectornav_msgs/vectornav_msgs/msg/detail/time_group__rosidl_typesupport_fastrtps_cpp.hpp
[2.202s] -- Up-to-date: /root/Lunar_ROADSTER/lr_ws/install/vectornav_msgs/include/vectornav_msgs/vectornav_msgs/msg/detail/time_status__rosidl_typesupport_fastrtps_cpp.hpp
[2.203s] -- Up-to-date: /root/Lunar_ROADSTER/lr_ws/install/vectornav_msgs/include/vectornav_msgs/vectornav_msgs/msg/detail/time_utc__rosidl_typesupport_fastrtps_cpp.hpp
[2.203s] -- Up-to-date: /root/Lunar_ROADSTER/lr_ws/install/vectornav_msgs/include/vectornav_msgs/vectornav_msgs/msg/detail/vpe_status__rosidl_typesupport_fastrtps_cpp.hpp
[2.203s] -- Up-to-date: /root/Lunar_ROADSTER/lr_ws/install/vectornav_msgs/include/vectornav_msgs/vectornav_msgs/msg/rosidl_typesupport_fastrtps_cpp__visibility_control.h
[2.206s] -- Up-to-date: /root/Lunar_ROADSTER/lr_ws/install/vectornav_msgs/include/vectornav_msgs/vectornav_msgs/action
[2.207s] -- Up-to-date: /root/Lunar_ROADSTER/lr_ws/install/vectornav_msgs/include/vectornav_msgs/vectornav_msgs/action/detail
[2.207s] -- Up-to-date: /root/Lunar_ROADSTER/lr_ws/install/vectornav_msgs/include/vectornav_msgs/vectornav_msgs/action/detail/mag_cal__rosidl_typesupport_fastrtps_cpp.hpp
[2.210s] -- Up-to-date: /root/Lunar_ROADSTER/lr_ws/install/vectornav_msgs/include/vectornav_msgs/vectornav_msgs/action/detail/dds_fastrtps
[2.210s] -- Up-to-date: /root/Lunar_ROADSTER/lr_ws/install/vectornav_msgs/lib/libvectornav_msgs__rosidl_typesupport_fastrtps_cpp.so
[2.211s] -- Up-to-date: /root/Lunar_ROADSTER/lr_ws/install/vectornav_msgs/include/vectornav_msgs/vectornav_msgs
[2.213s] -- Up-to-date: /root/Lunar_ROADSTER/lr_ws/install/vectornav_msgs/include/vectornav_msgs/vectornav_msgs/msg
[2.217s] -- Up-to-date: /root/Lunar_ROADSTER/lr_ws/install/vectornav_msgs/include/vectornav_msgs/vectornav_msgs/msg/detail
[2.218s] -- Up-to-date: /root/Lunar_ROADSTER/lr_ws/install/vectornav_msgs/include/vectornav_msgs/vectornav_msgs/msg/detail/attitude_group__rosidl_typesupport_introspection_c.h
[2.219s] -- Up-to-date: /root/Lunar_ROADSTER/lr_ws/install/vectornav_msgs/include/vectornav_msgs/vectornav_msgs/msg/detail/attitude_group__type_support.c
[2.219s] -- Up-to-date: /root/Lunar_ROADSTER/lr_ws/install/vectornav_msgs/include/vectornav_msgs/vectornav_msgs/msg/detail/common_group__rosidl_typesupport_introspection_c.h
[2.220s] -- Up-to-date: /root/Lunar_ROADSTER/lr_ws/install/vectornav_msgs/include/vectornav_msgs/vectornav_msgs/msg/detail/common_group__type_support.c
[2.220s] -- Up-to-date: /root/Lunar_ROADSTER/lr_ws/install/vectornav_msgs/include/vectornav_msgs/vectornav_msgs/msg/detail/dop__rosidl_typesupport_introspection_c.h
[2.225s] -- Up-to-date: /root/Lunar_ROADSTER/lr_ws/install/vectornav_msgs/include/vectornav_msgs/vectornav_msgs/msg/detail/dop__type_support.c
[2.225s] -- Up-to-date: /root/Lunar_ROADSTER/lr_ws/install/vectornav_msgs/include/vectornav_msgs/vectornav_msgs/msg/detail/gps_group__rosidl_typesupport_introspection_c.h
[2.227s] -- Up-to-date: /root/Lunar_ROADSTER/lr_ws/install/vectornav_msgs/include/vectornav_msgs/vectornav_msgs/msg/detail/gps_group__type_support.c
[2.227s] -- Up-to-date: /root/Lunar_ROADSTER/lr_ws/install/vectornav_msgs/include/vectornav_msgs/vectornav_msgs/msg/detail/imu_group__rosidl_typesupport_introspection_c.h
[2.228s] -- Up-to-date: /root/Lunar_ROADSTER/lr_ws/install/vectornav_msgs/include/vectornav_msgs/vectornav_msgs/msg/detail/imu_group__type_support.c
[2.228s] -- Up-to-date: /root/Lunar_ROADSTER/lr_ws/install/vectornav_msgs/include/vectornav_msgs/vectornav_msgs/msg/detail/ins_group__rosidl_typesupport_introspection_c.h
[2.228s] -- Up-to-date: /root/Lunar_ROADSTER/lr_ws/install/vectornav_msgs/include/vectornav_msgs/vectornav_msgs/msg/detail/ins_group__type_support.c
[2.229s] -- Up-to-date: /root/Lunar_ROADSTER/lr_ws/install/vectornav_msgs/include/vectornav_msgs/vectornav_msgs/msg/detail/ins_status__rosidl_typesupport_introspection_c.h
[2.230s] -- Up-to-date: /root/Lunar_ROADSTER/lr_ws/install/vectornav_msgs/include/vectornav_msgs/vectornav_msgs/msg/detail/ins_status__type_support.c
[2.230s] -- Up-to-date: /root/Lunar_ROADSTER/lr_ws/install/vectornav_msgs/include/vectornav_msgs/vectornav_msgs/msg/detail/time_group__rosidl_typesupport_introspection_c.h
[2.232s] -- Up-to-date: /root/Lunar_ROADSTER/lr_ws/install/vectornav_msgs/include/vectornav_msgs/vectornav_msgs/msg/detail/time_group__type_support.c
[2.232s] -- Up-to-date: /root/Lunar_ROADSTER/lr_ws/install/vectornav_msgs/include/vectornav_msgs/vectornav_msgs/msg/detail/time_status__rosidl_typesupport_introspection_c.h
[2.235s] -- Up-to-date: /root/Lunar_ROADSTER/lr_ws/install/vectornav_msgs/include/vectornav_msgs/vectornav_msgs/msg/detail/time_status__type_support.c
[2.237s] -- Up-to-date: /root/Lunar_ROADSTER/lr_ws/install/vectornav_msgs/include/vectornav_msgs/vectornav_msgs/msg/detail/time_utc__rosidl_typesupport_introspection_c.h
[2.238s] -- Up-to-date: /root/Lunar_ROADSTER/lr_ws/install/vectornav_msgs/include/vectornav_msgs/vectornav_msgs/msg/detail/time_utc__type_support.c
[2.240s] -- Up-to-date: /root/Lunar_ROADSTER/lr_ws/install/vectornav_msgs/include/vectornav_msgs/vectornav_msgs/msg/detail/vpe_status__rosidl_typesupport_introspection_c.h
[2.240s] -- Up-to-date: /root/Lunar_ROADSTER/lr_ws/install/vectornav_msgs/include/vectornav_msgs/vectornav_msgs/msg/detail/vpe_status__type_support.c
[2.241s] -- Up-to-date: /root/Lunar_ROADSTER/lr_ws/install/vectornav_msgs/include/vectornav_msgs/vectornav_msgs/msg/rosidl_typesupport_introspection_c__visibility_control.h
[2.241s] -- Up-to-date: /root/Lunar_ROADSTER/lr_ws/install/vectornav_msgs/include/vectornav_msgs/vectornav_msgs/action
[2.241s] -- Up-to-date: /root/Lunar_ROADSTER/lr_ws/install/vectornav_msgs/include/vectornav_msgs/vectornav_msgs/action/detail
[2.242s] -- Up-to-date: /root/Lunar_ROADSTER/lr_ws/install/vectornav_msgs/include/vectornav_msgs/vectornav_msgs/action/detail/mag_cal__rosidl_typesupport_introspection_c.h
[2.242s] -- Up-to-date: /root/Lunar_ROADSTER/lr_ws/install/vectornav_msgs/include/vectornav_msgs/vectornav_msgs/action/detail/mag_cal__type_support.c
[2.248s] -- Up-to-date: /root/Lunar_ROADSTER/lr_ws/install/vectornav_msgs/lib/libvectornav_msgs__rosidl_typesupport_introspection_c.so
[2.249s] -- Up-to-date: /root/Lunar_ROADSTER/lr_ws/install/vectornav_msgs/lib/libvectornav_msgs__rosidl_typesupport_c.so
[2.254s] -- Up-to-date: /root/Lunar_ROADSTER/lr_ws/install/vectornav_msgs/include/vectornav_msgs/vectornav_msgs
[2.254s] -- Up-to-date: /root/Lunar_ROADSTER/lr_ws/install/vectornav_msgs/include/vectornav_msgs/vectornav_msgs/msg
[2.254s] -- Up-to-date: /root/Lunar_ROADSTER/lr_ws/install/vectornav_msgs/include/vectornav_msgs/vectornav_msgs/msg/detail
[2.255s] -- Up-to-date: /root/Lunar_ROADSTER/lr_ws/install/vectornav_msgs/include/vectornav_msgs/vectornav_msgs/msg/detail/attitude_group__rosidl_typesupport_introspection_cpp.hpp
[2.257s] -- Up-to-date: /root/Lunar_ROADSTER/lr_ws/install/vectornav_msgs/include/vectornav_msgs/vectornav_msgs/msg/detail/attitude_group__type_support.cpp
[2.259s] -- Up-to-date: /root/Lunar_ROADSTER/lr_ws/install/vectornav_msgs/include/vectornav_msgs/vectornav_msgs/msg/detail/common_group__rosidl_typesupport_introspection_cpp.hpp
[2.259s] -- Up-to-date: /root/Lunar_ROADSTER/lr_ws/install/vectornav_msgs/include/vectornav_msgs/vectornav_msgs/msg/detail/common_group__type_support.cpp
[2.259s] -- Up-to-date: /root/Lunar_ROADSTER/lr_ws/install/vectornav_msgs/include/vectornav_msgs/vectornav_msgs/msg/detail/dop__rosidl_typesupport_introspection_cpp.hpp
[2.260s] -- Up-to-date: /root/Lunar_ROADSTER/lr_ws/install/vectornav_msgs/include/vectornav_msgs/vectornav_msgs/msg/detail/dop__type_support.cpp
[2.260s] -- Up-to-date: /root/Lunar_ROADSTER/lr_ws/install/vectornav_msgs/include/vectornav_msgs/vectornav_msgs/msg/detail/gps_group__rosidl_typesupport_introspection_cpp.hpp
[2.260s] -- Up-to-date: /root/Lunar_ROADSTER/lr_ws/install/vectornav_msgs/include/vectornav_msgs/vectornav_msgs/msg/detail/gps_group__type_support.cpp
[2.261s] -- Up-to-date: /root/Lunar_ROADSTER/lr_ws/install/vectornav_msgs/include/vectornav_msgs/vectornav_msgs/msg/detail/imu_group__rosidl_typesupport_introspection_cpp.hpp
[2.262s] -- Up-to-date: /root/Lunar_ROADSTER/lr_ws/install/vectornav_msgs/include/vectornav_msgs/vectornav_msgs/msg/detail/imu_group__type_support.cpp
[2.262s] -- Up-to-date: /root/Lunar_ROADSTER/lr_ws/install/vectornav_msgs/include/vectornav_msgs/vectornav_msgs/msg/detail/ins_group__rosidl_typesupport_introspection_cpp.hpp
[2.262s] -- Up-to-date: /root/Lunar_ROADSTER/lr_ws/install/vectornav_msgs/include/vectornav_msgs/vectornav_msgs/msg/detail/ins_group__type_support.cpp
[2.265s] -- Up-to-date: /root/Lunar_ROADSTER/lr_ws/install/vectornav_msgs/include/vectornav_msgs/vectornav_msgs/msg/detail/ins_status__rosidl_typesupport_introspection_cpp.hpp
[2.266s] -- Up-to-date: /root/Lunar_ROADSTER/lr_ws/install/vectornav_msgs/include/vectornav_msgs/vectornav_msgs/msg/detail/ins_status__type_support.cpp
[2.266s] -- Up-to-date: /root/Lunar_ROADSTER/lr_ws/install/vectornav_msgs/include/vectornav_msgs/vectornav_msgs/msg/detail/time_group__rosidl_typesupport_introspection_cpp.hpp
[2.266s] -- Up-to-date: /root/Lunar_ROADSTER/lr_ws/install/vectornav_msgs/include/vectornav_msgs/vectornav_msgs/msg/detail/time_group__type_support.cpp
[2.268s] -- Up-to-date: /root/Lunar_ROADSTER/lr_ws/install/vectornav_msgs/include/vectornav_msgs/vectornav_msgs/msg/detail/time_status__rosidl_typesupport_introspection_cpp.hpp
[2.268s] -- Up-to-date: /root/Lunar_ROADSTER/lr_ws/install/vectornav_msgs/include/vectornav_msgs/vectornav_msgs/msg/detail/time_status__type_support.cpp
[2.269s] -- Up-to-date: /root/Lunar_ROADSTER/lr_ws/install/vectornav_msgs/include/vectornav_msgs/vectornav_msgs/msg/detail/time_utc__rosidl_typesupport_introspection_cpp.hpp
[2.269s] -- Up-to-date: /root/Lunar_ROADSTER/lr_ws/install/vectornav_msgs/include/vectornav_msgs/vectornav_msgs/msg/detail/time_utc__type_support.cpp
[2.274s] -- Up-to-date: /root/Lunar_ROADSTER/lr_ws/install/vectornav_msgs/include/vectornav_msgs/vectornav_msgs/msg/detail/vpe_status__rosidl_typesupport_introspection_cpp.hpp
[2.274s] -- Up-to-date: /root/Lunar_ROADSTER/lr_ws/install/vectornav_msgs/include/vectornav_msgs/vectornav_msgs/msg/detail/vpe_status__type_support.cpp
[2.276s] -- Up-to-date: /root/Lunar_ROADSTER/lr_ws/install/vectornav_msgs/include/vectornav_msgs/vectornav_msgs/action
[2.278s] -- Up-to-date: /root/Lunar_ROADSTER/lr_ws/install/vectornav_msgs/include/vectornav_msgs/vectornav_msgs/action/detail
[2.278s] -- Up-to-date: /root/Lunar_ROADSTER/lr_ws/install/vectornav_msgs/include/vectornav_msgs/vectornav_msgs/action/detail/mag_cal__rosidl_typesupport_introspection_cpp.hpp
[2.279s] -- Up-to-date: /root/Lunar_ROADSTER/lr_ws/install/vectornav_msgs/include/vectornav_msgs/vectornav_msgs/action/detail/mag_cal__type_support.cpp
[2.290s] -- Up-to-date: /root/Lunar_ROADSTER/lr_ws/install/vectornav_msgs/lib/libvectornav_msgs__rosidl_typesupport_introspection_cpp.so
[2.292s] -- Up-to-date: /root/Lunar_ROADSTER/lr_ws/install/vectornav_msgs/lib/libvectornav_msgs__rosidl_typesupport_cpp.so
[2.292s] -- Up-to-date: /root/Lunar_ROADSTER/lr_ws/install/vectornav_msgs/share/vectornav_msgs/environment/pythonpath.sh
[2.293s] -- Up-to-date: /root/Lunar_ROADSTER/lr_ws/install/vectornav_msgs/share/vectornav_msgs/environment/pythonpath.dsv
[2.293s] -- Up-to-date: /root/Lunar_ROADSTER/lr_ws/install/vectornav_msgs/local/lib/python3.10/dist-packages/vectornav_msgs-3.0.0-py3.10.egg-info
[2.294s] -- Installing: /root/Lunar_ROADSTER/lr_ws/install/vectornav_msgs/local/lib/python3.10/dist-packages/vectornav_msgs-3.0.0-py3.10.egg-info/PKG-INFO
[2.294s] -- Installing: /root/Lunar_ROADSTER/lr_ws/install/vectornav_msgs/local/lib/python3.10/dist-packages/vectornav_msgs-3.0.0-py3.10.egg-info/dependency_links.txt
[2.295s] -- Installing: /root/Lunar_ROADSTER/lr_ws/install/vectornav_msgs/local/lib/python3.10/dist-packages/vectornav_msgs-3.0.0-py3.10.egg-info/top_level.txt
[2.295s] -- Installing: /root/Lunar_ROADSTER/lr_ws/install/vectornav_msgs/local/lib/python3.10/dist-packages/vectornav_msgs-3.0.0-py3.10.egg-info/SOURCES.txt
[2.296s] -- Up-to-date: /root/Lunar_ROADSTER/lr_ws/install/vectornav_msgs/local/lib/python3.10/dist-packages/vectornav_msgs
[2.297s] -- Up-to-date: /root/Lunar_ROADSTER/lr_ws/install/vectornav_msgs/local/lib/python3.10/dist-packages/vectornav_msgs/__init__.py
[2.297s] -- Up-to-date: /root/Lunar_ROADSTER/lr_ws/install/vectornav_msgs/local/lib/python3.10/dist-packages/vectornav_msgs/msg
[2.297s] -- Up-to-date: /root/Lunar_ROADSTER/lr_ws/install/vectornav_msgs/local/lib/python3.10/dist-packages/vectornav_msgs/msg/_attitude_group.py
[2.298s] -- Up-to-date: /root/Lunar_ROADSTER/lr_ws/install/vectornav_msgs/local/lib/python3.10/dist-packages/vectornav_msgs/msg/_attitude_group_s.c
[2.298s] -- Up-to-date: /root/Lunar_ROADSTER/lr_ws/install/vectornav_msgs/local/lib/python3.10/dist-packages/vectornav_msgs/msg/_common_group.py
[2.303s] -- Up-to-date: /root/Lunar_ROADSTER/lr_ws/install/vectornav_msgs/local/lib/python3.10/dist-packages/vectornav_msgs/msg/_common_group_s.c
[2.304s] -- Up-to-date: /root/Lunar_ROADSTER/lr_ws/install/vectornav_msgs/local/lib/python3.10/dist-packages/vectornav_msgs/msg/_dop.py
[2.304s] -- Up-to-date: /root/Lunar_ROADSTER/lr_ws/install/vectornav_msgs/local/lib/python3.10/dist-packages/vectornav_msgs/msg/_dop_s.c
[2.305s] -- Up-to-date: /root/Lunar_ROADSTER/lr_ws/install/vectornav_msgs/local/lib/python3.10/dist-packages/vectornav_msgs/msg/_gps_group.py
[2.305s] -- Up-to-date: /root/Lunar_ROADSTER/lr_ws/install/vectornav_msgs/local/lib/python3.10/dist-packages/vectornav_msgs/msg/_gps_group_s.c
[2.305s] -- Up-to-date: /root/Lunar_ROADSTER/lr_ws/install/vectornav_msgs/local/lib/python3.10/dist-packages/vectornav_msgs/msg/_imu_group.py
[2.306s] -- Up-to-date: /root/Lunar_ROADSTER/lr_ws/install/vectornav_msgs/local/lib/python3.10/dist-packages/vectornav_msgs/msg/_imu_group_s.c
[2.306s] -- Up-to-date: /root/Lunar_ROADSTER/lr_ws/install/vectornav_msgs/local/lib/python3.10/dist-packages/vectornav_msgs/msg/_ins_group.py
[2.306s] -- Up-to-date: /root/Lunar_ROADSTER/lr_ws/install/vectornav_msgs/local/lib/python3.10/dist-packages/vectornav_msgs/msg/_ins_group_s.c
[2.307s] -- Up-to-date: /root/Lunar_ROADSTER/lr_ws/install/vectornav_msgs/local/lib/python3.10/dist-packages/vectornav_msgs/msg/_ins_status.py
[2.307s] -- Up-to-date: /root/Lunar_ROADSTER/lr_ws/install/vectornav_msgs/local/lib/python3.10/dist-packages/vectornav_msgs/msg/_ins_status_s.c
[2.307s] -- Up-to-date: /root/Lunar_ROADSTER/lr_ws/install/vectornav_msgs/local/lib/python3.10/dist-packages/vectornav_msgs/msg/_time_group.py
[2.317s] -- Up-to-date: /root/Lunar_ROADSTER/lr_ws/install/vectornav_msgs/local/lib/python3.10/dist-packages/vectornav_msgs/msg/_time_group_s.c
[2.317s] -- Up-to-date: /root/Lunar_ROADSTER/lr_ws/install/vectornav_msgs/local/lib/python3.10/dist-packages/vectornav_msgs/msg/_time_status.py
[2.317s] -- Up-to-date: /root/Lunar_ROADSTER/lr_ws/install/vectornav_msgs/local/lib/python3.10/dist-packages/vectornav_msgs/msg/_time_status_s.c
[2.318s] -- Up-to-date: /root/Lunar_ROADSTER/lr_ws/install/vectornav_msgs/local/lib/python3.10/dist-packages/vectornav_msgs/msg/_time_utc.py
[2.319s] -- Up-to-date: /root/Lunar_ROADSTER/lr_ws/install/vectornav_msgs/local/lib/python3.10/dist-packages/vectornav_msgs/msg/_time_utc_s.c
[2.319s] -- Up-to-date: /root/Lunar_ROADSTER/lr_ws/install/vectornav_msgs/local/lib/python3.10/dist-packages/vectornav_msgs/msg/_vpe_status.py
[2.319s] -- Up-to-date: /root/Lunar_ROADSTER/lr_ws/install/vectornav_msgs/local/lib/python3.10/dist-packages/vectornav_msgs/msg/_vpe_status_s.c
[2.320s] -- Up-to-date: /root/Lunar_ROADSTER/lr_ws/install/vectornav_msgs/local/lib/python3.10/dist-packages/vectornav_msgs/msg/__init__.py
[2.320s] -- Up-to-date: /root/Lunar_ROADSTER/lr_ws/install/vectornav_msgs/local/lib/python3.10/dist-packages/vectornav_msgs/action
[2.320s] -- Up-to-date: /root/Lunar_ROADSTER/lr_ws/install/vectornav_msgs/local/lib/python3.10/dist-packages/vectornav_msgs/action/_mag_cal.py
[2.321s] -- Up-to-date: /root/Lunar_ROADSTER/lr_ws/install/vectornav_msgs/local/lib/python3.10/dist-packages/vectornav_msgs/action/_mag_cal_s.c
[2.321s] -- Up-to-date: /root/Lunar_ROADSTER/lr_ws/install/vectornav_msgs/local/lib/python3.10/dist-packages/vectornav_msgs/action/__init__.py
[2.323s] -- Up-to-date: /root/Lunar_ROADSTER/lr_ws/install/vectornav_msgs/local/lib/python3.10/dist-packages/vectornav_msgs/_vectornav_msgs_s.ep.rosidl_typesupport_fastrtps_c.c
[2.330s] -- Up-to-date: /root/Lunar_ROADSTER/lr_ws/install/vectornav_msgs/local/lib/python3.10/dist-packages/vectornav_msgs/_vectornav_msgs_s.ep.rosidl_typesupport_introspection_c.c
[2.331s] -- Up-to-date: /root/Lunar_ROADSTER/lr_ws/install/vectornav_msgs/local/lib/python3.10/dist-packages/vectornav_msgs/_vectornav_msgs_s.ep.rosidl_typesupport_c.c
[2.331s] -- Up-to-date: /root/Lunar_ROADSTER/lr_ws/install/vectornav_msgs/local/lib/python3.10/dist-packages/vectornav_msgs/libvectornav_msgs__rosidl_generator_py.so
[2.332s] -- Up-to-date: /root/Lunar_ROADSTER/lr_ws/install/vectornav_msgs/local/lib/python3.10/dist-packages/vectornav_msgs/vectornav_msgs_s__rosidl_typesupport_fastrtps_c.cpython-310-aarch64-linux-gnu.so
[2.333s] -- Up-to-date: /root/Lunar_ROADSTER/lr_ws/install/vectornav_msgs/local/lib/python3.10/dist-packages/vectornav_msgs/vectornav_msgs_s__rosidl_typesupport_c.cpython-310-aarch64-linux-gnu.so
[2.334s] -- Up-to-date: /root/Lunar_ROADSTER/lr_ws/install/vectornav_msgs/local/lib/python3.10/dist-packages/vectornav_msgs/vectornav_msgs_s__rosidl_typesupport_introspection_c.cpython-310-aarch64-linux-gnu.so
[2.409s] Listing '/root/Lunar_ROADSTER/lr_ws/install/vectornav_msgs/local/lib/python3.10/dist-packages/vectornav_msgs'...
[2.409s] Listing '/root/Lunar_ROADSTER/lr_ws/install/vectornav_msgs/local/lib/python3.10/dist-packages/vectornav_msgs/action'...
[2.410s] Listing '/root/Lunar_ROADSTER/lr_ws/install/vectornav_msgs/local/lib/python3.10/dist-packages/vectornav_msgs/msg'...
[2.444s] -- Up-to-date: /root/Lunar_ROADSTER/lr_ws/install/vectornav_msgs/local/lib/python3.10/dist-packages/vectornav_msgs/vectornav_msgs_s__rosidl_typesupport_fastrtps_c.cpython-310-aarch64-linux-gnu.so
[2.444s] -- Up-to-date: /root/Lunar_ROADSTER/lr_ws/install/vectornav_msgs/local/lib/python3.10/dist-packages/vectornav_msgs/vectornav_msgs_s__rosidl_typesupport_introspection_c.cpython-310-aarch64-linux-gnu.so
[2.449s] -- Up-to-date: /root/Lunar_ROADSTER/lr_ws/install/vectornav_msgs/local/lib/python3.10/dist-packages/vectornav_msgs/vectornav_msgs_s__rosidl_typesupport_c.cpython-310-aarch64-linux-gnu.so
[2.450s] -- Up-to-date: /root/Lunar_ROADSTER/lr_ws/install/vectornav_msgs/lib/libvectornav_msgs__rosidl_generator_py.so
[2.450s] -- Up-to-date: /root/Lunar_ROADSTER/lr_ws/install/vectornav_msgs/share/vectornav_msgs/msg/AttitudeGroup.idl
[2.451s] -- Up-to-date: /root/Lunar_ROADSTER/lr_ws/install/vectornav_msgs/share/vectornav_msgs/msg/CommonGroup.idl
[2.451s] -- Up-to-date: /root/Lunar_ROADSTER/lr_ws/install/vectornav_msgs/share/vectornav_msgs/msg/DOP.idl
[2.452s] -- Up-to-date: /root/Lunar_ROADSTER/lr_ws/install/vectornav_msgs/share/vectornav_msgs/msg/GpsGroup.idl
[2.452s] -- Up-to-date: /root/Lunar_ROADSTER/lr_ws/install/vectornav_msgs/share/vectornav_msgs/msg/ImuGroup.idl
[2.453s] -- Up-to-date: /root/Lunar_ROADSTER/lr_ws/install/vectornav_msgs/share/vectornav_msgs/msg/InsGroup.idl
[2.453s] -- Up-to-date: /root/Lunar_ROADSTER/lr_ws/install/vectornav_msgs/share/vectornav_msgs/msg/InsStatus.idl
[2.454s] -- Up-to-date: /root/Lunar_ROADSTER/lr_ws/install/vectornav_msgs/share/vectornav_msgs/msg/TimeGroup.idl
[2.455s] -- Up-to-date: /root/Lunar_ROADSTER/lr_ws/install/vectornav_msgs/share/vectornav_msgs/msg/TimeStatus.idl
[2.455s] -- Up-to-date: /root/Lunar_ROADSTER/lr_ws/install/vectornav_msgs/share/vectornav_msgs/msg/TimeUTC.idl
[2.455s] -- Up-to-date: /root/Lunar_ROADSTER/lr_ws/install/vectornav_msgs/share/vectornav_msgs/msg/VpeStatus.idl
[2.456s] -- Up-to-date: /root/Lunar_ROADSTER/lr_ws/install/vectornav_msgs/share/vectornav_msgs/action/MagCal.idl
[2.456s] -- Up-to-date: /root/Lunar_ROADSTER/lr_ws/install/vectornav_msgs/share/vectornav_msgs/msg/AttitudeGroup.msg
[2.456s] -- Up-to-date: /root/Lunar_ROADSTER/lr_ws/install/vectornav_msgs/share/vectornav_msgs/msg/CommonGroup.msg
[2.457s] -- Up-to-date: /root/Lunar_ROADSTER/lr_ws/install/vectornav_msgs/share/vectornav_msgs/msg/DOP.msg
[2.457s] -- Up-to-date: /root/Lunar_ROADSTER/lr_ws/install/vectornav_msgs/share/vectornav_msgs/msg/GpsGroup.msg
[2.458s] -- Up-to-date: /root/Lunar_ROADSTER/lr_ws/install/vectornav_msgs/share/vectornav_msgs/msg/ImuGroup.msg
[2.460s] -- Up-to-date: /root/Lunar_ROADSTER/lr_ws/install/vectornav_msgs/share/vectornav_msgs/msg/InsGroup.msg
[2.462s] -- Up-to-date: /root/Lunar_ROADSTER/lr_ws/install/vectornav_msgs/share/vectornav_msgs/msg/InsStatus.msg
[2.465s] -- Up-to-date: /root/Lunar_ROADSTER/lr_ws/install/vectornav_msgs/share/vectornav_msgs/msg/TimeGroup.msg
[2.469s] -- Up-to-date: /root/Lunar_ROADSTER/lr_ws/install/vectornav_msgs/share/vectornav_msgs/msg/TimeStatus.msg
[2.470s] -- Up-to-date: /root/Lunar_ROADSTER/lr_ws/install/vectornav_msgs/share/vectornav_msgs/msg/TimeUTC.msg
[2.470s] -- Up-to-date: /root/Lunar_ROADSTER/lr_ws/install/vectornav_msgs/share/vectornav_msgs/msg/VpeStatus.msg
[2.470s] -- Up-to-date: /root/Lunar_ROADSTER/lr_ws/install/vectornav_msgs/share/vectornav_msgs/action/MagCal.action
[2.471s] -- Up-to-date: /root/Lunar_ROADSTER/lr_ws/install/vectornav_msgs/share/ament_index/resource_index/package_run_dependencies/vectornav_msgs
[2.472s] -- Up-to-date: /root/Lunar_ROADSTER/lr_ws/install/vectornav_msgs/share/ament_index/resource_index/parent_prefix_path/vectornav_msgs
[2.473s] -- Up-to-date: /root/Lunar_ROADSTER/lr_ws/install/vectornav_msgs/share/vectornav_msgs/environment/ament_prefix_path.sh
[2.473s] -- Up-to-date: /root/Lunar_ROADSTER/lr_ws/install/vectornav_msgs/share/vectornav_msgs/environment/ament_prefix_path.dsv
[2.475s] -- Up-to-date: /root/Lunar_ROADSTER/lr_ws/install/vectornav_msgs/share/vectornav_msgs/environment/path.sh
[2.476s] -- Up-to-date: /root/Lunar_ROADSTER/lr_ws/install/vectornav_msgs/share/vectornav_msgs/environment/path.dsv
[2.476s] -- Up-to-date: /root/Lunar_ROADSTER/lr_ws/install/vectornav_msgs/share/vectornav_msgs/local_setup.bash
[2.476s] -- Up-to-date: /root/Lunar_ROADSTER/lr_ws/install/vectornav_msgs/share/vectornav_msgs/local_setup.sh
[2.485s] -- Up-to-date: /root/Lunar_ROADSTER/lr_ws/install/vectornav_msgs/share/vectornav_msgs/local_setup.zsh
[2.486s] -- Up-to-date: /root/Lunar_ROADSTER/lr_ws/install/vectornav_msgs/share/vectornav_msgs/local_setup.dsv
[2.486s] -- Installing: /root/Lunar_ROADSTER/lr_ws/install/vectornav_msgs/share/vectornav_msgs/package.dsv
[2.487s] -- Up-to-date: /root/Lunar_ROADSTER/lr_ws/install/vectornav_msgs/share/ament_index/resource_index/packages/vectornav_msgs
[2.489s] -- Up-to-date: /root/Lunar_ROADSTER/lr_ws/install/vectornav_msgs/share/vectornav_msgs/cmake/export_vectornav_msgs__rosidl_generator_cExport.cmake
[2.490s] -- Up-to-date: /root/Lunar_ROADSTER/lr_ws/install/vectornav_msgs/share/vectornav_msgs/cmake/export_vectornav_msgs__rosidl_generator_cExport-noconfig.cmake
[2.491s] -- Up-to-date: /root/Lunar_ROADSTER/lr_ws/install/vectornav_msgs/share/vectornav_msgs/cmake/export_vectornav_msgs__rosidl_typesupport_fastrtps_cExport.cmake
[2.491s] -- Up-to-date: /root/Lunar_ROADSTER/lr_ws/install/vectornav_msgs/share/vectornav_msgs/cmake/export_vectornav_msgs__rosidl_typesupport_fastrtps_cExport-noconfig.cmake
[2.492s] -- Up-to-date: /root/Lunar_ROADSTER/lr_ws/install/vectornav_msgs/share/vectornav_msgs/cmake/export_vectornav_msgs__rosidl_generator_cppExport.cmake
[2.493s] -- Up-to-date: /root/Lunar_ROADSTER/lr_ws/install/vectornav_msgs/share/vectornav_msgs/cmake/export_vectornav_msgs__rosidl_typesupport_fastrtps_cppExport.cmake
[2.493s] -- Up-to-date: /root/Lunar_ROADSTER/lr_ws/install/vectornav_msgs/share/vectornav_msgs/cmake/export_vectornav_msgs__rosidl_typesupport_fastrtps_cppExport-noconfig.cmake
[2.496s] -- Up-to-date: /root/Lunar_ROADSTER/lr_ws/install/vectornav_msgs/share/vectornav_msgs/cmake/vectornav_msgs__rosidl_typesupport_introspection_cExport.cmake
[2.496s] -- Up-to-date: /root/Lunar_ROADSTER/lr_ws/install/vectornav_msgs/share/vectornav_msgs/cmake/vectornav_msgs__rosidl_typesupport_introspection_cExport-noconfig.cmake
[2.498s] -- Up-to-date: /root/Lunar_ROADSTER/lr_ws/install/vectornav_msgs/share/vectornav_msgs/cmake/vectornav_msgs__rosidl_typesupport_cExport.cmake
[2.499s] -- Up-to-date: /root/Lunar_ROADSTER/lr_ws/install/vectornav_msgs/share/vectornav_msgs/cmake/vectornav_msgs__rosidl_typesupport_cExport-noconfig.cmake
[2.499s] -- Up-to-date: /root/Lunar_ROADSTER/lr_ws/install/vectornav_msgs/share/vectornav_msgs/cmake/vectornav_msgs__rosidl_typesupport_introspection_cppExport.cmake
[2.500s] -- Up-to-date: /root/Lunar_ROADSTER/lr_ws/install/vectornav_msgs/share/vectornav_msgs/cmake/vectornav_msgs__rosidl_typesupport_introspection_cppExport-noconfig.cmake
[2.500s] -- Up-to-date: /root/Lunar_ROADSTER/lr_ws/install/vectornav_msgs/share/vectornav_msgs/cmake/vectornav_msgs__rosidl_typesupport_cppExport.cmake
[2.500s] -- Up-to-date: /root/Lunar_ROADSTER/lr_ws/install/vectornav_msgs/share/vectornav_msgs/cmake/vectornav_msgs__rosidl_typesupport_cppExport-noconfig.cmake
[2.501s] -- Up-to-date: /root/Lunar_ROADSTER/lr_ws/install/vectornav_msgs/share/vectornav_msgs/cmake/export_vectornav_msgs__rosidl_generator_pyExport.cmake
[2.501s] -- Up-to-date: /root/Lunar_ROADSTER/lr_ws/install/vectornav_msgs/share/vectornav_msgs/cmake/export_vectornav_msgs__rosidl_generator_pyExport-noconfig.cmake
[2.502s] -- Up-to-date: /root/Lunar_ROADSTER/lr_ws/install/vectornav_msgs/share/vectornav_msgs/cmake/rosidl_cmake-extras.cmake
[2.502s] -- Up-to-date: /root/Lunar_ROADSTER/lr_ws/install/vectornav_msgs/share/vectornav_msgs/cmake/ament_cmake_export_dependencies-extras.cmake
[2.502s] -- Up-to-date: /root/Lunar_ROADSTER/lr_ws/install/vectornav_msgs/share/vectornav_msgs/cmake/ament_cmake_export_include_directories-extras.cmake
[2.502s] -- Up-to-date: /root/Lunar_ROADSTER/lr_ws/install/vectornav_msgs/share/vectornav_msgs/cmake/ament_cmake_export_libraries-extras.cmake
[2.503s] -- Up-to-date: /root/Lunar_ROADSTER/lr_ws/install/vectornav_msgs/share/vectornav_msgs/cmake/ament_cmake_export_targets-extras.cmake
[2.504s] -- Up-to-date: /root/Lunar_ROADSTER/lr_ws/install/vectornav_msgs/share/vectornav_msgs/cmake/rosidl_cmake_export_typesupport_targets-extras.cmake
[2.506s] -- Up-to-date: /root/Lunar_ROADSTER/lr_ws/install/vectornav_msgs/share/vectornav_msgs/cmake/rosidl_cmake_export_typesupport_libraries-extras.cmake
[2.516s] -- Up-to-date: /root/Lunar_ROADSTER/lr_ws/install/vectornav_msgs/share/vectornav_msgs/cmake/vectornav_msgsConfig.cmake
[2.517s] -- Up-to-date: /root/Lunar_ROADSTER/lr_ws/install/vectornav_msgs/share/vectornav_msgs/cmake/vectornav_msgsConfig-version.cmake
[2.518s] -- Up-to-date: /root/Lunar_ROADSTER/lr_ws/install/vectornav_msgs/share/vectornav_msgs/package.xml
[2.542s] Invoked command in '/root/Lunar_ROADSTER/lr_ws/build/vectornav_msgs' returned '0': CMAKE_PREFIX_PATH=${CMAKE_PREFIX_PATH}:/opt/ros/humble /usr/local/bin/cmake --install /root/Lunar_ROADSTER/lr_ws/build/vectornav_msgs
