[0.903s] Invoking command in '/root/Lunar_ROADSTER/lr_ws/build/launcher': CMAKE_PREFIX_PATH=${CMAKE_PREFIX_PATH}:/root/Lunar_ROADSTER/lr_ws/install/nav2_simple_commander:/opt/ros/humble /usr/local/bin/cmake --build /root/Lunar_ROADSTER/lr_ws/build/launcher -- -j4 -l4
[1.250s] Invoked command in '/root/Lunar_ROADSTER/lr_ws/build/launcher' returned '0': CMAKE_PREFIX_PATH=${CMAKE_PREFIX_PATH}:/root/Lunar_ROADSTER/lr_ws/install/nav2_simple_commander:/opt/ros/humble /usr/local/bin/cmake --build /root/Lunar_ROADSTER/lr_ws/build/launcher -- -j4 -l4
[1.304s] Invoking command in '/root/Lunar_ROADSTER/lr_ws/build/launcher': CMAKE_PREFIX_PATH=${CMAKE_PREFIX_PATH}:/root/Lunar_ROADSTER/lr_ws/install/nav2_simple_commander:/opt/ros/humble /usr/local/bin/cmake --install /root/Lunar_ROADSTER/lr_ws/build/launcher
[1.377s] -- Install configuration: ""
[1.379s] -- Up-to-date: /root/Lunar_ROADSTER/lr_ws/install/launcher/share/launcher/launch
[1.382s] -- Up-to-date: /root/Lunar_ROADSTER/lr_ws/install/launcher/share/launcher/launch/launch.py
[1.393s] -- Up-to-date: /root/Lunar_ROADSTER/lr_ws/install/launcher/share/launcher/launch/svd_viz.rviz
[1.394s] -- Up-to-date: /root/Lunar_ROADSTER/lr_ws/install/launcher/share/launcher/launch/svd_local_map_viz.rviz
[1.395s] -- Up-to-date: /root/Lunar_ROADSTER/lr_ws/install/launcher/share/ament_index/resource_index/package_run_dependencies/launcher
[1.395s] -- Up-to-date: /root/Lunar_ROADSTER/lr_ws/install/launcher/share/ament_index/resource_index/parent_prefix_path/launcher
[1.399s] -- Up-to-date: /root/Lunar_ROADSTER/lr_ws/install/launcher/share/launcher/environment/ament_prefix_path.sh
[1.400s] -- Up-to-date: /root/Lunar_ROADSTER/lr_ws/install/launcher/share/launcher/environment/ament_prefix_path.dsv
[1.401s] -- Up-to-date: /root/Lunar_ROADSTER/lr_ws/install/launcher/share/launcher/environment/path.sh
[1.402s] -- Up-to-date: /root/Lunar_ROADSTER/lr_ws/install/launcher/share/launcher/environment/path.dsv
[1.403s] -- Up-to-date: /root/Lunar_ROADSTER/lr_ws/install/launcher/share/launcher/local_setup.bash
[1.405s] -- Up-to-date: /root/Lunar_ROADSTER/lr_ws/install/launcher/share/launcher/local_setup.sh
[1.405s] -- Up-to-date: /root/Lunar_ROADSTER/lr_ws/install/launcher/share/launcher/local_setup.zsh
[1.405s] -- Up-to-date: /root/Lunar_ROADSTER/lr_ws/install/launcher/share/launcher/local_setup.dsv
[1.407s] -- Installing: /root/Lunar_ROADSTER/lr_ws/install/launcher/share/launcher/package.dsv
[1.419s] -- Up-to-date: /root/Lunar_ROADSTER/lr_ws/install/launcher/share/ament_index/resource_index/packages/launcher
[1.421s] -- Up-to-date: /root/Lunar_ROADSTER/lr_ws/install/launcher/share/launcher/cmake/launcherConfig.cmake
[1.449s] -- Up-to-date: /root/Lunar_ROADSTER/lr_ws/install/launcher/share/launcher/cmake/launcherConfig-version.cmake
[1.449s] -- Up-to-date: /root/Lunar_ROADSTER/lr_ws/install/launcher/share/launcher/package.xml
[1.453s] Invoked command in '/root/Lunar_ROADSTER/lr_ws/build/launcher' returned '0': CMAKE_PREFIX_PATH=${CMAKE_PREFIX_PATH}:/root/Lunar_ROADSTER/lr_ws/install/nav2_simple_commander:/opt/ros/humble /usr/local/bin/cmake --install /root/Lunar_ROADSTER/lr_ws/build/launcher
