[0.046s] Invoking command in '/home/williamfbx/Lunar-ROADSTER/lr_ws/build/sensing': CMAKE_PREFIX_PATH=${CMAKE_PREFIX_PATH}:/opt/ros/humble /usr/bin/cmake --build /home/williamfbx/Lunar-ROADSTER/lr_ws/build/sensing -- -j12 -l12
[0.123s] Invoked command in '/home/williamfbx/Lunar-ROADSTER/lr_ws/build/sensing' returned '0': CMAKE_PREFIX_PATH=${CMAKE_PREFIX_PATH}:/opt/ros/humble /usr/bin/cmake --build /home/williamfbx/Lunar-ROADSTER/lr_ws/build/sensing -- -j12 -l12
[0.123s] Invoking command in '/home/williamfbx/Lunar-ROADSTER/lr_ws/build/sensing': CMAKE_PREFIX_PATH=${CMAKE_PREFIX_PATH}:/opt/ros/humble /usr/bin/cmake --install /home/williamfbx/Lunar-ROADSTER/lr_ws/build/sensing
[0.139s] -- Install configuration: ""
[0.139s] -- Up-to-date: /home/williamfbx/Lunar-ROADSTER/lr_ws/install/sensing/share/sensing/launch
[0.139s] -- Up-to-date: /home/williamfbx/Lunar-ROADSTER/lr_ws/install/sensing/share/sensing/launch/sensing_launch.py
[0.139s] -- Up-to-date: /home/williamfbx/Lunar-ROADSTER/lr_ws/install/sensing/share/sensing/launch/__pycache__
[0.139s] -- Up-to-date: /home/williamfbx/Lunar-ROADSTER/lr_ws/install/sensing/share/sensing/launch/__pycache__/sensing_launch.cpython-310.pyc
[0.139s] -- Up-to-date: /home/williamfbx/Lunar-ROADSTER/lr_ws/install/sensing/share/ament_index/resource_index/package_run_dependencies/sensing
[0.139s] -- Up-to-date: /home/williamfbx/Lunar-ROADSTER/lr_ws/install/sensing/share/ament_index/resource_index/parent_prefix_path/sensing
[0.139s] -- Up-to-date: /home/williamfbx/Lunar-ROADSTER/lr_ws/install/sensing/share/sensing/environment/ament_prefix_path.sh
[0.139s] -- Up-to-date: /home/williamfbx/Lunar-ROADSTER/lr_ws/install/sensing/share/sensing/environment/ament_prefix_path.dsv
[0.140s] -- Up-to-date: /home/williamfbx/Lunar-ROADSTER/lr_ws/install/sensing/share/sensing/environment/path.sh
[0.140s] -- Up-to-date: /home/williamfbx/Lunar-ROADSTER/lr_ws/install/sensing/share/sensing/environment/path.dsv
[0.140s] -- Up-to-date: /home/williamfbx/Lunar-ROADSTER/lr_ws/install/sensing/share/sensing/local_setup.bash
[0.140s] -- Up-to-date: /home/williamfbx/Lunar-ROADSTER/lr_ws/install/sensing/share/sensing/local_setup.sh
[0.140s] -- Up-to-date: /home/williamfbx/Lunar-ROADSTER/lr_ws/install/sensing/share/sensing/local_setup.zsh
[0.140s] -- Up-to-date: /home/williamfbx/Lunar-ROADSTER/lr_ws/install/sensing/share/sensing/local_setup.dsv
[0.140s] -- Installing: /home/williamfbx/Lunar-ROADSTER/lr_ws/install/sensing/share/sensing/package.dsv
[0.140s] -- Up-to-date: /home/williamfbx/Lunar-ROADSTER/lr_ws/install/sensing/share/ament_index/resource_index/packages/sensing
[0.140s] -- Up-to-date: /home/williamfbx/Lunar-ROADSTER/lr_ws/install/sensing/share/sensing/cmake/sensingConfig.cmake
[0.140s] -- Up-to-date: /home/williamfbx/Lunar-ROADSTER/lr_ws/install/sensing/share/sensing/cmake/sensingConfig-version.cmake
[0.140s] -- Up-to-date: /home/williamfbx/Lunar-ROADSTER/lr_ws/install/sensing/share/sensing/package.xml
[0.172s] Invoked command in '/home/williamfbx/Lunar-ROADSTER/lr_ws/build/sensing' returned '0': CMAKE_PREFIX_PATH=${CMAKE_PREFIX_PATH}:/opt/ros/humble /usr/bin/cmake --install /home/williamfbx/Lunar-ROADSTER/lr_ws/build/sensing
