[0.198s] Invoking command in '/root/Lunar_ROADSTER/lr_ws/src/build/localization': CMAKE_PREFIX_PATH=/root/Lunar_ROADSTER/lr_ws/src/install/lx_msgs:/root/Lunar_ROADSTER/lr_ws/src/install/cg_msgs:/root/Lunar_ROADSTER/lr_ws/src/install/sensing:/root/Lunar_ROADSTER/lr_ws/src/install/mapping:/root/Lunar_ROADSTER/lr_ws/install/vectornav:/root/Lunar_ROADSTER/lr_ws/install/vectornav_msgs:/root/Lunar_ROADSTER/lr_ws/install/teleop:/root/Lunar_ROADSTER/lr_ws/install/sensing:/root/Lunar_ROADSTER/lr_ws/install/realsense2_description:/root/Lunar_ROADSTER/lr_ws/install/realsense2_camera:/root/Lunar_ROADSTER/lr_ws/install/realsense2_camera_msgs:/root/Lunar_ROADSTER/lr_ws/install/realsense:/root/Lunar_ROADSTER/lr_ws/install/nav2_system_tests:/root/Lunar_ROADSTER/lr_ws/install/nav2_bringup:/root/Lunar_ROADSTER/lr_ws/install/navigation2:/root/Lunar_ROADSTER/lr_ws/install/nav2_smoother:/root/Lunar_ROADSTER/lr_ws/install/nav2_graceful_controller:/root/Lunar_ROADSTER/lr_ws/install/nav2_dwb_controller:/root/Lunar_ROADSTER/lr_ws/install/nav2_controller:/root/Lunar_ROADSTER/lr_ws/install/dwb_plugins:/root/Lunar_ROADSTER/lr_ws/install/dwb_critics:/root/Lunar_ROADSTER/lr_ws/install/dwb_core:/root/Lunar_ROADSTER/lr_ws/install/nav_2d_utils:/root/Lunar_ROADSTER/lr_ws/install/dwb_msgs:/root/Lunar_ROADSTER/lr_ws/install/nav_2d_msgs:/root/Lunar_ROADSTER/lr_ws/install/nav2_waypoint_follower:/root/Lunar_ROADSTER/lr_ws/install/nav2_theta_star_planner:/root/Lunar_ROADSTER/lr_ws/install/nav2_smac_planner:/root/Lunar_ROADSTER/lr_ws/install/nav2_rotation_shim_controller:/root/Lunar_ROADSTER/lr_ws/install/nav2_regulated_pure_pursuit_controller:/root/Lunar_ROADSTER/lr_ws/install/nav2_planner:/root/Lunar_ROADSTER/lr_ws/install/nav2_navfn_planner:/root/Lunar_ROADSTER/lr_ws/install/nav2_mppi_controller:/root/Lunar_ROADSTER/lr_ws/install/nav2_constrained_smoother:/root/Lunar_ROADSTER/lr_ws/install/nav2_bt_navigator:/root/Lunar_ROADSTER/lr_ws/install/nav2_behaviors:/root/Lunar_ROADSTER/lr_ws/install/nav2_core:/root/Lunar_ROADSTER/lr_ws/install/nav2_collision_monitor:/root/Lunar_ROADSTER/lr_ws/install/costmap_queue:/root/Lunar_ROADSTER/lr_ws/install/nav2_costmap_2d:/root/Lunar_ROADSTER/lr_ws/install/nav2_voxel_grid:/root/Lunar_ROADSTER/lr_ws/install/nav2_velocity_smoother:/root/Lunar_ROADSTER/lr_ws/install/nav2_rviz_plugins:/root/Lunar_ROADSTER/lr_ws/install/nav2_map_server:/root/Lunar_ROADSTER/lr_ws/install/nav2_lifecycle_manager:/root/Lunar_ROADSTER/lr_ws/install/nav2_behavior_tree:/root/Lunar_ROADSTER/lr_ws/install/nav2_amcl:/root/Lunar_ROADSTER/lr_ws/install/nav2_util:/root/Lunar_ROADSTER/lr_ws/install/nav2_msgs:/root/Lunar_ROADSTER/lr_ws/install/nav2_common:/root/Lunar_ROADSTER/lr_ws/install/motion_control:/root/Lunar_ROADSTER/lr_ws/install/mapping:/root/Lunar_ROADSTER/lr_ws/install/lx_mapping:/root/Lunar_ROADSTER/lr_ws/install/lx_library:/root/Lunar_ROADSTER/lr_ws/install/lx_msgs:/root/Lunar_ROADSTER/lr_ws/install/localization:/root/Lunar_ROADSTER/lr_ws/install/imu:/root/Lunar_ROADSTER/lr_ws/install/arduino:/root/Lunar_ROADSTER/lr_ws/install/cg_msgs:/root/Lunar_ROADSTER/lr_ws/install/nav2_simple_commander:/opt/ros/humble LD_LIBRARY_PATH=/root/Lunar_ROADSTER/lr_ws/src/install/lx_msgs/lib:/root/Lunar_ROADSTER/lr_ws/src/install/cg_msgs/lib:/root/Lunar_ROADSTER/lr_ws/install/vectornav/lib:/root/Lunar_ROADSTER/lr_ws/install/vectornav_msgs/lib:/root/Lunar_ROADSTER/lr_ws/install/realsense2_camera/lib:/root/Lunar_ROADSTER/lr_ws/install/realsense2_camera_msgs/lib:/root/Lunar_ROADSTER/lr_ws/install/nav2_smoother/lib:/root/Lunar_ROADSTER/lr_ws/install/nav2_graceful_controller/lib:/root/Lunar_ROADSTER/lr_ws/install/nav2_controller/lib:/root/Lunar_ROADSTER/lr_ws/install/dwb_plugins/lib:/root/Lunar_ROADSTER/lr_ws/install/dwb_critics/lib:/root/Lunar_ROADSTER/lr_ws/install/dwb_core/lib:/root/Lunar_ROADSTER/lr_ws/install/nav_2d_utils/lib:/root/Lunar_ROADSTER/lr_ws/install/dwb_msgs/lib:/root/Lunar_ROADSTER/lr_ws/install/nav_2d_msgs/lib:/root/Lunar_ROADSTER/lr_ws/install/nav2_waypoint_follower/lib:/root/Lunar_ROADSTER/lr_ws/install/nav2_theta_star_planner/lib:/root/Lunar_ROADSTER/lr_ws/install/nav2_smac_planner/lib:/root/Lunar_ROADSTER/lr_ws/install/nav2_rotation_shim_controller/lib:/root/Lunar_ROADSTER/lr_ws/install/nav2_regulated_pure_pursuit_controller/lib:/root/Lunar_ROADSTER/lr_ws/install/nav2_planner/lib:/root/Lunar_ROADSTER/lr_ws/install/nav2_navfn_planner/lib:/root/Lunar_ROADSTER/lr_ws/install/nav2_mppi_controller/lib:/root/Lunar_ROADSTER/lr_ws/install/nav2_constrained_smoother/lib:/root/Lunar_ROADSTER/lr_ws/install/nav2_bt_navigator/lib:/root/Lunar_ROADSTER/lr_ws/install/nav2_behaviors/lib:/root/Lunar_ROADSTER/lr_ws/install/nav2_collision_monitor/lib:/root/Lunar_ROADSTER/lr_ws/install/costmap_queue/lib:/root/Lunar_ROADSTER/lr_ws/install/nav2_costmap_2d/lib:/root/Lunar_ROADSTER/lr_ws/install/nav2_voxel_grid/lib:/root/Lunar_ROADSTER/lr_ws/install/nav2_velocity_smoother/lib:/root/Lunar_ROADSTER/lr_ws/install/nav2_rviz_plugins/lib:/root/Lunar_ROADSTER/lr_ws/install/nav2_map_server/lib:/root/Lunar_ROADSTER/lr_ws/install/nav2_lifecycle_manager/lib:/root/Lunar_ROADSTER/lr_ws/install/nav2_behavior_tree/lib:/root/Lunar_ROADSTER/lr_ws/install/nav2_amcl/lib:/root/Lunar_ROADSTER/lr_ws/install/nav2_util/lib:/root/Lunar_ROADSTER/lr_ws/install/nav2_msgs/lib:/root/Lunar_ROADSTER/lr_ws/install/lx_library/lib:/root/Lunar_ROADSTER/lr_ws/install/lx_msgs/lib:/root/Lunar_ROADSTER/lr_ws/install/cg_msgs/lib:/opt/ros/humble/opt/rviz_ogre_vendor/lib:/opt/ros/humble/lib/aarch64-linux-gnu:/opt/ros/humble/lib:/usr/local/cuda/lib64 /usr/local/bin/cmake --build /root/Lunar_ROADSTER/lr_ws/src/build/localization -- -j4 -l4
[0.474s] [35m[1mConsolidate compiler generated dependencies of target ts_prism_transformer[0m
[0.513s] [ 18%] Built target kalman_filter_linear
[0.530s] [ 45%] Built target imu_tf_publisher
[0.667s] [ 54%] [32mBuilding CXX object CMakeFiles/ts_prism_transformer.dir/src/ts_prism_transformer_main.cpp.o[0m
[0.675s] [ 81%] Built target slip_estimate_node
[0.709s] [ 90%] [32mBuilding CXX object CMakeFiles/ts_prism_transformer.dir/src/ts_prism_transformer.cpp.o[0m
[18.337s] In file included from [01m[K/root/Lunar_ROADSTER/lr_ws/src/localization/src/ts_prism_transformer.cpp:1[m[K:
[18.338s] [01m[K/root/Lunar_ROADSTER/lr_ws/src/localization/include/localization/ts_prism_transformer.hpp:63:27:[m[K [01;31m[Kerror: [m[K‘[01m[KCalibrateImu[m[K’ was not declared in this scope; did you mean ‘[01m[Klx_msgs::action::CalibrateImu[m[K’?
[18.339s]    63 |     rclcpp_action::Server<[01;31m[KCalibrateImu[m[K>::SharedPtr calibrate_imu_action_server_;
[18.339s]       |                           [01;31m[K^~~~~~~~~~~~[m[K
[18.339s]       |                           [32m[Klx_msgs::action::CalibrateImu[m[K
[18.339s] In file included from [01m[K/root/Lunar_ROADSTER/lr_ws/install/lx_msgs/include/lx_msgs/lx_msgs/action/calibrate_imu.hpp:7[m[K,
[18.340s]                  from [01m[K/root/Lunar_ROADSTER/lr_ws/src/localization/include/localization/ts_prism_transformer.hpp:13[m[K,
[18.340s]                  from [01m[K/root/Lunar_ROADSTER/lr_ws/src/localization/src/ts_prism_transformer.cpp:1[m[K:
[18.340s] [01m[K/root/Lunar_ROADSTER/lr_ws/install/lx_msgs/include/lx_msgs/lx_msgs/action/detail/calibrate_imu__struct.hpp:1071:29:[m[K [01;36m[Knote: [m[K‘[01m[Klx_msgs::action::CalibrateImu[m[K’ declared here
[18.341s]  1071 | typedef struct CalibrateImu [01;36m[KCalibrateImu[m[K;
[18.341s]       |                             [01;36m[K^~~~~~~~~~~~[m[K
[18.341s] In file included from [01m[K/root/Lunar_ROADSTER/lr_ws/src/localization/src/ts_prism_transformer.cpp:1[m[K:
[18.341s] [01m[K/root/Lunar_ROADSTER/lr_ws/src/localization/include/localization/ts_prism_transformer.hpp:63:39:[m[K [01;31m[Kerror: [m[Ktemplate argument 1 is invalid
[18.341s]    63 |     rclcpp_action::Server<CalibrateImu[01;31m[K>[m[K::SharedPtr calibrate_imu_action_server_;
[18.342s]       |                                       [01;31m[K^[m[K
[18.342s] [01m[K/root/Lunar_ROADSTER/lr_ws/src/localization/include/localization/ts_prism_transformer.hpp:63:42:[m[K [01;31m[Kerror: [m[Kexpected ‘[01m[K;[m[K’ at end of member declaration
[18.342s]    63 |     rclcpp_action::Server<CalibrateImu>::[01;31m[KSharedPtr[m[K calibrate_imu_action_server_;
[18.343s]       |                                          [01;31m[K^~~~~~~~~[m[K
[18.343s]       |                                                   [32m[K;[m[K
[18.356s] [01m[K/root/Lunar_ROADSTER/lr_ws/src/localization/include/localization/ts_prism_transformer.hpp:63:52:[m[K [01;31m[Kerror: [m[K‘[01m[Kcalibrate_imu_action_server_[m[K’ does not name a type
[18.357s]    63 |     rclcpp_action::Server<CalibrateImu>::SharedPtr [01;31m[Kcalibrate_imu_action_server_[m[K;
[18.358s]       |                                                    [01;31m[K^~~~~~~~~~~~~~~~~~~~~~~~~~~~[m[K
[18.361s] [01m[K/root/Lunar_ROADSTER/lr_ws/src/localization/include/localization/ts_prism_transformer.hpp:70:103:[m[K [01;31m[Kerror: [m[K‘[01m[KCalibrateImu[m[K’ was not declared in this scope; did you mean ‘[01m[Klx_msgs::action::CalibrateImu[m[K’?
[18.362s]    70 |     rclcpp_action::CancelResponse handle_cancel(const std::shared_ptr<rclcpp_action::ServerGoalHandle<[01;31m[KCalibrateImu[m[K>> goal_handle);
[18.363s]       |                                                                                                       [01;31m[K^~~~~~~~~~~~[m[K
[18.365s]       |                                                                                                       [32m[Klx_msgs::action::CalibrateImu[m[K
[18.366s] In file included from [01m[K/root/Lunar_ROADSTER/lr_ws/install/lx_msgs/include/lx_msgs/lx_msgs/action/calibrate_imu.hpp:7[m[K,
[18.367s]                  from [01m[K/root/Lunar_ROADSTER/lr_ws/src/localization/include/localization/ts_prism_transformer.hpp:13[m[K,
[18.368s]                  from [01m[K/root/Lunar_ROADSTER/lr_ws/src/localization/src/ts_prism_transformer.cpp:1[m[K:
[18.370s] [01m[K/root/Lunar_ROADSTER/lr_ws/install/lx_msgs/include/lx_msgs/lx_msgs/action/detail/calibrate_imu__struct.hpp:1071:29:[m[K [01;36m[Knote: [m[K‘[01m[Klx_msgs::action::CalibrateImu[m[K’ declared here
[18.371s]  1071 | typedef struct CalibrateImu [01;36m[KCalibrateImu[m[K;
[18.372s]       |                             [01;36m[K^~~~~~~~~~~~[m[K
[18.374s] In file included from [01m[K/root/Lunar_ROADSTER/lr_ws/src/localization/src/ts_prism_transformer.cpp:1[m[K:
[18.375s] [01m[K/root/Lunar_ROADSTER/lr_ws/src/localization/include/localization/ts_prism_transformer.hpp:70:103:[m[K [01;31m[Kerror: [m[Ktemplate argument 1 is invalid
[18.376s]    70 |     rclcpp_action::CancelResponse handle_cancel(const std::shared_ptr<rclcpp_action::ServerGoalHandle<[01;31m[KCalibrateImu[m[K>> goal_handle);
[18.377s]       |                                                                                                       [01;31m[K^~~~~~~~~~~~[m[K
[18.379s] [01m[K/root/Lunar_ROADSTER/lr_ws/src/localization/include/localization/ts_prism_transformer.hpp:70:115:[m[K [01;31m[Kerror: [m[Ktemplate argument 1 is invalid
[18.380s]    70 |     rclcpp_action::CancelResponse handle_cancel(const std::shared_ptr<rclcpp_action::ServerGoalHandle<CalibrateImu[01;31m[K>>[m[K goal_handle);
[18.381s]       |                                                                                                                   [01;31m[K^~[m[K
[18.383s] [01m[K/root/Lunar_ROADSTER/lr_ws/src/localization/include/localization/ts_prism_transformer.hpp:70:60:[m[K [01;31m[Kerror: [m[K‘[01m[K<expression error>[m[K’ in namespace ‘[01m[Kstd[m[K’ does not name a type
[18.384s]    70 |     rclcpp_action::CancelResponse handle_cancel(const std::[01;31m[Kshared_ptr<rclcpp_action::ServerGoalHandle<CalibrateImu>>[m[K goal_handle);
[18.385s]       |                                                            [01;31m[K^~~~~~~~~~~~~~~~~~~~~~~~~~~~~~~~~~~~~~~~~~~~~~~~~~~~~~~~~[m[K
[18.386s] [01m[K/root/Lunar_ROADSTER/lr_ws/src/localization/include/localization/ts_prism_transformer.hpp:72:80:[m[K [01;31m[Kerror: [m[K‘[01m[KCalibrateImu[m[K’ was not declared in this scope; did you mean ‘[01m[Klx_msgs::action::CalibrateImu[m[K’?
[18.388s]    72 |     void handle_accepted(const std::shared_ptr<rclcpp_action::ServerGoalHandle<[01;31m[KCalibrateImu[m[K>> goal_handle);
[18.389s]       |                                                                                [01;31m[K^~~~~~~~~~~~[m[K
[18.390s]       |                                                                                [32m[Klx_msgs::action::CalibrateImu[m[K
[18.391s] In file included from [01m[K/root/Lunar_ROADSTER/lr_ws/install/lx_msgs/include/lx_msgs/lx_msgs/action/calibrate_imu.hpp:7[m[K,
[18.393s]                  from [01m[K/root/Lunar_ROADSTER/lr_ws/src/localization/include/localization/ts_prism_transformer.hpp:13[m[K,
[18.394s]                  from [01m[K/root/Lunar_ROADSTER/lr_ws/src/localization/src/ts_prism_transformer.cpp:1[m[K:
[18.395s] [01m[K/root/Lunar_ROADSTER/lr_ws/install/lx_msgs/include/lx_msgs/lx_msgs/action/detail/calibrate_imu__struct.hpp:1071:29:[m[K [01;36m[Knote: [m[K‘[01m[Klx_msgs::action::CalibrateImu[m[K’ declared here
[18.397s]  1071 | typedef struct CalibrateImu [01;36m[KCalibrateImu[m[K;
[18.399s]       |                             [01;36m[K^~~~~~~~~~~~[m[K
[18.404s] In file included from [01m[K/root/Lunar_ROADSTER/lr_ws/src/localization/src/ts_prism_transformer.cpp:1[m[K:
[18.407s] [01m[K/root/Lunar_ROADSTER/lr_ws/src/localization/include/localization/ts_prism_transformer.hpp:72:80:[m[K [01;31m[Kerror: [m[Ktemplate argument 1 is invalid
[18.409s]    72 |     void handle_accepted(const std::shared_ptr<rclcpp_action::ServerGoalHandle<[01;31m[KCalibrateImu[m[K>> goal_handle);
[18.411s]       |                                                                                [01;31m[K^~~~~~~~~~~~[m[K
[18.412s] [01m[K/root/Lunar_ROADSTER/lr_ws/src/localization/include/localization/ts_prism_transformer.hpp:72:92:[m[K [01;31m[Kerror: [m[Ktemplate argument 1 is invalid
[18.414s]    72 |     void handle_accepted(const std::shared_ptr<rclcpp_action::ServerGoalHandle<CalibrateImu[01;31m[K>>[m[K goal_handle);
[18.415s]       |                                                                                            [01;31m[K^~[m[K
[18.417s] [01m[K/root/Lunar_ROADSTER/lr_ws/src/localization/include/localization/ts_prism_transformer.hpp:72:37:[m[K [01;31m[Kerror: [m[K‘[01m[K<expression error>[m[K’ in namespace ‘[01m[Kstd[m[K’ does not name a type
[18.418s]    72 |     void handle_accepted(const std::[01;31m[Kshared_ptr<rclcpp_action::ServerGoalHandle<CalibrateImu>>[m[K goal_handle);
[18.419s]       |                                     [01;31m[K^~~~~~~~~~~~~~~~~~~~~~~~~~~~~~~~~~~~~~~~~~~~~~~~~~~~~~~~~[m[K
[18.421s] [01m[K/root/Lunar_ROADSTER/lr_ws/src/localization/include/localization/ts_prism_transformer.hpp:73:84:[m[K [01;31m[Kerror: [m[K‘[01m[KCalibrateImu[m[K’ was not declared in this scope; did you mean ‘[01m[Klx_msgs::action::CalibrateImu[m[K’?
[18.422s]    73 |     void executeCalibrateIMU(const std::shared_ptr<rclcpp_action::ServerGoalHandle<[01;31m[KCalibrateImu[m[K>> goal_handle);
[18.423s]       |                                                                                    [01;31m[K^~~~~~~~~~~~[m[K
[18.424s]       |                                                                                    [32m[Klx_msgs::action::CalibrateImu[m[K
[18.426s] In file included from [01m[K/root/Lunar_ROADSTER/lr_ws/install/lx_msgs/include/lx_msgs/lx_msgs/action/calibrate_imu.hpp:7[m[K,
[18.427s]                  from [01m[K/root/Lunar_ROADSTER/lr_ws/src/localization/include/localization/ts_prism_transformer.hpp:13[m[K,
[18.428s]                  from [01m[K/root/Lunar_ROADSTER/lr_ws/src/localization/src/ts_prism_transformer.cpp:1[m[K:
[18.429s] [01m[K/root/Lunar_ROADSTER/lr_ws/install/lx_msgs/include/lx_msgs/lx_msgs/action/detail/calibrate_imu__struct.hpp:1071:29:[m[K [01;36m[Knote: [m[K‘[01m[Klx_msgs::action::CalibrateImu[m[K’ declared here
[18.431s]  1071 | typedef struct CalibrateImu [01;36m[KCalibrateImu[m[K;
[18.432s]       |                             [01;36m[K^~~~~~~~~~~~[m[K
[18.433s] In file included from [01m[K/root/Lunar_ROADSTER/lr_ws/src/localization/src/ts_prism_transformer.cpp:1[m[K:
[18.434s] [01m[K/root/Lunar_ROADSTER/lr_ws/src/localization/include/localization/ts_prism_transformer.hpp:73:84:[m[K [01;31m[Kerror: [m[Ktemplate argument 1 is invalid
[18.436s]    73 |     void executeCalibrateIMU(const std::shared_ptr<rclcpp_action::ServerGoalHandle<[01;31m[KCalibrateImu[m[K>> goal_handle);
[18.437s]       |                                                                                    [01;31m[K^~~~~~~~~~~~[m[K
[18.439s] [01m[K/root/Lunar_ROADSTER/lr_ws/src/localization/include/localization/ts_prism_transformer.hpp:73:96:[m[K [01;31m[Kerror: [m[Ktemplate argument 1 is invalid
[18.440s]    73 |     void executeCalibrateIMU(const std::shared_ptr<rclcpp_action::ServerGoalHandle<CalibrateImu[01;31m[K>>[m[K goal_handle);
[18.444s]       |                                                                                                [01;31m[K^~[m[K
[18.445s] [01m[K/root/Lunar_ROADSTER/lr_ws/src/localization/include/localization/ts_prism_transformer.hpp:73:41:[m[K [01;31m[Kerror: [m[K‘[01m[K<expression error>[m[K’ in namespace ‘[01m[Kstd[m[K’ does not name a type
[18.446s]    73 |     void executeCalibrateIMU(const std::[01;31m[Kshared_ptr<rclcpp_action::ServerGoalHandle<CalibrateImu>>[m[K goal_handle);
[18.451s]       |                                         [01;31m[K^~~~~~~~~~~~~~~~~~~~~~~~~~~~~~~~~~~~~~~~~~~~~~~~~~~~~~~~~[m[K
[18.533s] [01m[K/root/Lunar_ROADSTER/lr_ws/src/localization/src/ts_prism_transformer.cpp:[m[K In constructor ‘[01m[Kcg::total_station_rtls::TSPrismTransformer::TSPrismTransformer()[m[K’:
[18.534s] [01m[K/root/Lunar_ROADSTER/lr_ws/src/localization/src/ts_prism_transformer.cpp:38:7:[m[K [01;31m[Kerror: [m[K‘[01m[Kcalibrate_imu_action_server_[m[K’ was not declared in this scope
[18.535s]    38 |       [01;31m[Kcalibrate_imu_action_server_[m[K = rclcpp_action::create_server<lx_msgs::action::CalibrateImu>(
[18.537s]       |       [01;31m[K^~~~~~~~~~~~~~~~~~~~~~~~~~~~[m[K
[18.542s] [01m[K/root/Lunar_ROADSTER/lr_ws/src/localization/src/ts_prism_transformer.cpp:41:65:[m[K [01;31m[Kerror: [m[K‘[01m[K_2[m[K’ was not declared in this scope; did you mean ‘[01m[Kstd::placeholders::_2[m[K’?
[18.545s]    41 |           std::bind(&TSPrismTransformer::handle_goal, this, _1, [01;31m[K_2[m[K),
[18.546s]       |                                                                 [01;31m[K^~[m[K
[18.548s]       |                                                                 [32m[Kstd::placeholders::_2[m[K
[18.552s] In file included from [01m[K/usr/include/c++/11/pstl/glue_algorithm_defs.h:13[m[K,
[18.554s]                  from [01m[K/usr/include/c++/11/algorithm:74[m[K,
[18.556s]                  from [01m[K/opt/ros/humble/include/rclcpp/rclcpp/executor.hpp:18[m[K,
[18.558s]                  from [01m[K/opt/ros/humble/include/rclcpp/rclcpp/executors/multi_threaded_executor.hpp:25[m[K,
[18.559s]                  from [01m[K/opt/ros/humble/include/rclcpp/rclcpp/executors.hpp:21[m[K,
[18.561s]                  from [01m[K/opt/ros/humble/include/rclcpp/rclcpp/rclcpp.hpp:155[m[K,
[18.562s]                  from [01m[K/root/Lunar_ROADSTER/lr_ws/src/localization/include/localization/ts_prism_transformer.hpp:4[m[K,
[18.563s]                  from [01m[K/root/Lunar_ROADSTER/lr_ws/src/localization/src/ts_prism_transformer.cpp:1[m[K:
[18.564s] [01m[K/usr/include/c++/11/functional:226:34:[m[K [01;36m[Knote: [m[K‘[01m[Kstd::placeholders::_2[m[K’ declared here
[18.566s]   226 |     extern const _Placeholder<2> [01;36m[K_2[m[K;
[18.567s]       |                                  [01;36m[K^~[m[K
[18.568s] [01m[K/root/Lunar_ROADSTER/lr_ws/src/localization/src/ts_prism_transformer.cpp:[m[K In member function ‘[01m[Kvoid cg::total_station_rtls::TSPrismTransformer::append_TS_IMU_Data(std::vector<std::pair<geometry_msgs::msg::Point_<std::allocator<void> >, double> >&, int)[m[K’:
[18.569s] [01m[K/root/Lunar_ROADSTER/lr_ws/src/localization/src/ts_prism_transformer.cpp:79:29:[m[K [01;31m[Kerror: [m[K‘[01m[KgetYaw[m[K’ is not a member of ‘[01m[Ktf2[m[K’
[18.572s]    79 |       double imu_yaw = tf2::[01;31m[KgetYaw[m[K(imu_q);
[18.573s]       |                             [01;31m[K^~~~~~[m[K
[18.583s] [01m[K/root/Lunar_ROADSTER/lr_ws/src/localization/src/ts_prism_transformer.cpp:71:126:[m[K [01;35m[Kwarning: [m[Kunused parameter ‘[01m[Kitr[m[K’ [[01;35m[K-Wunused-parameter[m[K]
[18.584s]    71 |     void TSPrismTransformer::append_TS_IMU_Data(std::vector<std::pair<geometry_msgs::msg::Point, double>> & TS_IMU_Data, [01;35m[Kint itr[m[K)
[18.584s]       |                                                                                                                          [01;35m[K~~~~^~~[m[K
[18.709s] [01m[K/root/Lunar_ROADSTER/lr_ws/src/localization/src/ts_prism_transformer.cpp:[m[K At global scope:
[18.709s] [01m[K/root/Lunar_ROADSTER/lr_ws/src/localization/src/ts_prism_transformer.cpp:201:35:[m[K [01;31m[Kerror: [m[Kno declaration matches ‘[01m[Krclcpp_action::CancelResponse cg::total_station_rtls::TSPrismTransformer::handle_cancel(std::shared_ptr<rclcpp_action::ServerGoalHandle<lx_msgs::action::CalibrateImu> >)[m[K’
[18.710s]   201 |     rclcpp_action::CancelResponse [01;31m[KTSPrismTransformer[m[K::handle_cancel(
[18.710s]       |                                   [01;31m[K^~~~~~~~~~~~~~~~~~[m[K
[18.710s] In file included from [01m[K/root/Lunar_ROADSTER/lr_ws/src/localization/src/ts_prism_transformer.cpp:1[m[K:
[18.711s] [01m[K/root/Lunar_ROADSTER/lr_ws/src/localization/include/localization/ts_prism_transformer.hpp:70:35:[m[K [01;36m[Knote: [m[Kcandidate is: ‘[01m[Krclcpp_action::CancelResponse cg::total_station_rtls::TSPrismTransformer::handle_cancel(int)[m[K’
[18.712s]    70 |     rclcpp_action::CancelResponse [01;36m[Khandle_cancel[m[K(const std::shared_ptr<rclcpp_action::ServerGoalHandle<CalibrateImu>> goal_handle);
[18.712s]       |                                   [01;36m[K^~~~~~~~~~~~~[m[K
[18.712s] In file included from [01m[K/root/Lunar_ROADSTER/lr_ws/src/localization/src/ts_prism_transformer.cpp:1[m[K:
[18.713s] [01m[K/root/Lunar_ROADSTER/lr_ws/src/localization/include/localization/ts_prism_transformer.hpp:23:7:[m[K [01;36m[Knote: [m[K‘[01m[Kclass cg::total_station_rtls::TSPrismTransformer[m[K’ defined here
[18.713s]    23 | class [01;36m[KTSPrismTransformer[m[K : public rclcpp::Node {
[18.713s]       |       [01;36m[K^~~~~~~~~~~~~~~~~~[m[K
[18.716s] [01m[K/root/Lunar_ROADSTER/lr_ws/src/localization/src/ts_prism_transformer.cpp:209:10:[m[K [01;31m[Kerror: [m[Kno declaration matches ‘[01m[Kvoid cg::total_station_rtls::TSPrismTransformer::handle_accepted(std::shared_ptr<rclcpp_action::ServerGoalHandle<lx_msgs::action::CalibrateImu> >)[m[K’
[18.716s]   209 |     void [01;31m[KTSPrismTransformer[m[K::handle_accepted(
[18.716s]       |          [01;31m[K^~~~~~~~~~~~~~~~~~[m[K
[18.717s] In file included from [01m[K/root/Lunar_ROADSTER/lr_ws/src/localization/src/ts_prism_transformer.cpp:1[m[K:
[18.717s] [01m[K/root/Lunar_ROADSTER/lr_ws/src/localization/include/localization/ts_prism_transformer.hpp:72:10:[m[K [01;36m[Knote: [m[Kcandidate is: ‘[01m[Kvoid cg::total_station_rtls::TSPrismTransformer::handle_accepted(int)[m[K’
[18.717s]    72 |     void [01;36m[Khandle_accepted[m[K(const std::shared_ptr<rclcpp_action::ServerGoalHandle<CalibrateImu>> goal_handle);
[18.717s]       |          [01;36m[K^~~~~~~~~~~~~~~[m[K
[18.718s] In file included from [01m[K/root/Lunar_ROADSTER/lr_ws/src/localization/src/ts_prism_transformer.cpp:1[m[K:
[18.718s] [01m[K/root/Lunar_ROADSTER/lr_ws/src/localization/include/localization/ts_prism_transformer.hpp:23:7:[m[K [01;36m[Knote: [m[K‘[01m[Kclass cg::total_station_rtls::TSPrismTransformer[m[K’ defined here
[18.718s]    23 | class [01;36m[KTSPrismTransformer[m[K : public rclcpp::Node {
[18.719s]       |       [01;36m[K^~~~~~~~~~~~~~~~~~[m[K
[18.719s] [01m[K/root/Lunar_ROADSTER/lr_ws/src/localization/src/ts_prism_transformer.cpp:215:10:[m[K [01;31m[Kerror: [m[Kno declaration matches ‘[01m[Kvoid cg::total_station_rtls::TSPrismTransformer::executeCalibrateIMU(std::shared_ptr<rclcpp_action::ServerGoalHandle<lx_msgs::action::CalibrateImu> >)[m[K’
[18.719s]   215 |     void [01;31m[KTSPrismTransformer[m[K::executeCalibrateIMU(
[18.719s]       |          [01;31m[K^~~~~~~~~~~~~~~~~~[m[K
[18.719s] In file included from [01m[K/root/Lunar_ROADSTER/lr_ws/src/localization/src/ts_prism_transformer.cpp:1[m[K:
[18.720s] [01m[K/root/Lunar_ROADSTER/lr_ws/src/localization/include/localization/ts_prism_transformer.hpp:73:10:[m[K [01;36m[Knote: [m[Kcandidate is: ‘[01m[Kvoid cg::total_station_rtls::TSPrismTransformer::executeCalibrateIMU(int)[m[K’
[18.720s]    73 |     void [01;36m[KexecuteCalibrateIMU[m[K(const std::shared_ptr<rclcpp_action::ServerGoalHandle<CalibrateImu>> goal_handle);
[18.720s]       |          [01;36m[K^~~~~~~~~~~~~~~~~~~[m[K
[18.720s] In file included from [01m[K/root/Lunar_ROADSTER/lr_ws/src/localization/src/ts_prism_transformer.cpp:1[m[K:
[18.721s] [01m[K/root/Lunar_ROADSTER/lr_ws/src/localization/include/localization/ts_prism_transformer.hpp:23:7:[m[K [01;36m[Knote: [m[K‘[01m[Kclass cg::total_station_rtls::TSPrismTransformer[m[K’ defined here
[18.721s]    23 | class [01;36m[KTSPrismTransformer[m[K : public rclcpp::Node {
[18.721s]       |       [01;36m[K^~~~~~~~~~~~~~~~~~[m[K
[19.157s] In file included from [01m[K/root/Lunar_ROADSTER/lr_ws/src/localization/src/ts_prism_transformer_main.cpp:3[m[K:
[19.158s] [01m[K/root/Lunar_ROADSTER/lr_ws/src/localization/include/localization/ts_prism_transformer.hpp:63:27:[m[K [01;31m[Kerror: [m[K‘[01m[KCalibrateImu[m[K’ was not declared in this scope; did you mean ‘[01m[Klx_msgs::action::CalibrateImu[m[K’?
[19.158s]    63 |     rclcpp_action::Server<[01;31m[KCalibrateImu[m[K>::SharedPtr calibrate_imu_action_server_;
[19.158s]       |                           [01;31m[K^~~~~~~~~~~~[m[K
[19.159s]       |                           [32m[Klx_msgs::action::CalibrateImu[m[K
[19.160s] In file included from [01m[K/root/Lunar_ROADSTER/lr_ws/install/lx_msgs/include/lx_msgs/lx_msgs/action/calibrate_imu.hpp:7[m[K,
[19.160s]                  from [01m[K/root/Lunar_ROADSTER/lr_ws/src/localization/include/localization/ts_prism_transformer.hpp:13[m[K,
[19.160s]                  from [01m[K/root/Lunar_ROADSTER/lr_ws/src/localization/src/ts_prism_transformer_main.cpp:3[m[K:
[19.161s] [01m[K/root/Lunar_ROADSTER/lr_ws/install/lx_msgs/include/lx_msgs/lx_msgs/action/detail/calibrate_imu__struct.hpp:1071:29:[m[K [01;36m[Knote: [m[K‘[01m[Klx_msgs::action::CalibrateImu[m[K’ declared here
[19.161s]  1071 | typedef struct CalibrateImu [01;36m[KCalibrateImu[m[K;
[19.161s]       |                             [01;36m[K^~~~~~~~~~~~[m[K
[19.162s] In file included from [01m[K/root/Lunar_ROADSTER/lr_ws/src/localization/src/ts_prism_transformer_main.cpp:3[m[K:
[19.162s] [01m[K/root/Lunar_ROADSTER/lr_ws/src/localization/include/localization/ts_prism_transformer.hpp:63:39:[m[K [01;31m[Kerror: [m[Ktemplate argument 1 is invalid
[19.162s]    63 |     rclcpp_action::Server<CalibrateImu[01;31m[K>[m[K::SharedPtr calibrate_imu_action_server_;
[19.163s]       |                                       [01;31m[K^[m[K
[19.163s] [01m[K/root/Lunar_ROADSTER/lr_ws/src/localization/include/localization/ts_prism_transformer.hpp:63:42:[m[K [01;31m[Kerror: [m[Kexpected ‘[01m[K;[m[K’ at end of member declaration
[19.163s]    63 |     rclcpp_action::Server<CalibrateImu>::[01;31m[KSharedPtr[m[K calibrate_imu_action_server_;
[19.163s]       |                                          [01;31m[K^~~~~~~~~[m[K
[19.164s]       |                                                   [32m[K;[m[K
[19.178s] [01m[K/root/Lunar_ROADSTER/lr_ws/src/localization/include/localization/ts_prism_transformer.hpp:63:52:[m[K [01;31m[Kerror: [m[K‘[01m[Kcalibrate_imu_action_server_[m[K’ does not name a type
[19.179s]    63 |     rclcpp_action::Server<CalibrateImu>::SharedPtr [01;31m[Kcalibrate_imu_action_server_[m[K;
[19.179s]       |                                                    [01;31m[K^~~~~~~~~~~~~~~~~~~~~~~~~~~~[m[K
[19.184s] [01m[K/root/Lunar_ROADSTER/lr_ws/src/localization/include/localization/ts_prism_transformer.hpp:70:103:[m[K [01;31m[Kerror: [m[K‘[01m[KCalibrateImu[m[K’ was not declared in this scope; did you mean ‘[01m[Klx_msgs::action::CalibrateImu[m[K’?
[19.185s]    70 |     rclcpp_action::CancelResponse handle_cancel(const std::shared_ptr<rclcpp_action::ServerGoalHandle<[01;31m[KCalibrateImu[m[K>> goal_handle);
[19.185s]       |                                                                                                       [01;31m[K^~~~~~~~~~~~[m[K
[19.185s]       |                                                                                                       [32m[Klx_msgs::action::CalibrateImu[m[K
[19.186s] In file included from [01m[K/root/Lunar_ROADSTER/lr_ws/install/lx_msgs/include/lx_msgs/lx_msgs/action/calibrate_imu.hpp:7[m[K,
[19.187s]                  from [01m[K/root/Lunar_ROADSTER/lr_ws/src/localization/include/localization/ts_prism_transformer.hpp:13[m[K,
[19.187s]                  from [01m[K/root/Lunar_ROADSTER/lr_ws/src/localization/src/ts_prism_transformer_main.cpp:3[m[K:
[19.187s] [01m[K/root/Lunar_ROADSTER/lr_ws/install/lx_msgs/include/lx_msgs/lx_msgs/action/detail/calibrate_imu__struct.hpp:1071:29:[m[K [01;36m[Knote: [m[K‘[01m[Klx_msgs::action::CalibrateImu[m[K’ declared here
[19.187s]  1071 | typedef struct CalibrateImu [01;36m[KCalibrateImu[m[K;
[19.188s]       |                             [01;36m[K^~~~~~~~~~~~[m[K
[19.188s] In file included from [01m[K/root/Lunar_ROADSTER/lr_ws/src/localization/src/ts_prism_transformer_main.cpp:3[m[K:
[19.188s] [01m[K/root/Lunar_ROADSTER/lr_ws/src/localization/include/localization/ts_prism_transformer.hpp:70:103:[m[K [01;31m[Kerror: [m[Ktemplate argument 1 is invalid
[19.189s]    70 |     rclcpp_action::CancelResponse handle_cancel(const std::shared_ptr<rclcpp_action::ServerGoalHandle<[01;31m[KCalibrateImu[m[K>> goal_handle);
[19.189s]       |                                                                                                       [01;31m[K^~~~~~~~~~~~[m[K
[19.189s] [01m[K/root/Lunar_ROADSTER/lr_ws/src/localization/include/localization/ts_prism_transformer.hpp:70:115:[m[K [01;31m[Kerror: [m[Ktemplate argument 1 is invalid
[19.189s]    70 |     rclcpp_action::CancelResponse handle_cancel(const std::shared_ptr<rclcpp_action::ServerGoalHandle<CalibrateImu[01;31m[K>>[m[K goal_handle);
[19.190s]       |                                                                                                                   [01;31m[K^~[m[K
[19.190s] [01m[K/root/Lunar_ROADSTER/lr_ws/src/localization/include/localization/ts_prism_transformer.hpp:70:60:[m[K [01;31m[Kerror: [m[K‘[01m[K<expression error>[m[K’ in namespace ‘[01m[Kstd[m[K’ does not name a type
[19.190s]    70 |     rclcpp_action::CancelResponse handle_cancel(const std::[01;31m[Kshared_ptr<rclcpp_action::ServerGoalHandle<CalibrateImu>>[m[K goal_handle);
[19.191s]       |                                                            [01;31m[K^~~~~~~~~~~~~~~~~~~~~~~~~~~~~~~~~~~~~~~~~~~~~~~~~~~~~~~~~[m[K
[19.191s] [01m[K/root/Lunar_ROADSTER/lr_ws/src/localization/include/localization/ts_prism_transformer.hpp:72:80:[m[K [01;31m[Kerror: [m[K‘[01m[KCalibrateImu[m[K’ was not declared in this scope; did you mean ‘[01m[Klx_msgs::action::CalibrateImu[m[K’?
[19.192s]    72 |     void handle_accepted(const std::shared_ptr<rclcpp_action::ServerGoalHandle<[01;31m[KCalibrateImu[m[K>> goal_handle);
[19.192s]       |                                                                                [01;31m[K^~~~~~~~~~~~[m[K
[19.192s]       |                                                                                [32m[Klx_msgs::action::CalibrateImu[m[K
[19.192s] In file included from [01m[K/root/Lunar_ROADSTER/lr_ws/install/lx_msgs/include/lx_msgs/lx_msgs/action/calibrate_imu.hpp:7[m[K,
[19.193s]                  from [01m[K/root/Lunar_ROADSTER/lr_ws/src/localization/include/localization/ts_prism_transformer.hpp:13[m[K,
[19.193s]                  from [01m[K/root/Lunar_ROADSTER/lr_ws/src/localization/src/ts_prism_transformer_main.cpp:3[m[K:
[19.193s] [01m[K/root/Lunar_ROADSTER/lr_ws/install/lx_msgs/include/lx_msgs/lx_msgs/action/detail/calibrate_imu__struct.hpp:1071:29:[m[K [01;36m[Knote: [m[K‘[01m[Klx_msgs::action::CalibrateImu[m[K’ declared here
[19.193s]  1071 | typedef struct CalibrateImu [01;36m[KCalibrateImu[m[K;
[19.194s]       |                             [01;36m[K^~~~~~~~~~~~[m[K
[19.195s] In file included from [01m[K/root/Lunar_ROADSTER/lr_ws/src/localization/src/ts_prism_transformer_main.cpp:3[m[K:
[19.195s] [01m[K/root/Lunar_ROADSTER/lr_ws/src/localization/include/localization/ts_prism_transformer.hpp:72:80:[m[K [01;31m[Kerror: [m[Ktemplate argument 1 is invalid
[19.195s]    72 |     void handle_accepted(const std::shared_ptr<rclcpp_action::ServerGoalHandle<[01;31m[KCalibrateImu[m[K>> goal_handle);
[19.195s]       |                                                                                [01;31m[K^~~~~~~~~~~~[m[K
[19.196s] [01m[K/root/Lunar_ROADSTER/lr_ws/src/localization/include/localization/ts_prism_transformer.hpp:72:92:[m[K [01;31m[Kerror: [m[Ktemplate argument 1 is invalid
[19.196s]    72 |     void handle_accepted(const std::shared_ptr<rclcpp_action::ServerGoalHandle<CalibrateImu[01;31m[K>>[m[K goal_handle);
[19.196s]       |                                                                                            [01;31m[K^~[m[K
[19.196s] [01m[K/root/Lunar_ROADSTER/lr_ws/src/localization/include/localization/ts_prism_transformer.hpp:72:37:[m[K [01;31m[Kerror: [m[K‘[01m[K<expression error>[m[K’ in namespace ‘[01m[Kstd[m[K’ does not name a type
[19.197s]    72 |     void handle_accepted(const std::[01;31m[Kshared_ptr<rclcpp_action::ServerGoalHandle<CalibrateImu>>[m[K goal_handle);
[19.197s]       |                                     [01;31m[K^~~~~~~~~~~~~~~~~~~~~~~~~~~~~~~~~~~~~~~~~~~~~~~~~~~~~~~~~[m[K
[19.197s] [01m[K/root/Lunar_ROADSTER/lr_ws/src/localization/include/localization/ts_prism_transformer.hpp:73:84:[m[K [01;31m[Kerror: [m[K‘[01m[KCalibrateImu[m[K’ was not declared in this scope; did you mean ‘[01m[Klx_msgs::action::CalibrateImu[m[K’?
[19.197s]    73 |     void executeCalibrateIMU(const std::shared_ptr<rclcpp_action::ServerGoalHandle<[01;31m[KCalibrateImu[m[K>> goal_handle);
[19.197s]       |                                                                                    [01;31m[K^~~~~~~~~~~~[m[K
[19.198s]       |                                                                                    [32m[Klx_msgs::action::CalibrateImu[m[K
[19.198s] In file included from [01m[K/root/Lunar_ROADSTER/lr_ws/install/lx_msgs/include/lx_msgs/lx_msgs/action/calibrate_imu.hpp:7[m[K,
[19.198s]                  from [01m[K/root/Lunar_ROADSTER/lr_ws/src/localization/include/localization/ts_prism_transformer.hpp:13[m[K,
[19.198s]                  from [01m[K/root/Lunar_ROADSTER/lr_ws/src/localization/src/ts_prism_transformer_main.cpp:3[m[K:
[19.199s] [01m[K/root/Lunar_ROADSTER/lr_ws/install/lx_msgs/include/lx_msgs/lx_msgs/action/detail/calibrate_imu__struct.hpp:1071:29:[m[K [01;36m[Knote: [m[K‘[01m[Klx_msgs::action::CalibrateImu[m[K’ declared here
[19.199s]  1071 | typedef struct CalibrateImu [01;36m[KCalibrateImu[m[K;
[19.199s]       |                             [01;36m[K^~~~~~~~~~~~[m[K
[19.199s] In file included from [01m[K/root/Lunar_ROADSTER/lr_ws/src/localization/src/ts_prism_transformer_main.cpp:3[m[K:
[19.200s] [01m[K/root/Lunar_ROADSTER/lr_ws/src/localization/include/localization/ts_prism_transformer.hpp:73:84:[m[K [01;31m[Kerror: [m[Ktemplate argument 1 is invalid
[19.200s]    73 |     void executeCalibrateIMU(const std::shared_ptr<rclcpp_action::ServerGoalHandle<[01;31m[KCalibrateImu[m[K>> goal_handle);
[19.200s]       |                                                                                    [01;31m[K^~~~~~~~~~~~[m[K
[19.200s] [01m[K/root/Lunar_ROADSTER/lr_ws/src/localization/include/localization/ts_prism_transformer.hpp:73:96:[m[K [01;31m[Kerror: [m[Ktemplate argument 1 is invalid
[19.201s]    73 |     void executeCalibrateIMU(const std::shared_ptr<rclcpp_action::ServerGoalHandle<CalibrateImu[01;31m[K>>[m[K goal_handle);
[19.201s]       |                                                                                                [01;31m[K^~[m[K
[19.201s] [01m[K/root/Lunar_ROADSTER/lr_ws/src/localization/include/localization/ts_prism_transformer.hpp:73:41:[m[K [01;31m[Kerror: [m[K‘[01m[K<expression error>[m[K’ in namespace ‘[01m[Kstd[m[K’ does not name a type
[19.201s]    73 |     void executeCalibrateIMU(const std::[01;31m[Kshared_ptr<rclcpp_action::ServerGoalHandle<CalibrateImu>>[m[K goal_handle);
[19.201s]       |                                         [01;31m[K^~~~~~~~~~~~~~~~~~~~~~~~~~~~~~~~~~~~~~~~~~~~~~~~~~~~~~~~~[m[K
[19.303s] In file included from [01m[K/usr/include/c++/11/bits/stl_algobase.h:64[m[K,
[19.304s]                  from [01m[K/usr/include/c++/11/memory:63[m[K,
[19.304s]                  from [01m[K/opt/ros/humble/include/rclcpp/rclcpp/rclcpp.hpp:153[m[K,
[19.304s]                  from [01m[K/root/Lunar_ROADSTER/lr_ws/src/localization/include/localization/ts_prism_transformer.hpp:4[m[K,
[19.305s]                  from [01m[K/root/Lunar_ROADSTER/lr_ws/src/localization/src/ts_prism_transformer.cpp:1[m[K:
[19.305s] /usr/include/c++/11/bits/stl_pair.h: In instantiation of ‘[01m[Kconstexpr std::pair<typename std::__strip_reference_wrapper<typename std::decay<_Tp>::type>::__type, typename std::__strip_reference_wrapper<typename std::decay<_Tp2>::type>::__type> std::make_pair(_T1&&, _T2&&) [with _T1 = geometry_msgs::msg::Point_<std::allocator<void> >&; _T2 = double&; typename std::__strip_reference_wrapper<typename std::decay<_Tp2>::type>::__type = double; typename std::decay<_Tp2>::type = double; typename std::__strip_reference_wrapper<typename std::decay<_Tp>::type>::__type = geometry_msgs::msg::Point_<std::allocator<void> >; typename std::decay<_Tp>::type = std::decay<geometry_msgs::msg::Point_<std::allocator<void> >&>::type][m[K’:
[19.305s] [01m[K/root/Lunar_ROADSTER/lr_ws/src/localization/src/ts_prism_transformer.cpp:80:43:[m[K   required from here
[19.306s] [01m[K/usr/include/c++/11/bits/stl_pair.h:567:5:[m[K [01;36m[Knote: [m[Kparameter passing for argument of type ‘[01m[Kstd::pair<geometry_msgs::msg::Point_<std::allocator<void> >, double>[m[K’ when C++17 is enabled changed to match C++14 in GCC 10.1
[19.306s]   567 |     [01;36m[Kmake_pair[m[K(_T1&& __x, _T2&& __y)
[19.306s]       |     [01;36m[K^~~~~~~~~[m[K
[21.982s] gmake[2]: *** [CMakeFiles/ts_prism_transformer.dir/build.make:76: CMakeFiles/ts_prism_transformer.dir/src/ts_prism_transformer_main.cpp.o] Error 1
[21.983s] gmake[2]: *** Waiting for unfinished jobs....
[32.649s] gmake[2]: *** [CMakeFiles/ts_prism_transformer.dir/build.make:90: CMakeFiles/ts_prism_transformer.dir/src/ts_prism_transformer.cpp.o] Error 1
[32.650s] gmake[1]: *** [CMakeFiles/Makefile2:195: CMakeFiles/ts_prism_transformer.dir/all] Error 2
[32.651s] gmake: *** [Makefile:146: all] Error 2
[32.661s] Invoked command in '/root/Lunar_ROADSTER/lr_ws/src/build/localization' returned '2': CMAKE_PREFIX_PATH=/root/Lunar_ROADSTER/lr_ws/src/install/lx_msgs:/root/Lunar_ROADSTER/lr_ws/src/install/cg_msgs:/root/Lunar_ROADSTER/lr_ws/src/install/sensing:/root/Lunar_ROADSTER/lr_ws/src/install/mapping:/root/Lunar_ROADSTER/lr_ws/install/vectornav:/root/Lunar_ROADSTER/lr_ws/install/vectornav_msgs:/root/Lunar_ROADSTER/lr_ws/install/teleop:/root/Lunar_ROADSTER/lr_ws/install/sensing:/root/Lunar_ROADSTER/lr_ws/install/realsense2_description:/root/Lunar_ROADSTER/lr_ws/install/realsense2_camera:/root/Lunar_ROADSTER/lr_ws/install/realsense2_camera_msgs:/root/Lunar_ROADSTER/lr_ws/install/realsense:/root/Lunar_ROADSTER/lr_ws/install/nav2_system_tests:/root/Lunar_ROADSTER/lr_ws/install/nav2_bringup:/root/Lunar_ROADSTER/lr_ws/install/navigation2:/root/Lunar_ROADSTER/lr_ws/install/nav2_smoother:/root/Lunar_ROADSTER/lr_ws/install/nav2_graceful_controller:/root/Lunar_ROADSTER/lr_ws/install/nav2_dwb_controller:/root/Lunar_ROADSTER/lr_ws/install/nav2_controller:/root/Lunar_ROADSTER/lr_ws/install/dwb_plugins:/root/Lunar_ROADSTER/lr_ws/install/dwb_critics:/root/Lunar_ROADSTER/lr_ws/install/dwb_core:/root/Lunar_ROADSTER/lr_ws/install/nav_2d_utils:/root/Lunar_ROADSTER/lr_ws/install/dwb_msgs:/root/Lunar_ROADSTER/lr_ws/install/nav_2d_msgs:/root/Lunar_ROADSTER/lr_ws/install/nav2_waypoint_follower:/root/Lunar_ROADSTER/lr_ws/install/nav2_theta_star_planner:/root/Lunar_ROADSTER/lr_ws/install/nav2_smac_planner:/root/Lunar_ROADSTER/lr_ws/install/nav2_rotation_shim_controller:/root/Lunar_ROADSTER/lr_ws/install/nav2_regulated_pure_pursuit_controller:/root/Lunar_ROADSTER/lr_ws/install/nav2_planner:/root/Lunar_ROADSTER/lr_ws/install/nav2_navfn_planner:/root/Lunar_ROADSTER/lr_ws/install/nav2_mppi_controller:/root/Lunar_ROADSTER/lr_ws/install/nav2_constrained_smoother:/root/Lunar_ROADSTER/lr_ws/install/nav2_bt_navigator:/root/Lunar_ROADSTER/lr_ws/install/nav2_behaviors:/root/Lunar_ROADSTER/lr_ws/install/nav2_core:/root/Lunar_ROADSTER/lr_ws/install/nav2_collision_monitor:/root/Lunar_ROADSTER/lr_ws/install/costmap_queue:/root/Lunar_ROADSTER/lr_ws/install/nav2_costmap_2d:/root/Lunar_ROADSTER/lr_ws/install/nav2_voxel_grid:/root/Lunar_ROADSTER/lr_ws/install/nav2_velocity_smoother:/root/Lunar_ROADSTER/lr_ws/install/nav2_rviz_plugins:/root/Lunar_ROADSTER/lr_ws/install/nav2_map_server:/root/Lunar_ROADSTER/lr_ws/install/nav2_lifecycle_manager:/root/Lunar_ROADSTER/lr_ws/install/nav2_behavior_tree:/root/Lunar_ROADSTER/lr_ws/install/nav2_amcl:/root/Lunar_ROADSTER/lr_ws/install/nav2_util:/root/Lunar_ROADSTER/lr_ws/install/nav2_msgs:/root/Lunar_ROADSTER/lr_ws/install/nav2_common:/root/Lunar_ROADSTER/lr_ws/install/motion_control:/root/Lunar_ROADSTER/lr_ws/install/mapping:/root/Lunar_ROADSTER/lr_ws/install/lx_mapping:/root/Lunar_ROADSTER/lr_ws/install/lx_library:/root/Lunar_ROADSTER/lr_ws/install/lx_msgs:/root/Lunar_ROADSTER/lr_ws/install/localization:/root/Lunar_ROADSTER/lr_ws/install/imu:/root/Lunar_ROADSTER/lr_ws/install/arduino:/root/Lunar_ROADSTER/lr_ws/install/cg_msgs:/root/Lunar_ROADSTER/lr_ws/install/nav2_simple_commander:/opt/ros/humble LD_LIBRARY_PATH=/root/Lunar_ROADSTER/lr_ws/src/install/lx_msgs/lib:/root/Lunar_ROADSTER/lr_ws/src/install/cg_msgs/lib:/root/Lunar_ROADSTER/lr_ws/install/vectornav/lib:/root/Lunar_ROADSTER/lr_ws/install/vectornav_msgs/lib:/root/Lunar_ROADSTER/lr_ws/install/realsense2_camera/lib:/root/Lunar_ROADSTER/lr_ws/install/realsense2_camera_msgs/lib:/root/Lunar_ROADSTER/lr_ws/install/nav2_smoother/lib:/root/Lunar_ROADSTER/lr_ws/install/nav2_graceful_controller/lib:/root/Lunar_ROADSTER/lr_ws/install/nav2_controller/lib:/root/Lunar_ROADSTER/lr_ws/install/dwb_plugins/lib:/root/Lunar_ROADSTER/lr_ws/install/dwb_critics/lib:/root/Lunar_ROADSTER/lr_ws/install/dwb_core/lib:/root/Lunar_ROADSTER/lr_ws/install/nav_2d_utils/lib:/root/Lunar_ROADSTER/lr_ws/install/dwb_msgs/lib:/root/Lunar_ROADSTER/lr_ws/install/nav_2d_msgs/lib:/root/Lunar_ROADSTER/lr_ws/install/nav2_waypoint_follower/lib:/root/Lunar_ROADSTER/lr_ws/install/nav2_theta_star_planner/lib:/root/Lunar_ROADSTER/lr_ws/install/nav2_smac_planner/lib:/root/Lunar_ROADSTER/lr_ws/install/nav2_rotation_shim_controller/lib:/root/Lunar_ROADSTER/lr_ws/install/nav2_regulated_pure_pursuit_controller/lib:/root/Lunar_ROADSTER/lr_ws/install/nav2_planner/lib:/root/Lunar_ROADSTER/lr_ws/install/nav2_navfn_planner/lib:/root/Lunar_ROADSTER/lr_ws/install/nav2_mppi_controller/lib:/root/Lunar_ROADSTER/lr_ws/install/nav2_constrained_smoother/lib:/root/Lunar_ROADSTER/lr_ws/install/nav2_bt_navigator/lib:/root/Lunar_ROADSTER/lr_ws/install/nav2_behaviors/lib:/root/Lunar_ROADSTER/lr_ws/install/nav2_collision_monitor/lib:/root/Lunar_ROADSTER/lr_ws/install/costmap_queue/lib:/root/Lunar_ROADSTER/lr_ws/install/nav2_costmap_2d/lib:/root/Lunar_ROADSTER/lr_ws/install/nav2_voxel_grid/lib:/root/Lunar_ROADSTER/lr_ws/install/nav2_velocity_smoother/lib:/root/Lunar_ROADSTER/lr_ws/install/nav2_rviz_plugins/lib:/root/Lunar_ROADSTER/lr_ws/install/nav2_map_server/lib:/root/Lunar_ROADSTER/lr_ws/install/nav2_lifecycle_manager/lib:/root/Lunar_ROADSTER/lr_ws/install/nav2_behavior_tree/lib:/root/Lunar_ROADSTER/lr_ws/install/nav2_amcl/lib:/root/Lunar_ROADSTER/lr_ws/install/nav2_util/lib:/root/Lunar_ROADSTER/lr_ws/install/nav2_msgs/lib:/root/Lunar_ROADSTER/lr_ws/install/lx_library/lib:/root/Lunar_ROADSTER/lr_ws/install/lx_msgs/lib:/root/Lunar_ROADSTER/lr_ws/install/cg_msgs/lib:/opt/ros/humble/opt/rviz_ogre_vendor/lib:/opt/ros/humble/lib/aarch64-linux-gnu:/opt/ros/humble/lib:/usr/local/cuda/lib64 /usr/local/bin/cmake --build /root/Lunar_ROADSTER/lr_ws/src/build/localization -- -j4 -l4
