[0.216s] Invoking command in '/root/Lunar_ROADSTER/lr_ws/build/nav2_velocity_smoother': AMENT_PREFIX_PATH=/root/Lunar_ROADSTER/lr_ws/install/nav2_util:/root/Lunar_ROADSTER/lr_ws/install/nav2_msgs:/root/Lunar_ROADSTER/lr_ws/install/nav2_common:${AMENT_PREFIX_PATH} CMAKE_PREFIX_PATH=/root/Lunar_ROADSTER/lr_ws/install/nav2_util:/root/Lunar_ROADSTER/lr_ws/install/nav2_msgs:/root/Lunar_ROADSTER/lr_ws/install/nav2_common:/opt/ros/humble LD_LIBRARY_PATH=/root/Lunar_ROADSTER/lr_ws/install/nav2_util/lib:/root/Lunar_ROADSTER/lr_ws/install/nav2_msgs/lib:/opt/ros/humble/opt/rviz_ogre_vendor/lib:/opt/ros/humble/lib/aarch64-linux-gnu:/opt/ros/humble/lib:/usr/local/cuda/lib64 PYTHONPATH=/root/Lunar_ROADSTER/lr_ws/install/nav2_msgs/local/lib/python3.10/dist-packages:/root/Lunar_ROADSTER/lr_ws/install/nav2_common/local/lib/python3.10/dist-packages:${PYTHONPATH} /usr/local/bin/cmake --build /root/Lunar_ROADSTER/lr_ws/build/nav2_velocity_smoother -- -j4 -l4
[0.640s] [ 20%] Built target gtest_main
[0.686s] [ 40%] Built target velocity_smoother_core
[0.700s] [ 60%] Built target gtest
[0.880s] [ 80%] Built target velocity_smoother
[0.907s] [100%] Built target velocity_smoother_tests
[0.956s] Invoked command in '/root/Lunar_ROADSTER/lr_ws/build/nav2_velocity_smoother' returned '0': AMENT_PREFIX_PATH=/root/Lunar_ROADSTER/lr_ws/install/nav2_util:/root/Lunar_ROADSTER/lr_ws/install/nav2_msgs:/root/Lunar_ROADSTER/lr_ws/install/nav2_common:${AMENT_PREFIX_PATH} CMAKE_PREFIX_PATH=/root/Lunar_ROADSTER/lr_ws/install/nav2_util:/root/Lunar_ROADSTER/lr_ws/install/nav2_msgs:/root/Lunar_ROADSTER/lr_ws/install/nav2_common:/opt/ros/humble LD_LIBRARY_PATH=/root/Lunar_ROADSTER/lr_ws/install/nav2_util/lib:/root/Lunar_ROADSTER/lr_ws/install/nav2_msgs/lib:/opt/ros/humble/opt/rviz_ogre_vendor/lib:/opt/ros/humble/lib/aarch64-linux-gnu:/opt/ros/humble/lib:/usr/local/cuda/lib64 PYTHONPATH=/root/Lunar_ROADSTER/lr_ws/install/nav2_msgs/local/lib/python3.10/dist-packages:/root/Lunar_ROADSTER/lr_ws/install/nav2_common/local/lib/python3.10/dist-packages:${PYTHONPATH} /usr/local/bin/cmake --build /root/Lunar_ROADSTER/lr_ws/build/nav2_velocity_smoother -- -j4 -l4
[0.967s] Invoking command in '/root/Lunar_ROADSTER/lr_ws/build/nav2_velocity_smoother': AMENT_PREFIX_PATH=/root/Lunar_ROADSTER/lr_ws/install/nav2_util:/root/Lunar_ROADSTER/lr_ws/install/nav2_msgs:/root/Lunar_ROADSTER/lr_ws/install/nav2_common:${AMENT_PREFIX_PATH} CMAKE_PREFIX_PATH=/root/Lunar_ROADSTER/lr_ws/install/nav2_util:/root/Lunar_ROADSTER/lr_ws/install/nav2_msgs:/root/Lunar_ROADSTER/lr_ws/install/nav2_common:/opt/ros/humble LD_LIBRARY_PATH=/root/Lunar_ROADSTER/lr_ws/install/nav2_util/lib:/root/Lunar_ROADSTER/lr_ws/install/nav2_msgs/lib:/opt/ros/humble/opt/rviz_ogre_vendor/lib:/opt/ros/humble/lib/aarch64-linux-gnu:/opt/ros/humble/lib:/usr/local/cuda/lib64 PYTHONPATH=/root/Lunar_ROADSTER/lr_ws/install/nav2_msgs/local/lib/python3.10/dist-packages:/root/Lunar_ROADSTER/lr_ws/install/nav2_common/local/lib/python3.10/dist-packages:${PYTHONPATH} /usr/local/bin/cmake --install /root/Lunar_ROADSTER/lr_ws/build/nav2_velocity_smoother
[0.980s] -- Install configuration: "Release"
[0.982s] -- Up-to-date: /root/Lunar_ROADSTER/lr_ws/install/nav2_velocity_smoother/lib/libvelocity_smoother_core.so
[0.986s] -- Up-to-date: /root/Lunar_ROADSTER/lr_ws/install/nav2_velocity_smoother/lib/nav2_velocity_smoother/velocity_smoother
[0.988s] -- Up-to-date: /root/Lunar_ROADSTER/lr_ws/install/nav2_velocity_smoother/include/
[0.988s] -- Up-to-date: /root/Lunar_ROADSTER/lr_ws/install/nav2_velocity_smoother/include//nav2_velocity_smoother
[0.989s] -- Up-to-date: /root/Lunar_ROADSTER/lr_ws/install/nav2_velocity_smoother/include//nav2_velocity_smoother/velocity_smoother.hpp
[0.990s] -- Up-to-date: /root/Lunar_ROADSTER/lr_ws/install/nav2_velocity_smoother/share/nav2_velocity_smoother/environment/library_path.sh
[0.991s] -- Up-to-date: /root/Lunar_ROADSTER/lr_ws/install/nav2_velocity_smoother/share/nav2_velocity_smoother/environment/library_path.dsv
[0.992s] -- Up-to-date: /root/Lunar_ROADSTER/lr_ws/install/nav2_velocity_smoother/share/ament_index/resource_index/package_run_dependencies/nav2_velocity_smoother
[0.993s] -- Up-to-date: /root/Lunar_ROADSTER/lr_ws/install/nav2_velocity_smoother/share/ament_index/resource_index/parent_prefix_path/nav2_velocity_smoother
[0.993s] -- Up-to-date: /root/Lunar_ROADSTER/lr_ws/install/nav2_velocity_smoother/share/nav2_velocity_smoother/environment/ament_prefix_path.sh
[0.994s] -- Up-to-date: /root/Lunar_ROADSTER/lr_ws/install/nav2_velocity_smoother/share/nav2_velocity_smoother/environment/ament_prefix_path.dsv
[0.995s] -- Up-to-date: /root/Lunar_ROADSTER/lr_ws/install/nav2_velocity_smoother/share/nav2_velocity_smoother/environment/path.sh
[0.999s] -- Up-to-date: /root/Lunar_ROADSTER/lr_ws/install/nav2_velocity_smoother/share/nav2_velocity_smoother/environment/path.dsv
[0.999s] -- Up-to-date: /root/Lunar_ROADSTER/lr_ws/install/nav2_velocity_smoother/share/nav2_velocity_smoother/local_setup.bash
[1.000s] -- Up-to-date: /root/Lunar_ROADSTER/lr_ws/install/nav2_velocity_smoother/share/nav2_velocity_smoother/local_setup.sh
[1.001s] -- Up-to-date: /root/Lunar_ROADSTER/lr_ws/install/nav2_velocity_smoother/share/nav2_velocity_smoother/local_setup.zsh
[1.001s] -- Up-to-date: /root/Lunar_ROADSTER/lr_ws/install/nav2_velocity_smoother/share/nav2_velocity_smoother/local_setup.dsv
[1.002s] -- Installing: /root/Lunar_ROADSTER/lr_ws/install/nav2_velocity_smoother/share/nav2_velocity_smoother/package.dsv
[1.012s] -- Up-to-date: /root/Lunar_ROADSTER/lr_ws/install/nav2_velocity_smoother/share/ament_index/resource_index/packages/nav2_velocity_smoother
[1.012s] -- Up-to-date: /root/Lunar_ROADSTER/lr_ws/install/nav2_velocity_smoother/share/ament_index/resource_index/rclcpp_components/nav2_velocity_smoother
[1.013s] -- Up-to-date: /root/Lunar_ROADSTER/lr_ws/install/nav2_velocity_smoother/share/nav2_velocity_smoother/cmake/ament_cmake_export_include_directories-extras.cmake
[1.013s] -- Up-to-date: /root/Lunar_ROADSTER/lr_ws/install/nav2_velocity_smoother/share/nav2_velocity_smoother/cmake/ament_cmake_export_libraries-extras.cmake
[1.015s] -- Up-to-date: /root/Lunar_ROADSTER/lr_ws/install/nav2_velocity_smoother/share/nav2_velocity_smoother/cmake/ament_cmake_export_dependencies-extras.cmake
[1.015s] -- Up-to-date: /root/Lunar_ROADSTER/lr_ws/install/nav2_velocity_smoother/share/nav2_velocity_smoother/cmake/nav2_velocity_smootherConfig.cmake
[1.016s] -- Up-to-date: /root/Lunar_ROADSTER/lr_ws/install/nav2_velocity_smoother/share/nav2_velocity_smoother/cmake/nav2_velocity_smootherConfig-version.cmake
[1.016s] -- Up-to-date: /root/Lunar_ROADSTER/lr_ws/install/nav2_velocity_smoother/share/nav2_velocity_smoother/package.xml
[1.031s] Invoked command in '/root/Lunar_ROADSTER/lr_ws/build/nav2_velocity_smoother' returned '0': AMENT_PREFIX_PATH=/root/Lunar_ROADSTER/lr_ws/install/nav2_util:/root/Lunar_ROADSTER/lr_ws/install/nav2_msgs:/root/Lunar_ROADSTER/lr_ws/install/nav2_common:${AMENT_PREFIX_PATH} CMAKE_PREFIX_PATH=/root/Lunar_ROADSTER/lr_ws/install/nav2_util:/root/Lunar_ROADSTER/lr_ws/install/nav2_msgs:/root/Lunar_ROADSTER/lr_ws/install/nav2_common:/opt/ros/humble LD_LIBRARY_PATH=/root/Lunar_ROADSTER/lr_ws/install/nav2_util/lib:/root/Lunar_ROADSTER/lr_ws/install/nav2_msgs/lib:/opt/ros/humble/opt/rviz_ogre_vendor/lib:/opt/ros/humble/lib/aarch64-linux-gnu:/opt/ros/humble/lib:/usr/local/cuda/lib64 PYTHONPATH=/root/Lunar_ROADSTER/lr_ws/install/nav2_msgs/local/lib/python3.10/dist-packages:/root/Lunar_ROADSTER/lr_ws/install/nav2_common/local/lib/python3.10/dist-packages:${PYTHONPATH} /usr/local/bin/cmake --install /root/Lunar_ROADSTER/lr_ws/build/nav2_velocity_smoother
