[0.081s] Invoking command in '/home/williamfbx/Lunar-ROADSTER/lr_ws/build/zed_tutorial_depth': CMAKE_PREFIX_PATH=${CMAKE_PREFIX_PATH}:/opt/ros/humble /usr/bin/cmake --build /home/williamfbx/Lunar-ROADSTER/lr_ws/build/zed_tutorial_depth -- -j12 -l12
[0.179s] [35m[1mConsolidate compiler generated dependencies of target zed_tutorial_depth[0m
[0.218s] [100%] Built target zed_tutorial_depth
[0.261s] Invoked command in '/home/williamfbx/Lunar-ROADSTER/lr_ws/build/zed_tutorial_depth' returned '0': CMAKE_PREFIX_PATH=${CMAKE_PREFIX_PATH}:/opt/ros/humble /usr/bin/cmake --build /home/williamfbx/Lunar-ROADSTER/lr_ws/build/zed_tutorial_depth -- -j12 -l12
[0.269s] Invoking command in '/home/williamfbx/Lunar-ROADSTER/lr_ws/build/zed_tutorial_depth': CMAKE_PREFIX_PATH=${CMAKE_PREFIX_PATH}:/opt/ros/humble /usr/bin/cmake --install /home/williamfbx/Lunar-ROADSTER/lr_ws/build/zed_tutorial_depth
[0.288s] -- Install configuration: "Release"
[0.288s] -- Up-to-date: /home/williamfbx/Lunar-ROADSTER/lr_ws/install/zed_tutorial_depth/lib/zed_tutorial_depth/zed_tutorial_depth
[0.288s] -- Up-to-date: /home/williamfbx/Lunar-ROADSTER/lr_ws/install/zed_tutorial_depth/share/ament_index/resource_index/package_run_dependencies/zed_tutorial_depth
[0.288s] -- Up-to-date: /home/williamfbx/Lunar-ROADSTER/lr_ws/install/zed_tutorial_depth/share/ament_index/resource_index/parent_prefix_path/zed_tutorial_depth
[0.288s] -- Up-to-date: /home/williamfbx/Lunar-ROADSTER/lr_ws/install/zed_tutorial_depth/share/zed_tutorial_depth/environment/ament_prefix_path.sh
[0.288s] -- Up-to-date: /home/williamfbx/Lunar-ROADSTER/lr_ws/install/zed_tutorial_depth/share/zed_tutorial_depth/environment/ament_prefix_path.dsv
[0.288s] -- Up-to-date: /home/williamfbx/Lunar-ROADSTER/lr_ws/install/zed_tutorial_depth/share/zed_tutorial_depth/environment/path.sh
[0.288s] -- Up-to-date: /home/williamfbx/Lunar-ROADSTER/lr_ws/install/zed_tutorial_depth/share/zed_tutorial_depth/environment/path.dsv
[0.288s] -- Up-to-date: /home/williamfbx/Lunar-ROADSTER/lr_ws/install/zed_tutorial_depth/share/zed_tutorial_depth/local_setup.bash
[0.289s] -- Up-to-date: /home/williamfbx/Lunar-ROADSTER/lr_ws/install/zed_tutorial_depth/share/zed_tutorial_depth/local_setup.sh
[0.289s] -- Up-to-date: /home/williamfbx/Lunar-ROADSTER/lr_ws/install/zed_tutorial_depth/share/zed_tutorial_depth/local_setup.zsh
[0.289s] -- Up-to-date: /home/williamfbx/Lunar-ROADSTER/lr_ws/install/zed_tutorial_depth/share/zed_tutorial_depth/local_setup.dsv
[0.289s] -- Installing: /home/williamfbx/Lunar-ROADSTER/lr_ws/install/zed_tutorial_depth/share/zed_tutorial_depth/package.dsv
[0.289s] -- Up-to-date: /home/williamfbx/Lunar-ROADSTER/lr_ws/install/zed_tutorial_depth/share/ament_index/resource_index/packages/zed_tutorial_depth
[0.289s] -- Up-to-date: /home/williamfbx/Lunar-ROADSTER/lr_ws/install/zed_tutorial_depth/share/zed_tutorial_depth/cmake/zed_tutorial_depthConfig.cmake
[0.289s] -- Up-to-date: /home/williamfbx/Lunar-ROADSTER/lr_ws/install/zed_tutorial_depth/share/zed_tutorial_depth/cmake/zed_tutorial_depthConfig-version.cmake
[0.289s] -- Up-to-date: /home/williamfbx/Lunar-ROADSTER/lr_ws/install/zed_tutorial_depth/share/zed_tutorial_depth/package.xml
[0.436s] Invoked command in '/home/williamfbx/Lunar-ROADSTER/lr_ws/build/zed_tutorial_depth' returned '0': CMAKE_PREFIX_PATH=${CMAKE_PREFIX_PATH}:/opt/ros/humble /usr/bin/cmake --install /home/williamfbx/Lunar-ROADSTER/lr_ws/build/zed_tutorial_depth
