[0.029s] Invoking command in '/home/williamfbx/Lunar-ROADSTER/lr_ws/build/cg_msgs': CMAKE_PREFIX_PATH=${CMAKE_PREFIX_PATH}:/opt/ros/humble /usr/bin/cmake /home/williamfbx/Lunar-ROADSTER/lr_ws/src/cg_msgs -DCMAKE_INSTALL_PREFIX=/home/williamfbx/Lunar-ROADSTER/lr_ws/install/cg_msgs
[0.256s] -- The C compiler identification is GNU 11.4.0
[0.380s] -- The CXX compiler identification is GNU 11.4.0
[0.386s] -- Detecting C compiler ABI info
[0.469s] -- Detecting C compiler ABI info - done
[0.482s] -- Check for working C compiler: /usr/bin/cc - skipped
[0.482s] -- Detecting C compile features
[0.482s] -- Detecting C compile features - done
[0.482s] -- Detecting CXX compiler ABI info
[0.575s] -- Detecting CXX compiler ABI info - done
[0.580s] -- Check for working CXX compiler: /usr/bin/c++ - skipped
[0.580s] -- Detecting CXX compile features
[0.580s] -- Detecting CXX compile features - done
[0.582s] -- Found rosidl_cmake: 3.1.6 (/opt/ros/humble/share/rosidl_cmake/cmake)
[0.584s] -- Found rosidl_adapter: 3.1.6 (/opt/ros/humble/share/rosidl_adapter/cmake)
[0.587s] -- Found builtin_interfaces: 1.2.1 (/opt/ros/humble/share/builtin_interfaces/cmake)
[0.758s] -- Found Python3: /usr/bin/python3 (found version "3.10.12") found components: Interpreter 
[0.919s] -- Found rosidl_generator_c: 3.1.6 (/opt/ros/humble/share/rosidl_generator_c/cmake)
[0.932s] -- Found rosidl_generator_cpp: 3.1.6 (/opt/ros/humble/share/rosidl_generator_cpp/cmake)
[0.951s] -- Using all available rosidl_typesupport_c: rosidl_typesupport_fastrtps_c;rosidl_typesupport_introspection_c
[0.975s] -- Using all available rosidl_typesupport_cpp: rosidl_typesupport_fastrtps_cpp;rosidl_typesupport_introspection_cpp
[0.998s] -- Found rosidl_default_generators: 1.2.0 (/opt/ros/humble/share/rosidl_default_generators/cmake)
[1.016s] -- Found std_msgs: 4.2.4 (/opt/ros/humble/share/std_msgs/cmake)
[1.329s] -- Found ament_cmake_ros: 0.10.0 (/opt/ros/humble/share/ament_cmake_ros/cmake)
[1.741s] -- Using all available rosidl_typesupport_c: rosidl_typesupport_fastrtps_c;rosidl_typesupport_introspection_c
[1.910s] -- Using all available rosidl_typesupport_cpp: rosidl_typesupport_fastrtps_cpp;rosidl_typesupport_introspection_cpp
[1.938s] -- Found PythonInterp: /usr/bin/python3 (found suitable version "3.10.12", minimum required is "3.6") 
[1.940s] -- Found python_cmake_module: 0.10.0 (/opt/ros/humble/share/python_cmake_module/cmake)
[1.978s] -- Found PythonLibs: /usr/lib/x86_64-linux-gnu/libpython3.10.so (found suitable version "3.10.12", minimum required is "3.5") 
[1.979s] -- Using PYTHON_EXECUTABLE: /usr/bin/python3
[1.979s] -- Using PYTHON_INCLUDE_DIRS: /usr/include/python3.10
[1.979s] -- Using PYTHON_LIBRARIES: /usr/lib/x86_64-linux-gnu/libpython3.10.so
[2.011s] -- Found PythonExtra: .so  
[2.111s] -- Found ament_lint_auto: 0.12.11 (/opt/ros/humble/share/ament_lint_auto/cmake)
[2.135s] -- Added test 'copyright' to check source files copyright and LICENSE
[2.138s] -- Added test 'lint_cmake' to check CMake code style
[2.140s] -- Added test 'xmllint' to check XML markup files
[2.144s] -- Configuring done
[2.195s] -- Generating done
[2.211s] -- Build files have been written to: /home/williamfbx/Lunar-ROADSTER/lr_ws/build/cg_msgs
[2.229s] Invoked command in '/home/williamfbx/Lunar-ROADSTER/lr_ws/build/cg_msgs' returned '0': CMAKE_PREFIX_PATH=${CMAKE_PREFIX_PATH}:/opt/ros/humble /usr/bin/cmake /home/williamfbx/Lunar-ROADSTER/lr_ws/src/cg_msgs -DCMAKE_INSTALL_PREFIX=/home/williamfbx/Lunar-ROADSTER/lr_ws/install/cg_msgs
[2.230s] Invoking command in '/home/williamfbx/Lunar-ROADSTER/lr_ws/build/cg_msgs': CMAKE_PREFIX_PATH=${CMAKE_PREFIX_PATH}:/opt/ros/humble /usr/bin/cmake --build /home/williamfbx/Lunar-ROADSTER/lr_ws/build/cg_msgs -- -j12 -l12
[3.419s] [  1%] [34m[1mGenerating C code for ROS interfaces[0m
[3.420s] [  1%] [34m[1mGenerating C++ code for ROS interfaces[0m
[3.420s] [  1%] Built target ament_cmake_python_copy_cg_msgs
[3.420s] running egg_info
[3.420s] creating cg_msgs.egg-info
[3.420s] writing cg_msgs.egg-info/PKG-INFO
[3.420s] writing dependency_links to cg_msgs.egg-info/dependency_links.txt
[3.420s] writing top-level names to cg_msgs.egg-info/top_level.txt
[3.420s] writing manifest file 'cg_msgs.egg-info/SOURCES.txt'
[3.421s] reading manifest file 'cg_msgs.egg-info/SOURCES.txt'
[3.421s] writing manifest file 'cg_msgs.egg-info/SOURCES.txt'
[3.421s] [  1%] Built target ament_cmake_python_build_cg_msgs_egg
[6.599s] [  1%] [32mBuilding C object CMakeFiles/cg_msgs__rosidl_generator_c.dir/rosidl_generator_c/cg_msgs/msg/detail/actuator_command__functions.c.o[0m
[6.626s] [  2%] [32mBuilding C object CMakeFiles/cg_msgs__rosidl_generator_c.dir/rosidl_generator_c/cg_msgs/msg/detail/beacon_multi_tag__functions.c.o[0m
[6.628s] [  2%] [32mBuilding C object CMakeFiles/cg_msgs__rosidl_generator_c.dir/rosidl_generator_c/cg_msgs/msg/detail/encoder_telemetry__functions.c.o[0m
[6.633s] [  3%] [32mBuilding C object CMakeFiles/cg_msgs__rosidl_generator_c.dir/rosidl_generator_c/cg_msgs/msg/detail/beacon_tag__functions.c.o[0m
[6.634s] [  4%] [32mBuilding C object CMakeFiles/cg_msgs__rosidl_generator_c.dir/rosidl_generator_c/cg_msgs/msg/detail/pose2_d__functions.c.o[0m
[6.647s] [  5%] [32mBuilding C object CMakeFiles/cg_msgs__rosidl_generator_c.dir/rosidl_generator_c/cg_msgs/msg/detail/point2_d__functions.c.o[0m
[6.654s] [  6%] [32mBuilding C object CMakeFiles/cg_msgs__rosidl_generator_c.dir/rosidl_generator_c/cg_msgs/msg/detail/site_map__functions.c.o[0m
[6.661s] [  6%] [32mBuilding C object CMakeFiles/cg_msgs__rosidl_generator_c.dir/rosidl_generator_c/cg_msgs/msg/detail/slip__functions.c.o[0m
[6.685s] [  6%] [32mBuilding C object CMakeFiles/cg_msgs__rosidl_generator_c.dir/rosidl_generator_c/cg_msgs/msg/detail/trajectory__functions.c.o[0m
[6.695s] [  8%] [32mBuilding C object CMakeFiles/cg_msgs__rosidl_generator_c.dir/rosidl_generator_c/cg_msgs/msg/detail/actuator_state__functions.c.o[0m
[6.695s] [  7%] [32mBuilding C object CMakeFiles/cg_msgs__rosidl_generator_c.dir/rosidl_generator_c/cg_msgs/msg/detail/mux_mode__functions.c.o[0m
[6.774s] [  9%] [32mBuilding C object CMakeFiles/cg_msgs__rosidl_generator_c.dir/rosidl_generator_c/cg_msgs/srv/detail/site_map__functions.c.o[0m
[6.796s] [ 10%] [32mBuilding C object CMakeFiles/cg_msgs__rosidl_generator_c.dir/rosidl_generator_c/cg_msgs/srv/detail/update_trajectory__functions.c.o[0m
[6.821s] [ 10%] [32mBuilding C object CMakeFiles/cg_msgs__rosidl_generator_c.dir/rosidl_generator_c/cg_msgs/srv/detail/enable_worksystem__functions.c.o[0m
[6.838s] [ 11%] [32mBuilding C object CMakeFiles/cg_msgs__rosidl_generator_c.dir/rosidl_generator_c/cg_msgs/srv/detail/save_map__functions.c.o[0m
[7.059s] [ 12%] [32m[1mLinking C shared library libcg_msgs__rosidl_generator_c.so[0m
[7.212s] [ 12%] Built target cg_msgs__rosidl_generator_c
[7.260s] [ 13%] [34m[1mGenerating C introspection for ROS interfaces[0m
[7.264s] [ 14%] [34m[1mGenerating C type support for eProsima Fast-RTPS[0m
[7.277s] [ 15%] [34m[1mGenerating C type support dispatch for ROS interfaces[0m
[7.513s] [ 15%] Built target cg_msgs__cpp
[7.552s] [ 15%] [34m[1mGenerating C++ introspection for ROS interfaces[0m
[7.558s] [ 16%] [34m[1mGenerating C++ type support for eProsima Fast-RTPS[0m
[7.566s] [ 17%] [34m[1mGenerating C++ type support dispatch for ROS interfaces[0m
[9.769s] [ 18%] [32mBuilding CXX object CMakeFiles/cg_msgs__rosidl_typesupport_fastrtps_cpp.dir/rosidl_typesupport_fastrtps_cpp/cg_msgs/msg/detail/dds_fastrtps/actuator_command__type_support.cpp.o[0m
[9.776s] [ 19%] [32mBuilding CXX object CMakeFiles/cg_msgs__rosidl_typesupport_fastrtps_cpp.dir/rosidl_typesupport_fastrtps_cpp/cg_msgs/msg/detail/dds_fastrtps/beacon_tag__type_support.cpp.o[0m
[9.784s] [ 19%] [32mBuilding CXX object CMakeFiles/cg_msgs__rosidl_typesupport_fastrtps_cpp.dir/rosidl_typesupport_fastrtps_cpp/cg_msgs/msg/detail/dds_fastrtps/beacon_multi_tag__type_support.cpp.o[0m
[9.793s] [ 20%] [32mBuilding CXX object CMakeFiles/cg_msgs__rosidl_typesupport_fastrtps_cpp.dir/rosidl_typesupport_fastrtps_cpp/cg_msgs/msg/detail/dds_fastrtps/point2_d__type_support.cpp.o[0m
[9.800s] [ 21%] [32mBuilding CXX object CMakeFiles/cg_msgs__rosidl_typesupport_fastrtps_cpp.dir/rosidl_typesupport_fastrtps_cpp/cg_msgs/msg/detail/dds_fastrtps/encoder_telemetry__type_support.cpp.o[0m
[9.845s] [ 22%] [32mBuilding CXX object CMakeFiles/cg_msgs__rosidl_typesupport_fastrtps_cpp.dir/rosidl_typesupport_fastrtps_cpp/cg_msgs/msg/detail/dds_fastrtps/slip__type_support.cpp.o[0m
[9.849s] [ 22%] [32mBuilding CXX object CMakeFiles/cg_msgs__rosidl_typesupport_fastrtps_cpp.dir/rosidl_typesupport_fastrtps_cpp/cg_msgs/msg/detail/dds_fastrtps/pose2_d__type_support.cpp.o[0m
[10.396s] [ 23%] [32mBuilding CXX object CMakeFiles/cg_msgs__rosidl_typesupport_fastrtps_cpp.dir/rosidl_typesupport_fastrtps_cpp/cg_msgs/msg/detail/dds_fastrtps/mux_mode__type_support.cpp.o[0m
[10.544s] [ 23%] [32mBuilding CXX object CMakeFiles/cg_msgs__rosidl_typesupport_fastrtps_cpp.dir/rosidl_typesupport_fastrtps_cpp/cg_msgs/msg/detail/dds_fastrtps/actuator_state__type_support.cpp.o[0m
[10.610s] [ 24%] [32mBuilding CXX object CMakeFiles/cg_msgs__rosidl_typesupport_introspection_cpp.dir/rosidl_typesupport_introspection_cpp/cg_msgs/msg/detail/actuator_command__type_support.cpp.o[0m
[10.715s] [ 25%] [32mBuilding CXX object CMakeFiles/cg_msgs__rosidl_typesupport_fastrtps_cpp.dir/rosidl_typesupport_fastrtps_cpp/cg_msgs/msg/detail/dds_fastrtps/site_map__type_support.cpp.o[0m
[10.772s] [ 26%] [32mBuilding CXX object CMakeFiles/cg_msgs__rosidl_typesupport_fastrtps_c.dir/rosidl_typesupport_fastrtps_c/cg_msgs/msg/detail/actuator_command__type_support_c.cpp.o[0m
[10.979s] [ 26%] [32mBuilding CXX object CMakeFiles/cg_msgs__rosidl_typesupport_c.dir/rosidl_typesupport_c/cg_msgs/msg/actuator_command__type_support.cpp.o[0m
[11.072s] [ 27%] [32mBuilding CXX object CMakeFiles/cg_msgs__rosidl_typesupport_c.dir/rosidl_typesupport_c/cg_msgs/msg/beacon_tag__type_support.cpp.o[0m
[11.114s] [ 27%] [32mBuilding CXX object CMakeFiles/cg_msgs__rosidl_typesupport_fastrtps_c.dir/rosidl_typesupport_fastrtps_c/cg_msgs/msg/detail/beacon_tag__type_support_c.cpp.o[0m
[11.172s] [ 28%] [32mBuilding CXX object CMakeFiles/cg_msgs__rosidl_typesupport_c.dir/rosidl_typesupport_c/cg_msgs/msg/beacon_multi_tag__type_support.cpp.o[0m
[11.327s] [ 29%] [32mBuilding CXX object CMakeFiles/cg_msgs__rosidl_typesupport_cpp.dir/rosidl_typesupport_cpp/cg_msgs/msg/actuator_command__type_support.cpp.o[0m
[11.353s] [ 30%] [32mBuilding CXX object CMakeFiles/cg_msgs__rosidl_typesupport_fastrtps_cpp.dir/rosidl_typesupport_fastrtps_cpp/cg_msgs/msg/detail/dds_fastrtps/trajectory__type_support.cpp.o[0m
[11.369s] [ 30%] [32mBuilding CXX object CMakeFiles/cg_msgs__rosidl_typesupport_c.dir/rosidl_typesupport_c/cg_msgs/msg/encoder_telemetry__type_support.cpp.o[0m
[11.446s] [ 31%] [32mBuilding CXX object CMakeFiles/cg_msgs__rosidl_typesupport_fastrtps_cpp.dir/rosidl_typesupport_fastrtps_cpp/cg_msgs/srv/detail/dds_fastrtps/site_map__type_support.cpp.o[0m
[11.470s] [ 32%] [32mBuilding CXX object CMakeFiles/cg_msgs__rosidl_typesupport_c.dir/rosidl_typesupport_c/cg_msgs/msg/point2_d__type_support.cpp.o[0m
[11.585s] [ 33%] [32mBuilding CXX object CMakeFiles/cg_msgs__rosidl_typesupport_c.dir/rosidl_typesupport_c/cg_msgs/msg/pose2_d__type_support.cpp.o[0m
[11.629s] [ 34%] [32mBuilding CXX object CMakeFiles/cg_msgs__rosidl_typesupport_introspection_cpp.dir/rosidl_typesupport_introspection_cpp/cg_msgs/msg/detail/beacon_tag__type_support.cpp.o[0m
[11.713s] [ 35%] [32mBuilding CXX object CMakeFiles/cg_msgs__rosidl_typesupport_c.dir/rosidl_typesupport_c/cg_msgs/msg/slip__type_support.cpp.o[0m
[11.723s] [ 35%] [32mBuilding CXX object CMakeFiles/cg_msgs__rosidl_typesupport_c.dir/rosidl_typesupport_c/cg_msgs/msg/mux_mode__type_support.cpp.o[0m
[11.752s] [ 35%] [32mBuilding CXX object CMakeFiles/cg_msgs__rosidl_typesupport_cpp.dir/rosidl_typesupport_cpp/cg_msgs/msg/beacon_tag__type_support.cpp.o[0m
[11.779s] [ 35%] [32mBuilding CXX object CMakeFiles/cg_msgs__rosidl_typesupport_fastrtps_cpp.dir/rosidl_typesupport_fastrtps_cpp/cg_msgs/srv/detail/dds_fastrtps/update_trajectory__type_support.cpp.o[0m
[11.780s] [ 35%] [32mBuilding CXX object CMakeFiles/cg_msgs__rosidl_typesupport_introspection_cpp.dir/rosidl_typesupport_introspection_cpp/cg_msgs/msg/detail/beacon_multi_tag__type_support.cpp.o[0m
[11.791s] [ 36%] [32mBuilding CXX object CMakeFiles/cg_msgs__rosidl_typesupport_c.dir/rosidl_typesupport_c/cg_msgs/msg/actuator_state__type_support.cpp.o[0m
[11.815s] [ 37%] [32mBuilding CXX object CMakeFiles/cg_msgs__rosidl_typesupport_fastrtps_c.dir/rosidl_typesupport_fastrtps_c/cg_msgs/msg/detail/beacon_multi_tag__type_support_c.cpp.o[0m
[11.950s] [ 38%] [32mBuilding CXX object CMakeFiles/cg_msgs__rosidl_typesupport_c.dir/rosidl_typesupport_c/cg_msgs/msg/site_map__type_support.cpp.o[0m
[11.952s] [ 39%] [32mBuilding CXX object CMakeFiles/cg_msgs__rosidl_typesupport_introspection_cpp.dir/rosidl_typesupport_introspection_cpp/cg_msgs/msg/detail/encoder_telemetry__type_support.cpp.o[0m
[12.028s] [ 39%] [32mBuilding CXX object CMakeFiles/cg_msgs__rosidl_typesupport_c.dir/rosidl_typesupport_c/cg_msgs/msg/trajectory__type_support.cpp.o[0m
[12.102s] [ 40%] [32mBuilding CXX object CMakeFiles/cg_msgs__rosidl_typesupport_c.dir/rosidl_typesupport_c/cg_msgs/srv/site_map__type_support.cpp.o[0m
[12.210s] [ 41%] [32mBuilding CXX object CMakeFiles/cg_msgs__rosidl_typesupport_c.dir/rosidl_typesupport_c/cg_msgs/srv/update_trajectory__type_support.cpp.o[0m
[12.331s] [ 42%] [32mBuilding CXX object CMakeFiles/cg_msgs__rosidl_typesupport_c.dir/rosidl_typesupport_c/cg_msgs/srv/enable_worksystem__type_support.cpp.o[0m
[12.332s] [ 42%] [32mBuilding CXX object CMakeFiles/cg_msgs__rosidl_typesupport_fastrtps_c.dir/rosidl_typesupport_fastrtps_c/cg_msgs/msg/detail/encoder_telemetry__type_support_c.cpp.o[0m
[12.443s] [ 43%] [32mBuilding CXX object CMakeFiles/cg_msgs__rosidl_typesupport_c.dir/rosidl_typesupport_c/cg_msgs/srv/save_map__type_support.cpp.o[0m
[12.568s] [ 44%] [32mBuilding CXX object CMakeFiles/cg_msgs__rosidl_typesupport_introspection_cpp.dir/rosidl_typesupport_introspection_cpp/cg_msgs/msg/detail/point2_d__type_support.cpp.o[0m
[12.583s] [ 45%] [32m[1mLinking CXX shared library libcg_msgs__rosidl_typesupport_c.so[0m
[12.617s] [ 46%] [32mBuilding CXX object CMakeFiles/cg_msgs__rosidl_typesupport_fastrtps_cpp.dir/rosidl_typesupport_fastrtps_cpp/cg_msgs/srv/detail/dds_fastrtps/enable_worksystem__type_support.cpp.o[0m
[12.626s] [ 47%] [32mBuilding CXX object CMakeFiles/cg_msgs__rosidl_typesupport_cpp.dir/rosidl_typesupport_cpp/cg_msgs/msg/beacon_multi_tag__type_support.cpp.o[0m
[12.805s] [ 48%] [32mBuilding CXX object CMakeFiles/cg_msgs__rosidl_typesupport_cpp.dir/rosidl_typesupport_cpp/cg_msgs/msg/encoder_telemetry__type_support.cpp.o[0m
[12.904s] [ 48%] Built target cg_msgs__rosidl_typesupport_c
[12.954s] [ 48%] [32mBuilding CXX object CMakeFiles/cg_msgs__rosidl_typesupport_fastrtps_c.dir/rosidl_typesupport_fastrtps_c/cg_msgs/msg/detail/point2_d__type_support_c.cpp.o[0m
[13.241s] [ 49%] [32mBuilding CXX object CMakeFiles/cg_msgs__rosidl_typesupport_fastrtps_c.dir/rosidl_typesupport_fastrtps_c/cg_msgs/msg/detail/pose2_d__type_support_c.cpp.o[0m
[13.322s] [ 50%] [32mBuilding CXX object CMakeFiles/cg_msgs__rosidl_typesupport_fastrtps_cpp.dir/rosidl_typesupport_fastrtps_cpp/cg_msgs/srv/detail/dds_fastrtps/save_map__type_support.cpp.o[0m
[13.545s] [ 50%] [32mBuilding CXX object CMakeFiles/cg_msgs__rosidl_typesupport_cpp.dir/rosidl_typesupport_cpp/cg_msgs/msg/point2_d__type_support.cpp.o[0m
[13.711s] [ 51%] [32mBuilding CXX object CMakeFiles/cg_msgs__rosidl_typesupport_introspection_cpp.dir/rosidl_typesupport_introspection_cpp/cg_msgs/msg/detail/pose2_d__type_support.cpp.o[0m
[13.773s] [ 52%] [32mBuilding CXX object CMakeFiles/cg_msgs__rosidl_typesupport_cpp.dir/rosidl_typesupport_cpp/cg_msgs/msg/pose2_d__type_support.cpp.o[0m
[13.912s] [ 53%] [32mBuilding CXX object CMakeFiles/cg_msgs__rosidl_typesupport_fastrtps_c.dir/rosidl_typesupport_fastrtps_c/cg_msgs/msg/detail/slip__type_support_c.cpp.o[0m
[13.990s] [ 53%] [32mBuilding CXX object CMakeFiles/cg_msgs__rosidl_typesupport_fastrtps_c.dir/rosidl_typesupport_fastrtps_c/cg_msgs/msg/detail/mux_mode__type_support_c.cpp.o[0m
[14.036s] [ 54%] [32mBuilding C object CMakeFiles/cg_msgs__rosidl_typesupport_introspection_c.dir/rosidl_typesupport_introspection_c/cg_msgs/msg/detail/actuator_command__type_support.c.o[0m
[14.084s] [ 55%] [32mBuilding CXX object CMakeFiles/cg_msgs__rosidl_typesupport_cpp.dir/rosidl_typesupport_cpp/cg_msgs/msg/slip__type_support.cpp.o[0m
[14.211s] [ 56%] [32mBuilding CXX object CMakeFiles/cg_msgs__rosidl_typesupport_fastrtps_c.dir/rosidl_typesupport_fastrtps_c/cg_msgs/msg/detail/actuator_state__type_support_c.cpp.o[0m
[14.250s] [ 56%] [32mBuilding C object CMakeFiles/cg_msgs__rosidl_typesupport_introspection_c.dir/rosidl_typesupport_introspection_c/cg_msgs/msg/detail/beacon_tag__type_support.c.o[0m
[14.321s] [ 57%] [32mBuilding C object CMakeFiles/cg_msgs__rosidl_typesupport_introspection_c.dir/rosidl_typesupport_introspection_c/cg_msgs/msg/detail/beacon_multi_tag__type_support.c.o[0m
[14.384s] [ 58%] [32mBuilding CXX object CMakeFiles/cg_msgs__rosidl_typesupport_cpp.dir/rosidl_typesupport_cpp/cg_msgs/msg/mux_mode__type_support.cpp.o[0m
[14.411s] [ 59%] [32mBuilding C object CMakeFiles/cg_msgs__rosidl_typesupport_introspection_c.dir/rosidl_typesupport_introspection_c/cg_msgs/msg/detail/encoder_telemetry__type_support.c.o[0m
[14.451s] [ 60%] [32mBuilding C object CMakeFiles/cg_msgs__rosidl_typesupport_introspection_c.dir/rosidl_typesupport_introspection_c/cg_msgs/msg/detail/point2_d__type_support.c.o[0m
[14.556s] [ 61%] [32mBuilding CXX object CMakeFiles/cg_msgs__rosidl_typesupport_fastrtps_c.dir/rosidl_typesupport_fastrtps_c/cg_msgs/msg/detail/site_map__type_support_c.cpp.o[0m
[14.579s] [ 61%] [32mBuilding C object CMakeFiles/cg_msgs__rosidl_typesupport_introspection_c.dir/rosidl_typesupport_introspection_c/cg_msgs/msg/detail/pose2_d__type_support.c.o[0m
[14.758s] [ 61%] [32mBuilding CXX object CMakeFiles/cg_msgs__rosidl_typesupport_introspection_cpp.dir/rosidl_typesupport_introspection_cpp/cg_msgs/msg/detail/slip__type_support.cpp.o[0m
[14.779s] [ 62%] [32mBuilding C object CMakeFiles/cg_msgs__rosidl_typesupport_introspection_c.dir/rosidl_typesupport_introspection_c/cg_msgs/msg/detail/slip__type_support.c.o[0m
[14.784s] [ 63%] [32mBuilding CXX object CMakeFiles/cg_msgs__rosidl_typesupport_fastrtps_c.dir/rosidl_typesupport_fastrtps_c/cg_msgs/msg/detail/trajectory__type_support_c.cpp.o[0m
[14.988s] [ 64%] [32mBuilding C object CMakeFiles/cg_msgs__rosidl_typesupport_introspection_c.dir/rosidl_typesupport_introspection_c/cg_msgs/msg/detail/mux_mode__type_support.c.o[0m
[15.076s] [ 64%] [32mBuilding C object CMakeFiles/cg_msgs__rosidl_typesupport_introspection_c.dir/rosidl_typesupport_introspection_c/cg_msgs/msg/detail/actuator_state__type_support.c.o[0m
[15.080s] [ 65%] [32mBuilding CXX object CMakeFiles/cg_msgs__rosidl_typesupport_introspection_cpp.dir/rosidl_typesupport_introspection_cpp/cg_msgs/msg/detail/mux_mode__type_support.cpp.o[0m
[15.089s] [ 65%] [32mBuilding CXX object CMakeFiles/cg_msgs__rosidl_typesupport_cpp.dir/rosidl_typesupport_cpp/cg_msgs/msg/actuator_state__type_support.cpp.o[0m
[15.130s] [ 65%] [32mBuilding CXX object CMakeFiles/cg_msgs__rosidl_typesupport_fastrtps_c.dir/rosidl_typesupport_fastrtps_c/cg_msgs/srv/detail/site_map__type_support_c.cpp.o[0m
[15.248s] [ 66%] [32mBuilding C object CMakeFiles/cg_msgs__rosidl_typesupport_introspection_c.dir/rosidl_typesupport_introspection_c/cg_msgs/msg/detail/site_map__type_support.c.o[0m
[15.368s] [ 67%] [32mBuilding C object CMakeFiles/cg_msgs__rosidl_typesupport_introspection_c.dir/rosidl_typesupport_introspection_c/cg_msgs/msg/detail/trajectory__type_support.c.o[0m
[15.494s] [ 67%] [32mBuilding C object CMakeFiles/cg_msgs__rosidl_typesupport_introspection_c.dir/rosidl_typesupport_introspection_c/cg_msgs/srv/detail/site_map__type_support.c.o[0m
[15.495s] [ 68%] [32mBuilding CXX object CMakeFiles/cg_msgs__rosidl_typesupport_cpp.dir/rosidl_typesupport_cpp/cg_msgs/msg/site_map__type_support.cpp.o[0m
[15.659s] [ 69%] [32mBuilding C object CMakeFiles/cg_msgs__rosidl_typesupport_introspection_c.dir/rosidl_typesupport_introspection_c/cg_msgs/srv/detail/update_trajectory__type_support.c.o[0m
[15.708s] [ 69%] [32m[1mLinking CXX shared library libcg_msgs__rosidl_typesupport_fastrtps_cpp.so[0m
[15.792s] [ 70%] [32mBuilding C object CMakeFiles/cg_msgs__rosidl_typesupport_introspection_c.dir/rosidl_typesupport_introspection_c/cg_msgs/srv/detail/enable_worksystem__type_support.c.o[0m
[15.879s] [ 71%] [32mBuilding C object CMakeFiles/cg_msgs__rosidl_typesupport_introspection_c.dir/rosidl_typesupport_introspection_c/cg_msgs/srv/detail/save_map__type_support.c.o[0m
[15.922s] [ 72%] [32mBuilding CXX object CMakeFiles/cg_msgs__rosidl_typesupport_introspection_cpp.dir/rosidl_typesupport_introspection_cpp/cg_msgs/msg/detail/actuator_state__type_support.cpp.o[0m
[15.926s] [ 73%] [32mBuilding CXX object CMakeFiles/cg_msgs__rosidl_typesupport_cpp.dir/rosidl_typesupport_cpp/cg_msgs/msg/trajectory__type_support.cpp.o[0m
[15.964s] [ 73%] Built target cg_msgs__rosidl_typesupport_fastrtps_cpp
[15.965s] [ 73%] [32mBuilding CXX object CMakeFiles/cg_msgs__rosidl_typesupport_introspection_cpp.dir/rosidl_typesupport_introspection_cpp/cg_msgs/msg/detail/site_map__type_support.cpp.o[0m
[15.994s] [ 74%] [32mBuilding CXX object CMakeFiles/cg_msgs__rosidl_typesupport_fastrtps_c.dir/rosidl_typesupport_fastrtps_c/cg_msgs/srv/detail/update_trajectory__type_support_c.cpp.o[0m
[16.004s] [ 75%] [32mBuilding CXX object CMakeFiles/cg_msgs__rosidl_typesupport_introspection_cpp.dir/rosidl_typesupport_introspection_cpp/cg_msgs/msg/detail/trajectory__type_support.cpp.o[0m
[16.074s] [ 75%] [32m[1mLinking C shared library libcg_msgs__rosidl_typesupport_introspection_c.so[0m
[16.117s] [ 76%] [32mBuilding CXX object CMakeFiles/cg_msgs__rosidl_typesupport_fastrtps_c.dir/rosidl_typesupport_fastrtps_c/cg_msgs/srv/detail/enable_worksystem__type_support_c.cpp.o[0m
[16.213s] [ 76%] [32mBuilding CXX object CMakeFiles/cg_msgs__rosidl_typesupport_fastrtps_c.dir/rosidl_typesupport_fastrtps_c/cg_msgs/srv/detail/save_map__type_support_c.cpp.o[0m
[16.259s] [ 76%] Built target cg_msgs__rosidl_typesupport_introspection_c
[16.336s] [ 77%] [32mBuilding CXX object CMakeFiles/cg_msgs__rosidl_typesupport_introspection_cpp.dir/rosidl_typesupport_introspection_cpp/cg_msgs/srv/detail/site_map__type_support.cpp.o[0m
[16.427s] [ 77%] [32mBuilding CXX object CMakeFiles/cg_msgs__rosidl_typesupport_cpp.dir/rosidl_typesupport_cpp/cg_msgs/srv/site_map__type_support.cpp.o[0m
[16.474s] [ 78%] [32mBuilding CXX object CMakeFiles/cg_msgs__rosidl_typesupport_cpp.dir/rosidl_typesupport_cpp/cg_msgs/srv/update_trajectory__type_support.cpp.o[0m
[16.689s] [ 78%] [32mBuilding CXX object CMakeFiles/cg_msgs__rosidl_typesupport_introspection_cpp.dir/rosidl_typesupport_introspection_cpp/cg_msgs/srv/detail/update_trajectory__type_support.cpp.o[0m
[16.716s] [ 79%] [32mBuilding CXX object CMakeFiles/cg_msgs__rosidl_typesupport_cpp.dir/rosidl_typesupport_cpp/cg_msgs/srv/enable_worksystem__type_support.cpp.o[0m
[17.106s] [ 80%] [32mBuilding CXX object CMakeFiles/cg_msgs__rosidl_typesupport_introspection_cpp.dir/rosidl_typesupport_introspection_cpp/cg_msgs/srv/detail/enable_worksystem__type_support.cpp.o[0m
[17.147s] [ 80%] [32mBuilding CXX object CMakeFiles/cg_msgs__rosidl_typesupport_cpp.dir/rosidl_typesupport_cpp/cg_msgs/srv/save_map__type_support.cpp.o[0m
[17.692s] [ 81%] [32mBuilding CXX object CMakeFiles/cg_msgs__rosidl_typesupport_introspection_cpp.dir/rosidl_typesupport_introspection_cpp/cg_msgs/srv/detail/save_map__type_support.cpp.o[0m
[18.249s] [ 82%] [32m[1mLinking CXX shared library libcg_msgs__rosidl_typesupport_fastrtps_c.so[0m
[18.476s] [ 82%] Built target cg_msgs__rosidl_typesupport_fastrtps_c
[18.492s] [ 83%] [32m[1mLinking CXX shared library libcg_msgs__rosidl_typesupport_cpp.so[0m
[18.600s] [ 83%] Built target cg_msgs__rosidl_typesupport_cpp
[19.293s] [ 84%] [32m[1mLinking CXX shared library libcg_msgs__rosidl_typesupport_introspection_cpp.so[0m
[19.643s] [ 84%] Built target cg_msgs__rosidl_typesupport_introspection_cpp
[19.697s] [ 84%] Built target cg_msgs
[19.765s] [ 85%] [34m[1mGenerating Python code for ROS interfaces[0m
[25.628s] [ 85%] Built target cg_msgs__py
[25.678s] [ 85%] [32mBuilding C object CMakeFiles/cg_msgs__rosidl_generator_py.dir/rosidl_generator_py/cg_msgs/msg/_actuator_command_s.c.o[0m
[25.844s] [ 86%] [32mBuilding C object CMakeFiles/cg_msgs__rosidl_generator_py.dir/rosidl_generator_py/cg_msgs/srv/_site_map_s.c.o[0m
[25.968s] [ 87%] [32mBuilding C object CMakeFiles/cg_msgs__rosidl_generator_py.dir/rosidl_generator_py/cg_msgs/srv/_update_trajectory_s.c.o[0m
[26.102s] [ 88%] [32mBuilding C object CMakeFiles/cg_msgs__rosidl_generator_py.dir/rosidl_generator_py/cg_msgs/srv/_enable_worksystem_s.c.o[0m
[26.440s] [ 88%] [32mBuilding C object CMakeFiles/cg_msgs__rosidl_generator_py.dir/rosidl_generator_py/cg_msgs/srv/_save_map_s.c.o[0m
[26.598s] [ 88%] [32mBuilding C object CMakeFiles/cg_msgs__rosidl_generator_py.dir/rosidl_generator_py/cg_msgs/msg/_trajectory_s.c.o[0m
[26.761s] [ 89%] [32mBuilding C object CMakeFiles/cg_msgs__rosidl_generator_py.dir/rosidl_generator_py/cg_msgs/msg/_site_map_s.c.o[0m
[26.999s] [ 90%] [32mBuilding C object CMakeFiles/cg_msgs__rosidl_generator_py.dir/rosidl_generator_py/cg_msgs/msg/_actuator_state_s.c.o[0m
[27.148s] [ 90%] [32mBuilding C object CMakeFiles/cg_msgs__rosidl_generator_py.dir/rosidl_generator_py/cg_msgs/msg/_mux_mode_s.c.o[0m
[27.273s] [ 91%] [32mBuilding C object CMakeFiles/cg_msgs__rosidl_generator_py.dir/rosidl_generator_py/cg_msgs/msg/_slip_s.c.o[0m
[27.397s] [ 92%] [32mBuilding C object CMakeFiles/cg_msgs__rosidl_generator_py.dir/rosidl_generator_py/cg_msgs/msg/_pose2_d_s.c.o[0m
[27.566s] [ 92%] [32mBuilding C object CMakeFiles/cg_msgs__rosidl_generator_py.dir/rosidl_generator_py/cg_msgs/msg/_point2_d_s.c.o[0m
[27.761s] [ 93%] [32mBuilding C object CMakeFiles/cg_msgs__rosidl_generator_py.dir/rosidl_generator_py/cg_msgs/msg/_encoder_telemetry_s.c.o[0m
[28.063s] [ 94%] [32mBuilding C object CMakeFiles/cg_msgs__rosidl_generator_py.dir/rosidl_generator_py/cg_msgs/msg/_beacon_multi_tag_s.c.o[0m
[28.372s] [ 95%] [32mBuilding C object CMakeFiles/cg_msgs__rosidl_generator_py.dir/rosidl_generator_py/cg_msgs/msg/_beacon_tag_s.c.o[0m
[28.645s] [ 96%] [32m[1mLinking C shared library rosidl_generator_py/cg_msgs/libcg_msgs__rosidl_generator_py.so[0m
[28.763s] [ 96%] Built target cg_msgs__rosidl_generator_py
[28.820s] [ 97%] [32mBuilding C object CMakeFiles/cg_msgs__rosidl_typesupport_fastrtps_c__pyext.dir/rosidl_generator_py/cg_msgs/_cg_msgs_s.ep.rosidl_typesupport_fastrtps_c.c.o[0m
[29.222s] [ 97%] [32m[1mLinking C shared library rosidl_generator_py/cg_msgs/cg_msgs_s__rosidl_typesupport_fastrtps_c.cpython-310-x86_64-linux-gnu.so[0m
[29.334s] [ 97%] Built target cg_msgs__rosidl_typesupport_fastrtps_c__pyext
[29.387s] [ 98%] [32mBuilding C object CMakeFiles/cg_msgs__rosidl_typesupport_c__pyext.dir/rosidl_generator_py/cg_msgs/_cg_msgs_s.ep.rosidl_typesupport_c.c.o[0m
[29.603s] [ 98%] [32m[1mLinking C shared library rosidl_generator_py/cg_msgs/cg_msgs_s__rosidl_typesupport_c.cpython-310-x86_64-linux-gnu.so[0m
[29.692s] [ 98%] Built target cg_msgs__rosidl_typesupport_c__pyext
[29.745s] [ 99%] [32mBuilding C object CMakeFiles/cg_msgs__rosidl_typesupport_introspection_c__pyext.dir/rosidl_generator_py/cg_msgs/_cg_msgs_s.ep.rosidl_typesupport_introspection_c.c.o[0m
[30.005s] [100%] [32m[1mLinking C shared library rosidl_generator_py/cg_msgs/cg_msgs_s__rosidl_typesupport_introspection_c.cpython-310-x86_64-linux-gnu.so[0m
[30.102s] [100%] Built target cg_msgs__rosidl_typesupport_introspection_c__pyext
[30.145s] Invoked command in '/home/williamfbx/Lunar-ROADSTER/lr_ws/build/cg_msgs' returned '0': CMAKE_PREFIX_PATH=${CMAKE_PREFIX_PATH}:/opt/ros/humble /usr/bin/cmake --build /home/williamfbx/Lunar-ROADSTER/lr_ws/build/cg_msgs -- -j12 -l12
[30.145s] Invoking command in '/home/williamfbx/Lunar-ROADSTER/lr_ws/build/cg_msgs': CMAKE_PREFIX_PATH=${CMAKE_PREFIX_PATH}:/opt/ros/humble /usr/bin/cmake --install /home/williamfbx/Lunar-ROADSTER/lr_ws/build/cg_msgs
[37.215s] -- Install configuration: ""
[37.215s] -- Installing: /home/williamfbx/Lunar-ROADSTER/lr_ws/install/cg_msgs/share/ament_index/resource_index/rosidl_interfaces/cg_msgs
[37.215s] -- Installing: /home/williamfbx/Lunar-ROADSTER/lr_ws/install/cg_msgs/include/cg_msgs/cg_msgs
[37.215s] -- Installing: /home/williamfbx/Lunar-ROADSTER/lr_ws/install/cg_msgs/include/cg_msgs/cg_msgs/srv
[37.215s] -- Installing: /home/williamfbx/Lunar-ROADSTER/lr_ws/install/cg_msgs/include/cg_msgs/cg_msgs/srv/update_trajectory.h
[37.215s] -- Installing: /home/williamfbx/Lunar-ROADSTER/lr_ws/install/cg_msgs/include/cg_msgs/cg_msgs/srv/site_map.h
[37.216s] -- Installing: /home/williamfbx/Lunar-ROADSTER/lr_ws/install/cg_msgs/include/cg_msgs/cg_msgs/srv/detail
[37.216s] -- Installing: /home/williamfbx/Lunar-ROADSTER/lr_ws/install/cg_msgs/include/cg_msgs/cg_msgs/srv/detail/site_map__functions.h
[37.216s] -- Installing: /home/williamfbx/Lunar-ROADSTER/lr_ws/install/cg_msgs/include/cg_msgs/cg_msgs/srv/detail/site_map__functions.c
[37.216s] -- Installing: /home/williamfbx/Lunar-ROADSTER/lr_ws/install/cg_msgs/include/cg_msgs/cg_msgs/srv/detail/site_map__type_support.h
[37.216s] -- Installing: /home/williamfbx/Lunar-ROADSTER/lr_ws/install/cg_msgs/include/cg_msgs/cg_msgs/srv/detail/save_map__functions.h
[37.216s] -- Installing: /home/williamfbx/Lunar-ROADSTER/lr_ws/install/cg_msgs/include/cg_msgs/cg_msgs/srv/detail/save_map__type_support.h
[37.216s] -- Installing: /home/williamfbx/Lunar-ROADSTER/lr_ws/install/cg_msgs/include/cg_msgs/cg_msgs/srv/detail/save_map__struct.h
[37.216s] -- Installing: /home/williamfbx/Lunar-ROADSTER/lr_ws/install/cg_msgs/include/cg_msgs/cg_msgs/srv/detail/enable_worksystem__functions.h
[37.216s] -- Installing: /home/williamfbx/Lunar-ROADSTER/lr_ws/install/cg_msgs/include/cg_msgs/cg_msgs/srv/detail/site_map__struct.h
[37.216s] -- Installing: /home/williamfbx/Lunar-ROADSTER/lr_ws/install/cg_msgs/include/cg_msgs/cg_msgs/srv/detail/save_map__functions.c
[37.216s] -- Installing: /home/williamfbx/Lunar-ROADSTER/lr_ws/install/cg_msgs/include/cg_msgs/cg_msgs/srv/detail/update_trajectory__functions.h
[37.220s] -- Installing: /home/williamfbx/Lunar-ROADSTER/lr_ws/install/cg_msgs/include/cg_msgs/cg_msgs/srv/detail/enable_worksystem__struct.h
[37.220s] -- Installing: /home/williamfbx/Lunar-ROADSTER/lr_ws/install/cg_msgs/include/cg_msgs/cg_msgs/srv/detail/enable_worksystem__type_support.h
[37.220s] -- Installing: /home/williamfbx/Lunar-ROADSTER/lr_ws/install/cg_msgs/include/cg_msgs/cg_msgs/srv/detail/update_trajectory__type_support.h
[37.220s] -- Installing: /home/williamfbx/Lunar-ROADSTER/lr_ws/install/cg_msgs/include/cg_msgs/cg_msgs/srv/detail/update_trajectory__struct.h
[37.220s] -- Installing: /home/williamfbx/Lunar-ROADSTER/lr_ws/install/cg_msgs/include/cg_msgs/cg_msgs/srv/detail/enable_worksystem__functions.c
[37.220s] -- Installing: /home/williamfbx/Lunar-ROADSTER/lr_ws/install/cg_msgs/include/cg_msgs/cg_msgs/srv/detail/update_trajectory__functions.c
[37.220s] -- Installing: /home/williamfbx/Lunar-ROADSTER/lr_ws/install/cg_msgs/include/cg_msgs/cg_msgs/srv/save_map.h
[37.221s] -- Installing: /home/williamfbx/Lunar-ROADSTER/lr_ws/install/cg_msgs/include/cg_msgs/cg_msgs/srv/enable_worksystem.h
[37.221s] -- Installing: /home/williamfbx/Lunar-ROADSTER/lr_ws/install/cg_msgs/include/cg_msgs/cg_msgs/msg
[37.221s] -- Installing: /home/williamfbx/Lunar-ROADSTER/lr_ws/install/cg_msgs/include/cg_msgs/cg_msgs/msg/mux_mode.h
[37.221s] -- Installing: /home/williamfbx/Lunar-ROADSTER/lr_ws/install/cg_msgs/include/cg_msgs/cg_msgs/msg/actuator_command.h
[37.221s] -- Installing: /home/williamfbx/Lunar-ROADSTER/lr_ws/install/cg_msgs/include/cg_msgs/cg_msgs/msg/trajectory.h
[37.221s] -- Installing: /home/williamfbx/Lunar-ROADSTER/lr_ws/install/cg_msgs/include/cg_msgs/cg_msgs/msg/encoder_telemetry.h
[37.221s] -- Installing: /home/williamfbx/Lunar-ROADSTER/lr_ws/install/cg_msgs/include/cg_msgs/cg_msgs/msg/point2_d.h
[37.221s] -- Installing: /home/williamfbx/Lunar-ROADSTER/lr_ws/install/cg_msgs/include/cg_msgs/cg_msgs/msg/beacon_multi_tag.h
[37.221s] -- Installing: /home/williamfbx/Lunar-ROADSTER/lr_ws/install/cg_msgs/include/cg_msgs/cg_msgs/msg/site_map.h
[37.221s] -- Installing: /home/williamfbx/Lunar-ROADSTER/lr_ws/install/cg_msgs/include/cg_msgs/cg_msgs/msg/detail
[37.221s] -- Installing: /home/williamfbx/Lunar-ROADSTER/lr_ws/install/cg_msgs/include/cg_msgs/cg_msgs/msg/detail/slip__struct.h
[37.221s] -- Installing: /home/williamfbx/Lunar-ROADSTER/lr_ws/install/cg_msgs/include/cg_msgs/cg_msgs/msg/detail/actuator_state__type_support.h
[37.221s] -- Installing: /home/williamfbx/Lunar-ROADSTER/lr_ws/install/cg_msgs/include/cg_msgs/cg_msgs/msg/detail/beacon_multi_tag__functions.h
[37.221s] -- Installing: /home/williamfbx/Lunar-ROADSTER/lr_ws/install/cg_msgs/include/cg_msgs/cg_msgs/msg/detail/encoder_telemetry__functions.h
[37.221s] -- Installing: /home/williamfbx/Lunar-ROADSTER/lr_ws/install/cg_msgs/include/cg_msgs/cg_msgs/msg/detail/actuator_command__struct.h
[37.221s] -- Installing: /home/williamfbx/Lunar-ROADSTER/lr_ws/install/cg_msgs/include/cg_msgs/cg_msgs/msg/detail/actuator_command__functions.c
[37.221s] -- Installing: /home/williamfbx/Lunar-ROADSTER/lr_ws/install/cg_msgs/include/cg_msgs/cg_msgs/msg/detail/site_map__functions.h
[37.221s] -- Installing: /home/williamfbx/Lunar-ROADSTER/lr_ws/install/cg_msgs/include/cg_msgs/cg_msgs/msg/detail/point2_d__functions.h
[37.222s] -- Installing: /home/williamfbx/Lunar-ROADSTER/lr_ws/install/cg_msgs/include/cg_msgs/cg_msgs/msg/detail/beacon_multi_tag__type_support.h
[37.222s] -- Installing: /home/williamfbx/Lunar-ROADSTER/lr_ws/install/cg_msgs/include/cg_msgs/cg_msgs/msg/detail/beacon_multi_tag__functions.c
[37.222s] -- Installing: /home/williamfbx/Lunar-ROADSTER/lr_ws/install/cg_msgs/include/cg_msgs/cg_msgs/msg/detail/encoder_telemetry__type_support.h
[37.222s] -- Installing: /home/williamfbx/Lunar-ROADSTER/lr_ws/install/cg_msgs/include/cg_msgs/cg_msgs/msg/detail/beacon_tag__functions.h
[37.222s] -- Installing: /home/williamfbx/Lunar-ROADSTER/lr_ws/install/cg_msgs/include/cg_msgs/cg_msgs/msg/detail/site_map__functions.c
[37.222s] -- Installing: /home/williamfbx/Lunar-ROADSTER/lr_ws/install/cg_msgs/include/cg_msgs/cg_msgs/msg/detail/actuator_state__struct.h
[37.222s] -- Installing: /home/williamfbx/Lunar-ROADSTER/lr_ws/install/cg_msgs/include/cg_msgs/cg_msgs/msg/detail/pose2_d__functions.h
[37.222s] -- Installing: /home/williamfbx/Lunar-ROADSTER/lr_ws/install/cg_msgs/include/cg_msgs/cg_msgs/msg/detail/site_map__type_support.h
[37.222s] -- Installing: /home/williamfbx/Lunar-ROADSTER/lr_ws/install/cg_msgs/include/cg_msgs/cg_msgs/msg/detail/beacon_multi_tag__struct.h
[37.222s] -- Installing: /home/williamfbx/Lunar-ROADSTER/lr_ws/install/cg_msgs/include/cg_msgs/cg_msgs/msg/detail/beacon_tag__type_support.h
[37.222s] -- Installing: /home/williamfbx/Lunar-ROADSTER/lr_ws/install/cg_msgs/include/cg_msgs/cg_msgs/msg/detail/actuator_command__type_support.h
[37.222s] -- Installing: /home/williamfbx/Lunar-ROADSTER/lr_ws/install/cg_msgs/include/cg_msgs/cg_msgs/msg/detail/pose2_d__struct.h
[37.223s] -- Installing: /home/williamfbx/Lunar-ROADSTER/lr_ws/install/cg_msgs/include/cg_msgs/cg_msgs/msg/detail/point2_d__type_support.h
[37.223s] -- Installing: /home/williamfbx/Lunar-ROADSTER/lr_ws/install/cg_msgs/include/cg_msgs/cg_msgs/msg/detail/mux_mode__struct.h
[37.223s] -- Installing: /home/williamfbx/Lunar-ROADSTER/lr_ws/install/cg_msgs/include/cg_msgs/cg_msgs/msg/detail/actuator_command__functions.h
[37.223s] -- Installing: /home/williamfbx/Lunar-ROADSTER/lr_ws/install/cg_msgs/include/cg_msgs/cg_msgs/msg/detail/encoder_telemetry__functions.c
[37.223s] -- Installing: /home/williamfbx/Lunar-ROADSTER/lr_ws/install/cg_msgs/include/cg_msgs/cg_msgs/msg/detail/slip__functions.h
[37.223s] -- Installing: /home/williamfbx/Lunar-ROADSTER/lr_ws/install/cg_msgs/include/cg_msgs/cg_msgs/msg/detail/trajectory__functions.c
[37.223s] -- Installing: /home/williamfbx/Lunar-ROADSTER/lr_ws/install/cg_msgs/include/cg_msgs/cg_msgs/msg/detail/trajectory__functions.h
[37.223s] -- Installing: /home/williamfbx/Lunar-ROADSTER/lr_ws/install/cg_msgs/include/cg_msgs/cg_msgs/msg/detail/encoder_telemetry__struct.h
[37.223s] -- Installing: /home/williamfbx/Lunar-ROADSTER/lr_ws/install/cg_msgs/include/cg_msgs/cg_msgs/msg/detail/site_map__struct.h
[37.223s] -- Installing: /home/williamfbx/Lunar-ROADSTER/lr_ws/install/cg_msgs/include/cg_msgs/cg_msgs/msg/detail/beacon_tag__functions.c
[37.223s] -- Installing: /home/williamfbx/Lunar-ROADSTER/lr_ws/install/cg_msgs/include/cg_msgs/cg_msgs/msg/detail/point2_d__functions.c
[37.223s] -- Installing: /home/williamfbx/Lunar-ROADSTER/lr_ws/install/cg_msgs/include/cg_msgs/cg_msgs/msg/detail/slip__type_support.h
[37.224s] -- Installing: /home/williamfbx/Lunar-ROADSTER/lr_ws/install/cg_msgs/include/cg_msgs/cg_msgs/msg/detail/point2_d__struct.h
[37.224s] -- Installing: /home/williamfbx/Lunar-ROADSTER/lr_ws/install/cg_msgs/include/cg_msgs/cg_msgs/msg/detail/mux_mode__functions.h
[37.224s] -- Installing: /home/williamfbx/Lunar-ROADSTER/lr_ws/install/cg_msgs/include/cg_msgs/cg_msgs/msg/detail/actuator_state__functions.c
[37.224s] -- Installing: /home/williamfbx/Lunar-ROADSTER/lr_ws/install/cg_msgs/include/cg_msgs/cg_msgs/msg/detail/mux_mode__functions.c
[37.224s] -- Installing: /home/williamfbx/Lunar-ROADSTER/lr_ws/install/cg_msgs/include/cg_msgs/cg_msgs/msg/detail/pose2_d__functions.c
[37.224s] -- Installing: /home/williamfbx/Lunar-ROADSTER/lr_ws/install/cg_msgs/include/cg_msgs/cg_msgs/msg/detail/actuator_state__functions.h
[37.224s] -- Installing: /home/williamfbx/Lunar-ROADSTER/lr_ws/install/cg_msgs/include/cg_msgs/cg_msgs/msg/detail/pose2_d__type_support.h
[37.224s] -- Installing: /home/williamfbx/Lunar-ROADSTER/lr_ws/install/cg_msgs/include/cg_msgs/cg_msgs/msg/detail/mux_mode__type_support.h
[37.224s] -- Installing: /home/williamfbx/Lunar-ROADSTER/lr_ws/install/cg_msgs/include/cg_msgs/cg_msgs/msg/detail/slip__functions.c
[37.224s] -- Installing: /home/williamfbx/Lunar-ROADSTER/lr_ws/install/cg_msgs/include/cg_msgs/cg_msgs/msg/detail/trajectory__type_support.h
[37.224s] -- Installing: /home/williamfbx/Lunar-ROADSTER/lr_ws/install/cg_msgs/include/cg_msgs/cg_msgs/msg/detail/beacon_tag__struct.h
[37.224s] -- Installing: /home/williamfbx/Lunar-ROADSTER/lr_ws/install/cg_msgs/include/cg_msgs/cg_msgs/msg/detail/trajectory__struct.h
[37.224s] -- Installing: /home/williamfbx/Lunar-ROADSTER/lr_ws/install/cg_msgs/include/cg_msgs/cg_msgs/msg/rosidl_generator_c__visibility_control.h
[37.224s] -- Installing: /home/williamfbx/Lunar-ROADSTER/lr_ws/install/cg_msgs/include/cg_msgs/cg_msgs/msg/beacon_tag.h
[37.224s] -- Installing: /home/williamfbx/Lunar-ROADSTER/lr_ws/install/cg_msgs/include/cg_msgs/cg_msgs/msg/slip.h
[37.224s] -- Installing: /home/williamfbx/Lunar-ROADSTER/lr_ws/install/cg_msgs/include/cg_msgs/cg_msgs/msg/pose2_d.h
[37.224s] -- Installing: /home/williamfbx/Lunar-ROADSTER/lr_ws/install/cg_msgs/include/cg_msgs/cg_msgs/msg/actuator_state.h
[37.224s] -- Installing: /home/williamfbx/Lunar-ROADSTER/lr_ws/install/cg_msgs/share/cg_msgs/environment/library_path.sh
[37.224s] -- Installing: /home/williamfbx/Lunar-ROADSTER/lr_ws/install/cg_msgs/share/cg_msgs/environment/library_path.dsv
[37.224s] -- Installing: /home/williamfbx/Lunar-ROADSTER/lr_ws/install/cg_msgs/lib/libcg_msgs__rosidl_generator_c.so
[37.225s] -- Set runtime path of "/home/williamfbx/Lunar-ROADSTER/lr_ws/install/cg_msgs/lib/libcg_msgs__rosidl_generator_c.so" to ""
[37.225s] -- Up-to-date: /home/williamfbx/Lunar-ROADSTER/lr_ws/install/cg_msgs/include/cg_msgs/cg_msgs
[37.225s] -- Up-to-date: /home/williamfbx/Lunar-ROADSTER/lr_ws/install/cg_msgs/include/cg_msgs/cg_msgs/srv
[37.225s] -- Up-to-date: /home/williamfbx/Lunar-ROADSTER/lr_ws/install/cg_msgs/include/cg_msgs/cg_msgs/srv/detail
[37.225s] -- Installing: /home/williamfbx/Lunar-ROADSTER/lr_ws/install/cg_msgs/include/cg_msgs/cg_msgs/srv/detail/site_map__rosidl_typesupport_fastrtps_c.h
[37.225s] -- Installing: /home/williamfbx/Lunar-ROADSTER/lr_ws/install/cg_msgs/include/cg_msgs/cg_msgs/srv/detail/enable_worksystem__rosidl_typesupport_fastrtps_c.h
[37.225s] -- Installing: /home/williamfbx/Lunar-ROADSTER/lr_ws/install/cg_msgs/include/cg_msgs/cg_msgs/srv/detail/save_map__rosidl_typesupport_fastrtps_c.h
[37.225s] -- Installing: /home/williamfbx/Lunar-ROADSTER/lr_ws/install/cg_msgs/include/cg_msgs/cg_msgs/srv/detail/update_trajectory__rosidl_typesupport_fastrtps_c.h
[37.225s] -- Up-to-date: /home/williamfbx/Lunar-ROADSTER/lr_ws/install/cg_msgs/include/cg_msgs/cg_msgs/msg
[37.225s] -- Up-to-date: /home/williamfbx/Lunar-ROADSTER/lr_ws/install/cg_msgs/include/cg_msgs/cg_msgs/msg/detail
[37.225s] -- Installing: /home/williamfbx/Lunar-ROADSTER/lr_ws/install/cg_msgs/include/cg_msgs/cg_msgs/msg/detail/mux_mode__rosidl_typesupport_fastrtps_c.h
[37.225s] -- Installing: /home/williamfbx/Lunar-ROADSTER/lr_ws/install/cg_msgs/include/cg_msgs/cg_msgs/msg/detail/slip__rosidl_typesupport_fastrtps_c.h
[37.225s] -- Installing: /home/williamfbx/Lunar-ROADSTER/lr_ws/install/cg_msgs/include/cg_msgs/cg_msgs/msg/detail/actuator_command__rosidl_typesupport_fastrtps_c.h
[37.225s] -- Installing: /home/williamfbx/Lunar-ROADSTER/lr_ws/install/cg_msgs/include/cg_msgs/cg_msgs/msg/detail/point2_d__rosidl_typesupport_fastrtps_c.h
[37.225s] -- Installing: /home/williamfbx/Lunar-ROADSTER/lr_ws/install/cg_msgs/include/cg_msgs/cg_msgs/msg/detail/site_map__rosidl_typesupport_fastrtps_c.h
[37.225s] -- Installing: /home/williamfbx/Lunar-ROADSTER/lr_ws/install/cg_msgs/include/cg_msgs/cg_msgs/msg/detail/actuator_state__rosidl_typesupport_fastrtps_c.h
[37.225s] -- Installing: /home/williamfbx/Lunar-ROADSTER/lr_ws/install/cg_msgs/include/cg_msgs/cg_msgs/msg/detail/trajectory__rosidl_typesupport_fastrtps_c.h
[37.225s] -- Installing: /home/williamfbx/Lunar-ROADSTER/lr_ws/install/cg_msgs/include/cg_msgs/cg_msgs/msg/detail/beacon_tag__rosidl_typesupport_fastrtps_c.h
[37.225s] -- Installing: /home/williamfbx/Lunar-ROADSTER/lr_ws/install/cg_msgs/include/cg_msgs/cg_msgs/msg/detail/beacon_multi_tag__rosidl_typesupport_fastrtps_c.h
[37.225s] -- Installing: /home/williamfbx/Lunar-ROADSTER/lr_ws/install/cg_msgs/include/cg_msgs/cg_msgs/msg/detail/pose2_d__rosidl_typesupport_fastrtps_c.h
[37.225s] -- Installing: /home/williamfbx/Lunar-ROADSTER/lr_ws/install/cg_msgs/include/cg_msgs/cg_msgs/msg/detail/encoder_telemetry__rosidl_typesupport_fastrtps_c.h
[37.225s] -- Installing: /home/williamfbx/Lunar-ROADSTER/lr_ws/install/cg_msgs/include/cg_msgs/cg_msgs/msg/rosidl_typesupport_fastrtps_c__visibility_control.h
[37.226s] -- Installing: /home/williamfbx/Lunar-ROADSTER/lr_ws/install/cg_msgs/lib/libcg_msgs__rosidl_typesupport_fastrtps_c.so
[37.226s] -- Set runtime path of "/home/williamfbx/Lunar-ROADSTER/lr_ws/install/cg_msgs/lib/libcg_msgs__rosidl_typesupport_fastrtps_c.so" to ""
[37.226s] -- Up-to-date: /home/williamfbx/Lunar-ROADSTER/lr_ws/install/cg_msgs/include/cg_msgs/cg_msgs
[37.226s] -- Up-to-date: /home/williamfbx/Lunar-ROADSTER/lr_ws/install/cg_msgs/include/cg_msgs/cg_msgs/srv
[37.226s] -- Installing: /home/williamfbx/Lunar-ROADSTER/lr_ws/install/cg_msgs/include/cg_msgs/cg_msgs/srv/update_trajectory.hpp
[37.226s] -- Up-to-date: /home/williamfbx/Lunar-ROADSTER/lr_ws/install/cg_msgs/include/cg_msgs/cg_msgs/srv/detail
[37.226s] -- Installing: /home/williamfbx/Lunar-ROADSTER/lr_ws/install/cg_msgs/include/cg_msgs/cg_msgs/srv/detail/enable_worksystem__struct.hpp
[37.226s] -- Installing: /home/williamfbx/Lunar-ROADSTER/lr_ws/install/cg_msgs/include/cg_msgs/cg_msgs/srv/detail/update_trajectory__type_support.hpp
[37.226s] -- Installing: /home/williamfbx/Lunar-ROADSTER/lr_ws/install/cg_msgs/include/cg_msgs/cg_msgs/srv/detail/update_trajectory__struct.hpp
[37.226s] -- Installing: /home/williamfbx/Lunar-ROADSTER/lr_ws/install/cg_msgs/include/cg_msgs/cg_msgs/srv/detail/enable_worksystem__type_support.hpp
[37.226s] -- Installing: /home/williamfbx/Lunar-ROADSTER/lr_ws/install/cg_msgs/include/cg_msgs/cg_msgs/srv/detail/save_map__type_support.hpp
[37.226s] -- Installing: /home/williamfbx/Lunar-ROADSTER/lr_ws/install/cg_msgs/include/cg_msgs/cg_msgs/srv/detail/update_trajectory__traits.hpp
[37.226s] -- Installing: /home/williamfbx/Lunar-ROADSTER/lr_ws/install/cg_msgs/include/cg_msgs/cg_msgs/srv/detail/save_map__traits.hpp
[37.226s] -- Installing: /home/williamfbx/Lunar-ROADSTER/lr_ws/install/cg_msgs/include/cg_msgs/cg_msgs/srv/detail/site_map__type_support.hpp
[37.226s] -- Installing: /home/williamfbx/Lunar-ROADSTER/lr_ws/install/cg_msgs/include/cg_msgs/cg_msgs/srv/detail/save_map__struct.hpp
[37.226s] -- Installing: /home/williamfbx/Lunar-ROADSTER/lr_ws/install/cg_msgs/include/cg_msgs/cg_msgs/srv/detail/site_map__builder.hpp
[37.226s] -- Installing: /home/williamfbx/Lunar-ROADSTER/lr_ws/install/cg_msgs/include/cg_msgs/cg_msgs/srv/detail/site_map__struct.hpp
[37.226s] -- Installing: /home/williamfbx/Lunar-ROADSTER/lr_ws/install/cg_msgs/include/cg_msgs/cg_msgs/srv/detail/enable_worksystem__builder.hpp
[37.226s] -- Installing: /home/williamfbx/Lunar-ROADSTER/lr_ws/install/cg_msgs/include/cg_msgs/cg_msgs/srv/detail/save_map__builder.hpp
[37.226s] -- Installing: /home/williamfbx/Lunar-ROADSTER/lr_ws/install/cg_msgs/include/cg_msgs/cg_msgs/srv/detail/update_trajectory__builder.hpp
[37.226s] -- Installing: /home/williamfbx/Lunar-ROADSTER/lr_ws/install/cg_msgs/include/cg_msgs/cg_msgs/srv/detail/enable_worksystem__traits.hpp
[37.226s] -- Installing: /home/williamfbx/Lunar-ROADSTER/lr_ws/install/cg_msgs/include/cg_msgs/cg_msgs/srv/detail/site_map__traits.hpp
[37.226s] -- Installing: /home/williamfbx/Lunar-ROADSTER/lr_ws/install/cg_msgs/include/cg_msgs/cg_msgs/srv/enable_worksystem.hpp
[37.227s] -- Installing: /home/williamfbx/Lunar-ROADSTER/lr_ws/install/cg_msgs/include/cg_msgs/cg_msgs/srv/site_map.hpp
[37.227s] -- Installing: /home/williamfbx/Lunar-ROADSTER/lr_ws/install/cg_msgs/include/cg_msgs/cg_msgs/srv/save_map.hpp
[37.227s] -- Up-to-date: /home/williamfbx/Lunar-ROADSTER/lr_ws/install/cg_msgs/include/cg_msgs/cg_msgs/msg
[37.227s] -- Installing: /home/williamfbx/Lunar-ROADSTER/lr_ws/install/cg_msgs/include/cg_msgs/cg_msgs/msg/beacon_tag.hpp
[37.227s] -- Installing: /home/williamfbx/Lunar-ROADSTER/lr_ws/install/cg_msgs/include/cg_msgs/cg_msgs/msg/beacon_multi_tag.hpp
[37.227s] -- Installing: /home/williamfbx/Lunar-ROADSTER/lr_ws/install/cg_msgs/include/cg_msgs/cg_msgs/msg/slip.hpp
[37.233s] -- Installing: /home/williamfbx/Lunar-ROADSTER/lr_ws/install/cg_msgs/include/cg_msgs/cg_msgs/msg/rosidl_generator_cpp__visibility_control.hpp
[37.233s] -- Up-to-date: /home/williamfbx/Lunar-ROADSTER/lr_ws/install/cg_msgs/include/cg_msgs/cg_msgs/msg/detail
[37.233s] -- Installing: /home/williamfbx/Lunar-ROADSTER/lr_ws/install/cg_msgs/include/cg_msgs/cg_msgs/msg/detail/encoder_telemetry__struct.hpp
[37.233s] -- Installing: /home/williamfbx/Lunar-ROADSTER/lr_ws/install/cg_msgs/include/cg_msgs/cg_msgs/msg/detail/actuator_command__type_support.hpp
[37.233s] -- Installing: /home/williamfbx/Lunar-ROADSTER/lr_ws/install/cg_msgs/include/cg_msgs/cg_msgs/msg/detail/actuator_command__struct.hpp
[37.233s] -- Installing: /home/williamfbx/Lunar-ROADSTER/lr_ws/install/cg_msgs/include/cg_msgs/cg_msgs/msg/detail/pose2_d__builder.hpp
[37.233s] -- Installing: /home/williamfbx/Lunar-ROADSTER/lr_ws/install/cg_msgs/include/cg_msgs/cg_msgs/msg/detail/mux_mode__builder.hpp
[37.233s] -- Installing: /home/williamfbx/Lunar-ROADSTER/lr_ws/install/cg_msgs/include/cg_msgs/cg_msgs/msg/detail/actuator_command__builder.hpp
[37.233s] -- Installing: /home/williamfbx/Lunar-ROADSTER/lr_ws/install/cg_msgs/include/cg_msgs/cg_msgs/msg/detail/trajectory__type_support.hpp
[37.233s] -- Installing: /home/williamfbx/Lunar-ROADSTER/lr_ws/install/cg_msgs/include/cg_msgs/cg_msgs/msg/detail/slip__traits.hpp
[37.233s] -- Installing: /home/williamfbx/Lunar-ROADSTER/lr_ws/install/cg_msgs/include/cg_msgs/cg_msgs/msg/detail/beacon_tag__builder.hpp
[37.233s] -- Installing: /home/williamfbx/Lunar-ROADSTER/lr_ws/install/cg_msgs/include/cg_msgs/cg_msgs/msg/detail/pose2_d__traits.hpp
[37.233s] -- Installing: /home/williamfbx/Lunar-ROADSTER/lr_ws/install/cg_msgs/include/cg_msgs/cg_msgs/msg/detail/actuator_state__type_support.hpp
[37.233s] -- Installing: /home/williamfbx/Lunar-ROADSTER/lr_ws/install/cg_msgs/include/cg_msgs/cg_msgs/msg/detail/mux_mode__struct.hpp
[37.233s] -- Installing: /home/williamfbx/Lunar-ROADSTER/lr_ws/install/cg_msgs/include/cg_msgs/cg_msgs/msg/detail/point2_d__builder.hpp
[37.234s] -- Installing: /home/williamfbx/Lunar-ROADSTER/lr_ws/install/cg_msgs/include/cg_msgs/cg_msgs/msg/detail/pose2_d__type_support.hpp
[37.234s] -- Installing: /home/williamfbx/Lunar-ROADSTER/lr_ws/install/cg_msgs/include/cg_msgs/cg_msgs/msg/detail/encoder_telemetry__builder.hpp
[37.234s] -- Installing: /home/williamfbx/Lunar-ROADSTER/lr_ws/install/cg_msgs/include/cg_msgs/cg_msgs/msg/detail/beacon_tag__traits.hpp
[37.234s] -- Installing: /home/williamfbx/Lunar-ROADSTER/lr_ws/install/cg_msgs/include/cg_msgs/cg_msgs/msg/detail/slip__builder.hpp
[37.234s] -- Installing: /home/williamfbx/Lunar-ROADSTER/lr_ws/install/cg_msgs/include/cg_msgs/cg_msgs/msg/detail/beacon_multi_tag__type_support.hpp
[37.234s] -- Installing: /home/williamfbx/Lunar-ROADSTER/lr_ws/install/cg_msgs/include/cg_msgs/cg_msgs/msg/detail/beacon_multi_tag__struct.hpp
[37.234s] -- Installing: /home/williamfbx/Lunar-ROADSTER/lr_ws/install/cg_msgs/include/cg_msgs/cg_msgs/msg/detail/actuator_state__traits.hpp
[37.234s] -- Installing: /home/williamfbx/Lunar-ROADSTER/lr_ws/install/cg_msgs/include/cg_msgs/cg_msgs/msg/detail/pose2_d__struct.hpp
[37.234s] -- Installing: /home/williamfbx/Lunar-ROADSTER/lr_ws/install/cg_msgs/include/cg_msgs/cg_msgs/msg/detail/actuator_state__struct.hpp
[37.234s] -- Installing: /home/williamfbx/Lunar-ROADSTER/lr_ws/install/cg_msgs/include/cg_msgs/cg_msgs/msg/detail/point2_d__struct.hpp
[37.234s] -- Installing: /home/williamfbx/Lunar-ROADSTER/lr_ws/install/cg_msgs/include/cg_msgs/cg_msgs/msg/detail/trajectory__struct.hpp
[37.234s] -- Installing: /home/williamfbx/Lunar-ROADSTER/lr_ws/install/cg_msgs/include/cg_msgs/cg_msgs/msg/detail/trajectory__builder.hpp
[37.234s] -- Installing: /home/williamfbx/Lunar-ROADSTER/lr_ws/install/cg_msgs/include/cg_msgs/cg_msgs/msg/detail/encoder_telemetry__type_support.hpp
[37.234s] -- Installing: /home/williamfbx/Lunar-ROADSTER/lr_ws/install/cg_msgs/include/cg_msgs/cg_msgs/msg/detail/slip__struct.hpp
[37.234s] -- Installing: /home/williamfbx/Lunar-ROADSTER/lr_ws/install/cg_msgs/include/cg_msgs/cg_msgs/msg/detail/encoder_telemetry__traits.hpp
[37.234s] -- Installing: /home/williamfbx/Lunar-ROADSTER/lr_ws/install/cg_msgs/include/cg_msgs/cg_msgs/msg/detail/slip__type_support.hpp
[37.234s] -- Installing: /home/williamfbx/Lunar-ROADSTER/lr_ws/install/cg_msgs/include/cg_msgs/cg_msgs/msg/detail/mux_mode__type_support.hpp
[37.234s] -- Installing: /home/williamfbx/Lunar-ROADSTER/lr_ws/install/cg_msgs/include/cg_msgs/cg_msgs/msg/detail/site_map__type_support.hpp
[37.234s] -- Installing: /home/williamfbx/Lunar-ROADSTER/lr_ws/install/cg_msgs/include/cg_msgs/cg_msgs/msg/detail/beacon_tag__struct.hpp
[37.234s] -- Installing: /home/williamfbx/Lunar-ROADSTER/lr_ws/install/cg_msgs/include/cg_msgs/cg_msgs/msg/detail/trajectory__traits.hpp
[37.235s] -- Installing: /home/williamfbx/Lunar-ROADSTER/lr_ws/install/cg_msgs/include/cg_msgs/cg_msgs/msg/detail/site_map__builder.hpp
[37.235s] -- Installing: /home/williamfbx/Lunar-ROADSTER/lr_ws/install/cg_msgs/include/cg_msgs/cg_msgs/msg/detail/actuator_command__traits.hpp
[37.235s] -- Installing: /home/williamfbx/Lunar-ROADSTER/lr_ws/install/cg_msgs/include/cg_msgs/cg_msgs/msg/detail/beacon_multi_tag__builder.hpp
[37.235s] -- Installing: /home/williamfbx/Lunar-ROADSTER/lr_ws/install/cg_msgs/include/cg_msgs/cg_msgs/msg/detail/site_map__struct.hpp
[37.235s] -- Installing: /home/williamfbx/Lunar-ROADSTER/lr_ws/install/cg_msgs/include/cg_msgs/cg_msgs/msg/detail/beacon_multi_tag__traits.hpp
[37.235s] -- Installing: /home/williamfbx/Lunar-ROADSTER/lr_ws/install/cg_msgs/include/cg_msgs/cg_msgs/msg/detail/point2_d__traits.hpp
[37.235s] -- Installing: /home/williamfbx/Lunar-ROADSTER/lr_ws/install/cg_msgs/include/cg_msgs/cg_msgs/msg/detail/mux_mode__traits.hpp
[37.235s] -- Installing: /home/williamfbx/Lunar-ROADSTER/lr_ws/install/cg_msgs/include/cg_msgs/cg_msgs/msg/detail/point2_d__type_support.hpp
[37.235s] -- Installing: /home/williamfbx/Lunar-ROADSTER/lr_ws/install/cg_msgs/include/cg_msgs/cg_msgs/msg/detail/beacon_tag__type_support.hpp
[37.235s] -- Installing: /home/williamfbx/Lunar-ROADSTER/lr_ws/install/cg_msgs/include/cg_msgs/cg_msgs/msg/detail/actuator_state__builder.hpp
[37.235s] -- Installing: /home/williamfbx/Lunar-ROADSTER/lr_ws/install/cg_msgs/include/cg_msgs/cg_msgs/msg/detail/site_map__traits.hpp
[37.235s] -- Installing: /home/williamfbx/Lunar-ROADSTER/lr_ws/install/cg_msgs/include/cg_msgs/cg_msgs/msg/actuator_state.hpp
[37.235s] -- Installing: /home/williamfbx/Lunar-ROADSTER/lr_ws/install/cg_msgs/include/cg_msgs/cg_msgs/msg/trajectory.hpp
[37.235s] -- Installing: /home/williamfbx/Lunar-ROADSTER/lr_ws/install/cg_msgs/include/cg_msgs/cg_msgs/msg/site_map.hpp
[37.235s] -- Installing: /home/williamfbx/Lunar-ROADSTER/lr_ws/install/cg_msgs/include/cg_msgs/cg_msgs/msg/pose2_d.hpp
[37.235s] -- Installing: /home/williamfbx/Lunar-ROADSTER/lr_ws/install/cg_msgs/include/cg_msgs/cg_msgs/msg/encoder_telemetry.hpp
[37.235s] -- Installing: /home/williamfbx/Lunar-ROADSTER/lr_ws/install/cg_msgs/include/cg_msgs/cg_msgs/msg/point2_d.hpp
[37.235s] -- Installing: /home/williamfbx/Lunar-ROADSTER/lr_ws/install/cg_msgs/include/cg_msgs/cg_msgs/msg/mux_mode.hpp
[37.235s] -- Installing: /home/williamfbx/Lunar-ROADSTER/lr_ws/install/cg_msgs/include/cg_msgs/cg_msgs/msg/actuator_command.hpp
[37.235s] -- Up-to-date: /home/williamfbx/Lunar-ROADSTER/lr_ws/install/cg_msgs/include/cg_msgs/cg_msgs
[37.235s] -- Up-to-date: /home/williamfbx/Lunar-ROADSTER/lr_ws/install/cg_msgs/include/cg_msgs/cg_msgs/srv
[37.235s] -- Up-to-date: /home/williamfbx/Lunar-ROADSTER/lr_ws/install/cg_msgs/include/cg_msgs/cg_msgs/srv/detail
[37.236s] -- Installing: /home/williamfbx/Lunar-ROADSTER/lr_ws/install/cg_msgs/include/cg_msgs/cg_msgs/srv/detail/dds_fastrtps
[37.236s] -- Installing: /home/williamfbx/Lunar-ROADSTER/lr_ws/install/cg_msgs/include/cg_msgs/cg_msgs/srv/detail/update_trajectory__rosidl_typesupport_fastrtps_cpp.hpp
[37.236s] -- Installing: /home/williamfbx/Lunar-ROADSTER/lr_ws/install/cg_msgs/include/cg_msgs/cg_msgs/srv/detail/save_map__rosidl_typesupport_fastrtps_cpp.hpp
[37.236s] -- Installing: /home/williamfbx/Lunar-ROADSTER/lr_ws/install/cg_msgs/include/cg_msgs/cg_msgs/srv/detail/enable_worksystem__rosidl_typesupport_fastrtps_cpp.hpp
[37.236s] -- Installing: /home/williamfbx/Lunar-ROADSTER/lr_ws/install/cg_msgs/include/cg_msgs/cg_msgs/srv/detail/site_map__rosidl_typesupport_fastrtps_cpp.hpp
[37.236s] -- Up-to-date: /home/williamfbx/Lunar-ROADSTER/lr_ws/install/cg_msgs/include/cg_msgs/cg_msgs/msg
[37.236s] -- Installing: /home/williamfbx/Lunar-ROADSTER/lr_ws/install/cg_msgs/include/cg_msgs/cg_msgs/msg/rosidl_typesupport_fastrtps_cpp__visibility_control.h
[37.236s] -- Up-to-date: /home/williamfbx/Lunar-ROADSTER/lr_ws/install/cg_msgs/include/cg_msgs/cg_msgs/msg/detail
[37.236s] -- Installing: /home/williamfbx/Lunar-ROADSTER/lr_ws/install/cg_msgs/include/cg_msgs/cg_msgs/msg/detail/dds_fastrtps
[37.238s] -- Installing: /home/williamfbx/Lunar-ROADSTER/lr_ws/install/cg_msgs/include/cg_msgs/cg_msgs/msg/detail/beacon_multi_tag__rosidl_typesupport_fastrtps_cpp.hpp
[37.238s] -- Installing: /home/williamfbx/Lunar-ROADSTER/lr_ws/install/cg_msgs/include/cg_msgs/cg_msgs/msg/detail/actuator_command__rosidl_typesupport_fastrtps_cpp.hpp
[37.239s] -- Installing: /home/williamfbx/Lunar-ROADSTER/lr_ws/install/cg_msgs/include/cg_msgs/cg_msgs/msg/detail/slip__rosidl_typesupport_fastrtps_cpp.hpp
[37.239s] -- Installing: /home/williamfbx/Lunar-ROADSTER/lr_ws/install/cg_msgs/include/cg_msgs/cg_msgs/msg/detail/mux_mode__rosidl_typesupport_fastrtps_cpp.hpp
[37.239s] -- Installing: /home/williamfbx/Lunar-ROADSTER/lr_ws/install/cg_msgs/include/cg_msgs/cg_msgs/msg/detail/actuator_state__rosidl_typesupport_fastrtps_cpp.hpp
[37.239s] -- Installing: /home/williamfbx/Lunar-ROADSTER/lr_ws/install/cg_msgs/include/cg_msgs/cg_msgs/msg/detail/beacon_tag__rosidl_typesupport_fastrtps_cpp.hpp
[37.239s] -- Installing: /home/williamfbx/Lunar-ROADSTER/lr_ws/install/cg_msgs/include/cg_msgs/cg_msgs/msg/detail/encoder_telemetry__rosidl_typesupport_fastrtps_cpp.hpp
[37.239s] -- Installing: /home/williamfbx/Lunar-ROADSTER/lr_ws/install/cg_msgs/include/cg_msgs/cg_msgs/msg/detail/trajectory__rosidl_typesupport_fastrtps_cpp.hpp
[37.239s] -- Installing: /home/williamfbx/Lunar-ROADSTER/lr_ws/install/cg_msgs/include/cg_msgs/cg_msgs/msg/detail/pose2_d__rosidl_typesupport_fastrtps_cpp.hpp
[37.239s] -- Installing: /home/williamfbx/Lunar-ROADSTER/lr_ws/install/cg_msgs/include/cg_msgs/cg_msgs/msg/detail/site_map__rosidl_typesupport_fastrtps_cpp.hpp
[37.239s] -- Installing: /home/williamfbx/Lunar-ROADSTER/lr_ws/install/cg_msgs/include/cg_msgs/cg_msgs/msg/detail/point2_d__rosidl_typesupport_fastrtps_cpp.hpp
[37.239s] -- Installing: /home/williamfbx/Lunar-ROADSTER/lr_ws/install/cg_msgs/lib/libcg_msgs__rosidl_typesupport_fastrtps_cpp.so
[37.239s] -- Set runtime path of "/home/williamfbx/Lunar-ROADSTER/lr_ws/install/cg_msgs/lib/libcg_msgs__rosidl_typesupport_fastrtps_cpp.so" to ""
[37.239s] -- Up-to-date: /home/williamfbx/Lunar-ROADSTER/lr_ws/install/cg_msgs/include/cg_msgs/cg_msgs
[37.239s] -- Up-to-date: /home/williamfbx/Lunar-ROADSTER/lr_ws/install/cg_msgs/include/cg_msgs/cg_msgs/srv
[37.240s] -- Up-to-date: /home/williamfbx/Lunar-ROADSTER/lr_ws/install/cg_msgs/include/cg_msgs/cg_msgs/srv/detail
[37.240s] -- Installing: /home/williamfbx/Lunar-ROADSTER/lr_ws/install/cg_msgs/include/cg_msgs/cg_msgs/srv/detail/enable_worksystem__type_support.c
[37.243s] -- Installing: /home/williamfbx/Lunar-ROADSTER/lr_ws/install/cg_msgs/include/cg_msgs/cg_msgs/srv/detail/enable_worksystem__rosidl_typesupport_introspection_c.h
[37.243s] -- Installing: /home/williamfbx/Lunar-ROADSTER/lr_ws/install/cg_msgs/include/cg_msgs/cg_msgs/srv/detail/update_trajectory__rosidl_typesupport_introspection_c.h
[37.243s] -- Installing: /home/williamfbx/Lunar-ROADSTER/lr_ws/install/cg_msgs/include/cg_msgs/cg_msgs/srv/detail/update_trajectory__type_support.c
[37.243s] -- Installing: /home/williamfbx/Lunar-ROADSTER/lr_ws/install/cg_msgs/include/cg_msgs/cg_msgs/srv/detail/save_map__type_support.c
[37.243s] -- Installing: /home/williamfbx/Lunar-ROADSTER/lr_ws/install/cg_msgs/include/cg_msgs/cg_msgs/srv/detail/site_map__rosidl_typesupport_introspection_c.h
[37.243s] -- Installing: /home/williamfbx/Lunar-ROADSTER/lr_ws/install/cg_msgs/include/cg_msgs/cg_msgs/srv/detail/site_map__type_support.c
[37.244s] -- Installing: /home/williamfbx/Lunar-ROADSTER/lr_ws/install/cg_msgs/include/cg_msgs/cg_msgs/srv/detail/save_map__rosidl_typesupport_introspection_c.h
[37.244s] -- Up-to-date: /home/williamfbx/Lunar-ROADSTER/lr_ws/install/cg_msgs/include/cg_msgs/cg_msgs/msg
[37.244s] -- Up-to-date: /home/williamfbx/Lunar-ROADSTER/lr_ws/install/cg_msgs/include/cg_msgs/cg_msgs/msg/detail
[37.244s] -- Installing: /home/williamfbx/Lunar-ROADSTER/lr_ws/install/cg_msgs/include/cg_msgs/cg_msgs/msg/detail/beacon_multi_tag__type_support.c
[37.244s] -- Installing: /home/williamfbx/Lunar-ROADSTER/lr_ws/install/cg_msgs/include/cg_msgs/cg_msgs/msg/detail/slip__type_support.c
[37.244s] -- Installing: /home/williamfbx/Lunar-ROADSTER/lr_ws/install/cg_msgs/include/cg_msgs/cg_msgs/msg/detail/mux_mode__type_support.c
[37.244s] -- Installing: /home/williamfbx/Lunar-ROADSTER/lr_ws/install/cg_msgs/include/cg_msgs/cg_msgs/msg/detail/mux_mode__rosidl_typesupport_introspection_c.h
[37.244s] -- Installing: /home/williamfbx/Lunar-ROADSTER/lr_ws/install/cg_msgs/include/cg_msgs/cg_msgs/msg/detail/actuator_command__rosidl_typesupport_introspection_c.h
[37.244s] -- Installing: /home/williamfbx/Lunar-ROADSTER/lr_ws/install/cg_msgs/include/cg_msgs/cg_msgs/msg/detail/actuator_state__rosidl_typesupport_introspection_c.h
[37.244s] -- Installing: /home/williamfbx/Lunar-ROADSTER/lr_ws/install/cg_msgs/include/cg_msgs/cg_msgs/msg/detail/pose2_d__type_support.c
[37.244s] -- Installing: /home/williamfbx/Lunar-ROADSTER/lr_ws/install/cg_msgs/include/cg_msgs/cg_msgs/msg/detail/slip__rosidl_typesupport_introspection_c.h
[37.244s] -- Installing: /home/williamfbx/Lunar-ROADSTER/lr_ws/install/cg_msgs/include/cg_msgs/cg_msgs/msg/detail/encoder_telemetry__type_support.c
[37.244s] -- Installing: /home/williamfbx/Lunar-ROADSTER/lr_ws/install/cg_msgs/include/cg_msgs/cg_msgs/msg/detail/actuator_command__type_support.c
[37.244s] -- Installing: /home/williamfbx/Lunar-ROADSTER/lr_ws/install/cg_msgs/include/cg_msgs/cg_msgs/msg/detail/point2_d__rosidl_typesupport_introspection_c.h
[37.244s] -- Installing: /home/williamfbx/Lunar-ROADSTER/lr_ws/install/cg_msgs/include/cg_msgs/cg_msgs/msg/detail/actuator_state__type_support.c
[37.244s] -- Installing: /home/williamfbx/Lunar-ROADSTER/lr_ws/install/cg_msgs/include/cg_msgs/cg_msgs/msg/detail/site_map__rosidl_typesupport_introspection_c.h
[37.244s] -- Installing: /home/williamfbx/Lunar-ROADSTER/lr_ws/install/cg_msgs/include/cg_msgs/cg_msgs/msg/detail/trajectory__rosidl_typesupport_introspection_c.h
[37.244s] -- Installing: /home/williamfbx/Lunar-ROADSTER/lr_ws/install/cg_msgs/include/cg_msgs/cg_msgs/msg/detail/beacon_multi_tag__rosidl_typesupport_introspection_c.h
[37.244s] -- Installing: /home/williamfbx/Lunar-ROADSTER/lr_ws/install/cg_msgs/include/cg_msgs/cg_msgs/msg/detail/point2_d__type_support.c
[37.244s] -- Installing: /home/williamfbx/Lunar-ROADSTER/lr_ws/install/cg_msgs/include/cg_msgs/cg_msgs/msg/detail/pose2_d__rosidl_typesupport_introspection_c.h
[37.245s] -- Installing: /home/williamfbx/Lunar-ROADSTER/lr_ws/install/cg_msgs/include/cg_msgs/cg_msgs/msg/detail/trajectory__type_support.c
[37.245s] -- Installing: /home/williamfbx/Lunar-ROADSTER/lr_ws/install/cg_msgs/include/cg_msgs/cg_msgs/msg/detail/encoder_telemetry__rosidl_typesupport_introspection_c.h
[37.245s] -- Installing: /home/williamfbx/Lunar-ROADSTER/lr_ws/install/cg_msgs/include/cg_msgs/cg_msgs/msg/detail/site_map__type_support.c
[37.245s] -- Installing: /home/williamfbx/Lunar-ROADSTER/lr_ws/install/cg_msgs/include/cg_msgs/cg_msgs/msg/detail/beacon_tag__type_support.c
[37.245s] -- Installing: /home/williamfbx/Lunar-ROADSTER/lr_ws/install/cg_msgs/include/cg_msgs/cg_msgs/msg/detail/beacon_tag__rosidl_typesupport_introspection_c.h
[37.245s] -- Installing: /home/williamfbx/Lunar-ROADSTER/lr_ws/install/cg_msgs/include/cg_msgs/cg_msgs/msg/rosidl_typesupport_introspection_c__visibility_control.h
[37.245s] -- Installing: /home/williamfbx/Lunar-ROADSTER/lr_ws/install/cg_msgs/lib/libcg_msgs__rosidl_typesupport_introspection_c.so
[37.251s] -- Set runtime path of "/home/williamfbx/Lunar-ROADSTER/lr_ws/install/cg_msgs/lib/libcg_msgs__rosidl_typesupport_introspection_c.so" to ""
[37.251s] -- Installing: /home/williamfbx/Lunar-ROADSTER/lr_ws/install/cg_msgs/lib/libcg_msgs__rosidl_typesupport_c.so
[37.255s] -- Set runtime path of "/home/williamfbx/Lunar-ROADSTER/lr_ws/install/cg_msgs/lib/libcg_msgs__rosidl_typesupport_c.so" to ""
[37.256s] -- Up-to-date: /home/williamfbx/Lunar-ROADSTER/lr_ws/install/cg_msgs/include/cg_msgs/cg_msgs
[37.256s] -- Up-to-date: /home/williamfbx/Lunar-ROADSTER/lr_ws/install/cg_msgs/include/cg_msgs/cg_msgs/srv
[37.256s] -- Up-to-date: /home/williamfbx/Lunar-ROADSTER/lr_ws/install/cg_msgs/include/cg_msgs/cg_msgs/srv/detail
[37.256s] -- Installing: /home/williamfbx/Lunar-ROADSTER/lr_ws/install/cg_msgs/include/cg_msgs/cg_msgs/srv/detail/enable_worksystem__rosidl_typesupport_introspection_cpp.hpp
[37.256s] -- Installing: /home/williamfbx/Lunar-ROADSTER/lr_ws/install/cg_msgs/include/cg_msgs/cg_msgs/srv/detail/site_map__type_support.cpp
[37.256s] -- Installing: /home/williamfbx/Lunar-ROADSTER/lr_ws/install/cg_msgs/include/cg_msgs/cg_msgs/srv/detail/update_trajectory__type_support.cpp
[37.256s] -- Installing: /home/williamfbx/Lunar-ROADSTER/lr_ws/install/cg_msgs/include/cg_msgs/cg_msgs/srv/detail/enable_worksystem__type_support.cpp
[37.256s] -- Installing: /home/williamfbx/Lunar-ROADSTER/lr_ws/install/cg_msgs/include/cg_msgs/cg_msgs/srv/detail/update_trajectory__rosidl_typesupport_introspection_cpp.hpp
[37.256s] -- Installing: /home/williamfbx/Lunar-ROADSTER/lr_ws/install/cg_msgs/include/cg_msgs/cg_msgs/srv/detail/save_map__type_support.cpp
[37.256s] -- Installing: /home/williamfbx/Lunar-ROADSTER/lr_ws/install/cg_msgs/include/cg_msgs/cg_msgs/srv/detail/site_map__rosidl_typesupport_introspection_cpp.hpp
[37.256s] -- Installing: /home/williamfbx/Lunar-ROADSTER/lr_ws/install/cg_msgs/include/cg_msgs/cg_msgs/srv/detail/save_map__rosidl_typesupport_introspection_cpp.hpp
[37.256s] -- Up-to-date: /home/williamfbx/Lunar-ROADSTER/lr_ws/install/cg_msgs/include/cg_msgs/cg_msgs/msg
[37.256s] -- Up-to-date: /home/williamfbx/Lunar-ROADSTER/lr_ws/install/cg_msgs/include/cg_msgs/cg_msgs/msg/detail
[37.256s] -- Installing: /home/williamfbx/Lunar-ROADSTER/lr_ws/install/cg_msgs/include/cg_msgs/cg_msgs/msg/detail/actuator_state__rosidl_typesupport_introspection_cpp.hpp
[37.256s] -- Installing: /home/williamfbx/Lunar-ROADSTER/lr_ws/install/cg_msgs/include/cg_msgs/cg_msgs/msg/detail/point2_d__type_support.cpp
[37.256s] -- Installing: /home/williamfbx/Lunar-ROADSTER/lr_ws/install/cg_msgs/include/cg_msgs/cg_msgs/msg/detail/mux_mode__rosidl_typesupport_introspection_cpp.hpp
[37.256s] -- Installing: /home/williamfbx/Lunar-ROADSTER/lr_ws/install/cg_msgs/include/cg_msgs/cg_msgs/msg/detail/beacon_multi_tag__rosidl_typesupport_introspection_cpp.hpp
[37.256s] -- Installing: /home/williamfbx/Lunar-ROADSTER/lr_ws/install/cg_msgs/include/cg_msgs/cg_msgs/msg/detail/site_map__type_support.cpp
[37.256s] -- Installing: /home/williamfbx/Lunar-ROADSTER/lr_ws/install/cg_msgs/include/cg_msgs/cg_msgs/msg/detail/encoder_telemetry__rosidl_typesupport_introspection_cpp.hpp
[37.257s] -- Installing: /home/williamfbx/Lunar-ROADSTER/lr_ws/install/cg_msgs/include/cg_msgs/cg_msgs/msg/detail/trajectory__type_support.cpp
[37.257s] -- Installing: /home/williamfbx/Lunar-ROADSTER/lr_ws/install/cg_msgs/include/cg_msgs/cg_msgs/msg/detail/slip__rosidl_typesupport_introspection_cpp.hpp
[37.257s] -- Installing: /home/williamfbx/Lunar-ROADSTER/lr_ws/install/cg_msgs/include/cg_msgs/cg_msgs/msg/detail/actuator_command__type_support.cpp
[37.257s] -- Installing: /home/williamfbx/Lunar-ROADSTER/lr_ws/install/cg_msgs/include/cg_msgs/cg_msgs/msg/detail/actuator_command__rosidl_typesupport_introspection_cpp.hpp
[37.257s] -- Installing: /home/williamfbx/Lunar-ROADSTER/lr_ws/install/cg_msgs/include/cg_msgs/cg_msgs/msg/detail/beacon_tag__type_support.cpp
[37.258s] -- Installing: /home/williamfbx/Lunar-ROADSTER/lr_ws/install/cg_msgs/include/cg_msgs/cg_msgs/msg/detail/encoder_telemetry__type_support.cpp
[37.259s] -- Installing: /home/williamfbx/Lunar-ROADSTER/lr_ws/install/cg_msgs/include/cg_msgs/cg_msgs/msg/detail/site_map__rosidl_typesupport_introspection_cpp.hpp
[37.259s] -- Installing: /home/williamfbx/Lunar-ROADSTER/lr_ws/install/cg_msgs/include/cg_msgs/cg_msgs/msg/detail/mux_mode__type_support.cpp
[37.259s] -- Installing: /home/williamfbx/Lunar-ROADSTER/lr_ws/install/cg_msgs/include/cg_msgs/cg_msgs/msg/detail/pose2_d__rosidl_typesupport_introspection_cpp.hpp
[37.259s] -- Installing: /home/williamfbx/Lunar-ROADSTER/lr_ws/install/cg_msgs/include/cg_msgs/cg_msgs/msg/detail/slip__type_support.cpp
[37.259s] -- Installing: /home/williamfbx/Lunar-ROADSTER/lr_ws/install/cg_msgs/include/cg_msgs/cg_msgs/msg/detail/pose2_d__type_support.cpp
[37.259s] -- Installing: /home/williamfbx/Lunar-ROADSTER/lr_ws/install/cg_msgs/include/cg_msgs/cg_msgs/msg/detail/actuator_state__type_support.cpp
[37.259s] -- Installing: /home/williamfbx/Lunar-ROADSTER/lr_ws/install/cg_msgs/include/cg_msgs/cg_msgs/msg/detail/beacon_multi_tag__type_support.cpp
[37.259s] -- Installing: /home/williamfbx/Lunar-ROADSTER/lr_ws/install/cg_msgs/include/cg_msgs/cg_msgs/msg/detail/trajectory__rosidl_typesupport_introspection_cpp.hpp
[37.259s] -- Installing: /home/williamfbx/Lunar-ROADSTER/lr_ws/install/cg_msgs/include/cg_msgs/cg_msgs/msg/detail/point2_d__rosidl_typesupport_introspection_cpp.hpp
[37.259s] -- Installing: /home/williamfbx/Lunar-ROADSTER/lr_ws/install/cg_msgs/include/cg_msgs/cg_msgs/msg/detail/beacon_tag__rosidl_typesupport_introspection_cpp.hpp
[37.259s] -- Installing: /home/williamfbx/Lunar-ROADSTER/lr_ws/install/cg_msgs/lib/libcg_msgs__rosidl_typesupport_introspection_cpp.so
[37.259s] -- Set runtime path of "/home/williamfbx/Lunar-ROADSTER/lr_ws/install/cg_msgs/lib/libcg_msgs__rosidl_typesupport_introspection_cpp.so" to ""
[37.266s] -- Installing: /home/williamfbx/Lunar-ROADSTER/lr_ws/install/cg_msgs/lib/libcg_msgs__rosidl_typesupport_cpp.so
[37.266s] -- Set runtime path of "/home/williamfbx/Lunar-ROADSTER/lr_ws/install/cg_msgs/lib/libcg_msgs__rosidl_typesupport_cpp.so" to ""
[37.266s] -- Installing: /home/williamfbx/Lunar-ROADSTER/lr_ws/install/cg_msgs/share/cg_msgs/environment/pythonpath.sh
[37.266s] -- Installing: /home/williamfbx/Lunar-ROADSTER/lr_ws/install/cg_msgs/share/cg_msgs/environment/pythonpath.dsv
[37.266s] -- Installing: /home/williamfbx/Lunar-ROADSTER/lr_ws/install/cg_msgs/local/lib/python3.10/dist-packages/cg_msgs-0.0.0-py3.10.egg-info
[37.266s] -- Installing: /home/williamfbx/Lunar-ROADSTER/lr_ws/install/cg_msgs/local/lib/python3.10/dist-packages/cg_msgs-0.0.0-py3.10.egg-info/dependency_links.txt
[37.267s] -- Installing: /home/williamfbx/Lunar-ROADSTER/lr_ws/install/cg_msgs/local/lib/python3.10/dist-packages/cg_msgs-0.0.0-py3.10.egg-info/SOURCES.txt
[37.267s] -- Installing: /home/williamfbx/Lunar-ROADSTER/lr_ws/install/cg_msgs/local/lib/python3.10/dist-packages/cg_msgs-0.0.0-py3.10.egg-info/PKG-INFO
[37.267s] -- Installing: /home/williamfbx/Lunar-ROADSTER/lr_ws/install/cg_msgs/local/lib/python3.10/dist-packages/cg_msgs-0.0.0-py3.10.egg-info/top_level.txt
[37.267s] -- Installing: /home/williamfbx/Lunar-ROADSTER/lr_ws/install/cg_msgs/local/lib/python3.10/dist-packages/cg_msgs
[37.267s] -- Installing: /home/williamfbx/Lunar-ROADSTER/lr_ws/install/cg_msgs/local/lib/python3.10/dist-packages/cg_msgs/cg_msgs_s__rosidl_typesupport_c.cpython-310-x86_64-linux-gnu.so
[37.267s] -- Installing: /home/williamfbx/Lunar-ROADSTER/lr_ws/install/cg_msgs/local/lib/python3.10/dist-packages/cg_msgs/libcg_msgs__rosidl_generator_py.so
[37.267s] -- Installing: /home/williamfbx/Lunar-ROADSTER/lr_ws/install/cg_msgs/local/lib/python3.10/dist-packages/cg_msgs/cg_msgs_s__rosidl_typesupport_fastrtps_c.cpython-310-x86_64-linux-gnu.so
[37.267s] -- Installing: /home/williamfbx/Lunar-ROADSTER/lr_ws/install/cg_msgs/local/lib/python3.10/dist-packages/cg_msgs/_cg_msgs_s.ep.rosidl_typesupport_fastrtps_c.c
[37.267s] -- Installing: /home/williamfbx/Lunar-ROADSTER/lr_ws/install/cg_msgs/local/lib/python3.10/dist-packages/cg_msgs/srv
[37.267s] -- Installing: /home/williamfbx/Lunar-ROADSTER/lr_ws/install/cg_msgs/local/lib/python3.10/dist-packages/cg_msgs/srv/_save_map.py
[37.267s] -- Installing: /home/williamfbx/Lunar-ROADSTER/lr_ws/install/cg_msgs/local/lib/python3.10/dist-packages/cg_msgs/srv/_site_map.py
[37.267s] -- Installing: /home/williamfbx/Lunar-ROADSTER/lr_ws/install/cg_msgs/local/lib/python3.10/dist-packages/cg_msgs/srv/_enable_worksystem_s.c
[37.267s] -- Installing: /home/williamfbx/Lunar-ROADSTER/lr_ws/install/cg_msgs/local/lib/python3.10/dist-packages/cg_msgs/srv/_enable_worksystem.py
[37.267s] -- Installing: /home/williamfbx/Lunar-ROADSTER/lr_ws/install/cg_msgs/local/lib/python3.10/dist-packages/cg_msgs/srv/_save_map_s.c
[37.267s] -- Installing: /home/williamfbx/Lunar-ROADSTER/lr_ws/install/cg_msgs/local/lib/python3.10/dist-packages/cg_msgs/srv/_update_trajectory.py
[37.268s] -- Installing: /home/williamfbx/Lunar-ROADSTER/lr_ws/install/cg_msgs/local/lib/python3.10/dist-packages/cg_msgs/srv/_site_map_s.c
[37.268s] -- Installing: /home/williamfbx/Lunar-ROADSTER/lr_ws/install/cg_msgs/local/lib/python3.10/dist-packages/cg_msgs/srv/_update_trajectory_s.c
[37.268s] -- Installing: /home/williamfbx/Lunar-ROADSTER/lr_ws/install/cg_msgs/local/lib/python3.10/dist-packages/cg_msgs/srv/__init__.py
[37.268s] -- Installing: /home/williamfbx/Lunar-ROADSTER/lr_ws/install/cg_msgs/local/lib/python3.10/dist-packages/cg_msgs/_cg_msgs_s.ep.rosidl_typesupport_introspection_c.c
[37.268s] -- Installing: /home/williamfbx/Lunar-ROADSTER/lr_ws/install/cg_msgs/local/lib/python3.10/dist-packages/cg_msgs/cg_msgs_s__rosidl_typesupport_introspection_c.cpython-310-x86_64-linux-gnu.so
[37.268s] -- Installing: /home/williamfbx/Lunar-ROADSTER/lr_ws/install/cg_msgs/local/lib/python3.10/dist-packages/cg_msgs/__init__.py
[37.268s] -- Installing: /home/williamfbx/Lunar-ROADSTER/lr_ws/install/cg_msgs/local/lib/python3.10/dist-packages/cg_msgs/_cg_msgs_s.ep.rosidl_typesupport_c.c
[37.268s] -- Installing: /home/williamfbx/Lunar-ROADSTER/lr_ws/install/cg_msgs/local/lib/python3.10/dist-packages/cg_msgs/msg
[37.268s] -- Installing: /home/williamfbx/Lunar-ROADSTER/lr_ws/install/cg_msgs/local/lib/python3.10/dist-packages/cg_msgs/msg/_trajectory_s.c
[37.268s] -- Installing: /home/williamfbx/Lunar-ROADSTER/lr_ws/install/cg_msgs/local/lib/python3.10/dist-packages/cg_msgs/msg/_actuator_command_s.c
[37.268s] -- Installing: /home/williamfbx/Lunar-ROADSTER/lr_ws/install/cg_msgs/local/lib/python3.10/dist-packages/cg_msgs/msg/_slip.py
[37.268s] -- Installing: /home/williamfbx/Lunar-ROADSTER/lr_ws/install/cg_msgs/local/lib/python3.10/dist-packages/cg_msgs/msg/_mux_mode_s.c
[37.268s] -- Installing: /home/williamfbx/Lunar-ROADSTER/lr_ws/install/cg_msgs/local/lib/python3.10/dist-packages/cg_msgs/msg/_point2_d.py
[37.268s] -- Installing: /home/williamfbx/Lunar-ROADSTER/lr_ws/install/cg_msgs/local/lib/python3.10/dist-packages/cg_msgs/msg/_slip_s.c
[37.268s] -- Installing: /home/williamfbx/Lunar-ROADSTER/lr_ws/install/cg_msgs/local/lib/python3.10/dist-packages/cg_msgs/msg/_site_map.py
[37.268s] -- Installing: /home/williamfbx/Lunar-ROADSTER/lr_ws/install/cg_msgs/local/lib/python3.10/dist-packages/cg_msgs/msg/_encoder_telemetry.py
[37.268s] -- Installing: /home/williamfbx/Lunar-ROADSTER/lr_ws/install/cg_msgs/local/lib/python3.10/dist-packages/cg_msgs/msg/_actuator_command.py
[37.268s] -- Installing: /home/williamfbx/Lunar-ROADSTER/lr_ws/install/cg_msgs/local/lib/python3.10/dist-packages/cg_msgs/msg/_trajectory.py
[37.268s] -- Installing: /home/williamfbx/Lunar-ROADSTER/lr_ws/install/cg_msgs/local/lib/python3.10/dist-packages/cg_msgs/msg/_mux_mode.py
[37.268s] -- Installing: /home/williamfbx/Lunar-ROADSTER/lr_ws/install/cg_msgs/local/lib/python3.10/dist-packages/cg_msgs/msg/_beacon_multi_tag_s.c
[37.269s] -- Installing: /home/williamfbx/Lunar-ROADSTER/lr_ws/install/cg_msgs/local/lib/python3.10/dist-packages/cg_msgs/msg/_beacon_tag.py
[37.269s] -- Installing: /home/williamfbx/Lunar-ROADSTER/lr_ws/install/cg_msgs/local/lib/python3.10/dist-packages/cg_msgs/msg/_pose2_d.py
[37.269s] -- Installing: /home/williamfbx/Lunar-ROADSTER/lr_ws/install/cg_msgs/local/lib/python3.10/dist-packages/cg_msgs/msg/_site_map_s.c
[37.269s] -- Installing: /home/williamfbx/Lunar-ROADSTER/lr_ws/install/cg_msgs/local/lib/python3.10/dist-packages/cg_msgs/msg/_beacon_multi_tag.py
[37.269s] -- Installing: /home/williamfbx/Lunar-ROADSTER/lr_ws/install/cg_msgs/local/lib/python3.10/dist-packages/cg_msgs/msg/_pose2_d_s.c
[37.269s] -- Installing: /home/williamfbx/Lunar-ROADSTER/lr_ws/install/cg_msgs/local/lib/python3.10/dist-packages/cg_msgs/msg/_beacon_tag_s.c
[37.269s] -- Installing: /home/williamfbx/Lunar-ROADSTER/lr_ws/install/cg_msgs/local/lib/python3.10/dist-packages/cg_msgs/msg/_actuator_state.py
[37.269s] -- Installing: /home/williamfbx/Lunar-ROADSTER/lr_ws/install/cg_msgs/local/lib/python3.10/dist-packages/cg_msgs/msg/_actuator_state_s.c
[37.269s] -- Installing: /home/williamfbx/Lunar-ROADSTER/lr_ws/install/cg_msgs/local/lib/python3.10/dist-packages/cg_msgs/msg/_encoder_telemetry_s.c
[37.269s] -- Installing: /home/williamfbx/Lunar-ROADSTER/lr_ws/install/cg_msgs/local/lib/python3.10/dist-packages/cg_msgs/msg/__init__.py
[37.269s] -- Installing: /home/williamfbx/Lunar-ROADSTER/lr_ws/install/cg_msgs/local/lib/python3.10/dist-packages/cg_msgs/msg/_point2_d_s.c
[37.470s] Listing '/home/williamfbx/Lunar-ROADSTER/lr_ws/install/cg_msgs/local/lib/python3.10/dist-packages/cg_msgs'...
[37.470s] Compiling '/home/williamfbx/Lunar-ROADSTER/lr_ws/install/cg_msgs/local/lib/python3.10/dist-packages/cg_msgs/__init__.py'...
[37.470s] Listing '/home/williamfbx/Lunar-ROADSTER/lr_ws/install/cg_msgs/local/lib/python3.10/dist-packages/cg_msgs/msg'...
[37.470s] Compiling '/home/williamfbx/Lunar-ROADSTER/lr_ws/install/cg_msgs/local/lib/python3.10/dist-packages/cg_msgs/msg/__init__.py'...
[37.470s] Compiling '/home/williamfbx/Lunar-ROADSTER/lr_ws/install/cg_msgs/local/lib/python3.10/dist-packages/cg_msgs/msg/_actuator_command.py'...
[37.470s] Compiling '/home/williamfbx/Lunar-ROADSTER/lr_ws/install/cg_msgs/local/lib/python3.10/dist-packages/cg_msgs/msg/_actuator_state.py'...
[37.471s] Compiling '/home/williamfbx/Lunar-ROADSTER/lr_ws/install/cg_msgs/local/lib/python3.10/dist-packages/cg_msgs/msg/_beacon_multi_tag.py'...
[37.471s] Compiling '/home/williamfbx/Lunar-ROADSTER/lr_ws/install/cg_msgs/local/lib/python3.10/dist-packages/cg_msgs/msg/_beacon_tag.py'...
[37.471s] Compiling '/home/williamfbx/Lunar-ROADSTER/lr_ws/install/cg_msgs/local/lib/python3.10/dist-packages/cg_msgs/msg/_encoder_telemetry.py'...
[37.471s] Compiling '/home/williamfbx/Lunar-ROADSTER/lr_ws/install/cg_msgs/local/lib/python3.10/dist-packages/cg_msgs/msg/_mux_mode.py'...
[37.471s] Compiling '/home/williamfbx/Lunar-ROADSTER/lr_ws/install/cg_msgs/local/lib/python3.10/dist-packages/cg_msgs/msg/_point2_d.py'...
[37.471s] Compiling '/home/williamfbx/Lunar-ROADSTER/lr_ws/install/cg_msgs/local/lib/python3.10/dist-packages/cg_msgs/msg/_pose2_d.py'...
[37.471s] Compiling '/home/williamfbx/Lunar-ROADSTER/lr_ws/install/cg_msgs/local/lib/python3.10/dist-packages/cg_msgs/msg/_site_map.py'...
[37.471s] Compiling '/home/williamfbx/Lunar-ROADSTER/lr_ws/install/cg_msgs/local/lib/python3.10/dist-packages/cg_msgs/msg/_slip.py'...
[37.471s] Compiling '/home/williamfbx/Lunar-ROADSTER/lr_ws/install/cg_msgs/local/lib/python3.10/dist-packages/cg_msgs/msg/_trajectory.py'...
[37.471s] Listing '/home/williamfbx/Lunar-ROADSTER/lr_ws/install/cg_msgs/local/lib/python3.10/dist-packages/cg_msgs/srv'...
[37.471s] Compiling '/home/williamfbx/Lunar-ROADSTER/lr_ws/install/cg_msgs/local/lib/python3.10/dist-packages/cg_msgs/srv/__init__.py'...
[37.471s] Compiling '/home/williamfbx/Lunar-ROADSTER/lr_ws/install/cg_msgs/local/lib/python3.10/dist-packages/cg_msgs/srv/_enable_worksystem.py'...
[37.471s] Compiling '/home/williamfbx/Lunar-ROADSTER/lr_ws/install/cg_msgs/local/lib/python3.10/dist-packages/cg_msgs/srv/_save_map.py'...
[37.471s] Compiling '/home/williamfbx/Lunar-ROADSTER/lr_ws/install/cg_msgs/local/lib/python3.10/dist-packages/cg_msgs/srv/_site_map.py'...
[37.471s] Compiling '/home/williamfbx/Lunar-ROADSTER/lr_ws/install/cg_msgs/local/lib/python3.10/dist-packages/cg_msgs/srv/_update_trajectory.py'...
[37.478s] -- Installing: /home/williamfbx/Lunar-ROADSTER/lr_ws/install/cg_msgs/local/lib/python3.10/dist-packages/cg_msgs/cg_msgs_s__rosidl_typesupport_fastrtps_c.cpython-310-x86_64-linux-gnu.so
[37.480s] -- Set runtime path of "/home/williamfbx/Lunar-ROADSTER/lr_ws/install/cg_msgs/local/lib/python3.10/dist-packages/cg_msgs/cg_msgs_s__rosidl_typesupport_fastrtps_c.cpython-310-x86_64-linux-gnu.so" to ""
[37.480s] -- Installing: /home/williamfbx/Lunar-ROADSTER/lr_ws/install/cg_msgs/local/lib/python3.10/dist-packages/cg_msgs/cg_msgs_s__rosidl_typesupport_introspection_c.cpython-310-x86_64-linux-gnu.so
[37.480s] -- Set runtime path of "/home/williamfbx/Lunar-ROADSTER/lr_ws/install/cg_msgs/local/lib/python3.10/dist-packages/cg_msgs/cg_msgs_s__rosidl_typesupport_introspection_c.cpython-310-x86_64-linux-gnu.so" to ""
[37.481s] -- Installing: /home/williamfbx/Lunar-ROADSTER/lr_ws/install/cg_msgs/local/lib/python3.10/dist-packages/cg_msgs/cg_msgs_s__rosidl_typesupport_c.cpython-310-x86_64-linux-gnu.so
[37.481s] -- Set runtime path of "/home/williamfbx/Lunar-ROADSTER/lr_ws/install/cg_msgs/local/lib/python3.10/dist-packages/cg_msgs/cg_msgs_s__rosidl_typesupport_c.cpython-310-x86_64-linux-gnu.so" to ""
[37.482s] -- Installing: /home/williamfbx/Lunar-ROADSTER/lr_ws/install/cg_msgs/lib/libcg_msgs__rosidl_generator_py.so
[37.483s] -- Set runtime path of "/home/williamfbx/Lunar-ROADSTER/lr_ws/install/cg_msgs/lib/libcg_msgs__rosidl_generator_py.so" to ""
[37.483s] -- Installing: /home/williamfbx/Lunar-ROADSTER/lr_ws/install/cg_msgs/share/cg_msgs/msg/ActuatorCommand.idl
[37.487s] -- Installing: /home/williamfbx/Lunar-ROADSTER/lr_ws/install/cg_msgs/share/cg_msgs/msg/BeaconTag.idl
[37.487s] -- Installing: /home/williamfbx/Lunar-ROADSTER/lr_ws/install/cg_msgs/share/cg_msgs/msg/BeaconMultiTag.idl
[37.490s] -- Installing: /home/williamfbx/Lunar-ROADSTER/lr_ws/install/cg_msgs/share/cg_msgs/msg/EncoderTelemetry.idl
[37.490s] -- Installing: /home/williamfbx/Lunar-ROADSTER/lr_ws/install/cg_msgs/share/cg_msgs/msg/Point2D.idl
[37.490s] -- Installing: /home/williamfbx/Lunar-ROADSTER/lr_ws/install/cg_msgs/share/cg_msgs/msg/Pose2D.idl
[37.490s] -- Installing: /home/williamfbx/Lunar-ROADSTER/lr_ws/install/cg_msgs/share/cg_msgs/msg/Slip.idl
[37.491s] -- Installing: /home/williamfbx/Lunar-ROADSTER/lr_ws/install/cg_msgs/share/cg_msgs/msg/MuxMode.idl
[37.491s] -- Installing: /home/williamfbx/Lunar-ROADSTER/lr_ws/install/cg_msgs/share/cg_msgs/msg/ActuatorState.idl
[37.491s] -- Installing: /home/williamfbx/Lunar-ROADSTER/lr_ws/install/cg_msgs/share/cg_msgs/msg/SiteMap.idl
[37.492s] -- Installing: /home/williamfbx/Lunar-ROADSTER/lr_ws/install/cg_msgs/share/cg_msgs/msg/Trajectory.idl
[37.492s] -- Installing: /home/williamfbx/Lunar-ROADSTER/lr_ws/install/cg_msgs/share/cg_msgs/srv/SiteMap.idl
[37.493s] -- Installing: /home/williamfbx/Lunar-ROADSTER/lr_ws/install/cg_msgs/share/cg_msgs/srv/UpdateTrajectory.idl
[37.494s] -- Installing: /home/williamfbx/Lunar-ROADSTER/lr_ws/install/cg_msgs/share/cg_msgs/srv/EnableWorksystem.idl
[37.494s] -- Installing: /home/williamfbx/Lunar-ROADSTER/lr_ws/install/cg_msgs/share/cg_msgs/srv/SaveMap.idl
[37.494s] -- Installing: /home/williamfbx/Lunar-ROADSTER/lr_ws/install/cg_msgs/share/cg_msgs/srv/SiteMap.srv
[37.494s] -- Installing: /home/williamfbx/Lunar-ROADSTER/lr_ws/install/cg_msgs/share/cg_msgs/srv/SiteMap_Request.msg
[37.494s] -- Installing: /home/williamfbx/Lunar-ROADSTER/lr_ws/install/cg_msgs/share/cg_msgs/srv/SiteMap_Response.msg
[37.494s] -- Installing: /home/williamfbx/Lunar-ROADSTER/lr_ws/install/cg_msgs/share/cg_msgs/srv/UpdateTrajectory.srv
[37.494s] -- Installing: /home/williamfbx/Lunar-ROADSTER/lr_ws/install/cg_msgs/share/cg_msgs/srv/UpdateTrajectory_Request.msg
[37.497s] -- Installing: /home/williamfbx/Lunar-ROADSTER/lr_ws/install/cg_msgs/share/cg_msgs/srv/UpdateTrajectory_Response.msg
[37.498s] -- Installing: /home/williamfbx/Lunar-ROADSTER/lr_ws/install/cg_msgs/share/cg_msgs/srv/EnableWorksystem.srv
[37.500s] -- Installing: /home/williamfbx/Lunar-ROADSTER/lr_ws/install/cg_msgs/share/cg_msgs/srv/EnableWorksystem_Request.msg
[37.500s] -- Installing: /home/williamfbx/Lunar-ROADSTER/lr_ws/install/cg_msgs/share/cg_msgs/srv/EnableWorksystem_Response.msg
[37.500s] -- Installing: /home/williamfbx/Lunar-ROADSTER/lr_ws/install/cg_msgs/share/cg_msgs/srv/SaveMap.srv
[37.500s] -- Installing: /home/williamfbx/Lunar-ROADSTER/lr_ws/install/cg_msgs/share/cg_msgs/srv/SaveMap_Request.msg
[37.500s] -- Installing: /home/williamfbx/Lunar-ROADSTER/lr_ws/install/cg_msgs/share/cg_msgs/srv/SaveMap_Response.msg
[37.500s] -- Installing: /home/williamfbx/Lunar-ROADSTER/lr_ws/install/cg_msgs/share/ament_index/resource_index/package_run_dependencies/cg_msgs
[37.502s] -- Installing: /home/williamfbx/Lunar-ROADSTER/lr_ws/install/cg_msgs/share/ament_index/resource_index/parent_prefix_path/cg_msgs
[37.506s] -- Installing: /home/williamfbx/Lunar-ROADSTER/lr_ws/install/cg_msgs/share/cg_msgs/environment/ament_prefix_path.sh
[37.506s] -- Installing: /home/williamfbx/Lunar-ROADSTER/lr_ws/install/cg_msgs/share/cg_msgs/environment/ament_prefix_path.dsv
[37.506s] -- Installing: /home/williamfbx/Lunar-ROADSTER/lr_ws/install/cg_msgs/share/cg_msgs/environment/path.sh
[37.506s] -- Installing: /home/williamfbx/Lunar-ROADSTER/lr_ws/install/cg_msgs/share/cg_msgs/environment/path.dsv
[37.506s] -- Installing: /home/williamfbx/Lunar-ROADSTER/lr_ws/install/cg_msgs/share/cg_msgs/local_setup.bash
[37.507s] -- Installing: /home/williamfbx/Lunar-ROADSTER/lr_ws/install/cg_msgs/share/cg_msgs/local_setup.sh
[37.507s] -- Installing: /home/williamfbx/Lunar-ROADSTER/lr_ws/install/cg_msgs/share/cg_msgs/local_setup.zsh
[37.507s] -- Installing: /home/williamfbx/Lunar-ROADSTER/lr_ws/install/cg_msgs/share/cg_msgs/local_setup.dsv
[37.507s] -- Installing: /home/williamfbx/Lunar-ROADSTER/lr_ws/install/cg_msgs/share/cg_msgs/package.dsv
[37.507s] -- Installing: /home/williamfbx/Lunar-ROADSTER/lr_ws/install/cg_msgs/share/ament_index/resource_index/packages/cg_msgs
[37.507s] -- Installing: /home/williamfbx/Lunar-ROADSTER/lr_ws/install/cg_msgs/share/cg_msgs/cmake/export_cg_msgs__rosidl_generator_cExport.cmake
[37.507s] -- Installing: /home/williamfbx/Lunar-ROADSTER/lr_ws/install/cg_msgs/share/cg_msgs/cmake/export_cg_msgs__rosidl_generator_cExport-noconfig.cmake
[37.507s] -- Installing: /home/williamfbx/Lunar-ROADSTER/lr_ws/install/cg_msgs/share/cg_msgs/cmake/export_cg_msgs__rosidl_typesupport_fastrtps_cExport.cmake
[37.507s] -- Installing: /home/williamfbx/Lunar-ROADSTER/lr_ws/install/cg_msgs/share/cg_msgs/cmake/export_cg_msgs__rosidl_typesupport_fastrtps_cExport-noconfig.cmake
[37.507s] -- Installing: /home/williamfbx/Lunar-ROADSTER/lr_ws/install/cg_msgs/share/cg_msgs/cmake/export_cg_msgs__rosidl_generator_cppExport.cmake
[37.507s] -- Installing: /home/williamfbx/Lunar-ROADSTER/lr_ws/install/cg_msgs/share/cg_msgs/cmake/export_cg_msgs__rosidl_typesupport_fastrtps_cppExport.cmake
[37.507s] -- Installing: /home/williamfbx/Lunar-ROADSTER/lr_ws/install/cg_msgs/share/cg_msgs/cmake/export_cg_msgs__rosidl_typesupport_fastrtps_cppExport-noconfig.cmake
[37.507s] -- Installing: /home/williamfbx/Lunar-ROADSTER/lr_ws/install/cg_msgs/share/cg_msgs/cmake/cg_msgs__rosidl_typesupport_introspection_cExport.cmake
[37.507s] -- Installing: /home/williamfbx/Lunar-ROADSTER/lr_ws/install/cg_msgs/share/cg_msgs/cmake/cg_msgs__rosidl_typesupport_introspection_cExport-noconfig.cmake
[37.507s] -- Installing: /home/williamfbx/Lunar-ROADSTER/lr_ws/install/cg_msgs/share/cg_msgs/cmake/cg_msgs__rosidl_typesupport_cExport.cmake
[37.507s] -- Installing: /home/williamfbx/Lunar-ROADSTER/lr_ws/install/cg_msgs/share/cg_msgs/cmake/cg_msgs__rosidl_typesupport_cExport-noconfig.cmake
[37.507s] -- Installing: /home/williamfbx/Lunar-ROADSTER/lr_ws/install/cg_msgs/share/cg_msgs/cmake/cg_msgs__rosidl_typesupport_introspection_cppExport.cmake
[37.508s] -- Installing: /home/williamfbx/Lunar-ROADSTER/lr_ws/install/cg_msgs/share/cg_msgs/cmake/cg_msgs__rosidl_typesupport_introspection_cppExport-noconfig.cmake
[37.508s] -- Installing: /home/williamfbx/Lunar-ROADSTER/lr_ws/install/cg_msgs/share/cg_msgs/cmake/cg_msgs__rosidl_typesupport_cppExport.cmake
[37.508s] -- Installing: /home/williamfbx/Lunar-ROADSTER/lr_ws/install/cg_msgs/share/cg_msgs/cmake/cg_msgs__rosidl_typesupport_cppExport-noconfig.cmake
[37.508s] -- Installing: /home/williamfbx/Lunar-ROADSTER/lr_ws/install/cg_msgs/share/cg_msgs/cmake/export_cg_msgs__rosidl_generator_pyExport.cmake
[37.508s] -- Installing: /home/williamfbx/Lunar-ROADSTER/lr_ws/install/cg_msgs/share/cg_msgs/cmake/export_cg_msgs__rosidl_generator_pyExport-noconfig.cmake
[37.508s] -- Installing: /home/williamfbx/Lunar-ROADSTER/lr_ws/install/cg_msgs/share/cg_msgs/cmake/rosidl_cmake-extras.cmake
[37.508s] -- Installing: /home/williamfbx/Lunar-ROADSTER/lr_ws/install/cg_msgs/share/cg_msgs/cmake/ament_cmake_export_dependencies-extras.cmake
[37.508s] -- Installing: /home/williamfbx/Lunar-ROADSTER/lr_ws/install/cg_msgs/share/cg_msgs/cmake/ament_cmake_export_include_directories-extras.cmake
[37.508s] -- Installing: /home/williamfbx/Lunar-ROADSTER/lr_ws/install/cg_msgs/share/cg_msgs/cmake/ament_cmake_export_libraries-extras.cmake
[37.508s] -- Installing: /home/williamfbx/Lunar-ROADSTER/lr_ws/install/cg_msgs/share/cg_msgs/cmake/ament_cmake_export_targets-extras.cmake
[37.508s] -- Installing: /home/williamfbx/Lunar-ROADSTER/lr_ws/install/cg_msgs/share/cg_msgs/cmake/rosidl_cmake_export_typesupport_targets-extras.cmake
[37.508s] -- Installing: /home/williamfbx/Lunar-ROADSTER/lr_ws/install/cg_msgs/share/cg_msgs/cmake/rosidl_cmake_export_typesupport_libraries-extras.cmake
[37.508s] -- Installing: /home/williamfbx/Lunar-ROADSTER/lr_ws/install/cg_msgs/share/cg_msgs/cmake/cg_msgsConfig.cmake
[37.508s] -- Installing: /home/williamfbx/Lunar-ROADSTER/lr_ws/install/cg_msgs/share/cg_msgs/cmake/cg_msgsConfig-version.cmake
[37.508s] -- Installing: /home/williamfbx/Lunar-ROADSTER/lr_ws/install/cg_msgs/share/cg_msgs/package.xml
[37.570s] Invoked command in '/home/williamfbx/Lunar-ROADSTER/lr_ws/build/cg_msgs' returned '0': CMAKE_PREFIX_PATH=${CMAKE_PREFIX_PATH}:/opt/ros/humble /usr/bin/cmake --install /home/williamfbx/Lunar-ROADSTER/lr_ws/build/cg_msgs
