-- The C compiler identification is GNU 11.4.0
-- The CXX compiler identification is GNU 11.4.0
-- Detecting C compiler ABI info
-- Detecting C compiler ABI info - done
-- Check for working C compiler: /usr/bin/cc - skipped
-- Detecting C compile features
-- Detecting C compile features - done
-- Detecting CXX compiler ABI info
-- Detecting CXX compiler ABI info - done
-- Check for working CXX compiler: /usr/bin/c++ - skipped
-- Detecting CXX compile features
-- Detecting CXX compile features - done
-- Found ament_cmake: 1.3.11 (/opt/ros/humble/share/ament_cmake/cmake)
-- Found Python3: /usr/bin/python3 (found version "3.10.12") found components: Interpreter 
-- Found rclcpp: 16.0.11 (/opt/ros/humble/share/rclcpp/cmake)
-- Found rosidl_generator_c: 3.1.6 (/opt/ros/humble/share/rosidl_generator_c/cmake)
-- Found rosidl_adapter: 3.1.6 (/opt/ros/humble/share/rosidl_adapter/cmake)
-- Found rosidl_generator_cpp: 3.1.6 (/opt/ros/humble/share/rosidl_generator_cpp/cmake)
-- Using all available rosidl_typesupport_c: rosidl_typesupport_fastrtps_c;rosidl_typesupport_introspection_c
-- Using all available rosidl_typesupport_cpp: rosidl_typesupport_fastrtps_cpp;rosidl_typesupport_introspection_cpp
-- Found rmw_implementation_cmake: 6.1.2 (/opt/ros/humble/share/rmw_implementation_cmake/cmake)
-- Found rmw_fastrtps_cpp: 6.2.7 (/opt/ros/humble/share/rmw_fastrtps_cpp/cmake)
-- Found OpenSSL: /usr/lib/x86_64-linux-gnu/libcrypto.so (found version "3.0.2")  
-- Found FastRTPS: /opt/ros/humble/include  
-- Using RMW implementation 'rmw_fastrtps_cpp' as default
-- Looking for pthread.h
-- Looking for pthread.h - found
-- Performing Test CMAKE_HAVE_LIBC_PTHREAD
-- Performing Test CMAKE_HAVE_LIBC_PTHREAD - Success
-- Found Threads: TRUE  
-- Found rclcpp_components: 16.0.11 (/opt/ros/humble/share/rclcpp_components/cmake)
-- Found cg_msgs: 0.0.0 (/home/williamfbx/Lunar-ROADSTER/lr_ws/install/cg_msgs/share/cg_msgs/cmake)
-- Found diagnostic_updater: 4.0.2 (/opt/ros/humble/share/diagnostic_updater/cmake)
-- Found ament_lint_auto: 0.12.11 (/opt/ros/humble/share/ament_lint_auto/cmake)
-- Added test 'copyright' to check source files copyright and LICENSE
-- Added test 'cppcheck' to perform static code analysis on C / C++ code
-- Configured cppcheck include dirs: /home/williamfbx/Lunar-ROADSTER/lr_ws/src/arduino/include
-- Configured cppcheck exclude dirs and/or files: 
-- Added test 'cpplint' to check C / C++ code against the Google style
-- Configured cpplint exclude dirs and/or files: 
-- Added test 'lint_cmake' to check CMake code style
-- Added test 'uncrustify' to check C / C++ code style
-- Configured uncrustify additional arguments: 
-- Added test 'xmllint' to check XML markup files
-- Configuring done
-- Generating done
-- Build files have been written to: /home/williamfbx/Lunar-ROADSTER/lr_ws/build/arduino
[ 33%] [32mBuilding CXX object CMakeFiles/serial_interface_node.dir/src/serial_interface_main.cpp.o[0m
[ 66%] [32mBuilding CXX object CMakeFiles/serial_interface_node.dir/src/serial_interface_node.cpp.o[0m
[100%] [32m[1mLinking CXX executable serial_interface_node[0m
[100%] Built target serial_interface_node
-- Install configuration: ""
-- Installing: /home/williamfbx/Lunar-ROADSTER/lr_ws/install/arduino/lib/arduino/serial_interface_node
-- Set runtime path of "/home/williamfbx/Lunar-ROADSTER/lr_ws/install/arduino/lib/arduino/serial_interface_node" to ""
-- Installing: /home/williamfbx/Lunar-ROADSTER/lr_ws/install/arduino/include/arduino
-- Installing: /home/williamfbx/Lunar-ROADSTER/lr_ws/install/arduino/include/arduino/serial_interface_node.hpp
-- Installing: /home/williamfbx/Lunar-ROADSTER/lr_ws/install/arduino/share/arduino//config
-- Installing: /home/williamfbx/Lunar-ROADSTER/lr_ws/install/arduino/share/arduino//config/device_params.yaml
-- Installing: /home/williamfbx/Lunar-ROADSTER/lr_ws/install/arduino/share/arduino//config/scale_offset_params.yaml
-- Installing: /home/williamfbx/Lunar-ROADSTER/lr_ws/install/arduino/share/arduino//config/diagnostic_params.yaml
-- Installing: /home/williamfbx/Lunar-ROADSTER/lr_ws/install/arduino/share/ament_index/resource_index/package_run_dependencies/arduino
-- Installing: /home/williamfbx/Lunar-ROADSTER/lr_ws/install/arduino/share/ament_index/resource_index/parent_prefix_path/arduino
-- Installing: /home/williamfbx/Lunar-ROADSTER/lr_ws/install/arduino/share/arduino/environment/ament_prefix_path.sh
-- Installing: /home/williamfbx/Lunar-ROADSTER/lr_ws/install/arduino/share/arduino/environment/ament_prefix_path.dsv
-- Installing: /home/williamfbx/Lunar-ROADSTER/lr_ws/install/arduino/share/arduino/environment/path.sh
-- Installing: /home/williamfbx/Lunar-ROADSTER/lr_ws/install/arduino/share/arduino/environment/path.dsv
-- Installing: /home/williamfbx/Lunar-ROADSTER/lr_ws/install/arduino/share/arduino/local_setup.bash
-- Installing: /home/williamfbx/Lunar-ROADSTER/lr_ws/install/arduino/share/arduino/local_setup.sh
-- Installing: /home/williamfbx/Lunar-ROADSTER/lr_ws/install/arduino/share/arduino/local_setup.zsh
-- Installing: /home/williamfbx/Lunar-ROADSTER/lr_ws/install/arduino/share/arduino/local_setup.dsv
-- Installing: /home/williamfbx/Lunar-ROADSTER/lr_ws/install/arduino/share/arduino/package.dsv
-- Installing: /home/williamfbx/Lunar-ROADSTER/lr_ws/install/arduino/share/ament_index/resource_index/packages/arduino
-- Installing: /home/williamfbx/Lunar-ROADSTER/lr_ws/install/arduino/share/arduino/cmake/arduinoConfig.cmake
-- Installing: /home/williamfbx/Lunar-ROADSTER/lr_ws/install/arduino/share/arduino/cmake/arduinoConfig-version.cmake
-- Installing: /home/williamfbx/Lunar-ROADSTER/lr_ws/install/arduino/share/arduino/package.xml
