[0.063s] Invoking command in '/root/Lunar_ROADSTER/lr_ws/build/vectornav_msgs': CMAKE_PREFIX_PATH=${CMAKE_PREFIX_PATH}:/opt/ros/humble /usr/local/bin/cmake --build /root/Lunar_ROADSTER/lr_ws/build/vectornav_msgs -- -j4 -l4
[0.274s] [  0%] Built target vectornav_msgs__cpp
[0.292s] [ 12%] Built target vectornav_msgs__rosidl_generator_c
[0.335s] [ 12%] Built target ament_cmake_python_copy_vectornav_msgs
[0.452s] [ 24%] Built target vectornav_msgs__rosidl_typesupport_cpp
[0.466s] [ 35%] Built target vectornav_msgs__rosidl_typesupport_fastrtps_cpp
[0.478s] [ 47%] Built target vectornav_msgs__rosidl_typesupport_introspection_cpp
[0.531s] [ 59%] Built target vectornav_msgs__rosidl_typesupport_fastrtps_c
[0.574s] [ 71%] Built target vectornav_msgs__rosidl_typesupport_c
[0.619s] [ 83%] Built target vectornav_msgs__rosidl_typesupport_introspection_c
[0.691s] [ 83%] Built target vectornav_msgs
[0.757s] [ 84%] Built target vectornav_msgs__py
[0.860s] [ 95%] Built target vectornav_msgs__rosidl_generator_py
[0.956s] [ 97%] Built target vectornav_msgs__rosidl_typesupport_fastrtps_c__pyext
[1.012s] [ 98%] Built target vectornav_msgs__rosidl_typesupport_c__pyext
[1.039s] [100%] Built target vectornav_msgs__rosidl_typesupport_introspection_c__pyext
[1.565s] running egg_info
[1.568s] writing vectornav_msgs.egg-info/PKG-INFO
[1.569s] writing dependency_links to vectornav_msgs.egg-info/dependency_links.txt
[1.570s] writing top-level names to vectornav_msgs.egg-info/top_level.txt
[1.581s] reading manifest file 'vectornav_msgs.egg-info/SOURCES.txt'
[1.584s] writing manifest file 'vectornav_msgs.egg-info/SOURCES.txt'
[1.683s] [100%] Built target ament_cmake_python_build_vectornav_msgs_egg
[1.724s] Invoked command in '/root/Lunar_ROADSTER/lr_ws/build/vectornav_msgs' returned '0': CMAKE_PREFIX_PATH=${CMAKE_PREFIX_PATH}:/opt/ros/humble /usr/local/bin/cmake --build /root/Lunar_ROADSTER/lr_ws/build/vectornav_msgs -- -j4 -l4
[1.729s] Invoking command in '/root/Lunar_ROADSTER/lr_ws/build/vectornav_msgs': CMAKE_PREFIX_PATH=${CMAKE_PREFIX_PATH}:/opt/ros/humble /usr/local/bin/cmake --install /root/Lunar_ROADSTER/lr_ws/build/vectornav_msgs
[1.787s] -- Install configuration: ""
[1.788s] -- Up-to-date: /root/Lunar_ROADSTER/lr_ws/install/vectornav_msgs/share/ament_index/resource_index/rosidl_interfaces/vectornav_msgs
[1.788s] -- Up-to-date: /root/Lunar_ROADSTER/lr_ws/install/vectornav_msgs/include/vectornav_msgs/vectornav_msgs
[1.789s] -- Up-to-date: /root/Lunar_ROADSTER/lr_ws/install/vectornav_msgs/include/vectornav_msgs/vectornav_msgs/msg
[1.794s] -- Up-to-date: /root/Lunar_ROADSTER/lr_ws/install/vectornav_msgs/include/vectornav_msgs/vectornav_msgs/msg/attitude_group.h
[1.794s] -- Up-to-date: /root/Lunar_ROADSTER/lr_ws/install/vectornav_msgs/include/vectornav_msgs/vectornav_msgs/msg/rosidl_generator_c__visibility_control.h
[1.795s] -- Up-to-date: /root/Lunar_ROADSTER/lr_ws/install/vectornav_msgs/include/vectornav_msgs/vectornav_msgs/msg/detail
[1.795s] -- Up-to-date: /root/Lunar_ROADSTER/lr_ws/install/vectornav_msgs/include/vectornav_msgs/vectornav_msgs/msg/detail/attitude_group__functions.c
[1.796s] -- Up-to-date: /root/Lunar_ROADSTER/lr_ws/install/vectornav_msgs/include/vectornav_msgs/vectornav_msgs/msg/detail/attitude_group__functions.h
[1.796s] -- Up-to-date: /root/Lunar_ROADSTER/lr_ws/install/vectornav_msgs/include/vectornav_msgs/vectornav_msgs/msg/detail/attitude_group__struct.h
[1.804s] -- Up-to-date: /root/Lunar_ROADSTER/lr_ws/install/vectornav_msgs/include/vectornav_msgs/vectornav_msgs/msg/detail/attitude_group__type_support.h
[1.805s] -- Up-to-date: /root/Lunar_ROADSTER/lr_ws/install/vectornav_msgs/include/vectornav_msgs/vectornav_msgs/msg/detail/common_group__functions.c
[1.805s] -- Up-to-date: /root/Lunar_ROADSTER/lr_ws/install/vectornav_msgs/include/vectornav_msgs/vectornav_msgs/msg/detail/common_group__functions.h
[1.806s] -- Up-to-date: /root/Lunar_ROADSTER/lr_ws/install/vectornav_msgs/include/vectornav_msgs/vectornav_msgs/msg/detail/common_group__struct.h
[1.806s] -- Up-to-date: /root/Lunar_ROADSTER/lr_ws/install/vectornav_msgs/include/vectornav_msgs/vectornav_msgs/msg/detail/common_group__type_support.h
[1.809s] -- Up-to-date: /root/Lunar_ROADSTER/lr_ws/install/vectornav_msgs/include/vectornav_msgs/vectornav_msgs/msg/detail/dop__functions.c
[1.810s] -- Up-to-date: /root/Lunar_ROADSTER/lr_ws/install/vectornav_msgs/include/vectornav_msgs/vectornav_msgs/msg/detail/dop__functions.h
[1.810s] -- Up-to-date: /root/Lunar_ROADSTER/lr_ws/install/vectornav_msgs/include/vectornav_msgs/vectornav_msgs/msg/detail/dop__struct.h
[1.810s] -- Up-to-date: /root/Lunar_ROADSTER/lr_ws/install/vectornav_msgs/include/vectornav_msgs/vectornav_msgs/msg/detail/dop__type_support.h
[1.811s] -- Up-to-date: /root/Lunar_ROADSTER/lr_ws/install/vectornav_msgs/include/vectornav_msgs/vectornav_msgs/msg/detail/gps_group__functions.c
[1.812s] -- Up-to-date: /root/Lunar_ROADSTER/lr_ws/install/vectornav_msgs/include/vectornav_msgs/vectornav_msgs/msg/detail/gps_group__functions.h
[1.814s] -- Up-to-date: /root/Lunar_ROADSTER/lr_ws/install/vectornav_msgs/include/vectornav_msgs/vectornav_msgs/msg/detail/gps_group__struct.h
[1.815s] -- Up-to-date: /root/Lunar_ROADSTER/lr_ws/install/vectornav_msgs/include/vectornav_msgs/vectornav_msgs/msg/detail/gps_group__type_support.h
[1.815s] -- Up-to-date: /root/Lunar_ROADSTER/lr_ws/install/vectornav_msgs/include/vectornav_msgs/vectornav_msgs/msg/detail/imu_group__functions.c
[1.818s] -- Up-to-date: /root/Lunar_ROADSTER/lr_ws/install/vectornav_msgs/include/vectornav_msgs/vectornav_msgs/msg/detail/imu_group__functions.h
[1.819s] -- Up-to-date: /root/Lunar_ROADSTER/lr_ws/install/vectornav_msgs/include/vectornav_msgs/vectornav_msgs/msg/detail/imu_group__struct.h
[1.821s] -- Up-to-date: /root/Lunar_ROADSTER/lr_ws/install/vectornav_msgs/include/vectornav_msgs/vectornav_msgs/msg/detail/imu_group__type_support.h
[1.822s] -- Up-to-date: /root/Lunar_ROADSTER/lr_ws/install/vectornav_msgs/include/vectornav_msgs/vectornav_msgs/msg/detail/ins_group__functions.c
[1.823s] -- Up-to-date: /root/Lunar_ROADSTER/lr_ws/install/vectornav_msgs/include/vectornav_msgs/vectornav_msgs/msg/detail/ins_group__functions.h
[1.823s] -- Up-to-date: /root/Lunar_ROADSTER/lr_ws/install/vectornav_msgs/include/vectornav_msgs/vectornav_msgs/msg/detail/ins_group__struct.h
[1.824s] -- Up-to-date: /root/Lunar_ROADSTER/lr_ws/install/vectornav_msgs/include/vectornav_msgs/vectornav_msgs/msg/detail/ins_group__type_support.h
[1.824s] -- Up-to-date: /root/Lunar_ROADSTER/lr_ws/install/vectornav_msgs/include/vectornav_msgs/vectornav_msgs/msg/detail/ins_status__functions.c
[1.824s] -- Up-to-date: /root/Lunar_ROADSTER/lr_ws/install/vectornav_msgs/include/vectornav_msgs/vectornav_msgs/msg/detail/ins_status__functions.h
[1.824s] -- Up-to-date: /root/Lunar_ROADSTER/lr_ws/install/vectornav_msgs/include/vectornav_msgs/vectornav_msgs/msg/detail/ins_status__struct.h
[1.825s] -- Up-to-date: /root/Lunar_ROADSTER/lr_ws/install/vectornav_msgs/include/vectornav_msgs/vectornav_msgs/msg/detail/ins_status__type_support.h
[1.825s] -- Up-to-date: /root/Lunar_ROADSTER/lr_ws/install/vectornav_msgs/include/vectornav_msgs/vectornav_msgs/msg/detail/time_group__functions.c
[1.825s] -- Up-to-date: /root/Lunar_ROADSTER/lr_ws/install/vectornav_msgs/include/vectornav_msgs/vectornav_msgs/msg/detail/time_group__functions.h
[1.826s] -- Up-to-date: /root/Lunar_ROADSTER/lr_ws/install/vectornav_msgs/include/vectornav_msgs/vectornav_msgs/msg/detail/time_group__struct.h
[1.826s] -- Up-to-date: /root/Lunar_ROADSTER/lr_ws/install/vectornav_msgs/include/vectornav_msgs/vectornav_msgs/msg/detail/time_group__type_support.h
[1.827s] -- Up-to-date: /root/Lunar_ROADSTER/lr_ws/install/vectornav_msgs/include/vectornav_msgs/vectornav_msgs/msg/detail/time_status__functions.c
[1.827s] -- Up-to-date: /root/Lunar_ROADSTER/lr_ws/install/vectornav_msgs/include/vectornav_msgs/vectornav_msgs/msg/detail/time_status__functions.h
[1.828s] -- Up-to-date: /root/Lunar_ROADSTER/lr_ws/install/vectornav_msgs/include/vectornav_msgs/vectornav_msgs/msg/detail/time_status__struct.h
[1.829s] -- Up-to-date: /root/Lunar_ROADSTER/lr_ws/install/vectornav_msgs/include/vectornav_msgs/vectornav_msgs/msg/detail/time_status__type_support.h
[1.829s] -- Up-to-date: /root/Lunar_ROADSTER/lr_ws/install/vectornav_msgs/include/vectornav_msgs/vectornav_msgs/msg/detail/time_utc__functions.c
[1.829s] -- Up-to-date: /root/Lunar_ROADSTER/lr_ws/install/vectornav_msgs/include/vectornav_msgs/vectornav_msgs/msg/detail/time_utc__functions.h
[1.830s] -- Up-to-date: /root/Lunar_ROADSTER/lr_ws/install/vectornav_msgs/include/vectornav_msgs/vectornav_msgs/msg/detail/time_utc__struct.h
[1.830s] -- Up-to-date: /root/Lunar_ROADSTER/lr_ws/install/vectornav_msgs/include/vectornav_msgs/vectornav_msgs/msg/detail/time_utc__type_support.h
[1.831s] -- Up-to-date: /root/Lunar_ROADSTER/lr_ws/install/vectornav_msgs/include/vectornav_msgs/vectornav_msgs/msg/detail/vpe_status__functions.c
[1.831s] -- Up-to-date: /root/Lunar_ROADSTER/lr_ws/install/vectornav_msgs/include/vectornav_msgs/vectornav_msgs/msg/detail/vpe_status__functions.h
[1.832s] -- Up-to-date: /root/Lunar_ROADSTER/lr_ws/install/vectornav_msgs/include/vectornav_msgs/vectornav_msgs/msg/detail/vpe_status__struct.h
[1.832s] -- Up-to-date: /root/Lunar_ROADSTER/lr_ws/install/vectornav_msgs/include/vectornav_msgs/vectornav_msgs/msg/detail/vpe_status__type_support.h
[1.833s] -- Up-to-date: /root/Lunar_ROADSTER/lr_ws/install/vectornav_msgs/include/vectornav_msgs/vectornav_msgs/msg/common_group.h
[1.833s] -- Up-to-date: /root/Lunar_ROADSTER/lr_ws/install/vectornav_msgs/include/vectornav_msgs/vectornav_msgs/msg/dop.h
[1.834s] -- Up-to-date: /root/Lunar_ROADSTER/lr_ws/install/vectornav_msgs/include/vectornav_msgs/vectornav_msgs/msg/gps_group.h
[1.834s] -- Up-to-date: /root/Lunar_ROADSTER/lr_ws/install/vectornav_msgs/include/vectornav_msgs/vectornav_msgs/msg/imu_group.h
[1.834s] -- Up-to-date: /root/Lunar_ROADSTER/lr_ws/install/vectornav_msgs/include/vectornav_msgs/vectornav_msgs/msg/ins_group.h
[1.834s] -- Up-to-date: /root/Lunar_ROADSTER/lr_ws/install/vectornav_msgs/include/vectornav_msgs/vectornav_msgs/msg/ins_status.h
[1.835s] -- Up-to-date: /root/Lunar_ROADSTER/lr_ws/install/vectornav_msgs/include/vectornav_msgs/vectornav_msgs/msg/time_group.h
[1.835s] -- Up-to-date: /root/Lunar_ROADSTER/lr_ws/install/vectornav_msgs/include/vectornav_msgs/vectornav_msgs/msg/time_status.h
[1.836s] -- Up-to-date: /root/Lunar_ROADSTER/lr_ws/install/vectornav_msgs/include/vectornav_msgs/vectornav_msgs/msg/time_utc.h
[1.836s] -- Up-to-date: /root/Lunar_ROADSTER/lr_ws/install/vectornav_msgs/include/vectornav_msgs/vectornav_msgs/msg/vpe_status.h
[1.836s] -- Up-to-date: /root/Lunar_ROADSTER/lr_ws/install/vectornav_msgs/include/vectornav_msgs/vectornav_msgs/action
[1.840s] -- Up-to-date: /root/Lunar_ROADSTER/lr_ws/install/vectornav_msgs/include/vectornav_msgs/vectornav_msgs/action/mag_cal.h
[1.840s] -- Up-to-date: /root/Lunar_ROADSTER/lr_ws/install/vectornav_msgs/include/vectornav_msgs/vectornav_msgs/action/detail
[1.840s] -- Up-to-date: /root/Lunar_ROADSTER/lr_ws/install/vectornav_msgs/include/vectornav_msgs/vectornav_msgs/action/detail/mag_cal__functions.c
[1.840s] -- Up-to-date: /root/Lunar_ROADSTER/lr_ws/install/vectornav_msgs/include/vectornav_msgs/vectornav_msgs/action/detail/mag_cal__functions.h
[1.841s] -- Up-to-date: /root/Lunar_ROADSTER/lr_ws/install/vectornav_msgs/include/vectornav_msgs/vectornav_msgs/action/detail/mag_cal__struct.h
[1.841s] -- Up-to-date: /root/Lunar_ROADSTER/lr_ws/install/vectornav_msgs/include/vectornav_msgs/vectornav_msgs/action/detail/mag_cal__type_support.h
[1.842s] -- Up-to-date: /root/Lunar_ROADSTER/lr_ws/install/vectornav_msgs/share/vectornav_msgs/environment/library_path.sh
[1.842s] -- Up-to-date: /root/Lunar_ROADSTER/lr_ws/install/vectornav_msgs/share/vectornav_msgs/environment/library_path.dsv
[1.843s] -- Up-to-date: /root/Lunar_ROADSTER/lr_ws/install/vectornav_msgs/lib/libvectornav_msgs__rosidl_generator_c.so
[1.844s] -- Up-to-date: /root/Lunar_ROADSTER/lr_ws/install/vectornav_msgs/include/vectornav_msgs/vectornav_msgs
[1.845s] -- Up-to-date: /root/Lunar_ROADSTER/lr_ws/install/vectornav_msgs/include/vectornav_msgs/vectornav_msgs/msg
[1.846s] -- Up-to-date: /root/Lunar_ROADSTER/lr_ws/install/vectornav_msgs/include/vectornav_msgs/vectornav_msgs/msg/detail
[1.846s] -- Up-to-date: /root/Lunar_ROADSTER/lr_ws/install/vectornav_msgs/include/vectornav_msgs/vectornav_msgs/msg/detail/attitude_group__rosidl_typesupport_fastrtps_c.h
[1.846s] -- Up-to-date: /root/Lunar_ROADSTER/lr_ws/install/vectornav_msgs/include/vectornav_msgs/vectornav_msgs/msg/detail/common_group__rosidl_typesupport_fastrtps_c.h
[1.846s] -- Up-to-date: /root/Lunar_ROADSTER/lr_ws/install/vectornav_msgs/include/vectornav_msgs/vectornav_msgs/msg/detail/dop__rosidl_typesupport_fastrtps_c.h
[1.847s] -- Up-to-date: /root/Lunar_ROADSTER/lr_ws/install/vectornav_msgs/include/vectornav_msgs/vectornav_msgs/msg/detail/gps_group__rosidl_typesupport_fastrtps_c.h
[1.847s] -- Up-to-date: /root/Lunar_ROADSTER/lr_ws/install/vectornav_msgs/include/vectornav_msgs/vectornav_msgs/msg/detail/imu_group__rosidl_typesupport_fastrtps_c.h
[1.847s] -- Up-to-date: /root/Lunar_ROADSTER/lr_ws/install/vectornav_msgs/include/vectornav_msgs/vectornav_msgs/msg/detail/ins_group__rosidl_typesupport_fastrtps_c.h
[1.847s] -- Up-to-date: /root/Lunar_ROADSTER/lr_ws/install/vectornav_msgs/include/vectornav_msgs/vectornav_msgs/msg/detail/ins_status__rosidl_typesupport_fastrtps_c.h
[1.848s] -- Up-to-date: /root/Lunar_ROADSTER/lr_ws/install/vectornav_msgs/include/vectornav_msgs/vectornav_msgs/msg/detail/time_group__rosidl_typesupport_fastrtps_c.h
[1.848s] -- Up-to-date: /root/Lunar_ROADSTER/lr_ws/install/vectornav_msgs/include/vectornav_msgs/vectornav_msgs/msg/detail/time_status__rosidl_typesupport_fastrtps_c.h
[1.848s] -- Up-to-date: /root/Lunar_ROADSTER/lr_ws/install/vectornav_msgs/include/vectornav_msgs/vectornav_msgs/msg/detail/time_utc__rosidl_typesupport_fastrtps_c.h
[1.848s] -- Up-to-date: /root/Lunar_ROADSTER/lr_ws/install/vectornav_msgs/include/vectornav_msgs/vectornav_msgs/msg/detail/vpe_status__rosidl_typesupport_fastrtps_c.h
[1.849s] -- Up-to-date: /root/Lunar_ROADSTER/lr_ws/install/vectornav_msgs/include/vectornav_msgs/vectornav_msgs/msg/rosidl_typesupport_fastrtps_c__visibility_control.h
[1.849s] -- Up-to-date: /root/Lunar_ROADSTER/lr_ws/install/vectornav_msgs/include/vectornav_msgs/vectornav_msgs/action
[1.849s] -- Up-to-date: /root/Lunar_ROADSTER/lr_ws/install/vectornav_msgs/include/vectornav_msgs/vectornav_msgs/action/detail
[1.852s] -- Up-to-date: /root/Lunar_ROADSTER/lr_ws/install/vectornav_msgs/include/vectornav_msgs/vectornav_msgs/action/detail/mag_cal__rosidl_typesupport_fastrtps_c.h
[1.853s] -- Up-to-date: /root/Lunar_ROADSTER/lr_ws/install/vectornav_msgs/lib/libvectornav_msgs__rosidl_typesupport_fastrtps_c.so
[1.857s] -- Up-to-date: /root/Lunar_ROADSTER/lr_ws/install/vectornav_msgs/include/vectornav_msgs/vectornav_msgs
[1.857s] -- Up-to-date: /root/Lunar_ROADSTER/lr_ws/install/vectornav_msgs/include/vectornav_msgs/vectornav_msgs/msg
[1.858s] -- Up-to-date: /root/Lunar_ROADSTER/lr_ws/install/vectornav_msgs/include/vectornav_msgs/vectornav_msgs/msg/attitude_group.hpp
[1.859s] -- Up-to-date: /root/Lunar_ROADSTER/lr_ws/install/vectornav_msgs/include/vectornav_msgs/vectornav_msgs/msg/rosidl_generator_cpp__visibility_control.hpp
[1.859s] -- Up-to-date: /root/Lunar_ROADSTER/lr_ws/install/vectornav_msgs/include/vectornav_msgs/vectornav_msgs/msg/detail
[1.859s] -- Up-to-date: /root/Lunar_ROADSTER/lr_ws/install/vectornav_msgs/include/vectornav_msgs/vectornav_msgs/msg/detail/attitude_group__builder.hpp
[1.859s] -- Up-to-date: /root/Lunar_ROADSTER/lr_ws/install/vectornav_msgs/include/vectornav_msgs/vectornav_msgs/msg/detail/attitude_group__struct.hpp
[1.860s] -- Up-to-date: /root/Lunar_ROADSTER/lr_ws/install/vectornav_msgs/include/vectornav_msgs/vectornav_msgs/msg/detail/attitude_group__traits.hpp
[1.860s] -- Up-to-date: /root/Lunar_ROADSTER/lr_ws/install/vectornav_msgs/include/vectornav_msgs/vectornav_msgs/msg/detail/attitude_group__type_support.hpp
[1.860s] -- Up-to-date: /root/Lunar_ROADSTER/lr_ws/install/vectornav_msgs/include/vectornav_msgs/vectornav_msgs/msg/detail/common_group__builder.hpp
[1.860s] -- Up-to-date: /root/Lunar_ROADSTER/lr_ws/install/vectornav_msgs/include/vectornav_msgs/vectornav_msgs/msg/detail/common_group__struct.hpp
[1.861s] -- Up-to-date: /root/Lunar_ROADSTER/lr_ws/install/vectornav_msgs/include/vectornav_msgs/vectornav_msgs/msg/detail/common_group__traits.hpp
[1.861s] -- Up-to-date: /root/Lunar_ROADSTER/lr_ws/install/vectornav_msgs/include/vectornav_msgs/vectornav_msgs/msg/detail/common_group__type_support.hpp
[1.861s] -- Up-to-date: /root/Lunar_ROADSTER/lr_ws/install/vectornav_msgs/include/vectornav_msgs/vectornav_msgs/msg/detail/dop__builder.hpp
[1.861s] -- Up-to-date: /root/Lunar_ROADSTER/lr_ws/install/vectornav_msgs/include/vectornav_msgs/vectornav_msgs/msg/detail/dop__struct.hpp
[1.862s] -- Up-to-date: /root/Lunar_ROADSTER/lr_ws/install/vectornav_msgs/include/vectornav_msgs/vectornav_msgs/msg/detail/dop__traits.hpp
[1.862s] -- Up-to-date: /root/Lunar_ROADSTER/lr_ws/install/vectornav_msgs/include/vectornav_msgs/vectornav_msgs/msg/detail/dop__type_support.hpp
[1.862s] -- Up-to-date: /root/Lunar_ROADSTER/lr_ws/install/vectornav_msgs/include/vectornav_msgs/vectornav_msgs/msg/detail/gps_group__builder.hpp
[1.862s] -- Up-to-date: /root/Lunar_ROADSTER/lr_ws/install/vectornav_msgs/include/vectornav_msgs/vectornav_msgs/msg/detail/gps_group__struct.hpp
[1.863s] -- Up-to-date: /root/Lunar_ROADSTER/lr_ws/install/vectornav_msgs/include/vectornav_msgs/vectornav_msgs/msg/detail/gps_group__traits.hpp
[1.863s] -- Up-to-date: /root/Lunar_ROADSTER/lr_ws/install/vectornav_msgs/include/vectornav_msgs/vectornav_msgs/msg/detail/gps_group__type_support.hpp
[1.864s] -- Up-to-date: /root/Lunar_ROADSTER/lr_ws/install/vectornav_msgs/include/vectornav_msgs/vectornav_msgs/msg/detail/imu_group__builder.hpp
[1.864s] -- Up-to-date: /root/Lunar_ROADSTER/lr_ws/install/vectornav_msgs/include/vectornav_msgs/vectornav_msgs/msg/detail/imu_group__struct.hpp
[1.865s] -- Up-to-date: /root/Lunar_ROADSTER/lr_ws/install/vectornav_msgs/include/vectornav_msgs/vectornav_msgs/msg/detail/imu_group__traits.hpp
[1.865s] -- Up-to-date: /root/Lunar_ROADSTER/lr_ws/install/vectornav_msgs/include/vectornav_msgs/vectornav_msgs/msg/detail/imu_group__type_support.hpp
[1.866s] -- Up-to-date: /root/Lunar_ROADSTER/lr_ws/install/vectornav_msgs/include/vectornav_msgs/vectornav_msgs/msg/detail/ins_group__builder.hpp
[1.866s] -- Up-to-date: /root/Lunar_ROADSTER/lr_ws/install/vectornav_msgs/include/vectornav_msgs/vectornav_msgs/msg/detail/ins_group__struct.hpp
[1.874s] -- Up-to-date: /root/Lunar_ROADSTER/lr_ws/install/vectornav_msgs/include/vectornav_msgs/vectornav_msgs/msg/detail/ins_group__traits.hpp
[1.875s] -- Up-to-date: /root/Lunar_ROADSTER/lr_ws/install/vectornav_msgs/include/vectornav_msgs/vectornav_msgs/msg/detail/ins_group__type_support.hpp
[1.875s] -- Up-to-date: /root/Lunar_ROADSTER/lr_ws/install/vectornav_msgs/include/vectornav_msgs/vectornav_msgs/msg/detail/ins_status__builder.hpp
[1.875s] -- Up-to-date: /root/Lunar_ROADSTER/lr_ws/install/vectornav_msgs/include/vectornav_msgs/vectornav_msgs/msg/detail/ins_status__struct.hpp
[1.875s] -- Up-to-date: /root/Lunar_ROADSTER/lr_ws/install/vectornav_msgs/include/vectornav_msgs/vectornav_msgs/msg/detail/ins_status__traits.hpp
[1.876s] -- Up-to-date: /root/Lunar_ROADSTER/lr_ws/install/vectornav_msgs/include/vectornav_msgs/vectornav_msgs/msg/detail/ins_status__type_support.hpp
[1.876s] -- Up-to-date: /root/Lunar_ROADSTER/lr_ws/install/vectornav_msgs/include/vectornav_msgs/vectornav_msgs/msg/detail/time_group__builder.hpp
[1.877s] -- Up-to-date: /root/Lunar_ROADSTER/lr_ws/install/vectornav_msgs/include/vectornav_msgs/vectornav_msgs/msg/detail/time_group__struct.hpp
[1.877s] -- Up-to-date: /root/Lunar_ROADSTER/lr_ws/install/vectornav_msgs/include/vectornav_msgs/vectornav_msgs/msg/detail/time_group__traits.hpp
[1.877s] -- Up-to-date: /root/Lunar_ROADSTER/lr_ws/install/vectornav_msgs/include/vectornav_msgs/vectornav_msgs/msg/detail/time_group__type_support.hpp
[1.877s] -- Up-to-date: /root/Lunar_ROADSTER/lr_ws/install/vectornav_msgs/include/vectornav_msgs/vectornav_msgs/msg/detail/time_status__builder.hpp
[1.878s] -- Up-to-date: /root/Lunar_ROADSTER/lr_ws/install/vectornav_msgs/include/vectornav_msgs/vectornav_msgs/msg/detail/time_status__struct.hpp
[1.878s] -- Up-to-date: /root/Lunar_ROADSTER/lr_ws/install/vectornav_msgs/include/vectornav_msgs/vectornav_msgs/msg/detail/time_status__traits.hpp
[1.878s] -- Up-to-date: /root/Lunar_ROADSTER/lr_ws/install/vectornav_msgs/include/vectornav_msgs/vectornav_msgs/msg/detail/time_status__type_support.hpp
[1.880s] -- Up-to-date: /root/Lunar_ROADSTER/lr_ws/install/vectornav_msgs/include/vectornav_msgs/vectornav_msgs/msg/detail/time_utc__builder.hpp
[1.880s] -- Up-to-date: /root/Lunar_ROADSTER/lr_ws/install/vectornav_msgs/include/vectornav_msgs/vectornav_msgs/msg/detail/time_utc__struct.hpp
[1.880s] -- Up-to-date: /root/Lunar_ROADSTER/lr_ws/install/vectornav_msgs/include/vectornav_msgs/vectornav_msgs/msg/detail/time_utc__traits.hpp
[1.881s] -- Up-to-date: /root/Lunar_ROADSTER/lr_ws/install/vectornav_msgs/include/vectornav_msgs/vectornav_msgs/msg/detail/time_utc__type_support.hpp
[1.881s] -- Up-to-date: /root/Lunar_ROADSTER/lr_ws/install/vectornav_msgs/include/vectornav_msgs/vectornav_msgs/msg/detail/vpe_status__builder.hpp
[1.882s] -- Up-to-date: /root/Lunar_ROADSTER/lr_ws/install/vectornav_msgs/include/vectornav_msgs/vectornav_msgs/msg/detail/vpe_status__struct.hpp
[1.882s] -- Up-to-date: /root/Lunar_ROADSTER/lr_ws/install/vectornav_msgs/include/vectornav_msgs/vectornav_msgs/msg/detail/vpe_status__traits.hpp
[1.882s] -- Up-to-date: /root/Lunar_ROADSTER/lr_ws/install/vectornav_msgs/include/vectornav_msgs/vectornav_msgs/msg/detail/vpe_status__type_support.hpp
[1.883s] -- Up-to-date: /root/Lunar_ROADSTER/lr_ws/install/vectornav_msgs/include/vectornav_msgs/vectornav_msgs/msg/common_group.hpp
[1.883s] -- Up-to-date: /root/Lunar_ROADSTER/lr_ws/install/vectornav_msgs/include/vectornav_msgs/vectornav_msgs/msg/dop.hpp
[1.883s] -- Up-to-date: /root/Lunar_ROADSTER/lr_ws/install/vectornav_msgs/include/vectornav_msgs/vectornav_msgs/msg/gps_group.hpp
[1.883s] -- Up-to-date: /root/Lunar_ROADSTER/lr_ws/install/vectornav_msgs/include/vectornav_msgs/vectornav_msgs/msg/imu_group.hpp
[1.884s] -- Up-to-date: /root/Lunar_ROADSTER/lr_ws/install/vectornav_msgs/include/vectornav_msgs/vectornav_msgs/msg/ins_group.hpp
[1.884s] -- Up-to-date: /root/Lunar_ROADSTER/lr_ws/install/vectornav_msgs/include/vectornav_msgs/vectornav_msgs/msg/ins_status.hpp
[1.884s] -- Up-to-date: /root/Lunar_ROADSTER/lr_ws/install/vectornav_msgs/include/vectornav_msgs/vectornav_msgs/msg/time_group.hpp
[1.885s] -- Up-to-date: /root/Lunar_ROADSTER/lr_ws/install/vectornav_msgs/include/vectornav_msgs/vectornav_msgs/msg/time_status.hpp
[1.885s] -- Up-to-date: /root/Lunar_ROADSTER/lr_ws/install/vectornav_msgs/include/vectornav_msgs/vectornav_msgs/msg/time_utc.hpp
[1.887s] -- Up-to-date: /root/Lunar_ROADSTER/lr_ws/install/vectornav_msgs/include/vectornav_msgs/vectornav_msgs/msg/vpe_status.hpp
[1.888s] -- Up-to-date: /root/Lunar_ROADSTER/lr_ws/install/vectornav_msgs/include/vectornav_msgs/vectornav_msgs/action
[1.888s] -- Up-to-date: /root/Lunar_ROADSTER/lr_ws/install/vectornav_msgs/include/vectornav_msgs/vectornav_msgs/action/mag_cal.hpp
[1.889s] -- Up-to-date: /root/Lunar_ROADSTER/lr_ws/install/vectornav_msgs/include/vectornav_msgs/vectornav_msgs/action/detail
[1.889s] -- Up-to-date: /root/Lunar_ROADSTER/lr_ws/install/vectornav_msgs/include/vectornav_msgs/vectornav_msgs/action/detail/mag_cal__builder.hpp
[1.889s] -- Up-to-date: /root/Lunar_ROADSTER/lr_ws/install/vectornav_msgs/include/vectornav_msgs/vectornav_msgs/action/detail/mag_cal__struct.hpp
[1.889s] -- Up-to-date: /root/Lunar_ROADSTER/lr_ws/install/vectornav_msgs/include/vectornav_msgs/vectornav_msgs/action/detail/mag_cal__traits.hpp
[1.890s] -- Up-to-date: /root/Lunar_ROADSTER/lr_ws/install/vectornav_msgs/include/vectornav_msgs/vectornav_msgs/action/detail/mag_cal__type_support.hpp
[1.892s] -- Up-to-date: /root/Lunar_ROADSTER/lr_ws/install/vectornav_msgs/include/vectornav_msgs/vectornav_msgs
[1.892s] -- Up-to-date: /root/Lunar_ROADSTER/lr_ws/install/vectornav_msgs/include/vectornav_msgs/vectornav_msgs/msg
[1.892s] -- Up-to-date: /root/Lunar_ROADSTER/lr_ws/install/vectornav_msgs/include/vectornav_msgs/vectornav_msgs/msg/detail
[1.893s] -- Up-to-date: /root/Lunar_ROADSTER/lr_ws/install/vectornav_msgs/include/vectornav_msgs/vectornav_msgs/msg/detail/attitude_group__rosidl_typesupport_fastrtps_cpp.hpp
[1.893s] -- Up-to-date: /root/Lunar_ROADSTER/lr_ws/install/vectornav_msgs/include/vectornav_msgs/vectornav_msgs/msg/detail/dds_fastrtps
[1.893s] -- Up-to-date: /root/Lunar_ROADSTER/lr_ws/install/vectornav_msgs/include/vectornav_msgs/vectornav_msgs/msg/detail/common_group__rosidl_typesupport_fastrtps_cpp.hpp
[1.894s] -- Up-to-date: /root/Lunar_ROADSTER/lr_ws/install/vectornav_msgs/include/vectornav_msgs/vectornav_msgs/msg/detail/dop__rosidl_typesupport_fastrtps_cpp.hpp
[1.894s] -- Up-to-date: /root/Lunar_ROADSTER/lr_ws/install/vectornav_msgs/include/vectornav_msgs/vectornav_msgs/msg/detail/gps_group__rosidl_typesupport_fastrtps_cpp.hpp
[1.894s] -- Up-to-date: /root/Lunar_ROADSTER/lr_ws/install/vectornav_msgs/include/vectornav_msgs/vectornav_msgs/msg/detail/imu_group__rosidl_typesupport_fastrtps_cpp.hpp
[1.894s] -- Up-to-date: /root/Lunar_ROADSTER/lr_ws/install/vectornav_msgs/include/vectornav_msgs/vectornav_msgs/msg/detail/ins_group__rosidl_typesupport_fastrtps_cpp.hpp
[1.895s] -- Up-to-date: /root/Lunar_ROADSTER/lr_ws/install/vectornav_msgs/include/vectornav_msgs/vectornav_msgs/msg/detail/ins_status__rosidl_typesupport_fastrtps_cpp.hpp
[1.895s] -- Up-to-date: /root/Lunar_ROADSTER/lr_ws/install/vectornav_msgs/include/vectornav_msgs/vectornav_msgs/msg/detail/time_group__rosidl_typesupport_fastrtps_cpp.hpp
[1.895s] -- Up-to-date: /root/Lunar_ROADSTER/lr_ws/install/vectornav_msgs/include/vectornav_msgs/vectornav_msgs/msg/detail/time_status__rosidl_typesupport_fastrtps_cpp.hpp
[1.896s] -- Up-to-date: /root/Lunar_ROADSTER/lr_ws/install/vectornav_msgs/include/vectornav_msgs/vectornav_msgs/msg/detail/time_utc__rosidl_typesupport_fastrtps_cpp.hpp
[1.897s] -- Up-to-date: /root/Lunar_ROADSTER/lr_ws/install/vectornav_msgs/include/vectornav_msgs/vectornav_msgs/msg/detail/vpe_status__rosidl_typesupport_fastrtps_cpp.hpp
[1.897s] -- Up-to-date: /root/Lunar_ROADSTER/lr_ws/install/vectornav_msgs/include/vectornav_msgs/vectornav_msgs/msg/rosidl_typesupport_fastrtps_cpp__visibility_control.h
[1.899s] -- Up-to-date: /root/Lunar_ROADSTER/lr_ws/install/vectornav_msgs/include/vectornav_msgs/vectornav_msgs/action
[1.899s] -- Up-to-date: /root/Lunar_ROADSTER/lr_ws/install/vectornav_msgs/include/vectornav_msgs/vectornav_msgs/action/detail
[1.900s] -- Up-to-date: /root/Lunar_ROADSTER/lr_ws/install/vectornav_msgs/include/vectornav_msgs/vectornav_msgs/action/detail/mag_cal__rosidl_typesupport_fastrtps_cpp.hpp
[1.900s] -- Up-to-date: /root/Lunar_ROADSTER/lr_ws/install/vectornav_msgs/include/vectornav_msgs/vectornav_msgs/action/detail/dds_fastrtps
[1.902s] -- Up-to-date: /root/Lunar_ROADSTER/lr_ws/install/vectornav_msgs/lib/libvectornav_msgs__rosidl_typesupport_fastrtps_cpp.so
[1.903s] -- Up-to-date: /root/Lunar_ROADSTER/lr_ws/install/vectornav_msgs/include/vectornav_msgs/vectornav_msgs
[1.903s] -- Up-to-date: /root/Lunar_ROADSTER/lr_ws/install/vectornav_msgs/include/vectornav_msgs/vectornav_msgs/msg
[1.916s] -- Up-to-date: /root/Lunar_ROADSTER/lr_ws/install/vectornav_msgs/include/vectornav_msgs/vectornav_msgs/msg/detail
[1.916s] -- Up-to-date: /root/Lunar_ROADSTER/lr_ws/install/vectornav_msgs/include/vectornav_msgs/vectornav_msgs/msg/detail/attitude_group__rosidl_typesupport_introspection_c.h
[1.917s] -- Up-to-date: /root/Lunar_ROADSTER/lr_ws/install/vectornav_msgs/include/vectornav_msgs/vectornav_msgs/msg/detail/attitude_group__type_support.c
[1.917s] -- Up-to-date: /root/Lunar_ROADSTER/lr_ws/install/vectornav_msgs/include/vectornav_msgs/vectornav_msgs/msg/detail/common_group__rosidl_typesupport_introspection_c.h
[1.917s] -- Up-to-date: /root/Lunar_ROADSTER/lr_ws/install/vectornav_msgs/include/vectornav_msgs/vectornav_msgs/msg/detail/common_group__type_support.c
[1.918s] -- Up-to-date: /root/Lunar_ROADSTER/lr_ws/install/vectornav_msgs/include/vectornav_msgs/vectornav_msgs/msg/detail/dop__rosidl_typesupport_introspection_c.h
[1.918s] -- Up-to-date: /root/Lunar_ROADSTER/lr_ws/install/vectornav_msgs/include/vectornav_msgs/vectornav_msgs/msg/detail/dop__type_support.c
[1.918s] -- Up-to-date: /root/Lunar_ROADSTER/lr_ws/install/vectornav_msgs/include/vectornav_msgs/vectornav_msgs/msg/detail/gps_group__rosidl_typesupport_introspection_c.h
[1.918s] -- Up-to-date: /root/Lunar_ROADSTER/lr_ws/install/vectornav_msgs/include/vectornav_msgs/vectornav_msgs/msg/detail/gps_group__type_support.c
[1.919s] -- Up-to-date: /root/Lunar_ROADSTER/lr_ws/install/vectornav_msgs/include/vectornav_msgs/vectornav_msgs/msg/detail/imu_group__rosidl_typesupport_introspection_c.h
[1.919s] -- Up-to-date: /root/Lunar_ROADSTER/lr_ws/install/vectornav_msgs/include/vectornav_msgs/vectornav_msgs/msg/detail/imu_group__type_support.c
[1.919s] -- Up-to-date: /root/Lunar_ROADSTER/lr_ws/install/vectornav_msgs/include/vectornav_msgs/vectornav_msgs/msg/detail/ins_group__rosidl_typesupport_introspection_c.h
[1.919s] -- Up-to-date: /root/Lunar_ROADSTER/lr_ws/install/vectornav_msgs/include/vectornav_msgs/vectornav_msgs/msg/detail/ins_group__type_support.c
[1.920s] -- Up-to-date: /root/Lunar_ROADSTER/lr_ws/install/vectornav_msgs/include/vectornav_msgs/vectornav_msgs/msg/detail/ins_status__rosidl_typesupport_introspection_c.h
[1.920s] -- Up-to-date: /root/Lunar_ROADSTER/lr_ws/install/vectornav_msgs/include/vectornav_msgs/vectornav_msgs/msg/detail/ins_status__type_support.c
[1.920s] -- Up-to-date: /root/Lunar_ROADSTER/lr_ws/install/vectornav_msgs/include/vectornav_msgs/vectornav_msgs/msg/detail/time_group__rosidl_typesupport_introspection_c.h
[1.920s] -- Up-to-date: /root/Lunar_ROADSTER/lr_ws/install/vectornav_msgs/include/vectornav_msgs/vectornav_msgs/msg/detail/time_group__type_support.c
[1.921s] -- Up-to-date: /root/Lunar_ROADSTER/lr_ws/install/vectornav_msgs/include/vectornav_msgs/vectornav_msgs/msg/detail/time_status__rosidl_typesupport_introspection_c.h
[1.921s] -- Up-to-date: /root/Lunar_ROADSTER/lr_ws/install/vectornav_msgs/include/vectornav_msgs/vectornav_msgs/msg/detail/time_status__type_support.c
[1.921s] -- Up-to-date: /root/Lunar_ROADSTER/lr_ws/install/vectornav_msgs/include/vectornav_msgs/vectornav_msgs/msg/detail/time_utc__rosidl_typesupport_introspection_c.h
[1.921s] -- Up-to-date: /root/Lunar_ROADSTER/lr_ws/install/vectornav_msgs/include/vectornav_msgs/vectornav_msgs/msg/detail/time_utc__type_support.c
[1.922s] -- Up-to-date: /root/Lunar_ROADSTER/lr_ws/install/vectornav_msgs/include/vectornav_msgs/vectornav_msgs/msg/detail/vpe_status__rosidl_typesupport_introspection_c.h
[1.922s] -- Up-to-date: /root/Lunar_ROADSTER/lr_ws/install/vectornav_msgs/include/vectornav_msgs/vectornav_msgs/msg/detail/vpe_status__type_support.c
[1.922s] -- Up-to-date: /root/Lunar_ROADSTER/lr_ws/install/vectornav_msgs/include/vectornav_msgs/vectornav_msgs/msg/rosidl_typesupport_introspection_c__visibility_control.h
[1.923s] -- Up-to-date: /root/Lunar_ROADSTER/lr_ws/install/vectornav_msgs/include/vectornav_msgs/vectornav_msgs/action
[1.923s] -- Up-to-date: /root/Lunar_ROADSTER/lr_ws/install/vectornav_msgs/include/vectornav_msgs/vectornav_msgs/action/detail
[1.923s] -- Up-to-date: /root/Lunar_ROADSTER/lr_ws/install/vectornav_msgs/include/vectornav_msgs/vectornav_msgs/action/detail/mag_cal__rosidl_typesupport_introspection_c.h
[1.923s] -- Up-to-date: /root/Lunar_ROADSTER/lr_ws/install/vectornav_msgs/include/vectornav_msgs/vectornav_msgs/action/detail/mag_cal__type_support.c
[1.923s] -- Up-to-date: /root/Lunar_ROADSTER/lr_ws/install/vectornav_msgs/lib/libvectornav_msgs__rosidl_typesupport_introspection_c.so
[1.924s] -- Up-to-date: /root/Lunar_ROADSTER/lr_ws/install/vectornav_msgs/lib/libvectornav_msgs__rosidl_typesupport_c.so
[1.924s] -- Up-to-date: /root/Lunar_ROADSTER/lr_ws/install/vectornav_msgs/include/vectornav_msgs/vectornav_msgs
[1.924s] -- Up-to-date: /root/Lunar_ROADSTER/lr_ws/install/vectornav_msgs/include/vectornav_msgs/vectornav_msgs/msg
[1.924s] -- Up-to-date: /root/Lunar_ROADSTER/lr_ws/install/vectornav_msgs/include/vectornav_msgs/vectornav_msgs/msg/detail
[1.925s] -- Up-to-date: /root/Lunar_ROADSTER/lr_ws/install/vectornav_msgs/include/vectornav_msgs/vectornav_msgs/msg/detail/attitude_group__rosidl_typesupport_introspection_cpp.hpp
[1.925s] -- Up-to-date: /root/Lunar_ROADSTER/lr_ws/install/vectornav_msgs/include/vectornav_msgs/vectornav_msgs/msg/detail/attitude_group__type_support.cpp
[1.925s] -- Up-to-date: /root/Lunar_ROADSTER/lr_ws/install/vectornav_msgs/include/vectornav_msgs/vectornav_msgs/msg/detail/common_group__rosidl_typesupport_introspection_cpp.hpp
[1.926s] -- Up-to-date: /root/Lunar_ROADSTER/lr_ws/install/vectornav_msgs/include/vectornav_msgs/vectornav_msgs/msg/detail/common_group__type_support.cpp
[1.926s] -- Up-to-date: /root/Lunar_ROADSTER/lr_ws/install/vectornav_msgs/include/vectornav_msgs/vectornav_msgs/msg/detail/dop__rosidl_typesupport_introspection_cpp.hpp
[1.926s] -- Up-to-date: /root/Lunar_ROADSTER/lr_ws/install/vectornav_msgs/include/vectornav_msgs/vectornav_msgs/msg/detail/dop__type_support.cpp
[1.926s] -- Up-to-date: /root/Lunar_ROADSTER/lr_ws/install/vectornav_msgs/include/vectornav_msgs/vectornav_msgs/msg/detail/gps_group__rosidl_typesupport_introspection_cpp.hpp
[1.926s] -- Up-to-date: /root/Lunar_ROADSTER/lr_ws/install/vectornav_msgs/include/vectornav_msgs/vectornav_msgs/msg/detail/gps_group__type_support.cpp
[1.927s] -- Up-to-date: /root/Lunar_ROADSTER/lr_ws/install/vectornav_msgs/include/vectornav_msgs/vectornav_msgs/msg/detail/imu_group__rosidl_typesupport_introspection_cpp.hpp
[1.927s] -- Up-to-date: /root/Lunar_ROADSTER/lr_ws/install/vectornav_msgs/include/vectornav_msgs/vectornav_msgs/msg/detail/imu_group__type_support.cpp
[1.930s] -- Up-to-date: /root/Lunar_ROADSTER/lr_ws/install/vectornav_msgs/include/vectornav_msgs/vectornav_msgs/msg/detail/ins_group__rosidl_typesupport_introspection_cpp.hpp
[1.931s] -- Up-to-date: /root/Lunar_ROADSTER/lr_ws/install/vectornav_msgs/include/vectornav_msgs/vectornav_msgs/msg/detail/ins_group__type_support.cpp
[1.931s] -- Up-to-date: /root/Lunar_ROADSTER/lr_ws/install/vectornav_msgs/include/vectornav_msgs/vectornav_msgs/msg/detail/ins_status__rosidl_typesupport_introspection_cpp.hpp
[1.932s] -- Up-to-date: /root/Lunar_ROADSTER/lr_ws/install/vectornav_msgs/include/vectornav_msgs/vectornav_msgs/msg/detail/ins_status__type_support.cpp
[1.932s] -- Up-to-date: /root/Lunar_ROADSTER/lr_ws/install/vectornav_msgs/include/vectornav_msgs/vectornav_msgs/msg/detail/time_group__rosidl_typesupport_introspection_cpp.hpp
[1.932s] -- Up-to-date: /root/Lunar_ROADSTER/lr_ws/install/vectornav_msgs/include/vectornav_msgs/vectornav_msgs/msg/detail/time_group__type_support.cpp
[1.933s] -- Up-to-date: /root/Lunar_ROADSTER/lr_ws/install/vectornav_msgs/include/vectornav_msgs/vectornav_msgs/msg/detail/time_status__rosidl_typesupport_introspection_cpp.hpp
[1.933s] -- Up-to-date: /root/Lunar_ROADSTER/lr_ws/install/vectornav_msgs/include/vectornav_msgs/vectornav_msgs/msg/detail/time_status__type_support.cpp
[1.933s] -- Up-to-date: /root/Lunar_ROADSTER/lr_ws/install/vectornav_msgs/include/vectornav_msgs/vectornav_msgs/msg/detail/time_utc__rosidl_typesupport_introspection_cpp.hpp
[1.934s] -- Up-to-date: /root/Lunar_ROADSTER/lr_ws/install/vectornav_msgs/include/vectornav_msgs/vectornav_msgs/msg/detail/time_utc__type_support.cpp
[1.934s] -- Up-to-date: /root/Lunar_ROADSTER/lr_ws/install/vectornav_msgs/include/vectornav_msgs/vectornav_msgs/msg/detail/vpe_status__rosidl_typesupport_introspection_cpp.hpp
[1.935s] -- Up-to-date: /root/Lunar_ROADSTER/lr_ws/install/vectornav_msgs/include/vectornav_msgs/vectornav_msgs/msg/detail/vpe_status__type_support.cpp
[1.935s] -- Up-to-date: /root/Lunar_ROADSTER/lr_ws/install/vectornav_msgs/include/vectornav_msgs/vectornav_msgs/action
[1.935s] -- Up-to-date: /root/Lunar_ROADSTER/lr_ws/install/vectornav_msgs/include/vectornav_msgs/vectornav_msgs/action/detail
[1.935s] -- Up-to-date: /root/Lunar_ROADSTER/lr_ws/install/vectornav_msgs/include/vectornav_msgs/vectornav_msgs/action/detail/mag_cal__rosidl_typesupport_introspection_cpp.hpp
[1.936s] -- Up-to-date: /root/Lunar_ROADSTER/lr_ws/install/vectornav_msgs/include/vectornav_msgs/vectornav_msgs/action/detail/mag_cal__type_support.cpp
[1.936s] -- Up-to-date: /root/Lunar_ROADSTER/lr_ws/install/vectornav_msgs/lib/libvectornav_msgs__rosidl_typesupport_introspection_cpp.so
[1.937s] -- Up-to-date: /root/Lunar_ROADSTER/lr_ws/install/vectornav_msgs/lib/libvectornav_msgs__rosidl_typesupport_cpp.so
[1.938s] -- Up-to-date: /root/Lunar_ROADSTER/lr_ws/install/vectornav_msgs/share/vectornav_msgs/environment/pythonpath.sh
[1.938s] -- Up-to-date: /root/Lunar_ROADSTER/lr_ws/install/vectornav_msgs/share/vectornav_msgs/environment/pythonpath.dsv
[1.939s] -- Up-to-date: /root/Lunar_ROADSTER/lr_ws/install/vectornav_msgs/local/lib/python3.10/dist-packages/vectornav_msgs-3.0.0-py3.10.egg-info
[1.939s] -- Installing: /root/Lunar_ROADSTER/lr_ws/install/vectornav_msgs/local/lib/python3.10/dist-packages/vectornav_msgs-3.0.0-py3.10.egg-info/PKG-INFO
[1.939s] -- Installing: /root/Lunar_ROADSTER/lr_ws/install/vectornav_msgs/local/lib/python3.10/dist-packages/vectornav_msgs-3.0.0-py3.10.egg-info/dependency_links.txt
[1.940s] -- Installing: /root/Lunar_ROADSTER/lr_ws/install/vectornav_msgs/local/lib/python3.10/dist-packages/vectornav_msgs-3.0.0-py3.10.egg-info/top_level.txt
[1.941s] -- Installing: /root/Lunar_ROADSTER/lr_ws/install/vectornav_msgs/local/lib/python3.10/dist-packages/vectornav_msgs-3.0.0-py3.10.egg-info/SOURCES.txt
[1.942s] -- Up-to-date: /root/Lunar_ROADSTER/lr_ws/install/vectornav_msgs/local/lib/python3.10/dist-packages/vectornav_msgs
[1.943s] -- Up-to-date: /root/Lunar_ROADSTER/lr_ws/install/vectornav_msgs/local/lib/python3.10/dist-packages/vectornav_msgs/__init__.py
[1.943s] -- Up-to-date: /root/Lunar_ROADSTER/lr_ws/install/vectornav_msgs/local/lib/python3.10/dist-packages/vectornav_msgs/msg
[1.945s] -- Up-to-date: /root/Lunar_ROADSTER/lr_ws/install/vectornav_msgs/local/lib/python3.10/dist-packages/vectornav_msgs/msg/_attitude_group.py
[1.946s] -- Up-to-date: /root/Lunar_ROADSTER/lr_ws/install/vectornav_msgs/local/lib/python3.10/dist-packages/vectornav_msgs/msg/_attitude_group_s.c
[1.946s] -- Up-to-date: /root/Lunar_ROADSTER/lr_ws/install/vectornav_msgs/local/lib/python3.10/dist-packages/vectornav_msgs/msg/_common_group.py
[1.948s] -- Up-to-date: /root/Lunar_ROADSTER/lr_ws/install/vectornav_msgs/local/lib/python3.10/dist-packages/vectornav_msgs/msg/_common_group_s.c
[1.948s] -- Up-to-date: /root/Lunar_ROADSTER/lr_ws/install/vectornav_msgs/local/lib/python3.10/dist-packages/vectornav_msgs/msg/_dop.py
[1.948s] -- Up-to-date: /root/Lunar_ROADSTER/lr_ws/install/vectornav_msgs/local/lib/python3.10/dist-packages/vectornav_msgs/msg/_dop_s.c
[1.948s] -- Up-to-date: /root/Lunar_ROADSTER/lr_ws/install/vectornav_msgs/local/lib/python3.10/dist-packages/vectornav_msgs/msg/_gps_group.py
[1.948s] -- Up-to-date: /root/Lunar_ROADSTER/lr_ws/install/vectornav_msgs/local/lib/python3.10/dist-packages/vectornav_msgs/msg/_gps_group_s.c
[1.949s] -- Up-to-date: /root/Lunar_ROADSTER/lr_ws/install/vectornav_msgs/local/lib/python3.10/dist-packages/vectornav_msgs/msg/_imu_group.py
[1.950s] -- Up-to-date: /root/Lunar_ROADSTER/lr_ws/install/vectornav_msgs/local/lib/python3.10/dist-packages/vectornav_msgs/msg/_imu_group_s.c
[1.950s] -- Up-to-date: /root/Lunar_ROADSTER/lr_ws/install/vectornav_msgs/local/lib/python3.10/dist-packages/vectornav_msgs/msg/_ins_group.py
[1.951s] -- Up-to-date: /root/Lunar_ROADSTER/lr_ws/install/vectornav_msgs/local/lib/python3.10/dist-packages/vectornav_msgs/msg/_ins_group_s.c
[1.951s] -- Up-to-date: /root/Lunar_ROADSTER/lr_ws/install/vectornav_msgs/local/lib/python3.10/dist-packages/vectornav_msgs/msg/_ins_status.py
[1.951s] -- Up-to-date: /root/Lunar_ROADSTER/lr_ws/install/vectornav_msgs/local/lib/python3.10/dist-packages/vectornav_msgs/msg/_ins_status_s.c
[1.953s] -- Up-to-date: /root/Lunar_ROADSTER/lr_ws/install/vectornav_msgs/local/lib/python3.10/dist-packages/vectornav_msgs/msg/_time_group.py
[1.953s] -- Up-to-date: /root/Lunar_ROADSTER/lr_ws/install/vectornav_msgs/local/lib/python3.10/dist-packages/vectornav_msgs/msg/_time_group_s.c
[1.953s] -- Up-to-date: /root/Lunar_ROADSTER/lr_ws/install/vectornav_msgs/local/lib/python3.10/dist-packages/vectornav_msgs/msg/_time_status.py
[1.954s] -- Up-to-date: /root/Lunar_ROADSTER/lr_ws/install/vectornav_msgs/local/lib/python3.10/dist-packages/vectornav_msgs/msg/_time_status_s.c
[1.954s] -- Up-to-date: /root/Lunar_ROADSTER/lr_ws/install/vectornav_msgs/local/lib/python3.10/dist-packages/vectornav_msgs/msg/_time_utc.py
[1.954s] -- Up-to-date: /root/Lunar_ROADSTER/lr_ws/install/vectornav_msgs/local/lib/python3.10/dist-packages/vectornav_msgs/msg/_time_utc_s.c
[1.954s] -- Up-to-date: /root/Lunar_ROADSTER/lr_ws/install/vectornav_msgs/local/lib/python3.10/dist-packages/vectornav_msgs/msg/_vpe_status.py
[1.956s] -- Up-to-date: /root/Lunar_ROADSTER/lr_ws/install/vectornav_msgs/local/lib/python3.10/dist-packages/vectornav_msgs/msg/_vpe_status_s.c
[1.956s] -- Up-to-date: /root/Lunar_ROADSTER/lr_ws/install/vectornav_msgs/local/lib/python3.10/dist-packages/vectornav_msgs/msg/__init__.py
[1.956s] -- Up-to-date: /root/Lunar_ROADSTER/lr_ws/install/vectornav_msgs/local/lib/python3.10/dist-packages/vectornav_msgs/action
[1.957s] -- Up-to-date: /root/Lunar_ROADSTER/lr_ws/install/vectornav_msgs/local/lib/python3.10/dist-packages/vectornav_msgs/action/_mag_cal.py
[1.959s] -- Up-to-date: /root/Lunar_ROADSTER/lr_ws/install/vectornav_msgs/local/lib/python3.10/dist-packages/vectornav_msgs/action/_mag_cal_s.c
[1.959s] -- Up-to-date: /root/Lunar_ROADSTER/lr_ws/install/vectornav_msgs/local/lib/python3.10/dist-packages/vectornav_msgs/action/__init__.py
[1.959s] -- Up-to-date: /root/Lunar_ROADSTER/lr_ws/install/vectornav_msgs/local/lib/python3.10/dist-packages/vectornav_msgs/_vectornav_msgs_s.ep.rosidl_typesupport_fastrtps_c.c
[1.959s] -- Up-to-date: /root/Lunar_ROADSTER/lr_ws/install/vectornav_msgs/local/lib/python3.10/dist-packages/vectornav_msgs/_vectornav_msgs_s.ep.rosidl_typesupport_introspection_c.c
[1.960s] -- Up-to-date: /root/Lunar_ROADSTER/lr_ws/install/vectornav_msgs/local/lib/python3.10/dist-packages/vectornav_msgs/_vectornav_msgs_s.ep.rosidl_typesupport_c.c
[1.960s] -- Up-to-date: /root/Lunar_ROADSTER/lr_ws/install/vectornav_msgs/local/lib/python3.10/dist-packages/vectornav_msgs/libvectornav_msgs__rosidl_generator_py.so
[1.960s] -- Up-to-date: /root/Lunar_ROADSTER/lr_ws/install/vectornav_msgs/local/lib/python3.10/dist-packages/vectornav_msgs/vectornav_msgs_s__rosidl_typesupport_fastrtps_c.cpython-310-aarch64-linux-gnu.so
[1.960s] -- Up-to-date: /root/Lunar_ROADSTER/lr_ws/install/vectornav_msgs/local/lib/python3.10/dist-packages/vectornav_msgs/vectornav_msgs_s__rosidl_typesupport_c.cpython-310-aarch64-linux-gnu.so
[1.961s] -- Up-to-date: /root/Lunar_ROADSTER/lr_ws/install/vectornav_msgs/local/lib/python3.10/dist-packages/vectornav_msgs/vectornav_msgs_s__rosidl_typesupport_introspection_c.cpython-310-aarch64-linux-gnu.so
[1.966s] Listing '/root/Lunar_ROADSTER/lr_ws/install/vectornav_msgs/local/lib/python3.10/dist-packages/vectornav_msgs'...
[1.966s] Listing '/root/Lunar_ROADSTER/lr_ws/install/vectornav_msgs/local/lib/python3.10/dist-packages/vectornav_msgs/action'...
[1.967s] Listing '/root/Lunar_ROADSTER/lr_ws/install/vectornav_msgs/local/lib/python3.10/dist-packages/vectornav_msgs/msg'...
[1.988s] -- Up-to-date: /root/Lunar_ROADSTER/lr_ws/install/vectornav_msgs/local/lib/python3.10/dist-packages/vectornav_msgs/vectornav_msgs_s__rosidl_typesupport_fastrtps_c.cpython-310-aarch64-linux-gnu.so
[1.990s] -- Up-to-date: /root/Lunar_ROADSTER/lr_ws/install/vectornav_msgs/local/lib/python3.10/dist-packages/vectornav_msgs/vectornav_msgs_s__rosidl_typesupport_introspection_c.cpython-310-aarch64-linux-gnu.so
[1.992s] -- Up-to-date: /root/Lunar_ROADSTER/lr_ws/install/vectornav_msgs/local/lib/python3.10/dist-packages/vectornav_msgs/vectornav_msgs_s__rosidl_typesupport_c.cpython-310-aarch64-linux-gnu.so
[1.995s] -- Up-to-date: /root/Lunar_ROADSTER/lr_ws/install/vectornav_msgs/lib/libvectornav_msgs__rosidl_generator_py.so
[1.997s] -- Up-to-date: /root/Lunar_ROADSTER/lr_ws/install/vectornav_msgs/share/vectornav_msgs/msg/AttitudeGroup.idl
[1.997s] -- Up-to-date: /root/Lunar_ROADSTER/lr_ws/install/vectornav_msgs/share/vectornav_msgs/msg/CommonGroup.idl
[1.998s] -- Up-to-date: /root/Lunar_ROADSTER/lr_ws/install/vectornav_msgs/share/vectornav_msgs/msg/DOP.idl
[1.999s] -- Up-to-date: /root/Lunar_ROADSTER/lr_ws/install/vectornav_msgs/share/vectornav_msgs/msg/GpsGroup.idl
[2.001s] -- Up-to-date: /root/Lunar_ROADSTER/lr_ws/install/vectornav_msgs/share/vectornav_msgs/msg/ImuGroup.idl
[2.002s] -- Up-to-date: /root/Lunar_ROADSTER/lr_ws/install/vectornav_msgs/share/vectornav_msgs/msg/InsGroup.idl
[2.002s] -- Up-to-date: /root/Lunar_ROADSTER/lr_ws/install/vectornav_msgs/share/vectornav_msgs/msg/InsStatus.idl
[2.003s] -- Up-to-date: /root/Lunar_ROADSTER/lr_ws/install/vectornav_msgs/share/vectornav_msgs/msg/TimeGroup.idl
[2.004s] -- Up-to-date: /root/Lunar_ROADSTER/lr_ws/install/vectornav_msgs/share/vectornav_msgs/msg/TimeStatus.idl
[2.004s] -- Up-to-date: /root/Lunar_ROADSTER/lr_ws/install/vectornav_msgs/share/vectornav_msgs/msg/TimeUTC.idl
[2.004s] -- Up-to-date: /root/Lunar_ROADSTER/lr_ws/install/vectornav_msgs/share/vectornav_msgs/msg/VpeStatus.idl
[2.005s] -- Up-to-date: /root/Lunar_ROADSTER/lr_ws/install/vectornav_msgs/share/vectornav_msgs/action/MagCal.idl
[2.005s] -- Up-to-date: /root/Lunar_ROADSTER/lr_ws/install/vectornav_msgs/share/vectornav_msgs/msg/AttitudeGroup.msg
[2.006s] -- Up-to-date: /root/Lunar_ROADSTER/lr_ws/install/vectornav_msgs/share/vectornav_msgs/msg/CommonGroup.msg
[2.006s] -- Up-to-date: /root/Lunar_ROADSTER/lr_ws/install/vectornav_msgs/share/vectornav_msgs/msg/DOP.msg
[2.006s] -- Up-to-date: /root/Lunar_ROADSTER/lr_ws/install/vectornav_msgs/share/vectornav_msgs/msg/GpsGroup.msg
[2.007s] -- Up-to-date: /root/Lunar_ROADSTER/lr_ws/install/vectornav_msgs/share/vectornav_msgs/msg/ImuGroup.msg
[2.007s] -- Up-to-date: /root/Lunar_ROADSTER/lr_ws/install/vectornav_msgs/share/vectornav_msgs/msg/InsGroup.msg
[2.007s] -- Up-to-date: /root/Lunar_ROADSTER/lr_ws/install/vectornav_msgs/share/vectornav_msgs/msg/InsStatus.msg
[2.008s] -- Up-to-date: /root/Lunar_ROADSTER/lr_ws/install/vectornav_msgs/share/vectornav_msgs/msg/TimeGroup.msg
[2.008s] -- Up-to-date: /root/Lunar_ROADSTER/lr_ws/install/vectornav_msgs/share/vectornav_msgs/msg/TimeStatus.msg
[2.009s] -- Up-to-date: /root/Lunar_ROADSTER/lr_ws/install/vectornav_msgs/share/vectornav_msgs/msg/TimeUTC.msg
[2.009s] -- Up-to-date: /root/Lunar_ROADSTER/lr_ws/install/vectornav_msgs/share/vectornav_msgs/msg/VpeStatus.msg
[2.010s] -- Up-to-date: /root/Lunar_ROADSTER/lr_ws/install/vectornav_msgs/share/vectornav_msgs/action/MagCal.action
[2.010s] -- Up-to-date: /root/Lunar_ROADSTER/lr_ws/install/vectornav_msgs/share/ament_index/resource_index/package_run_dependencies/vectornav_msgs
[2.010s] -- Up-to-date: /root/Lunar_ROADSTER/lr_ws/install/vectornav_msgs/share/ament_index/resource_index/parent_prefix_path/vectornav_msgs
[2.011s] -- Up-to-date: /root/Lunar_ROADSTER/lr_ws/install/vectornav_msgs/share/vectornav_msgs/environment/ament_prefix_path.sh
[2.011s] -- Up-to-date: /root/Lunar_ROADSTER/lr_ws/install/vectornav_msgs/share/vectornav_msgs/environment/ament_prefix_path.dsv
[2.011s] -- Up-to-date: /root/Lunar_ROADSTER/lr_ws/install/vectornav_msgs/share/vectornav_msgs/environment/path.sh
[2.012s] -- Up-to-date: /root/Lunar_ROADSTER/lr_ws/install/vectornav_msgs/share/vectornav_msgs/environment/path.dsv
[2.012s] -- Up-to-date: /root/Lunar_ROADSTER/lr_ws/install/vectornav_msgs/share/vectornav_msgs/local_setup.bash
[2.012s] -- Up-to-date: /root/Lunar_ROADSTER/lr_ws/install/vectornav_msgs/share/vectornav_msgs/local_setup.sh
[2.013s] -- Up-to-date: /root/Lunar_ROADSTER/lr_ws/install/vectornav_msgs/share/vectornav_msgs/local_setup.zsh
[2.013s] -- Up-to-date: /root/Lunar_ROADSTER/lr_ws/install/vectornav_msgs/share/vectornav_msgs/local_setup.dsv
[2.014s] -- Installing: /root/Lunar_ROADSTER/lr_ws/install/vectornav_msgs/share/vectornav_msgs/package.dsv
[2.014s] -- Up-to-date: /root/Lunar_ROADSTER/lr_ws/install/vectornav_msgs/share/ament_index/resource_index/packages/vectornav_msgs
[2.014s] -- Up-to-date: /root/Lunar_ROADSTER/lr_ws/install/vectornav_msgs/share/vectornav_msgs/cmake/export_vectornav_msgs__rosidl_generator_cExport.cmake
[2.015s] -- Up-to-date: /root/Lunar_ROADSTER/lr_ws/install/vectornav_msgs/share/vectornav_msgs/cmake/export_vectornav_msgs__rosidl_generator_cExport-noconfig.cmake
[2.015s] -- Up-to-date: /root/Lunar_ROADSTER/lr_ws/install/vectornav_msgs/share/vectornav_msgs/cmake/export_vectornav_msgs__rosidl_typesupport_fastrtps_cExport.cmake
[2.016s] -- Up-to-date: /root/Lunar_ROADSTER/lr_ws/install/vectornav_msgs/share/vectornav_msgs/cmake/export_vectornav_msgs__rosidl_typesupport_fastrtps_cExport-noconfig.cmake
[2.017s] -- Up-to-date: /root/Lunar_ROADSTER/lr_ws/install/vectornav_msgs/share/vectornav_msgs/cmake/export_vectornav_msgs__rosidl_generator_cppExport.cmake
[2.018s] -- Up-to-date: /root/Lunar_ROADSTER/lr_ws/install/vectornav_msgs/share/vectornav_msgs/cmake/export_vectornav_msgs__rosidl_typesupport_fastrtps_cppExport.cmake
[2.018s] -- Up-to-date: /root/Lunar_ROADSTER/lr_ws/install/vectornav_msgs/share/vectornav_msgs/cmake/export_vectornav_msgs__rosidl_typesupport_fastrtps_cppExport-noconfig.cmake
[2.018s] -- Up-to-date: /root/Lunar_ROADSTER/lr_ws/install/vectornav_msgs/share/vectornav_msgs/cmake/vectornav_msgs__rosidl_typesupport_introspection_cExport.cmake
[2.019s] -- Up-to-date: /root/Lunar_ROADSTER/lr_ws/install/vectornav_msgs/share/vectornav_msgs/cmake/vectornav_msgs__rosidl_typesupport_introspection_cExport-noconfig.cmake
[2.019s] -- Up-to-date: /root/Lunar_ROADSTER/lr_ws/install/vectornav_msgs/share/vectornav_msgs/cmake/vectornav_msgs__rosidl_typesupport_cExport.cmake
[2.020s] -- Up-to-date: /root/Lunar_ROADSTER/lr_ws/install/vectornav_msgs/share/vectornav_msgs/cmake/vectornav_msgs__rosidl_typesupport_cExport-noconfig.cmake
[2.020s] -- Up-to-date: /root/Lunar_ROADSTER/lr_ws/install/vectornav_msgs/share/vectornav_msgs/cmake/vectornav_msgs__rosidl_typesupport_introspection_cppExport.cmake
[2.020s] -- Up-to-date: /root/Lunar_ROADSTER/lr_ws/install/vectornav_msgs/share/vectornav_msgs/cmake/vectornav_msgs__rosidl_typesupport_introspection_cppExport-noconfig.cmake
[2.021s] -- Up-to-date: /root/Lunar_ROADSTER/lr_ws/install/vectornav_msgs/share/vectornav_msgs/cmake/vectornav_msgs__rosidl_typesupport_cppExport.cmake
[2.021s] -- Up-to-date: /root/Lunar_ROADSTER/lr_ws/install/vectornav_msgs/share/vectornav_msgs/cmake/vectornav_msgs__rosidl_typesupport_cppExport-noconfig.cmake
[2.021s] -- Up-to-date: /root/Lunar_ROADSTER/lr_ws/install/vectornav_msgs/share/vectornav_msgs/cmake/export_vectornav_msgs__rosidl_generator_pyExport.cmake
[2.023s] -- Up-to-date: /root/Lunar_ROADSTER/lr_ws/install/vectornav_msgs/share/vectornav_msgs/cmake/export_vectornav_msgs__rosidl_generator_pyExport-noconfig.cmake
[2.023s] -- Up-to-date: /root/Lunar_ROADSTER/lr_ws/install/vectornav_msgs/share/vectornav_msgs/cmake/rosidl_cmake-extras.cmake
[2.023s] -- Up-to-date: /root/Lunar_ROADSTER/lr_ws/install/vectornav_msgs/share/vectornav_msgs/cmake/ament_cmake_export_dependencies-extras.cmake
[2.035s] -- Up-to-date: /root/Lunar_ROADSTER/lr_ws/install/vectornav_msgs/share/vectornav_msgs/cmake/ament_cmake_export_include_directories-extras.cmake
[2.037s] -- Up-to-date: /root/Lunar_ROADSTER/lr_ws/install/vectornav_msgs/share/vectornav_msgs/cmake/ament_cmake_export_libraries-extras.cmake
[2.037s] -- Up-to-date: /root/Lunar_ROADSTER/lr_ws/install/vectornav_msgs/share/vectornav_msgs/cmake/ament_cmake_export_targets-extras.cmake
[2.038s] -- Up-to-date: /root/Lunar_ROADSTER/lr_ws/install/vectornav_msgs/share/vectornav_msgs/cmake/rosidl_cmake_export_typesupport_targets-extras.cmake
[2.038s] -- Up-to-date: /root/Lunar_ROADSTER/lr_ws/install/vectornav_msgs/share/vectornav_msgs/cmake/rosidl_cmake_export_typesupport_libraries-extras.cmake
[2.038s] -- Up-to-date: /root/Lunar_ROADSTER/lr_ws/install/vectornav_msgs/share/vectornav_msgs/cmake/vectornav_msgsConfig.cmake
[2.039s] -- Up-to-date: /root/Lunar_ROADSTER/lr_ws/install/vectornav_msgs/share/vectornav_msgs/cmake/vectornav_msgsConfig-version.cmake
[2.039s] -- Up-to-date: /root/Lunar_ROADSTER/lr_ws/install/vectornav_msgs/share/vectornav_msgs/package.xml
[2.053s] Invoked command in '/root/Lunar_ROADSTER/lr_ws/build/vectornav_msgs' returned '0': CMAKE_PREFIX_PATH=${CMAKE_PREFIX_PATH}:/opt/ros/humble /usr/local/bin/cmake --install /root/Lunar_ROADSTER/lr_ws/build/vectornav_msgs
