[0.031s] Invoking command in '/home/williamfbx/Lunar-ROADSTER/lr_ws/build/planning': CMAKE_PREFIX_PATH=/home/williamfbx/Lunar-ROADSTER/lr_ws/install/mapping:/home/williamfbx/Lunar-ROADSTER/lr_ws/install/cg_msgs:/home/williamfbx/Lunar-ROADSTER/lr_ws/install/vectornav:/home/williamfbx/Lunar-ROADSTER/lr_ws/install/vectornav_msgs:/home/williamfbx/Lunar-ROADSTER/lr_ws/install/teleop:/home/williamfbx/Lunar-ROADSTER/lr_ws/install/sensing:/home/williamfbx/Lunar-ROADSTER/lr_ws/install/realsense2_description:/home/williamfbx/Lunar-ROADSTER/lr_ws/install/realsense2_camera:/home/williamfbx/Lunar-ROADSTER/lr_ws/install/realsense2_camera_msgs:/home/williamfbx/Lunar-ROADSTER/lr_ws/install/realsense:/home/williamfbx/Lunar-ROADSTER/lr_ws/install/planning:/home/williamfbx/Lunar-ROADSTER/lr_ws/install/motion_control:/home/williamfbx/Lunar-ROADSTER/lr_ws/install/localization:/home/williamfbx/Lunar-ROADSTER/lr_ws/install/imu:/home/williamfbx/Lunar-ROADSTER/lr_ws/install/arduino:/opt/ros/humble LD_LIBRARY_PATH=/home/williamfbx/Lunar-ROADSTER/lr_ws/install/cg_msgs/lib:/home/williamfbx/Lunar-ROADSTER/lr_ws/install/vectornav/lib:/home/williamfbx/Lunar-ROADSTER/lr_ws/install/vectornav_msgs/lib:/home/williamfbx/Lunar-ROADSTER/lr_ws/install/realsense2_camera/lib:/home/williamfbx/Lunar-ROADSTER/lr_ws/install/realsense2_camera_msgs/lib:/usr/lib/x86_64-linux-gnu/gazebo-11/plugins:/opt/ros/humble/opt/rviz_ogre_vendor/lib:/opt/ros/humble/lib/x86_64-linux-gnu:/opt/ros/humble/lib /usr/bin/cmake --build /home/williamfbx/Lunar-ROADSTER/lr_ws/build/planning -- -j12 -l12
[0.072s] [35m[1mConsolidate compiler generated dependencies of target behavior_executive_node[0m
[0.101s] [  6%] [32mBuilding CXX object CMakeFiles/behavior_executive_node.dir/src/behavior_executive_node.cpp.o[0m
[0.103s] [ 12%] [32mBuilding CXX object CMakeFiles/behavior_executive_node.dir/src/behavior_executive_main.cpp.o[0m
[9.251s] [ 18%] [32m[1mLinking CXX executable behavior_executive_node[0m
[9.763s] [100%] Built target behavior_executive_node
[9.775s] Invoked command in '/home/williamfbx/Lunar-ROADSTER/lr_ws/build/planning' returned '0': CMAKE_PREFIX_PATH=/home/williamfbx/Lunar-ROADSTER/lr_ws/install/mapping:/home/williamfbx/Lunar-ROADSTER/lr_ws/install/cg_msgs:/home/williamfbx/Lunar-ROADSTER/lr_ws/install/vectornav:/home/williamfbx/Lunar-ROADSTER/lr_ws/install/vectornav_msgs:/home/williamfbx/Lunar-ROADSTER/lr_ws/install/teleop:/home/williamfbx/Lunar-ROADSTER/lr_ws/install/sensing:/home/williamfbx/Lunar-ROADSTER/lr_ws/install/realsense2_description:/home/williamfbx/Lunar-ROADSTER/lr_ws/install/realsense2_camera:/home/williamfbx/Lunar-ROADSTER/lr_ws/install/realsense2_camera_msgs:/home/williamfbx/Lunar-ROADSTER/lr_ws/install/realsense:/home/williamfbx/Lunar-ROADSTER/lr_ws/install/planning:/home/williamfbx/Lunar-ROADSTER/lr_ws/install/motion_control:/home/williamfbx/Lunar-ROADSTER/lr_ws/install/localization:/home/williamfbx/Lunar-ROADSTER/lr_ws/install/imu:/home/williamfbx/Lunar-ROADSTER/lr_ws/install/arduino:/opt/ros/humble LD_LIBRARY_PATH=/home/williamfbx/Lunar-ROADSTER/lr_ws/install/cg_msgs/lib:/home/williamfbx/Lunar-ROADSTER/lr_ws/install/vectornav/lib:/home/williamfbx/Lunar-ROADSTER/lr_ws/install/vectornav_msgs/lib:/home/williamfbx/Lunar-ROADSTER/lr_ws/install/realsense2_camera/lib:/home/williamfbx/Lunar-ROADSTER/lr_ws/install/realsense2_camera_msgs/lib:/usr/lib/x86_64-linux-gnu/gazebo-11/plugins:/opt/ros/humble/opt/rviz_ogre_vendor/lib:/opt/ros/humble/lib/x86_64-linux-gnu:/opt/ros/humble/lib /usr/bin/cmake --build /home/williamfbx/Lunar-ROADSTER/lr_ws/build/planning -- -j12 -l12
[9.777s] Invoking command in '/home/williamfbx/Lunar-ROADSTER/lr_ws/build/planning': CMAKE_PREFIX_PATH=/home/williamfbx/Lunar-ROADSTER/lr_ws/install/mapping:/home/williamfbx/Lunar-ROADSTER/lr_ws/install/cg_msgs:/home/williamfbx/Lunar-ROADSTER/lr_ws/install/vectornav:/home/williamfbx/Lunar-ROADSTER/lr_ws/install/vectornav_msgs:/home/williamfbx/Lunar-ROADSTER/lr_ws/install/teleop:/home/williamfbx/Lunar-ROADSTER/lr_ws/install/sensing:/home/williamfbx/Lunar-ROADSTER/lr_ws/install/realsense2_description:/home/williamfbx/Lunar-ROADSTER/lr_ws/install/realsense2_camera:/home/williamfbx/Lunar-ROADSTER/lr_ws/install/realsense2_camera_msgs:/home/williamfbx/Lunar-ROADSTER/lr_ws/install/realsense:/home/williamfbx/Lunar-ROADSTER/lr_ws/install/planning:/home/williamfbx/Lunar-ROADSTER/lr_ws/install/motion_control:/home/williamfbx/Lunar-ROADSTER/lr_ws/install/localization:/home/williamfbx/Lunar-ROADSTER/lr_ws/install/imu:/home/williamfbx/Lunar-ROADSTER/lr_ws/install/arduino:/opt/ros/humble LD_LIBRARY_PATH=/home/williamfbx/Lunar-ROADSTER/lr_ws/install/cg_msgs/lib:/home/williamfbx/Lunar-ROADSTER/lr_ws/install/vectornav/lib:/home/williamfbx/Lunar-ROADSTER/lr_ws/install/vectornav_msgs/lib:/home/williamfbx/Lunar-ROADSTER/lr_ws/install/realsense2_camera/lib:/home/williamfbx/Lunar-ROADSTER/lr_ws/install/realsense2_camera_msgs/lib:/usr/lib/x86_64-linux-gnu/gazebo-11/plugins:/opt/ros/humble/opt/rviz_ogre_vendor/lib:/opt/ros/humble/lib/x86_64-linux-gnu:/opt/ros/humble/lib /usr/bin/cmake --install /home/williamfbx/Lunar-ROADSTER/lr_ws/build/planning
[9.786s] -- Install configuration: ""
[9.786s] -- Installing: /home/williamfbx/Lunar-ROADSTER/lr_ws/install/planning/lib/planning/behavior_executive_node
[9.791s] -- Set runtime path of "/home/williamfbx/Lunar-ROADSTER/lr_ws/install/planning/lib/planning/behavior_executive_node" to ""
[9.791s] -- Up-to-date: /home/williamfbx/Lunar-ROADSTER/lr_ws/install/planning/include/planning
[9.791s] -- Installing: /home/williamfbx/Lunar-ROADSTER/lr_ws/install/planning/include/planning/behavior_executive_node.hpp
[9.791s] -- Up-to-date: /home/williamfbx/Lunar-ROADSTER/lr_ws/install/planning/include/planning/planning_util.hpp
[9.791s] -- Up-to-date: /home/williamfbx/Lunar-ROADSTER/lr_ws/install/planning/include/planning/fsm
[9.791s] -- Up-to-date: /home/williamfbx/Lunar-ROADSTER/lr_ws/install/planning/include/planning/fsm/map_explored.hpp
[9.791s] -- Up-to-date: /home/williamfbx/Lunar-ROADSTER/lr_ws/install/planning/include/planning/fsm/ready.hpp
[9.791s] -- Up-to-date: /home/williamfbx/Lunar-ROADSTER/lr_ws/install/planning/include/planning/fsm/end_mission.hpp
[9.791s] -- Up-to-date: /home/williamfbx/Lunar-ROADSTER/lr_ws/install/planning/include/planning/fsm/update_map.hpp
[9.791s] -- Up-to-date: /home/williamfbx/Lunar-ROADSTER/lr_ws/install/planning/include/planning/fsm/get_worksystem_trajectory.hpp
[9.791s] -- Up-to-date: /home/williamfbx/Lunar-ROADSTER/lr_ws/install/planning/include/planning/fsm/stopped.hpp
[9.792s] -- Up-to-date: /home/williamfbx/Lunar-ROADSTER/lr_ws/install/planning/include/planning/fsm/goals_remaining.hpp
[9.792s] -- Up-to-date: /home/williamfbx/Lunar-ROADSTER/lr_ws/install/planning/include/planning/fsm/get_transport_goals.hpp
[9.792s] -- Up-to-date: /home/williamfbx/Lunar-ROADSTER/lr_ws/install/planning/include/planning/fsm/fsm.hpp
[9.792s] -- Up-to-date: /home/williamfbx/Lunar-ROADSTER/lr_ws/install/planning/include/planning/fsm/plan_transport.hpp
[9.792s] -- Up-to-date: /home/williamfbx/Lunar-ROADSTER/lr_ws/install/planning/include/planning/fsm/site_work_done.hpp
[9.792s] -- Up-to-date: /home/williamfbx/Lunar-ROADSTER/lr_ws/install/planning/include/planning/fsm/following_trajectory.hpp
[9.792s] -- Up-to-date: /home/williamfbx/Lunar-ROADSTER/lr_ws/install/planning/share/planning/launch
[9.792s] -- Up-to-date: /home/williamfbx/Lunar-ROADSTER/lr_ws/install/planning/share/planning/launch/planning_launch.py
[9.792s] -- Up-to-date: /home/williamfbx/Lunar-ROADSTER/lr_ws/install/planning/share/planning//config
[9.792s] -- Up-to-date: /home/williamfbx/Lunar-ROADSTER/lr_ws/install/planning/share/planning//config/autograder_node_params.yaml
[9.792s] -- Up-to-date: /home/williamfbx/Lunar-ROADSTER/lr_ws/install/planning/share/planning//config/50x50_zeros_height_map.csv
[9.792s] -- Up-to-date: /home/williamfbx/Lunar-ROADSTER/lr_ws/install/planning/share/planning//config/site_map_params.yaml
[9.792s] -- Up-to-date: /home/williamfbx/Lunar-ROADSTER/lr_ws/install/planning/share/planning//config/behavior_executive_params.yaml
[9.792s] -- Up-to-date: /home/williamfbx/Lunar-ROADSTER/lr_ws/install/planning/share/ament_index/resource_index/package_run_dependencies/planning
[9.792s] -- Up-to-date: /home/williamfbx/Lunar-ROADSTER/lr_ws/install/planning/share/ament_index/resource_index/parent_prefix_path/planning
[9.792s] -- Up-to-date: /home/williamfbx/Lunar-ROADSTER/lr_ws/install/planning/share/planning/environment/ament_prefix_path.sh
[9.792s] -- Up-to-date: /home/williamfbx/Lunar-ROADSTER/lr_ws/install/planning/share/planning/environment/ament_prefix_path.dsv
[9.792s] -- Up-to-date: /home/williamfbx/Lunar-ROADSTER/lr_ws/install/planning/share/planning/environment/path.sh
[9.792s] -- Up-to-date: /home/williamfbx/Lunar-ROADSTER/lr_ws/install/planning/share/planning/environment/path.dsv
[9.792s] -- Up-to-date: /home/williamfbx/Lunar-ROADSTER/lr_ws/install/planning/share/planning/local_setup.bash
[9.793s] -- Up-to-date: /home/williamfbx/Lunar-ROADSTER/lr_ws/install/planning/share/planning/local_setup.sh
[9.793s] -- Up-to-date: /home/williamfbx/Lunar-ROADSTER/lr_ws/install/planning/share/planning/local_setup.zsh
[9.793s] -- Up-to-date: /home/williamfbx/Lunar-ROADSTER/lr_ws/install/planning/share/planning/local_setup.dsv
[9.793s] -- Installing: /home/williamfbx/Lunar-ROADSTER/lr_ws/install/planning/share/planning/package.dsv
[9.793s] -- Up-to-date: /home/williamfbx/Lunar-ROADSTER/lr_ws/install/planning/share/ament_index/resource_index/packages/planning
[9.793s] -- Up-to-date: /home/williamfbx/Lunar-ROADSTER/lr_ws/install/planning/share/planning/cmake/ament_cmake_export_include_directories-extras.cmake
[9.793s] -- Up-to-date: /home/williamfbx/Lunar-ROADSTER/lr_ws/install/planning/share/planning/cmake/planningConfig.cmake
[9.793s] -- Up-to-date: /home/williamfbx/Lunar-ROADSTER/lr_ws/install/planning/share/planning/cmake/planningConfig-version.cmake
[9.793s] -- Up-to-date: /home/williamfbx/Lunar-ROADSTER/lr_ws/install/planning/share/planning/package.xml
[9.794s] Invoked command in '/home/williamfbx/Lunar-ROADSTER/lr_ws/build/planning' returned '0': CMAKE_PREFIX_PATH=/home/williamfbx/Lunar-ROADSTER/lr_ws/install/mapping:/home/williamfbx/Lunar-ROADSTER/lr_ws/install/cg_msgs:/home/williamfbx/Lunar-ROADSTER/lr_ws/install/vectornav:/home/williamfbx/Lunar-ROADSTER/lr_ws/install/vectornav_msgs:/home/williamfbx/Lunar-ROADSTER/lr_ws/install/teleop:/home/williamfbx/Lunar-ROADSTER/lr_ws/install/sensing:/home/williamfbx/Lunar-ROADSTER/lr_ws/install/realsense2_description:/home/williamfbx/Lunar-ROADSTER/lr_ws/install/realsense2_camera:/home/williamfbx/Lunar-ROADSTER/lr_ws/install/realsense2_camera_msgs:/home/williamfbx/Lunar-ROADSTER/lr_ws/install/realsense:/home/williamfbx/Lunar-ROADSTER/lr_ws/install/planning:/home/williamfbx/Lunar-ROADSTER/lr_ws/install/motion_control:/home/williamfbx/Lunar-ROADSTER/lr_ws/install/localization:/home/williamfbx/Lunar-ROADSTER/lr_ws/install/imu:/home/williamfbx/Lunar-ROADSTER/lr_ws/install/arduino:/opt/ros/humble LD_LIBRARY_PATH=/home/williamfbx/Lunar-ROADSTER/lr_ws/install/cg_msgs/lib:/home/williamfbx/Lunar-ROADSTER/lr_ws/install/vectornav/lib:/home/williamfbx/Lunar-ROADSTER/lr_ws/install/vectornav_msgs/lib:/home/williamfbx/Lunar-ROADSTER/lr_ws/install/realsense2_camera/lib:/home/williamfbx/Lunar-ROADSTER/lr_ws/install/realsense2_camera_msgs/lib:/usr/lib/x86_64-linux-gnu/gazebo-11/plugins:/opt/ros/humble/opt/rviz_ogre_vendor/lib:/opt/ros/humble/lib/x86_64-linux-gnu:/opt/ros/humble/lib /usr/bin/cmake --install /home/williamfbx/Lunar-ROADSTER/lr_ws/build/planning
