[0.156s] Invoking command in '/root/Lunar_ROADSTER/lr_ws/build/grid_map_cmake_helpers': CMAKE_PREFIX_PATH=${CMAKE_PREFIX_PATH}:/root/Lunar_ROADSTER/lr_ws/install/nav2_simple_commander:/root/microros_ws/install/sensor_msgs_py:/opt/ros/humble /usr/local/bin/cmake /root/Lunar_ROADSTER/lr_ws/src/drivers/grid_map/grid_map_cmake_helpers -DAMENT_CMAKE_SYMLINK_INSTALL=1 -DCMAKE_INSTALL_PREFIX=/root/Lunar_ROADSTER/lr_ws/install/grid_map_cmake_helpers
[0.576s] -- Found ament_cmake_core: 1.3.11 (/opt/ros/humble/share/ament_cmake_core/cmake)
[1.685s] -- Found Python3: /usr/bin/python3 (found version "3.10.12") found components: Interpreter 
[2.122s] -- Override CMake install command with custom implementation using symlinks instead of copying resources
[2.632s] -- Configuring done
[2.669s] -- Generating done
[2.679s] -- Build files have been written to: /root/Lunar_ROADSTER/lr_ws/build/grid_map_cmake_helpers
[2.685s] Invoked command in '/root/Lunar_ROADSTER/lr_ws/build/grid_map_cmake_helpers' returned '0': CMAKE_PREFIX_PATH=${CMAKE_PREFIX_PATH}:/root/Lunar_ROADSTER/lr_ws/install/nav2_simple_commander:/root/microros_ws/install/sensor_msgs_py:/opt/ros/humble /usr/local/bin/cmake /root/Lunar_ROADSTER/lr_ws/src/drivers/grid_map/grid_map_cmake_helpers -DAMENT_CMAKE_SYMLINK_INSTALL=1 -DCMAKE_INSTALL_PREFIX=/root/Lunar_ROADSTER/lr_ws/install/grid_map_cmake_helpers
[2.693s] Invoking command in '/root/Lunar_ROADSTER/lr_ws/build/grid_map_cmake_helpers': CMAKE_PREFIX_PATH=${CMAKE_PREFIX_PATH}:/root/Lunar_ROADSTER/lr_ws/install/nav2_simple_commander:/root/microros_ws/install/sensor_msgs_py:/opt/ros/humble /usr/local/bin/cmake --build /root/Lunar_ROADSTER/lr_ws/build/grid_map_cmake_helpers -- -j4 -l4
[2.865s] Invoked command in '/root/Lunar_ROADSTER/lr_ws/build/grid_map_cmake_helpers' returned '0': CMAKE_PREFIX_PATH=${CMAKE_PREFIX_PATH}:/root/Lunar_ROADSTER/lr_ws/install/nav2_simple_commander:/root/microros_ws/install/sensor_msgs_py:/opt/ros/humble /usr/local/bin/cmake --build /root/Lunar_ROADSTER/lr_ws/build/grid_map_cmake_helpers -- -j4 -l4
[2.897s] Invoking command in '/root/Lunar_ROADSTER/lr_ws/build/grid_map_cmake_helpers': CMAKE_PREFIX_PATH=${CMAKE_PREFIX_PATH}:/root/Lunar_ROADSTER/lr_ws/install/nav2_simple_commander:/root/microros_ws/install/sensor_msgs_py:/opt/ros/humble /usr/local/bin/cmake --install /root/Lunar_ROADSTER/lr_ws/build/grid_map_cmake_helpers
[2.933s] -- Install configuration: ""
[2.937s] -- Execute custom install script
[2.948s] -- Symlinking: /root/Lunar_ROADSTER/lr_ws/install/grid_map_cmake_helpers/share/ament_index/resource_index/package_run_dependencies/grid_map_cmake_helpers
[2.977s] CMake Error: failed to create symbolic link '/root/Lunar_ROADSTER/lr_ws/install/grid_map_cmake_helpers/share/ament_index/resource_index/package_run_dependencies/grid_map_cmake_helpers': Operation not permitted
[2.981s] [31mCMake Error at ament_cmake_symlink_install/ament_cmake_symlink_install.cmake:302 (message):
[2.981s]   Could not create symlink
[2.981s]   '/root/Lunar_ROADSTER/lr_ws/install/grid_map_cmake_helpers/share/ament_index/resource_index/package_run_dependencies/grid_map_cmake_helpers'
[2.982s]   pointing to
[2.982s]   '/root/Lunar_ROADSTER/lr_ws/build/grid_map_cmake_helpers/ament_cmake_index/share/ament_index/resource_index/package_run_dependencies/grid_map_cmake_helpers'
[2.982s] Call Stack (most recent call first):
[2.983s]   ament_cmake_symlink_install/ament_cmake_symlink_install.cmake:155 (_ament_cmake_symlink_install_create_symlink)
[2.983s]   ament_cmake_symlink_install/ament_cmake_symlink_install.cmake:314 (ament_cmake_symlink_install_files)
[2.983s]   cmake_install.cmake:41 (include)
[2.983s] 
[2.984s] [0m
[2.991s] Invoked command in '/root/Lunar_ROADSTER/lr_ws/build/grid_map_cmake_helpers' returned '1': CMAKE_PREFIX_PATH=${CMAKE_PREFIX_PATH}:/root/Lunar_ROADSTER/lr_ws/install/nav2_simple_commander:/root/microros_ws/install/sensor_msgs_py:/opt/ros/humble /usr/local/bin/cmake --install /root/Lunar_ROADSTER/lr_ws/build/grid_map_cmake_helpers
