[0.336s] Invoking command in '/root/Lunar_ROADSTER/lr_ws/build/localization': AMENT_PREFIX_PATH=/root/Lunar_ROADSTER/lr_ws/install/cg_msgs:${AMENT_PREFIX_PATH} CMAKE_PREFIX_PATH=/root/Lunar_ROADSTER/lr_ws/install/cg_msgs:/opt/ros/humble LD_LIBRARY_PATH=/root/Lunar_ROADSTER/lr_ws/install/cg_msgs/lib:/opt/ros/humble/opt/rviz_ogre_vendor/lib:/opt/ros/humble/lib/aarch64-linux-gnu:/opt/ros/humble/lib:/usr/local/cuda/lib64 PYTHONPATH=/root/Lunar_ROADSTER/lr_ws/install/cg_msgs/local/lib/python3.10/dist-packages:${PYTHONPATH} /usr/local/bin/cmake --build /root/Lunar_ROADSTER/lr_ws/build/localization -- -j4 -l4
[0.961s] [ 20%] Built target kalman_filter_linear
[1.148s] [ 50%] Built target ts_prism_transformer
[1.149s] [ 70%] Built target imu_tf_publisher
[1.322s] [100%] Built target slip_estimate_node
[1.351s] Invoked command in '/root/Lunar_ROADSTER/lr_ws/build/localization' returned '0': AMENT_PREFIX_PATH=/root/Lunar_ROADSTER/lr_ws/install/cg_msgs:${AMENT_PREFIX_PATH} CMAKE_PREFIX_PATH=/root/Lunar_ROADSTER/lr_ws/install/cg_msgs:/opt/ros/humble LD_LIBRARY_PATH=/root/Lunar_ROADSTER/lr_ws/install/cg_msgs/lib:/opt/ros/humble/opt/rviz_ogre_vendor/lib:/opt/ros/humble/lib/aarch64-linux-gnu:/opt/ros/humble/lib:/usr/local/cuda/lib64 PYTHONPATH=/root/Lunar_ROADSTER/lr_ws/install/cg_msgs/local/lib/python3.10/dist-packages:${PYTHONPATH} /usr/local/bin/cmake --build /root/Lunar_ROADSTER/lr_ws/build/localization -- -j4 -l4
[1.476s] Invoking command in '/root/Lunar_ROADSTER/lr_ws/build/localization': AMENT_PREFIX_PATH=/root/Lunar_ROADSTER/lr_ws/install/cg_msgs:${AMENT_PREFIX_PATH} CMAKE_PREFIX_PATH=/root/Lunar_ROADSTER/lr_ws/install/cg_msgs:/opt/ros/humble LD_LIBRARY_PATH=/root/Lunar_ROADSTER/lr_ws/install/cg_msgs/lib:/opt/ros/humble/opt/rviz_ogre_vendor/lib:/opt/ros/humble/lib/aarch64-linux-gnu:/opt/ros/humble/lib:/usr/local/cuda/lib64 PYTHONPATH=/root/Lunar_ROADSTER/lr_ws/install/cg_msgs/local/lib/python3.10/dist-packages:${PYTHONPATH} /usr/local/bin/cmake --install /root/Lunar_ROADSTER/lr_ws/build/localization
[1.499s] -- Install configuration: ""
[1.502s] -- Up-to-date: /root/Lunar_ROADSTER/lr_ws/install/localization/lib/localization/slip_estimate_node
[1.508s] -- Up-to-date: /root/Lunar_ROADSTER/lr_ws/install/localization/lib/localization/ts_prism_transformer
[1.514s] -- Up-to-date: /root/Lunar_ROADSTER/lr_ws/install/localization/lib/localization/imu_tf_publisher
[1.517s] -- Up-to-date: /root/Lunar_ROADSTER/lr_ws/install/localization/include/localization
[1.518s] -- Up-to-date: /root/Lunar_ROADSTER/lr_ws/install/localization/include/localization/imu_tf_publisher.hpp
[1.519s] -- Up-to-date: /root/Lunar_ROADSTER/lr_ws/install/localization/include/localization/kalman_filter_linear.hpp
[1.520s] -- Up-to-date: /root/Lunar_ROADSTER/lr_ws/install/localization/include/localization/slip_estimate_node.hpp
[1.520s] -- Up-to-date: /root/Lunar_ROADSTER/lr_ws/install/localization/include/localization/ts_prism_transformer.hpp
[1.520s] -- Up-to-date: /root/Lunar_ROADSTER/lr_ws/install/localization/share/localization/launch
[1.522s] -- Up-to-date: /root/Lunar_ROADSTER/lr_ws/install/localization/share/localization/launch/imu_tf_publisher.launch.py
[1.523s] -- Up-to-date: /root/Lunar_ROADSTER/lr_ws/install/localization/share/localization/launch/slip_estimate_launch.py
[1.524s] -- Up-to-date: /root/Lunar_ROADSTER/lr_ws/install/localization/share/localization/launch/__pycache__
[1.525s] -- Up-to-date: /root/Lunar_ROADSTER/lr_ws/install/localization/share/localization/launch/__pycache__/imu_tf_publisher.launch.cpython-310.pyc
[1.525s] -- Up-to-date: /root/Lunar_ROADSTER/lr_ws/install/localization/share/localization/launch/__pycache__/ekf_localization.launch.cpython-38.pyc
[1.526s] -- Up-to-date: /root/Lunar_ROADSTER/lr_ws/install/localization/share/localization/launch/ekf_localization.launch.py
[1.526s] -- Up-to-date: /root/Lunar_ROADSTER/lr_ws/install/localization/share/localization//config
[1.527s] -- Up-to-date: /root/Lunar_ROADSTER/lr_ws/install/localization/share/localization//config/ekf_slip_node_params.yaml
[1.527s] -- Up-to-date: /root/Lunar_ROADSTER/lr_ws/install/localization/share/localization//config/slip_estimate_params.yaml
[1.528s] -- Up-to-date: /root/Lunar_ROADSTER/lr_ws/install/localization/share/localization//config/ekf_global_node_params.yaml
[1.528s] -- Up-to-date: /root/Lunar_ROADSTER/lr_ws/install/localization/share/localization//config/ekf_odom_node_params.yaml
[1.529s] -- Up-to-date: /root/Lunar_ROADSTER/lr_ws/install/localization/share/ament_index/resource_index/package_run_dependencies/localization
[1.529s] -- Up-to-date: /root/Lunar_ROADSTER/lr_ws/install/localization/share/ament_index/resource_index/parent_prefix_path/localization
[1.529s] -- Up-to-date: /root/Lunar_ROADSTER/lr_ws/install/localization/share/localization/environment/ament_prefix_path.sh
[1.530s] -- Up-to-date: /root/Lunar_ROADSTER/lr_ws/install/localization/share/localization/environment/ament_prefix_path.dsv
[1.530s] -- Up-to-date: /root/Lunar_ROADSTER/lr_ws/install/localization/share/localization/environment/path.sh
[1.530s] -- Up-to-date: /root/Lunar_ROADSTER/lr_ws/install/localization/share/localization/environment/path.dsv
[1.531s] -- Up-to-date: /root/Lunar_ROADSTER/lr_ws/install/localization/share/localization/local_setup.bash
[1.531s] -- Up-to-date: /root/Lunar_ROADSTER/lr_ws/install/localization/share/localization/local_setup.sh
[1.531s] -- Up-to-date: /root/Lunar_ROADSTER/lr_ws/install/localization/share/localization/local_setup.zsh
[1.532s] -- Up-to-date: /root/Lunar_ROADSTER/lr_ws/install/localization/share/localization/local_setup.dsv
[1.532s] -- Installing: /root/Lunar_ROADSTER/lr_ws/install/localization/share/localization/package.dsv
[1.532s] -- Up-to-date: /root/Lunar_ROADSTER/lr_ws/install/localization/share/ament_index/resource_index/packages/localization
[1.532s] -- Up-to-date: /root/Lunar_ROADSTER/lr_ws/install/localization/share/localization/cmake/localizationConfig.cmake
[1.533s] -- Up-to-date: /root/Lunar_ROADSTER/lr_ws/install/localization/share/localization/cmake/localizationConfig-version.cmake
[1.535s] -- Up-to-date: /root/Lunar_ROADSTER/lr_ws/install/localization/share/localization/package.xml
[1.539s] Invoked command in '/root/Lunar_ROADSTER/lr_ws/build/localization' returned '0': AMENT_PREFIX_PATH=/root/Lunar_ROADSTER/lr_ws/install/cg_msgs:${AMENT_PREFIX_PATH} CMAKE_PREFIX_PATH=/root/Lunar_ROADSTER/lr_ws/install/cg_msgs:/opt/ros/humble LD_LIBRARY_PATH=/root/Lunar_ROADSTER/lr_ws/install/cg_msgs/lib:/opt/ros/humble/opt/rviz_ogre_vendor/lib:/opt/ros/humble/lib/aarch64-linux-gnu:/opt/ros/humble/lib:/usr/local/cuda/lib64 PYTHONPATH=/root/Lunar_ROADSTER/lr_ws/install/cg_msgs/local/lib/python3.10/dist-packages:${PYTHONPATH} /usr/local/bin/cmake --install /root/Lunar_ROADSTER/lr_ws/build/localization
