[0.229s] Invoking command in '/root/Lunar_ROADSTER/lr_ws/build/dwb_msgs': CMAKE_PREFIX_PATH=/root/Lunar_ROADSTER/lr_ws/install/nav_2d_msgs:/root/Lunar_ROADSTER/lr_ws/install/vectornav:/root/Lunar_ROADSTER/lr_ws/install/vectornav_msgs:/root/Lunar_ROADSTER/lr_ws/install/teleop:/root/Lunar_ROADSTER/lr_ws/install/sensing:/root/Lunar_ROADSTER/lr_ws/install/realsense2_description:/root/Lunar_ROADSTER/lr_ws/install/realsense2_camera:/root/Lunar_ROADSTER/lr_ws/install/realsense2_camera_msgs:/root/Lunar_ROADSTER/lr_ws/install/realsense:/root/Lunar_ROADSTER/lr_ws/install/nav2_system_tests:/root/Lunar_ROADSTER/lr_ws/install/nav2_bringup:/root/Lunar_ROADSTER/lr_ws/install/navigation2:/root/Lunar_ROADSTER/lr_ws/install/nav2_smoother:/root/Lunar_ROADSTER/lr_ws/install/nav2_graceful_controller:/root/Lunar_ROADSTER/lr_ws/install/nav2_dwb_controller:/root/Lunar_ROADSTER/lr_ws/install/nav2_controller:/root/Lunar_ROADSTER/lr_ws/install/dwb_plugins:/root/Lunar_ROADSTER/lr_ws/install/dwb_critics:/root/Lunar_ROADSTER/lr_ws/install/dwb_core:/root/Lunar_ROADSTER/lr_ws/install/nav_2d_utils:/root/Lunar_ROADSTER/lr_ws/install/dwb_msgs:/root/Lunar_ROADSTER/lr_ws/install/nav2_waypoint_follower:/root/Lunar_ROADSTER/lr_ws/install/nav2_theta_star_planner:/root/Lunar_ROADSTER/lr_ws/install/nav2_smac_planner:/root/Lunar_ROADSTER/lr_ws/install/nav2_rotation_shim_controller:/root/Lunar_ROADSTER/lr_ws/install/nav2_regulated_pure_pursuit_controller:/root/Lunar_ROADSTER/lr_ws/install/nav2_planner:/root/Lunar_ROADSTER/lr_ws/install/nav2_navfn_planner:/root/Lunar_ROADSTER/lr_ws/install/nav2_mppi_controller:/root/Lunar_ROADSTER/lr_ws/install/nav2_constrained_smoother:/root/Lunar_ROADSTER/lr_ws/install/nav2_bt_navigator:/root/Lunar_ROADSTER/lr_ws/install/nav2_behaviors:/root/Lunar_ROADSTER/lr_ws/install/nav2_core:/root/Lunar_ROADSTER/lr_ws/install/nav2_collision_monitor:/root/Lunar_ROADSTER/lr_ws/install/costmap_queue:/root/Lunar_ROADSTER/lr_ws/install/nav2_costmap_2d:/root/Lunar_ROADSTER/lr_ws/install/nav2_voxel_grid:/root/Lunar_ROADSTER/lr_ws/install/nav2_velocity_smoother:/root/Lunar_ROADSTER/lr_ws/install/nav2_rviz_plugins:/root/Lunar_ROADSTER/lr_ws/install/nav2_map_server:/root/Lunar_ROADSTER/lr_ws/install/nav2_lifecycle_manager:/root/Lunar_ROADSTER/lr_ws/install/nav2_behavior_tree:/root/Lunar_ROADSTER/lr_ws/install/nav2_amcl:/root/Lunar_ROADSTER/lr_ws/install/nav2_util:/root/Lunar_ROADSTER/lr_ws/install/nav2_msgs:/root/Lunar_ROADSTER/lr_ws/install/nav2_common:/root/Lunar_ROADSTER/lr_ws/install/motion_control:/root/Lunar_ROADSTER/lr_ws/install/mapping:/root/Lunar_ROADSTER/lr_ws/install/lx_mapping:/root/Lunar_ROADSTER/lr_ws/install/lx_library:/root/Lunar_ROADSTER/lr_ws/install/lx_msgs:/root/Lunar_ROADSTER/lr_ws/install/localization:/root/Lunar_ROADSTER/lr_ws/install/imu:/root/Lunar_ROADSTER/lr_ws/install/gazebo_msgs:/root/Lunar_ROADSTER/lr_ws/install/gazebo_dev:/root/Lunar_ROADSTER/lr_ws/install/arduino:/root/Lunar_ROADSTER/lr_ws/install/cg_msgs:/root/Lunar_ROADSTER/lr_ws/install/nav2_simple_commander:/opt/ros/humble LD_LIBRARY_PATH=/root/Lunar_ROADSTER/lr_ws/install/nav_2d_msgs/lib:/root/Lunar_ROADSTER/lr_ws/install/vectornav/lib:/root/Lunar_ROADSTER/lr_ws/install/vectornav_msgs/lib:/root/Lunar_ROADSTER/lr_ws/install/realsense2_camera/lib:/root/Lunar_ROADSTER/lr_ws/install/realsense2_camera_msgs/lib:/root/Lunar_ROADSTER/lr_ws/install/nav2_smoother/lib:/root/Lunar_ROADSTER/lr_ws/install/nav2_graceful_controller/lib:/root/Lunar_ROADSTER/lr_ws/install/nav2_controller/lib:/root/Lunar_ROADSTER/lr_ws/install/dwb_plugins/lib:/root/Lunar_ROADSTER/lr_ws/install/dwb_critics/lib:/root/Lunar_ROADSTER/lr_ws/install/dwb_core/lib:/root/Lunar_ROADSTER/lr_ws/install/nav_2d_utils/lib:/root/Lunar_ROADSTER/lr_ws/install/dwb_msgs/lib:/root/Lunar_ROADSTER/lr_ws/install/nav2_waypoint_follower/lib:/root/Lunar_ROADSTER/lr_ws/install/nav2_theta_star_planner/lib:/root/Lunar_ROADSTER/lr_ws/install/nav2_smac_planner/lib:/root/Lunar_ROADSTER/lr_ws/install/nav2_rotation_shim_controller/lib:/root/Lunar_ROADSTER/lr_ws/install/nav2_regulated_pure_pursuit_controller/lib:/root/Lunar_ROADSTER/lr_ws/install/nav2_planner/lib:/root/Lunar_ROADSTER/lr_ws/install/nav2_navfn_planner/lib:/root/Lunar_ROADSTER/lr_ws/install/nav2_mppi_controller/lib:/root/Lunar_ROADSTER/lr_ws/install/nav2_constrained_smoother/lib:/root/Lunar_ROADSTER/lr_ws/install/nav2_bt_navigator/lib:/root/Lunar_ROADSTER/lr_ws/install/nav2_behaviors/lib:/root/Lunar_ROADSTER/lr_ws/install/nav2_collision_monitor/lib:/root/Lunar_ROADSTER/lr_ws/install/costmap_queue/lib:/root/Lunar_ROADSTER/lr_ws/install/nav2_costmap_2d/lib:/root/Lunar_ROADSTER/lr_ws/install/nav2_voxel_grid/lib:/root/Lunar_ROADSTER/lr_ws/install/nav2_velocity_smoother/lib:/root/Lunar_ROADSTER/lr_ws/install/nav2_rviz_plugins/lib:/root/Lunar_ROADSTER/lr_ws/install/nav2_map_server/lib:/root/Lunar_ROADSTER/lr_ws/install/nav2_lifecycle_manager/lib:/root/Lunar_ROADSTER/lr_ws/install/nav2_behavior_tree/lib:/root/Lunar_ROADSTER/lr_ws/install/nav2_amcl/lib:/root/Lunar_ROADSTER/lr_ws/install/nav2_util/lib:/root/Lunar_ROADSTER/lr_ws/install/nav2_msgs/lib:/root/Lunar_ROADSTER/lr_ws/install/lx_library/lib:/root/Lunar_ROADSTER/lr_ws/install/lx_msgs/lib:/root/Lunar_ROADSTER/lr_ws/install/gazebo_msgs/lib:/root/Lunar_ROADSTER/lr_ws/install/cg_msgs/lib:/opt/ros/humble/opt/rviz_ogre_vendor/lib:/opt/ros/humble/lib/aarch64-linux-gnu:/opt/ros/humble/lib:/usr/local/cuda/lib64 /usr/local/bin/cmake --build /root/Lunar_ROADSTER/lr_ws/build/dwb_msgs -- -j4 -l4
[0.703s] [  1%] Built target dwb_msgs__cpp
[1.029s] [  1%] Built target ament_cmake_python_copy_dwb_msgs
[1.278s] [ 12%] Built target dwb_msgs__rosidl_typesupport_fastrtps_cpp
[1.572s] [ 24%] Built target dwb_msgs__rosidl_typesupport_introspection_cpp
[4.054s] running egg_info
[4.079s] writing dwb_msgs.egg-info/PKG-INFO
[4.081s] writing dependency_links to dwb_msgs.egg-info/dependency_links.txt
[4.085s] writing top-level names to dwb_msgs.egg-info/top_level.txt
[4.088s] reading manifest file 'dwb_msgs.egg-info/SOURCES.txt'
[4.095s] writing manifest file 'dwb_msgs.egg-info/SOURCES.txt'
[4.249s] [ 24%] Built target ament_cmake_python_build_dwb_msgs_egg
[4.633s] [ 35%] Built target dwb_msgs__rosidl_typesupport_cpp
[4.904s] [ 47%] Built target dwb_msgs__rosidl_generator_c
[5.205s] [ 58%] Built target dwb_msgs__rosidl_typesupport_fastrtps_c
[5.407s] [ 70%] Built target dwb_msgs__rosidl_typesupport_c
[5.669s] [ 82%] Built target dwb_msgs__rosidl_typesupport_introspection_c
[5.960s] [ 82%] Built target dwb_msgs
[6.447s] [ 83%] Built target dwb_msgs__py
[6.667s] [ 93%] Built target dwb_msgs__rosidl_generator_py
[6.911s] [ 95%] Built target dwb_msgs__rosidl_typesupport_fastrtps_c__pyext
[7.083s] [ 97%] Built target dwb_msgs__rosidl_typesupport_c__pyext
[7.315s] [100%] Built target dwb_msgs__rosidl_typesupport_introspection_c__pyext
[7.758s] Invoked command in '/root/Lunar_ROADSTER/lr_ws/build/dwb_msgs' returned '0': CMAKE_PREFIX_PATH=/root/Lunar_ROADSTER/lr_ws/install/nav_2d_msgs:/root/Lunar_ROADSTER/lr_ws/install/vectornav:/root/Lunar_ROADSTER/lr_ws/install/vectornav_msgs:/root/Lunar_ROADSTER/lr_ws/install/teleop:/root/Lunar_ROADSTER/lr_ws/install/sensing:/root/Lunar_ROADSTER/lr_ws/install/realsense2_description:/root/Lunar_ROADSTER/lr_ws/install/realsense2_camera:/root/Lunar_ROADSTER/lr_ws/install/realsense2_camera_msgs:/root/Lunar_ROADSTER/lr_ws/install/realsense:/root/Lunar_ROADSTER/lr_ws/install/nav2_system_tests:/root/Lunar_ROADSTER/lr_ws/install/nav2_bringup:/root/Lunar_ROADSTER/lr_ws/install/navigation2:/root/Lunar_ROADSTER/lr_ws/install/nav2_smoother:/root/Lunar_ROADSTER/lr_ws/install/nav2_graceful_controller:/root/Lunar_ROADSTER/lr_ws/install/nav2_dwb_controller:/root/Lunar_ROADSTER/lr_ws/install/nav2_controller:/root/Lunar_ROADSTER/lr_ws/install/dwb_plugins:/root/Lunar_ROADSTER/lr_ws/install/dwb_critics:/root/Lunar_ROADSTER/lr_ws/install/dwb_core:/root/Lunar_ROADSTER/lr_ws/install/nav_2d_utils:/root/Lunar_ROADSTER/lr_ws/install/dwb_msgs:/root/Lunar_ROADSTER/lr_ws/install/nav2_waypoint_follower:/root/Lunar_ROADSTER/lr_ws/install/nav2_theta_star_planner:/root/Lunar_ROADSTER/lr_ws/install/nav2_smac_planner:/root/Lunar_ROADSTER/lr_ws/install/nav2_rotation_shim_controller:/root/Lunar_ROADSTER/lr_ws/install/nav2_regulated_pure_pursuit_controller:/root/Lunar_ROADSTER/lr_ws/install/nav2_planner:/root/Lunar_ROADSTER/lr_ws/install/nav2_navfn_planner:/root/Lunar_ROADSTER/lr_ws/install/nav2_mppi_controller:/root/Lunar_ROADSTER/lr_ws/install/nav2_constrained_smoother:/root/Lunar_ROADSTER/lr_ws/install/nav2_bt_navigator:/root/Lunar_ROADSTER/lr_ws/install/nav2_behaviors:/root/Lunar_ROADSTER/lr_ws/install/nav2_core:/root/Lunar_ROADSTER/lr_ws/install/nav2_collision_monitor:/root/Lunar_ROADSTER/lr_ws/install/costmap_queue:/root/Lunar_ROADSTER/lr_ws/install/nav2_costmap_2d:/root/Lunar_ROADSTER/lr_ws/install/nav2_voxel_grid:/root/Lunar_ROADSTER/lr_ws/install/nav2_velocity_smoother:/root/Lunar_ROADSTER/lr_ws/install/nav2_rviz_plugins:/root/Lunar_ROADSTER/lr_ws/install/nav2_map_server:/root/Lunar_ROADSTER/lr_ws/install/nav2_lifecycle_manager:/root/Lunar_ROADSTER/lr_ws/install/nav2_behavior_tree:/root/Lunar_ROADSTER/lr_ws/install/nav2_amcl:/root/Lunar_ROADSTER/lr_ws/install/nav2_util:/root/Lunar_ROADSTER/lr_ws/install/nav2_msgs:/root/Lunar_ROADSTER/lr_ws/install/nav2_common:/root/Lunar_ROADSTER/lr_ws/install/motion_control:/root/Lunar_ROADSTER/lr_ws/install/mapping:/root/Lunar_ROADSTER/lr_ws/install/lx_mapping:/root/Lunar_ROADSTER/lr_ws/install/lx_library:/root/Lunar_ROADSTER/lr_ws/install/lx_msgs:/root/Lunar_ROADSTER/lr_ws/install/localization:/root/Lunar_ROADSTER/lr_ws/install/imu:/root/Lunar_ROADSTER/lr_ws/install/gazebo_msgs:/root/Lunar_ROADSTER/lr_ws/install/gazebo_dev:/root/Lunar_ROADSTER/lr_ws/install/arduino:/root/Lunar_ROADSTER/lr_ws/install/cg_msgs:/root/Lunar_ROADSTER/lr_ws/install/nav2_simple_commander:/opt/ros/humble LD_LIBRARY_PATH=/root/Lunar_ROADSTER/lr_ws/install/nav_2d_msgs/lib:/root/Lunar_ROADSTER/lr_ws/install/vectornav/lib:/root/Lunar_ROADSTER/lr_ws/install/vectornav_msgs/lib:/root/Lunar_ROADSTER/lr_ws/install/realsense2_camera/lib:/root/Lunar_ROADSTER/lr_ws/install/realsense2_camera_msgs/lib:/root/Lunar_ROADSTER/lr_ws/install/nav2_smoother/lib:/root/Lunar_ROADSTER/lr_ws/install/nav2_graceful_controller/lib:/root/Lunar_ROADSTER/lr_ws/install/nav2_controller/lib:/root/Lunar_ROADSTER/lr_ws/install/dwb_plugins/lib:/root/Lunar_ROADSTER/lr_ws/install/dwb_critics/lib:/root/Lunar_ROADSTER/lr_ws/install/dwb_core/lib:/root/Lunar_ROADSTER/lr_ws/install/nav_2d_utils/lib:/root/Lunar_ROADSTER/lr_ws/install/dwb_msgs/lib:/root/Lunar_ROADSTER/lr_ws/install/nav2_waypoint_follower/lib:/root/Lunar_ROADSTER/lr_ws/install/nav2_theta_star_planner/lib:/root/Lunar_ROADSTER/lr_ws/install/nav2_smac_planner/lib:/root/Lunar_ROADSTER/lr_ws/install/nav2_rotation_shim_controller/lib:/root/Lunar_ROADSTER/lr_ws/install/nav2_regulated_pure_pursuit_controller/lib:/root/Lunar_ROADSTER/lr_ws/install/nav2_planner/lib:/root/Lunar_ROADSTER/lr_ws/install/nav2_navfn_planner/lib:/root/Lunar_ROADSTER/lr_ws/install/nav2_mppi_controller/lib:/root/Lunar_ROADSTER/lr_ws/install/nav2_constrained_smoother/lib:/root/Lunar_ROADSTER/lr_ws/install/nav2_bt_navigator/lib:/root/Lunar_ROADSTER/lr_ws/install/nav2_behaviors/lib:/root/Lunar_ROADSTER/lr_ws/install/nav2_collision_monitor/lib:/root/Lunar_ROADSTER/lr_ws/install/costmap_queue/lib:/root/Lunar_ROADSTER/lr_ws/install/nav2_costmap_2d/lib:/root/Lunar_ROADSTER/lr_ws/install/nav2_voxel_grid/lib:/root/Lunar_ROADSTER/lr_ws/install/nav2_velocity_smoother/lib:/root/Lunar_ROADSTER/lr_ws/install/nav2_rviz_plugins/lib:/root/Lunar_ROADSTER/lr_ws/install/nav2_map_server/lib:/root/Lunar_ROADSTER/lr_ws/install/nav2_lifecycle_manager/lib:/root/Lunar_ROADSTER/lr_ws/install/nav2_behavior_tree/lib:/root/Lunar_ROADSTER/lr_ws/install/nav2_amcl/lib:/root/Lunar_ROADSTER/lr_ws/install/nav2_util/lib:/root/Lunar_ROADSTER/lr_ws/install/nav2_msgs/lib:/root/Lunar_ROADSTER/lr_ws/install/lx_library/lib:/root/Lunar_ROADSTER/lr_ws/install/lx_msgs/lib:/root/Lunar_ROADSTER/lr_ws/install/gazebo_msgs/lib:/root/Lunar_ROADSTER/lr_ws/install/cg_msgs/lib:/opt/ros/humble/opt/rviz_ogre_vendor/lib:/opt/ros/humble/lib/aarch64-linux-gnu:/opt/ros/humble/lib:/usr/local/cuda/lib64 /usr/local/bin/cmake --build /root/Lunar_ROADSTER/lr_ws/build/dwb_msgs -- -j4 -l4
[7.764s] Invoking command in '/root/Lunar_ROADSTER/lr_ws/build/dwb_msgs': CMAKE_PREFIX_PATH=/root/Lunar_ROADSTER/lr_ws/install/nav_2d_msgs:/root/Lunar_ROADSTER/lr_ws/install/vectornav:/root/Lunar_ROADSTER/lr_ws/install/vectornav_msgs:/root/Lunar_ROADSTER/lr_ws/install/teleop:/root/Lunar_ROADSTER/lr_ws/install/sensing:/root/Lunar_ROADSTER/lr_ws/install/realsense2_description:/root/Lunar_ROADSTER/lr_ws/install/realsense2_camera:/root/Lunar_ROADSTER/lr_ws/install/realsense2_camera_msgs:/root/Lunar_ROADSTER/lr_ws/install/realsense:/root/Lunar_ROADSTER/lr_ws/install/nav2_system_tests:/root/Lunar_ROADSTER/lr_ws/install/nav2_bringup:/root/Lunar_ROADSTER/lr_ws/install/navigation2:/root/Lunar_ROADSTER/lr_ws/install/nav2_smoother:/root/Lunar_ROADSTER/lr_ws/install/nav2_graceful_controller:/root/Lunar_ROADSTER/lr_ws/install/nav2_dwb_controller:/root/Lunar_ROADSTER/lr_ws/install/nav2_controller:/root/Lunar_ROADSTER/lr_ws/install/dwb_plugins:/root/Lunar_ROADSTER/lr_ws/install/dwb_critics:/root/Lunar_ROADSTER/lr_ws/install/dwb_core:/root/Lunar_ROADSTER/lr_ws/install/nav_2d_utils:/root/Lunar_ROADSTER/lr_ws/install/dwb_msgs:/root/Lunar_ROADSTER/lr_ws/install/nav2_waypoint_follower:/root/Lunar_ROADSTER/lr_ws/install/nav2_theta_star_planner:/root/Lunar_ROADSTER/lr_ws/install/nav2_smac_planner:/root/Lunar_ROADSTER/lr_ws/install/nav2_rotation_shim_controller:/root/Lunar_ROADSTER/lr_ws/install/nav2_regulated_pure_pursuit_controller:/root/Lunar_ROADSTER/lr_ws/install/nav2_planner:/root/Lunar_ROADSTER/lr_ws/install/nav2_navfn_planner:/root/Lunar_ROADSTER/lr_ws/install/nav2_mppi_controller:/root/Lunar_ROADSTER/lr_ws/install/nav2_constrained_smoother:/root/Lunar_ROADSTER/lr_ws/install/nav2_bt_navigator:/root/Lunar_ROADSTER/lr_ws/install/nav2_behaviors:/root/Lunar_ROADSTER/lr_ws/install/nav2_core:/root/Lunar_ROADSTER/lr_ws/install/nav2_collision_monitor:/root/Lunar_ROADSTER/lr_ws/install/costmap_queue:/root/Lunar_ROADSTER/lr_ws/install/nav2_costmap_2d:/root/Lunar_ROADSTER/lr_ws/install/nav2_voxel_grid:/root/Lunar_ROADSTER/lr_ws/install/nav2_velocity_smoother:/root/Lunar_ROADSTER/lr_ws/install/nav2_rviz_plugins:/root/Lunar_ROADSTER/lr_ws/install/nav2_map_server:/root/Lunar_ROADSTER/lr_ws/install/nav2_lifecycle_manager:/root/Lunar_ROADSTER/lr_ws/install/nav2_behavior_tree:/root/Lunar_ROADSTER/lr_ws/install/nav2_amcl:/root/Lunar_ROADSTER/lr_ws/install/nav2_util:/root/Lunar_ROADSTER/lr_ws/install/nav2_msgs:/root/Lunar_ROADSTER/lr_ws/install/nav2_common:/root/Lunar_ROADSTER/lr_ws/install/motion_control:/root/Lunar_ROADSTER/lr_ws/install/mapping:/root/Lunar_ROADSTER/lr_ws/install/lx_mapping:/root/Lunar_ROADSTER/lr_ws/install/lx_library:/root/Lunar_ROADSTER/lr_ws/install/lx_msgs:/root/Lunar_ROADSTER/lr_ws/install/localization:/root/Lunar_ROADSTER/lr_ws/install/imu:/root/Lunar_ROADSTER/lr_ws/install/gazebo_msgs:/root/Lunar_ROADSTER/lr_ws/install/gazebo_dev:/root/Lunar_ROADSTER/lr_ws/install/arduino:/root/Lunar_ROADSTER/lr_ws/install/cg_msgs:/root/Lunar_ROADSTER/lr_ws/install/nav2_simple_commander:/opt/ros/humble LD_LIBRARY_PATH=/root/Lunar_ROADSTER/lr_ws/install/nav_2d_msgs/lib:/root/Lunar_ROADSTER/lr_ws/install/vectornav/lib:/root/Lunar_ROADSTER/lr_ws/install/vectornav_msgs/lib:/root/Lunar_ROADSTER/lr_ws/install/realsense2_camera/lib:/root/Lunar_ROADSTER/lr_ws/install/realsense2_camera_msgs/lib:/root/Lunar_ROADSTER/lr_ws/install/nav2_smoother/lib:/root/Lunar_ROADSTER/lr_ws/install/nav2_graceful_controller/lib:/root/Lunar_ROADSTER/lr_ws/install/nav2_controller/lib:/root/Lunar_ROADSTER/lr_ws/install/dwb_plugins/lib:/root/Lunar_ROADSTER/lr_ws/install/dwb_critics/lib:/root/Lunar_ROADSTER/lr_ws/install/dwb_core/lib:/root/Lunar_ROADSTER/lr_ws/install/nav_2d_utils/lib:/root/Lunar_ROADSTER/lr_ws/install/dwb_msgs/lib:/root/Lunar_ROADSTER/lr_ws/install/nav2_waypoint_follower/lib:/root/Lunar_ROADSTER/lr_ws/install/nav2_theta_star_planner/lib:/root/Lunar_ROADSTER/lr_ws/install/nav2_smac_planner/lib:/root/Lunar_ROADSTER/lr_ws/install/nav2_rotation_shim_controller/lib:/root/Lunar_ROADSTER/lr_ws/install/nav2_regulated_pure_pursuit_controller/lib:/root/Lunar_ROADSTER/lr_ws/install/nav2_planner/lib:/root/Lunar_ROADSTER/lr_ws/install/nav2_navfn_planner/lib:/root/Lunar_ROADSTER/lr_ws/install/nav2_mppi_controller/lib:/root/Lunar_ROADSTER/lr_ws/install/nav2_constrained_smoother/lib:/root/Lunar_ROADSTER/lr_ws/install/nav2_bt_navigator/lib:/root/Lunar_ROADSTER/lr_ws/install/nav2_behaviors/lib:/root/Lunar_ROADSTER/lr_ws/install/nav2_collision_monitor/lib:/root/Lunar_ROADSTER/lr_ws/install/costmap_queue/lib:/root/Lunar_ROADSTER/lr_ws/install/nav2_costmap_2d/lib:/root/Lunar_ROADSTER/lr_ws/install/nav2_voxel_grid/lib:/root/Lunar_ROADSTER/lr_ws/install/nav2_velocity_smoother/lib:/root/Lunar_ROADSTER/lr_ws/install/nav2_rviz_plugins/lib:/root/Lunar_ROADSTER/lr_ws/install/nav2_map_server/lib:/root/Lunar_ROADSTER/lr_ws/install/nav2_lifecycle_manager/lib:/root/Lunar_ROADSTER/lr_ws/install/nav2_behavior_tree/lib:/root/Lunar_ROADSTER/lr_ws/install/nav2_amcl/lib:/root/Lunar_ROADSTER/lr_ws/install/nav2_util/lib:/root/Lunar_ROADSTER/lr_ws/install/nav2_msgs/lib:/root/Lunar_ROADSTER/lr_ws/install/lx_library/lib:/root/Lunar_ROADSTER/lr_ws/install/lx_msgs/lib:/root/Lunar_ROADSTER/lr_ws/install/gazebo_msgs/lib:/root/Lunar_ROADSTER/lr_ws/install/cg_msgs/lib:/opt/ros/humble/opt/rviz_ogre_vendor/lib:/opt/ros/humble/lib/aarch64-linux-gnu:/opt/ros/humble/lib:/usr/local/cuda/lib64 /usr/local/bin/cmake --install /root/Lunar_ROADSTER/lr_ws/build/dwb_msgs
[7.835s] -- Install configuration: ""
[7.836s] -- Up-to-date: /root/Lunar_ROADSTER/lr_ws/install/dwb_msgs/share/ament_index/resource_index/rosidl_interfaces/dwb_msgs
[7.836s] -- Up-to-date: /root/Lunar_ROADSTER/lr_ws/install/dwb_msgs/include/dwb_msgs/dwb_msgs
[7.842s] -- Up-to-date: /root/Lunar_ROADSTER/lr_ws/install/dwb_msgs/include/dwb_msgs/dwb_msgs/msg
[7.843s] -- Up-to-date: /root/Lunar_ROADSTER/lr_ws/install/dwb_msgs/include/dwb_msgs/dwb_msgs/msg/critic_score.h
[7.844s] -- Up-to-date: /root/Lunar_ROADSTER/lr_ws/install/dwb_msgs/include/dwb_msgs/dwb_msgs/msg/rosidl_generator_c__visibility_control.h
[7.848s] -- Up-to-date: /root/Lunar_ROADSTER/lr_ws/install/dwb_msgs/include/dwb_msgs/dwb_msgs/msg/detail
[7.849s] -- Up-to-date: /root/Lunar_ROADSTER/lr_ws/install/dwb_msgs/include/dwb_msgs/dwb_msgs/msg/detail/critic_score__functions.c
[7.862s] -- Up-to-date: /root/Lunar_ROADSTER/lr_ws/install/dwb_msgs/include/dwb_msgs/dwb_msgs/msg/detail/critic_score__functions.h
[7.864s] -- Up-to-date: /root/Lunar_ROADSTER/lr_ws/install/dwb_msgs/include/dwb_msgs/dwb_msgs/msg/detail/critic_score__struct.h
[7.865s] -- Up-to-date: /root/Lunar_ROADSTER/lr_ws/install/dwb_msgs/include/dwb_msgs/dwb_msgs/msg/detail/critic_score__type_support.h
[7.865s] -- Up-to-date: /root/Lunar_ROADSTER/lr_ws/install/dwb_msgs/include/dwb_msgs/dwb_msgs/msg/detail/local_plan_evaluation__functions.c
[7.865s] -- Up-to-date: /root/Lunar_ROADSTER/lr_ws/install/dwb_msgs/include/dwb_msgs/dwb_msgs/msg/detail/local_plan_evaluation__functions.h
[7.870s] -- Up-to-date: /root/Lunar_ROADSTER/lr_ws/install/dwb_msgs/include/dwb_msgs/dwb_msgs/msg/detail/local_plan_evaluation__struct.h
[7.870s] -- Up-to-date: /root/Lunar_ROADSTER/lr_ws/install/dwb_msgs/include/dwb_msgs/dwb_msgs/msg/detail/local_plan_evaluation__type_support.h
[7.872s] -- Up-to-date: /root/Lunar_ROADSTER/lr_ws/install/dwb_msgs/include/dwb_msgs/dwb_msgs/msg/detail/trajectory2_d__functions.c
[7.873s] -- Up-to-date: /root/Lunar_ROADSTER/lr_ws/install/dwb_msgs/include/dwb_msgs/dwb_msgs/msg/detail/trajectory2_d__functions.h
[7.875s] -- Up-to-date: /root/Lunar_ROADSTER/lr_ws/install/dwb_msgs/include/dwb_msgs/dwb_msgs/msg/detail/trajectory2_d__struct.h
[7.875s] -- Up-to-date: /root/Lunar_ROADSTER/lr_ws/install/dwb_msgs/include/dwb_msgs/dwb_msgs/msg/detail/trajectory2_d__type_support.h
[7.875s] -- Up-to-date: /root/Lunar_ROADSTER/lr_ws/install/dwb_msgs/include/dwb_msgs/dwb_msgs/msg/detail/trajectory_score__functions.c
[7.877s] -- Up-to-date: /root/Lunar_ROADSTER/lr_ws/install/dwb_msgs/include/dwb_msgs/dwb_msgs/msg/detail/trajectory_score__functions.h
[7.877s] -- Up-to-date: /root/Lunar_ROADSTER/lr_ws/install/dwb_msgs/include/dwb_msgs/dwb_msgs/msg/detail/trajectory_score__struct.h
[7.882s] -- Up-to-date: /root/Lunar_ROADSTER/lr_ws/install/dwb_msgs/include/dwb_msgs/dwb_msgs/msg/detail/trajectory_score__type_support.h
[7.883s] -- Up-to-date: /root/Lunar_ROADSTER/lr_ws/install/dwb_msgs/include/dwb_msgs/dwb_msgs/msg/local_plan_evaluation.h
[7.883s] -- Up-to-date: /root/Lunar_ROADSTER/lr_ws/install/dwb_msgs/include/dwb_msgs/dwb_msgs/msg/trajectory2_d.h
[7.884s] -- Up-to-date: /root/Lunar_ROADSTER/lr_ws/install/dwb_msgs/include/dwb_msgs/dwb_msgs/msg/trajectory_score.h
[7.884s] -- Up-to-date: /root/Lunar_ROADSTER/lr_ws/install/dwb_msgs/include/dwb_msgs/dwb_msgs/srv
[7.891s] -- Up-to-date: /root/Lunar_ROADSTER/lr_ws/install/dwb_msgs/include/dwb_msgs/dwb_msgs/srv/debug_local_plan.h
[7.897s] -- Up-to-date: /root/Lunar_ROADSTER/lr_ws/install/dwb_msgs/include/dwb_msgs/dwb_msgs/srv/detail
[7.921s] -- Up-to-date: /root/Lunar_ROADSTER/lr_ws/install/dwb_msgs/include/dwb_msgs/dwb_msgs/srv/detail/debug_local_plan__functions.c
[7.929s] -- Up-to-date: /root/Lunar_ROADSTER/lr_ws/install/dwb_msgs/include/dwb_msgs/dwb_msgs/srv/detail/debug_local_plan__functions.h
[7.930s] -- Up-to-date: /root/Lunar_ROADSTER/lr_ws/install/dwb_msgs/include/dwb_msgs/dwb_msgs/srv/detail/debug_local_plan__struct.h
[7.930s] -- Up-to-date: /root/Lunar_ROADSTER/lr_ws/install/dwb_msgs/include/dwb_msgs/dwb_msgs/srv/detail/debug_local_plan__type_support.h
[7.930s] -- Up-to-date: /root/Lunar_ROADSTER/lr_ws/install/dwb_msgs/include/dwb_msgs/dwb_msgs/srv/detail/generate_trajectory__functions.c
[7.931s] -- Up-to-date: /root/Lunar_ROADSTER/lr_ws/install/dwb_msgs/include/dwb_msgs/dwb_msgs/srv/detail/generate_trajectory__functions.h
[7.931s] -- Up-to-date: /root/Lunar_ROADSTER/lr_ws/install/dwb_msgs/include/dwb_msgs/dwb_msgs/srv/detail/generate_trajectory__struct.h
[7.942s] -- Up-to-date: /root/Lunar_ROADSTER/lr_ws/install/dwb_msgs/include/dwb_msgs/dwb_msgs/srv/detail/generate_trajectory__type_support.h
[7.943s] -- Up-to-date: /root/Lunar_ROADSTER/lr_ws/install/dwb_msgs/include/dwb_msgs/dwb_msgs/srv/detail/generate_twists__functions.c
[7.943s] -- Up-to-date: /root/Lunar_ROADSTER/lr_ws/install/dwb_msgs/include/dwb_msgs/dwb_msgs/srv/detail/generate_twists__functions.h
[7.943s] -- Up-to-date: /root/Lunar_ROADSTER/lr_ws/install/dwb_msgs/include/dwb_msgs/dwb_msgs/srv/detail/generate_twists__struct.h
[7.945s] -- Up-to-date: /root/Lunar_ROADSTER/lr_ws/install/dwb_msgs/include/dwb_msgs/dwb_msgs/srv/detail/generate_twists__type_support.h
[7.945s] -- Up-to-date: /root/Lunar_ROADSTER/lr_ws/install/dwb_msgs/include/dwb_msgs/dwb_msgs/srv/detail/get_critic_score__functions.c
[7.947s] -- Up-to-date: /root/Lunar_ROADSTER/lr_ws/install/dwb_msgs/include/dwb_msgs/dwb_msgs/srv/detail/get_critic_score__functions.h
[7.949s] -- Up-to-date: /root/Lunar_ROADSTER/lr_ws/install/dwb_msgs/include/dwb_msgs/dwb_msgs/srv/detail/get_critic_score__struct.h
[7.950s] -- Up-to-date: /root/Lunar_ROADSTER/lr_ws/install/dwb_msgs/include/dwb_msgs/dwb_msgs/srv/detail/get_critic_score__type_support.h
[7.950s] -- Up-to-date: /root/Lunar_ROADSTER/lr_ws/install/dwb_msgs/include/dwb_msgs/dwb_msgs/srv/detail/score_trajectory__functions.c
[7.952s] -- Up-to-date: /root/Lunar_ROADSTER/lr_ws/install/dwb_msgs/include/dwb_msgs/dwb_msgs/srv/detail/score_trajectory__functions.h
[7.952s] -- Up-to-date: /root/Lunar_ROADSTER/lr_ws/install/dwb_msgs/include/dwb_msgs/dwb_msgs/srv/detail/score_trajectory__struct.h
[7.953s] -- Up-to-date: /root/Lunar_ROADSTER/lr_ws/install/dwb_msgs/include/dwb_msgs/dwb_msgs/srv/detail/score_trajectory__type_support.h
[7.953s] -- Up-to-date: /root/Lunar_ROADSTER/lr_ws/install/dwb_msgs/include/dwb_msgs/dwb_msgs/srv/generate_trajectory.h
[7.954s] -- Up-to-date: /root/Lunar_ROADSTER/lr_ws/install/dwb_msgs/include/dwb_msgs/dwb_msgs/srv/generate_twists.h
[7.955s] -- Up-to-date: /root/Lunar_ROADSTER/lr_ws/install/dwb_msgs/include/dwb_msgs/dwb_msgs/srv/get_critic_score.h
[7.955s] -- Up-to-date: /root/Lunar_ROADSTER/lr_ws/install/dwb_msgs/include/dwb_msgs/dwb_msgs/srv/score_trajectory.h
[7.966s] -- Up-to-date: /root/Lunar_ROADSTER/lr_ws/install/dwb_msgs/share/dwb_msgs/environment/library_path.sh
[7.967s] -- Up-to-date: /root/Lunar_ROADSTER/lr_ws/install/dwb_msgs/share/dwb_msgs/environment/library_path.dsv
[7.985s] -- Up-to-date: /root/Lunar_ROADSTER/lr_ws/install/dwb_msgs/lib/libdwb_msgs__rosidl_generator_c.so
[7.990s] -- Up-to-date: /root/Lunar_ROADSTER/lr_ws/install/dwb_msgs/include/dwb_msgs/dwb_msgs
[7.990s] -- Up-to-date: /root/Lunar_ROADSTER/lr_ws/install/dwb_msgs/include/dwb_msgs/dwb_msgs/msg
[7.991s] -- Up-to-date: /root/Lunar_ROADSTER/lr_ws/install/dwb_msgs/include/dwb_msgs/dwb_msgs/msg/detail
[7.991s] -- Up-to-date: /root/Lunar_ROADSTER/lr_ws/install/dwb_msgs/include/dwb_msgs/dwb_msgs/msg/detail/critic_score__rosidl_typesupport_fastrtps_c.h
[7.991s] -- Up-to-date: /root/Lunar_ROADSTER/lr_ws/install/dwb_msgs/include/dwb_msgs/dwb_msgs/msg/detail/local_plan_evaluation__rosidl_typesupport_fastrtps_c.h
[7.995s] -- Up-to-date: /root/Lunar_ROADSTER/lr_ws/install/dwb_msgs/include/dwb_msgs/dwb_msgs/msg/detail/trajectory2_d__rosidl_typesupport_fastrtps_c.h
[7.996s] -- Up-to-date: /root/Lunar_ROADSTER/lr_ws/install/dwb_msgs/include/dwb_msgs/dwb_msgs/msg/detail/trajectory_score__rosidl_typesupport_fastrtps_c.h
[7.996s] -- Up-to-date: /root/Lunar_ROADSTER/lr_ws/install/dwb_msgs/include/dwb_msgs/dwb_msgs/msg/rosidl_typesupport_fastrtps_c__visibility_control.h
[7.999s] -- Up-to-date: /root/Lunar_ROADSTER/lr_ws/install/dwb_msgs/include/dwb_msgs/dwb_msgs/srv
[8.009s] -- Up-to-date: /root/Lunar_ROADSTER/lr_ws/install/dwb_msgs/include/dwb_msgs/dwb_msgs/srv/detail
[8.014s] -- Up-to-date: /root/Lunar_ROADSTER/lr_ws/install/dwb_msgs/include/dwb_msgs/dwb_msgs/srv/detail/debug_local_plan__rosidl_typesupport_fastrtps_c.h
[8.018s] -- Up-to-date: /root/Lunar_ROADSTER/lr_ws/install/dwb_msgs/include/dwb_msgs/dwb_msgs/srv/detail/generate_trajectory__rosidl_typesupport_fastrtps_c.h
[8.020s] -- Up-to-date: /root/Lunar_ROADSTER/lr_ws/install/dwb_msgs/include/dwb_msgs/dwb_msgs/srv/detail/generate_twists__rosidl_typesupport_fastrtps_c.h
[8.021s] -- Up-to-date: /root/Lunar_ROADSTER/lr_ws/install/dwb_msgs/include/dwb_msgs/dwb_msgs/srv/detail/get_critic_score__rosidl_typesupport_fastrtps_c.h
[8.021s] -- Up-to-date: /root/Lunar_ROADSTER/lr_ws/install/dwb_msgs/include/dwb_msgs/dwb_msgs/srv/detail/score_trajectory__rosidl_typesupport_fastrtps_c.h
[8.043s] -- Up-to-date: /root/Lunar_ROADSTER/lr_ws/install/dwb_msgs/lib/libdwb_msgs__rosidl_typesupport_fastrtps_c.so
[8.044s] -- Up-to-date: /root/Lunar_ROADSTER/lr_ws/install/dwb_msgs/include/dwb_msgs/dwb_msgs
[8.044s] -- Up-to-date: /root/Lunar_ROADSTER/lr_ws/install/dwb_msgs/include/dwb_msgs/dwb_msgs/msg
[8.066s] -- Up-to-date: /root/Lunar_ROADSTER/lr_ws/install/dwb_msgs/include/dwb_msgs/dwb_msgs/msg/critic_score.hpp
[8.086s] -- Up-to-date: /root/Lunar_ROADSTER/lr_ws/install/dwb_msgs/include/dwb_msgs/dwb_msgs/msg/rosidl_generator_cpp__visibility_control.hpp
[8.087s] -- Up-to-date: /root/Lunar_ROADSTER/lr_ws/install/dwb_msgs/include/dwb_msgs/dwb_msgs/msg/detail
[8.087s] -- Up-to-date: /root/Lunar_ROADSTER/lr_ws/install/dwb_msgs/include/dwb_msgs/dwb_msgs/msg/detail/critic_score__builder.hpp
[8.087s] -- Up-to-date: /root/Lunar_ROADSTER/lr_ws/install/dwb_msgs/include/dwb_msgs/dwb_msgs/msg/detail/critic_score__struct.hpp
[8.087s] -- Up-to-date: /root/Lunar_ROADSTER/lr_ws/install/dwb_msgs/include/dwb_msgs/dwb_msgs/msg/detail/critic_score__traits.hpp
[8.088s] -- Up-to-date: /root/Lunar_ROADSTER/lr_ws/install/dwb_msgs/include/dwb_msgs/dwb_msgs/msg/detail/critic_score__type_support.hpp
[8.088s] -- Up-to-date: /root/Lunar_ROADSTER/lr_ws/install/dwb_msgs/include/dwb_msgs/dwb_msgs/msg/detail/local_plan_evaluation__builder.hpp
[8.088s] -- Up-to-date: /root/Lunar_ROADSTER/lr_ws/install/dwb_msgs/include/dwb_msgs/dwb_msgs/msg/detail/local_plan_evaluation__struct.hpp
[8.089s] -- Up-to-date: /root/Lunar_ROADSTER/lr_ws/install/dwb_msgs/include/dwb_msgs/dwb_msgs/msg/detail/local_plan_evaluation__traits.hpp
[8.089s] -- Up-to-date: /root/Lunar_ROADSTER/lr_ws/install/dwb_msgs/include/dwb_msgs/dwb_msgs/msg/detail/local_plan_evaluation__type_support.hpp
[8.104s] -- Up-to-date: /root/Lunar_ROADSTER/lr_ws/install/dwb_msgs/include/dwb_msgs/dwb_msgs/msg/detail/trajectory2_d__builder.hpp
[8.104s] -- Up-to-date: /root/Lunar_ROADSTER/lr_ws/install/dwb_msgs/include/dwb_msgs/dwb_msgs/msg/detail/trajectory2_d__struct.hpp
[8.105s] -- Up-to-date: /root/Lunar_ROADSTER/lr_ws/install/dwb_msgs/include/dwb_msgs/dwb_msgs/msg/detail/trajectory2_d__traits.hpp
[8.105s] -- Up-to-date: /root/Lunar_ROADSTER/lr_ws/install/dwb_msgs/include/dwb_msgs/dwb_msgs/msg/detail/trajectory2_d__type_support.hpp
[8.117s] -- Up-to-date: /root/Lunar_ROADSTER/lr_ws/install/dwb_msgs/include/dwb_msgs/dwb_msgs/msg/detail/trajectory_score__builder.hpp
[8.118s] -- Up-to-date: /root/Lunar_ROADSTER/lr_ws/install/dwb_msgs/include/dwb_msgs/dwb_msgs/msg/detail/trajectory_score__struct.hpp
[8.118s] -- Up-to-date: /root/Lunar_ROADSTER/lr_ws/install/dwb_msgs/include/dwb_msgs/dwb_msgs/msg/detail/trajectory_score__traits.hpp
[8.118s] -- Up-to-date: /root/Lunar_ROADSTER/lr_ws/install/dwb_msgs/include/dwb_msgs/dwb_msgs/msg/detail/trajectory_score__type_support.hpp
[8.119s] -- Up-to-date: /root/Lunar_ROADSTER/lr_ws/install/dwb_msgs/include/dwb_msgs/dwb_msgs/msg/local_plan_evaluation.hpp
[8.119s] -- Up-to-date: /root/Lunar_ROADSTER/lr_ws/install/dwb_msgs/include/dwb_msgs/dwb_msgs/msg/trajectory2_d.hpp
[8.119s] -- Up-to-date: /root/Lunar_ROADSTER/lr_ws/install/dwb_msgs/include/dwb_msgs/dwb_msgs/msg/trajectory_score.hpp
[8.120s] -- Up-to-date: /root/Lunar_ROADSTER/lr_ws/install/dwb_msgs/include/dwb_msgs/dwb_msgs/srv
[8.120s] -- Up-to-date: /root/Lunar_ROADSTER/lr_ws/install/dwb_msgs/include/dwb_msgs/dwb_msgs/srv/debug_local_plan.hpp
[8.120s] -- Up-to-date: /root/Lunar_ROADSTER/lr_ws/install/dwb_msgs/include/dwb_msgs/dwb_msgs/srv/detail
[8.160s] -- Up-to-date: /root/Lunar_ROADSTER/lr_ws/install/dwb_msgs/include/dwb_msgs/dwb_msgs/srv/detail/debug_local_plan__builder.hpp
[8.161s] -- Up-to-date: /root/Lunar_ROADSTER/lr_ws/install/dwb_msgs/include/dwb_msgs/dwb_msgs/srv/detail/debug_local_plan__struct.hpp
[8.161s] -- Up-to-date: /root/Lunar_ROADSTER/lr_ws/install/dwb_msgs/include/dwb_msgs/dwb_msgs/srv/detail/debug_local_plan__traits.hpp
[8.171s] -- Up-to-date: /root/Lunar_ROADSTER/lr_ws/install/dwb_msgs/include/dwb_msgs/dwb_msgs/srv/detail/debug_local_plan__type_support.hpp
[8.171s] -- Up-to-date: /root/Lunar_ROADSTER/lr_ws/install/dwb_msgs/include/dwb_msgs/dwb_msgs/srv/detail/generate_trajectory__builder.hpp
[8.172s] -- Up-to-date: /root/Lunar_ROADSTER/lr_ws/install/dwb_msgs/include/dwb_msgs/dwb_msgs/srv/detail/generate_trajectory__struct.hpp
[8.172s] -- Up-to-date: /root/Lunar_ROADSTER/lr_ws/install/dwb_msgs/include/dwb_msgs/dwb_msgs/srv/detail/generate_trajectory__traits.hpp
[8.173s] -- Up-to-date: /root/Lunar_ROADSTER/lr_ws/install/dwb_msgs/include/dwb_msgs/dwb_msgs/srv/detail/generate_trajectory__type_support.hpp
[8.173s] -- Up-to-date: /root/Lunar_ROADSTER/lr_ws/install/dwb_msgs/include/dwb_msgs/dwb_msgs/srv/detail/generate_twists__builder.hpp
[8.173s] -- Up-to-date: /root/Lunar_ROADSTER/lr_ws/install/dwb_msgs/include/dwb_msgs/dwb_msgs/srv/detail/generate_twists__struct.hpp
[8.174s] -- Up-to-date: /root/Lunar_ROADSTER/lr_ws/install/dwb_msgs/include/dwb_msgs/dwb_msgs/srv/detail/generate_twists__traits.hpp
[8.174s] -- Up-to-date: /root/Lunar_ROADSTER/lr_ws/install/dwb_msgs/include/dwb_msgs/dwb_msgs/srv/detail/generate_twists__type_support.hpp
[8.174s] -- Up-to-date: /root/Lunar_ROADSTER/lr_ws/install/dwb_msgs/include/dwb_msgs/dwb_msgs/srv/detail/get_critic_score__builder.hpp
[8.175s] -- Up-to-date: /root/Lunar_ROADSTER/lr_ws/install/dwb_msgs/include/dwb_msgs/dwb_msgs/srv/detail/get_critic_score__struct.hpp
[8.175s] -- Up-to-date: /root/Lunar_ROADSTER/lr_ws/install/dwb_msgs/include/dwb_msgs/dwb_msgs/srv/detail/get_critic_score__traits.hpp
[8.175s] -- Up-to-date: /root/Lunar_ROADSTER/lr_ws/install/dwb_msgs/include/dwb_msgs/dwb_msgs/srv/detail/get_critic_score__type_support.hpp
[8.175s] -- Up-to-date: /root/Lunar_ROADSTER/lr_ws/install/dwb_msgs/include/dwb_msgs/dwb_msgs/srv/detail/score_trajectory__builder.hpp
[8.176s] -- Up-to-date: /root/Lunar_ROADSTER/lr_ws/install/dwb_msgs/include/dwb_msgs/dwb_msgs/srv/detail/score_trajectory__struct.hpp
[8.176s] -- Up-to-date: /root/Lunar_ROADSTER/lr_ws/install/dwb_msgs/include/dwb_msgs/dwb_msgs/srv/detail/score_trajectory__traits.hpp
[8.176s] -- Up-to-date: /root/Lunar_ROADSTER/lr_ws/install/dwb_msgs/include/dwb_msgs/dwb_msgs/srv/detail/score_trajectory__type_support.hpp
[8.176s] -- Up-to-date: /root/Lunar_ROADSTER/lr_ws/install/dwb_msgs/include/dwb_msgs/dwb_msgs/srv/generate_trajectory.hpp
[8.177s] -- Up-to-date: /root/Lunar_ROADSTER/lr_ws/install/dwb_msgs/include/dwb_msgs/dwb_msgs/srv/generate_twists.hpp
[8.177s] -- Up-to-date: /root/Lunar_ROADSTER/lr_ws/install/dwb_msgs/include/dwb_msgs/dwb_msgs/srv/get_critic_score.hpp
[8.178s] -- Up-to-date: /root/Lunar_ROADSTER/lr_ws/install/dwb_msgs/include/dwb_msgs/dwb_msgs/srv/score_trajectory.hpp
[8.178s] -- Up-to-date: /root/Lunar_ROADSTER/lr_ws/install/dwb_msgs/include/dwb_msgs/dwb_msgs
[8.178s] -- Up-to-date: /root/Lunar_ROADSTER/lr_ws/install/dwb_msgs/include/dwb_msgs/dwb_msgs/msg
[8.179s] -- Up-to-date: /root/Lunar_ROADSTER/lr_ws/install/dwb_msgs/include/dwb_msgs/dwb_msgs/msg/detail
[8.180s] -- Up-to-date: /root/Lunar_ROADSTER/lr_ws/install/dwb_msgs/include/dwb_msgs/dwb_msgs/msg/detail/critic_score__rosidl_typesupport_fastrtps_cpp.hpp
[8.180s] -- Up-to-date: /root/Lunar_ROADSTER/lr_ws/install/dwb_msgs/include/dwb_msgs/dwb_msgs/msg/detail/dds_fastrtps
[8.181s] -- Up-to-date: /root/Lunar_ROADSTER/lr_ws/install/dwb_msgs/include/dwb_msgs/dwb_msgs/msg/detail/local_plan_evaluation__rosidl_typesupport_fastrtps_cpp.hpp
[8.181s] -- Up-to-date: /root/Lunar_ROADSTER/lr_ws/install/dwb_msgs/include/dwb_msgs/dwb_msgs/msg/detail/trajectory2_d__rosidl_typesupport_fastrtps_cpp.hpp
[8.181s] -- Up-to-date: /root/Lunar_ROADSTER/lr_ws/install/dwb_msgs/include/dwb_msgs/dwb_msgs/msg/detail/trajectory_score__rosidl_typesupport_fastrtps_cpp.hpp
[8.182s] -- Up-to-date: /root/Lunar_ROADSTER/lr_ws/install/dwb_msgs/include/dwb_msgs/dwb_msgs/msg/rosidl_typesupport_fastrtps_cpp__visibility_control.h
[8.182s] -- Up-to-date: /root/Lunar_ROADSTER/lr_ws/install/dwb_msgs/include/dwb_msgs/dwb_msgs/srv
[8.182s] -- Up-to-date: /root/Lunar_ROADSTER/lr_ws/install/dwb_msgs/include/dwb_msgs/dwb_msgs/srv/detail
[8.190s] -- Up-to-date: /root/Lunar_ROADSTER/lr_ws/install/dwb_msgs/include/dwb_msgs/dwb_msgs/srv/detail/debug_local_plan__rosidl_typesupport_fastrtps_cpp.hpp
[8.191s] -- Up-to-date: /root/Lunar_ROADSTER/lr_ws/install/dwb_msgs/include/dwb_msgs/dwb_msgs/srv/detail/dds_fastrtps
[8.191s] -- Up-to-date: /root/Lunar_ROADSTER/lr_ws/install/dwb_msgs/include/dwb_msgs/dwb_msgs/srv/detail/generate_trajectory__rosidl_typesupport_fastrtps_cpp.hpp
[8.191s] -- Up-to-date: /root/Lunar_ROADSTER/lr_ws/install/dwb_msgs/include/dwb_msgs/dwb_msgs/srv/detail/generate_twists__rosidl_typesupport_fastrtps_cpp.hpp
[8.192s] -- Up-to-date: /root/Lunar_ROADSTER/lr_ws/install/dwb_msgs/include/dwb_msgs/dwb_msgs/srv/detail/get_critic_score__rosidl_typesupport_fastrtps_cpp.hpp
[8.192s] -- Up-to-date: /root/Lunar_ROADSTER/lr_ws/install/dwb_msgs/include/dwb_msgs/dwb_msgs/srv/detail/score_trajectory__rosidl_typesupport_fastrtps_cpp.hpp
[8.192s] -- Up-to-date: /root/Lunar_ROADSTER/lr_ws/install/dwb_msgs/lib/libdwb_msgs__rosidl_typesupport_fastrtps_cpp.so
[8.192s] -- Up-to-date: /root/Lunar_ROADSTER/lr_ws/install/dwb_msgs/include/dwb_msgs/dwb_msgs
[8.193s] -- Up-to-date: /root/Lunar_ROADSTER/lr_ws/install/dwb_msgs/include/dwb_msgs/dwb_msgs/msg
[8.193s] -- Up-to-date: /root/Lunar_ROADSTER/lr_ws/install/dwb_msgs/include/dwb_msgs/dwb_msgs/msg/detail
[8.193s] -- Up-to-date: /root/Lunar_ROADSTER/lr_ws/install/dwb_msgs/include/dwb_msgs/dwb_msgs/msg/detail/critic_score__rosidl_typesupport_introspection_c.h
[8.194s] -- Up-to-date: /root/Lunar_ROADSTER/lr_ws/install/dwb_msgs/include/dwb_msgs/dwb_msgs/msg/detail/critic_score__type_support.c
[8.194s] -- Up-to-date: /root/Lunar_ROADSTER/lr_ws/install/dwb_msgs/include/dwb_msgs/dwb_msgs/msg/detail/local_plan_evaluation__rosidl_typesupport_introspection_c.h
[8.195s] -- Up-to-date: /root/Lunar_ROADSTER/lr_ws/install/dwb_msgs/include/dwb_msgs/dwb_msgs/msg/detail/local_plan_evaluation__type_support.c
[8.195s] -- Up-to-date: /root/Lunar_ROADSTER/lr_ws/install/dwb_msgs/include/dwb_msgs/dwb_msgs/msg/detail/trajectory2_d__rosidl_typesupport_introspection_c.h
[8.195s] -- Up-to-date: /root/Lunar_ROADSTER/lr_ws/install/dwb_msgs/include/dwb_msgs/dwb_msgs/msg/detail/trajectory2_d__type_support.c
[8.196s] -- Up-to-date: /root/Lunar_ROADSTER/lr_ws/install/dwb_msgs/include/dwb_msgs/dwb_msgs/msg/detail/trajectory_score__rosidl_typesupport_introspection_c.h
[8.196s] -- Up-to-date: /root/Lunar_ROADSTER/lr_ws/install/dwb_msgs/include/dwb_msgs/dwb_msgs/msg/detail/trajectory_score__type_support.c
[8.196s] -- Up-to-date: /root/Lunar_ROADSTER/lr_ws/install/dwb_msgs/include/dwb_msgs/dwb_msgs/msg/rosidl_typesupport_introspection_c__visibility_control.h
[8.198s] -- Up-to-date: /root/Lunar_ROADSTER/lr_ws/install/dwb_msgs/include/dwb_msgs/dwb_msgs/srv
[8.198s] -- Up-to-date: /root/Lunar_ROADSTER/lr_ws/install/dwb_msgs/include/dwb_msgs/dwb_msgs/srv/detail
[8.199s] -- Up-to-date: /root/Lunar_ROADSTER/lr_ws/install/dwb_msgs/include/dwb_msgs/dwb_msgs/srv/detail/debug_local_plan__rosidl_typesupport_introspection_c.h
[8.199s] -- Up-to-date: /root/Lunar_ROADSTER/lr_ws/install/dwb_msgs/include/dwb_msgs/dwb_msgs/srv/detail/debug_local_plan__type_support.c
[8.212s] -- Up-to-date: /root/Lunar_ROADSTER/lr_ws/install/dwb_msgs/include/dwb_msgs/dwb_msgs/srv/detail/generate_trajectory__rosidl_typesupport_introspection_c.h
[8.213s] -- Up-to-date: /root/Lunar_ROADSTER/lr_ws/install/dwb_msgs/include/dwb_msgs/dwb_msgs/srv/detail/generate_trajectory__type_support.c
[8.213s] -- Up-to-date: /root/Lunar_ROADSTER/lr_ws/install/dwb_msgs/include/dwb_msgs/dwb_msgs/srv/detail/generate_twists__rosidl_typesupport_introspection_c.h
[8.214s] -- Up-to-date: /root/Lunar_ROADSTER/lr_ws/install/dwb_msgs/include/dwb_msgs/dwb_msgs/srv/detail/generate_twists__type_support.c
[8.214s] -- Up-to-date: /root/Lunar_ROADSTER/lr_ws/install/dwb_msgs/include/dwb_msgs/dwb_msgs/srv/detail/get_critic_score__rosidl_typesupport_introspection_c.h
[8.214s] -- Up-to-date: /root/Lunar_ROADSTER/lr_ws/install/dwb_msgs/include/dwb_msgs/dwb_msgs/srv/detail/get_critic_score__type_support.c
[8.215s] -- Up-to-date: /root/Lunar_ROADSTER/lr_ws/install/dwb_msgs/include/dwb_msgs/dwb_msgs/srv/detail/score_trajectory__rosidl_typesupport_introspection_c.h
[8.215s] -- Up-to-date: /root/Lunar_ROADSTER/lr_ws/install/dwb_msgs/include/dwb_msgs/dwb_msgs/srv/detail/score_trajectory__type_support.c
[8.216s] -- Up-to-date: /root/Lunar_ROADSTER/lr_ws/install/dwb_msgs/lib/libdwb_msgs__rosidl_typesupport_introspection_c.so
[8.218s] -- Up-to-date: /root/Lunar_ROADSTER/lr_ws/install/dwb_msgs/lib/libdwb_msgs__rosidl_typesupport_c.so
[8.219s] -- Up-to-date: /root/Lunar_ROADSTER/lr_ws/install/dwb_msgs/include/dwb_msgs/dwb_msgs
[8.220s] -- Up-to-date: /root/Lunar_ROADSTER/lr_ws/install/dwb_msgs/include/dwb_msgs/dwb_msgs/msg
[8.221s] -- Up-to-date: /root/Lunar_ROADSTER/lr_ws/install/dwb_msgs/include/dwb_msgs/dwb_msgs/msg/detail
[8.221s] -- Up-to-date: /root/Lunar_ROADSTER/lr_ws/install/dwb_msgs/include/dwb_msgs/dwb_msgs/msg/detail/critic_score__rosidl_typesupport_introspection_cpp.hpp
[8.222s] -- Up-to-date: /root/Lunar_ROADSTER/lr_ws/install/dwb_msgs/include/dwb_msgs/dwb_msgs/msg/detail/critic_score__type_support.cpp
[8.222s] -- Up-to-date: /root/Lunar_ROADSTER/lr_ws/install/dwb_msgs/include/dwb_msgs/dwb_msgs/msg/detail/local_plan_evaluation__rosidl_typesupport_introspection_cpp.hpp
[8.222s] -- Up-to-date: /root/Lunar_ROADSTER/lr_ws/install/dwb_msgs/include/dwb_msgs/dwb_msgs/msg/detail/local_plan_evaluation__type_support.cpp
[8.222s] -- Up-to-date: /root/Lunar_ROADSTER/lr_ws/install/dwb_msgs/include/dwb_msgs/dwb_msgs/msg/detail/trajectory2_d__rosidl_typesupport_introspection_cpp.hpp
[8.223s] -- Up-to-date: /root/Lunar_ROADSTER/lr_ws/install/dwb_msgs/include/dwb_msgs/dwb_msgs/msg/detail/trajectory2_d__type_support.cpp
[8.223s] -- Up-to-date: /root/Lunar_ROADSTER/lr_ws/install/dwb_msgs/include/dwb_msgs/dwb_msgs/msg/detail/trajectory_score__rosidl_typesupport_introspection_cpp.hpp
[8.224s] -- Up-to-date: /root/Lunar_ROADSTER/lr_ws/install/dwb_msgs/include/dwb_msgs/dwb_msgs/msg/detail/trajectory_score__type_support.cpp
[8.224s] -- Up-to-date: /root/Lunar_ROADSTER/lr_ws/install/dwb_msgs/include/dwb_msgs/dwb_msgs/srv
[8.224s] -- Up-to-date: /root/Lunar_ROADSTER/lr_ws/install/dwb_msgs/include/dwb_msgs/dwb_msgs/srv/detail
[8.225s] -- Up-to-date: /root/Lunar_ROADSTER/lr_ws/install/dwb_msgs/include/dwb_msgs/dwb_msgs/srv/detail/debug_local_plan__rosidl_typesupport_introspection_cpp.hpp
[8.226s] -- Up-to-date: /root/Lunar_ROADSTER/lr_ws/install/dwb_msgs/include/dwb_msgs/dwb_msgs/srv/detail/debug_local_plan__type_support.cpp
[8.227s] -- Up-to-date: /root/Lunar_ROADSTER/lr_ws/install/dwb_msgs/include/dwb_msgs/dwb_msgs/srv/detail/generate_trajectory__rosidl_typesupport_introspection_cpp.hpp
[8.227s] -- Up-to-date: /root/Lunar_ROADSTER/lr_ws/install/dwb_msgs/include/dwb_msgs/dwb_msgs/srv/detail/generate_trajectory__type_support.cpp
[8.228s] -- Up-to-date: /root/Lunar_ROADSTER/lr_ws/install/dwb_msgs/include/dwb_msgs/dwb_msgs/srv/detail/generate_twists__rosidl_typesupport_introspection_cpp.hpp
[8.228s] -- Up-to-date: /root/Lunar_ROADSTER/lr_ws/install/dwb_msgs/include/dwb_msgs/dwb_msgs/srv/detail/generate_twists__type_support.cpp
[8.229s] -- Up-to-date: /root/Lunar_ROADSTER/lr_ws/install/dwb_msgs/include/dwb_msgs/dwb_msgs/srv/detail/get_critic_score__rosidl_typesupport_introspection_cpp.hpp
[8.229s] -- Up-to-date: /root/Lunar_ROADSTER/lr_ws/install/dwb_msgs/include/dwb_msgs/dwb_msgs/srv/detail/get_critic_score__type_support.cpp
[8.229s] -- Up-to-date: /root/Lunar_ROADSTER/lr_ws/install/dwb_msgs/include/dwb_msgs/dwb_msgs/srv/detail/score_trajectory__rosidl_typesupport_introspection_cpp.hpp
[8.230s] -- Up-to-date: /root/Lunar_ROADSTER/lr_ws/install/dwb_msgs/include/dwb_msgs/dwb_msgs/srv/detail/score_trajectory__type_support.cpp
[8.230s] -- Up-to-date: /root/Lunar_ROADSTER/lr_ws/install/dwb_msgs/lib/libdwb_msgs__rosidl_typesupport_introspection_cpp.so
[8.238s] -- Up-to-date: /root/Lunar_ROADSTER/lr_ws/install/dwb_msgs/lib/libdwb_msgs__rosidl_typesupport_cpp.so
[8.239s] -- Up-to-date: /root/Lunar_ROADSTER/lr_ws/install/dwb_msgs/share/dwb_msgs/environment/pythonpath.sh
[8.239s] -- Up-to-date: /root/Lunar_ROADSTER/lr_ws/install/dwb_msgs/share/dwb_msgs/environment/pythonpath.dsv
[8.239s] -- Up-to-date: /root/Lunar_ROADSTER/lr_ws/install/dwb_msgs/local/lib/python3.10/dist-packages/dwb_msgs-1.1.18-py3.10.egg-info
[8.240s] -- Installing: /root/Lunar_ROADSTER/lr_ws/install/dwb_msgs/local/lib/python3.10/dist-packages/dwb_msgs-1.1.18-py3.10.egg-info/PKG-INFO
[8.240s] -- Installing: /root/Lunar_ROADSTER/lr_ws/install/dwb_msgs/local/lib/python3.10/dist-packages/dwb_msgs-1.1.18-py3.10.egg-info/dependency_links.txt
[8.240s] -- Installing: /root/Lunar_ROADSTER/lr_ws/install/dwb_msgs/local/lib/python3.10/dist-packages/dwb_msgs-1.1.18-py3.10.egg-info/top_level.txt
[8.240s] -- Installing: /root/Lunar_ROADSTER/lr_ws/install/dwb_msgs/local/lib/python3.10/dist-packages/dwb_msgs-1.1.18-py3.10.egg-info/SOURCES.txt
[8.241s] -- Up-to-date: /root/Lunar_ROADSTER/lr_ws/install/dwb_msgs/local/lib/python3.10/dist-packages/dwb_msgs
[8.241s] -- Up-to-date: /root/Lunar_ROADSTER/lr_ws/install/dwb_msgs/local/lib/python3.10/dist-packages/dwb_msgs/__init__.py
[8.241s] -- Up-to-date: /root/Lunar_ROADSTER/lr_ws/install/dwb_msgs/local/lib/python3.10/dist-packages/dwb_msgs/msg
[8.241s] -- Up-to-date: /root/Lunar_ROADSTER/lr_ws/install/dwb_msgs/local/lib/python3.10/dist-packages/dwb_msgs/msg/_critic_score.py
[8.242s] -- Up-to-date: /root/Lunar_ROADSTER/lr_ws/install/dwb_msgs/local/lib/python3.10/dist-packages/dwb_msgs/msg/_critic_score_s.c
[8.242s] -- Up-to-date: /root/Lunar_ROADSTER/lr_ws/install/dwb_msgs/local/lib/python3.10/dist-packages/dwb_msgs/msg/_local_plan_evaluation.py
[8.242s] -- Up-to-date: /root/Lunar_ROADSTER/lr_ws/install/dwb_msgs/local/lib/python3.10/dist-packages/dwb_msgs/msg/_local_plan_evaluation_s.c
[8.243s] -- Up-to-date: /root/Lunar_ROADSTER/lr_ws/install/dwb_msgs/local/lib/python3.10/dist-packages/dwb_msgs/msg/_trajectory2_d.py
[8.243s] -- Up-to-date: /root/Lunar_ROADSTER/lr_ws/install/dwb_msgs/local/lib/python3.10/dist-packages/dwb_msgs/msg/_trajectory2_d_s.c
[8.243s] -- Up-to-date: /root/Lunar_ROADSTER/lr_ws/install/dwb_msgs/local/lib/python3.10/dist-packages/dwb_msgs/msg/_trajectory_score.py
[8.243s] -- Up-to-date: /root/Lunar_ROADSTER/lr_ws/install/dwb_msgs/local/lib/python3.10/dist-packages/dwb_msgs/msg/_trajectory_score_s.c
[8.244s] -- Up-to-date: /root/Lunar_ROADSTER/lr_ws/install/dwb_msgs/local/lib/python3.10/dist-packages/dwb_msgs/msg/__init__.py
[8.244s] -- Up-to-date: /root/Lunar_ROADSTER/lr_ws/install/dwb_msgs/local/lib/python3.10/dist-packages/dwb_msgs/srv
[8.244s] -- Up-to-date: /root/Lunar_ROADSTER/lr_ws/install/dwb_msgs/local/lib/python3.10/dist-packages/dwb_msgs/srv/_debug_local_plan.py
[8.244s] -- Up-to-date: /root/Lunar_ROADSTER/lr_ws/install/dwb_msgs/local/lib/python3.10/dist-packages/dwb_msgs/srv/_debug_local_plan_s.c
[8.245s] -- Up-to-date: /root/Lunar_ROADSTER/lr_ws/install/dwb_msgs/local/lib/python3.10/dist-packages/dwb_msgs/srv/_generate_trajectory.py
[8.245s] -- Up-to-date: /root/Lunar_ROADSTER/lr_ws/install/dwb_msgs/local/lib/python3.10/dist-packages/dwb_msgs/srv/_generate_trajectory_s.c
[8.245s] -- Up-to-date: /root/Lunar_ROADSTER/lr_ws/install/dwb_msgs/local/lib/python3.10/dist-packages/dwb_msgs/srv/_generate_twists.py
[8.245s] -- Up-to-date: /root/Lunar_ROADSTER/lr_ws/install/dwb_msgs/local/lib/python3.10/dist-packages/dwb_msgs/srv/_generate_twists_s.c
[8.246s] -- Up-to-date: /root/Lunar_ROADSTER/lr_ws/install/dwb_msgs/local/lib/python3.10/dist-packages/dwb_msgs/srv/_get_critic_score.py
[8.246s] -- Up-to-date: /root/Lunar_ROADSTER/lr_ws/install/dwb_msgs/local/lib/python3.10/dist-packages/dwb_msgs/srv/_get_critic_score_s.c
[8.246s] -- Up-to-date: /root/Lunar_ROADSTER/lr_ws/install/dwb_msgs/local/lib/python3.10/dist-packages/dwb_msgs/srv/_score_trajectory.py
[8.247s] -- Up-to-date: /root/Lunar_ROADSTER/lr_ws/install/dwb_msgs/local/lib/python3.10/dist-packages/dwb_msgs/srv/_score_trajectory_s.c
[8.247s] -- Up-to-date: /root/Lunar_ROADSTER/lr_ws/install/dwb_msgs/local/lib/python3.10/dist-packages/dwb_msgs/srv/__init__.py
[8.248s] -- Up-to-date: /root/Lunar_ROADSTER/lr_ws/install/dwb_msgs/local/lib/python3.10/dist-packages/dwb_msgs/_dwb_msgs_s.ep.rosidl_typesupport_fastrtps_c.c
[8.248s] -- Up-to-date: /root/Lunar_ROADSTER/lr_ws/install/dwb_msgs/local/lib/python3.10/dist-packages/dwb_msgs/_dwb_msgs_s.ep.rosidl_typesupport_introspection_c.c
[8.248s] -- Up-to-date: /root/Lunar_ROADSTER/lr_ws/install/dwb_msgs/local/lib/python3.10/dist-packages/dwb_msgs/_dwb_msgs_s.ep.rosidl_typesupport_c.c
[8.248s] -- Up-to-date: /root/Lunar_ROADSTER/lr_ws/install/dwb_msgs/local/lib/python3.10/dist-packages/dwb_msgs/libdwb_msgs__rosidl_generator_py.so
[8.249s] -- Up-to-date: /root/Lunar_ROADSTER/lr_ws/install/dwb_msgs/local/lib/python3.10/dist-packages/dwb_msgs/dwb_msgs_s__rosidl_typesupport_fastrtps_c.cpython-310-aarch64-linux-gnu.so
[8.249s] -- Up-to-date: /root/Lunar_ROADSTER/lr_ws/install/dwb_msgs/local/lib/python3.10/dist-packages/dwb_msgs/dwb_msgs_s__rosidl_typesupport_c.cpython-310-aarch64-linux-gnu.so
[8.249s] -- Up-to-date: /root/Lunar_ROADSTER/lr_ws/install/dwb_msgs/local/lib/python3.10/dist-packages/dwb_msgs/dwb_msgs_s__rosidl_typesupport_introspection_c.cpython-310-aarch64-linux-gnu.so
[8.394s] Listing '/root/Lunar_ROADSTER/lr_ws/install/dwb_msgs/local/lib/python3.10/dist-packages/dwb_msgs'...
[8.394s] Listing '/root/Lunar_ROADSTER/lr_ws/install/dwb_msgs/local/lib/python3.10/dist-packages/dwb_msgs/msg'...
[8.394s] Listing '/root/Lunar_ROADSTER/lr_ws/install/dwb_msgs/local/lib/python3.10/dist-packages/dwb_msgs/srv'...
[8.414s] -- Up-to-date: /root/Lunar_ROADSTER/lr_ws/install/dwb_msgs/local/lib/python3.10/dist-packages/dwb_msgs/dwb_msgs_s__rosidl_typesupport_fastrtps_c.cpython-310-aarch64-linux-gnu.so
[8.416s] -- Up-to-date: /root/Lunar_ROADSTER/lr_ws/install/dwb_msgs/local/lib/python3.10/dist-packages/dwb_msgs/dwb_msgs_s__rosidl_typesupport_introspection_c.cpython-310-aarch64-linux-gnu.so
[8.418s] -- Up-to-date: /root/Lunar_ROADSTER/lr_ws/install/dwb_msgs/local/lib/python3.10/dist-packages/dwb_msgs/dwb_msgs_s__rosidl_typesupport_c.cpython-310-aarch64-linux-gnu.so
[8.421s] -- Up-to-date: /root/Lunar_ROADSTER/lr_ws/install/dwb_msgs/lib/libdwb_msgs__rosidl_generator_py.so
[8.423s] -- Up-to-date: /root/Lunar_ROADSTER/lr_ws/install/dwb_msgs/share/dwb_msgs/msg/CriticScore.idl
[8.423s] -- Up-to-date: /root/Lunar_ROADSTER/lr_ws/install/dwb_msgs/share/dwb_msgs/msg/LocalPlanEvaluation.idl
[8.424s] -- Up-to-date: /root/Lunar_ROADSTER/lr_ws/install/dwb_msgs/share/dwb_msgs/msg/Trajectory2D.idl
[8.427s] -- Up-to-date: /root/Lunar_ROADSTER/lr_ws/install/dwb_msgs/share/dwb_msgs/msg/TrajectoryScore.idl
[8.428s] -- Up-to-date: /root/Lunar_ROADSTER/lr_ws/install/dwb_msgs/share/dwb_msgs/srv/DebugLocalPlan.idl
[8.431s] -- Up-to-date: /root/Lunar_ROADSTER/lr_ws/install/dwb_msgs/share/dwb_msgs/srv/GenerateTrajectory.idl
[8.432s] -- Up-to-date: /root/Lunar_ROADSTER/lr_ws/install/dwb_msgs/share/dwb_msgs/srv/GenerateTwists.idl
[8.432s] -- Up-to-date: /root/Lunar_ROADSTER/lr_ws/install/dwb_msgs/share/dwb_msgs/srv/GetCriticScore.idl
[8.435s] -- Up-to-date: /root/Lunar_ROADSTER/lr_ws/install/dwb_msgs/share/dwb_msgs/srv/ScoreTrajectory.idl
[8.436s] -- Up-to-date: /root/Lunar_ROADSTER/lr_ws/install/dwb_msgs/share/dwb_msgs/msg/CriticScore.msg
[8.437s] -- Up-to-date: /root/Lunar_ROADSTER/lr_ws/install/dwb_msgs/share/dwb_msgs/msg/LocalPlanEvaluation.msg
[8.439s] -- Up-to-date: /root/Lunar_ROADSTER/lr_ws/install/dwb_msgs/share/dwb_msgs/msg/Trajectory2D.msg
[8.445s] -- Up-to-date: /root/Lunar_ROADSTER/lr_ws/install/dwb_msgs/share/dwb_msgs/msg/TrajectoryScore.msg
[8.445s] -- Up-to-date: /root/Lunar_ROADSTER/lr_ws/install/dwb_msgs/share/dwb_msgs/srv/DebugLocalPlan.srv
[8.446s] -- Up-to-date: /root/Lunar_ROADSTER/lr_ws/install/dwb_msgs/share/dwb_msgs/srv/DebugLocalPlan_Request.msg
[8.451s] -- Up-to-date: /root/Lunar_ROADSTER/lr_ws/install/dwb_msgs/share/dwb_msgs/srv/DebugLocalPlan_Response.msg
[8.451s] -- Up-to-date: /root/Lunar_ROADSTER/lr_ws/install/dwb_msgs/share/dwb_msgs/srv/GenerateTrajectory.srv
[8.455s] -- Up-to-date: /root/Lunar_ROADSTER/lr_ws/install/dwb_msgs/share/dwb_msgs/srv/GenerateTrajectory_Request.msg
[8.455s] -- Up-to-date: /root/Lunar_ROADSTER/lr_ws/install/dwb_msgs/share/dwb_msgs/srv/GenerateTrajectory_Response.msg
[8.455s] -- Up-to-date: /root/Lunar_ROADSTER/lr_ws/install/dwb_msgs/share/dwb_msgs/srv/GenerateTwists.srv
[8.456s] -- Up-to-date: /root/Lunar_ROADSTER/lr_ws/install/dwb_msgs/share/dwb_msgs/srv/GenerateTwists_Request.msg
[8.468s] -- Up-to-date: /root/Lunar_ROADSTER/lr_ws/install/dwb_msgs/share/dwb_msgs/srv/GenerateTwists_Response.msg
[8.468s] -- Up-to-date: /root/Lunar_ROADSTER/lr_ws/install/dwb_msgs/share/dwb_msgs/srv/GetCriticScore.srv
[8.469s] -- Up-to-date: /root/Lunar_ROADSTER/lr_ws/install/dwb_msgs/share/dwb_msgs/srv/GetCriticScore_Request.msg
[8.483s] -- Up-to-date: /root/Lunar_ROADSTER/lr_ws/install/dwb_msgs/share/dwb_msgs/srv/GetCriticScore_Response.msg
[8.484s] -- Up-to-date: /root/Lunar_ROADSTER/lr_ws/install/dwb_msgs/share/dwb_msgs/srv/ScoreTrajectory.srv
[8.486s] -- Up-to-date: /root/Lunar_ROADSTER/lr_ws/install/dwb_msgs/share/dwb_msgs/srv/ScoreTrajectory_Request.msg
[8.487s] -- Up-to-date: /root/Lunar_ROADSTER/lr_ws/install/dwb_msgs/share/dwb_msgs/srv/ScoreTrajectory_Response.msg
[8.488s] -- Up-to-date: /root/Lunar_ROADSTER/lr_ws/install/dwb_msgs/share/ament_index/resource_index/package_run_dependencies/dwb_msgs
[8.488s] -- Up-to-date: /root/Lunar_ROADSTER/lr_ws/install/dwb_msgs/share/ament_index/resource_index/parent_prefix_path/dwb_msgs
[8.492s] -- Up-to-date: /root/Lunar_ROADSTER/lr_ws/install/dwb_msgs/share/dwb_msgs/environment/ament_prefix_path.sh
[8.493s] -- Up-to-date: /root/Lunar_ROADSTER/lr_ws/install/dwb_msgs/share/dwb_msgs/environment/ament_prefix_path.dsv
[8.493s] -- Up-to-date: /root/Lunar_ROADSTER/lr_ws/install/dwb_msgs/share/dwb_msgs/environment/path.sh
[8.503s] -- Up-to-date: /root/Lunar_ROADSTER/lr_ws/install/dwb_msgs/share/dwb_msgs/environment/path.dsv
[8.504s] -- Up-to-date: /root/Lunar_ROADSTER/lr_ws/install/dwb_msgs/share/dwb_msgs/local_setup.bash
[8.521s] -- Up-to-date: /root/Lunar_ROADSTER/lr_ws/install/dwb_msgs/share/dwb_msgs/local_setup.sh
[8.523s] -- Up-to-date: /root/Lunar_ROADSTER/lr_ws/install/dwb_msgs/share/dwb_msgs/local_setup.zsh
[8.523s] -- Up-to-date: /root/Lunar_ROADSTER/lr_ws/install/dwb_msgs/share/dwb_msgs/local_setup.dsv
[8.523s] -- Installing: /root/Lunar_ROADSTER/lr_ws/install/dwb_msgs/share/dwb_msgs/package.dsv
[8.524s] -- Up-to-date: /root/Lunar_ROADSTER/lr_ws/install/dwb_msgs/share/ament_index/resource_index/packages/dwb_msgs
[8.524s] -- Up-to-date: /root/Lunar_ROADSTER/lr_ws/install/dwb_msgs/share/dwb_msgs/cmake/export_dwb_msgs__rosidl_generator_cExport.cmake
[8.525s] -- Up-to-date: /root/Lunar_ROADSTER/lr_ws/install/dwb_msgs/share/dwb_msgs/cmake/export_dwb_msgs__rosidl_generator_cExport-noconfig.cmake
[8.525s] -- Up-to-date: /root/Lunar_ROADSTER/lr_ws/install/dwb_msgs/share/dwb_msgs/cmake/export_dwb_msgs__rosidl_typesupport_fastrtps_cExport.cmake
[8.526s] -- Up-to-date: /root/Lunar_ROADSTER/lr_ws/install/dwb_msgs/share/dwb_msgs/cmake/export_dwb_msgs__rosidl_typesupport_fastrtps_cExport-noconfig.cmake
[8.526s] -- Up-to-date: /root/Lunar_ROADSTER/lr_ws/install/dwb_msgs/share/dwb_msgs/cmake/export_dwb_msgs__rosidl_generator_cppExport.cmake
[8.526s] -- Up-to-date: /root/Lunar_ROADSTER/lr_ws/install/dwb_msgs/share/dwb_msgs/cmake/export_dwb_msgs__rosidl_typesupport_fastrtps_cppExport.cmake
[8.527s] -- Up-to-date: /root/Lunar_ROADSTER/lr_ws/install/dwb_msgs/share/dwb_msgs/cmake/export_dwb_msgs__rosidl_typesupport_fastrtps_cppExport-noconfig.cmake
[8.527s] -- Up-to-date: /root/Lunar_ROADSTER/lr_ws/install/dwb_msgs/share/dwb_msgs/cmake/dwb_msgs__rosidl_typesupport_introspection_cExport.cmake
[8.527s] -- Up-to-date: /root/Lunar_ROADSTER/lr_ws/install/dwb_msgs/share/dwb_msgs/cmake/dwb_msgs__rosidl_typesupport_introspection_cExport-noconfig.cmake
[8.527s] -- Up-to-date: /root/Lunar_ROADSTER/lr_ws/install/dwb_msgs/share/dwb_msgs/cmake/dwb_msgs__rosidl_typesupport_cExport.cmake
[8.527s] -- Up-to-date: /root/Lunar_ROADSTER/lr_ws/install/dwb_msgs/share/dwb_msgs/cmake/dwb_msgs__rosidl_typesupport_cExport-noconfig.cmake
[8.528s] -- Up-to-date: /root/Lunar_ROADSTER/lr_ws/install/dwb_msgs/share/dwb_msgs/cmake/dwb_msgs__rosidl_typesupport_introspection_cppExport.cmake
[8.528s] -- Up-to-date: /root/Lunar_ROADSTER/lr_ws/install/dwb_msgs/share/dwb_msgs/cmake/dwb_msgs__rosidl_typesupport_introspection_cppExport-noconfig.cmake
[8.528s] -- Up-to-date: /root/Lunar_ROADSTER/lr_ws/install/dwb_msgs/share/dwb_msgs/cmake/dwb_msgs__rosidl_typesupport_cppExport.cmake
[8.529s] -- Up-to-date: /root/Lunar_ROADSTER/lr_ws/install/dwb_msgs/share/dwb_msgs/cmake/dwb_msgs__rosidl_typesupport_cppExport-noconfig.cmake
[8.529s] -- Up-to-date: /root/Lunar_ROADSTER/lr_ws/install/dwb_msgs/share/dwb_msgs/cmake/export_dwb_msgs__rosidl_generator_pyExport.cmake
[8.529s] -- Up-to-date: /root/Lunar_ROADSTER/lr_ws/install/dwb_msgs/share/dwb_msgs/cmake/export_dwb_msgs__rosidl_generator_pyExport-noconfig.cmake
[8.539s] -- Up-to-date: /root/Lunar_ROADSTER/lr_ws/install/dwb_msgs/share/dwb_msgs/cmake/rosidl_cmake-extras.cmake
[8.539s] -- Up-to-date: /root/Lunar_ROADSTER/lr_ws/install/dwb_msgs/share/dwb_msgs/cmake/ament_cmake_export_dependencies-extras.cmake
[8.539s] -- Up-to-date: /root/Lunar_ROADSTER/lr_ws/install/dwb_msgs/share/dwb_msgs/cmake/ament_cmake_export_include_directories-extras.cmake
[8.540s] -- Up-to-date: /root/Lunar_ROADSTER/lr_ws/install/dwb_msgs/share/dwb_msgs/cmake/ament_cmake_export_libraries-extras.cmake
[8.540s] -- Up-to-date: /root/Lunar_ROADSTER/lr_ws/install/dwb_msgs/share/dwb_msgs/cmake/ament_cmake_export_targets-extras.cmake
[8.540s] -- Up-to-date: /root/Lunar_ROADSTER/lr_ws/install/dwb_msgs/share/dwb_msgs/cmake/rosidl_cmake_export_typesupport_targets-extras.cmake
[8.541s] -- Up-to-date: /root/Lunar_ROADSTER/lr_ws/install/dwb_msgs/share/dwb_msgs/cmake/rosidl_cmake_export_typesupport_libraries-extras.cmake
[8.566s] -- Up-to-date: /root/Lunar_ROADSTER/lr_ws/install/dwb_msgs/share/dwb_msgs/cmake/dwb_msgsConfig.cmake
[8.567s] -- Up-to-date: /root/Lunar_ROADSTER/lr_ws/install/dwb_msgs/share/dwb_msgs/cmake/dwb_msgsConfig-version.cmake
[8.567s] -- Up-to-date: /root/Lunar_ROADSTER/lr_ws/install/dwb_msgs/share/dwb_msgs/package.xml
[8.870s] Invoked command in '/root/Lunar_ROADSTER/lr_ws/build/dwb_msgs' returned '0': CMAKE_PREFIX_PATH=/root/Lunar_ROADSTER/lr_ws/install/nav_2d_msgs:/root/Lunar_ROADSTER/lr_ws/install/vectornav:/root/Lunar_ROADSTER/lr_ws/install/vectornav_msgs:/root/Lunar_ROADSTER/lr_ws/install/teleop:/root/Lunar_ROADSTER/lr_ws/install/sensing:/root/Lunar_ROADSTER/lr_ws/install/realsense2_description:/root/Lunar_ROADSTER/lr_ws/install/realsense2_camera:/root/Lunar_ROADSTER/lr_ws/install/realsense2_camera_msgs:/root/Lunar_ROADSTER/lr_ws/install/realsense:/root/Lunar_ROADSTER/lr_ws/install/nav2_system_tests:/root/Lunar_ROADSTER/lr_ws/install/nav2_bringup:/root/Lunar_ROADSTER/lr_ws/install/navigation2:/root/Lunar_ROADSTER/lr_ws/install/nav2_smoother:/root/Lunar_ROADSTER/lr_ws/install/nav2_graceful_controller:/root/Lunar_ROADSTER/lr_ws/install/nav2_dwb_controller:/root/Lunar_ROADSTER/lr_ws/install/nav2_controller:/root/Lunar_ROADSTER/lr_ws/install/dwb_plugins:/root/Lunar_ROADSTER/lr_ws/install/dwb_critics:/root/Lunar_ROADSTER/lr_ws/install/dwb_core:/root/Lunar_ROADSTER/lr_ws/install/nav_2d_utils:/root/Lunar_ROADSTER/lr_ws/install/dwb_msgs:/root/Lunar_ROADSTER/lr_ws/install/nav2_waypoint_follower:/root/Lunar_ROADSTER/lr_ws/install/nav2_theta_star_planner:/root/Lunar_ROADSTER/lr_ws/install/nav2_smac_planner:/root/Lunar_ROADSTER/lr_ws/install/nav2_rotation_shim_controller:/root/Lunar_ROADSTER/lr_ws/install/nav2_regulated_pure_pursuit_controller:/root/Lunar_ROADSTER/lr_ws/install/nav2_planner:/root/Lunar_ROADSTER/lr_ws/install/nav2_navfn_planner:/root/Lunar_ROADSTER/lr_ws/install/nav2_mppi_controller:/root/Lunar_ROADSTER/lr_ws/install/nav2_constrained_smoother:/root/Lunar_ROADSTER/lr_ws/install/nav2_bt_navigator:/root/Lunar_ROADSTER/lr_ws/install/nav2_behaviors:/root/Lunar_ROADSTER/lr_ws/install/nav2_core:/root/Lunar_ROADSTER/lr_ws/install/nav2_collision_monitor:/root/Lunar_ROADSTER/lr_ws/install/costmap_queue:/root/Lunar_ROADSTER/lr_ws/install/nav2_costmap_2d:/root/Lunar_ROADSTER/lr_ws/install/nav2_voxel_grid:/root/Lunar_ROADSTER/lr_ws/install/nav2_velocity_smoother:/root/Lunar_ROADSTER/lr_ws/install/nav2_rviz_plugins:/root/Lunar_ROADSTER/lr_ws/install/nav2_map_server:/root/Lunar_ROADSTER/lr_ws/install/nav2_lifecycle_manager:/root/Lunar_ROADSTER/lr_ws/install/nav2_behavior_tree:/root/Lunar_ROADSTER/lr_ws/install/nav2_amcl:/root/Lunar_ROADSTER/lr_ws/install/nav2_util:/root/Lunar_ROADSTER/lr_ws/install/nav2_msgs:/root/Lunar_ROADSTER/lr_ws/install/nav2_common:/root/Lunar_ROADSTER/lr_ws/install/motion_control:/root/Lunar_ROADSTER/lr_ws/install/mapping:/root/Lunar_ROADSTER/lr_ws/install/lx_mapping:/root/Lunar_ROADSTER/lr_ws/install/lx_library:/root/Lunar_ROADSTER/lr_ws/install/lx_msgs:/root/Lunar_ROADSTER/lr_ws/install/localization:/root/Lunar_ROADSTER/lr_ws/install/imu:/root/Lunar_ROADSTER/lr_ws/install/gazebo_msgs:/root/Lunar_ROADSTER/lr_ws/install/gazebo_dev:/root/Lunar_ROADSTER/lr_ws/install/arduino:/root/Lunar_ROADSTER/lr_ws/install/cg_msgs:/root/Lunar_ROADSTER/lr_ws/install/nav2_simple_commander:/opt/ros/humble LD_LIBRARY_PATH=/root/Lunar_ROADSTER/lr_ws/install/nav_2d_msgs/lib:/root/Lunar_ROADSTER/lr_ws/install/vectornav/lib:/root/Lunar_ROADSTER/lr_ws/install/vectornav_msgs/lib:/root/Lunar_ROADSTER/lr_ws/install/realsense2_camera/lib:/root/Lunar_ROADSTER/lr_ws/install/realsense2_camera_msgs/lib:/root/Lunar_ROADSTER/lr_ws/install/nav2_smoother/lib:/root/Lunar_ROADSTER/lr_ws/install/nav2_graceful_controller/lib:/root/Lunar_ROADSTER/lr_ws/install/nav2_controller/lib:/root/Lunar_ROADSTER/lr_ws/install/dwb_plugins/lib:/root/Lunar_ROADSTER/lr_ws/install/dwb_critics/lib:/root/Lunar_ROADSTER/lr_ws/install/dwb_core/lib:/root/Lunar_ROADSTER/lr_ws/install/nav_2d_utils/lib:/root/Lunar_ROADSTER/lr_ws/install/dwb_msgs/lib:/root/Lunar_ROADSTER/lr_ws/install/nav2_waypoint_follower/lib:/root/Lunar_ROADSTER/lr_ws/install/nav2_theta_star_planner/lib:/root/Lunar_ROADSTER/lr_ws/install/nav2_smac_planner/lib:/root/Lunar_ROADSTER/lr_ws/install/nav2_rotation_shim_controller/lib:/root/Lunar_ROADSTER/lr_ws/install/nav2_regulated_pure_pursuit_controller/lib:/root/Lunar_ROADSTER/lr_ws/install/nav2_planner/lib:/root/Lunar_ROADSTER/lr_ws/install/nav2_navfn_planner/lib:/root/Lunar_ROADSTER/lr_ws/install/nav2_mppi_controller/lib:/root/Lunar_ROADSTER/lr_ws/install/nav2_constrained_smoother/lib:/root/Lunar_ROADSTER/lr_ws/install/nav2_bt_navigator/lib:/root/Lunar_ROADSTER/lr_ws/install/nav2_behaviors/lib:/root/Lunar_ROADSTER/lr_ws/install/nav2_collision_monitor/lib:/root/Lunar_ROADSTER/lr_ws/install/costmap_queue/lib:/root/Lunar_ROADSTER/lr_ws/install/nav2_costmap_2d/lib:/root/Lunar_ROADSTER/lr_ws/install/nav2_voxel_grid/lib:/root/Lunar_ROADSTER/lr_ws/install/nav2_velocity_smoother/lib:/root/Lunar_ROADSTER/lr_ws/install/nav2_rviz_plugins/lib:/root/Lunar_ROADSTER/lr_ws/install/nav2_map_server/lib:/root/Lunar_ROADSTER/lr_ws/install/nav2_lifecycle_manager/lib:/root/Lunar_ROADSTER/lr_ws/install/nav2_behavior_tree/lib:/root/Lunar_ROADSTER/lr_ws/install/nav2_amcl/lib:/root/Lunar_ROADSTER/lr_ws/install/nav2_util/lib:/root/Lunar_ROADSTER/lr_ws/install/nav2_msgs/lib:/root/Lunar_ROADSTER/lr_ws/install/lx_library/lib:/root/Lunar_ROADSTER/lr_ws/install/lx_msgs/lib:/root/Lunar_ROADSTER/lr_ws/install/gazebo_msgs/lib:/root/Lunar_ROADSTER/lr_ws/install/cg_msgs/lib:/opt/ros/humble/opt/rviz_ogre_vendor/lib:/opt/ros/humble/lib/aarch64-linux-gnu:/opt/ros/humble/lib:/usr/local/cuda/lib64 /usr/local/bin/cmake --install /root/Lunar_ROADSTER/lr_ws/build/dwb_msgs
