[0.362s] Invoking command in '/root/Lunar_ROADSTER/lr_ws/build/nav_2d_utils': AMENT_PREFIX_PATH=/root/Lunar_ROADSTER/lr_ws/install/nav2_util:/root/Lunar_ROADSTER/lr_ws/install/nav2_msgs:/root/Lunar_ROADSTER/lr_ws/install/nav_2d_msgs:/root/Lunar_ROADSTER/lr_ws/install/nav2_common:${AMENT_PREFIX_PATH} CMAKE_PREFIX_PATH=/root/Lunar_ROADSTER/lr_ws/install/nav2_util:/root/Lunar_ROADSTER/lr_ws/install/nav2_msgs:/root/Lunar_ROADSTER/lr_ws/install/nav_2d_msgs:/root/Lunar_ROADSTER/lr_ws/install/nav2_common:/opt/ros/humble LD_LIBRARY_PATH=/root/Lunar_ROADSTER/lr_ws/install/nav2_util/lib:/root/Lunar_ROADSTER/lr_ws/install/nav2_msgs/lib:/root/Lunar_ROADSTER/lr_ws/install/nav_2d_msgs/lib:/root/Lunar_ROADSTER/lr_ws/install/vectornav/lib:/root/Lunar_ROADSTER/lr_ws/install/vectornav_msgs/lib:/root/Lunar_ROADSTER/lr_ws/install/robot_localization/lib:/root/Lunar_ROADSTER/lr_ws/install/realsense2_camera/lib:/root/Lunar_ROADSTER/lr_ws/install/realsense2_camera_msgs/lib:/root/Lunar_ROADSTER/lr_ws/install/nav2_smoother/lib:/root/Lunar_ROADSTER/lr_ws/install/nav2_graceful_controller/lib:/root/Lunar_ROADSTER/lr_ws/install/nav2_controller/lib:/root/Lunar_ROADSTER/lr_ws/install/dwb_plugins/lib:/root/Lunar_ROADSTER/lr_ws/install/dwb_critics/lib:/root/Lunar_ROADSTER/lr_ws/install/dwb_core/lib:/root/Lunar_ROADSTER/lr_ws/install/nav_2d_utils/lib:/root/Lunar_ROADSTER/lr_ws/install/dwb_msgs/lib:/root/Lunar_ROADSTER/lr_ws/install/nav2_waypoint_follower/lib:/root/Lunar_ROADSTER/lr_ws/install/nav2_theta_star_planner/lib:/root/Lunar_ROADSTER/lr_ws/install/nav2_smac_planner/lib:/root/Lunar_ROADSTER/lr_ws/install/nav2_rotation_shim_controller/lib:/root/Lunar_ROADSTER/lr_ws/install/nav2_regulated_pure_pursuit_controller/lib:/root/Lunar_ROADSTER/lr_ws/install/nav2_planner/lib:/root/Lunar_ROADSTER/lr_ws/install/nav2_navfn_planner/lib:/root/Lunar_ROADSTER/lr_ws/install/nav2_mppi_controller/lib:/root/Lunar_ROADSTER/lr_ws/install/nav2_constrained_smoother/lib:/root/Lunar_ROADSTER/lr_ws/install/nav2_bt_navigator/lib:/root/Lunar_ROADSTER/lr_ws/install/nav2_behaviors/lib:/root/Lunar_ROADSTER/lr_ws/install/nav2_collision_monitor/lib:/root/Lunar_ROADSTER/lr_ws/install/costmap_queue/lib:/root/Lunar_ROADSTER/lr_ws/install/nav2_costmap_2d/lib:/root/Lunar_ROADSTER/lr_ws/install/nav2_voxel_grid/lib:/root/Lunar_ROADSTER/lr_ws/install/nav2_velocity_smoother/lib:/root/Lunar_ROADSTER/lr_ws/install/nav2_rviz_plugins/lib:/root/Lunar_ROADSTER/lr_ws/install/nav2_map_server/lib:/root/Lunar_ROADSTER/lr_ws/install/nav2_lifecycle_manager/lib:/root/Lunar_ROADSTER/lr_ws/install/nav2_behavior_tree/lib:/root/Lunar_ROADSTER/lr_ws/install/nav2_amcl/lib:/root/Lunar_ROADSTER/lr_ws/install/lx_library/lib:/root/Lunar_ROADSTER/lr_ws/install/lx_msgs/lib:/root/Lunar_ROADSTER/lr_ws/install/gazebo_msgs/lib:/root/Lunar_ROADSTER/lr_ws/install/cg_msgs/lib:/opt/ros/humble/opt/rviz_ogre_vendor/lib:/opt/ros/humble/lib/aarch64-linux-gnu:/opt/ros/humble/lib:/usr/local/cuda/lib64 /usr/local/bin/cmake /root/Lunar_ROADSTER/lr_ws/src/navigation2/nav2_dwb_controller/nav_2d_utils -DCMAKE_INSTALL_PREFIX=/root/Lunar_ROADSTER/lr_ws/install/nav_2d_utils
[1.160s] -- The C compiler identification is GNU 11.4.0
[1.687s] -- The CXX compiler identification is GNU 11.4.0
[1.754s] -- Detecting C compiler ABI info
[2.377s] -- Detecting C compiler ABI info - done
[2.426s] -- Check for working C compiler: /usr/bin/cc - skipped
[2.430s] -- Detecting C compile features
[2.445s] -- Detecting C compile features - done
[2.486s] -- Detecting CXX compiler ABI info
[3.441s] -- Detecting CXX compiler ABI info - done
[3.512s] -- Check for working CXX compiler: /usr/bin/c++ - skipped
[3.513s] -- Detecting CXX compile features
[3.514s] -- Detecting CXX compile features - done
[3.538s] -- Found ament_cmake: 1.3.11 (/opt/ros/humble/share/ament_cmake/cmake)
[4.521s] -- Found Python3: /usr/bin/python3 (found version "3.10.12") found components: Interpreter 
[5.469s] -- Found nav2_common: 1.1.18 (/root/Lunar_ROADSTER/lr_ws/install/nav2_common/share/nav2_common/cmake)
[5.482s] -- Found geometry_msgs: 4.2.4 (/opt/ros/humble/share/geometry_msgs/cmake)
[5.917s] -- Found rosidl_generator_c: 3.1.6 (/opt/ros/humble/share/rosidl_generator_c/cmake)
[6.038s] -- Found rosidl_adapter: 3.1.6 (/opt/ros/humble/share/rosidl_adapter/cmake)
[6.221s] -- Found rosidl_generator_cpp: 3.1.6 (/opt/ros/humble/share/rosidl_generator_cpp/cmake)
[6.337s] -- Using all available rosidl_typesupport_c: rosidl_typesupport_fastrtps_c;rosidl_typesupport_introspection_c
[6.466s] -- Using all available rosidl_typesupport_cpp: rosidl_typesupport_fastrtps_cpp;rosidl_typesupport_introspection_cpp
[6.710s] -- Found nav_2d_msgs: 1.1.18 (/root/Lunar_ROADSTER/lr_ws/install/nav_2d_msgs/share/nav_2d_msgs/cmake)
[6.827s] -- Found nav_msgs: 4.2.4 (/opt/ros/humble/share/nav_msgs/cmake)
[6.931s] -- Found rclcpp: 16.0.11 (/opt/ros/humble/share/rclcpp/cmake)
[7.295s] -- Found rmw_implementation_cmake: 6.1.2 (/opt/ros/humble/share/rmw_implementation_cmake/cmake)
[7.329s] -- Found rmw_fastrtps_cpp: 6.2.7 (/opt/ros/humble/share/rmw_fastrtps_cpp/cmake)
[8.581s] -- Found OpenSSL: /usr/lib/aarch64-linux-gnu/libcrypto.so (found version "3.0.2")  
[9.206s] -- Found FastRTPS: /opt/ros/humble/include  
[9.939s] -- Using RMW implementation 'rmw_fastrtps_cpp' as default
[10.231s] -- Looking for pthread.h
[11.226s] -- Looking for pthread.h - found
[11.232s] -- Performing Test CMAKE_HAVE_LIBC_PTHREAD
[12.515s] -- Performing Test CMAKE_HAVE_LIBC_PTHREAD - Success
[12.530s] -- Found Threads: TRUE  
[13.389s] -- Found tf2: 0.25.12 (/opt/ros/humble/share/tf2/cmake)
[13.512s] -- Found tf2_geometry_msgs: 0.25.12 (/opt/ros/humble/share/tf2_geometry_msgs/cmake)
[13.814s] -- Found eigen3_cmake_module: 0.1.1 (/opt/ros/humble/share/eigen3_cmake_module/cmake)
[13.824s] -- Found Eigen3: TRUE (found version "3.4.0") 
[13.824s] -- Ensuring Eigen3 include directory is part of orocos-kdl CMake target
[15.448s] -- Found nav2_msgs: 1.1.18 (/root/Lunar_ROADSTER/lr_ws/install/nav2_msgs/share/nav2_msgs/cmake)
[15.881s] -- Found nav2_util: 1.1.18 (/root/Lunar_ROADSTER/lr_ws/install/nav2_util/share/nav2_util/cmake)
[16.532s] -- Setting build type to Release as none was specified.
[16.970s] -- Found ament_lint_auto: 0.12.11 (/opt/ros/humble/share/ament_lint_auto/cmake)
[17.856s] -- Found gtest sources under '/opt/ros/humble/src/gtest_vendor': C++ tests using 'Google Test' will be built
[17.989s] -- Added test 'cppcheck' to perform static code analysis on C / C++ code
[17.996s] -- Configured cppcheck include dirs: /root/Lunar_ROADSTER/lr_ws/src/navigation2/nav2_dwb_controller/nav_2d_utils/include
[18.008s] -- Configured cppcheck exclude dirs and/or files: 
[18.038s] -- Added test 'cpplint' to check C / C++ code against the Google style
[18.038s] -- Configured cpplint exclude dirs and/or files: 
[18.077s] -- Added test 'lint_cmake' to check CMake code style
[18.133s] -- Added test 'uncrustify' to check C / C++ code style
[18.139s] -- Configured uncrustify additional arguments: 
[18.221s] -- Added test 'xmllint' to check XML markup files
[18.317s] -- Configuring done
[20.641s] -- Generating done
[20.843s] -- Build files have been written to: /root/Lunar_ROADSTER/lr_ws/build/nav_2d_utils
[20.946s] Invoked command in '/root/Lunar_ROADSTER/lr_ws/build/nav_2d_utils' returned '0': AMENT_PREFIX_PATH=/root/Lunar_ROADSTER/lr_ws/install/nav2_util:/root/Lunar_ROADSTER/lr_ws/install/nav2_msgs:/root/Lunar_ROADSTER/lr_ws/install/nav_2d_msgs:/root/Lunar_ROADSTER/lr_ws/install/nav2_common:${AMENT_PREFIX_PATH} CMAKE_PREFIX_PATH=/root/Lunar_ROADSTER/lr_ws/install/nav2_util:/root/Lunar_ROADSTER/lr_ws/install/nav2_msgs:/root/Lunar_ROADSTER/lr_ws/install/nav_2d_msgs:/root/Lunar_ROADSTER/lr_ws/install/nav2_common:/opt/ros/humble LD_LIBRARY_PATH=/root/Lunar_ROADSTER/lr_ws/install/nav2_util/lib:/root/Lunar_ROADSTER/lr_ws/install/nav2_msgs/lib:/root/Lunar_ROADSTER/lr_ws/install/nav_2d_msgs/lib:/root/Lunar_ROADSTER/lr_ws/install/vectornav/lib:/root/Lunar_ROADSTER/lr_ws/install/vectornav_msgs/lib:/root/Lunar_ROADSTER/lr_ws/install/robot_localization/lib:/root/Lunar_ROADSTER/lr_ws/install/realsense2_camera/lib:/root/Lunar_ROADSTER/lr_ws/install/realsense2_camera_msgs/lib:/root/Lunar_ROADSTER/lr_ws/install/nav2_smoother/lib:/root/Lunar_ROADSTER/lr_ws/install/nav2_graceful_controller/lib:/root/Lunar_ROADSTER/lr_ws/install/nav2_controller/lib:/root/Lunar_ROADSTER/lr_ws/install/dwb_plugins/lib:/root/Lunar_ROADSTER/lr_ws/install/dwb_critics/lib:/root/Lunar_ROADSTER/lr_ws/install/dwb_core/lib:/root/Lunar_ROADSTER/lr_ws/install/nav_2d_utils/lib:/root/Lunar_ROADSTER/lr_ws/install/dwb_msgs/lib:/root/Lunar_ROADSTER/lr_ws/install/nav2_waypoint_follower/lib:/root/Lunar_ROADSTER/lr_ws/install/nav2_theta_star_planner/lib:/root/Lunar_ROADSTER/lr_ws/install/nav2_smac_planner/lib:/root/Lunar_ROADSTER/lr_ws/install/nav2_rotation_shim_controller/lib:/root/Lunar_ROADSTER/lr_ws/install/nav2_regulated_pure_pursuit_controller/lib:/root/Lunar_ROADSTER/lr_ws/install/nav2_planner/lib:/root/Lunar_ROADSTER/lr_ws/install/nav2_navfn_planner/lib:/root/Lunar_ROADSTER/lr_ws/install/nav2_mppi_controller/lib:/root/Lunar_ROADSTER/lr_ws/install/nav2_constrained_smoother/lib:/root/Lunar_ROADSTER/lr_ws/install/nav2_bt_navigator/lib:/root/Lunar_ROADSTER/lr_ws/install/nav2_behaviors/lib:/root/Lunar_ROADSTER/lr_ws/install/nav2_collision_monitor/lib:/root/Lunar_ROADSTER/lr_ws/install/costmap_queue/lib:/root/Lunar_ROADSTER/lr_ws/install/nav2_costmap_2d/lib:/root/Lunar_ROADSTER/lr_ws/install/nav2_voxel_grid/lib:/root/Lunar_ROADSTER/lr_ws/install/nav2_velocity_smoother/lib:/root/Lunar_ROADSTER/lr_ws/install/nav2_rviz_plugins/lib:/root/Lunar_ROADSTER/lr_ws/install/nav2_map_server/lib:/root/Lunar_ROADSTER/lr_ws/install/nav2_lifecycle_manager/lib:/root/Lunar_ROADSTER/lr_ws/install/nav2_behavior_tree/lib:/root/Lunar_ROADSTER/lr_ws/install/nav2_amcl/lib:/root/Lunar_ROADSTER/lr_ws/install/lx_library/lib:/root/Lunar_ROADSTER/lr_ws/install/lx_msgs/lib:/root/Lunar_ROADSTER/lr_ws/install/gazebo_msgs/lib:/root/Lunar_ROADSTER/lr_ws/install/cg_msgs/lib:/opt/ros/humble/opt/rviz_ogre_vendor/lib:/opt/ros/humble/lib/aarch64-linux-gnu:/opt/ros/humble/lib:/usr/local/cuda/lib64 /usr/local/bin/cmake /root/Lunar_ROADSTER/lr_ws/src/navigation2/nav2_dwb_controller/nav_2d_utils -DCMAKE_INSTALL_PREFIX=/root/Lunar_ROADSTER/lr_ws/install/nav_2d_utils
[20.953s] Invoking command in '/root/Lunar_ROADSTER/lr_ws/build/nav_2d_utils': AMENT_PREFIX_PATH=/root/Lunar_ROADSTER/lr_ws/install/nav2_util:/root/Lunar_ROADSTER/lr_ws/install/nav2_msgs:/root/Lunar_ROADSTER/lr_ws/install/nav_2d_msgs:/root/Lunar_ROADSTER/lr_ws/install/nav2_common:${AMENT_PREFIX_PATH} CMAKE_PREFIX_PATH=/root/Lunar_ROADSTER/lr_ws/install/nav2_util:/root/Lunar_ROADSTER/lr_ws/install/nav2_msgs:/root/Lunar_ROADSTER/lr_ws/install/nav_2d_msgs:/root/Lunar_ROADSTER/lr_ws/install/nav2_common:/opt/ros/humble LD_LIBRARY_PATH=/root/Lunar_ROADSTER/lr_ws/install/nav2_util/lib:/root/Lunar_ROADSTER/lr_ws/install/nav2_msgs/lib:/root/Lunar_ROADSTER/lr_ws/install/nav_2d_msgs/lib:/root/Lunar_ROADSTER/lr_ws/install/vectornav/lib:/root/Lunar_ROADSTER/lr_ws/install/vectornav_msgs/lib:/root/Lunar_ROADSTER/lr_ws/install/robot_localization/lib:/root/Lunar_ROADSTER/lr_ws/install/realsense2_camera/lib:/root/Lunar_ROADSTER/lr_ws/install/realsense2_camera_msgs/lib:/root/Lunar_ROADSTER/lr_ws/install/nav2_smoother/lib:/root/Lunar_ROADSTER/lr_ws/install/nav2_graceful_controller/lib:/root/Lunar_ROADSTER/lr_ws/install/nav2_controller/lib:/root/Lunar_ROADSTER/lr_ws/install/dwb_plugins/lib:/root/Lunar_ROADSTER/lr_ws/install/dwb_critics/lib:/root/Lunar_ROADSTER/lr_ws/install/dwb_core/lib:/root/Lunar_ROADSTER/lr_ws/install/nav_2d_utils/lib:/root/Lunar_ROADSTER/lr_ws/install/dwb_msgs/lib:/root/Lunar_ROADSTER/lr_ws/install/nav2_waypoint_follower/lib:/root/Lunar_ROADSTER/lr_ws/install/nav2_theta_star_planner/lib:/root/Lunar_ROADSTER/lr_ws/install/nav2_smac_planner/lib:/root/Lunar_ROADSTER/lr_ws/install/nav2_rotation_shim_controller/lib:/root/Lunar_ROADSTER/lr_ws/install/nav2_regulated_pure_pursuit_controller/lib:/root/Lunar_ROADSTER/lr_ws/install/nav2_planner/lib:/root/Lunar_ROADSTER/lr_ws/install/nav2_navfn_planner/lib:/root/Lunar_ROADSTER/lr_ws/install/nav2_mppi_controller/lib:/root/Lunar_ROADSTER/lr_ws/install/nav2_constrained_smoother/lib:/root/Lunar_ROADSTER/lr_ws/install/nav2_bt_navigator/lib:/root/Lunar_ROADSTER/lr_ws/install/nav2_behaviors/lib:/root/Lunar_ROADSTER/lr_ws/install/nav2_collision_monitor/lib:/root/Lunar_ROADSTER/lr_ws/install/costmap_queue/lib:/root/Lunar_ROADSTER/lr_ws/install/nav2_costmap_2d/lib:/root/Lunar_ROADSTER/lr_ws/install/nav2_voxel_grid/lib:/root/Lunar_ROADSTER/lr_ws/install/nav2_velocity_smoother/lib:/root/Lunar_ROADSTER/lr_ws/install/nav2_rviz_plugins/lib:/root/Lunar_ROADSTER/lr_ws/install/nav2_map_server/lib:/root/Lunar_ROADSTER/lr_ws/install/nav2_lifecycle_manager/lib:/root/Lunar_ROADSTER/lr_ws/install/nav2_behavior_tree/lib:/root/Lunar_ROADSTER/lr_ws/install/nav2_amcl/lib:/root/Lunar_ROADSTER/lr_ws/install/lx_library/lib:/root/Lunar_ROADSTER/lr_ws/install/lx_msgs/lib:/root/Lunar_ROADSTER/lr_ws/install/gazebo_msgs/lib:/root/Lunar_ROADSTER/lr_ws/install/cg_msgs/lib:/opt/ros/humble/opt/rviz_ogre_vendor/lib:/opt/ros/humble/lib/aarch64-linux-gnu:/opt/ros/humble/lib:/usr/local/cuda/lib64 /usr/local/bin/cmake --build /root/Lunar_ROADSTER/lr_ws/build/nav_2d_utils -- -j4 -l4
[21.388s] [  6%] [32mBuilding CXX object CMakeFiles/conversions.dir/src/conversions.cpp.o[0m
[43.698s] [ 12%] [32m[1mLinking CXX shared library libconversions.so[0m
[45.529s] [ 12%] Built target conversions
[45.822s] [ 18%] [32mBuilding CXX object gtest/CMakeFiles/gtest.dir/src/gtest-all.cc.o[0m
[114.533s] [ 25%] [32m[1mLinking CXX static library libgtest.a[0m
[114.976s] [ 25%] Built target gtest
[115.137s] [ 31%] [32mBuilding CXX object CMakeFiles/tf_help.dir/src/tf_help.cpp.o[0m
[148.616s] [ 37%] [32m[1mLinking CXX shared library libtf_help.so[0m
[150.306s] [ 37%] Built target tf_help
[150.587s] [ 43%] [32mBuilding CXX object gtest/CMakeFiles/gtest_main.dir/src/gtest_main.cc.o[0m
[157.516s] [ 50%] [32m[1mLinking CXX static library libgtest_main.a[0m
[157.915s] [ 50%] Built target gtest_main
[158.091s] [ 56%] [32mBuilding CXX object CMakeFiles/path_ops.dir/src/path_ops.cpp.o[0m
[165.363s] [ 62%] [32m[1mLinking CXX shared library libpath_ops.so[0m
[178.863s] [ 62%] Built target path_ops
[179.050s] [ 68%] [32mBuilding CXX object test/CMakeFiles/tf_help_tests.dir/tf_help_test.cpp.o[0m
[219.164s] [ 75%] [32m[1mLinking CXX executable tf_help_tests[0m
[220.449s] [ 75%] Built target tf_help_tests
[220.581s] [ 81%] [32mBuilding CXX object test/CMakeFiles/path_ops_tests.dir/path_ops_test.cpp.o[0m
[230.792s] [ 87%] [32m[1mLinking CXX executable path_ops_tests[0m
[231.776s] [ 87%] Built target path_ops_tests
[231.925s] [ 93%] [32mBuilding CXX object test/CMakeFiles/2d_utils_tests.dir/2d_utils_test.cpp.o[0m
[267.858s] [100%] [32m[1mLinking CXX executable 2d_utils_tests[0m
[268.976s] [100%] Built target 2d_utils_tests
[269.036s] Invoked command in '/root/Lunar_ROADSTER/lr_ws/build/nav_2d_utils' returned '0': AMENT_PREFIX_PATH=/root/Lunar_ROADSTER/lr_ws/install/nav2_util:/root/Lunar_ROADSTER/lr_ws/install/nav2_msgs:/root/Lunar_ROADSTER/lr_ws/install/nav_2d_msgs:/root/Lunar_ROADSTER/lr_ws/install/nav2_common:${AMENT_PREFIX_PATH} CMAKE_PREFIX_PATH=/root/Lunar_ROADSTER/lr_ws/install/nav2_util:/root/Lunar_ROADSTER/lr_ws/install/nav2_msgs:/root/Lunar_ROADSTER/lr_ws/install/nav_2d_msgs:/root/Lunar_ROADSTER/lr_ws/install/nav2_common:/opt/ros/humble LD_LIBRARY_PATH=/root/Lunar_ROADSTER/lr_ws/install/nav2_util/lib:/root/Lunar_ROADSTER/lr_ws/install/nav2_msgs/lib:/root/Lunar_ROADSTER/lr_ws/install/nav_2d_msgs/lib:/root/Lunar_ROADSTER/lr_ws/install/vectornav/lib:/root/Lunar_ROADSTER/lr_ws/install/vectornav_msgs/lib:/root/Lunar_ROADSTER/lr_ws/install/robot_localization/lib:/root/Lunar_ROADSTER/lr_ws/install/realsense2_camera/lib:/root/Lunar_ROADSTER/lr_ws/install/realsense2_camera_msgs/lib:/root/Lunar_ROADSTER/lr_ws/install/nav2_smoother/lib:/root/Lunar_ROADSTER/lr_ws/install/nav2_graceful_controller/lib:/root/Lunar_ROADSTER/lr_ws/install/nav2_controller/lib:/root/Lunar_ROADSTER/lr_ws/install/dwb_plugins/lib:/root/Lunar_ROADSTER/lr_ws/install/dwb_critics/lib:/root/Lunar_ROADSTER/lr_ws/install/dwb_core/lib:/root/Lunar_ROADSTER/lr_ws/install/nav_2d_utils/lib:/root/Lunar_ROADSTER/lr_ws/install/dwb_msgs/lib:/root/Lunar_ROADSTER/lr_ws/install/nav2_waypoint_follower/lib:/root/Lunar_ROADSTER/lr_ws/install/nav2_theta_star_planner/lib:/root/Lunar_ROADSTER/lr_ws/install/nav2_smac_planner/lib:/root/Lunar_ROADSTER/lr_ws/install/nav2_rotation_shim_controller/lib:/root/Lunar_ROADSTER/lr_ws/install/nav2_regulated_pure_pursuit_controller/lib:/root/Lunar_ROADSTER/lr_ws/install/nav2_planner/lib:/root/Lunar_ROADSTER/lr_ws/install/nav2_navfn_planner/lib:/root/Lunar_ROADSTER/lr_ws/install/nav2_mppi_controller/lib:/root/Lunar_ROADSTER/lr_ws/install/nav2_constrained_smoother/lib:/root/Lunar_ROADSTER/lr_ws/install/nav2_bt_navigator/lib:/root/Lunar_ROADSTER/lr_ws/install/nav2_behaviors/lib:/root/Lunar_ROADSTER/lr_ws/install/nav2_collision_monitor/lib:/root/Lunar_ROADSTER/lr_ws/install/costmap_queue/lib:/root/Lunar_ROADSTER/lr_ws/install/nav2_costmap_2d/lib:/root/Lunar_ROADSTER/lr_ws/install/nav2_voxel_grid/lib:/root/Lunar_ROADSTER/lr_ws/install/nav2_velocity_smoother/lib:/root/Lunar_ROADSTER/lr_ws/install/nav2_rviz_plugins/lib:/root/Lunar_ROADSTER/lr_ws/install/nav2_map_server/lib:/root/Lunar_ROADSTER/lr_ws/install/nav2_lifecycle_manager/lib:/root/Lunar_ROADSTER/lr_ws/install/nav2_behavior_tree/lib:/root/Lunar_ROADSTER/lr_ws/install/nav2_amcl/lib:/root/Lunar_ROADSTER/lr_ws/install/lx_library/lib:/root/Lunar_ROADSTER/lr_ws/install/lx_msgs/lib:/root/Lunar_ROADSTER/lr_ws/install/gazebo_msgs/lib:/root/Lunar_ROADSTER/lr_ws/install/cg_msgs/lib:/opt/ros/humble/opt/rviz_ogre_vendor/lib:/opt/ros/humble/lib/aarch64-linux-gnu:/opt/ros/humble/lib:/usr/local/cuda/lib64 /usr/local/bin/cmake --build /root/Lunar_ROADSTER/lr_ws/build/nav_2d_utils -- -j4 -l4
[269.046s] Invoking command in '/root/Lunar_ROADSTER/lr_ws/build/nav_2d_utils': AMENT_PREFIX_PATH=/root/Lunar_ROADSTER/lr_ws/install/nav2_util:/root/Lunar_ROADSTER/lr_ws/install/nav2_msgs:/root/Lunar_ROADSTER/lr_ws/install/nav_2d_msgs:/root/Lunar_ROADSTER/lr_ws/install/nav2_common:${AMENT_PREFIX_PATH} CMAKE_PREFIX_PATH=/root/Lunar_ROADSTER/lr_ws/install/nav2_util:/root/Lunar_ROADSTER/lr_ws/install/nav2_msgs:/root/Lunar_ROADSTER/lr_ws/install/nav_2d_msgs:/root/Lunar_ROADSTER/lr_ws/install/nav2_common:/opt/ros/humble LD_LIBRARY_PATH=/root/Lunar_ROADSTER/lr_ws/install/nav2_util/lib:/root/Lunar_ROADSTER/lr_ws/install/nav2_msgs/lib:/root/Lunar_ROADSTER/lr_ws/install/nav_2d_msgs/lib:/root/Lunar_ROADSTER/lr_ws/install/vectornav/lib:/root/Lunar_ROADSTER/lr_ws/install/vectornav_msgs/lib:/root/Lunar_ROADSTER/lr_ws/install/robot_localization/lib:/root/Lunar_ROADSTER/lr_ws/install/realsense2_camera/lib:/root/Lunar_ROADSTER/lr_ws/install/realsense2_camera_msgs/lib:/root/Lunar_ROADSTER/lr_ws/install/nav2_smoother/lib:/root/Lunar_ROADSTER/lr_ws/install/nav2_graceful_controller/lib:/root/Lunar_ROADSTER/lr_ws/install/nav2_controller/lib:/root/Lunar_ROADSTER/lr_ws/install/dwb_plugins/lib:/root/Lunar_ROADSTER/lr_ws/install/dwb_critics/lib:/root/Lunar_ROADSTER/lr_ws/install/dwb_core/lib:/root/Lunar_ROADSTER/lr_ws/install/nav_2d_utils/lib:/root/Lunar_ROADSTER/lr_ws/install/dwb_msgs/lib:/root/Lunar_ROADSTER/lr_ws/install/nav2_waypoint_follower/lib:/root/Lunar_ROADSTER/lr_ws/install/nav2_theta_star_planner/lib:/root/Lunar_ROADSTER/lr_ws/install/nav2_smac_planner/lib:/root/Lunar_ROADSTER/lr_ws/install/nav2_rotation_shim_controller/lib:/root/Lunar_ROADSTER/lr_ws/install/nav2_regulated_pure_pursuit_controller/lib:/root/Lunar_ROADSTER/lr_ws/install/nav2_planner/lib:/root/Lunar_ROADSTER/lr_ws/install/nav2_navfn_planner/lib:/root/Lunar_ROADSTER/lr_ws/install/nav2_mppi_controller/lib:/root/Lunar_ROADSTER/lr_ws/install/nav2_constrained_smoother/lib:/root/Lunar_ROADSTER/lr_ws/install/nav2_bt_navigator/lib:/root/Lunar_ROADSTER/lr_ws/install/nav2_behaviors/lib:/root/Lunar_ROADSTER/lr_ws/install/nav2_collision_monitor/lib:/root/Lunar_ROADSTER/lr_ws/install/costmap_queue/lib:/root/Lunar_ROADSTER/lr_ws/install/nav2_costmap_2d/lib:/root/Lunar_ROADSTER/lr_ws/install/nav2_voxel_grid/lib:/root/Lunar_ROADSTER/lr_ws/install/nav2_velocity_smoother/lib:/root/Lunar_ROADSTER/lr_ws/install/nav2_rviz_plugins/lib:/root/Lunar_ROADSTER/lr_ws/install/nav2_map_server/lib:/root/Lunar_ROADSTER/lr_ws/install/nav2_lifecycle_manager/lib:/root/Lunar_ROADSTER/lr_ws/install/nav2_behavior_tree/lib:/root/Lunar_ROADSTER/lr_ws/install/nav2_amcl/lib:/root/Lunar_ROADSTER/lr_ws/install/lx_library/lib:/root/Lunar_ROADSTER/lr_ws/install/lx_msgs/lib:/root/Lunar_ROADSTER/lr_ws/install/gazebo_msgs/lib:/root/Lunar_ROADSTER/lr_ws/install/cg_msgs/lib:/opt/ros/humble/opt/rviz_ogre_vendor/lib:/opt/ros/humble/lib/aarch64-linux-gnu:/opt/ros/humble/lib:/usr/local/cuda/lib64 /usr/local/bin/cmake --install /root/Lunar_ROADSTER/lr_ws/build/nav_2d_utils
[269.073s] -- Install configuration: "Release"
[269.079s] -- Installing: /root/Lunar_ROADSTER/lr_ws/install/nav_2d_utils/lib/libconversions.so
[269.086s] -- Set runtime path of "/root/Lunar_ROADSTER/lr_ws/install/nav_2d_utils/lib/libconversions.so" to ""
[269.086s] -- Installing: /root/Lunar_ROADSTER/lr_ws/install/nav_2d_utils/lib/libpath_ops.so
[269.087s] -- Set runtime path of "/root/Lunar_ROADSTER/lr_ws/install/nav_2d_utils/lib/libpath_ops.so" to ""
[269.087s] -- Installing: /root/Lunar_ROADSTER/lr_ws/install/nav_2d_utils/lib/libtf_help.so
[269.091s] -- Set runtime path of "/root/Lunar_ROADSTER/lr_ws/install/nav_2d_utils/lib/libtf_help.so" to ""
[269.092s] -- Installing: /root/Lunar_ROADSTER/lr_ws/install/nav_2d_utils/include/
[269.099s] -- Installing: /root/Lunar_ROADSTER/lr_ws/install/nav_2d_utils/include//nav_2d_utils
[269.100s] -- Installing: /root/Lunar_ROADSTER/lr_ws/install/nav_2d_utils/include//nav_2d_utils/conversions.hpp
[269.102s] -- Installing: /root/Lunar_ROADSTER/lr_ws/install/nav_2d_utils/include//nav_2d_utils/odom_subscriber.hpp
[269.106s] -- Installing: /root/Lunar_ROADSTER/lr_ws/install/nav_2d_utils/include//nav_2d_utils/parameters.hpp
[269.115s] -- Installing: /root/Lunar_ROADSTER/lr_ws/install/nav_2d_utils/include//nav_2d_utils/path_ops.hpp
[269.120s] -- Installing: /root/Lunar_ROADSTER/lr_ws/install/nav_2d_utils/include//nav_2d_utils/tf_help.hpp
[269.121s] -- Installing: /root/Lunar_ROADSTER/lr_ws/install/nav_2d_utils/share/nav_2d_utils/environment/library_path.sh
[269.127s] -- Installing: /root/Lunar_ROADSTER/lr_ws/install/nav_2d_utils/share/nav_2d_utils/environment/library_path.dsv
[269.134s] -- Installing: /root/Lunar_ROADSTER/lr_ws/install/nav_2d_utils/share/ament_index/resource_index/package_run_dependencies/nav_2d_utils
[269.138s] -- Installing: /root/Lunar_ROADSTER/lr_ws/install/nav_2d_utils/share/ament_index/resource_index/parent_prefix_path/nav_2d_utils
[269.140s] -- Installing: /root/Lunar_ROADSTER/lr_ws/install/nav_2d_utils/share/nav_2d_utils/environment/ament_prefix_path.sh
[269.143s] -- Installing: /root/Lunar_ROADSTER/lr_ws/install/nav_2d_utils/share/nav_2d_utils/environment/ament_prefix_path.dsv
[269.143s] -- Installing: /root/Lunar_ROADSTER/lr_ws/install/nav_2d_utils/share/nav_2d_utils/environment/path.sh
[269.144s] -- Installing: /root/Lunar_ROADSTER/lr_ws/install/nav_2d_utils/share/nav_2d_utils/environment/path.dsv
[269.144s] -- Installing: /root/Lunar_ROADSTER/lr_ws/install/nav_2d_utils/share/nav_2d_utils/local_setup.bash
[269.145s] -- Installing: /root/Lunar_ROADSTER/lr_ws/install/nav_2d_utils/share/nav_2d_utils/local_setup.sh
[269.146s] -- Installing: /root/Lunar_ROADSTER/lr_ws/install/nav_2d_utils/share/nav_2d_utils/local_setup.zsh
[269.147s] -- Installing: /root/Lunar_ROADSTER/lr_ws/install/nav_2d_utils/share/nav_2d_utils/local_setup.dsv
[269.148s] -- Installing: /root/Lunar_ROADSTER/lr_ws/install/nav_2d_utils/share/nav_2d_utils/package.dsv
[269.151s] -- Installing: /root/Lunar_ROADSTER/lr_ws/install/nav_2d_utils/share/ament_index/resource_index/packages/nav_2d_utils
[269.155s] -- Installing: /root/Lunar_ROADSTER/lr_ws/install/nav_2d_utils/share/nav_2d_utils/cmake/ament_cmake_export_include_directories-extras.cmake
[269.158s] -- Installing: /root/Lunar_ROADSTER/lr_ws/install/nav_2d_utils/share/nav_2d_utils/cmake/ament_cmake_export_libraries-extras.cmake
[269.159s] -- Installing: /root/Lunar_ROADSTER/lr_ws/install/nav_2d_utils/share/nav_2d_utils/cmake/ament_cmake_export_dependencies-extras.cmake
[269.171s] -- Installing: /root/Lunar_ROADSTER/lr_ws/install/nav_2d_utils/share/nav_2d_utils/cmake/nav_2d_utilsConfig.cmake
[269.175s] -- Installing: /root/Lunar_ROADSTER/lr_ws/install/nav_2d_utils/share/nav_2d_utils/cmake/nav_2d_utilsConfig-version.cmake
[269.177s] -- Installing: /root/Lunar_ROADSTER/lr_ws/install/nav_2d_utils/share/nav_2d_utils/package.xml
[269.182s] Invoked command in '/root/Lunar_ROADSTER/lr_ws/build/nav_2d_utils' returned '0': AMENT_PREFIX_PATH=/root/Lunar_ROADSTER/lr_ws/install/nav2_util:/root/Lunar_ROADSTER/lr_ws/install/nav2_msgs:/root/Lunar_ROADSTER/lr_ws/install/nav_2d_msgs:/root/Lunar_ROADSTER/lr_ws/install/nav2_common:${AMENT_PREFIX_PATH} CMAKE_PREFIX_PATH=/root/Lunar_ROADSTER/lr_ws/install/nav2_util:/root/Lunar_ROADSTER/lr_ws/install/nav2_msgs:/root/Lunar_ROADSTER/lr_ws/install/nav_2d_msgs:/root/Lunar_ROADSTER/lr_ws/install/nav2_common:/opt/ros/humble LD_LIBRARY_PATH=/root/Lunar_ROADSTER/lr_ws/install/nav2_util/lib:/root/Lunar_ROADSTER/lr_ws/install/nav2_msgs/lib:/root/Lunar_ROADSTER/lr_ws/install/nav_2d_msgs/lib:/root/Lunar_ROADSTER/lr_ws/install/vectornav/lib:/root/Lunar_ROADSTER/lr_ws/install/vectornav_msgs/lib:/root/Lunar_ROADSTER/lr_ws/install/robot_localization/lib:/root/Lunar_ROADSTER/lr_ws/install/realsense2_camera/lib:/root/Lunar_ROADSTER/lr_ws/install/realsense2_camera_msgs/lib:/root/Lunar_ROADSTER/lr_ws/install/nav2_smoother/lib:/root/Lunar_ROADSTER/lr_ws/install/nav2_graceful_controller/lib:/root/Lunar_ROADSTER/lr_ws/install/nav2_controller/lib:/root/Lunar_ROADSTER/lr_ws/install/dwb_plugins/lib:/root/Lunar_ROADSTER/lr_ws/install/dwb_critics/lib:/root/Lunar_ROADSTER/lr_ws/install/dwb_core/lib:/root/Lunar_ROADSTER/lr_ws/install/nav_2d_utils/lib:/root/Lunar_ROADSTER/lr_ws/install/dwb_msgs/lib:/root/Lunar_ROADSTER/lr_ws/install/nav2_waypoint_follower/lib:/root/Lunar_ROADSTER/lr_ws/install/nav2_theta_star_planner/lib:/root/Lunar_ROADSTER/lr_ws/install/nav2_smac_planner/lib:/root/Lunar_ROADSTER/lr_ws/install/nav2_rotation_shim_controller/lib:/root/Lunar_ROADSTER/lr_ws/install/nav2_regulated_pure_pursuit_controller/lib:/root/Lunar_ROADSTER/lr_ws/install/nav2_planner/lib:/root/Lunar_ROADSTER/lr_ws/install/nav2_navfn_planner/lib:/root/Lunar_ROADSTER/lr_ws/install/nav2_mppi_controller/lib:/root/Lunar_ROADSTER/lr_ws/install/nav2_constrained_smoother/lib:/root/Lunar_ROADSTER/lr_ws/install/nav2_bt_navigator/lib:/root/Lunar_ROADSTER/lr_ws/install/nav2_behaviors/lib:/root/Lunar_ROADSTER/lr_ws/install/nav2_collision_monitor/lib:/root/Lunar_ROADSTER/lr_ws/install/costmap_queue/lib:/root/Lunar_ROADSTER/lr_ws/install/nav2_costmap_2d/lib:/root/Lunar_ROADSTER/lr_ws/install/nav2_voxel_grid/lib:/root/Lunar_ROADSTER/lr_ws/install/nav2_velocity_smoother/lib:/root/Lunar_ROADSTER/lr_ws/install/nav2_rviz_plugins/lib:/root/Lunar_ROADSTER/lr_ws/install/nav2_map_server/lib:/root/Lunar_ROADSTER/lr_ws/install/nav2_lifecycle_manager/lib:/root/Lunar_ROADSTER/lr_ws/install/nav2_behavior_tree/lib:/root/Lunar_ROADSTER/lr_ws/install/nav2_amcl/lib:/root/Lunar_ROADSTER/lr_ws/install/lx_library/lib:/root/Lunar_ROADSTER/lr_ws/install/lx_msgs/lib:/root/Lunar_ROADSTER/lr_ws/install/gazebo_msgs/lib:/root/Lunar_ROADSTER/lr_ws/install/cg_msgs/lib:/opt/ros/humble/opt/rviz_ogre_vendor/lib:/opt/ros/humble/lib/aarch64-linux-gnu:/opt/ros/humble/lib:/usr/local/cuda/lib64 /usr/local/bin/cmake --install /root/Lunar_ROADSTER/lr_ws/build/nav_2d_utils
