[1.872s] Invoking command in '/root/Lunar_ROADSTER/lr_ws/build/nav2_velocity_smoother': AMENT_PREFIX_PATH=/root/Lunar_ROADSTER/lr_ws/install/nav2_util:/root/Lunar_ROADSTER/lr_ws/install/nav2_msgs:/root/Lunar_ROADSTER/lr_ws/install/nav2_common:${AMENT_PREFIX_PATH} CMAKE_PREFIX_PATH=/root/Lunar_ROADSTER/lr_ws/install/nav2_util:/root/Lunar_ROADSTER/lr_ws/install/nav2_msgs:/root/Lunar_ROADSTER/lr_ws/install/nav2_common:/opt/ros/humble LD_LIBRARY_PATH=/root/Lunar_ROADSTER/lr_ws/install/nav2_util/lib:/root/Lunar_ROADSTER/lr_ws/install/nav2_msgs/lib:/opt/ros/humble/opt/rviz_ogre_vendor/lib:/opt/ros/humble/lib/aarch64-linux-gnu:/opt/ros/humble/lib:/usr/local/cuda/lib64 PYTHONPATH=/root/Lunar_ROADSTER/lr_ws/install/nav2_msgs/local/lib/python3.10/dist-packages:/root/Lunar_ROADSTER/lr_ws/install/nav2_common/local/lib/python3.10/dist-packages:${PYTHONPATH} /usr/local/bin/cmake --build /root/Lunar_ROADSTER/lr_ws/build/nav2_velocity_smoother -- -j4 -l4
[2.649s] [35m[1mConsolidate compiler generated dependencies of target velocity_smoother_core[0m
[2.675s] [35m[1mConsolidate compiler generated dependencies of target gtest_main[0m
[2.754s] [35m[1mConsolidate compiler generated dependencies of target gtest[0m
[2.961s] [ 20%] Built target gtest_main
[3.057s] [ 40%] Built target gtest
[3.126s] [ 60%] Built target velocity_smoother_core
[3.404s] [35m[1mConsolidate compiler generated dependencies of target velocity_smoother[0m
[3.426s] [35m[1mConsolidate compiler generated dependencies of target velocity_smoother_tests[0m
[3.708s] [ 80%] Built target velocity_smoother_tests
[3.712s] [100%] Built target velocity_smoother
[3.924s] Invoked command in '/root/Lunar_ROADSTER/lr_ws/build/nav2_velocity_smoother' returned '0': AMENT_PREFIX_PATH=/root/Lunar_ROADSTER/lr_ws/install/nav2_util:/root/Lunar_ROADSTER/lr_ws/install/nav2_msgs:/root/Lunar_ROADSTER/lr_ws/install/nav2_common:${AMENT_PREFIX_PATH} CMAKE_PREFIX_PATH=/root/Lunar_ROADSTER/lr_ws/install/nav2_util:/root/Lunar_ROADSTER/lr_ws/install/nav2_msgs:/root/Lunar_ROADSTER/lr_ws/install/nav2_common:/opt/ros/humble LD_LIBRARY_PATH=/root/Lunar_ROADSTER/lr_ws/install/nav2_util/lib:/root/Lunar_ROADSTER/lr_ws/install/nav2_msgs/lib:/opt/ros/humble/opt/rviz_ogre_vendor/lib:/opt/ros/humble/lib/aarch64-linux-gnu:/opt/ros/humble/lib:/usr/local/cuda/lib64 PYTHONPATH=/root/Lunar_ROADSTER/lr_ws/install/nav2_msgs/local/lib/python3.10/dist-packages:/root/Lunar_ROADSTER/lr_ws/install/nav2_common/local/lib/python3.10/dist-packages:${PYTHONPATH} /usr/local/bin/cmake --build /root/Lunar_ROADSTER/lr_ws/build/nav2_velocity_smoother -- -j4 -l4
[3.954s] Invoking command in '/root/Lunar_ROADSTER/lr_ws/build/nav2_velocity_smoother': AMENT_PREFIX_PATH=/root/Lunar_ROADSTER/lr_ws/install/nav2_util:/root/Lunar_ROADSTER/lr_ws/install/nav2_msgs:/root/Lunar_ROADSTER/lr_ws/install/nav2_common:${AMENT_PREFIX_PATH} CMAKE_PREFIX_PATH=/root/Lunar_ROADSTER/lr_ws/install/nav2_util:/root/Lunar_ROADSTER/lr_ws/install/nav2_msgs:/root/Lunar_ROADSTER/lr_ws/install/nav2_common:/opt/ros/humble LD_LIBRARY_PATH=/root/Lunar_ROADSTER/lr_ws/install/nav2_util/lib:/root/Lunar_ROADSTER/lr_ws/install/nav2_msgs/lib:/opt/ros/humble/opt/rviz_ogre_vendor/lib:/opt/ros/humble/lib/aarch64-linux-gnu:/opt/ros/humble/lib:/usr/local/cuda/lib64 PYTHONPATH=/root/Lunar_ROADSTER/lr_ws/install/nav2_msgs/local/lib/python3.10/dist-packages:/root/Lunar_ROADSTER/lr_ws/install/nav2_common/local/lib/python3.10/dist-packages:${PYTHONPATH} /usr/local/bin/cmake --install /root/Lunar_ROADSTER/lr_ws/build/nav2_velocity_smoother
[3.969s] -- Install configuration: "Release"
[3.994s] -- Up-to-date: /root/Lunar_ROADSTER/lr_ws/install/nav2_velocity_smoother/lib/libvelocity_smoother_core.so
[4.142s] -- Up-to-date: /root/Lunar_ROADSTER/lr_ws/install/nav2_velocity_smoother/lib/nav2_velocity_smoother/velocity_smoother
[4.146s] -- Up-to-date: /root/Lunar_ROADSTER/lr_ws/install/nav2_velocity_smoother/include/
[4.152s] -- Up-to-date: /root/Lunar_ROADSTER/lr_ws/install/nav2_velocity_smoother/include//nav2_velocity_smoother
[4.153s] -- Up-to-date: /root/Lunar_ROADSTER/lr_ws/install/nav2_velocity_smoother/include//nav2_velocity_smoother/velocity_smoother.hpp
[4.191s] -- Up-to-date: /root/Lunar_ROADSTER/lr_ws/install/nav2_velocity_smoother/share/nav2_velocity_smoother/environment/library_path.sh
[4.213s] -- Up-to-date: /root/Lunar_ROADSTER/lr_ws/install/nav2_velocity_smoother/share/nav2_velocity_smoother/environment/library_path.dsv
[4.231s] -- Up-to-date: /root/Lunar_ROADSTER/lr_ws/install/nav2_velocity_smoother/share/ament_index/resource_index/package_run_dependencies/nav2_velocity_smoother
[4.231s] -- Up-to-date: /root/Lunar_ROADSTER/lr_ws/install/nav2_velocity_smoother/share/ament_index/resource_index/parent_prefix_path/nav2_velocity_smoother
[4.232s] -- Up-to-date: /root/Lunar_ROADSTER/lr_ws/install/nav2_velocity_smoother/share/nav2_velocity_smoother/environment/ament_prefix_path.sh
[4.233s] -- Up-to-date: /root/Lunar_ROADSTER/lr_ws/install/nav2_velocity_smoother/share/nav2_velocity_smoother/environment/ament_prefix_path.dsv
[4.234s] -- Up-to-date: /root/Lunar_ROADSTER/lr_ws/install/nav2_velocity_smoother/share/nav2_velocity_smoother/environment/path.sh
[4.234s] -- Up-to-date: /root/Lunar_ROADSTER/lr_ws/install/nav2_velocity_smoother/share/nav2_velocity_smoother/environment/path.dsv
[4.235s] -- Up-to-date: /root/Lunar_ROADSTER/lr_ws/install/nav2_velocity_smoother/share/nav2_velocity_smoother/local_setup.bash
[4.235s] -- Up-to-date: /root/Lunar_ROADSTER/lr_ws/install/nav2_velocity_smoother/share/nav2_velocity_smoother/local_setup.sh
[4.236s] -- Up-to-date: /root/Lunar_ROADSTER/lr_ws/install/nav2_velocity_smoother/share/nav2_velocity_smoother/local_setup.zsh
[4.236s] -- Up-to-date: /root/Lunar_ROADSTER/lr_ws/install/nav2_velocity_smoother/share/nav2_velocity_smoother/local_setup.dsv
[4.247s] -- Installing: /root/Lunar_ROADSTER/lr_ws/install/nav2_velocity_smoother/share/nav2_velocity_smoother/package.dsv
[4.258s] -- Up-to-date: /root/Lunar_ROADSTER/lr_ws/install/nav2_velocity_smoother/share/ament_index/resource_index/packages/nav2_velocity_smoother
[4.258s] -- Up-to-date: /root/Lunar_ROADSTER/lr_ws/install/nav2_velocity_smoother/share/ament_index/resource_index/rclcpp_components/nav2_velocity_smoother
[4.265s] -- Up-to-date: /root/Lunar_ROADSTER/lr_ws/install/nav2_velocity_smoother/share/nav2_velocity_smoother/cmake/ament_cmake_export_include_directories-extras.cmake
[4.265s] -- Up-to-date: /root/Lunar_ROADSTER/lr_ws/install/nav2_velocity_smoother/share/nav2_velocity_smoother/cmake/ament_cmake_export_libraries-extras.cmake
[4.265s] -- Up-to-date: /root/Lunar_ROADSTER/lr_ws/install/nav2_velocity_smoother/share/nav2_velocity_smoother/cmake/ament_cmake_export_dependencies-extras.cmake
[4.266s] -- Up-to-date: /root/Lunar_ROADSTER/lr_ws/install/nav2_velocity_smoother/share/nav2_velocity_smoother/cmake/nav2_velocity_smootherConfig.cmake
[4.266s] -- Up-to-date: /root/Lunar_ROADSTER/lr_ws/install/nav2_velocity_smoother/share/nav2_velocity_smoother/cmake/nav2_velocity_smootherConfig-version.cmake
[4.266s] -- Up-to-date: /root/Lunar_ROADSTER/lr_ws/install/nav2_velocity_smoother/share/nav2_velocity_smoother/package.xml
[4.281s] Invoked command in '/root/Lunar_ROADSTER/lr_ws/build/nav2_velocity_smoother' returned '0': AMENT_PREFIX_PATH=/root/Lunar_ROADSTER/lr_ws/install/nav2_util:/root/Lunar_ROADSTER/lr_ws/install/nav2_msgs:/root/Lunar_ROADSTER/lr_ws/install/nav2_common:${AMENT_PREFIX_PATH} CMAKE_PREFIX_PATH=/root/Lunar_ROADSTER/lr_ws/install/nav2_util:/root/Lunar_ROADSTER/lr_ws/install/nav2_msgs:/root/Lunar_ROADSTER/lr_ws/install/nav2_common:/opt/ros/humble LD_LIBRARY_PATH=/root/Lunar_ROADSTER/lr_ws/install/nav2_util/lib:/root/Lunar_ROADSTER/lr_ws/install/nav2_msgs/lib:/opt/ros/humble/opt/rviz_ogre_vendor/lib:/opt/ros/humble/lib/aarch64-linux-gnu:/opt/ros/humble/lib:/usr/local/cuda/lib64 PYTHONPATH=/root/Lunar_ROADSTER/lr_ws/install/nav2_msgs/local/lib/python3.10/dist-packages:/root/Lunar_ROADSTER/lr_ws/install/nav2_common/local/lib/python3.10/dist-packages:${PYTHONPATH} /usr/local/bin/cmake --install /root/Lunar_ROADSTER/lr_ws/build/nav2_velocity_smoother
