[0.530s] Invoking command in '/root/Lunar_ROADSTER/lr_ws/build/nav2_navfn_planner': AMENT_PREFIX_PATH=/root/Lunar_ROADSTER/lr_ws/install/nav2_core:/root/Lunar_ROADSTER/lr_ws/install/nav2_costmap_2d:/root/Lunar_ROADSTER/lr_ws/install/nav2_map_server:/root/Lunar_ROADSTER/lr_ws/install/nav2_lifecycle_manager:/root/Lunar_ROADSTER/lr_ws/install/nav2_util:/root/Lunar_ROADSTER/lr_ws/install/nav2_voxel_grid:/root/Lunar_ROADSTER/lr_ws/install/nav2_msgs:/root/Lunar_ROADSTER/lr_ws/install/nav2_common:${AMENT_PREFIX_PATH} CMAKE_PREFIX_PATH=/root/Lunar_ROADSTER/lr_ws/install/nav2_core:/root/Lunar_ROADSTER/lr_ws/install/nav2_costmap_2d:/root/Lunar_ROADSTER/lr_ws/install/nav2_map_server:/root/Lunar_ROADSTER/lr_ws/install/nav2_lifecycle_manager:/root/Lunar_ROADSTER/lr_ws/install/nav2_util:/root/Lunar_ROADSTER/lr_ws/install/nav2_voxel_grid:/root/Lunar_ROADSTER/lr_ws/install/nav2_msgs:/root/Lunar_ROADSTER/lr_ws/install/nav2_common:/opt/ros/humble LD_LIBRARY_PATH=/root/Lunar_ROADSTER/lr_ws/install/nav2_costmap_2d/lib:/root/Lunar_ROADSTER/lr_ws/install/nav2_map_server/lib:/root/Lunar_ROADSTER/lr_ws/install/nav2_lifecycle_manager/lib:/root/Lunar_ROADSTER/lr_ws/install/nav2_util/lib:/root/Lunar_ROADSTER/lr_ws/install/nav2_voxel_grid/lib:/root/Lunar_ROADSTER/lr_ws/install/nav2_msgs/lib:/opt/ros/humble/opt/rviz_ogre_vendor/lib:/opt/ros/humble/lib/aarch64-linux-gnu:/opt/ros/humble/lib:/usr/local/cuda/lib64 PYTHONPATH=/root/Lunar_ROADSTER/lr_ws/install/nav2_msgs/local/lib/python3.10/dist-packages:/root/Lunar_ROADSTER/lr_ws/install/nav2_common/local/lib/python3.10/dist-packages:${PYTHONPATH} /usr/local/bin/cmake --build /root/Lunar_ROADSTER/lr_ws/build/nav2_navfn_planner -- -j4 -l4
[1.194s] [35m[1mConsolidate compiler generated dependencies of target nav2_navfn_planner[0m
[1.467s] [ 33%] Built target nav2_navfn_planner
[1.778s] [35m[1mConsolidate compiler generated dependencies of target gtest[0m
[1.986s] [ 55%] Built target gtest
[2.046s] [35m[1mConsolidate compiler generated dependencies of target gtest_main[0m
[2.097s] [ 77%] Built target gtest_main
[2.427s] [35m[1mConsolidate compiler generated dependencies of target test_dynamic_parameters[0m
[2.661s] [100%] Built target test_dynamic_parameters
[2.777s] Invoked command in '/root/Lunar_ROADSTER/lr_ws/build/nav2_navfn_planner' returned '0': AMENT_PREFIX_PATH=/root/Lunar_ROADSTER/lr_ws/install/nav2_core:/root/Lunar_ROADSTER/lr_ws/install/nav2_costmap_2d:/root/Lunar_ROADSTER/lr_ws/install/nav2_map_server:/root/Lunar_ROADSTER/lr_ws/install/nav2_lifecycle_manager:/root/Lunar_ROADSTER/lr_ws/install/nav2_util:/root/Lunar_ROADSTER/lr_ws/install/nav2_voxel_grid:/root/Lunar_ROADSTER/lr_ws/install/nav2_msgs:/root/Lunar_ROADSTER/lr_ws/install/nav2_common:${AMENT_PREFIX_PATH} CMAKE_PREFIX_PATH=/root/Lunar_ROADSTER/lr_ws/install/nav2_core:/root/Lunar_ROADSTER/lr_ws/install/nav2_costmap_2d:/root/Lunar_ROADSTER/lr_ws/install/nav2_map_server:/root/Lunar_ROADSTER/lr_ws/install/nav2_lifecycle_manager:/root/Lunar_ROADSTER/lr_ws/install/nav2_util:/root/Lunar_ROADSTER/lr_ws/install/nav2_voxel_grid:/root/Lunar_ROADSTER/lr_ws/install/nav2_msgs:/root/Lunar_ROADSTER/lr_ws/install/nav2_common:/opt/ros/humble LD_LIBRARY_PATH=/root/Lunar_ROADSTER/lr_ws/install/nav2_costmap_2d/lib:/root/Lunar_ROADSTER/lr_ws/install/nav2_map_server/lib:/root/Lunar_ROADSTER/lr_ws/install/nav2_lifecycle_manager/lib:/root/Lunar_ROADSTER/lr_ws/install/nav2_util/lib:/root/Lunar_ROADSTER/lr_ws/install/nav2_voxel_grid/lib:/root/Lunar_ROADSTER/lr_ws/install/nav2_msgs/lib:/opt/ros/humble/opt/rviz_ogre_vendor/lib:/opt/ros/humble/lib/aarch64-linux-gnu:/opt/ros/humble/lib:/usr/local/cuda/lib64 PYTHONPATH=/root/Lunar_ROADSTER/lr_ws/install/nav2_msgs/local/lib/python3.10/dist-packages:/root/Lunar_ROADSTER/lr_ws/install/nav2_common/local/lib/python3.10/dist-packages:${PYTHONPATH} /usr/local/bin/cmake --build /root/Lunar_ROADSTER/lr_ws/build/nav2_navfn_planner -- -j4 -l4
[2.800s] Invoking command in '/root/Lunar_ROADSTER/lr_ws/build/nav2_navfn_planner': AMENT_PREFIX_PATH=/root/Lunar_ROADSTER/lr_ws/install/nav2_core:/root/Lunar_ROADSTER/lr_ws/install/nav2_costmap_2d:/root/Lunar_ROADSTER/lr_ws/install/nav2_map_server:/root/Lunar_ROADSTER/lr_ws/install/nav2_lifecycle_manager:/root/Lunar_ROADSTER/lr_ws/install/nav2_util:/root/Lunar_ROADSTER/lr_ws/install/nav2_voxel_grid:/root/Lunar_ROADSTER/lr_ws/install/nav2_msgs:/root/Lunar_ROADSTER/lr_ws/install/nav2_common:${AMENT_PREFIX_PATH} CMAKE_PREFIX_PATH=/root/Lunar_ROADSTER/lr_ws/install/nav2_core:/root/Lunar_ROADSTER/lr_ws/install/nav2_costmap_2d:/root/Lunar_ROADSTER/lr_ws/install/nav2_map_server:/root/Lunar_ROADSTER/lr_ws/install/nav2_lifecycle_manager:/root/Lunar_ROADSTER/lr_ws/install/nav2_util:/root/Lunar_ROADSTER/lr_ws/install/nav2_voxel_grid:/root/Lunar_ROADSTER/lr_ws/install/nav2_msgs:/root/Lunar_ROADSTER/lr_ws/install/nav2_common:/opt/ros/humble LD_LIBRARY_PATH=/root/Lunar_ROADSTER/lr_ws/install/nav2_costmap_2d/lib:/root/Lunar_ROADSTER/lr_ws/install/nav2_map_server/lib:/root/Lunar_ROADSTER/lr_ws/install/nav2_lifecycle_manager/lib:/root/Lunar_ROADSTER/lr_ws/install/nav2_util/lib:/root/Lunar_ROADSTER/lr_ws/install/nav2_voxel_grid/lib:/root/Lunar_ROADSTER/lr_ws/install/nav2_msgs/lib:/opt/ros/humble/opt/rviz_ogre_vendor/lib:/opt/ros/humble/lib/aarch64-linux-gnu:/opt/ros/humble/lib:/usr/local/cuda/lib64 PYTHONPATH=/root/Lunar_ROADSTER/lr_ws/install/nav2_msgs/local/lib/python3.10/dist-packages:/root/Lunar_ROADSTER/lr_ws/install/nav2_common/local/lib/python3.10/dist-packages:${PYTHONPATH} /usr/local/bin/cmake --install /root/Lunar_ROADSTER/lr_ws/build/nav2_navfn_planner
[2.870s] -- Install configuration: "Release"
[2.871s] -- Up-to-date: /root/Lunar_ROADSTER/lr_ws/install/nav2_navfn_planner/share/nav2_navfn_planner/global_planner_plugin.xml
[2.876s] -- Up-to-date: /root/Lunar_ROADSTER/lr_ws/install/nav2_navfn_planner/lib/libnav2_navfn_planner.so
[2.888s] -- Up-to-date: /root/Lunar_ROADSTER/lr_ws/install/nav2_navfn_planner/include/
[2.904s] -- Up-to-date: /root/Lunar_ROADSTER/lr_ws/install/nav2_navfn_planner/include//nav2_navfn_planner
[2.904s] -- Up-to-date: /root/Lunar_ROADSTER/lr_ws/install/nav2_navfn_planner/include//nav2_navfn_planner/navfn.hpp
[2.920s] -- Up-to-date: /root/Lunar_ROADSTER/lr_ws/install/nav2_navfn_planner/include//nav2_navfn_planner/navfn_planner.hpp
[2.921s] -- Up-to-date: /root/Lunar_ROADSTER/lr_ws/install/nav2_navfn_planner/share/nav2_navfn_planner/global_planner_plugin.xml
[2.922s] -- Up-to-date: /root/Lunar_ROADSTER/lr_ws/install/nav2_navfn_planner/share/nav2_navfn_planner/environment/library_path.sh
[2.923s] -- Up-to-date: /root/Lunar_ROADSTER/lr_ws/install/nav2_navfn_planner/share/nav2_navfn_planner/environment/library_path.dsv
[2.925s] -- Up-to-date: /root/Lunar_ROADSTER/lr_ws/install/nav2_navfn_planner/share/ament_index/resource_index/package_run_dependencies/nav2_navfn_planner
[2.930s] -- Up-to-date: /root/Lunar_ROADSTER/lr_ws/install/nav2_navfn_planner/share/ament_index/resource_index/parent_prefix_path/nav2_navfn_planner
[2.935s] -- Up-to-date: /root/Lunar_ROADSTER/lr_ws/install/nav2_navfn_planner/share/nav2_navfn_planner/environment/ament_prefix_path.sh
[2.936s] -- Up-to-date: /root/Lunar_ROADSTER/lr_ws/install/nav2_navfn_planner/share/nav2_navfn_planner/environment/ament_prefix_path.dsv
[2.946s] -- Up-to-date: /root/Lunar_ROADSTER/lr_ws/install/nav2_navfn_planner/share/nav2_navfn_planner/environment/path.sh
[2.947s] -- Up-to-date: /root/Lunar_ROADSTER/lr_ws/install/nav2_navfn_planner/share/nav2_navfn_planner/environment/path.dsv
[2.949s] -- Up-to-date: /root/Lunar_ROADSTER/lr_ws/install/nav2_navfn_planner/share/nav2_navfn_planner/local_setup.bash
[2.950s] -- Up-to-date: /root/Lunar_ROADSTER/lr_ws/install/nav2_navfn_planner/share/nav2_navfn_planner/local_setup.sh
[2.951s] -- Up-to-date: /root/Lunar_ROADSTER/lr_ws/install/nav2_navfn_planner/share/nav2_navfn_planner/local_setup.zsh
[2.951s] -- Up-to-date: /root/Lunar_ROADSTER/lr_ws/install/nav2_navfn_planner/share/nav2_navfn_planner/local_setup.dsv
[2.951s] -- Installing: /root/Lunar_ROADSTER/lr_ws/install/nav2_navfn_planner/share/nav2_navfn_planner/package.dsv
[2.953s] -- Up-to-date: /root/Lunar_ROADSTER/lr_ws/install/nav2_navfn_planner/share/ament_index/resource_index/packages/nav2_navfn_planner
[2.954s] -- Up-to-date: /root/Lunar_ROADSTER/lr_ws/install/nav2_navfn_planner/share/ament_index/resource_index/nav2_core__pluginlib__plugin/nav2_navfn_planner
[2.954s] -- Up-to-date: /root/Lunar_ROADSTER/lr_ws/install/nav2_navfn_planner/share/nav2_navfn_planner/cmake/ament_cmake_export_include_directories-extras.cmake
[2.954s] -- Up-to-date: /root/Lunar_ROADSTER/lr_ws/install/nav2_navfn_planner/share/nav2_navfn_planner/cmake/ament_cmake_export_libraries-extras.cmake
[2.954s] -- Up-to-date: /root/Lunar_ROADSTER/lr_ws/install/nav2_navfn_planner/share/nav2_navfn_planner/cmake/ament_cmake_export_dependencies-extras.cmake
[2.955s] -- Up-to-date: /root/Lunar_ROADSTER/lr_ws/install/nav2_navfn_planner/share/nav2_navfn_planner/cmake/nav2_navfn_plannerConfig.cmake
[2.955s] -- Up-to-date: /root/Lunar_ROADSTER/lr_ws/install/nav2_navfn_planner/share/nav2_navfn_planner/cmake/nav2_navfn_plannerConfig-version.cmake
[2.955s] -- Up-to-date: /root/Lunar_ROADSTER/lr_ws/install/nav2_navfn_planner/share/nav2_navfn_planner/package.xml
[3.356s] Invoked command in '/root/Lunar_ROADSTER/lr_ws/build/nav2_navfn_planner' returned '0': AMENT_PREFIX_PATH=/root/Lunar_ROADSTER/lr_ws/install/nav2_core:/root/Lunar_ROADSTER/lr_ws/install/nav2_costmap_2d:/root/Lunar_ROADSTER/lr_ws/install/nav2_map_server:/root/Lunar_ROADSTER/lr_ws/install/nav2_lifecycle_manager:/root/Lunar_ROADSTER/lr_ws/install/nav2_util:/root/Lunar_ROADSTER/lr_ws/install/nav2_voxel_grid:/root/Lunar_ROADSTER/lr_ws/install/nav2_msgs:/root/Lunar_ROADSTER/lr_ws/install/nav2_common:${AMENT_PREFIX_PATH} CMAKE_PREFIX_PATH=/root/Lunar_ROADSTER/lr_ws/install/nav2_core:/root/Lunar_ROADSTER/lr_ws/install/nav2_costmap_2d:/root/Lunar_ROADSTER/lr_ws/install/nav2_map_server:/root/Lunar_ROADSTER/lr_ws/install/nav2_lifecycle_manager:/root/Lunar_ROADSTER/lr_ws/install/nav2_util:/root/Lunar_ROADSTER/lr_ws/install/nav2_voxel_grid:/root/Lunar_ROADSTER/lr_ws/install/nav2_msgs:/root/Lunar_ROADSTER/lr_ws/install/nav2_common:/opt/ros/humble LD_LIBRARY_PATH=/root/Lunar_ROADSTER/lr_ws/install/nav2_costmap_2d/lib:/root/Lunar_ROADSTER/lr_ws/install/nav2_map_server/lib:/root/Lunar_ROADSTER/lr_ws/install/nav2_lifecycle_manager/lib:/root/Lunar_ROADSTER/lr_ws/install/nav2_util/lib:/root/Lunar_ROADSTER/lr_ws/install/nav2_voxel_grid/lib:/root/Lunar_ROADSTER/lr_ws/install/nav2_msgs/lib:/opt/ros/humble/opt/rviz_ogre_vendor/lib:/opt/ros/humble/lib/aarch64-linux-gnu:/opt/ros/humble/lib:/usr/local/cuda/lib64 PYTHONPATH=/root/Lunar_ROADSTER/lr_ws/install/nav2_msgs/local/lib/python3.10/dist-packages:/root/Lunar_ROADSTER/lr_ws/install/nav2_common/local/lib/python3.10/dist-packages:${PYTHONPATH} /usr/local/bin/cmake --install /root/Lunar_ROADSTER/lr_ws/build/nav2_navfn_planner
