[35m[1mConsolidate compiler generated dependencies of target kalman_filter_linear[0m
[35m[1mConsolidate compiler generated dependencies of target imu_tf_publisher[0m
[35m[1mConsolidate compiler generated dependencies of target ts_prism_transformer[0m
[ 20%] Built target kalman_filter_linear
[ 40%] Built target imu_tf_publisher
[35m[1mConsolidate compiler generated dependencies of target slip_estimate_node[0m
[ 70%] Built target ts_prism_transformer
[100%] Built target slip_estimate_node
-- Install configuration: ""
-- Installing: /root/Lunar_ROADSTER/lr_ws/install/localization/lib/localization/slip_estimate_node
-- Set runtime path of "/root/Lunar_ROADSTER/lr_ws/install/localization/lib/localization/slip_estimate_node" to ""
-- Installing: /root/Lunar_ROADSTER/lr_ws/install/localization/lib/localization/ts_prism_transformer
-- Set runtime path of "/root/Lunar_ROADSTER/lr_ws/install/localization/lib/localization/ts_prism_transformer" to ""
-- Installing: /root/Lunar_ROADSTER/lr_ws/install/localization/lib/localization/imu_tf_publisher
-- Set runtime path of "/root/Lunar_ROADSTER/lr_ws/install/localization/lib/localization/imu_tf_publisher" to ""
-- Up-to-date: /root/Lunar_ROADSTER/lr_ws/install/localization/include/localization
-- Up-to-date: /root/Lunar_ROADSTER/lr_ws/install/localization/include/localization/imu_tf_publisher.hpp
-- Up-to-date: /root/Lunar_ROADSTER/lr_ws/install/localization/include/localization/kalman_filter_linear.hpp
-- Up-to-date: /root/Lunar_ROADSTER/lr_ws/install/localization/include/localization/slip_estimate_node.hpp
-- Up-to-date: /root/Lunar_ROADSTER/lr_ws/install/localization/include/localization/ts_prism_transformer.hpp
-- Up-to-date: /root/Lunar_ROADSTER/lr_ws/install/localization/share/localization/launch
-- Up-to-date: /root/Lunar_ROADSTER/lr_ws/install/localization/share/localization/launch/__pycache__
-- Up-to-date: /root/Lunar_ROADSTER/lr_ws/install/localization/share/localization/launch/__pycache__/ekf_localization.launch.cpython-38.pyc
-- Up-to-date: /root/Lunar_ROADSTER/lr_ws/install/localization/share/localization/launch/__pycache__/imu_tf_publisher.launch.cpython-310.pyc
-- Up-to-date: /root/Lunar_ROADSTER/lr_ws/install/localization/share/localization/launch/ekf_localization.launch.py
-- Up-to-date: /root/Lunar_ROADSTER/lr_ws/install/localization/share/localization/launch/imu_tf_publisher.launch.py
-- Up-to-date: /root/Lunar_ROADSTER/lr_ws/install/localization/share/localization/launch/slip_estimate_launch.py
-- Up-to-date: /root/Lunar_ROADSTER/lr_ws/install/localization/share/localization//config
-- Up-to-date: /root/Lunar_ROADSTER/lr_ws/install/localization/share/localization//config/ekf_global_node_params.yaml
-- Up-to-date: /root/Lunar_ROADSTER/lr_ws/install/localization/share/localization//config/ekf_odom_node_params.yaml
-- Up-to-date: /root/Lunar_ROADSTER/lr_ws/install/localization/share/localization//config/ekf_slip_node_params.yaml
-- Up-to-date: /root/Lunar_ROADSTER/lr_ws/install/localization/share/localization//config/slip_estimate_params.yaml
-- Installing: /root/Lunar_ROADSTER/lr_ws/install/localization/share/ament_index/resource_index/package_run_dependencies/localization
-- Installing: /root/Lunar_ROADSTER/lr_ws/install/localization/share/ament_index/resource_index/parent_prefix_path/localization
-- Installing: /root/Lunar_ROADSTER/lr_ws/install/localization/share/localization/environment/ament_prefix_path.sh
-- Installing: /root/Lunar_ROADSTER/lr_ws/install/localization/share/localization/environment/ament_prefix_path.dsv
-- Installing: /root/Lunar_ROADSTER/lr_ws/install/localization/share/localization/environment/path.sh
-- Installing: /root/Lunar_ROADSTER/lr_ws/install/localization/share/localization/environment/path.dsv
-- Installing: /root/Lunar_ROADSTER/lr_ws/install/localization/share/localization/local_setup.bash
-- Installing: /root/Lunar_ROADSTER/lr_ws/install/localization/share/localization/local_setup.sh
-- Installing: /root/Lunar_ROADSTER/lr_ws/install/localization/share/localization/local_setup.zsh
-- Installing: /root/Lunar_ROADSTER/lr_ws/install/localization/share/localization/local_setup.dsv
-- Installing: /root/Lunar_ROADSTER/lr_ws/install/localization/share/localization/package.dsv
-- Installing: /root/Lunar_ROADSTER/lr_ws/install/localization/share/ament_index/resource_index/packages/localization
-- Installing: /root/Lunar_ROADSTER/lr_ws/install/localization/share/localization/cmake/localizationConfig.cmake
-- Installing: /root/Lunar_ROADSTER/lr_ws/install/localization/share/localization/cmake/localizationConfig-version.cmake
-- Up-to-date: /root/Lunar_ROADSTER/lr_ws/install/localization/share/localization/package.xml
