[0.117s] Invoking command in '/root/Lunar_ROADSTER/lr_ws/build/localization': AMENT_PREFIX_PATH=/root/Lunar_ROADSTER/lr_ws/install/cg_msgs:${AMENT_PREFIX_PATH} CMAKE_PREFIX_PATH=/root/Lunar_ROADSTER/lr_ws/install/cg_msgs:/opt/ros/humble LD_LIBRARY_PATH=/root/Lunar_ROADSTER/lr_ws/install/cg_msgs/lib:/opt/ros/humble/opt/rviz_ogre_vendor/lib:/opt/ros/humble/lib/aarch64-linux-gnu:/opt/ros/humble/lib:/usr/local/cuda/lib64 PYTHONPATH=/root/Lunar_ROADSTER/lr_ws/install/cg_msgs/local/lib/python3.10/dist-packages:${PYTHONPATH} /usr/local/bin/cmake --build /root/Lunar_ROADSTER/lr_ws/build/localization -- -j4 -l4
[0.282s] [35m[1mConsolidate compiler generated dependencies of target kalman_filter_linear[0m
[0.287s] [35m[1mConsolidate compiler generated dependencies of target imu_tf_publisher[0m
[0.323s] [35m[1mConsolidate compiler generated dependencies of target ts_prism_transformer[0m
[0.417s] [ 20%] Built target kalman_filter_linear
[0.505s] [ 40%] Built target imu_tf_publisher
[0.549s] [35m[1mConsolidate compiler generated dependencies of target slip_estimate_node[0m
[0.669s] [ 70%] Built target ts_prism_transformer
[0.829s] [100%] Built target slip_estimate_node
[0.886s] Invoked command in '/root/Lunar_ROADSTER/lr_ws/build/localization' returned '0': AMENT_PREFIX_PATH=/root/Lunar_ROADSTER/lr_ws/install/cg_msgs:${AMENT_PREFIX_PATH} CMAKE_PREFIX_PATH=/root/Lunar_ROADSTER/lr_ws/install/cg_msgs:/opt/ros/humble LD_LIBRARY_PATH=/root/Lunar_ROADSTER/lr_ws/install/cg_msgs/lib:/opt/ros/humble/opt/rviz_ogre_vendor/lib:/opt/ros/humble/lib/aarch64-linux-gnu:/opt/ros/humble/lib:/usr/local/cuda/lib64 PYTHONPATH=/root/Lunar_ROADSTER/lr_ws/install/cg_msgs/local/lib/python3.10/dist-packages:${PYTHONPATH} /usr/local/bin/cmake --build /root/Lunar_ROADSTER/lr_ws/build/localization -- -j4 -l4
[0.888s] Invoking command in '/root/Lunar_ROADSTER/lr_ws/build/localization': AMENT_PREFIX_PATH=/root/Lunar_ROADSTER/lr_ws/install/cg_msgs:${AMENT_PREFIX_PATH} CMAKE_PREFIX_PATH=/root/Lunar_ROADSTER/lr_ws/install/cg_msgs:/opt/ros/humble LD_LIBRARY_PATH=/root/Lunar_ROADSTER/lr_ws/install/cg_msgs/lib:/opt/ros/humble/opt/rviz_ogre_vendor/lib:/opt/ros/humble/lib/aarch64-linux-gnu:/opt/ros/humble/lib:/usr/local/cuda/lib64 PYTHONPATH=/root/Lunar_ROADSTER/lr_ws/install/cg_msgs/local/lib/python3.10/dist-packages:${PYTHONPATH} /usr/local/bin/cmake --install /root/Lunar_ROADSTER/lr_ws/build/localization
[0.926s] -- Install configuration: ""
[0.929s] -- Installing: /root/Lunar_ROADSTER/lr_ws/install/localization/lib/localization/slip_estimate_node
[1.241s] -- Set runtime path of "/root/Lunar_ROADSTER/lr_ws/install/localization/lib/localization/slip_estimate_node" to ""
[1.247s] -- Installing: /root/Lunar_ROADSTER/lr_ws/install/localization/lib/localization/ts_prism_transformer
[1.412s] -- Set runtime path of "/root/Lunar_ROADSTER/lr_ws/install/localization/lib/localization/ts_prism_transformer" to ""
[1.415s] -- Installing: /root/Lunar_ROADSTER/lr_ws/install/localization/lib/localization/imu_tf_publisher
[1.515s] -- Set runtime path of "/root/Lunar_ROADSTER/lr_ws/install/localization/lib/localization/imu_tf_publisher" to ""
[1.516s] -- Up-to-date: /root/Lunar_ROADSTER/lr_ws/install/localization/include/localization
[1.518s] -- Up-to-date: /root/Lunar_ROADSTER/lr_ws/install/localization/include/localization/imu_tf_publisher.hpp
[1.519s] -- Up-to-date: /root/Lunar_ROADSTER/lr_ws/install/localization/include/localization/kalman_filter_linear.hpp
[1.531s] -- Up-to-date: /root/Lunar_ROADSTER/lr_ws/install/localization/include/localization/slip_estimate_node.hpp
[1.532s] -- Up-to-date: /root/Lunar_ROADSTER/lr_ws/install/localization/include/localization/ts_prism_transformer.hpp
[1.534s] -- Up-to-date: /root/Lunar_ROADSTER/lr_ws/install/localization/share/localization/launch
[1.536s] -- Up-to-date: /root/Lunar_ROADSTER/lr_ws/install/localization/share/localization/launch/__pycache__
[1.537s] -- Up-to-date: /root/Lunar_ROADSTER/lr_ws/install/localization/share/localization/launch/__pycache__/ekf_localization.launch.cpython-38.pyc
[1.537s] -- Up-to-date: /root/Lunar_ROADSTER/lr_ws/install/localization/share/localization/launch/__pycache__/imu_tf_publisher.launch.cpython-310.pyc
[1.538s] -- Up-to-date: /root/Lunar_ROADSTER/lr_ws/install/localization/share/localization/launch/ekf_localization.launch.py
[1.540s] -- Up-to-date: /root/Lunar_ROADSTER/lr_ws/install/localization/share/localization/launch/imu_tf_publisher.launch.py
[1.541s] -- Up-to-date: /root/Lunar_ROADSTER/lr_ws/install/localization/share/localization/launch/slip_estimate_launch.py
[1.542s] -- Up-to-date: /root/Lunar_ROADSTER/lr_ws/install/localization/share/localization//config
[1.543s] -- Up-to-date: /root/Lunar_ROADSTER/lr_ws/install/localization/share/localization//config/ekf_global_node_params.yaml
[1.543s] -- Up-to-date: /root/Lunar_ROADSTER/lr_ws/install/localization/share/localization//config/ekf_odom_node_params.yaml
[1.544s] -- Up-to-date: /root/Lunar_ROADSTER/lr_ws/install/localization/share/localization//config/ekf_slip_node_params.yaml
[1.545s] -- Up-to-date: /root/Lunar_ROADSTER/lr_ws/install/localization/share/localization//config/slip_estimate_params.yaml
[1.546s] -- Installing: /root/Lunar_ROADSTER/lr_ws/install/localization/share/ament_index/resource_index/package_run_dependencies/localization
[1.548s] -- Installing: /root/Lunar_ROADSTER/lr_ws/install/localization/share/ament_index/resource_index/parent_prefix_path/localization
[1.550s] -- Installing: /root/Lunar_ROADSTER/lr_ws/install/localization/share/localization/environment/ament_prefix_path.sh
[1.552s] -- Installing: /root/Lunar_ROADSTER/lr_ws/install/localization/share/localization/environment/ament_prefix_path.dsv
[1.554s] -- Installing: /root/Lunar_ROADSTER/lr_ws/install/localization/share/localization/environment/path.sh
[1.561s] -- Installing: /root/Lunar_ROADSTER/lr_ws/install/localization/share/localization/environment/path.dsv
[1.563s] -- Installing: /root/Lunar_ROADSTER/lr_ws/install/localization/share/localization/local_setup.bash
[1.566s] -- Installing: /root/Lunar_ROADSTER/lr_ws/install/localization/share/localization/local_setup.sh
[1.576s] -- Installing: /root/Lunar_ROADSTER/lr_ws/install/localization/share/localization/local_setup.zsh
[1.579s] -- Installing: /root/Lunar_ROADSTER/lr_ws/install/localization/share/localization/local_setup.dsv
[1.582s] -- Installing: /root/Lunar_ROADSTER/lr_ws/install/localization/share/localization/package.dsv
[1.585s] -- Installing: /root/Lunar_ROADSTER/lr_ws/install/localization/share/ament_index/resource_index/packages/localization
[1.587s] -- Installing: /root/Lunar_ROADSTER/lr_ws/install/localization/share/localization/cmake/localizationConfig.cmake
[1.589s] -- Installing: /root/Lunar_ROADSTER/lr_ws/install/localization/share/localization/cmake/localizationConfig-version.cmake
[1.591s] -- Up-to-date: /root/Lunar_ROADSTER/lr_ws/install/localization/share/localization/package.xml
[1.602s] Invoked command in '/root/Lunar_ROADSTER/lr_ws/build/localization' returned '0': AMENT_PREFIX_PATH=/root/Lunar_ROADSTER/lr_ws/install/cg_msgs:${AMENT_PREFIX_PATH} CMAKE_PREFIX_PATH=/root/Lunar_ROADSTER/lr_ws/install/cg_msgs:/opt/ros/humble LD_LIBRARY_PATH=/root/Lunar_ROADSTER/lr_ws/install/cg_msgs/lib:/opt/ros/humble/opt/rviz_ogre_vendor/lib:/opt/ros/humble/lib/aarch64-linux-gnu:/opt/ros/humble/lib:/usr/local/cuda/lib64 PYTHONPATH=/root/Lunar_ROADSTER/lr_ws/install/cg_msgs/local/lib/python3.10/dist-packages:${PYTHONPATH} /usr/local/bin/cmake --install /root/Lunar_ROADSTER/lr_ws/build/localization
