[0.337s] Invoking command in '/root/Lunar_ROADSTER/lr_ws/build/nav2_graceful_controller': AMENT_PREFIX_PATH=/root/Lunar_ROADSTER/lr_ws/install/nav2_controller:/root/Lunar_ROADSTER/lr_ws/install/nav2_core:/root/Lunar_ROADSTER/lr_ws/install/nav2_costmap_2d:/root/Lunar_ROADSTER/lr_ws/install/nav_2d_utils:/root/Lunar_ROADSTER/lr_ws/install/nav2_map_server:/root/Lunar_ROADSTER/lr_ws/install/nav2_lifecycle_manager:/root/Lunar_ROADSTER/lr_ws/install/nav2_util:/root/Lunar_ROADSTER/lr_ws/install/nav2_voxel_grid:/root/Lunar_ROADSTER/lr_ws/install/nav2_msgs:/root/Lunar_ROADSTER/lr_ws/install/nav_2d_msgs:/root/Lunar_ROADSTER/lr_ws/install/nav2_common:${AMENT_PREFIX_PATH} CMAKE_PREFIX_PATH=/root/Lunar_ROADSTER/lr_ws/install/nav2_controller:/root/Lunar_ROADSTER/lr_ws/install/nav2_core:/root/Lunar_ROADSTER/lr_ws/install/nav2_costmap_2d:/root/Lunar_ROADSTER/lr_ws/install/nav_2d_utils:/root/Lunar_ROADSTER/lr_ws/install/nav2_map_server:/root/Lunar_ROADSTER/lr_ws/install/nav2_lifecycle_manager:/root/Lunar_ROADSTER/lr_ws/install/nav2_util:/root/Lunar_ROADSTER/lr_ws/install/nav2_voxel_grid:/root/Lunar_ROADSTER/lr_ws/install/nav2_msgs:/root/Lunar_ROADSTER/lr_ws/install/nav_2d_msgs:/root/Lunar_ROADSTER/lr_ws/install/nav2_common:/opt/ros/humble LD_LIBRARY_PATH=/root/Lunar_ROADSTER/lr_ws/install/nav2_controller/lib:/root/Lunar_ROADSTER/lr_ws/install/nav2_costmap_2d/lib:/root/Lunar_ROADSTER/lr_ws/install/nav_2d_utils/lib:/root/Lunar_ROADSTER/lr_ws/install/nav2_map_server/lib:/root/Lunar_ROADSTER/lr_ws/install/nav2_lifecycle_manager/lib:/root/Lunar_ROADSTER/lr_ws/install/nav2_util/lib:/root/Lunar_ROADSTER/lr_ws/install/nav2_voxel_grid/lib:/root/Lunar_ROADSTER/lr_ws/install/nav2_msgs/lib:/root/Lunar_ROADSTER/lr_ws/install/nav_2d_msgs/lib:/opt/ros/humble/opt/rviz_ogre_vendor/lib:/opt/ros/humble/lib/aarch64-linux-gnu:/opt/ros/humble/lib:/usr/local/cuda/lib64 PYTHONPATH=/root/Lunar_ROADSTER/lr_ws/install/nav2_msgs/local/lib/python3.10/dist-packages:/root/Lunar_ROADSTER/lr_ws/install/nav_2d_msgs/local/lib/python3.10/dist-packages:/root/Lunar_ROADSTER/lr_ws/install/nav2_common/local/lib/python3.10/dist-packages:${PYTHONPATH} /usr/local/bin/cmake /root/Lunar_ROADSTER/lr_ws/src/navigation2/nav2_graceful_controller -DCMAKE_INSTALL_PREFIX=/root/Lunar_ROADSTER/lr_ws/install/nav2_graceful_controller
[0.915s] -- The C compiler identification is GNU 11.4.0
[1.344s] -- The CXX compiler identification is GNU 11.4.0
[1.383s] -- Detecting C compiler ABI info
[1.786s] -- Detecting C compiler ABI info - done
[1.828s] -- Check for working C compiler: /usr/bin/cc - skipped
[1.829s] -- Detecting C compile features
[1.832s] -- Detecting C compile features - done
[1.848s] -- Detecting CXX compiler ABI info
[2.380s] -- Detecting CXX compiler ABI info - done
[2.436s] -- Check for working CXX compiler: /usr/bin/c++ - skipped
[2.450s] -- Detecting CXX compile features
[2.453s] -- Detecting CXX compile features - done
[2.551s] -- Found ament_cmake: 1.3.11 (/opt/ros/humble/share/ament_cmake/cmake)
[3.568s] -- Found Python3: /usr/bin/python3 (found version "3.10.12") found components: Interpreter 
[4.509s] -- Found nav2_common: 1.1.18 (/root/Lunar_ROADSTER/lr_ws/install/nav2_common/share/nav2_common/cmake)
[4.515s] -- Found nav2_core: 1.1.18 (/root/Lunar_ROADSTER/lr_ws/install/nav2_core/share/nav2_core/cmake)
[5.077s] -- Found rosidl_generator_c: 3.1.6 (/opt/ros/humble/share/rosidl_generator_c/cmake)
[5.147s] -- Found rosidl_adapter: 3.1.6 (/opt/ros/humble/share/rosidl_adapter/cmake)
[5.241s] -- Found rosidl_generator_cpp: 3.1.6 (/opt/ros/humble/share/rosidl_generator_cpp/cmake)
[5.370s] -- Using all available rosidl_typesupport_c: rosidl_typesupport_fastrtps_c;rosidl_typesupport_introspection_c
[5.539s] -- Using all available rosidl_typesupport_cpp: rosidl_typesupport_fastrtps_cpp;rosidl_typesupport_introspection_cpp
[6.023s] -- Found rmw_implementation_cmake: 6.1.2 (/opt/ros/humble/share/rmw_implementation_cmake/cmake)
[6.060s] -- Found rmw_fastrtps_cpp: 6.2.7 (/opt/ros/humble/share/rmw_fastrtps_cpp/cmake)
[6.667s] -- Found OpenSSL: /usr/lib/aarch64-linux-gnu/libcrypto.so (found version "3.0.2")  
[6.864s] -- Found FastRTPS: /opt/ros/humble/include  
[7.187s] -- Using RMW implementation 'rmw_fastrtps_cpp' as default
[7.322s] -- Looking for pthread.h
[7.697s] -- Looking for pthread.h - found
[7.700s] -- Performing Test CMAKE_HAVE_LIBC_PTHREAD
[8.074s] -- Performing Test CMAKE_HAVE_LIBC_PTHREAD - Success
[8.081s] -- Found Threads: TRUE  
[10.308s] -- Found Eigen3: TRUE (found version "3.4.0") 
[10.308s] -- Ensuring Eigen3 include directory is part of orocos-kdl CMake target
[11.112s] -- Found nav_2d_utils: 1.1.18 (/root/Lunar_ROADSTER/lr_ws/install/nav_2d_utils/share/nav_2d_utils/cmake)
[11.273s] -- Setting build type to Release as none was specified.
[13.354s] -- Found ament_lint_auto: 0.12.11 (/opt/ros/humble/share/ament_lint_auto/cmake)
[14.161s] -- Found gtest sources under '/opt/ros/humble/src/gtest_vendor': C++ tests using 'Google Test' will be built
[16.918s] -- Added test 'cppcheck' to perform static code analysis on C / C++ code
[16.921s] -- Configured cppcheck include dirs: /root/Lunar_ROADSTER/lr_ws/src/navigation2/nav2_graceful_controller/include
[16.921s] -- Configured cppcheck exclude dirs and/or files: 
[16.991s] -- Added test 'cpplint' to check C / C++ code against the Google style
[16.992s] -- Configured cpplint exclude dirs and/or files: 
[17.026s] -- Added test 'lint_cmake' to check CMake code style
[17.102s] -- Added test 'uncrustify' to check C / C++ code style
[17.103s] -- Configured uncrustify additional arguments: 
[17.120s] -- Added test 'xmllint' to check XML markup files
[17.157s] -- Configuring done
[18.513s] -- Generating done
[18.610s] -- Build files have been written to: /root/Lunar_ROADSTER/lr_ws/build/nav2_graceful_controller
[18.671s] Invoked command in '/root/Lunar_ROADSTER/lr_ws/build/nav2_graceful_controller' returned '0': AMENT_PREFIX_PATH=/root/Lunar_ROADSTER/lr_ws/install/nav2_controller:/root/Lunar_ROADSTER/lr_ws/install/nav2_core:/root/Lunar_ROADSTER/lr_ws/install/nav2_costmap_2d:/root/Lunar_ROADSTER/lr_ws/install/nav_2d_utils:/root/Lunar_ROADSTER/lr_ws/install/nav2_map_server:/root/Lunar_ROADSTER/lr_ws/install/nav2_lifecycle_manager:/root/Lunar_ROADSTER/lr_ws/install/nav2_util:/root/Lunar_ROADSTER/lr_ws/install/nav2_voxel_grid:/root/Lunar_ROADSTER/lr_ws/install/nav2_msgs:/root/Lunar_ROADSTER/lr_ws/install/nav_2d_msgs:/root/Lunar_ROADSTER/lr_ws/install/nav2_common:${AMENT_PREFIX_PATH} CMAKE_PREFIX_PATH=/root/Lunar_ROADSTER/lr_ws/install/nav2_controller:/root/Lunar_ROADSTER/lr_ws/install/nav2_core:/root/Lunar_ROADSTER/lr_ws/install/nav2_costmap_2d:/root/Lunar_ROADSTER/lr_ws/install/nav_2d_utils:/root/Lunar_ROADSTER/lr_ws/install/nav2_map_server:/root/Lunar_ROADSTER/lr_ws/install/nav2_lifecycle_manager:/root/Lunar_ROADSTER/lr_ws/install/nav2_util:/root/Lunar_ROADSTER/lr_ws/install/nav2_voxel_grid:/root/Lunar_ROADSTER/lr_ws/install/nav2_msgs:/root/Lunar_ROADSTER/lr_ws/install/nav_2d_msgs:/root/Lunar_ROADSTER/lr_ws/install/nav2_common:/opt/ros/humble LD_LIBRARY_PATH=/root/Lunar_ROADSTER/lr_ws/install/nav2_controller/lib:/root/Lunar_ROADSTER/lr_ws/install/nav2_costmap_2d/lib:/root/Lunar_ROADSTER/lr_ws/install/nav_2d_utils/lib:/root/Lunar_ROADSTER/lr_ws/install/nav2_map_server/lib:/root/Lunar_ROADSTER/lr_ws/install/nav2_lifecycle_manager/lib:/root/Lunar_ROADSTER/lr_ws/install/nav2_util/lib:/root/Lunar_ROADSTER/lr_ws/install/nav2_voxel_grid/lib:/root/Lunar_ROADSTER/lr_ws/install/nav2_msgs/lib:/root/Lunar_ROADSTER/lr_ws/install/nav_2d_msgs/lib:/opt/ros/humble/opt/rviz_ogre_vendor/lib:/opt/ros/humble/lib/aarch64-linux-gnu:/opt/ros/humble/lib:/usr/local/cuda/lib64 PYTHONPATH=/root/Lunar_ROADSTER/lr_ws/install/nav2_msgs/local/lib/python3.10/dist-packages:/root/Lunar_ROADSTER/lr_ws/install/nav_2d_msgs/local/lib/python3.10/dist-packages:/root/Lunar_ROADSTER/lr_ws/install/nav2_common/local/lib/python3.10/dist-packages:${PYTHONPATH} /usr/local/bin/cmake /root/Lunar_ROADSTER/lr_ws/src/navigation2/nav2_graceful_controller -DCMAKE_INSTALL_PREFIX=/root/Lunar_ROADSTER/lr_ws/install/nav2_graceful_controller
[18.677s] Invoking command in '/root/Lunar_ROADSTER/lr_ws/build/nav2_graceful_controller': AMENT_PREFIX_PATH=/root/Lunar_ROADSTER/lr_ws/install/nav2_controller:/root/Lunar_ROADSTER/lr_ws/install/nav2_core:/root/Lunar_ROADSTER/lr_ws/install/nav2_costmap_2d:/root/Lunar_ROADSTER/lr_ws/install/nav_2d_utils:/root/Lunar_ROADSTER/lr_ws/install/nav2_map_server:/root/Lunar_ROADSTER/lr_ws/install/nav2_lifecycle_manager:/root/Lunar_ROADSTER/lr_ws/install/nav2_util:/root/Lunar_ROADSTER/lr_ws/install/nav2_voxel_grid:/root/Lunar_ROADSTER/lr_ws/install/nav2_msgs:/root/Lunar_ROADSTER/lr_ws/install/nav_2d_msgs:/root/Lunar_ROADSTER/lr_ws/install/nav2_common:${AMENT_PREFIX_PATH} CMAKE_PREFIX_PATH=/root/Lunar_ROADSTER/lr_ws/install/nav2_controller:/root/Lunar_ROADSTER/lr_ws/install/nav2_core:/root/Lunar_ROADSTER/lr_ws/install/nav2_costmap_2d:/root/Lunar_ROADSTER/lr_ws/install/nav_2d_utils:/root/Lunar_ROADSTER/lr_ws/install/nav2_map_server:/root/Lunar_ROADSTER/lr_ws/install/nav2_lifecycle_manager:/root/Lunar_ROADSTER/lr_ws/install/nav2_util:/root/Lunar_ROADSTER/lr_ws/install/nav2_voxel_grid:/root/Lunar_ROADSTER/lr_ws/install/nav2_msgs:/root/Lunar_ROADSTER/lr_ws/install/nav_2d_msgs:/root/Lunar_ROADSTER/lr_ws/install/nav2_common:/opt/ros/humble LD_LIBRARY_PATH=/root/Lunar_ROADSTER/lr_ws/install/nav2_controller/lib:/root/Lunar_ROADSTER/lr_ws/install/nav2_costmap_2d/lib:/root/Lunar_ROADSTER/lr_ws/install/nav_2d_utils/lib:/root/Lunar_ROADSTER/lr_ws/install/nav2_map_server/lib:/root/Lunar_ROADSTER/lr_ws/install/nav2_lifecycle_manager/lib:/root/Lunar_ROADSTER/lr_ws/install/nav2_util/lib:/root/Lunar_ROADSTER/lr_ws/install/nav2_voxel_grid/lib:/root/Lunar_ROADSTER/lr_ws/install/nav2_msgs/lib:/root/Lunar_ROADSTER/lr_ws/install/nav_2d_msgs/lib:/opt/ros/humble/opt/rviz_ogre_vendor/lib:/opt/ros/humble/lib/aarch64-linux-gnu:/opt/ros/humble/lib:/usr/local/cuda/lib64 PYTHONPATH=/root/Lunar_ROADSTER/lr_ws/install/nav2_msgs/local/lib/python3.10/dist-packages:/root/Lunar_ROADSTER/lr_ws/install/nav_2d_msgs/local/lib/python3.10/dist-packages:/root/Lunar_ROADSTER/lr_ws/install/nav2_common/local/lib/python3.10/dist-packages:${PYTHONPATH} /usr/local/bin/cmake --build /root/Lunar_ROADSTER/lr_ws/build/nav2_graceful_controller -- -j4 -l4
[18.877s] [  6%] [32mBuilding CXX object CMakeFiles/smooth_control_law.dir/src/smooth_control_law.cpp.o[0m
[35.802s] [ 13%] [32m[1mLinking CXX shared library libsmooth_control_law.so[0m
[82.710s] [ 13%] Built target smooth_control_law
[82.793s] [ 20%] [32mBuilding CXX object gtest/CMakeFiles/gtest.dir/src/gtest-all.cc.o[0m
[123.711s] [ 26%] [32m[1mLinking CXX static library libgtest.a[0m
[123.970s] [ 26%] Built target gtest
[124.041s] [ 33%] [32mBuilding CXX object CMakeFiles/nav2_graceful_controller.dir/src/graceful_controller.cpp.o[0m
[165.128s] [ 40%] [32mBuilding CXX object CMakeFiles/nav2_graceful_controller.dir/src/path_handler.cpp.o[0m
[167.213s] [ 46%] [32mBuilding CXX object CMakeFiles/nav2_graceful_controller.dir/src/parameter_handler.cpp.o[0m
[169.078s] [ 53%] [32mBuilding CXX object CMakeFiles/nav2_graceful_controller.dir/src/utils.cpp.o[0m
[209.057s] [ 60%] [32m[1mLinking CXX shared library libnav2_graceful_controller.so[0m
[211.429s] [ 60%] Built target nav2_graceful_controller
[211.617s] [ 66%] [32mBuilding CXX object gtest/CMakeFiles/gtest_main.dir/src/gtest_main.cc.o[0m
[217.618s] [ 73%] [32m[1mLinking CXX static library libgtest_main.a[0m
[218.068s] [ 73%] Built target gtest_main
[218.277s] [ 80%] [32mBuilding CXX object test/CMakeFiles/test_graceful_controller.dir/test_graceful_controller.cpp.o[0m
[263.008s] [ 86%] [32m[1mLinking CXX executable test_graceful_controller[0m
[264.769s] [ 86%] Built target test_graceful_controller
[264.843s] [ 93%] [32mBuilding CXX object test/CMakeFiles/test_egopolar.dir/test_egopolar.cpp.o[0m
[282.250s] [100%] [32m[1mLinking CXX executable test_egopolar[0m
[282.664s] [100%] Built target test_egopolar
[282.698s] Invoked command in '/root/Lunar_ROADSTER/lr_ws/build/nav2_graceful_controller' returned '0': AMENT_PREFIX_PATH=/root/Lunar_ROADSTER/lr_ws/install/nav2_controller:/root/Lunar_ROADSTER/lr_ws/install/nav2_core:/root/Lunar_ROADSTER/lr_ws/install/nav2_costmap_2d:/root/Lunar_ROADSTER/lr_ws/install/nav_2d_utils:/root/Lunar_ROADSTER/lr_ws/install/nav2_map_server:/root/Lunar_ROADSTER/lr_ws/install/nav2_lifecycle_manager:/root/Lunar_ROADSTER/lr_ws/install/nav2_util:/root/Lunar_ROADSTER/lr_ws/install/nav2_voxel_grid:/root/Lunar_ROADSTER/lr_ws/install/nav2_msgs:/root/Lunar_ROADSTER/lr_ws/install/nav_2d_msgs:/root/Lunar_ROADSTER/lr_ws/install/nav2_common:${AMENT_PREFIX_PATH} CMAKE_PREFIX_PATH=/root/Lunar_ROADSTER/lr_ws/install/nav2_controller:/root/Lunar_ROADSTER/lr_ws/install/nav2_core:/root/Lunar_ROADSTER/lr_ws/install/nav2_costmap_2d:/root/Lunar_ROADSTER/lr_ws/install/nav_2d_utils:/root/Lunar_ROADSTER/lr_ws/install/nav2_map_server:/root/Lunar_ROADSTER/lr_ws/install/nav2_lifecycle_manager:/root/Lunar_ROADSTER/lr_ws/install/nav2_util:/root/Lunar_ROADSTER/lr_ws/install/nav2_voxel_grid:/root/Lunar_ROADSTER/lr_ws/install/nav2_msgs:/root/Lunar_ROADSTER/lr_ws/install/nav_2d_msgs:/root/Lunar_ROADSTER/lr_ws/install/nav2_common:/opt/ros/humble LD_LIBRARY_PATH=/root/Lunar_ROADSTER/lr_ws/install/nav2_controller/lib:/root/Lunar_ROADSTER/lr_ws/install/nav2_costmap_2d/lib:/root/Lunar_ROADSTER/lr_ws/install/nav_2d_utils/lib:/root/Lunar_ROADSTER/lr_ws/install/nav2_map_server/lib:/root/Lunar_ROADSTER/lr_ws/install/nav2_lifecycle_manager/lib:/root/Lunar_ROADSTER/lr_ws/install/nav2_util/lib:/root/Lunar_ROADSTER/lr_ws/install/nav2_voxel_grid/lib:/root/Lunar_ROADSTER/lr_ws/install/nav2_msgs/lib:/root/Lunar_ROADSTER/lr_ws/install/nav_2d_msgs/lib:/opt/ros/humble/opt/rviz_ogre_vendor/lib:/opt/ros/humble/lib/aarch64-linux-gnu:/opt/ros/humble/lib:/usr/local/cuda/lib64 PYTHONPATH=/root/Lunar_ROADSTER/lr_ws/install/nav2_msgs/local/lib/python3.10/dist-packages:/root/Lunar_ROADSTER/lr_ws/install/nav_2d_msgs/local/lib/python3.10/dist-packages:/root/Lunar_ROADSTER/lr_ws/install/nav2_common/local/lib/python3.10/dist-packages:${PYTHONPATH} /usr/local/bin/cmake --build /root/Lunar_ROADSTER/lr_ws/build/nav2_graceful_controller -- -j4 -l4
[282.700s] Invoking command in '/root/Lunar_ROADSTER/lr_ws/build/nav2_graceful_controller': AMENT_PREFIX_PATH=/root/Lunar_ROADSTER/lr_ws/install/nav2_controller:/root/Lunar_ROADSTER/lr_ws/install/nav2_core:/root/Lunar_ROADSTER/lr_ws/install/nav2_costmap_2d:/root/Lunar_ROADSTER/lr_ws/install/nav_2d_utils:/root/Lunar_ROADSTER/lr_ws/install/nav2_map_server:/root/Lunar_ROADSTER/lr_ws/install/nav2_lifecycle_manager:/root/Lunar_ROADSTER/lr_ws/install/nav2_util:/root/Lunar_ROADSTER/lr_ws/install/nav2_voxel_grid:/root/Lunar_ROADSTER/lr_ws/install/nav2_msgs:/root/Lunar_ROADSTER/lr_ws/install/nav_2d_msgs:/root/Lunar_ROADSTER/lr_ws/install/nav2_common:${AMENT_PREFIX_PATH} CMAKE_PREFIX_PATH=/root/Lunar_ROADSTER/lr_ws/install/nav2_controller:/root/Lunar_ROADSTER/lr_ws/install/nav2_core:/root/Lunar_ROADSTER/lr_ws/install/nav2_costmap_2d:/root/Lunar_ROADSTER/lr_ws/install/nav_2d_utils:/root/Lunar_ROADSTER/lr_ws/install/nav2_map_server:/root/Lunar_ROADSTER/lr_ws/install/nav2_lifecycle_manager:/root/Lunar_ROADSTER/lr_ws/install/nav2_util:/root/Lunar_ROADSTER/lr_ws/install/nav2_voxel_grid:/root/Lunar_ROADSTER/lr_ws/install/nav2_msgs:/root/Lunar_ROADSTER/lr_ws/install/nav_2d_msgs:/root/Lunar_ROADSTER/lr_ws/install/nav2_common:/opt/ros/humble LD_LIBRARY_PATH=/root/Lunar_ROADSTER/lr_ws/install/nav2_controller/lib:/root/Lunar_ROADSTER/lr_ws/install/nav2_costmap_2d/lib:/root/Lunar_ROADSTER/lr_ws/install/nav_2d_utils/lib:/root/Lunar_ROADSTER/lr_ws/install/nav2_map_server/lib:/root/Lunar_ROADSTER/lr_ws/install/nav2_lifecycle_manager/lib:/root/Lunar_ROADSTER/lr_ws/install/nav2_util/lib:/root/Lunar_ROADSTER/lr_ws/install/nav2_voxel_grid/lib:/root/Lunar_ROADSTER/lr_ws/install/nav2_msgs/lib:/root/Lunar_ROADSTER/lr_ws/install/nav_2d_msgs/lib:/opt/ros/humble/opt/rviz_ogre_vendor/lib:/opt/ros/humble/lib/aarch64-linux-gnu:/opt/ros/humble/lib:/usr/local/cuda/lib64 PYTHONPATH=/root/Lunar_ROADSTER/lr_ws/install/nav2_msgs/local/lib/python3.10/dist-packages:/root/Lunar_ROADSTER/lr_ws/install/nav_2d_msgs/local/lib/python3.10/dist-packages:/root/Lunar_ROADSTER/lr_ws/install/nav2_common/local/lib/python3.10/dist-packages:${PYTHONPATH} /usr/local/bin/cmake --install /root/Lunar_ROADSTER/lr_ws/build/nav2_graceful_controller
[282.720s] -- Install configuration: "Release"
[282.726s] -- Installing: /root/Lunar_ROADSTER/lr_ws/install/nav2_graceful_controller/lib/libsmooth_control_law.so
[282.729s] -- Set runtime path of "/root/Lunar_ROADSTER/lr_ws/install/nav2_graceful_controller/lib/libsmooth_control_law.so" to ""
[282.730s] -- Installing: /root/Lunar_ROADSTER/lr_ws/install/nav2_graceful_controller/lib/libnav2_graceful_controller.so
[282.737s] -- Set runtime path of "/root/Lunar_ROADSTER/lr_ws/install/nav2_graceful_controller/lib/libnav2_graceful_controller.so" to ""
[282.742s] -- Installing: /root/Lunar_ROADSTER/lr_ws/install/nav2_graceful_controller/include/
[282.745s] -- Installing: /root/Lunar_ROADSTER/lr_ws/install/nav2_graceful_controller/include//nav2_graceful_controller
[282.750s] -- Installing: /root/Lunar_ROADSTER/lr_ws/install/nav2_graceful_controller/include//nav2_graceful_controller/ego_polar_coords.hpp
[282.750s] -- Installing: /root/Lunar_ROADSTER/lr_ws/install/nav2_graceful_controller/include//nav2_graceful_controller/graceful_controller.hpp
[282.751s] -- Installing: /root/Lunar_ROADSTER/lr_ws/install/nav2_graceful_controller/include//nav2_graceful_controller/parameter_handler.hpp
[282.752s] -- Installing: /root/Lunar_ROADSTER/lr_ws/install/nav2_graceful_controller/include//nav2_graceful_controller/path_handler.hpp
[282.753s] -- Installing: /root/Lunar_ROADSTER/lr_ws/install/nav2_graceful_controller/include//nav2_graceful_controller/smooth_control_law.hpp
[282.754s] -- Installing: /root/Lunar_ROADSTER/lr_ws/install/nav2_graceful_controller/include//nav2_graceful_controller/utils.hpp
[282.761s] -- Installing: /root/Lunar_ROADSTER/lr_ws/install/nav2_graceful_controller/share/nav2_graceful_controller/environment/library_path.sh
[282.765s] -- Installing: /root/Lunar_ROADSTER/lr_ws/install/nav2_graceful_controller/share/nav2_graceful_controller/environment/library_path.dsv
[282.766s] -- Installing: /root/Lunar_ROADSTER/lr_ws/install/nav2_graceful_controller/share/nav2_graceful_controller/graceful_controller_plugin.xml
[282.773s] -- Installing: /root/Lunar_ROADSTER/lr_ws/install/nav2_graceful_controller/share/ament_index/resource_index/package_run_dependencies/nav2_graceful_controller
[282.780s] -- Installing: /root/Lunar_ROADSTER/lr_ws/install/nav2_graceful_controller/share/ament_index/resource_index/parent_prefix_path/nav2_graceful_controller
[282.781s] -- Installing: /root/Lunar_ROADSTER/lr_ws/install/nav2_graceful_controller/share/nav2_graceful_controller/environment/ament_prefix_path.sh
[282.783s] -- Installing: /root/Lunar_ROADSTER/lr_ws/install/nav2_graceful_controller/share/nav2_graceful_controller/environment/ament_prefix_path.dsv
[282.784s] -- Installing: /root/Lunar_ROADSTER/lr_ws/install/nav2_graceful_controller/share/nav2_graceful_controller/environment/path.sh
[282.785s] -- Installing: /root/Lunar_ROADSTER/lr_ws/install/nav2_graceful_controller/share/nav2_graceful_controller/environment/path.dsv
[282.786s] -- Installing: /root/Lunar_ROADSTER/lr_ws/install/nav2_graceful_controller/share/nav2_graceful_controller/local_setup.bash
[282.787s] -- Installing: /root/Lunar_ROADSTER/lr_ws/install/nav2_graceful_controller/share/nav2_graceful_controller/local_setup.sh
[282.788s] -- Installing: /root/Lunar_ROADSTER/lr_ws/install/nav2_graceful_controller/share/nav2_graceful_controller/local_setup.zsh
[282.789s] -- Installing: /root/Lunar_ROADSTER/lr_ws/install/nav2_graceful_controller/share/nav2_graceful_controller/local_setup.dsv
[282.793s] -- Installing: /root/Lunar_ROADSTER/lr_ws/install/nav2_graceful_controller/share/nav2_graceful_controller/package.dsv
[282.794s] -- Installing: /root/Lunar_ROADSTER/lr_ws/install/nav2_graceful_controller/share/ament_index/resource_index/packages/nav2_graceful_controller
[282.797s] -- Installing: /root/Lunar_ROADSTER/lr_ws/install/nav2_graceful_controller/share/ament_index/resource_index/nav2_core__pluginlib__plugin/nav2_graceful_controller
[282.802s] -- Installing: /root/Lunar_ROADSTER/lr_ws/install/nav2_graceful_controller/share/nav2_graceful_controller/cmake/ament_cmake_export_include_directories-extras.cmake
[282.804s] -- Installing: /root/Lunar_ROADSTER/lr_ws/install/nav2_graceful_controller/share/nav2_graceful_controller/cmake/ament_cmake_export_libraries-extras.cmake
[282.806s] -- Installing: /root/Lunar_ROADSTER/lr_ws/install/nav2_graceful_controller/share/nav2_graceful_controller/cmake/ament_cmake_export_dependencies-extras.cmake
[282.807s] -- Installing: /root/Lunar_ROADSTER/lr_ws/install/nav2_graceful_controller/share/nav2_graceful_controller/cmake/nav2_graceful_controllerConfig.cmake
[282.819s] -- Installing: /root/Lunar_ROADSTER/lr_ws/install/nav2_graceful_controller/share/nav2_graceful_controller/cmake/nav2_graceful_controllerConfig-version.cmake
[282.819s] -- Installing: /root/Lunar_ROADSTER/lr_ws/install/nav2_graceful_controller/share/nav2_graceful_controller/package.xml
[282.820s] Invoked command in '/root/Lunar_ROADSTER/lr_ws/build/nav2_graceful_controller' returned '0': AMENT_PREFIX_PATH=/root/Lunar_ROADSTER/lr_ws/install/nav2_controller:/root/Lunar_ROADSTER/lr_ws/install/nav2_core:/root/Lunar_ROADSTER/lr_ws/install/nav2_costmap_2d:/root/Lunar_ROADSTER/lr_ws/install/nav_2d_utils:/root/Lunar_ROADSTER/lr_ws/install/nav2_map_server:/root/Lunar_ROADSTER/lr_ws/install/nav2_lifecycle_manager:/root/Lunar_ROADSTER/lr_ws/install/nav2_util:/root/Lunar_ROADSTER/lr_ws/install/nav2_voxel_grid:/root/Lunar_ROADSTER/lr_ws/install/nav2_msgs:/root/Lunar_ROADSTER/lr_ws/install/nav_2d_msgs:/root/Lunar_ROADSTER/lr_ws/install/nav2_common:${AMENT_PREFIX_PATH} CMAKE_PREFIX_PATH=/root/Lunar_ROADSTER/lr_ws/install/nav2_controller:/root/Lunar_ROADSTER/lr_ws/install/nav2_core:/root/Lunar_ROADSTER/lr_ws/install/nav2_costmap_2d:/root/Lunar_ROADSTER/lr_ws/install/nav_2d_utils:/root/Lunar_ROADSTER/lr_ws/install/nav2_map_server:/root/Lunar_ROADSTER/lr_ws/install/nav2_lifecycle_manager:/root/Lunar_ROADSTER/lr_ws/install/nav2_util:/root/Lunar_ROADSTER/lr_ws/install/nav2_voxel_grid:/root/Lunar_ROADSTER/lr_ws/install/nav2_msgs:/root/Lunar_ROADSTER/lr_ws/install/nav_2d_msgs:/root/Lunar_ROADSTER/lr_ws/install/nav2_common:/opt/ros/humble LD_LIBRARY_PATH=/root/Lunar_ROADSTER/lr_ws/install/nav2_controller/lib:/root/Lunar_ROADSTER/lr_ws/install/nav2_costmap_2d/lib:/root/Lunar_ROADSTER/lr_ws/install/nav_2d_utils/lib:/root/Lunar_ROADSTER/lr_ws/install/nav2_map_server/lib:/root/Lunar_ROADSTER/lr_ws/install/nav2_lifecycle_manager/lib:/root/Lunar_ROADSTER/lr_ws/install/nav2_util/lib:/root/Lunar_ROADSTER/lr_ws/install/nav2_voxel_grid/lib:/root/Lunar_ROADSTER/lr_ws/install/nav2_msgs/lib:/root/Lunar_ROADSTER/lr_ws/install/nav_2d_msgs/lib:/opt/ros/humble/opt/rviz_ogre_vendor/lib:/opt/ros/humble/lib/aarch64-linux-gnu:/opt/ros/humble/lib:/usr/local/cuda/lib64 PYTHONPATH=/root/Lunar_ROADSTER/lr_ws/install/nav2_msgs/local/lib/python3.10/dist-packages:/root/Lunar_ROADSTER/lr_ws/install/nav_2d_msgs/local/lib/python3.10/dist-packages:/root/Lunar_ROADSTER/lr_ws/install/nav2_common/local/lib/python3.10/dist-packages:${PYTHONPATH} /usr/local/bin/cmake --install /root/Lunar_ROADSTER/lr_ws/build/nav2_graceful_controller
