[0.369s] Invoking command in '/root/Lunar_ROADSTER/lr_ws/build/nav2_behavior_tree': CMAKE_PREFIX_PATH=/root/Lunar_ROADSTER/lr_ws/install/nav2_util:/root/Lunar_ROADSTER/lr_ws/install/nav2_msgs:/root/Lunar_ROADSTER/lr_ws/install/nav2_common:/root/Lunar_ROADSTER/lr_ws/install/visualization:/root/Lunar_ROADSTER/lr_ws/install/vectornav:/root/Lunar_ROADSTER/lr_ws/install/vectornav_msgs:/root/Lunar_ROADSTER/lr_ws/install/teleop:/root/Lunar_ROADSTER/lr_ws/install/sensing:/root/Lunar_ROADSTER/lr_ws/install/realsense2_description:/root/Lunar_ROADSTER/lr_ws/install/realsense2_camera:/root/Lunar_ROADSTER/lr_ws/install/realsense2_camera_msgs:/root/Lunar_ROADSTER/lr_ws/install/realsense:/root/Lunar_ROADSTER/lr_ws/install/planning:/root/Lunar_ROADSTER/lr_ws/install/nav2_system_tests:/root/Lunar_ROADSTER/lr_ws/install/nav2_bringup:/root/Lunar_ROADSTER/lr_ws/install/navigation2:/root/Lunar_ROADSTER/lr_ws/install/nav2_smoother:/root/Lunar_ROADSTER/lr_ws/install/nav2_graceful_controller:/root/Lunar_ROADSTER/lr_ws/install/nav2_dwb_controller:/root/Lunar_ROADSTER/lr_ws/install/nav2_controller:/root/Lunar_ROADSTER/lr_ws/install/dwb_plugins:/root/Lunar_ROADSTER/lr_ws/install/dwb_critics:/root/Lunar_ROADSTER/lr_ws/install/dwb_core:/root/Lunar_ROADSTER/lr_ws/install/nav_2d_utils:/root/Lunar_ROADSTER/lr_ws/install/dwb_msgs:/root/Lunar_ROADSTER/lr_ws/install/nav_2d_msgs:/root/Lunar_ROADSTER/lr_ws/install/nav2_waypoint_follower:/root/Lunar_ROADSTER/lr_ws/install/nav2_theta_star_planner:/root/Lunar_ROADSTER/lr_ws/install/nav2_smac_planner:/root/Lunar_ROADSTER/lr_ws/install/nav2_rotation_shim_controller:/root/Lunar_ROADSTER/lr_ws/install/nav2_regulated_pure_pursuit_controller:/root/Lunar_ROADSTER/lr_ws/install/nav2_planner:/root/Lunar_ROADSTER/lr_ws/install/nav2_navfn_planner:/root/Lunar_ROADSTER/lr_ws/install/nav2_mppi_controller:/root/Lunar_ROADSTER/lr_ws/install/nav2_constrained_smoother:/root/Lunar_ROADSTER/lr_ws/install/nav2_bt_navigator:/root/Lunar_ROADSTER/lr_ws/install/nav2_behaviors:/root/Lunar_ROADSTER/lr_ws/install/nav2_core:/root/Lunar_ROADSTER/lr_ws/install/nav2_collision_monitor:/root/Lunar_ROADSTER/lr_ws/install/grid_map:/root/Lunar_ROADSTER/lr_ws/install/grid_map_costmap_2d:/root/Lunar_ROADSTER/lr_ws/install/costmap_queue:/root/Lunar_ROADSTER/lr_ws/install/nav2_costmap_2d:/root/Lunar_ROADSTER/lr_ws/install/nav2_voxel_grid:/root/Lunar_ROADSTER/lr_ws/install/nav2_velocity_smoother:/root/Lunar_ROADSTER/lr_ws/install/nav2_rviz_plugins:/root/Lunar_ROADSTER/lr_ws/install/nav2_map_server:/root/Lunar_ROADSTER/lr_ws/install/nav2_lifecycle_manager:/root/Lunar_ROADSTER/lr_ws/install/nav2_behavior_tree:/root/Lunar_ROADSTER/lr_ws/install/nav2_amcl:/root/Lunar_ROADSTER/lr_ws/install/grid_map_demos:/root/Lunar_ROADSTER/lr_ws/install/grid_map_visualization:/root/Lunar_ROADSTER/lr_ws/install/grid_map_rviz_plugin:/root/Lunar_ROADSTER/lr_ws/install/grid_map_pcl:/root/Lunar_ROADSTER/lr_ws/install/grid_map_loader:/root/Lunar_ROADSTER/lr_ws/install/grid_map_filters:/root/Lunar_ROADSTER/lr_ws/install/grid_map_ros:/root/Lunar_ROADSTER/lr_ws/install/motion_control:/root/Lunar_ROADSTER/lr_ws/install/mapping_static:/root/Lunar_ROADSTER/lr_ws/install/mapping:/root/Lunar_ROADSTER/lr_ws/install/lx_mapping:/root/Lunar_ROADSTER/lr_ws/install/lx_library:/root/Lunar_ROADSTER/lr_ws/install/localization:/root/Lunar_ROADSTER/lr_ws/install/lx_msgs:/root/Lunar_ROADSTER/lr_ws/install/launcher:/root/Lunar_ROADSTER/lr_ws/install/kindr_ros:/root/Lunar_ROADSTER/lr_ws/install/kindr:/root/Lunar_ROADSTER/lr_ws/install/imu:/root/Lunar_ROADSTER/lr_ws/install/grid_map_sdf:/root/Lunar_ROADSTER/lr_ws/install/grid_map_octomap:/root/Lunar_ROADSTER/lr_ws/install/grid_map_msgs:/root/Lunar_ROADSTER/lr_ws/install/grid_map_cv:/root/Lunar_ROADSTER/lr_ws/install/grid_map_core:/root/Lunar_ROADSTER/lr_ws/install/grid_map_cmake_helpers:/root/Lunar_ROADSTER/lr_ws/install/arduino:/root/Lunar_ROADSTER/lr_ws/install/cg_msgs:/root/Lunar_ROADSTER/lr_ws/install/nav2_simple_commander:/opt/ros/humble: LD_LIBRARY_PATH=/root/Lunar_ROADSTER/lr_ws/install/nav2_util/lib:/root/Lunar_ROADSTER/lr_ws/install/nav2_msgs/lib:/opt/ros/humble/opt/rviz_ogre_vendor/lib:/opt/ros/humble/lib/aarch64-linux-gnu:/root/Lunar_ROADSTER/lr_ws/install/vectornav/lib:/root/Lunar_ROADSTER/lr_ws/install/vectornav_msgs/lib:/root/Lunar_ROADSTER/lr_ws/install/realsense2_camera/lib:/root/Lunar_ROADSTER/lr_ws/install/realsense2_camera_msgs/lib:/root/Lunar_ROADSTER/lr_ws/install/nav2_smoother/lib:/root/Lunar_ROADSTER/lr_ws/install/nav2_graceful_controller/lib:/root/Lunar_ROADSTER/lr_ws/install/nav2_controller/lib:/root/Lunar_ROADSTER/lr_ws/install/dwb_plugins/lib:/root/Lunar_ROADSTER/lr_ws/install/dwb_critics/lib:/root/Lunar_ROADSTER/lr_ws/install/dwb_core/lib:/root/Lunar_ROADSTER/lr_ws/install/nav_2d_utils/lib:/root/Lunar_ROADSTER/lr_ws/install/dwb_msgs/lib:/root/Lunar_ROADSTER/lr_ws/install/nav_2d_msgs/lib:/root/Lunar_ROADSTER/lr_ws/install/nav2_waypoint_follower/lib:/root/Lunar_ROADSTER/lr_ws/install/nav2_theta_star_planner/lib:/root/Lunar_ROADSTER/lr_ws/install/nav2_smac_planner/lib:/root/Lunar_ROADSTER/lr_ws/install/nav2_rotation_shim_controller/lib:/root/Lunar_ROADSTER/lr_ws/install/nav2_regulated_pure_pursuit_controller/lib:/root/Lunar_ROADSTER/lr_ws/install/nav2_planner/lib:/root/Lunar_ROADSTER/lr_ws/install/nav2_navfn_planner/lib:/root/Lunar_ROADSTER/lr_ws/install/nav2_mppi_controller/lib:/root/Lunar_ROADSTER/lr_ws/install/nav2_constrained_smoother/lib:/root/Lunar_ROADSTER/lr_ws/install/nav2_bt_navigator/lib:/root/Lunar_ROADSTER/lr_ws/install/nav2_behaviors/lib:/root/Lunar_ROADSTER/lr_ws/install/nav2_collision_monitor/lib:/root/Lunar_ROADSTER/lr_ws/install/grid_map_costmap_2d/lib:/root/Lunar_ROADSTER/lr_ws/install/costmap_queue/lib:/root/Lunar_ROADSTER/lr_ws/install/nav2_costmap_2d/lib:/root/Lunar_ROADSTER/lr_ws/install/nav2_voxel_grid/lib:/root/Lunar_ROADSTER/lr_ws/install/nav2_velocity_smoother/lib:/root/Lunar_ROADSTER/lr_ws/install/nav2_rviz_plugins/lib:/root/Lunar_ROADSTER/lr_ws/install/nav2_map_server/lib:/root/Lunar_ROADSTER/lr_ws/install/nav2_lifecycle_manager/lib:/root/Lunar_ROADSTER/lr_ws/install/nav2_behavior_tree/lib:/root/Lunar_ROADSTER/lr_ws/install/nav2_amcl/lib:/root/Lunar_ROADSTER/lr_ws/install/grid_map_demos/lib:/root/Lunar_ROADSTER/lr_ws/install/grid_map_visualization/lib:/root/Lunar_ROADSTER/lr_ws/install/grid_map_rviz_plugin/lib:/root/Lunar_ROADSTER/lr_ws/install/grid_map_pcl/lib:/root/Lunar_ROADSTER/lr_ws/install/grid_map_loader/lib:/root/Lunar_ROADSTER/lr_ws/install/grid_map_filters/lib:/root/Lunar_ROADSTER/lr_ws/install/grid_map_ros/lib:/root/Lunar_ROADSTER/lr_ws/install/lx_library/lib:/root/Lunar_ROADSTER/lr_ws/install/lx_msgs/lib:/root/Lunar_ROADSTER/lr_ws/install/kindr/lib:/root/Lunar_ROADSTER/lr_ws/install/grid_map_sdf/lib:/root/Lunar_ROADSTER/lr_ws/install/grid_map_octomap/lib:/root/Lunar_ROADSTER/lr_ws/install/grid_map_msgs/lib:/root/Lunar_ROADSTER/lr_ws/install/grid_map_cv/lib:/root/Lunar_ROADSTER/lr_ws/install/grid_map_core/lib:/root/Lunar_ROADSTER/lr_ws/install/cg_msgs/lib:/opt/ros/humble/lib:/usr/local/cuda/lib64 /usr/local/bin/cmake --build /root/Lunar_ROADSTER/lr_ws/build/nav2_behavior_tree -- -j4 -l4
[1.854s] [  2%] Built target nav2_behavior_tree
[1.856s] [  2%] Built target nav2_compute_path_to_pose_action_bt_node
[2.741s] [  3%] Built target nav2_compute_path_through_poses_action_bt_node
[2.843s] [  4%] Built target nav2_controller_cancel_bt_node
[3.842s] [  5%] Built target nav2_back_up_cancel_bt_node
[4.310s] [  6%] Built target nav2_assisted_teleop_cancel_bt_node
[4.627s] [  7%] Built target nav2_drive_on_heading_cancel_bt_node
[5.093s] [  7%] Built target nav2_smooth_path_action_bt_node
[5.557s] [  8%] Built target nav2_follow_path_action_bt_node
[6.076s] [  9%] Built target nav2_back_up_action_bt_node
[6.508s] [ 10%] Built target nav2_drive_on_heading_bt_node
[6.991s] [ 11%] Built target nav2_spin_action_bt_node
[7.471s] [ 12%] Built target nav2_wait_action_bt_node
[8.127s] [ 13%] Built target nav2_assisted_teleop_action_bt_node
[8.472s] [ 14%] Built target nav2_clear_costmap_service_bt_node
[9.118s] [ 15%] Built target nav2_is_stuck_condition_bt_node
[9.576s] [ 16%] Built target nav2_transform_available_condition_bt_node
[9.972s] [ 17%] Built target nav2_goal_reached_condition_bt_node
[10.466s] [ 18%] Built target nav2_globally_updated_goal_condition_bt_node
[10.920s] [ 18%] Built target nav2_goal_updated_condition_bt_node
[11.236s] [ 19%] Built target nav2_is_path_valid_condition_bt_node
[11.685s] [ 20%] Built target nav2_time_expired_condition_bt_node
[12.098s] [ 21%] Built target nav2_path_expiring_timer_condition
[12.621s] [ 22%] Built target nav2_distance_traveled_condition_bt_node
[13.220s] [ 23%] Built target nav2_initial_pose_received_condition_bt_node
[13.662s] [ 24%] Built target nav2_is_battery_charging_condition_bt_node
[13.926s] [ 25%] Built target nav2_is_battery_low_condition_bt_node
[14.466s] [ 26%] Built target nav2_reinitialize_global_localization_service_bt_node
[15.031s] [ 27%] Built target nav2_rate_controller_bt_node
[15.479s] [ 28%] Built target nav2_distance_controller_bt_node
[15.940s] [ 29%] Built target nav2_speed_controller_bt_node
[16.363s] [ 30%] Built target nav2_truncate_path_action_bt_node
[16.836s] [ 31%] Built target nav2_truncate_path_local_action_bt_node
[17.455s] [ 32%] Built target nav2_goal_updater_node_bt_node
[18.150s] [ 33%] Built target nav2_path_longer_on_approach_bt_node
[18.758s] [ 34%] Built target nav2_recovery_node_bt_node
[19.252s] [ 35%] Built target nav2_navigate_to_pose_action_bt_node
[19.646s] [ 36%] Built target nav2_navigate_through_poses_action_bt_node
[20.077s] [ 37%] Built target nav2_remove_passed_goals_action_bt_node
[20.508s] [ 38%] Built target nav2_get_pose_from_path_action_bt_node
[21.013s] [ 39%] Built target nav2_pipeline_sequence_bt_node
[21.405s] [ 40%] Built target nav2_round_robin_node_bt_node
[21.808s] [ 41%] Built target nav2_single_trigger_bt_node
[22.317s] [ 42%] Built target nav2_planner_selector_bt_node
[22.773s] [ 43%] Built target nav2_controller_selector_bt_node
[24.749s] [ 44%] Built target nav2_smoother_selector_bt_node
[25.093s] [ 45%] Built target nav2_goal_checker_selector_bt_node
[25.437s] [ 46%] Built target nav2_progress_checker_selector_bt_node
[25.940s] [ 47%] Built target nav2_goal_updated_controller_bt_node
[26.331s] [ 48%] Built target gtest_main
[26.841s] [ 48%] Built target gtest
[27.190s] [ 49%] Built target nav2_spin_cancel_bt_node
[27.788s] [ 50%] [32m[1mLinking CXX executable test_condition_distance_traveled[0m
[29.839s] [ 50%] Built target test_condition_distance_traveled
[30.298s] [ 50%] [32m[1mLinking CXX executable test_condition_time_expired[0m
[32.527s] [ 50%] Built target test_condition_time_expired
[32.844s] [ 51%] [32m[1mLinking CXX executable test_condition_path_expiring_timer[0m
[34.419s] [ 51%] Built target test_condition_path_expiring_timer
[35.124s] [ 52%] [32m[1mLinking CXX executable test_condition_goal_reached[0m
[36.995s] [ 52%] Built target test_condition_goal_reached
[37.448s] [ 53%] [32m[1mLinking CXX executable test_condition_goal_updated[0m
[39.004s] [ 53%] Built target test_condition_goal_updated
[39.466s] [ 54%] [32m[1mLinking CXX executable test_condition_globally_updated_goal[0m
[41.065s] [ 54%] Built target test_condition_globally_updated_goal
[41.523s] [ 55%] [32m[1mLinking CXX executable test_condition_initial_pose_received[0m
[43.316s] [ 55%] Built target test_condition_initial_pose_received
[43.749s] [ 55%] [32m[1mLinking CXX executable test_condition_transform_available[0m
[45.786s] [ 56%] Built target test_condition_transform_available
[46.214s] [ 57%] [32m[1mLinking CXX executable test_condition_is_stuck[0m
[48.118s] [ 57%] Built target test_condition_is_stuck
[48.708s] [ 58%] [32m[1mLinking CXX executable test_condition_is_battery_charging[0m
[50.043s] [ 58%] Built target test_condition_is_battery_charging
[50.511s] [ 59%] [32m[1mLinking CXX executable test_condition_is_battery_low[0m
[52.537s] [ 59%] Built target test_condition_is_battery_low
[53.051s] [ 60%] [32m[1mLinking CXX executable test_condition_is_path_valid[0m
[54.720s] [ 60%] Built target test_condition_is_path_valid
[55.060s] [ 60%] [32m[1mLinking CXX executable test_decorator_distance_controller[0m
[57.400s] [ 61%] Built target test_decorator_distance_controller
[57.940s] [ 61%] [32m[1mLinking CXX executable test_decorator_speed_controller[0m
[59.843s] [ 62%] Built target test_decorator_speed_controller
[60.300s] [ 62%] [32m[1mLinking CXX executable test_decorator_rate_controller[0m
[62.005s] [ 63%] Built target test_decorator_rate_controller
[62.601s] [ 64%] [32m[1mLinking CXX executable test_goal_updater_node[0m
[64.529s] [ 64%] Built target test_goal_updater_node
[65.024s] [ 65%] [32m[1mLinking CXX executable test_single_trigger_node[0m
[67.067s] [ 65%] Built target test_single_trigger_node
[67.634s] [ 66%] [32m[1mLinking CXX executable test_goal_updated_controller[0m
[69.427s] [ 66%] Built target test_goal_updated_controller
[70.369s] [ 66%] [32m[1mLinking CXX executable test_decorator_path_longer_on_approach[0m
[72.038s] [ 67%] Built target test_decorator_path_longer_on_approach
[72.637s] [ 67%] [32m[1mLinking CXX executable test_control_recovery_node[0m
[74.702s] [ 68%] Built target test_control_recovery_node
[74.921s] [ 68%] [32m[1mLinking CXX executable test_control_pipeline_sequence[0m
[77.018s] [ 69%] Built target test_control_pipeline_sequence
[77.459s] [ 69%] [32m[1mLinking CXX executable test_control_round_robin_node[0m
[79.487s] [ 70%] Built target test_control_round_robin_node
[79.996s] [ 70%] [32m[1mLinking CXX executable test_bt_action_node[0m
[81.754s] [ 71%] Built target test_bt_action_node
[81.991s] [35m[1mConsolidate compiler generated dependencies of target test_action_spin_action[0m
[82.111s] [ 71%] [32m[1mLinking CXX executable test_action_spin_action[0m
[83.802s] [ 72%] Built target test_action_spin_action
[84.182s] [35m[1mConsolidate compiler generated dependencies of target test_action_back_up_action[0m
[84.309s] [ 73%] [32m[1mLinking CXX executable test_action_back_up_action[0m
[86.337s] [ 73%] Built target test_action_back_up_action
[87.010s] [ 74%] [32m[1mLinking CXX executable test_action_drive_on_heading[0m
[89.060s] [ 74%] Built target test_action_drive_on_heading
[89.536s] [35m[1mConsolidate compiler generated dependencies of target test_action_wait_action[0m
[89.726s] [ 74%] [32m[1mLinking CXX executable test_action_wait_action[0m
[91.305s] [ 75%] Built target test_action_wait_action
[91.510s] [35m[1mConsolidate compiler generated dependencies of target test_action_assisted_teleop_action[0m
[91.621s] [ 76%] [32m[1mLinking CXX executable test_action_assisted_teleop_action[0m
[93.507s] [ 76%] Built target test_action_assisted_teleop_action
[93.833s] [35m[1mConsolidate compiler generated dependencies of target test_action_controller_cancel_action[0m
[94.081s] [ 77%] [32m[1mLinking CXX executable test_action_controller_cancel_action[0m
[96.155s] [ 77%] Built target test_action_controller_cancel_action
[96.535s] [35m[1mConsolidate compiler generated dependencies of target test_action_spin_cancel_action[0m
[96.647s] [ 77%] [32m[1mLinking CXX executable test_action_spin_cancel_action[0m
[98.374s] [ 78%] Built target test_action_spin_cancel_action
[98.739s] [35m[1mConsolidate compiler generated dependencies of target test_action_back_up_cancel_action[0m
[98.864s] [ 79%] [32m[1mLinking CXX executable test_action_back_up_cancel_action[0m
[100.848s] [ 79%] Built target test_action_back_up_cancel_action
[101.202s] [35m[1mConsolidate compiler generated dependencies of target test_action_assisted_teleop_cancel_action[0m
[101.303s] [ 80%] [32m[1mLinking CXX executable test_action_assisted_teleop_cancel_action[0m
[103.126s] [ 80%] Built target test_action_assisted_teleop_cancel_action
[103.485s] [35m[1mConsolidate compiler generated dependencies of target test_action_drive_on_heading_cancel_action[0m
[103.593s] [ 81%] [32m[1mLinking CXX executable test_action_drive_on_heading_cancel_action[0m
[105.391s] [ 81%] Built target test_action_drive_on_heading_cancel_action
[105.756s] [35m[1mConsolidate compiler generated dependencies of target test_action_clear_costmap_service[0m
[105.852s] [ 82%] [32m[1mLinking CXX executable test_action_clear_costmap_service[0m
[107.662s] [ 82%] Built target test_action_clear_costmap_service
[108.013s] [35m[1mConsolidate compiler generated dependencies of target test_action_reinitialize_global_localization_service[0m
[108.108s] [ 82%] [32m[1mLinking CXX executable test_action_reinitialize_global_localization_service[0m
[109.639s] [ 83%] Built target test_action_reinitialize_global_localization_service
[110.012s] [35m[1mConsolidate compiler generated dependencies of target test_action_compute_path_to_pose_action[0m
[110.109s] [ 84%] [32m[1mLinking CXX executable test_action_compute_path_to_pose_action[0m
[111.715s] [ 84%] Built target test_action_compute_path_to_pose_action
[112.063s] [35m[1mConsolidate compiler generated dependencies of target test_action_compute_path_through_poses_action[0m
[112.163s] [ 85%] [32m[1mLinking CXX executable test_action_compute_path_through_poses_action[0m
[113.772s] [ 85%] Built target test_action_compute_path_through_poses_action
[114.122s] [35m[1mConsolidate compiler generated dependencies of target test_action_smooth_path_action[0m
[114.221s] [ 85%] [32m[1mLinking CXX executable test_action_smooth_path_action[0m
[115.969s] [ 86%] Built target test_action_smooth_path_action
[116.313s] [35m[1mConsolidate compiler generated dependencies of target test_action_follow_path_action[0m
[116.411s] [ 86%] [32m[1mLinking CXX executable test_action_follow_path_action[0m
[117.999s] [ 86%] Built target test_action_follow_path_action
[118.347s] [35m[1mConsolidate compiler generated dependencies of target test_action_navigate_to_pose_action[0m
[118.443s] [ 86%] [32m[1mLinking CXX executable test_action_navigate_to_pose_action[0m
[120.032s] [ 87%] Built target test_action_navigate_to_pose_action
[122.126s] [35m[1mConsolidate compiler generated dependencies of target test_action_navigate_through_poses_action[0m
[122.224s] [ 87%] [32m[1mLinking CXX executable test_action_navigate_through_poses_action[0m
[123.811s] [ 88%] Built target test_action_navigate_through_poses_action
[124.157s] [35m[1mConsolidate compiler generated dependencies of target test_truncate_path_action[0m
[124.259s] [ 89%] [32m[1mLinking CXX executable test_truncate_path_action[0m
[125.755s] [ 89%] Built target test_truncate_path_action
[126.097s] [35m[1mConsolidate compiler generated dependencies of target test_truncate_path_local_action[0m
[126.199s] [ 90%] [32m[1mLinking CXX executable test_truncate_path_local_action[0m
[127.893s] [ 90%] Built target test_truncate_path_local_action
[128.236s] [35m[1mConsolidate compiler generated dependencies of target test_remove_passed_goals_action[0m
[128.339s] [ 91%] [32m[1mLinking CXX executable test_remove_passed_goals_action[0m
[129.984s] [ 91%] Built target test_remove_passed_goals_action
[130.330s] [35m[1mConsolidate compiler generated dependencies of target test_get_pose_from_path_action[0m
[130.432s] [ 91%] [32m[1mLinking CXX executable test_get_pose_from_path_action[0m
[131.785s] [ 92%] Built target test_get_pose_from_path_action
[132.156s] [35m[1mConsolidate compiler generated dependencies of target test_planner_selector_node[0m
[132.253s] [ 93%] [32m[1mLinking CXX executable test_planner_selector_node[0m
[133.507s] [35m[1mConsolidate compiler generated dependencies of target test_controller_selector_node[0m
[133.608s] [ 93%] [32m[1mLinking CXX executable test_controller_selector_node[0m
[133.691s] [ 93%] Built target test_planner_selector_node
[134.051s] [ 93%] [32m[1mLinking CXX executable test_bt_conversions[0m
[135.220s] [35m[1mConsolidate compiler generated dependencies of target test_smoother_selector_node[0m
[135.230s] [ 94%] Built target test_controller_selector_node
[135.452s] [ 95%] [32m[1mLinking CXX executable test_smoother_selector_node[0m
[135.499s] [ 96%] Built target nav2_wait_cancel_bt_node
[135.511s] [ 97%] Built target test_bt_conversions
[135.602s] [35m[1mConsolidate compiler generated dependencies of target test_goal_checker_selector_node[0m
[135.715s] [ 98%] [32m[1mLinking CXX executable test_goal_checker_selector_node[0m
[135.793s] [35m[1mConsolidate compiler generated dependencies of target test_progress_checker_selector_node[0m
[135.793s] [35m[1mConsolidate compiler generated dependencies of target test_action_wait_cancel_action[0m
[135.964s] [ 98%] [32m[1mLinking CXX executable test_action_wait_cancel_action[0m
[135.967s] [ 99%] [32m[1mLinking CXX executable test_progress_checker_selector_node[0m
[137.128s] [ 99%] Built target test_smoother_selector_node
[137.445s] [ 99%] Built target test_goal_checker_selector_node
[137.669s] [ 99%] Built target test_progress_checker_selector_node
[137.987s] [100%] Built target test_action_wait_cancel_action
