[0.537s] Invoking command in '/root/Lunar_ROADSTER/lr_ws/build/mapping_static': CMAKE_PREFIX_PATH=${CMAKE_PREFIX_PATH}:/root/Lunar_ROADSTER/lr_ws/install/nav2_simple_commander:/opt/ros/humble /usr/local/bin/cmake --build /root/Lunar_ROADSTER/lr_ws/build/mapping_static -- -j4 -l4
[3.517s] [100%] Built target global_mapping_node
[3.689s] Invoked command in '/root/Lunar_ROADSTER/lr_ws/build/mapping_static' returned '0': CMAKE_PREFIX_PATH=${CMAKE_PREFIX_PATH}:/root/Lunar_ROADSTER/lr_ws/install/nav2_simple_commander:/opt/ros/humble /usr/local/bin/cmake --build /root/Lunar_ROADSTER/lr_ws/build/mapping_static -- -j4 -l4
[3.717s] Invoking command in '/root/Lunar_ROADSTER/lr_ws/build/mapping_static': CMAKE_PREFIX_PATH=${CMAKE_PREFIX_PATH}:/root/Lunar_ROADSTER/lr_ws/install/nav2_simple_commander:/opt/ros/humble /usr/local/bin/cmake --install /root/Lunar_ROADSTER/lr_ws/build/mapping_static
[3.907s] -- Install configuration: ""
[3.908s] -- Up-to-date: /root/Lunar_ROADSTER/lr_ws/install/mapping_static/lib/mapping_static/global_mapping_node
[3.914s] -- Up-to-date: /root/Lunar_ROADSTER/lr_ws/install/mapping_static/share/mapping_static/launch
[3.914s] -- Up-to-date: /root/Lunar_ROADSTER/lr_ws/install/mapping_static/share/mapping_static/launch/mapping.launch.py
[3.914s] -- Up-to-date: /root/Lunar_ROADSTER/lr_ws/install/mapping_static/share/ament_index/resource_index/package_run_dependencies/mapping_static
[3.916s] -- Up-to-date: /root/Lunar_ROADSTER/lr_ws/install/mapping_static/share/ament_index/resource_index/parent_prefix_path/mapping_static
[3.929s] -- Up-to-date: /root/Lunar_ROADSTER/lr_ws/install/mapping_static/share/mapping_static/environment/ament_prefix_path.sh
[3.930s] -- Up-to-date: /root/Lunar_ROADSTER/lr_ws/install/mapping_static/share/mapping_static/environment/ament_prefix_path.dsv
[3.930s] -- Up-to-date: /root/Lunar_ROADSTER/lr_ws/install/mapping_static/share/mapping_static/environment/path.sh
[3.930s] -- Up-to-date: /root/Lunar_ROADSTER/lr_ws/install/mapping_static/share/mapping_static/environment/path.dsv
[3.930s] -- Up-to-date: /root/Lunar_ROADSTER/lr_ws/install/mapping_static/share/mapping_static/local_setup.bash
[3.931s] -- Up-to-date: /root/Lunar_ROADSTER/lr_ws/install/mapping_static/share/mapping_static/local_setup.sh
[3.933s] -- Up-to-date: /root/Lunar_ROADSTER/lr_ws/install/mapping_static/share/mapping_static/local_setup.zsh
[3.934s] -- Up-to-date: /root/Lunar_ROADSTER/lr_ws/install/mapping_static/share/mapping_static/local_setup.dsv
[3.934s] -- Installing: /root/Lunar_ROADSTER/lr_ws/install/mapping_static/share/mapping_static/package.dsv
[4.079s] -- Up-to-date: /root/Lunar_ROADSTER/lr_ws/install/mapping_static/share/ament_index/resource_index/packages/mapping_static
[4.081s] -- Up-to-date: /root/Lunar_ROADSTER/lr_ws/install/mapping_static/share/mapping_static/cmake/mapping_staticConfig.cmake
[4.085s] -- Up-to-date: /root/Lunar_ROADSTER/lr_ws/install/mapping_static/share/mapping_static/cmake/mapping_staticConfig-version.cmake
[4.086s] -- Up-to-date: /root/Lunar_ROADSTER/lr_ws/install/mapping_static/share/mapping_static/package.xml
[4.096s] Invoked command in '/root/Lunar_ROADSTER/lr_ws/build/mapping_static' returned '0': CMAKE_PREFIX_PATH=${CMAKE_PREFIX_PATH}:/root/Lunar_ROADSTER/lr_ws/install/nav2_simple_commander:/opt/ros/humble /usr/local/bin/cmake --install /root/Lunar_ROADSTER/lr_ws/build/mapping_static
