[0.076s] Invoking command in '/root/Lunar_ROADSTER/lr_ws/build/nav2_util': AMENT_PREFIX_PATH=/root/Lunar_ROADSTER/lr_ws/install/nav2_msgs:/root/Lunar_ROADSTER/lr_ws/install/nav2_common:${AMENT_PREFIX_PATH} CMAKE_PREFIX_PATH=/root/Lunar_ROADSTER/lr_ws/install/nav2_msgs:/root/Lunar_ROADSTER/lr_ws/install/nav2_common:/opt/ros/humble LD_LIBRARY_PATH=/root/Lunar_ROADSTER/lr_ws/install/nav2_msgs/lib:/opt/ros/humble/opt/rviz_ogre_vendor/lib:/opt/ros/humble/lib/aarch64-linux-gnu:/opt/ros/humble/lib:/usr/local/cuda/lib64 PYTHONPATH=/root/Lunar_ROADSTER/lr_ws/install/nav2_msgs/local/lib/python3.10/dist-packages:/root/Lunar_ROADSTER/lr_ws/install/nav2_common/local/lib/python3.10/dist-packages:${PYTHONPATH} /usr/local/bin/cmake /root/Lunar_ROADSTER/lr_ws/src/navigation2/nav2_util -DCMAKE_INSTALL_PREFIX=/root/Lunar_ROADSTER/lr_ws/install/nav2_util
[0.445s] -- The C compiler identification is GNU 11.4.0
[0.820s] -- The CXX compiler identification is GNU 11.4.0
[0.862s] -- Detecting C compiler ABI info
[1.205s] -- Detecting C compiler ABI info - done
[1.253s] -- Check for working C compiler: /usr/bin/cc - skipped
[1.256s] -- Detecting C compile features
[1.259s] -- Detecting C compile features - done
[1.276s] -- Detecting CXX compiler ABI info
[1.624s] -- Detecting CXX compiler ABI info - done
[1.661s] -- Check for working CXX compiler: /usr/bin/c++ - skipped
[1.662s] -- Detecting CXX compile features
[1.668s] -- Detecting CXX compile features - done
[1.682s] -- Found ament_cmake: 1.3.11 (/opt/ros/humble/share/ament_cmake/cmake)
[2.416s] -- Found Python3: /usr/bin/python3 (found version "3.10.12") found components: Interpreter 
[3.037s] -- Found nav2_common: 1.1.18 (/root/Lunar_ROADSTER/lr_ws/install/nav2_common/share/nav2_common/cmake)
[3.044s] -- Found nav2_msgs: 1.1.18 (/root/Lunar_ROADSTER/lr_ws/install/nav2_msgs/share/nav2_msgs/cmake)
[3.241s] -- Found rosidl_generator_c: 3.1.6 (/opt/ros/humble/share/rosidl_generator_c/cmake)
[3.274s] -- Found rosidl_adapter: 3.1.6 (/opt/ros/humble/share/rosidl_adapter/cmake)
[3.327s] -- Found rosidl_generator_cpp: 3.1.6 (/opt/ros/humble/share/rosidl_generator_cpp/cmake)
[3.401s] -- Using all available rosidl_typesupport_c: rosidl_typesupport_fastrtps_c;rosidl_typesupport_introspection_c
[3.500s] -- Using all available rosidl_typesupport_cpp: rosidl_typesupport_fastrtps_cpp;rosidl_typesupport_introspection_cpp
[4.051s] -- Found tf2_ros: 0.25.9 (/opt/ros/humble/share/tf2_ros/cmake)
[4.436s] -- Found rmw_implementation_cmake: 6.1.2 (/opt/ros/humble/share/rmw_implementation_cmake/cmake)
[4.451s] -- Found rmw_fastrtps_cpp: 6.2.7 (/opt/ros/humble/share/rmw_fastrtps_cpp/cmake)
[4.906s] -- Found OpenSSL: /usr/lib/aarch64-linux-gnu/libcrypto.so (found version "3.0.2")  
[5.059s] -- Found FastRTPS: /opt/ros/humble/include  
[5.286s] -- Using RMW implementation 'rmw_fastrtps_cpp' as default
[5.353s] -- Looking for pthread.h
[5.727s] -- Looking for pthread.h - found
[5.730s] -- Performing Test CMAKE_HAVE_LIBC_PTHREAD
[6.040s] -- Performing Test CMAKE_HAVE_LIBC_PTHREAD - Success
[6.047s] -- Found Threads: TRUE  
[6.497s] -- Found tf2_geometry_msgs: 0.25.9 (/opt/ros/humble/share/tf2_geometry_msgs/cmake)
[6.580s] -- Found eigen3_cmake_module: 0.1.1 (/opt/ros/humble/share/eigen3_cmake_module/cmake)
[6.587s] -- Found Eigen3: TRUE (found version "3.4.0") 
[6.588s] -- Ensuring Eigen3 include directory is part of orocos-kdl CMake target
[6.676s] -- Found lifecycle_msgs: 1.2.1 (/opt/ros/humble/share/lifecycle_msgs/cmake)
[6.925s] -- Found rclcpp_lifecycle: 16.0.11 (/opt/ros/humble/share/rclcpp_lifecycle/cmake)
[7.167s] [31mCMake Error at CMakeLists.txt:17 (find_package):
[7.167s]   By not providing "Findbondcpp.cmake" in CMAKE_MODULE_PATH this project has
[7.168s]   asked CMake to find a package configuration file provided by "bondcpp", but
[7.169s]   CMake did not find one.
[7.169s] 
[7.170s]   Could not find a package configuration file provided by "bondcpp" with any
[7.172s]   of the following names:
[7.172s] 
[7.173s]     bondcppConfig.cmake
[7.173s]     bondcpp-config.cmake
[7.174s] 
[7.174s]   Add the installation prefix of "bondcpp" to CMAKE_PREFIX_PATH or set
[7.175s]   "bondcpp_DIR" to a directory containing one of the above files.  If
[7.176s]   "bondcpp" provides a separate development package or SDK, be sure it has
[7.176s]   been installed.
[7.177s] 
[7.177s] [0m
[7.179s] -- Configuring incomplete, errors occurred!
[7.179s] See also "/root/Lunar_ROADSTER/lr_ws/build/nav2_util/CMakeFiles/CMakeOutput.log".
[7.236s] Invoked command in '/root/Lunar_ROADSTER/lr_ws/build/nav2_util' returned '1': AMENT_PREFIX_PATH=/root/Lunar_ROADSTER/lr_ws/install/nav2_msgs:/root/Lunar_ROADSTER/lr_ws/install/nav2_common:${AMENT_PREFIX_PATH} CMAKE_PREFIX_PATH=/root/Lunar_ROADSTER/lr_ws/install/nav2_msgs:/root/Lunar_ROADSTER/lr_ws/install/nav2_common:/opt/ros/humble LD_LIBRARY_PATH=/root/Lunar_ROADSTER/lr_ws/install/nav2_msgs/lib:/opt/ros/humble/opt/rviz_ogre_vendor/lib:/opt/ros/humble/lib/aarch64-linux-gnu:/opt/ros/humble/lib:/usr/local/cuda/lib64 PYTHONPATH=/root/Lunar_ROADSTER/lr_ws/install/nav2_msgs/local/lib/python3.10/dist-packages:/root/Lunar_ROADSTER/lr_ws/install/nav2_common/local/lib/python3.10/dist-packages:${PYTHONPATH} /usr/local/bin/cmake /root/Lunar_ROADSTER/lr_ws/src/navigation2/nav2_util -DCMAKE_INSTALL_PREFIX=/root/Lunar_ROADSTER/lr_ws/install/nav2_util
