[0.071s] Invoking command in '/root/Lunar_ROADSTER/lr_ws/build/vectornav_msgs': CMAKE_PREFIX_PATH=${CMAKE_PREFIX_PATH}:/opt/ros/humble /usr/local/bin/cmake --build /root/Lunar_ROADSTER/lr_ws/build/vectornav_msgs -- -j4 -l4
[0.359s] [  0%] Built target vectornav_msgs__cpp
[0.374s] [ 12%] Built target vectornav_msgs__rosidl_generator_c
[0.453s] [ 12%] Built target ament_cmake_python_copy_vectornav_msgs
[0.572s] [ 24%] Built target vectornav_msgs__rosidl_typesupport_cpp
[0.633s] [ 35%] Built target vectornav_msgs__rosidl_typesupport_fastrtps_cpp
[0.653s] [ 47%] Built target vectornav_msgs__rosidl_typesupport_introspection_cpp
[0.713s] [ 59%] Built target vectornav_msgs__rosidl_typesupport_fastrtps_c
[0.785s] [ 74%] Built target vectornav_msgs__rosidl_typesupport_c
[0.799s] [ 83%] Built target vectornav_msgs__rosidl_typesupport_introspection_c
[0.858s] [ 83%] Built target vectornav_msgs
[0.926s] [ 84%] Built target vectornav_msgs__py
[1.023s] [ 95%] Built target vectornav_msgs__rosidl_generator_py
[1.206s] [ 98%] Built target vectornav_msgs__rosidl_typesupport_c__pyext
[1.207s] [ 98%] Built target vectornav_msgs__rosidl_typesupport_introspection_c__pyext
[1.224s] [100%] Built target vectornav_msgs__rosidl_typesupport_fastrtps_c__pyext
[1.838s] running egg_info
[1.843s] writing vectornav_msgs.egg-info/PKG-INFO
[1.843s] writing dependency_links to vectornav_msgs.egg-info/dependency_links.txt
[1.845s] writing top-level names to vectornav_msgs.egg-info/top_level.txt
[1.873s] reading manifest file 'vectornav_msgs.egg-info/SOURCES.txt'
[1.887s] writing manifest file 'vectornav_msgs.egg-info/SOURCES.txt'
[2.022s] [100%] Built target ament_cmake_python_build_vectornav_msgs_egg
[2.036s] Invoked command in '/root/Lunar_ROADSTER/lr_ws/build/vectornav_msgs' returned '0': CMAKE_PREFIX_PATH=${CMAKE_PREFIX_PATH}:/opt/ros/humble /usr/local/bin/cmake --build /root/Lunar_ROADSTER/lr_ws/build/vectornav_msgs -- -j4 -l4
[2.038s] Invoking command in '/root/Lunar_ROADSTER/lr_ws/build/vectornav_msgs': CMAKE_PREFIX_PATH=${CMAKE_PREFIX_PATH}:/opt/ros/humble /usr/local/bin/cmake --install /root/Lunar_ROADSTER/lr_ws/build/vectornav_msgs
[2.051s] -- Install configuration: ""
[2.052s] -- Up-to-date: /root/Lunar_ROADSTER/lr_ws/install/vectornav_msgs/share/ament_index/resource_index/rosidl_interfaces/vectornav_msgs
[2.053s] -- Up-to-date: /root/Lunar_ROADSTER/lr_ws/install/vectornav_msgs/include/vectornav_msgs/vectornav_msgs
[2.053s] -- Up-to-date: /root/Lunar_ROADSTER/lr_ws/install/vectornav_msgs/include/vectornav_msgs/vectornav_msgs/msg
[2.054s] -- Up-to-date: /root/Lunar_ROADSTER/lr_ws/install/vectornav_msgs/include/vectornav_msgs/vectornav_msgs/msg/attitude_group.h
[2.055s] -- Up-to-date: /root/Lunar_ROADSTER/lr_ws/install/vectornav_msgs/include/vectornav_msgs/vectornav_msgs/msg/rosidl_generator_c__visibility_control.h
[2.056s] -- Up-to-date: /root/Lunar_ROADSTER/lr_ws/install/vectornav_msgs/include/vectornav_msgs/vectornav_msgs/msg/detail
[2.056s] -- Up-to-date: /root/Lunar_ROADSTER/lr_ws/install/vectornav_msgs/include/vectornav_msgs/vectornav_msgs/msg/detail/attitude_group__functions.c
[2.057s] -- Up-to-date: /root/Lunar_ROADSTER/lr_ws/install/vectornav_msgs/include/vectornav_msgs/vectornav_msgs/msg/detail/attitude_group__functions.h
[2.057s] -- Up-to-date: /root/Lunar_ROADSTER/lr_ws/install/vectornav_msgs/include/vectornav_msgs/vectornav_msgs/msg/detail/attitude_group__struct.h
[2.058s] -- Up-to-date: /root/Lunar_ROADSTER/lr_ws/install/vectornav_msgs/include/vectornav_msgs/vectornav_msgs/msg/detail/attitude_group__type_support.h
[2.058s] -- Up-to-date: /root/Lunar_ROADSTER/lr_ws/install/vectornav_msgs/include/vectornav_msgs/vectornav_msgs/msg/detail/common_group__functions.c
[2.058s] -- Up-to-date: /root/Lunar_ROADSTER/lr_ws/install/vectornav_msgs/include/vectornav_msgs/vectornav_msgs/msg/detail/common_group__functions.h
[2.059s] -- Up-to-date: /root/Lunar_ROADSTER/lr_ws/install/vectornav_msgs/include/vectornav_msgs/vectornav_msgs/msg/detail/common_group__struct.h
[2.059s] -- Up-to-date: /root/Lunar_ROADSTER/lr_ws/install/vectornav_msgs/include/vectornav_msgs/vectornav_msgs/msg/detail/common_group__type_support.h
[2.059s] -- Up-to-date: /root/Lunar_ROADSTER/lr_ws/install/vectornav_msgs/include/vectornav_msgs/vectornav_msgs/msg/detail/dop__functions.c
[2.060s] -- Up-to-date: /root/Lunar_ROADSTER/lr_ws/install/vectornav_msgs/include/vectornav_msgs/vectornav_msgs/msg/detail/dop__functions.h
[2.060s] -- Up-to-date: /root/Lunar_ROADSTER/lr_ws/install/vectornav_msgs/include/vectornav_msgs/vectornav_msgs/msg/detail/dop__struct.h
[2.061s] -- Up-to-date: /root/Lunar_ROADSTER/lr_ws/install/vectornav_msgs/include/vectornav_msgs/vectornav_msgs/msg/detail/dop__type_support.h
[2.061s] -- Up-to-date: /root/Lunar_ROADSTER/lr_ws/install/vectornav_msgs/include/vectornav_msgs/vectornav_msgs/msg/detail/gps_group__functions.c
[2.062s] -- Up-to-date: /root/Lunar_ROADSTER/lr_ws/install/vectornav_msgs/include/vectornav_msgs/vectornav_msgs/msg/detail/gps_group__functions.h
[2.063s] -- Up-to-date: /root/Lunar_ROADSTER/lr_ws/install/vectornav_msgs/include/vectornav_msgs/vectornav_msgs/msg/detail/gps_group__struct.h
[2.063s] -- Up-to-date: /root/Lunar_ROADSTER/lr_ws/install/vectornav_msgs/include/vectornav_msgs/vectornav_msgs/msg/detail/gps_group__type_support.h
[2.064s] -- Up-to-date: /root/Lunar_ROADSTER/lr_ws/install/vectornav_msgs/include/vectornav_msgs/vectornav_msgs/msg/detail/imu_group__functions.c
[2.064s] -- Up-to-date: /root/Lunar_ROADSTER/lr_ws/install/vectornav_msgs/include/vectornav_msgs/vectornav_msgs/msg/detail/imu_group__functions.h
[2.064s] -- Up-to-date: /root/Lunar_ROADSTER/lr_ws/install/vectornav_msgs/include/vectornav_msgs/vectornav_msgs/msg/detail/imu_group__struct.h
[2.067s] -- Up-to-date: /root/Lunar_ROADSTER/lr_ws/install/vectornav_msgs/include/vectornav_msgs/vectornav_msgs/msg/detail/imu_group__type_support.h
[2.068s] -- Up-to-date: /root/Lunar_ROADSTER/lr_ws/install/vectornav_msgs/include/vectornav_msgs/vectornav_msgs/msg/detail/ins_group__functions.c
[2.069s] -- Up-to-date: /root/Lunar_ROADSTER/lr_ws/install/vectornav_msgs/include/vectornav_msgs/vectornav_msgs/msg/detail/ins_group__functions.h
[2.069s] -- Up-to-date: /root/Lunar_ROADSTER/lr_ws/install/vectornav_msgs/include/vectornav_msgs/vectornav_msgs/msg/detail/ins_group__struct.h
[2.069s] -- Up-to-date: /root/Lunar_ROADSTER/lr_ws/install/vectornav_msgs/include/vectornav_msgs/vectornav_msgs/msg/detail/ins_group__type_support.h
[2.070s] -- Up-to-date: /root/Lunar_ROADSTER/lr_ws/install/vectornav_msgs/include/vectornav_msgs/vectornav_msgs/msg/detail/ins_status__functions.c
[2.070s] -- Up-to-date: /root/Lunar_ROADSTER/lr_ws/install/vectornav_msgs/include/vectornav_msgs/vectornav_msgs/msg/detail/ins_status__functions.h
[2.071s] -- Up-to-date: /root/Lunar_ROADSTER/lr_ws/install/vectornav_msgs/include/vectornav_msgs/vectornav_msgs/msg/detail/ins_status__struct.h
[2.071s] -- Up-to-date: /root/Lunar_ROADSTER/lr_ws/install/vectornav_msgs/include/vectornav_msgs/vectornav_msgs/msg/detail/ins_status__type_support.h
[2.072s] -- Up-to-date: /root/Lunar_ROADSTER/lr_ws/install/vectornav_msgs/include/vectornav_msgs/vectornav_msgs/msg/detail/time_group__functions.c
[2.073s] -- Up-to-date: /root/Lunar_ROADSTER/lr_ws/install/vectornav_msgs/include/vectornav_msgs/vectornav_msgs/msg/detail/time_group__functions.h
[2.073s] -- Up-to-date: /root/Lunar_ROADSTER/lr_ws/install/vectornav_msgs/include/vectornav_msgs/vectornav_msgs/msg/detail/time_group__struct.h
[2.074s] -- Up-to-date: /root/Lunar_ROADSTER/lr_ws/install/vectornav_msgs/include/vectornav_msgs/vectornav_msgs/msg/detail/time_group__type_support.h
[2.074s] -- Up-to-date: /root/Lunar_ROADSTER/lr_ws/install/vectornav_msgs/include/vectornav_msgs/vectornav_msgs/msg/detail/time_status__functions.c
[2.075s] -- Up-to-date: /root/Lunar_ROADSTER/lr_ws/install/vectornav_msgs/include/vectornav_msgs/vectornav_msgs/msg/detail/time_status__functions.h
[2.075s] -- Up-to-date: /root/Lunar_ROADSTER/lr_ws/install/vectornav_msgs/include/vectornav_msgs/vectornav_msgs/msg/detail/time_status__struct.h
[2.075s] -- Up-to-date: /root/Lunar_ROADSTER/lr_ws/install/vectornav_msgs/include/vectornav_msgs/vectornav_msgs/msg/detail/time_status__type_support.h
[2.076s] -- Up-to-date: /root/Lunar_ROADSTER/lr_ws/install/vectornav_msgs/include/vectornav_msgs/vectornav_msgs/msg/detail/time_utc__functions.c
[2.076s] -- Up-to-date: /root/Lunar_ROADSTER/lr_ws/install/vectornav_msgs/include/vectornav_msgs/vectornav_msgs/msg/detail/time_utc__functions.h
[2.077s] -- Up-to-date: /root/Lunar_ROADSTER/lr_ws/install/vectornav_msgs/include/vectornav_msgs/vectornav_msgs/msg/detail/time_utc__struct.h
[2.077s] -- Up-to-date: /root/Lunar_ROADSTER/lr_ws/install/vectornav_msgs/include/vectornav_msgs/vectornav_msgs/msg/detail/time_utc__type_support.h
[2.077s] -- Up-to-date: /root/Lunar_ROADSTER/lr_ws/install/vectornav_msgs/include/vectornav_msgs/vectornav_msgs/msg/detail/vpe_status__functions.c
[2.080s] -- Up-to-date: /root/Lunar_ROADSTER/lr_ws/install/vectornav_msgs/include/vectornav_msgs/vectornav_msgs/msg/detail/vpe_status__functions.h
[2.081s] -- Up-to-date: /root/Lunar_ROADSTER/lr_ws/install/vectornav_msgs/include/vectornav_msgs/vectornav_msgs/msg/detail/vpe_status__struct.h
[2.082s] -- Up-to-date: /root/Lunar_ROADSTER/lr_ws/install/vectornav_msgs/include/vectornav_msgs/vectornav_msgs/msg/detail/vpe_status__type_support.h
[2.083s] -- Up-to-date: /root/Lunar_ROADSTER/lr_ws/install/vectornav_msgs/include/vectornav_msgs/vectornav_msgs/msg/common_group.h
[2.083s] -- Up-to-date: /root/Lunar_ROADSTER/lr_ws/install/vectornav_msgs/include/vectornav_msgs/vectornav_msgs/msg/dop.h
[2.084s] -- Up-to-date: /root/Lunar_ROADSTER/lr_ws/install/vectornav_msgs/include/vectornav_msgs/vectornav_msgs/msg/gps_group.h
[2.085s] -- Up-to-date: /root/Lunar_ROADSTER/lr_ws/install/vectornav_msgs/include/vectornav_msgs/vectornav_msgs/msg/imu_group.h
[2.085s] -- Up-to-date: /root/Lunar_ROADSTER/lr_ws/install/vectornav_msgs/include/vectornav_msgs/vectornav_msgs/msg/ins_group.h
[2.086s] -- Up-to-date: /root/Lunar_ROADSTER/lr_ws/install/vectornav_msgs/include/vectornav_msgs/vectornav_msgs/msg/ins_status.h
[2.086s] -- Up-to-date: /root/Lunar_ROADSTER/lr_ws/install/vectornav_msgs/include/vectornav_msgs/vectornav_msgs/msg/time_group.h
[2.087s] -- Up-to-date: /root/Lunar_ROADSTER/lr_ws/install/vectornav_msgs/include/vectornav_msgs/vectornav_msgs/msg/time_status.h
[2.088s] -- Up-to-date: /root/Lunar_ROADSTER/lr_ws/install/vectornav_msgs/include/vectornav_msgs/vectornav_msgs/msg/time_utc.h
[2.088s] -- Up-to-date: /root/Lunar_ROADSTER/lr_ws/install/vectornav_msgs/include/vectornav_msgs/vectornav_msgs/msg/vpe_status.h
[2.091s] -- Up-to-date: /root/Lunar_ROADSTER/lr_ws/install/vectornav_msgs/include/vectornav_msgs/vectornav_msgs/action
[2.091s] -- Up-to-date: /root/Lunar_ROADSTER/lr_ws/install/vectornav_msgs/include/vectornav_msgs/vectornav_msgs/action/mag_cal.h
[2.092s] -- Up-to-date: /root/Lunar_ROADSTER/lr_ws/install/vectornav_msgs/include/vectornav_msgs/vectornav_msgs/action/detail
[2.093s] -- Up-to-date: /root/Lunar_ROADSTER/lr_ws/install/vectornav_msgs/include/vectornav_msgs/vectornav_msgs/action/detail/mag_cal__functions.c
[2.093s] -- Up-to-date: /root/Lunar_ROADSTER/lr_ws/install/vectornav_msgs/include/vectornav_msgs/vectornav_msgs/action/detail/mag_cal__functions.h
[2.094s] -- Up-to-date: /root/Lunar_ROADSTER/lr_ws/install/vectornav_msgs/include/vectornav_msgs/vectornav_msgs/action/detail/mag_cal__struct.h
[2.094s] -- Up-to-date: /root/Lunar_ROADSTER/lr_ws/install/vectornav_msgs/include/vectornav_msgs/vectornav_msgs/action/detail/mag_cal__type_support.h
[2.096s] -- Up-to-date: /root/Lunar_ROADSTER/lr_ws/install/vectornav_msgs/share/vectornav_msgs/environment/library_path.sh
[2.097s] -- Up-to-date: /root/Lunar_ROADSTER/lr_ws/install/vectornav_msgs/share/vectornav_msgs/environment/library_path.dsv
[2.097s] -- Up-to-date: /root/Lunar_ROADSTER/lr_ws/install/vectornav_msgs/lib/libvectornav_msgs__rosidl_generator_c.so
[2.097s] -- Up-to-date: /root/Lunar_ROADSTER/lr_ws/install/vectornav_msgs/include/vectornav_msgs/vectornav_msgs
[2.098s] -- Up-to-date: /root/Lunar_ROADSTER/lr_ws/install/vectornav_msgs/include/vectornav_msgs/vectornav_msgs/msg
[2.098s] -- Up-to-date: /root/Lunar_ROADSTER/lr_ws/install/vectornav_msgs/include/vectornav_msgs/vectornav_msgs/msg/detail
[2.099s] -- Up-to-date: /root/Lunar_ROADSTER/lr_ws/install/vectornav_msgs/include/vectornav_msgs/vectornav_msgs/msg/detail/attitude_group__rosidl_typesupport_fastrtps_c.h
[2.099s] -- Up-to-date: /root/Lunar_ROADSTER/lr_ws/install/vectornav_msgs/include/vectornav_msgs/vectornav_msgs/msg/detail/common_group__rosidl_typesupport_fastrtps_c.h
[2.100s] -- Up-to-date: /root/Lunar_ROADSTER/lr_ws/install/vectornav_msgs/include/vectornav_msgs/vectornav_msgs/msg/detail/dop__rosidl_typesupport_fastrtps_c.h
[2.100s] -- Up-to-date: /root/Lunar_ROADSTER/lr_ws/install/vectornav_msgs/include/vectornav_msgs/vectornav_msgs/msg/detail/gps_group__rosidl_typesupport_fastrtps_c.h
[2.100s] -- Up-to-date: /root/Lunar_ROADSTER/lr_ws/install/vectornav_msgs/include/vectornav_msgs/vectornav_msgs/msg/detail/imu_group__rosidl_typesupport_fastrtps_c.h
[2.101s] -- Up-to-date: /root/Lunar_ROADSTER/lr_ws/install/vectornav_msgs/include/vectornav_msgs/vectornav_msgs/msg/detail/ins_group__rosidl_typesupport_fastrtps_c.h
[2.101s] -- Up-to-date: /root/Lunar_ROADSTER/lr_ws/install/vectornav_msgs/include/vectornav_msgs/vectornav_msgs/msg/detail/ins_status__rosidl_typesupport_fastrtps_c.h
[2.101s] -- Up-to-date: /root/Lunar_ROADSTER/lr_ws/install/vectornav_msgs/include/vectornav_msgs/vectornav_msgs/msg/detail/time_group__rosidl_typesupport_fastrtps_c.h
[2.101s] -- Up-to-date: /root/Lunar_ROADSTER/lr_ws/install/vectornav_msgs/include/vectornav_msgs/vectornav_msgs/msg/detail/time_status__rosidl_typesupport_fastrtps_c.h
[2.102s] -- Up-to-date: /root/Lunar_ROADSTER/lr_ws/install/vectornav_msgs/include/vectornav_msgs/vectornav_msgs/msg/detail/time_utc__rosidl_typesupport_fastrtps_c.h
[2.102s] -- Up-to-date: /root/Lunar_ROADSTER/lr_ws/install/vectornav_msgs/include/vectornav_msgs/vectornav_msgs/msg/detail/vpe_status__rosidl_typesupport_fastrtps_c.h
[2.102s] -- Up-to-date: /root/Lunar_ROADSTER/lr_ws/install/vectornav_msgs/include/vectornav_msgs/vectornav_msgs/msg/rosidl_typesupport_fastrtps_c__visibility_control.h
[2.103s] -- Up-to-date: /root/Lunar_ROADSTER/lr_ws/install/vectornav_msgs/include/vectornav_msgs/vectornav_msgs/action
[2.103s] -- Up-to-date: /root/Lunar_ROADSTER/lr_ws/install/vectornav_msgs/include/vectornav_msgs/vectornav_msgs/action/detail
[2.104s] -- Up-to-date: /root/Lunar_ROADSTER/lr_ws/install/vectornav_msgs/include/vectornav_msgs/vectornav_msgs/action/detail/mag_cal__rosidl_typesupport_fastrtps_c.h
[2.105s] -- Up-to-date: /root/Lunar_ROADSTER/lr_ws/install/vectornav_msgs/lib/libvectornav_msgs__rosidl_typesupport_fastrtps_c.so
[2.105s] -- Up-to-date: /root/Lunar_ROADSTER/lr_ws/install/vectornav_msgs/include/vectornav_msgs/vectornav_msgs
[2.106s] -- Up-to-date: /root/Lunar_ROADSTER/lr_ws/install/vectornav_msgs/include/vectornav_msgs/vectornav_msgs/msg
[2.107s] -- Up-to-date: /root/Lunar_ROADSTER/lr_ws/install/vectornav_msgs/include/vectornav_msgs/vectornav_msgs/msg/attitude_group.hpp
[2.107s] -- Up-to-date: /root/Lunar_ROADSTER/lr_ws/install/vectornav_msgs/include/vectornav_msgs/vectornav_msgs/msg/rosidl_generator_cpp__visibility_control.hpp
[2.107s] -- Up-to-date: /root/Lunar_ROADSTER/lr_ws/install/vectornav_msgs/include/vectornav_msgs/vectornav_msgs/msg/detail
[2.107s] -- Up-to-date: /root/Lunar_ROADSTER/lr_ws/install/vectornav_msgs/include/vectornav_msgs/vectornav_msgs/msg/detail/attitude_group__builder.hpp
[2.108s] -- Up-to-date: /root/Lunar_ROADSTER/lr_ws/install/vectornav_msgs/include/vectornav_msgs/vectornav_msgs/msg/detail/attitude_group__struct.hpp
[2.109s] -- Up-to-date: /root/Lunar_ROADSTER/lr_ws/install/vectornav_msgs/include/vectornav_msgs/vectornav_msgs/msg/detail/attitude_group__traits.hpp
[2.109s] -- Up-to-date: /root/Lunar_ROADSTER/lr_ws/install/vectornav_msgs/include/vectornav_msgs/vectornav_msgs/msg/detail/attitude_group__type_support.hpp
[2.110s] -- Up-to-date: /root/Lunar_ROADSTER/lr_ws/install/vectornav_msgs/include/vectornav_msgs/vectornav_msgs/msg/detail/common_group__builder.hpp
[2.110s] -- Up-to-date: /root/Lunar_ROADSTER/lr_ws/install/vectornav_msgs/include/vectornav_msgs/vectornav_msgs/msg/detail/common_group__struct.hpp
[2.111s] -- Up-to-date: /root/Lunar_ROADSTER/lr_ws/install/vectornav_msgs/include/vectornav_msgs/vectornav_msgs/msg/detail/common_group__traits.hpp
[2.111s] -- Up-to-date: /root/Lunar_ROADSTER/lr_ws/install/vectornav_msgs/include/vectornav_msgs/vectornav_msgs/msg/detail/common_group__type_support.hpp
[2.112s] -- Up-to-date: /root/Lunar_ROADSTER/lr_ws/install/vectornav_msgs/include/vectornav_msgs/vectornav_msgs/msg/detail/dop__builder.hpp
[2.113s] -- Up-to-date: /root/Lunar_ROADSTER/lr_ws/install/vectornav_msgs/include/vectornav_msgs/vectornav_msgs/msg/detail/dop__struct.hpp
[2.113s] -- Up-to-date: /root/Lunar_ROADSTER/lr_ws/install/vectornav_msgs/include/vectornav_msgs/vectornav_msgs/msg/detail/dop__traits.hpp
[2.114s] -- Up-to-date: /root/Lunar_ROADSTER/lr_ws/install/vectornav_msgs/include/vectornav_msgs/vectornav_msgs/msg/detail/dop__type_support.hpp
[2.114s] -- Up-to-date: /root/Lunar_ROADSTER/lr_ws/install/vectornav_msgs/include/vectornav_msgs/vectornav_msgs/msg/detail/gps_group__builder.hpp
[2.115s] -- Up-to-date: /root/Lunar_ROADSTER/lr_ws/install/vectornav_msgs/include/vectornav_msgs/vectornav_msgs/msg/detail/gps_group__struct.hpp
[2.116s] -- Up-to-date: /root/Lunar_ROADSTER/lr_ws/install/vectornav_msgs/include/vectornav_msgs/vectornav_msgs/msg/detail/gps_group__traits.hpp
[2.117s] -- Up-to-date: /root/Lunar_ROADSTER/lr_ws/install/vectornav_msgs/include/vectornav_msgs/vectornav_msgs/msg/detail/gps_group__type_support.hpp
[2.117s] -- Up-to-date: /root/Lunar_ROADSTER/lr_ws/install/vectornav_msgs/include/vectornav_msgs/vectornav_msgs/msg/detail/imu_group__builder.hpp
[2.118s] -- Up-to-date: /root/Lunar_ROADSTER/lr_ws/install/vectornav_msgs/include/vectornav_msgs/vectornav_msgs/msg/detail/imu_group__struct.hpp
[2.118s] -- Up-to-date: /root/Lunar_ROADSTER/lr_ws/install/vectornav_msgs/include/vectornav_msgs/vectornav_msgs/msg/detail/imu_group__traits.hpp
[2.119s] -- Up-to-date: /root/Lunar_ROADSTER/lr_ws/install/vectornav_msgs/include/vectornav_msgs/vectornav_msgs/msg/detail/imu_group__type_support.hpp
[2.119s] -- Up-to-date: /root/Lunar_ROADSTER/lr_ws/install/vectornav_msgs/include/vectornav_msgs/vectornav_msgs/msg/detail/ins_group__builder.hpp
[2.120s] -- Up-to-date: /root/Lunar_ROADSTER/lr_ws/install/vectornav_msgs/include/vectornav_msgs/vectornav_msgs/msg/detail/ins_group__struct.hpp
[2.120s] -- Up-to-date: /root/Lunar_ROADSTER/lr_ws/install/vectornav_msgs/include/vectornav_msgs/vectornav_msgs/msg/detail/ins_group__traits.hpp
[2.120s] -- Up-to-date: /root/Lunar_ROADSTER/lr_ws/install/vectornav_msgs/include/vectornav_msgs/vectornav_msgs/msg/detail/ins_group__type_support.hpp
[2.121s] -- Up-to-date: /root/Lunar_ROADSTER/lr_ws/install/vectornav_msgs/include/vectornav_msgs/vectornav_msgs/msg/detail/ins_status__builder.hpp
[2.121s] -- Up-to-date: /root/Lunar_ROADSTER/lr_ws/install/vectornav_msgs/include/vectornav_msgs/vectornav_msgs/msg/detail/ins_status__struct.hpp
[2.121s] -- Up-to-date: /root/Lunar_ROADSTER/lr_ws/install/vectornav_msgs/include/vectornav_msgs/vectornav_msgs/msg/detail/ins_status__traits.hpp
[2.122s] -- Up-to-date: /root/Lunar_ROADSTER/lr_ws/install/vectornav_msgs/include/vectornav_msgs/vectornav_msgs/msg/detail/ins_status__type_support.hpp
[2.123s] -- Up-to-date: /root/Lunar_ROADSTER/lr_ws/install/vectornav_msgs/include/vectornav_msgs/vectornav_msgs/msg/detail/time_group__builder.hpp
[2.123s] -- Up-to-date: /root/Lunar_ROADSTER/lr_ws/install/vectornav_msgs/include/vectornav_msgs/vectornav_msgs/msg/detail/time_group__struct.hpp
[2.124s] -- Up-to-date: /root/Lunar_ROADSTER/lr_ws/install/vectornav_msgs/include/vectornav_msgs/vectornav_msgs/msg/detail/time_group__traits.hpp
[2.125s] -- Up-to-date: /root/Lunar_ROADSTER/lr_ws/install/vectornav_msgs/include/vectornav_msgs/vectornav_msgs/msg/detail/time_group__type_support.hpp
[2.125s] -- Up-to-date: /root/Lunar_ROADSTER/lr_ws/install/vectornav_msgs/include/vectornav_msgs/vectornav_msgs/msg/detail/time_status__builder.hpp
[2.126s] -- Up-to-date: /root/Lunar_ROADSTER/lr_ws/install/vectornav_msgs/include/vectornav_msgs/vectornav_msgs/msg/detail/time_status__struct.hpp
[2.126s] -- Up-to-date: /root/Lunar_ROADSTER/lr_ws/install/vectornav_msgs/include/vectornav_msgs/vectornav_msgs/msg/detail/time_status__traits.hpp
[2.128s] -- Up-to-date: /root/Lunar_ROADSTER/lr_ws/install/vectornav_msgs/include/vectornav_msgs/vectornav_msgs/msg/detail/time_status__type_support.hpp
[2.128s] -- Up-to-date: /root/Lunar_ROADSTER/lr_ws/install/vectornav_msgs/include/vectornav_msgs/vectornav_msgs/msg/detail/time_utc__builder.hpp
[2.129s] -- Up-to-date: /root/Lunar_ROADSTER/lr_ws/install/vectornav_msgs/include/vectornav_msgs/vectornav_msgs/msg/detail/time_utc__struct.hpp
[2.131s] -- Up-to-date: /root/Lunar_ROADSTER/lr_ws/install/vectornav_msgs/include/vectornav_msgs/vectornav_msgs/msg/detail/time_utc__traits.hpp
[2.131s] -- Up-to-date: /root/Lunar_ROADSTER/lr_ws/install/vectornav_msgs/include/vectornav_msgs/vectornav_msgs/msg/detail/time_utc__type_support.hpp
[2.132s] -- Up-to-date: /root/Lunar_ROADSTER/lr_ws/install/vectornav_msgs/include/vectornav_msgs/vectornav_msgs/msg/detail/vpe_status__builder.hpp
[2.132s] -- Up-to-date: /root/Lunar_ROADSTER/lr_ws/install/vectornav_msgs/include/vectornav_msgs/vectornav_msgs/msg/detail/vpe_status__struct.hpp
[2.133s] -- Up-to-date: /root/Lunar_ROADSTER/lr_ws/install/vectornav_msgs/include/vectornav_msgs/vectornav_msgs/msg/detail/vpe_status__traits.hpp
[2.133s] -- Up-to-date: /root/Lunar_ROADSTER/lr_ws/install/vectornav_msgs/include/vectornav_msgs/vectornav_msgs/msg/detail/vpe_status__type_support.hpp
[2.133s] -- Up-to-date: /root/Lunar_ROADSTER/lr_ws/install/vectornav_msgs/include/vectornav_msgs/vectornav_msgs/msg/common_group.hpp
[2.134s] -- Up-to-date: /root/Lunar_ROADSTER/lr_ws/install/vectornav_msgs/include/vectornav_msgs/vectornav_msgs/msg/dop.hpp
[2.135s] -- Up-to-date: /root/Lunar_ROADSTER/lr_ws/install/vectornav_msgs/include/vectornav_msgs/vectornav_msgs/msg/gps_group.hpp
[2.136s] -- Up-to-date: /root/Lunar_ROADSTER/lr_ws/install/vectornav_msgs/include/vectornav_msgs/vectornav_msgs/msg/imu_group.hpp
[2.137s] -- Up-to-date: /root/Lunar_ROADSTER/lr_ws/install/vectornav_msgs/include/vectornav_msgs/vectornav_msgs/msg/ins_group.hpp
[2.138s] -- Up-to-date: /root/Lunar_ROADSTER/lr_ws/install/vectornav_msgs/include/vectornav_msgs/vectornav_msgs/msg/ins_status.hpp
[2.138s] -- Up-to-date: /root/Lunar_ROADSTER/lr_ws/install/vectornav_msgs/include/vectornav_msgs/vectornav_msgs/msg/time_group.hpp
[2.139s] -- Up-to-date: /root/Lunar_ROADSTER/lr_ws/install/vectornav_msgs/include/vectornav_msgs/vectornav_msgs/msg/time_status.hpp
[2.139s] -- Up-to-date: /root/Lunar_ROADSTER/lr_ws/install/vectornav_msgs/include/vectornav_msgs/vectornav_msgs/msg/time_utc.hpp
[2.140s] -- Up-to-date: /root/Lunar_ROADSTER/lr_ws/install/vectornav_msgs/include/vectornav_msgs/vectornav_msgs/msg/vpe_status.hpp
[2.141s] -- Up-to-date: /root/Lunar_ROADSTER/lr_ws/install/vectornav_msgs/include/vectornav_msgs/vectornav_msgs/action
[2.142s] -- Up-to-date: /root/Lunar_ROADSTER/lr_ws/install/vectornav_msgs/include/vectornav_msgs/vectornav_msgs/action/mag_cal.hpp
[2.143s] -- Up-to-date: /root/Lunar_ROADSTER/lr_ws/install/vectornav_msgs/include/vectornav_msgs/vectornav_msgs/action/detail
[2.143s] -- Up-to-date: /root/Lunar_ROADSTER/lr_ws/install/vectornav_msgs/include/vectornav_msgs/vectornav_msgs/action/detail/mag_cal__builder.hpp
[2.144s] -- Up-to-date: /root/Lunar_ROADSTER/lr_ws/install/vectornav_msgs/include/vectornav_msgs/vectornav_msgs/action/detail/mag_cal__struct.hpp
[2.144s] -- Up-to-date: /root/Lunar_ROADSTER/lr_ws/install/vectornav_msgs/include/vectornav_msgs/vectornav_msgs/action/detail/mag_cal__traits.hpp
[2.144s] -- Up-to-date: /root/Lunar_ROADSTER/lr_ws/install/vectornav_msgs/include/vectornav_msgs/vectornav_msgs/action/detail/mag_cal__type_support.hpp
[2.145s] -- Up-to-date: /root/Lunar_ROADSTER/lr_ws/install/vectornav_msgs/include/vectornav_msgs/vectornav_msgs
[2.146s] -- Up-to-date: /root/Lunar_ROADSTER/lr_ws/install/vectornav_msgs/include/vectornav_msgs/vectornav_msgs/msg
[2.146s] -- Up-to-date: /root/Lunar_ROADSTER/lr_ws/install/vectornav_msgs/include/vectornav_msgs/vectornav_msgs/msg/detail
[2.147s] -- Up-to-date: /root/Lunar_ROADSTER/lr_ws/install/vectornav_msgs/include/vectornav_msgs/vectornav_msgs/msg/detail/attitude_group__rosidl_typesupport_fastrtps_cpp.hpp
[2.148s] -- Up-to-date: /root/Lunar_ROADSTER/lr_ws/install/vectornav_msgs/include/vectornav_msgs/vectornav_msgs/msg/detail/dds_fastrtps
[2.148s] -- Up-to-date: /root/Lunar_ROADSTER/lr_ws/install/vectornav_msgs/include/vectornav_msgs/vectornav_msgs/msg/detail/common_group__rosidl_typesupport_fastrtps_cpp.hpp
[2.149s] -- Up-to-date: /root/Lunar_ROADSTER/lr_ws/install/vectornav_msgs/include/vectornav_msgs/vectornav_msgs/msg/detail/dop__rosidl_typesupport_fastrtps_cpp.hpp
[2.149s] -- Up-to-date: /root/Lunar_ROADSTER/lr_ws/install/vectornav_msgs/include/vectornav_msgs/vectornav_msgs/msg/detail/gps_group__rosidl_typesupport_fastrtps_cpp.hpp
[2.150s] -- Up-to-date: /root/Lunar_ROADSTER/lr_ws/install/vectornav_msgs/include/vectornav_msgs/vectornav_msgs/msg/detail/imu_group__rosidl_typesupport_fastrtps_cpp.hpp
[2.150s] -- Up-to-date: /root/Lunar_ROADSTER/lr_ws/install/vectornav_msgs/include/vectornav_msgs/vectornav_msgs/msg/detail/ins_group__rosidl_typesupport_fastrtps_cpp.hpp
[2.152s] -- Up-to-date: /root/Lunar_ROADSTER/lr_ws/install/vectornav_msgs/include/vectornav_msgs/vectornav_msgs/msg/detail/ins_status__rosidl_typesupport_fastrtps_cpp.hpp
[2.152s] -- Up-to-date: /root/Lunar_ROADSTER/lr_ws/install/vectornav_msgs/include/vectornav_msgs/vectornav_msgs/msg/detail/time_group__rosidl_typesupport_fastrtps_cpp.hpp
[2.152s] -- Up-to-date: /root/Lunar_ROADSTER/lr_ws/install/vectornav_msgs/include/vectornav_msgs/vectornav_msgs/msg/detail/time_status__rosidl_typesupport_fastrtps_cpp.hpp
[2.153s] -- Up-to-date: /root/Lunar_ROADSTER/lr_ws/install/vectornav_msgs/include/vectornav_msgs/vectornav_msgs/msg/detail/time_utc__rosidl_typesupport_fastrtps_cpp.hpp
[2.153s] -- Up-to-date: /root/Lunar_ROADSTER/lr_ws/install/vectornav_msgs/include/vectornav_msgs/vectornav_msgs/msg/detail/vpe_status__rosidl_typesupport_fastrtps_cpp.hpp
[2.154s] -- Up-to-date: /root/Lunar_ROADSTER/lr_ws/install/vectornav_msgs/include/vectornav_msgs/vectornav_msgs/msg/rosidl_typesupport_fastrtps_cpp__visibility_control.h
[2.154s] -- Up-to-date: /root/Lunar_ROADSTER/lr_ws/install/vectornav_msgs/include/vectornav_msgs/vectornav_msgs/action
[2.155s] -- Up-to-date: /root/Lunar_ROADSTER/lr_ws/install/vectornav_msgs/include/vectornav_msgs/vectornav_msgs/action/detail
[2.155s] -- Up-to-date: /root/Lunar_ROADSTER/lr_ws/install/vectornav_msgs/include/vectornav_msgs/vectornav_msgs/action/detail/mag_cal__rosidl_typesupport_fastrtps_cpp.hpp
[2.156s] -- Up-to-date: /root/Lunar_ROADSTER/lr_ws/install/vectornav_msgs/include/vectornav_msgs/vectornav_msgs/action/detail/dds_fastrtps
[2.156s] -- Up-to-date: /root/Lunar_ROADSTER/lr_ws/install/vectornav_msgs/lib/libvectornav_msgs__rosidl_typesupport_fastrtps_cpp.so
[2.156s] -- Up-to-date: /root/Lunar_ROADSTER/lr_ws/install/vectornav_msgs/include/vectornav_msgs/vectornav_msgs
[2.156s] -- Up-to-date: /root/Lunar_ROADSTER/lr_ws/install/vectornav_msgs/include/vectornav_msgs/vectornav_msgs/msg
[2.157s] -- Up-to-date: /root/Lunar_ROADSTER/lr_ws/install/vectornav_msgs/include/vectornav_msgs/vectornav_msgs/msg/detail
[2.157s] -- Up-to-date: /root/Lunar_ROADSTER/lr_ws/install/vectornav_msgs/include/vectornav_msgs/vectornav_msgs/msg/detail/attitude_group__rosidl_typesupport_introspection_c.h
[2.158s] -- Up-to-date: /root/Lunar_ROADSTER/lr_ws/install/vectornav_msgs/include/vectornav_msgs/vectornav_msgs/msg/detail/attitude_group__type_support.c
[2.158s] -- Up-to-date: /root/Lunar_ROADSTER/lr_ws/install/vectornav_msgs/include/vectornav_msgs/vectornav_msgs/msg/detail/common_group__rosidl_typesupport_introspection_c.h
[2.158s] -- Up-to-date: /root/Lunar_ROADSTER/lr_ws/install/vectornav_msgs/include/vectornav_msgs/vectornav_msgs/msg/detail/common_group__type_support.c
[2.159s] -- Up-to-date: /root/Lunar_ROADSTER/lr_ws/install/vectornav_msgs/include/vectornav_msgs/vectornav_msgs/msg/detail/dop__rosidl_typesupport_introspection_c.h
[2.159s] -- Up-to-date: /root/Lunar_ROADSTER/lr_ws/install/vectornav_msgs/include/vectornav_msgs/vectornav_msgs/msg/detail/dop__type_support.c
[2.160s] -- Up-to-date: /root/Lunar_ROADSTER/lr_ws/install/vectornav_msgs/include/vectornav_msgs/vectornav_msgs/msg/detail/gps_group__rosidl_typesupport_introspection_c.h
[2.160s] -- Up-to-date: /root/Lunar_ROADSTER/lr_ws/install/vectornav_msgs/include/vectornav_msgs/vectornav_msgs/msg/detail/gps_group__type_support.c
[2.161s] -- Up-to-date: /root/Lunar_ROADSTER/lr_ws/install/vectornav_msgs/include/vectornav_msgs/vectornav_msgs/msg/detail/imu_group__rosidl_typesupport_introspection_c.h
[2.161s] -- Up-to-date: /root/Lunar_ROADSTER/lr_ws/install/vectornav_msgs/include/vectornav_msgs/vectornav_msgs/msg/detail/imu_group__type_support.c
[2.161s] -- Up-to-date: /root/Lunar_ROADSTER/lr_ws/install/vectornav_msgs/include/vectornav_msgs/vectornav_msgs/msg/detail/ins_group__rosidl_typesupport_introspection_c.h
[2.162s] -- Up-to-date: /root/Lunar_ROADSTER/lr_ws/install/vectornav_msgs/include/vectornav_msgs/vectornav_msgs/msg/detail/ins_group__type_support.c
[2.162s] -- Up-to-date: /root/Lunar_ROADSTER/lr_ws/install/vectornav_msgs/include/vectornav_msgs/vectornav_msgs/msg/detail/ins_status__rosidl_typesupport_introspection_c.h
[2.162s] -- Up-to-date: /root/Lunar_ROADSTER/lr_ws/install/vectornav_msgs/include/vectornav_msgs/vectornav_msgs/msg/detail/ins_status__type_support.c
[2.163s] -- Up-to-date: /root/Lunar_ROADSTER/lr_ws/install/vectornav_msgs/include/vectornav_msgs/vectornav_msgs/msg/detail/time_group__rosidl_typesupport_introspection_c.h
[2.163s] -- Up-to-date: /root/Lunar_ROADSTER/lr_ws/install/vectornav_msgs/include/vectornav_msgs/vectornav_msgs/msg/detail/time_group__type_support.c
[2.163s] -- Up-to-date: /root/Lunar_ROADSTER/lr_ws/install/vectornav_msgs/include/vectornav_msgs/vectornav_msgs/msg/detail/time_status__rosidl_typesupport_introspection_c.h
[2.164s] -- Up-to-date: /root/Lunar_ROADSTER/lr_ws/install/vectornav_msgs/include/vectornav_msgs/vectornav_msgs/msg/detail/time_status__type_support.c
[2.164s] -- Up-to-date: /root/Lunar_ROADSTER/lr_ws/install/vectornav_msgs/include/vectornav_msgs/vectornav_msgs/msg/detail/time_utc__rosidl_typesupport_introspection_c.h
[2.165s] -- Up-to-date: /root/Lunar_ROADSTER/lr_ws/install/vectornav_msgs/include/vectornav_msgs/vectornav_msgs/msg/detail/time_utc__type_support.c
[2.165s] -- Up-to-date: /root/Lunar_ROADSTER/lr_ws/install/vectornav_msgs/include/vectornav_msgs/vectornav_msgs/msg/detail/vpe_status__rosidl_typesupport_introspection_c.h
[2.166s] -- Up-to-date: /root/Lunar_ROADSTER/lr_ws/install/vectornav_msgs/include/vectornav_msgs/vectornav_msgs/msg/detail/vpe_status__type_support.c
[2.166s] -- Up-to-date: /root/Lunar_ROADSTER/lr_ws/install/vectornav_msgs/include/vectornav_msgs/vectornav_msgs/msg/rosidl_typesupport_introspection_c__visibility_control.h
[2.167s] -- Up-to-date: /root/Lunar_ROADSTER/lr_ws/install/vectornav_msgs/include/vectornav_msgs/vectornav_msgs/action
[2.168s] -- Up-to-date: /root/Lunar_ROADSTER/lr_ws/install/vectornav_msgs/include/vectornav_msgs/vectornav_msgs/action/detail
[2.169s] -- Up-to-date: /root/Lunar_ROADSTER/lr_ws/install/vectornav_msgs/include/vectornav_msgs/vectornav_msgs/action/detail/mag_cal__rosidl_typesupport_introspection_c.h
[2.169s] -- Up-to-date: /root/Lunar_ROADSTER/lr_ws/install/vectornav_msgs/include/vectornav_msgs/vectornav_msgs/action/detail/mag_cal__type_support.c
[2.169s] -- Up-to-date: /root/Lunar_ROADSTER/lr_ws/install/vectornav_msgs/lib/libvectornav_msgs__rosidl_typesupport_introspection_c.so
[2.170s] -- Up-to-date: /root/Lunar_ROADSTER/lr_ws/install/vectornav_msgs/lib/libvectornav_msgs__rosidl_typesupport_c.so
[2.170s] -- Up-to-date: /root/Lunar_ROADSTER/lr_ws/install/vectornav_msgs/include/vectornav_msgs/vectornav_msgs
[2.170s] -- Up-to-date: /root/Lunar_ROADSTER/lr_ws/install/vectornav_msgs/include/vectornav_msgs/vectornav_msgs/msg
[2.172s] -- Up-to-date: /root/Lunar_ROADSTER/lr_ws/install/vectornav_msgs/include/vectornav_msgs/vectornav_msgs/msg/detail
[2.173s] -- Up-to-date: /root/Lunar_ROADSTER/lr_ws/install/vectornav_msgs/include/vectornav_msgs/vectornav_msgs/msg/detail/attitude_group__rosidl_typesupport_introspection_cpp.hpp
[2.173s] -- Up-to-date: /root/Lunar_ROADSTER/lr_ws/install/vectornav_msgs/include/vectornav_msgs/vectornav_msgs/msg/detail/attitude_group__type_support.cpp
[2.173s] -- Up-to-date: /root/Lunar_ROADSTER/lr_ws/install/vectornav_msgs/include/vectornav_msgs/vectornav_msgs/msg/detail/common_group__rosidl_typesupport_introspection_cpp.hpp
[2.175s] -- Up-to-date: /root/Lunar_ROADSTER/lr_ws/install/vectornav_msgs/include/vectornav_msgs/vectornav_msgs/msg/detail/common_group__type_support.cpp
[2.175s] -- Up-to-date: /root/Lunar_ROADSTER/lr_ws/install/vectornav_msgs/include/vectornav_msgs/vectornav_msgs/msg/detail/dop__rosidl_typesupport_introspection_cpp.hpp
[2.175s] -- Up-to-date: /root/Lunar_ROADSTER/lr_ws/install/vectornav_msgs/include/vectornav_msgs/vectornav_msgs/msg/detail/dop__type_support.cpp
[2.176s] -- Up-to-date: /root/Lunar_ROADSTER/lr_ws/install/vectornav_msgs/include/vectornav_msgs/vectornav_msgs/msg/detail/gps_group__rosidl_typesupport_introspection_cpp.hpp
[2.176s] -- Up-to-date: /root/Lunar_ROADSTER/lr_ws/install/vectornav_msgs/include/vectornav_msgs/vectornav_msgs/msg/detail/gps_group__type_support.cpp
[2.176s] -- Up-to-date: /root/Lunar_ROADSTER/lr_ws/install/vectornav_msgs/include/vectornav_msgs/vectornav_msgs/msg/detail/imu_group__rosidl_typesupport_introspection_cpp.hpp
[2.177s] -- Up-to-date: /root/Lunar_ROADSTER/lr_ws/install/vectornav_msgs/include/vectornav_msgs/vectornav_msgs/msg/detail/imu_group__type_support.cpp
[2.177s] -- Up-to-date: /root/Lunar_ROADSTER/lr_ws/install/vectornav_msgs/include/vectornav_msgs/vectornav_msgs/msg/detail/ins_group__rosidl_typesupport_introspection_cpp.hpp
[2.177s] -- Up-to-date: /root/Lunar_ROADSTER/lr_ws/install/vectornav_msgs/include/vectornav_msgs/vectornav_msgs/msg/detail/ins_group__type_support.cpp
[2.178s] -- Up-to-date: /root/Lunar_ROADSTER/lr_ws/install/vectornav_msgs/include/vectornav_msgs/vectornav_msgs/msg/detail/ins_status__rosidl_typesupport_introspection_cpp.hpp
[2.181s] -- Up-to-date: /root/Lunar_ROADSTER/lr_ws/install/vectornav_msgs/include/vectornav_msgs/vectornav_msgs/msg/detail/ins_status__type_support.cpp
[2.181s] -- Up-to-date: /root/Lunar_ROADSTER/lr_ws/install/vectornav_msgs/include/vectornav_msgs/vectornav_msgs/msg/detail/time_group__rosidl_typesupport_introspection_cpp.hpp
[2.181s] -- Up-to-date: /root/Lunar_ROADSTER/lr_ws/install/vectornav_msgs/include/vectornav_msgs/vectornav_msgs/msg/detail/time_group__type_support.cpp
[2.182s] -- Up-to-date: /root/Lunar_ROADSTER/lr_ws/install/vectornav_msgs/include/vectornav_msgs/vectornav_msgs/msg/detail/time_status__rosidl_typesupport_introspection_cpp.hpp
[2.182s] -- Up-to-date: /root/Lunar_ROADSTER/lr_ws/install/vectornav_msgs/include/vectornav_msgs/vectornav_msgs/msg/detail/time_status__type_support.cpp
[2.182s] -- Up-to-date: /root/Lunar_ROADSTER/lr_ws/install/vectornav_msgs/include/vectornav_msgs/vectornav_msgs/msg/detail/time_utc__rosidl_typesupport_introspection_cpp.hpp
[2.183s] -- Up-to-date: /root/Lunar_ROADSTER/lr_ws/install/vectornav_msgs/include/vectornav_msgs/vectornav_msgs/msg/detail/time_utc__type_support.cpp
[2.183s] -- Up-to-date: /root/Lunar_ROADSTER/lr_ws/install/vectornav_msgs/include/vectornav_msgs/vectornav_msgs/msg/detail/vpe_status__rosidl_typesupport_introspection_cpp.hpp
[2.183s] -- Up-to-date: /root/Lunar_ROADSTER/lr_ws/install/vectornav_msgs/include/vectornav_msgs/vectornav_msgs/msg/detail/vpe_status__type_support.cpp
[2.183s] -- Up-to-date: /root/Lunar_ROADSTER/lr_ws/install/vectornav_msgs/include/vectornav_msgs/vectornav_msgs/action
[2.184s] -- Up-to-date: /root/Lunar_ROADSTER/lr_ws/install/vectornav_msgs/include/vectornav_msgs/vectornav_msgs/action/detail
[2.184s] -- Up-to-date: /root/Lunar_ROADSTER/lr_ws/install/vectornav_msgs/include/vectornav_msgs/vectornav_msgs/action/detail/mag_cal__rosidl_typesupport_introspection_cpp.hpp
[2.185s] -- Up-to-date: /root/Lunar_ROADSTER/lr_ws/install/vectornav_msgs/include/vectornav_msgs/vectornav_msgs/action/detail/mag_cal__type_support.cpp
[2.186s] -- Up-to-date: /root/Lunar_ROADSTER/lr_ws/install/vectornav_msgs/lib/libvectornav_msgs__rosidl_typesupport_introspection_cpp.so
[2.188s] -- Up-to-date: /root/Lunar_ROADSTER/lr_ws/install/vectornav_msgs/lib/libvectornav_msgs__rosidl_typesupport_cpp.so
[2.192s] -- Up-to-date: /root/Lunar_ROADSTER/lr_ws/install/vectornav_msgs/share/vectornav_msgs/environment/pythonpath.sh
[2.193s] -- Up-to-date: /root/Lunar_ROADSTER/lr_ws/install/vectornav_msgs/share/vectornav_msgs/environment/pythonpath.dsv
[2.194s] -- Up-to-date: /root/Lunar_ROADSTER/lr_ws/install/vectornav_msgs/local/lib/python3.10/dist-packages/vectornav_msgs-3.0.0-py3.10.egg-info
[2.198s] -- Installing: /root/Lunar_ROADSTER/lr_ws/install/vectornav_msgs/local/lib/python3.10/dist-packages/vectornav_msgs-3.0.0-py3.10.egg-info/PKG-INFO
[2.203s] -- Installing: /root/Lunar_ROADSTER/lr_ws/install/vectornav_msgs/local/lib/python3.10/dist-packages/vectornav_msgs-3.0.0-py3.10.egg-info/dependency_links.txt
[2.205s] -- Installing: /root/Lunar_ROADSTER/lr_ws/install/vectornav_msgs/local/lib/python3.10/dist-packages/vectornav_msgs-3.0.0-py3.10.egg-info/top_level.txt
[2.209s] -- Installing: /root/Lunar_ROADSTER/lr_ws/install/vectornav_msgs/local/lib/python3.10/dist-packages/vectornav_msgs-3.0.0-py3.10.egg-info/SOURCES.txt
[2.217s] -- Up-to-date: /root/Lunar_ROADSTER/lr_ws/install/vectornav_msgs/local/lib/python3.10/dist-packages/vectornav_msgs
[2.220s] -- Up-to-date: /root/Lunar_ROADSTER/lr_ws/install/vectornav_msgs/local/lib/python3.10/dist-packages/vectornav_msgs/__init__.py
[2.220s] -- Up-to-date: /root/Lunar_ROADSTER/lr_ws/install/vectornav_msgs/local/lib/python3.10/dist-packages/vectornav_msgs/msg
[2.223s] -- Up-to-date: /root/Lunar_ROADSTER/lr_ws/install/vectornav_msgs/local/lib/python3.10/dist-packages/vectornav_msgs/msg/_attitude_group.py
[2.223s] -- Up-to-date: /root/Lunar_ROADSTER/lr_ws/install/vectornav_msgs/local/lib/python3.10/dist-packages/vectornav_msgs/msg/_attitude_group_s.c
[2.224s] -- Up-to-date: /root/Lunar_ROADSTER/lr_ws/install/vectornav_msgs/local/lib/python3.10/dist-packages/vectornav_msgs/msg/_common_group.py
[2.225s] -- Up-to-date: /root/Lunar_ROADSTER/lr_ws/install/vectornav_msgs/local/lib/python3.10/dist-packages/vectornav_msgs/msg/_common_group_s.c
[2.226s] -- Up-to-date: /root/Lunar_ROADSTER/lr_ws/install/vectornav_msgs/local/lib/python3.10/dist-packages/vectornav_msgs/msg/_dop.py
[2.226s] -- Up-to-date: /root/Lunar_ROADSTER/lr_ws/install/vectornav_msgs/local/lib/python3.10/dist-packages/vectornav_msgs/msg/_dop_s.c
[2.230s] -- Up-to-date: /root/Lunar_ROADSTER/lr_ws/install/vectornav_msgs/local/lib/python3.10/dist-packages/vectornav_msgs/msg/_gps_group.py
[2.233s] -- Up-to-date: /root/Lunar_ROADSTER/lr_ws/install/vectornav_msgs/local/lib/python3.10/dist-packages/vectornav_msgs/msg/_gps_group_s.c
[2.233s] -- Up-to-date: /root/Lunar_ROADSTER/lr_ws/install/vectornav_msgs/local/lib/python3.10/dist-packages/vectornav_msgs/msg/_imu_group.py
[2.235s] -- Up-to-date: /root/Lunar_ROADSTER/lr_ws/install/vectornav_msgs/local/lib/python3.10/dist-packages/vectornav_msgs/msg/_imu_group_s.c
[2.235s] -- Up-to-date: /root/Lunar_ROADSTER/lr_ws/install/vectornav_msgs/local/lib/python3.10/dist-packages/vectornav_msgs/msg/_ins_group.py
[2.236s] -- Up-to-date: /root/Lunar_ROADSTER/lr_ws/install/vectornav_msgs/local/lib/python3.10/dist-packages/vectornav_msgs/msg/_ins_group_s.c
[2.237s] -- Up-to-date: /root/Lunar_ROADSTER/lr_ws/install/vectornav_msgs/local/lib/python3.10/dist-packages/vectornav_msgs/msg/_ins_status.py
[2.237s] -- Up-to-date: /root/Lunar_ROADSTER/lr_ws/install/vectornav_msgs/local/lib/python3.10/dist-packages/vectornav_msgs/msg/_ins_status_s.c
[2.238s] -- Up-to-date: /root/Lunar_ROADSTER/lr_ws/install/vectornav_msgs/local/lib/python3.10/dist-packages/vectornav_msgs/msg/_time_group.py
[2.240s] -- Up-to-date: /root/Lunar_ROADSTER/lr_ws/install/vectornav_msgs/local/lib/python3.10/dist-packages/vectornav_msgs/msg/_time_group_s.c
[2.240s] -- Up-to-date: /root/Lunar_ROADSTER/lr_ws/install/vectornav_msgs/local/lib/python3.10/dist-packages/vectornav_msgs/msg/_time_status.py
[2.241s] -- Up-to-date: /root/Lunar_ROADSTER/lr_ws/install/vectornav_msgs/local/lib/python3.10/dist-packages/vectornav_msgs/msg/_time_status_s.c
[2.242s] -- Up-to-date: /root/Lunar_ROADSTER/lr_ws/install/vectornav_msgs/local/lib/python3.10/dist-packages/vectornav_msgs/msg/_time_utc.py
[2.242s] -- Up-to-date: /root/Lunar_ROADSTER/lr_ws/install/vectornav_msgs/local/lib/python3.10/dist-packages/vectornav_msgs/msg/_time_utc_s.c
[2.243s] -- Up-to-date: /root/Lunar_ROADSTER/lr_ws/install/vectornav_msgs/local/lib/python3.10/dist-packages/vectornav_msgs/msg/_vpe_status.py
[2.245s] -- Up-to-date: /root/Lunar_ROADSTER/lr_ws/install/vectornav_msgs/local/lib/python3.10/dist-packages/vectornav_msgs/msg/_vpe_status_s.c
[2.246s] -- Up-to-date: /root/Lunar_ROADSTER/lr_ws/install/vectornav_msgs/local/lib/python3.10/dist-packages/vectornav_msgs/msg/__init__.py
[2.246s] -- Up-to-date: /root/Lunar_ROADSTER/lr_ws/install/vectornav_msgs/local/lib/python3.10/dist-packages/vectornav_msgs/action
[2.250s] -- Up-to-date: /root/Lunar_ROADSTER/lr_ws/install/vectornav_msgs/local/lib/python3.10/dist-packages/vectornav_msgs/action/_mag_cal.py
[2.251s] -- Up-to-date: /root/Lunar_ROADSTER/lr_ws/install/vectornav_msgs/local/lib/python3.10/dist-packages/vectornav_msgs/action/_mag_cal_s.c
[2.252s] -- Up-to-date: /root/Lunar_ROADSTER/lr_ws/install/vectornav_msgs/local/lib/python3.10/dist-packages/vectornav_msgs/action/__init__.py
[2.255s] -- Up-to-date: /root/Lunar_ROADSTER/lr_ws/install/vectornav_msgs/local/lib/python3.10/dist-packages/vectornav_msgs/_vectornav_msgs_s.ep.rosidl_typesupport_fastrtps_c.c
[2.256s] -- Up-to-date: /root/Lunar_ROADSTER/lr_ws/install/vectornav_msgs/local/lib/python3.10/dist-packages/vectornav_msgs/_vectornav_msgs_s.ep.rosidl_typesupport_introspection_c.c
[2.258s] -- Up-to-date: /root/Lunar_ROADSTER/lr_ws/install/vectornav_msgs/local/lib/python3.10/dist-packages/vectornav_msgs/_vectornav_msgs_s.ep.rosidl_typesupport_c.c
[2.260s] -- Up-to-date: /root/Lunar_ROADSTER/lr_ws/install/vectornav_msgs/local/lib/python3.10/dist-packages/vectornav_msgs/libvectornav_msgs__rosidl_generator_py.so
[2.260s] -- Up-to-date: /root/Lunar_ROADSTER/lr_ws/install/vectornav_msgs/local/lib/python3.10/dist-packages/vectornav_msgs/vectornav_msgs_s__rosidl_typesupport_fastrtps_c.cpython-310-aarch64-linux-gnu.so
[2.261s] -- Up-to-date: /root/Lunar_ROADSTER/lr_ws/install/vectornav_msgs/local/lib/python3.10/dist-packages/vectornav_msgs/vectornav_msgs_s__rosidl_typesupport_c.cpython-310-aarch64-linux-gnu.so
[2.261s] -- Up-to-date: /root/Lunar_ROADSTER/lr_ws/install/vectornav_msgs/local/lib/python3.10/dist-packages/vectornav_msgs/vectornav_msgs_s__rosidl_typesupport_introspection_c.cpython-310-aarch64-linux-gnu.so
[2.339s] Listing '/root/Lunar_ROADSTER/lr_ws/install/vectornav_msgs/local/lib/python3.10/dist-packages/vectornav_msgs'...
[2.340s] Listing '/root/Lunar_ROADSTER/lr_ws/install/vectornav_msgs/local/lib/python3.10/dist-packages/vectornav_msgs/action'...
[2.340s] Listing '/root/Lunar_ROADSTER/lr_ws/install/vectornav_msgs/local/lib/python3.10/dist-packages/vectornav_msgs/msg'...
[2.346s] -- Up-to-date: /root/Lunar_ROADSTER/lr_ws/install/vectornav_msgs/local/lib/python3.10/dist-packages/vectornav_msgs/vectornav_msgs_s__rosidl_typesupport_fastrtps_c.cpython-310-aarch64-linux-gnu.so
[2.348s] -- Up-to-date: /root/Lunar_ROADSTER/lr_ws/install/vectornav_msgs/local/lib/python3.10/dist-packages/vectornav_msgs/vectornav_msgs_s__rosidl_typesupport_introspection_c.cpython-310-aarch64-linux-gnu.so
[2.354s] -- Up-to-date: /root/Lunar_ROADSTER/lr_ws/install/vectornav_msgs/local/lib/python3.10/dist-packages/vectornav_msgs/vectornav_msgs_s__rosidl_typesupport_c.cpython-310-aarch64-linux-gnu.so
[2.355s] -- Up-to-date: /root/Lunar_ROADSTER/lr_ws/install/vectornav_msgs/lib/libvectornav_msgs__rosidl_generator_py.so
[2.356s] -- Up-to-date: /root/Lunar_ROADSTER/lr_ws/install/vectornav_msgs/share/vectornav_msgs/msg/AttitudeGroup.idl
[2.356s] -- Up-to-date: /root/Lunar_ROADSTER/lr_ws/install/vectornav_msgs/share/vectornav_msgs/msg/CommonGroup.idl
[2.357s] -- Up-to-date: /root/Lunar_ROADSTER/lr_ws/install/vectornav_msgs/share/vectornav_msgs/msg/DOP.idl
[2.357s] -- Up-to-date: /root/Lunar_ROADSTER/lr_ws/install/vectornav_msgs/share/vectornav_msgs/msg/GpsGroup.idl
[2.358s] -- Up-to-date: /root/Lunar_ROADSTER/lr_ws/install/vectornav_msgs/share/vectornav_msgs/msg/ImuGroup.idl
[2.358s] -- Up-to-date: /root/Lunar_ROADSTER/lr_ws/install/vectornav_msgs/share/vectornav_msgs/msg/InsGroup.idl
[2.358s] -- Up-to-date: /root/Lunar_ROADSTER/lr_ws/install/vectornav_msgs/share/vectornav_msgs/msg/InsStatus.idl
[2.367s] -- Up-to-date: /root/Lunar_ROADSTER/lr_ws/install/vectornav_msgs/share/vectornav_msgs/msg/TimeGroup.idl
[2.372s] -- Up-to-date: /root/Lunar_ROADSTER/lr_ws/install/vectornav_msgs/share/vectornav_msgs/msg/TimeStatus.idl
[2.372s] -- Up-to-date: /root/Lunar_ROADSTER/lr_ws/install/vectornav_msgs/share/vectornav_msgs/msg/TimeUTC.idl
[2.373s] -- Up-to-date: /root/Lunar_ROADSTER/lr_ws/install/vectornav_msgs/share/vectornav_msgs/msg/VpeStatus.idl
[2.374s] -- Up-to-date: /root/Lunar_ROADSTER/lr_ws/install/vectornav_msgs/share/vectornav_msgs/action/MagCal.idl
[2.375s] -- Up-to-date: /root/Lunar_ROADSTER/lr_ws/install/vectornav_msgs/share/vectornav_msgs/msg/AttitudeGroup.msg
[2.375s] -- Up-to-date: /root/Lunar_ROADSTER/lr_ws/install/vectornav_msgs/share/vectornav_msgs/msg/CommonGroup.msg
[2.376s] -- Up-to-date: /root/Lunar_ROADSTER/lr_ws/install/vectornav_msgs/share/vectornav_msgs/msg/DOP.msg
[2.381s] -- Up-to-date: /root/Lunar_ROADSTER/lr_ws/install/vectornav_msgs/share/vectornav_msgs/msg/GpsGroup.msg
[2.382s] -- Up-to-date: /root/Lunar_ROADSTER/lr_ws/install/vectornav_msgs/share/vectornav_msgs/msg/ImuGroup.msg
[2.382s] -- Up-to-date: /root/Lunar_ROADSTER/lr_ws/install/vectornav_msgs/share/vectornav_msgs/msg/InsGroup.msg
[2.383s] -- Up-to-date: /root/Lunar_ROADSTER/lr_ws/install/vectornav_msgs/share/vectornav_msgs/msg/InsStatus.msg
[2.384s] -- Up-to-date: /root/Lunar_ROADSTER/lr_ws/install/vectornav_msgs/share/vectornav_msgs/msg/TimeGroup.msg
[2.384s] -- Up-to-date: /root/Lunar_ROADSTER/lr_ws/install/vectornav_msgs/share/vectornav_msgs/msg/TimeStatus.msg
[2.385s] -- Up-to-date: /root/Lunar_ROADSTER/lr_ws/install/vectornav_msgs/share/vectornav_msgs/msg/TimeUTC.msg
[2.385s] -- Up-to-date: /root/Lunar_ROADSTER/lr_ws/install/vectornav_msgs/share/vectornav_msgs/msg/VpeStatus.msg
[2.385s] -- Up-to-date: /root/Lunar_ROADSTER/lr_ws/install/vectornav_msgs/share/vectornav_msgs/action/MagCal.action
[2.386s] -- Up-to-date: /root/Lunar_ROADSTER/lr_ws/install/vectornav_msgs/share/ament_index/resource_index/package_run_dependencies/vectornav_msgs
[2.387s] -- Up-to-date: /root/Lunar_ROADSTER/lr_ws/install/vectornav_msgs/share/ament_index/resource_index/parent_prefix_path/vectornav_msgs
[2.387s] -- Up-to-date: /root/Lunar_ROADSTER/lr_ws/install/vectornav_msgs/share/vectornav_msgs/environment/ament_prefix_path.sh
[2.388s] -- Up-to-date: /root/Lunar_ROADSTER/lr_ws/install/vectornav_msgs/share/vectornav_msgs/environment/ament_prefix_path.dsv
[2.388s] -- Up-to-date: /root/Lunar_ROADSTER/lr_ws/install/vectornav_msgs/share/vectornav_msgs/environment/path.sh
[2.388s] -- Up-to-date: /root/Lunar_ROADSTER/lr_ws/install/vectornav_msgs/share/vectornav_msgs/environment/path.dsv
[2.389s] -- Up-to-date: /root/Lunar_ROADSTER/lr_ws/install/vectornav_msgs/share/vectornav_msgs/local_setup.bash
[2.389s] -- Up-to-date: /root/Lunar_ROADSTER/lr_ws/install/vectornav_msgs/share/vectornav_msgs/local_setup.sh
[2.389s] -- Up-to-date: /root/Lunar_ROADSTER/lr_ws/install/vectornav_msgs/share/vectornav_msgs/local_setup.zsh
[2.390s] -- Up-to-date: /root/Lunar_ROADSTER/lr_ws/install/vectornav_msgs/share/vectornav_msgs/local_setup.dsv
[2.390s] -- Installing: /root/Lunar_ROADSTER/lr_ws/install/vectornav_msgs/share/vectornav_msgs/package.dsv
[2.390s] -- Up-to-date: /root/Lunar_ROADSTER/lr_ws/install/vectornav_msgs/share/ament_index/resource_index/packages/vectornav_msgs
[2.391s] -- Up-to-date: /root/Lunar_ROADSTER/lr_ws/install/vectornav_msgs/share/vectornav_msgs/cmake/export_vectornav_msgs__rosidl_generator_cExport.cmake
[2.391s] -- Up-to-date: /root/Lunar_ROADSTER/lr_ws/install/vectornav_msgs/share/vectornav_msgs/cmake/export_vectornav_msgs__rosidl_generator_cExport-noconfig.cmake
[2.391s] -- Up-to-date: /root/Lunar_ROADSTER/lr_ws/install/vectornav_msgs/share/vectornav_msgs/cmake/export_vectornav_msgs__rosidl_typesupport_fastrtps_cExport.cmake
[2.391s] -- Up-to-date: /root/Lunar_ROADSTER/lr_ws/install/vectornav_msgs/share/vectornav_msgs/cmake/export_vectornav_msgs__rosidl_typesupport_fastrtps_cExport-noconfig.cmake
[2.392s] -- Up-to-date: /root/Lunar_ROADSTER/lr_ws/install/vectornav_msgs/share/vectornav_msgs/cmake/export_vectornav_msgs__rosidl_generator_cppExport.cmake
[2.392s] -- Up-to-date: /root/Lunar_ROADSTER/lr_ws/install/vectornav_msgs/share/vectornav_msgs/cmake/export_vectornav_msgs__rosidl_typesupport_fastrtps_cppExport.cmake
[2.392s] -- Up-to-date: /root/Lunar_ROADSTER/lr_ws/install/vectornav_msgs/share/vectornav_msgs/cmake/export_vectornav_msgs__rosidl_typesupport_fastrtps_cppExport-noconfig.cmake
[2.393s] -- Up-to-date: /root/Lunar_ROADSTER/lr_ws/install/vectornav_msgs/share/vectornav_msgs/cmake/vectornav_msgs__rosidl_typesupport_introspection_cExport.cmake
[2.393s] -- Up-to-date: /root/Lunar_ROADSTER/lr_ws/install/vectornav_msgs/share/vectornav_msgs/cmake/vectornav_msgs__rosidl_typesupport_introspection_cExport-noconfig.cmake
[2.394s] -- Up-to-date: /root/Lunar_ROADSTER/lr_ws/install/vectornav_msgs/share/vectornav_msgs/cmake/vectornav_msgs__rosidl_typesupport_cExport.cmake
[2.394s] -- Up-to-date: /root/Lunar_ROADSTER/lr_ws/install/vectornav_msgs/share/vectornav_msgs/cmake/vectornav_msgs__rosidl_typesupport_cExport-noconfig.cmake
[2.394s] -- Up-to-date: /root/Lunar_ROADSTER/lr_ws/install/vectornav_msgs/share/vectornav_msgs/cmake/vectornav_msgs__rosidl_typesupport_introspection_cppExport.cmake
[2.395s] -- Up-to-date: /root/Lunar_ROADSTER/lr_ws/install/vectornav_msgs/share/vectornav_msgs/cmake/vectornav_msgs__rosidl_typesupport_introspection_cppExport-noconfig.cmake
[2.395s] -- Up-to-date: /root/Lunar_ROADSTER/lr_ws/install/vectornav_msgs/share/vectornav_msgs/cmake/vectornav_msgs__rosidl_typesupport_cppExport.cmake
[2.395s] -- Up-to-date: /root/Lunar_ROADSTER/lr_ws/install/vectornav_msgs/share/vectornav_msgs/cmake/vectornav_msgs__rosidl_typesupport_cppExport-noconfig.cmake
[2.396s] -- Up-to-date: /root/Lunar_ROADSTER/lr_ws/install/vectornav_msgs/share/vectornav_msgs/cmake/export_vectornav_msgs__rosidl_generator_pyExport.cmake
[2.396s] -- Up-to-date: /root/Lunar_ROADSTER/lr_ws/install/vectornav_msgs/share/vectornav_msgs/cmake/export_vectornav_msgs__rosidl_generator_pyExport-noconfig.cmake
[2.397s] -- Up-to-date: /root/Lunar_ROADSTER/lr_ws/install/vectornav_msgs/share/vectornav_msgs/cmake/rosidl_cmake-extras.cmake
[2.397s] -- Up-to-date: /root/Lunar_ROADSTER/lr_ws/install/vectornav_msgs/share/vectornav_msgs/cmake/ament_cmake_export_dependencies-extras.cmake
[2.397s] -- Up-to-date: /root/Lunar_ROADSTER/lr_ws/install/vectornav_msgs/share/vectornav_msgs/cmake/ament_cmake_export_include_directories-extras.cmake
[2.398s] -- Up-to-date: /root/Lunar_ROADSTER/lr_ws/install/vectornav_msgs/share/vectornav_msgs/cmake/ament_cmake_export_libraries-extras.cmake
[2.398s] -- Up-to-date: /root/Lunar_ROADSTER/lr_ws/install/vectornav_msgs/share/vectornav_msgs/cmake/ament_cmake_export_targets-extras.cmake
[2.398s] -- Up-to-date: /root/Lunar_ROADSTER/lr_ws/install/vectornav_msgs/share/vectornav_msgs/cmake/rosidl_cmake_export_typesupport_targets-extras.cmake
[2.399s] -- Up-to-date: /root/Lunar_ROADSTER/lr_ws/install/vectornav_msgs/share/vectornav_msgs/cmake/rosidl_cmake_export_typesupport_libraries-extras.cmake
[2.399s] -- Up-to-date: /root/Lunar_ROADSTER/lr_ws/install/vectornav_msgs/share/vectornav_msgs/cmake/vectornav_msgsConfig.cmake
[2.399s] -- Up-to-date: /root/Lunar_ROADSTER/lr_ws/install/vectornav_msgs/share/vectornav_msgs/cmake/vectornav_msgsConfig-version.cmake
[2.400s] -- Up-to-date: /root/Lunar_ROADSTER/lr_ws/install/vectornav_msgs/share/vectornav_msgs/package.xml
[2.473s] Invoked command in '/root/Lunar_ROADSTER/lr_ws/build/vectornav_msgs' returned '0': CMAKE_PREFIX_PATH=${CMAKE_PREFIX_PATH}:/opt/ros/humble /usr/local/bin/cmake --install /root/Lunar_ROADSTER/lr_ws/build/vectornav_msgs
